fzqyfyncdnh >> Start >> 2020-10-04 00:01:23.402134

fzqyfyncdnh >> Image Returned >> 2020-10-04 00:01:23.405972

fzqyfyncdnh >> End >> 2020-10-04 00:01:23.571923

28rntbaohnd >> Start >> 2020-10-04 00:01:49.819021

28rntbaohnd >> Image Returned >> 2020-10-04 00:01:49.823232

28rntbaohnd >> End >> 2020-10-04 00:01:49.988284

fd7et6r0jt5 >> Start >> 2020-10-04 00:01:55.275751

fd7et6r0jt5 >> Image Returned >> 2020-10-04 00:01:55.276190

fd7et6r0jt5 >> End >> 2020-10-04 00:01:55.441191

q0em80jk3xe >> Start >> 2020-10-04 00:13:05.830125

q0em80jk3xe >> Image Returned >> 2020-10-04 00:13:05.834506

q0em80jk3xe >> End >> 2020-10-04 00:13:05.998167

sdn5ggupgmp >> Start >> 2020-10-04 00:13:50.029648

sdn5ggupgmp >> Image Returned >> 2020-10-04 00:13:50.034291

sdn5ggupgmp >> End >> 2020-10-04 00:13:50.264868

f82wwyzbf4p >> Start >> 2020-10-04 00:29:40.084515

f82wwyzbf4p >> Image Returned >> 2020-10-04 00:29:40.088134

f82wwyzbf4p >> End >> 2020-10-04 00:29:40.250596

b423citco25 >> Start >> 2020-10-04 00:30:07.159816

b423citco25 >> Image Returned >> 2020-10-04 00:30:07.164067

b423citco25 >> End >> 2020-10-04 00:30:07.380253

tggaoeiy7j2 >> Start >> 2020-10-04 00:52:41.598413

tggaoeiy7j2 >> Image Returned >> 2020-10-04 00:52:41.603054

tggaoeiy7j2 >> End >> 2020-10-04 00:52:41.758943

i6sfnzwupyn >> Start >> 2020-10-04 00:53:27.836817

i6sfnzwupyn >> Image Returned >> 2020-10-04 00:53:27.841370

i6sfnzwupyn >> End >> 2020-10-04 00:53:28.000314

g003z0gd6qv >> Start >> 2020-10-04 00:55:04.782192

g003z0gd6qv >> Image Returned >> 2020-10-04 00:55:04.786922

g003z0gd6qv >> End >> 2020-10-04 00:55:04.952698

mix5ecfurkm >> Start >> 2020-10-04 01:00:34.120944

mix5ecfurkm >> Image Returned >> 2020-10-04 01:00:34.126061

mix5ecfurkm >> End >> 2020-10-04 01:00:34.289300

zd43koj2srb >> Start >> 2020-10-04 01:01:13.241333

zd43koj2srb >> Image Returned >> 2020-10-04 01:01:13.245282

zd43koj2srb >> End >> 2020-10-04 01:01:13.435192

520sghe2nwz >> Start >> 2020-10-04 01:07:23.217015

520sghe2nwz >> Image Returned >> 2020-10-04 01:07:23.221110

520sghe2nwz >> End >> 2020-10-04 01:07:23.411204

ofzapoe2xqd >> Start >> 2020-10-04 01:08:08.727133

ofzapoe2xqd >> Image Returned >> 2020-10-04 01:08:08.731275

ofzapoe2xqd >> End >> 2020-10-04 01:08:08.892123

rt685seru8u >> Start >> 2020-10-04 01:11:00.763436

rt685seru8u >> Image Returned >> 2020-10-04 01:11:00.769043

rt685seru8u >> End >> 2020-10-04 01:11:00.931015

a6dcdcybrah >> Start >> 2020-10-04 01:11:24.097954

a6dcdcybrah >> Image Returned >> 2020-10-04 01:11:24.101500

a6dcdcybrah >> End >> 2020-10-04 01:11:24.269113

vdchh5h8nyt >> Start >> 2020-10-04 01:16:08.314807

vdchh5h8nyt >> Image Returned >> 2020-10-04 01:16:08.318439

vdchh5h8nyt >> End >> 2020-10-04 01:16:08.479538

7nbo78y4efd >> Start >> 2020-10-04 01:16:43.075345

7nbo78y4efd >> Image Returned >> 2020-10-04 01:16:43.079260

7nbo78y4efd >> End >> 2020-10-04 01:16:43.273803

g0ic8c2kbd7 >> Start >> 2020-10-04 01:27:51.050654

g0ic8c2kbd7 >> Image Returned >> 2020-10-04 01:27:51.054728

g0ic8c2kbd7 >> End >> 2020-10-04 01:27:51.219922

vkhug2z6wpw >> Start >> 2020-10-04 01:28:42.098632

vkhug2z6wpw >> Image Returned >> 2020-10-04 01:28:42.102207

vkhug2z6wpw >> End >> 2020-10-04 01:28:42.289019

qwi2u6msbv4 >> Start >> 2020-10-04 01:49:10.320326

qwi2u6msbv4 >> Image Returned >> 2020-10-04 01:49:10.323966

qwi2u6msbv4 >> End >> 2020-10-04 01:49:10.483722

5q3rcgtihvh >> Start >> 2020-10-04 01:51:21.689007

5q3rcgtihvh >> Image Returned >> 2020-10-04 01:51:21.692573

5q3rcgtihvh >> End >> 2020-10-04 01:51:21.854780

p4dv2i0sss4 >> Start >> 2020-10-04 01:55:24.970334

p4dv2i0sss4 >> Image Returned >> 2020-10-04 01:55:24.974277

p4dv2i0sss4 >> End >> 2020-10-04 01:55:25.175052

tm7xt426fed >> Start >> 2020-10-04 02:38:08.343717

tm7xt426fed >> Image Returned >> 2020-10-04 02:38:08.347413

tm7xt426fed >> End >> 2020-10-04 02:38:08.511729

ja5skpw6ngo >> Start >> 2020-10-04 02:41:25.388082

ja5skpw6ngo >> Image Returned >> 2020-10-04 02:41:25.391999

ja5skpw6ngo >> End >> 2020-10-04 02:41:25.555636

anv3a0krg5k >> Start >> 2020-10-04 03:01:46.205111

anv3a0krg5k >> Image Returned >> 2020-10-04 03:01:46.208527

anv3a0krg5k >> End >> 2020-10-04 03:01:46.370822

5f0abdxkvm4 >> Start >> 2020-10-04 03:02:05.246978

5f0abdxkvm4 >> Image Returned >> 2020-10-04 03:02:05.250890

5f0abdxkvm4 >> End >> 2020-10-04 03:02:05.423105

0nv4uor0q4v >> Start >> 2020-10-04 03:06:39.622378

0nv4uor0q4v >> Image Returned >> 2020-10-04 03:06:39.626471

0nv4uor0q4v >> End >> 2020-10-04 03:06:39.834949

6tesjxmrgr6 >> Start >> 2020-10-04 03:28:03.466728

6tesjxmrgr6 >> Image Returned >> 2020-10-04 03:28:03.470204

6tesjxmrgr6 >> End >> 2020-10-04 03:28:03.631017

445ezgofsts >> Start >> 2020-10-04 03:52:04.058439

445ezgofsts >> Image Returned >> 2020-10-04 03:52:04.062215

445ezgofsts >> End >> 2020-10-04 03:52:04.227785

z8pqw4ckmrz >> Start >> 2020-10-04 04:01:46.763495

z8pqw4ckmrz >> Image Returned >> 2020-10-04 04:01:46.766947

z8pqw4ckmrz >> End >> 2020-10-04 04:01:46.934258

2wnzcjf5bhe >> Start >> 2020-10-04 04:02:05.920192

2wnzcjf5bhe >> Image Returned >> 2020-10-04 04:02:05.924014

2wnzcjf5bhe >> End >> 2020-10-04 04:02:06.087614

sqpovg5tn3o >> Start >> 2020-10-04 04:02:21.599251

sqpovg5tn3o >> Image Returned >> 2020-10-04 04:02:21.607758

sqpovg5tn3o >> End >> 2020-10-04 04:02:21.776995

7uckjju3k2w >> Start >> 2020-10-04 04:05:14.285520

7uckjju3k2w >> Image Returned >> 2020-10-04 04:05:14.288887

7uckjju3k2w >> End >> 2020-10-04 04:05:14.456403

w3bf8wjnzoi >> Start >> 2020-10-04 04:09:43.435152

w3bf8wjnzoi >> Image Returned >> 2020-10-04 04:09:43.438514

w3bf8wjnzoi >> End >> 2020-10-04 04:09:43.597630

d4pjpf3ffzc >> Start >> 2020-10-04 04:09:44.794230

d4pjpf3ffzc >> Image Returned >> 2020-10-04 04:09:44.794517

d4pjpf3ffzc >> End >> 2020-10-04 04:09:44.992219

xsb4dfxwvtp >> Start >> 2020-10-04 04:18:33.334808

xsb4dfxwvtp >> Image Returned >> 2020-10-04 04:18:33.338941

xsb4dfxwvtp >> End >> 2020-10-04 04:18:33.508429

aof6csc7h73 >> Start >> 2020-10-04 04:48:55.372210

aof6csc7h73 >> Image Returned >> 2020-10-04 04:48:55.376297

aof6csc7h73 >> End >> 2020-10-04 04:48:55.541177

v7xna0kjygs >> Start >> 2020-10-04 04:55:23.494765

v7xna0kjygs >> Image Returned >> 2020-10-04 04:55:23.499581

v7xna0kjygs >> End >> 2020-10-04 04:55:23.663990

sxihjojcjcb >> Start >> 2020-10-04 05:27:29.062354

sxihjojcjcb >> Image Returned >> 2020-10-04 05:27:29.066976

sxihjojcjcb >> End >> 2020-10-04 05:27:29.236573

37sqejdxhm7 >> Start >> 2020-10-04 05:40:22.567135

37sqejdxhm7 >> Image Returned >> 2020-10-04 05:40:22.571094

37sqejdxhm7 >> End >> 2020-10-04 05:40:22.726735

pgv0kynts7t >> Start >> 2020-10-04 05:43:44.711431

pgv0kynts7t >> Image Returned >> 2020-10-04 05:43:44.715174

pgv0kynts7t >> End >> 2020-10-04 05:43:44.885477

jgxob5hcizm >> Start >> 2020-10-04 06:01:34.846826

jgxob5hcizm >> Image Returned >> 2020-10-04 06:01:34.850338

jgxob5hcizm >> End >> 2020-10-04 06:01:35.010252

kar0apnuc5h >> Start >> 2020-10-04 06:13:41.392610

kar0apnuc5h >> Image Returned >> 2020-10-04 06:13:41.396560

kar0apnuc5h >> End >> 2020-10-04 06:13:41.573935

p7ywkqvft26 >> Start >> 2020-10-04 06:17:12.729016

p7ywkqvft26 >> Image Returned >> 2020-10-04 06:17:12.732402

p7ywkqvft26 >> End >> 2020-10-04 06:17:12.901452

vksejbcv8xv >> Start >> 2020-10-04 06:25:18.713119

vksejbcv8xv >> Image Returned >> 2020-10-04 06:25:18.717385

vksejbcv8xv >> End >> 2020-10-04 06:25:18.880717

rdaf7v4cvio >> Start >> 2020-10-04 06:34:52.945077

rdaf7v4cvio >> Image Returned >> 2020-10-04 06:34:52.948592

rdaf7v4cvio >> End >> 2020-10-04 06:34:53.108200

2tanxfso8sp >> Start >> 2020-10-04 06:46:29.126410

2tanxfso8sp >> Image Returned >> 2020-10-04 06:46:29.130450

2tanxfso8sp >> End >> 2020-10-04 06:46:29.287266

ot5q0dtune0 >> Start >> 2020-10-04 06:48:52.064980

ot5q0dtune0 >> Image Returned >> 2020-10-04 06:48:52.070386

ot5q0dtune0 >> End >> 2020-10-04 06:48:52.241898

dp0jixv4j4n >> Start >> 2020-10-04 06:58:47.827028

dp0jixv4j4n >> Image Returned >> 2020-10-04 06:58:47.832199

dp0jixv4j4n >> End >> 2020-10-04 06:58:48.010173

y67htdbbbjm >> Start >> 2020-10-04 07:10:38.559034

y67htdbbbjm >> Image Returned >> 2020-10-04 07:10:38.563117

y67htdbbbjm >> End >> 2020-10-04 07:10:38.732732

3d23p5fb2as >> Start >> 2020-10-04 07:20:46.984487

3d23p5fb2as >> Image Returned >> 2020-10-04 07:20:46.990111

3d23p5fb2as >> End >> 2020-10-04 07:20:47.154232

g3ik3eb8jjs >> Start >> 2020-10-04 07:23:25.342305

g3ik3eb8jjs >> Image Returned >> 2020-10-04 07:23:25.345995

g3ik3eb8jjs >> End >> 2020-10-04 07:23:25.756350

x3bt32f55ij >> Start >> 2020-10-04 07:28:00.874113

x3bt32f55ij >> Image Returned >> 2020-10-04 07:28:00.877938

x3bt32f55ij >> End >> 2020-10-04 07:28:01.037022

wmsog5udmen >> Start >> 2020-10-04 07:35:41.096343

wmsog5udmen >> Image Returned >> 2020-10-04 07:35:41.101232

wmsog5udmen >> End >> 2020-10-04 07:35:41.258426

mmfukn3bk8i >> Start >> 2020-10-04 07:43:43.989048

mmfukn3bk8i >> Image Returned >> 2020-10-04 07:43:43.992958

mmfukn3bk8i >> End >> 2020-10-04 07:43:44.155246

zxs8pookbzy >> Start >> 2020-10-04 07:46:08.872136

zxs8pookbzy >> Image Returned >> 2020-10-04 07:46:08.876236

zxs8pookbzy >> End >> 2020-10-04 07:46:09.039906

vm7dgu545zv >> Start >> 2020-10-04 07:47:23.200742

vm7dgu545zv >> Image Returned >> 2020-10-04 07:47:23.205070

vm7dgu545zv >> End >> 2020-10-04 07:47:23.370923

i7fwhsvmo26 >> Start >> 2020-10-04 07:49:38.119781

i7fwhsvmo26 >> Image Returned >> 2020-10-04 07:49:38.123800

i7fwhsvmo26 >> End >> 2020-10-04 07:49:38.291903

e3bw80rpk75 >> Start >> 2020-10-04 07:50:35.740511

e3bw80rpk75 >> Image Returned >> 2020-10-04 07:50:35.744612

e3bw80rpk75 >> End >> 2020-10-04 07:50:35.866013

kcfh5gb2wi3 >> Start >> 2020-10-04 07:51:26.644612

kcfh5gb2wi3 >> Image Returned >> 2020-10-04 07:51:26.648668

kcfh5gb2wi3 >> End >> 2020-10-04 07:51:26.807209

jgaryiexo2v >> Start >> 2020-10-04 07:56:09.557552

jgaryiexo2v >> Image Returned >> 2020-10-04 07:56:09.561583

jgaryiexo2v >> End >> 2020-10-04 07:56:09.723972

miyr38j2gfp >> Start >> 2020-10-04 07:56:32.826328

miyr38j2gfp >> Image Returned >> 2020-10-04 07:56:32.829835

miyr38j2gfp >> End >> 2020-10-04 07:56:32.989542

th4gej0pha7 >> Start >> 2020-10-04 07:58:36.406748

th4gej0pha7 >> Image Returned >> 2020-10-04 07:58:36.411009

th4gej0pha7 >> End >> 2020-10-04 07:58:36.579291

bvan4ef6hz7 >> Start >> 2020-10-04 08:11:46.124633

bvan4ef6hz7 >> Image Returned >> 2020-10-04 08:11:46.128777

bvan4ef6hz7 >> End >> 2020-10-04 08:11:46.298398

7aokjz2m7yj >> Start >> 2020-10-04 08:21:28.974885

7aokjz2m7yj >> Image Returned >> 2020-10-04 08:21:28.980082

7aokjz2m7yj >> End >> 2020-10-04 08:21:29.144789

kvvp43epf8h >> Start >> 2020-10-04 08:26:17.017764

kvvp43epf8h >> Image Returned >> 2020-10-04 08:26:17.021809

kvvp43epf8h >> End >> 2020-10-04 08:26:17.181332

4fhigyg38me >> Start >> 2020-10-04 08:41:27.297857

4fhigyg38me >> Image Returned >> 2020-10-04 08:41:27.301409

4fhigyg38me >> End >> 2020-10-04 08:41:27.464062

gischvjf2j7 >> Start >> 2020-10-04 08:51:21.905308

gischvjf2j7 >> Image Returned >> 2020-10-04 08:51:21.909708

gischvjf2j7 >> End >> 2020-10-04 08:51:22.109657

00dm2z7pwgw >> Start >> 2020-10-04 08:53:04.219541

00dm2z7pwgw >> Image Returned >> 2020-10-04 08:53:04.223294

00dm2z7pwgw >> End >> 2020-10-04 08:53:04.383022

utonhgj4xjo >> Start >> 2020-10-04 08:53:14.082906

utonhgj4xjo >> Image Returned >> 2020-10-04 08:53:14.083357

utonhgj4xjo >> End >> 2020-10-04 08:53:14.242908

swb8uey0qjs >> Start >> 2020-10-04 08:57:58.430972

swb8uey0qjs >> Image Returned >> 2020-10-04 08:57:58.435853

swb8uey0qjs >> End >> 2020-10-04 08:57:58.596849

8kfcxatzjux >> Start >> 2020-10-04 08:58:14.095237

8kfcxatzjux >> Image Returned >> 2020-10-04 08:58:14.099313

8kfcxatzjux >> End >> 2020-10-04 08:58:14.259927

hs0pd22u3te >> Start >> 2020-10-04 09:05:44.381223

hs0pd22u3te >> Image Returned >> 2020-10-04 09:05:44.385375

hs0pd22u3te >> End >> 2020-10-04 09:05:44.548508

wx6m6z25fxi >> Start >> 2020-10-04 09:05:56.149415

wx6m6z25fxi >> Image Returned >> 2020-10-04 09:05:56.153100

wx6m6z25fxi >> End >> 2020-10-04 09:05:56.315221

3fpu7wv3hyr >> Start >> 2020-10-04 09:10:32.533185

3fpu7wv3hyr >> Image Returned >> 2020-10-04 09:10:32.537164

3fpu7wv3hyr >> End >> 2020-10-04 09:10:32.701062

ojy2zbxuss7 >> Start >> 2020-10-04 09:12:56.532593

ojy2zbxuss7 >> Image Returned >> 2020-10-04 09:12:56.537456

ojy2zbxuss7 >> End >> 2020-10-04 09:12:56.700920

puk52k7tam2 >> Start >> 2020-10-04 09:29:38.451456

puk52k7tam2 >> Image Returned >> 2020-10-04 09:29:38.455671

puk52k7tam2 >> End >> 2020-10-04 09:29:38.623142

xbusukhpt47 >> Start >> 2020-10-04 09:39:02.254525

xbusukhpt47 >> Image Returned >> 2020-10-04 09:39:02.258136

xbusukhpt47 >> End >> 2020-10-04 09:39:02.429784

mt3rspax8ni >> Start >> 2020-10-04 09:49:55.646246

mt3rspax8ni >> Image Returned >> 2020-10-04 09:49:55.650396

mt3rspax8ni >> End >> 2020-10-04 09:49:55.818032

j7v8ph2zsnj >> Start >> 2020-10-04 09:52:53.688196

j7v8ph2zsnj >> Image Returned >> 2020-10-04 09:52:53.693068

j7v8ph2zsnj >> End >> 2020-10-04 09:52:53.893213

ntqx0k7kxn5 >> Start >> 2020-10-04 09:53:30.948818

ntqx0k7kxn5 >> Image Returned >> 2020-10-04 09:53:30.953003

ntqx0k7kxn5 >> End >> 2020-10-04 09:53:31.115720

y3ktnmw0sh5 >> Start >> 2020-10-04 09:53:57.783941

y3ktnmw0sh5 >> Image Returned >> 2020-10-04 09:53:57.787571

y3ktnmw0sh5 >> End >> 2020-10-04 09:53:57.948925

47nqakbiumd >> Start >> 2020-10-04 10:04:35.555428

47nqakbiumd >> Image Returned >> 2020-10-04 10:04:35.560823

47nqakbiumd >> End >> 2020-10-04 10:04:35.727801

5jafh83u6bh >> Start >> 2020-10-04 10:11:45.378284

5jafh83u6bh >> Image Returned >> 2020-10-04 10:11:45.382961

5jafh83u6bh >> End >> 2020-10-04 10:11:45.546518

ukj8s2mkhqq >> Start >> 2020-10-04 10:20:41.514106

ukj8s2mkhqq >> Image Returned >> 2020-10-04 10:20:41.518619

ukj8s2mkhqq >> End >> 2020-10-04 10:20:41.687747

yq5g6dnaz4b >> Start >> 2020-10-04 10:29:48.673165

yq5g6dnaz4b >> Image Returned >> 2020-10-04 10:29:48.677275

yq5g6dnaz4b >> End >> 2020-10-04 10:29:48.836323

45y8ukrpoey >> Start >> 2020-10-04 10:30:27.069025

45y8ukrpoey >> Image Returned >> 2020-10-04 10:30:27.073070

45y8ukrpoey >> End >> 2020-10-04 10:30:27.234015

e48uusginju >> Start >> 2020-10-04 10:31:52.788331

e48uusginju >> Image Returned >> 2020-10-04 10:31:52.792366

e48uusginju >> End >> 2020-10-04 10:31:52.963784

bauihjanu8d >> Start >> 2020-10-04 10:34:51.393907

bauihjanu8d >> Image Returned >> 2020-10-04 10:34:51.397943

bauihjanu8d >> End >> 2020-10-04 10:34:51.562052

4mnryowuhro >> Start >> 2020-10-04 10:35:07.018038

4mnryowuhro >> Image Returned >> 2020-10-04 10:35:07.021653

4mnryowuhro >> End >> 2020-10-04 10:35:07.187107

3k6mrsehth2 >> Start >> 2020-10-04 10:35:12.126635

3k6mrsehth2 >> Image Returned >> 2020-10-04 10:35:12.126957

3k6mrsehth2 >> End >> 2020-10-04 10:35:12.294374

8xyai3ir2ra >> Start >> 2020-10-04 10:44:53.378369

8xyai3ir2ra >> Image Returned >> 2020-10-04 10:44:53.382945

8xyai3ir2ra >> End >> 2020-10-04 10:44:53.540326

4xx6fk6mt6b >> Start >> 2020-10-04 10:51:19.562462

4xx6fk6mt6b >> Image Returned >> 2020-10-04 10:51:19.566687

4xx6fk6mt6b >> End >> 2020-10-04 10:51:19.729078

3w5iubx4npc >> Start >> 2020-10-04 10:59:55.995064

3w5iubx4npc >> Image Returned >> 2020-10-04 10:59:55.999150

3w5iubx4npc >> End >> 2020-10-04 10:59:56.160520

v0hjnmh4gs8 >> Start >> 2020-10-04 11:02:49.453860

v0hjnmh4gs8 >> Image Returned >> 2020-10-04 11:02:49.458220

v0hjnmh4gs8 >> End >> 2020-10-04 11:02:49.624509

7xcw5z0duhc >> Start >> 2020-10-04 11:21:23.361852

7xcw5z0duhc >> Image Returned >> 2020-10-04 11:21:23.366676

7xcw5z0duhc >> End >> 2020-10-04 11:21:23.526027

d74thyvo0fx >> Start >> 2020-10-04 11:24:46.839238

d74thyvo0fx >> Image Returned >> 2020-10-04 11:24:46.842964

d74thyvo0fx >> End >> 2020-10-04 11:24:47.003731

cu3w700qbrd >> Start >> 2020-10-04 11:25:08.862638

cu3w700qbrd >> Image Returned >> 2020-10-04 11:25:08.866514

cu3w700qbrd >> End >> 2020-10-04 11:25:09.028968

skrrmt0geti >> Start >> 2020-10-04 11:34:44.020124

skrrmt0geti >> Image Returned >> 2020-10-04 11:34:44.024355

skrrmt0geti >> End >> 2020-10-04 11:34:44.211160

8nvomiv6wvs >> Start >> 2020-10-04 11:37:51.176126

8nvomiv6wvs >> Image Returned >> 2020-10-04 11:37:51.180773

8nvomiv6wvs >> End >> 2020-10-04 11:37:51.356668

pxw3ui6zi8n >> Start >> 2020-10-04 11:44:37.908130

pxw3ui6zi8n >> Image Returned >> 2020-10-04 11:44:37.911957

pxw3ui6zi8n >> End >> 2020-10-04 11:44:38.072175

7tw7jk7st2q >> Start >> 2020-10-04 11:47:24.239964

7tw7jk7st2q >> Image Returned >> 2020-10-04 11:47:24.246284

7tw7jk7st2q >> End >> 2020-10-04 11:47:24.449320

wokpww0z4mo >> Start >> 2020-10-04 11:48:21.879569

wokpww0z4mo >> Image Returned >> 2020-10-04 11:48:21.883622

wokpww0z4mo >> End >> 2020-10-04 11:48:22.045279

n4gipi4ixgf >> Start >> 2020-10-04 11:48:41.311243

n4gipi4ixgf >> Image Returned >> 2020-10-04 11:48:41.314826

n4gipi4ixgf >> End >> 2020-10-04 11:48:41.482168

3mw3qjv8wzc >> Start >> 2020-10-04 11:50:01.006387

3mw3qjv8wzc >> Image Returned >> 2020-10-04 11:50:01.010487

3mw3qjv8wzc >> End >> 2020-10-04 11:50:01.168044

wmbd2nzzb7b >> Start >> 2020-10-04 11:52:31.106884

wmbd2nzzb7b >> Image Returned >> 2020-10-04 11:52:31.111790

wmbd2nzzb7b >> End >> 2020-10-04 11:52:31.296498

zz6s3wueegd >> Start >> 2020-10-04 11:52:45.458924

zz6s3wueegd >> Image Returned >> 2020-10-04 11:52:45.462579

zz6s3wueegd >> End >> 2020-10-04 11:52:45.627850

vq6ic3p0zas >> Start >> 2020-10-04 12:01:47.855616

vq6ic3p0zas >> Image Returned >> 2020-10-04 12:01:47.859788

vq6ic3p0zas >> End >> 2020-10-04 12:01:48.018727

d7477a4vdfq >> Start >> 2020-10-04 12:02:35.151285

d7477a4vdfq >> Image Returned >> 2020-10-04 12:02:35.155340

d7477a4vdfq >> End >> 2020-10-04 12:02:35.322295

ntuqz0s88qd >> Start >> 2020-10-04 12:04:45.132184

ntuqz0s88qd >> Image Returned >> 2020-10-04 12:04:45.136769

ntuqz0s88qd >> End >> 2020-10-04 12:04:45.296092

bmtp7mx6arj >> Start >> 2020-10-04 12:05:04.436214

bmtp7mx6arj >> Image Returned >> 2020-10-04 12:05:04.440167

bmtp7mx6arj >> End >> 2020-10-04 12:05:04.618196

wmazi5uod8e >> Start >> 2020-10-04 12:18:38.880177

wmazi5uod8e >> Image Returned >> 2020-10-04 12:18:38.883824

wmazi5uod8e >> End >> 2020-10-04 12:18:39.042098

w77fpaajbhs >> Start >> 2020-10-04 12:20:34.062819

w77fpaajbhs >> Image Returned >> 2020-10-04 12:20:34.067351

w77fpaajbhs >> End >> 2020-10-04 12:20:34.245805

jsmijfzo0yr >> Start >> 2020-10-04 12:21:16.230252

jsmijfzo0yr >> Image Returned >> 2020-10-04 12:21:16.235805

jsmijfzo0yr >> End >> 2020-10-04 12:21:16.399348

aqmgfyd83ek >> Start >> 2020-10-04 12:23:21.953121

aqmgfyd83ek >> Image Returned >> 2020-10-04 12:23:21.957695

aqmgfyd83ek >> End >> 2020-10-04 12:23:22.121942

eh0mo7wkfcu >> Start >> 2020-10-04 12:30:19.506890

eh0mo7wkfcu >> Image Returned >> 2020-10-04 12:30:19.510936

eh0mo7wkfcu >> End >> 2020-10-04 12:30:19.678456

gx3kwzrqetw >> Start >> 2020-10-04 12:35:29.770927

gx3kwzrqetw >> Image Returned >> 2020-10-04 12:35:29.775737

gx3kwzrqetw >> End >> 2020-10-04 12:35:29.939799

oazvqyvmova >> Start >> 2020-10-04 12:43:28.924941

oazvqyvmova >> Image Returned >> 2020-10-04 12:43:28.928983

oazvqyvmova >> End >> 2020-10-04 12:43:29.090428

md2bsu6d8jf >> Start >> 2020-10-04 12:46:28.757733

md2bsu6d8jf >> Image Returned >> 2020-10-04 12:46:28.761408

md2bsu6d8jf >> End >> 2020-10-04 12:46:28.932548

qjymfspd408 >> Start >> 2020-10-04 12:47:08.175554

qjymfspd408 >> Image Returned >> 2020-10-04 12:47:08.179552

qjymfspd408 >> End >> 2020-10-04 12:47:08.339031

q6qa4f70osq >> Start >> 2020-10-04 12:47:18.455108

q6qa4f70osq >> Image Returned >> 2020-10-04 12:47:18.455427

q6qa4f70osq >> End >> 2020-10-04 12:47:18.624248

ougqx5cwzox >> Start >> 2020-10-04 13:08:06.207194

ougqx5cwzox >> Image Returned >> 2020-10-04 13:08:06.211631

ougqx5cwzox >> End >> 2020-10-04 13:08:06.387533

vbwptm8s7sq >> Start >> 2020-10-04 13:12:27.069521

vbwptm8s7sq >> Image Returned >> 2020-10-04 13:12:27.074193

vbwptm8s7sq >> End >> 2020-10-04 13:12:27.269016

gmxr5c4uznb >> Start >> 2020-10-04 13:16:42.415680

gmxr5c4uznb >> Image Returned >> 2020-10-04 13:16:42.419997

gmxr5c4uznb >> End >> 2020-10-04 13:16:42.581408

an5kpgaa557 >> Start >> 2020-10-04 13:19:13.010935

an5kpgaa557 >> Image Returned >> 2020-10-04 13:19:13.014544

an5kpgaa557 >> End >> 2020-10-04 13:19:13.185673

i236mwa5rp4 >> Start >> 2020-10-04 13:34:28.563494

i236mwa5rp4 >> Image Returned >> 2020-10-04 13:34:28.567637

i236mwa5rp4 >> End >> 2020-10-04 13:34:28.732285

dgwkirfvzx6 >> Start >> 2020-10-04 13:34:50.534796

dgwkirfvzx6 >> Image Returned >> 2020-10-04 13:34:50.538327

dgwkirfvzx6 >> End >> 2020-10-04 13:34:50.700253

za5u6mjdzac >> Start >> 2020-10-04 13:37:31.606129

za5u6mjdzac >> Image Returned >> 2020-10-04 13:37:31.610641

za5u6mjdzac >> End >> 2020-10-04 13:37:31.776043

awnhhj8aegd >> Start >> 2020-10-04 13:38:15.871452

awnhhj8aegd >> Image Returned >> 2020-10-04 13:38:15.875000

awnhhj8aegd >> End >> 2020-10-04 13:38:16.035988

o5xtabsjx72 >> Start >> 2020-10-04 13:41:19.001905

o5xtabsjx72 >> Image Returned >> 2020-10-04 13:41:19.006339

o5xtabsjx72 >> End >> 2020-10-04 13:41:19.225827

y2vdw5mzpz8 >> Start >> 2020-10-04 13:49:08.708995

y2vdw5mzpz8 >> Image Returned >> 2020-10-04 13:49:08.712806

y2vdw5mzpz8 >> End >> 2020-10-04 13:49:08.871687

7t85hkozky2 >> Start >> 2020-10-04 13:54:06.764199

7t85hkozky2 >> Image Returned >> 2020-10-04 13:54:06.768136

7t85hkozky2 >> End >> 2020-10-04 13:54:06.936366

wx482s75rj7 >> Start >> 2020-10-04 14:02:03.190898

wx482s75rj7 >> Image Returned >> 2020-10-04 14:02:03.194133

wx482s75rj7 >> End >> 2020-10-04 14:02:03.371349

7v8xos7ktpk >> Start >> 2020-10-04 14:02:18.779004

7v8xos7ktpk >> Image Returned >> 2020-10-04 14:02:18.783036

7v8xos7ktpk >> End >> 2020-10-04 14:02:18.956372

zydc3phubcn >> Start >> 2020-10-04 14:02:22.177057

zydc3phubcn >> Image Returned >> 2020-10-04 14:02:22.177349

zydc3phubcn >> End >> 2020-10-04 14:02:22.349747

sxvgp27vdj6 >> Start >> 2020-10-04 14:06:57.988929

sxvgp27vdj6 >> Image Returned >> 2020-10-04 14:06:57.993402

sxvgp27vdj6 >> End >> 2020-10-04 14:06:58.153697

eqr6papobad >> Start >> 2020-10-04 14:07:25.244719

eqr6papobad >> Image Returned >> 2020-10-04 14:07:25.250502

eqr6papobad >> End >> 2020-10-04 14:07:25.429553

ow42jdfm65q >> Start >> 2020-10-04 14:08:44.286346

ow42jdfm65q >> Image Returned >> 2020-10-04 14:08:44.290477

ow42jdfm65q >> End >> 2020-10-04 14:08:44.459110

2ma3fbd5hrp >> Start >> 2020-10-04 14:12:46.536689

2ma3fbd5hrp >> Image Returned >> 2020-10-04 14:12:46.541440

2ma3fbd5hrp >> End >> 2020-10-04 14:12:46.720485

rwdhyhp6v7g >> Start >> 2020-10-04 14:20:57.479454

rwdhyhp6v7g >> Image Returned >> 2020-10-04 14:20:57.484093

rwdhyhp6v7g >> End >> 2020-10-04 14:20:57.643537

ixkd5gzpecp >> Start >> 2020-10-04 14:21:12.078212

ixkd5gzpecp >> Image Returned >> 2020-10-04 14:21:12.080924

ixkd5gzpecp >> End >> 2020-10-04 14:21:12.246646

2wermqo2zkv >> Start >> 2020-10-04 14:25:35.897070

2wermqo2zkv >> Image Returned >> 2020-10-04 14:25:35.899853

2wermqo2zkv >> End >> 2020-10-04 14:25:36.069120

jdg738e8k52 >> Start >> 2020-10-04 14:27:35.900101

jdg738e8k52 >> Image Returned >> 2020-10-04 14:27:35.903496

jdg738e8k52 >> End >> 2020-10-04 14:27:36.073095

esgtz5q8gvw >> Start >> 2020-10-04 14:28:51.623186

esgtz5q8gvw >> Image Returned >> 2020-10-04 14:28:51.626307

esgtz5q8gvw >> End >> 2020-10-04 14:28:51.788275

xvcum2uc5oq >> Start >> 2020-10-04 14:29:14.518400

xvcum2uc5oq >> Image Returned >> 2020-10-04 14:29:14.521234

xvcum2uc5oq >> End >> 2020-10-04 14:29:14.681698

7j6ben5hpwh >> Start >> 2020-10-04 14:37:05.775362

7j6ben5hpwh >> Image Returned >> 2020-10-04 14:37:05.778107

7j6ben5hpwh >> End >> 2020-10-04 14:37:05.938682

8uyt3e3ruh3 >> Start >> 2020-10-04 14:38:58.843307

8uyt3e3ruh3 >> Image Returned >> 2020-10-04 14:38:58.846050

8uyt3e3ruh3 >> End >> 2020-10-04 14:38:59.009373

cmokr4rofaq >> Start >> 2020-10-04 14:42:59.499802

cmokr4rofaq >> Image Returned >> 2020-10-04 14:42:59.503184

cmokr4rofaq >> End >> 2020-10-04 14:42:59.662161

67vjvkwpems >> Start >> 2020-10-04 14:48:46.336628

67vjvkwpems >> Image Returned >> 2020-10-04 14:48:46.340568

67vjvkwpems >> End >> 2020-10-04 14:48:46.504848

sqwd7z0iyzp >> Start >> 2020-10-04 14:52:03.551538

sqwd7z0iyzp >> Image Returned >> 2020-10-04 14:52:03.554805

sqwd7z0iyzp >> End >> 2020-10-04 14:52:03.719068

30adbqocryn >> Start >> 2020-10-04 14:53:51.734015

30adbqocryn >> Image Returned >> 2020-10-04 14:53:51.737011

30adbqocryn >> End >> 2020-10-04 14:53:51.902379

osi0gb2oehb >> Start >> 2020-10-04 14:54:01.604212

osi0gb2oehb >> Image Returned >> 2020-10-04 14:54:01.604517

osi0gb2oehb >> End >> 2020-10-04 14:54:01.777642

ui5gxws2r48 >> Start >> 2020-10-04 14:58:31.873745

ui5gxws2r48 >> Image Returned >> 2020-10-04 14:58:31.876746

ui5gxws2r48 >> End >> 2020-10-04 14:58:32.042673

axy6np0ufdd >> Start >> 2020-10-04 14:59:59.018378

axy6np0ufdd >> Image Returned >> 2020-10-04 14:59:59.021197

axy6np0ufdd >> End >> 2020-10-04 14:59:59.186738

hurwqpbcxpx >> Start >> 2020-10-04 15:02:37.703326

hurwqpbcxpx >> Image Returned >> 2020-10-04 15:02:37.706597

hurwqpbcxpx >> End >> 2020-10-04 15:02:37.869220

478gc0pgdhx >> Start >> 2020-10-04 15:03:23.493434

478gc0pgdhx >> Image Returned >> 2020-10-04 15:03:23.498049

478gc0pgdhx >> End >> 2020-10-04 15:03:23.694684

cssd60rnagw >> Start >> 2020-10-04 15:07:11.025163

cssd60rnagw >> Image Returned >> 2020-10-04 15:07:11.029011

cssd60rnagw >> End >> 2020-10-04 15:07:11.199744

o50t26og028 >> Start >> 2020-10-04 15:10:22.145060

o50t26og028 >> Image Returned >> 2020-10-04 15:10:22.148298

o50t26og028 >> End >> 2020-10-04 15:10:22.312545

z8czjuz6ve7 >> Start >> 2020-10-04 15:17:46.695270

z8czjuz6ve7 >> Image Returned >> 2020-10-04 15:17:46.698842

z8czjuz6ve7 >> End >> 2020-10-04 15:17:46.892419

n4a7ti0apuq >> Start >> 2020-10-04 15:21:53.411937

n4a7ti0apuq >> Image Returned >> 2020-10-04 15:21:53.415399

n4a7ti0apuq >> End >> 2020-10-04 15:21:53.596673

pqknacjzvwc >> Start >> 2020-10-04 15:23:33.921149

pqknacjzvwc >> Image Returned >> 2020-10-04 15:23:33.924449

pqknacjzvwc >> End >> 2020-10-04 15:23:34.086318

fxrghwth3v6 >> Start >> 2020-10-04 15:23:49.917546

fxrghwth3v6 >> Image Returned >> 2020-10-04 15:23:49.920329

fxrghwth3v6 >> End >> 2020-10-04 15:23:50.079955

ju0vd62cp3i >> Start >> 2020-10-04 15:24:30.758701

ju0vd62cp3i >> Image Returned >> 2020-10-04 15:24:30.762032

ju0vd62cp3i >> End >> 2020-10-04 15:24:30.922805

3tnpgef57zg >> Start >> 2020-10-04 15:29:58.591626

3tnpgef57zg >> Image Returned >> 2020-10-04 15:29:58.596726

3tnpgef57zg >> End >> 2020-10-04 15:29:58.756403

f8vc0fpposw >> Start >> 2020-10-04 15:30:54.222227

f8vc0fpposw >> Image Returned >> 2020-10-04 15:30:54.227178

f8vc0fpposw >> End >> 2020-10-04 15:30:54.398010

sic0k478pci >> Start >> 2020-10-04 15:32:41.184014

sic0k478pci >> Image Returned >> 2020-10-04 15:32:41.187963

sic0k478pci >> End >> 2020-10-04 15:32:41.355917

wrjycqhvwt0 >> Start >> 2020-10-04 15:34:12.721492

wrjycqhvwt0 >> Image Returned >> 2020-10-04 15:34:12.724658

4gpdqyx3m0p >> Start >> 2020-10-04 15:34:12.827680

4gpdqyx3m0p >> Image Returned >> 2020-10-04 15:34:12.830472

wrjycqhvwt0 >> End >> 2020-10-04 15:34:12.926531

4gpdqyx3m0p >> End >> 2020-10-04 15:34:12.991830

4b0uykiuq05 >> Start >> 2020-10-04 15:34:40.158019

4b0uykiuq05 >> Image Returned >> 2020-10-04 15:34:40.161319

4b0uykiuq05 >> End >> 2020-10-04 15:34:40.325165

kp54oq5qbz0 >> Start >> 2020-10-04 15:38:12.645749

kp54oq5qbz0 >> Image Returned >> 2020-10-04 15:38:12.654716

kp54oq5qbz0 >> End >> 2020-10-04 15:38:12.825943

r0a45i66d0c >> Start >> 2020-10-04 15:40:25.031141

r0a45i66d0c >> Image Returned >> 2020-10-04 15:40:25.034910

r0a45i66d0c >> End >> 2020-10-04 15:40:25.241899

74awhurauwc >> Start >> 2020-10-04 15:41:40.631660

74awhurauwc >> Image Returned >> 2020-10-04 15:41:40.634906

74awhurauwc >> End >> 2020-10-04 15:41:40.791939

4k7uf7ynv6f >> Start >> 2020-10-04 15:43:51.429359

4k7uf7ynv6f >> Image Returned >> 2020-10-04 15:43:51.432966

4k7uf7ynv6f >> End >> 2020-10-04 15:43:51.592578

077b4p8iwja >> Start >> 2020-10-04 15:44:19.353800

077b4p8iwja >> Image Returned >> 2020-10-04 15:44:19.357013

077b4p8iwja >> End >> 2020-10-04 15:44:19.518754

qjhrwu2yo7m >> Start >> 2020-10-04 15:50:04.254805

qjhrwu2yo7m >> Image Returned >> 2020-10-04 15:50:04.257771

qjhrwu2yo7m >> End >> 2020-10-04 15:50:04.420813

w47uzhd24ft >> Start >> 2020-10-04 15:51:33.341039

w47uzhd24ft >> Image Returned >> 2020-10-04 15:51:33.344791

w47uzhd24ft >> End >> 2020-10-04 15:51:33.530407

hx6d3vwzz3s >> Start >> 2020-10-04 15:58:12.381834

hx6d3vwzz3s >> Image Returned >> 2020-10-04 15:58:12.385777

hx6d3vwzz3s >> End >> 2020-10-04 15:58:12.548165

yybo3xqe5q2 >> Start >> 2020-10-04 16:01:34.434380

yybo3xqe5q2 >> Image Returned >> 2020-10-04 16:01:34.437771

yybo3xqe5q2 >> End >> 2020-10-04 16:01:34.608655

emm62e3fyad >> Start >> 2020-10-04 16:03:51.673691

emm62e3fyad >> Image Returned >> 2020-10-04 16:03:51.677133

emm62e3fyad >> End >> 2020-10-04 16:03:51.840483

norqftsj8b3 >> Start >> 2020-10-04 16:07:07.200544

norqftsj8b3 >> Image Returned >> 2020-10-04 16:07:07.203591

norqftsj8b3 >> End >> 2020-10-04 16:07:07.362999

yfzrmkwtrzs >> Start >> 2020-10-04 16:07:49.191795

yfzrmkwtrzs >> Image Returned >> 2020-10-04 16:07:49.195144

yfzrmkwtrzs >> End >> 2020-10-04 16:07:49.355931

0sgr473osy5 >> Start >> 2020-10-04 16:09:38.895692

0sgr473osy5 >> Image Returned >> 2020-10-04 16:09:38.904898

0sgr473osy5 >> End >> 2020-10-04 16:09:39.071564

kjn5npasvku >> Start >> 2020-10-04 16:10:38.585488

kjn5npasvku >> Image Returned >> 2020-10-04 16:10:38.589771

kjn5npasvku >> End >> 2020-10-04 16:10:38.750792

tt5mzkxz0nb >> Start >> 2020-10-04 16:10:42.081684

tt5mzkxz0nb >> Image Returned >> 2020-10-04 16:10:42.082001

tt5mzkxz0nb >> End >> 2020-10-04 16:10:42.244343

e7zk8i8nhva >> Start >> 2020-10-04 16:10:50.322159

e7zk8i8nhva >> Image Returned >> 2020-10-04 16:10:50.322459

e7zk8i8nhva >> End >> 2020-10-04 16:10:50.501395

7jtd7go2itu >> Start >> 2020-10-04 16:16:35.663554

7jtd7go2itu >> Image Returned >> 2020-10-04 16:16:35.667345

7jtd7go2itu >> End >> 2020-10-04 16:16:35.835726

0eydhv4be67 >> Start >> 2020-10-04 16:27:27.948565

0eydhv4be67 >> Image Returned >> 2020-10-04 16:27:27.952296

0eydhv4be67 >> End >> 2020-10-04 16:27:28.115803

avtvdi3548s >> Start >> 2020-10-04 16:28:23.737822

avtvdi3548s >> Image Returned >> 2020-10-04 16:28:23.741785

avtvdi3548s >> End >> 2020-10-04 16:28:23.908248

eofrdvuq0j6 >> Start >> 2020-10-04 16:33:22.732140

eofrdvuq0j6 >> Image Returned >> 2020-10-04 16:33:22.735752

eofrdvuq0j6 >> End >> 2020-10-04 16:33:22.923584

wa5fewvuadz >> Start >> 2020-10-04 16:36:50.100824

wa5fewvuadz >> Image Returned >> 2020-10-04 16:36:50.105119

wa5fewvuadz >> End >> 2020-10-04 16:36:50.269007

qw5awhxtie7 >> Start >> 2020-10-04 16:39:40.877149

qw5awhxtie7 >> Image Returned >> 2020-10-04 16:39:40.880350

qw5awhxtie7 >> End >> 2020-10-04 16:39:41.040895

icf30vmn3x3 >> Start >> 2020-10-04 16:39:50.376521

icf30vmn3x3 >> Image Returned >> 2020-10-04 16:39:50.376806

icf30vmn3x3 >> End >> 2020-10-04 16:39:50.541110

vbdnkm7zapb >> Start >> 2020-10-04 16:43:44.251174

vbdnkm7zapb >> Image Returned >> 2020-10-04 16:43:44.254538

vbdnkm7zapb >> End >> 2020-10-04 16:43:44.418081

wx7pta6ug2v >> Start >> 2020-10-04 16:45:09.484601

wx7pta6ug2v >> Image Returned >> 2020-10-04 16:45:09.487896

wx7pta6ug2v >> End >> 2020-10-04 16:45:09.650971

enxg6q28hpn >> Start >> 2020-10-04 16:48:33.527412

enxg6q28hpn >> Image Returned >> 2020-10-04 16:48:33.531424

enxg6q28hpn >> End >> 2020-10-04 16:48:33.693275

b4dpkqfia30 >> Start >> 2020-10-04 16:50:01.503509

b4dpkqfia30 >> Image Returned >> 2020-10-04 16:50:01.507067

b4dpkqfia30 >> End >> 2020-10-04 16:50:01.677891

e2zhtnhda2j >> Start >> 2020-10-04 16:50:58.462632

e2zhtnhda2j >> Image Returned >> 2020-10-04 16:50:58.466976

e2zhtnhda2j >> End >> 2020-10-04 16:51:03.634990

cyeghgsu7ap >> Start >> 2020-10-04 16:51:25.508193

cyeghgsu7ap >> Image Returned >> 2020-10-04 16:51:25.511363

cyeghgsu7ap >> End >> 2020-10-04 16:51:25.680150

n7h2ky8foed >> Start >> 2020-10-04 16:53:58.138595

n7h2ky8foed >> Image Returned >> 2020-10-04 16:53:58.142005

n7h2ky8foed >> End >> 2020-10-04 16:53:58.307346

kmzrw7uon5a >> Start >> 2020-10-04 17:01:06.507539

kmzrw7uon5a >> Image Returned >> 2020-10-04 17:01:06.510418

kmzrw7uon5a >> End >> 2020-10-04 17:01:06.672732

phwjfqidkhj >> Start >> 2020-10-04 17:05:18.526897

phwjfqidkhj >> Image Returned >> 2020-10-04 17:05:18.531223

phwjfqidkhj >> End >> 2020-10-04 17:05:18.698702

nkfas26f7e2 >> Start >> 2020-10-04 17:05:28.595964

nkfas26f7e2 >> Image Returned >> 2020-10-04 17:05:28.596266

nkfas26f7e2 >> End >> 2020-10-04 17:05:28.766753

an8bsivgoh0 >> Start >> 2020-10-04 17:14:48.063004

an8bsivgoh0 >> Image Returned >> 2020-10-04 17:14:48.066097

an8bsivgoh0 >> End >> 2020-10-04 17:14:48.237803

ecs5w7zagdp >> Start >> 2020-10-04 17:18:35.764578

ecs5w7zagdp >> Image Returned >> 2020-10-04 17:18:35.767817

ecs5w7zagdp >> End >> 2020-10-04 17:18:35.965328

w24rqpdspih >> Start >> 2020-10-04 17:18:48.070669

w24rqpdspih >> Image Returned >> 2020-10-04 17:18:48.073642

w24rqpdspih >> End >> 2020-10-04 17:18:48.245670

26b287pvpcj >> Start >> 2020-10-04 17:28:05.733278

26b287pvpcj >> Image Returned >> 2020-10-04 17:28:05.736155

26b287pvpcj >> End >> 2020-10-04 17:28:05.933743

i8pdwnz5qk5 >> Start >> 2020-10-04 17:35:36.276025

i8pdwnz5qk5 >> Image Returned >> 2020-10-04 17:35:36.279990

i8pdwnz5qk5 >> End >> 2020-10-04 17:35:36.450854

tk4t577obpm >> Start >> 2020-10-04 17:35:53.155309

tk4t577obpm >> Image Returned >> 2020-10-04 17:35:53.158689

tk4t577obpm >> End >> 2020-10-04 17:35:53.329857

5bofgx76y6c >> Start >> 2020-10-04 17:45:50.392561

5bofgx76y6c >> Image Returned >> 2020-10-04 17:45:50.397358

5bofgx76y6c >> End >> 2020-10-04 17:45:50.559133

uxju6e35o3x >> Start >> 2020-10-04 17:58:31.424603

uxju6e35o3x >> Image Returned >> 2020-10-04 17:58:31.429122

uxju6e35o3x >> End >> 2020-10-04 17:58:31.597448

sqeuvqpvowg >> Start >> 2020-10-04 18:02:26.592849

sqeuvqpvowg >> Image Returned >> 2020-10-04 18:02:26.596757

sqeuvqpvowg >> End >> 2020-10-04 18:02:26.779954

ra7ze4uan20 >> Start >> 2020-10-04 18:02:50.286792

ra7ze4uan20 >> Image Returned >> 2020-10-04 18:02:50.289669

ra7ze4uan20 >> End >> 2020-10-04 18:02:50.472393

86rsgm46mu5 >> Start >> 2020-10-04 18:08:33.886126

86rsgm46mu5 >> Image Returned >> 2020-10-04 18:08:33.889086

86rsgm46mu5 >> End >> 2020-10-04 18:08:34.051932

wacna2i0iuz >> Start >> 2020-10-04 18:12:10.456564

wacna2i0iuz >> Image Returned >> 2020-10-04 18:12:10.460517

wacna2i0iuz >> End >> 2020-10-04 18:12:10.663197

asox6ydrvyy >> Start >> 2020-10-04 18:13:26.579147

asox6ydrvyy >> Image Returned >> 2020-10-04 18:13:26.584799

asox6ydrvyy >> End >> 2020-10-04 18:13:26.765685

fiix66rtjft >> Start >> 2020-10-04 18:14:22.358726

fiix66rtjft >> Image Returned >> 2020-10-04 18:14:22.361937

fiix66rtjft >> End >> 2020-10-04 18:14:22.568687

o5uoqtyk5su >> Start >> 2020-10-04 18:15:40.179141

o5uoqtyk5su >> Image Returned >> 2020-10-04 18:15:40.182482

o5uoqtyk5su >> End >> 2020-10-04 18:15:40.352988

xksgm5ci60k >> Start >> 2020-10-04 18:17:21.353563

xksgm5ci60k >> Image Returned >> 2020-10-04 18:17:21.357670

xksgm5ci60k >> End >> 2020-10-04 18:17:21.534545

3zb66vzb278 >> Start >> 2020-10-04 18:18:49.331281

3zb66vzb278 >> Image Returned >> 2020-10-04 18:18:49.336548

3zb66vzb278 >> End >> 2020-10-04 18:18:49.496370

7y772cs75eh >> Start >> 2020-10-04 18:25:48.323303

7y772cs75eh >> Image Returned >> 2020-10-04 18:25:48.327121

7y772cs75eh >> End >> 2020-10-04 18:25:48.492753

jpcbfm5fhou >> Start >> 2020-10-04 18:30:58.793152

jpcbfm5fhou >> Image Returned >> 2020-10-04 18:30:58.796984

jpcbfm5fhou >> End >> 2020-10-04 18:30:58.956734

tjukv0affy7 >> Start >> 2020-10-04 18:33:16.532609

tjukv0affy7 >> Image Returned >> 2020-10-04 18:33:16.535542

tjukv0affy7 >> End >> 2020-10-04 18:33:16.696410

ta46m00mi05 >> Start >> 2020-10-04 18:34:00.011001

ta46m00mi05 >> Image Returned >> 2020-10-04 18:34:00.013909

ta46m00mi05 >> End >> 2020-10-04 18:34:00.191358

7vfd3bh864d >> Start >> 2020-10-04 18:42:00.333250

7vfd3bh864d >> Image Returned >> 2020-10-04 18:42:00.336659

7vfd3bh864d >> End >> 2020-10-04 18:42:00.527821

6aofh848wkg >> Start >> 2020-10-04 18:42:39.041156

6aofh848wkg >> Image Returned >> 2020-10-04 18:42:39.044938

6aofh848wkg >> End >> 2020-10-04 18:42:39.369002

s0c78zxj5av >> Start >> 2020-10-04 18:43:09.639833

s0c78zxj5av >> Image Returned >> 2020-10-04 18:43:09.643129

s0c78zxj5av >> End >> 2020-10-04 18:43:09.825115

hzbkab0nxiq >> Start >> 2020-10-04 18:43:53.140449

hzbkab0nxiq >> Image Returned >> 2020-10-04 18:43:53.143934

hzbkab0nxiq >> End >> 2020-10-04 18:43:53.337862

v705mbidxd5 >> Start >> 2020-10-04 18:44:05.845496

v705mbidxd5 >> Image Returned >> 2020-10-04 18:44:05.848553

v705mbidxd5 >> End >> 2020-10-04 18:44:06.039278

5gpqxyw42gf >> Start >> 2020-10-04 19:08:51.502506

5gpqxyw42gf >> Image Returned >> 2020-10-04 19:08:51.505542

5gpqxyw42gf >> End >> 2020-10-04 19:08:51.673643

coaygqv2w0i >> Start >> 2020-10-04 19:09:09.639972

coaygqv2w0i >> Image Returned >> 2020-10-04 19:09:09.643609

coaygqv2w0i >> End >> 2020-10-04 19:09:09.805951

7y6hrhqfs7z >> Start >> 2020-10-04 19:11:18.162974

7y6hrhqfs7z >> Image Returned >> 2020-10-04 19:11:18.165996

7y6hrhqfs7z >> End >> 2020-10-04 19:11:18.327944

xwafu2sgai7 >> Start >> 2020-10-04 19:12:01.209933

xwafu2sgai7 >> Image Returned >> 2020-10-04 19:12:01.213428

xwafu2sgai7 >> End >> 2020-10-04 19:12:01.375473

nohufjhm2ds >> Start >> 2020-10-04 19:16:41.180422

nohufjhm2ds >> Image Returned >> 2020-10-04 19:16:41.184344

nohufjhm2ds >> End >> 2020-10-04 19:16:41.350087

s36t8h45af0 >> Start >> 2020-10-04 19:19:18.774786

s36t8h45af0 >> Image Returned >> 2020-10-04 19:19:18.777818

s36t8h45af0 >> End >> 2020-10-04 19:19:18.907641

rar7c50aagw >> Start >> 2020-10-04 19:19:52.205003

rar7c50aagw >> Image Returned >> 2020-10-04 19:19:52.208602

rar7c50aagw >> End >> 2020-10-04 19:19:52.590291

wwddetoeiwb >> Start >> 2020-10-04 19:21:55.079044

wwddetoeiwb >> Image Returned >> 2020-10-04 19:21:55.083041

wwddetoeiwb >> End >> 2020-10-04 19:21:55.243477

doodnpbhz8y >> Start >> 2020-10-04 19:25:59.855426

doodnpbhz8y >> Image Returned >> 2020-10-04 19:25:59.859816

doodnpbhz8y >> End >> 2020-10-04 19:26:00.027576

xko0xqf4kpn >> Start >> 2020-10-04 19:26:12.757682

dfrb6bo5ggw >> Start >> 2020-10-04 19:26:12.757524

dfrb6bo5ggw >> Image Returned >> 2020-10-04 19:26:12.760600

xko0xqf4kpn >> Image Returned >> 2020-10-04 19:26:12.760602

dfrb6bo5ggw >> End >> 2020-10-04 19:26:12.885723

xko0xqf4kpn >> End >> 2020-10-04 19:26:12.923764

wh7w2b6q66s >> Start >> 2020-10-04 19:26:16.995109

wh7w2b6q66s >> Image Returned >> 2020-10-04 19:26:16.995404

wh7w2b6q66s >> End >> 2020-10-04 19:26:17.164472

dcz2toz8fhc >> Start >> 2020-10-04 19:26:20.759267

dcz2toz8fhc >> Image Returned >> 2020-10-04 19:26:20.759567

dcz2toz8fhc >> End >> 2020-10-04 19:26:20.926258

4uoz0ga4tu4 >> Start >> 2020-10-04 19:33:43.260824

4uoz0ga4tu4 >> Image Returned >> 2020-10-04 19:33:43.264245

4uoz0ga4tu4 >> End >> 2020-10-04 19:33:43.429968

nw6w7s3s2ka >> Start >> 2020-10-04 19:35:12.378977

nw6w7s3s2ka >> Image Returned >> 2020-10-04 19:35:12.382477

nw6w7s3s2ka >> End >> 2020-10-04 19:35:12.541764

6textez2aqh >> Start >> 2020-10-04 19:38:55.785434

6textez2aqh >> Image Returned >> 2020-10-04 19:38:55.788649

6textez2aqh >> End >> 2020-10-04 19:38:55.964665

pd8cvp7cq5v >> Start >> 2020-10-04 19:41:26.360526

pd8cvp7cq5v >> Image Returned >> 2020-10-04 19:41:26.363739

pd8cvp7cq5v >> End >> 2020-10-04 19:41:26.525336

fdybhqt4kki >> Start >> 2020-10-04 19:42:15.009699

fdybhqt4kki >> Image Returned >> 2020-10-04 19:42:15.013194

fdybhqt4kki >> End >> 2020-10-04 19:42:15.170644

zup06n5jz5g >> Start >> 2020-10-04 19:43:35.928600

zup06n5jz5g >> Image Returned >> 2020-10-04 19:43:35.932768

zup06n5jz5g >> End >> 2020-10-04 19:43:36.096708

whgeqr3wtsz >> Start >> 2020-10-04 19:45:09.890803

whgeqr3wtsz >> Image Returned >> 2020-10-04 19:45:09.894274

whgeqr3wtsz >> End >> 2020-10-04 19:45:10.065355

3sw0ufijifz >> Start >> 2020-10-04 19:47:14.118360

3sw0ufijifz >> Image Returned >> 2020-10-04 19:47:14.121639

3sw0ufijifz >> End >> 2020-10-04 19:47:14.282720

8acw3u4k5kn >> Start >> 2020-10-04 19:56:21.999229

8acw3u4k5kn >> Image Returned >> 2020-10-04 19:56:22.003012

8acw3u4k5kn >> End >> 2020-10-04 19:56:22.169969

fzustysdetc >> Start >> 2020-10-04 19:56:31.377116

fzustysdetc >> Image Returned >> 2020-10-04 19:56:31.377425

fzustysdetc >> End >> 2020-10-04 19:56:31.539330

gdo443uwkko >> Start >> 2020-10-04 19:56:37.129528

gdo443uwkko >> Image Returned >> 2020-10-04 19:56:37.129822

gdo443uwkko >> End >> 2020-10-04 19:56:37.291059

ypr2h6fvfhu >> Start >> 2020-10-04 19:57:51.705105

ypr2h6fvfhu >> Image Returned >> 2020-10-04 19:57:51.709216

ypr2h6fvfhu >> End >> 2020-10-04 19:57:51.871452

f6qa4cx2bcr >> Start >> 2020-10-04 19:57:55.854249

f6qa4cx2bcr >> Image Returned >> 2020-10-04 19:57:55.854566

f6qa4cx2bcr >> End >> 2020-10-04 19:57:56.027069

fj8nctcbcgf >> Start >> 2020-10-04 19:58:09.626897

fj8nctcbcgf >> Image Returned >> 2020-10-04 19:58:09.630085

fj8nctcbcgf >> End >> 2020-10-04 19:58:09.793735

02j2tnz3qxg >> Start >> 2020-10-04 19:58:26.878597

02j2tnz3qxg >> Image Returned >> 2020-10-04 19:58:26.881691

02j2tnz3qxg >> End >> 2020-10-04 19:58:27.072259

77zkgghdvgp >> Start >> 2020-10-04 19:59:50.826849

77zkgghdvgp >> Image Returned >> 2020-10-04 19:59:50.829885

77zkgghdvgp >> End >> 2020-10-04 19:59:50.995081

w52qa424qv4 >> Start >> 2020-10-04 20:01:34.092641

w52qa424qv4 >> Image Returned >> 2020-10-04 20:01:34.095983

w52qa424qv4 >> End >> 2020-10-04 20:01:34.291210

fxv5s7zoz53 >> Start >> 2020-10-04 20:02:07.424170

fxv5s7zoz53 >> Image Returned >> 2020-10-04 20:02:07.427069

fxv5s7zoz53 >> End >> 2020-10-04 20:02:07.587845

3ynjxqq34qj >> Start >> 2020-10-04 20:02:24.748976

3ynjxqq34qj >> Image Returned >> 2020-10-04 20:02:24.752010

3ynjxqq34qj >> End >> 2020-10-04 20:02:24.916460

ob0sxhnhwyy >> Start >> 2020-10-04 20:03:01.250919

ob0sxhnhwyy >> Image Returned >> 2020-10-04 20:03:01.253885

ob0sxhnhwyy >> End >> 2020-10-04 20:03:01.421544

4d0ukco6src >> Start >> 2020-10-04 20:03:30.425429

4d0ukco6src >> Image Returned >> 2020-10-04 20:03:30.428762

4d0ukco6src >> End >> 2020-10-04 20:03:30.595777

uycvkj6c3dt >> Start >> 2020-10-04 20:11:15.838471

uycvkj6c3dt >> Image Returned >> 2020-10-04 20:11:15.842310

uycvkj6c3dt >> End >> 2020-10-04 20:11:16.010680

3hk0pk4zshv >> Start >> 2020-10-04 20:11:37.134248

3hk0pk4zshv >> Image Returned >> 2020-10-04 20:11:37.137988

3hk0pk4zshv >> End >> 2020-10-04 20:11:42.278532

jdsy76kf3kt >> Start >> 2020-10-04 20:14:06.205039

jdsy76kf3kt >> Image Returned >> 2020-10-04 20:14:06.208492

jdsy76kf3kt >> End >> 2020-10-04 20:14:06.373569

mok0v6ecfpa >> Start >> 2020-10-04 20:15:04.338376

mok0v6ecfpa >> Image Returned >> 2020-10-04 20:15:04.341706

mok0v6ecfpa >> End >> 2020-10-04 20:15:04.532645

73kdbv3or35 >> Start >> 2020-10-04 20:16:48.669600

73kdbv3or35 >> Image Returned >> 2020-10-04 20:16:48.673774

73kdbv3or35 >> End >> 2020-10-04 20:16:48.833048

peht5rxao83 >> Start >> 2020-10-04 20:16:58.494004

peht5rxao83 >> Image Returned >> 2020-10-04 20:16:58.494326

peht5rxao83 >> End >> 2020-10-04 20:16:58.662868

oo8vmtuszvj >> Start >> 2020-10-04 20:18:41.590411

oo8vmtuszvj >> Image Returned >> 2020-10-04 20:18:41.593909

oo8vmtuszvj >> End >> 2020-10-04 20:18:41.759722

nygshvw5k02 >> Start >> 2020-10-04 20:20:31.659918

nygshvw5k02 >> Image Returned >> 2020-10-04 20:20:31.663949

nygshvw5k02 >> End >> 2020-10-04 20:20:31.842377

ygxpcxdu4ke >> Start >> 2020-10-04 20:21:01.488430

ygxpcxdu4ke >> Image Returned >> 2020-10-04 20:21:01.491465

ygxpcxdu4ke >> End >> 2020-10-04 20:21:01.656160

357ew3ixuom >> Start >> 2020-10-04 20:21:11.241761

357ew3ixuom >> Image Returned >> 2020-10-04 20:21:11.242072

357ew3ixuom >> End >> 2020-10-04 20:21:11.415530

h2ypt6rqyvt >> Start >> 2020-10-04 20:21:33.262192

h2ypt6rqyvt >> Image Returned >> 2020-10-04 20:21:33.265831

h2ypt6rqyvt >> End >> 2020-10-04 20:21:33.439515

v3jyywn5epj >> Start >> 2020-10-04 20:30:45.395257

v3jyywn5epj >> Image Returned >> 2020-10-04 20:30:45.399032

v3jyywn5epj >> End >> 2020-10-04 20:30:45.557029

xyu2388psjt >> Start >> 2020-10-04 20:34:01.169040

xyu2388psjt >> Image Returned >> 2020-10-04 20:34:01.172594

xyu2388psjt >> End >> 2020-10-04 20:34:01.362276

6qzwns4p38o >> Start >> 2020-10-04 20:37:12.717911

6qzwns4p38o >> Image Returned >> 2020-10-04 20:37:12.720869

6qzwns4p38o >> End >> 2020-10-04 20:37:12.886004

d2jh2p2t2pw >> Start >> 2020-10-04 20:38:34.916757

d2jh2p2t2pw >> Image Returned >> 2020-10-04 20:38:34.920264

d2jh2p2t2pw >> End >> 2020-10-04 20:38:35.079777

nc88inskozb >> Start >> 2020-10-04 20:38:44.627999

nc88inskozb >> Image Returned >> 2020-10-04 20:38:44.628304

nc88inskozb >> End >> 2020-10-04 20:38:44.800551

bwxx4ppmq4n >> Start >> 2020-10-04 20:38:47.203022

bwxx4ppmq4n >> Image Returned >> 2020-10-04 20:38:47.203320

bwxx4ppmq4n >> End >> 2020-10-04 20:38:47.361145

38cndkvnxrp >> Start >> 2020-10-04 20:45:58.644743

38cndkvnxrp >> Image Returned >> 2020-10-04 20:45:58.650007

38cndkvnxrp >> End >> 2020-10-04 20:45:58.812402

0ot4qae0rpq >> Start >> 2020-10-04 20:48:07.448566

0ot4qae0rpq >> Image Returned >> 2020-10-04 20:48:07.452507

0ot4qae0rpq >> End >> 2020-10-04 20:48:07.614152

doks274pyzx >> Start >> 2020-10-04 20:53:18.021199

doks274pyzx >> Image Returned >> 2020-10-04 20:53:18.024199

doks274pyzx >> End >> 2020-10-04 20:53:18.183686

ku23g3mvg6o >> Start >> 2020-10-04 20:53:23.610953

ku23g3mvg6o >> Image Returned >> 2020-10-04 20:53:23.611243

ku23g3mvg6o >> End >> 2020-10-04 20:53:23.769208

rnhu7tg4g2b >> Start >> 2020-10-04 20:53:36.006494

rnhu7tg4g2b >> Image Returned >> 2020-10-04 20:53:36.010312

rnhu7tg4g2b >> End >> 2020-10-04 20:53:36.134768

op56f722avh >> Start >> 2020-10-04 21:03:59.884509

op56f722avh >> Image Returned >> 2020-10-04 21:03:59.887928

op56f722avh >> End >> 2020-10-04 21:04:05.053621

qchpwkt6qos >> Start >> 2020-10-04 21:06:16.072138

qchpwkt6qos >> Image Returned >> 2020-10-04 21:06:16.077532

qchpwkt6qos >> End >> 2020-10-04 21:06:16.246768

6fvibhzxf77 >> Start >> 2020-10-04 21:17:35.806252

6fvibhzxf77 >> Image Returned >> 2020-10-04 21:17:35.809829

6fvibhzxf77 >> End >> 2020-10-04 21:17:35.976399

tyfrfbjipdp >> Start >> 2020-10-04 21:19:15.081191

tyfrfbjipdp >> Image Returned >> 2020-10-04 21:19:15.084558

tyfrfbjipdp >> End >> 2020-10-04 21:19:15.250060

7c3quzwm8fw >> Start >> 2020-10-04 21:23:32.170495

7c3quzwm8fw >> Image Returned >> 2020-10-04 21:23:32.175271

7c3quzwm8fw >> End >> 2020-10-04 21:23:32.337146

oc4b32ttp62 >> Start >> 2020-10-04 21:24:57.281629

oc4b32ttp62 >> Image Returned >> 2020-10-04 21:24:57.285087

oc4b32ttp62 >> End >> 2020-10-04 21:24:57.448101

3hrtdo08qcb >> Start >> 2020-10-04 21:26:57.917308

3hrtdo08qcb >> Image Returned >> 2020-10-04 21:26:57.921003

3hrtdo08qcb >> End >> 2020-10-04 21:26:58.117373

7zbha5hzhz4 >> Start >> 2020-10-04 21:29:08.078947

7zbha5hzhz4 >> Image Returned >> 2020-10-04 21:29:08.081963

7zbha5hzhz4 >> End >> 2020-10-04 21:29:08.247920

qu4e78rezvw >> Start >> 2020-10-04 21:30:00.941117

qu4e78rezvw >> Image Returned >> 2020-10-04 21:30:00.944483

qu4e78rezvw >> End >> 2020-10-04 21:30:01.108582

6a5aw6a7keu >> Start >> 2020-10-04 21:36:44.278978

6a5aw6a7keu >> Image Returned >> 2020-10-04 21:36:44.283193

6a5aw6a7keu >> End >> 2020-10-04 21:36:44.442774

d85n58gzz3p >> Start >> 2020-10-04 21:40:38.820753

d85n58gzz3p >> Image Returned >> 2020-10-04 21:40:38.824654

d85n58gzz3p >> End >> 2020-10-04 21:40:38.990921

bev4si4kwz0 >> Start >> 2020-10-04 21:46:59.992007

bev4si4kwz0 >> Image Returned >> 2020-10-04 21:46:59.995482

bev4si4kwz0 >> End >> 2020-10-04 21:47:00.160661

7ogy6sete8m >> Start >> 2020-10-04 22:23:42.017949

7ogy6sete8m >> Image Returned >> 2020-10-04 22:23:42.021541

7ogy6sete8m >> End >> 2020-10-04 22:23:42.183346

dd77n7cpg6y >> Start >> 2020-10-04 22:28:32.424035

dd77n7cpg6y >> Image Returned >> 2020-10-04 22:28:32.428452

dd77n7cpg6y >> End >> 2020-10-04 22:28:32.590431

3s48y7tbtem >> Start >> 2020-10-04 22:32:33.989763

3s48y7tbtem >> Image Returned >> 2020-10-04 22:32:33.993556

3s48y7tbtem >> End >> 2020-10-04 22:32:34.158973

25j02sxjm0o >> Start >> 2020-10-04 22:37:09.497931

25j02sxjm0o >> Image Returned >> 2020-10-04 22:37:09.503335

25j02sxjm0o >> End >> 2020-10-04 22:37:09.667419

5r0pjaukg6a >> Start >> 2020-10-04 22:39:01.915793

5r0pjaukg6a >> Image Returned >> 2020-10-04 22:39:01.918705

5r0pjaukg6a >> End >> 2020-10-04 22:39:02.078429

nkbjzxbdi8y >> Start >> 2020-10-04 22:42:46.009259

nkbjzxbdi8y >> Image Returned >> 2020-10-04 22:42:46.013586

nkbjzxbdi8y >> End >> 2020-10-04 22:42:46.199523

t3dagvkm8pi >> Start >> 2020-10-04 22:43:53.332854

t3dagvkm8pi >> Image Returned >> 2020-10-04 22:43:53.336355

t3dagvkm8pi >> End >> 2020-10-04 22:43:53.500623

exbhh8wukke >> Start >> 2020-10-04 22:44:22.739356

exbhh8wukke >> Image Returned >> 2020-10-04 22:44:22.742377

exbhh8wukke >> End >> 2020-10-04 22:44:22.901953

co05cm5sgm8 >> Start >> 2020-10-04 22:46:57.841264

co05cm5sgm8 >> Image Returned >> 2020-10-04 22:46:57.844310

co05cm5sgm8 >> End >> 2020-10-04 22:46:58.003381

c2bdjjjmehs >> Start >> 2020-10-04 22:48:02.923638

c2bdjjjmehs >> Image Returned >> 2020-10-04 22:48:02.927068

c2bdjjjmehs >> End >> 2020-10-04 22:48:03.088372

wfhy2rvjvv4 >> Start >> 2020-10-04 22:58:13.830586

wfhy2rvjvv4 >> Image Returned >> 2020-10-04 22:58:13.833795

wfhy2rvjvv4 >> End >> 2020-10-04 22:58:14.001296

ckrxd5x3k35 >> Start >> 2020-10-04 23:15:00.552263

ckrxd5x3k35 >> Image Returned >> 2020-10-04 23:15:00.556292

ckrxd5x3k35 >> End >> 2020-10-04 23:15:00.724351

mcadh4k7n73 >> Start >> 2020-10-04 23:17:21.531518

mcadh4k7n73 >> Image Returned >> 2020-10-04 23:17:21.534615

mcadh4k7n73 >> End >> 2020-10-04 23:17:21.693468

ht75oq646av >> Start >> 2020-10-04 23:30:05.067898

ht75oq646av >> Image Returned >> 2020-10-04 23:30:05.071396

ht75oq646av >> End >> 2020-10-04 23:30:05.244729

