vd55xbyh6es >> Start >> 2020-11-03 00:11:31.449438

vd55xbyh6es >> Image Returned >> 2020-11-03 00:11:31.454318

vd55xbyh6es >> End >> 2020-11-03 00:11:31.642425

z0meu86yz5p >> Start >> 2020-11-03 00:12:57.110757

z0meu86yz5p >> Image Returned >> 2020-11-03 00:12:57.114439

z0meu86yz5p >> End >> 2020-11-03 00:12:57.301897

ww3hm68zwft >> Start >> 2020-11-03 00:23:37.228800

ww3hm68zwft >> Image Returned >> 2020-11-03 00:23:37.232753

ww3hm68zwft >> End >> 2020-11-03 00:23:37.419857

gxhyaxigt5u >> Start >> 2020-11-03 00:28:45.794219

gxhyaxigt5u >> Image Returned >> 2020-11-03 00:28:45.798540

gxhyaxigt5u >> End >> 2020-11-03 00:28:45.992208

ai0yxfxznay >> Start >> 2020-11-03 00:30:05.482837

ai0yxfxznay >> Image Returned >> 2020-11-03 00:30:05.487807

ai0yxfxznay >> End >> 2020-11-03 00:30:05.669980

cxy0zz6pzbu >> Start >> 2020-11-03 00:36:11.444699

cxy0zz6pzbu >> Image Returned >> 2020-11-03 00:36:11.449799

cxy0zz6pzbu >> End >> 2020-11-03 00:36:11.637140

ybfbgv6quoo >> Start >> 2020-11-03 00:44:01.903759

ybfbgv6quoo >> Image Returned >> 2020-11-03 00:44:01.907530

ybfbgv6quoo >> End >> 2020-11-03 00:44:02.099033

6qv32j3xuuj >> Start >> 2020-11-03 00:46:48.566883

6qv32j3xuuj >> Image Returned >> 2020-11-03 00:46:48.570660

6qv32j3xuuj >> End >> 2020-11-03 00:46:48.752286

ofymwenwfkn >> Start >> 2020-11-03 01:17:29.798717

ofymwenwfkn >> Image Returned >> 2020-11-03 01:17:29.803308

ofymwenwfkn >> End >> 2020-11-03 01:17:29.994669

r0dtgnm3htf >> Start >> 2020-11-03 01:19:31.096391

r0dtgnm3htf >> Image Returned >> 2020-11-03 01:19:31.100085

r0dtgnm3htf >> End >> 2020-11-03 01:19:31.279297

fp64j88niza >> Start >> 2020-11-03 01:30:48.352245

fp64j88niza >> Image Returned >> 2020-11-03 01:30:48.355715

fp64j88niza >> End >> 2020-11-03 01:30:48.485276

i7eyje03u45 >> Start >> 2020-11-03 01:46:16.564455

i7eyje03u45 >> Image Returned >> 2020-11-03 01:46:16.568275

i7eyje03u45 >> End >> 2020-11-03 01:46:16.755105

sxvikhxgng4 >> Start >> 2020-11-03 01:47:34.756853

sxvikhxgng4 >> Image Returned >> 2020-11-03 01:47:34.760946

sxvikhxgng4 >> End >> 2020-11-03 01:47:34.939102

yfwwg2idevd >> Start >> 2020-11-03 02:04:31.639995

yfwwg2idevd >> Image Returned >> 2020-11-03 02:04:31.644399

yfwwg2idevd >> End >> 2020-11-03 02:04:31.858488

5w5x0hcy2cm >> Start >> 2020-11-03 02:17:29.871984

5w5x0hcy2cm >> Image Returned >> 2020-11-03 02:17:29.876739

5w5x0hcy2cm >> End >> 2020-11-03 02:17:30.066586

rsysqj8uv3b >> Start >> 2020-11-03 02:20:07.685601

rsysqj8uv3b >> Image Returned >> 2020-11-03 02:20:07.689161

rsysqj8uv3b >> End >> 2020-11-03 02:20:07.877120

cf8xsektxkx >> Start >> 2020-11-03 02:24:22.368799

cf8xsektxkx >> Image Returned >> 2020-11-03 02:24:22.373297

cf8xsektxkx >> End >> 2020-11-03 02:24:22.563972

bzodjvpszbo >> Start >> 2020-11-03 02:24:38.956485

bzodjvpszbo >> Image Returned >> 2020-11-03 02:24:38.960166

bzodjvpszbo >> End >> 2020-11-03 02:24:39.152951

a7r6zs820j0 >> Start >> 2020-11-03 02:31:27.671453

a7r6zs820j0 >> Image Returned >> 2020-11-03 02:31:27.675134

a7r6zs820j0 >> End >> 2020-11-03 02:31:27.891510

04shzxvjqpd >> Start >> 2020-11-03 02:45:31.984302

04shzxvjqpd >> Image Returned >> 2020-11-03 02:45:31.988230

04shzxvjqpd >> End >> 2020-11-03 02:45:32.118459

mktyxs5zpud >> Start >> 2020-11-03 02:51:30.504585

mktyxs5zpud >> Image Returned >> 2020-11-03 02:51:30.508241

mktyxs5zpud >> End >> 2020-11-03 02:51:30.730005

0qtsfoqkhab >> Start >> 2020-11-03 02:53:42.211587

0qtsfoqkhab >> Image Returned >> 2020-11-03 02:53:42.215655

0qtsfoqkhab >> End >> 2020-11-03 02:53:42.445164

tc2bcto0n28 >> Start >> 2020-11-03 03:26:20.638276

tc2bcto0n28 >> Image Returned >> 2020-11-03 03:26:20.642590

tc2bcto0n28 >> End >> 2020-11-03 03:26:20.841013

g0bgr78jtzh >> Start >> 2020-11-03 03:35:08.195374

g0bgr78jtzh >> Image Returned >> 2020-11-03 03:35:08.199286

g0bgr78jtzh >> End >> 2020-11-03 03:35:08.382432

saua3tvnqem >> Start >> 2020-11-03 03:35:36.608505

saua3tvnqem >> Image Returned >> 2020-11-03 03:35:36.612076

saua3tvnqem >> End >> 2020-11-03 03:35:36.805274

nshs2of6qez >> Start >> 2020-11-03 03:38:24.153666

nshs2of6qez >> Image Returned >> 2020-11-03 03:38:24.158094

nshs2of6qez >> End >> 2020-11-03 03:38:24.335553

8jg7ncxy5be >> Start >> 2020-11-03 04:00:04.554785

8jg7ncxy5be >> Image Returned >> 2020-11-03 04:00:04.558190

8jg7ncxy5be >> End >> 2020-11-03 04:00:04.795362

hwfcjvkvvxy >> Start >> 2020-11-03 04:14:15.071398

hwfcjvkvvxy >> Image Returned >> 2020-11-03 04:14:15.075792

hwfcjvkvvxy >> End >> 2020-11-03 04:14:15.273305

r2ut504moth >> Start >> 2020-11-03 04:14:37.221508

r2ut504moth >> Image Returned >> 2020-11-03 04:14:37.224715

r2ut504moth >> End >> 2020-11-03 04:14:37.416207

3enwee8yegk >> Start >> 2020-11-03 04:59:25.367268

3enwee8yegk >> Image Returned >> 2020-11-03 04:59:25.371474

3enwee8yegk >> End >> 2020-11-03 04:59:25.551017

qcrveuqmj48 >> Start >> 2020-11-03 05:00:00.971065

qcrveuqmj48 >> Image Returned >> 2020-11-03 05:00:00.974349

qcrveuqmj48 >> End >> 2020-11-03 05:00:01.154963

hcp4vs37nv8 >> Start >> 2020-11-03 05:05:05.631496

hcp4vs37nv8 >> Image Returned >> 2020-11-03 05:05:05.635337

hcp4vs37nv8 >> End >> 2020-11-03 05:05:05.819385

2dut75bp4oq >> Start >> 2020-11-03 05:15:53.777956

2dut75bp4oq >> Image Returned >> 2020-11-03 05:15:53.781682

2dut75bp4oq >> End >> 2020-11-03 05:15:53.984276

8hc4tg6zr3o >> Start >> 2020-11-03 05:17:16.581240

8hc4tg6zr3o >> Image Returned >> 2020-11-03 05:17:16.585146

8hc4tg6zr3o >> End >> 2020-11-03 05:17:16.781609

mwvhni6rck4 >> Start >> 2020-11-03 05:26:20.079251

mwvhni6rck4 >> Image Returned >> 2020-11-03 05:26:20.083312

mwvhni6rck4 >> End >> 2020-11-03 05:26:20.449870

hkxpyk285rk >> Start >> 2020-11-03 05:28:38.088346

hkxpyk285rk >> Image Returned >> 2020-11-03 05:28:38.091890

hkxpyk285rk >> End >> 2020-11-03 05:28:38.309932

gs4pfckq5wt >> Start >> 2020-11-03 05:30:26.238908

gs4pfckq5wt >> Image Returned >> 2020-11-03 05:30:26.242500

gs4pfckq5wt >> End >> 2020-11-03 05:30:26.462508

cj2jquinfae >> Start >> 2020-11-03 05:41:18.765216

cj2jquinfae >> Image Returned >> 2020-11-03 05:41:18.769119

cj2jquinfae >> End >> 2020-11-03 05:41:18.951280

0todgabuyzw >> Start >> 2020-11-03 05:41:57.092401

0todgabuyzw >> Image Returned >> 2020-11-03 05:41:57.095604

0todgabuyzw >> End >> 2020-11-03 05:41:57.292625

e0ji7b6wkvj >> Start >> 2020-11-03 05:52:21.466095

e0ji7b6wkvj >> Image Returned >> 2020-11-03 05:52:21.469690

e0ji7b6wkvj >> End >> 2020-11-03 05:52:21.662399

rhz2f74iika >> Start >> 2020-11-03 06:20:31.727607

rhz2f74iika >> Image Returned >> 2020-11-03 06:20:31.731434

rhz2f74iika >> End >> 2020-11-03 06:20:31.929909

64wm3qnv7n4 >> Start >> 2020-11-03 06:24:30.889118

64wm3qnv7n4 >> Image Returned >> 2020-11-03 06:24:30.893290

64wm3qnv7n4 >> End >> 2020-11-03 06:24:31.074001

4eoe8562cmk >> Start >> 2020-11-03 06:28:42.324404

4eoe8562cmk >> Image Returned >> 2020-11-03 06:28:42.328082

4eoe8562cmk >> End >> 2020-11-03 06:28:42.504015

pis8zn0ur3v >> Start >> 2020-11-03 06:31:24.452466

pis8zn0ur3v >> Image Returned >> 2020-11-03 06:31:24.456120

pis8zn0ur3v >> End >> 2020-11-03 06:31:24.642275

2j5zhj20myd >> Start >> 2020-11-03 06:36:03.362854

2j5zhj20myd >> Image Returned >> 2020-11-03 06:36:03.366566

2j5zhj20myd >> End >> 2020-11-03 06:36:03.552321

rcmaschbsio >> Start >> 2020-11-03 06:43:14.018109

rcmaschbsio >> Image Returned >> 2020-11-03 06:43:14.022550

rcmaschbsio >> End >> 2020-11-03 06:43:14.203525

kvxmod6t2cm >> Start >> 2020-11-03 06:48:39.637001

kvxmod6t2cm >> Image Returned >> 2020-11-03 06:48:39.641385

kvxmod6t2cm >> End >> 2020-11-03 06:48:39.821829

gjbxxdwiygj >> Start >> 2020-11-03 06:49:55.888848

gjbxxdwiygj >> Image Returned >> 2020-11-03 06:49:55.892740

gjbxxdwiygj >> End >> 2020-11-03 06:49:56.072704

kpy3m7xg7ir >> Start >> 2020-11-03 06:50:08.721347

kpy3m7xg7ir >> Image Returned >> 2020-11-03 06:50:08.724661

kpy3m7xg7ir >> End >> 2020-11-03 06:50:08.910726

nd38stbpe4e >> Start >> 2020-11-03 06:54:01.899421

nd38stbpe4e >> Image Returned >> 2020-11-03 06:54:01.903354

nd38stbpe4e >> End >> 2020-11-03 06:54:02.091013

x64y8mdfvkq >> Start >> 2020-11-03 06:54:23.987951

x64y8mdfvkq >> Image Returned >> 2020-11-03 06:54:23.991661

x64y8mdfvkq >> End >> 2020-11-03 06:54:24.170577

7yabmcuom3s >> Start >> 2020-11-03 06:54:37.442481

7yabmcuom3s >> Image Returned >> 2020-11-03 06:54:37.445791

7yabmcuom3s >> End >> 2020-11-03 06:54:37.631192

biadk48ohtc >> Start >> 2020-11-03 06:54:53.505122

biadk48ohtc >> Image Returned >> 2020-11-03 06:54:53.508549

biadk48ohtc >> End >> 2020-11-03 06:54:53.691164

x2nwgvtx8hr >> Start >> 2020-11-03 06:56:58.364144

x2nwgvtx8hr >> Image Returned >> 2020-11-03 06:56:58.367816

x2nwgvtx8hr >> End >> 2020-11-03 06:56:58.496733

hgstrqo6kn6 >> Start >> 2020-11-03 06:57:41.676058

hgstrqo6kn6 >> Image Returned >> 2020-11-03 06:57:41.679831

hgstrqo6kn6 >> End >> 2020-11-03 06:57:41.881779

rj65yfzuap3 >> Start >> 2020-11-03 07:01:59.866378

rj65yfzuap3 >> Image Returned >> 2020-11-03 07:01:59.870002

rj65yfzuap3 >> End >> 2020-11-03 07:02:00.067846

s0heyebyrtv >> Start >> 2020-11-03 07:03:28.831140

s0heyebyrtv >> Image Returned >> 2020-11-03 07:03:28.835410

s0heyebyrtv >> End >> 2020-11-03 07:03:29.034641

je0icgvo2om >> Start >> 2020-11-03 07:03:44.626563

je0icgvo2om >> Image Returned >> 2020-11-03 07:03:44.629853

je0icgvo2om >> End >> 2020-11-03 07:03:44.880633

n03o7ygkwfm >> Start >> 2020-11-03 07:16:09.952299

n03o7ygkwfm >> Image Returned >> 2020-11-03 07:16:09.955636

n03o7ygkwfm >> End >> 2020-11-03 07:16:10.137713

h45k22bjzxg >> Start >> 2020-11-03 07:20:22.133594

h45k22bjzxg >> Image Returned >> 2020-11-03 07:20:22.137579

h45k22bjzxg >> End >> 2020-11-03 07:20:22.328726

n3q8jh0x3dq >> Start >> 2020-11-03 07:20:33.407670

n3q8jh0x3dq >> Image Returned >> 2020-11-03 07:20:33.408135

n3q8jh0x3dq >> End >> 2020-11-03 07:20:33.645097

veda2xi0cn8 >> Start >> 2020-11-03 07:20:37.320744

veda2xi0cn8 >> Image Returned >> 2020-11-03 07:20:37.321070

veda2xi0cn8 >> End >> 2020-11-03 07:20:37.517750

aqgq6zrkvok >> Start >> 2020-11-03 07:23:34.888334

aqgq6zrkvok >> Image Returned >> 2020-11-03 07:23:34.892064

aqgq6zrkvok >> End >> 2020-11-03 07:23:35.099461

demwdfj4n5y >> Start >> 2020-11-03 07:25:45.946444

demwdfj4n5y >> Image Returned >> 2020-11-03 07:25:45.950139

demwdfj4n5y >> End >> 2020-11-03 07:25:46.128695

67z74e0yvci >> Start >> 2020-11-03 07:40:42.444643

67z74e0yvci >> Image Returned >> 2020-11-03 07:40:42.448116

67z74e0yvci >> End >> 2020-11-03 07:40:42.629645

ayzqaighxmo >> Start >> 2020-11-03 07:44:08.170708

ayzqaighxmo >> Image Returned >> 2020-11-03 07:44:08.174098

ayzqaighxmo >> End >> 2020-11-03 07:44:08.387280

0m4rxhhqr3j >> Start >> 2020-11-03 07:50:36.731023

0m4rxhhqr3j >> Image Returned >> 2020-11-03 07:50:36.734683

0m4rxhhqr3j >> End >> 2020-11-03 07:50:36.919802

ns7tmjocixy >> Start >> 2020-11-03 07:53:59.285836

ns7tmjocixy >> Image Returned >> 2020-11-03 07:53:59.290426

ns7tmjocixy >> End >> 2020-11-03 07:53:59.475718

3os3ytcc4xd >> Start >> 2020-11-03 08:02:45.158282

3os3ytcc4xd >> Image Returned >> 2020-11-03 08:02:45.162808

3os3ytcc4xd >> End >> 2020-11-03 08:02:45.342310

5ekbf3tei7i >> Start >> 2020-11-03 08:08:17.083034

5ekbf3tei7i >> Image Returned >> 2020-11-03 08:08:17.089926

5ekbf3tei7i >> End >> 2020-11-03 08:08:17.290532

nabomgkb24b >> Start >> 2020-11-03 08:08:28.067670

nabomgkb24b >> Image Returned >> 2020-11-03 08:08:28.068022

nabomgkb24b >> End >> 2020-11-03 08:08:28.279927

dw2ef3yk73j >> Start >> 2020-11-03 08:15:21.670821

dw2ef3yk73j >> Image Returned >> 2020-11-03 08:15:21.674612

dw2ef3yk73j >> End >> 2020-11-03 08:15:21.866231

6husccjyfsm >> Start >> 2020-11-03 08:18:37.591162

6husccjyfsm >> Image Returned >> 2020-11-03 08:18:37.595526

6husccjyfsm >> End >> 2020-11-03 08:18:37.789307

wsvafigemya >> Start >> 2020-11-03 08:29:32.505587

wsvafigemya >> Image Returned >> 2020-11-03 08:29:32.509464

wsvafigemya >> End >> 2020-11-03 08:29:32.738071

etv7hirptjd >> Start >> 2020-11-03 08:39:42.346633

etv7hirptjd >> Image Returned >> 2020-11-03 08:39:42.350651

etv7hirptjd >> End >> 2020-11-03 08:39:42.582233

8k2hon3q7qd >> Start >> 2020-11-03 08:41:48.858541

8k2hon3q7qd >> Image Returned >> 2020-11-03 08:41:48.862087

8k2hon3q7qd >> End >> 2020-11-03 08:41:49.066201

kqv2b6aa47h >> Start >> 2020-11-03 08:49:07.927614

kqv2b6aa47h >> Image Returned >> 2020-11-03 08:49:07.930916

kqv2b6aa47h >> End >> 2020-11-03 08:49:08.130636

a35n3d2mv5u >> Start >> 2020-11-03 08:51:23.491847

a35n3d2mv5u >> Image Returned >> 2020-11-03 08:51:23.495496

a35n3d2mv5u >> End >> 2020-11-03 08:51:23.691175

odz0mfpxzto >> Start >> 2020-11-03 08:55:16.736284

odz0mfpxzto >> Image Returned >> 2020-11-03 08:55:16.739680

odz0mfpxzto >> End >> 2020-11-03 08:55:16.921914

66nht4eda6f >> Start >> 2020-11-03 08:58:50.315800

66nht4eda6f >> Image Returned >> 2020-11-03 08:58:50.321017

66nht4eda6f >> End >> 2020-11-03 08:58:50.507133

ivxgjzd4vzb >> Start >> 2020-11-03 09:03:08.238111

ivxgjzd4vzb >> Image Returned >> 2020-11-03 09:03:08.243232

ivxgjzd4vzb >> End >> 2020-11-03 09:03:08.435947

ko4td5qha42 >> Start >> 2020-11-03 09:04:03.956651

ko4td5qha42 >> Image Returned >> 2020-11-03 09:04:03.959955

ko4td5qha42 >> End >> 2020-11-03 09:04:04.148016

o4vzxhn8gmm >> Start >> 2020-11-03 09:08:51.502981

o4vzxhn8gmm >> Image Returned >> 2020-11-03 09:08:51.506628

o4vzxhn8gmm >> End >> 2020-11-03 09:08:51.690325

io5juhjwra8 >> Start >> 2020-11-03 09:09:11.171763

io5juhjwra8 >> Image Returned >> 2020-11-03 09:09:11.175093

io5juhjwra8 >> End >> 2020-11-03 09:09:11.356161

u5ftfsepe74 >> Start >> 2020-11-03 09:10:35.324510

u5ftfsepe74 >> Image Returned >> 2020-11-03 09:10:35.328277

u5ftfsepe74 >> End >> 2020-11-03 09:10:35.833113

mrr0oknxhbn >> Start >> 2020-11-03 09:11:04.102442

mrr0oknxhbn >> Image Returned >> 2020-11-03 09:11:04.105715

mrr0oknxhbn >> End >> 2020-11-03 09:11:04.309091

8b6sbnyk4b3 >> Start >> 2020-11-03 09:13:12.129326

8b6sbnyk4b3 >> Image Returned >> 2020-11-03 09:13:12.132601

8b6sbnyk4b3 >> End >> 2020-11-03 09:13:12.332333

8yyvhnnnuvw >> Start >> 2020-11-03 09:14:12.391472

8yyvhnnnuvw >> Image Returned >> 2020-11-03 09:14:12.395256

8yyvhnnnuvw >> End >> 2020-11-03 09:14:12.580111

odn5jd0sdqb >> Start >> 2020-11-03 09:15:23.977442

odn5jd0sdqb >> Image Returned >> 2020-11-03 09:15:23.981123

odn5jd0sdqb >> End >> 2020-11-03 09:15:24.171974

qvgnqg46feh >> Start >> 2020-11-03 09:24:42.152362

qvgnqg46feh >> Image Returned >> 2020-11-03 09:24:42.156907

qvgnqg46feh >> End >> 2020-11-03 09:24:42.340554

s34c8st8hq4 >> Start >> 2020-11-03 09:27:33.289551

s34c8st8hq4 >> Image Returned >> 2020-11-03 09:27:33.294569

s34c8st8hq4 >> End >> 2020-11-03 09:27:33.518985

ixvdowzvgsq >> Start >> 2020-11-03 09:28:06.568989

ixvdowzvgsq >> Image Returned >> 2020-11-03 09:28:06.572596

ixvdowzvgsq >> End >> 2020-11-03 09:28:06.803500

icvou5hcx0v >> Start >> 2020-11-03 09:28:45.928319

icvou5hcx0v >> Image Returned >> 2020-11-03 09:28:45.932044

icvou5hcx0v >> End >> 2020-11-03 09:28:46.171305

3bmmz8firpt >> Start >> 2020-11-03 09:29:10.927777

3bmmz8firpt >> Image Returned >> 2020-11-03 09:29:10.931080

3bmmz8firpt >> End >> 2020-11-03 09:29:11.165167

hbsicnnxk6y >> Start >> 2020-11-03 09:30:43.979372

hbsicnnxk6y >> Image Returned >> 2020-11-03 09:30:43.983784

hbsicnnxk6y >> End >> 2020-11-03 09:30:44.168349

z0a332q74wp >> Start >> 2020-11-03 09:31:06.912636

z0a332q74wp >> Image Returned >> 2020-11-03 09:31:06.915968

z0a332q74wp >> End >> 2020-11-03 09:31:07.189830

vi2cp4itahe >> Start >> 2020-11-03 09:36:02.558485

vi2cp4itahe >> Image Returned >> 2020-11-03 09:36:02.561988

vi2cp4itahe >> End >> 2020-11-03 09:36:02.742283

yocz4wtuap7 >> Start >> 2020-11-03 09:40:37.479043

yocz4wtuap7 >> Image Returned >> 2020-11-03 09:40:37.483134

yocz4wtuap7 >> End >> 2020-11-03 09:40:37.667819

mhxn0egofsb >> Start >> 2020-11-03 09:45:16.674149

mhxn0egofsb >> Image Returned >> 2020-11-03 09:45:16.677542

mhxn0egofsb >> End >> 2020-11-03 09:45:16.865431

uyrvku3f2ed >> Start >> 2020-11-03 09:46:51.541790

uyrvku3f2ed >> Image Returned >> 2020-11-03 09:46:51.545738

uyrvku3f2ed >> End >> 2020-11-03 09:46:51.737131

hhwrqezmt74 >> Start >> 2020-11-03 09:51:01.450594

hhwrqezmt74 >> Image Returned >> 2020-11-03 09:51:01.454386

hhwrqezmt74 >> End >> 2020-11-03 09:51:01.632116

v8c88pv6cwy >> Start >> 2020-11-03 09:51:49.558521

v8c88pv6cwy >> Image Returned >> 2020-11-03 09:51:49.562418

v8c88pv6cwy >> End >> 2020-11-03 09:51:49.741164

mno4t7etcgv >> Start >> 2020-11-03 09:52:14.951244

mno4t7etcgv >> Image Returned >> 2020-11-03 09:52:14.954528

mno4t7etcgv >> End >> 2020-11-03 09:52:15.138453

aq2q3qzhxn7 >> Start >> 2020-11-03 09:52:29.908004

aq2q3qzhxn7 >> Image Returned >> 2020-11-03 09:52:29.911451

aq2q3qzhxn7 >> End >> 2020-11-03 09:52:30.090854

pk6zdz5bctq >> Start >> 2020-11-03 09:53:39.143455

pk6zdz5bctq >> Image Returned >> 2020-11-03 09:53:39.147193

pk6zdz5bctq >> End >> 2020-11-03 09:53:39.333604

xa7cxkovnip >> Start >> 2020-11-03 09:54:50.750093

xa7cxkovnip >> Image Returned >> 2020-11-03 09:54:50.753642

xa7cxkovnip >> End >> 2020-11-03 09:54:50.990706

upcxsaxniep >> Start >> 2020-11-03 09:57:55.946258

upcxsaxniep >> Image Returned >> 2020-11-03 09:57:55.951118

upcxsaxniep >> End >> 2020-11-03 09:57:56.139774

es3k0td2jzh >> Start >> 2020-11-03 09:58:27.436005

es3k0td2jzh >> Image Returned >> 2020-11-03 09:58:27.440398

es3k0td2jzh >> End >> 2020-11-03 09:58:27.662643

f2nz2mepsfq >> Start >> 2020-11-03 10:00:00.557837

f2nz2mepsfq >> Image Returned >> 2020-11-03 10:00:00.561245

f2nz2mepsfq >> End >> 2020-11-03 10:00:00.744275

q34vydj0z4i >> Start >> 2020-11-03 10:01:15.484750

q34vydj0z4i >> Image Returned >> 2020-11-03 10:01:15.488430

q34vydj0z4i >> End >> 2020-11-03 10:01:15.692792

55e2wzwds30 >> Start >> 2020-11-03 10:04:54.325242

55e2wzwds30 >> Image Returned >> 2020-11-03 10:04:54.328655

55e2wzwds30 >> End >> 2020-11-03 10:04:54.517287

rj7f4jzyyk2 >> Start >> 2020-11-03 10:06:13.567585

rj7f4jzyyk2 >> Image Returned >> 2020-11-03 10:06:13.570998

rj7f4jzyyk2 >> End >> 2020-11-03 10:06:13.764096

i4awu30n0on >> Start >> 2020-11-03 10:08:35.228446

i4awu30n0on >> Image Returned >> 2020-11-03 10:08:35.232839

i4awu30n0on >> End >> 2020-11-03 10:08:35.422473

nk8eb2ybxv8 >> Start >> 2020-11-03 10:08:45.954330

nk8eb2ybxv8 >> Image Returned >> 2020-11-03 10:08:45.954634

nk8eb2ybxv8 >> End >> 2020-11-03 10:08:46.131195

at5e85y3nic >> Start >> 2020-11-03 10:25:27.321680

at5e85y3nic >> Image Returned >> 2020-11-03 10:25:27.325942

at5e85y3nic >> End >> 2020-11-03 10:25:27.505235

ojgdjjamux5 >> Start >> 2020-11-03 10:25:38.858544

ojgdjjamux5 >> Image Returned >> 2020-11-03 10:25:38.861859

ojgdjjamux5 >> End >> 2020-11-03 10:25:39.048042

j4taotvj7oe >> Start >> 2020-11-03 10:26:50.783160

j4taotvj7oe >> Image Returned >> 2020-11-03 10:26:50.786405

j4taotvj7oe >> End >> 2020-11-03 10:26:50.963957

yyvr3i476ww >> Start >> 2020-11-03 10:27:33.646888

yyvr3i476ww >> Image Returned >> 2020-11-03 10:27:33.650751

yyvr3i476ww >> End >> 2020-11-03 10:27:33.832835

omu5bng424f >> Start >> 2020-11-03 10:27:54.538079

omu5bng424f >> Image Returned >> 2020-11-03 10:27:54.541999

omu5bng424f >> End >> 2020-11-03 10:27:54.730524

fz0xxudr4mn >> Start >> 2020-11-03 10:30:39.345397

fz0xxudr4mn >> Image Returned >> 2020-11-03 10:30:39.349996

fz0xxudr4mn >> End >> 2020-11-03 10:30:39.574423

bhn4xhme80c >> Start >> 2020-11-03 10:30:46.935975

bhn4xhme80c >> Image Returned >> 2020-11-03 10:30:46.936270

bhn4xhme80c >> End >> 2020-11-03 10:30:47.118916

38xexxqmg3t >> Start >> 2020-11-03 10:31:06.800450

38xexxqmg3t >> Image Returned >> 2020-11-03 10:31:06.803757

38xexxqmg3t >> End >> 2020-11-03 10:31:06.997467

u7jqrn0fqnx >> Start >> 2020-11-03 10:31:11.638138

u7jqrn0fqnx >> Image Returned >> 2020-11-03 10:31:11.638415

u7jqrn0fqnx >> End >> 2020-11-03 10:31:11.825213

yhkezskznuc >> Start >> 2020-11-03 10:31:29.297236

yhkezskznuc >> Image Returned >> 2020-11-03 10:31:29.301055

yhkezskznuc >> End >> 2020-11-03 10:31:29.484625

toybydv0pbj >> Start >> 2020-11-03 10:31:34.067447

toybydv0pbj >> Image Returned >> 2020-11-03 10:31:34.067734

toybydv0pbj >> End >> 2020-11-03 10:31:34.253297

cpmiuyky2yh >> Start >> 2020-11-03 10:31:55.598829

cpmiuyky2yh >> Image Returned >> 2020-11-03 10:31:55.602293

cpmiuyky2yh >> End >> 2020-11-03 10:31:55.789293

ark8kdx20of >> Start >> 2020-11-03 10:32:29.003695

ark8kdx20of >> Image Returned >> 2020-11-03 10:32:29.007369

znovxs3m0su >> Start >> 2020-11-03 10:32:29.006218

znovxs3m0su >> Image Returned >> 2020-11-03 10:32:29.010477

ark8kdx20of >> End >> 2020-11-03 10:32:29.135785

znovxs3m0su >> End >> 2020-11-03 10:32:29.212259

obtyedmysb6 >> Start >> 2020-11-03 10:32:55.154196

obtyedmysb6 >> Image Returned >> 2020-11-03 10:32:55.158173

obtyedmysb6 >> End >> 2020-11-03 10:32:55.362771

saprjgreahv >> Start >> 2020-11-03 10:33:38.816374

saprjgreahv >> Image Returned >> 2020-11-03 10:33:38.820128

saprjgreahv >> End >> 2020-11-03 10:33:39.013293

stiwxyqjg7i >> Start >> 2020-11-03 10:34:11.207933

stiwxyqjg7i >> Image Returned >> 2020-11-03 10:34:11.211208

stiwxyqjg7i >> End >> 2020-11-03 10:34:11.406296

i2bu306a8vu >> Start >> 2020-11-03 10:35:15.016448

i2bu306a8vu >> Image Returned >> 2020-11-03 10:35:15.020250

i2bu306a8vu >> End >> 2020-11-03 10:35:15.197524

xtfu4vq0p6j >> Start >> 2020-11-03 10:35:35.549236

xtfu4vq0p6j >> Image Returned >> 2020-11-03 10:35:35.553184

xtfu4vq0p6j >> End >> 2020-11-03 10:35:35.681858

0eswst2qon2 >> Start >> 2020-11-03 10:36:13.125180

0eswst2qon2 >> Image Returned >> 2020-11-03 10:36:13.128413

0eswst2qon2 >> End >> 2020-11-03 10:36:13.312601

cffhtfkf6x5 >> Start >> 2020-11-03 10:39:30.903233

cffhtfkf6x5 >> Image Returned >> 2020-11-03 10:39:30.906583

cffhtfkf6x5 >> End >> 2020-11-03 10:39:31.116379

gm4ka6xtrn8 >> Start >> 2020-11-03 10:39:40.741772

gm4ka6xtrn8 >> Image Returned >> 2020-11-03 10:39:40.742072

gm4ka6xtrn8 >> End >> 2020-11-03 10:39:40.922638

ob2jak0y7qs >> Start >> 2020-11-03 10:39:50.460597

ob2jak0y7qs >> Image Returned >> 2020-11-03 10:39:50.461031

ob2jak0y7qs >> End >> 2020-11-03 10:39:50.641063

60yv0zvxd7n >> Start >> 2020-11-03 10:41:12.963210

60yv0zvxd7n >> Image Returned >> 2020-11-03 10:41:12.966512

60yv0zvxd7n >> End >> 2020-11-03 10:41:13.164305

a7ig0rovhde >> Start >> 2020-11-03 10:41:32.487039

a7ig0rovhde >> Image Returned >> 2020-11-03 10:41:32.490808

a7ig0rovhde >> End >> 2020-11-03 10:41:32.682054

420yt4r0o7q >> Start >> 2020-11-03 10:41:52.884623

420yt4r0o7q >> Image Returned >> 2020-11-03 10:41:52.888106

420yt4r0o7q >> End >> 2020-11-03 10:41:53.081724

gu88weag7oz >> Start >> 2020-11-03 10:43:37.471820

gu88weag7oz >> Image Returned >> 2020-11-03 10:43:37.476460

gu88weag7oz >> End >> 2020-11-03 10:43:37.665533

3oer8igy3mk >> Start >> 2020-11-03 10:43:37.859482

3oer8igy3mk >> Image Returned >> 2020-11-03 10:43:37.859762

3oer8igy3mk >> End >> 2020-11-03 10:43:38.043370

bo3a6id28an >> Start >> 2020-11-03 10:43:55.274003

bo3a6id28an >> Image Returned >> 2020-11-03 10:43:55.277792

bo3a6id28an >> End >> 2020-11-03 10:43:55.466655

uqm6cpqg5rc >> Start >> 2020-11-03 10:44:06.120388

uqm6cpqg5rc >> Image Returned >> 2020-11-03 10:44:06.120731

uqm6cpqg5rc >> End >> 2020-11-03 10:44:06.304286

wdebs2zmv0z >> Start >> 2020-11-03 10:44:10.338197

wdebs2zmv0z >> Image Returned >> 2020-11-03 10:44:10.338490

wdebs2zmv0z >> End >> 2020-11-03 10:44:10.525238

ug7qzv38jcn >> Start >> 2020-11-03 10:45:25.565385

ug7qzv38jcn >> Image Returned >> 2020-11-03 10:45:25.569142

ug7qzv38jcn >> End >> 2020-11-03 10:45:25.811772

3jow7fqo2q3 >> Start >> 2020-11-03 10:47:19.463645

3jow7fqo2q3 >> Image Returned >> 2020-11-03 10:47:19.467251

3jow7fqo2q3 >> End >> 2020-11-03 10:47:19.661362

4rb33icgfry >> Start >> 2020-11-03 10:48:22.599981

4rb33icgfry >> Image Returned >> 2020-11-03 10:48:22.603208

4rb33icgfry >> End >> 2020-11-03 10:48:22.785623

syu6niw5dyb >> Start >> 2020-11-03 10:57:29.660564

syu6niw5dyb >> Image Returned >> 2020-11-03 10:57:29.664865

syu6niw5dyb >> End >> 2020-11-03 10:57:29.851106

g6gpcfmsrft >> Start >> 2020-11-03 10:58:33.097826

g6gpcfmsrft >> Image Returned >> 2020-11-03 10:58:33.101443

g6gpcfmsrft >> End >> 2020-11-03 10:58:33.288331

4gp0znp45cz >> Start >> 2020-11-03 10:59:09.516072

4gp0znp45cz >> Image Returned >> 2020-11-03 10:59:09.519325

4gp0znp45cz >> End >> 2020-11-03 10:59:09.700117

v2kr85gvmew >> Start >> 2020-11-03 11:00:56.565068

v2kr85gvmew >> Image Returned >> 2020-11-03 11:00:56.569323

v2kr85gvmew >> End >> 2020-11-03 11:00:56.755264

4oskerh3df5 >> Start >> 2020-11-03 11:03:44.275240

4oskerh3df5 >> Image Returned >> 2020-11-03 11:03:44.279084

4oskerh3df5 >> End >> 2020-11-03 11:03:44.460566

p2wsbjorf6v >> Start >> 2020-11-03 11:08:28.868700

p2wsbjorf6v >> Image Returned >> 2020-11-03 11:08:28.872925

p2wsbjorf6v >> End >> 2020-11-03 11:08:29.080379

m6o00d6umcq >> Start >> 2020-11-03 11:11:39.761708

m6o00d6umcq >> Image Returned >> 2020-11-03 11:11:39.765700

m6o00d6umcq >> End >> 2020-11-03 11:11:39.947079

6un8h2pk83o >> Start >> 2020-11-03 11:15:20.603143

6un8h2pk83o >> Image Returned >> 2020-11-03 11:15:20.606741

6un8h2pk83o >> End >> 2020-11-03 11:15:20.880409

o27vdttndji >> Start >> 2020-11-03 11:18:05.078986

o27vdttndji >> Image Returned >> 2020-11-03 11:18:05.082791

o27vdttndji >> End >> 2020-11-03 11:18:05.265996

82u8cppzwif >> Start >> 2020-11-03 11:18:19.919909

82u8cppzwif >> Image Returned >> 2020-11-03 11:18:19.923115

82u8cppzwif >> End >> 2020-11-03 11:18:20.110598

q7bkguihrbn >> Start >> 2020-11-03 11:26:33.249155

q7bkguihrbn >> Image Returned >> 2020-11-03 11:26:33.253355

q7bkguihrbn >> End >> 2020-11-03 11:26:33.452734

6urt70gcxi8 >> Start >> 2020-11-03 11:27:47.675849

6urt70gcxi8 >> Image Returned >> 2020-11-03 11:27:47.679320

6urt70gcxi8 >> End >> 2020-11-03 11:27:47.856086

0hp370kfpff >> Start >> 2020-11-03 11:28:17.983544

0hp370kfpff >> Image Returned >> 2020-11-03 11:28:17.986831

0hp370kfpff >> End >> 2020-11-03 11:28:18.182907

nmwdvoqmcia >> Start >> 2020-11-03 11:28:37.138953

nmwdvoqmcia >> Image Returned >> 2020-11-03 11:28:37.142741

nmwdvoqmcia >> End >> 2020-11-03 11:28:37.356659

5j3gtonnxhv >> Start >> 2020-11-03 11:36:34.504034

5j3gtonnxhv >> Image Returned >> 2020-11-03 11:36:34.508122

5j3gtonnxhv >> End >> 2020-11-03 11:36:34.702081

ybtob7p6q25 >> Start >> 2020-11-03 11:42:10.647420

ybtob7p6q25 >> Image Returned >> 2020-11-03 11:42:10.650989

ybtob7p6q25 >> End >> 2020-11-03 11:42:10.843764

3h8h0pe2rvj >> Start >> 2020-11-03 11:53:41.994404

3h8h0pe2rvj >> Image Returned >> 2020-11-03 11:53:41.998518

3h8h0pe2rvj >> End >> 2020-11-03 11:53:42.208101

wrqamfv2yd0 >> Start >> 2020-11-03 11:56:38.215466

wrqamfv2yd0 >> Image Returned >> 2020-11-03 11:56:38.219196

wrqamfv2yd0 >> End >> 2020-11-03 11:56:38.401937

6y3bqmsdhng >> Start >> 2020-11-03 11:59:45.417768

6y3bqmsdhng >> Image Returned >> 2020-11-03 11:59:45.421060

6y3bqmsdhng >> End >> 2020-11-03 11:59:45.611416

wpvx0r85pef >> Start >> 2020-11-03 12:06:08.743417

wpvx0r85pef >> Image Returned >> 2020-11-03 12:06:08.747128

wpvx0r85pef >> End >> 2020-11-03 12:06:08.937031

nvbycvhwa0r >> Start >> 2020-11-03 12:07:44.504928

nvbycvhwa0r >> Image Returned >> 2020-11-03 12:07:44.508435

nvbycvhwa0r >> End >> 2020-11-03 12:07:44.691864

2ywxtkn7fj6 >> Start >> 2020-11-03 12:08:40.037183

2ywxtkn7fj6 >> Image Returned >> 2020-11-03 12:08:40.041914

2ywxtkn7fj6 >> End >> 2020-11-03 12:08:40.172853

k8bntq0p455 >> Start >> 2020-11-03 12:09:55.778398

k8bntq0p455 >> Image Returned >> 2020-11-03 12:09:55.782243

k8bntq0p455 >> End >> 2020-11-03 12:09:55.981378

y0po0hekd6w >> Start >> 2020-11-03 12:16:10.196984

y0po0hekd6w >> Image Returned >> 2020-11-03 12:16:10.200546

y0po0hekd6w >> End >> 2020-11-03 12:16:10.391483

fi27up87u2a >> Start >> 2020-11-03 12:16:44.233016

fi27up87u2a >> Image Returned >> 2020-11-03 12:16:44.236238

fi27up87u2a >> End >> 2020-11-03 12:16:44.418849

vi8dnfvvjzp >> Start >> 2020-11-03 12:18:28.295058

vi8dnfvvjzp >> Image Returned >> 2020-11-03 12:18:28.299191

vi8dnfvvjzp >> End >> 2020-11-03 12:18:28.488970

ae5idj2pkxi >> Start >> 2020-11-03 12:18:42.918524

ae5idj2pkxi >> Image Returned >> 2020-11-03 12:18:42.923497

ae5idj2pkxi >> End >> 2020-11-03 12:18:43.102375

2ytncyh4f4c >> Start >> 2020-11-03 12:25:08.466907

2ytncyh4f4c >> Image Returned >> 2020-11-03 12:25:08.471134

2ytncyh4f4c >> End >> 2020-11-03 12:25:08.670743

zkwu3qcqnw2 >> Start >> 2020-11-03 12:25:33.327985

zkwu3qcqnw2 >> Image Returned >> 2020-11-03 12:25:33.331604

zkwu3qcqnw2 >> End >> 2020-11-03 12:25:33.525053

rubycsg3fh3 >> Start >> 2020-11-03 12:27:00.743918

rubycsg3fh3 >> Image Returned >> 2020-11-03 12:27:00.747621

rubycsg3fh3 >> End >> 2020-11-03 12:27:00.961565

5do0r0a7yzv >> Start >> 2020-11-03 12:27:53.885988

5do0r0a7yzv >> Image Returned >> 2020-11-03 12:27:53.889228

5do0r0a7yzv >> End >> 2020-11-03 12:27:54.185183

iarxif6vz2f >> Start >> 2020-11-03 12:28:51.273057

iarxif6vz2f >> Image Returned >> 2020-11-03 12:28:51.276622

iarxif6vz2f >> End >> 2020-11-03 12:28:51.456499

6sy3mn84hqy >> Start >> 2020-11-03 12:30:04.940188

6sy3mn84hqy >> Image Returned >> 2020-11-03 12:30:04.943773

6sy3mn84hqy >> End >> 2020-11-03 12:30:05.138919

crtnkp3d6yq >> Start >> 2020-11-03 12:30:23.957818

crtnkp3d6yq >> Image Returned >> 2020-11-03 12:30:23.961078

crtnkp3d6yq >> End >> 2020-11-03 12:30:24.327914

3fak84ryuht >> Start >> 2020-11-03 12:31:19.704612

3fak84ryuht >> Image Returned >> 2020-11-03 12:31:19.707828

3fak84ryuht >> End >> 2020-11-03 12:31:19.919552

fx8u8nx2f0z >> Start >> 2020-11-03 12:37:55.627140

fx8u8nx2f0z >> Image Returned >> 2020-11-03 12:37:55.630827

fx8u8nx2f0z >> End >> 2020-11-03 12:37:55.821454

4ysnjnfgfwu >> Start >> 2020-11-03 12:41:29.057235

4ysnjnfgfwu >> Image Returned >> 2020-11-03 12:41:29.061510

4ysnjnfgfwu >> End >> 2020-11-03 12:41:29.250814

e6w2ucbfwr3 >> Start >> 2020-11-03 12:41:37.039814

e6w2ucbfwr3 >> Image Returned >> 2020-11-03 12:41:37.040116

e6w2ucbfwr3 >> End >> 2020-11-03 12:41:37.229835

m80jgg5mudi >> Start >> 2020-11-03 12:42:51.670660

m80jgg5mudi >> Image Returned >> 2020-11-03 12:42:51.674546

m80jgg5mudi >> End >> 2020-11-03 12:42:51.887902

0ntwcixkbcm >> Start >> 2020-11-03 12:43:11.795618

0ntwcixkbcm >> Image Returned >> 2020-11-03 12:43:11.799047

0ntwcixkbcm >> End >> 2020-11-03 12:43:11.999353

mrosb28jcdd >> Start >> 2020-11-03 12:43:16.936634

mrosb28jcdd >> Image Returned >> 2020-11-03 12:43:16.937010

mrosb28jcdd >> End >> 2020-11-03 12:43:17.114784

j6qne2x37rm >> Start >> 2020-11-03 12:48:06.368518

j6qne2x37rm >> Image Returned >> 2020-11-03 12:48:06.372522

j6qne2x37rm >> End >> 2020-11-03 12:48:06.571960

4a0cz542oih >> Start >> 2020-11-03 12:48:47.508949

4a0cz542oih >> Image Returned >> 2020-11-03 12:48:47.512859

4a0cz542oih >> End >> 2020-11-03 12:48:47.702018

kscbazat6w7 >> Start >> 2020-11-03 12:48:57.099560

kscbazat6w7 >> Image Returned >> 2020-11-03 12:48:57.099853

kscbazat6w7 >> End >> 2020-11-03 12:48:57.290735

gkbfa6ahoe5 >> Start >> 2020-11-03 12:54:16.157644

gkbfa6ahoe5 >> Image Returned >> 2020-11-03 12:54:16.161356

gkbfa6ahoe5 >> End >> 2020-11-03 12:54:16.351797

rdo0nkfxxio >> Start >> 2020-11-03 12:54:19.760833

rdo0nkfxxio >> Image Returned >> 2020-11-03 12:54:19.761126

rdo0nkfxxio >> End >> 2020-11-03 12:54:19.958489

d2d3vitc4vj >> Start >> 2020-11-03 12:59:57.220149

d2d3vitc4vj >> Image Returned >> 2020-11-03 12:59:57.223762

d2d3vitc4vj >> End >> 2020-11-03 12:59:57.407562

mymrhai87nd >> Start >> 2020-11-03 13:04:26.652656

mymrhai87nd >> Image Returned >> 2020-11-03 13:04:26.657048

mymrhai87nd >> End >> 2020-11-03 13:04:26.840039

xfsrt7t2qri >> Start >> 2020-11-03 13:05:18.689397

xfsrt7t2qri >> Image Returned >> 2020-11-03 13:05:18.692634

xfsrt7t2qri >> End >> 2020-11-03 13:05:18.880563

4urz78awikh >> Start >> 2020-11-03 13:09:26.188524

4urz78awikh >> Image Returned >> 2020-11-03 13:09:26.191796

4urz78awikh >> End >> 2020-11-03 13:09:26.371269

kh5c6phto6y >> Start >> 2020-11-03 13:11:37.151670

kh5c6phto6y >> Image Returned >> 2020-11-03 13:11:37.156369

kh5c6phto6y >> End >> 2020-11-03 13:11:37.351969

ztjbzp2ersu >> Start >> 2020-11-03 13:18:15.336091

ztjbzp2ersu >> Image Returned >> 2020-11-03 13:18:15.340426

ztjbzp2ersu >> End >> 2020-11-03 13:18:15.522017

ebza3w47tsq >> Start >> 2020-11-03 13:26:02.631131

ebza3w47tsq >> Image Returned >> 2020-11-03 13:26:02.634495

ebza3w47tsq >> End >> 2020-11-03 13:26:02.828246

ve3doryefec >> Start >> 2020-11-03 13:27:02.185918

ve3doryefec >> Image Returned >> 2020-11-03 13:27:02.189529

ve3doryefec >> End >> 2020-11-03 13:27:02.399667

p8prpr8czb4 >> Start >> 2020-11-03 13:28:48.419008

p8prpr8czb4 >> Image Returned >> 2020-11-03 13:28:48.424827

p8prpr8czb4 >> End >> 2020-11-03 13:28:48.611028

d32e6inna87 >> Start >> 2020-11-03 13:32:42.250679

d32e6inna87 >> Image Returned >> 2020-11-03 13:32:42.258723

d32e6inna87 >> End >> 2020-11-03 13:32:42.440787

ngcd550bsjf >> Start >> 2020-11-03 13:35:21.241364

ngcd550bsjf >> Image Returned >> 2020-11-03 13:35:21.246633

ngcd550bsjf >> End >> 2020-11-03 13:35:21.434489

3qxwht7ds37 >> Start >> 2020-11-03 13:36:04.244100

3qxwht7ds37 >> Image Returned >> 2020-11-03 13:36:04.247771

3qxwht7ds37 >> End >> 2020-11-03 13:36:04.442743

mufdffraxdv >> Start >> 2020-11-03 13:49:16.465027

mufdffraxdv >> Image Returned >> 2020-11-03 13:49:16.468455

mufdffraxdv >> End >> 2020-11-03 13:49:16.666006

2vqni5gw7n3 >> Start >> 2020-11-03 13:55:27.118057

2vqni5gw7n3 >> Image Returned >> 2020-11-03 13:55:27.124289

2vqni5gw7n3 >> End >> 2020-11-03 13:55:27.316895

zj6itvby45o >> Start >> 2020-11-03 13:55:55.032466

zj6itvby45o >> Image Returned >> 2020-11-03 13:55:55.037790

zj6itvby45o >> End >> 2020-11-03 13:55:55.225059

8va0ktez7su >> Start >> 2020-11-03 13:56:03.402836

8va0ktez7su >> Image Returned >> 2020-11-03 13:56:03.403182

8va0ktez7su >> End >> 2020-11-03 13:56:03.598434

yvbg8huqahb >> Start >> 2020-11-03 13:57:02.555927

yvbg8huqahb >> Image Returned >> 2020-11-03 13:57:02.559978

yvbg8huqahb >> End >> 2020-11-03 13:57:02.749706

r6axby8xx3g >> Start >> 2020-11-03 13:57:21.389859

r6axby8xx3g >> Image Returned >> 2020-11-03 13:57:21.393183

r6axby8xx3g >> End >> 2020-11-03 13:57:21.579910

7t5m5pgcek2 >> Start >> 2020-11-03 14:00:12.295711

7t5m5pgcek2 >> Image Returned >> 2020-11-03 14:00:12.299076

7t5m5pgcek2 >> End >> 2020-11-03 14:00:12.502856

uz32apnfe6f >> Start >> 2020-11-03 14:02:08.759215

uz32apnfe6f >> Image Returned >> 2020-11-03 14:02:08.762826

uz32apnfe6f >> End >> 2020-11-03 14:02:08.966322

p2rkgp4xccu >> Start >> 2020-11-03 14:02:15.788116

p2rkgp4xccu >> Image Returned >> 2020-11-03 14:02:15.788393

p2rkgp4xccu >> End >> 2020-11-03 14:02:15.981118

hxpqxp7xrgp >> Start >> 2020-11-03 14:02:40.451096

hxpqxp7xrgp >> Image Returned >> 2020-11-03 14:02:40.454780

hxpqxp7xrgp >> End >> 2020-11-03 14:02:40.645850

gjcecaeu5p3 >> Start >> 2020-11-03 14:12:27.843327

gjcecaeu5p3 >> Image Returned >> 2020-11-03 14:12:27.847202

gjcecaeu5p3 >> End >> 2020-11-03 14:12:28.036590

pj0dgnnkpyf >> Start >> 2020-11-03 14:15:06.780961

pj0dgnnkpyf >> Image Returned >> 2020-11-03 14:15:06.786612

pj0dgnnkpyf >> End >> 2020-11-03 14:15:06.998480

jnnh80xuwjc >> Start >> 2020-11-03 14:15:11.639060

jnnh80xuwjc >> Image Returned >> 2020-11-03 14:15:11.639357

jnnh80xuwjc >> End >> 2020-11-03 14:15:11.827172

feww6azxw05 >> Start >> 2020-11-03 14:17:26.735229

feww6azxw05 >> Image Returned >> 2020-11-03 14:17:26.740750

feww6azxw05 >> End >> 2020-11-03 14:17:26.920222

rv54azntjik >> Start >> 2020-11-03 14:19:55.007849

rv54azntjik >> Image Returned >> 2020-11-03 14:19:55.011611

rv54azntjik >> End >> 2020-11-03 14:19:55.293498

t437hjtcd22 >> Start >> 2020-11-03 14:25:08.012208

t437hjtcd22 >> Image Returned >> 2020-11-03 14:25:08.015451

t437hjtcd22 >> End >> 2020-11-03 14:25:08.192725

tdkhh448dtk >> Start >> 2020-11-03 14:25:56.135920

tdkhh448dtk >> Image Returned >> 2020-11-03 14:25:56.139683

tdkhh448dtk >> End >> 2020-11-03 14:25:56.324265

juhzzipzzxf >> Start >> 2020-11-03 14:25:59.797369

juhzzipzzxf >> Image Returned >> 2020-11-03 14:25:59.797714

juhzzipzzxf >> End >> 2020-11-03 14:25:59.986776

0zvo44zddbs >> Start >> 2020-11-03 14:27:55.352396

0zvo44zddbs >> Image Returned >> 2020-11-03 14:27:55.356262

0zvo44zddbs >> End >> 2020-11-03 14:27:55.591456

kxu6fk4ryau >> Start >> 2020-11-03 14:34:35.271909

kxu6fk4ryau >> Image Returned >> 2020-11-03 14:34:35.275774

kxu6fk4ryau >> End >> 2020-11-03 14:34:35.456094

fytpr6ic3b7 >> Start >> 2020-11-03 14:36:57.811229

fytpr6ic3b7 >> Image Returned >> 2020-11-03 14:36:57.815165

fytpr6ic3b7 >> End >> 2020-11-03 14:36:58.003602

dn2iaebbmcd >> Start >> 2020-11-03 14:40:05.029244

dn2iaebbmcd >> Image Returned >> 2020-11-03 14:40:05.033171

dn2iaebbmcd >> End >> 2020-11-03 14:40:05.169899

e2cjbqutww7 >> Start >> 2020-11-03 14:40:42.105230

e2cjbqutww7 >> Image Returned >> 2020-11-03 14:40:42.109091

e2cjbqutww7 >> End >> 2020-11-03 14:40:42.319991

mtjpx8yfrsp >> Start >> 2020-11-03 14:41:14.761749

mtjpx8yfrsp >> Image Returned >> 2020-11-03 14:41:14.765090

mtjpx8yfrsp >> End >> 2020-11-03 14:41:14.959089

qbh35k4qrvj >> Start >> 2020-11-03 14:43:03.687079

qbh35k4qrvj >> Image Returned >> 2020-11-03 14:43:03.692645

qbh35k4qrvj >> End >> 2020-11-03 14:43:03.881588

gyag8gwqhb8 >> Start >> 2020-11-03 14:43:58.600795

gyag8gwqhb8 >> Image Returned >> 2020-11-03 14:43:58.604103

gyag8gwqhb8 >> End >> 2020-11-03 14:43:58.795818

hbwr5qt4eoi >> Start >> 2020-11-03 14:44:04.268112

hbwr5qt4eoi >> Image Returned >> 2020-11-03 14:44:04.268389

hbwr5qt4eoi >> End >> 2020-11-03 14:44:04.515981

q77ffwdj5t5 >> Start >> 2020-11-03 14:44:25.764349

q77ffwdj5t5 >> Image Returned >> 2020-11-03 14:44:25.767699

q77ffwdj5t5 >> End >> 2020-11-03 14:44:25.958576

rhhwam0mthi >> Start >> 2020-11-03 14:45:05.646641

rhhwam0mthi >> Image Returned >> 2020-11-03 14:45:05.650031

rhhwam0mthi >> End >> 2020-11-03 14:45:05.835979

t0diosasmy7 >> Start >> 2020-11-03 14:46:55.630781

t0diosasmy7 >> Image Returned >> 2020-11-03 14:46:55.634537

t0diosasmy7 >> End >> 2020-11-03 14:46:55.827714

asd3qhq52ff >> Start >> 2020-11-03 14:47:26.857728

asd3qhq52ff >> Image Returned >> 2020-11-03 14:47:26.861097

asd3qhq52ff >> End >> 2020-11-03 14:47:27.055994

7b6y5y7dtdq >> Start >> 2020-11-03 14:47:58.223747

7b6y5y7dtdq >> Image Returned >> 2020-11-03 14:47:58.228144

7b6y5y7dtdq >> End >> 2020-11-03 14:47:58.426029

hzm8ny2mm4e >> Start >> 2020-11-03 14:47:59.796888

hzm8ny2mm4e >> Image Returned >> 2020-11-03 14:47:59.797372

hzm8ny2mm4e >> End >> 2020-11-03 14:47:59.982538

572b7kkiazn >> Start >> 2020-11-03 14:51:12.473824

572b7kkiazn >> Image Returned >> 2020-11-03 14:51:12.479070

572b7kkiazn >> End >> 2020-11-03 14:51:12.685293

pw383swnnny >> Start >> 2020-11-03 14:51:20.262649

pw383swnnny >> Image Returned >> 2020-11-03 14:51:20.262959

pw383swnnny >> End >> 2020-11-03 14:51:20.456712

jx73obvrups >> Start >> 2020-11-03 14:52:02.429177

jx73obvrups >> Image Returned >> 2020-11-03 14:52:02.433125

jx73obvrups >> End >> 2020-11-03 14:52:02.634037

sodtbq85a7f >> Start >> 2020-11-03 14:56:36.571176

sodtbq85a7f >> Image Returned >> 2020-11-03 14:56:36.577316

sodtbq85a7f >> End >> 2020-11-03 14:56:36.792037

z75t27akcxp >> Start >> 2020-11-03 14:56:54.835599

z75t27akcxp >> Image Returned >> 2020-11-03 14:56:54.838994

z75t27akcxp >> End >> 2020-11-03 14:56:55.020992

0xy32ozcc4k >> Start >> 2020-11-03 14:59:32.020750

0xy32ozcc4k >> Image Returned >> 2020-11-03 14:59:32.024065

0xy32ozcc4k >> End >> 2020-11-03 14:59:32.210540

qupse23cdiq >> Start >> 2020-11-03 15:00:18.510171

qupse23cdiq >> Image Returned >> 2020-11-03 15:00:18.513454

qupse23cdiq >> End >> 2020-11-03 15:00:18.694048

3zax6jxf0cu >> Start >> 2020-11-03 15:07:04.423698

3zax6jxf0cu >> Image Returned >> 2020-11-03 15:07:04.429430

3zax6jxf0cu >> End >> 2020-11-03 15:07:04.613711

egpmjsp0rur >> Start >> 2020-11-03 15:07:36.808186

egpmjsp0rur >> Image Returned >> 2020-11-03 15:07:36.812030

egpmjsp0rur >> End >> 2020-11-03 15:07:36.941656

aw3477vrc80 >> Start >> 2020-11-03 15:15:19.750523

aw3477vrc80 >> Image Returned >> 2020-11-03 15:15:19.754278

aw3477vrc80 >> End >> 2020-11-03 15:15:19.942936

6b522ov6qj2 >> Start >> 2020-11-03 15:18:31.243485

6b522ov6qj2 >> Image Returned >> 2020-11-03 15:18:31.246752

6b522ov6qj2 >> End >> 2020-11-03 15:18:31.439016

3m8q3638cdm >> Start >> 2020-11-03 15:20:19.408718

3m8q3638cdm >> Image Returned >> 2020-11-03 15:20:19.412724

3m8q3638cdm >> End >> 2020-11-03 15:20:19.592205

d5tc5saaj6r >> Start >> 2020-11-03 15:23:22.119514

d5tc5saaj6r >> Image Returned >> 2020-11-03 15:23:22.123586

d5tc5saaj6r >> End >> 2020-11-03 15:23:22.331042

wpb0m300ukc >> Start >> 2020-11-03 15:31:18.988162

wpb0m300ukc >> Image Returned >> 2020-11-03 15:31:18.991475

wpb0m300ukc >> End >> 2020-11-03 15:31:19.170469

zjnxj28oyhs >> Start >> 2020-11-03 15:34:05.640891

zjnxj28oyhs >> Image Returned >> 2020-11-03 15:34:05.644198

zjnxj28oyhs >> End >> 2020-11-03 15:34:05.828942

em7jxgz0bq4 >> Start >> 2020-11-03 15:38:54.339514

em7jxgz0bq4 >> Image Returned >> 2020-11-03 15:38:54.343260

em7jxgz0bq4 >> End >> 2020-11-03 15:38:54.584319

ebxdh3fbeuj >> Start >> 2020-11-03 15:41:10.590699

ebxdh3fbeuj >> Image Returned >> 2020-11-03 15:41:10.594388

ebxdh3fbeuj >> End >> 2020-11-03 15:41:10.794779

kgf4kbga7fx >> Start >> 2020-11-03 15:42:34.153225

kgf4kbga7fx >> Image Returned >> 2020-11-03 15:42:34.156506

kgf4kbga7fx >> End >> 2020-11-03 15:42:34.348948

jtphr8swud0 >> Start >> 2020-11-03 15:43:37.714035

jtphr8swud0 >> Image Returned >> 2020-11-03 15:43:37.718197

jtphr8swud0 >> End >> 2020-11-03 15:43:37.907216

mv6sgf78zcw >> Start >> 2020-11-03 15:44:16.017894

mv6sgf78zcw >> Image Returned >> 2020-11-03 15:44:16.021137

mv6sgf78zcw >> End >> 2020-11-03 15:44:16.230644

6wxqzyaqzv6 >> Start >> 2020-11-03 15:44:49.714277

6wxqzyaqzv6 >> Image Returned >> 2020-11-03 15:44:49.719974

6wxqzyaqzv6 >> End >> 2020-11-03 15:44:49.952732

p7qpow0rgap >> Start >> 2020-11-03 15:46:32.457139

p7qpow0rgap >> Image Returned >> 2020-11-03 15:46:32.460410

p7qpow0rgap >> End >> 2020-11-03 15:46:32.650463

05gvkdjtbkv >> Start >> 2020-11-03 15:51:03.219851

05gvkdjtbkv >> Image Returned >> 2020-11-03 15:51:03.223613

05gvkdjtbkv >> End >> 2020-11-03 15:51:03.428375

6f2g5r83pec >> Start >> 2020-11-03 15:55:13.113914

6f2g5r83pec >> Image Returned >> 2020-11-03 15:55:13.117297

6f2g5r83pec >> End >> 2020-11-03 15:55:13.301654

03isxpx2hfu >> Start >> 2020-11-03 15:55:35.894068

03isxpx2hfu >> Image Returned >> 2020-11-03 15:55:35.898207

03isxpx2hfu >> End >> 2020-11-03 15:55:36.077636

w3yciicfi6j >> Start >> 2020-11-03 15:59:45.299628

w3yciicfi6j >> Image Returned >> 2020-11-03 15:59:45.303457

w3yciicfi6j >> End >> 2020-11-03 15:59:45.503585

f0sdsvuta56 >> Start >> 2020-11-03 16:07:56.299359

f0sdsvuta56 >> Image Returned >> 2020-11-03 16:07:56.302897

f0sdsvuta56 >> End >> 2020-11-03 16:07:56.489259

gne0f0h4r8h >> Start >> 2020-11-03 16:11:12.754782

gne0f0h4r8h >> Image Returned >> 2020-11-03 16:11:12.758507

gne0f0h4r8h >> End >> 2020-11-03 16:11:12.951391

bgkqyenw6eo >> Start >> 2020-11-03 16:14:18.776482

bgkqyenw6eo >> Image Returned >> 2020-11-03 16:14:18.779836

bgkqyenw6eo >> End >> 2020-11-03 16:14:18.964545

t5xhx4p5pi5 >> Start >> 2020-11-03 16:15:10.643954

t5xhx4p5pi5 >> Image Returned >> 2020-11-03 16:15:10.647408

t5xhx4p5pi5 >> End >> 2020-11-03 16:15:10.828926

4u6zensx0ph >> Start >> 2020-11-03 16:16:15.463920

4u6zensx0ph >> Image Returned >> 2020-11-03 16:16:15.467277

4u6zensx0ph >> End >> 2020-11-03 16:16:15.669308

68fzzifq8oa >> Start >> 2020-11-03 16:18:22.657978

68fzzifq8oa >> Image Returned >> 2020-11-03 16:18:22.661390

68fzzifq8oa >> End >> 2020-11-03 16:18:22.861203

yxasv6x3kgp >> Start >> 2020-11-03 16:18:40.906596

yxasv6x3kgp >> Image Returned >> 2020-11-03 16:18:40.910375

yxasv6x3kgp >> End >> 2020-11-03 16:18:41.111556

bn0mrv0z7ez >> Start >> 2020-11-03 16:29:56.320324

bn0mrv0z7ez >> Image Returned >> 2020-11-03 16:29:56.324383

bn0mrv0z7ez >> End >> 2020-11-03 16:29:56.501080

si63pgxmyak >> Start >> 2020-11-03 16:32:13.101967

si63pgxmyak >> Image Returned >> 2020-11-03 16:32:13.106035

si63pgxmyak >> End >> 2020-11-03 16:32:13.299798

57cdfnb7jt3 >> Start >> 2020-11-03 16:32:16.180177

57cdfnb7jt3 >> Image Returned >> 2020-11-03 16:32:16.180464

57cdfnb7jt3 >> End >> 2020-11-03 16:32:16.380968

cc3ap8hzwek >> Start >> 2020-11-03 16:32:19.812028

cc3ap8hzwek >> Image Returned >> 2020-11-03 16:32:19.812309

cc3ap8hzwek >> End >> 2020-11-03 16:32:20.328927

kq6npbdioqt >> Start >> 2020-11-03 16:35:19.738727

kq6npbdioqt >> Image Returned >> 2020-11-03 16:35:19.742675

kq6npbdioqt >> End >> 2020-11-03 16:35:19.966962

rc57kjcak0b >> Start >> 2020-11-03 16:35:28.291687

rc57kjcak0b >> Image Returned >> 2020-11-03 16:35:28.292010

rc57kjcak0b >> End >> 2020-11-03 16:35:28.773500

78xiuvbthnu >> Start >> 2020-11-03 16:51:35.651808

78xiuvbthnu >> Image Returned >> 2020-11-03 16:51:35.656687

78xiuvbthnu >> End >> 2020-11-03 16:51:35.851140

5z5map5ivsn >> Start >> 2020-11-03 16:52:55.328099

5z5map5ivsn >> Image Returned >> 2020-11-03 16:52:55.333213

5z5map5ivsn >> End >> 2020-11-03 16:52:55.516397

5afoeo8br7k >> Start >> 2020-11-03 16:58:11.293555

5afoeo8br7k >> Image Returned >> 2020-11-03 16:58:11.296991

5afoeo8br7k >> End >> 2020-11-03 16:58:11.479041

73mr3vn0mkk >> Start >> 2020-11-03 16:58:31.084990

73mr3vn0mkk >> Image Returned >> 2020-11-03 16:58:31.088331

73mr3vn0mkk >> End >> 2020-11-03 16:58:31.307607

28wi3pad4bj >> Start >> 2020-11-03 16:58:44.552593

28wi3pad4bj >> Image Returned >> 2020-11-03 16:58:44.556890

28wi3pad4bj >> End >> 2020-11-03 16:58:44.749567

qvbxiwvf0c6 >> Start >> 2020-11-03 17:05:01.315203

qvbxiwvf0c6 >> Image Returned >> 2020-11-03 17:05:01.319416

qvbxiwvf0c6 >> End >> 2020-11-03 17:05:01.527827

jtua3gydr37 >> Start >> 2020-11-03 17:06:02.246268

jtua3gydr37 >> Image Returned >> 2020-11-03 17:06:02.252068

jtua3gydr37 >> End >> 2020-11-03 17:06:02.436997

853e0ydq6k7 >> Start >> 2020-11-03 17:06:15.298453

853e0ydq6k7 >> Image Returned >> 2020-11-03 17:06:15.301902

853e0ydq6k7 >> End >> 2020-11-03 17:06:15.483896

2crqfe0n5fs >> Start >> 2020-11-03 17:07:21.812222

2crqfe0n5fs >> Image Returned >> 2020-11-03 17:07:21.815607

2crqfe0n5fs >> End >> 2020-11-03 17:07:22.007029

3mcbmnp3g2p >> Start >> 2020-11-03 17:07:22.092731

3mcbmnp3g2p >> Image Returned >> 2020-11-03 17:07:22.093027

3mcbmnp3g2p >> End >> 2020-11-03 17:07:22.289237

az46b2japkd >> Start >> 2020-11-03 17:08:41.357768

az46b2japkd >> Image Returned >> 2020-11-03 17:08:41.362091

az46b2japkd >> End >> 2020-11-03 17:08:41.543648

zizhvnci8yk >> Start >> 2020-11-03 17:08:42.589080

zizhvnci8yk >> Image Returned >> 2020-11-03 17:08:42.589373

zizhvnci8yk >> End >> 2020-11-03 17:08:42.786701

uxdxd8swe6t >> Start >> 2020-11-03 17:10:16.951349

uxdxd8swe6t >> Image Returned >> 2020-11-03 17:10:16.954866

uxdxd8swe6t >> End >> 2020-11-03 17:10:17.136574

t8zfmcyids0 >> Start >> 2020-11-03 17:15:51.781797

t8zfmcyids0 >> Image Returned >> 2020-11-03 17:15:51.786101

t8zfmcyids0 >> End >> 2020-11-03 17:15:51.979026

ebkc5tcaw0j >> Start >> 2020-11-03 17:16:10.789644

ebkc5tcaw0j >> Image Returned >> 2020-11-03 17:16:10.792963

ebkc5tcaw0j >> End >> 2020-11-03 17:16:10.978528

ngi4p4poaob >> Start >> 2020-11-03 17:19:13.903526

ngi4p4poaob >> Image Returned >> 2020-11-03 17:19:13.906915

ngi4p4poaob >> End >> 2020-11-03 17:19:14.093482

i4amb3cvcix >> Start >> 2020-11-03 17:21:00.442109

i4amb3cvcix >> Image Returned >> 2020-11-03 17:21:00.446326

i4amb3cvcix >> End >> 2020-11-03 17:21:00.633896

5obxvufr0vc >> Start >> 2020-11-03 17:21:34.013731

5obxvufr0vc >> Image Returned >> 2020-11-03 17:21:34.017172

5obxvufr0vc >> End >> 2020-11-03 17:21:34.228318

feo7g6nim6f >> Start >> 2020-11-03 17:23:08.688452

feo7g6nim6f >> Image Returned >> 2020-11-03 17:23:08.691977

feo7g6nim6f >> End >> 2020-11-03 17:23:08.907099

fnkw68dqmtd >> Start >> 2020-11-03 17:24:30.400054

fnkw68dqmtd >> Image Returned >> 2020-11-03 17:24:30.403441

fnkw68dqmtd >> End >> 2020-11-03 17:24:30.585431

4b0nwboh25e >> Start >> 2020-11-03 17:26:48.103568

4b0nwboh25e >> Image Returned >> 2020-11-03 17:26:48.107193

4b0nwboh25e >> End >> 2020-11-03 17:26:48.287441

b4ytvjdvwxi >> Start >> 2020-11-03 17:27:23.210675

b4ytvjdvwxi >> Image Returned >> 2020-11-03 17:27:23.214004

b4ytvjdvwxi >> End >> 2020-11-03 17:27:23.401514

bzm5wfkswyp >> Start >> 2020-11-03 17:28:59.339044

bzm5wfkswyp >> Image Returned >> 2020-11-03 17:28:59.343163

bzm5wfkswyp >> End >> 2020-11-03 17:28:59.535012

wvx54yjee75 >> Start >> 2020-11-03 17:40:36.551274

wvx54yjee75 >> Image Returned >> 2020-11-03 17:40:36.554961

wvx54yjee75 >> End >> 2020-11-03 17:40:36.734932

5z35fiysohf >> Start >> 2020-11-03 17:45:54.018342

5z35fiysohf >> Image Returned >> 2020-11-03 17:45:54.022335

5z35fiysohf >> End >> 2020-11-03 17:45:54.212014

ec7jna26tgw >> Start >> 2020-11-03 17:46:48.518702

ec7jna26tgw >> Image Returned >> 2020-11-03 17:46:48.523565

ec7jna26tgw >> End >> 2020-11-03 17:46:48.707540

m58mfvmbv0a >> Start >> 2020-11-03 17:48:13.285923

m58mfvmbv0a >> Image Returned >> 2020-11-03 17:48:13.290839

m58mfvmbv0a >> End >> 2020-11-03 17:48:13.473759

eip5wexrr4w >> Start >> 2020-11-03 17:48:32.003026

eip5wexrr4w >> Image Returned >> 2020-11-03 17:48:32.006442

eip5wexrr4w >> End >> 2020-11-03 17:48:32.188775

hnjeyvfmsxd >> Start >> 2020-11-03 17:49:40.699305

hnjeyvfmsxd >> Image Returned >> 2020-11-03 17:49:40.703491

hnjeyvfmsxd >> End >> 2020-11-03 17:49:40.892944

zme6sbftpph >> Start >> 2020-11-03 17:50:03.228689

zme6sbftpph >> Image Returned >> 2020-11-03 17:50:03.232115

zme6sbftpph >> End >> 2020-11-03 17:50:03.426188

x3x24nxa4ec >> Start >> 2020-11-03 17:51:33.407834

x3x24nxa4ec >> Image Returned >> 2020-11-03 17:51:33.411351

x3x24nxa4ec >> End >> 2020-11-03 17:51:33.617100

veqmd2fvek3 >> Start >> 2020-11-03 17:51:44.660485

veqmd2fvek3 >> Image Returned >> 2020-11-03 17:51:44.660790

veqmd2fvek3 >> End >> 2020-11-03 17:51:44.837802

oi0noxjs7h5 >> Start >> 2020-11-03 17:51:52.586536

oi0noxjs7h5 >> Image Returned >> 2020-11-03 17:51:52.586828

oi0noxjs7h5 >> End >> 2020-11-03 17:51:52.767420

v3grq8obs7v >> Start >> 2020-11-03 17:53:26.502863

v3grq8obs7v >> Image Returned >> 2020-11-03 17:53:26.506319

v3grq8obs7v >> End >> 2020-11-03 17:53:26.693094

nisdsjgbtr0 >> Start >> 2020-11-03 17:53:34.689018

nisdsjgbtr0 >> Image Returned >> 2020-11-03 17:53:34.689304

nisdsjgbtr0 >> End >> 2020-11-03 17:53:34.889439

8mbqtw4cnou >> Start >> 2020-11-03 17:54:08.215198

8mbqtw4cnou >> Image Returned >> 2020-11-03 17:54:08.218571

8mbqtw4cnou >> End >> 2020-11-03 17:54:08.427184

2i36oujbo0h >> Start >> 2020-11-03 17:56:10.379823

2i36oujbo0h >> Image Returned >> 2020-11-03 17:56:10.385746

2i36oujbo0h >> End >> 2020-11-03 17:56:10.572340

qpegbjmkc4a >> Start >> 2020-11-03 17:57:21.008022

qpegbjmkc4a >> Image Returned >> 2020-11-03 17:57:21.011742

qpegbjmkc4a >> End >> 2020-11-03 17:57:21.196902

gf4zf3zt6ez >> Start >> 2020-11-03 17:57:34.828229

gf4zf3zt6ez >> Image Returned >> 2020-11-03 17:57:34.831738

gf4zf3zt6ez >> End >> 2020-11-03 17:57:35.019165

6gwg4dyz3ui >> Start >> 2020-11-03 17:58:49.388212

6gwg4dyz3ui >> Image Returned >> 2020-11-03 17:58:49.392600

6gwg4dyz3ui >> End >> 2020-11-03 17:58:49.573451

dcven0im5i2 >> Start >> 2020-11-03 18:00:33.110296

dcven0im5i2 >> Image Returned >> 2020-11-03 18:00:33.113689

dcven0im5i2 >> End >> 2020-11-03 18:00:33.304555

wowdjxv4w2a >> Start >> 2020-11-03 18:03:38.956908

wowdjxv4w2a >> Image Returned >> 2020-11-03 18:03:38.960952

wowdjxv4w2a >> End >> 2020-11-03 18:03:39.177933

7a0nrj308ua >> Start >> 2020-11-03 18:04:03.996817

7a0nrj308ua >> Image Returned >> 2020-11-03 18:04:04.000303

7a0nrj308ua >> End >> 2020-11-03 18:04:04.200867

w8s0h8ui7du >> Start >> 2020-11-03 18:04:04.399837

w8s0h8ui7du >> Image Returned >> 2020-11-03 18:04:04.400150

w8s0h8ui7du >> End >> 2020-11-03 18:04:04.602540

36zpbjubf0g >> Start >> 2020-11-03 18:04:13.794219

36zpbjubf0g >> Image Returned >> 2020-11-03 18:04:13.794511

36zpbjubf0g >> End >> 2020-11-03 18:04:13.995825

vm8zo4o77s0 >> Start >> 2020-11-03 18:05:09.710541

vm8zo4o77s0 >> Image Returned >> 2020-11-03 18:05:09.714672

vm8zo4o77s0 >> End >> 2020-11-03 18:05:09.902215

ycnjhs33cum >> Start >> 2020-11-03 18:05:22.335194

ycnjhs33cum >> Image Returned >> 2020-11-03 18:05:22.338624

ycnjhs33cum >> End >> 2020-11-03 18:05:22.536680

70ikxf7v07z >> Start >> 2020-11-03 18:08:23.957091

70ikxf7v07z >> Image Returned >> 2020-11-03 18:08:23.960500

70ikxf7v07z >> End >> 2020-11-03 18:08:24.151962

c8wyggtjxjg >> Start >> 2020-11-03 18:14:32.205851

c8wyggtjxjg >> Image Returned >> 2020-11-03 18:14:32.210931

c8wyggtjxjg >> End >> 2020-11-03 18:14:32.398114

pnz6knwuopc >> Start >> 2020-11-03 18:14:41.068783

pnz6knwuopc >> Image Returned >> 2020-11-03 18:14:41.069120

pnz6knwuopc >> End >> 2020-11-03 18:14:41.287233

e4sge5xwuvx >> Start >> 2020-11-03 18:17:11.121851

e4sge5xwuvx >> Image Returned >> 2020-11-03 18:17:11.125906

e4sge5xwuvx >> End >> 2020-11-03 18:17:11.309664

j7j03wrth6h >> Start >> 2020-11-03 18:17:25.141822

j7j03wrth6h >> Image Returned >> 2020-11-03 18:17:25.145186

j7j03wrth6h >> End >> 2020-11-03 18:17:25.335807

05nch6p2pzg >> Start >> 2020-11-03 18:17:40.658190

05nch6p2pzg >> Image Returned >> 2020-11-03 18:17:40.661963

05nch6p2pzg >> End >> 2020-11-03 18:17:40.853557

gauo0ogkqmh >> Start >> 2020-11-03 18:17:41.520037

gauo0ogkqmh >> Image Returned >> 2020-11-03 18:17:41.520370

gauo0ogkqmh >> End >> 2020-11-03 18:17:41.721009

wyc280uo4wu >> Start >> 2020-11-03 18:19:07.892235

wyc280uo4wu >> Image Returned >> 2020-11-03 18:19:07.895772

wyc280uo4wu >> End >> 2020-11-03 18:19:08.075067

ximbxkfdhjz >> Start >> 2020-11-03 18:19:20.094994

ximbxkfdhjz >> Image Returned >> 2020-11-03 18:19:20.098401

ximbxkfdhjz >> End >> 2020-11-03 18:19:20.290735

tjbibj2mqn6 >> Start >> 2020-11-03 18:21:13.307426

tjbibj2mqn6 >> Image Returned >> 2020-11-03 18:21:13.310844

tjbibj2mqn6 >> End >> 2020-11-03 18:21:13.489450

fho0rnsvwrf >> Start >> 2020-11-03 18:21:42.274070

fho0rnsvwrf >> Image Returned >> 2020-11-03 18:21:42.278168

fho0rnsvwrf >> End >> 2020-11-03 18:21:42.459958

ojyvwtptxsd >> Start >> 2020-11-03 18:23:28.985860

ojyvwtptxsd >> Image Returned >> 2020-11-03 18:23:28.989192

ojyvwtptxsd >> End >> 2020-11-03 18:23:29.192778

eqpmco754fq >> Start >> 2020-11-03 18:24:12.570398

eqpmco754fq >> Image Returned >> 2020-11-03 18:24:12.573754

eqpmco754fq >> End >> 2020-11-03 18:24:12.752424

4q4a6mvi3n3 >> Start >> 2020-11-03 18:25:20.800131

4q4a6mvi3n3 >> Image Returned >> 2020-11-03 18:25:20.804929

4q4a6mvi3n3 >> End >> 2020-11-03 18:25:20.996144

6a0ctkb3804 >> Start >> 2020-11-03 18:29:26.514352

6a0ctkb3804 >> Image Returned >> 2020-11-03 18:29:26.517885

6a0ctkb3804 >> End >> 2020-11-03 18:29:26.701852

xn2johek7yv >> Start >> 2020-11-03 18:35:34.758546

xn2johek7yv >> Image Returned >> 2020-11-03 18:35:34.762461

xn2johek7yv >> End >> 2020-11-03 18:35:34.948210

qh3yonyr0t2 >> Start >> 2020-11-03 18:38:23.693224

qh3yonyr0t2 >> Image Returned >> 2020-11-03 18:38:23.698210

qh3yonyr0t2 >> End >> 2020-11-03 18:38:23.881057

ft62gda2c5y >> Start >> 2020-11-03 18:41:31.781107

ft62gda2c5y >> Image Returned >> 2020-11-03 18:41:31.784535

ft62gda2c5y >> End >> 2020-11-03 18:41:31.969966

vfy7oma8ysm >> Start >> 2020-11-03 18:42:22.563112

vfy7oma8ysm >> Image Returned >> 2020-11-03 18:42:22.566781

vfy7oma8ysm >> End >> 2020-11-03 18:42:22.751152

7333xog35a2 >> Start >> 2020-11-03 18:56:09.395773

7333xog35a2 >> Image Returned >> 2020-11-03 18:56:09.400235

7333xog35a2 >> End >> 2020-11-03 18:56:09.585948

h3do60ghueu >> Start >> 2020-11-03 18:57:00.247987

h3do60ghueu >> Image Returned >> 2020-11-03 18:57:00.251415

h3do60ghueu >> End >> 2020-11-03 18:57:00.757364

54vxwxbc2m5 >> Start >> 2020-11-03 18:57:11.154563

54vxwxbc2m5 >> Image Returned >> 2020-11-03 18:57:11.154952

54vxwxbc2m5 >> End >> 2020-11-03 18:57:11.400270

zduxatvc3hd >> Start >> 2020-11-03 18:58:29.562020

zduxatvc3hd >> Image Returned >> 2020-11-03 18:58:29.567001

zduxatvc3hd >> End >> 2020-11-03 18:58:29.799808

kzsp8opq8cb >> Start >> 2020-11-03 19:00:54.332721

kzsp8opq8cb >> Image Returned >> 2020-11-03 19:00:54.336647

kzsp8opq8cb >> End >> 2020-11-03 19:00:54.529155

jfnh4aogv4z >> Start >> 2020-11-03 19:01:18.643533

jfnh4aogv4z >> Image Returned >> 2020-11-03 19:01:18.648402

jfnh4aogv4z >> End >> 2020-11-03 19:01:18.872165

5gwk0e0swnc >> Start >> 2020-11-03 19:04:11.868577

5gwk0e0swnc >> Image Returned >> 2020-11-03 19:04:11.872694

5gwk0e0swnc >> End >> 2020-11-03 19:04:12.082983

g3rvpx2qdca >> Start >> 2020-11-03 19:04:54.864007

g3rvpx2qdca >> Image Returned >> 2020-11-03 19:04:54.868036

g3rvpx2qdca >> End >> 2020-11-03 19:04:55.085695

g5r7qge580w >> Start >> 2020-11-03 19:06:05.818574

g5r7qge580w >> Image Returned >> 2020-11-03 19:06:05.823081

g5r7qge580w >> End >> 2020-11-03 19:06:06.076284

g0vytsznb5q >> Start >> 2020-11-03 19:08:32.337141

g0vytsznb5q >> Image Returned >> 2020-11-03 19:08:32.340962

g0vytsznb5q >> End >> 2020-11-03 19:08:32.520297

ukc8izreddu >> Start >> 2020-11-03 19:12:05.550518

ukc8izreddu >> Image Returned >> 2020-11-03 19:12:05.553533

ukc8izreddu >> End >> 2020-11-03 19:12:05.736180

03i4gqtzf8e >> Start >> 2020-11-03 19:13:00.905517

03i4gqtzf8e >> Image Returned >> 2020-11-03 19:13:00.909528

03i4gqtzf8e >> End >> 2020-11-03 19:13:01.095418

q2ut7c4aisn >> Start >> 2020-11-03 19:14:12.055834

q2ut7c4aisn >> Image Returned >> 2020-11-03 19:14:12.059766

q2ut7c4aisn >> End >> 2020-11-03 19:14:12.240633

3bof7pzcjgj >> Start >> 2020-11-03 19:14:32.795641

3bof7pzcjgj >> Image Returned >> 2020-11-03 19:14:32.799437

3bof7pzcjgj >> End >> 2020-11-03 19:14:32.990838

68qs2pac5wc >> Start >> 2020-11-03 19:17:16.940776

68qs2pac5wc >> Image Returned >> 2020-11-03 19:17:16.944169

68qs2pac5wc >> End >> 2020-11-03 19:17:17.127407

6dvjutxgqh5 >> Start >> 2020-11-03 19:19:13.082793

6dvjutxgqh5 >> Image Returned >> 2020-11-03 19:19:13.086218

6dvjutxgqh5 >> End >> 2020-11-03 19:19:13.266211

ziurmbzxw2t >> Start >> 2020-11-03 19:19:37.268237

ziurmbzxw2t >> Image Returned >> 2020-11-03 19:19:37.271730

ziurmbzxw2t >> End >> 2020-11-03 19:19:37.459779

jcxjedzz33c >> Start >> 2020-11-03 19:26:14.284259

jcxjedzz33c >> Image Returned >> 2020-11-03 19:26:14.288213

jcxjedzz33c >> End >> 2020-11-03 19:26:14.464421

xauvmett4ra >> Start >> 2020-11-03 19:26:33.531618

xauvmett4ra >> Image Returned >> 2020-11-03 19:26:33.536714

xauvmett4ra >> End >> 2020-11-03 19:26:33.720393

amdwzmoc78a >> Start >> 2020-11-03 19:27:29.594654

amdwzmoc78a >> Image Returned >> 2020-11-03 19:27:29.598190

amdwzmoc78a >> End >> 2020-11-03 19:27:29.782510

wcqo6f3bizz >> Start >> 2020-11-03 19:29:09.931682

wcqo6f3bizz >> Image Returned >> 2020-11-03 19:29:09.935169

wcqo6f3bizz >> End >> 2020-11-03 19:29:10.114550

u26yhqboteq >> Start >> 2020-11-03 19:32:51.019617

u26yhqboteq >> Image Returned >> 2020-11-03 19:32:51.023075

u26yhqboteq >> End >> 2020-11-03 19:32:51.209234

awkvttbd54y >> Start >> 2020-11-03 19:34:25.434689

awkvttbd54y >> Image Returned >> 2020-11-03 19:34:25.438172

awkvttbd54y >> End >> 2020-11-03 19:34:25.632957

jo46yav2vy2 >> Start >> 2020-11-03 19:35:58.407512

jo46yav2vy2 >> Image Returned >> 2020-11-03 19:35:58.410980

jo46yav2vy2 >> End >> 2020-11-03 19:35:58.592195

jnvuvfcdeuk >> Start >> 2020-11-03 19:39:47.051219

jnvuvfcdeuk >> Image Returned >> 2020-11-03 19:39:47.055160

jnvuvfcdeuk >> End >> 2020-11-03 19:39:47.256234

xcyddgob0mz >> Start >> 2020-11-03 19:40:06.321911

xcyddgob0mz >> Image Returned >> 2020-11-03 19:40:06.326869

xcyddgob0mz >> End >> 2020-11-03 19:40:06.533447

kks2dirw5cv >> Start >> 2020-11-03 19:40:06.588398

kks2dirw5cv >> Image Returned >> 2020-11-03 19:40:06.588681

kks2dirw5cv >> End >> 2020-11-03 19:40:06.798312

87rdddvmfgm >> Start >> 2020-11-03 19:42:06.057847

87rdddvmfgm >> Image Returned >> 2020-11-03 19:42:06.061604

87rdddvmfgm >> End >> 2020-11-03 19:42:06.249042

jqv2bf2toyo >> Start >> 2020-11-03 19:44:27.536261

jqv2bf2toyo >> Image Returned >> 2020-11-03 19:44:27.541269

jqv2bf2toyo >> End >> 2020-11-03 19:44:27.745433

6tugksg6xuf >> Start >> 2020-11-03 19:45:20.836941

6tugksg6xuf >> Image Returned >> 2020-11-03 19:45:20.840341

6tugksg6xuf >> End >> 2020-11-03 19:45:21.027937

hqn7dr3foue >> Start >> 2020-11-03 19:46:26.844214

hqn7dr3foue >> Image Returned >> 2020-11-03 19:46:26.849308

hqn7dr3foue >> End >> 2020-11-03 19:46:27.046861

36z3b7ttbp4 >> Start >> 2020-11-03 19:47:54.653593

36z3b7ttbp4 >> Image Returned >> 2020-11-03 19:47:54.658765

36z3b7ttbp4 >> End >> 2020-11-03 19:47:54.841422

t0xrmt75vyz >> Start >> 2020-11-03 19:48:13.169409

t0xrmt75vyz >> Image Returned >> 2020-11-03 19:48:13.172955

t0xrmt75vyz >> End >> 2020-11-03 19:48:13.364995

s0zmmwpjdnd >> Start >> 2020-11-03 19:50:08.819006

s0zmmwpjdnd >> Image Returned >> 2020-11-03 19:50:08.822917

s0zmmwpjdnd >> End >> 2020-11-03 19:50:08.951769

r7buz4bjvrm >> Start >> 2020-11-03 19:50:39.881655

r7buz4bjvrm >> Image Returned >> 2020-11-03 19:50:39.885230

r7buz4bjvrm >> End >> 2020-11-03 19:50:40.080862

cxxyfx4hxyv >> Start >> 2020-11-03 19:51:59.464600

cxxyfx4hxyv >> Image Returned >> 2020-11-03 19:51:59.469019

cxxyfx4hxyv >> End >> 2020-11-03 19:51:59.676049

ep75i0ngfhd >> Start >> 2020-11-03 19:55:52.597578

ep75i0ngfhd >> Image Returned >> 2020-11-03 19:55:52.601572

ep75i0ngfhd >> End >> 2020-11-03 19:55:52.787147

z4gajheqp8t >> Start >> 2020-11-03 20:00:43.140355

z4gajheqp8t >> Image Returned >> 2020-11-03 20:00:43.143975

z4gajheqp8t >> End >> 2020-11-03 20:00:43.354213

ugak6d3de8b >> Start >> 2020-11-03 20:04:07.959156

ugak6d3de8b >> Image Returned >> 2020-11-03 20:04:07.963022

ugak6d3de8b >> End >> 2020-11-03 20:04:08.155448

khubkt2px5b >> Start >> 2020-11-03 20:05:28.252912

khubkt2px5b >> Image Returned >> 2020-11-03 20:05:28.256750

khubkt2px5b >> End >> 2020-11-03 20:05:28.443018

3eavsev2qqr >> Start >> 2020-11-03 20:06:32.738270

3eavsev2qqr >> Image Returned >> 2020-11-03 20:06:32.741688

3eavsev2qqr >> End >> 2020-11-03 20:06:32.876921

a5osqayhur4 >> Start >> 2020-11-03 20:08:13.166909

a5osqayhur4 >> Image Returned >> 2020-11-03 20:08:13.171003

a5osqayhur4 >> End >> 2020-11-03 20:08:13.362831

d2zkwrfgtqm >> Start >> 2020-11-03 20:17:27.956118

d2zkwrfgtqm >> Image Returned >> 2020-11-03 20:17:27.960021

d2zkwrfgtqm >> End >> 2020-11-03 20:17:28.264137

mecg4yhgxmi >> Start >> 2020-11-03 20:17:43.871377

mecg4yhgxmi >> Image Returned >> 2020-11-03 20:17:43.875215

mecg4yhgxmi >> End >> 2020-11-03 20:17:44.056890

wsqs2u37vwb >> Start >> 2020-11-03 20:19:41.632675

wsqs2u37vwb >> Image Returned >> 2020-11-03 20:19:41.637331

wsqs2u37vwb >> End >> 2020-11-03 20:19:41.837980

tifc2yx4pib >> Start >> 2020-11-03 20:19:58.301786

tifc2yx4pib >> Image Returned >> 2020-11-03 20:19:58.305179

tifc2yx4pib >> End >> 2020-11-03 20:19:58.484306

wuctf3a0wcj >> Start >> 2020-11-03 20:21:59.731369

wuctf3a0wcj >> Image Returned >> 2020-11-03 20:21:59.735430

wuctf3a0wcj >> End >> 2020-11-03 20:21:59.960419

qjw3uxa4eci >> Start >> 2020-11-03 20:23:11.013421

qjw3uxa4eci >> Image Returned >> 2020-11-03 20:23:11.017596

qjw3uxa4eci >> End >> 2020-11-03 20:23:11.495433

xrgh0qdugbh >> Start >> 2020-11-03 20:23:53.150418

xrgh0qdugbh >> Image Returned >> 2020-11-03 20:23:53.153835

xrgh0qdugbh >> End >> 2020-11-03 20:23:53.332330

3vse7h7nztq >> Start >> 2020-11-03 20:23:55.551378

3vse7h7nztq >> Image Returned >> 2020-11-03 20:23:55.551671

3vse7h7nztq >> End >> 2020-11-03 20:23:55.737003

p6u8fzewnyc >> Start >> 2020-11-03 20:25:03.781788

p6u8fzewnyc >> Image Returned >> 2020-11-03 20:25:03.785312

p6u8fzewnyc >> End >> 2020-11-03 20:25:03.967456

ctn0pqm47vx >> Start >> 2020-11-03 20:27:58.564074

ctn0pqm47vx >> Image Returned >> 2020-11-03 20:27:58.568142

ctn0pqm47vx >> End >> 2020-11-03 20:27:58.747337

wyvgknqvmp7 >> Start >> 2020-11-03 20:28:08.697271

wyvgknqvmp7 >> Image Returned >> 2020-11-03 20:28:08.697580

wyvgknqvmp7 >> End >> 2020-11-03 20:28:08.877569

0cpqjezwq3z >> Start >> 2020-11-03 20:29:04.650809

0cpqjezwq3z >> Image Returned >> 2020-11-03 20:29:04.654341

0cpqjezwq3z >> End >> 2020-11-03 20:29:04.853679

ppavrkt0xqd >> Start >> 2020-11-03 20:30:10.203808

ppavrkt0xqd >> Image Returned >> 2020-11-03 20:30:10.207767

ppavrkt0xqd >> End >> 2020-11-03 20:30:10.389280

q0fp48nkcb8 >> Start >> 2020-11-03 20:31:49.062398

q0fp48nkcb8 >> Image Returned >> 2020-11-03 20:31:49.066395

q0fp48nkcb8 >> End >> 2020-11-03 20:31:49.311698

s8ry4r7wsep >> Start >> 2020-11-03 20:32:21.217040

s8ry4r7wsep >> Image Returned >> 2020-11-03 20:32:21.220415

s8ry4r7wsep >> End >> 2020-11-03 20:32:21.402795

cfwa0eybm02 >> Start >> 2020-11-03 20:32:39.252135

cfwa0eybm02 >> Image Returned >> 2020-11-03 20:32:39.255563

cfwa0eybm02 >> End >> 2020-11-03 20:32:39.445574

37exjc67x3z >> Start >> 2020-11-03 20:32:51.715540

37exjc67x3z >> Image Returned >> 2020-11-03 20:32:51.719383

37exjc67x3z >> End >> 2020-11-03 20:32:51.900181

2bnmm7xsb25 >> Start >> 2020-11-03 20:33:44.973812

2bnmm7xsb25 >> Image Returned >> 2020-11-03 20:33:44.977897

2bnmm7xsb25 >> End >> 2020-11-03 20:33:45.161443

57d7pgeon5x >> Start >> 2020-11-03 20:39:05.083734

57d7pgeon5x >> Image Returned >> 2020-11-03 20:39:05.087202

57d7pgeon5x >> End >> 2020-11-03 20:39:05.275250

vm5fs2kf2da >> Start >> 2020-11-03 20:43:03.082178

vm5fs2kf2da >> Image Returned >> 2020-11-03 20:43:03.085968

vm5fs2kf2da >> End >> 2020-11-03 20:43:03.272279

4a5eup6pfiw >> Start >> 2020-11-03 20:46:19.828361

4a5eup6pfiw >> Image Returned >> 2020-11-03 20:46:19.831208

4a5eup6pfiw >> End >> 2020-11-03 20:46:20.016268

dzektgkxzap >> Start >> 2020-11-03 20:49:18.210469

dzektgkxzap >> Image Returned >> 2020-11-03 20:49:18.213265

dzektgkxzap >> End >> 2020-11-03 20:49:18.396495

d6ksopd37of >> Start >> 2020-11-03 20:51:09.218570

d6ksopd37of >> Image Returned >> 2020-11-03 20:51:09.221895

d6ksopd37of >> End >> 2020-11-03 20:51:09.407497

sdxvcajzgx0 >> Start >> 2020-11-03 20:51:52.524828

sdxvcajzgx0 >> Image Returned >> 2020-11-03 20:51:52.528022

sdxvcajzgx0 >> End >> 2020-11-03 20:51:52.713340

4cr8taur860 >> Start >> 2020-11-03 20:51:58.416069

4cr8taur860 >> Image Returned >> 2020-11-03 20:51:58.416515

4cr8taur860 >> End >> 2020-11-03 20:51:58.619393

w2ri0eq03iv >> Start >> 2020-11-03 20:52:06.771142

w2ri0eq03iv >> Image Returned >> 2020-11-03 20:52:06.771430

w2ri0eq03iv >> End >> 2020-11-03 20:52:06.953058

bnt7wawu3f7 >> Start >> 2020-11-03 20:53:54.698978

bnt7wawu3f7 >> Image Returned >> 2020-11-03 20:53:54.703083

bnt7wawu3f7 >> End >> 2020-11-03 20:53:54.898518

obt8omcprt2 >> Start >> 2020-11-03 21:02:32.050029

obt8omcprt2 >> Image Returned >> 2020-11-03 21:02:32.052762

obt8omcprt2 >> End >> 2020-11-03 21:02:32.241341

0k2v4tk0re8 >> Start >> 2020-11-03 21:02:35.661422

0k2v4tk0re8 >> Image Returned >> 2020-11-03 21:02:35.661761

0k2v4tk0re8 >> End >> 2020-11-03 21:02:35.851448

j5xwp2y4mkj >> Start >> 2020-11-03 21:04:28.868787

j5xwp2y4mkj >> Image Returned >> 2020-11-03 21:04:28.872934

j5xwp2y4mkj >> End >> 2020-11-03 21:04:29.058715

rrsdzc23ct2 >> Start >> 2020-11-03 21:04:44.882997

rrsdzc23ct2 >> Image Returned >> 2020-11-03 21:04:44.886441

rrsdzc23ct2 >> End >> 2020-11-03 21:04:45.065424

qgfjyvszriy >> Start >> 2020-11-03 21:04:50.239995

qgfjyvszriy >> Image Returned >> 2020-11-03 21:04:50.240284

qgfjyvszriy >> End >> 2020-11-03 21:04:50.422810

2btn63xc8cb >> Start >> 2020-11-03 21:05:01.336946

2btn63xc8cb >> Image Returned >> 2020-11-03 21:05:01.337233

2btn63xc8cb >> End >> 2020-11-03 21:05:01.517443

tgbwctkbspq >> Start >> 2020-11-03 21:06:35.342253

tgbwctkbspq >> Image Returned >> 2020-11-03 21:06:35.345321

tgbwctkbspq >> End >> 2020-11-03 21:06:35.526221

izt40ieboaq >> Start >> 2020-11-03 21:07:43.062202

izt40ieboaq >> Image Returned >> 2020-11-03 21:07:43.065855

izt40ieboaq >> End >> 2020-11-03 21:07:43.267724

eyy3ots0cnp >> Start >> 2020-11-03 21:08:45.176173

eyy3ots0cnp >> Image Returned >> 2020-11-03 21:08:45.179502

eyy3ots0cnp >> End >> 2020-11-03 21:08:45.362442

4t5rix47fdh >> Start >> 2020-11-03 21:09:53.233114

4t5rix47fdh >> Image Returned >> 2020-11-03 21:09:53.236207

4t5rix47fdh >> End >> 2020-11-03 21:09:53.425745

kdejiorhdj7 >> Start >> 2020-11-03 21:09:54.601422

kdejiorhdj7 >> Image Returned >> 2020-11-03 21:09:54.601716

kdejiorhdj7 >> End >> 2020-11-03 21:09:54.802037

nna4y6fqvy4 >> Start >> 2020-11-03 21:10:07.733629

nna4y6fqvy4 >> Image Returned >> 2020-11-03 21:10:07.736429

nna4y6fqvy4 >> End >> 2020-11-03 21:10:07.952348

nuue6vgkys7 >> Start >> 2020-11-03 21:11:22.358211

nuue6vgkys7 >> Image Returned >> 2020-11-03 21:11:22.361920

nuue6vgkys7 >> End >> 2020-11-03 21:11:22.549803

iy6hdxtpr4a >> Start >> 2020-11-03 21:12:58.652273

iy6hdxtpr4a >> Image Returned >> 2020-11-03 21:12:58.655812

iy6hdxtpr4a >> End >> 2020-11-03 21:12:58.839001

5hfoidwf4xk >> Start >> 2020-11-03 21:14:19.861367

5hfoidwf4xk >> Image Returned >> 2020-11-03 21:14:19.864806

5hfoidwf4xk >> End >> 2020-11-03 21:14:20.086554

4vx0mqkqh4s >> Start >> 2020-11-03 21:14:39.288762

4vx0mqkqh4s >> Image Returned >> 2020-11-03 21:14:39.291687

4vx0mqkqh4s >> End >> 2020-11-03 21:14:39.483972

pnf0cp8wytn >> Start >> 2020-11-03 21:18:05.301162

pnf0cp8wytn >> Image Returned >> 2020-11-03 21:18:05.304435

pnf0cp8wytn >> End >> 2020-11-03 21:18:05.491204

7yn5thsnfia >> Start >> 2020-11-03 21:21:07.446607

7yn5thsnfia >> Image Returned >> 2020-11-03 21:21:07.450000

7yn5thsnfia >> End >> 2020-11-03 21:21:07.730427

eqep2hraigh >> Start >> 2020-11-03 21:22:40.875047

eqep2hraigh >> Image Returned >> 2020-11-03 21:22:40.878185

eqep2hraigh >> End >> 2020-11-03 21:22:41.098113

e64bh4ki7qf >> Start >> 2020-11-03 21:24:49.584043

e64bh4ki7qf >> Image Returned >> 2020-11-03 21:24:49.589013

e64bh4ki7qf >> End >> 2020-11-03 21:24:49.823615

mc2sytamo6d >> Start >> 2020-11-03 21:27:47.874155

mc2sytamo6d >> Image Returned >> 2020-11-03 21:27:47.877635

mc2sytamo6d >> End >> 2020-11-03 21:27:48.070739

3nyqc8xos5q >> Start >> 2020-11-03 21:28:10.394321

3nyqc8xos5q >> Image Returned >> 2020-11-03 21:28:10.397233

3nyqc8xos5q >> End >> 2020-11-03 21:28:10.582320

ayx3ds4yb4t >> Start >> 2020-11-03 21:30:07.874541

ayx3ds4yb4t >> Image Returned >> 2020-11-03 21:30:07.877813

ayx3ds4yb4t >> End >> 2020-11-03 21:30:08.066972

znvj483tzyq >> Start >> 2020-11-03 21:31:14.845850

znvj483tzyq >> Image Returned >> 2020-11-03 21:31:14.848815

znvj483tzyq >> End >> 2020-11-03 21:31:15.090641

7jigwkn7cwe >> Start >> 2020-11-03 21:38:14.188847

7jigwkn7cwe >> Image Returned >> 2020-11-03 21:38:14.191736

7jigwkn7cwe >> End >> 2020-11-03 21:38:14.372627

ap7uenbn2b2 >> Start >> 2020-11-03 21:42:06.071510

ap7uenbn2b2 >> Image Returned >> 2020-11-03 21:42:06.075448

ap7uenbn2b2 >> End >> 2020-11-03 21:42:06.264334

qb4y7rxn8zi >> Start >> 2020-11-03 21:43:30.250641

qb4y7rxn8zi >> Image Returned >> 2020-11-03 21:43:30.253909

qb4y7rxn8zi >> End >> 2020-11-03 21:43:30.451294

7fi0nnvx57b >> Start >> 2020-11-03 21:43:45.661206

7fi0nnvx57b >> Image Returned >> 2020-11-03 21:43:45.664663

7fi0nnvx57b >> End >> 2020-11-03 21:43:45.845320

vuf6jczzwzd >> Start >> 2020-11-03 21:53:10.946572

vuf6jczzwzd >> Image Returned >> 2020-11-03 21:53:10.950443

vuf6jczzwzd >> End >> 2020-11-03 21:53:11.133243

5gqks7smchx >> Start >> 2020-11-03 21:56:00.263398

5gqks7smchx >> Image Returned >> 2020-11-03 21:56:00.267807

5gqks7smchx >> End >> 2020-11-03 21:56:00.461410

mfmvm6gkpvg >> Start >> 2020-11-03 21:56:21.267828

mfmvm6gkpvg >> Image Returned >> 2020-11-03 21:56:21.270642

mfmvm6gkpvg >> End >> 2020-11-03 21:56:21.448585

475rwwaygi5 >> Start >> 2020-11-03 21:57:29.441196

475rwwaygi5 >> Image Returned >> 2020-11-03 21:57:29.444072

475rwwaygi5 >> End >> 2020-11-03 21:57:29.641954

0no884i8apf >> Start >> 2020-11-03 21:57:52.445549

0no884i8apf >> Image Returned >> 2020-11-03 21:57:52.448770

0no884i8apf >> End >> 2020-11-03 21:57:52.633049

0uc488ohrdk >> Start >> 2020-11-03 21:58:55.220117

0uc488ohrdk >> Image Returned >> 2020-11-03 21:58:55.223860

0uc488ohrdk >> End >> 2020-11-03 21:58:55.415601

n4rnj8kurrq >> Start >> 2020-11-03 21:59:05.634907

n4rnj8kurrq >> Image Returned >> 2020-11-03 21:59:05.635191

n4rnj8kurrq >> End >> 2020-11-03 21:59:05.816343

wgfnn7rwdcd >> Start >> 2020-11-03 21:59:11.463324

wgfnn7rwdcd >> Image Returned >> 2020-11-03 21:59:11.463606

wgfnn7rwdcd >> End >> 2020-11-03 21:59:11.645936

20jxziepkvr >> Start >> 2020-11-03 21:59:31.881988

20jxziepkvr >> Image Returned >> 2020-11-03 21:59:31.884826

20jxziepkvr >> End >> 2020-11-03 21:59:32.071039

x0efqiibezt >> Start >> 2020-11-03 22:00:18.806550

x0efqiibezt >> Image Returned >> 2020-11-03 22:00:18.809416

x0efqiibezt >> End >> 2020-11-03 22:00:18.992697

wghy0quv4o6 >> Start >> 2020-11-03 22:00:25.300636

wghy0quv4o6 >> Image Returned >> 2020-11-03 22:00:25.300941

wghy0quv4o6 >> End >> 2020-11-03 22:00:25.485460

rhuz22byiti >> Start >> 2020-11-03 22:02:44.781342

rhuz22byiti >> Image Returned >> 2020-11-03 22:02:44.785115

rhuz22byiti >> End >> 2020-11-03 22:02:44.965811

22ww6zpjyfd >> Start >> 2020-11-03 22:02:46.184278

22ww6zpjyfd >> Image Returned >> 2020-11-03 22:02:46.184575

22ww6zpjyfd >> End >> 2020-11-03 22:02:46.365958

8s3ysd6kxnf >> Start >> 2020-11-03 22:03:29.992911

8s3ysd6kxnf >> Image Returned >> 2020-11-03 22:03:29.995757

8s3ysd6kxnf >> End >> 2020-11-03 22:03:30.176219

m8wsmbsszty >> Start >> 2020-11-03 22:04:32.234989

m8wsmbsszty >> Image Returned >> 2020-11-03 22:04:32.237757

m8wsmbsszty >> End >> 2020-11-03 22:04:32.500797

ykjzcvzap85 >> Start >> 2020-11-03 22:05:38.458897

ykjzcvzap85 >> Image Returned >> 2020-11-03 22:05:38.461683

ykjzcvzap85 >> End >> 2020-11-03 22:05:38.645124

i6d68i2kns8 >> Start >> 2020-11-03 22:07:03.502954

i6d68i2kns8 >> Image Returned >> 2020-11-03 22:07:03.506617

i6d68i2kns8 >> End >> 2020-11-03 22:07:03.691391

5uy04ifczhm >> Start >> 2020-11-03 22:10:21.471014

5uy04ifczhm >> Image Returned >> 2020-11-03 22:10:21.473946

5uy04ifczhm >> End >> 2020-11-03 22:10:21.660273

bmosridbjvf >> Start >> 2020-11-03 22:17:22.893140

bmosridbjvf >> Image Returned >> 2020-11-03 22:17:22.896697

bmosridbjvf >> End >> 2020-11-03 22:17:23.092982

23r8fgwb2wj >> Start >> 2020-11-03 22:17:51.592679

23r8fgwb2wj >> Image Returned >> 2020-11-03 22:17:51.597560

23r8fgwb2wj >> End >> 2020-11-03 22:17:51.792274

ftqjb22przp >> Start >> 2020-11-03 22:19:47.271660

ftqjb22przp >> Image Returned >> 2020-11-03 22:19:47.275199

ftqjb22przp >> End >> 2020-11-03 22:19:47.455679

83xgc3din56 >> Start >> 2020-11-03 22:23:35.851841

83xgc3din56 >> Image Returned >> 2020-11-03 22:23:35.854990

83xgc3din56 >> End >> 2020-11-03 22:23:36.040254

c64w3g82dwc >> Start >> 2020-11-03 22:25:12.013164

c64w3g82dwc >> Image Returned >> 2020-11-03 22:25:12.016864

c64w3g82dwc >> End >> 2020-11-03 22:25:12.200758

uifd54k08p5 >> Start >> 2020-11-03 22:27:01.685619

uifd54k08p5 >> Image Returned >> 2020-11-03 22:27:01.688895

uifd54k08p5 >> End >> 2020-11-03 22:27:01.873511

4oundm7vdtx >> Start >> 2020-11-03 22:27:11.855464

4oundm7vdtx >> Image Returned >> 2020-11-03 22:27:11.855753

4oundm7vdtx >> End >> 2020-11-03 22:27:12.047322

o8idqvtfy3t >> Start >> 2020-11-03 22:27:18.768752

o8idqvtfy3t >> Image Returned >> 2020-11-03 22:27:18.769083

o8idqvtfy3t >> End >> 2020-11-03 22:27:18.960957

auirrcf4xv5 >> Start >> 2020-11-03 22:29:57.048717

auirrcf4xv5 >> Image Returned >> 2020-11-03 22:29:57.052510

auirrcf4xv5 >> End >> 2020-11-03 22:29:57.247689

vte7ju4ve6m >> Start >> 2020-11-03 22:33:11.874939

vte7ju4ve6m >> Image Returned >> 2020-11-03 22:33:11.877837

vte7ju4ve6m >> End >> 2020-11-03 22:33:12.060795

fsqsexjdq4f >> Start >> 2020-11-03 22:45:05.968424

fsqsexjdq4f >> Image Returned >> 2020-11-03 22:45:05.972978

fsqsexjdq4f >> End >> 2020-11-03 22:45:06.165334

4ykmxy5z2bj >> Start >> 2020-11-03 22:46:19.288743

4ykmxy5z2bj >> Image Returned >> 2020-11-03 22:46:19.291944

4ykmxy5z2bj >> End >> 2020-11-03 22:46:19.486737

3tjmu20ug4t >> Start >> 2020-11-03 22:48:11.201350

3tjmu20ug4t >> Image Returned >> 2020-11-03 22:48:11.204691

3tjmu20ug4t >> End >> 2020-11-03 22:48:11.397802

dqtvyvmkshu >> Start >> 2020-11-03 22:48:33.168517

dqtvyvmkshu >> Image Returned >> 2020-11-03 22:48:33.171466

dqtvyvmkshu >> End >> 2020-11-03 22:48:33.374680

5rsqbny0gvu >> Start >> 2020-11-03 22:48:57.917696

5rsqbny0gvu >> Image Returned >> 2020-11-03 22:48:57.921056

5rsqbny0gvu >> End >> 2020-11-03 22:48:58.099242

vt8r6jnvzho >> Start >> 2020-11-03 22:49:00.034193

vt8r6jnvzho >> Image Returned >> 2020-11-03 22:49:00.034493

vt8r6jnvzho >> End >> 2020-11-03 22:49:00.221498

gfbrvuwwaas >> Start >> 2020-11-03 22:50:12.272627

gfbrvuwwaas >> Image Returned >> 2020-11-03 22:50:12.276741

gfbrvuwwaas >> End >> 2020-11-03 22:50:12.478159

byzma26ko7d >> Start >> 2020-11-03 22:51:14.085124

byzma26ko7d >> Image Returned >> 2020-11-03 22:51:14.088718

byzma26ko7d >> End >> 2020-11-03 22:51:14.277246

wup4h3efzym >> Start >> 2020-11-03 22:55:13.734380

wup4h3efzym >> Image Returned >> 2020-11-03 22:55:13.737304

wup4h3efzym >> End >> 2020-11-03 22:55:13.936105

nkzk4k26rgi >> Start >> 2020-11-03 22:55:58.344625

nkzk4k26rgi >> Image Returned >> 2020-11-03 22:55:58.348505

nkzk4k26rgi >> End >> 2020-11-03 22:55:58.533586

xxq0u4v5ehc >> Start >> 2020-11-03 22:59:03.353773

xxq0u4v5ehc >> Image Returned >> 2020-11-03 22:59:03.356787

xxq0u4v5ehc >> End >> 2020-11-03 22:59:03.543466

ngzh62edbi4 >> Start >> 2020-11-03 23:07:18.494415

ngzh62edbi4 >> Image Returned >> 2020-11-03 23:07:18.498320

ngzh62edbi4 >> End >> 2020-11-03 23:07:18.774193

sys6s0zsvyb >> Start >> 2020-11-03 23:10:51.957422

sys6s0zsvyb >> Image Returned >> 2020-11-03 23:10:51.960778

sys6s0zsvyb >> End >> 2020-11-03 23:10:52.140564

s7bvpdpjdz5 >> Start >> 2020-11-03 23:25:04.953687

s7bvpdpjdz5 >> Image Returned >> 2020-11-03 23:25:04.957432

s7bvpdpjdz5 >> End >> 2020-11-03 23:25:05.174599

8sqwhmpn4mm >> Start >> 2020-11-03 23:25:58.740775

8sqwhmpn4mm >> Image Returned >> 2020-11-03 23:25:58.743793

8sqwhmpn4mm >> End >> 2020-11-03 23:25:58.922389

gc4h0eicebs >> Start >> 2020-11-03 23:30:09.856297

gc4h0eicebs >> Image Returned >> 2020-11-03 23:30:09.861536

gc4h0eicebs >> End >> 2020-11-03 23:30:10.086127

n36p7cc52w3 >> Start >> 2020-11-03 23:34:41.726454

n36p7cc52w3 >> Image Returned >> 2020-11-03 23:34:41.729434

n36p7cc52w3 >> End >> 2020-11-03 23:34:42.001194

qr4ju8ruxpd >> Start >> 2020-11-03 23:34:49.189682

qr4ju8ruxpd >> Image Returned >> 2020-11-03 23:34:49.190053

qr4ju8ruxpd >> End >> 2020-11-03 23:34:49.371167

zfr4r864oh6 >> Start >> 2020-11-03 23:35:24.224121

zfr4r864oh6 >> Image Returned >> 2020-11-03 23:35:24.227951

zfr4r864oh6 >> End >> 2020-11-03 23:35:24.410898

b6s4stby5jq >> Start >> 2020-11-03 23:55:32.071969

b6s4stby5jq >> Image Returned >> 2020-11-03 23:55:32.075459

b6s4stby5jq >> End >> 2020-11-03 23:55:32.267144

fgeixhocbvg >> Start >> 2020-11-03 23:58:11.630769

fgeixhocbvg >> Image Returned >> 2020-11-03 23:58:11.636310

fgeixhocbvg >> End >> 2020-11-03 23:58:11.813822

