p5q46sqmyyh >> Start >> 2020-07-13 00:14:17.345999

p5q46sqmyyh >> Image Returned >> 2020-07-13 00:14:17.350591

p5q46sqmyyh >> End >> 2020-07-13 00:14:17.484330

0xafbavuadb >> Start >> 2020-07-13 00:19:18.861687

0xafbavuadb >> Image Returned >> 2020-07-13 00:19:18.868087

0xafbavuadb >> End >> 2020-07-13 00:19:19.001362

qfui2zqbb80 >> Start >> 2020-07-13 00:34:48.590720

qfui2zqbb80 >> Image Returned >> 2020-07-13 00:34:48.595207

qfui2zqbb80 >> End >> 2020-07-13 00:34:48.741827

tgc6akqmxq5 >> Start >> 2020-07-13 00:41:12.692673

tgc6akqmxq5 >> Image Returned >> 2020-07-13 00:41:12.696515

tgc6akqmxq5 >> End >> 2020-07-13 00:41:12.834312

jw5t3gxyuov >> Start >> 2020-07-13 00:58:42.249836

jw5t3gxyuov >> Image Returned >> 2020-07-13 00:58:42.253710

jw5t3gxyuov >> End >> 2020-07-13 00:58:42.387206

fwgpqkvebws >> Start >> 2020-07-13 03:18:17.538203

fwgpqkvebws >> Image Returned >> 2020-07-13 03:18:17.541131

fwgpqkvebws >> End >> 2020-07-13 03:18:17.672678

8pto8zz4m64 >> Start >> 2020-07-13 04:48:13.359502

8pto8zz4m64 >> Image Returned >> 2020-07-13 04:48:13.362576

8pto8zz4m64 >> End >> 2020-07-13 04:48:13.496620

7cjzbod6q3z >> Start >> 2020-07-13 05:49:34.341857

7cjzbod6q3z >> Image Returned >> 2020-07-13 05:49:34.345211

7cjzbod6q3z >> End >> 2020-07-13 05:49:34.481343

gh8e45u5jis >> Start >> 2020-07-13 06:39:47.108931

gh8e45u5jis >> Image Returned >> 2020-07-13 06:39:47.112246

gh8e45u5jis >> End >> 2020-07-13 06:39:47.244132

20crrwkcgen >> Start >> 2020-07-13 06:52:04.401457

20crrwkcgen >> Image Returned >> 2020-07-13 06:52:04.404671

20crrwkcgen >> End >> 2020-07-13 06:52:04.539004

j0r0v6odq4v >> Start >> 2020-07-13 07:26:07.475759

j0r0v6odq4v >> Image Returned >> 2020-07-13 07:26:07.478965

j0r0v6odq4v >> End >> 2020-07-13 07:26:07.610250

7avuqjjbz37 >> Start >> 2020-07-13 07:48:04.944643

7avuqjjbz37 >> Image Returned >> 2020-07-13 07:48:04.947832

7avuqjjbz37 >> End >> 2020-07-13 07:48:05.084585

e4esv8gkdcq >> Start >> 2020-07-13 08:01:13.222843

e4esv8gkdcq >> Image Returned >> 2020-07-13 08:01:13.226058

e4esv8gkdcq >> End >> 2020-07-13 08:01:13.357142

4tpxdp2qzrp >> Start >> 2020-07-13 08:10:55.869939

4tpxdp2qzrp >> Image Returned >> 2020-07-13 08:10:55.873191

4tpxdp2qzrp >> End >> 2020-07-13 08:10:56.011087

vyxum5cq6vs >> Start >> 2020-07-13 08:13:45.319330

vyxum5cq6vs >> Image Returned >> 2020-07-13 08:13:45.322640

vyxum5cq6vs >> End >> 2020-07-13 08:13:45.457859

cjfddd00gec >> Start >> 2020-07-13 09:15:31.600116

cjfddd00gec >> Image Returned >> 2020-07-13 09:15:31.603496

cjfddd00gec >> End >> 2020-07-13 09:15:31.743957

nt0d0mx5ogr >> Start >> 2020-07-13 09:19:37.651185

nt0d0mx5ogr >> Image Returned >> 2020-07-13 09:19:37.654756

nt0d0mx5ogr >> End >> 2020-07-13 09:19:37.794080

iuchcfbufb4 >> Start >> 2020-07-13 09:26:44.245475

iuchcfbufb4 >> Image Returned >> 2020-07-13 09:26:44.248953

iuchcfbufb4 >> End >> 2020-07-13 09:26:44.384521

cmmhxmp3czi >> Start >> 2020-07-13 09:28:24.387929

cmmhxmp3czi >> Image Returned >> 2020-07-13 09:28:24.392914

cmmhxmp3czi >> End >> 2020-07-13 09:28:24.525393

wqmj5f7xaoz >> Start >> 2020-07-13 09:39:05.054796

wqmj5f7xaoz >> Image Returned >> 2020-07-13 09:39:05.057977

wqmj5f7xaoz >> End >> 2020-07-13 09:39:05.197846

kr4eechmfms >> Start >> 2020-07-13 09:54:32.036982

kr4eechmfms >> Image Returned >> 2020-07-13 09:54:32.040616

kr4eechmfms >> End >> 2020-07-13 09:54:32.174257

xqon7u26nz8 >> Start >> 2020-07-13 09:57:20.737389

xqon7u26nz8 >> Image Returned >> 2020-07-13 09:57:20.740643

xqon7u26nz8 >> End >> 2020-07-13 09:57:20.875755

pj3vi75t4iu >> Start >> 2020-07-13 09:57:31.763225

pj3vi75t4iu >> Image Returned >> 2020-07-13 09:57:31.763643

pj3vi75t4iu >> End >> 2020-07-13 09:57:31.897623

5b7ot4pwu0y >> Start >> 2020-07-13 10:06:00.740691

5b7ot4pwu0y >> Image Returned >> 2020-07-13 10:06:00.744105

5b7ot4pwu0y >> End >> 2020-07-13 10:06:00.878608

6p0e4w8c3pp >> Start >> 2020-07-13 10:18:40.339803

6p0e4w8c3pp >> Image Returned >> 2020-07-13 10:18:40.343585

6p0e4w8c3pp >> End >> 2020-07-13 10:18:40.479793

qubrezevsui >> Start >> 2020-07-13 10:24:09.860754

qubrezevsui >> Image Returned >> 2020-07-13 10:24:09.864058

qubrezevsui >> End >> 2020-07-13 10:24:10.005243

xtuqo8jbsa0 >> Start >> 2020-07-13 10:32:06.928193

xtuqo8jbsa0 >> Image Returned >> 2020-07-13 10:32:06.931723

xtuqo8jbsa0 >> End >> 2020-07-13 10:32:07.066020

jw3jcx3bfzs >> Start >> 2020-07-13 10:37:58.745980

jw3jcx3bfzs >> Image Returned >> 2020-07-13 10:37:58.750211

jw3jcx3bfzs >> End >> 2020-07-13 10:37:58.886089

mbavorbxpb0 >> Start >> 2020-07-13 10:40:29.507415

mbavorbxpb0 >> Image Returned >> 2020-07-13 10:40:29.510855

mbavorbxpb0 >> End >> 2020-07-13 10:40:29.650158

rff6gznsoay >> Start >> 2020-07-13 10:50:32.043179

rff6gznsoay >> Image Returned >> 2020-07-13 10:50:32.046353

rff6gznsoay >> End >> 2020-07-13 10:50:32.178190

hshfg0ued6w >> Start >> 2020-07-13 10:50:46.429836

hshfg0ued6w >> Image Returned >> 2020-07-13 10:50:46.433547

hshfg0ued6w >> End >> 2020-07-13 10:50:46.569227

3v4ngd5oska >> Start >> 2020-07-13 10:50:46.914814

3v4ngd5oska >> Image Returned >> 2020-07-13 10:50:46.915121

3v4ngd5oska >> End >> 2020-07-13 10:50:47.050100

3e53ict2pgp >> Start >> 2020-07-13 10:50:47.630433

3e53ict2pgp >> Image Returned >> 2020-07-13 10:50:47.630738

3e53ict2pgp >> End >> 2020-07-13 10:50:47.761904

x0v308rthqe >> Start >> 2020-07-13 10:51:49.142571

x0v308rthqe >> Image Returned >> 2020-07-13 10:51:49.146192

x0v308rthqe >> End >> 2020-07-13 10:51:49.285820

557dva5niwx >> Start >> 2020-07-13 11:04:42.559701

557dva5niwx >> Image Returned >> 2020-07-13 11:04:42.564884

557dva5niwx >> End >> 2020-07-13 11:04:42.713349

djjo7i4kv2f >> Start >> 2020-07-13 11:09:09.121498

djjo7i4kv2f >> Image Returned >> 2020-07-13 11:09:09.124690

djjo7i4kv2f >> End >> 2020-07-13 11:09:09.258575

6uzc8yykwzg >> Start >> 2020-07-13 11:12:05.856220

6uzc8yykwzg >> Image Returned >> 2020-07-13 11:12:05.859584

6uzc8yykwzg >> End >> 2020-07-13 11:12:05.995718

gh5tt26j854 >> Start >> 2020-07-13 11:12:26.028392

gh5tt26j854 >> Image Returned >> 2020-07-13 11:12:26.031575

gh5tt26j854 >> End >> 2020-07-13 11:12:26.166449

s3e22sdycm3 >> Start >> 2020-07-13 11:15:11.410949

s3e22sdycm3 >> Image Returned >> 2020-07-13 11:15:11.414632

s3e22sdycm3 >> End >> 2020-07-13 11:15:11.556039

oeeitddkutm >> Start >> 2020-07-13 11:24:47.110280

oeeitddkutm >> Image Returned >> 2020-07-13 11:24:47.113842

oeeitddkutm >> End >> 2020-07-13 11:24:47.248924

zoqray85o3n >> Start >> 2020-07-13 11:24:58.496573

zoqray85o3n >> Image Returned >> 2020-07-13 11:24:58.499752

zoqray85o3n >> End >> 2020-07-13 11:24:58.666790

3hs0z3rxg28 >> Start >> 2020-07-13 11:28:15.793731

3hs0z3rxg28 >> Image Returned >> 2020-07-13 11:28:15.798288

3hs0z3rxg28 >> End >> 2020-07-13 11:28:15.932544

u027gpqeirg >> Start >> 2020-07-13 11:42:29.124610

u027gpqeirg >> Image Returned >> 2020-07-13 11:42:29.128247

u027gpqeirg >> End >> 2020-07-13 11:42:29.265955

d6mw23vidog >> Start >> 2020-07-13 11:47:42.449563

d6mw23vidog >> Image Returned >> 2020-07-13 11:47:42.453001

d6mw23vidog >> End >> 2020-07-13 11:47:42.587023

e0v5pjn0huj >> Start >> 2020-07-13 12:16:23.911962

e0v5pjn0huj >> Image Returned >> 2020-07-13 12:16:23.915317

e0v5pjn0huj >> End >> 2020-07-13 12:16:24.055516

kwboeitrjww >> Start >> 2020-07-13 12:23:06.893369

kwboeitrjww >> Image Returned >> 2020-07-13 12:23:06.896704

kwboeitrjww >> End >> 2020-07-13 12:23:07.046314

oguiq5zwveq >> Start >> 2020-07-13 12:47:44.458825

oguiq5zwveq >> Image Returned >> 2020-07-13 12:47:44.462511

oguiq5zwveq >> End >> 2020-07-13 12:47:44.613404

77yzr276pf5 >> Start >> 2020-07-13 12:59:07.771621

77yzr276pf5 >> Image Returned >> 2020-07-13 12:59:07.774813

77yzr276pf5 >> End >> 2020-07-13 12:59:07.912112

zae4q605t56 >> Start >> 2020-07-13 13:06:51.772082

zae4q605t56 >> Image Returned >> 2020-07-13 13:06:51.775747

zae4q605t56 >> End >> 2020-07-13 13:06:51.915756

neigk55yr6q >> Start >> 2020-07-13 13:18:11.465516

neigk55yr6q >> Image Returned >> 2020-07-13 13:18:11.469094

neigk55yr6q >> End >> 2020-07-13 13:18:11.603347

b6dquv2bxji >> Start >> 2020-07-13 13:18:12.023478

b6dquv2bxji >> Image Returned >> 2020-07-13 13:18:12.023777

b6dquv2bxji >> End >> 2020-07-13 13:18:12.161016

a43xtzjurnp >> Start >> 2020-07-13 13:18:12.610786

a43xtzjurnp >> Image Returned >> 2020-07-13 13:18:12.611150

a43xtzjurnp >> End >> 2020-07-13 13:18:12.772258

qu77ihzsxxe >> Start >> 2020-07-13 13:21:20.788275

qu77ihzsxxe >> Image Returned >> 2020-07-13 13:21:20.791577

qu77ihzsxxe >> End >> 2020-07-13 13:21:20.978255

5chyhehabi5 >> Start >> 2020-07-13 13:29:02.937226

5chyhehabi5 >> Image Returned >> 2020-07-13 13:29:02.940978

5chyhehabi5 >> End >> 2020-07-13 13:29:03.080332

zojcq2mffad >> Start >> 2020-07-13 13:43:37.725130

zojcq2mffad >> Image Returned >> 2020-07-13 13:43:37.728332

zojcq2mffad >> End >> 2020-07-13 13:43:37.886663

20ed3a4248r >> Start >> 2020-07-13 13:52:58.342812

20ed3a4248r >> Image Returned >> 2020-07-13 13:52:58.346030

20ed3a4248r >> End >> 2020-07-13 13:52:58.478056

gzddnziwcw0 >> Start >> 2020-07-13 14:02:21.886658

gzddnziwcw0 >> Image Returned >> 2020-07-13 14:02:21.890431

gzddnziwcw0 >> End >> 2020-07-13 14:02:22.012341

7np83haievg >> Start >> 2020-07-13 14:04:43.113337

7np83haievg >> Image Returned >> 2020-07-13 14:04:43.116920

7np83haievg >> End >> 2020-07-13 14:04:43.258827

uzm0meqvytn >> Start >> 2020-07-13 14:32:54.688400

uzm0meqvytn >> Image Returned >> 2020-07-13 14:32:54.692066

uzm0meqvytn >> End >> 2020-07-13 14:32:54.830192

bnmwi4ywkq8 >> Start >> 2020-07-13 14:43:17.542145

bnmwi4ywkq8 >> Image Returned >> 2020-07-13 14:43:17.545952

bnmwi4ywkq8 >> End >> 2020-07-13 14:43:17.693018

fefbq86en0q >> Start >> 2020-07-13 14:43:31.752024

fefbq86en0q >> Image Returned >> 2020-07-13 14:43:31.755466

fefbq86en0q >> End >> 2020-07-13 14:43:31.895325

utkpjjksnfz >> Start >> 2020-07-13 14:43:31.957916

utkpjjksnfz >> Image Returned >> 2020-07-13 14:43:31.958209

utkpjjksnfz >> End >> 2020-07-13 14:43:32.089184

ecxon6kj5d0 >> Start >> 2020-07-13 14:43:46.955769

ecxon6kj5d0 >> Image Returned >> 2020-07-13 14:43:46.959363

ecxon6kj5d0 >> End >> 2020-07-13 14:43:47.096661

rfwy450hhz8 >> Start >> 2020-07-13 14:43:59.369270

rfwy450hhz8 >> Image Returned >> 2020-07-13 14:43:59.372493

rfwy450hhz8 >> End >> 2020-07-13 14:43:59.523767

quxdwuhvqew >> Start >> 2020-07-13 14:44:01.148356

quxdwuhvqew >> Image Returned >> 2020-07-13 14:44:01.148650

quxdwuhvqew >> End >> 2020-07-13 14:44:01.286062

kqtsfvg64z5 >> Start >> 2020-07-13 14:48:50.889554

kqtsfvg64z5 >> Image Returned >> 2020-07-13 14:48:50.893846

kqtsfvg64z5 >> End >> 2020-07-13 14:48:51.031825

tphbrpu33fx >> Start >> 2020-07-13 14:50:20.939276

tphbrpu33fx >> Image Returned >> 2020-07-13 14:50:20.942589

tphbrpu33fx >> End >> 2020-07-13 14:50:21.078144

5jmrj85yscw >> Start >> 2020-07-13 14:55:38.620280

5jmrj85yscw >> Image Returned >> 2020-07-13 14:55:38.620743

5jmrj85yscw >> End >> 2020-07-13 14:55:38.759031

oivfups2x8m >> Start >> 2020-07-13 14:58:46.856085

oivfups2x8m >> Image Returned >> 2020-07-13 14:58:46.860066

oivfups2x8m >> End >> 2020-07-13 14:58:47.002558

43ht35puwof >> Start >> 2020-07-13 15:04:44.734210

43ht35puwof >> Image Returned >> 2020-07-13 15:04:44.737993

43ht35puwof >> End >> 2020-07-13 15:04:44.874828

dvscycnvi74 >> Start >> 2020-07-13 15:07:49.414798

dvscycnvi74 >> Image Returned >> 2020-07-13 15:07:49.418473

dvscycnvi74 >> End >> 2020-07-13 15:07:49.553023

usbbcc33pbe >> Start >> 2020-07-13 15:21:12.111485

usbbcc33pbe >> Image Returned >> 2020-07-13 15:21:12.115092

usbbcc33pbe >> End >> 2020-07-13 15:21:12.268313

fofb0vcmtj0 >> Start >> 2020-07-13 15:24:56.314774

fofb0vcmtj0 >> Image Returned >> 2020-07-13 15:24:56.318470

fofb0vcmtj0 >> End >> 2020-07-13 15:24:56.466427

fhr2qbc8rds >> Start >> 2020-07-13 15:31:08.805217

fhr2qbc8rds >> Image Returned >> 2020-07-13 15:31:08.808707

fhr2qbc8rds >> End >> 2020-07-13 15:31:08.935667

axwgronae2n >> Start >> 2020-07-13 15:35:18.276138

axwgronae2n >> Image Returned >> 2020-07-13 15:35:18.279534

axwgronae2n >> End >> 2020-07-13 15:35:18.419135

0iqtmrug0vu >> Start >> 2020-07-13 15:35:22.472282

0iqtmrug0vu >> Image Returned >> 2020-07-13 15:35:22.472570

0iqtmrug0vu >> End >> 2020-07-13 15:35:22.608305

yteuad0tyoz >> Start >> 2020-07-13 16:05:18.204391

yteuad0tyoz >> Image Returned >> 2020-07-13 16:05:18.207870

yteuad0tyoz >> End >> 2020-07-13 16:05:18.346183

3zerhjj35yc >> Start >> 2020-07-13 16:15:59.409229

3zerhjj35yc >> Image Returned >> 2020-07-13 16:15:59.413032

3zerhjj35yc >> End >> 2020-07-13 16:15:59.548618

cjpmneryxva >> Start >> 2020-07-13 16:28:06.558536

cjpmneryxva >> Image Returned >> 2020-07-13 16:28:06.563337

cjpmneryxva >> End >> 2020-07-13 16:28:06.702104

dq8nrm45o7v >> Start >> 2020-07-13 16:29:44.050618

dq8nrm45o7v >> Image Returned >> 2020-07-13 16:29:44.054652

dq8nrm45o7v >> End >> 2020-07-13 16:29:44.188899

x37ye0zi8vq >> Start >> 2020-07-13 16:30:01.700704

x37ye0zi8vq >> Image Returned >> 2020-07-13 16:30:01.704056

x37ye0zi8vq >> End >> 2020-07-13 16:30:01.850445

wvjdt3gume8 >> Start >> 2020-07-13 16:30:26.811953

wvjdt3gume8 >> Image Returned >> 2020-07-13 16:30:26.815319

wvjdt3gume8 >> End >> 2020-07-13 16:30:26.954056

oo8emi8jfnf >> Start >> 2020-07-13 16:35:43.901573

oo8emi8jfnf >> Image Returned >> 2020-07-13 16:35:43.905710

oo8emi8jfnf >> End >> 2020-07-13 16:35:44.041980

vaeyr8czqvi >> Start >> 2020-07-13 16:40:37.607786

vaeyr8czqvi >> Image Returned >> 2020-07-13 16:40:37.611187

vaeyr8czqvi >> End >> 2020-07-13 16:40:37.750965

z8sncu7uxoh >> Start >> 2020-07-13 16:41:02.112092

z8sncu7uxoh >> Image Returned >> 2020-07-13 16:41:02.115998

z8sncu7uxoh >> End >> 2020-07-13 16:41:02.253140

sevfgz4i0ys >> Start >> 2020-07-13 16:53:07.802462

sevfgz4i0ys >> Image Returned >> 2020-07-13 16:53:07.805923

sevfgz4i0ys >> End >> 2020-07-13 16:53:07.942095

amw25bvbt2h >> Start >> 2020-07-13 17:01:28.097126

amw25bvbt2h >> Image Returned >> 2020-07-13 17:01:28.100545

amw25bvbt2h >> End >> 2020-07-13 17:01:28.244543

bxz3yzq30wz >> Start >> 2020-07-13 17:30:58.948689

bxz3yzq30wz >> Image Returned >> 2020-07-13 17:30:58.952610

bxz3yzq30wz >> End >> 2020-07-13 17:30:59.091273

ribmrygos7k >> Start >> 2020-07-13 17:33:25.405648

ribmrygos7k >> Image Returned >> 2020-07-13 17:33:25.409091

ribmrygos7k >> End >> 2020-07-13 17:33:25.550832

iot72kjw8ij >> Start >> 2020-07-13 17:36:20.157761

iot72kjw8ij >> Image Returned >> 2020-07-13 17:36:20.161813

iot72kjw8ij >> End >> 2020-07-13 17:36:20.352828

mnpg3wjd0yo >> Start >> 2020-07-13 17:43:21.384435

mnpg3wjd0yo >> Image Returned >> 2020-07-13 17:43:21.388809

mnpg3wjd0yo >> End >> 2020-07-13 17:43:21.521078

js0xzq48ouw >> Start >> 2020-07-13 17:43:35.603452

js0xzq48ouw >> Image Returned >> 2020-07-13 17:43:35.607090

js0xzq48ouw >> End >> 2020-07-13 17:43:35.745651

7pitmvinxuh >> Start >> 2020-07-13 17:46:24.437930

7pitmvinxuh >> Image Returned >> 2020-07-13 17:46:24.441297

7pitmvinxuh >> End >> 2020-07-13 17:46:24.577845

7ndixhaoubf >> Start >> 2020-07-13 17:55:03.381330

7ndixhaoubf >> Image Returned >> 2020-07-13 17:55:03.386044

7ndixhaoubf >> End >> 2020-07-13 17:55:03.514894

zk2hjc77e23 >> Start >> 2020-07-13 17:59:13.612288

zk2hjc77e23 >> Image Returned >> 2020-07-13 17:59:13.619687

zk2hjc77e23 >> End >> 2020-07-13 17:59:13.751231

gdmgzms2iun >> Start >> 2020-07-13 17:59:17.335427

gdmgzms2iun >> Image Returned >> 2020-07-13 17:59:17.335757

gdmgzms2iun >> End >> 2020-07-13 17:59:17.487641

mhgwcd8vnty >> Start >> 2020-07-13 17:59:21.217108

mhgwcd8vnty >> Image Returned >> 2020-07-13 17:59:21.217417

mhgwcd8vnty >> End >> 2020-07-13 17:59:21.349529

kg3ti5buh0t >> Start >> 2020-07-13 17:59:26.538911

kg3ti5buh0t >> Image Returned >> 2020-07-13 17:59:26.539216

kg3ti5buh0t >> End >> 2020-07-13 17:59:26.681478

kyrchuzen03 >> Start >> 2020-07-13 18:01:24.037796

kyrchuzen03 >> Image Returned >> 2020-07-13 18:01:24.041568

kyrchuzen03 >> End >> 2020-07-13 18:01:24.247190

hbevrshyf7v >> Start >> 2020-07-13 18:01:44.626403

hbevrshyf7v >> Image Returned >> 2020-07-13 18:01:44.630100

hbevrshyf7v >> End >> 2020-07-13 18:01:44.764775

4bvsqz3b6ph >> Start >> 2020-07-13 18:03:35.797192

4bvsqz3b6ph >> Image Returned >> 2020-07-13 18:03:35.803565

4bvsqz3b6ph >> End >> 2020-07-13 18:03:35.941829

rfj0kmiu52a >> Start >> 2020-07-13 18:05:19.744894

rfj0kmiu52a >> Image Returned >> 2020-07-13 18:05:19.748282

rfj0kmiu52a >> End >> 2020-07-13 18:05:19.891720

dtvr6zyamh3 >> Start >> 2020-07-13 18:37:42.363167

dtvr6zyamh3 >> Image Returned >> 2020-07-13 18:37:42.367461

dtvr6zyamh3 >> End >> 2020-07-13 18:37:42.511684

qa7at8wdsfr >> Start >> 2020-07-13 18:40:54.244040

qa7at8wdsfr >> Image Returned >> 2020-07-13 18:40:54.248436

qa7at8wdsfr >> End >> 2020-07-13 18:40:54.391489

hsgmcvxcy3c >> Start >> 2020-07-13 18:42:10.849154

hsgmcvxcy3c >> Image Returned >> 2020-07-13 18:42:10.853426

hsgmcvxcy3c >> End >> 2020-07-13 18:42:10.975400

b2tjxv8qpc4 >> Start >> 2020-07-13 18:42:54.957257

b2tjxv8qpc4 >> Image Returned >> 2020-07-13 18:42:54.957731

b2tjxv8qpc4 >> End >> 2020-07-13 18:42:55.151905

urs4e8pup45 >> Start >> 2020-07-13 19:04:44.785851

urs4e8pup45 >> Image Returned >> 2020-07-13 19:04:44.790055

urs4e8pup45 >> End >> 2020-07-13 19:04:44.925782

3zmfrne7niz >> Start >> 2020-07-13 19:23:18.583620

3zmfrne7niz >> Image Returned >> 2020-07-13 19:23:18.587661

3zmfrne7niz >> End >> 2020-07-13 19:23:18.726280

kb7rb48pzji >> Start >> 2020-07-13 19:24:30.175563

kb7rb48pzji >> Image Returned >> 2020-07-13 19:24:30.179435

kb7rb48pzji >> End >> 2020-07-13 19:24:30.328238

g4k36etdjyg >> Start >> 2020-07-13 19:59:01.398040

g4k36etdjyg >> Image Returned >> 2020-07-13 19:59:01.402002

g4k36etdjyg >> End >> 2020-07-13 19:59:01.534717

tkgs3tgp0t8 >> Start >> 2020-07-13 20:08:34.228818

tkgs3tgp0t8 >> Image Returned >> 2020-07-13 20:08:34.233031

tkgs3tgp0t8 >> End >> 2020-07-13 20:08:34.375411

7gce3as6y88 >> Start >> 2020-07-13 20:11:19.627280

7gce3as6y88 >> Image Returned >> 2020-07-13 20:11:19.630676

7gce3as6y88 >> End >> 2020-07-13 20:11:19.765676

k4vbtga7ojv >> Start >> 2020-07-13 20:25:01.619676

k4vbtga7ojv >> Image Returned >> 2020-07-13 20:25:01.624073

k4vbtga7ojv >> End >> 2020-07-13 20:25:01.760080

rmq06ahmmit >> Start >> 2020-07-13 20:52:06.590230

rmq06ahmmit >> Image Returned >> 2020-07-13 20:52:06.594705

rmq06ahmmit >> End >> 2020-07-13 20:52:06.735492

j4v2seo4um3 >> Start >> 2020-07-13 21:07:07.370888

j4v2seo4um3 >> Image Returned >> 2020-07-13 21:07:07.374402

j4v2seo4um3 >> End >> 2020-07-13 21:07:07.512099

skfedcc553n >> Start >> 2020-07-13 21:17:41.189241

skfedcc553n >> Image Returned >> 2020-07-13 21:17:41.193716

skfedcc553n >> End >> 2020-07-13 21:17:41.334372

2u8zihwyqyb >> Start >> 2020-07-13 21:25:18.845947

2u8zihwyqyb >> Image Returned >> 2020-07-13 21:25:18.849184

2u8zihwyqyb >> End >> 2020-07-13 21:25:18.984215

swpc2gd23k2 >> Start >> 2020-07-13 21:47:16.255304

swpc2gd23k2 >> Image Returned >> 2020-07-13 21:47:16.258193

swpc2gd23k2 >> End >> 2020-07-13 21:47:16.399161

0dj55us4w6b >> Start >> 2020-07-13 21:51:06.688199

0dj55us4w6b >> Image Returned >> 2020-07-13 21:51:06.692090

0dj55us4w6b >> End >> 2020-07-13 21:51:06.835810

ix5wy2v5fzz >> Start >> 2020-07-13 22:09:47.971963

ix5wy2v5fzz >> Image Returned >> 2020-07-13 22:09:47.974957

ix5wy2v5fzz >> End >> 2020-07-13 22:09:48.118071

ghkcx8mbagn >> Start >> 2020-07-13 22:36:54.501157

ghkcx8mbagn >> Image Returned >> 2020-07-13 22:36:54.504385

ghkcx8mbagn >> End >> 2020-07-13 22:36:54.645154

8s025ewht7a >> Start >> 2020-07-13 22:37:21.923278

8s025ewht7a >> Image Returned >> 2020-07-13 22:37:21.927551

8s025ewht7a >> End >> 2020-07-13 22:37:22.067293

aervx4b4rtn >> Start >> 2020-07-13 22:47:07.478766

aervx4b4rtn >> Image Returned >> 2020-07-13 22:47:07.481623

aervx4b4rtn >> End >> 2020-07-13 22:47:07.624988

t2v6deerfs3 >> Start >> 2020-07-13 23:25:30.703591

t2v6deerfs3 >> Image Returned >> 2020-07-13 23:25:30.706552

t2v6deerfs3 >> End >> 2020-07-13 23:25:30.842268

n57ok23nt0j >> Start >> 2020-07-13 23:26:26.495471

n57ok23nt0j >> Image Returned >> 2020-07-13 23:26:26.498960

n57ok23nt0j >> End >> 2020-07-13 23:26:26.631647

