kgomnyxmh5c >> Start >> 2020-10-06 00:05:32.018033

kgomnyxmh5c >> Image Returned >> 2020-10-06 00:05:32.022774

kgomnyxmh5c >> End >> 2020-10-06 00:05:32.182626

7ndqhnngt5f >> Start >> 2020-10-06 00:07:28.870672

7ndqhnngt5f >> Image Returned >> 2020-10-06 00:07:28.874655

7ndqhnngt5f >> End >> 2020-10-06 00:07:29.034058

h6gej76a8my >> Start >> 2020-10-06 00:21:27.559040

h6gej76a8my >> Image Returned >> 2020-10-06 00:21:27.562665

h6gej76a8my >> End >> 2020-10-06 00:21:27.719337

g0s6wubco26 >> Start >> 2020-10-06 00:27:26.829103

g0s6wubco26 >> Image Returned >> 2020-10-06 00:27:26.832796

g0s6wubco26 >> End >> 2020-10-06 00:27:26.995042

b2q7ai6vrdc >> Start >> 2020-10-06 00:47:48.415936

b2q7ai6vrdc >> Image Returned >> 2020-10-06 00:47:48.420636

b2q7ai6vrdc >> End >> 2020-10-06 00:47:48.582792

8at583rfmd5 >> Start >> 2020-10-06 00:56:14.861690

8at583rfmd5 >> Image Returned >> 2020-10-06 00:56:14.866518

8at583rfmd5 >> End >> 2020-10-06 00:56:15.031888

a0hcyriydp0 >> Start >> 2020-10-06 01:03:23.324148

a0hcyriydp0 >> Image Returned >> 2020-10-06 01:03:23.329297

a0hcyriydp0 >> End >> 2020-10-06 01:03:23.495816

h5gfoyz63ge >> Start >> 2020-10-06 01:18:55.960588

h5gfoyz63ge >> Image Returned >> 2020-10-06 01:18:55.965111

h5gfoyz63ge >> End >> 2020-10-06 01:18:56.145059

0u6hj0ry34f >> Start >> 2020-10-06 01:55:11.323095

0u6hj0ry34f >> Image Returned >> 2020-10-06 01:55:11.326740

0u6hj0ry34f >> End >> 2020-10-06 01:55:11.486315

oc6djm6uyqr >> Start >> 2020-10-06 01:57:44.097137

oc6djm6uyqr >> Image Returned >> 2020-10-06 01:57:44.101275

oc6djm6uyqr >> End >> 2020-10-06 01:57:44.262778

d5kisp5xqw4 >> Start >> 2020-10-06 02:21:33.184201

d5kisp5xqw4 >> Image Returned >> 2020-10-06 02:21:33.188803

d5kisp5xqw4 >> End >> 2020-10-06 02:21:33.376133

8i0mu8ko7s5 >> Start >> 2020-10-06 02:42:14.209472

8i0mu8ko7s5 >> Image Returned >> 2020-10-06 02:42:14.225366

8i0mu8ko7s5 >> End >> 2020-10-06 02:42:14.570115

4c0vfdqwdv2 >> Start >> 2020-10-06 02:48:01.959698

4c0vfdqwdv2 >> Image Returned >> 2020-10-06 02:48:01.962984

4c0vfdqwdv2 >> End >> 2020-10-06 02:48:02.124944

vwgzf6z5uw2 >> Start >> 2020-10-06 02:48:36.581481

vwgzf6z5uw2 >> Image Returned >> 2020-10-06 02:48:36.584870

vwgzf6z5uw2 >> End >> 2020-10-06 02:48:36.754235

cbqm3nu8vwh >> Start >> 2020-10-06 03:39:29.018270

cbqm3nu8vwh >> Image Returned >> 2020-10-06 03:39:29.021590

cbqm3nu8vwh >> End >> 2020-10-06 03:39:29.186916

5jpvrfg8op0 >> Start >> 2020-10-06 04:10:46.472908

5jpvrfg8op0 >> Image Returned >> 2020-10-06 04:10:46.476468

5jpvrfg8op0 >> End >> 2020-10-06 04:10:46.655394

ggmfpfketqr >> Start >> 2020-10-06 04:29:17.339162

ggmfpfketqr >> Image Returned >> 2020-10-06 04:29:17.342454

ggmfpfketqr >> End >> 2020-10-06 04:29:17.523211

4d5d5s0hy47 >> Start >> 2020-10-06 05:06:11.213109

4d5d5s0hy47 >> Image Returned >> 2020-10-06 05:06:11.216511

4d5d5s0hy47 >> End >> 2020-10-06 05:06:11.396006

qibywf4pw6p >> Start >> 2020-10-06 05:12:49.630394

qibywf4pw6p >> Image Returned >> 2020-10-06 05:12:49.633786

qibywf4pw6p >> End >> 2020-10-06 05:12:49.795315

wdkw7scggk0 >> Start >> 2020-10-06 05:13:20.563987

wdkw7scggk0 >> Image Returned >> 2020-10-06 05:13:20.567162

wdkw7scggk0 >> End >> 2020-10-06 05:13:20.728539

g72xbxhjmkr >> Start >> 2020-10-06 05:13:31.330219

g72xbxhjmkr >> Image Returned >> 2020-10-06 05:13:31.333328

g72xbxhjmkr >> End >> 2020-10-06 05:13:31.495800

3ytzfbi5h54 >> Start >> 2020-10-06 05:54:20.560106

3ytzfbi5h54 >> Image Returned >> 2020-10-06 05:54:20.563559

3ytzfbi5h54 >> End >> 2020-10-06 05:54:20.728111

4e64kus80np >> Start >> 2020-10-06 05:59:59.550168

4e64kus80np >> Image Returned >> 2020-10-06 05:59:59.553843

4e64kus80np >> End >> 2020-10-06 05:59:59.798569

2egxc480cb8 >> Start >> 2020-10-06 06:00:13.306236

2egxc480cb8 >> Image Returned >> 2020-10-06 06:00:13.309523

2egxc480cb8 >> End >> 2020-10-06 06:00:13.478147

kmt4r2ox4qy >> Start >> 2020-10-06 06:00:13.592705

kmt4r2ox4qy >> Image Returned >> 2020-10-06 06:00:13.593030

kmt4r2ox4qy >> End >> 2020-10-06 06:00:13.764524

vg0tw88hb25 >> Start >> 2020-10-06 06:04:12.031929

vg0tw88hb25 >> Image Returned >> 2020-10-06 06:04:12.035212

vg0tw88hb25 >> End >> 2020-10-06 06:04:12.201667

hbre3mypeku >> Start >> 2020-10-06 06:04:17.254405

hbre3mypeku >> Image Returned >> 2020-10-06 06:04:17.254726

hbre3mypeku >> End >> 2020-10-06 06:04:17.412923

ggpie28ihes >> Start >> 2020-10-06 06:13:28.947504

ggpie28ihes >> Image Returned >> 2020-10-06 06:13:28.952117

ggpie28ihes >> End >> 2020-10-06 06:13:29.183063

f7npcfsoqs4 >> Start >> 2020-10-06 06:14:48.247212

f7npcfsoqs4 >> Image Returned >> 2020-10-06 06:14:48.250906

f7npcfsoqs4 >> End >> 2020-10-06 06:14:48.415276

tjkd4trpnhe >> Start >> 2020-10-06 06:28:07.352052

tjkd4trpnhe >> Image Returned >> 2020-10-06 06:28:07.356863

tjkd4trpnhe >> End >> 2020-10-06 06:28:07.533370

mhh4g7bbdig >> Start >> 2020-10-06 06:35:00.797058

mhh4g7bbdig >> Image Returned >> 2020-10-06 06:35:00.800749

mhh4g7bbdig >> End >> 2020-10-06 06:35:00.978667

e6dimnjyt40 >> Start >> 2020-10-06 06:39:06.268088

e6dimnjyt40 >> Image Returned >> 2020-10-06 06:39:06.271439

e6dimnjyt40 >> End >> 2020-10-06 06:39:06.467195

hiem800jvvm >> Start >> 2020-10-06 06:42:11.782789

hiem800jvvm >> Image Returned >> 2020-10-06 06:42:11.786623

hiem800jvvm >> End >> 2020-10-06 06:42:11.947860

iaopjbm447a >> Start >> 2020-10-06 06:45:57.578002

iaopjbm447a >> Image Returned >> 2020-10-06 06:45:57.581736

iaopjbm447a >> End >> 2020-10-06 06:45:57.747282

vfy7oma8ysm >> Start >> 2020-10-06 06:46:10.563117

vfy7oma8ysm >> Image Returned >> 2020-10-06 06:46:10.566443

vfy7oma8ysm >> End >> 2020-10-06 06:46:10.730730

ewd0nu25nnx >> Start >> 2020-10-06 06:53:23.005217

ewd0nu25nnx >> Image Returned >> 2020-10-06 06:53:23.008616

ewd0nu25nnx >> End >> 2020-10-06 06:53:23.183340

zyw5q6kkum4 >> Start >> 2020-10-06 06:53:51.433634

zyw5q6kkum4 >> Image Returned >> 2020-10-06 06:53:51.437259

zyw5q6kkum4 >> End >> 2020-10-06 06:53:51.605807

ydcsehc03rh >> Start >> 2020-10-06 06:57:03.506150

ydcsehc03rh >> Image Returned >> 2020-10-06 06:57:03.509491

ydcsehc03rh >> End >> 2020-10-06 06:57:03.671729

bgns03exa4x >> Start >> 2020-10-06 06:57:34.116305

bgns03exa4x >> Image Returned >> 2020-10-06 06:57:34.119615

bgns03exa4x >> End >> 2020-10-06 06:57:34.288191

kv2byyii6kp >> Start >> 2020-10-06 06:57:47.785986

kv2byyii6kp >> Image Returned >> 2020-10-06 06:57:47.789616

kv2byyii6kp >> End >> 2020-10-06 06:57:47.950472

r77cxyim5kq >> Start >> 2020-10-06 07:07:26.156213

r77cxyim5kq >> Image Returned >> 2020-10-06 07:07:26.159912

r77cxyim5kq >> End >> 2020-10-06 07:07:26.366699

m8s4kndo24v >> Start >> 2020-10-06 07:13:00.839169

m8s4kndo24v >> Image Returned >> 2020-10-06 07:13:00.843406

m8s4kndo24v >> End >> 2020-10-06 07:13:01.009849

zii2er5oh06 >> Start >> 2020-10-06 07:17:06.949892

zii2er5oh06 >> Image Returned >> 2020-10-06 07:17:06.953939

zii2er5oh06 >> End >> 2020-10-06 07:17:07.140563

7m72gmm6i4n >> Start >> 2020-10-06 07:22:18.817662

7m72gmm6i4n >> Image Returned >> 2020-10-06 07:22:18.821127

7m72gmm6i4n >> End >> 2020-10-06 07:22:18.989054

qqg5zro0c5h >> Start >> 2020-10-06 07:25:53.891984

qqg5zro0c5h >> Image Returned >> 2020-10-06 07:25:53.895819

qqg5zro0c5h >> End >> 2020-10-06 07:25:54.064893

5kdtfhscvwx >> Start >> 2020-10-06 07:28:40.185623

5kdtfhscvwx >> Image Returned >> 2020-10-06 07:28:40.189059

5kdtfhscvwx >> End >> 2020-10-06 07:28:40.365902

ppfzrnjq8f8 >> Start >> 2020-10-06 07:29:13.712286

ppfzrnjq8f8 >> Image Returned >> 2020-10-06 07:29:13.715823

ppfzrnjq8f8 >> End >> 2020-10-06 07:29:13.889926

4vedy6m5m80 >> Start >> 2020-10-06 07:29:50.634017

4vedy6m5m80 >> Image Returned >> 2020-10-06 07:29:50.637804

4vedy6m5m80 >> End >> 2020-10-06 07:29:50.808384

e6v5yavzipr >> Start >> 2020-10-06 07:40:54.837383

e6v5yavzipr >> Image Returned >> 2020-10-06 07:40:54.841640

e6v5yavzipr >> End >> 2020-10-06 07:40:54.970674

vxg34oodh5y >> Start >> 2020-10-06 07:42:51.637482

vxg34oodh5y >> Image Returned >> 2020-10-06 07:42:51.641438

vxg34oodh5y >> End >> 2020-10-06 07:42:51.812958

z48gh6fdftg >> Start >> 2020-10-06 07:46:32.146939

z48gh6fdftg >> Image Returned >> 2020-10-06 07:46:32.150584

z48gh6fdftg >> End >> 2020-10-06 07:46:32.313436

bjt8qfgz2sb >> Start >> 2020-10-06 07:50:28.004053

bjt8qfgz2sb >> Image Returned >> 2020-10-06 07:50:28.007700

bjt8qfgz2sb >> End >> 2020-10-06 07:50:28.190785

weneotyp0uk >> Start >> 2020-10-06 08:01:11.457314

weneotyp0uk >> Image Returned >> 2020-10-06 08:01:11.460953

weneotyp0uk >> End >> 2020-10-06 08:01:11.644426

qma3tzmxh0n >> Start >> 2020-10-06 08:07:26.380784

qma3tzmxh0n >> Image Returned >> 2020-10-06 08:07:26.384305

qma3tzmxh0n >> End >> 2020-10-06 08:07:26.550683

f32szwo7eog >> Start >> 2020-10-06 08:32:11.956183

f32szwo7eog >> Image Returned >> 2020-10-06 08:32:11.960721

f32szwo7eog >> End >> 2020-10-06 08:32:12.120583

qro0vhuqktr >> Start >> 2020-10-06 08:36:41.744494

qro0vhuqktr >> Image Returned >> 2020-10-06 08:36:41.748049

qro0vhuqktr >> End >> 2020-10-06 08:36:41.911288

6c0mcx4om0s >> Start >> 2020-10-06 08:45:41.539338

6c0mcx4om0s >> Image Returned >> 2020-10-06 08:45:41.542865

6c0mcx4om0s >> End >> 2020-10-06 08:45:41.719074

zz07wo06dsr >> Start >> 2020-10-06 08:47:00.992295

zz07wo06dsr >> Image Returned >> 2020-10-06 08:47:00.996499

zz07wo06dsr >> End >> 2020-10-06 08:47:01.161206

mohrkrjh2ix >> Start >> 2020-10-06 08:47:10.526571

mohrkrjh2ix >> Image Returned >> 2020-10-06 08:47:10.526911

mohrkrjh2ix >> End >> 2020-10-06 08:47:10.685806

8gbvd2p7uw4 >> Start >> 2020-10-06 08:50:44.051805

8gbvd2p7uw4 >> Image Returned >> 2020-10-06 08:50:44.055476

8gbvd2p7uw4 >> End >> 2020-10-06 08:50:44.248394

eqtc0n53deo >> Start >> 2020-10-06 08:51:58.346529

eqtc0n53deo >> Image Returned >> 2020-10-06 08:51:58.350053

eqtc0n53deo >> End >> 2020-10-06 08:51:58.540767

t6czy4qveyz >> Start >> 2020-10-06 08:53:48.977032

t6czy4qveyz >> Image Returned >> 2020-10-06 08:53:48.980635

t6czy4qveyz >> End >> 2020-10-06 08:53:49.139154

8uscdcgafoa >> Start >> 2020-10-06 08:55:44.048192

8uscdcgafoa >> Image Returned >> 2020-10-06 08:55:44.052742

8uscdcgafoa >> End >> 2020-10-06 08:55:44.212984

menv6rqouoh >> Start >> 2020-10-06 08:59:13.869838

menv6rqouoh >> Image Returned >> 2020-10-06 08:59:13.873511

menv6rqouoh >> End >> 2020-10-06 08:59:14.072918

4cysp47a6mp >> Start >> 2020-10-06 09:00:40.572927

4cysp47a6mp >> Image Returned >> 2020-10-06 09:00:40.576663

4cysp47a6mp >> End >> 2020-10-06 09:00:40.736179

h8k22eykj6w >> Start >> 2020-10-06 09:08:49.734369

h8k22eykj6w >> Image Returned >> 2020-10-06 09:08:49.738048

h8k22eykj6w >> End >> 2020-10-06 09:08:49.908149

u5of36ochyx >> Start >> 2020-10-06 09:09:41.139292

u5of36ochyx >> Image Returned >> 2020-10-06 09:09:41.143022

u5of36ochyx >> End >> 2020-10-06 09:09:41.339380

y8ggbzwidrm >> Start >> 2020-10-06 09:11:03.322544

y8ggbzwidrm >> Image Returned >> 2020-10-06 09:11:03.326553

y8ggbzwidrm >> End >> 2020-10-06 09:11:03.487545

t0nu78gramu >> Start >> 2020-10-06 09:15:50.437129

t0nu78gramu >> Image Returned >> 2020-10-06 09:15:50.440855

t0nu78gramu >> End >> 2020-10-06 09:15:50.635643

3y77u7extdv >> Start >> 2020-10-06 09:16:53.713535

3y77u7extdv >> Image Returned >> 2020-10-06 09:16:53.718260

3y77u7extdv >> End >> 2020-10-06 09:16:53.890758

m6ikvapybhb >> Start >> 2020-10-06 09:18:01.406482

m6ikvapybhb >> Image Returned >> 2020-10-06 09:18:01.410949

m6ikvapybhb >> End >> 2020-10-06 09:18:01.577754

vtf5oaupoid >> Start >> 2020-10-06 09:27:08.272289

vtf5oaupoid >> Image Returned >> 2020-10-06 09:27:08.275955

vtf5oaupoid >> End >> 2020-10-06 09:27:08.440716

40wgymr372a >> Start >> 2020-10-06 09:32:32.320425

40wgymr372a >> Image Returned >> 2020-10-06 09:32:32.324049

40wgymr372a >> End >> 2020-10-06 09:32:32.485502

xnpettg2h3b >> Start >> 2020-10-06 09:32:49.035362

xnpettg2h3b >> Image Returned >> 2020-10-06 09:32:49.040508

xnpettg2h3b >> End >> 2020-10-06 09:32:49.216069

0gkbfqtjdog >> Start >> 2020-10-06 09:36:54.255646

0gkbfqtjdog >> Image Returned >> 2020-10-06 09:36:54.259747

0gkbfqtjdog >> End >> 2020-10-06 09:36:54.438756

w3phf7a5okt >> Start >> 2020-10-06 09:37:02.080106

w3phf7a5okt >> Image Returned >> 2020-10-06 09:37:02.080396

w3phf7a5okt >> End >> 2020-10-06 09:37:02.239108

ouke2edenrp >> Start >> 2020-10-06 09:41:03.486313

ouke2edenrp >> Image Returned >> 2020-10-06 09:41:03.491719

ouke2edenrp >> End >> 2020-10-06 09:41:03.662467

qaogjdtbn5o >> Start >> 2020-10-06 09:42:51.515943

qaogjdtbn5o >> Image Returned >> 2020-10-06 09:42:51.519578

qaogjdtbn5o >> End >> 2020-10-06 09:42:51.688833

srmkrfhqvw5 >> Start >> 2020-10-06 09:43:03.398374

srmkrfhqvw5 >> Image Returned >> 2020-10-06 09:43:03.402591

srmkrfhqvw5 >> End >> 2020-10-06 09:43:03.566138

otn7nhr8qhq >> Start >> 2020-10-06 09:47:24.764223

otn7nhr8qhq >> Image Returned >> 2020-10-06 09:47:24.768595

otn7nhr8qhq >> End >> 2020-10-06 09:47:24.970824

ezhtajbwb4v >> Start >> 2020-10-06 09:48:12.451541

ezhtajbwb4v >> Image Returned >> 2020-10-06 09:48:12.455858

ezhtajbwb4v >> End >> 2020-10-06 09:48:12.618957

8thtgz40qwu >> Start >> 2020-10-06 09:50:19.587531

8thtgz40qwu >> Image Returned >> 2020-10-06 09:50:19.591672

8thtgz40qwu >> End >> 2020-10-06 09:50:19.783658

jaqkzvd86if >> Start >> 2020-10-06 09:59:23.251497

jaqkzvd86if >> Image Returned >> 2020-10-06 09:59:23.256807

jaqkzvd86if >> End >> 2020-10-06 09:59:23.436361

tmqg0o7bk6a >> Start >> 2020-10-06 09:59:31.320768

tmqg0o7bk6a >> Image Returned >> 2020-10-06 09:59:31.321238

tmqg0o7bk6a >> End >> 2020-10-06 09:59:31.484602

iut7owzkrh4 >> Start >> 2020-10-06 10:00:05.178149

iut7owzkrh4 >> Image Returned >> 2020-10-06 10:00:05.181953

iut7owzkrh4 >> End >> 2020-10-06 10:00:05.339740

zcaappad7rg >> Start >> 2020-10-06 10:11:20.708983

zcaappad7rg >> Image Returned >> 2020-10-06 10:11:20.713365

zcaappad7rg >> End >> 2020-10-06 10:11:20.877980

cobve0scemq >> Start >> 2020-10-06 10:21:49.306762

cobve0scemq >> Image Returned >> 2020-10-06 10:21:49.310563

cobve0scemq >> End >> 2020-10-06 10:21:49.470264

tbr5am0gac5 >> Start >> 2020-10-06 10:42:37.678407

tbr5am0gac5 >> Image Returned >> 2020-10-06 10:42:37.682682

tbr5am0gac5 >> End >> 2020-10-06 10:42:37.852341

jrgi0sbhc85 >> Start >> 2020-10-06 10:42:53.708204

jrgi0sbhc85 >> Image Returned >> 2020-10-06 10:42:53.711966

jrgi0sbhc85 >> End >> 2020-10-06 10:42:53.875566

o6cj3ujq5hv >> Start >> 2020-10-06 10:43:36.155216

o6cj3ujq5hv >> Image Returned >> 2020-10-06 10:43:36.159112

o6cj3ujq5hv >> End >> 2020-10-06 10:43:36.338319

05hfuer3qze >> Start >> 2020-10-06 10:43:47.027497

05hfuer3qze >> Image Returned >> 2020-10-06 10:43:47.027826

05hfuer3qze >> End >> 2020-10-06 10:43:47.192527

aghiww2vnxw >> Start >> 2020-10-06 10:45:53.645498

aghiww2vnxw >> Image Returned >> 2020-10-06 10:45:53.649349

aghiww2vnxw >> End >> 2020-10-06 10:45:53.846502

mzpynxqk7r5 >> Start >> 2020-10-06 10:50:27.661834

mzpynxqk7r5 >> Image Returned >> 2020-10-06 10:50:27.665937

mzpynxqk7r5 >> End >> 2020-10-06 10:50:27.855000

ogz7jkkcpoh >> Start >> 2020-10-06 10:51:17.106082

ogz7jkkcpoh >> Image Returned >> 2020-10-06 10:51:17.111022

ogz7jkkcpoh >> End >> 2020-10-06 10:51:17.273189

tfhq8dz27pc >> Start >> 2020-10-06 10:51:30.090166

tfhq8dz27pc >> Image Returned >> 2020-10-06 10:51:30.093974

tfhq8dz27pc >> End >> 2020-10-06 10:51:30.261360

s5k7j6v6f6s >> Start >> 2020-10-06 10:52:38.165067

s5k7j6v6f6s >> Image Returned >> 2020-10-06 10:52:38.168828

s5k7j6v6f6s >> End >> 2020-10-06 10:52:38.330533

okxy60f6wwf >> Start >> 2020-10-06 10:53:14.346512

okxy60f6wwf >> Image Returned >> 2020-10-06 10:53:14.351300

okxy60f6wwf >> End >> 2020-10-06 10:53:14.515286

mf8mjrzpj4j >> Start >> 2020-10-06 10:57:49.792274

mf8mjrzpj4j >> Image Returned >> 2020-10-06 10:57:49.796252

mf8mjrzpj4j >> End >> 2020-10-06 10:57:49.973277

4n5ksifupmm >> Start >> 2020-10-06 11:00:17.592024

4n5ksifupmm >> Image Returned >> 2020-10-06 11:00:17.595927

4n5ksifupmm >> End >> 2020-10-06 11:00:17.761317

t24jc5a6nof >> Start >> 2020-10-06 11:00:19.563261

t24jc5a6nof >> Image Returned >> 2020-10-06 11:00:19.563596

t24jc5a6nof >> End >> 2020-10-06 11:00:19.760220

bzfti04awbo >> Start >> 2020-10-06 11:00:20.488138

bzfti04awbo >> Image Returned >> 2020-10-06 11:00:20.488487

bzfti04awbo >> End >> 2020-10-06 11:00:20.650832

ynygcxm2x03 >> Start >> 2020-10-06 11:00:30.632165

ynygcxm2x03 >> Image Returned >> 2020-10-06 11:00:30.632467

ynygcxm2x03 >> End >> 2020-10-06 11:00:30.794337

cq3gv22cjbb >> Start >> 2020-10-06 11:01:12.079994

cq3gv22cjbb >> Image Returned >> 2020-10-06 11:01:12.084383

cq3gv22cjbb >> End >> 2020-10-06 11:01:12.249902

8rzymnte3ts >> Start >> 2020-10-06 11:02:58.333673

8rzymnte3ts >> Image Returned >> 2020-10-06 11:02:58.338124

8rzymnte3ts >> End >> 2020-10-06 11:02:58.509318

3o2ssdnzwzp >> Start >> 2020-10-06 11:05:38.580311

3o2ssdnzwzp >> Image Returned >> 2020-10-06 11:05:38.584173

3o2ssdnzwzp >> End >> 2020-10-06 11:05:38.750364

jzrwshz0i5s >> Start >> 2020-10-06 11:05:44.515642

jzrwshz0i5s >> Image Returned >> 2020-10-06 11:05:44.515964

jzrwshz0i5s >> End >> 2020-10-06 11:05:44.688282

njrx40uw4ch >> Start >> 2020-10-06 11:05:49.161925

njrx40uw4ch >> Image Returned >> 2020-10-06 11:05:49.162225

njrx40uw4ch >> End >> 2020-10-06 11:05:49.339026

xcdx8h7kdy5 >> Start >> 2020-10-06 11:15:41.027021

xcdx8h7kdy5 >> Image Returned >> 2020-10-06 11:15:41.031505

xcdx8h7kdy5 >> End >> 2020-10-06 11:15:41.197695

67nwy6dgrfv >> Start >> 2020-10-06 11:17:39.148572

67nwy6dgrfv >> Image Returned >> 2020-10-06 11:17:39.152240

67nwy6dgrfv >> End >> 2020-10-06 11:17:39.320827

riaf7rpy4gt >> Start >> 2020-10-06 11:20:22.071619

riaf7rpy4gt >> Image Returned >> 2020-10-06 11:20:22.075814

riaf7rpy4gt >> End >> 2020-10-06 11:20:22.246382

nxq5uyx2ffm >> Start >> 2020-10-06 11:20:29.292402

nxq5uyx2ffm >> Image Returned >> 2020-10-06 11:20:29.292737

nxq5uyx2ffm >> End >> 2020-10-06 11:20:29.458797

5eredis33b7 >> Start >> 2020-10-06 11:22:17.647986

5eredis33b7 >> Image Returned >> 2020-10-06 11:22:17.651762

5eredis33b7 >> End >> 2020-10-06 11:22:17.833050

qhpexboqf08 >> Start >> 2020-10-06 11:24:28.664120

qhpexboqf08 >> Image Returned >> 2020-10-06 11:24:28.667901

qhpexboqf08 >> End >> 2020-10-06 11:24:28.844624

z6kwdud5kkb >> Start >> 2020-10-06 11:27:56.104269

z6kwdud5kkb >> Image Returned >> 2020-10-06 11:27:56.109050

z6kwdud5kkb >> End >> 2020-10-06 11:27:56.283627

ytvye6s6rvc >> Start >> 2020-10-06 11:33:51.632684

ytvye6s6rvc >> Image Returned >> 2020-10-06 11:33:51.636354

ytvye6s6rvc >> End >> 2020-10-06 11:33:51.819047

mt00mrw6z4y >> Start >> 2020-10-06 11:33:55.393426

mt00mrw6z4y >> Image Returned >> 2020-10-06 11:33:55.393735

mt00mrw6z4y >> End >> 2020-10-06 11:33:55.569580

r7o3fdymes4 >> Start >> 2020-10-06 11:34:24.592627

r7o3fdymes4 >> Image Returned >> 2020-10-06 11:34:24.596265

r7o3fdymes4 >> End >> 2020-10-06 11:34:24.718909

gvyzp4qadnk >> Start >> 2020-10-06 11:34:24.984971

gvyzp4qadnk >> Image Returned >> 2020-10-06 11:34:24.985281

gvyzp4qadnk >> End >> 2020-10-06 11:34:25.109678

ybxwq0cbsxz >> Start >> 2020-10-06 11:40:50.437380

ybxwq0cbsxz >> Image Returned >> 2020-10-06 11:40:50.441519

ybxwq0cbsxz >> End >> 2020-10-06 11:40:50.564980

nme3jye3yw2 >> Start >> 2020-10-06 11:42:20.312737

nme3jye3yw2 >> Image Returned >> 2020-10-06 11:42:20.317150

nme3jye3yw2 >> End >> 2020-10-06 11:42:20.479588

5mjkfh0pggc >> Start >> 2020-10-06 11:43:13.283018

5mjkfh0pggc >> Image Returned >> 2020-10-06 11:43:13.287152

5mjkfh0pggc >> End >> 2020-10-06 11:43:13.446373

aeo7tcpz673 >> Start >> 2020-10-06 11:46:07.840406

aeo7tcpz673 >> Image Returned >> 2020-10-06 11:46:07.844199

aeo7tcpz673 >> End >> 2020-10-06 11:46:08.015805

y2hp26qtimc >> Start >> 2020-10-06 11:51:13.542756

y2hp26qtimc >> Image Returned >> 2020-10-06 11:51:13.547050

y2hp26qtimc >> End >> 2020-10-06 11:51:13.709084

gx76z63bkvd >> Start >> 2020-10-06 11:55:53.821748

gx76z63bkvd >> Image Returned >> 2020-10-06 11:55:53.825472

gx76z63bkvd >> End >> 2020-10-06 11:55:54.006921

uce4astujer >> Start >> 2020-10-06 11:59:45.426631

uce4astujer >> Image Returned >> 2020-10-06 11:59:45.430341

uce4astujer >> End >> 2020-10-06 11:59:45.563811

xnz0yj0izod >> Start >> 2020-10-06 12:01:41.736054

xnz0yj0izod >> Image Returned >> 2020-10-06 12:01:41.740365

xnz0yj0izod >> End >> 2020-10-06 12:01:41.916471

v0cg5gdsy22 >> Start >> 2020-10-06 12:08:11.463009

v0cg5gdsy22 >> Image Returned >> 2020-10-06 12:08:11.467628

v0cg5gdsy22 >> End >> 2020-10-06 12:08:11.628999

md4j5b5q25d >> Start >> 2020-10-06 12:10:32.911174

md4j5b5q25d >> Image Returned >> 2020-10-06 12:10:32.914957

md4j5b5q25d >> End >> 2020-10-06 12:10:33.096467

urxekczv6ci >> Start >> 2020-10-06 12:13:08.151223

urxekczv6ci >> Image Returned >> 2020-10-06 12:13:08.154818

urxekczv6ci >> End >> 2020-10-06 12:13:08.329982

ypm2xkw48xh >> Start >> 2020-10-06 12:17:58.162127

ypm2xkw48xh >> Image Returned >> 2020-10-06 12:17:58.166562

ypm2xkw48xh >> End >> 2020-10-06 12:17:58.338805

8w6xsgeexen >> Start >> 2020-10-06 12:18:14.692342

8w6xsgeexen >> Image Returned >> 2020-10-06 12:18:14.697670

8w6xsgeexen >> End >> 2020-10-06 12:18:14.871027

a50cnya7v6n >> Start >> 2020-10-06 12:26:20.324882

a50cnya7v6n >> Image Returned >> 2020-10-06 12:26:20.328937

a50cnya7v6n >> End >> 2020-10-06 12:26:20.486365

ruows2irrwa >> Start >> 2020-10-06 12:26:54.675218

ruows2irrwa >> Image Returned >> 2020-10-06 12:26:54.678904

ruows2irrwa >> End >> 2020-10-06 12:26:54.842782

dacy6p733sq >> Start >> 2020-10-06 12:28:35.215775

dacy6p733sq >> Image Returned >> 2020-10-06 12:28:35.219481

dacy6p733sq >> End >> 2020-10-06 12:28:35.380965

brheafx6ntw >> Start >> 2020-10-06 12:28:45.314317

brheafx6ntw >> Image Returned >> 2020-10-06 12:28:45.314621

brheafx6ntw >> End >> 2020-10-06 12:28:45.492120

ahikqz0nxxh >> Start >> 2020-10-06 12:30:25.182147

ahikqz0nxxh >> Image Returned >> 2020-10-06 12:30:25.186062

ahikqz0nxxh >> End >> 2020-10-06 12:30:25.348602

2jsyx2x4822 >> Start >> 2020-10-06 12:31:02.641820

2jsyx2x4822 >> Image Returned >> 2020-10-06 12:31:02.645477

2jsyx2x4822 >> End >> 2020-10-06 12:31:02.814551

zwjv0iuukhu >> Start >> 2020-10-06 12:36:13.283308

zwjv0iuukhu >> Image Returned >> 2020-10-06 12:36:13.287003

zwjv0iuukhu >> End >> 2020-10-06 12:36:13.449291

qun3fue0jxr >> Start >> 2020-10-06 12:37:11.284746

qun3fue0jxr >> Image Returned >> 2020-10-06 12:37:11.288517

qun3fue0jxr >> End >> 2020-10-06 12:37:11.449142

y00vxq4otnr >> Start >> 2020-10-06 12:38:36.180082

y00vxq4otnr >> Image Returned >> 2020-10-06 12:38:36.183763

y00vxq4otnr >> End >> 2020-10-06 12:38:36.347286

64sk642oy0c >> Start >> 2020-10-06 12:40:34.520416

64sk642oy0c >> Image Returned >> 2020-10-06 12:40:34.524436

64sk642oy0c >> End >> 2020-10-06 12:40:34.698591

depy8eatycw >> Start >> 2020-10-06 12:51:15.594158

depy8eatycw >> Image Returned >> 2020-10-06 12:51:15.598418

depy8eatycw >> End >> 2020-10-06 12:51:15.761409

q24ojwr2n7v >> Start >> 2020-10-06 12:51:33.459173

q24ojwr2n7v >> Image Returned >> 2020-10-06 12:51:33.464422

q24ojwr2n7v >> End >> 2020-10-06 12:51:33.627924

xhh80ahhpig >> Start >> 2020-10-06 12:51:53.898806

xhh80ahhpig >> Image Returned >> 2020-10-06 12:51:53.902446

xhh80ahhpig >> End >> 2020-10-06 12:51:54.099581

tbc25guzdkm >> Start >> 2020-10-06 12:51:56.268369

tbc25guzdkm >> Image Returned >> 2020-10-06 12:51:56.268665

tbc25guzdkm >> End >> 2020-10-06 12:51:56.439258

z83xssdow0k >> Start >> 2020-10-06 12:52:22.670763

z83xssdow0k >> Image Returned >> 2020-10-06 12:52:22.674711

z83xssdow0k >> End >> 2020-10-06 12:52:22.857024

ta736zf0xft >> Start >> 2020-10-06 12:54:11.383429

ta736zf0xft >> Image Returned >> 2020-10-06 12:54:11.387598

ta736zf0xft >> End >> 2020-10-06 12:54:11.550107

u75c3rnm65s >> Start >> 2020-10-06 13:02:16.477631

u75c3rnm65s >> Image Returned >> 2020-10-06 13:02:16.481868

u75c3rnm65s >> End >> 2020-10-06 13:02:16.650588

vttmbyz5d3d >> Start >> 2020-10-06 13:02:18.199398

vttmbyz5d3d >> Image Returned >> 2020-10-06 13:02:18.199697

vttmbyz5d3d >> End >> 2020-10-06 13:02:18.388967

qpz0xssdc2q >> Start >> 2020-10-06 13:04:23.531121

qpz0xssdc2q >> Image Returned >> 2020-10-06 13:04:23.535130

qpz0xssdc2q >> End >> 2020-10-06 13:04:23.700988

jbcx6fr63qi >> Start >> 2020-10-06 13:07:22.174081

jbcx6fr63qi >> Image Returned >> 2020-10-06 13:07:22.178030

jbcx6fr63qi >> End >> 2020-10-06 13:07:22.357186

bcq3v6h237w >> Start >> 2020-10-06 13:12:07.260653

bcq3v6h237w >> Image Returned >> 2020-10-06 13:12:07.265410

bcq3v6h237w >> End >> 2020-10-06 13:12:07.431009

qboob4n5y54 >> Start >> 2020-10-06 13:13:39.086189

qboob4n5y54 >> Image Returned >> 2020-10-06 13:13:39.089942

qboob4n5y54 >> End >> 2020-10-06 13:13:39.253458

wpvez35zqhd >> Start >> 2020-10-06 13:18:24.045430

wpvez35zqhd >> Image Returned >> 2020-10-06 13:18:24.050570

wpvez35zqhd >> End >> 2020-10-06 13:18:24.218770

fy60garhau4 >> Start >> 2020-10-06 13:26:32.284548

fy60garhau4 >> Image Returned >> 2020-10-06 13:26:32.290085

fy60garhau4 >> End >> 2020-10-06 13:26:32.459037

53b6dzsqgzn >> Start >> 2020-10-06 13:29:25.093719

53b6dzsqgzn >> Image Returned >> 2020-10-06 13:29:25.097348

53b6dzsqgzn >> End >> 2020-10-06 13:29:25.270409

u5dknifwgzc >> Start >> 2020-10-06 13:29:38.237602

u5dknifwgzc >> Image Returned >> 2020-10-06 13:29:38.241426

u5dknifwgzc >> End >> 2020-10-06 13:29:38.411144

jt3sen6h7ho >> Start >> 2020-10-06 13:32:30.805644

jt3sen6h7ho >> Image Returned >> 2020-10-06 13:32:30.809657

jt3sen6h7ho >> End >> 2020-10-06 13:32:31.018235

c5d6pkgs77a >> Start >> 2020-10-06 13:32:31.506587

c5d6pkgs77a >> Image Returned >> 2020-10-06 13:32:31.506974

c5d6pkgs77a >> End >> 2020-10-06 13:32:31.715684

s4bfodki86g >> Start >> 2020-10-06 13:32:32.190000

s4bfodki86g >> Image Returned >> 2020-10-06 13:32:32.190319

s4bfodki86g >> End >> 2020-10-06 13:32:32.386342

vv3pxkig4in >> Start >> 2020-10-06 13:32:37.044939

vv3pxkig4in >> Image Returned >> 2020-10-06 13:32:37.045262

vv3pxkig4in >> End >> 2020-10-06 13:32:37.281966

i6cfd4gh2po >> Start >> 2020-10-06 13:32:39.930625

i6cfd4gh2po >> Image Returned >> 2020-10-06 13:32:39.930968

i6cfd4gh2po >> End >> 2020-10-06 13:32:40.132662

sjhf4vmrhvq >> Start >> 2020-10-06 13:32:42.395210

sjhf4vmrhvq >> Image Returned >> 2020-10-06 13:32:42.395522

sjhf4vmrhvq >> End >> 2020-10-06 13:32:42.608855

7cpsdeyd2um >> Start >> 2020-10-06 13:33:28.641905

7cpsdeyd2um >> Image Returned >> 2020-10-06 13:33:28.646933

7cpsdeyd2um >> End >> 2020-10-06 13:33:28.806054

w600tpar0xa >> Start >> 2020-10-06 13:33:54.141289

w600tpar0xa >> Image Returned >> 2020-10-06 13:33:54.146497

w600tpar0xa >> End >> 2020-10-06 13:33:54.315043

gkhgz6wb2d7 >> Start >> 2020-10-06 13:34:14.294562

gkhgz6wb2d7 >> Image Returned >> 2020-10-06 13:34:14.298180

gkhgz6wb2d7 >> End >> 2020-10-06 13:34:14.458841

s4xnj8qjssi >> Start >> 2020-10-06 13:35:03.499744

s4xnj8qjssi >> Image Returned >> 2020-10-06 13:35:03.503709

s4xnj8qjssi >> End >> 2020-10-06 13:35:03.664586

gbtzoufsbfa >> Start >> 2020-10-06 13:36:13.993330

gbtzoufsbfa >> Image Returned >> 2020-10-06 13:36:13.997106

gbtzoufsbfa >> End >> 2020-10-06 13:36:14.175175

2i2j8ojmnnb >> Start >> 2020-10-06 13:36:46.384897

2i2j8ojmnnb >> Image Returned >> 2020-10-06 13:36:46.388559

2i2j8ojmnnb >> End >> 2020-10-06 13:36:46.570936

pvzxmqmmfk8 >> Start >> 2020-10-06 13:45:04.210561

pvzxmqmmfk8 >> Image Returned >> 2020-10-06 13:45:04.215316

pvzxmqmmfk8 >> End >> 2020-10-06 13:45:04.413239

fd5q5vp2df5 >> Start >> 2020-10-06 13:45:27.372591

fd5q5vp2df5 >> Image Returned >> 2020-10-06 13:45:27.376282

fd5q5vp2df5 >> End >> 2020-10-06 13:45:27.558851

ke7ms7ixpbz >> Start >> 2020-10-06 13:45:42.939301

ke7ms7ixpbz >> Image Returned >> 2020-10-06 13:45:42.943042

ke7ms7ixpbz >> End >> 2020-10-06 13:45:43.127526

grkkf0jw5ew >> Start >> 2020-10-06 13:46:18.019838

grkkf0jw5ew >> Image Returned >> 2020-10-06 13:46:18.023513

grkkf0jw5ew >> End >> 2020-10-06 13:46:18.190109

tzuiv8gfqmh >> Start >> 2020-10-06 13:46:19.756258

tzuiv8gfqmh >> Image Returned >> 2020-10-06 13:46:19.756555

tzuiv8gfqmh >> End >> 2020-10-06 13:46:19.913944

sskrkr5cyxb >> Start >> 2020-10-06 13:46:42.736109

sskrkr5cyxb >> Image Returned >> 2020-10-06 13:46:42.739837

sskrkr5cyxb >> End >> 2020-10-06 13:46:42.912719

fjas3u43xbv >> Start >> 2020-10-06 13:46:54.831928

fjas3u43xbv >> Image Returned >> 2020-10-06 13:46:54.835912

fjas3u43xbv >> End >> 2020-10-06 13:46:55.009634

msi46k76j5v >> Start >> 2020-10-06 13:48:24.290496

msi46k76j5v >> Image Returned >> 2020-10-06 13:48:24.294130

msi46k76j5v >> End >> 2020-10-06 13:48:24.464920

zr05h76rh5a >> Start >> 2020-10-06 13:53:17.431571

zr05h76rh5a >> Image Returned >> 2020-10-06 13:53:17.435808

zr05h76rh5a >> End >> 2020-10-06 13:53:17.595405

nfbjtxagri2 >> Start >> 2020-10-06 13:57:41.152014

nfbjtxagri2 >> Image Returned >> 2020-10-06 13:57:41.155738

nfbjtxagri2 >> End >> 2020-10-06 13:57:41.317186

id42udev3zh >> Start >> 2020-10-06 14:05:00.763578

id42udev3zh >> Image Returned >> 2020-10-06 14:05:00.768368

id42udev3zh >> End >> 2020-10-06 14:05:00.934411

zws73aec5ww >> Start >> 2020-10-06 14:06:36.340959

zws73aec5ww >> Image Returned >> 2020-10-06 14:06:36.344820

zws73aec5ww >> End >> 2020-10-06 14:06:36.505718

a6zftyzf3k6 >> Start >> 2020-10-06 14:09:38.873914

a6zftyzf3k6 >> Image Returned >> 2020-10-06 14:09:38.877701

a6zftyzf3k6 >> End >> 2020-10-06 14:09:39.001048

m2k2zfhfunw >> Start >> 2020-10-06 14:28:43.077157

m2k2zfhfunw >> Image Returned >> 2020-10-06 14:28:43.080946

m2k2zfhfunw >> End >> 2020-10-06 14:28:43.248658

8f6gg8aaku7 >> Start >> 2020-10-06 14:29:27.375595

8f6gg8aaku7 >> Image Returned >> 2020-10-06 14:29:27.379344

8f6gg8aaku7 >> End >> 2020-10-06 14:29:27.561069

xzy7n4xj4pg >> Start >> 2020-10-06 14:30:43.561700

xzy7n4xj4pg >> Image Returned >> 2020-10-06 14:30:43.562150

xzy7n4xj4pg >> End >> 2020-10-06 14:30:43.737940

joybaeuwam3 >> Start >> 2020-10-06 14:32:26.072443

joybaeuwam3 >> Image Returned >> 2020-10-06 14:32:26.076478

joybaeuwam3 >> End >> 2020-10-06 14:32:26.244350

mncb0ec005q >> Start >> 2020-10-06 14:36:31.440042

mncb0ec005q >> Image Returned >> 2020-10-06 14:36:31.443934

mncb0ec005q >> End >> 2020-10-06 14:36:31.564452

ttwcy3t62qf >> Start >> 2020-10-06 14:36:35.958355

ttwcy3t62qf >> Image Returned >> 2020-10-06 14:36:35.958663

ttwcy3t62qf >> End >> 2020-10-06 14:36:36.124434

brdagkoaina >> Start >> 2020-10-06 14:38:22.904736

brdagkoaina >> Image Returned >> 2020-10-06 14:38:22.910100

brdagkoaina >> End >> 2020-10-06 14:38:23.101644

rsbnhrxujy7 >> Start >> 2020-10-06 14:40:11.506019

rsbnhrxujy7 >> Image Returned >> 2020-10-06 14:40:11.510183

rsbnhrxujy7 >> End >> 2020-10-06 14:40:11.670957

z3h4zcmoyzk >> Start >> 2020-10-06 14:44:20.078792

z3h4zcmoyzk >> Image Returned >> 2020-10-06 14:44:20.083381

z3h4zcmoyzk >> End >> 2020-10-06 14:44:20.249476

cmno8k4ktai >> Start >> 2020-10-06 14:46:42.203408

cmno8k4ktai >> Image Returned >> 2020-10-06 14:46:42.208652

cmno8k4ktai >> End >> 2020-10-06 14:46:42.376521

hxa4equ8xoh >> Start >> 2020-10-06 14:47:15.417854

hxa4equ8xoh >> Image Returned >> 2020-10-06 14:47:15.421973

hxa4equ8xoh >> End >> 2020-10-06 14:47:15.591027

2cz0jbrahfv >> Start >> 2020-10-06 14:47:33.039238

2cz0jbrahfv >> Image Returned >> 2020-10-06 14:47:33.043060

2cz0jbrahfv >> End >> 2020-10-06 14:47:33.212440

566zkz53f58 >> Start >> 2020-10-06 14:48:52.572256

566zkz53f58 >> Image Returned >> 2020-10-06 14:48:52.576409

566zkz53f58 >> End >> 2020-10-06 14:48:52.745594

2gpydd3r3jm >> Start >> 2020-10-06 14:49:40.754021

2gpydd3r3jm >> Image Returned >> 2020-10-06 14:49:40.757850

2gpydd3r3jm >> End >> 2020-10-06 14:49:40.937693

6nnpx02tccu >> Start >> 2020-10-06 14:54:35.139924

6nnpx02tccu >> Image Returned >> 2020-10-06 14:54:35.144092

6nnpx02tccu >> End >> 2020-10-06 14:54:35.320271

n7zwd6zi0ox >> Start >> 2020-10-06 14:55:54.146018

n7zwd6zi0ox >> Image Returned >> 2020-10-06 14:55:54.149863

n7zwd6zi0ox >> End >> 2020-10-06 14:55:54.328304

jhx2shqxa5i >> Start >> 2020-10-06 14:57:40.182451

jhx2shqxa5i >> Image Returned >> 2020-10-06 14:57:40.187299

jhx2shqxa5i >> End >> 2020-10-06 14:57:40.349689

t2novrs6wd4 >> Start >> 2020-10-06 15:02:19.468157

t2novrs6wd4 >> Image Returned >> 2020-10-06 15:02:19.472157

t2novrs6wd4 >> End >> 2020-10-06 15:02:19.641205

c4e0cda07gk >> Start >> 2020-10-06 15:03:54.429207

c4e0cda07gk >> Image Returned >> 2020-10-06 15:03:54.435095

c4e0cda07gk >> End >> 2020-10-06 15:03:54.602166

sygm76z67nt >> Start >> 2020-10-06 15:04:18.325436

sygm76z67nt >> Image Returned >> 2020-10-06 15:04:18.329430

sygm76z67nt >> End >> 2020-10-06 15:04:18.492247

b5bd2qnd6cp >> Start >> 2020-10-06 15:04:20.827327

b5bd2qnd6cp >> Image Returned >> 2020-10-06 15:04:20.827635

b5bd2qnd6cp >> End >> 2020-10-06 15:04:20.987344

r22swf2iufn >> Start >> 2020-10-06 15:05:08.936368

r22swf2iufn >> Image Returned >> 2020-10-06 15:05:08.940349

r22swf2iufn >> End >> 2020-10-06 15:05:09.104065

ze6twtjmqcu >> Start >> 2020-10-06 15:05:26.486278

ze6twtjmqcu >> Image Returned >> 2020-10-06 15:05:26.489989

ze6twtjmqcu >> End >> 2020-10-06 15:05:26.662275

fdgz3pqew30 >> Start >> 2020-10-06 15:07:15.825534

fdgz3pqew30 >> Image Returned >> 2020-10-06 15:07:15.829968

fdgz3pqew30 >> End >> 2020-10-06 15:07:16.012648

46rbbcpvc00 >> Start >> 2020-10-06 15:14:31.411922

46rbbcpvc00 >> Image Returned >> 2020-10-06 15:14:31.416573

46rbbcpvc00 >> End >> 2020-10-06 15:14:31.581909

p2dro0vzxzd >> Start >> 2020-10-06 15:21:08.469563

p2dro0vzxzd >> Image Returned >> 2020-10-06 15:21:08.474131

p2dro0vzxzd >> End >> 2020-10-06 15:21:08.661060

p70jvzebza8 >> Start >> 2020-10-06 15:24:15.564004

p70jvzebza8 >> Image Returned >> 2020-10-06 15:24:15.568207

p70jvzebza8 >> End >> 2020-10-06 15:24:15.727962

hohu7s7a8bf >> Start >> 2020-10-06 15:25:40.326448

hohu7s7a8bf >> Image Returned >> 2020-10-06 15:25:40.330189

hohu7s7a8bf >> End >> 2020-10-06 15:25:40.509645

3kxcogdkab2 >> Start >> 2020-10-06 15:26:04.926424

3kxcogdkab2 >> Image Returned >> 2020-10-06 15:26:04.930721

3kxcogdkab2 >> End >> 2020-10-06 15:26:05.093291

ce7ng72qeq0 >> Start >> 2020-10-06 15:27:22.049086

ce7ng72qeq0 >> Image Returned >> 2020-10-06 15:27:22.053080

ce7ng72qeq0 >> End >> 2020-10-06 15:27:22.221381

yrfc7uadxgi >> Start >> 2020-10-06 15:31:03.154242

yrfc7uadxgi >> Image Returned >> 2020-10-06 15:31:03.158715

yrfc7uadxgi >> End >> 2020-10-06 15:31:03.329608

5xjk7z2gxyw >> Start >> 2020-10-06 15:31:34.294153

5xjk7z2gxyw >> Image Returned >> 2020-10-06 15:31:34.297950

5xjk7z2gxyw >> End >> 2020-10-06 15:31:34.468532

v4wpcuokyt5 >> Start >> 2020-10-06 15:35:37.073798

v4wpcuokyt5 >> Image Returned >> 2020-10-06 15:35:37.080348

v4wpcuokyt5 >> End >> 2020-10-06 15:35:37.246670

xz4h85cbs3n >> Start >> 2020-10-06 15:40:24.981100

xz4h85cbs3n >> Image Returned >> 2020-10-06 15:40:24.985800

xz4h85cbs3n >> End >> 2020-10-06 15:40:25.178693

jb3jhfm28ox >> Start >> 2020-10-06 15:41:59.894145

jb3jhfm28ox >> Image Returned >> 2020-10-06 15:41:59.898005

jb3jhfm28ox >> End >> 2020-10-06 15:42:00.079312

s2mx5eyequi >> Start >> 2020-10-06 15:43:24.601612

s2mx5eyequi >> Image Returned >> 2020-10-06 15:43:24.606667

s2mx5eyequi >> End >> 2020-10-06 15:43:24.773850

2yua2cwfmkg >> Start >> 2020-10-06 15:45:30.972017

2yua2cwfmkg >> Image Returned >> 2020-10-06 15:45:30.976434

2yua2cwfmkg >> End >> 2020-10-06 15:45:31.177336

rou5j5iuq4a >> Start >> 2020-10-06 15:54:21.406064

rou5j5iuq4a >> Image Returned >> 2020-10-06 15:54:21.410764

rou5j5iuq4a >> End >> 2020-10-06 15:54:21.576847

cwioaq5th8m >> Start >> 2020-10-06 15:54:32.816272

cwioaq5th8m >> Image Returned >> 2020-10-06 15:54:32.820122

cwioaq5th8m >> End >> 2020-10-06 15:54:32.987953

krr5wxjh44i >> Start >> 2020-10-06 15:56:53.233475

krr5wxjh44i >> Image Returned >> 2020-10-06 15:56:53.237651

krr5wxjh44i >> End >> 2020-10-06 15:56:53.409519

aozmbxtvpyo >> Start >> 2020-10-06 15:59:42.305398

aozmbxtvpyo >> Image Returned >> 2020-10-06 15:59:42.310813

aozmbxtvpyo >> End >> 2020-10-06 15:59:42.475693

bra33sic5oj >> Start >> 2020-10-06 15:59:59.231533

bra33sic5oj >> Image Returned >> 2020-10-06 15:59:59.235577

bra33sic5oj >> End >> 2020-10-06 15:59:59.402905

ezarn3rpg7f >> Start >> 2020-10-06 16:01:25.087718

ezarn3rpg7f >> Image Returned >> 2020-10-06 16:01:25.092417

ezarn3rpg7f >> End >> 2020-10-06 16:01:25.255577

zsxzs7dauyh >> Start >> 2020-10-06 16:11:49.483163

zsxzs7dauyh >> Image Returned >> 2020-10-06 16:11:49.487409

zsxzs7dauyh >> End >> 2020-10-06 16:11:49.662607

43kd0aoxv3r >> Start >> 2020-10-06 16:11:56.759047

43kd0aoxv3r >> Image Returned >> 2020-10-06 16:11:56.759390

43kd0aoxv3r >> End >> 2020-10-06 16:11:56.922941

a7sa346n0oz >> Start >> 2020-10-06 16:13:13.424734

a7sa346n0oz >> Image Returned >> 2020-10-06 16:13:13.428404

a7sa346n0oz >> End >> 2020-10-06 16:13:13.588779

dw35i42dyjs >> Start >> 2020-10-06 16:15:58.227777

dw35i42dyjs >> Image Returned >> 2020-10-06 16:15:58.232414

dw35i42dyjs >> End >> 2020-10-06 16:15:58.428774

fci2nqon4dm >> Start >> 2020-10-06 16:16:23.231405

fci2nqon4dm >> Image Returned >> 2020-10-06 16:16:23.236028

fci2nqon4dm >> End >> 2020-10-06 16:16:23.413045

my34i63gc0h >> Start >> 2020-10-06 16:23:24.370244

my34i63gc0h >> Image Returned >> 2020-10-06 16:23:24.374970

my34i63gc0h >> End >> 2020-10-06 16:23:24.538129

mngxmfab0xh >> Start >> 2020-10-06 16:36:33.227029

mngxmfab0xh >> Image Returned >> 2020-10-06 16:36:33.231528

mngxmfab0xh >> End >> 2020-10-06 16:36:33.401030

hykgn7gs7am >> Start >> 2020-10-06 16:40:41.715666

hykgn7gs7am >> Image Returned >> 2020-10-06 16:40:41.719496

hykgn7gs7am >> End >> 2020-10-06 16:40:41.939691

k6qj2hkpuo0 >> Start >> 2020-10-06 16:48:06.473437

k6qj2hkpuo0 >> Image Returned >> 2020-10-06 16:48:06.478151

k6qj2hkpuo0 >> End >> 2020-10-06 16:48:06.688905

yayi6y8y5tu >> Start >> 2020-10-06 16:48:06.716690

yayi6y8y5tu >> Image Returned >> 2020-10-06 16:48:06.717026

yayi6y8y5tu >> End >> 2020-10-06 16:48:06.893459

z82sdjkot6i >> Start >> 2020-10-06 16:49:30.338505

z82sdjkot6i >> Image Returned >> 2020-10-06 16:49:30.342129

z82sdjkot6i >> End >> 2020-10-06 16:49:30.504746

uh78n47jrf4 >> Start >> 2020-10-06 16:51:18.184575

uh78n47jrf4 >> Image Returned >> 2020-10-06 16:51:18.188915

uh78n47jrf4 >> End >> 2020-10-06 16:51:18.362582

iojrrg6bvmy >> Start >> 2020-10-06 16:53:11.023974

iojrrg6bvmy >> Image Returned >> 2020-10-06 16:53:11.028850

iojrrg6bvmy >> End >> 2020-10-06 16:53:11.220254

ws3p2cofyb6 >> Start >> 2020-10-06 16:57:23.441675

ws3p2cofyb6 >> Image Returned >> 2020-10-06 16:57:23.447524

ws3p2cofyb6 >> End >> 2020-10-06 16:57:23.623344

ffj8xn0if5u >> Start >> 2020-10-06 16:59:13.716061

ffj8xn0if5u >> Image Returned >> 2020-10-06 16:59:13.720215

ffj8xn0if5u >> End >> 2020-10-06 16:59:13.880903

gvd4jgdfkto >> Start >> 2020-10-06 16:59:52.679923

gvd4jgdfkto >> Image Returned >> 2020-10-06 16:59:52.683480

gvd4jgdfkto >> End >> 2020-10-06 16:59:52.841572

bgkbaa0hr42 >> Start >> 2020-10-06 17:04:20.899126

bgkbaa0hr42 >> Image Returned >> 2020-10-06 17:04:20.903336

bgkbaa0hr42 >> End >> 2020-10-06 17:04:21.107331

e3qr72db05e >> Start >> 2020-10-06 17:07:43.466065

e3qr72db05e >> Image Returned >> 2020-10-06 17:07:43.471515

e3qr72db05e >> End >> 2020-10-06 17:07:43.632498

vs4xsv40wx6 >> Start >> 2020-10-06 17:08:52.946261

vs4xsv40wx6 >> Image Returned >> 2020-10-06 17:08:52.950186

vs4xsv40wx6 >> End >> 2020-10-06 17:08:53.112006

3mfcxaw763z >> Start >> 2020-10-06 17:09:26.783241

3mfcxaw763z >> Image Returned >> 2020-10-06 17:09:26.788716

3mfcxaw763z >> End >> 2020-10-06 17:09:26.955085

bmj7cpfme22 >> Start >> 2020-10-06 17:11:28.836127

bmj7cpfme22 >> Image Returned >> 2020-10-06 17:11:28.842055

bmj7cpfme22 >> End >> 2020-10-06 17:11:29.030836

7edwt7jxrxh >> Start >> 2020-10-06 17:13:07.795705

7edwt7jxrxh >> Image Returned >> 2020-10-06 17:13:07.799838

7edwt7jxrxh >> End >> 2020-10-06 17:13:07.985794

j05x5uk62z7 >> Start >> 2020-10-06 17:14:16.304450

j05x5uk62z7 >> Image Returned >> 2020-10-06 17:14:16.308449

j05x5uk62z7 >> End >> 2020-10-06 17:14:16.469130

g4dwruvb50u >> Start >> 2020-10-06 17:14:26.678277

g4dwruvb50u >> Image Returned >> 2020-10-06 17:14:26.678567

g4dwruvb50u >> End >> 2020-10-06 17:14:26.837611

dwwn7eurscm >> Start >> 2020-10-06 17:17:08.251858

dwwn7eurscm >> Image Returned >> 2020-10-06 17:17:08.255868

dwwn7eurscm >> End >> 2020-10-06 17:17:08.416344

30moaev0r6g >> Start >> 2020-10-06 17:20:39.287863

30moaev0r6g >> Image Returned >> 2020-10-06 17:20:39.291944

30moaev0r6g >> End >> 2020-10-06 17:20:39.454993

zjw4r2m8trh >> Start >> 2020-10-06 17:20:48.669362

zjw4r2m8trh >> Image Returned >> 2020-10-06 17:20:48.669667

zjw4r2m8trh >> End >> 2020-10-06 17:20:48.834507

uzz8co2gpax >> Start >> 2020-10-06 17:23:28.482700

uzz8co2gpax >> Image Returned >> 2020-10-06 17:23:28.487171

uzz8co2gpax >> End >> 2020-10-06 17:23:28.655144

7sdjybj6xbm >> Start >> 2020-10-06 17:23:31.104085

7sdjybj6xbm >> Image Returned >> 2020-10-06 17:23:31.104449

7sdjybj6xbm >> End >> 2020-10-06 17:23:31.276464

2oiduu2h5r8 >> Start >> 2020-10-06 17:24:54.960412

2oiduu2h5r8 >> Image Returned >> 2020-10-06 17:24:54.965951

2oiduu2h5r8 >> End >> 2020-10-06 17:24:55.139539

5zvaiynpdcz >> Start >> 2020-10-06 17:27:47.093305

5zvaiynpdcz >> Image Returned >> 2020-10-06 17:27:47.098088

5zvaiynpdcz >> End >> 2020-10-06 17:27:47.319747

w4spoj5ip06 >> Start >> 2020-10-06 17:28:36.705265

w4spoj5ip06 >> Image Returned >> 2020-10-06 17:28:36.709284

w4spoj5ip06 >> End >> 2020-10-06 17:28:36.881865

osoiaswjvx3 >> Start >> 2020-10-06 17:30:13.471616

osoiaswjvx3 >> Image Returned >> 2020-10-06 17:30:13.475862

osoiaswjvx3 >> End >> 2020-10-06 17:30:13.636924

4us4jmzarwk >> Start >> 2020-10-06 17:32:56.441235

4us4jmzarwk >> Image Returned >> 2020-10-06 17:32:56.446861

4us4jmzarwk >> End >> 2020-10-06 17:32:56.645411

n0v2f3gd778 >> Start >> 2020-10-06 17:34:06.730842

n0v2f3gd778 >> Image Returned >> 2020-10-06 17:34:06.734468

n0v2f3gd778 >> End >> 2020-10-06 17:34:06.912972

wmktjcjc6zu >> Start >> 2020-10-06 17:36:38.411469

wmktjcjc6zu >> Image Returned >> 2020-10-06 17:36:38.415178

wmktjcjc6zu >> End >> 2020-10-06 17:36:38.609091

ufrm5kba02z >> Start >> 2020-10-06 17:43:14.608916

ufrm5kba02z >> Image Returned >> 2020-10-06 17:43:14.613431

ufrm5kba02z >> End >> 2020-10-06 17:43:14.794141

hau0rv62733 >> Start >> 2020-10-06 17:46:28.084813

hau0rv62733 >> Image Returned >> 2020-10-06 17:46:28.088828

hau0rv62733 >> End >> 2020-10-06 17:46:28.262145

otuz4rkddfe >> Start >> 2020-10-06 17:47:05.504983

otuz4rkddfe >> Image Returned >> 2020-10-06 17:47:05.508924

otuz4rkddfe >> End >> 2020-10-06 17:47:05.679796

o7bmwb3rsqn >> Start >> 2020-10-06 17:47:17.935806

o7bmwb3rsqn >> Image Returned >> 2020-10-06 17:47:17.940526

o7bmwb3rsqn >> End >> 2020-10-06 17:47:18.107178

sk5e0yo7g77 >> Start >> 2020-10-06 17:48:49.378887

sk5e0yo7g77 >> Image Returned >> 2020-10-06 17:48:49.383157

sk5e0yo7g77 >> End >> 2020-10-06 17:48:49.550719

nic0w7bze78 >> Start >> 2020-10-06 17:52:45.455965

nic0w7bze78 >> Image Returned >> 2020-10-06 17:52:45.460131

nic0w7bze78 >> End >> 2020-10-06 17:52:45.635809

nfmgkkdv3tv >> Start >> 2020-10-06 17:55:29.993221

nfmgkkdv3tv >> Image Returned >> 2020-10-06 17:55:29.997565

nfmgkkdv3tv >> End >> 2020-10-06 17:55:30.163350

wqeswqfpfsb >> Start >> 2020-10-06 18:00:54.732620

wqeswqfpfsb >> Image Returned >> 2020-10-06 18:00:54.736721

wqeswqfpfsb >> End >> 2020-10-06 18:00:54.895431

tnesmgub0pk >> Start >> 2020-10-06 18:02:55.374023

tnesmgub0pk >> Image Returned >> 2020-10-06 18:02:55.377700

tnesmgub0pk >> End >> 2020-10-06 18:02:55.513132

khifjfuf5hq >> Start >> 2020-10-06 18:04:01.449975

khifjfuf5hq >> Image Returned >> 2020-10-06 18:04:01.453665

khifjfuf5hq >> End >> 2020-10-06 18:04:01.582685

qkfiamtrwny >> Start >> 2020-10-06 18:04:15.826700

qkfiamtrwny >> Image Returned >> 2020-10-06 18:04:15.831101

qkfiamtrwny >> End >> 2020-10-06 18:04:16.004735

ksdxm6qaob7 >> Start >> 2020-10-06 18:07:32.266607

ksdxm6qaob7 >> Image Returned >> 2020-10-06 18:07:32.270920

ksdxm6qaob7 >> End >> 2020-10-06 18:07:32.434494

haxep44wxav >> Start >> 2020-10-06 18:07:46.440426

haxep44wxav >> Image Returned >> 2020-10-06 18:07:46.444432

haxep44wxav >> End >> 2020-10-06 18:07:46.567580

rdowbx5kqwb >> Start >> 2020-10-06 18:10:23.118805

rdowbx5kqwb >> Image Returned >> 2020-10-06 18:10:23.123492

rdowbx5kqwb >> End >> 2020-10-06 18:10:23.289062

q3hkstxwf22 >> Start >> 2020-10-06 18:11:05.250387

q3hkstxwf22 >> Image Returned >> 2020-10-06 18:11:05.254000

q3hkstxwf22 >> End >> 2020-10-06 18:11:05.425612

qhrnb4dkraa >> Start >> 2020-10-06 18:11:38.956091

qhrnb4dkraa >> Image Returned >> 2020-10-06 18:11:38.959770

qhrnb4dkraa >> End >> 2020-10-06 18:11:39.122231

bp0jjqn5apy >> Start >> 2020-10-06 18:17:48.167398

bp0jjqn5apy >> Image Returned >> 2020-10-06 18:17:48.171190

bp0jjqn5apy >> End >> 2020-10-06 18:17:48.339361

nxugg20ojj5 >> Start >> 2020-10-06 18:18:27.869318

nxugg20ojj5 >> Image Returned >> 2020-10-06 18:18:27.873007

nxugg20ojj5 >> End >> 2020-10-06 18:18:28.036582

ac6vvcqr873 >> Start >> 2020-10-06 18:24:29.586858

ac6vvcqr873 >> Image Returned >> 2020-10-06 18:24:29.591593

ac6vvcqr873 >> End >> 2020-10-06 18:24:29.763915

iufmywowxzu >> Start >> 2020-10-06 18:26:51.870028

iufmywowxzu >> Image Returned >> 2020-10-06 18:26:51.873795

iufmywowxzu >> End >> 2020-10-06 18:26:52.036767

jsctcbdvnaj >> Start >> 2020-10-06 18:31:33.031857

jsctcbdvnaj >> Image Returned >> 2020-10-06 18:31:33.035960

jsctcbdvnaj >> End >> 2020-10-06 18:31:33.210329

xpa3ehcmm0d >> Start >> 2020-10-06 18:33:23.499711

xpa3ehcmm0d >> Image Returned >> 2020-10-06 18:33:23.503732

xpa3ehcmm0d >> End >> 2020-10-06 18:33:23.631608

jbfbd4v575n >> Start >> 2020-10-06 18:33:32.789482

jbfbd4v575n >> Image Returned >> 2020-10-06 18:33:32.789782

jbfbd4v575n >> End >> 2020-10-06 18:33:32.953356

o835q3tmyis >> Start >> 2020-10-06 18:38:25.550744

o835q3tmyis >> Image Returned >> 2020-10-06 18:38:25.556248

o835q3tmyis >> End >> 2020-10-06 18:38:25.719638

dwiv52p42c5 >> Start >> 2020-10-06 18:40:03.871961

dwiv52p42c5 >> Image Returned >> 2020-10-06 18:40:03.876724

dwiv52p42c5 >> End >> 2020-10-06 18:40:04.056545

v0ddnwabvwh >> Start >> 2020-10-06 18:40:06.515641

v0ddnwabvwh >> Image Returned >> 2020-10-06 18:40:06.516150

v0ddnwabvwh >> End >> 2020-10-06 18:40:06.715081

jacf8nxchby >> Start >> 2020-10-06 18:40:44.541654

jacf8nxchby >> Image Returned >> 2020-10-06 18:40:44.547137

jacf8nxchby >> End >> 2020-10-06 18:40:44.712023

2hk0di23pwc >> Start >> 2020-10-06 18:46:06.170756

2hk0di23pwc >> Image Returned >> 2020-10-06 18:46:06.174369

2hk0di23pwc >> End >> 2020-10-06 18:46:06.349014

6ygjdvupykj >> Start >> 2020-10-06 18:46:13.559180

6ygjdvupykj >> Image Returned >> 2020-10-06 18:46:13.559493

6ygjdvupykj >> End >> 2020-10-06 18:46:13.731921

mm7av5emtee >> Start >> 2020-10-06 18:46:59.045763

mm7av5emtee >> Image Returned >> 2020-10-06 18:46:59.049791

mm7av5emtee >> End >> 2020-10-06 18:46:59.226639

3058gp8uwvi >> Start >> 2020-10-06 18:47:12.109083

3058gp8uwvi >> Image Returned >> 2020-10-06 18:47:12.112993

3058gp8uwvi >> End >> 2020-10-06 18:47:12.281099

dx7ssv708zq >> Start >> 2020-10-06 18:55:58.011087

dx7ssv708zq >> Image Returned >> 2020-10-06 18:55:58.015955

dx7ssv708zq >> End >> 2020-10-06 18:55:58.143513

g0kd2v8k2yf >> Start >> 2020-10-06 18:56:18.654918

g0kd2v8k2yf >> Image Returned >> 2020-10-06 18:56:18.658957

g0kd2v8k2yf >> End >> 2020-10-06 18:56:18.822799

6waqb3zyemh >> Start >> 2020-10-06 18:56:40.607733

6waqb3zyemh >> Image Returned >> 2020-10-06 18:56:40.611943

6waqb3zyemh >> End >> 2020-10-06 18:56:40.781651

abcp5ub66t3 >> Start >> 2020-10-06 19:04:19.183794

abcp5ub66t3 >> Image Returned >> 2020-10-06 19:04:19.187937

abcp5ub66t3 >> End >> 2020-10-06 19:04:19.359075

to8zuiynrxp >> Start >> 2020-10-06 19:04:47.146023

to8zuiynrxp >> Image Returned >> 2020-10-06 19:04:47.149657

to8zuiynrxp >> End >> 2020-10-06 19:04:47.316469

yezdkk3fohs >> Start >> 2020-10-06 19:06:07.464102

yezdkk3fohs >> Image Returned >> 2020-10-06 19:06:07.468657

yezdkk3fohs >> End >> 2020-10-06 19:06:07.643151

vc8t352nf4v >> Start >> 2020-10-06 19:09:59.142200

vc8t352nf4v >> Image Returned >> 2020-10-06 19:09:59.146296

vc8t352nf4v >> End >> 2020-10-06 19:09:59.360332

4hv24ifgu36 >> Start >> 2020-10-06 19:10:17.926246

4hv24ifgu36 >> Image Returned >> 2020-10-06 19:10:17.930803

4hv24ifgu36 >> End >> 2020-10-06 19:10:18.102926

u2g5yum8c40 >> Start >> 2020-10-06 19:10:23.545025

u2g5yum8c40 >> Image Returned >> 2020-10-06 19:10:23.545490

u2g5yum8c40 >> End >> 2020-10-06 19:10:23.708703

3zxrhartaja >> Start >> 2020-10-06 19:10:37.148896

3zxrhartaja >> Image Returned >> 2020-10-06 19:10:37.152581

3zxrhartaja >> End >> 2020-10-06 19:10:37.316334

6t2bb43wa83 >> Start >> 2020-10-06 19:10:37.377960

6t2bb43wa83 >> Image Returned >> 2020-10-06 19:10:37.378263

6t2bb43wa83 >> End >> 2020-10-06 19:10:37.542980

tqoi8sy2sp0 >> Start >> 2020-10-06 19:10:53.669759

tqoi8sy2sp0 >> Image Returned >> 2020-10-06 19:10:53.673338

tqoi8sy2sp0 >> End >> 2020-10-06 19:10:53.834383

bpgv6axmq82 >> Start >> 2020-10-06 19:11:43.194267

bpgv6axmq82 >> Image Returned >> 2020-10-06 19:11:43.198319

bpgv6axmq82 >> End >> 2020-10-06 19:11:43.369848

b0yamijsgt8 >> Start >> 2020-10-06 19:17:36.585655

b0yamijsgt8 >> Image Returned >> 2020-10-06 19:17:36.589359

b0yamijsgt8 >> End >> 2020-10-06 19:17:36.752564

ue0vcqeec48 >> Start >> 2020-10-06 19:18:22.074821

ue0vcqeec48 >> Image Returned >> 2020-10-06 19:18:22.078934

ue0vcqeec48 >> End >> 2020-10-06 19:18:22.244735

xqtcq4thoo3 >> Start >> 2020-10-06 19:20:08.050614

xqtcq4thoo3 >> Image Returned >> 2020-10-06 19:20:08.054733

xqtcq4thoo3 >> End >> 2020-10-06 19:20:08.220743

jo8nrukwnox >> Start >> 2020-10-06 19:20:09.654185

jo8nrukwnox >> Image Returned >> 2020-10-06 19:20:09.654491

jo8nrukwnox >> End >> 2020-10-06 19:20:09.816251

cpuabmpdtpa >> Start >> 2020-10-06 19:20:27.900751

cpuabmpdtpa >> Image Returned >> 2020-10-06 19:20:27.904673

cpuabmpdtpa >> End >> 2020-10-06 19:20:28.067192

r5gever7iq7 >> Start >> 2020-10-06 19:20:34.461565

r5gever7iq7 >> Image Returned >> 2020-10-06 19:20:34.461859

r5gever7iq7 >> End >> 2020-10-06 19:20:34.643258

i4fyc732dxn >> Start >> 2020-10-06 19:21:18.900527

i4fyc732dxn >> Image Returned >> 2020-10-06 19:21:18.904273

i4fyc732dxn >> End >> 2020-10-06 19:21:19.073352

qjsdj2tfrhn >> Start >> 2020-10-06 19:21:30.922416

qjsdj2tfrhn >> Image Returned >> 2020-10-06 19:21:30.926198

qjsdj2tfrhn >> End >> 2020-10-06 19:21:31.131350

vw85xgrny87 >> Start >> 2020-10-06 19:21:31.246958

vw85xgrny87 >> Image Returned >> 2020-10-06 19:21:31.247252

vw85xgrny87 >> End >> 2020-10-06 19:21:31.416017

dv2om0na5f2 >> Start >> 2020-10-06 19:23:37.099968

dv2om0na5f2 >> Image Returned >> 2020-10-06 19:23:37.104165

dv2om0na5f2 >> End >> 2020-10-06 19:23:37.267256

zc57zfz3dop >> Start >> 2020-10-06 19:24:31.108587

zc57zfz3dop >> Image Returned >> 2020-10-06 19:24:31.112739

zc57zfz3dop >> End >> 2020-10-06 19:24:31.276977

4y667ox6gk3 >> Start >> 2020-10-06 19:24:32.618232

4y667ox6gk3 >> Image Returned >> 2020-10-06 19:24:32.618526

4y667ox6gk3 >> End >> 2020-10-06 19:24:32.792340

mksyz4kczef >> Start >> 2020-10-06 19:30:28.923016

mksyz4kczef >> Image Returned >> 2020-10-06 19:30:28.927303

mksyz4kczef >> End >> 2020-10-06 19:30:29.091852

ux3yh88oc4o >> Start >> 2020-10-06 19:31:06.916066

ux3yh88oc4o >> Image Returned >> 2020-10-06 19:31:06.919720

ux3yh88oc4o >> End >> 2020-10-06 19:31:07.098756

ejgenrcprqx >> Start >> 2020-10-06 19:35:24.309566

ejgenrcprqx >> Image Returned >> 2020-10-06 19:35:24.313520

ejgenrcprqx >> End >> 2020-10-06 19:35:24.478157

jj4bxyc8mbf >> Start >> 2020-10-06 19:35:58.146487

jj4bxyc8mbf >> Image Returned >> 2020-10-06 19:35:58.150111

jj4bxyc8mbf >> End >> 2020-10-06 19:35:58.313107

mahe06o20xp >> Start >> 2020-10-06 19:36:56.451287

mahe06o20xp >> Image Returned >> 2020-10-06 19:36:56.455394

mahe06o20xp >> End >> 2020-10-06 19:36:56.621270

orahm73i7vo >> Start >> 2020-10-06 19:42:28.573324

orahm73i7vo >> Image Returned >> 2020-10-06 19:42:28.578035

orahm73i7vo >> End >> 2020-10-06 19:42:28.745251

zdaiqcqccky >> Start >> 2020-10-06 19:43:27.128407

zdaiqcqccky >> Image Returned >> 2020-10-06 19:43:27.132685

zdaiqcqccky >> End >> 2020-10-06 19:43:27.296588

sk532kfab4n >> Start >> 2020-10-06 19:44:03.037411

sk532kfab4n >> Image Returned >> 2020-10-06 19:44:03.041028

sk532kfab4n >> End >> 2020-10-06 19:44:03.206662

jv33v5t0a5g >> Start >> 2020-10-06 19:46:27.276798

jv33v5t0a5g >> Image Returned >> 2020-10-06 19:46:27.280438

jv33v5t0a5g >> End >> 2020-10-06 19:46:27.457303

iv787vjvyyu >> Start >> 2020-10-06 19:47:01.644632

iv787vjvyyu >> Image Returned >> 2020-10-06 19:47:01.648278

iv787vjvyyu >> End >> 2020-10-06 19:47:01.819416

x0p74rwsnuy >> Start >> 2020-10-06 19:47:09.341160

x0p74rwsnuy >> Image Returned >> 2020-10-06 19:47:09.341474

x0p74rwsnuy >> End >> 2020-10-06 19:47:09.509613

z5dskndchcb >> Start >> 2020-10-06 19:49:40.177546

z5dskndchcb >> Image Returned >> 2020-10-06 19:49:40.181422

z5dskndchcb >> End >> 2020-10-06 19:49:40.359193

taitfu8haaj >> Start >> 2020-10-06 19:50:18.130825

taitfu8haaj >> Image Returned >> 2020-10-06 19:50:18.134922

taitfu8haaj >> End >> 2020-10-06 19:50:18.302526

bjhmz4s7xca >> Start >> 2020-10-06 19:51:25.660443

bjhmz4s7xca >> Image Returned >> 2020-10-06 19:51:25.664840

bjhmz4s7xca >> End >> 2020-10-06 19:51:25.831969

ka6n8sf6fhf >> Start >> 2020-10-06 19:52:07.580955

ka6n8sf6fhf >> Image Returned >> 2020-10-06 19:52:07.585356

ka6n8sf6fhf >> End >> 2020-10-06 19:52:07.744585

d50aixox3or >> Start >> 2020-10-06 19:52:19.390110

d50aixox3or >> Image Returned >> 2020-10-06 19:52:19.394364

d50aixox3or >> End >> 2020-10-06 19:52:19.561115

806koihxizi >> Start >> 2020-10-06 19:53:20.509085

806koihxizi >> Image Returned >> 2020-10-06 19:53:20.513504

806koihxizi >> End >> 2020-10-06 19:53:20.677248

42xsru7dsrq >> Start >> 2020-10-06 19:55:51.536777

42xsru7dsrq >> Image Returned >> 2020-10-06 19:55:51.540982

42xsru7dsrq >> End >> 2020-10-06 19:55:51.707940

3c7spaw68m2 >> Start >> 2020-10-06 19:56:42.527611

3c7spaw68m2 >> Image Returned >> 2020-10-06 19:56:42.531678

3c7spaw68m2 >> End >> 2020-10-06 19:56:42.696330

q02osuym5pu >> Start >> 2020-10-06 19:56:45.778944

q02osuym5pu >> Image Returned >> 2020-10-06 19:56:45.779249

q02osuym5pu >> End >> 2020-10-06 19:56:45.945389

6dzof65j8v3 >> Start >> 2020-10-06 19:56:56.205821

6dzof65j8v3 >> Image Returned >> 2020-10-06 19:56:56.206176

6dzof65j8v3 >> End >> 2020-10-06 19:56:56.373733

q0worun67yd >> Start >> 2020-10-06 20:03:00.323247

q0worun67yd >> Image Returned >> 2020-10-06 20:03:00.327064

q0worun67yd >> End >> 2020-10-06 20:03:00.488262

ry0n058bcki >> Start >> 2020-10-06 20:03:08.953243

ry0n058bcki >> Image Returned >> 2020-10-06 20:03:08.953654

ry0n058bcki >> End >> 2020-10-06 20:03:09.119379

jopow74h5yw >> Start >> 2020-10-06 20:04:10.228517

jopow74h5yw >> Image Returned >> 2020-10-06 20:04:10.232558

jopow74h5yw >> End >> 2020-10-06 20:04:10.399192

7wuh8mnrbgu >> Start >> 2020-10-06 20:07:54.859373

7wuh8mnrbgu >> Image Returned >> 2020-10-06 20:07:54.864223

7wuh8mnrbgu >> End >> 2020-10-06 20:07:55.029282

0uyeozczj3j >> Start >> 2020-10-06 20:10:00.996010

0uyeozczj3j >> Image Returned >> 2020-10-06 20:10:00.999856

0uyeozczj3j >> End >> 2020-10-06 20:10:01.164774

fxue3dgcvim >> Start >> 2020-10-06 20:10:49.094783

fxue3dgcvim >> Image Returned >> 2020-10-06 20:10:49.099421

fxue3dgcvim >> End >> 2020-10-06 20:10:49.272845

ng2uxu4xtgg >> Start >> 2020-10-06 20:11:01.232120

ng2uxu4xtgg >> Image Returned >> 2020-10-06 20:11:01.235761

ng2uxu4xtgg >> End >> 2020-10-06 20:11:01.425465

rxbvpm7vdw2 >> Start >> 2020-10-06 20:11:01.838254

rxbvpm7vdw2 >> Image Returned >> 2020-10-06 20:11:01.838541

rxbvpm7vdw2 >> End >> 2020-10-06 20:11:02.011195

m5jke73o43e >> Start >> 2020-10-06 20:12:06.766863

m5jke73o43e >> Image Returned >> 2020-10-06 20:12:06.770602

m5jke73o43e >> End >> 2020-10-06 20:12:06.961824

k8t7dc2d5yf >> Start >> 2020-10-06 20:15:11.030303

k8t7dc2d5yf >> Image Returned >> 2020-10-06 20:15:11.033983

k8t7dc2d5yf >> End >> 2020-10-06 20:15:11.227900

jbsqp7zg4tb >> Start >> 2020-10-06 20:15:16.174590

jbsqp7zg4tb >> Image Returned >> 2020-10-06 20:15:16.175134

jbsqp7zg4tb >> End >> 2020-10-06 20:15:16.340039

5072msu4o0v >> Start >> 2020-10-06 20:17:32.027652

5072msu4o0v >> Image Returned >> 2020-10-06 20:17:32.031738

5072msu4o0v >> End >> 2020-10-06 20:17:32.200635

eptdeexqmuo >> Start >> 2020-10-06 20:19:23.655761

eptdeexqmuo >> Image Returned >> 2020-10-06 20:19:23.661665

eptdeexqmuo >> End >> 2020-10-06 20:19:23.863101

4mixpx624v0 >> Start >> 2020-10-06 20:23:39.831100

4mixpx624v0 >> Image Returned >> 2020-10-06 20:23:39.835805

4mixpx624v0 >> End >> 2020-10-06 20:23:40.018523

3gxt20d4nch >> Start >> 2020-10-06 20:26:44.441710

3gxt20d4nch >> Image Returned >> 2020-10-06 20:26:44.446079

3gxt20d4nch >> End >> 2020-10-06 20:26:44.636066

wcbonkj3ofe >> Start >> 2020-10-06 20:28:18.936798

wcbonkj3ofe >> Image Returned >> 2020-10-06 20:28:18.941041

wcbonkj3ofe >> End >> 2020-10-06 20:28:19.117548

mjgxpnfjqbs >> Start >> 2020-10-06 20:29:34.496104

mjgxpnfjqbs >> Image Returned >> 2020-10-06 20:29:34.499862

mjgxpnfjqbs >> End >> 2020-10-06 20:29:34.675838

pvaq7t8qcmd >> Start >> 2020-10-06 20:34:32.725537

pvaq7t8qcmd >> Image Returned >> 2020-10-06 20:34:32.729774

pvaq7t8qcmd >> End >> 2020-10-06 20:34:32.932780

rfbdpmzxn3k >> Start >> 2020-10-06 20:36:34.776757

rfbdpmzxn3k >> Image Returned >> 2020-10-06 20:36:34.780719

rfbdpmzxn3k >> End >> 2020-10-06 20:36:34.955741

5zpyz78yuev >> Start >> 2020-10-06 20:37:29.748687

5zpyz78yuev >> Image Returned >> 2020-10-06 20:37:29.752724

5zpyz78yuev >> End >> 2020-10-06 20:37:29.912772

c4gnjwo8gbc >> Start >> 2020-10-06 20:38:39.731894

c4gnjwo8gbc >> Image Returned >> 2020-10-06 20:38:39.736062

c4gnjwo8gbc >> End >> 2020-10-06 20:38:39.904602

mahtdc0tvzk >> Start >> 2020-10-06 20:39:05.595956

mahtdc0tvzk >> Image Returned >> 2020-10-06 20:39:05.599603

mahtdc0tvzk >> End >> 2020-10-06 20:39:05.773739

2atpuryj8zm >> Start >> 2020-10-06 20:41:57.931221

2atpuryj8zm >> Image Returned >> 2020-10-06 20:41:57.935827

2atpuryj8zm >> End >> 2020-10-06 20:41:58.102178

rnik6uvmgwr >> Start >> 2020-10-06 20:42:34.863363

rnik6uvmgwr >> Image Returned >> 2020-10-06 20:42:34.867327

rnik6uvmgwr >> End >> 2020-10-06 20:42:35.046010

7z2r87yrv8j >> Start >> 2020-10-06 20:45:19.866216

7z2r87yrv8j >> Image Returned >> 2020-10-06 20:45:19.871474

7z2r87yrv8j >> End >> 2020-10-06 20:45:20.055999

7bkujq6b4iq >> Start >> 2020-10-06 20:45:40.687774

7bkujq6b4iq >> Image Returned >> 2020-10-06 20:45:40.691376

7bkujq6b4iq >> End >> 2020-10-06 20:45:40.864994

spoawkr5xo5 >> Start >> 2020-10-06 20:48:40.300386

spoawkr5xo5 >> Image Returned >> 2020-10-06 20:48:40.304775

spoawkr5xo5 >> End >> 2020-10-06 20:48:40.473725

ghnyan76q7h >> Start >> 2020-10-06 20:52:03.490803

ghnyan76q7h >> Image Returned >> 2020-10-06 20:52:03.494801

ghnyan76q7h >> End >> 2020-10-06 20:52:03.689590

jfqtnkhog6j >> Start >> 2020-10-06 20:52:34.449475

jfqtnkhog6j >> Image Returned >> 2020-10-06 20:52:34.453711

jfqtnkhog6j >> End >> 2020-10-06 20:52:34.627960

vxjdk8bu7n7 >> Start >> 2020-10-06 20:53:37.895056

vxjdk8bu7n7 >> Image Returned >> 2020-10-06 20:53:37.902862

vxjdk8bu7n7 >> End >> 2020-10-06 20:53:38.068145

gvnr4gpuyjq >> Start >> 2020-10-06 20:53:52.109344

gvnr4gpuyjq >> Image Returned >> 2020-10-06 20:53:52.113713

gvnr4gpuyjq >> End >> 2020-10-06 20:53:52.284603

dvo8wozvpin >> Start >> 2020-10-06 20:54:20.407143

dvo8wozvpin >> Image Returned >> 2020-10-06 20:54:20.411559

dvo8wozvpin >> End >> 2020-10-06 20:54:20.570842

afwqxchfumh >> Start >> 2020-10-06 20:55:28.655450

afwqxchfumh >> Image Returned >> 2020-10-06 20:55:28.659496

afwqxchfumh >> End >> 2020-10-06 20:55:28.818980

dvbuy20yt2s >> Start >> 2020-10-06 21:02:14.136576

dvbuy20yt2s >> Image Returned >> 2020-10-06 21:02:14.141082

dvbuy20yt2s >> End >> 2020-10-06 21:02:14.307560

jfybbbote5e >> Start >> 2020-10-06 21:02:40.237308

jfybbbote5e >> Image Returned >> 2020-10-06 21:02:40.241089

jfybbbote5e >> End >> 2020-10-06 21:02:40.412964

p4d6f4i30or >> Start >> 2020-10-06 21:04:10.397192

p4d6f4i30or >> Image Returned >> 2020-10-06 21:04:10.400990

p4d6f4i30or >> End >> 2020-10-06 21:04:10.564142

om60gssnc2b >> Start >> 2020-10-06 21:10:24.378618

om60gssnc2b >> Image Returned >> 2020-10-06 21:10:24.382941

om60gssnc2b >> End >> 2020-10-06 21:10:24.572065

u752tsz0o0j >> Start >> 2020-10-06 21:12:41.032664

u752tsz0o0j >> Image Returned >> 2020-10-06 21:12:41.037205

u752tsz0o0j >> End >> 2020-10-06 21:12:41.205564

nu6i6p3hfqn >> Start >> 2020-10-06 21:12:45.571218

nu6i6p3hfqn >> Image Returned >> 2020-10-06 21:12:45.571517

nu6i6p3hfqn >> End >> 2020-10-06 21:12:45.781356

j4ab0jor5d6 >> Start >> 2020-10-06 21:13:58.367923

j4ab0jor5d6 >> Image Returned >> 2020-10-06 21:13:58.372328

j4ab0jor5d6 >> End >> 2020-10-06 21:13:58.539684

q2n2xr00gt5 >> Start >> 2020-10-06 21:15:49.801553

q2n2xr00gt5 >> Image Returned >> 2020-10-06 21:15:49.805705

q2n2xr00gt5 >> End >> 2020-10-06 21:15:49.984559

0kry4uhxzug >> Start >> 2020-10-06 21:16:47.128716

0kry4uhxzug >> Image Returned >> 2020-10-06 21:16:47.133491

0kry4uhxzug >> End >> 2020-10-06 21:16:47.316971

u2g80fs8dyf >> Start >> 2020-10-06 21:17:56.011193

u2g80fs8dyf >> Image Returned >> 2020-10-06 21:17:56.015573

u2g80fs8dyf >> End >> 2020-10-06 21:17:56.192200

po2yysvnxwk >> Start >> 2020-10-06 21:20:18.514719

po2yysvnxwk >> Image Returned >> 2020-10-06 21:20:18.521337

po2yysvnxwk >> End >> 2020-10-06 21:20:18.741085

kjt2pv2eaih >> Start >> 2020-10-06 21:20:38.818970

kjt2pv2eaih >> Image Returned >> 2020-10-06 21:20:38.822693

kjt2pv2eaih >> End >> 2020-10-06 21:20:38.988456

ia0pdf7bow6 >> Start >> 2020-10-06 21:29:11.766762

ia0pdf7bow6 >> Image Returned >> 2020-10-06 21:29:11.770611

ia0pdf7bow6 >> End >> 2020-10-06 21:29:11.969299

j00dgn5xxuw >> Start >> 2020-10-06 21:30:33.033328

j00dgn5xxuw >> Image Returned >> 2020-10-06 21:30:33.038041

j00dgn5xxuw >> End >> 2020-10-06 21:30:33.210640

77v3jrbt65n >> Start >> 2020-10-06 21:31:28.628633

77v3jrbt65n >> Image Returned >> 2020-10-06 21:31:28.633415

77v3jrbt65n >> End >> 2020-10-06 21:31:28.799284

pn6ob33r8d5 >> Start >> 2020-10-06 21:32:22.603442

pn6ob33r8d5 >> Image Returned >> 2020-10-06 21:32:22.607768

pn6ob33r8d5 >> End >> 2020-10-06 21:32:22.779501

owmapyhn4wb >> Start >> 2020-10-06 21:34:27.311433

owmapyhn4wb >> Image Returned >> 2020-10-06 21:34:27.315393

owmapyhn4wb >> End >> 2020-10-06 21:34:27.529608

u3zprqodge4 >> Start >> 2020-10-06 21:42:15.196333

u3zprqodge4 >> Image Returned >> 2020-10-06 21:42:15.200753

u3zprqodge4 >> End >> 2020-10-06 21:42:15.379865

pzncxa5jm8h >> Start >> 2020-10-06 21:44:27.367666

pzncxa5jm8h >> Image Returned >> 2020-10-06 21:44:27.371998

pzncxa5jm8h >> End >> 2020-10-06 21:44:27.534725

3f2eimz6ho4 >> Start >> 2020-10-06 21:44:31.891292

3f2eimz6ho4 >> Image Returned >> 2020-10-06 21:44:31.891582

3f2eimz6ho4 >> End >> 2020-10-06 21:44:32.070959

j876k5pyoy2 >> Start >> 2020-10-06 21:46:53.266314

j876k5pyoy2 >> Image Returned >> 2020-10-06 21:46:53.270251

j876k5pyoy2 >> End >> 2020-10-06 21:46:53.445440

pjebxpuufhy >> Start >> 2020-10-06 21:47:18.434426

pjebxpuufhy >> Image Returned >> 2020-10-06 21:47:18.439188

pjebxpuufhy >> End >> 2020-10-06 21:47:18.628427

0sqr6xset64 >> Start >> 2020-10-06 21:48:12.386209

0sqr6xset64 >> Image Returned >> 2020-10-06 21:48:12.389894

0sqr6xset64 >> End >> 2020-10-06 21:48:12.561660

3xcgwqme57p >> Start >> 2020-10-06 21:52:11.380160

3xcgwqme57p >> Image Returned >> 2020-10-06 21:52:11.384628

3xcgwqme57p >> End >> 2020-10-06 21:52:11.546396

2ngsvg0nehj >> Start >> 2020-10-06 21:53:15.671827

2ngsvg0nehj >> Image Returned >> 2020-10-06 21:53:15.675530

2ngsvg0nehj >> End >> 2020-10-06 21:53:15.839736

r5kcxg3bg65 >> Start >> 2020-10-06 21:53:37.179331

r5kcxg3bg65 >> Image Returned >> 2020-10-06 21:53:37.183538

r5kcxg3bg65 >> End >> 2020-10-06 21:53:37.375974

t88dgkpes4q >> Start >> 2020-10-06 21:54:22.870414

t88dgkpes4q >> Image Returned >> 2020-10-06 21:54:22.874546

t88dgkpes4q >> End >> 2020-10-06 21:54:23.041743

80krn6bcrkh >> Start >> 2020-10-06 21:58:33.788031

80krn6bcrkh >> Image Returned >> 2020-10-06 21:58:33.793186

80krn6bcrkh >> End >> 2020-10-06 21:58:33.917543

hs6kf32f7fg >> Start >> 2020-10-06 22:06:12.850356

hs6kf32f7fg >> Image Returned >> 2020-10-06 22:06:12.855546

hs6kf32f7fg >> End >> 2020-10-06 22:06:13.055102

f4hhgg2f4ci >> Start >> 2020-10-06 22:09:39.297946

f4hhgg2f4ci >> Image Returned >> 2020-10-06 22:09:39.302428

f4hhgg2f4ci >> End >> 2020-10-06 22:09:39.467709

hhf3jxsuc76 >> Start >> 2020-10-06 22:16:25.580919

hhf3jxsuc76 >> Image Returned >> 2020-10-06 22:16:25.585355

hhf3jxsuc76 >> End >> 2020-10-06 22:16:25.754374

cuvi4zyvjnd >> Start >> 2020-10-06 22:19:43.424326

cuvi4zyvjnd >> Image Returned >> 2020-10-06 22:19:43.428556

cuvi4zyvjnd >> End >> 2020-10-06 22:19:43.595048

dbweqqw2oyd >> Start >> 2020-10-06 22:32:29.226758

dbweqqw2oyd >> Image Returned >> 2020-10-06 22:32:29.230523

dbweqqw2oyd >> End >> 2020-10-06 22:32:29.426697

icoe7nn6n43 >> Start >> 2020-10-06 22:36:12.687748

icoe7nn6n43 >> Image Returned >> 2020-10-06 22:36:12.692229

icoe7nn6n43 >> End >> 2020-10-06 22:36:12.857688

6r7dj36ej5j >> Start >> 2020-10-06 22:38:30.996051

6r7dj36ej5j >> Image Returned >> 2020-10-06 22:38:31.000292

6r7dj36ej5j >> End >> 2020-10-06 22:38:31.173219

nyvsjjq0v83 >> Start >> 2020-10-06 22:42:13.578147

nyvsjjq0v83 >> Image Returned >> 2020-10-06 22:42:13.582993

nyvsjjq0v83 >> End >> 2020-10-06 22:42:13.750962

zotg3k5o7az >> Start >> 2020-10-06 22:50:24.550827

zotg3k5o7az >> Image Returned >> 2020-10-06 22:50:24.555332

zotg3k5o7az >> End >> 2020-10-06 22:50:24.727061

ooqeixwzmcs >> Start >> 2020-10-06 22:50:43.685733

ooqeixwzmcs >> Image Returned >> 2020-10-06 22:50:43.689574

ooqeixwzmcs >> End >> 2020-10-06 22:50:43.902009

cjnur2jgaim >> Start >> 2020-10-06 22:51:34.774827

cjnur2jgaim >> Image Returned >> 2020-10-06 22:51:34.779378

cjnur2jgaim >> End >> 2020-10-06 22:51:34.944850

5sctnez8gtk >> Start >> 2020-10-06 22:51:47.441709

5sctnez8gtk >> Image Returned >> 2020-10-06 22:51:47.445523

5sctnez8gtk >> End >> 2020-10-06 22:51:47.607774

qvkcsiecvvt >> Start >> 2020-10-06 22:59:10.846379

qvkcsiecvvt >> Image Returned >> 2020-10-06 22:59:10.850481

qvkcsiecvvt >> End >> 2020-10-06 22:59:11.022252

cbf40vkkvp7 >> Start >> 2020-10-06 23:13:32.653212

cbf40vkkvp7 >> Image Returned >> 2020-10-06 23:13:32.657613

cbf40vkkvp7 >> End >> 2020-10-06 23:13:32.822482

8q432dd52mn >> Start >> 2020-10-06 23:21:47.820785

8q432dd52mn >> Image Returned >> 2020-10-06 23:21:47.824527

8q432dd52mn >> End >> 2020-10-06 23:21:47.992389

7fqxkb57cem >> Start >> 2020-10-06 23:25:30.178457

7fqxkb57cem >> Image Returned >> 2020-10-06 23:25:30.182986

7fqxkb57cem >> End >> 2020-10-06 23:25:30.347898

hna78bwhb2k >> Start >> 2020-10-06 23:26:06.154253

hna78bwhb2k >> Image Returned >> 2020-10-06 23:26:06.158003

hna78bwhb2k >> End >> 2020-10-06 23:26:06.322285

4s8oxz3p54j >> Start >> 2020-10-06 23:30:57.060061

4s8oxz3p54j >> Image Returned >> 2020-10-06 23:30:57.064894

4s8oxz3p54j >> End >> 2020-10-06 23:30:57.226917

