3fum6zk080w >> Start >> 2020-07-06 00:58:31.478257

3fum6zk080w >> Image Returned >> 2020-07-06 00:58:31.482062

3fum6zk080w >> End >> 2020-07-06 00:58:31.619081

dmpdoifhjcq >> Start >> 2020-07-06 02:22:13.217679

dmpdoifhjcq >> Image Returned >> 2020-07-06 02:22:13.221828

dmpdoifhjcq >> End >> 2020-07-06 02:22:13.355581

0wtb36z2ob4 >> Start >> 2020-07-06 03:40:46.233036

0wtb36z2ob4 >> Image Returned >> 2020-07-06 03:40:46.238100

0wtb36z2ob4 >> End >> 2020-07-06 03:40:46.370587

mnmo5a4nxf7 >> Start >> 2020-07-06 04:49:00.269440

mnmo5a4nxf7 >> Image Returned >> 2020-07-06 04:49:00.273991

mnmo5a4nxf7 >> End >> 2020-07-06 04:49:00.425084

pf3rhz6anpd >> Start >> 2020-07-06 04:49:04.212384

pf3rhz6anpd >> Image Returned >> 2020-07-06 04:49:04.212717

pf3rhz6anpd >> End >> 2020-07-06 04:49:04.343377

ehia7f82edi >> Start >> 2020-07-06 04:57:03.967991

ehia7f82edi >> Image Returned >> 2020-07-06 04:57:03.971740

ehia7f82edi >> End >> 2020-07-06 04:57:04.105369

gpw7f8j3twi >> Start >> 2020-07-06 05:14:16.499849

gpw7f8j3twi >> Image Returned >> 2020-07-06 05:14:16.503463

gpw7f8j3twi >> End >> 2020-07-06 05:14:16.647154

xhfv3yvipp3 >> Start >> 2020-07-06 05:48:28.251929

xhfv3yvipp3 >> Image Returned >> 2020-07-06 05:48:28.255425

xhfv3yvipp3 >> End >> 2020-07-06 05:48:28.394413

8umjujfjau7 >> Start >> 2020-07-06 06:28:31.442635

8umjujfjau7 >> Image Returned >> 2020-07-06 06:28:31.446206

8umjujfjau7 >> End >> 2020-07-06 06:28:31.581229

u327km2j52z >> Start >> 2020-07-06 06:31:17.737822

u327km2j52z >> Image Returned >> 2020-07-06 06:31:17.741166

u327km2j52z >> End >> 2020-07-06 06:31:17.876638

z0cxusjambf >> Start >> 2020-07-06 06:50:04.726403

z0cxusjambf >> Image Returned >> 2020-07-06 06:50:04.730354

z0cxusjambf >> End >> 2020-07-06 06:50:04.860361

2g52jtioood >> Start >> 2020-07-06 06:58:08.030026

2g52jtioood >> Image Returned >> 2020-07-06 06:58:08.034102

2g52jtioood >> End >> 2020-07-06 06:58:08.167742

qy7qbjzc8r7 >> Start >> 2020-07-06 07:38:50.540561

qy7qbjzc8r7 >> Image Returned >> 2020-07-06 07:38:50.544965

qy7qbjzc8r7 >> End >> 2020-07-06 07:38:50.766221

i3n37fy3u33 >> Start >> 2020-07-06 08:03:39.582576

i3n37fy3u33 >> Image Returned >> 2020-07-06 08:03:39.587203

i3n37fy3u33 >> End >> 2020-07-06 08:03:39.744267

vmobawep62n >> Start >> 2020-07-06 08:05:23.164309

vmobawep62n >> Image Returned >> 2020-07-06 08:05:23.169034

vmobawep62n >> End >> 2020-07-06 08:05:23.337758

svnrhrug8i5 >> Start >> 2020-07-06 08:05:39.301440

svnrhrug8i5 >> Image Returned >> 2020-07-06 08:05:39.305376

svnrhrug8i5 >> End >> 2020-07-06 08:05:39.443177

joqvn654t0r >> Start >> 2020-07-06 08:06:17.435791

joqvn654t0r >> Image Returned >> 2020-07-06 08:06:17.439208

joqvn654t0r >> End >> 2020-07-06 08:06:17.574202

zjmevyodnzq >> Start >> 2020-07-06 08:12:51.341249

zjmevyodnzq >> Image Returned >> 2020-07-06 08:12:51.346297

zjmevyodnzq >> End >> 2020-07-06 08:12:51.484369

ckw7tgzjwgo >> Start >> 2020-07-06 08:29:03.179219

ckw7tgzjwgo >> Image Returned >> 2020-07-06 08:29:03.184212

ckw7tgzjwgo >> End >> 2020-07-06 08:29:03.321676

patsctrzhh3 >> Start >> 2020-07-06 08:29:55.902344

patsctrzhh3 >> Image Returned >> 2020-07-06 08:29:55.906186

patsctrzhh3 >> End >> 2020-07-06 08:29:56.058618

tfdvmexfxvo >> Start >> 2020-07-06 08:45:11.190079

tfdvmexfxvo >> Image Returned >> 2020-07-06 08:45:11.193589

tfdvmexfxvo >> End >> 2020-07-06 08:45:11.324666

xjf3wn8hw8s >> Start >> 2020-07-06 08:51:17.655220

xjf3wn8hw8s >> Image Returned >> 2020-07-06 08:51:17.659055

xjf3wn8hw8s >> End >> 2020-07-06 08:51:17.802057

xw0qynapz5x >> Start >> 2020-07-06 08:58:06.838975

xw0qynapz5x >> Image Returned >> 2020-07-06 08:58:06.842576

xw0qynapz5x >> End >> 2020-07-06 08:58:06.982323

o757qtdveu5 >> Start >> 2020-07-06 09:00:04.150923

o757qtdveu5 >> Image Returned >> 2020-07-06 09:00:04.154422

o757qtdveu5 >> End >> 2020-07-06 09:00:04.291316

87dg57gch26 >> Start >> 2020-07-06 09:09:48.386159

87dg57gch26 >> Image Returned >> 2020-07-06 09:09:48.390636

87dg57gch26 >> End >> 2020-07-06 09:09:48.533981

uatiuwxxnum >> Start >> 2020-07-06 09:24:02.352174

uatiuwxxnum >> Image Returned >> 2020-07-06 09:24:02.355077

uatiuwxxnum >> End >> 2020-07-06 09:24:02.500649

u24mqow3d43 >> Start >> 2020-07-06 09:30:35.576009

u24mqow3d43 >> Image Returned >> 2020-07-06 09:30:35.578713

u24mqow3d43 >> End >> 2020-07-06 09:30:35.717701

stx8aszkt2m >> Start >> 2020-07-06 09:32:50.727317

stx8aszkt2m >> Image Returned >> 2020-07-06 09:32:50.730534

stx8aszkt2m >> End >> 2020-07-06 09:32:50.877976

50h55bjukii >> Start >> 2020-07-06 09:34:27.224271

50h55bjukii >> Image Returned >> 2020-07-06 09:34:27.226972

50h55bjukii >> End >> 2020-07-06 09:34:27.369735

cpfv560hev2 >> Start >> 2020-07-06 09:38:08.050129

cpfv560hev2 >> Image Returned >> 2020-07-06 09:38:08.054408

cpfv560hev2 >> End >> 2020-07-06 09:38:08.190501

qsw5vj4f0a0 >> Start >> 2020-07-06 09:38:27.045368

qsw5vj4f0a0 >> Image Returned >> 2020-07-06 09:38:27.048032

qsw5vj4f0a0 >> End >> 2020-07-06 09:38:27.184959

40bke8h03is >> Start >> 2020-07-06 09:40:11.796262

40bke8h03is >> Image Returned >> 2020-07-06 09:40:11.798970

40bke8h03is >> End >> 2020-07-06 09:40:11.937021

o2footqnm0v >> Start >> 2020-07-06 09:47:53.615255

o2footqnm0v >> Image Returned >> 2020-07-06 09:47:53.619158

o2footqnm0v >> End >> 2020-07-06 09:47:53.758531

odccwzm62r3 >> Start >> 2020-07-06 09:49:30.620986

odccwzm62r3 >> Image Returned >> 2020-07-06 09:49:30.624114

odccwzm62r3 >> End >> 2020-07-06 09:49:30.768198

b7dqj7mrz5q >> Start >> 2020-07-06 09:52:34.167661

b7dqj7mrz5q >> Image Returned >> 2020-07-06 09:52:34.170397

b7dqj7mrz5q >> End >> 2020-07-06 09:52:34.309762

ga5hzgsvq7p >> Start >> 2020-07-06 09:53:18.354562

ga5hzgsvq7p >> Image Returned >> 2020-07-06 09:53:18.358066

ga5hzgsvq7p >> End >> 2020-07-06 09:53:18.493973

xao0vsrukq8 >> Start >> 2020-07-06 09:54:15.323501

xao0vsrukq8 >> Image Returned >> 2020-07-06 09:54:15.326581

xao0vsrukq8 >> End >> 2020-07-06 09:54:15.461965

nn7kjpsgbtz >> Start >> 2020-07-06 09:59:44.388756

nn7kjpsgbtz >> Image Returned >> 2020-07-06 09:59:44.393188

nn7kjpsgbtz >> End >> 2020-07-06 09:59:44.528789

8z84ubf7uhi >> Start >> 2020-07-06 10:18:49.052815

8z84ubf7uhi >> Image Returned >> 2020-07-06 10:18:49.056118

8z84ubf7uhi >> End >> 2020-07-06 10:18:49.188476

5hpa6jryr3i >> Start >> 2020-07-06 10:30:59.020184

5hpa6jryr3i >> Image Returned >> 2020-07-06 10:30:59.025677

5hpa6jryr3i >> End >> 2020-07-06 10:30:59.166202

bozseepxvpm >> Start >> 2020-07-06 10:37:00.323843

bozseepxvpm >> Image Returned >> 2020-07-06 10:37:00.327413

bozseepxvpm >> End >> 2020-07-06 10:37:00.495630

kpnweo78xiy >> Start >> 2020-07-06 10:45:16.709753

kpnweo78xiy >> Image Returned >> 2020-07-06 10:45:16.712522

kpnweo78xiy >> End >> 2020-07-06 10:45:16.867825

c5nckowi6jj >> Start >> 2020-07-06 11:00:28.802443

c5nckowi6jj >> Image Returned >> 2020-07-06 11:00:28.805258

c5nckowi6jj >> End >> 2020-07-06 11:00:28.966126

0o8cohbdf86 >> Start >> 2020-07-06 11:01:54.186374

0o8cohbdf86 >> Image Returned >> 2020-07-06 11:01:54.189438

0o8cohbdf86 >> End >> 2020-07-06 11:01:54.327817

4t3jxaggapf >> Start >> 2020-07-06 11:02:33.267579

4t3jxaggapf >> Image Returned >> 2020-07-06 11:02:33.270272

4t3jxaggapf >> End >> 2020-07-06 11:02:33.407244

teon4djpqy8 >> Start >> 2020-07-06 11:05:18.433414

teon4djpqy8 >> Image Returned >> 2020-07-06 11:05:18.436280

teon4djpqy8 >> End >> 2020-07-06 11:05:18.571662

82253vdscf4 >> Start >> 2020-07-06 11:32:26.919915

82253vdscf4 >> Image Returned >> 2020-07-06 11:32:26.922729

82253vdscf4 >> End >> 2020-07-06 11:32:27.096420

hf2wh8dhnjw >> Start >> 2020-07-06 11:35:38.643485

hf2wh8dhnjw >> Image Returned >> 2020-07-06 11:35:38.646298

hf2wh8dhnjw >> End >> 2020-07-06 11:35:38.782898

i8qunznf7ao >> Start >> 2020-07-06 11:36:02.673459

i8qunznf7ao >> Image Returned >> 2020-07-06 11:36:02.678602

i8qunznf7ao >> End >> 2020-07-06 11:36:02.814531

fnpn4ntr4p5 >> Start >> 2020-07-06 11:36:34.379690

fnpn4ntr4p5 >> Image Returned >> 2020-07-06 11:36:34.382416

fnpn4ntr4p5 >> End >> 2020-07-06 11:36:34.517426

53zff2zczzh >> Start >> 2020-07-06 11:41:23.235589

53zff2zczzh >> Image Returned >> 2020-07-06 11:41:23.238773

53zff2zczzh >> End >> 2020-07-06 11:41:23.385818

yn6rddr4d3d >> Start >> 2020-07-06 11:58:51.103583

yn6rddr4d3d >> Image Returned >> 2020-07-06 11:58:51.107564

yn6rddr4d3d >> End >> 2020-07-06 11:58:51.256498

n4wregikrq0 >> Start >> 2020-07-06 12:08:56.735991

n4wregikrq0 >> Image Returned >> 2020-07-06 12:08:56.740010

n4wregikrq0 >> End >> 2020-07-06 12:08:56.875607

ewn3e85zity >> Start >> 2020-07-06 12:30:11.349330

ewn3e85zity >> Image Returned >> 2020-07-06 12:30:11.352266

ewn3e85zity >> End >> 2020-07-06 12:30:11.489790

8osocwtunxh >> Start >> 2020-07-06 12:39:05.149152

8osocwtunxh >> Image Returned >> 2020-07-06 12:39:05.153522

8osocwtunxh >> End >> 2020-07-06 12:39:05.316286

5sqa5vqagj6 >> Start >> 2020-07-06 12:40:09.232003

5sqa5vqagj6 >> Image Returned >> 2020-07-06 12:40:09.235374

5sqa5vqagj6 >> End >> 2020-07-06 12:40:09.374490

apc6md5obk2 >> Start >> 2020-07-06 12:40:58.441415

apc6md5obk2 >> Image Returned >> 2020-07-06 12:40:58.445632

apc6md5obk2 >> End >> 2020-07-06 12:40:58.585156

m7p3pzjiph2 >> Start >> 2020-07-06 12:41:06.735726

m7p3pzjiph2 >> Image Returned >> 2020-07-06 12:41:06.736062

m7p3pzjiph2 >> End >> 2020-07-06 12:41:06.875348

kttbtfpr63m >> Start >> 2020-07-06 12:47:46.827617

kttbtfpr63m >> Image Returned >> 2020-07-06 12:47:46.831932

kttbtfpr63m >> End >> 2020-07-06 12:47:46.968225

y4cuhormtbk >> Start >> 2020-07-06 12:48:21.325917

y4cuhormtbk >> Image Returned >> 2020-07-06 12:48:21.329016

y4cuhormtbk >> End >> 2020-07-06 12:48:21.475014

qipezcwmrjy >> Start >> 2020-07-06 13:01:54.856414

qipezcwmrjy >> Image Returned >> 2020-07-06 13:01:54.859551

qipezcwmrjy >> End >> 2020-07-06 13:01:55.021213

x03kq5w76j3 >> Start >> 2020-07-06 13:09:29.094842

x03kq5w76j3 >> Image Returned >> 2020-07-06 13:09:29.097687

x03kq5w76j3 >> End >> 2020-07-06 13:09:29.227839

wb24pwt45fc >> Start >> 2020-07-06 13:13:33.817852

wb24pwt45fc >> Image Returned >> 2020-07-06 13:13:33.820735

wb24pwt45fc >> End >> 2020-07-06 13:13:33.955385

8htxvxjut8s >> Start >> 2020-07-06 13:32:20.367147

8htxvxjut8s >> Image Returned >> 2020-07-06 13:32:20.370028

8htxvxjut8s >> End >> 2020-07-06 13:32:20.524734

fchk4sdpzvp >> Start >> 2020-07-06 13:34:31.363707

fchk4sdpzvp >> Image Returned >> 2020-07-06 13:34:31.366580

fchk4sdpzvp >> End >> 2020-07-06 13:34:31.507888

yqnbkd7zcir >> Start >> 2020-07-06 13:45:40.881297

yqnbkd7zcir >> Image Returned >> 2020-07-06 13:45:40.884296

yqnbkd7zcir >> End >> 2020-07-06 13:45:41.025732

8638waouavw >> Start >> 2020-07-06 13:54:56.640228

8638waouavw >> Image Returned >> 2020-07-06 13:54:56.643563

8638waouavw >> End >> 2020-07-06 13:54:56.776912

i58uud8fmd8 >> Start >> 2020-07-06 13:58:18.158782

i58uud8fmd8 >> Image Returned >> 2020-07-06 13:58:18.162808

i58uud8fmd8 >> End >> 2020-07-06 13:58:18.301307

4vfymirsysz >> Start >> 2020-07-06 14:10:14.567297

4vfymirsysz >> Image Returned >> 2020-07-06 14:10:14.570291

4vfymirsysz >> End >> 2020-07-06 14:10:14.711460

sv8cok2qib8 >> Start >> 2020-07-06 14:33:02.581042

sv8cok2qib8 >> Image Returned >> 2020-07-06 14:33:02.583937

sv8cok2qib8 >> End >> 2020-07-06 14:33:02.738393

k8rrtzg2hbo >> Start >> 2020-07-06 14:38:03.221221

k8rrtzg2hbo >> Image Returned >> 2020-07-06 14:38:03.225766

k8rrtzg2hbo >> End >> 2020-07-06 14:38:03.363418

0h2bdwywb0s >> Start >> 2020-07-06 14:38:50.241437

0h2bdwywb0s >> Image Returned >> 2020-07-06 14:38:50.245076

0h2bdwywb0s >> End >> 2020-07-06 14:38:50.375782

6pd8mmi22du >> Start >> 2020-07-06 14:40:10.133528

6pd8mmi22du >> Image Returned >> 2020-07-06 14:40:10.136332

6pd8mmi22du >> End >> 2020-07-06 14:40:10.280158

xnmy3qtfrks >> Start >> 2020-07-06 14:45:03.868513

xnmy3qtfrks >> Image Returned >> 2020-07-06 14:45:03.872687

xnmy3qtfrks >> End >> 2020-07-06 14:45:04.025970

yhit63y8wzq >> Start >> 2020-07-06 15:03:27.979983

yhit63y8wzq >> Image Returned >> 2020-07-06 15:03:27.984431

yhit63y8wzq >> End >> 2020-07-06 15:03:28.121625

cxrra83ryws >> Start >> 2020-07-06 15:33:46.343195

cxrra83ryws >> Image Returned >> 2020-07-06 15:33:46.346143

cxrra83ryws >> End >> 2020-07-06 15:33:46.487597

p2svzq83vjt >> Start >> 2020-07-06 15:40:13.306950

p2svzq83vjt >> Image Returned >> 2020-07-06 15:40:13.309990

p2svzq83vjt >> End >> 2020-07-06 15:40:13.464112

cn3t6sokp53 >> Start >> 2020-07-06 15:41:11.098154

cn3t6sokp53 >> Image Returned >> 2020-07-06 15:41:11.101885

cn3t6sokp53 >> End >> 2020-07-06 15:41:11.246202

5axu6accxq5 >> Start >> 2020-07-06 16:04:55.330704

5axu6accxq5 >> Image Returned >> 2020-07-06 16:04:55.334732

5axu6accxq5 >> End >> 2020-07-06 16:04:55.475321

4h2xz8kkmcm >> Start >> 2020-07-06 16:05:02.641988

4h2xz8kkmcm >> Image Returned >> 2020-07-06 16:05:02.642309

4h2xz8kkmcm >> End >> 2020-07-06 16:05:02.776974

rchd6jbvmtz >> Start >> 2020-07-06 16:09:52.153506

rchd6jbvmtz >> Image Returned >> 2020-07-06 16:09:52.159424

rchd6jbvmtz >> End >> 2020-07-06 16:09:52.297359

hn8y7nehmpq >> Start >> 2020-07-06 16:11:48.242870

hn8y7nehmpq >> Image Returned >> 2020-07-06 16:11:48.245841

hn8y7nehmpq >> End >> 2020-07-06 16:11:48.384211

by28m8wyiui >> Start >> 2020-07-06 16:17:13.299274

by28m8wyiui >> Image Returned >> 2020-07-06 16:17:13.302628

by28m8wyiui >> End >> 2020-07-06 16:17:13.442730

poip4gwwfbt >> Start >> 2020-07-06 16:26:06.160043

poip4gwwfbt >> Image Returned >> 2020-07-06 16:26:06.163563

poip4gwwfbt >> End >> 2020-07-06 16:26:06.300964

mdpixshu5xv >> Start >> 2020-07-06 16:38:13.576333

mdpixshu5xv >> Image Returned >> 2020-07-06 16:38:13.580420

mdpixshu5xv >> End >> 2020-07-06 16:38:13.714245

80bsiyajne2 >> Start >> 2020-07-06 16:43:57.492958

80bsiyajne2 >> Image Returned >> 2020-07-06 16:43:57.496392

80bsiyajne2 >> End >> 2020-07-06 16:43:57.644925

izg6sghzb0f >> Start >> 2020-07-06 16:47:03.429419

izg6sghzb0f >> Image Returned >> 2020-07-06 16:47:03.432301

izg6sghzb0f >> End >> 2020-07-06 16:47:03.573982

f2r4yb5xtj4 >> Start >> 2020-07-06 17:14:32.676625

f2r4yb5xtj4 >> Image Returned >> 2020-07-06 17:14:32.679702

f2r4yb5xtj4 >> End >> 2020-07-06 17:14:32.815393

jh4ps4na2je >> Start >> 2020-07-06 17:21:30.717535

jh4ps4na2je >> Image Returned >> 2020-07-06 17:21:30.722239

jh4ps4na2je >> End >> 2020-07-06 17:21:30.870973

qkgmyya6ad2 >> Start >> 2020-07-06 17:26:07.697823

qkgmyya6ad2 >> Image Returned >> 2020-07-06 17:26:07.701750

qkgmyya6ad2 >> End >> 2020-07-06 17:26:07.834408

5426qm5mysf >> Start >> 2020-07-06 17:26:28.900805

5426qm5mysf >> Image Returned >> 2020-07-06 17:26:28.903786

5426qm5mysf >> End >> 2020-07-06 17:26:29.038691

td84vtiv4db >> Start >> 2020-07-06 17:27:00.723676

td84vtiv4db >> Image Returned >> 2020-07-06 17:27:00.727535

td84vtiv4db >> End >> 2020-07-06 17:27:00.873724

zveazhh40be >> Start >> 2020-07-06 17:59:47.549407

zveazhh40be >> Image Returned >> 2020-07-06 17:59:47.553329

zveazhh40be >> End >> 2020-07-06 17:59:47.688560

7zvahgvx07n >> Start >> 2020-07-06 18:02:38.093096

7zvahgvx07n >> Image Returned >> 2020-07-06 18:02:38.096209

7zvahgvx07n >> End >> 2020-07-06 18:02:38.232136

awgr65tmy8o >> Start >> 2020-07-06 18:17:51.923698

awgr65tmy8o >> Image Returned >> 2020-07-06 18:17:51.927619

awgr65tmy8o >> End >> 2020-07-06 18:17:52.106112

hhw6famg6c3 >> Start >> 2020-07-06 18:33:43.915396

hhw6famg6c3 >> Image Returned >> 2020-07-06 18:33:43.919387

hhw6famg6c3 >> End >> 2020-07-06 18:33:44.052028

hntu8txfio8 >> Start >> 2020-07-06 18:43:03.546252

hntu8txfio8 >> Image Returned >> 2020-07-06 18:43:03.549845

hntu8txfio8 >> End >> 2020-07-06 18:43:03.678894

c0hr4r8e8qv >> Start >> 2020-07-06 18:43:54.582600

c0hr4r8e8qv >> Image Returned >> 2020-07-06 18:43:54.586263

c0hr4r8e8qv >> End >> 2020-07-06 18:43:54.770586

imuv5rrbfkd >> Start >> 2020-07-06 19:11:55.550199

imuv5rrbfkd >> Image Returned >> 2020-07-06 19:11:55.553664

imuv5rrbfkd >> End >> 2020-07-06 19:11:55.721359

zfxjtazy6rz >> Start >> 2020-07-06 19:15:02.994146

zfxjtazy6rz >> Image Returned >> 2020-07-06 19:15:02.998213

zfxjtazy6rz >> End >> 2020-07-06 19:15:03.132353

wjzt556qsx0 >> Start >> 2020-07-06 19:16:29.446496

wjzt556qsx0 >> Image Returned >> 2020-07-06 19:16:29.449476

wjzt556qsx0 >> End >> 2020-07-06 19:16:29.587230

8qn3med6xdp >> Start >> 2020-07-06 19:19:17.914413

8qn3med6xdp >> Image Returned >> 2020-07-06 19:19:17.917494

8qn3med6xdp >> End >> 2020-07-06 19:19:18.048265

axt8py4hwje >> Start >> 2020-07-06 19:24:07.662067

axt8py4hwje >> Image Returned >> 2020-07-06 19:24:07.665056

axt8py4hwje >> End >> 2020-07-06 19:24:07.802351

wo06o8uqobb >> Start >> 2020-07-06 19:34:21.462263

wo06o8uqobb >> Image Returned >> 2020-07-06 19:34:21.465287

wo06o8uqobb >> End >> 2020-07-06 19:34:21.604595

gcf5yxxfrii >> Start >> 2020-07-06 19:44:01.732152

gcf5yxxfrii >> Image Returned >> 2020-07-06 19:44:01.737884

gcf5yxxfrii >> End >> 2020-07-06 19:44:01.884517

3ku7spd6aqm >> Start >> 2020-07-06 19:50:13.214709

3ku7spd6aqm >> Image Returned >> 2020-07-06 19:50:13.217674

3ku7spd6aqm >> End >> 2020-07-06 19:50:13.355128

4bk7niskthb >> Start >> 2020-07-06 19:54:38.773247

4bk7niskthb >> Image Returned >> 2020-07-06 19:54:38.778707

4bk7niskthb >> End >> 2020-07-06 19:54:38.918998

icwegxghyv6 >> Start >> 2020-07-06 20:11:47.315622

icwegxghyv6 >> Image Returned >> 2020-07-06 20:11:47.318681

icwegxghyv6 >> End >> 2020-07-06 20:11:47.460830

koeen3zi53j >> Start >> 2020-07-06 20:13:44.765532

koeen3zi53j >> Image Returned >> 2020-07-06 20:13:44.770116

koeen3zi53j >> End >> 2020-07-06 20:13:44.902631

gonnh8rarpu >> Start >> 2020-07-06 20:56:26.773853

gonnh8rarpu >> Image Returned >> 2020-07-06 20:56:26.777309

gonnh8rarpu >> End >> 2020-07-06 20:56:26.932930

sk3bttqm5zm >> Start >> 2020-07-06 20:56:34.437892

sk3bttqm5zm >> Image Returned >> 2020-07-06 20:56:34.438267

sk3bttqm5zm >> End >> 2020-07-06 20:56:34.560837

zfmnosbuqwa >> Start >> 2020-07-06 21:03:35.968722

zfmnosbuqwa >> Image Returned >> 2020-07-06 21:03:35.973265

zfmnosbuqwa >> End >> 2020-07-06 21:03:36.115581

httesxfyzuy >> Start >> 2020-07-06 21:38:10.798515

httesxfyzuy >> Image Returned >> 2020-07-06 21:38:10.802753

httesxfyzuy >> End >> 2020-07-06 21:38:10.938302

vu2dk6a6c6e >> Start >> 2020-07-06 21:45:33.634815

vu2dk6a6c6e >> Image Returned >> 2020-07-06 21:45:33.639782

vu2dk6a6c6e >> End >> 2020-07-06 21:45:33.793565

iddfkrtqs50 >> Start >> 2020-07-06 21:55:10.854708

iddfkrtqs50 >> Image Returned >> 2020-07-06 21:55:10.857765

iddfkrtqs50 >> End >> 2020-07-06 21:55:10.996433

gkyw8jwaw7q >> Start >> 2020-07-06 22:10:25.915570

gkyw8jwaw7q >> Image Returned >> 2020-07-06 22:10:25.918750

gkyw8jwaw7q >> End >> 2020-07-06 22:10:26.062426

twxkyasvgue >> Start >> 2020-07-06 22:11:01.614099

twxkyasvgue >> Image Returned >> 2020-07-06 22:11:01.618527

twxkyasvgue >> End >> 2020-07-06 22:11:01.750551

3knhjpthqc0 >> Start >> 2020-07-06 22:18:45.255043

3knhjpthqc0 >> Image Returned >> 2020-07-06 22:18:45.258912

3knhjpthqc0 >> End >> 2020-07-06 22:18:45.392035

yk0qht6yvfs >> Start >> 2020-07-06 22:55:18.523678

yk0qht6yvfs >> Image Returned >> 2020-07-06 22:55:18.528131

yk0qht6yvfs >> End >> 2020-07-06 22:55:18.667896

rie6wf8s73b >> Start >> 2020-07-06 23:07:00.430722

rie6wf8s73b >> Image Returned >> 2020-07-06 23:07:00.433923

rie6wf8s73b >> End >> 2020-07-06 23:07:00.644032

8cxz4v3ouee >> Start >> 2020-07-06 23:23:15.810733

8cxz4v3ouee >> Image Returned >> 2020-07-06 23:23:15.814991

8cxz4v3ouee >> End >> 2020-07-06 23:23:15.980020

