3btvtisx24d >> Start >> 2020-06-17 02:42:15.606446

3btvtisx24d >> Image Returned >> 2020-06-17 02:42:15.609617

3btvtisx24d >> End >> 2020-06-17 02:42:15.622750

updt7780dzz >> Start >> 2020-06-17 02:46:35.160990

updt7780dzz >> Image Returned >> 2020-06-17 02:46:35.164232

updt7780dzz >> End >> 2020-06-17 02:46:35.177093

a6vg82t3nva >> Start >> 2020-06-17 04:11:38.585171

a6vg82t3nva >> Image Returned >> 2020-06-17 04:11:38.588227

a6vg82t3nva >> End >> 2020-06-17 04:11:38.602508

nx834q3pwk0 >> Start >> 2020-06-17 07:10:01.647319

nx834q3pwk0 >> Image Returned >> 2020-06-17 07:10:01.650743

nx834q3pwk0 >> End >> 2020-06-17 07:10:01.664001

mwtggb4q0d6 >> Start >> 2020-06-17 07:38:17.708453

mwtggb4q0d6 >> Image Returned >> 2020-06-17 07:38:17.711798

mwtggb4q0d6 >> End >> 2020-06-17 07:38:17.723202

j7j03wrth6h >> Start >> 2020-06-17 07:47:49.141827

j7j03wrth6h >> Image Returned >> 2020-06-17 07:47:49.144982

j7j03wrth6h >> End >> 2020-06-17 07:47:49.153979

has8a35amnu >> Start >> 2020-06-17 11:14:03.331470

has8a35amnu >> Image Returned >> 2020-06-17 11:14:03.334897

has8a35amnu >> End >> 2020-06-17 11:14:03.351280

0obdntigwa2 >> Start >> 2020-06-17 11:36:45.186656

0obdntigwa2 >> Image Returned >> 2020-06-17 11:36:45.190032

0obdntigwa2 >> End >> 2020-06-17 11:36:45.204688

y6okwhps5gs >> Start >> 2020-06-17 13:25:35.767066

y6okwhps5gs >> Image Returned >> 2020-06-17 13:25:35.771327

y6okwhps5gs >> End >> 2020-06-17 13:25:35.789172

nk4wx34covn >> Start >> 2020-06-17 15:24:43.612981

nk4wx34covn >> Image Returned >> 2020-06-17 15:24:43.615643

nk4wx34covn >> End >> 2020-06-17 15:24:43.627015

jgtux7axv3z >> Start >> 2020-06-17 17:03:17.044584

jgtux7axv3z >> Image Returned >> 2020-06-17 17:03:17.047683

jgtux7axv3z >> End >> 2020-06-17 17:03:17.067322

ao8728k858d >> Start >> 2020-06-17 17:04:18.898300

ao8728k858d >> Image Returned >> 2020-06-17 17:04:18.901037

ao8728k858d >> End >> 2020-06-17 17:04:18.914798

e7d8o8go6xr >> Start >> 2020-06-17 17:09:01.705578

e7d8o8go6xr >> Image Returned >> 2020-06-17 17:09:01.708285

e7d8o8go6xr >> End >> 2020-06-17 17:09:01.722841

3psn6jgwbax >> Start >> 2020-06-17 18:11:56.213618

3psn6jgwbax >> Image Returned >> 2020-06-17 18:11:56.219048

3psn6jgwbax >> End >> 2020-06-17 18:11:56.263125

oqpt34tyop7 >> Start >> 2020-06-17 18:19:23.320635

oqpt34tyop7 >> Image Returned >> 2020-06-17 18:19:23.324424

oqpt34tyop7 >> End >> 2020-06-17 18:19:23.338918

gatm6ngh6h0 >> Start >> 2020-06-17 18:57:13.211266

gatm6ngh6h0 >> Image Returned >> 2020-06-17 18:57:13.214555

gatm6ngh6h0 >> End >> 2020-06-17 18:57:13.240325

vfuxcmro5za >> Start >> 2020-06-17 20:03:06.063395

vfuxcmro5za >> Image Returned >> 2020-06-17 20:03:06.067799

vfuxcmro5za >> End >> 2020-06-17 20:03:06.086092

uc8bjvpxyqo >> Start >> 2020-06-17 20:25:21.539957

uc8bjvpxyqo >> Image Returned >> 2020-06-17 20:25:21.542896

uc8bjvpxyqo >> End >> 2020-06-17 20:25:21.554702

8kz0nbvb53a >> Start >> 2020-06-17 23:07:38.456617

8kz0nbvb53a >> Image Returned >> 2020-06-17 23:07:38.459481

8kz0nbvb53a >> End >> 2020-06-17 23:07:38.471323

