kp3bdfbvvxq >> Start >> 2020-09-04 00:01:44.625488

kp3bdfbvvxq >> Image Returned >> 2020-09-04 00:01:44.629196

kp3bdfbvvxq >> End >> 2020-09-04 00:01:44.788675

jbuf08q7ef2 >> Start >> 2020-09-04 00:09:40.947571

jbuf08q7ef2 >> Image Returned >> 2020-09-04 00:09:40.954859

jbuf08q7ef2 >> End >> 2020-09-04 00:09:41.109855

w0fqn3x5fty >> Start >> 2020-09-04 00:12:56.015332

w0fqn3x5fty >> Image Returned >> 2020-09-04 00:12:56.019417

w0fqn3x5fty >> End >> 2020-09-04 00:12:56.201858

jxqf46gxf4a >> Start >> 2020-09-04 00:41:21.200548

jxqf46gxf4a >> Image Returned >> 2020-09-04 00:41:21.205476

jxqf46gxf4a >> End >> 2020-09-04 00:41:21.353595

q3feoiuzsho >> Start >> 2020-09-04 00:56:47.844312

q3feoiuzsho >> Image Returned >> 2020-09-04 00:56:47.848706

q3feoiuzsho >> End >> 2020-09-04 00:56:47.995699

sxo0dk66eig >> Start >> 2020-09-04 01:11:06.935565

sxo0dk66eig >> Image Returned >> 2020-09-04 01:11:06.939867

sxo0dk66eig >> End >> 2020-09-04 01:11:07.099042

azc4smrgq4o >> Start >> 2020-09-04 01:12:44.848797

azc4smrgq4o >> Image Returned >> 2020-09-04 01:12:44.852777

azc4smrgq4o >> End >> 2020-09-04 01:12:45.007325

cvpsaxvhgqe >> Start >> 2020-09-04 01:25:59.223364

cvpsaxvhgqe >> Image Returned >> 2020-09-04 01:25:59.227699

cvpsaxvhgqe >> End >> 2020-09-04 01:25:59.393024

t30gtobsvhp >> Start >> 2020-09-04 01:33:47.134862

t30gtobsvhp >> Image Returned >> 2020-09-04 01:33:47.139413

t30gtobsvhp >> End >> 2020-09-04 01:33:47.292165

2hi40h0h5ov >> Start >> 2020-09-04 01:35:55.853301

2hi40h0h5ov >> Image Returned >> 2020-09-04 01:35:55.857930

2hi40h0h5ov >> End >> 2020-09-04 01:35:56.015481

vm5d56qhqyt >> Start >> 2020-09-04 01:36:12.673249

vm5d56qhqyt >> Image Returned >> 2020-09-04 01:36:12.676856

vm5d56qhqyt >> End >> 2020-09-04 01:36:12.829852

dtc4sgiwaax >> Start >> 2020-09-04 01:36:22.071537

dtc4sgiwaax >> Image Returned >> 2020-09-04 01:36:22.071847

dtc4sgiwaax >> End >> 2020-09-04 01:36:22.224451

hsc7cbesoq0 >> Start >> 2020-09-04 01:50:10.828560

hsc7cbesoq0 >> Image Returned >> 2020-09-04 01:50:10.832648

hsc7cbesoq0 >> End >> 2020-09-04 01:50:10.986824

x04usij08fk >> Start >> 2020-09-04 01:51:01.932141

x04usij08fk >> Image Returned >> 2020-09-04 01:51:01.936050

x04usij08fk >> End >> 2020-09-04 01:51:02.082629

qo5i3e5qrwq >> Start >> 2020-09-04 02:07:27.540590

qo5i3e5qrwq >> Image Returned >> 2020-09-04 02:07:27.546739

qo5i3e5qrwq >> End >> 2020-09-04 02:07:27.708806

junwa3xteoy >> Start >> 2020-09-04 02:08:17.464734

junwa3xteoy >> Image Returned >> 2020-09-04 02:08:17.469271

junwa3xteoy >> End >> 2020-09-04 02:08:17.637269

x50kqx72taf >> Start >> 2020-09-04 02:08:58.533334

x50kqx72taf >> Image Returned >> 2020-09-04 02:08:58.537380

x50kqx72taf >> End >> 2020-09-04 02:08:58.714622

bw04mxn0h5s >> Start >> 2020-09-04 02:10:32.091629

bw04mxn0h5s >> Image Returned >> 2020-09-04 02:10:32.096203

bw04mxn0h5s >> End >> 2020-09-04 02:10:32.253427

bprcj2a4net >> Start >> 2020-09-04 02:24:47.871557

bprcj2a4net >> Image Returned >> 2020-09-04 02:24:47.875802

bprcj2a4net >> End >> 2020-09-04 02:24:48.027556

fupr66sjhvu >> Start >> 2020-09-04 02:28:41.361881

fupr66sjhvu >> Image Returned >> 2020-09-04 02:28:41.366158

fupr66sjhvu >> End >> 2020-09-04 02:28:41.519023

6xn75z7f8z2 >> Start >> 2020-09-04 02:31:19.378273

6xn75z7f8z2 >> Image Returned >> 2020-09-04 02:31:19.382473

6xn75z7f8z2 >> End >> 2020-09-04 02:31:19.529386

7rj5sr0iwfr >> Start >> 2020-09-04 02:35:54.560838

7rj5sr0iwfr >> Image Returned >> 2020-09-04 02:35:54.564539

7rj5sr0iwfr >> End >> 2020-09-04 02:35:54.723736

d8rgicm4ufg >> Start >> 2020-09-04 04:31:11.073358

d8rgicm4ufg >> Image Returned >> 2020-09-04 04:31:11.078555

d8rgicm4ufg >> End >> 2020-09-04 04:31:11.214155

vmpo7rbxhve >> Start >> 2020-09-04 04:46:33.046407

vmpo7rbxhve >> Image Returned >> 2020-09-04 04:46:33.050355

vmpo7rbxhve >> End >> 2020-09-04 04:46:33.201859

8yvig0z6gbh >> Start >> 2020-09-04 05:06:47.586327

8yvig0z6gbh >> Image Returned >> 2020-09-04 05:06:47.589819

8yvig0z6gbh >> End >> 2020-09-04 05:06:47.739408

8enpn7qrh4s >> Start >> 2020-09-04 06:22:55.870062

8enpn7qrh4s >> Image Returned >> 2020-09-04 06:22:55.873565

8enpn7qrh4s >> End >> 2020-09-04 06:22:56.057779

ryqdc3j3ofe >> Start >> 2020-09-04 06:30:09.021239

ryqdc3j3ofe >> Image Returned >> 2020-09-04 06:30:09.029197

ryqdc3j3ofe >> End >> 2020-09-04 06:30:09.182322

4xwrbexhfpy >> Start >> 2020-09-04 06:30:25.150824

4xwrbexhfpy >> Image Returned >> 2020-09-04 06:30:25.155201

4xwrbexhfpy >> End >> 2020-09-04 06:30:25.308043

7whsuvds067 >> Start >> 2020-09-04 06:30:47.005410

7whsuvds067 >> Image Returned >> 2020-09-04 06:30:47.009169

7whsuvds067 >> End >> 2020-09-04 06:30:47.159627

n6oogwedz2r >> Start >> 2020-09-04 06:30:50.789783

n6oogwedz2r >> Image Returned >> 2020-09-04 06:30:50.790103

n6oogwedz2r >> End >> 2020-09-04 06:30:50.943994

fac2ktbotix >> Start >> 2020-09-04 06:33:04.166940

fac2ktbotix >> Image Returned >> 2020-09-04 06:33:04.170495

fac2ktbotix >> End >> 2020-09-04 06:33:04.332179

cif4yyena7z >> Start >> 2020-09-04 06:42:35.434905

cif4yyena7z >> Image Returned >> 2020-09-04 06:42:35.440045

cif4yyena7z >> End >> 2020-09-04 06:42:35.590689

x2pfiiyxhn2 >> Start >> 2020-09-04 06:42:50.544023

x2pfiiyxhn2 >> Image Returned >> 2020-09-04 06:42:50.547496

x2pfiiyxhn2 >> End >> 2020-09-04 06:42:50.707382

pjc5eweygs4 >> Start >> 2020-09-04 06:44:20.605135

pjc5eweygs4 >> Image Returned >> 2020-09-04 06:44:20.609627

pjc5eweygs4 >> End >> 2020-09-04 06:44:20.756407

xj6pyy7a8hi >> Start >> 2020-09-04 06:51:00.871296

xj6pyy7a8hi >> Image Returned >> 2020-09-04 06:51:00.874974

xj6pyy7a8hi >> End >> 2020-09-04 06:51:01.023243

xe6qqhi5fju >> Start >> 2020-09-04 06:59:22.762021

xe6qqhi5fju >> Image Returned >> 2020-09-04 06:59:22.765588

xe6qqhi5fju >> End >> 2020-09-04 06:59:22.917108

iz6smdhd58d >> Start >> 2020-09-04 07:07:08.767353

iz6smdhd58d >> Image Returned >> 2020-09-04 07:07:08.771080

iz6smdhd58d >> End >> 2020-09-04 07:07:08.920502

ws8k3ecktjo >> Start >> 2020-09-04 07:08:45.890743

ws8k3ecktjo >> Image Returned >> 2020-09-04 07:08:45.894390

ws8k3ecktjo >> End >> 2020-09-04 07:08:46.023189

xfc5hmodsh6 >> Start >> 2020-09-04 07:37:09.888940

xfc5hmodsh6 >> Image Returned >> 2020-09-04 07:37:09.892509

xfc5hmodsh6 >> End >> 2020-09-04 07:37:10.042130

bzumzhg2inv >> Start >> 2020-09-04 07:57:27.633466

bzumzhg2inv >> Image Returned >> 2020-09-04 07:57:27.637958

bzumzhg2inv >> End >> 2020-09-04 07:57:27.798573

a0mtnnddkgr >> Start >> 2020-09-04 08:04:37.897140

a0mtnnddkgr >> Image Returned >> 2020-09-04 08:04:37.901300

a0mtnnddkgr >> End >> 2020-09-04 08:04:38.102577

8fermohz3uu >> Start >> 2020-09-04 08:16:30.306345

8fermohz3uu >> Image Returned >> 2020-09-04 08:16:30.310134

8fermohz3uu >> End >> 2020-09-04 08:16:30.465723

w4pgnt65g30 >> Start >> 2020-09-04 08:24:19.718152

w4pgnt65g30 >> Image Returned >> 2020-09-04 08:24:19.721575

w4pgnt65g30 >> End >> 2020-09-04 08:24:19.875469

2spp5rmbwon >> Start >> 2020-09-04 08:24:35.735265

2spp5rmbwon >> Image Returned >> 2020-09-04 08:24:35.739242

2spp5rmbwon >> End >> 2020-09-04 08:24:35.891318

doyfbhkd3re >> Start >> 2020-09-04 08:24:35.958105

doyfbhkd3re >> Image Returned >> 2020-09-04 08:24:35.958400

doyfbhkd3re >> End >> 2020-09-04 08:24:36.111675

pbscftcifv2 >> Start >> 2020-09-04 08:31:51.517733

pbscftcifv2 >> Image Returned >> 2020-09-04 08:31:51.521837

pbscftcifv2 >> End >> 2020-09-04 08:31:51.683837

52tdjgf3a8b >> Start >> 2020-09-04 08:44:38.555485

52tdjgf3a8b >> Image Returned >> 2020-09-04 08:44:38.559067

52tdjgf3a8b >> End >> 2020-09-04 08:44:38.710293

n2gy8mihfzy >> Start >> 2020-09-04 08:56:09.480528

n2gy8mihfzy >> Image Returned >> 2020-09-04 08:56:09.483980

n2gy8mihfzy >> End >> 2020-09-04 08:56:09.642757

ovyva2ooybf >> Start >> 2020-09-04 08:56:09.982856

ovyva2ooybf >> Image Returned >> 2020-09-04 08:56:09.983170

ovyva2ooybf >> End >> 2020-09-04 08:56:10.105377

8bthjv2zaqa >> Start >> 2020-09-04 08:57:10.647972

8bthjv2zaqa >> Image Returned >> 2020-09-04 08:57:10.652018

8bthjv2zaqa >> End >> 2020-09-04 08:57:10.809468

8tupe35xasi >> Start >> 2020-09-04 08:57:31.430742

8tupe35xasi >> Image Returned >> 2020-09-04 08:57:31.435164

8tupe35xasi >> End >> 2020-09-04 08:57:31.587975

drohhfoo3fj >> Start >> 2020-09-04 09:09:12.425349

drohhfoo3fj >> Image Returned >> 2020-09-04 09:09:12.429270

drohhfoo3fj >> End >> 2020-09-04 09:09:12.553363

547k2jiokh2 >> Start >> 2020-09-04 09:09:20.375509

547k2jiokh2 >> Image Returned >> 2020-09-04 09:09:20.375803

547k2jiokh2 >> End >> 2020-09-04 09:09:20.541999

d6y7xev6m2h >> Start >> 2020-09-04 09:10:59.084680

d6y7xev6m2h >> Image Returned >> 2020-09-04 09:10:59.088315

d6y7xev6m2h >> End >> 2020-09-04 09:10:59.251409

5d8n6tb8i7x >> Start >> 2020-09-04 09:14:45.190705

5d8n6tb8i7x >> Image Returned >> 2020-09-04 09:14:45.195306

5d8n6tb8i7x >> End >> 2020-09-04 09:14:45.351938

fpo7se4qk8o >> Start >> 2020-09-04 09:15:15.320759

fpo7se4qk8o >> Image Returned >> 2020-09-04 09:15:15.324208

fpo7se4qk8o >> End >> 2020-09-04 09:15:15.481467

k7ubo7s65wb >> Start >> 2020-09-04 09:22:17.649121

k7ubo7s65wb >> Image Returned >> 2020-09-04 09:22:17.652544

k7ubo7s65wb >> End >> 2020-09-04 09:22:17.804583

2i7y2zkv42r >> Start >> 2020-09-04 09:25:25.154633

2i7y2zkv42r >> Image Returned >> 2020-09-04 09:25:25.158014

2i7y2zkv42r >> End >> 2020-09-04 09:25:25.282095

ayb4e2hf5px >> Start >> 2020-09-04 09:25:56.614753

ayb4e2hf5px >> Image Returned >> 2020-09-04 09:25:56.618573

ayb4e2hf5px >> End >> 2020-09-04 09:25:56.774780

364mcfneftk >> Start >> 2020-09-04 09:28:43.206250

364mcfneftk >> Image Returned >> 2020-09-04 09:28:43.211256

364mcfneftk >> End >> 2020-09-04 09:28:43.357275

rxr56ucsst3 >> Start >> 2020-09-04 09:30:47.348792

rxr56ucsst3 >> Image Returned >> 2020-09-04 09:30:47.352767

rxr56ucsst3 >> End >> 2020-09-04 09:30:47.500051

ucy34hnq6x8 >> Start >> 2020-09-04 09:31:03.383014

ucy34hnq6x8 >> Image Returned >> 2020-09-04 09:31:03.386439

ucy34hnq6x8 >> End >> 2020-09-04 09:31:03.542020

qjvnnvdewyh >> Start >> 2020-09-04 09:32:36.096859

qjvnnvdewyh >> Image Returned >> 2020-09-04 09:32:36.100507

qjvnnvdewyh >> End >> 2020-09-04 09:32:36.251388

dmw2kmtcn4r >> Start >> 2020-09-04 09:36:26.994240

dmw2kmtcn4r >> Image Returned >> 2020-09-04 09:36:26.998961

dmw2kmtcn4r >> End >> 2020-09-04 09:36:27.175370

ji48vue6nbb >> Start >> 2020-09-04 09:37:35.330785

ji48vue6nbb >> Image Returned >> 2020-09-04 09:37:35.337019

ji48vue6nbb >> End >> 2020-09-04 09:37:35.492398

r26u5f7vacs >> Start >> 2020-09-04 09:44:29.005079

r26u5f7vacs >> Image Returned >> 2020-09-04 09:44:29.009053

r26u5f7vacs >> End >> 2020-09-04 09:44:29.160140

6og422srx8v >> Start >> 2020-09-04 09:47:07.372832

6og422srx8v >> Image Returned >> 2020-09-04 09:47:07.376247

6og422srx8v >> End >> 2020-09-04 09:47:07.556802

zrtcmjnxhqb >> Start >> 2020-09-04 09:52:05.273742

zrtcmjnxhqb >> Image Returned >> 2020-09-04 09:52:05.279030

zrtcmjnxhqb >> End >> 2020-09-04 09:52:05.430181

3xp8xrmyfib >> Start >> 2020-09-04 09:56:54.416853

3xp8xrmyfib >> Image Returned >> 2020-09-04 09:56:54.421221

3xp8xrmyfib >> End >> 2020-09-04 09:56:54.575654

f6026db56p3 >> Start >> 2020-09-04 09:57:45.259079

f6026db56p3 >> Image Returned >> 2020-09-04 09:57:45.264003

f6026db56p3 >> End >> 2020-09-04 09:57:45.417423

8gk05affezy >> Start >> 2020-09-04 09:59:10.565315

8gk05affezy >> Image Returned >> 2020-09-04 09:59:10.569401

8gk05affezy >> End >> 2020-09-04 09:59:10.720571

hi5evc20skf >> Start >> 2020-09-04 10:04:49.013825

hi5evc20skf >> Image Returned >> 2020-09-04 10:04:49.018054

hi5evc20skf >> End >> 2020-09-04 10:04:49.164278

xahero2ut0t >> Start >> 2020-09-04 10:06:48.162728

xahero2ut0t >> Image Returned >> 2020-09-04 10:06:48.167499

xahero2ut0t >> End >> 2020-09-04 10:06:48.312764

wdy5gm4neoj >> Start >> 2020-09-04 10:07:17.007612

wdy5gm4neoj >> Image Returned >> 2020-09-04 10:07:17.012737

wdy5gm4neoj >> End >> 2020-09-04 10:07:17.159902

ephqvdfnmkf >> Start >> 2020-09-04 10:07:57.616794

ephqvdfnmkf >> Image Returned >> 2020-09-04 10:07:57.620145

ephqvdfnmkf >> End >> 2020-09-04 10:07:57.769906

v3f4vmv4kev >> Start >> 2020-09-04 10:13:13.613851

v3f4vmv4kev >> Image Returned >> 2020-09-04 10:13:13.617373

v3f4vmv4kev >> End >> 2020-09-04 10:13:13.770174

cigkzkv33nq >> Start >> 2020-09-04 10:31:56.795563

cigkzkv33nq >> Image Returned >> 2020-09-04 10:31:56.801127

cigkzkv33nq >> End >> 2020-09-04 10:31:56.952368

tsoc6u4vcos >> Start >> 2020-09-04 10:37:18.721004

tsoc6u4vcos >> Image Returned >> 2020-09-04 10:37:18.725259

tsoc6u4vcos >> End >> 2020-09-04 10:37:18.873677

c6phcqcrppg >> Start >> 2020-09-04 10:37:20.423008

c6phcqcrppg >> Image Returned >> 2020-09-04 10:37:20.423309

c6phcqcrppg >> End >> 2020-09-04 10:37:20.568639

myg2ma6oyrc >> Start >> 2020-09-04 10:39:53.567352

myg2ma6oyrc >> Image Returned >> 2020-09-04 10:39:53.571434

myg2ma6oyrc >> End >> 2020-09-04 10:39:53.719216

5cf8r2j5r2e >> Start >> 2020-09-04 10:49:39.337143

5cf8r2j5r2e >> Image Returned >> 2020-09-04 10:49:39.340642

5cf8r2j5r2e >> End >> 2020-09-04 10:49:39.484627

c40yz4om3tx >> Start >> 2020-09-04 10:50:58.449542

c40yz4om3tx >> Image Returned >> 2020-09-04 10:50:58.453109

c40yz4om3tx >> End >> 2020-09-04 10:50:58.611234

wrizbbju6ei >> Start >> 2020-09-04 10:51:53.503246

wrizbbju6ei >> Image Returned >> 2020-09-04 10:51:53.507044

wrizbbju6ei >> End >> 2020-09-04 10:51:53.670433

qezfht7wyrp >> Start >> 2020-09-04 10:52:08.536835

qezfht7wyrp >> Image Returned >> 2020-09-04 10:52:08.540608

qezfht7wyrp >> End >> 2020-09-04 10:52:08.701318

zt6ofu6wgxo >> Start >> 2020-09-04 10:53:32.268759

zt6ofu6wgxo >> Image Returned >> 2020-09-04 10:53:32.273935

zt6ofu6wgxo >> End >> 2020-09-04 10:53:32.441250

d2807oybt2g >> Start >> 2020-09-04 10:58:15.541408

d2807oybt2g >> Image Returned >> 2020-09-04 10:58:15.544976

d2807oybt2g >> End >> 2020-09-04 10:58:15.710176

on8v3z57riq >> Start >> 2020-09-04 11:00:43.040240

on8v3z57riq >> Image Returned >> 2020-09-04 11:00:43.043653

on8v3z57riq >> End >> 2020-09-04 11:00:43.198559

px4es4g6y4f >> Start >> 2020-09-04 11:01:25.894469

px4es4g6y4f >> Image Returned >> 2020-09-04 11:01:25.897918

px4es4g6y4f >> End >> 2020-09-04 11:01:26.050359

2g3d2cocfbb >> Start >> 2020-09-04 11:12:00.663103

2g3d2cocfbb >> Image Returned >> 2020-09-04 11:12:00.666976

2g3d2cocfbb >> End >> 2020-09-04 11:12:00.818841

4usqjoqxq5f >> Start >> 2020-09-04 11:17:16.787825

4usqjoqxq5f >> Image Returned >> 2020-09-04 11:17:16.792267

4usqjoqxq5f >> End >> 2020-09-04 11:17:16.936789

ye3ykh5a40p >> Start >> 2020-09-04 11:18:09.934253

ye3ykh5a40p >> Image Returned >> 2020-09-04 11:18:09.937911

ye3ykh5a40p >> End >> 2020-09-04 11:18:10.083997

ngbv2ahd2pc >> Start >> 2020-09-04 11:18:42.428076

ngbv2ahd2pc >> Image Returned >> 2020-09-04 11:18:42.432220

ngbv2ahd2pc >> End >> 2020-09-04 11:18:42.576944

a3bs5txcj4z >> Start >> 2020-09-04 11:18:45.187019

a3bs5txcj4z >> Image Returned >> 2020-09-04 11:18:45.187375

a3bs5txcj4z >> End >> 2020-09-04 11:18:45.329966

s3z8qqq7m3x >> Start >> 2020-09-04 11:20:03.699773

s3z8qqq7m3x >> Image Returned >> 2020-09-04 11:20:03.704150

s3z8qqq7m3x >> End >> 2020-09-04 11:20:03.856543

hnxx54psqvf >> Start >> 2020-09-04 11:26:59.591478

hnxx54psqvf >> Image Returned >> 2020-09-04 11:26:59.596338

hnxx54psqvf >> End >> 2020-09-04 11:26:59.753786

i0na83idpxo >> Start >> 2020-09-04 11:36:11.200930

i0na83idpxo >> Image Returned >> 2020-09-04 11:36:11.204566

i0na83idpxo >> End >> 2020-09-04 11:36:11.350256

v22ki44zma8 >> Start >> 2020-09-04 11:39:26.384639

v22ki44zma8 >> Image Returned >> 2020-09-04 11:39:26.388102

v22ki44zma8 >> End >> 2020-09-04 11:39:26.542402

5czjnnkhj74 >> Start >> 2020-09-04 11:44:42.253679

5czjnnkhj74 >> Image Returned >> 2020-09-04 11:44:42.257375

5czjnnkhj74 >> End >> 2020-09-04 11:44:42.415287

noitznunu0f >> Start >> 2020-09-04 11:47:09.534554

noitznunu0f >> Image Returned >> 2020-09-04 11:47:09.537955

noitznunu0f >> End >> 2020-09-04 11:47:09.710697

67suj5cyzmp >> Start >> 2020-09-04 11:53:20.913494

67suj5cyzmp >> Image Returned >> 2020-09-04 11:53:20.916898

67suj5cyzmp >> End >> 2020-09-04 11:53:21.084533

knqygwvmfx7 >> Start >> 2020-09-04 12:00:14.491832

knqygwvmfx7 >> Image Returned >> 2020-09-04 12:00:14.495973

knqygwvmfx7 >> End >> 2020-09-04 12:00:14.650070

zi3uegp3p6u >> Start >> 2020-09-04 12:03:16.813343

zi3uegp3p6u >> Image Returned >> 2020-09-04 12:03:16.817959

zi3uegp3p6u >> End >> 2020-09-04 12:03:16.966746

chjie4w0nm8 >> Start >> 2020-09-04 12:03:23.177098

chjie4w0nm8 >> Image Returned >> 2020-09-04 12:03:23.177392

chjie4w0nm8 >> End >> 2020-09-04 12:03:23.326050

pabd7t7hvrr >> Start >> 2020-09-04 12:09:34.911159

pabd7t7hvrr >> Image Returned >> 2020-09-04 12:09:34.916189

pabd7t7hvrr >> End >> 2020-09-04 12:09:35.073992

037xreicigb >> Start >> 2020-09-04 12:14:54.789711

037xreicigb >> Image Returned >> 2020-09-04 12:14:54.793176

037xreicigb >> End >> 2020-09-04 12:14:54.945225

iqecucuxics >> Start >> 2020-09-04 12:16:33.764115

iqecucuxics >> Image Returned >> 2020-09-04 12:16:33.767595

iqecucuxics >> End >> 2020-09-04 12:16:33.921562

m5j4dzs3seq >> Start >> 2020-09-04 12:17:13.326894

m5j4dzs3seq >> Image Returned >> 2020-09-04 12:17:13.330534

m5j4dzs3seq >> End >> 2020-09-04 12:17:13.483479

47emsy8cjzw >> Start >> 2020-09-04 12:19:33.951421

47emsy8cjzw >> Image Returned >> 2020-09-04 12:19:33.954547

47emsy8cjzw >> End >> 2020-09-04 12:19:34.099524

22rgmxnkqcg >> Start >> 2020-09-04 12:22:37.550107

22rgmxnkqcg >> Image Returned >> 2020-09-04 12:22:37.554052

22rgmxnkqcg >> End >> 2020-09-04 12:22:37.705063

0q02cfve545 >> Start >> 2020-09-04 12:22:55.113270

0q02cfve545 >> Image Returned >> 2020-09-04 12:22:55.116743

0q02cfve545 >> End >> 2020-09-04 12:22:55.271400

4p8wpn0nwq3 >> Start >> 2020-09-04 12:26:59.896488

4p8wpn0nwq3 >> Image Returned >> 2020-09-04 12:26:59.899979

4p8wpn0nwq3 >> End >> 2020-09-04 12:27:00.053338

7o3pstv4u0v >> Start >> 2020-09-04 12:27:55.654239

7o3pstv4u0v >> Image Returned >> 2020-09-04 12:27:55.657793

7o3pstv4u0v >> End >> 2020-09-04 12:27:55.808932

ahfwakkfb7e >> Start >> 2020-09-04 12:30:28.004045

ahfwakkfb7e >> Image Returned >> 2020-09-04 12:30:28.008122

ahfwakkfb7e >> End >> 2020-09-04 12:30:28.140613

xmfk8ekfrs3 >> Start >> 2020-09-04 12:32:50.661979

xmfk8ekfrs3 >> Image Returned >> 2020-09-04 12:32:50.666199

xmfk8ekfrs3 >> End >> 2020-09-04 12:32:50.821918

8ez2ifafyyt >> Start >> 2020-09-04 12:33:34.418637

8ez2ifafyyt >> Image Returned >> 2020-09-04 12:33:34.422075

8ez2ifafyyt >> End >> 2020-09-04 12:33:34.581109

ugt2at02233 >> Start >> 2020-09-04 12:33:42.577999

ugt2at02233 >> Image Returned >> 2020-09-04 12:33:42.578315

ugt2at02233 >> End >> 2020-09-04 12:33:42.734024

0b5b8nc8c5f >> Start >> 2020-09-04 12:35:57.904077

0b5b8nc8c5f >> Image Returned >> 2020-09-04 12:35:57.907814

0b5b8nc8c5f >> End >> 2020-09-04 12:35:58.062654

cw02640zqem >> Start >> 2020-09-04 12:37:34.729615

cw02640zqem >> Image Returned >> 2020-09-04 12:37:34.733598

cw02640zqem >> End >> 2020-09-04 12:37:34.886070

fq0ddz5ygf5 >> Start >> 2020-09-04 12:37:53.894100

fq0ddz5ygf5 >> Image Returned >> 2020-09-04 12:37:53.897700

fq0ddz5ygf5 >> End >> 2020-09-04 12:37:54.049026

begv5sf7xoa >> Start >> 2020-09-04 12:38:24.894464

begv5sf7xoa >> Image Returned >> 2020-09-04 12:38:24.898622

begv5sf7xoa >> End >> 2020-09-04 12:38:25.051423

bbbwa53wh72 >> Start >> 2020-09-04 12:43:34.779437

bbbwa53wh72 >> Image Returned >> 2020-09-04 12:43:34.782838

bbbwa53wh72 >> End >> 2020-09-04 12:43:34.930610

dt0nqcnyxi2 >> Start >> 2020-09-04 12:45:49.886339

dt0nqcnyxi2 >> Image Returned >> 2020-09-04 12:45:49.889720

dt0nqcnyxi2 >> End >> 2020-09-04 12:45:50.048762

tq4b0bvhmk3 >> Start >> 2020-09-04 12:49:47.917680

tq4b0bvhmk3 >> Image Returned >> 2020-09-04 12:49:47.922697

tq4b0bvhmk3 >> End >> 2020-09-04 12:49:48.089287

4uvrdvmuzba >> Start >> 2020-09-04 12:51:51.410974

4uvrdvmuzba >> Image Returned >> 2020-09-04 12:51:51.415066

4uvrdvmuzba >> End >> 2020-09-04 12:51:51.573359

pgvfq8pqpmq >> Start >> 2020-09-04 12:52:12.332289

pgvfq8pqpmq >> Image Returned >> 2020-09-04 12:52:12.337383

pgvfq8pqpmq >> End >> 2020-09-04 12:52:12.491230

vfpm7vv7asb >> Start >> 2020-09-04 13:23:16.380022

vfpm7vv7asb >> Image Returned >> 2020-09-04 13:23:16.383691

vfpm7vv7asb >> End >> 2020-09-04 13:23:16.539520

frpsen2b6sb >> Start >> 2020-09-04 13:30:36.029829

frpsen2b6sb >> Image Returned >> 2020-09-04 13:30:36.033373

frpsen2b6sb >> End >> 2020-09-04 13:30:36.186709

xc8x3qronm2 >> Start >> 2020-09-04 13:30:46.672516

xc8x3qronm2 >> Image Returned >> 2020-09-04 13:30:46.672816

xc8x3qronm2 >> End >> 2020-09-04 13:30:46.814826

d6pkgkkpstm >> Start >> 2020-09-04 13:35:16.670861

d6pkgkkpstm >> Image Returned >> 2020-09-04 13:35:16.674711

d6pkgkkpstm >> End >> 2020-09-04 13:35:16.831758

0nqunjozvcw >> Start >> 2020-09-04 13:38:54.145452

0nqunjozvcw >> Image Returned >> 2020-09-04 13:38:54.150794

0nqunjozvcw >> End >> 2020-09-04 13:38:54.320930

stwohoy53gx >> Start >> 2020-09-04 13:46:55.466309

stwohoy53gx >> Image Returned >> 2020-09-04 13:46:55.470413

stwohoy53gx >> End >> 2020-09-04 13:46:55.631290

n88mg0ez4x3 >> Start >> 2020-09-04 13:50:37.033979

n88mg0ez4x3 >> Image Returned >> 2020-09-04 13:50:37.039136

n88mg0ez4x3 >> End >> 2020-09-04 13:50:37.210593

3uy4jr8ywsy >> Start >> 2020-09-04 13:53:56.601236

3uy4jr8ywsy >> Image Returned >> 2020-09-04 13:53:56.605915

3uy4jr8ywsy >> End >> 2020-09-04 13:53:56.769690

j6qewp8u5dz >> Start >> 2020-09-04 14:00:07.719311

j6qewp8u5dz >> Image Returned >> 2020-09-04 14:00:07.722861

j6qewp8u5dz >> End >> 2020-09-04 14:00:07.870841

708tqbe5gi6 >> Start >> 2020-09-04 14:05:41.981173

708tqbe5gi6 >> Image Returned >> 2020-09-04 14:05:41.986120

708tqbe5gi6 >> End >> 2020-09-04 14:05:42.144315

4p43gkfz3ij >> Start >> 2020-09-04 14:07:14.312278

4p43gkfz3ij >> Image Returned >> 2020-09-04 14:07:14.316056

4p43gkfz3ij >> End >> 2020-09-04 14:07:14.466984

uxw4di3togy >> Start >> 2020-09-04 14:12:41.331068

uxw4di3togy >> Image Returned >> 2020-09-04 14:12:41.335107

uxw4di3togy >> End >> 2020-09-04 14:12:41.488724

p67oscu5om7 >> Start >> 2020-09-04 14:17:38.403143

p67oscu5om7 >> Image Returned >> 2020-09-04 14:17:38.407519

p67oscu5om7 >> End >> 2020-09-04 14:17:38.576963

m4vo6xigijg >> Start >> 2020-09-04 14:22:44.119538

m4vo6xigijg >> Image Returned >> 2020-09-04 14:22:44.123665

m4vo6xigijg >> End >> 2020-09-04 14:22:44.280714

5ubwhfpzmch >> Start >> 2020-09-04 14:23:19.156627

5ubwhfpzmch >> Image Returned >> 2020-09-04 14:23:19.160207

5ubwhfpzmch >> End >> 2020-09-04 14:23:19.307652

taowcadvh62 >> Start >> 2020-09-04 14:28:26.939759

taowcadvh62 >> Image Returned >> 2020-09-04 14:28:26.945108

taowcadvh62 >> End >> 2020-09-04 14:28:27.102319

ho6jshhbjki >> Start >> 2020-09-04 14:31:03.500937

ho6jshhbjki >> Image Returned >> 2020-09-04 14:31:03.504435

ho6jshhbjki >> End >> 2020-09-04 14:31:03.655343

655nvgmsjt3 >> Start >> 2020-09-04 14:34:55.148183

655nvgmsjt3 >> Image Returned >> 2020-09-04 14:34:55.152319

655nvgmsjt3 >> End >> 2020-09-04 14:34:55.300399

hje8t3ouvxr >> Start >> 2020-09-04 14:35:42.404952

hje8t3ouvxr >> Image Returned >> 2020-09-04 14:35:42.409087

hje8t3ouvxr >> End >> 2020-09-04 14:35:42.560698

qkbgfs23tuz >> Start >> 2020-09-04 14:35:47.199738

qkbgfs23tuz >> Image Returned >> 2020-09-04 14:35:47.200067

qkbgfs23tuz >> End >> 2020-09-04 14:35:47.348414

zumqmj6u4ii >> Start >> 2020-09-04 14:37:08.037229

zumqmj6u4ii >> Image Returned >> 2020-09-04 14:37:08.041157

zumqmj6u4ii >> End >> 2020-09-04 14:37:08.196866

rwkkmfhfdqq >> Start >> 2020-09-04 14:37:12.384898

rwkkmfhfdqq >> Image Returned >> 2020-09-04 14:37:12.385301

rwkkmfhfdqq >> End >> 2020-09-04 14:37:12.538825

wtixf4kg6x3 >> Start >> 2020-09-04 14:37:35.696373

wtixf4kg6x3 >> Image Returned >> 2020-09-04 14:37:35.701298

wtixf4kg6x3 >> End >> 2020-09-04 14:37:35.871926

eges7b4jv6a >> Start >> 2020-09-04 14:44:26.509866

eges7b4jv6a >> Image Returned >> 2020-09-04 14:44:26.513334

eges7b4jv6a >> End >> 2020-09-04 14:44:26.661839

s5mqhxygzdk >> Start >> 2020-09-04 14:49:44.334990

s5mqhxygzdk >> Image Returned >> 2020-09-04 14:49:44.339534

s5mqhxygzdk >> End >> 2020-09-04 14:49:44.563865

qa6mqn7fjxn >> Start >> 2020-09-04 14:51:24.741528

qa6mqn7fjxn >> Image Returned >> 2020-09-04 14:51:24.745497

qa6mqn7fjxn >> End >> 2020-09-04 14:51:24.892391

y74r7amc07h >> Start >> 2020-09-04 14:51:26.332691

y74r7amc07h >> Image Returned >> 2020-09-04 14:51:26.333003

y74r7amc07h >> End >> 2020-09-04 14:51:26.484308

djp4u8nan3m >> Start >> 2020-09-04 14:58:22.328450

djp4u8nan3m >> Image Returned >> 2020-09-04 14:58:22.334026

djp4u8nan3m >> End >> 2020-09-04 14:58:22.495862

4kc0dvj4pip >> Start >> 2020-09-04 15:04:04.821866

4kc0dvj4pip >> Image Returned >> 2020-09-04 15:04:04.828159

4kc0dvj4pip >> End >> 2020-09-04 15:04:04.989847

i6acg7inr2t >> Start >> 2020-09-04 15:04:22.091694

i6acg7inr2t >> Image Returned >> 2020-09-04 15:04:22.095181

i6acg7inr2t >> End >> 2020-09-04 15:04:22.294508

j7ruyxxkz7g >> Start >> 2020-09-04 15:15:55.323599

j7ruyxxkz7g >> Image Returned >> 2020-09-04 15:15:55.327110

j7ruyxxkz7g >> End >> 2020-09-04 15:15:55.478171

gsbngjuxp4d >> Start >> 2020-09-04 15:23:54.264724

gsbngjuxp4d >> Image Returned >> 2020-09-04 15:23:54.269005

gsbngjuxp4d >> End >> 2020-09-04 15:23:54.423202

nkyhf8yttmb >> Start >> 2020-09-04 15:25:00.484666

nkyhf8yttmb >> Image Returned >> 2020-09-04 15:25:00.488223

nkyhf8yttmb >> End >> 2020-09-04 15:25:00.646831

oz0e27wjnws >> Start >> 2020-09-04 15:27:56.503550

oz0e27wjnws >> Image Returned >> 2020-09-04 15:27:56.507735

oz0e27wjnws >> End >> 2020-09-04 15:27:56.667081

sfk7yv2yzk3 >> Start >> 2020-09-04 15:42:12.769953

sfk7yv2yzk3 >> Image Returned >> 2020-09-04 15:42:12.774550

sfk7yv2yzk3 >> End >> 2020-09-04 15:42:12.930448

hszpgqg62zu >> Start >> 2020-09-04 15:42:19.173005

hszpgqg62zu >> Image Returned >> 2020-09-04 15:42:19.173307

hszpgqg62zu >> End >> 2020-09-04 15:42:19.321300

dbubg5bn4k0 >> Start >> 2020-09-04 15:42:31.138339

dbubg5bn4k0 >> Image Returned >> 2020-09-04 15:42:31.142050

dbubg5bn4k0 >> End >> 2020-09-04 15:42:31.293142

pccsxm64gs4 >> Start >> 2020-09-04 15:43:57.680675

pccsxm64gs4 >> Image Returned >> 2020-09-04 15:43:57.684628

pccsxm64gs4 >> End >> 2020-09-04 15:43:57.862109

h5f7kz6bke3 >> Start >> 2020-09-04 15:50:55.077739

h5f7kz6bke3 >> Image Returned >> 2020-09-04 15:50:55.084901

h5f7kz6bke3 >> End >> 2020-09-04 15:50:55.243061

m655zwsycxz >> Start >> 2020-09-04 15:51:10.810766

m655zwsycxz >> Image Returned >> 2020-09-04 15:51:10.814213

m655zwsycxz >> End >> 2020-09-04 15:51:10.969710

vrhrvtt8onp >> Start >> 2020-09-04 15:57:54.369508

vrhrvtt8onp >> Image Returned >> 2020-09-04 15:57:54.375035

vrhrvtt8onp >> End >> 2020-09-04 15:57:54.523226

os53gjxncpn >> Start >> 2020-09-04 15:58:11.888133

os53gjxncpn >> Image Returned >> 2020-09-04 15:58:11.891653

os53gjxncpn >> End >> 2020-09-04 15:58:12.042839

4mpeaksna6c >> Start >> 2020-09-04 16:00:51.814058

4mpeaksna6c >> Image Returned >> 2020-09-04 16:00:51.818104

4mpeaksna6c >> End >> 2020-09-04 16:00:51.979018

tynvzb2tvof >> Start >> 2020-09-04 16:07:17.573528

tynvzb2tvof >> Image Returned >> 2020-09-04 16:07:17.577239

tynvzb2tvof >> End >> 2020-09-04 16:07:17.729075

mj3ninaf80z >> Start >> 2020-09-04 16:10:06.103565

mj3ninaf80z >> Image Returned >> 2020-09-04 16:10:06.107142

mj3ninaf80z >> End >> 2020-09-04 16:10:06.258193

c6um5fofp4g >> Start >> 2020-09-04 16:11:13.189076

c6um5fofp4g >> Image Returned >> 2020-09-04 16:11:13.192487

c6um5fofp4g >> End >> 2020-09-04 16:11:13.343946

n043o0wjnnp >> Start >> 2020-09-04 16:18:59.787307

n043o0wjnnp >> Image Returned >> 2020-09-04 16:18:59.793740

n043o0wjnnp >> End >> 2020-09-04 16:18:59.945955

t035qqe40wz >> Start >> 2020-09-04 16:20:12.855158

t035qqe40wz >> Image Returned >> 2020-09-04 16:20:12.858577

t035qqe40wz >> End >> 2020-09-04 16:20:13.012922

s5ze8ya7hjz >> Start >> 2020-09-04 16:25:00.313421

s5ze8ya7hjz >> Image Returned >> 2020-09-04 16:25:00.317795

s5ze8ya7hjz >> End >> 2020-09-04 16:25:00.467225

zr2g75rwzi7 >> Start >> 2020-09-04 16:25:27.223783

zr2g75rwzi7 >> Image Returned >> 2020-09-04 16:25:27.227895

zr2g75rwzi7 >> End >> 2020-09-04 16:25:27.390239

p3xut838tp0 >> Start >> 2020-09-04 16:25:49.300507

p3xut838tp0 >> Image Returned >> 2020-09-04 16:25:49.305948

p3xut838tp0 >> End >> 2020-09-04 16:25:49.461129

bmk5w37bipy >> Start >> 2020-09-04 16:26:18.830430

bmk5w37bipy >> Image Returned >> 2020-09-04 16:26:18.834110

bmk5w37bipy >> End >> 2020-09-04 16:26:18.984785

o4bozdc6tqa >> Start >> 2020-09-04 16:30:51.447011

o4bozdc6tqa >> Image Returned >> 2020-09-04 16:30:51.451829

o4bozdc6tqa >> End >> 2020-09-04 16:30:51.632150

xnh07uewzws >> Start >> 2020-09-04 16:34:48.903408

xnh07uewzws >> Image Returned >> 2020-09-04 16:34:48.907243

xnh07uewzws >> End >> 2020-09-04 16:34:49.078278

6w5ikpkr0yv >> Start >> 2020-09-04 16:35:16.645323

6w5ikpkr0yv >> Image Returned >> 2020-09-04 16:35:16.648911

6w5ikpkr0yv >> End >> 2020-09-04 16:35:16.805516

d2gi266baq5 >> Start >> 2020-09-04 16:38:39.651217

d2gi266baq5 >> Image Returned >> 2020-09-04 16:38:39.655247

d2gi266baq5 >> End >> 2020-09-04 16:38:39.819905

qv8bmetdwoh >> Start >> 2020-09-04 16:39:05.849261

qv8bmetdwoh >> Image Returned >> 2020-09-04 16:39:05.853374

qv8bmetdwoh >> End >> 2020-09-04 16:39:06.023781

5y2ez3pdhfd >> Start >> 2020-09-04 16:40:29.381323

5y2ez3pdhfd >> Image Returned >> 2020-09-04 16:40:29.385185

5y2ez3pdhfd >> End >> 2020-09-04 16:40:29.540098

0pjiizdkgo6 >> Start >> 2020-09-04 16:43:24.509474

0pjiizdkgo6 >> Image Returned >> 2020-09-04 16:43:24.513844

0pjiizdkgo6 >> End >> 2020-09-04 16:43:24.670777

djtfxnt42mf >> Start >> 2020-09-04 16:43:25.032121

djtfxnt42mf >> Image Returned >> 2020-09-04 16:43:25.032407

djtfxnt42mf >> End >> 2020-09-04 16:43:25.161792

ibhp2k3zssg >> Start >> 2020-09-04 16:43:56.720901

ibhp2k3zssg >> Image Returned >> 2020-09-04 16:43:56.724792

ibhp2k3zssg >> End >> 2020-09-04 16:43:56.880698

3qunb0vufk3 >> Start >> 2020-09-04 16:50:52.323121

3qunb0vufk3 >> Image Returned >> 2020-09-04 16:50:52.328074

3qunb0vufk3 >> End >> 2020-09-04 16:50:52.487557

3w42q74iu67 >> Start >> 2020-09-04 16:55:56.966155

3w42q74iu67 >> Image Returned >> 2020-09-04 16:55:56.972465

3w42q74iu67 >> End >> 2020-09-04 16:55:57.137196

dh2fhgjrenj >> Start >> 2020-09-04 17:12:35.948671

dh2fhgjrenj >> Image Returned >> 2020-09-04 17:12:35.952900

dh2fhgjrenj >> End >> 2020-09-04 17:12:36.107994

z6ugkhzpif5 >> Start >> 2020-09-04 17:12:59.804363

z6ugkhzpif5 >> Image Returned >> 2020-09-04 17:12:59.808828

z6ugkhzpif5 >> End >> 2020-09-04 17:12:59.974853

apyv0br5yu0 >> Start >> 2020-09-04 17:19:08.644705

apyv0br5yu0 >> Image Returned >> 2020-09-04 17:19:08.650264

apyv0br5yu0 >> End >> 2020-09-04 17:19:08.832951

2hjc46idwz6 >> Start >> 2020-09-04 17:19:25.037715

2hjc46idwz6 >> Image Returned >> 2020-09-04 17:19:25.041241

2hjc46idwz6 >> End >> 2020-09-04 17:19:25.194091

8bv5gypu54o >> Start >> 2020-09-04 17:20:08.098644

8bv5gypu54o >> Image Returned >> 2020-09-04 17:20:08.102170

8bv5gypu54o >> End >> 2020-09-04 17:20:08.254192

acr5prfv8bg >> Start >> 2020-09-04 17:20:42.994131

acr5prfv8bg >> Image Returned >> 2020-09-04 17:20:42.998168

acr5prfv8bg >> End >> 2020-09-04 17:20:43.147366

nvxpzuwc3sc >> Start >> 2020-09-04 17:28:20.300468

nvxpzuwc3sc >> Image Returned >> 2020-09-04 17:28:20.304148

nvxpzuwc3sc >> End >> 2020-09-04 17:28:20.461901

kqyzbgaf2ih >> Start >> 2020-09-04 17:32:40.187167

kqyzbgaf2ih >> Image Returned >> 2020-09-04 17:32:40.190635

kqyzbgaf2ih >> End >> 2020-09-04 17:32:40.320890

pudnjd4hibn >> Start >> 2020-09-04 17:38:35.613471

pudnjd4hibn >> Image Returned >> 2020-09-04 17:38:35.617432

pudnjd4hibn >> End >> 2020-09-04 17:38:35.790987

ksquaww4q5w >> Start >> 2020-09-04 17:45:59.394558

ksquaww4q5w >> Image Returned >> 2020-09-04 17:45:59.398683

ksquaww4q5w >> End >> 2020-09-04 17:45:59.599674

o375bcq7jz8 >> Start >> 2020-09-04 17:53:28.414978

o375bcq7jz8 >> Image Returned >> 2020-09-04 17:53:28.418939

o375bcq7jz8 >> End >> 2020-09-04 17:53:28.573498

ua4347roa45 >> Start >> 2020-09-04 17:59:27.976696

ua4347roa45 >> Image Returned >> 2020-09-04 17:59:27.980581

ua4347roa45 >> End >> 2020-09-04 17:59:28.127232

cw42vam57mu >> Start >> 2020-09-04 18:05:32.219336

cw42vam57mu >> Image Returned >> 2020-09-04 18:05:32.223351

cw42vam57mu >> End >> 2020-09-04 18:05:32.375197

daqsmmriuve >> Start >> 2020-09-04 18:12:27.941392

daqsmmriuve >> Image Returned >> 2020-09-04 18:12:27.945125

8hm2rr5hefh >> Start >> 2020-09-04 18:12:27.969913

8hm2rr5hefh >> Image Returned >> 2020-09-04 18:12:27.973419

daqsmmriuve >> End >> 2020-09-04 18:12:28.112334

8hm2rr5hefh >> End >> 2020-09-04 18:12:28.122158

x6auu6fh2bp >> Start >> 2020-09-04 18:13:05.914146

x6auu6fh2bp >> Image Returned >> 2020-09-04 18:13:05.917623

x6auu6fh2bp >> End >> 2020-09-04 18:13:06.078037

jw3jcx3bfzs >> Start >> 2020-09-04 18:14:13.745937

jw3jcx3bfzs >> Image Returned >> 2020-09-04 18:14:13.749759

jw3jcx3bfzs >> End >> 2020-09-04 18:14:13.904092

rw84wqhxrww >> Start >> 2020-09-04 18:14:52.875232

rw84wqhxrww >> Image Returned >> 2020-09-04 18:14:52.879412

rw84wqhxrww >> End >> 2020-09-04 18:14:53.031060

2fwrqvj6qr8 >> Start >> 2020-09-04 18:31:59.078560

2fwrqvj6qr8 >> Image Returned >> 2020-09-04 18:31:59.082679

2fwrqvj6qr8 >> End >> 2020-09-04 18:31:59.249635

rtmst8zn5xx >> Start >> 2020-09-04 18:32:32.928960

rtmst8zn5xx >> Image Returned >> 2020-09-04 18:32:32.932396

rtmst8zn5xx >> End >> 2020-09-04 18:32:33.082693

43no6wnp3jf >> Start >> 2020-09-04 18:32:48.472806

43no6wnp3jf >> Image Returned >> 2020-09-04 18:32:48.476777

43no6wnp3jf >> End >> 2020-09-04 18:32:48.639261

dwap7jetuvj >> Start >> 2020-09-04 18:39:40.452615

dwap7jetuvj >> Image Returned >> 2020-09-04 18:39:40.457648

dwap7jetuvj >> End >> 2020-09-04 18:39:40.609042

gqqzjzjo4ys >> Start >> 2020-09-04 18:40:55.867120

gqqzjzjo4ys >> Image Returned >> 2020-09-04 18:40:55.871402

gqqzjzjo4ys >> End >> 2020-09-04 18:40:56.027502

830nymjc3ky >> Start >> 2020-09-04 18:49:02.176898

830nymjc3ky >> Image Returned >> 2020-09-04 18:49:02.184082

830nymjc3ky >> End >> 2020-09-04 18:49:02.348485

p0v2bcmyhde >> Start >> 2020-09-04 18:52:06.429652

p0v2bcmyhde >> Image Returned >> 2020-09-04 18:52:06.434664

p0v2bcmyhde >> End >> 2020-09-04 18:52:06.588706

5z276g0vvox >> Start >> 2020-09-04 19:01:00.588649

5z276g0vvox >> Image Returned >> 2020-09-04 19:01:00.592833

5z276g0vvox >> End >> 2020-09-04 19:01:00.752942

i6rgjfi4zrv >> Start >> 2020-09-04 19:02:35.559426

i6rgjfi4zrv >> Image Returned >> 2020-09-04 19:02:35.565099

i6rgjfi4zrv >> End >> 2020-09-04 19:02:35.720052

ntn2qviyyqp >> Start >> 2020-09-04 19:03:32.371900

ntn2qviyyqp >> Image Returned >> 2020-09-04 19:03:32.375896

ntn2qviyyqp >> End >> 2020-09-04 19:03:32.526467

f3v4n3j44xk >> Start >> 2020-09-04 19:06:32.846570

f3v4n3j44xk >> Image Returned >> 2020-09-04 19:06:32.851495

f3v4n3j44xk >> End >> 2020-09-04 19:06:33.000475

h2v0uvdecnd >> Start >> 2020-09-04 19:06:39.541755

h2v0uvdecnd >> Image Returned >> 2020-09-04 19:06:39.542103

h2v0uvdecnd >> End >> 2020-09-04 19:06:39.692260

fbdefh7hhip >> Start >> 2020-09-04 19:12:41.003242

fbdefh7hhip >> Image Returned >> 2020-09-04 19:12:41.006978

fbdefh7hhip >> End >> 2020-09-04 19:12:41.169887

mam0e3iuvjj >> Start >> 2020-09-04 19:12:52.657447

mam0e3iuvjj >> Image Returned >> 2020-09-04 19:12:52.661299

mam0e3iuvjj >> End >> 2020-09-04 19:12:52.811430

52btrggkop2 >> Start >> 2020-09-04 19:13:13.679306

52btrggkop2 >> Image Returned >> 2020-09-04 19:13:13.682817

52btrggkop2 >> End >> 2020-09-04 19:13:13.836219

34v7mp8yn6o >> Start >> 2020-09-04 19:13:58.730038

34v7mp8yn6o >> Image Returned >> 2020-09-04 19:13:58.735614

34v7mp8yn6o >> End >> 2020-09-04 19:13:58.886558

j222ooco04r >> Start >> 2020-09-04 19:17:25.072685

j222ooco04r >> Image Returned >> 2020-09-04 19:17:25.076514

j222ooco04r >> End >> 2020-09-04 19:17:25.229306

bmfeo2cto6j >> Start >> 2020-09-04 19:20:50.163769

bmfeo2cto6j >> Image Returned >> 2020-09-04 19:20:50.168242

bmfeo2cto6j >> End >> 2020-09-04 19:20:50.317198

8v6osjtjcps >> Start >> 2020-09-04 19:20:59.194118

8v6osjtjcps >> Image Returned >> 2020-09-04 19:20:59.194550

8v6osjtjcps >> End >> 2020-09-04 19:20:59.355184

avog0c7hkh6 >> Start >> 2020-09-04 19:22:46.553350

avog0c7hkh6 >> Image Returned >> 2020-09-04 19:22:46.557313

avog0c7hkh6 >> End >> 2020-09-04 19:22:46.723011

4givwb3qx6e >> Start >> 2020-09-04 19:23:18.877665

4givwb3qx6e >> Image Returned >> 2020-09-04 19:23:18.881572

4givwb3qx6e >> End >> 2020-09-04 19:23:19.048942

8sqy7pvp28j >> Start >> 2020-09-04 19:55:56.044437

8sqy7pvp28j >> Image Returned >> 2020-09-04 19:55:56.048701

8sqy7pvp28j >> End >> 2020-09-04 19:55:56.213568

raqptovzgb6 >> Start >> 2020-09-04 19:58:49.572772

raqptovzgb6 >> Image Returned >> 2020-09-04 19:58:49.577897

raqptovzgb6 >> End >> 2020-09-04 19:58:49.735282

kaq3fbfyy5n >> Start >> 2020-09-04 20:01:39.001467

kaq3fbfyy5n >> Image Returned >> 2020-09-04 20:01:39.005100

kaq3fbfyy5n >> End >> 2020-09-04 20:01:39.159802

iub4wuxwhto >> Start >> 2020-09-04 20:08:35.048378

iub4wuxwhto >> Image Returned >> 2020-09-04 20:08:35.053538

iub4wuxwhto >> End >> 2020-09-04 20:08:35.206142

2h6sg8z72g5 >> Start >> 2020-09-04 20:10:38.588187

2h6sg8z72g5 >> Image Returned >> 2020-09-04 20:10:38.591829

2h6sg8z72g5 >> End >> 2020-09-04 20:10:38.755165

pkyis70bi0q >> Start >> 2020-09-04 20:16:26.499763

pkyis70bi0q >> Image Returned >> 2020-09-04 20:16:26.503398

pkyis70bi0q >> End >> 2020-09-04 20:16:26.656131

78vpnsi7y5s >> Start >> 2020-09-04 20:16:34.727503

78vpnsi7y5s >> Image Returned >> 2020-09-04 20:16:34.727798

78vpnsi7y5s >> End >> 2020-09-04 20:16:34.878479

yrv32y5tp57 >> Start >> 2020-09-04 20:16:43.013976

yrv32y5tp57 >> Image Returned >> 2020-09-04 20:16:43.014291

yrv32y5tp57 >> End >> 2020-09-04 20:16:43.181180

6hrwvk87p8m >> Start >> 2020-09-04 20:16:55.079972

6hrwvk87p8m >> Image Returned >> 2020-09-04 20:16:55.083856

6hrwvk87p8m >> End >> 2020-09-04 20:16:55.234791

hpbau8vh2gq >> Start >> 2020-09-04 20:29:21.337121

hpbau8vh2gq >> Image Returned >> 2020-09-04 20:29:21.342730

hpbau8vh2gq >> End >> 2020-09-04 20:29:21.509994

fsrh4xv58s8 >> Start >> 2020-09-04 20:32:54.978841

fsrh4xv58s8 >> Image Returned >> 2020-09-04 20:32:54.983530

fsrh4xv58s8 >> End >> 2020-09-04 20:32:55.114439

n4jm2taav3d >> Start >> 2020-09-04 20:32:57.187428

n4jm2taav3d >> Image Returned >> 2020-09-04 20:32:57.187721

n4jm2taav3d >> End >> 2020-09-04 20:32:57.323223

un88bvxqfsk >> Start >> 2020-09-04 20:34:05.642638

un88bvxqfsk >> Image Returned >> 2020-09-04 20:34:05.646316

un88bvxqfsk >> End >> 2020-09-04 20:34:05.797394

iwtt3qv2veo >> Start >> 2020-09-04 20:35:22.485927

iwtt3qv2veo >> Image Returned >> 2020-09-04 20:35:22.490216

iwtt3qv2veo >> End >> 2020-09-04 20:35:22.659064

gx66ddjga4i >> Start >> 2020-09-04 21:18:28.706288

gx66ddjga4i >> Image Returned >> 2020-09-04 21:18:28.710747

gx66ddjga4i >> End >> 2020-09-04 21:18:28.868598

imz3stk2ap8 >> Start >> 2020-09-04 21:29:42.358921

imz3stk2ap8 >> Image Returned >> 2020-09-04 21:29:42.362540

imz3stk2ap8 >> End >> 2020-09-04 21:29:42.521706

byahneaccid >> Start >> 2020-09-04 21:32:24.595767

byahneaccid >> Image Returned >> 2020-09-04 21:32:24.599612

byahneaccid >> End >> 2020-09-04 21:32:24.750205

boqrse04aro >> Start >> 2020-09-04 21:32:48.701443

boqrse04aro >> Image Returned >> 2020-09-04 21:32:48.705199

boqrse04aro >> End >> 2020-09-04 21:32:48.854155

ykghbb0zv3y >> Start >> 2020-09-04 21:35:47.980026

ykghbb0zv3y >> Image Returned >> 2020-09-04 21:35:47.984411

ykghbb0zv3y >> End >> 2020-09-04 21:35:48.141316

6yzpirbo00y >> Start >> 2020-09-04 21:44:32.445260

6yzpirbo00y >> Image Returned >> 2020-09-04 21:44:32.450930

6yzpirbo00y >> End >> 2020-09-04 21:44:32.619714

07d6pb58525 >> Start >> 2020-09-04 21:45:04.744746

07d6pb58525 >> Image Returned >> 2020-09-04 21:45:04.748924

07d6pb58525 >> End >> 2020-09-04 21:45:04.908699

yy0yptzdkwd >> Start >> 2020-09-04 21:58:45.685448

yy0yptzdkwd >> Image Returned >> 2020-09-04 21:58:45.692657

yy0yptzdkwd >> End >> 2020-09-04 21:58:45.841733

2q23kh0iue3 >> Start >> 2020-09-04 21:59:07.766355

2q23kh0iue3 >> Image Returned >> 2020-09-04 21:59:07.766801

2q23kh0iue3 >> End >> 2020-09-04 21:59:07.915446

xn74t8x3e4s >> Start >> 2020-09-04 21:59:07.992713

xn74t8x3e4s >> Image Returned >> 2020-09-04 21:59:07.993052

xn74t8x3e4s >> End >> 2020-09-04 21:59:08.148809

un88bvxqfsk >> Start >> 2020-09-04 22:05:10.642646

un88bvxqfsk >> Image Returned >> 2020-09-04 22:05:10.647481

un88bvxqfsk >> End >> 2020-09-04 22:05:10.807570

ba3wekwo0im >> Start >> 2020-09-04 22:09:17.707349

ba3wekwo0im >> Image Returned >> 2020-09-04 22:09:17.714581

ba3wekwo0im >> End >> 2020-09-04 22:09:17.886622

8ioq2kppkvf >> Start >> 2020-09-04 22:32:01.441087

8ioq2kppkvf >> Image Returned >> 2020-09-04 22:32:01.445218

8ioq2kppkvf >> End >> 2020-09-04 22:32:01.596133

v5k6yddts0m >> Start >> 2020-09-04 23:02:43.741599

v5k6yddts0m >> Image Returned >> 2020-09-04 23:02:43.745937

v5k6yddts0m >> End >> 2020-09-04 23:02:43.903866

up0qoz62bt7 >> Start >> 2020-09-04 23:05:18.839389

up0qoz62bt7 >> Image Returned >> 2020-09-04 23:05:18.843491

up0qoz62bt7 >> End >> 2020-09-04 23:05:19.008980

be6e8xkro5m >> Start >> 2020-09-04 23:21:15.275393

be6e8xkro5m >> Image Returned >> 2020-09-04 23:21:15.279262

be6e8xkro5m >> End >> 2020-09-04 23:21:15.440223

z3skgipfdp5 >> Start >> 2020-09-04 23:22:01.986192

z3skgipfdp5 >> Image Returned >> 2020-09-04 23:22:01.989912

z3skgipfdp5 >> End >> 2020-09-04 23:22:02.145910

t5s4wvsekge >> Start >> 2020-09-04 23:22:10.614233

t5s4wvsekge >> Image Returned >> 2020-09-04 23:22:10.614533

t5s4wvsekge >> End >> 2020-09-04 23:22:10.771857

rfqd7j52p5q >> Start >> 2020-09-04 23:22:12.813575

rfqd7j52p5q >> Image Returned >> 2020-09-04 23:22:12.813895

rfqd7j52p5q >> End >> 2020-09-04 23:22:12.959384

yg3zfpnb6h8 >> Start >> 2020-09-04 23:26:56.464087

yg3zfpnb6h8 >> Image Returned >> 2020-09-04 23:26:56.468833

yg3zfpnb6h8 >> End >> 2020-09-04 23:26:56.614859

s63puodd82x >> Start >> 2020-09-04 23:33:10.597455

s63puodd82x >> Image Returned >> 2020-09-04 23:33:10.601104

s63puodd82x >> End >> 2020-09-04 23:33:10.750822

kwuuybxamfh >> Start >> 2020-09-04 23:46:34.376929

kwuuybxamfh >> Image Returned >> 2020-09-04 23:46:34.380764

kwuuybxamfh >> End >> 2020-09-04 23:46:34.529310

