zc2bpjsykam >> Start >> 2020-10-24 00:56:35.884905

zc2bpjsykam >> Image Returned >> 2020-10-24 00:56:35.887897

zc2bpjsykam >> End >> 2020-10-24 00:56:36.069523

00e3e2a56am >> Start >> 2020-10-24 01:12:53.322246

00e3e2a56am >> Image Returned >> 2020-10-24 01:12:53.325367

00e3e2a56am >> End >> 2020-10-24 01:12:53.506182

nbozzzbfq65 >> Start >> 2020-10-24 01:34:17.289979

nbozzzbfq65 >> Image Returned >> 2020-10-24 01:34:17.292939

nbozzzbfq65 >> End >> 2020-10-24 01:34:17.482076

wwc7v3f8pja >> Start >> 2020-10-24 02:16:28.882646

wwc7v3f8pja >> Image Returned >> 2020-10-24 02:16:28.885489

wwc7v3f8pja >> End >> 2020-10-24 02:16:29.058861

vhpcsfi6ybt >> Start >> 2020-10-24 02:21:27.675025

vhpcsfi6ybt >> Image Returned >> 2020-10-24 02:21:27.677891

vhpcsfi6ybt >> End >> 2020-10-24 02:21:27.810254

im0gas2zz78 >> Start >> 2020-10-24 02:51:32.774163

im0gas2zz78 >> Image Returned >> 2020-10-24 02:51:32.777954

im0gas2zz78 >> End >> 2020-10-24 02:51:32.991666

baj82tkhpqu >> Start >> 2020-10-24 02:54:54.678647

baj82tkhpqu >> Image Returned >> 2020-10-24 02:54:54.682105

baj82tkhpqu >> End >> 2020-10-24 02:54:54.851936

6esutxsaxae >> Start >> 2020-10-24 03:07:21.552860

6esutxsaxae >> Image Returned >> 2020-10-24 03:07:21.555543

6esutxsaxae >> End >> 2020-10-24 03:07:21.735557

we7c2xo03th >> Start >> 2020-10-24 03:07:49.825206

we7c2xo03th >> Image Returned >> 2020-10-24 03:07:49.827568

we7c2xo03th >> End >> 2020-10-24 03:07:50.006805

7xmpoi6qq8n >> Start >> 2020-10-24 03:22:08.843919

7xmpoi6qq8n >> Image Returned >> 2020-10-24 03:22:08.846604

7xmpoi6qq8n >> End >> 2020-10-24 03:22:09.029666

tir20fx56yh >> Start >> 2020-10-24 04:21:51.577852

tir20fx56yh >> Image Returned >> 2020-10-24 04:21:51.580701

tir20fx56yh >> End >> 2020-10-24 04:21:51.768862

vap32xtcu3w >> Start >> 2020-10-24 04:25:02.478466

vap32xtcu3w >> Image Returned >> 2020-10-24 04:25:02.481148

vap32xtcu3w >> End >> 2020-10-24 04:25:02.660100

53dsb8bhdwz >> Start >> 2020-10-24 05:17:12.241055

53dsb8bhdwz >> Image Returned >> 2020-10-24 05:17:12.243849

53dsb8bhdwz >> End >> 2020-10-24 05:17:12.424026

zgxnec74vzq >> Start >> 2020-10-24 05:31:04.573919

zgxnec74vzq >> Image Returned >> 2020-10-24 05:31:04.576436

zgxnec74vzq >> End >> 2020-10-24 05:31:04.776726

afpusake5y4 >> Start >> 2020-10-24 05:43:16.312694

afpusake5y4 >> Image Returned >> 2020-10-24 05:43:16.315949

afpusake5y4 >> End >> 2020-10-24 05:43:16.488192

42mn2frmz22 >> Start >> 2020-10-24 06:11:04.970766

42mn2frmz22 >> Image Returned >> 2020-10-24 06:11:04.974452

42mn2frmz22 >> End >> 2020-10-24 06:11:05.279959

t5iqw2sximp >> Start >> 2020-10-24 06:49:29.602305

t5iqw2sximp >> Image Returned >> 2020-10-24 06:49:29.605231

t5iqw2sximp >> End >> 2020-10-24 06:49:29.818439

mr2x2t0sos2 >> Start >> 2020-10-24 06:52:01.308449

mr2x2t0sos2 >> Image Returned >> 2020-10-24 06:52:01.311666

mr2x2t0sos2 >> End >> 2020-10-24 06:52:01.487343

febofts8vpi >> Start >> 2020-10-24 07:03:11.925221

febofts8vpi >> Image Returned >> 2020-10-24 07:03:11.928572

febofts8vpi >> End >> 2020-10-24 07:03:12.101458

veuavgztiu6 >> Start >> 2020-10-24 07:05:36.377460

veuavgztiu6 >> Image Returned >> 2020-10-24 07:05:36.380476

veuavgztiu6 >> End >> 2020-10-24 07:05:36.549666

ehn4n6o72n5 >> Start >> 2020-10-24 07:19:51.499902

ehn4n6o72n5 >> Image Returned >> 2020-10-24 07:19:51.503577

ehn4n6o72n5 >> End >> 2020-10-24 07:19:51.678096

q2wh3xy4dva >> Start >> 2020-10-24 07:24:48.622104

q2wh3xy4dva >> Image Returned >> 2020-10-24 07:24:48.624794

q2wh3xy4dva >> End >> 2020-10-24 07:24:48.799201

6t52soaii6w >> Start >> 2020-10-24 07:31:43.871390

6t52soaii6w >> Image Returned >> 2020-10-24 07:31:43.873927

6t52soaii6w >> End >> 2020-10-24 07:31:43.999690

0cghhmvqy6h >> Start >> 2020-10-24 07:35:10.124341

0cghhmvqy6h >> Image Returned >> 2020-10-24 07:35:10.126768

0cghhmvqy6h >> End >> 2020-10-24 07:35:10.300259

i6gftss6n27 >> Start >> 2020-10-24 07:50:19.353149

i6gftss6n27 >> Image Returned >> 2020-10-24 07:50:19.355657

i6gftss6n27 >> End >> 2020-10-24 07:50:19.534188

rgisajx2br5 >> Start >> 2020-10-24 07:50:26.540599

rgisajx2br5 >> Image Returned >> 2020-10-24 07:50:26.540894

rgisajx2br5 >> End >> 2020-10-24 07:50:26.723121

2ed7ke6trum >> Start >> 2020-10-24 07:50:52.512502

2ed7ke6trum >> Image Returned >> 2020-10-24 07:50:52.514966

2ed7ke6trum >> End >> 2020-10-24 07:50:52.647072

x86ndvsvw2r >> Start >> 2020-10-24 07:54:43.769700

x86ndvsvw2r >> Image Returned >> 2020-10-24 07:54:43.772242

x86ndvsvw2r >> End >> 2020-10-24 07:54:43.947791

jy74bz3gggt >> Start >> 2020-10-24 07:55:52.976866

jy74bz3gggt >> Image Returned >> 2020-10-24 07:55:52.979409

jy74bz3gggt >> End >> 2020-10-24 07:55:53.155071

t37svmjnafh >> Start >> 2020-10-24 07:55:57.298866

t37svmjnafh >> Image Returned >> 2020-10-24 07:55:57.299144

t37svmjnafh >> End >> 2020-10-24 07:55:57.472630

gt7ueojw56v >> Start >> 2020-10-24 08:01:52.073589

gt7ueojw56v >> Image Returned >> 2020-10-24 08:01:52.076077

gt7ueojw56v >> End >> 2020-10-24 08:01:52.270653

pae7heaw0c7 >> Start >> 2020-10-24 08:09:11.375349

pae7heaw0c7 >> Image Returned >> 2020-10-24 08:09:11.377862

pae7heaw0c7 >> End >> 2020-10-24 08:09:11.574419

jgv0bk5aetn >> Start >> 2020-10-24 08:14:51.542367

jgv0bk5aetn >> Image Returned >> 2020-10-24 08:14:51.544958

jgv0bk5aetn >> End >> 2020-10-24 08:14:51.734364

d2wu5cjhxn0 >> Start >> 2020-10-24 08:21:53.146744

d2wu5cjhxn0 >> Image Returned >> 2020-10-24 08:21:53.149369

d2wu5cjhxn0 >> End >> 2020-10-24 08:21:53.326999

5epnda7obfy >> Start >> 2020-10-24 08:34:00.865793

5epnda7obfy >> Image Returned >> 2020-10-24 08:34:00.868379

5epnda7obfy >> End >> 2020-10-24 08:34:01.052860

mhtn6ntwres >> Start >> 2020-10-24 08:37:43.240750

mhtn6ntwres >> Image Returned >> 2020-10-24 08:37:43.243393

mhtn6ntwres >> End >> 2020-10-24 08:37:43.423990

m3xzmz47ipk >> Start >> 2020-10-24 08:45:22.629957

m3xzmz47ipk >> Image Returned >> 2020-10-24 08:45:22.632611

m3xzmz47ipk >> End >> 2020-10-24 08:45:22.805998

qxxsratz2mb >> Start >> 2020-10-24 08:45:30.060775

qxxsratz2mb >> Image Returned >> 2020-10-24 08:45:30.061059

qxxsratz2mb >> End >> 2020-10-24 08:45:30.230994

y76jzywnoqs >> Start >> 2020-10-24 08:57:05.611535

y76jzywnoqs >> Image Returned >> 2020-10-24 08:57:05.615094

y76jzywnoqs >> End >> 2020-10-24 08:57:05.793560

fno6ozvktue >> Start >> 2020-10-24 08:57:21.739898

fno6ozvktue >> Image Returned >> 2020-10-24 08:57:21.742432

fno6ozvktue >> End >> 2020-10-24 08:57:21.916641

ueethcgqnz3 >> Start >> 2020-10-24 09:03:02.369168

ueethcgqnz3 >> Image Returned >> 2020-10-24 09:03:02.373233

ueethcgqnz3 >> End >> 2020-10-24 09:03:02.550868

73gnqxaex74 >> Start >> 2020-10-24 09:04:25.958117

73gnqxaex74 >> Image Returned >> 2020-10-24 09:04:25.960715

73gnqxaex74 >> End >> 2020-10-24 09:04:26.154824

cdyy7538e6h >> Start >> 2020-10-24 09:14:02.860047

cdyy7538e6h >> Image Returned >> 2020-10-24 09:14:02.862771

cdyy7538e6h >> End >> 2020-10-24 09:14:03.054274

hvi7e4bm2v2 >> Start >> 2020-10-24 09:15:57.991755

hvi7e4bm2v2 >> Image Returned >> 2020-10-24 09:15:57.994560

hvi7e4bm2v2 >> End >> 2020-10-24 09:15:58.178603

jec070drqkj >> Start >> 2020-10-24 09:20:52.279695

jec070drqkj >> Image Returned >> 2020-10-24 09:20:52.282443

jec070drqkj >> End >> 2020-10-24 09:20:52.471030

7zq6dhcpjk5 >> Start >> 2020-10-24 09:26:27.150563

7zq6dhcpjk5 >> Image Returned >> 2020-10-24 09:26:27.153331

7zq6dhcpjk5 >> End >> 2020-10-24 09:26:27.325478

i6pjmjbyp3j >> Start >> 2020-10-24 09:30:38.198513

i6pjmjbyp3j >> Image Returned >> 2020-10-24 09:30:38.201078

i6pjmjbyp3j >> End >> 2020-10-24 09:30:38.376434

j2tmfp4fw72 >> Start >> 2020-10-24 09:36:51.871938

j2tmfp4fw72 >> Image Returned >> 2020-10-24 09:36:51.874540

j2tmfp4fw72 >> End >> 2020-10-24 09:36:52.043917

g7y538m544o >> Start >> 2020-10-24 09:50:38.747272

g7y538m544o >> Image Returned >> 2020-10-24 09:50:38.749799

g7y538m544o >> End >> 2020-10-24 09:50:38.920793

dhvisj2h0xt >> Start >> 2020-10-24 09:56:03.260894

dhvisj2h0xt >> Image Returned >> 2020-10-24 09:56:03.263683

dhvisj2h0xt >> End >> 2020-10-24 09:56:03.436825

s2nmt8votdk >> Start >> 2020-10-24 10:00:26.476084

s2nmt8votdk >> Image Returned >> 2020-10-24 10:00:26.478708

s2nmt8votdk >> End >> 2020-10-24 10:00:26.659903

gq2i0bwybyk >> Start >> 2020-10-24 10:01:14.718045

gq2i0bwybyk >> Image Returned >> 2020-10-24 10:01:14.720536

gq2i0bwybyk >> End >> 2020-10-24 10:01:14.896766

nuu45qgrksp >> Start >> 2020-10-24 10:06:15.727981

nuu45qgrksp >> Image Returned >> 2020-10-24 10:06:15.731148

nuu45qgrksp >> End >> 2020-10-24 10:06:15.921530

vj3d82jsj5q >> Start >> 2020-10-24 10:18:57.790618

vj3d82jsj5q >> Image Returned >> 2020-10-24 10:18:57.793435

vj3d82jsj5q >> End >> 2020-10-24 10:18:57.973462

dwov320dd38 >> Start >> 2020-10-24 10:24:04.430897

dwov320dd38 >> Image Returned >> 2020-10-24 10:24:04.433465

dwov320dd38 >> End >> 2020-10-24 10:24:04.609292

sa0ogy8377u >> Start >> 2020-10-24 10:38:42.453366

sa0ogy8377u >> Image Returned >> 2020-10-24 10:38:42.456196

sa0ogy8377u >> End >> 2020-10-24 10:38:42.630950

6jv8dgkaj8u >> Start >> 2020-10-24 10:40:47.157529

6jv8dgkaj8u >> Image Returned >> 2020-10-24 10:40:47.160522

6jv8dgkaj8u >> End >> 2020-10-24 10:40:47.342788

ozghbq4f66z >> Start >> 2020-10-24 10:42:18.842437

ozghbq4f66z >> Image Returned >> 2020-10-24 10:42:18.845282

ozghbq4f66z >> End >> 2020-10-24 10:42:19.021569

ds8kkp4a5tr >> Start >> 2020-10-24 10:52:20.968817

ds8kkp4a5tr >> Image Returned >> 2020-10-24 10:52:20.971534

ds8kkp4a5tr >> End >> 2020-10-24 10:52:21.155900

43i4m7kf737 >> Start >> 2020-10-24 10:59:18.787074

43i4m7kf737 >> Image Returned >> 2020-10-24 10:59:18.789710

43i4m7kf737 >> End >> 2020-10-24 10:59:18.977904

g7vo3vvf6is >> Start >> 2020-10-24 10:59:31.326075

g7vo3vvf6is >> Image Returned >> 2020-10-24 10:59:31.328684

g7vo3vvf6is >> End >> 2020-10-24 10:59:31.512099

5smqjuy30ei >> Start >> 2020-10-24 10:59:34.998893

5smqjuy30ei >> Image Returned >> 2020-10-24 10:59:34.999169

5smqjuy30ei >> End >> 2020-10-24 10:59:35.176976

e5f2bykyyoh >> Start >> 2020-10-24 11:00:03.705470

e5f2bykyyoh >> Image Returned >> 2020-10-24 11:00:03.708206

e5f2bykyyoh >> End >> 2020-10-24 11:00:03.881407

og8d76was6a >> Start >> 2020-10-24 11:00:58.737235

og8d76was6a >> Image Returned >> 2020-10-24 11:00:58.739953

og8d76was6a >> End >> 2020-10-24 11:00:58.913717

gsfu6rpkffp >> Start >> 2020-10-24 11:01:19.490308

gsfu6rpkffp >> Image Returned >> 2020-10-24 11:01:19.493488

gsfu6rpkffp >> End >> 2020-10-24 11:01:19.662480

kbt65fpjb30 >> Start >> 2020-10-24 11:01:31.901309

kbt65fpjb30 >> Image Returned >> 2020-10-24 11:01:31.903882

kbt65fpjb30 >> End >> 2020-10-24 11:01:32.088309

cwj8aqnjbu6 >> Start >> 2020-10-24 11:01:51.172409

cwj8aqnjbu6 >> Image Returned >> 2020-10-24 11:01:51.174989

cwj8aqnjbu6 >> End >> 2020-10-24 11:01:51.361808

st3gfu3vsdf >> Start >> 2020-10-24 11:02:07.576039

st3gfu3vsdf >> Image Returned >> 2020-10-24 11:02:07.578646

st3gfu3vsdf >> End >> 2020-10-24 11:02:07.754628

bhkzyhs326w >> Start >> 2020-10-24 11:03:11.967406

bhkzyhs326w >> Image Returned >> 2020-10-24 11:03:11.969968

bhkzyhs326w >> End >> 2020-10-24 11:03:12.164506

zx8dpnuyzu4 >> Start >> 2020-10-24 11:03:24.134077

zx8dpnuyzu4 >> Image Returned >> 2020-10-24 11:03:24.137768

zx8dpnuyzu4 >> End >> 2020-10-24 11:03:24.344450

m276ha4wu7o >> Start >> 2020-10-24 11:03:41.243504

m276ha4wu7o >> Image Returned >> 2020-10-24 11:03:41.246138

m276ha4wu7o >> End >> 2020-10-24 11:03:41.424297

3ogiw3u4f4a >> Start >> 2020-10-24 11:04:35.864554

3ogiw3u4f4a >> Image Returned >> 2020-10-24 11:04:35.867348

3ogiw3u4f4a >> End >> 2020-10-24 11:04:36.067164

iusgr2gvqzo >> Start >> 2020-10-24 11:06:20.842339

iusgr2gvqzo >> Image Returned >> 2020-10-24 11:06:20.845041

iusgr2gvqzo >> End >> 2020-10-24 11:06:21.026783

iic5q6nppjj >> Start >> 2020-10-24 11:07:16.694982

iic5q6nppjj >> Image Returned >> 2020-10-24 11:07:16.697808

iic5q6nppjj >> End >> 2020-10-24 11:07:16.922177

k7aowktk46q >> Start >> 2020-10-24 11:08:42.289304

k7aowktk46q >> Image Returned >> 2020-10-24 11:08:42.292007

k7aowktk46q >> End >> 2020-10-24 11:08:42.483800

2rz2737453c >> Start >> 2020-10-24 11:08:52.092576

2rz2737453c >> Image Returned >> 2020-10-24 11:08:52.092839

2rz2737453c >> End >> 2020-10-24 11:08:52.281289

jg4gqigjnr0 >> Start >> 2020-10-24 11:09:15.787005

jg4gqigjnr0 >> Image Returned >> 2020-10-24 11:09:15.789645

jg4gqigjnr0 >> End >> 2020-10-24 11:09:15.960114

vx2oy0so2f8 >> Start >> 2020-10-24 11:10:21.788085

vx2oy0so2f8 >> Image Returned >> 2020-10-24 11:10:21.792510

vx2oy0so2f8 >> End >> 2020-10-24 11:10:21.976669

afpmhdjdm5t >> Start >> 2020-10-24 11:10:22.022154

afpmhdjdm5t >> Image Returned >> 2020-10-24 11:10:22.022413

afpmhdjdm5t >> End >> 2020-10-24 11:10:22.205002

w2tm2mqkkkq >> Start >> 2020-10-24 11:11:02.702214

w2tm2mqkkkq >> Image Returned >> 2020-10-24 11:11:02.704787

w2tm2mqkkkq >> End >> 2020-10-24 11:11:02.924679

tuiadqdtar4 >> Start >> 2020-10-24 11:12:01.788662

tuiadqdtar4 >> Image Returned >> 2020-10-24 11:12:01.791321

tuiadqdtar4 >> End >> 2020-10-24 11:12:01.969044

4hq67bwmwzj >> Start >> 2020-10-24 11:14:10.481054

4hq67bwmwzj >> Image Returned >> 2020-10-24 11:14:10.483881

4hq67bwmwzj >> End >> 2020-10-24 11:14:10.680185

405yumx8zro >> Start >> 2020-10-24 11:14:25.780524

405yumx8zro >> Image Returned >> 2020-10-24 11:14:25.783432

405yumx8zro >> End >> 2020-10-24 11:14:25.976248

7tsdkdzydbf >> Start >> 2020-10-24 11:14:26.383883

7tsdkdzydbf >> Image Returned >> 2020-10-24 11:14:26.384154

7tsdkdzydbf >> End >> 2020-10-24 11:14:26.576092

n6r6xwjjbv3 >> Start >> 2020-10-24 11:14:38.638600

n6r6xwjjbv3 >> Image Returned >> 2020-10-24 11:14:38.641175

n6r6xwjjbv3 >> End >> 2020-10-24 11:14:38.821702

y2sehsmki6t >> Start >> 2020-10-24 11:15:08.767407

y2sehsmki6t >> Image Returned >> 2020-10-24 11:15:08.770066

y2sehsmki6t >> End >> 2020-10-24 11:15:08.953639

t3vva82cp4y >> Start >> 2020-10-24 11:15:46.328526

t3vva82cp4y >> Image Returned >> 2020-10-24 11:15:46.331312

t3vva82cp4y >> End >> 2020-10-24 11:15:46.507200

kg6gybn2jw4 >> Start >> 2020-10-24 11:16:02.063169

kg6gybn2jw4 >> Image Returned >> 2020-10-24 11:16:02.065809

kg6gybn2jw4 >> End >> 2020-10-24 11:16:02.254120

jwkzo3jdz5v >> Start >> 2020-10-24 11:16:05.297512

jwkzo3jdz5v >> Image Returned >> 2020-10-24 11:16:05.297801

jwkzo3jdz5v >> End >> 2020-10-24 11:16:05.493025

tp87u3b3cfq >> Start >> 2020-10-24 11:17:09.762269

tp87u3b3cfq >> Image Returned >> 2020-10-24 11:17:09.766355

tp87u3b3cfq >> End >> 2020-10-24 11:17:09.957696

5bwho7dt2b3 >> Start >> 2020-10-24 11:17:51.297204

5bwho7dt2b3 >> Image Returned >> 2020-10-24 11:17:51.300064

5bwho7dt2b3 >> End >> 2020-10-24 11:17:51.477067

vk2npswwb2v >> Start >> 2020-10-24 11:18:21.502347

vk2npswwb2v >> Image Returned >> 2020-10-24 11:18:21.505218

vk2npswwb2v >> End >> 2020-10-24 11:18:21.685528

6kbyp0ks467 >> Start >> 2020-10-24 11:18:38.387870

6kbyp0ks467 >> Image Returned >> 2020-10-24 11:18:38.390516

6kbyp0ks467 >> End >> 2020-10-24 11:18:38.566632

kuwqm32s40q >> Start >> 2020-10-24 11:18:38.570327

kuwqm32s40q >> Image Returned >> 2020-10-24 11:18:38.570550

kuwqm32s40q >> End >> 2020-10-24 11:18:38.750579

axph2rf7vvt >> Start >> 2020-10-24 11:19:10.454104

axph2rf7vvt >> Image Returned >> 2020-10-24 11:19:10.458087

axph2rf7vvt >> End >> 2020-10-24 11:19:10.632107

uuzu02phq4u >> Start >> 2020-10-24 11:19:19.176111

uuzu02phq4u >> Image Returned >> 2020-10-24 11:19:19.176383

uuzu02phq4u >> End >> 2020-10-24 11:19:19.349216

sxfqqihmgfe >> Start >> 2020-10-24 11:19:23.267894

sxfqqihmgfe >> Image Returned >> 2020-10-24 11:19:23.268160

sxfqqihmgfe >> End >> 2020-10-24 11:19:23.450897

02n3yj6cg2d >> Start >> 2020-10-24 11:19:25.301198

02n3yj6cg2d >> Image Returned >> 2020-10-24 11:19:25.301496

02n3yj6cg2d >> End >> 2020-10-24 11:19:25.479451

p8mmsdavbjn >> Start >> 2020-10-24 11:19:33.939021

p8mmsdavbjn >> Image Returned >> 2020-10-24 11:19:33.939294

p8mmsdavbjn >> End >> 2020-10-24 11:19:34.120888

pch5jfi5dft >> Start >> 2020-10-24 11:20:01.352741

pch5jfi5dft >> Image Returned >> 2020-10-24 11:20:01.355470

pch5jfi5dft >> End >> 2020-10-24 11:20:01.535146

btz0dwkjxkp >> Start >> 2020-10-24 11:20:02.057838

btz0dwkjxkp >> Image Returned >> 2020-10-24 11:20:02.058120

btz0dwkjxkp >> End >> 2020-10-24 11:20:02.242849

e2wj4tafvw3 >> Start >> 2020-10-24 11:20:19.915191

e2wj4tafvw3 >> Image Returned >> 2020-10-24 11:20:19.917934

e2wj4tafvw3 >> End >> 2020-10-24 11:20:20.092904

s8eqmc2ay42 >> Start >> 2020-10-24 11:20:55.683348

s8eqmc2ay42 >> Image Returned >> 2020-10-24 11:20:55.686005

s8eqmc2ay42 >> End >> 2020-10-24 11:20:55.861183

vuz77kqr2pa >> Start >> 2020-10-24 11:21:02.720345

vuz77kqr2pa >> Image Returned >> 2020-10-24 11:21:02.720733

vuz77kqr2pa >> End >> 2020-10-24 11:21:02.900122

6imjfn7v2ns >> Start >> 2020-10-24 11:23:01.481743

6imjfn7v2ns >> Image Returned >> 2020-10-24 11:23:01.486891

6imjfn7v2ns >> End >> 2020-10-24 11:23:01.662544

hzppkqfwea6 >> Start >> 2020-10-24 11:23:19.554975

hzppkqfwea6 >> Image Returned >> 2020-10-24 11:23:19.557904

hzppkqfwea6 >> End >> 2020-10-24 11:23:20.112910

awijo0vz5tk >> Start >> 2020-10-24 11:23:20.232687

awijo0vz5tk >> Image Returned >> 2020-10-24 11:23:20.232989

awijo0vz5tk >> End >> 2020-10-24 11:23:20.795514

b3dct3oxnfb >> Start >> 2020-10-24 11:24:13.429209

b3dct3oxnfb >> Image Returned >> 2020-10-24 11:24:13.433446

b3dct3oxnfb >> End >> 2020-10-24 11:24:13.605664

cretg8gdb82 >> Start >> 2020-10-24 11:24:50.914094

cretg8gdb82 >> Image Returned >> 2020-10-24 11:24:50.917139

cretg8gdb82 >> End >> 2020-10-24 11:24:51.102937

04eemfo53bg >> Start >> 2020-10-24 11:25:10.506046

04eemfo53bg >> Image Returned >> 2020-10-24 11:25:10.508630

04eemfo53bg >> End >> 2020-10-24 11:25:10.694659

zsywfsak4pr >> Start >> 2020-10-24 11:26:14.021962

zsywfsak4pr >> Image Returned >> 2020-10-24 11:26:14.024626

zsywfsak4pr >> End >> 2020-10-24 11:26:14.207665

hj4wkztn2f7 >> Start >> 2020-10-24 11:28:15.283960

hj4wkztn2f7 >> Image Returned >> 2020-10-24 11:28:15.287662

hj4wkztn2f7 >> End >> 2020-10-24 11:28:15.472044

7055tg7vq2t >> Start >> 2020-10-24 11:28:20.672947

7055tg7vq2t >> Image Returned >> 2020-10-24 11:28:20.673247

7055tg7vq2t >> End >> 2020-10-24 11:28:20.860541

4xnjphnibe3 >> Start >> 2020-10-24 11:29:56.763145

4xnjphnibe3 >> Image Returned >> 2020-10-24 11:29:56.765934

4xnjphnibe3 >> End >> 2020-10-24 11:29:56.938416

akk243m2vse >> Start >> 2020-10-24 11:30:09.099030

akk243m2vse >> Image Returned >> 2020-10-24 11:30:09.101680

akk243m2vse >> End >> 2020-10-24 11:30:09.276439

zvchi4spjcx >> Start >> 2020-10-24 11:30:12.147365

zvchi4spjcx >> Image Returned >> 2020-10-24 11:30:12.147631

zvchi4spjcx >> End >> 2020-10-24 11:30:12.349215

hgd0jahx7ir >> Start >> 2020-10-24 11:30:12.409980

hgd0jahx7ir >> Image Returned >> 2020-10-24 11:30:12.410243

hgd0jahx7ir >> End >> 2020-10-24 11:30:12.588212

pmqniov6g8b >> Start >> 2020-10-24 11:30:41.446299

pmqniov6g8b >> Image Returned >> 2020-10-24 11:30:41.448998

pmqniov6g8b >> End >> 2020-10-24 11:30:41.620397

ruqu3a5tq7b >> Start >> 2020-10-24 11:32:12.794857

ruqu3a5tq7b >> Image Returned >> 2020-10-24 11:32:12.797739

ruqu3a5tq7b >> End >> 2020-10-24 11:32:12.976986

i0dbr73td8i >> Start >> 2020-10-24 11:33:15.061995

i0dbr73td8i >> Image Returned >> 2020-10-24 11:33:15.064681

i0dbr73td8i >> End >> 2020-10-24 11:33:15.248034

dodm0ni8vxd >> Start >> 2020-10-24 11:33:39.501535

dodm0ni8vxd >> Image Returned >> 2020-10-24 11:33:39.504385

dodm0ni8vxd >> End >> 2020-10-24 11:33:39.705321

b2ppodytkwq >> Start >> 2020-10-24 11:35:04.541933

b2ppodytkwq >> Image Returned >> 2020-10-24 11:35:04.544688

b2ppodytkwq >> End >> 2020-10-24 11:35:04.761801

28u5d6rihzz >> Start >> 2020-10-24 11:36:44.372977

28u5d6rihzz >> Image Returned >> 2020-10-24 11:36:44.375746

28u5d6rihzz >> End >> 2020-10-24 11:36:44.547957

i2e6ubgvmri >> Start >> 2020-10-24 11:36:49.977385

i2e6ubgvmri >> Image Returned >> 2020-10-24 11:36:49.977665

i2e6ubgvmri >> End >> 2020-10-24 11:36:50.148968

euu2vkbvqno >> Start >> 2020-10-24 11:37:47.311098

euu2vkbvqno >> Image Returned >> 2020-10-24 11:37:47.313752

euu2vkbvqno >> End >> 2020-10-24 11:37:47.499452

itofsq0v2oy >> Start >> 2020-10-24 11:38:01.245310

itofsq0v2oy >> Image Returned >> 2020-10-24 11:38:01.247982

itofsq0v2oy >> End >> 2020-10-24 11:38:01.422380

45e3md4x3h2 >> Start >> 2020-10-24 11:40:06.312145

45e3md4x3h2 >> Image Returned >> 2020-10-24 11:40:06.314769

45e3md4x3h2 >> End >> 2020-10-24 11:40:06.497184

u4ejnf2cpjd >> Start >> 2020-10-24 11:40:42.135374

u4ejnf2cpjd >> Image Returned >> 2020-10-24 11:40:42.138540

u4ejnf2cpjd >> End >> 2020-10-24 11:40:42.308665

m8kfyobukr6 >> Start >> 2020-10-24 11:41:28.280386

m8kfyobukr6 >> Image Returned >> 2020-10-24 11:41:28.283251

m8kfyobukr6 >> End >> 2020-10-24 11:41:28.611792

tuj4tngrnbg >> Start >> 2020-10-24 11:44:42.903407

tuj4tngrnbg >> Image Returned >> 2020-10-24 11:44:42.906173

tuj4tngrnbg >> End >> 2020-10-24 11:44:43.080957

hs4nur4v6mk >> Start >> 2020-10-24 11:46:40.980371

hs4nur4v6mk >> Image Returned >> 2020-10-24 11:46:40.983351

hs4nur4v6mk >> End >> 2020-10-24 11:46:41.165333

ro3vnnovgws >> Start >> 2020-10-24 11:49:20.580709

ro3vnnovgws >> Image Returned >> 2020-10-24 11:49:20.583682

ro3vnnovgws >> End >> 2020-10-24 11:49:20.758678

mqcjaefcmou >> Start >> 2020-10-24 11:54:09.816788

mqcjaefcmou >> Image Returned >> 2020-10-24 11:54:09.819458

mqcjaefcmou >> End >> 2020-10-24 11:54:09.991931

d6cspwukn8m >> Start >> 2020-10-24 11:56:59.717503

d6cspwukn8m >> Image Returned >> 2020-10-24 11:56:59.720626

d6cspwukn8m >> End >> 2020-10-24 11:56:59.919065

s5g8fsfzryo >> Start >> 2020-10-24 11:57:01.819839

s5g8fsfzryo >> Image Returned >> 2020-10-24 11:57:01.820095

s5g8fsfzryo >> End >> 2020-10-24 11:57:01.996334

rzzw38m83fc >> Start >> 2020-10-24 11:57:14.240565

rzzw38m83fc >> Image Returned >> 2020-10-24 11:57:14.243247

rzzw38m83fc >> End >> 2020-10-24 11:57:14.435461

mztctdrakca >> Start >> 2020-10-24 11:57:40.795770

mztctdrakca >> Image Returned >> 2020-10-24 11:57:40.798521

mztctdrakca >> End >> 2020-10-24 11:57:40.969391

uoim2767ama >> Start >> 2020-10-24 11:58:55.255059

uoim2767ama >> Image Returned >> 2020-10-24 11:58:55.257894

uoim2767ama >> End >> 2020-10-24 11:58:55.432995

u3gdwnyk840 >> Start >> 2020-10-24 12:01:30.695638

u3gdwnyk840 >> Image Returned >> 2020-10-24 12:01:30.698506

u3gdwnyk840 >> End >> 2020-10-24 12:01:30.943438

drbbew0w7wb >> Start >> 2020-10-24 12:01:42.465241

drbbew0w7wb >> Image Returned >> 2020-10-24 12:01:42.468033

drbbew0w7wb >> End >> 2020-10-24 12:01:42.724752

63m2m7rchp2 >> Start >> 2020-10-24 12:02:50.033377

63m2m7rchp2 >> Image Returned >> 2020-10-24 12:02:50.036145

63m2m7rchp2 >> End >> 2020-10-24 12:02:50.270368

hyvicmifmxw >> Start >> 2020-10-24 12:02:56.503256

hyvicmifmxw >> Image Returned >> 2020-10-24 12:02:56.503523

hyvicmifmxw >> End >> 2020-10-24 12:02:56.681631

0i6qbsr4awk >> Start >> 2020-10-24 12:06:20.950108

0i6qbsr4awk >> Image Returned >> 2020-10-24 12:06:20.953114

0i6qbsr4awk >> End >> 2020-10-24 12:06:21.133543

jgpwm7cbxja >> Start >> 2020-10-24 12:07:15.871788

jgpwm7cbxja >> Image Returned >> 2020-10-24 12:07:15.874454

jgpwm7cbxja >> End >> 2020-10-24 12:07:16.070962

vn6vncqkj0c >> Start >> 2020-10-24 12:09:05.626347

vn6vncqkj0c >> Image Returned >> 2020-10-24 12:09:05.629175

vn6vncqkj0c >> End >> 2020-10-24 12:09:05.812203

c5vxb5i5fbg >> Start >> 2020-10-24 12:10:26.830533

c5vxb5i5fbg >> Image Returned >> 2020-10-24 12:10:26.833350

c5vxb5i5fbg >> End >> 2020-10-24 12:10:27.012588

bg2mb234qbe >> Start >> 2020-10-24 12:12:48.676384

bg2mb234qbe >> Image Returned >> 2020-10-24 12:12:48.679578

bg2mb234qbe >> End >> 2020-10-24 12:12:48.866342

04dt7yipi6i >> Start >> 2020-10-24 12:15:35.602068

04dt7yipi6i >> Image Returned >> 2020-10-24 12:15:35.605230

04dt7yipi6i >> End >> 2020-10-24 12:15:35.829675

tkrcwi4no2c >> Start >> 2020-10-24 12:17:22.657170

tkrcwi4no2c >> Image Returned >> 2020-10-24 12:17:22.660418

tkrcwi4no2c >> End >> 2020-10-24 12:17:22.837008

szcej5bptpr >> Start >> 2020-10-24 12:17:33.341739

szcej5bptpr >> Image Returned >> 2020-10-24 12:17:33.342134

szcej5bptpr >> End >> 2020-10-24 12:17:33.513200

vhpggeut3vc >> Start >> 2020-10-24 12:19:32.540039

vhpggeut3vc >> Image Returned >> 2020-10-24 12:19:32.542952

vhpggeut3vc >> End >> 2020-10-24 12:19:32.725999

jj3ofjvvt80 >> Start >> 2020-10-24 12:19:43.666433

jj3ofjvvt80 >> Image Returned >> 2020-10-24 12:19:43.666847

jj3ofjvvt80 >> End >> 2020-10-24 12:19:43.845442

g4q78thkcd3 >> Start >> 2020-10-24 12:20:18.146356

g4q78thkcd3 >> Image Returned >> 2020-10-24 12:20:18.149305

g4q78thkcd3 >> End >> 2020-10-24 12:20:18.327639

b8ediiujuy3 >> Start >> 2020-10-24 12:20:52.183228

b8ediiujuy3 >> Image Returned >> 2020-10-24 12:20:52.185882

b8ediiujuy3 >> End >> 2020-10-24 12:20:52.374788

4rh2xor4hma >> Start >> 2020-10-24 12:21:57.014059

4rh2xor4hma >> Image Returned >> 2020-10-24 12:21:57.016766

4rh2xor4hma >> End >> 2020-10-24 12:21:57.199603

2ebsgigqnhv >> Start >> 2020-10-24 12:23:15.583450

2ebsgigqnhv >> Image Returned >> 2020-10-24 12:23:15.586283

2ebsgigqnhv >> End >> 2020-10-24 12:23:15.766664

zaecd27cfvy >> Start >> 2020-10-24 12:23:40.552242

zaecd27cfvy >> Image Returned >> 2020-10-24 12:23:40.555049

zaecd27cfvy >> End >> 2020-10-24 12:23:40.737323

urvca60wv70 >> Start >> 2020-10-24 12:24:14.373574

urvca60wv70 >> Image Returned >> 2020-10-24 12:24:14.377721

urvca60wv70 >> End >> 2020-10-24 12:24:14.581897

p6eybv5kud2 >> Start >> 2020-10-24 12:25:06.965672

p6eybv5kud2 >> Image Returned >> 2020-10-24 12:25:06.968619

p6eybv5kud2 >> End >> 2020-10-24 12:25:07.145493

cuosrwh32xn >> Start >> 2020-10-24 12:25:26.569092

cuosrwh32xn >> Image Returned >> 2020-10-24 12:25:26.572794

cuosrwh32xn >> End >> 2020-10-24 12:25:26.758008

payjoj64b7z >> Start >> 2020-10-24 12:25:55.728247

payjoj64b7z >> Image Returned >> 2020-10-24 12:25:55.730895

payjoj64b7z >> End >> 2020-10-24 12:25:55.913126

65qvtbojw67 >> Start >> 2020-10-24 12:26:36.131439

65qvtbojw67 >> Image Returned >> 2020-10-24 12:26:36.134280

65qvtbojw67 >> End >> 2020-10-24 12:26:36.321818

7hczvk3423r >> Start >> 2020-10-24 12:26:44.912792

7hczvk3423r >> Image Returned >> 2020-10-24 12:26:44.913072

7hczvk3423r >> End >> 2020-10-24 12:26:45.094696

gxbi5yvp6fd >> Start >> 2020-10-24 12:36:27.751307

gxbi5yvp6fd >> Image Returned >> 2020-10-24 12:36:27.754633

gxbi5yvp6fd >> End >> 2020-10-24 12:36:27.940227

2d2ofs56f8q >> Start >> 2020-10-24 12:38:11.189209

2d2ofs56f8q >> Image Returned >> 2020-10-24 12:38:11.191857

2d2ofs56f8q >> End >> 2020-10-24 12:38:11.369069

0xzgpdv63hy >> Start >> 2020-10-24 12:44:07.509613

0xzgpdv63hy >> Image Returned >> 2020-10-24 12:44:07.512682

0xzgpdv63hy >> End >> 2020-10-24 12:44:07.694425

thhs2owrxya >> Start >> 2020-10-24 12:52:14.395476

thhs2owrxya >> Image Returned >> 2020-10-24 12:52:14.398617

thhs2owrxya >> End >> 2020-10-24 12:52:14.583185

8cu3nszcpby >> Start >> 2020-10-24 12:57:57.468317

8cu3nszcpby >> Image Returned >> 2020-10-24 12:57:57.472048

8cu3nszcpby >> End >> 2020-10-24 12:57:57.662133

dx7eagowk55 >> Start >> 2020-10-24 12:59:07.134288

dx7eagowk55 >> Image Returned >> 2020-10-24 12:59:07.138860

dx7eagowk55 >> End >> 2020-10-24 12:59:07.326205

zxfq30v4i5w >> Start >> 2020-10-24 12:59:20.952472

zxfq30v4i5w >> Image Returned >> 2020-10-24 12:59:20.955462

zxfq30v4i5w >> End >> 2020-10-24 12:59:21.137955

sexivkw005d >> Start >> 2020-10-24 12:59:21.254869

sexivkw005d >> Image Returned >> 2020-10-24 12:59:21.255175

sexivkw005d >> End >> 2020-10-24 12:59:21.446316

bhowicgvkzi >> Start >> 2020-10-24 13:01:02.512322

bhowicgvkzi >> Image Returned >> 2020-10-24 13:01:02.514827

bhowicgvkzi >> End >> 2020-10-24 13:01:02.692646

cqnn2hs6af8 >> Start >> 2020-10-24 13:01:14.442025

cqnn2hs6af8 >> Image Returned >> 2020-10-24 13:01:14.444689

cqnn2hs6af8 >> End >> 2020-10-24 13:01:14.570672

d3drxi75se8 >> Start >> 2020-10-24 13:03:24.318921

d3drxi75se8 >> Image Returned >> 2020-10-24 13:03:24.322247

d3drxi75se8 >> End >> 2020-10-24 13:03:24.513319

4mebhpga3sz >> Start >> 2020-10-24 13:06:07.141860

4mebhpga3sz >> Image Returned >> 2020-10-24 13:06:07.144737

4mebhpga3sz >> End >> 2020-10-24 13:06:07.323255

4owsocy2f3o >> Start >> 2020-10-24 13:07:59.015000

4owsocy2f3o >> Image Returned >> 2020-10-24 13:07:59.017993

4owsocy2f3o >> End >> 2020-10-24 13:07:59.195997

cvv6c8ppx3q >> Start >> 2020-10-24 13:12:55.537164

cvv6c8ppx3q >> Image Returned >> 2020-10-24 13:12:55.539966

cvv6c8ppx3q >> End >> 2020-10-24 13:12:55.781620

7bguzerwjnw >> Start >> 2020-10-24 13:15:47.896033

7bguzerwjnw >> Image Returned >> 2020-10-24 13:15:47.899059

7bguzerwjnw >> End >> 2020-10-24 13:15:48.084795

ucyug3uhjrn >> Start >> 2020-10-24 13:15:51.853976

ucyug3uhjrn >> Image Returned >> 2020-10-24 13:15:51.854242

ucyug3uhjrn >> End >> 2020-10-24 13:15:51.977818

5ye2w5wthad >> Start >> 2020-10-24 13:20:30.169157

5ye2w5wthad >> Image Returned >> 2020-10-24 13:20:30.172380

5ye2w5wthad >> End >> 2020-10-24 13:20:30.363305

pf6xh4w5k3y >> Start >> 2020-10-24 13:22:18.468311

pf6xh4w5k3y >> Image Returned >> 2020-10-24 13:22:18.471172

pf6xh4w5k3y >> End >> 2020-10-24 13:22:18.710783

gu4du3a6ea6 >> Start >> 2020-10-24 13:22:57.395658

gu4du3a6ea6 >> Image Returned >> 2020-10-24 13:22:57.398545

gu4du3a6ea6 >> End >> 2020-10-24 13:22:57.601933

y5qk6cvrf8b >> Start >> 2020-10-24 13:22:58.327380

y5qk6cvrf8b >> Image Returned >> 2020-10-24 13:22:58.327666

y5qk6cvrf8b >> End >> 2020-10-24 13:22:58.531285

ffyqkvf8pof >> Start >> 2020-10-24 13:23:02.206908

ffyqkvf8pof >> Image Returned >> 2020-10-24 13:23:02.207175

ffyqkvf8pof >> End >> 2020-10-24 13:23:02.421793

3pj5ye7owg6 >> Start >> 2020-10-24 13:27:05.778486

3pj5ye7owg6 >> Image Returned >> 2020-10-24 13:27:05.782157

3pj5ye7owg6 >> End >> 2020-10-24 13:27:05.981254

qgsrazmj7zt >> Start >> 2020-10-24 13:28:11.050595

qgsrazmj7zt >> Image Returned >> 2020-10-24 13:28:11.053482

qgsrazmj7zt >> End >> 2020-10-24 13:28:11.236255

vozj5v8v7d2 >> Start >> 2020-10-24 13:28:34.283483

vozj5v8v7d2 >> Image Returned >> 2020-10-24 13:28:34.287372

vozj5v8v7d2 >> End >> 2020-10-24 13:28:34.476067

cctaiferm4s >> Start >> 2020-10-24 13:29:47.659132

cctaiferm4s >> Image Returned >> 2020-10-24 13:29:47.661943

cctaiferm4s >> End >> 2020-10-24 13:29:47.842219

tphvz2n40o6 >> Start >> 2020-10-24 13:34:36.006803

tphvz2n40o6 >> Image Returned >> 2020-10-24 13:34:36.009972

tphvz2n40o6 >> End >> 2020-10-24 13:34:36.223929

umymgmmhnqq >> Start >> 2020-10-24 13:36:40.294047

umymgmmhnqq >> Image Returned >> 2020-10-24 13:36:40.298074

umymgmmhnqq >> End >> 2020-10-24 13:36:40.476675

mp3dp54knxk >> Start >> 2020-10-24 13:39:28.654023

mp3dp54knxk >> Image Returned >> 2020-10-24 13:39:28.657072

mp3dp54knxk >> End >> 2020-10-24 13:39:28.829976

2kqq5wroksb >> Start >> 2020-10-24 13:45:37.988993

2kqq5wroksb >> Image Returned >> 2020-10-24 13:45:37.992834

2kqq5wroksb >> End >> 2020-10-24 13:45:38.186080

8vx4n2btt5m >> Start >> 2020-10-24 13:49:44.936781

8vx4n2btt5m >> Image Returned >> 2020-10-24 13:49:44.941318

8vx4n2btt5m >> End >> 2020-10-24 13:49:45.121828

0fksutkcj2j >> Start >> 2020-10-24 13:50:29.447910

0fksutkcj2j >> Image Returned >> 2020-10-24 13:50:29.450800

0fksutkcj2j >> End >> 2020-10-24 13:50:29.632177

s5r7nvhigg2 >> Start >> 2020-10-24 13:52:56.811598

s5r7nvhigg2 >> Image Returned >> 2020-10-24 13:52:56.814702

s5r7nvhigg2 >> End >> 2020-10-24 13:52:57.005392

sbihffu6kkm >> Start >> 2020-10-24 14:12:51.116636

sbihffu6kkm >> Image Returned >> 2020-10-24 14:12:51.119985

sbihffu6kkm >> End >> 2020-10-24 14:12:51.346471

0gc7d2mgaju >> Start >> 2020-10-24 14:16:36.602663

0gc7d2mgaju >> Image Returned >> 2020-10-24 14:16:36.605611

0gc7d2mgaju >> End >> 2020-10-24 14:16:36.784729

nzci0um0bbi >> Start >> 2020-10-24 14:20:40.441613

nzci0um0bbi >> Image Returned >> 2020-10-24 14:20:40.444972

nzci0um0bbi >> End >> 2020-10-24 14:20:40.625669

u3hb8oi74ub >> Start >> 2020-10-24 14:37:21.868134

u3hb8oi74ub >> Image Returned >> 2020-10-24 14:37:21.870992

u3hb8oi74ub >> End >> 2020-10-24 14:37:22.055394

j5og427fuyf >> Start >> 2020-10-24 14:37:42.318017

j5og427fuyf >> Image Returned >> 2020-10-24 14:37:42.320911

j5og427fuyf >> End >> 2020-10-24 14:37:42.449635

te5wixytf47 >> Start >> 2020-10-24 14:39:48.028394

te5wixytf47 >> Image Returned >> 2020-10-24 14:39:48.031369

te5wixytf47 >> End >> 2020-10-24 14:39:48.205621

nu82ee0n8fw >> Start >> 2020-10-24 14:50:58.212631

nu82ee0n8fw >> Image Returned >> 2020-10-24 14:50:58.215823

nu82ee0n8fw >> End >> 2020-10-24 14:50:58.402996

a0oud5a0n6j >> Start >> 2020-10-24 14:53:35.761141

a0oud5a0n6j >> Image Returned >> 2020-10-24 14:53:35.764282

a0oud5a0n6j >> End >> 2020-10-24 14:53:35.946305

mfkchpfqeup >> Start >> 2020-10-24 14:53:43.437051

mfkchpfqeup >> Image Returned >> 2020-10-24 14:53:43.437351

mfkchpfqeup >> End >> 2020-10-24 14:53:43.610799

f80j3rrghph >> Start >> 2020-10-24 14:53:49.769012

f80j3rrghph >> Image Returned >> 2020-10-24 14:53:49.769305

f80j3rrghph >> End >> 2020-10-24 14:53:49.941210

ssnt22d6vjk >> Start >> 2020-10-24 14:54:30.078613

ssnt22d6vjk >> Image Returned >> 2020-10-24 14:54:30.082964

ssnt22d6vjk >> End >> 2020-10-24 14:54:30.291927

z6jwgcmfjdr >> Start >> 2020-10-24 14:54:51.513221

z6jwgcmfjdr >> Image Returned >> 2020-10-24 14:54:51.516252

z6jwgcmfjdr >> End >> 2020-10-24 14:54:51.707483

wg0rgobtzax >> Start >> 2020-10-24 14:56:57.284302

wg0rgobtzax >> Image Returned >> 2020-10-24 14:56:57.287368

wg0rgobtzax >> End >> 2020-10-24 14:56:57.514214

a42bjwjctzm >> Start >> 2020-10-24 15:04:08.425556

a42bjwjctzm >> Image Returned >> 2020-10-24 15:04:08.428527

a42bjwjctzm >> End >> 2020-10-24 15:04:08.600455

txgpwiq8hpn >> Start >> 2020-10-24 15:05:25.113476

txgpwiq8hpn >> Image Returned >> 2020-10-24 15:05:25.117551

txgpwiq8hpn >> End >> 2020-10-24 15:05:25.245935

8va0ktez7su >> Start >> 2020-10-24 15:09:03.402867

8va0ktez7su >> Image Returned >> 2020-10-24 15:09:03.405637

8va0ktez7su >> End >> 2020-10-24 15:09:03.592732

inqumkafbif >> Start >> 2020-10-24 15:09:30.030538

inqumkafbif >> Image Returned >> 2020-10-24 15:09:30.035620

inqumkafbif >> End >> 2020-10-24 15:09:30.217726

r0wbhw3k676 >> Start >> 2020-10-24 15:11:18.637449

r0wbhw3k676 >> Image Returned >> 2020-10-24 15:11:18.640563

r0wbhw3k676 >> End >> 2020-10-24 15:11:18.817955

xxiqabowbhv >> Start >> 2020-10-24 15:16:55.230272

xxiqabowbhv >> Image Returned >> 2020-10-24 15:16:55.234966

xxiqabowbhv >> End >> 2020-10-24 15:16:55.416701

yihkdo0kqwn >> Start >> 2020-10-24 15:17:26.601906

yihkdo0kqwn >> Image Returned >> 2020-10-24 15:17:26.605246

yihkdo0kqwn >> End >> 2020-10-24 15:17:26.805644

bfjyqx5mt8k >> Start >> 2020-10-24 15:18:27.329441

bfjyqx5mt8k >> Image Returned >> 2020-10-24 15:18:27.332580

bfjyqx5mt8k >> End >> 2020-10-24 15:18:27.522291

ws5wiyn54f3 >> Start >> 2020-10-24 15:18:37.487632

ws5wiyn54f3 >> Image Returned >> 2020-10-24 15:18:37.487915

ws5wiyn54f3 >> End >> 2020-10-24 15:18:37.683593

p076pet0q8y >> Start >> 2020-10-24 15:18:55.948296

p076pet0q8y >> Image Returned >> 2020-10-24 15:18:55.951246

p076pet0q8y >> End >> 2020-10-24 15:18:56.147455

kyzmj33fax8 >> Start >> 2020-10-24 15:22:25.027101

kyzmj33fax8 >> Image Returned >> 2020-10-24 15:22:25.030818

kyzmj33fax8 >> End >> 2020-10-24 15:22:25.230832

wytghqxsd08 >> Start >> 2020-10-24 15:29:14.829171

wytghqxsd08 >> Image Returned >> 2020-10-24 15:29:14.832441

wytghqxsd08 >> End >> 2020-10-24 15:29:15.024823

qbmg3y47d0y >> Start >> 2020-10-24 15:29:35.320249

qbmg3y47d0y >> Image Returned >> 2020-10-24 15:29:35.323389

qbmg3y47d0y >> End >> 2020-10-24 15:29:35.510248

pdt24byxfqj >> Start >> 2020-10-24 15:31:58.124440

pdt24byxfqj >> Image Returned >> 2020-10-24 15:31:58.127690

pdt24byxfqj >> End >> 2020-10-24 15:31:58.328087

nrk2fcfwcde >> Start >> 2020-10-24 15:35:31.389519

nrk2fcfwcde >> Image Returned >> 2020-10-24 15:35:31.393311

nrk2fcfwcde >> End >> 2020-10-24 15:35:31.586539

rr78cvz78dn >> Start >> 2020-10-24 15:42:57.410691

rr78cvz78dn >> Image Returned >> 2020-10-24 15:42:57.413774

rr78cvz78dn >> End >> 2020-10-24 15:42:57.601371

zjgusq6smzc >> Start >> 2020-10-24 15:43:37.376302

zjgusq6smzc >> Image Returned >> 2020-10-24 15:43:37.379678

zjgusq6smzc >> End >> 2020-10-24 15:43:37.561768

n2y8reavjn7 >> Start >> 2020-10-24 15:50:08.708111

n2y8reavjn7 >> Image Returned >> 2020-10-24 15:50:08.712654

n2y8reavjn7 >> End >> 2020-10-24 15:50:08.906254

zhwi5g2wn63 >> Start >> 2020-10-24 15:51:57.922885

zhwi5g2wn63 >> Image Returned >> 2020-10-24 15:51:57.926466

zhwi5g2wn63 >> End >> 2020-10-24 15:51:58.112524

n42ekb54eat >> Start >> 2020-10-24 15:52:35.662296

n42ekb54eat >> Image Returned >> 2020-10-24 15:52:35.666022

n42ekb54eat >> End >> 2020-10-24 15:52:35.859271

q6skgxfqoix >> Start >> 2020-10-24 15:59:02.199660

q6skgxfqoix >> Image Returned >> 2020-10-24 15:59:02.202539

q6skgxfqoix >> End >> 2020-10-24 15:59:02.396070

vzpkvjz5j3c >> Start >> 2020-10-24 16:02:13.839112

vzpkvjz5j3c >> Image Returned >> 2020-10-24 16:02:13.842199

vzpkvjz5j3c >> End >> 2020-10-24 16:02:14.019457

tn5i5ibdksy >> Start >> 2020-10-24 16:02:21.076590

tn5i5ibdksy >> Image Returned >> 2020-10-24 16:02:21.076910

tn5i5ibdksy >> End >> 2020-10-24 16:02:21.258352

ihhfa6pkxv8 >> Start >> 2020-10-24 16:03:52.261223

ihhfa6pkxv8 >> Image Returned >> 2020-10-24 16:03:52.264471

ihhfa6pkxv8 >> End >> 2020-10-24 16:03:52.456345

odb3oaqeyfn >> Start >> 2020-10-24 16:04:11.031610

odb3oaqeyfn >> Image Returned >> 2020-10-24 16:04:11.034998

odb3oaqeyfn >> End >> 2020-10-24 16:04:11.236948

oikb2gsnmyc >> Start >> 2020-10-24 16:11:07.490087

oikb2gsnmyc >> Image Returned >> 2020-10-24 16:11:07.493374

oikb2gsnmyc >> End >> 2020-10-24 16:11:07.691273

bvj3hufpnh8 >> Start >> 2020-10-24 16:12:05.778800

bvj3hufpnh8 >> Image Returned >> 2020-10-24 16:12:05.782473

bvj3hufpnh8 >> End >> 2020-10-24 16:12:05.975313

x806im7z6dt >> Start >> 2020-10-24 16:12:17.674192

x806im7z6dt >> Image Returned >> 2020-10-24 16:12:17.677057

x806im7z6dt >> End >> 2020-10-24 16:12:17.861325

efj52w6kf2g >> Start >> 2020-10-24 16:13:18.838489

efj52w6kf2g >> Image Returned >> 2020-10-24 16:13:18.841471

efj52w6kf2g >> End >> 2020-10-24 16:13:19.035068

kz8ehceazk3 >> Start >> 2020-10-24 16:16:19.230035

kz8ehceazk3 >> Image Returned >> 2020-10-24 16:16:19.232942

kz8ehceazk3 >> End >> 2020-10-24 16:16:19.420291

djqkq4s4gmg >> Start >> 2020-10-24 16:18:38.842295

djqkq4s4gmg >> Image Returned >> 2020-10-24 16:18:38.846278

djqkq4s4gmg >> End >> 2020-10-24 16:18:39.021332

f6swpbbmjxu >> Start >> 2020-10-24 16:18:58.100600

f6swpbbmjxu >> Image Returned >> 2020-10-24 16:18:58.103408

f6swpbbmjxu >> End >> 2020-10-24 16:18:58.280652

hhaz3biws38 >> Start >> 2020-10-24 16:19:03.832772

hhaz3biws38 >> Image Returned >> 2020-10-24 16:19:03.833133

hhaz3biws38 >> End >> 2020-10-24 16:19:04.004937

i5ieercoh3z >> Start >> 2020-10-24 16:20:15.464808

i5ieercoh3z >> Image Returned >> 2020-10-24 16:20:15.467987

i5ieercoh3z >> End >> 2020-10-24 16:20:15.651712

uhheckbaebx >> Start >> 2020-10-24 16:25:31.338181

uhheckbaebx >> Image Returned >> 2020-10-24 16:25:31.341739

uhheckbaebx >> End >> 2020-10-24 16:25:31.527065

wys0zp5vdsh >> Start >> 2020-10-24 16:26:54.250757

wys0zp5vdsh >> Image Returned >> 2020-10-24 16:26:54.253967

wys0zp5vdsh >> End >> 2020-10-24 16:26:54.433424

kzzuoeo25j3 >> Start >> 2020-10-24 16:30:35.197688

kzzuoeo25j3 >> Image Returned >> 2020-10-24 16:30:35.201179

kzzuoeo25j3 >> End >> 2020-10-24 16:30:35.383936

xvmz8y3g2c3 >> Start >> 2020-10-24 16:35:28.185748

xvmz8y3g2c3 >> Image Returned >> 2020-10-24 16:35:28.189254

xvmz8y3g2c3 >> End >> 2020-10-24 16:35:28.365294

jz7tz3qmpp6 >> Start >> 2020-10-24 16:35:45.828537

jz7tz3qmpp6 >> Image Returned >> 2020-10-24 16:35:45.831377

jz7tz3qmpp6 >> End >> 2020-10-24 16:35:46.024302

mjbs8bc8yeo >> Start >> 2020-10-24 16:36:13.322602

mjbs8bc8yeo >> Image Returned >> 2020-10-24 16:36:13.326817

mjbs8bc8yeo >> End >> 2020-10-24 16:36:13.560235

3k6ydfw7hix >> Start >> 2020-10-24 16:36:36.768119

3k6ydfw7hix >> Image Returned >> 2020-10-24 16:36:36.771298

3k6ydfw7hix >> End >> 2020-10-24 16:36:36.953470

oxafwjjg5p7 >> Start >> 2020-10-24 16:37:45.659291

oxafwjjg5p7 >> Image Returned >> 2020-10-24 16:37:45.662537

oxafwjjg5p7 >> End >> 2020-10-24 16:37:45.841825

rvi8m2sysmf >> Start >> 2020-10-24 16:38:03.774643

rvi8m2sysmf >> Image Returned >> 2020-10-24 16:38:03.777962

rvi8m2sysmf >> End >> 2020-10-24 16:38:03.965955

q3m3mgm0m7k >> Start >> 2020-10-24 16:38:04.078165

q3m3mgm0m7k >> Image Returned >> 2020-10-24 16:38:04.078435

q3m3mgm0m7k >> End >> 2020-10-24 16:38:04.268637

5bk3t82e85a >> Start >> 2020-10-24 16:39:18.354357

5bk3t82e85a >> Image Returned >> 2020-10-24 16:39:18.357614

5bk3t82e85a >> End >> 2020-10-24 16:39:18.552684

84ur3haepoj >> Start >> 2020-10-24 16:49:22.971793

84ur3haepoj >> Image Returned >> 2020-10-24 16:49:22.974797

84ur3haepoj >> End >> 2020-10-24 16:49:23.153966

7ecth7q56w2 >> Start >> 2020-10-24 16:58:21.315618

7ecth7q56w2 >> Image Returned >> 2020-10-24 16:58:21.319588

7ecth7q56w2 >> End >> 2020-10-24 16:58:21.500482

pizaagqwuss >> Start >> 2020-10-24 17:00:33.825520

pizaagqwuss >> Image Returned >> 2020-10-24 17:00:33.828708

pizaagqwuss >> End >> 2020-10-24 17:00:34.005603

j7q2ariti3o >> Start >> 2020-10-24 17:03:38.407608

j7q2ariti3o >> Image Returned >> 2020-10-24 17:03:38.411313

j7q2ariti3o >> End >> 2020-10-24 17:03:38.617439

tbweay7q45z >> Start >> 2020-10-24 17:09:29.018488

tbweay7q45z >> Image Returned >> 2020-10-24 17:09:29.021930

tbweay7q45z >> End >> 2020-10-24 17:09:29.206171

gd2mpx0zxzc >> Start >> 2020-10-24 17:09:31.796471

gd2mpx0zxzc >> Image Returned >> 2020-10-24 17:09:31.796741

gd2mpx0zxzc >> End >> 2020-10-24 17:09:31.978044

mu3qgsjs8gd >> Start >> 2020-10-24 17:19:41.919680

mu3qgsjs8gd >> Image Returned >> 2020-10-24 17:19:41.922393

mu3qgsjs8gd >> End >> 2020-10-24 17:19:42.111134

i8a2v2s550f >> Start >> 2020-10-24 17:24:56.397964

i8a2v2s550f >> Image Returned >> 2020-10-24 17:24:56.400717

i8a2v2s550f >> End >> 2020-10-24 17:24:56.576175

qze6fkghoq8 >> Start >> 2020-10-24 17:26:03.549664

qze6fkghoq8 >> Image Returned >> 2020-10-24 17:26:03.552249

qze6fkghoq8 >> End >> 2020-10-24 17:26:03.735155

j2rudmcvxa6 >> Start >> 2020-10-24 17:45:51.601649

j2rudmcvxa6 >> Image Returned >> 2020-10-24 17:45:51.604583

j2rudmcvxa6 >> End >> 2020-10-24 17:45:51.791979

yj2o5wtsdmx >> Start >> 2020-10-24 17:46:49.099083

yj2o5wtsdmx >> Image Returned >> 2020-10-24 17:46:49.101850

yj2o5wtsdmx >> End >> 2020-10-24 17:46:49.310750

202ew6jvjij >> Start >> 2020-10-24 17:57:24.974581

202ew6jvjij >> Image Returned >> 2020-10-24 17:57:24.977236

202ew6jvjij >> End >> 2020-10-24 17:57:25.149008

3jv724pyzz8 >> Start >> 2020-10-24 17:57:31.641443

3jv724pyzz8 >> Image Returned >> 2020-10-24 17:57:31.641731

3jv724pyzz8 >> End >> 2020-10-24 17:57:31.816533

7md2pikw55r >> Start >> 2020-10-24 17:57:31.877724

7md2pikw55r >> Image Returned >> 2020-10-24 17:57:31.878002

7md2pikw55r >> End >> 2020-10-24 17:57:32.054032

y7dnpg6wuux >> Start >> 2020-10-24 18:03:18.409641

y7dnpg6wuux >> Image Returned >> 2020-10-24 18:03:18.412314

y7dnpg6wuux >> End >> 2020-10-24 18:03:18.629235

8gax5q6ipcf >> Start >> 2020-10-24 18:03:43.408456

8gax5q6ipcf >> Image Returned >> 2020-10-24 18:03:43.411228

8gax5q6ipcf >> End >> 2020-10-24 18:03:43.587358

0fbkkpvnush >> Start >> 2020-10-24 18:07:46.313200

0fbkkpvnush >> Image Returned >> 2020-10-24 18:07:46.315958

0fbkkpvnush >> End >> 2020-10-24 18:07:46.495151

v08bmrobuvs >> Start >> 2020-10-24 18:14:07.053685

v08bmrobuvs >> Image Returned >> 2020-10-24 18:14:07.056577

v08bmrobuvs >> End >> 2020-10-24 18:14:07.241117

eorhzw65xpr >> Start >> 2020-10-24 18:14:13.050352

eorhzw65xpr >> Image Returned >> 2020-10-24 18:14:13.050618

eorhzw65xpr >> End >> 2020-10-24 18:14:13.271931

fk6esmboadu >> Start >> 2020-10-24 18:18:46.810791

fk6esmboadu >> Image Returned >> 2020-10-24 18:18:46.813834

fk6esmboadu >> End >> 2020-10-24 18:18:46.994200

o2ipw48sgmi >> Start >> 2020-10-24 18:19:01.300288

o2ipw48sgmi >> Image Returned >> 2020-10-24 18:19:01.303200

o2ipw48sgmi >> End >> 2020-10-24 18:19:01.531055

ye5kjt67sdp >> Start >> 2020-10-24 18:21:32.025712

ye5kjt67sdp >> Image Returned >> 2020-10-24 18:21:32.028665

ye5kjt67sdp >> End >> 2020-10-24 18:21:32.222726

tnv5fr2xhov >> Start >> 2020-10-24 18:22:41.095931

tnv5fr2xhov >> Image Returned >> 2020-10-24 18:22:41.099767

tnv5fr2xhov >> End >> 2020-10-24 18:22:41.301964

samfsm707e8 >> Start >> 2020-10-24 18:29:15.723537

samfsm707e8 >> Image Returned >> 2020-10-24 18:29:15.726236

samfsm707e8 >> End >> 2020-10-24 18:29:15.934181

67b65zj7jz2 >> Start >> 2020-10-24 18:31:30.824898

67b65zj7jz2 >> Image Returned >> 2020-10-24 18:31:30.827620

67b65zj7jz2 >> End >> 2020-10-24 18:31:31.010850

vju0cryxthv >> Start >> 2020-10-24 18:32:31.644226

vju0cryxthv >> Image Returned >> 2020-10-24 18:32:31.647192

vju0cryxthv >> End >> 2020-10-24 18:32:31.826720

5gcn6rqfzmb >> Start >> 2020-10-24 18:36:43.705527

5gcn6rqfzmb >> Image Returned >> 2020-10-24 18:36:43.708915

5gcn6rqfzmb >> End >> 2020-10-24 18:36:43.910324

sd82x8ebffp >> Start >> 2020-10-24 18:45:03.890372

sd82x8ebffp >> Image Returned >> 2020-10-24 18:45:03.892988

sd82x8ebffp >> End >> 2020-10-24 18:45:04.085007

5nonna5hhh4 >> Start >> 2020-10-24 18:48:24.797363

5nonna5hhh4 >> Image Returned >> 2020-10-24 18:48:24.800257

5nonna5hhh4 >> End >> 2020-10-24 18:48:24.985054

75xkzeapyd6 >> Start >> 2020-10-24 18:49:24.986701

75xkzeapyd6 >> Image Returned >> 2020-10-24 18:49:24.989574

75xkzeapyd6 >> End >> 2020-10-24 18:49:25.186538

po3kgkbx4v3 >> Start >> 2020-10-24 18:50:21.754586

po3kgkbx4v3 >> Image Returned >> 2020-10-24 18:50:21.757867

po3kgkbx4v3 >> End >> 2020-10-24 18:50:21.949771

g3z5u45qge5 >> Start >> 2020-10-24 18:59:51.645770

g3z5u45qge5 >> Image Returned >> 2020-10-24 18:59:51.648747

g3z5u45qge5 >> End >> 2020-10-24 18:59:51.846051

67gab00pima >> Start >> 2020-10-24 19:00:19.594665

67gab00pima >> Image Returned >> 2020-10-24 19:00:19.597382

67gab00pima >> End >> 2020-10-24 19:00:19.779735

ee4ujyyrig2 >> Start >> 2020-10-24 19:02:29.286942

ee4ujyyrig2 >> Image Returned >> 2020-10-24 19:02:29.289685

ee4ujyyrig2 >> End >> 2020-10-24 19:02:29.465493

5uzf037iwb6 >> Start >> 2020-10-24 19:09:03.598501

5uzf037iwb6 >> Image Returned >> 2020-10-24 19:09:03.601236

5uzf037iwb6 >> End >> 2020-10-24 19:09:03.786437

83tttjjebv8 >> Start >> 2020-10-24 19:10:06.965080

83tttjjebv8 >> Image Returned >> 2020-10-24 19:10:06.967751

83tttjjebv8 >> End >> 2020-10-24 19:10:07.150700

a7rpwpo67zt >> Start >> 2020-10-24 19:11:55.182840

a7rpwpo67zt >> Image Returned >> 2020-10-24 19:11:55.187525

a7rpwpo67zt >> End >> 2020-10-24 19:11:55.374836

qrcj2jtg5mf >> Start >> 2020-10-24 19:14:44.859612

qrcj2jtg5mf >> Image Returned >> 2020-10-24 19:14:44.862602

qrcj2jtg5mf >> End >> 2020-10-24 19:14:45.043869

ooguhg4n7ze >> Start >> 2020-10-24 19:20:52.458306

ooguhg4n7ze >> Image Returned >> 2020-10-24 19:20:52.461230

ooguhg4n7ze >> End >> 2020-10-24 19:20:52.641465

u6y4tz5jrab >> Start >> 2020-10-24 19:21:36.191715

u6y4tz5jrab >> Image Returned >> 2020-10-24 19:21:36.194703

u6y4tz5jrab >> End >> 2020-10-24 19:21:36.381531

dg4nzuucdkj >> Start >> 2020-10-24 19:27:11.697596

dg4nzuucdkj >> Image Returned >> 2020-10-24 19:27:11.700545

dg4nzuucdkj >> End >> 2020-10-24 19:27:11.875675

fnprtrpxpf2 >> Start >> 2020-10-24 19:32:44.813313

fnprtrpxpf2 >> Image Returned >> 2020-10-24 19:32:44.816589

fnprtrpxpf2 >> End >> 2020-10-24 19:32:44.994553

tffpxkqeqxw >> Start >> 2020-10-24 19:33:36.040265

tffpxkqeqxw >> Image Returned >> 2020-10-24 19:33:36.043113

tffpxkqeqxw >> End >> 2020-10-24 19:33:36.218153

svf7ashryj5 >> Start >> 2020-10-24 19:34:17.798290

svf7ashryj5 >> Image Returned >> 2020-10-24 19:34:17.800936

svf7ashryj5 >> End >> 2020-10-24 19:34:17.986967

w26qnspuv86 >> Start >> 2020-10-24 19:38:37.480509

w26qnspuv86 >> Image Returned >> 2020-10-24 19:38:37.484040

w26qnspuv86 >> End >> 2020-10-24 19:38:37.663074

dsb6rqdw7nx >> Start >> 2020-10-24 19:41:40.946995

dsb6rqdw7nx >> Image Returned >> 2020-10-24 19:41:40.949724

dsb6rqdw7nx >> End >> 2020-10-24 19:41:41.145216

atcphmjkw88 >> Start >> 2020-10-24 19:55:28.534172

atcphmjkw88 >> Image Returned >> 2020-10-24 19:55:28.536868

atcphmjkw88 >> End >> 2020-10-24 19:55:28.665158

4qo6b4nka2e >> Start >> 2020-10-24 19:58:50.048511

4qo6b4nka2e >> Image Returned >> 2020-10-24 19:58:50.051775

4qo6b4nka2e >> End >> 2020-10-24 19:58:50.238394

idqhme3yggd >> Start >> 2020-10-24 20:02:47.731540

idqhme3yggd >> Image Returned >> 2020-10-24 20:02:47.734559

idqhme3yggd >> End >> 2020-10-24 20:02:47.923435

728srucdzrz >> Start >> 2020-10-24 20:08:39.613478

728srucdzrz >> Image Returned >> 2020-10-24 20:08:39.616746

728srucdzrz >> End >> 2020-10-24 20:08:39.790745

oy5epkapc3w >> Start >> 2020-10-24 20:10:32.367468

oy5epkapc3w >> Image Returned >> 2020-10-24 20:10:32.370269

oy5epkapc3w >> End >> 2020-10-24 20:10:32.554167

ivk4exm4wsg >> Start >> 2020-10-24 20:11:33.705483

ivk4exm4wsg >> Image Returned >> 2020-10-24 20:11:33.708307

ivk4exm4wsg >> End >> 2020-10-24 20:11:33.887568

de6rn2sdxvj >> Start >> 2020-10-24 20:13:07.808434

de6rn2sdxvj >> Image Returned >> 2020-10-24 20:13:07.811199

de6rn2sdxvj >> End >> 2020-10-24 20:13:07.982485

yo5g28wrxng >> Start >> 2020-10-24 20:19:42.096251

yo5g28wrxng >> Image Returned >> 2020-10-24 20:19:42.098972

yo5g28wrxng >> End >> 2020-10-24 20:19:42.273994

k36a3cxhyti >> Start >> 2020-10-24 20:23:05.718518

k36a3cxhyti >> Image Returned >> 2020-10-24 20:23:05.721524

k36a3cxhyti >> End >> 2020-10-24 20:23:05.899342

azua3qpp0dy >> Start >> 2020-10-24 20:23:38.167428

azua3qpp0dy >> Image Returned >> 2020-10-24 20:23:38.170248

azua3qpp0dy >> End >> 2020-10-24 20:23:38.359188

txtx27frupx >> Start >> 2020-10-24 20:25:37.610663

txtx27frupx >> Image Returned >> 2020-10-24 20:25:37.614914

txtx27frupx >> End >> 2020-10-24 20:25:37.835949

xfrsarcfw43 >> Start >> 2020-10-24 20:28:33.698865

xfrsarcfw43 >> Image Returned >> 2020-10-24 20:28:33.701669

xfrsarcfw43 >> End >> 2020-10-24 20:28:33.911024

dzbhkqaj8gq >> Start >> 2020-10-24 20:30:38.255228

dzbhkqaj8gq >> Image Returned >> 2020-10-24 20:30:38.258482

dzbhkqaj8gq >> End >> 2020-10-24 20:30:38.435058

hsxgq8s0nps >> Start >> 2020-10-24 20:36:19.858705

hsxgq8s0nps >> Image Returned >> 2020-10-24 20:36:19.862122

hsxgq8s0nps >> End >> 2020-10-24 20:36:20.041286

ef5oso2dxrn >> Start >> 2020-10-24 20:38:49.543627

ef5oso2dxrn >> Image Returned >> 2020-10-24 20:38:49.546922

ef5oso2dxrn >> End >> 2020-10-24 20:38:49.727382

qrku8tz3bq7 >> Start >> 2020-10-24 20:40:23.634613

qrku8tz3bq7 >> Image Returned >> 2020-10-24 20:40:23.637722

qrku8tz3bq7 >> End >> 2020-10-24 20:40:23.849113

t3ikx3pd2kz >> Start >> 2020-10-24 20:45:05.921861

t3ikx3pd2kz >> Image Returned >> 2020-10-24 20:45:05.925103

t3ikx3pd2kz >> End >> 2020-10-24 20:45:06.131704

iaxk4wjgsai >> Start >> 2020-10-24 20:45:24.179177

iaxk4wjgsai >> Image Returned >> 2020-10-24 20:45:24.182051

iaxk4wjgsai >> End >> 2020-10-24 20:45:24.364774

thxm86t5bwv >> Start >> 2020-10-24 20:46:22.513174

thxm86t5bwv >> Image Returned >> 2020-10-24 20:46:22.516083

thxm86t5bwv >> End >> 2020-10-24 20:46:22.719084

j2aeq6wyaph >> Start >> 2020-10-24 20:49:59.516938

j2aeq6wyaph >> Image Returned >> 2020-10-24 20:49:59.519637

j2aeq6wyaph >> End >> 2020-10-24 20:49:59.703697

mkzat8sg3iw >> Start >> 2020-10-24 20:51:25.473831

mkzat8sg3iw >> Image Returned >> 2020-10-24 20:51:25.476531

mkzat8sg3iw >> End >> 2020-10-24 20:51:25.649889

d3hdv5cuus2 >> Start >> 2020-10-24 20:55:06.905092

d3hdv5cuus2 >> Image Returned >> 2020-10-24 20:55:06.908370

d3hdv5cuus2 >> End >> 2020-10-24 20:55:07.085578

bfaspq6m0tv >> Start >> 2020-10-24 20:58:11.064026

bfaspq6m0tv >> Image Returned >> 2020-10-24 20:58:11.068409

bfaspq6m0tv >> End >> 2020-10-24 20:58:11.249736

jzm2e0g7jta >> Start >> 2020-10-24 20:58:45.099538

jzm2e0g7jta >> Image Returned >> 2020-10-24 20:58:45.102322

jzm2e0g7jta >> End >> 2020-10-24 20:58:45.279128

5u2dxxjxnjn >> Start >> 2020-10-24 21:00:53.615464

5u2dxxjxnjn >> Image Returned >> 2020-10-24 21:00:53.618340

5u2dxxjxnjn >> End >> 2020-10-24 21:00:53.802198

d4gjqxy75ya >> Start >> 2020-10-24 21:01:43.030594

d4gjqxy75ya >> Image Returned >> 2020-10-24 21:01:43.033565

d4gjqxy75ya >> End >> 2020-10-24 21:01:43.227336

p48n3quntrd >> Start >> 2020-10-24 21:01:46.150306

p48n3quntrd >> Image Returned >> 2020-10-24 21:01:46.150579

p48n3quntrd >> End >> 2020-10-24 21:01:46.322582

vs7onnzkd8k >> Start >> 2020-10-24 21:01:56.448522

vs7onnzkd8k >> Image Returned >> 2020-10-24 21:01:56.448810

vs7onnzkd8k >> End >> 2020-10-24 21:01:56.645226

z0gx8fc0gmm >> Start >> 2020-10-24 21:02:04.277163

z0gx8fc0gmm >> Image Returned >> 2020-10-24 21:02:04.277590

z0gx8fc0gmm >> End >> 2020-10-24 21:02:04.450715

smqsp6ab4j3 >> Start >> 2020-10-24 21:11:13.057986

smqsp6ab4j3 >> Image Returned >> 2020-10-24 21:11:13.061415

smqsp6ab4j3 >> End >> 2020-10-24 21:11:13.262015

xnzz7vsgpkf >> Start >> 2020-10-24 21:12:07.179945

xnzz7vsgpkf >> Image Returned >> 2020-10-24 21:12:07.182928

xnzz7vsgpkf >> End >> 2020-10-24 21:12:07.401776

of8khq4fo0x >> Start >> 2020-10-24 21:12:38.611265

of8khq4fo0x >> Image Returned >> 2020-10-24 21:12:38.614257

of8khq4fo0x >> End >> 2020-10-24 21:12:38.784800

ktitda3boy6 >> Start >> 2020-10-24 21:15:18.508735

ktitda3boy6 >> Image Returned >> 2020-10-24 21:15:18.511723

ktitda3boy6 >> End >> 2020-10-24 21:15:18.693804

5ghtotzbun2 >> Start >> 2020-10-24 21:19:36.759681

5ghtotzbun2 >> Image Returned >> 2020-10-24 21:19:36.762731

5ghtotzbun2 >> End >> 2020-10-24 21:19:36.941881

jnhhg8hf3vx >> Start >> 2020-10-24 21:19:37.614219

jnhhg8hf3vx >> Image Returned >> 2020-10-24 21:19:37.614494

jnhhg8hf3vx >> End >> 2020-10-24 21:19:37.799808

yakzitbg700 >> Start >> 2020-10-24 21:21:37.418633

yakzitbg700 >> Image Returned >> 2020-10-24 21:21:37.422101

yakzitbg700 >> End >> 2020-10-24 21:21:37.602354

yfxpawva0ri >> Start >> 2020-10-24 21:22:21.634345

yfxpawva0ri >> Image Returned >> 2020-10-24 21:22:21.637104

yfxpawva0ri >> End >> 2020-10-24 21:22:21.822247

2c58p0fngad >> Start >> 2020-10-24 21:25:56.575856

2c58p0fngad >> Image Returned >> 2020-10-24 21:25:56.579562

2c58p0fngad >> End >> 2020-10-24 21:25:56.761615

0pc7kjrem33 >> Start >> 2020-10-24 21:30:46.752136

0pc7kjrem33 >> Image Returned >> 2020-10-24 21:30:46.755166

0pc7kjrem33 >> End >> 2020-10-24 21:30:46.938225

wmfgqckprvw >> Start >> 2020-10-24 21:34:53.797342

wmfgqckprvw >> Image Returned >> 2020-10-24 21:34:53.800292

wmfgqckprvw >> End >> 2020-10-24 21:34:53.979175

w2hzv78zeka >> Start >> 2020-10-24 21:39:29.925924

w2hzv78zeka >> Image Returned >> 2020-10-24 21:39:29.928980

w2hzv78zeka >> End >> 2020-10-24 21:39:30.116231

saqr80jtb5x >> Start >> 2020-10-24 21:44:01.306699

saqr80jtb5x >> Image Returned >> 2020-10-24 21:44:01.310419

saqr80jtb5x >> End >> 2020-10-24 21:44:01.492911

sp55xstqixn >> Start >> 2020-10-24 21:44:30.573174

sp55xstqixn >> Image Returned >> 2020-10-24 21:44:30.576072

sp55xstqixn >> End >> 2020-10-24 21:44:30.753034

x5n5dpoy0fd >> Start >> 2020-10-24 21:45:46.530067

x5n5dpoy0fd >> Image Returned >> 2020-10-24 21:45:46.533468

x5n5dpoy0fd >> End >> 2020-10-24 21:45:46.722278

fjff75je6yc >> Start >> 2020-10-24 21:45:46.920870

fjff75je6yc >> Image Returned >> 2020-10-24 21:45:46.921161

fjff75je6yc >> End >> 2020-10-24 21:45:47.107773

4c5g7bfpbw6 >> Start >> 2020-10-24 21:46:27.692548

4c5g7bfpbw6 >> Image Returned >> 2020-10-24 21:46:27.695446

4c5g7bfpbw6 >> End >> 2020-10-24 21:46:27.874017

4un0kzdwgnw >> Start >> 2020-10-24 21:47:43.852960

4un0kzdwgnw >> Image Returned >> 2020-10-24 21:47:43.855921

4un0kzdwgnw >> End >> 2020-10-24 21:47:44.017549

7ee6dhedrt4 >> Start >> 2020-10-24 21:47:45.161236

7ee6dhedrt4 >> Image Returned >> 2020-10-24 21:47:45.161562

7ee6dhedrt4 >> End >> 2020-10-24 21:47:45.352893

h2ayrbe8yto >> Start >> 2020-10-24 21:48:00.093743

h2ayrbe8yto >> Image Returned >> 2020-10-24 21:48:00.096496

h2ayrbe8yto >> End >> 2020-10-24 21:48:00.295530

i7t2jtf5pd5 >> Start >> 2020-10-24 21:48:32.032308

i7t2jtf5pd5 >> Image Returned >> 2020-10-24 21:48:32.035191

i7t2jtf5pd5 >> End >> 2020-10-24 21:48:32.219145

30rcrge3n50 >> Start >> 2020-10-24 21:50:11.503947

30rcrge3n50 >> Image Returned >> 2020-10-24 21:50:11.506949

30rcrge3n50 >> End >> 2020-10-24 21:50:11.680583

stvnhndgrz7 >> Start >> 2020-10-24 21:50:45.454240

stvnhndgrz7 >> Image Returned >> 2020-10-24 21:50:45.457174

stvnhndgrz7 >> End >> 2020-10-24 21:50:45.635617

bjh3j4b2omm >> Start >> 2020-10-24 21:51:10.343372

bjh3j4b2omm >> Image Returned >> 2020-10-24 21:51:10.346154

bjh3j4b2omm >> End >> 2020-10-24 21:51:10.528002

j2fwuc33rdb >> Start >> 2020-10-24 21:51:20.596679

j2fwuc33rdb >> Image Returned >> 2020-10-24 21:51:20.596987

j2fwuc33rdb >> End >> 2020-10-24 21:51:20.769036

arakm628cs2 >> Start >> 2020-10-24 21:51:28.419548

arakm628cs2 >> Image Returned >> 2020-10-24 21:51:28.419821

arakm628cs2 >> End >> 2020-10-24 21:51:28.632777

s4yb0buzpjc >> Start >> 2020-10-24 21:51:40.561515

s4yb0buzpjc >> Image Returned >> 2020-10-24 21:51:40.564476

s4yb0buzpjc >> End >> 2020-10-24 21:51:40.750030

juhfr5w5qqt >> Start >> 2020-10-24 21:52:04.935487

juhfr5w5qqt >> Image Returned >> 2020-10-24 21:52:04.938242

juhfr5w5qqt >> End >> 2020-10-24 21:52:05.422954

86e0zh7hxos >> Start >> 2020-10-24 21:53:32.947597

86e0zh7hxos >> Image Returned >> 2020-10-24 21:53:32.951808

86e0zh7hxos >> End >> 2020-10-24 21:53:33.140708

yeqcuhiyw75 >> Start >> 2020-10-24 21:53:35.682933

yeqcuhiyw75 >> Image Returned >> 2020-10-24 21:53:35.683244

yeqcuhiyw75 >> End >> 2020-10-24 21:53:35.882235

j77pwyz228y >> Start >> 2020-10-24 21:53:47.897069

j77pwyz228y >> Image Returned >> 2020-10-24 21:53:47.900052

j77pwyz228y >> End >> 2020-10-24 21:53:48.086082

cdsmkxu0x76 >> Start >> 2020-10-24 21:53:48.347604

cdsmkxu0x76 >> Image Returned >> 2020-10-24 21:53:48.347892

cdsmkxu0x76 >> End >> 2020-10-24 21:53:48.529268

6g7xt5mjms0 >> Start >> 2020-10-24 21:57:05.698296

6g7xt5mjms0 >> Image Returned >> 2020-10-24 21:57:05.701245

6g7xt5mjms0 >> End >> 2020-10-24 21:57:05.877250

trzdfmppo5d >> Start >> 2020-10-24 22:00:59.611068

trzdfmppo5d >> Image Returned >> 2020-10-24 22:00:59.614196

trzdfmppo5d >> End >> 2020-10-24 22:00:59.791517

5byas55rz0m >> Start >> 2020-10-24 22:04:51.020895

5byas55rz0m >> Image Returned >> 2020-10-24 22:04:51.024230

5byas55rz0m >> End >> 2020-10-24 22:04:51.198515

swwq7mbfs0q >> Start >> 2020-10-24 22:04:56.545492

swwq7mbfs0q >> Image Returned >> 2020-10-24 22:04:56.545792

swwq7mbfs0q >> End >> 2020-10-24 22:04:56.721597

0es7nnojpn6 >> Start >> 2020-10-24 22:09:00.711668

0es7nnojpn6 >> Image Returned >> 2020-10-24 22:09:00.715214

0es7nnojpn6 >> End >> 2020-10-24 22:09:00.890969

n4rn3moq8ma >> Start >> 2020-10-24 22:14:53.624551

n4rn3moq8ma >> Image Returned >> 2020-10-24 22:14:53.627407

n4rn3moq8ma >> End >> 2020-10-24 22:14:53.811999

5kxgphz3ody >> Start >> 2020-10-24 22:15:33.014379

5kxgphz3ody >> Image Returned >> 2020-10-24 22:15:33.017210

5kxgphz3ody >> End >> 2020-10-24 22:15:33.196255

kepwd64dc3k >> Start >> 2020-10-24 22:16:52.428373

kepwd64dc3k >> Image Returned >> 2020-10-24 22:16:52.431662

kepwd64dc3k >> End >> 2020-10-24 22:16:52.613153

z8cs06xcgwi >> Start >> 2020-10-24 22:19:18.436361

z8cs06xcgwi >> Image Returned >> 2020-10-24 22:19:18.439341

z8cs06xcgwi >> End >> 2020-10-24 22:19:18.628523

btqgo7xgair >> Start >> 2020-10-24 22:24:59.734757

btqgo7xgair >> Image Returned >> 2020-10-24 22:24:59.739428

btqgo7xgair >> End >> 2020-10-24 22:24:59.982032

j0gwbjuajw5 >> Start >> 2020-10-24 22:38:09.510193

j0gwbjuajw5 >> Image Returned >> 2020-10-24 22:38:09.515158

j0gwbjuajw5 >> End >> 2020-10-24 22:38:09.720859

eq2we62v203 >> Start >> 2020-10-24 22:41:49.867477

eq2we62v203 >> Image Returned >> 2020-10-24 22:41:49.871428

eq2we62v203 >> End >> 2020-10-24 22:41:50.052041

xes2gkkege2 >> Start >> 2020-10-24 22:45:36.376754

xes2gkkege2 >> Image Returned >> 2020-10-24 22:45:36.380103

xes2gkkege2 >> End >> 2020-10-24 22:45:36.559319

4zmij3qgqe0 >> Start >> 2020-10-24 22:51:32.467616

4zmij3qgqe0 >> Image Returned >> 2020-10-24 22:51:32.470956

4zmij3qgqe0 >> End >> 2020-10-24 22:51:32.654424

qe4ndr28itx >> Start >> 2020-10-24 22:55:22.697431

qe4ndr28itx >> Image Returned >> 2020-10-24 22:55:22.701201

qe4ndr28itx >> End >> 2020-10-24 22:55:22.876863

8gbkugaroty >> Start >> 2020-10-24 22:58:02.586648

8gbkugaroty >> Image Returned >> 2020-10-24 22:58:02.590914

8gbkugaroty >> End >> 2020-10-24 22:58:02.775768

dwtn47rd6mu >> Start >> 2020-10-24 22:58:22.419229

dwtn47rd6mu >> Image Returned >> 2020-10-24 22:58:22.422127

dwtn47rd6mu >> End >> 2020-10-24 22:58:22.597090

aag6osu5vwu >> Start >> 2020-10-24 22:59:27.796472

aag6osu5vwu >> Image Returned >> 2020-10-24 22:59:27.799350

aag6osu5vwu >> End >> 2020-10-24 22:59:27.980618

un5jh7m5bpr >> Start >> 2020-10-24 22:59:50.932524

un5jh7m5bpr >> Image Returned >> 2020-10-24 22:59:50.935638

un5jh7m5bpr >> End >> 2020-10-24 22:59:51.122035

ftrgh6ztpid >> Start >> 2020-10-24 22:59:51.128288

ftrgh6ztpid >> Image Returned >> 2020-10-24 22:59:51.128525

ftrgh6ztpid >> End >> 2020-10-24 22:59:51.313287

7im70xj24ok >> Start >> 2020-10-24 22:59:58.716124

7im70xj24ok >> Image Returned >> 2020-10-24 22:59:58.716399

7im70xj24ok >> End >> 2020-10-24 22:59:58.915642

ecsr7b66oqp >> Start >> 2020-10-24 22:59:59.036247

ecsr7b66oqp >> Image Returned >> 2020-10-24 22:59:59.036531

ecsr7b66oqp >> End >> 2020-10-24 22:59:59.239603

wjof7z3q7xr >> Start >> 2020-10-24 23:00:09.183362

wjof7z3q7xr >> Image Returned >> 2020-10-24 23:00:09.183629

wjof7z3q7xr >> End >> 2020-10-24 23:00:09.384282

4ftmmspo03c >> Start >> 2020-10-24 23:00:46.225126

4ftmmspo03c >> Image Returned >> 2020-10-24 23:00:46.228307

4ftmmspo03c >> End >> 2020-10-24 23:00:46.418297

6tmy686fm52 >> Start >> 2020-10-24 23:00:58.397308

6tmy686fm52 >> Image Returned >> 2020-10-24 23:00:58.400358

6tmy686fm52 >> End >> 2020-10-24 23:00:58.583506

wmwyh3nijyf >> Start >> 2020-10-24 23:33:32.595514

wmwyh3nijyf >> Image Returned >> 2020-10-24 23:33:32.600172

wmwyh3nijyf >> End >> 2020-10-24 23:33:32.773893

3ki7x5n823k >> Start >> 2020-10-24 23:49:11.243710

3ki7x5n823k >> Image Returned >> 2020-10-24 23:49:11.246669

3ki7x5n823k >> End >> 2020-10-24 23:49:11.437663

4xev73muty8 >> Start >> 2020-10-24 23:50:35.104288

4xev73muty8 >> Image Returned >> 2020-10-24 23:50:35.107543

4xev73muty8 >> End >> 2020-10-24 23:50:35.287812

vohfk4d0nqz >> Start >> 2020-10-24 23:53:54.811556

vohfk4d0nqz >> Image Returned >> 2020-10-24 23:53:54.815202

vohfk4d0nqz >> End >> 2020-10-24 23:53:54.989118

48seujqr3mt >> Start >> 2020-10-24 23:55:34.018816

48seujqr3mt >> Image Returned >> 2020-10-24 23:55:34.021972

48seujqr3mt >> End >> 2020-10-24 23:55:34.211468

