25qsqztiezm >> Start >> 2020-07-26 00:01:22.507738

25qsqztiezm >> Image Returned >> 2020-07-26 00:01:22.511111

25qsqztiezm >> End >> 2020-07-26 00:01:22.661189

6cywnn7pa68 >> Start >> 2020-07-26 00:12:24.232384

6cywnn7pa68 >> Image Returned >> 2020-07-26 00:12:24.236699

6cywnn7pa68 >> End >> 2020-07-26 00:12:24.384231

64y2p5dqgvg >> Start >> 2020-07-26 00:17:27.020441

64y2p5dqgvg >> Image Returned >> 2020-07-26 00:17:27.024491

64y2p5dqgvg >> End >> 2020-07-26 00:17:27.172545

dtde3wzw7u4 >> Start >> 2020-07-26 00:51:49.474047

dtde3wzw7u4 >> Image Returned >> 2020-07-26 00:51:49.479532

dtde3wzw7u4 >> End >> 2020-07-26 00:51:49.618628

tbhn7ypf4td >> Start >> 2020-07-26 01:06:50.424141

tbhn7ypf4td >> Image Returned >> 2020-07-26 01:06:50.428436

tbhn7ypf4td >> End >> 2020-07-26 01:06:50.568948

yhj68ygb4k5 >> Start >> 2020-07-26 03:07:08.951523

yhj68ygb4k5 >> Image Returned >> 2020-07-26 03:07:08.957623

yhj68ygb4k5 >> End >> 2020-07-26 03:07:09.198961

o75qkwzx4wv >> Start >> 2020-07-26 04:31:33.222770

o75qkwzx4wv >> Image Returned >> 2020-07-26 04:31:33.226269

o75qkwzx4wv >> End >> 2020-07-26 04:31:33.367134

750rgzvz67i >> Start >> 2020-07-26 04:50:58.125720

750rgzvz67i >> Image Returned >> 2020-07-26 04:50:58.131732

750rgzvz67i >> End >> 2020-07-26 04:50:58.270737

zqxq5xxqa4s >> Start >> 2020-07-26 05:26:55.586500

zqxq5xxqa4s >> Image Returned >> 2020-07-26 05:26:55.591816

zqxq5xxqa4s >> End >> 2020-07-26 05:26:55.729960

hxht8vtvq8o >> Start >> 2020-07-26 06:03:36.751748

hxht8vtvq8o >> Image Returned >> 2020-07-26 06:03:36.756192

hxht8vtvq8o >> End >> 2020-07-26 06:03:36.896327

fcmcxnriv67 >> Start >> 2020-07-26 06:23:48.930378

fcmcxnriv67 >> Image Returned >> 2020-07-26 06:23:48.934626

fcmcxnriv67 >> End >> 2020-07-26 06:23:49.074974

8rqe3xvdyo7 >> Start >> 2020-07-26 06:31:57.719608

8rqe3xvdyo7 >> Image Returned >> 2020-07-26 06:31:57.723534

8rqe3xvdyo7 >> End >> 2020-07-26 06:31:57.926794

7o7jrebxb8b >> Start >> 2020-07-26 08:53:29.329206

7o7jrebxb8b >> Image Returned >> 2020-07-26 08:53:29.334007

7o7jrebxb8b >> End >> 2020-07-26 08:53:29.470793

3ggoqmy3oj0 >> Start >> 2020-07-26 09:08:45.472493

3ggoqmy3oj0 >> Image Returned >> 2020-07-26 09:08:45.476527

3ggoqmy3oj0 >> End >> 2020-07-26 09:08:45.610409

80eft3udxss >> Start >> 2020-07-26 09:10:38.234849

80eft3udxss >> Image Returned >> 2020-07-26 09:10:38.238270

80eft3udxss >> End >> 2020-07-26 09:10:38.382313

kv5abmgzsgt >> Start >> 2020-07-26 09:11:38.401220

kv5abmgzsgt >> Image Returned >> 2020-07-26 09:11:38.404582

kv5abmgzsgt >> End >> 2020-07-26 09:11:38.544136

r6qvc6ih5ar >> Start >> 2020-07-26 09:17:02.690902

r6qvc6ih5ar >> Image Returned >> 2020-07-26 09:17:02.695482

r6qvc6ih5ar >> End >> 2020-07-26 09:17:02.838845

ady2grf7v52 >> Start >> 2020-07-26 11:02:51.146423

ady2grf7v52 >> Image Returned >> 2020-07-26 11:02:51.150146

ady2grf7v52 >> End >> 2020-07-26 11:02:51.291323

8bm3dzjptmp >> Start >> 2020-07-26 11:07:36.595921

8bm3dzjptmp >> Image Returned >> 2020-07-26 11:07:36.599354

8bm3dzjptmp >> End >> 2020-07-26 11:07:36.811027

q885zw3qnjs >> Start >> 2020-07-26 11:22:19.315757

q885zw3qnjs >> Image Returned >> 2020-07-26 11:22:19.320497

q885zw3qnjs >> End >> 2020-07-26 11:22:19.460158

0bc3auq4ray >> Start >> 2020-07-26 11:24:29.880067

0bc3auq4ray >> Image Returned >> 2020-07-26 11:24:29.883614

0bc3auq4ray >> End >> 2020-07-26 11:24:30.017131

a2wdq60is8a >> Start >> 2020-07-26 12:21:23.158190

a2wdq60is8a >> Image Returned >> 2020-07-26 12:21:23.163675

a2wdq60is8a >> End >> 2020-07-26 12:21:23.303200

hgiivvyigpr >> Start >> 2020-07-26 12:50:27.535489

hgiivvyigpr >> Image Returned >> 2020-07-26 12:50:27.538933

hgiivvyigpr >> End >> 2020-07-26 12:50:27.669348

kbq3g0yamd6 >> Start >> 2020-07-26 13:15:21.769572

kbq3g0yamd6 >> Image Returned >> 2020-07-26 13:15:21.774755

kbq3g0yamd6 >> End >> 2020-07-26 13:15:21.981295

uptmt6e2z5u >> Start >> 2020-07-26 13:35:39.699496

uptmt6e2z5u >> Image Returned >> 2020-07-26 13:35:39.703043

uptmt6e2z5u >> End >> 2020-07-26 13:35:39.842269

d8b5ntei6ut >> Start >> 2020-07-26 14:00:03.471410

d8b5ntei6ut >> Image Returned >> 2020-07-26 14:00:03.478076

d8b5ntei6ut >> End >> 2020-07-26 14:00:03.617578

cbwg6q0q6fu >> Start >> 2020-07-26 14:02:15.834393

cbwg6q0q6fu >> Image Returned >> 2020-07-26 14:02:15.839914

cbwg6q0q6fu >> End >> 2020-07-26 14:02:15.982619

5qrm73qcfv6 >> Start >> 2020-07-26 14:10:09.170108

5qrm73qcfv6 >> Image Returned >> 2020-07-26 14:10:09.173836

5qrm73qcfv6 >> End >> 2020-07-26 14:10:09.376734

cijxvo8rb5r >> Start >> 2020-07-26 14:24:55.759713

cijxvo8rb5r >> Image Returned >> 2020-07-26 14:24:55.763181

cijxvo8rb5r >> End >> 2020-07-26 14:24:55.932045

586ysh00rhu >> Start >> 2020-07-26 14:36:32.469386

586ysh00rhu >> Image Returned >> 2020-07-26 14:36:32.474735

586ysh00rhu >> End >> 2020-07-26 14:36:32.611665

ujjprcqdyr4 >> Start >> 2020-07-26 14:46:10.641766

ujjprcqdyr4 >> Image Returned >> 2020-07-26 14:46:10.645906

ujjprcqdyr4 >> End >> 2020-07-26 14:46:10.785722

g0r7ejm0i6u >> Start >> 2020-07-26 14:52:37.871928

g0r7ejm0i6u >> Image Returned >> 2020-07-26 14:52:37.878647

g0r7ejm0i6u >> End >> 2020-07-26 14:52:38.021918

rjcox8c5hxa >> Start >> 2020-07-26 15:05:59.064394

rjcox8c5hxa >> Image Returned >> 2020-07-26 15:05:59.067775

rjcox8c5hxa >> End >> 2020-07-26 15:05:59.206618

fss2ri0i4k5 >> Start >> 2020-07-26 15:08:01.728579

fss2ri0i4k5 >> Image Returned >> 2020-07-26 15:08:01.732059

fss2ri0i4k5 >> End >> 2020-07-26 15:08:01.876741

zppkireyarh >> Start >> 2020-07-26 15:08:48.387666

zppkireyarh >> Image Returned >> 2020-07-26 15:08:48.391711

zppkireyarh >> End >> 2020-07-26 15:08:48.535609

uot4bpe5o4t >> Start >> 2020-07-26 15:19:52.149563

uot4bpe5o4t >> Image Returned >> 2020-07-26 15:19:52.154077

uot4bpe5o4t >> End >> 2020-07-26 15:19:52.325722

bespa3x3wuc >> Start >> 2020-07-26 15:21:35.367360

bespa3x3wuc >> Image Returned >> 2020-07-26 15:21:35.372498

bespa3x3wuc >> End >> 2020-07-26 15:21:35.511740

n8kmekyih3x >> Start >> 2020-07-26 15:52:14.509668

n8kmekyih3x >> Image Returned >> 2020-07-26 15:52:14.515974

n8kmekyih3x >> End >> 2020-07-26 15:52:14.655128

zxcmwywd6mo >> Start >> 2020-07-26 16:06:23.137258

zxcmwywd6mo >> Image Returned >> 2020-07-26 16:06:23.143055

zxcmwywd6mo >> End >> 2020-07-26 16:06:23.281101

ncd0e2bhs3m >> Start >> 2020-07-26 16:13:31.497354

ncd0e2bhs3m >> Image Returned >> 2020-07-26 16:13:31.500987

ncd0e2bhs3m >> End >> 2020-07-26 16:13:31.722723

msedk2ynewh >> Start >> 2020-07-26 17:00:03.222451

msedk2ynewh >> Image Returned >> 2020-07-26 17:00:03.228543

msedk2ynewh >> End >> 2020-07-26 17:00:03.380275

ygv43cvnf30 >> Start >> 2020-07-26 17:17:02.174813

ygv43cvnf30 >> Image Returned >> 2020-07-26 17:17:02.179335

ygv43cvnf30 >> End >> 2020-07-26 17:17:02.316462

5ukqanz67s5 >> Start >> 2020-07-26 17:50:39.890064

5ukqanz67s5 >> Image Returned >> 2020-07-26 17:50:39.894750

5ukqanz67s5 >> End >> 2020-07-26 17:50:40.036010

26zh5u2aorx >> Start >> 2020-07-26 18:00:44.207124

26zh5u2aorx >> Image Returned >> 2020-07-26 18:00:44.211478

26zh5u2aorx >> End >> 2020-07-26 18:00:44.356688

zrrunryfht6 >> Start >> 2020-07-26 18:14:37.469079

zrrunryfht6 >> Image Returned >> 2020-07-26 18:14:37.474134

zrrunryfht6 >> End >> 2020-07-26 18:14:37.609967

bpnmm4yu7z2 >> Start >> 2020-07-26 18:20:43.138681

bpnmm4yu7z2 >> Image Returned >> 2020-07-26 18:20:43.145277

bpnmm4yu7z2 >> End >> 2020-07-26 18:20:43.286254

v0qbzcqwqz2 >> Start >> 2020-07-26 18:58:09.093790

v0qbzcqwqz2 >> Image Returned >> 2020-07-26 18:58:09.098052

v0qbzcqwqz2 >> End >> 2020-07-26 18:58:09.239080

u0yoerso85e >> Start >> 2020-07-26 19:05:09.537806

u0yoerso85e >> Image Returned >> 2020-07-26 19:05:09.542743

u0yoerso85e >> End >> 2020-07-26 19:05:09.683146

xmxzycv0y8o >> Start >> 2020-07-26 19:07:25.440538

xmxzycv0y8o >> Image Returned >> 2020-07-26 19:07:25.444142

xmxzycv0y8o >> End >> 2020-07-26 19:07:25.581454

nqcox5okt8r >> Start >> 2020-07-26 19:12:16.510474

nqcox5okt8r >> Image Returned >> 2020-07-26 19:12:16.515027

nqcox5okt8r >> End >> 2020-07-26 19:12:16.649100

wywujcrzu38 >> Start >> 2020-07-26 20:12:00.578619

wywujcrzu38 >> Image Returned >> 2020-07-26 20:12:00.584065

wywujcrzu38 >> End >> 2020-07-26 20:12:00.723624

63vkjcch3r7 >> Start >> 2020-07-26 20:24:09.749917

63vkjcch3r7 >> Image Returned >> 2020-07-26 20:24:09.753488

63vkjcch3r7 >> End >> 2020-07-26 20:24:09.889736

ubb7p5ev4ho >> Start >> 2020-07-26 21:04:43.766134

ubb7p5ev4ho >> Image Returned >> 2020-07-26 21:04:43.771821

ubb7p5ev4ho >> End >> 2020-07-26 21:04:43.916572

zdkqg4vi5xo >> Start >> 2020-07-26 21:11:38.139812

zdkqg4vi5xo >> Image Returned >> 2020-07-26 21:11:38.144493

zdkqg4vi5xo >> End >> 2020-07-26 21:11:38.279567

qhot2mny0kn >> Start >> 2020-07-26 21:13:20.073642

qhot2mny0kn >> Image Returned >> 2020-07-26 21:13:20.077121

qhot2mny0kn >> End >> 2020-07-26 21:13:20.230532

gqgzt5rjorw >> Start >> 2020-07-26 21:22:43.233321

gqgzt5rjorw >> Image Returned >> 2020-07-26 21:22:43.239784

gqgzt5rjorw >> End >> 2020-07-26 21:22:43.377259

4mv5qpsdjb4 >> Start >> 2020-07-26 21:29:54.549663

4mv5qpsdjb4 >> Image Returned >> 2020-07-26 21:29:54.554939

4mv5qpsdjb4 >> End >> 2020-07-26 21:29:54.692715

g2awygaesy7 >> Start >> 2020-07-26 22:04:38.519916

g2awygaesy7 >> Image Returned >> 2020-07-26 22:04:38.526654

g2awygaesy7 >> End >> 2020-07-26 22:04:38.675333

ckgi8nh3k52 >> Start >> 2020-07-26 22:06:49.787580

ckgi8nh3k52 >> Image Returned >> 2020-07-26 22:06:49.791265

ckgi8nh3k52 >> End >> 2020-07-26 22:06:49.939799

nx5j6u0vo3x >> Start >> 2020-07-26 22:09:04.560746

nx5j6u0vo3x >> Image Returned >> 2020-07-26 22:09:04.566376

nx5j6u0vo3x >> End >> 2020-07-26 22:09:04.702446

yer6n5yj73d >> Start >> 2020-07-26 22:42:06.959218

yer6n5yj73d >> Image Returned >> 2020-07-26 22:42:06.965831

yer6n5yj73d >> End >> 2020-07-26 22:42:07.118817

t0t0h66c686 >> Start >> 2020-07-26 22:52:13.945440

t0t0h66c686 >> Image Returned >> 2020-07-26 22:52:13.950098

t0t0h66c686 >> End >> 2020-07-26 22:52:14.091144

