juu2pxse0tm >> Start >> 2020-06-18 00:07:35.418574

juu2pxse0tm >> Image Returned >> 2020-06-18 00:07:35.422890

juu2pxse0tm >> End >> 2020-06-18 00:07:35.435195

50wpk2q825n >> Start >> 2020-06-18 00:07:55.249281

50wpk2q825n >> Image Returned >> 2020-06-18 00:07:55.252610

50wpk2q825n >> End >> 2020-06-18 00:07:55.261954

mykpgpvgiop >> Start >> 2020-06-18 00:33:47.213653

mykpgpvgiop >> Image Returned >> 2020-06-18 00:33:47.216486

mykpgpvgiop >> End >> 2020-06-18 00:33:47.230933

mkybpesbihi >> Start >> 2020-06-18 01:15:14.666158

mkybpesbihi >> Image Returned >> 2020-06-18 01:15:14.669460

mkybpesbihi >> End >> 2020-06-18 01:15:14.684926

5pnkhre88t0 >> Start >> 2020-06-18 02:10:33.361114

5pnkhre88t0 >> Image Returned >> 2020-06-18 02:10:33.364291

5pnkhre88t0 >> End >> 2020-06-18 02:10:33.386697

2co76kihkvd >> Start >> 2020-06-18 03:04:43.560899

2co76kihkvd >> Image Returned >> 2020-06-18 03:04:43.564193

2co76kihkvd >> End >> 2020-06-18 03:04:43.592216

pvhndmga87b >> Start >> 2020-06-18 04:12:45.642740

pvhndmga87b >> Image Returned >> 2020-06-18 04:12:45.645792

pvhndmga87b >> End >> 2020-06-18 04:12:45.657679

oh05n2j2zrw >> Start >> 2020-06-18 08:02:24.350071

oh05n2j2zrw >> Image Returned >> 2020-06-18 08:02:24.359344

oh05n2j2zrw >> End >> 2020-06-18 08:02:24.387928

hakhf68vut7 >> Start >> 2020-06-18 08:10:24.985923

hakhf68vut7 >> Image Returned >> 2020-06-18 08:10:24.988537

hakhf68vut7 >> End >> 2020-06-18 08:10:25.021569

kvdzm3of68x >> Start >> 2020-06-18 08:15:46.352962

kvdzm3of68x >> Image Returned >> 2020-06-18 08:15:46.355498

kvdzm3of68x >> End >> 2020-06-18 08:15:46.397980

hau4aox7ixt >> Start >> 2020-06-18 09:40:20.563425

hau4aox7ixt >> Image Returned >> 2020-06-18 09:40:20.566186

hau4aox7ixt >> End >> 2020-06-18 09:40:20.577150

aw36piprmsv >> Start >> 2020-06-18 10:52:55.921430

aw36piprmsv >> Image Returned >> 2020-06-18 10:52:55.924092

aw36piprmsv >> End >> 2020-06-18 10:52:55.935444

shh37g7b3e3 >> Start >> 2020-06-18 11:14:59.442503

shh37g7b3e3 >> Image Returned >> 2020-06-18 11:14:59.445336

shh37g7b3e3 >> End >> 2020-06-18 11:14:59.456796

x42r7uejn3y >> Start >> 2020-06-18 12:52:39.487560

x42r7uejn3y >> Image Returned >> 2020-06-18 12:52:39.490535

x42r7uejn3y >> End >> 2020-06-18 12:52:39.500905

mba3n6btxph >> Start >> 2020-06-18 13:08:42.810564

mba3n6btxph >> Image Returned >> 2020-06-18 13:08:42.813580

mba3n6btxph >> End >> 2020-06-18 13:08:42.826011

zn8o75xi53y >> Start >> 2020-06-18 15:16:03.143989

zn8o75xi53y >> Image Returned >> 2020-06-18 15:16:03.146778

zn8o75xi53y >> End >> 2020-06-18 15:16:03.159432

hhb0ot8yat4 >> Start >> 2020-06-18 15:50:43.500118

hhb0ot8yat4 >> Image Returned >> 2020-06-18 15:50:43.503858

hhb0ot8yat4 >> End >> 2020-06-18 15:50:43.515547

pkoqabdxk8e >> Start >> 2020-06-18 15:56:16.510209

pkoqabdxk8e >> Image Returned >> 2020-06-18 15:56:16.513406

pkoqabdxk8e >> End >> 2020-06-18 15:56:16.524933

7zz4vq8vb5e >> Start >> 2020-06-18 16:11:38.801114

7zz4vq8vb5e >> Image Returned >> 2020-06-18 16:11:38.805252

7zz4vq8vb5e >> End >> 2020-06-18 16:11:38.816746

2jgznhekj4h >> Start >> 2020-06-18 16:34:20.324517

2jgznhekj4h >> Image Returned >> 2020-06-18 16:34:20.327275

2jgznhekj4h >> End >> 2020-06-18 16:34:20.339814

4n5uovx2rxa >> Start >> 2020-06-18 16:53:31.903533

4n5uovx2rxa >> Image Returned >> 2020-06-18 16:53:31.907135

4n5uovx2rxa >> End >> 2020-06-18 16:53:31.919728

ff7sk050y2r >> Start >> 2020-06-18 17:00:42.393095

ff7sk050y2r >> Image Returned >> 2020-06-18 17:00:42.396406

ff7sk050y2r >> End >> 2020-06-18 17:00:42.408749

xxhetny7cqk >> Start >> 2020-06-18 17:15:42.859922

xxhetny7cqk >> Image Returned >> 2020-06-18 17:15:42.863166

xxhetny7cqk >> End >> 2020-06-18 17:15:42.875598

24o0fv8dw3b >> Start >> 2020-06-18 18:00:25.313791

24o0fv8dw3b >> Image Returned >> 2020-06-18 18:00:25.316940

24o0fv8dw3b >> End >> 2020-06-18 18:00:25.332797

aj7hgxy6gqa >> Start >> 2020-06-18 19:01:53.800667

aj7hgxy6gqa >> Image Returned >> 2020-06-18 19:01:53.803812

aj7hgxy6gqa >> End >> 2020-06-18 19:01:53.815068

35eyomvukc0 >> Start >> 2020-06-18 20:27:24.728986

35eyomvukc0 >> Image Returned >> 2020-06-18 20:27:24.732095

35eyomvukc0 >> End >> 2020-06-18 20:27:24.745718

htojgdo5aib >> Start >> 2020-06-18 21:40:44.601035

htojgdo5aib >> Image Returned >> 2020-06-18 21:40:44.606347

htojgdo5aib >> End >> 2020-06-18 21:40:44.618068

85vinhyvtxb >> Start >> 2020-06-18 22:07:40.276403

85vinhyvtxb >> Image Returned >> 2020-06-18 22:07:40.279819

85vinhyvtxb >> End >> 2020-06-18 22:07:40.299987

smztmynia5a >> Start >> 2020-06-18 23:46:45.227391

smztmynia5a >> Image Returned >> 2020-06-18 23:46:45.231194

smztmynia5a >> End >> 2020-06-18 23:46:45.243212

