ty7aixqeeom >> Start >> 2020-09-24 00:14:48.940521

ty7aixqeeom >> Image Returned >> 2020-09-24 00:14:48.944322

ty7aixqeeom >> End >> 2020-09-24 00:14:49.130053

g7spugym2sa >> Start >> 2020-09-24 00:22:39.107570

g7spugym2sa >> Image Returned >> 2020-09-24 00:22:39.110354

g7spugym2sa >> End >> 2020-09-24 00:22:39.269856

8pfbywwnpyu >> Start >> 2020-09-24 00:40:41.272185

8pfbywwnpyu >> Image Returned >> 2020-09-24 00:40:41.275412

8pfbywwnpyu >> End >> 2020-09-24 00:40:41.433069

c6d4y3ubx8d >> Start >> 2020-09-24 00:46:25.346741

c6d4y3ubx8d >> Image Returned >> 2020-09-24 00:46:25.349891

c6d4y3ubx8d >> End >> 2020-09-24 00:46:25.509195

ak8azj4zy3u >> Start >> 2020-09-24 00:56:55.767424

ak8azj4zy3u >> Image Returned >> 2020-09-24 00:56:55.770623

ak8azj4zy3u >> End >> 2020-09-24 00:56:55.928723

30kka2kkc6r >> Start >> 2020-09-24 01:12:28.068382

30kka2kkc6r >> Image Returned >> 2020-09-24 01:12:28.072360

30kka2kkc6r >> End >> 2020-09-24 01:12:28.233464

26c3xpnvvor >> Start >> 2020-09-24 01:14:00.471396

26c3xpnvvor >> Image Returned >> 2020-09-24 01:14:00.474627

26c3xpnvvor >> End >> 2020-09-24 01:14:00.631393

c47dcdkvs2v >> Start >> 2020-09-24 01:48:14.176549

c47dcdkvs2v >> Image Returned >> 2020-09-24 01:48:14.180084

c47dcdkvs2v >> End >> 2020-09-24 01:48:14.338565

ma7kuff75if >> Start >> 2020-09-24 02:22:00.886727

ma7kuff75if >> Image Returned >> 2020-09-24 02:22:00.889728

ma7kuff75if >> End >> 2020-09-24 02:22:01.054939

2w2074stn44 >> Start >> 2020-09-24 02:22:43.042373

2w2074stn44 >> Image Returned >> 2020-09-24 02:22:43.045504

2w2074stn44 >> End >> 2020-09-24 02:22:43.211955

wn6urp7n0ms >> Start >> 2020-09-24 02:23:13.054280

wn6urp7n0ms >> Image Returned >> 2020-09-24 02:23:13.057120

wn6urp7n0ms >> End >> 2020-09-24 02:23:13.216204

ob0q2s8ezbu >> Start >> 2020-09-24 03:08:42.161978

ob0q2s8ezbu >> Image Returned >> 2020-09-24 03:08:42.166066

ob0q2s8ezbu >> End >> 2020-09-24 03:08:42.321656

fw2w4wrwbfw >> Start >> 2020-09-24 03:48:14.216348

fw2w4wrwbfw >> Image Returned >> 2020-09-24 03:48:14.219254

fw2w4wrwbfw >> End >> 2020-09-24 03:48:14.377019

xn87qs74b6n >> Start >> 2020-09-24 03:57:02.764297

xn87qs74b6n >> Image Returned >> 2020-09-24 03:57:02.766792

xn87qs74b6n >> End >> 2020-09-24 03:57:02.934341

riviq6ohq42 >> Start >> 2020-09-24 04:07:47.489041

riviq6ohq42 >> Image Returned >> 2020-09-24 04:07:47.491848

riviq6ohq42 >> End >> 2020-09-24 04:07:47.652946

ckbbsyaniof >> Start >> 2020-09-24 04:41:32.046063

ckbbsyaniof >> Image Returned >> 2020-09-24 04:41:32.048518

ckbbsyaniof >> End >> 2020-09-24 04:41:32.201620

j53kq2oxm3s >> Start >> 2020-09-24 04:45:33.872064

j53kq2oxm3s >> Image Returned >> 2020-09-24 04:45:33.874752

j53kq2oxm3s >> End >> 2020-09-24 04:45:34.032088

o5mirn3n7ew >> Start >> 2020-09-24 04:50:16.701680

o5mirn3n7ew >> Image Returned >> 2020-09-24 04:50:16.704163

o5mirn3n7ew >> End >> 2020-09-24 04:50:16.859060

gjcetatrxf5 >> Start >> 2020-09-24 05:07:53.566520

gjcetatrxf5 >> Image Returned >> 2020-09-24 05:07:53.569981

gjcetatrxf5 >> End >> 2020-09-24 05:07:53.727663

s0yijkfponv >> Start >> 2020-09-24 05:09:20.196494

s0yijkfponv >> Image Returned >> 2020-09-24 05:09:20.198889

s0yijkfponv >> End >> 2020-09-24 05:09:20.358197

uqh7zc07fb7 >> Start >> 2020-09-24 05:20:46.828377

uqh7zc07fb7 >> Image Returned >> 2020-09-24 05:20:46.831125

uqh7zc07fb7 >> End >> 2020-09-24 05:20:46.988307

r5a4km804yd >> Start >> 2020-09-24 05:25:00.255362

r5a4km804yd >> Image Returned >> 2020-09-24 05:25:00.258184

r5a4km804yd >> End >> 2020-09-24 05:25:00.415060

ftz8rkg80oc >> Start >> 2020-09-24 05:45:06.370565

ftz8rkg80oc >> Image Returned >> 2020-09-24 05:45:06.373071

ftz8rkg80oc >> End >> 2020-09-24 05:45:06.530970

csm3dnhn4xb >> Start >> 2020-09-24 05:54:15.320887

csm3dnhn4xb >> Image Returned >> 2020-09-24 05:54:15.323698

csm3dnhn4xb >> End >> 2020-09-24 05:54:15.478091

gj84fdvu6kn >> Start >> 2020-09-24 05:56:14.949754

gj84fdvu6kn >> Image Returned >> 2020-09-24 05:56:14.952244

gj84fdvu6kn >> End >> 2020-09-24 05:56:15.107184

ujsudpvt4ir >> Start >> 2020-09-24 06:02:12.518585

ujsudpvt4ir >> Image Returned >> 2020-09-24 06:02:12.521167

ujsudpvt4ir >> End >> 2020-09-24 06:02:12.687237

00hq33zazxg >> Start >> 2020-09-24 06:23:34.930027

00hq33zazxg >> Image Returned >> 2020-09-24 06:23:34.933012

00hq33zazxg >> End >> 2020-09-24 06:23:35.086385

b8pphneafrs >> Start >> 2020-09-24 06:37:16.292587

b8pphneafrs >> Image Returned >> 2020-09-24 06:37:16.296063

b8pphneafrs >> End >> 2020-09-24 06:37:16.455379

ofh553mmoft >> Start >> 2020-09-24 06:55:07.417942

ofh553mmoft >> Image Returned >> 2020-09-24 06:55:07.421452

ofh553mmoft >> End >> 2020-09-24 06:55:07.579674

2823n6z5po2 >> Start >> 2020-09-24 06:57:18.700443

2823n6z5po2 >> Image Returned >> 2020-09-24 06:57:18.703022

2823n6z5po2 >> End >> 2020-09-24 06:57:18.868908

dpug4ywxrkh >> Start >> 2020-09-24 06:58:04.004225

dpug4ywxrkh >> Image Returned >> 2020-09-24 06:58:04.007172

dpug4ywxrkh >> End >> 2020-09-24 06:58:04.179757

b2rxfsw80m5 >> Start >> 2020-09-24 07:02:39.483534

b2rxfsw80m5 >> Image Returned >> 2020-09-24 07:02:39.486375

b2rxfsw80m5 >> End >> 2020-09-24 07:02:39.641165

3v6s26ibhst >> Start >> 2020-09-24 07:06:02.205631

3v6s26ibhst >> Image Returned >> 2020-09-24 07:06:02.208578

3v6s26ibhst >> End >> 2020-09-24 07:06:02.369648

cuqh6fyzqqd >> Start >> 2020-09-24 07:07:49.601342

cuqh6fyzqqd >> Image Returned >> 2020-09-24 07:07:49.604073

cuqh6fyzqqd >> End >> 2020-09-24 07:07:49.770318

kvsoejhwvba >> Start >> 2020-09-24 07:19:33.548352

kvsoejhwvba >> Image Returned >> 2020-09-24 07:19:33.550838

kvsoejhwvba >> End >> 2020-09-24 07:19:33.707454

tnhcvyw5qju >> Start >> 2020-09-24 07:19:51.084474

tnhcvyw5qju >> Image Returned >> 2020-09-24 07:19:51.087124

tnhcvyw5qju >> End >> 2020-09-24 07:19:51.258943

653k0mp7w4v >> Start >> 2020-09-24 07:38:01.975003

653k0mp7w4v >> Image Returned >> 2020-09-24 07:38:01.977924

653k0mp7w4v >> End >> 2020-09-24 07:38:02.136596

tbf5y7j2kb7 >> Start >> 2020-09-24 07:50:16.518234

tbf5y7j2kb7 >> Image Returned >> 2020-09-24 07:50:16.521142

tbf5y7j2kb7 >> End >> 2020-09-24 07:50:16.699805

7ebej4y35ow >> Start >> 2020-09-24 07:51:49.233931

7ebej4y35ow >> Image Returned >> 2020-09-24 07:51:49.236416

7ebej4y35ow >> End >> 2020-09-24 07:51:49.400088

ruvba48a85f >> Start >> 2020-09-24 07:59:41.243599

ruvba48a85f >> Image Returned >> 2020-09-24 07:59:41.246426

ruvba48a85f >> End >> 2020-09-24 07:59:41.413532

sg7xfibuzb6 >> Start >> 2020-09-24 07:59:46.369267

sg7xfibuzb6 >> Image Returned >> 2020-09-24 07:59:46.369540

sg7xfibuzb6 >> End >> 2020-09-24 07:59:46.522547

ueyyemvuo6a >> Start >> 2020-09-24 08:00:02.417721

ueyyemvuo6a >> Image Returned >> 2020-09-24 08:00:02.420236

ueyyemvuo6a >> End >> 2020-09-24 08:00:02.573378

2k4zyhihpzn >> Start >> 2020-09-24 08:01:33.803864

2k4zyhihpzn >> Image Returned >> 2020-09-24 08:01:33.806391

2k4zyhihpzn >> End >> 2020-09-24 08:01:33.967650

mnrtvihpzud >> Start >> 2020-09-24 08:04:50.936384

mnrtvihpzud >> Image Returned >> 2020-09-24 08:04:50.939472

mnrtvihpzud >> End >> 2020-09-24 08:04:51.099431

tibh7kotnq8 >> Start >> 2020-09-24 08:06:20.127413

tibh7kotnq8 >> Image Returned >> 2020-09-24 08:06:20.130312

tibh7kotnq8 >> End >> 2020-09-24 08:06:20.285551

dagrefmas5a >> Start >> 2020-09-24 08:17:45.428746

dagrefmas5a >> Image Returned >> 2020-09-24 08:17:45.431565

dagrefmas5a >> End >> 2020-09-24 08:17:45.588294

4u3fou7uu6q >> Start >> 2020-09-24 08:30:01.180843

4u3fou7uu6q >> Image Returned >> 2020-09-24 08:30:01.183849

4u3fou7uu6q >> End >> 2020-09-24 08:30:01.382163

hh6nn0a2wxu >> Start >> 2020-09-24 08:33:06.314717

hh6nn0a2wxu >> Image Returned >> 2020-09-24 08:33:06.317234

hh6nn0a2wxu >> End >> 2020-09-24 08:33:06.496922

g57nx4fb6hq >> Start >> 2020-09-24 08:35:55.713825

g57nx4fb6hq >> Image Returned >> 2020-09-24 08:35:55.716620

g57nx4fb6hq >> End >> 2020-09-24 08:35:55.889491

si2v8ng36hb >> Start >> 2020-09-24 08:36:44.167807

si2v8ng36hb >> Image Returned >> 2020-09-24 08:36:44.170739

si2v8ng36hb >> End >> 2020-09-24 08:36:44.345268

jqdjyn5gyz8 >> Start >> 2020-09-24 08:38:10.999525

jqdjyn5gyz8 >> Image Returned >> 2020-09-24 08:38:11.003664

jqdjyn5gyz8 >> End >> 2020-09-24 08:38:11.175209

yv87r06mdoh >> Start >> 2020-09-24 08:43:10.073211

yv87r06mdoh >> Image Returned >> 2020-09-24 08:43:10.076550

yv87r06mdoh >> End >> 2020-09-24 08:43:10.234500

izq705u3b3w >> Start >> 2020-09-24 08:53:50.980175

izq705u3b3w >> Image Returned >> 2020-09-24 08:53:50.982964

izq705u3b3w >> End >> 2020-09-24 08:53:51.148258

b5xe0h0addb >> Start >> 2020-09-24 08:53:53.425827

b5xe0h0addb >> Image Returned >> 2020-09-24 08:53:53.426129

b5xe0h0addb >> End >> 2020-09-24 08:53:53.590043

aqbtn370v07 >> Start >> 2020-09-24 09:04:13.090626

aqbtn370v07 >> Image Returned >> 2020-09-24 09:04:13.093286

aqbtn370v07 >> End >> 2020-09-24 09:04:13.248766

ah70wgnxcxn >> Start >> 2020-09-24 09:05:45.457775

ah70wgnxcxn >> Image Returned >> 2020-09-24 09:05:45.461015

ah70wgnxcxn >> End >> 2020-09-24 09:05:45.652446

276y6xxrqxy >> Start >> 2020-09-24 09:07:23.290622

276y6xxrqxy >> Image Returned >> 2020-09-24 09:07:23.293370

276y6xxrqxy >> End >> 2020-09-24 09:07:23.466331

zd8e04pm7x5 >> Start >> 2020-09-24 09:07:24.635860

zd8e04pm7x5 >> Image Returned >> 2020-09-24 09:07:24.636164

zd8e04pm7x5 >> End >> 2020-09-24 09:07:24.811237

bd482f6zouu >> Start >> 2020-09-24 09:07:34.121357

bd482f6zouu >> Image Returned >> 2020-09-24 09:07:34.121634

bd482f6zouu >> End >> 2020-09-24 09:07:34.295327

rtdtdnzmut8 >> Start >> 2020-09-24 09:14:48.268197

rtdtdnzmut8 >> Image Returned >> 2020-09-24 09:14:48.271281

rtdtdnzmut8 >> End >> 2020-09-24 09:14:48.436994

yg6ut54mm78 >> Start >> 2020-09-24 09:15:01.502629

yg6ut54mm78 >> Image Returned >> 2020-09-24 09:15:01.506021

yg6ut54mm78 >> End >> 2020-09-24 09:15:01.681988

bqnt2zb75ja >> Start >> 2020-09-24 09:20:30.532016

bqnt2zb75ja >> Image Returned >> 2020-09-24 09:20:30.534619

bqnt2zb75ja >> End >> 2020-09-24 09:20:30.699377

eq3efjfgfhj >> Start >> 2020-09-24 09:24:52.811640

eq3efjfgfhj >> Image Returned >> 2020-09-24 09:24:52.814660

eq3efjfgfhj >> End >> 2020-09-24 09:24:52.973794

5gqnkowpyha >> Start >> 2020-09-24 09:25:49.096388

5gqnkowpyha >> Image Returned >> 2020-09-24 09:25:49.099898

5gqnkowpyha >> End >> 2020-09-24 09:25:49.266144

mik780a7bau >> Start >> 2020-09-24 09:29:56.844571

mik780a7bau >> Image Returned >> 2020-09-24 09:29:56.847369

mik780a7bau >> End >> 2020-09-24 09:29:57.005419

sokfgvmyzj2 >> Start >> 2020-09-24 09:31:12.348443

sokfgvmyzj2 >> Image Returned >> 2020-09-24 09:31:12.351001

sokfgvmyzj2 >> End >> 2020-09-24 09:31:12.541448

dcsmvg70zew >> Start >> 2020-09-24 09:31:36.389117

dcsmvg70zew >> Image Returned >> 2020-09-24 09:31:36.391619

dcsmvg70zew >> End >> 2020-09-24 09:31:36.553113

tuwwe4pwngq >> Start >> 2020-09-24 09:33:23.920684

tuwwe4pwngq >> Image Returned >> 2020-09-24 09:33:23.923213

tuwwe4pwngq >> End >> 2020-09-24 09:33:24.081737

2je7ibktwiv >> Start >> 2020-09-24 09:34:26.145165

2je7ibktwiv >> Image Returned >> 2020-09-24 09:34:26.148998

2je7ibktwiv >> End >> 2020-09-24 09:34:26.305948

i5q5883o4b7 >> Start >> 2020-09-24 09:38:57.038747

i5q5883o4b7 >> Image Returned >> 2020-09-24 09:38:57.041965

i5q5883o4b7 >> End >> 2020-09-24 09:38:57.200618

j5ttsffah5p >> Start >> 2020-09-24 09:39:59.753505

j5ttsffah5p >> Image Returned >> 2020-09-24 09:39:59.756402

j5ttsffah5p >> End >> 2020-09-24 09:39:59.921644

qsq6igxcpu8 >> Start >> 2020-09-24 09:40:20.538681

qsq6igxcpu8 >> Image Returned >> 2020-09-24 09:40:20.541207

qsq6igxcpu8 >> End >> 2020-09-24 09:40:20.702159

jicbzwpoekr >> Start >> 2020-09-24 10:04:57.324984

jicbzwpoekr >> Image Returned >> 2020-09-24 10:04:57.328533

jicbzwpoekr >> End >> 2020-09-24 10:04:57.484895

m5unq63s8px >> Start >> 2020-09-24 10:07:21.247395

m5unq63s8px >> Image Returned >> 2020-09-24 10:07:21.250323

m5unq63s8px >> End >> 2020-09-24 10:07:21.418850

h6z2voqo2cn >> Start >> 2020-09-24 10:11:46.986167

h6z2voqo2cn >> Image Returned >> 2020-09-24 10:11:46.989028

h6z2voqo2cn >> End >> 2020-09-24 10:11:47.143235

gv6f5xqbvxm >> Start >> 2020-09-24 10:15:54.155801

gv6f5xqbvxm >> Image Returned >> 2020-09-24 10:15:54.159276

gv6f5xqbvxm >> End >> 2020-09-24 10:15:54.347186

gz2ni4t5att >> Start >> 2020-09-24 10:26:09.951973

gz2ni4t5att >> Image Returned >> 2020-09-24 10:26:09.955741

gz2ni4t5att >> End >> 2020-09-24 10:26:10.117439

hifwt0howqj >> Start >> 2020-09-24 10:26:37.091316

hifwt0howqj >> Image Returned >> 2020-09-24 10:26:37.093867

hifwt0howqj >> End >> 2020-09-24 10:26:37.266613

apfei0w0e8r >> Start >> 2020-09-24 10:30:44.020589

apfei0w0e8r >> Image Returned >> 2020-09-24 10:30:44.023452

apfei0w0e8r >> End >> 2020-09-24 10:30:44.180551

sonmz0hnrhe >> Start >> 2020-09-24 10:35:14.241642

sonmz0hnrhe >> Image Returned >> 2020-09-24 10:35:14.244597

sonmz0hnrhe >> End >> 2020-09-24 10:35:14.406234

de0gwgp726b >> Start >> 2020-09-24 10:35:57.646836

de0gwgp726b >> Image Returned >> 2020-09-24 10:35:57.650763

de0gwgp726b >> End >> 2020-09-24 10:35:57.810442

v2fqgr50g8v >> Start >> 2020-09-24 10:36:30.513448

v2fqgr50g8v >> Image Returned >> 2020-09-24 10:36:30.516021

v2fqgr50g8v >> End >> 2020-09-24 10:36:30.673347

orju50f78b0 >> Start >> 2020-09-24 10:37:58.044766

orju50f78b0 >> Image Returned >> 2020-09-24 10:37:58.048741

orju50f78b0 >> End >> 2020-09-24 10:37:58.208266

mp8cvb0bffi >> Start >> 2020-09-24 10:38:11.746433

mp8cvb0bffi >> Image Returned >> 2020-09-24 10:38:11.749027

mp8cvb0bffi >> End >> 2020-09-24 10:38:11.908688

nobjkscteb3 >> Start >> 2020-09-24 10:44:22.268078

nobjkscteb3 >> Image Returned >> 2020-09-24 10:44:22.270721

nobjkscteb3 >> End >> 2020-09-24 10:44:22.443514

k6yascigfki >> Start >> 2020-09-24 10:44:39.551654

k6yascigfki >> Image Returned >> 2020-09-24 10:44:39.554275

k6yascigfki >> End >> 2020-09-24 10:44:39.713690

0qh5hf5z4su >> Start >> 2020-09-24 10:45:44.944582

0qh5hf5z4su >> Image Returned >> 2020-09-24 10:45:44.947588

0qh5hf5z4su >> End >> 2020-09-24 10:45:45.112984

pxc8wkbe4qz >> Start >> 2020-09-24 10:45:51.581407

pxc8wkbe4qz >> Image Returned >> 2020-09-24 10:45:51.581695

pxc8wkbe4qz >> End >> 2020-09-24 10:45:51.751960

480esg6hivd >> Start >> 2020-09-24 10:47:42.910960

480esg6hivd >> Image Returned >> 2020-09-24 10:47:42.914518

480esg6hivd >> End >> 2020-09-24 10:47:43.084103

xh6w2vi4i7b >> Start >> 2020-09-24 10:47:44.276065

xh6w2vi4i7b >> Image Returned >> 2020-09-24 10:47:44.276377

xh6w2vi4i7b >> End >> 2020-09-24 10:47:44.429035

zmd3rskpof6 >> Start >> 2020-09-24 10:48:48.144390

zmd3rskpof6 >> Image Returned >> 2020-09-24 10:48:48.147160

zmd3rskpof6 >> End >> 2020-09-24 10:48:48.305809

de4qboqcwgk >> Start >> 2020-09-24 10:51:11.309952

de4qboqcwgk >> Image Returned >> 2020-09-24 10:51:11.312686

de4qboqcwgk >> End >> 2020-09-24 10:51:11.470765

68ardehutz4 >> Start >> 2020-09-24 10:57:54.760292

68ardehutz4 >> Image Returned >> 2020-09-24 10:57:54.764234

68ardehutz4 >> End >> 2020-09-24 10:57:54.921534

ovjv8f7w3ye >> Start >> 2020-09-24 11:01:43.474570

ovjv8f7w3ye >> Image Returned >> 2020-09-24 11:01:43.478650

ovjv8f7w3ye >> End >> 2020-09-24 11:01:43.649219

kjkrtzar5gz >> Start >> 2020-09-24 11:02:46.866812

kjkrtzar5gz >> Image Returned >> 2020-09-24 11:02:46.870083

kjkrtzar5gz >> End >> 2020-09-24 11:02:47.026355

76dqnfvvo8o >> Start >> 2020-09-24 11:04:18.295015

76dqnfvvo8o >> Image Returned >> 2020-09-24 11:04:18.297986

76dqnfvvo8o >> End >> 2020-09-24 11:04:18.460063

nwx53q7tkdn >> Start >> 2020-09-24 11:05:34.334278

nwx53q7tkdn >> Image Returned >> 2020-09-24 11:05:34.338403

nwx53q7tkdn >> End >> 2020-09-24 11:05:34.506720

n6xmmwy5uqc >> Start >> 2020-09-24 11:06:58.195837

n6xmmwy5uqc >> Image Returned >> 2020-09-24 11:06:58.198915

n6xmmwy5uqc >> End >> 2020-09-24 11:06:58.387355

r45kdjkavn0 >> Start >> 2020-09-24 11:09:53.212785

r45kdjkavn0 >> Image Returned >> 2020-09-24 11:09:53.215967

r45kdjkavn0 >> End >> 2020-09-24 11:09:53.370899

0wvp3g0fsz6 >> Start >> 2020-09-24 11:18:48.058285

0wvp3g0fsz6 >> Image Returned >> 2020-09-24 11:18:48.060902

0wvp3g0fsz6 >> End >> 2020-09-24 11:18:48.216996

vta86bg7jkw >> Start >> 2020-09-24 11:20:35.399807

vta86bg7jkw >> Image Returned >> 2020-09-24 11:20:35.402626

vta86bg7jkw >> End >> 2020-09-24 11:20:35.581099

f33bmmevj7z >> Start >> 2020-09-24 11:24:34.004128

f33bmmevj7z >> Image Returned >> 2020-09-24 11:24:34.006987

f33bmmevj7z >> End >> 2020-09-24 11:24:34.164172

60vuwwr5dfp >> Start >> 2020-09-24 11:26:18.389107

60vuwwr5dfp >> Image Returned >> 2020-09-24 11:26:18.392085

60vuwwr5dfp >> End >> 2020-09-24 11:26:18.549251

x04sqqdkwug >> Start >> 2020-09-24 11:26:30.541635

x04sqqdkwug >> Image Returned >> 2020-09-24 11:26:30.544286

x04sqqdkwug >> End >> 2020-09-24 11:26:30.733654

ixixy2x5xyc >> Start >> 2020-09-24 11:32:35.764518

ixixy2x5xyc >> Image Returned >> 2020-09-24 11:32:35.767247

ixixy2x5xyc >> End >> 2020-09-24 11:32:35.943903

b3juym6uuwt >> Start >> 2020-09-24 11:33:23.274318

b3juym6uuwt >> Image Returned >> 2020-09-24 11:33:23.276906

b3juym6uuwt >> End >> 2020-09-24 11:33:23.442502

ojs6w7d5voh >> Start >> 2020-09-24 11:38:38.059012

ojs6w7d5voh >> Image Returned >> 2020-09-24 11:38:38.063369

ojs6w7d5voh >> End >> 2020-09-24 11:38:38.225428

5mmmq7bobds >> Start >> 2020-09-24 11:41:06.818284

5mmmq7bobds >> Image Returned >> 2020-09-24 11:41:06.818762

5mmmq7bobds >> End >> 2020-09-24 11:41:06.980298

2qaaf65coub >> Start >> 2020-09-24 11:44:15.814966

2qaaf65coub >> Image Returned >> 2020-09-24 11:44:15.817935

2qaaf65coub >> End >> 2020-09-24 11:44:15.974292

b0vwbreqq5s >> Start >> 2020-09-24 11:45:38.531089

b0vwbreqq5s >> Image Returned >> 2020-09-24 11:45:38.533986

b0vwbreqq5s >> End >> 2020-09-24 11:45:38.698889

dpnukiymfek >> Start >> 2020-09-24 11:48:58.398016

dpnukiymfek >> Image Returned >> 2020-09-24 11:48:58.401082

dpnukiymfek >> End >> 2020-09-24 11:48:58.604330

gd335hodndk >> Start >> 2020-09-24 11:49:37.726135

gd335hodndk >> Image Returned >> 2020-09-24 11:49:37.728851

gd335hodndk >> End >> 2020-09-24 11:49:37.898845

kvshvjtosmd >> Start >> 2020-09-24 11:50:52.418668

kvshvjtosmd >> Image Returned >> 2020-09-24 11:50:52.422106

kvshvjtosmd >> End >> 2020-09-24 11:50:52.595793

o0c42sm86xe >> Start >> 2020-09-24 11:51:12.336525

o0c42sm86xe >> Image Returned >> 2020-09-24 11:51:12.339387

o0c42sm86xe >> End >> 2020-09-24 11:51:12.514955

audg7mktoom >> Start >> 2020-09-24 12:01:23.427090

audg7mktoom >> Image Returned >> 2020-09-24 12:01:23.429747

audg7mktoom >> End >> 2020-09-24 12:01:23.593482

3nozbktphwz >> Start >> 2020-09-24 12:03:22.523313

3nozbktphwz >> Image Returned >> 2020-09-24 12:03:22.526098

3nozbktphwz >> End >> 2020-09-24 12:03:22.690602

wct7rre48s2 >> Start >> 2020-09-24 12:03:22.720722

wct7rre48s2 >> Image Returned >> 2020-09-24 12:03:22.721043

wct7rre48s2 >> End >> 2020-09-24 12:03:22.882862

outzh4hq5iu >> Start >> 2020-09-24 12:10:24.988564

outzh4hq5iu >> Image Returned >> 2020-09-24 12:10:24.991317

outzh4hq5iu >> End >> 2020-09-24 12:10:25.154443

f7ecz5x5ztx >> Start >> 2020-09-24 12:10:41.295144

f7ecz5x5ztx >> Image Returned >> 2020-09-24 12:10:41.297730

f7ecz5x5ztx >> End >> 2020-09-24 12:10:41.456942

shkzmxssvvd >> Start >> 2020-09-24 12:11:32.144397

shkzmxssvvd >> Image Returned >> 2020-09-24 12:11:32.147603

shkzmxssvvd >> End >> 2020-09-24 12:11:32.303458

t4kejq8zwsb >> Start >> 2020-09-24 12:13:43.407438

t4kejq8zwsb >> Image Returned >> 2020-09-24 12:13:43.410093

t4kejq8zwsb >> End >> 2020-09-24 12:13:43.603060

ch2fa03vppg >> Start >> 2020-09-24 12:19:59.367086

ch2fa03vppg >> Image Returned >> 2020-09-24 12:19:59.370620

ch2fa03vppg >> End >> 2020-09-24 12:19:59.594465

rzkm88z4gqh >> Start >> 2020-09-24 12:21:02.206718

rzkm88z4gqh >> Image Returned >> 2020-09-24 12:21:02.210925

rzkm88z4gqh >> End >> 2020-09-24 12:21:02.379117

xf4gvyoqgk7 >> Start >> 2020-09-24 12:29:51.762166

xf4gvyoqgk7 >> Image Returned >> 2020-09-24 12:29:51.765177

xf4gvyoqgk7 >> End >> 2020-09-24 12:29:51.932904

i6hun387bht >> Start >> 2020-09-24 12:31:21.703793

i6hun387bht >> Image Returned >> 2020-09-24 12:31:21.706633

i6hun387bht >> End >> 2020-09-24 12:31:21.878220

6rh6g4f4y5r >> Start >> 2020-09-24 12:34:02.295104

6rh6g4f4y5r >> Image Returned >> 2020-09-24 12:34:02.297786

6rh6g4f4y5r >> End >> 2020-09-24 12:34:02.452028

pzvex5yxi4y >> Start >> 2020-09-24 12:36:55.120037

pzvex5yxi4y >> Image Returned >> 2020-09-24 12:36:55.123069

pzvex5yxi4y >> End >> 2020-09-24 12:36:55.279262

gwae25d6era >> Start >> 2020-09-24 12:41:33.932086

gwae25d6era >> Image Returned >> 2020-09-24 12:41:33.934716

gwae25d6era >> End >> 2020-09-24 12:41:34.092081

ifzdppipnu8 >> Start >> 2020-09-24 12:59:47.513379

ifzdppipnu8 >> Image Returned >> 2020-09-24 12:59:47.516109

ifzdppipnu8 >> End >> 2020-09-24 12:59:47.689821

hh66hadyhzz >> Start >> 2020-09-24 13:05:58.635225

hh66hadyhzz >> Image Returned >> 2020-09-24 13:05:58.639130

hh66hadyhzz >> End >> 2020-09-24 13:05:58.798026

7gy3rax77c4 >> Start >> 2020-09-24 13:13:48.474963

7gy3rax77c4 >> Image Returned >> 2020-09-24 13:13:48.477667

7gy3rax77c4 >> End >> 2020-09-24 13:13:48.652225

o4yndkgi3zm >> Start >> 2020-09-24 13:14:18.363666

o4yndkgi3zm >> Image Returned >> 2020-09-24 13:14:18.366556

o4yndkgi3zm >> End >> 2020-09-24 13:14:18.527889

g4hgyxfa35n >> Start >> 2020-09-24 13:18:31.811861

g4hgyxfa35n >> Image Returned >> 2020-09-24 13:18:31.816096

g4hgyxfa35n >> End >> 2020-09-24 13:18:31.977462

n82ov24bs64 >> Start >> 2020-09-24 13:30:02.678987

n82ov24bs64 >> Image Returned >> 2020-09-24 13:30:02.682053

n82ov24bs64 >> End >> 2020-09-24 13:30:02.840794

y8kzgrw6exg >> Start >> 2020-09-24 13:32:41.263822

y8kzgrw6exg >> Image Returned >> 2020-09-24 13:32:41.266634

y8kzgrw6exg >> End >> 2020-09-24 13:32:41.430892

7qa7bqoq3kk >> Start >> 2020-09-24 13:38:18.547575

7qa7bqoq3kk >> Image Returned >> 2020-09-24 13:38:18.551249

7qa7bqoq3kk >> End >> 2020-09-24 13:38:18.706116

knwa8z0xfsm >> Start >> 2020-09-24 13:50:05.113022

knwa8z0xfsm >> Image Returned >> 2020-09-24 13:50:05.116297

knwa8z0xfsm >> End >> 2020-09-24 13:50:05.279779

t7rga2jz7y5 >> Start >> 2020-09-24 13:51:54.806714

t7rga2jz7y5 >> Image Returned >> 2020-09-24 13:51:54.809618

t7rga2jz7y5 >> End >> 2020-09-24 13:51:54.969672

indgdbfw5pr >> Start >> 2020-09-24 13:51:55.040982

indgdbfw5pr >> Image Returned >> 2020-09-24 13:51:55.041277

indgdbfw5pr >> End >> 2020-09-24 13:51:55.206769

hep83qtsq07 >> Start >> 2020-09-24 13:51:56.603990

hep83qtsq07 >> Image Returned >> 2020-09-24 13:51:56.604418

hep83qtsq07 >> End >> 2020-09-24 13:51:56.764745

03dk3x704yf >> Start >> 2020-09-24 13:51:58.656068

03dk3x704yf >> Image Returned >> 2020-09-24 13:51:58.656358

03dk3x704yf >> End >> 2020-09-24 13:51:58.834162

qhkfhuxfnww >> Start >> 2020-09-24 13:52:00.288189

qhkfhuxfnww >> Image Returned >> 2020-09-24 13:52:00.288470

qhkfhuxfnww >> End >> 2020-09-24 13:52:00.448534

uvfi2ruh4vj >> Start >> 2020-09-24 13:53:06.951852

uvfi2ruh4vj >> Image Returned >> 2020-09-24 13:53:06.955501

uvfi2ruh4vj >> End >> 2020-09-24 13:53:07.135698

04karr4wwz4 >> Start >> 2020-09-24 13:53:12.792233

04karr4wwz4 >> Image Returned >> 2020-09-24 13:53:12.792526

04karr4wwz4 >> End >> 2020-09-24 13:53:12.954674

yrhvrkvtomh >> Start >> 2020-09-24 13:53:17.373719

yrhvrkvtomh >> Image Returned >> 2020-09-24 13:53:17.374017

yrhvrkvtomh >> End >> 2020-09-24 13:53:17.538950

h6cygaygn53 >> Start >> 2020-09-24 13:53:17.786252

h6cygaygn53 >> Image Returned >> 2020-09-24 13:53:17.786529

h6cygaygn53 >> End >> 2020-09-24 13:53:17.957189

gzj82fms0m7 >> Start >> 2020-09-24 13:53:22.584155

gzj82fms0m7 >> Image Returned >> 2020-09-24 13:53:22.584439

gzj82fms0m7 >> End >> 2020-09-24 13:53:22.758965

7uj82cs6p0r >> Start >> 2020-09-24 13:53:23.129013

7uj82cs6p0r >> Image Returned >> 2020-09-24 13:53:23.129331

7uj82cs6p0r >> End >> 2020-09-24 13:53:23.303370

akg7tzqgerr >> Start >> 2020-09-24 13:53:27.780417

akg7tzqgerr >> Image Returned >> 2020-09-24 13:53:27.780709

akg7tzqgerr >> End >> 2020-09-24 13:53:27.976505

6bzn54npxxz >> Start >> 2020-09-24 13:53:28.414125

6bzn54npxxz >> Image Returned >> 2020-09-24 13:53:28.414504

6bzn54npxxz >> End >> 2020-09-24 13:53:28.601196

imrv7k72xif >> Start >> 2020-09-24 13:53:28.917186

imrv7k72xif >> Image Returned >> 2020-09-24 13:53:28.917471

imrv7k72xif >> End >> 2020-09-24 13:53:29.094964

6007dxmbzy3 >> Start >> 2020-09-24 13:53:41.000540

6007dxmbzy3 >> Image Returned >> 2020-09-24 13:53:41.003681

6007dxmbzy3 >> End >> 2020-09-24 13:53:41.187417

xhhbzyufjvx >> Start >> 2020-09-24 13:53:53.245769

xhhbzyufjvx >> Image Returned >> 2020-09-24 13:53:53.248709

xhhbzyufjvx >> End >> 2020-09-24 13:53:53.432981

mb6r3iqbhku >> Start >> 2020-09-24 13:58:56.377623

mb6r3iqbhku >> Image Returned >> 2020-09-24 13:58:56.382293

mb6r3iqbhku >> End >> 2020-09-24 13:58:56.555947

hrg4nwpy62k >> Start >> 2020-09-24 14:11:17.832458

hrg4nwpy62k >> Image Returned >> 2020-09-24 14:11:17.836042

hrg4nwpy62k >> End >> 2020-09-24 14:11:17.991650

67zgnfmu3pu >> Start >> 2020-09-24 14:16:09.151070

67zgnfmu3pu >> Image Returned >> 2020-09-24 14:16:09.154335

67zgnfmu3pu >> End >> 2020-09-24 14:16:09.312331

7dvxn2ccgtk >> Start >> 2020-09-24 14:17:52.477173

7dvxn2ccgtk >> Image Returned >> 2020-09-24 14:17:52.480988

7dvxn2ccgtk >> End >> 2020-09-24 14:17:52.635802

rutrgvphk4x >> Start >> 2020-09-24 14:18:50.912497

rutrgvphk4x >> Image Returned >> 2020-09-24 14:18:50.916584

rutrgvphk4x >> End >> 2020-09-24 14:18:51.082123

tjipk77m7qy >> Start >> 2020-09-24 14:24:50.366432

tjipk77m7qy >> Image Returned >> 2020-09-24 14:24:50.369415

tjipk77m7qy >> End >> 2020-09-24 14:24:50.552983

yqmdrmgo4av >> Start >> 2020-09-24 14:24:57.445605

yqmdrmgo4av >> Image Returned >> 2020-09-24 14:24:57.445981

yqmdrmgo4av >> End >> 2020-09-24 14:24:57.600369

p80od4jt5zy >> Start >> 2020-09-24 14:29:53.370415

p80od4jt5zy >> Image Returned >> 2020-09-24 14:29:53.373743

p80od4jt5zy >> End >> 2020-09-24 14:29:53.527730

f06nvp86und >> Start >> 2020-09-24 14:31:46.692497

f06nvp86und >> Image Returned >> 2020-09-24 14:31:46.695326

f06nvp86und >> End >> 2020-09-24 14:31:46.857361

zd5ra55ckz0 >> Start >> 2020-09-24 14:32:24.329665

zd5ra55ckz0 >> Image Returned >> 2020-09-24 14:32:24.333170

zd5ra55ckz0 >> End >> 2020-09-24 14:32:24.497772

sbpnci07efc >> Start >> 2020-09-24 14:35:41.737227

sbpnci07efc >> Image Returned >> 2020-09-24 14:35:41.740008

sbpnci07efc >> End >> 2020-09-24 14:35:41.902580

mf8ehcijkrm >> Start >> 2020-09-24 14:37:13.334418

mf8ehcijkrm >> Image Returned >> 2020-09-24 14:37:13.337455

mf8ehcijkrm >> End >> 2020-09-24 14:37:13.522319

evakwyfan4a >> Start >> 2020-09-24 14:39:46.504483

evakwyfan4a >> Image Returned >> 2020-09-24 14:39:46.507344

evakwyfan4a >> End >> 2020-09-24 14:39:46.665754

4f05n6qtmke >> Start >> 2020-09-24 14:41:53.942681

4f05n6qtmke >> Image Returned >> 2020-09-24 14:41:53.947659

4f05n6qtmke >> End >> 2020-09-24 14:41:54.125103

aej8epq0mjg >> Start >> 2020-09-24 14:42:22.371611

aej8epq0mjg >> Image Returned >> 2020-09-24 14:42:22.374325

aej8epq0mjg >> End >> 2020-09-24 14:42:22.537103

gv6gij8j0ka >> Start >> 2020-09-24 14:43:28.789206

gv6gij8j0ka >> Image Returned >> 2020-09-24 14:43:28.791923

gv6gij8j0ka >> End >> 2020-09-24 14:43:28.962599

r0wq8o8qpri >> Start >> 2020-09-24 14:44:10.766294

r0wq8o8qpri >> Image Returned >> 2020-09-24 14:44:10.769550

r0wq8o8qpri >> End >> 2020-09-24 14:44:10.946798

zbkhbd3r66t >> Start >> 2020-09-24 14:51:04.462018

zbkhbd3r66t >> Image Returned >> 2020-09-24 14:51:04.465842

zbkhbd3r66t >> End >> 2020-09-24 14:51:04.627413

vfumjkqwvsr >> Start >> 2020-09-24 14:51:47.063925

vfumjkqwvsr >> Image Returned >> 2020-09-24 14:51:47.066725

vfumjkqwvsr >> End >> 2020-09-24 14:51:47.220077

65wzpup5fee >> Start >> 2020-09-24 15:10:06.294461

65wzpup5fee >> Image Returned >> 2020-09-24 15:10:06.297760

65wzpup5fee >> End >> 2020-09-24 15:10:06.470447

ugb5tmrxf2f >> Start >> 2020-09-24 15:10:52.907474

ugb5tmrxf2f >> Image Returned >> 2020-09-24 15:10:52.910259

ugb5tmrxf2f >> End >> 2020-09-24 15:10:53.079243

hirt2g5zpg3 >> Start >> 2020-09-24 15:12:08.579763

hirt2g5zpg3 >> Image Returned >> 2020-09-24 15:12:08.584312

hirt2g5zpg3 >> End >> 2020-09-24 15:12:08.755350

qdbjjin7qdn >> Start >> 2020-09-24 15:40:03.343847

qdbjjin7qdn >> Image Returned >> 2020-09-24 15:40:03.347178

qdbjjin7qdn >> End >> 2020-09-24 15:40:03.520411

kr5eqmv8qkn >> Start >> 2020-09-24 15:45:31.407507

kr5eqmv8qkn >> Image Returned >> 2020-09-24 15:45:31.410626

kr5eqmv8qkn >> End >> 2020-09-24 15:45:31.586209

4xqs6n52odx >> Start >> 2020-09-24 15:47:12.503439

4xqs6n52odx >> Image Returned >> 2020-09-24 15:47:12.507919

4xqs6n52odx >> End >> 2020-09-24 15:47:12.684468

veqkdgsbyg3 >> Start >> 2020-09-24 15:50:03.229332

veqkdgsbyg3 >> Image Returned >> 2020-09-24 15:50:03.232247

veqkdgsbyg3 >> End >> 2020-09-24 15:50:03.407043

xk30sudbi3e >> Start >> 2020-09-24 15:53:00.347376

xk30sudbi3e >> Image Returned >> 2020-09-24 15:53:00.352344

xk30sudbi3e >> End >> 2020-09-24 15:53:00.567966

c6rna3xkmck >> Start >> 2020-09-24 15:53:12.584913

c6rna3xkmck >> Image Returned >> 2020-09-24 15:53:12.588644

c6rna3xkmck >> End >> 2020-09-24 15:53:12.758415

bxj7t33dbvy >> Start >> 2020-09-24 15:54:35.347553

bxj7t33dbvy >> Image Returned >> 2020-09-24 15:54:35.350996

bxj7t33dbvy >> End >> 2020-09-24 15:54:35.492655

badrd7ktfmy >> Start >> 2020-09-24 16:00:00.111294

badrd7ktfmy >> Image Returned >> 2020-09-24 16:00:00.114537

badrd7ktfmy >> End >> 2020-09-24 16:00:00.294569

qfss4y4j3cf >> Start >> 2020-09-24 16:01:21.034050

qfss4y4j3cf >> Image Returned >> 2020-09-24 16:01:21.036936

qfss4y4j3cf >> End >> 2020-09-24 16:01:21.204916

irojpwxkzr3 >> Start >> 2020-09-24 16:02:43.739749

irojpwxkzr3 >> Image Returned >> 2020-09-24 16:02:43.742944

irojpwxkzr3 >> End >> 2020-09-24 16:02:43.930339

87ekwwuv4zc >> Start >> 2020-09-24 16:05:06.578449

87ekwwuv4zc >> Image Returned >> 2020-09-24 16:05:06.583066

87ekwwuv4zc >> End >> 2020-09-24 16:05:06.760271

ucp3a2f4cps >> Start >> 2020-09-24 16:05:19.648056

ucp3a2f4cps >> Image Returned >> 2020-09-24 16:05:19.652034

ucp3a2f4cps >> End >> 2020-09-24 16:05:19.835781

d443633s7hy >> Start >> 2020-09-24 16:06:05.482115

d443633s7hy >> Image Returned >> 2020-09-24 16:06:05.485193

d443633s7hy >> End >> 2020-09-24 16:06:05.664700

hgf6nnnywh0 >> Start >> 2020-09-24 16:07:30.594079

hgf6nnnywh0 >> Image Returned >> 2020-09-24 16:07:30.597512

hgf6nnnywh0 >> End >> 2020-09-24 16:07:30.793711

5oiaxvj2kys >> Start >> 2020-09-24 16:11:13.063452

5oiaxvj2kys >> Image Returned >> 2020-09-24 16:11:13.066571

5oiaxvj2kys >> End >> 2020-09-24 16:11:13.261755

zm5gt2fg758 >> Start >> 2020-09-24 16:14:37.017294

zm5gt2fg758 >> Image Returned >> 2020-09-24 16:14:37.020086

zm5gt2fg758 >> End >> 2020-09-24 16:14:37.207839

yw0icftus8c >> Start >> 2020-09-24 16:21:44.205984

yw0icftus8c >> Image Returned >> 2020-09-24 16:21:44.209568

yw0icftus8c >> End >> 2020-09-24 16:21:44.383516

gueavppmern >> Start >> 2020-09-24 16:23:25.021614

gueavppmern >> Image Returned >> 2020-09-24 16:23:25.024425

gueavppmern >> End >> 2020-09-24 16:23:25.209944

ztik52kx0oq >> Start >> 2020-09-24 16:23:55.821340

ztik52kx0oq >> Image Returned >> 2020-09-24 16:23:55.824460

ztik52kx0oq >> End >> 2020-09-24 16:23:55.997648

naadpp402wx >> Start >> 2020-09-24 16:27:47.520714

naadpp402wx >> Image Returned >> 2020-09-24 16:27:47.523639

naadpp402wx >> End >> 2020-09-24 16:27:47.706538

xxt7n4zrzsk >> Start >> 2020-09-24 16:50:09.831053

xxt7n4zrzsk >> Image Returned >> 2020-09-24 16:50:09.833933

xxt7n4zrzsk >> End >> 2020-09-24 16:50:10.039900

afkzgo833kq >> Start >> 2020-09-24 16:50:54.267200

afkzgo833kq >> Image Returned >> 2020-09-24 16:50:54.270097

afkzgo833kq >> End >> 2020-09-24 16:50:54.466619

74vphko0rhx >> Start >> 2020-09-24 17:00:18.519804

74vphko0rhx >> Image Returned >> 2020-09-24 17:00:18.522649

74vphko0rhx >> End >> 2020-09-24 17:00:18.720593

36egepk7ifm >> Start >> 2020-09-24 17:01:07.632682

36egepk7ifm >> Image Returned >> 2020-09-24 17:01:07.635683

36egepk7ifm >> End >> 2020-09-24 17:01:07.887840

0b4dvipx0rj >> Start >> 2020-09-24 17:02:39.938090

0b4dvipx0rj >> Image Returned >> 2020-09-24 17:02:39.941116

0b4dvipx0rj >> End >> 2020-09-24 17:02:40.158484

srunh7dve5e >> Start >> 2020-09-24 17:12:58.740528

srunh7dve5e >> Image Returned >> 2020-09-24 17:12:58.745018

srunh7dve5e >> End >> 2020-09-24 17:12:58.941972

r4p8jjkq8vh >> Start >> 2020-09-24 17:21:15.731905

r4p8jjkq8vh >> Image Returned >> 2020-09-24 17:21:15.735018

r4p8jjkq8vh >> End >> 2020-09-24 17:21:15.926486

yhpo5szo4sp >> Start >> 2020-09-24 17:23:33.356610

yhpo5szo4sp >> Image Returned >> 2020-09-24 17:23:33.359630

yhpo5szo4sp >> End >> 2020-09-24 17:23:33.557241

qhbkxkbsyoj >> Start >> 2020-09-24 17:26:41.809962

qhbkxkbsyoj >> Image Returned >> 2020-09-24 17:26:41.813575

qhbkxkbsyoj >> End >> 2020-09-24 17:26:42.009448

85423mgax0x >> Start >> 2020-09-24 17:28:51.951904

85423mgax0x >> Image Returned >> 2020-09-24 17:28:51.954651

85423mgax0x >> End >> 2020-09-24 17:28:52.145355

x4oduj0jxko >> Start >> 2020-09-24 17:40:19.109683

x4oduj0jxko >> Image Returned >> 2020-09-24 17:40:19.113078

x4oduj0jxko >> End >> 2020-09-24 17:40:19.290501

q7dmr8i7bu2 >> Start >> 2020-09-24 17:43:10.771168

q7dmr8i7bu2 >> Image Returned >> 2020-09-24 17:43:10.774283

q7dmr8i7bu2 >> End >> 2020-09-24 17:43:10.950869

grkbm5oxdad >> Start >> 2020-09-24 17:45:07.398128

grkbm5oxdad >> Image Returned >> 2020-09-24 17:45:07.401851

grkbm5oxdad >> End >> 2020-09-24 17:45:07.587091

0s40z7gkuso >> Start >> 2020-09-24 17:45:20.397910

0s40z7gkuso >> Image Returned >> 2020-09-24 17:45:20.400790

0s40z7gkuso >> End >> 2020-09-24 17:45:20.571527

6extrss5eyf >> Start >> 2020-09-24 17:46:08.001102

6extrss5eyf >> Image Returned >> 2020-09-24 17:46:08.003992

6extrss5eyf >> End >> 2020-09-24 17:46:08.169070

z4oz7mcqbih >> Start >> 2020-09-24 17:50:10.087218

z4oz7mcqbih >> Image Returned >> 2020-09-24 17:50:10.090651

z4oz7mcqbih >> End >> 2020-09-24 17:50:10.291106

qjk4tykq5im >> Start >> 2020-09-24 17:50:37.957751

qjk4tykq5im >> Image Returned >> 2020-09-24 17:50:37.960551

qjk4tykq5im >> End >> 2020-09-24 17:50:38.131611

okcxi037qdu >> Start >> 2020-09-24 17:58:26.485743

okcxi037qdu >> Image Returned >> 2020-09-24 17:58:26.488975

okcxi037qdu >> End >> 2020-09-24 17:58:26.677932

7wkh6wgkkjz >> Start >> 2020-09-24 17:59:08.451105

7wkh6wgkkjz >> Image Returned >> 2020-09-24 17:59:08.454169

7wkh6wgkkjz >> End >> 2020-09-24 17:59:08.644999

wr8iq4b5bdh >> Start >> 2020-09-24 18:00:09.070210

wr8iq4b5bdh >> Image Returned >> 2020-09-24 18:00:09.073407

wr8iq4b5bdh >> End >> 2020-09-24 18:00:09.267577

dta508d4vrw >> Start >> 2020-09-24 18:08:21.878962

dta508d4vrw >> Image Returned >> 2020-09-24 18:08:21.882081

dta508d4vrw >> End >> 2020-09-24 18:08:22.064229

k2rqpp4jo68 >> Start >> 2020-09-24 18:12:24.226074

k2rqpp4jo68 >> Image Returned >> 2020-09-24 18:12:24.229433

k2rqpp4jo68 >> End >> 2020-09-24 18:12:24.401993

5vw4wqfv3kz >> Start >> 2020-09-24 18:19:10.682847

5vw4wqfv3kz >> Image Returned >> 2020-09-24 18:19:10.685761

5vw4wqfv3kz >> End >> 2020-09-24 18:19:10.860997

z76363725qz >> Start >> 2020-09-24 18:21:48.911883

z76363725qz >> Image Returned >> 2020-09-24 18:21:48.914869

z76363725qz >> End >> 2020-09-24 18:21:49.092327

ma7kv4pwpcy >> Start >> 2020-09-24 18:24:39.330225

ma7kv4pwpcy >> Image Returned >> 2020-09-24 18:24:39.333127

ma7kv4pwpcy >> End >> 2020-09-24 18:24:39.514501

h2nd6qz0aeh >> Start >> 2020-09-24 18:26:11.035790

h2nd6qz0aeh >> Image Returned >> 2020-09-24 18:26:11.039278

h2nd6qz0aeh >> End >> 2020-09-24 18:26:11.209330

2tiiz5tero8 >> Start >> 2020-09-24 18:26:33.710640

2tiiz5tero8 >> Image Returned >> 2020-09-24 18:26:33.713521

2tiiz5tero8 >> End >> 2020-09-24 18:26:33.911803

uepyyv337rk >> Start >> 2020-09-24 18:31:04.371176

uepyyv337rk >> Image Returned >> 2020-09-24 18:31:04.374340

uepyyv337rk >> End >> 2020-09-24 18:31:04.558413

r0zr4f203av >> Start >> 2020-09-24 18:32:03.620728

r0zr4f203av >> Image Returned >> 2020-09-24 18:32:03.624136

r0zr4f203av >> End >> 2020-09-24 18:32:03.794595

rkpouv0u2em >> Start >> 2020-09-24 18:33:25.871820

rkpouv0u2em >> Image Returned >> 2020-09-24 18:33:25.874710

rkpouv0u2em >> End >> 2020-09-24 18:33:26.044907

7bo754u2r2z >> Start >> 2020-09-24 18:37:34.962836

7bo754u2r2z >> Image Returned >> 2020-09-24 18:37:34.967823

7bo754u2r2z >> End >> 2020-09-24 18:37:35.141132

ps4pm53wt8w >> Start >> 2020-09-24 18:38:28.531121

ps4pm53wt8w >> Image Returned >> 2020-09-24 18:38:28.533500

ps4pm53wt8w >> End >> 2020-09-24 18:38:28.703942

aah0xjcf3p3 >> Start >> 2020-09-24 18:39:48.999392

aah0xjcf3p3 >> Image Returned >> 2020-09-24 18:39:49.002338

aah0xjcf3p3 >> End >> 2020-09-24 18:39:49.170996

kssw7d00hms >> Start >> 2020-09-24 18:42:20.057162

kssw7d00hms >> Image Returned >> 2020-09-24 18:42:20.060864

kssw7d00hms >> End >> 2020-09-24 18:42:20.228338

kac5af5a3xg >> Start >> 2020-09-24 18:42:26.333858

kac5af5a3xg >> Image Returned >> 2020-09-24 18:42:26.334151

kac5af5a3xg >> End >> 2020-09-24 18:42:26.547544

bhz7kbkjzif >> Start >> 2020-09-24 18:42:52.338141

bhz7kbkjzif >> Image Returned >> 2020-09-24 18:42:52.341036

bhz7kbkjzif >> End >> 2020-09-24 18:42:52.524312

2yeeaztynxs >> Start >> 2020-09-24 18:43:52.705310

2yeeaztynxs >> Image Returned >> 2020-09-24 18:43:52.708214

2yeeaztynxs >> End >> 2020-09-24 18:43:52.887684

5360585067k >> Start >> 2020-09-24 18:44:31.596575

5360585067k >> Image Returned >> 2020-09-24 18:44:31.599822

5360585067k >> End >> 2020-09-24 18:44:31.774013

7bqbn5u7d87 >> Start >> 2020-09-24 18:45:47.220145

7bqbn5u7d87 >> Image Returned >> 2020-09-24 18:45:47.224071

7bqbn5u7d87 >> End >> 2020-09-24 18:45:47.414635

qpt2v350ev6 >> Start >> 2020-09-24 18:48:06.804080

qpt2v350ev6 >> Image Returned >> 2020-09-24 18:48:06.809369

qpt2v350ev6 >> End >> 2020-09-24 18:48:06.995740

0ucv0tiiqva >> Start >> 2020-09-24 18:48:48.196611

0ucv0tiiqva >> Image Returned >> 2020-09-24 18:48:48.199568

0ucv0tiiqva >> End >> 2020-09-24 18:48:48.383826

m6o22bx05hs >> Start >> 2020-09-24 18:49:01.415092

m6o22bx05hs >> Image Returned >> 2020-09-24 18:49:01.418024

m6o22bx05hs >> End >> 2020-09-24 18:49:01.611479

xc3eqit6xk0 >> Start >> 2020-09-24 18:50:47.943342

xc3eqit6xk0 >> Image Returned >> 2020-09-24 18:50:47.946223

xc3eqit6xk0 >> End >> 2020-09-24 18:50:48.111479

dsp5jbfauka >> Start >> 2020-09-24 18:52:26.196173

dsp5jbfauka >> Image Returned >> 2020-09-24 18:52:26.200228

dsp5jbfauka >> End >> 2020-09-24 18:52:26.378983

qr5pvj5unx4 >> Start >> 2020-09-24 18:54:58.870040

qr5pvj5unx4 >> Image Returned >> 2020-09-24 18:54:58.873366

qr5pvj5unx4 >> End >> 2020-09-24 18:54:59.051557

8q2kwe5qivf >> Start >> 2020-09-24 19:09:31.826719

8q2kwe5qivf >> Image Returned >> 2020-09-24 19:09:31.830671

8q2kwe5qivf >> End >> 2020-09-24 19:09:31.994545

pui0wkwm832 >> Start >> 2020-09-24 19:10:11.172281

pui0wkwm832 >> Image Returned >> 2020-09-24 19:10:11.175148

pui0wkwm832 >> End >> 2020-09-24 19:10:11.371958

05muny3nhud >> Start >> 2020-09-24 19:12:34.852391

05muny3nhud >> Image Returned >> 2020-09-24 19:12:34.855978

05muny3nhud >> End >> 2020-09-24 19:12:35.029655

jn0vmy5t604 >> Start >> 2020-09-24 19:12:42.465274

jn0vmy5t604 >> Image Returned >> 2020-09-24 19:12:42.465555

jn0vmy5t604 >> End >> 2020-09-24 19:12:42.632188

n8x5rwzjvnj >> Start >> 2020-09-24 19:18:49.282111

n8x5rwzjvnj >> Image Returned >> 2020-09-24 19:18:49.285197

n8x5rwzjvnj >> End >> 2020-09-24 19:18:49.453133

yaa85okh00j >> Start >> 2020-09-24 19:21:06.710002

yaa85okh00j >> Image Returned >> 2020-09-24 19:21:06.713824

yaa85okh00j >> End >> 2020-09-24 19:21:06.884159

dohkirhibej >> Start >> 2020-09-24 19:23:27.304805

dohkirhibej >> Image Returned >> 2020-09-24 19:23:27.308659

dohkirhibej >> End >> 2020-09-24 19:23:27.504981

2j4mmdc0gv8 >> Start >> 2020-09-24 19:25:09.791771

2j4mmdc0gv8 >> Image Returned >> 2020-09-24 19:25:09.795392

2j4mmdc0gv8 >> End >> 2020-09-24 19:25:09.963948

fzkvycbpngt >> Start >> 2020-09-24 19:26:47.484400

fzkvycbpngt >> Image Returned >> 2020-09-24 19:26:47.488178

fzkvycbpngt >> End >> 2020-09-24 19:26:47.656846

d65xqjsdd3b >> Start >> 2020-09-24 19:26:52.048484

d65xqjsdd3b >> Image Returned >> 2020-09-24 19:26:52.048778

d65xqjsdd3b >> End >> 2020-09-24 19:26:52.223761

keuvdgyjvt5 >> Start >> 2020-09-24 19:32:54.529196

keuvdgyjvt5 >> Image Returned >> 2020-09-24 19:32:54.532830

keuvdgyjvt5 >> End >> 2020-09-24 19:32:54.703939

x4a5buhgnfi >> Start >> 2020-09-24 19:33:07.324748

x4a5buhgnfi >> Image Returned >> 2020-09-24 19:33:07.328488

x4a5buhgnfi >> End >> 2020-09-24 19:33:07.497052

n6j2fpqjzbk >> Start >> 2020-09-24 19:33:12.282418

n6j2fpqjzbk >> Image Returned >> 2020-09-24 19:33:12.282737

n6j2fpqjzbk >> End >> 2020-09-24 19:33:12.448503

wfqy8r0fasq >> Start >> 2020-09-24 19:35:07.789629

wfqy8r0fasq >> Image Returned >> 2020-09-24 19:35:07.794765

wfqy8r0fasq >> End >> 2020-09-24 19:35:07.957742

gryffecscy2 >> Start >> 2020-09-24 19:35:46.144033

gryffecscy2 >> Image Returned >> 2020-09-24 19:35:46.146959

gryffecscy2 >> End >> 2020-09-24 19:35:46.330529

g2oetvks4zb >> Start >> 2020-09-24 19:35:59.438287

g2oetvks4zb >> Image Returned >> 2020-09-24 19:35:59.441158

g2oetvks4zb >> End >> 2020-09-24 19:35:59.605257

iy5ieeu4dei >> Start >> 2020-09-24 19:52:16.424313

iy5ieeu4dei >> Image Returned >> 2020-09-24 19:52:16.428920

iy5ieeu4dei >> End >> 2020-09-24 19:52:16.610198

yf8b7pqv8wi >> Start >> 2020-09-24 19:54:42.029750

yf8b7pqv8wi >> Image Returned >> 2020-09-24 19:54:42.033726

yf8b7pqv8wi >> End >> 2020-09-24 19:54:42.212008

h6gp0jcyvzm >> Start >> 2020-09-24 19:59:02.850101

h6gp0jcyvzm >> Image Returned >> 2020-09-24 19:59:02.853213

h6gp0jcyvzm >> End >> 2020-09-24 19:59:03.023866

7wc5rig342f >> Start >> 2020-09-24 20:00:19.711409

7wc5rig342f >> Image Returned >> 2020-09-24 20:00:19.714718

7wc5rig342f >> End >> 2020-09-24 20:00:19.884824

mo2nssydnca >> Start >> 2020-09-24 20:11:51.986243

mo2nssydnca >> Image Returned >> 2020-09-24 20:11:51.990142

mo2nssydnca >> End >> 2020-09-24 20:11:52.157141

hzqf7nw0zym >> Start >> 2020-09-24 20:12:21.309053

hzqf7nw0zym >> Image Returned >> 2020-09-24 20:12:21.312844

hzqf7nw0zym >> End >> 2020-09-24 20:12:21.484832

fws77zkm6qx >> Start >> 2020-09-24 20:27:07.635130

fws77zkm6qx >> Image Returned >> 2020-09-24 20:27:07.639805

fws77zkm6qx >> End >> 2020-09-24 20:27:07.817006

k5fvpycsyxy >> Start >> 2020-09-24 20:30:04.923365

k5fvpycsyxy >> Image Returned >> 2020-09-24 20:30:04.928456

k5fvpycsyxy >> End >> 2020-09-24 20:30:05.106251

ghcu3mc38jw >> Start >> 2020-09-24 20:31:52.770227

ghcu3mc38jw >> Image Returned >> 2020-09-24 20:31:52.774657

ghcu3mc38jw >> End >> 2020-09-24 20:31:52.944647

bckz66d8wk8 >> Start >> 2020-09-24 20:32:45.941982

bckz66d8wk8 >> Image Returned >> 2020-09-24 20:32:45.945383

bckz66d8wk8 >> End >> 2020-09-24 20:32:46.129899

8wbaxwi4qjb >> Start >> 2020-09-24 20:35:56.738123

8wbaxwi4qjb >> Image Returned >> 2020-09-24 20:35:56.742697

8wbaxwi4qjb >> End >> 2020-09-24 20:35:56.939848

z6bhu3yra3n >> Start >> 2020-09-24 20:40:50.842452

z6bhu3yra3n >> Image Returned >> 2020-09-24 20:40:50.846205

z6bhu3yra3n >> End >> 2020-09-24 20:40:51.025736

sk0uj7v0zi7 >> Start >> 2020-09-24 20:43:29.076783

sk0uj7v0zi7 >> Image Returned >> 2020-09-24 20:43:29.080101

sk0uj7v0zi7 >> End >> 2020-09-24 20:43:29.259015

phjon5t6z22 >> Start >> 2020-09-24 20:55:07.492497

phjon5t6z22 >> Image Returned >> 2020-09-24 20:55:07.496171

phjon5t6z22 >> End >> 2020-09-24 20:55:07.682356

27i66o8rygn >> Start >> 2020-09-24 20:56:02.148654

27i66o8rygn >> Image Returned >> 2020-09-24 20:56:02.151909

27i66o8rygn >> End >> 2020-09-24 20:56:02.350136

jktrhf54fux >> Start >> 2020-09-24 20:59:14.418863

jktrhf54fux >> Image Returned >> 2020-09-24 20:59:14.422215

jktrhf54fux >> End >> 2020-09-24 20:59:14.608278

aa688b7pips >> Start >> 2020-09-24 21:06:31.954127

aa688b7pips >> Image Returned >> 2020-09-24 21:06:31.958276

aa688b7pips >> End >> 2020-09-24 21:06:32.134430

722zy4i0xdk >> Start >> 2020-09-24 21:10:55.465827

722zy4i0xdk >> Image Returned >> 2020-09-24 21:10:55.469531

722zy4i0xdk >> End >> 2020-09-24 21:10:55.638993

zc3h675t8p4 >> Start >> 2020-09-24 21:11:33.010618

zc3h675t8p4 >> Image Returned >> 2020-09-24 21:11:33.014146

zc3h675t8p4 >> End >> 2020-09-24 21:11:33.186784

dq2ctczgtgm >> Start >> 2020-09-24 21:12:42.020452

dq2ctczgtgm >> Image Returned >> 2020-09-24 21:12:42.024017

dq2ctczgtgm >> End >> 2020-09-24 21:12:42.208980

os2dyyzdfb2 >> Start >> 2020-09-24 21:20:08.726658

os2dyyzdfb2 >> Image Returned >> 2020-09-24 21:20:08.730669

os2dyyzdfb2 >> End >> 2020-09-24 21:20:08.897413

xvgisstwso2 >> Start >> 2020-09-24 21:21:25.618118

xvgisstwso2 >> Image Returned >> 2020-09-24 21:21:25.621057

xvgisstwso2 >> End >> 2020-09-24 21:21:25.784282

bi382zg5pfm >> Start >> 2020-09-24 21:27:48.373402

bi382zg5pfm >> Image Returned >> 2020-09-24 21:27:48.377698

bi382zg5pfm >> End >> 2020-09-24 21:27:48.541621

6amng0exrag >> Start >> 2020-09-24 21:28:59.282283

6amng0exrag >> Image Returned >> 2020-09-24 21:28:59.285571

6amng0exrag >> End >> 2020-09-24 21:28:59.449810

b5uanh58j7t >> Start >> 2020-09-24 21:33:02.918160

b5uanh58j7t >> Image Returned >> 2020-09-24 21:33:02.922919

b5uanh58j7t >> End >> 2020-09-24 21:33:03.063899

xujimxxhe2b >> Start >> 2020-09-24 21:39:54.675640

xujimxxhe2b >> Image Returned >> 2020-09-24 21:39:54.678649

xujimxxhe2b >> End >> 2020-09-24 21:39:54.849728

u652h7mh6bw >> Start >> 2020-09-24 21:46:19.296502

u652h7mh6bw >> Image Returned >> 2020-09-24 21:46:19.301055

u652h7mh6bw >> End >> 2020-09-24 21:46:19.471291

t4q3bokk8wz >> Start >> 2020-09-24 21:56:43.669058

t4q3bokk8wz >> Image Returned >> 2020-09-24 21:56:43.673273

t4q3bokk8wz >> End >> 2020-09-24 21:56:43.894357

do4bnfwwyip >> Start >> 2020-09-24 22:00:25.510754

do4bnfwwyip >> Image Returned >> 2020-09-24 22:00:25.514287

do4bnfwwyip >> End >> 2020-09-24 22:00:25.700637

cyicrv8qayx >> Start >> 2020-09-24 22:01:11.832010

cyicrv8qayx >> Image Returned >> 2020-09-24 22:01:11.835588

cyicrv8qayx >> End >> 2020-09-24 22:01:12.003086

50rqfvqv77p >> Start >> 2020-09-24 22:10:39.795840

50rqfvqv77p >> Image Returned >> 2020-09-24 22:10:39.799478

50rqfvqv77p >> End >> 2020-09-24 22:10:39.969934

0tq6p85wxg3 >> Start >> 2020-09-24 22:10:55.964129

0tq6p85wxg3 >> Image Returned >> 2020-09-24 22:10:55.967148

0tq6p85wxg3 >> End >> 2020-09-24 22:10:56.138818

v3azxt5f8n8 >> Start >> 2020-09-24 22:15:53.511030

v3azxt5f8n8 >> Image Returned >> 2020-09-24 22:15:53.514652

v3azxt5f8n8 >> End >> 2020-09-24 22:15:53.701113

4vxcubecqpo >> Start >> 2020-09-24 22:20:43.699158

4vxcubecqpo >> Image Returned >> 2020-09-24 22:20:43.703223

4vxcubecqpo >> End >> 2020-09-24 22:20:43.880978

we7c2xo03th >> Start >> 2020-09-24 22:39:24.825226

we7c2xo03th >> Image Returned >> 2020-09-24 22:39:24.828665

we7c2xo03th >> End >> 2020-09-24 22:39:25.000247

k8atrjipx5n >> Start >> 2020-09-24 23:01:47.896476

k8atrjipx5n >> Image Returned >> 2020-09-24 23:01:47.899950

k8atrjipx5n >> End >> 2020-09-24 23:01:48.112303

esektafau5w >> Start >> 2020-09-24 23:11:27.270725

esektafau5w >> Image Returned >> 2020-09-24 23:11:27.274501

esektafau5w >> End >> 2020-09-24 23:11:27.467071

w2hwe4feviw >> Start >> 2020-09-24 23:11:52.135682

w2hwe4feviw >> Image Returned >> 2020-09-24 23:11:52.138848

w2hwe4feviw >> End >> 2020-09-24 23:11:52.301964

i5mnktwozzx >> Start >> 2020-09-24 23:24:14.546731

i5mnktwozzx >> Image Returned >> 2020-09-24 23:24:14.550592

i5mnktwozzx >> End >> 2020-09-24 23:24:14.716862

gnycd0c8egq >> Start >> 2020-09-24 23:48:01.925515

gnycd0c8egq >> Image Returned >> 2020-09-24 23:48:01.929230

gnycd0c8egq >> End >> 2020-09-24 23:48:02.100321

