mc7kt5dyxio >> Start >> 2020-09-08 00:13:00.936624

mc7kt5dyxio >> Image Returned >> 2020-09-08 00:13:00.940582

mc7kt5dyxio >> End >> 2020-09-08 00:13:01.092137

kuz4c5dpw7s >> Start >> 2020-09-08 00:25:19.844520

kuz4c5dpw7s >> Image Returned >> 2020-09-08 00:25:19.850012

kuz4c5dpw7s >> End >> 2020-09-08 00:25:19.978300

cr43vb52hac >> Start >> 2020-09-08 00:28:08.002408

cr43vb52hac >> Image Returned >> 2020-09-08 00:28:08.007215

cr43vb52hac >> End >> 2020-09-08 00:28:08.133377

q7qtekmofon >> Start >> 2020-09-08 00:29:06.306624

q7qtekmofon >> Image Returned >> 2020-09-08 00:29:06.310551

q7qtekmofon >> End >> 2020-09-08 00:29:06.436834

r48z4w37aua >> Start >> 2020-09-08 00:34:32.123843

r48z4w37aua >> Image Returned >> 2020-09-08 00:34:32.128315

r48z4w37aua >> End >> 2020-09-08 00:34:32.280078

nn6vp0mxg48 >> Start >> 2020-09-08 00:51:42.535346

nn6vp0mxg48 >> Image Returned >> 2020-09-08 00:51:42.539271

nn6vp0mxg48 >> End >> 2020-09-08 00:51:42.694216

shoer0mmtm5 >> Start >> 2020-09-08 01:03:16.870605

shoer0mmtm5 >> Image Returned >> 2020-09-08 01:03:16.874862

shoer0mmtm5 >> End >> 2020-09-08 01:03:17.077985

dtvweh5auom >> Start >> 2020-09-08 01:30:03.583437

dtvweh5auom >> Image Returned >> 2020-09-08 01:30:03.588159

dtvweh5auom >> End >> 2020-09-08 01:30:03.761260

5rg55si6nds >> Start >> 2020-09-08 01:38:50.165601

5rg55si6nds >> Image Returned >> 2020-09-08 01:38:50.170187

5rg55si6nds >> End >> 2020-09-08 01:38:50.367342

8r4f6oi50r5 >> Start >> 2020-09-08 01:42:59.198726

8r4f6oi50r5 >> Image Returned >> 2020-09-08 01:42:59.203229

8r4f6oi50r5 >> End >> 2020-09-08 01:42:59.401910

h2tq5v0knq2 >> Start >> 2020-09-08 01:52:48.183533

h2tq5v0knq2 >> Image Returned >> 2020-09-08 01:52:48.188126

h2tq5v0knq2 >> End >> 2020-09-08 01:52:48.390372

4kaantjqsor >> Start >> 2020-09-08 03:23:00.055928

4kaantjqsor >> Image Returned >> 2020-09-08 03:23:00.061512

4kaantjqsor >> End >> 2020-09-08 03:23:00.264081

04j8vmk8ym4 >> Start >> 2020-09-08 03:31:59.054312

04j8vmk8ym4 >> Image Returned >> 2020-09-08 03:31:59.057094

04j8vmk8ym4 >> End >> 2020-09-08 03:31:59.255237

a63r82tu8ry >> Start >> 2020-09-08 03:46:13.860107

a63r82tu8ry >> Image Returned >> 2020-09-08 03:46:13.862760

a63r82tu8ry >> End >> 2020-09-08 03:46:14.059514

t48nnfs5mtq >> Start >> 2020-09-08 04:25:58.008460

t48nnfs5mtq >> Image Returned >> 2020-09-08 04:25:58.011593

t48nnfs5mtq >> End >> 2020-09-08 04:25:58.212475

ewc6zmjfue0 >> Start >> 2020-09-08 04:26:44.538968

ewc6zmjfue0 >> Image Returned >> 2020-09-08 04:26:44.541901

ewc6zmjfue0 >> End >> 2020-09-08 04:26:44.735518

dieppfawomf >> Start >> 2020-09-08 04:44:20.742564

dieppfawomf >> Image Returned >> 2020-09-08 04:44:20.745524

dieppfawomf >> End >> 2020-09-08 04:44:20.914243

hoy62ahbquf >> Start >> 2020-09-08 05:13:08.506721

hoy62ahbquf >> Image Returned >> 2020-09-08 05:13:08.509485

hoy62ahbquf >> End >> 2020-09-08 05:13:08.668169

xawa5fq33zn >> Start >> 2020-09-08 05:19:22.837496

xawa5fq33zn >> Image Returned >> 2020-09-08 05:19:22.840184

xawa5fq33zn >> End >> 2020-09-08 05:19:23.014273

n4mz8zxc0ii >> Start >> 2020-09-08 05:26:34.808818

n4mz8zxc0ii >> Image Returned >> 2020-09-08 05:26:34.811737

n4mz8zxc0ii >> End >> 2020-09-08 05:26:34.974981

pb2vju8kpmq >> Start >> 2020-09-08 05:35:04.912858

pb2vju8kpmq >> Image Returned >> 2020-09-08 05:35:04.916085

pb2vju8kpmq >> End >> 2020-09-08 05:35:05.051419

nysvp4e4s64 >> Start >> 2020-09-08 05:35:33.118480

nysvp4e4s64 >> Image Returned >> 2020-09-08 05:35:33.121143

nysvp4e4s64 >> End >> 2020-09-08 05:35:33.261461

wyxyp4267oa >> Start >> 2020-09-08 05:44:55.743439

wyxyp4267oa >> Image Returned >> 2020-09-08 05:44:55.746323

wyxyp4267oa >> End >> 2020-09-08 05:44:55.903171

o5kif43kc76 >> Start >> 2020-09-08 05:49:03.247941

o5kif43kc76 >> Image Returned >> 2020-09-08 05:49:03.251002

o5kif43kc76 >> End >> 2020-09-08 05:49:03.411948

exg8ffus0bn >> Start >> 2020-09-08 05:50:28.386679

exg8ffus0bn >> Image Returned >> 2020-09-08 05:50:28.389595

exg8ffus0bn >> End >> 2020-09-08 05:50:28.567142

wo2r2jtwv4r >> Start >> 2020-09-08 06:22:41.036541

wo2r2jtwv4r >> Image Returned >> 2020-09-08 06:22:41.039330

wo2r2jtwv4r >> End >> 2020-09-08 06:22:41.195666

7sxwh2mrku6 >> Start >> 2020-09-08 06:31:52.373163

7sxwh2mrku6 >> Image Returned >> 2020-09-08 06:31:52.375909

7sxwh2mrku6 >> End >> 2020-09-08 06:31:52.541017

04kvv8frxmd >> Start >> 2020-09-08 06:37:37.225059

04kvv8frxmd >> Image Returned >> 2020-09-08 06:37:37.228163

04kvv8frxmd >> End >> 2020-09-08 06:37:37.390130

bzsxrqau7do >> Start >> 2020-09-08 06:39:01.942045

bzsxrqau7do >> Image Returned >> 2020-09-08 06:39:01.946250

bzsxrqau7do >> End >> 2020-09-08 06:39:02.165174

u773ruy3twj >> Start >> 2020-09-08 06:42:14.412561

u773ruy3twj >> Image Returned >> 2020-09-08 06:42:14.415316

u773ruy3twj >> End >> 2020-09-08 06:42:14.561345

j7evkhypasj >> Start >> 2020-09-08 06:54:53.183804

j7evkhypasj >> Image Returned >> 2020-09-08 06:54:53.186547

j7evkhypasj >> End >> 2020-09-08 06:54:53.352229

wr8bpttvut4 >> Start >> 2020-09-08 07:07:58.956042

wr8bpttvut4 >> Image Returned >> 2020-09-08 07:07:58.959038

wr8bpttvut4 >> End >> 2020-09-08 07:07:59.110168

bmm0ja7yhvt >> Start >> 2020-09-08 07:10:11.750999

bmm0ja7yhvt >> Image Returned >> 2020-09-08 07:10:11.753690

bmm0ja7yhvt >> End >> 2020-09-08 07:10:11.899492

fhdxh7msmof >> Start >> 2020-09-08 07:11:47.043885

fhdxh7msmof >> Image Returned >> 2020-09-08 07:11:47.046892

fhdxh7msmof >> End >> 2020-09-08 07:11:47.214925

sx7vnqbfh66 >> Start >> 2020-09-08 07:22:04.386157

sx7vnqbfh66 >> Image Returned >> 2020-09-08 07:22:04.389229

sx7vnqbfh66 >> End >> 2020-09-08 07:22:04.543680

6bwcteqreqw >> Start >> 2020-09-08 07:26:16.173628

6bwcteqreqw >> Image Returned >> 2020-09-08 07:26:16.177031

6bwcteqreqw >> End >> 2020-09-08 07:26:16.352181

02wiivhgwtp >> Start >> 2020-09-08 07:29:00.798831

02wiivhgwtp >> Image Returned >> 2020-09-08 07:29:00.802081

02wiivhgwtp >> End >> 2020-09-08 07:29:00.960644

tfz25ddq3xp >> Start >> 2020-09-08 07:38:25.748003

tfz25ddq3xp >> Image Returned >> 2020-09-08 07:38:25.750704

tfz25ddq3xp >> End >> 2020-09-08 07:38:25.904544

bwf7ryayvur >> Start >> 2020-09-08 07:39:36.374166

bwf7ryayvur >> Image Returned >> 2020-09-08 07:39:36.377123

bwf7ryayvur >> End >> 2020-09-08 07:39:36.544332

88mfdneoqmx >> Start >> 2020-09-08 07:52:32.448967

88mfdneoqmx >> Image Returned >> 2020-09-08 07:52:32.451999

88mfdneoqmx >> End >> 2020-09-08 07:52:32.605304

xzkcfvjysi4 >> Start >> 2020-09-08 07:56:04.699039

xzkcfvjysi4 >> Image Returned >> 2020-09-08 07:56:04.702318

xzkcfvjysi4 >> End >> 2020-09-08 07:56:04.858644

8yde540x5zd >> Start >> 2020-09-08 08:01:13.615186

8yde540x5zd >> Image Returned >> 2020-09-08 08:01:13.618345

8yde540x5zd >> End >> 2020-09-08 08:01:13.770283

mhv2mhn6usc >> Start >> 2020-09-08 08:07:34.273380

mhv2mhn6usc >> Image Returned >> 2020-09-08 08:07:34.276403

mhv2mhn6usc >> End >> 2020-09-08 08:07:34.440810

tocd5hb0cpu >> Start >> 2020-09-08 08:10:42.270304

tocd5hb0cpu >> Image Returned >> 2020-09-08 08:10:42.273299

tocd5hb0cpu >> End >> 2020-09-08 08:10:42.426508

4g2abttg2nj >> Start >> 2020-09-08 08:10:54.302485

4g2abttg2nj >> Image Returned >> 2020-09-08 08:10:54.305171

4g2abttg2nj >> End >> 2020-09-08 08:10:54.470280

pcqvyx06fne >> Start >> 2020-09-08 08:11:20.598098

pcqvyx06fne >> Image Returned >> 2020-09-08 08:11:20.600771

pcqvyx06fne >> End >> 2020-09-08 08:11:20.755497

yg067o2oknk >> Start >> 2020-09-08 08:11:47.779340

yg067o2oknk >> Image Returned >> 2020-09-08 08:11:47.782316

yg067o2oknk >> End >> 2020-09-08 08:11:47.936072

7svu2vmegyz >> Start >> 2020-09-08 08:14:07.843226

7svu2vmegyz >> Image Returned >> 2020-09-08 08:14:07.846250

7svu2vmegyz >> End >> 2020-09-08 08:14:07.997102

qy2r88f7grb >> Start >> 2020-09-08 08:14:36.242435

qy2r88f7grb >> Image Returned >> 2020-09-08 08:14:36.247251

qy2r88f7grb >> End >> 2020-09-08 08:14:36.408314

nz0ve06ipje >> Start >> 2020-09-08 08:15:12.726151

nz0ve06ipje >> Image Returned >> 2020-09-08 08:15:12.728858

nz0ve06ipje >> End >> 2020-09-08 08:15:12.881623

isjyv23kbyg >> Start >> 2020-09-08 08:31:39.669902

isjyv23kbyg >> Image Returned >> 2020-09-08 08:31:39.672996

isjyv23kbyg >> End >> 2020-09-08 08:31:39.830837

uonuabj5m6s >> Start >> 2020-09-08 08:34:55.794962

uonuabj5m6s >> Image Returned >> 2020-09-08 08:34:55.799536

uonuabj5m6s >> End >> 2020-09-08 08:34:55.961456

gatsr0rp84j >> Start >> 2020-09-08 08:36:09.665271

gatsr0rp84j >> Image Returned >> 2020-09-08 08:36:09.668240

gatsr0rp84j >> End >> 2020-09-08 08:36:09.830390

w0hs3pmcjyz >> Start >> 2020-09-08 08:36:55.010965

w0hs3pmcjyz >> Image Returned >> 2020-09-08 08:36:55.013890

w0hs3pmcjyz >> End >> 2020-09-08 08:36:55.184277

6y0cfn4tjoj >> Start >> 2020-09-08 08:43:29.411320

6y0cfn4tjoj >> Image Returned >> 2020-09-08 08:43:29.414361

6y0cfn4tjoj >> End >> 2020-09-08 08:43:29.564325

c6um5fofp4g >> Start >> 2020-09-08 08:43:36.189059

c6um5fofp4g >> Image Returned >> 2020-09-08 08:43:36.189363

c6um5fofp4g >> End >> 2020-09-08 08:43:36.341438

hkmc2ugbm78 >> Start >> 2020-09-08 08:45:25.890949

hkmc2ugbm78 >> Image Returned >> 2020-09-08 08:45:25.893728

hkmc2ugbm78 >> End >> 2020-09-08 08:45:26.045613

g2cmxdeyhh6 >> Start >> 2020-09-08 08:48:38.172297

g2cmxdeyhh6 >> Image Returned >> 2020-09-08 08:48:38.175971

g2cmxdeyhh6 >> End >> 2020-09-08 08:48:38.332546

dqp6q724oqy >> Start >> 2020-09-08 08:49:53.519196

dqp6q724oqy >> Image Returned >> 2020-09-08 08:49:53.522439

dqp6q724oqy >> End >> 2020-09-08 08:49:53.685866

kywrt0vepcj >> Start >> 2020-09-08 08:51:01.430649

kywrt0vepcj >> Image Returned >> 2020-09-08 08:51:01.433531

kywrt0vepcj >> End >> 2020-09-08 08:51:01.668739

g3z5u45qge5 >> Start >> 2020-09-08 08:51:24.645764

g3z5u45qge5 >> Image Returned >> 2020-09-08 08:51:24.648519

g3z5u45qge5 >> End >> 2020-09-08 08:51:24.798156

escz63tnfa6 >> Start >> 2020-09-08 08:53:01.377619

escz63tnfa6 >> Image Returned >> 2020-09-08 08:53:01.380515

escz63tnfa6 >> End >> 2020-09-08 08:53:01.543152

d3oimxhdsgm >> Start >> 2020-09-08 08:54:30.020497

d3oimxhdsgm >> Image Returned >> 2020-09-08 08:54:30.023449

d3oimxhdsgm >> End >> 2020-09-08 08:54:30.190505

hj3rkxptc5k >> Start >> 2020-09-08 08:56:38.438477

hj3rkxptc5k >> Image Returned >> 2020-09-08 08:56:38.441715

hj3rkxptc5k >> End >> 2020-09-08 08:56:38.598767

v68k2cff8w4 >> Start >> 2020-09-08 08:58:18.537774

v68k2cff8w4 >> Image Returned >> 2020-09-08 08:58:18.541058

v68k2cff8w4 >> End >> 2020-09-08 08:58:18.696829

o37myrfwjti >> Start >> 2020-09-08 08:58:25.358011

o37myrfwjti >> Image Returned >> 2020-09-08 08:58:25.358285

o37myrfwjti >> End >> 2020-09-08 08:58:25.531333

z4no4kq4ojf >> Start >> 2020-09-08 09:00:13.016210

z4no4kq4ojf >> Image Returned >> 2020-09-08 09:00:13.019085

z4no4kq4ojf >> End >> 2020-09-08 09:00:13.181178

tpzgyrcskbz >> Start >> 2020-09-08 09:05:13.630959

tpzgyrcskbz >> Image Returned >> 2020-09-08 09:05:13.634088

tpzgyrcskbz >> End >> 2020-09-08 09:05:13.796449

tff8qms37k5 >> Start >> 2020-09-08 09:07:56.255232

tff8qms37k5 >> Image Returned >> 2020-09-08 09:07:56.258409

tff8qms37k5 >> End >> 2020-09-08 09:07:56.427032

zbhoy3ymwch >> Start >> 2020-09-08 09:11:49.280338

zbhoy3ymwch >> Image Returned >> 2020-09-08 09:11:49.283569

zbhoy3ymwch >> End >> 2020-09-08 09:11:49.447062

j4ik03pq4ue >> Start >> 2020-09-08 09:16:58.964005

j4ik03pq4ue >> Image Returned >> 2020-09-08 09:16:58.967495

j4ik03pq4ue >> End >> 2020-09-08 09:16:59.126638

zuo43uq4run >> Start >> 2020-09-08 09:26:29.812262

zuo43uq4run >> Image Returned >> 2020-09-08 09:26:29.815702

zuo43uq4run >> End >> 2020-09-08 09:26:29.966805

d00hxfpwzfx >> Start >> 2020-09-08 09:30:32.930649

d00hxfpwzfx >> Image Returned >> 2020-09-08 09:30:32.935478

d00hxfpwzfx >> End >> 2020-09-08 09:30:33.086225

hckg0wid2wm >> Start >> 2020-09-08 09:32:59.211117

hckg0wid2wm >> Image Returned >> 2020-09-08 09:32:59.214432

hckg0wid2wm >> End >> 2020-09-08 09:32:59.379488

fwxzq46it2x >> Start >> 2020-09-08 09:33:51.023128

fwxzq46it2x >> Image Returned >> 2020-09-08 09:33:51.026494

fwxzq46it2x >> End >> 2020-09-08 09:33:51.189083

5x6fgs7kqcu >> Start >> 2020-09-08 09:38:01.422120

5x6fgs7kqcu >> Image Returned >> 2020-09-08 09:38:01.426196

5x6fgs7kqcu >> End >> 2020-09-08 09:38:01.608238

z7opupishmy >> Start >> 2020-09-08 09:40:15.197223

z7opupishmy >> Image Returned >> 2020-09-08 09:40:15.200778

z7opupishmy >> End >> 2020-09-08 09:40:15.359599

4qmefjd0pcc >> Start >> 2020-09-08 09:46:36.968204

4qmefjd0pcc >> Image Returned >> 2020-09-08 09:46:36.971333

4qmefjd0pcc >> End >> 2020-09-08 09:46:37.118678

8zqm0iq0m43 >> Start >> 2020-09-08 09:50:58.533354

8zqm0iq0m43 >> Image Returned >> 2020-09-08 09:50:58.538583

8zqm0iq0m43 >> End >> 2020-09-08 09:50:58.694130

wuc5nvxhqnx >> Start >> 2020-09-08 09:52:30.150768

wuc5nvxhqnx >> Image Returned >> 2020-09-08 09:52:30.153546

wuc5nvxhqnx >> End >> 2020-09-08 09:52:30.303998

qqzfgnuwn6o >> Start >> 2020-09-08 09:52:50.593909

qqzfgnuwn6o >> Image Returned >> 2020-09-08 09:52:50.596930

qqzfgnuwn6o >> End >> 2020-09-08 09:52:50.757663

ukvq83emdqt >> Start >> 2020-09-08 09:52:51.105581

ukvq83emdqt >> Image Returned >> 2020-09-08 09:52:51.105971

ukvq83emdqt >> End >> 2020-09-08 09:52:51.297589

yaovn4b547r >> Start >> 2020-09-08 09:55:12.683356

yaovn4b547r >> Image Returned >> 2020-09-08 09:55:12.686172

yaovn4b547r >> End >> 2020-09-08 09:55:12.841974

yfjv40etsdc >> Start >> 2020-09-08 09:55:52.542551

yfjv40etsdc >> Image Returned >> 2020-09-08 09:55:52.545789

yfjv40etsdc >> End >> 2020-09-08 09:55:52.696127

8m34zukykoz >> Start >> 2020-09-08 09:56:48.774225

8m34zukykoz >> Image Returned >> 2020-09-08 09:56:48.777700

8m34zukykoz >> End >> 2020-09-08 09:56:48.935760

4nzapbhm2ug >> Start >> 2020-09-08 09:58:41.633795

4nzapbhm2ug >> Image Returned >> 2020-09-08 09:58:41.636921

4nzapbhm2ug >> End >> 2020-09-08 09:58:41.788316

hx06kdaed3j >> Start >> 2020-09-08 10:08:26.141228

hx06kdaed3j >> Image Returned >> 2020-09-08 10:08:26.144315

hx06kdaed3j >> End >> 2020-09-08 10:08:26.298829

44aknhq3pvu >> Start >> 2020-09-08 10:14:40.382841

44aknhq3pvu >> Image Returned >> 2020-09-08 10:14:40.386862

44aknhq3pvu >> End >> 2020-09-08 10:14:40.538829

7nzt4xtnk4h >> Start >> 2020-09-08 10:20:09.057102

7nzt4xtnk4h >> Image Returned >> 2020-09-08 10:20:09.060477

7nzt4xtnk4h >> End >> 2020-09-08 10:20:09.210947

n5i3p7pn8a0 >> Start >> 2020-09-08 10:21:28.396033

n5i3p7pn8a0 >> Image Returned >> 2020-09-08 10:21:28.399121

n5i3p7pn8a0 >> End >> 2020-09-08 10:21:28.550383

egyjrteh5db >> Start >> 2020-09-08 10:27:31.887376

egyjrteh5db >> Image Returned >> 2020-09-08 10:27:31.891671

egyjrteh5db >> End >> 2020-09-08 10:27:32.049757

0jti6k4ixkw >> Start >> 2020-09-08 10:33:10.223723

0jti6k4ixkw >> Image Returned >> 2020-09-08 10:33:10.226499

0jti6k4ixkw >> End >> 2020-09-08 10:33:10.383193

t67m6bootza >> Start >> 2020-09-08 10:38:15.992605

t67m6bootza >> Image Returned >> 2020-09-08 10:38:15.995395

t67m6bootza >> End >> 2020-09-08 10:38:16.150742

4pxmrtggwk2 >> Start >> 2020-09-08 10:38:38.357137

4pxmrtggwk2 >> Image Returned >> 2020-09-08 10:38:38.360343

4pxmrtggwk2 >> End >> 2020-09-08 10:38:38.513982

p3tc7d0f0se >> Start >> 2020-09-08 10:44:30.717242

p3tc7d0f0se >> Image Returned >> 2020-09-08 10:44:30.720048

p3tc7d0f0se >> End >> 2020-09-08 10:44:30.872286

t47sk28ie5q >> Start >> 2020-09-08 10:49:55.488543

t47sk28ie5q >> Image Returned >> 2020-09-08 10:49:55.491308

t47sk28ie5q >> End >> 2020-09-08 10:49:55.651639

rb4wkm8rx8o >> Start >> 2020-09-08 10:51:50.711172

rb4wkm8rx8o >> Image Returned >> 2020-09-08 10:51:50.714471

rb4wkm8rx8o >> End >> 2020-09-08 10:51:50.885118

58mzzfr4pf0 >> Start >> 2020-09-08 10:52:42.680397

58mzzfr4pf0 >> Image Returned >> 2020-09-08 10:52:42.683351

58mzzfr4pf0 >> End >> 2020-09-08 10:52:42.828756

3zmiuik5drn >> Start >> 2020-09-08 10:53:43.286201

3zmiuik5drn >> Image Returned >> 2020-09-08 10:53:43.289382

3zmiuik5drn >> End >> 2020-09-08 10:53:43.451730

qnhhr0w2itj >> Start >> 2020-09-08 11:04:27.680267

qnhhr0w2itj >> Image Returned >> 2020-09-08 11:04:27.684209

qnhhr0w2itj >> End >> 2020-09-08 11:04:27.837403

jugqi2b5krz >> Start >> 2020-09-08 11:04:52.749084

jugqi2b5krz >> Image Returned >> 2020-09-08 11:04:52.752446

jugqi2b5krz >> End >> 2020-09-08 11:04:52.902656

xvrv2jhfyef >> Start >> 2020-09-08 11:09:47.454421

xvrv2jhfyef >> Image Returned >> 2020-09-08 11:09:47.457448

xvrv2jhfyef >> End >> 2020-09-08 11:09:47.614736

50p844tuoud >> Start >> 2020-09-08 11:15:32.772218

50p844tuoud >> Image Returned >> 2020-09-08 11:15:32.775033

50p844tuoud >> End >> 2020-09-08 11:15:32.939580

cc8ojjc5xn7 >> Start >> 2020-09-08 11:16:41.665298

cc8ojjc5xn7 >> Image Returned >> 2020-09-08 11:16:41.668267

cc8ojjc5xn7 >> End >> 2020-09-08 11:16:41.825278

grkky2gjrws >> Start >> 2020-09-08 11:18:37.047633

grkky2gjrws >> Image Returned >> 2020-09-08 11:18:37.050502

grkky2gjrws >> End >> 2020-09-08 11:18:37.197405

kcsqm7r44zg >> Start >> 2020-09-08 11:19:48.709661

kcsqm7r44zg >> Image Returned >> 2020-09-08 11:19:48.712970

kcsqm7r44zg >> End >> 2020-09-08 11:19:48.880583

y0uf2ds6zd4 >> Start >> 2020-09-08 11:24:31.679733

y0uf2ds6zd4 >> Image Returned >> 2020-09-08 11:24:31.682621

y0uf2ds6zd4 >> End >> 2020-09-08 11:24:31.827290

5ovxpepm876 >> Start >> 2020-09-08 11:27:11.265702

5ovxpepm876 >> Image Returned >> 2020-09-08 11:27:11.268574

5ovxpepm876 >> End >> 2020-09-08 11:27:11.421377

tm67gihmhsp >> Start >> 2020-09-08 11:27:18.939260

tm67gihmhsp >> Image Returned >> 2020-09-08 11:27:18.939558

tm67gihmhsp >> End >> 2020-09-08 11:27:19.087776

qk2y00majmi >> Start >> 2020-09-08 11:29:54.991153

qk2y00majmi >> Image Returned >> 2020-09-08 11:29:54.994291

qk2y00majmi >> End >> 2020-09-08 11:29:55.145370

j5dkv76htfe >> Start >> 2020-09-08 11:30:31.772161

j5dkv76htfe >> Image Returned >> 2020-09-08 11:30:31.775002

j5dkv76htfe >> End >> 2020-09-08 11:30:31.906043

mr3p077hjb2 >> Start >> 2020-09-08 11:31:29.651437

mr3p077hjb2 >> Image Returned >> 2020-09-08 11:31:29.654227

mr3p077hjb2 >> End >> 2020-09-08 11:31:29.806118

hnkix28t3s6 >> Start >> 2020-09-08 11:51:19.767118

hnkix28t3s6 >> Image Returned >> 2020-09-08 11:51:19.770318

hnkix28t3s6 >> End >> 2020-09-08 11:51:19.933393

qyddc5k8aqz >> Start >> 2020-09-08 11:55:17.297760

qyddc5k8aqz >> Image Returned >> 2020-09-08 11:55:17.301326

qyddc5k8aqz >> End >> 2020-09-08 11:55:17.454968

zakmj7eyb28 >> Start >> 2020-09-08 11:55:46.676409

zakmj7eyb28 >> Image Returned >> 2020-09-08 11:55:46.679146

zakmj7eyb28 >> End >> 2020-09-08 11:55:46.836826

5xnthjzi3eq >> Start >> 2020-09-08 11:58:52.034044

5xnthjzi3eq >> Image Returned >> 2020-09-08 11:58:52.036890

5xnthjzi3eq >> End >> 2020-09-08 11:58:52.537976

z4ytps6wne6 >> Start >> 2020-09-08 12:01:38.334289

z4ytps6wne6 >> Image Returned >> 2020-09-08 12:01:38.338114

z4ytps6wne6 >> End >> 2020-09-08 12:01:38.494296

gxsrgsm4r3c >> Start >> 2020-09-08 12:21:53.228720

gxsrgsm4r3c >> Image Returned >> 2020-09-08 12:21:53.232168

gxsrgsm4r3c >> End >> 2020-09-08 12:21:53.391454

68rh5vojqnf >> Start >> 2020-09-08 12:23:03.021651

68rh5vojqnf >> Image Returned >> 2020-09-08 12:23:03.025146

68rh5vojqnf >> End >> 2020-09-08 12:23:03.182374

w863gfwb60a >> Start >> 2020-09-08 12:24:52.543724

w863gfwb60a >> Image Returned >> 2020-09-08 12:24:52.546904

w863gfwb60a >> End >> 2020-09-08 12:24:52.700834

7b5ffcwku2w >> Start >> 2020-09-08 12:27:53.001686

7b5ffcwku2w >> Image Returned >> 2020-09-08 12:27:53.004949

7b5ffcwku2w >> End >> 2020-09-08 12:27:53.158520

67x3iw82p0w >> Start >> 2020-09-08 12:29:01.175196

67x3iw82p0w >> Image Returned >> 2020-09-08 12:29:01.178361

67x3iw82p0w >> End >> 2020-09-08 12:29:01.334914

v2m5et3mced >> Start >> 2020-09-08 12:29:36.221808

v2m5et3mced >> Image Returned >> 2020-09-08 12:29:36.224663

v2m5et3mced >> End >> 2020-09-08 12:29:36.376317

4rzamfgob8x >> Start >> 2020-09-08 12:30:51.261496

4rzamfgob8x >> Image Returned >> 2020-09-08 12:30:51.264314

4rzamfgob8x >> End >> 2020-09-08 12:30:51.423182

5nfi0nz2b4v >> Start >> 2020-09-08 12:31:39.268028

5nfi0nz2b4v >> Image Returned >> 2020-09-08 12:31:39.271020

5nfi0nz2b4v >> End >> 2020-09-08 12:31:39.425580

5cz6ir2wsww >> Start >> 2020-09-08 12:33:15.842348

5cz6ir2wsww >> Image Returned >> 2020-09-08 12:33:15.846193

5cz6ir2wsww >> End >> 2020-09-08 12:33:16.004934

zhzk70efu6v >> Start >> 2020-09-08 12:35:41.622411

zhzk70efu6v >> Image Returned >> 2020-09-08 12:35:41.625610

zhzk70efu6v >> End >> 2020-09-08 12:35:41.778958

dwsq4cmjebr >> Start >> 2020-09-08 12:39:16.986555

dwsq4cmjebr >> Image Returned >> 2020-09-08 12:39:16.989681

dwsq4cmjebr >> End >> 2020-09-08 12:39:17.148643

nqveag2mtbd >> Start >> 2020-09-08 12:45:30.806094

nqveag2mtbd >> Image Returned >> 2020-09-08 12:45:30.809009

nqveag2mtbd >> End >> 2020-09-08 12:45:30.962807

dwtyh6ek5wt >> Start >> 2020-09-08 12:55:18.951968

dwtyh6ek5wt >> Image Returned >> 2020-09-08 12:55:18.955351

dwtyh6ek5wt >> End >> 2020-09-08 12:55:19.113953

tgks5dzzejf >> Start >> 2020-09-08 12:56:27.761847

tgks5dzzejf >> Image Returned >> 2020-09-08 12:56:27.765177

tgks5dzzejf >> End >> 2020-09-08 12:56:27.915098

h5pngk6axg5 >> Start >> 2020-09-08 13:00:03.461221

h5pngk6axg5 >> Image Returned >> 2020-09-08 13:00:03.464127

h5pngk6axg5 >> End >> 2020-09-08 13:00:03.622153

vzen5zkbgen >> Start >> 2020-09-08 13:01:55.525957

vzen5zkbgen >> Image Returned >> 2020-09-08 13:01:55.529084

vzen5zkbgen >> End >> 2020-09-08 13:01:55.829675

pk0amt2d5vh >> Start >> 2020-09-08 13:02:42.420721

pk0amt2d5vh >> Image Returned >> 2020-09-08 13:02:42.424427

pk0amt2d5vh >> End >> 2020-09-08 13:02:42.579457

8qjjh7hjvob >> Start >> 2020-09-08 13:02:48.385368

8qjjh7hjvob >> Image Returned >> 2020-09-08 13:02:48.385653

8qjjh7hjvob >> End >> 2020-09-08 13:02:48.563507

ujmvnwd5gm0 >> Start >> 2020-09-08 13:20:04.627348

ujmvnwd5gm0 >> Image Returned >> 2020-09-08 13:20:04.630578

ujmvnwd5gm0 >> End >> 2020-09-08 13:20:04.782358

zkn3vccmptt >> Start >> 2020-09-08 13:20:40.501775

zkn3vccmptt >> Image Returned >> 2020-09-08 13:20:40.504899

zkn3vccmptt >> End >> 2020-09-08 13:20:40.651968

p02avyjmimf >> Start >> 2020-09-08 13:21:05.629997

p02avyjmimf >> Image Returned >> 2020-09-08 13:21:05.632836

p02avyjmimf >> End >> 2020-09-08 13:21:05.786798

5k36nbh7ufi >> Start >> 2020-09-08 13:24:11.350068

5k36nbh7ufi >> Image Returned >> 2020-09-08 13:24:11.352947

5k36nbh7ufi >> End >> 2020-09-08 13:24:11.512662

n6nnbb4ein5 >> Start >> 2020-09-08 13:24:15.507910

n6nnbb4ein5 >> Image Returned >> 2020-09-08 13:24:15.508320

n6nnbb4ein5 >> End >> 2020-09-08 13:24:15.663944

6hr4d4iyzdp >> Start >> 2020-09-08 13:34:29.752270

6hr4d4iyzdp >> Image Returned >> 2020-09-08 13:34:29.755194

6hr4d4iyzdp >> End >> 2020-09-08 13:34:29.906289

4faxrvmi8ck >> Start >> 2020-09-08 13:35:07.647239

4faxrvmi8ck >> Image Returned >> 2020-09-08 13:35:07.650290

4faxrvmi8ck >> End >> 2020-09-08 13:35:07.831450

nypnxipfv8h >> Start >> 2020-09-08 13:41:06.137284

nypnxipfv8h >> Image Returned >> 2020-09-08 13:41:06.141498

nypnxipfv8h >> End >> 2020-09-08 13:41:06.312398

pjexdkp2d68 >> Start >> 2020-09-08 13:53:06.811707

pjexdkp2d68 >> Image Returned >> 2020-09-08 13:53:06.815584

pjexdkp2d68 >> End >> 2020-09-08 13:53:06.968436

gwq7rwgi4o2 >> Start >> 2020-09-08 13:53:26.653783

gwq7rwgi4o2 >> Image Returned >> 2020-09-08 13:53:26.656601

gwq7rwgi4o2 >> End >> 2020-09-08 13:53:26.817290

qu8uihxiqys >> Start >> 2020-09-08 13:54:24.483232

qu8uihxiqys >> Image Returned >> 2020-09-08 13:54:24.486125

qu8uihxiqys >> End >> 2020-09-08 13:54:24.639230

qyf00oayabj >> Start >> 2020-09-08 13:57:49.866679

qyf00oayabj >> Image Returned >> 2020-09-08 13:57:49.870050

qyf00oayabj >> End >> 2020-09-08 13:57:50.039599

7kdw47dr2z5 >> Start >> 2020-09-08 14:06:02.942308

7kdw47dr2z5 >> Image Returned >> 2020-09-08 14:06:02.945378

7kdw47dr2z5 >> End >> 2020-09-08 14:06:03.096288

r3kwb8uync4 >> Start >> 2020-09-08 14:08:07.329000

r3kwb8uync4 >> Image Returned >> 2020-09-08 14:08:07.331855

r3kwb8uync4 >> End >> 2020-09-08 14:08:07.487109

pnsn6xczooc >> Start >> 2020-09-08 14:08:21.765840

pnsn6xczooc >> Image Returned >> 2020-09-08 14:08:21.768727

pnsn6xczooc >> End >> 2020-09-08 14:08:21.918457

yxnqzyp4ptb >> Start >> 2020-09-08 14:11:18.443202

yxnqzyp4ptb >> Image Returned >> 2020-09-08 14:11:18.446014

yxnqzyp4ptb >> End >> 2020-09-08 14:11:18.601300

vqrakfbj0dw >> Start >> 2020-09-08 14:14:11.552057

vqrakfbj0dw >> Image Returned >> 2020-09-08 14:14:11.555840

vqrakfbj0dw >> End >> 2020-09-08 14:14:11.719108

4tkg4oxc6fd >> Start >> 2020-09-08 14:26:15.892082

4tkg4oxc6fd >> Image Returned >> 2020-09-08 14:26:15.895075

4tkg4oxc6fd >> End >> 2020-09-08 14:26:16.049526

vrap6js3ywv >> Start >> 2020-09-08 14:26:27.916940

vrap6js3ywv >> Image Returned >> 2020-09-08 14:26:27.919804

vrap6js3ywv >> End >> 2020-09-08 14:26:28.102518

jdqme5f3kvi >> Start >> 2020-09-08 14:27:11.993062

jdqme5f3kvi >> Image Returned >> 2020-09-08 14:27:11.996562

jdqme5f3kvi >> End >> 2020-09-08 14:27:12.150229

vc3snmkopkm >> Start >> 2020-09-08 14:32:05.668729

vc3snmkopkm >> Image Returned >> 2020-09-08 14:32:05.673173

vc3snmkopkm >> End >> 2020-09-08 14:32:05.830328

84wgg5q33dz >> Start >> 2020-09-08 14:34:39.882363

84wgg5q33dz >> Image Returned >> 2020-09-08 14:34:39.885200

84wgg5q33dz >> End >> 2020-09-08 14:34:40.041050

zf83cq6k6um >> Start >> 2020-09-08 14:48:20.889904

zf83cq6k6um >> Image Returned >> 2020-09-08 14:48:20.893636

zf83cq6k6um >> End >> 2020-09-08 14:48:21.046138

xnrgdfphd80 >> Start >> 2020-09-08 14:48:31.536917

xnrgdfphd80 >> Image Returned >> 2020-09-08 14:48:31.537205

xnrgdfphd80 >> End >> 2020-09-08 14:48:31.690702

zhbpkuhxhdk >> Start >> 2020-09-08 14:48:50.974682

zhbpkuhxhdk >> Image Returned >> 2020-09-08 14:48:50.977946

zhbpkuhxhdk >> End >> 2020-09-08 14:48:51.130575

uen4xxdakjs >> Start >> 2020-09-08 14:50:17.526839

uen4xxdakjs >> Image Returned >> 2020-09-08 14:50:17.530488

uen4xxdakjs >> End >> 2020-09-08 14:50:17.700022

ewvv0833jxh >> Start >> 2020-09-08 14:50:55.701948

ewvv0833jxh >> Image Returned >> 2020-09-08 14:50:55.705753

ewvv0833jxh >> End >> 2020-09-08 14:50:55.868479

nc7uyjb0j7x >> Start >> 2020-09-08 14:52:20.979032

nc7uyjb0j7x >> Image Returned >> 2020-09-08 14:52:20.982137

nc7uyjb0j7x >> End >> 2020-09-08 14:52:21.137689

6vauojq2f7g >> Start >> 2020-09-08 14:54:05.373126

6vauojq2f7g >> Image Returned >> 2020-09-08 14:54:05.377629

6vauojq2f7g >> End >> 2020-09-08 14:54:05.531336

wgk8thrr3xd >> Start >> 2020-09-08 14:54:20.999093

wgk8thrr3xd >> Image Returned >> 2020-09-08 14:54:21.002068

wgk8thrr3xd >> End >> 2020-09-08 14:54:21.157360

d2ga7e780bt >> Start >> 2020-09-08 14:58:34.185854

d2ga7e780bt >> Image Returned >> 2020-09-08 14:58:34.190402

d2ga7e780bt >> End >> 2020-09-08 14:58:34.342447

wnvy6ifnmck >> Start >> 2020-09-08 15:01:35.207917

wnvy6ifnmck >> Image Returned >> 2020-09-08 15:01:35.210832

wnvy6ifnmck >> End >> 2020-09-08 15:01:35.364965

356d2qjrw4g >> Start >> 2020-09-08 15:04:30.722333

356d2qjrw4g >> Image Returned >> 2020-09-08 15:04:30.727653

356d2qjrw4g >> End >> 2020-09-08 15:04:30.875850

0hv7hfjkwd0 >> Start >> 2020-09-08 15:05:03.539678

0hv7hfjkwd0 >> Image Returned >> 2020-09-08 15:05:03.542924

0hv7hfjkwd0 >> End >> 2020-09-08 15:05:03.703294

oj62ddiit6n >> Start >> 2020-09-08 15:09:06.214462

oj62ddiit6n >> Image Returned >> 2020-09-08 15:09:06.218082

oj62ddiit6n >> End >> 2020-09-08 15:09:06.377799

ckxscaye0ja >> Start >> 2020-09-08 15:10:05.661457

ckxscaye0ja >> Image Returned >> 2020-09-08 15:10:05.664666

ckxscaye0ja >> End >> 2020-09-08 15:10:05.819998

5mqcvjoptof >> Start >> 2020-09-08 15:13:05.921869

5mqcvjoptof >> Image Returned >> 2020-09-08 15:13:05.924741

5mqcvjoptof >> End >> 2020-09-08 15:13:06.082180

kxogwbyx60i >> Start >> 2020-09-08 15:15:29.412446

kxogwbyx60i >> Image Returned >> 2020-09-08 15:15:29.415416

kxogwbyx60i >> End >> 2020-09-08 15:15:29.598987

sjsbmsfhna6 >> Start >> 2020-09-08 15:17:36.879548

sjsbmsfhna6 >> Image Returned >> 2020-09-08 15:17:36.882847

sjsbmsfhna6 >> End >> 2020-09-08 15:17:37.045666

msnjfj0fsty >> Start >> 2020-09-08 15:21:50.255194

msnjfj0fsty >> Image Returned >> 2020-09-08 15:21:50.259275

msnjfj0fsty >> End >> 2020-09-08 15:21:50.411020

0i7rar5beic >> Start >> 2020-09-08 15:22:54.961182

0i7rar5beic >> Image Returned >> 2020-09-08 15:22:54.964131

0i7rar5beic >> End >> 2020-09-08 15:22:55.120405

dd0eqoasvyp >> Start >> 2020-09-08 15:24:21.020735

dd0eqoasvyp >> Image Returned >> 2020-09-08 15:24:21.023690

dd0eqoasvyp >> End >> 2020-09-08 15:24:21.188669

snmegcbtk8o >> Start >> 2020-09-08 15:25:51.632982

snmegcbtk8o >> Image Returned >> 2020-09-08 15:25:51.636322

snmegcbtk8o >> End >> 2020-09-08 15:25:51.795929

dwnwoo8bsay >> Start >> 2020-09-08 15:30:18.942749

dwnwoo8bsay >> Image Returned >> 2020-09-08 15:30:18.946034

dwnwoo8bsay >> End >> 2020-09-08 15:30:19.094855

dx0p8dvvnh5 >> Start >> 2020-09-08 15:33:34.415081

dx0p8dvvnh5 >> Image Returned >> 2020-09-08 15:33:34.418090

dx0p8dvvnh5 >> End >> 2020-09-08 15:33:34.563363

mrha75jochg >> Start >> 2020-09-08 15:35:56.288847

mrha75jochg >> Image Returned >> 2020-09-08 15:35:56.292598

mrha75jochg >> End >> 2020-09-08 15:35:56.443639

zg8z34s0c0r >> Start >> 2020-09-08 15:38:18.568314

zg8z34s0c0r >> Image Returned >> 2020-09-08 15:38:18.571259

zg8z34s0c0r >> End >> 2020-09-08 15:38:18.723515

c8avsggvq2s >> Start >> 2020-09-08 15:38:23.051636

c8avsggvq2s >> Image Returned >> 2020-09-08 15:38:23.051954

c8avsggvq2s >> End >> 2020-09-08 15:38:23.203679

gm4r4v7zfbm >> Start >> 2020-09-08 15:38:43.075265

gm4r4v7zfbm >> Image Returned >> 2020-09-08 15:38:43.078752

gm4r4v7zfbm >> End >> 2020-09-08 15:38:43.229507

70cbfuquret >> Start >> 2020-09-08 15:38:43.303423

70cbfuquret >> Image Returned >> 2020-09-08 15:38:43.303714

70cbfuquret >> End >> 2020-09-08 15:38:43.464991

vzx3n57kemk >> Start >> 2020-09-08 15:43:36.799587

vzx3n57kemk >> Image Returned >> 2020-09-08 15:43:36.804234

vzx3n57kemk >> End >> 2020-09-08 15:43:36.964719

3f522i6vjw7 >> Start >> 2020-09-08 15:44:52.255801

3f522i6vjw7 >> Image Returned >> 2020-09-08 15:44:52.259018

3f522i6vjw7 >> End >> 2020-09-08 15:44:52.414906

7tci24ew3p5 >> Start >> 2020-09-08 15:48:55.779135

7tci24ew3p5 >> Image Returned >> 2020-09-08 15:48:55.783030

7tci24ew3p5 >> End >> 2020-09-08 15:48:55.942317

hvyns4s2zss >> Start >> 2020-09-08 15:51:17.547604

hvyns4s2zss >> Image Returned >> 2020-09-08 15:51:17.552395

hvyns4s2zss >> End >> 2020-09-08 15:51:17.713617

xpw5xqwwsn3 >> Start >> 2020-09-08 15:51:23.590147

xpw5xqwwsn3 >> Image Returned >> 2020-09-08 15:51:23.590468

xpw5xqwwsn3 >> End >> 2020-09-08 15:51:23.764929

us5fjypfyj8 >> Start >> 2020-09-08 15:51:55.428458

us5fjypfyj8 >> Image Returned >> 2020-09-08 15:51:55.432008

us5fjypfyj8 >> End >> 2020-09-08 15:51:55.593214

ehak0itpvqq >> Start >> 2020-09-08 15:52:07.868490

ehak0itpvqq >> Image Returned >> 2020-09-08 15:52:07.871504

ehak0itpvqq >> End >> 2020-09-08 15:52:08.026232

v4h3x5prtmq >> Start >> 2020-09-08 15:53:33.338372

v4h3x5prtmq >> Image Returned >> 2020-09-08 15:53:33.341787

v4h3x5prtmq >> End >> 2020-09-08 15:53:33.509557

fghz8hc5tfp >> Start >> 2020-09-08 16:00:05.085064

fghz8hc5tfp >> Image Returned >> 2020-09-08 16:00:05.088139

fghz8hc5tfp >> End >> 2020-09-08 16:00:05.247530

xp8k5he8uvz >> Start >> 2020-09-08 16:00:18.366614

xp8k5he8uvz >> Image Returned >> 2020-09-08 16:00:18.369852

xp8k5he8uvz >> End >> 2020-09-08 16:00:18.529985

hdy07jhrt2i >> Start >> 2020-09-08 16:01:30.646317

hdy07jhrt2i >> Image Returned >> 2020-09-08 16:01:30.649380

hdy07jhrt2i >> End >> 2020-09-08 16:01:30.804630

6haiwern00n >> Start >> 2020-09-08 16:06:26.793570

6haiwern00n >> Image Returned >> 2020-09-08 16:06:26.797682

6haiwern00n >> End >> 2020-09-08 16:06:26.956379

g52soz8q7o3 >> Start >> 2020-09-08 16:09:57.132432

g52soz8q7o3 >> Image Returned >> 2020-09-08 16:09:57.135867

g52soz8q7o3 >> End >> 2020-09-08 16:09:57.292761

20un3mue0th >> Start >> 2020-09-08 16:11:08.658058

20un3mue0th >> Image Returned >> 2020-09-08 16:11:08.661287

20un3mue0th >> End >> 2020-09-08 16:11:08.816704

uuogofyxm58 >> Start >> 2020-09-08 16:11:18.888288

uuogofyxm58 >> Image Returned >> 2020-09-08 16:11:18.888566

uuogofyxm58 >> End >> 2020-09-08 16:11:19.039233

rw0ict4f78n >> Start >> 2020-09-08 16:11:28.737276

rw0ict4f78n >> Image Returned >> 2020-09-08 16:11:28.737555

rw0ict4f78n >> End >> 2020-09-08 16:11:28.889457

b7izdngcycx >> Start >> 2020-09-08 16:15:02.456471

b7izdngcycx >> Image Returned >> 2020-09-08 16:15:02.460174

b7izdngcycx >> End >> 2020-09-08 16:15:02.620567

ntyrahwc2c3 >> Start >> 2020-09-08 16:15:58.718444

ntyrahwc2c3 >> Image Returned >> 2020-09-08 16:15:58.721677

ntyrahwc2c3 >> End >> 2020-09-08 16:15:58.876355

8m0joa6y6ud >> Start >> 2020-09-08 16:16:16.216583

8m0joa6y6ud >> Image Returned >> 2020-09-08 16:16:16.219485

8m0joa6y6ud >> End >> 2020-09-08 16:16:16.366296

seffvd8jnda >> Start >> 2020-09-08 16:17:55.462820

seffvd8jnda >> Image Returned >> 2020-09-08 16:17:55.466109

seffvd8jnda >> End >> 2020-09-08 16:17:55.628469

ndkihv87s3c >> Start >> 2020-09-08 16:18:30.669240

ndkihv87s3c >> Image Returned >> 2020-09-08 16:18:30.672122

ndkihv87s3c >> End >> 2020-09-08 16:18:30.830065

8qee43mumd5 >> Start >> 2020-09-08 16:18:48.487896

8qee43mumd5 >> Image Returned >> 2020-09-08 16:18:48.491228

8qee43mumd5 >> End >> 2020-09-08 16:18:48.646130

sh4waof6pp0 >> Start >> 2020-09-08 16:22:37.736598

sh4waof6pp0 >> Image Returned >> 2020-09-08 16:22:37.739547

sh4waof6pp0 >> End >> 2020-09-08 16:22:37.897320

zkiqeskcapr >> Start >> 2020-09-08 16:23:13.416830

zkiqeskcapr >> Image Returned >> 2020-09-08 16:23:13.421857

zkiqeskcapr >> End >> 2020-09-08 16:23:13.593326

abqtgu0d5c6 >> Start >> 2020-09-08 16:24:28.865796

abqtgu0d5c6 >> Image Returned >> 2020-09-08 16:24:28.868691

abqtgu0d5c6 >> End >> 2020-09-08 16:24:29.024271

e20aefcz7b3 >> Start >> 2020-09-08 16:25:54.449790

e20aefcz7b3 >> Image Returned >> 2020-09-08 16:25:54.453655

e20aefcz7b3 >> End >> 2020-09-08 16:25:54.612757

ftxcpwa7igt >> Start >> 2020-09-08 16:25:55.203972

ftxcpwa7igt >> Image Returned >> 2020-09-08 16:25:55.204257

ftxcpwa7igt >> End >> 2020-09-08 16:25:55.361638

26n28vu55tz >> Start >> 2020-09-08 16:28:40.817945

26n28vu55tz >> Image Returned >> 2020-09-08 16:28:40.820847

26n28vu55tz >> End >> 2020-09-08 16:28:40.975502

gadmpjbg6z2 >> Start >> 2020-09-08 16:32:19.459031

gadmpjbg6z2 >> Image Returned >> 2020-09-08 16:32:19.462675

gadmpjbg6z2 >> End >> 2020-09-08 16:32:19.632744

mrjhyxt0cft >> Start >> 2020-09-08 16:33:25.890559

mrjhyxt0cft >> Image Returned >> 2020-09-08 16:33:25.893460

mrjhyxt0cft >> End >> 2020-09-08 16:33:26.045591

kryhox3nifj >> Start >> 2020-09-08 16:39:04.474452

kryhox3nifj >> Image Returned >> 2020-09-08 16:39:04.478029

kryhox3nifj >> End >> 2020-09-08 16:39:04.631531

5u6dymethqw >> Start >> 2020-09-08 16:39:34.650149

5u6dymethqw >> Image Returned >> 2020-09-08 16:39:34.653140

5u6dymethqw >> End >> 2020-09-08 16:39:34.803204

c56iwirbzf7 >> Start >> 2020-09-08 16:40:17.463193

c56iwirbzf7 >> Image Returned >> 2020-09-08 16:40:17.466190

c56iwirbzf7 >> End >> 2020-09-08 16:40:17.618737

wcrkanujycn >> Start >> 2020-09-08 16:42:28.773128

wcrkanujycn >> Image Returned >> 2020-09-08 16:42:28.776901

wcrkanujycn >> End >> 2020-09-08 16:42:28.925654

aza3nh5itww >> Start >> 2020-09-08 16:44:05.627451

aza3nh5itww >> Image Returned >> 2020-09-08 16:44:05.631007

aza3nh5itww >> End >> 2020-09-08 16:44:05.788640

5tsefbxtina >> Start >> 2020-09-08 16:44:26.985320

5tsefbxtina >> Image Returned >> 2020-09-08 16:44:26.988399

5tsefbxtina >> End >> 2020-09-08 16:44:27.149274

q2e6ndvf4iv >> Start >> 2020-09-08 16:47:14.952784

q2e6ndvf4iv >> Image Returned >> 2020-09-08 16:47:14.956743

q2e6ndvf4iv >> End >> 2020-09-08 16:47:15.113904

dmm8shqu7ni >> Start >> 2020-09-08 16:47:19.749012

dmm8shqu7ni >> Image Returned >> 2020-09-08 16:47:19.749294

dmm8shqu7ni >> End >> 2020-09-08 16:47:19.896285

yy55ewxeaoc >> Start >> 2020-09-08 16:49:37.236151

yy55ewxeaoc >> Image Returned >> 2020-09-08 16:49:37.239753

yy55ewxeaoc >> End >> 2020-09-08 16:49:37.387300

3t80shnq6su >> Start >> 2020-09-08 16:50:11.340286

3t80shnq6su >> Image Returned >> 2020-09-08 16:50:11.343513

3t80shnq6su >> End >> 2020-09-08 16:50:11.524620

0retb528dkp >> Start >> 2020-09-08 16:51:46.269552

0retb528dkp >> Image Returned >> 2020-09-08 16:51:46.273437

0retb528dkp >> End >> 2020-09-08 16:51:46.432934

5okiboert65 >> Start >> 2020-09-08 16:53:16.773233

5okiboert65 >> Image Returned >> 2020-09-08 16:53:16.776705

5okiboert65 >> End >> 2020-09-08 16:53:16.926595

73fsymfvdvm >> Start >> 2020-09-08 16:56:21.564693

73fsymfvdvm >> Image Returned >> 2020-09-08 16:56:21.567996

73fsymfvdvm >> End >> 2020-09-08 16:56:21.748006

gnofydojpdd >> Start >> 2020-09-08 16:59:01.506248

gnofydojpdd >> Image Returned >> 2020-09-08 16:59:01.510063

gnofydojpdd >> End >> 2020-09-08 16:59:01.674664

d20ntbu44rk >> Start >> 2020-09-08 16:59:13.015415

d20ntbu44rk >> Image Returned >> 2020-09-08 16:59:13.015697

d20ntbu44rk >> End >> 2020-09-08 16:59:13.172080

6eno62jwnwz >> Start >> 2020-09-08 17:02:15.759680

6eno62jwnwz >> Image Returned >> 2020-09-08 17:02:15.762785

6eno62jwnwz >> End >> 2020-09-08 17:02:15.932568

kj0gha6c4w7 >> Start >> 2020-09-08 17:02:15.969713

kj0gha6c4w7 >> Image Returned >> 2020-09-08 17:02:15.970019

kj0gha6c4w7 >> End >> 2020-09-08 17:02:16.125936

k8nxrots2mo >> Start >> 2020-09-08 17:06:37.112673

k8nxrots2mo >> Image Returned >> 2020-09-08 17:06:37.116168

k8nxrots2mo >> End >> 2020-09-08 17:06:37.266916

k5ryj2xmh68 >> Start >> 2020-09-08 17:06:39.044430

k5ryj2xmh68 >> Image Returned >> 2020-09-08 17:06:39.044706

k5ryj2xmh68 >> End >> 2020-09-08 17:06:39.190943

o0ip65vkxbb >> Start >> 2020-09-08 17:07:03.447649

o0ip65vkxbb >> Image Returned >> 2020-09-08 17:07:03.450848

o0ip65vkxbb >> End >> 2020-09-08 17:07:03.605936

gxpuwfseqh6 >> Start >> 2020-09-08 17:07:41.007888

gxpuwfseqh6 >> Image Returned >> 2020-09-08 17:07:41.010817

gxpuwfseqh6 >> End >> 2020-09-08 17:07:41.171243

eop7skfys3a >> Start >> 2020-09-08 17:08:18.003627

eop7skfys3a >> Image Returned >> 2020-09-08 17:08:18.006844

eop7skfys3a >> End >> 2020-09-08 17:08:18.160835

aynemdiy6yw >> Start >> 2020-09-08 17:08:27.505603

aynemdiy6yw >> Image Returned >> 2020-09-08 17:08:27.505904

aynemdiy6yw >> End >> 2020-09-08 17:08:27.660207

vecmmztx46m >> Start >> 2020-09-08 17:08:39.260314

vecmmztx46m >> Image Returned >> 2020-09-08 17:08:39.263258

vecmmztx46m >> End >> 2020-09-08 17:08:39.421077

gd475a7b0as >> Start >> 2020-09-08 17:08:55.639910

gd475a7b0as >> Image Returned >> 2020-09-08 17:08:55.643027

gd475a7b0as >> End >> 2020-09-08 17:08:55.802243

0arq8efssc8 >> Start >> 2020-09-08 17:09:32.757239

0arq8efssc8 >> Image Returned >> 2020-09-08 17:09:32.761528

0arq8efssc8 >> End >> 2020-09-08 17:09:32.982147

2ons8o0zgsz >> Start >> 2020-09-08 17:11:05.187736

2ons8o0zgsz >> Image Returned >> 2020-09-08 17:11:05.190861

2ons8o0zgsz >> End >> 2020-09-08 17:11:05.347771

xbnhwwhxct2 >> Start >> 2020-09-08 17:21:24.760401

xbnhwwhxct2 >> Image Returned >> 2020-09-08 17:21:24.764794

xbnhwwhxct2 >> End >> 2020-09-08 17:21:24.923525

ed6m4vc7udc >> Start >> 2020-09-08 17:23:14.692935

ed6m4vc7udc >> Image Returned >> 2020-09-08 17:23:14.696865

ed6m4vc7udc >> End >> 2020-09-08 17:23:14.849236

ygwp3aj0gs4 >> Start >> 2020-09-08 17:24:58.400784

ygwp3aj0gs4 >> Image Returned >> 2020-09-08 17:24:58.405750

ygwp3aj0gs4 >> End >> 2020-09-08 17:24:58.558845

c6z78n3bfss >> Start >> 2020-09-08 17:26:06.614295

c6z78n3bfss >> Image Returned >> 2020-09-08 17:26:06.617971

c6z78n3bfss >> End >> 2020-09-08 17:26:06.787980

4asjx34ovzo >> Start >> 2020-09-08 17:30:15.531951

4asjx34ovzo >> Image Returned >> 2020-09-08 17:30:15.536166

4asjx34ovzo >> End >> 2020-09-08 17:30:15.697194

6ygxy7fzc8i >> Start >> 2020-09-08 17:30:32.070044

6ygxy7fzc8i >> Image Returned >> 2020-09-08 17:30:32.073009

6ygxy7fzc8i >> End >> 2020-09-08 17:30:32.224555

3c8ugkfxvku >> Start >> 2020-09-08 17:30:36.315069

3c8ugkfxvku >> Image Returned >> 2020-09-08 17:30:36.315356

3c8ugkfxvku >> End >> 2020-09-08 17:30:36.471638

20ixggfw46i >> Start >> 2020-09-08 17:36:50.194150

20ixggfw46i >> Image Returned >> 2020-09-08 17:36:50.197643

20ixggfw46i >> End >> 2020-09-08 17:36:50.350445

d6prtni4acs >> Start >> 2020-09-08 17:36:56.893870

d6prtni4acs >> Image Returned >> 2020-09-08 17:36:56.894419

d6prtni4acs >> End >> 2020-09-08 17:36:57.044893

njimsdvohe0 >> Start >> 2020-09-08 17:36:59.757319

njimsdvohe0 >> Image Returned >> 2020-09-08 17:36:59.757597

njimsdvohe0 >> End >> 2020-09-08 17:36:59.911919

xrsggi05gfj >> Start >> 2020-09-08 17:38:15.632005

xrsggi05gfj >> Image Returned >> 2020-09-08 17:38:15.635035

xrsggi05gfj >> End >> 2020-09-08 17:38:15.795156

qv83wi4x5s5 >> Start >> 2020-09-08 17:39:55.253911

qv83wi4x5s5 >> Image Returned >> 2020-09-08 17:39:55.257725

qv83wi4x5s5 >> End >> 2020-09-08 17:39:55.412503

ngtn4qub3ev >> Start >> 2020-09-08 17:40:32.595280

ngtn4qub3ev >> Image Returned >> 2020-09-08 17:40:32.598469

ngtn4qub3ev >> End >> 2020-09-08 17:40:32.771900

pbffczmbnun >> Start >> 2020-09-08 17:43:19.115973

pbffczmbnun >> Image Returned >> 2020-09-08 17:43:19.119307

pbffczmbnun >> End >> 2020-09-08 17:43:19.269973

peavv2er5pk >> Start >> 2020-09-08 17:51:24.386651

peavv2er5pk >> Image Returned >> 2020-09-08 17:51:24.389890

peavv2er5pk >> End >> 2020-09-08 17:51:24.561522

hg7m4hsr2jf >> Start >> 2020-09-08 17:52:04.480072

hg7m4hsr2jf >> Image Returned >> 2020-09-08 17:52:04.483439

hg7m4hsr2jf >> End >> 2020-09-08 17:52:04.641216

i7n0zuhety4 >> Start >> 2020-09-08 18:01:12.005521

i7n0zuhety4 >> Image Returned >> 2020-09-08 18:01:12.008491

i7n0zuhety4 >> End >> 2020-09-08 18:01:12.157808

g67tzdjr7vk >> Start >> 2020-09-08 18:01:30.028599

g67tzdjr7vk >> Image Returned >> 2020-09-08 18:01:30.031548

g67tzdjr7vk >> End >> 2020-09-08 18:01:30.178677

va8nyi6njtd >> Start >> 2020-09-08 18:14:09.736757

va8nyi6njtd >> Image Returned >> 2020-09-08 18:14:09.739892

va8nyi6njtd >> End >> 2020-09-08 18:14:09.892009

42ajwyntpuy >> Start >> 2020-09-08 18:22:47.494682

42ajwyntpuy >> Image Returned >> 2020-09-08 18:22:47.500097

42ajwyntpuy >> End >> 2020-09-08 18:22:47.654670

dfdqycdvg52 >> Start >> 2020-09-08 18:24:21.501672

dfdqycdvg52 >> Image Returned >> 2020-09-08 18:24:21.505961

dfdqycdvg52 >> End >> 2020-09-08 18:24:21.702043

82samg67zho >> Start >> 2020-09-08 18:25:36.559549

82samg67zho >> Image Returned >> 2020-09-08 18:25:36.563323

82samg67zho >> End >> 2020-09-08 18:25:36.716046

0j3vjwakukq >> Start >> 2020-09-08 18:26:14.858570

0j3vjwakukq >> Image Returned >> 2020-09-08 18:26:14.861952

0j3vjwakukq >> End >> 2020-09-08 18:26:15.013231

xsuczithtie >> Start >> 2020-09-08 18:26:38.686135

xsuczithtie >> Image Returned >> 2020-09-08 18:26:38.689075

xsuczithtie >> End >> 2020-09-08 18:26:38.852170

h3q77fznxj5 >> Start >> 2020-09-08 18:28:47.518810

h3q77fznxj5 >> Image Returned >> 2020-09-08 18:28:47.522937

h3q77fznxj5 >> End >> 2020-09-08 18:28:47.674710

q848we0ytk3 >> Start >> 2020-09-08 18:30:54.523066

q848we0ytk3 >> Image Returned >> 2020-09-08 18:30:54.526305

q848we0ytk3 >> End >> 2020-09-08 18:30:54.677328

6ukgydy6s2f >> Start >> 2020-09-08 18:39:33.044019

6ukgydy6s2f >> Image Returned >> 2020-09-08 18:39:33.048911

6ukgydy6s2f >> End >> 2020-09-08 18:39:33.179275

atqkfe4npjp >> Start >> 2020-09-08 18:44:36.750587

atqkfe4npjp >> Image Returned >> 2020-09-08 18:44:36.754808

atqkfe4npjp >> End >> 2020-09-08 18:44:36.907538

473vz2a2pqb >> Start >> 2020-09-08 18:48:35.207577

473vz2a2pqb >> Image Returned >> 2020-09-08 18:48:35.212385

473vz2a2pqb >> End >> 2020-09-08 18:48:35.366027

gfn43oqwigi >> Start >> 2020-09-08 18:50:53.478312

gfn43oqwigi >> Image Returned >> 2020-09-08 18:50:53.482544

gfn43oqwigi >> End >> 2020-09-08 18:50:53.628571

08ugg55unmt >> Start >> 2020-09-08 18:51:56.345881

08ugg55unmt >> Image Returned >> 2020-09-08 18:51:56.349483

08ugg55unmt >> End >> 2020-09-08 18:51:56.497952

yhk5gpikqji >> Start >> 2020-09-08 18:52:01.829020

yhk5gpikqji >> Image Returned >> 2020-09-08 18:52:01.829298

yhk5gpikqji >> End >> 2020-09-08 18:52:01.986552

pgwfqqnwyjj >> Start >> 2020-09-08 18:52:06.529092

pgwfqqnwyjj >> Image Returned >> 2020-09-08 18:52:06.529372

pgwfqqnwyjj >> End >> 2020-09-08 18:52:06.692390

nb440di6zw8 >> Start >> 2020-09-08 18:52:12.913861

nb440di6zw8 >> Image Returned >> 2020-09-08 18:52:12.914185

nb440di6zw8 >> End >> 2020-09-08 18:52:13.068572

yfzxoud3tys >> Start >> 2020-09-08 19:03:20.696050

yfzxoud3tys >> Image Returned >> 2020-09-08 19:03:20.699254

yfzxoud3tys >> End >> 2020-09-08 19:03:20.855009

jxiw4t4oboy >> Start >> 2020-09-08 19:04:22.014934

jxiw4t4oboy >> Image Returned >> 2020-09-08 19:04:22.018503

jxiw4t4oboy >> End >> 2020-09-08 19:04:22.147654

5f64imozvr4 >> Start >> 2020-09-08 19:05:30.322385

5f64imozvr4 >> Image Returned >> 2020-09-08 19:05:30.325999

5f64imozvr4 >> End >> 2020-09-08 19:05:30.484297

80wnwr0wsta >> Start >> 2020-09-08 19:09:13.412411

80wnwr0wsta >> Image Returned >> 2020-09-08 19:09:13.416007

80wnwr0wsta >> End >> 2020-09-08 19:09:13.593672

sqnca8yf3oc >> Start >> 2020-09-08 19:12:37.654863

sqnca8yf3oc >> Image Returned >> 2020-09-08 19:12:37.658648

sqnca8yf3oc >> End >> 2020-09-08 19:12:37.811146

t865jym3dnp >> Start >> 2020-09-08 19:19:23.066668

t865jym3dnp >> Image Returned >> 2020-09-08 19:19:23.069926

t865jym3dnp >> End >> 2020-09-08 19:19:23.257210

iwaock2e67i >> Start >> 2020-09-08 19:23:18.928476

iwaock2e67i >> Image Returned >> 2020-09-08 19:23:18.931555

iwaock2e67i >> End >> 2020-09-08 19:23:19.088572

q4hwnw026hr >> Start >> 2020-09-08 19:29:21.794579

q4hwnw026hr >> Image Returned >> 2020-09-08 19:29:21.797635

q4hwnw026hr >> End >> 2020-09-08 19:29:21.952744

yx6n2o8m24d >> Start >> 2020-09-08 19:29:49.332288

yx6n2o8m24d >> Image Returned >> 2020-09-08 19:29:49.335792

yx6n2o8m24d >> End >> 2020-09-08 19:29:49.489470

e2fa45w4dcj >> Start >> 2020-09-08 19:30:21.377579

e2fa45w4dcj >> Image Returned >> 2020-09-08 19:30:21.380584

e2fa45w4dcj >> End >> 2020-09-08 19:30:21.534595

0sk0nrbvfe8 >> Start >> 2020-09-08 19:32:31.939765

0sk0nrbvfe8 >> Image Returned >> 2020-09-08 19:32:31.942914

0sk0nrbvfe8 >> End >> 2020-09-08 19:32:32.099318

e0grmcmkw0x >> Start >> 2020-09-08 19:34:51.656733

e0grmcmkw0x >> Image Returned >> 2020-09-08 19:34:51.661647

e0grmcmkw0x >> End >> 2020-09-08 19:34:51.815923

przesn6p4mn >> Start >> 2020-09-08 19:41:27.098808

przesn6p4mn >> Image Returned >> 2020-09-08 19:41:27.101746

przesn6p4mn >> End >> 2020-09-08 19:41:27.247265

kk2n67siyg8 >> Start >> 2020-09-08 19:44:02.972497

kk2n67siyg8 >> Image Returned >> 2020-09-08 19:44:02.975848

kk2n67siyg8 >> End >> 2020-09-08 19:44:03.130923

qz0ahbzb5oh >> Start >> 2020-09-08 19:46:15.323929

qz0ahbzb5oh >> Image Returned >> 2020-09-08 19:46:15.326963

qz0ahbzb5oh >> End >> 2020-09-08 19:46:15.484772

20rebogigfx >> Start >> 2020-09-08 19:47:20.836668

20rebogigfx >> Image Returned >> 2020-09-08 19:47:20.840150

20rebogigfx >> End >> 2020-09-08 19:47:20.995440

6ddqkthr0d7 >> Start >> 2020-09-08 19:49:31.980550

6ddqkthr0d7 >> Image Returned >> 2020-09-08 19:49:31.983648

6ddqkthr0d7 >> End >> 2020-09-08 19:49:32.145457

cxhyz4w7nhg >> Start >> 2020-09-08 19:50:21.734765

cxhyz4w7nhg >> Image Returned >> 2020-09-08 19:50:21.738099

cxhyz4w7nhg >> End >> 2020-09-08 19:50:21.898400

u2m7swnjo0w >> Start >> 2020-09-08 19:55:55.179883

u2m7swnjo0w >> Image Returned >> 2020-09-08 19:55:55.183830

u2m7swnjo0w >> End >> 2020-09-08 19:55:55.362160

s7tch7yg6jh >> Start >> 2020-09-08 19:58:47.137851

s7tch7yg6jh >> Image Returned >> 2020-09-08 19:58:47.140916

s7tch7yg6jh >> End >> 2020-09-08 19:58:47.286202

nk7wukoxd6o >> Start >> 2020-09-08 19:59:21.624069

nk7wukoxd6o >> Image Returned >> 2020-09-08 19:59:21.627470

nk7wukoxd6o >> End >> 2020-09-08 19:59:21.784797

fovm8mdib6y >> Start >> 2020-09-08 20:00:28.414442

fovm8mdib6y >> Image Returned >> 2020-09-08 20:00:28.417459

fovm8mdib6y >> End >> 2020-09-08 20:00:28.568403

qjtn8svzi6x >> Start >> 2020-09-08 20:02:51.463774

qjtn8svzi6x >> Image Returned >> 2020-09-08 20:02:51.467314

qjtn8svzi6x >> End >> 2020-09-08 20:02:51.623857

74n2xiehc2z >> Start >> 2020-09-08 20:05:20.393971

74n2xiehc2z >> Image Returned >> 2020-09-08 20:05:20.396938

74n2xiehc2z >> End >> 2020-09-08 20:05:20.550297

77dk6mfpzfd >> Start >> 2020-09-08 20:11:11.182904

77dk6mfpzfd >> Image Returned >> 2020-09-08 20:11:11.186733

77dk6mfpzfd >> End >> 2020-09-08 20:11:11.337249

4ddydcepunc >> Start >> 2020-09-08 20:17:01.919703

4ddydcepunc >> Image Returned >> 2020-09-08 20:17:01.924557

4ddydcepunc >> End >> 2020-09-08 20:17:02.090380

otvmrdtba02 >> Start >> 2020-09-08 20:22:13.868423

otvmrdtba02 >> Image Returned >> 2020-09-08 20:22:13.872589

otvmrdtba02 >> End >> 2020-09-08 20:22:14.032433

cy2xyks66wv >> Start >> 2020-09-08 20:27:58.563829

cy2xyks66wv >> Image Returned >> 2020-09-08 20:27:58.568042

cy2xyks66wv >> End >> 2020-09-08 20:27:58.742568

mnju6pwrdd4 >> Start >> 2020-09-08 20:28:08.328026

mnju6pwrdd4 >> Image Returned >> 2020-09-08 20:28:08.328329

mnju6pwrdd4 >> End >> 2020-09-08 20:28:08.485682

krkmoaipizi >> Start >> 2020-09-08 20:32:51.422921

krkmoaipizi >> Image Returned >> 2020-09-08 20:32:51.426422

krkmoaipizi >> End >> 2020-09-08 20:32:51.584075

x6go5r44hw5 >> Start >> 2020-09-08 20:35:51.960967

x6go5r44hw5 >> Image Returned >> 2020-09-08 20:35:51.965131

x6go5r44hw5 >> End >> 2020-09-08 20:35:52.119930

t6rxu5e4fx2 >> Start >> 2020-09-08 20:36:41.272171

t6rxu5e4fx2 >> Image Returned >> 2020-09-08 20:36:41.275089

t6rxu5e4fx2 >> End >> 2020-09-08 20:36:41.430843

pmga7y3n7gh >> Start >> 2020-09-08 20:36:52.296566

pmga7y3n7gh >> Image Returned >> 2020-09-08 20:36:52.296894

pmga7y3n7gh >> End >> 2020-09-08 20:36:52.447546

3vmsafhf662 >> Start >> 2020-09-08 20:37:05.247710

3vmsafhf662 >> Image Returned >> 2020-09-08 20:37:05.251190

3vmsafhf662 >> End >> 2020-09-08 20:37:05.417920

kyfojezi77u >> Start >> 2020-09-08 20:40:56.417735

kyfojezi77u >> Image Returned >> 2020-09-08 20:40:56.421325

kyfojezi77u >> End >> 2020-09-08 20:40:56.571037

o6bsk0ee4ym >> Start >> 2020-09-08 20:41:12.406969

o6bsk0ee4ym >> Image Returned >> 2020-09-08 20:41:12.409981

o6bsk0ee4ym >> End >> 2020-09-08 20:41:12.572956

gxr0wqeyafk >> Start >> 2020-09-08 20:44:44.875737

gxr0wqeyafk >> Image Returned >> 2020-09-08 20:44:44.878897

gxr0wqeyafk >> End >> 2020-09-08 20:44:45.033031

c0ech5kn3or >> Start >> 2020-09-08 20:44:52.378853

c0ech5kn3or >> Image Returned >> 2020-09-08 20:44:52.379185

c0ech5kn3or >> End >> 2020-09-08 20:44:52.531043

5pbyhn2gkvp >> Start >> 2020-09-08 20:50:28.759207

5pbyhn2gkvp >> Image Returned >> 2020-09-08 20:50:28.762202

5pbyhn2gkvp >> End >> 2020-09-08 20:50:28.920315

yoyqj53iwz7 >> Start >> 2020-09-08 20:52:34.535837

yoyqj53iwz7 >> Image Returned >> 2020-09-08 20:52:34.539146

yoyqj53iwz7 >> End >> 2020-09-08 20:52:34.691077

ekxjac4pr3b >> Start >> 2020-09-08 20:53:53.670651

ekxjac4pr3b >> Image Returned >> 2020-09-08 20:53:53.674829

ekxjac4pr3b >> End >> 2020-09-08 20:53:53.826313

rvhdqwuec4u >> Start >> 2020-09-08 20:57:11.365494

rvhdqwuec4u >> Image Returned >> 2020-09-08 20:57:11.369035

rvhdqwuec4u >> End >> 2020-09-08 20:57:11.494029

joo3cb682yq >> Start >> 2020-09-08 20:57:24.124629

joo3cb682yq >> Image Returned >> 2020-09-08 20:57:24.127696

joo3cb682yq >> End >> 2020-09-08 20:57:24.250354

rdnzx36syhs >> Start >> 2020-09-08 20:59:23.759453

rdnzx36syhs >> Image Returned >> 2020-09-08 20:59:23.763555

rdnzx36syhs >> End >> 2020-09-08 20:59:23.912976

mzd5vadq47v >> Start >> 2020-09-08 21:02:14.080461

mzd5vadq47v >> Image Returned >> 2020-09-08 21:02:14.083990

mzd5vadq47v >> End >> 2020-09-08 21:02:14.239274

xqg83cc2m80 >> Start >> 2020-09-08 21:03:58.738431

xqg83cc2m80 >> Image Returned >> 2020-09-08 21:03:58.742221

xqg83cc2m80 >> End >> 2020-09-08 21:03:58.897270

z0bxq4ouad8 >> Start >> 2020-09-08 21:05:56.258393

z0bxq4ouad8 >> Image Returned >> 2020-09-08 21:05:56.261751

z0bxq4ouad8 >> End >> 2020-09-08 21:05:56.425232

jdnz5peedp4 >> Start >> 2020-09-08 21:06:40.152931

jdnz5peedp4 >> Image Returned >> 2020-09-08 21:06:40.155968

jdnz5peedp4 >> End >> 2020-09-08 21:06:40.322920

qd6hq47fwp0 >> Start >> 2020-09-08 21:07:24.220911

qd6hq47fwp0 >> Image Returned >> 2020-09-08 21:07:24.223956

qd6hq47fwp0 >> End >> 2020-09-08 21:07:24.385037

cd656r4ryen >> Start >> 2020-09-08 21:15:59.061410

cd656r4ryen >> Image Returned >> 2020-09-08 21:15:59.064810

cd656r4ryen >> End >> 2020-09-08 21:15:59.231003

gqho3u45ttw >> Start >> 2020-09-08 21:24:11.521967

gqho3u45ttw >> Image Returned >> 2020-09-08 21:24:11.524981

gqho3u45ttw >> End >> 2020-09-08 21:24:11.677655

z5cua0vkoya >> Start >> 2020-09-08 21:26:35.765310

z5cua0vkoya >> Image Returned >> 2020-09-08 21:26:35.768764

z5cua0vkoya >> End >> 2020-09-08 21:26:35.939944

ontuu2647k4 >> Start >> 2020-09-08 21:28:55.515141

ontuu2647k4 >> Image Returned >> 2020-09-08 21:28:55.519604

ontuu2647k4 >> End >> 2020-09-08 21:28:55.648181

ck3ujgh6w70 >> Start >> 2020-09-08 21:31:23.560841

ck3ujgh6w70 >> Image Returned >> 2020-09-08 21:31:23.563911

ck3ujgh6w70 >> End >> 2020-09-08 21:31:23.721100

5tb8vsksp7f >> Start >> 2020-09-08 21:31:48.789988

5tb8vsksp7f >> Image Returned >> 2020-09-08 21:31:48.793000

5tb8vsksp7f >> End >> 2020-09-08 21:31:48.937614

jwp8tdqfo3e >> Start >> 2020-09-08 21:36:10.800239

jwp8tdqfo3e >> Image Returned >> 2020-09-08 21:36:10.804163

jwp8tdqfo3e >> End >> 2020-09-08 21:36:10.962750

rjokpg52amj >> Start >> 2020-09-08 21:36:11.715583

rjokpg52amj >> Image Returned >> 2020-09-08 21:36:11.715882

rjokpg52amj >> End >> 2020-09-08 21:36:11.872569

4zwmdrgpc8b >> Start >> 2020-09-08 21:39:16.352487

4zwmdrgpc8b >> Image Returned >> 2020-09-08 21:39:16.355815

4zwmdrgpc8b >> End >> 2020-09-08 21:39:16.520162

zgzvsesumhf >> Start >> 2020-09-08 21:39:26.688636

zgzvsesumhf >> Image Returned >> 2020-09-08 21:39:26.688952

zgzvsesumhf >> End >> 2020-09-08 21:39:26.850970

nxdnpjkij0a >> Start >> 2020-09-08 21:45:49.080432

nxdnpjkij0a >> Image Returned >> 2020-09-08 21:45:49.084806

nxdnpjkij0a >> End >> 2020-09-08 21:45:49.247327

nypkim7sgtc >> Start >> 2020-09-08 21:46:29.061187

nypkim7sgtc >> Image Returned >> 2020-09-08 21:46:29.064184

nypkim7sgtc >> End >> 2020-09-08 21:46:29.213207

2u0ftiu46o4 >> Start >> 2020-09-08 21:47:05.258697

2u0ftiu46o4 >> Image Returned >> 2020-09-08 21:47:05.262898

2u0ftiu46o4 >> End >> 2020-09-08 21:47:05.416743

qe7n7cwmi5m >> Start >> 2020-09-08 21:48:55.467308

qe7n7cwmi5m >> Image Returned >> 2020-09-08 21:48:55.471126

qe7n7cwmi5m >> End >> 2020-09-08 21:48:55.631011

nty3p4q66g3 >> Start >> 2020-09-08 21:49:02.005803

nty3p4q66g3 >> Image Returned >> 2020-09-08 21:49:02.006122

nty3p4q66g3 >> End >> 2020-09-08 21:49:02.151518

inpvhmkrc3m >> Start >> 2020-09-08 21:49:08.682823

inpvhmkrc3m >> Image Returned >> 2020-09-08 21:49:08.683139

inpvhmkrc3m >> End >> 2020-09-08 21:49:08.838473

2w366e3ha0r >> Start >> 2020-09-08 22:06:14.227009

2w366e3ha0r >> Image Returned >> 2020-09-08 22:06:14.230791

2w366e3ha0r >> End >> 2020-09-08 22:06:14.396245

fd6mje6c70z >> Start >> 2020-09-08 22:11:51.771611

fd6mje6c70z >> Image Returned >> 2020-09-08 22:11:51.774640

fd6mje6c70z >> End >> 2020-09-08 22:11:51.960591

8yxuu0eewks >> Start >> 2020-09-08 22:11:59.987257

8yxuu0eewks >> Image Returned >> 2020-09-08 22:11:59.987556

8yxuu0eewks >> End >> 2020-09-08 22:12:00.142450

o48582w0bob >> Start >> 2020-09-08 22:36:07.956021

o48582w0bob >> Image Returned >> 2020-09-08 22:36:07.959870

o48582w0bob >> End >> 2020-09-08 22:36:08.129050

tpd0vyqrdy8 >> Start >> 2020-09-08 22:42:50.235655

tpd0vyqrdy8 >> Image Returned >> 2020-09-08 22:42:50.239156

tpd0vyqrdy8 >> End >> 2020-09-08 22:42:50.368837

aq4qswjosfr >> Start >> 2020-09-08 22:43:28.240803

aq4qswjosfr >> Image Returned >> 2020-09-08 22:43:28.244230

aq4qswjosfr >> End >> 2020-09-08 22:43:28.401971

x3xqtdoiw7z >> Start >> 2020-09-08 22:44:34.543697

x3xqtdoiw7z >> Image Returned >> 2020-09-08 22:44:34.547143

x3xqtdoiw7z >> End >> 2020-09-08 22:44:34.699271

kwx3kuevb0p >> Start >> 2020-09-08 22:45:01.306663

kwx3kuevb0p >> Image Returned >> 2020-09-08 22:45:01.310252

kwx3kuevb0p >> End >> 2020-09-08 22:45:01.467636

jpxyf3s02e4 >> Start >> 2020-09-08 22:49:58.106551

jpxyf3s02e4 >> Image Returned >> 2020-09-08 22:49:58.110888

jpxyf3s02e4 >> End >> 2020-09-08 22:49:58.268208

mushtzkwxx3 >> Start >> 2020-09-08 22:50:35.595022

mushtzkwxx3 >> Image Returned >> 2020-09-08 22:50:35.598006

mushtzkwxx3 >> End >> 2020-09-08 22:50:35.751951

cp78gy2ff4n >> Start >> 2020-09-08 22:50:50.714931

cp78gy2ff4n >> Image Returned >> 2020-09-08 22:50:50.717885

cp78gy2ff4n >> End >> 2020-09-08 22:50:50.880311

3s34pi5xqi5 >> Start >> 2020-09-08 22:51:12.374917

3s34pi5xqi5 >> Image Returned >> 2020-09-08 22:51:12.378235

3s34pi5xqi5 >> End >> 2020-09-08 22:51:12.535929

ekozrr3eem7 >> Start >> 2020-09-08 22:51:15.644367

ekozrr3eem7 >> Image Returned >> 2020-09-08 22:51:15.644659

ekozrr3eem7 >> End >> 2020-09-08 22:51:15.800741

gn2gnfuydse >> Start >> 2020-09-08 22:51:24.818563

gn2gnfuydse >> Image Returned >> 2020-09-08 22:51:24.818851

gn2gnfuydse >> End >> 2020-09-08 22:51:24.978081

3ozz776xv6r >> Start >> 2020-09-08 22:51:29.827584

3ozz776xv6r >> Image Returned >> 2020-09-08 22:51:29.827886

3ozz776xv6r >> End >> 2020-09-08 22:51:29.986267

q57gkbjpjqw >> Start >> 2020-09-08 22:54:31.219317

q57gkbjpjqw >> Image Returned >> 2020-09-08 22:54:31.222403

q57gkbjpjqw >> End >> 2020-09-08 22:54:31.378943

crqw4r4cyo8 >> Start >> 2020-09-08 22:58:29.469846

crqw4r4cyo8 >> Image Returned >> 2020-09-08 22:58:29.473783

crqw4r4cyo8 >> End >> 2020-09-08 22:58:29.658787

hopkkfkpw2y >> Start >> 2020-09-08 23:11:56.995518

hopkkfkpw2y >> Image Returned >> 2020-09-08 23:11:56.999293

hopkkfkpw2y >> End >> 2020-09-08 23:11:57.157051

0z6fumj5y8k >> Start >> 2020-09-08 23:14:02.201760

0z6fumj5y8k >> Image Returned >> 2020-09-08 23:14:02.206474

0z6fumj5y8k >> End >> 2020-09-08 23:14:02.369543

vzs32xaoeyf >> Start >> 2020-09-08 23:16:06.433845

vzs32xaoeyf >> Image Returned >> 2020-09-08 23:16:06.436902

vzs32xaoeyf >> End >> 2020-09-08 23:16:06.591361

gjpgejzvws8 >> Start >> 2020-09-08 23:54:44.495976

gjpgejzvws8 >> Image Returned >> 2020-09-08 23:54:44.500926

gjpgejzvws8 >> End >> 2020-09-08 23:54:44.681658

46z6n48ob5h >> Start >> 2020-09-08 23:55:15.943382

46z6n48ob5h >> Image Returned >> 2020-09-08 23:55:15.946492

46z6n48ob5h >> End >> 2020-09-08 23:55:16.094131

