mnru7tb8stm >> Start >> 2020-06-11 05:42:33.931580

mnru7tb8stm >> Image Returned >> 2020-06-11 05:42:33.935885

mnru7tb8stm >> End >> 2020-06-11 05:42:33.948337

zh04n0bq5kv >> Start >> 2020-06-11 06:53:52.631124

zh04n0bq5kv >> Image Returned >> 2020-06-11 06:53:52.634984

zh04n0bq5kv >> End >> 2020-06-11 06:53:52.645711

0ygzf6edoc5 >> Start >> 2020-06-11 09:11:01.810995

0ygzf6edoc5 >> Image Returned >> 2020-06-11 09:11:01.814147

0ygzf6edoc5 >> End >> 2020-06-11 09:11:01.825467

jcjfs674c6n >> Start >> 2020-06-11 09:11:43.028939

jcjfs674c6n >> Image Returned >> 2020-06-11 09:11:43.032114

jcjfs674c6n >> End >> 2020-06-11 09:11:43.041204

807huua2ric >> Start >> 2020-06-11 10:01:36.929229

807huua2ric >> Image Returned >> 2020-06-11 10:01:36.932447

807huua2ric >> End >> 2020-06-11 10:01:36.942035

mxns8tp6hrp >> Start >> 2020-06-11 10:29:58.990540

mxns8tp6hrp >> Image Returned >> 2020-06-11 10:29:58.994596

mxns8tp6hrp >> End >> 2020-06-11 10:29:59.007849

uo2pwsafi4w >> Start >> 2020-06-11 14:01:14.788619

uo2pwsafi4w >> Image Returned >> 2020-06-11 14:01:14.792023

uo2pwsafi4w >> End >> 2020-06-11 14:01:14.823061

vpyxtjh4yj2 >> Start >> 2020-06-11 14:34:07.939105

vpyxtjh4yj2 >> Image Returned >> 2020-06-11 14:34:07.942533

vpyxtjh4yj2 >> End >> 2020-06-11 14:34:07.955005

kem48chrc4j >> Start >> 2020-06-11 14:49:57.106499

kem48chrc4j >> Image Returned >> 2020-06-11 14:49:57.110642

kem48chrc4j >> End >> 2020-06-11 14:49:57.121252

34ftv4tfykm >> Start >> 2020-06-11 15:12:37.639389

34ftv4tfykm >> Image Returned >> 2020-06-11 15:12:37.642709

34ftv4tfykm >> End >> 2020-06-11 15:12:37.653251

seoojntzvqm >> Start >> 2020-06-11 15:18:08.986588

seoojntzvqm >> Image Returned >> 2020-06-11 15:18:08.990739

seoojntzvqm >> End >> 2020-06-11 15:18:09.002542

znsnpm87wfq >> Start >> 2020-06-11 15:33:11.683407

znsnpm87wfq >> Image Returned >> 2020-06-11 15:33:11.686460

znsnpm87wfq >> End >> 2020-06-11 15:33:11.695908

2otu2p4qa2z >> Start >> 2020-06-11 16:30:40.993036

2otu2p4qa2z >> Image Returned >> 2020-06-11 16:30:40.996362

2otu2p4qa2z >> End >> 2020-06-11 16:30:41.007347

qs54vmu4c7i >> Start >> 2020-06-11 16:54:43.335119

qs54vmu4c7i >> Image Returned >> 2020-06-11 16:54:43.338170

qs54vmu4c7i >> End >> 2020-06-11 16:54:43.369093

cmm8ae0y5gy >> Start >> 2020-06-11 16:54:56.785835

cmm8ae0y5gy >> Image Returned >> 2020-06-11 16:54:56.788849

cmm8ae0y5gy >> End >> 2020-06-11 16:54:56.797802

cmniv5xc4hg >> Start >> 2020-06-11 17:01:01.417141

cmniv5xc4hg >> Image Returned >> 2020-06-11 17:01:01.420116

cmniv5xc4hg >> End >> 2020-06-11 17:01:01.431997

5sy0fcw8zcm >> Start >> 2020-06-11 19:27:59.462229

5sy0fcw8zcm >> Image Returned >> 2020-06-11 19:27:59.465826

5sy0fcw8zcm >> End >> 2020-06-11 19:27:59.479783

pkifphhniqw >> Start >> 2020-06-11 20:23:39.114178

pkifphhniqw >> Image Returned >> 2020-06-11 20:23:39.117295

pkifphhniqw >> End >> 2020-06-11 20:23:39.136694

knzz7ymkbon >> Start >> 2020-06-11 22:55:15.158052

knzz7ymkbon >> Image Returned >> 2020-06-11 22:55:15.161962

knzz7ymkbon >> End >> 2020-06-11 22:55:15.172723

