xey0gzv8g0o >> Start >> 2020-10-07 00:38:57.882261

xey0gzv8g0o >> Image Returned >> 2020-10-07 00:38:57.886845

xey0gzv8g0o >> End >> 2020-10-07 00:38:58.054301

kjmwdxez6ei >> Start >> 2020-10-07 00:39:23.113698

kjmwdxez6ei >> Image Returned >> 2020-10-07 00:39:23.117996

kjmwdxez6ei >> End >> 2020-10-07 00:39:23.282382

rfimzd4rch7 >> Start >> 2020-10-07 00:48:53.981256

rfimzd4rch7 >> Image Returned >> 2020-10-07 00:48:53.985974

rfimzd4rch7 >> End >> 2020-10-07 00:48:54.147811

3tbukb4thhb >> Start >> 2020-10-07 00:49:17.129713

3tbukb4thhb >> Image Returned >> 2020-10-07 00:49:17.133583

3tbukb4thhb >> End >> 2020-10-07 00:49:17.303083

eew7rzq60cv >> Start >> 2020-10-07 00:51:14.499002

eew7rzq60cv >> Image Returned >> 2020-10-07 00:51:14.503743

eew7rzq60cv >> End >> 2020-10-07 00:51:14.674099

ov7s42thvpx >> Start >> 2020-10-07 00:58:57.260309

ov7s42thvpx >> Image Returned >> 2020-10-07 00:58:57.264250

ov7s42thvpx >> End >> 2020-10-07 00:58:57.389765

rso5mp5atyq >> Start >> 2020-10-07 01:07:31.952414

rso5mp5atyq >> Image Returned >> 2020-10-07 01:07:31.956188

rso5mp5atyq >> End >> 2020-10-07 01:07:32.130542

pzxy6etmov8 >> Start >> 2020-10-07 01:16:05.334769

pzxy6etmov8 >> Image Returned >> 2020-10-07 01:16:05.338517

pzxy6etmov8 >> End >> 2020-10-07 01:16:05.498135

qeq03ski3ng >> Start >> 2020-10-07 01:18:28.852802

qeq03ski3ng >> Image Returned >> 2020-10-07 01:18:28.858125

qeq03ski3ng >> End >> 2020-10-07 01:18:29.022018

qwo26w3ddz8 >> Start >> 2020-10-07 01:20:23.319258

qwo26w3ddz8 >> Image Returned >> 2020-10-07 01:20:23.323570

qwo26w3ddz8 >> End >> 2020-10-07 01:20:23.614192

squxhg8vws5 >> Start >> 2020-10-07 01:23:20.451018

squxhg8vws5 >> Image Returned >> 2020-10-07 01:23:20.454773

squxhg8vws5 >> End >> 2020-10-07 01:23:20.629138

isdnmi03jd7 >> Start >> 2020-10-07 01:23:32.653616

isdnmi03jd7 >> Image Returned >> 2020-10-07 01:23:32.657689

isdnmi03jd7 >> End >> 2020-10-07 01:23:32.817379

sjcymj08m8w >> Start >> 2020-10-07 02:08:08.103755

sjcymj08m8w >> Image Returned >> 2020-10-07 02:08:08.108477

sjcymj08m8w >> End >> 2020-10-07 02:08:08.278290

sqt7iynsm0t >> Start >> 2020-10-07 02:08:55.405838

sqt7iynsm0t >> Image Returned >> 2020-10-07 02:08:55.410089

sqt7iynsm0t >> End >> 2020-10-07 02:08:55.601703

b02zuegvj4w >> Start >> 2020-10-07 02:11:05.485317

b02zuegvj4w >> Image Returned >> 2020-10-07 02:11:05.488989

b02zuegvj4w >> End >> 2020-10-07 02:11:05.659302

5kgj023oteh >> Start >> 2020-10-07 02:11:51.654377

5kgj023oteh >> Image Returned >> 2020-10-07 02:11:51.660506

5kgj023oteh >> End >> 2020-10-07 02:11:51.826666

uqc2xrdbvm7 >> Start >> 2020-10-07 02:14:54.808594

uqc2xrdbvm7 >> Image Returned >> 2020-10-07 02:14:54.812427

uqc2xrdbvm7 >> End >> 2020-10-07 02:14:55.023169

6cq5wab34mm >> Start >> 2020-10-07 02:25:41.675309

6cq5wab34mm >> Image Returned >> 2020-10-07 02:25:41.679708

6cq5wab34mm >> End >> 2020-10-07 02:25:41.845503

0mtsyu2ct6f >> Start >> 2020-10-07 02:34:15.126687

0mtsyu2ct6f >> Image Returned >> 2020-10-07 02:34:15.130386

0mtsyu2ct6f >> End >> 2020-10-07 02:34:15.311639

o8a7kwrimn5 >> Start >> 2020-10-07 02:39:41.354032

o8a7kwrimn5 >> Image Returned >> 2020-10-07 02:39:41.358261

o8a7kwrimn5 >> End >> 2020-10-07 02:39:41.526057

tpsr25u8u53 >> Start >> 2020-10-07 02:48:23.806418

tpsr25u8u53 >> Image Returned >> 2020-10-07 02:48:23.811172

tpsr25u8u53 >> End >> 2020-10-07 02:48:23.977685

2yhdw20mggp >> Start >> 2020-10-07 03:05:28.550226

2yhdw20mggp >> Image Returned >> 2020-10-07 03:05:28.554188

2yhdw20mggp >> End >> 2020-10-07 03:05:28.720237

i2jkjszo7dw >> Start >> 2020-10-07 03:06:08.249746

i2jkjszo7dw >> Image Returned >> 2020-10-07 03:06:08.253176

i2jkjszo7dw >> End >> 2020-10-07 03:06:08.417088

ocimvu3ki0p >> Start >> 2020-10-07 03:38:44.495585

ocimvu3ki0p >> Image Returned >> 2020-10-07 03:38:44.500169

ocimvu3ki0p >> End >> 2020-10-07 03:38:44.627564

sb8rnbmma50 >> Start >> 2020-10-07 04:51:07.695991

sb8rnbmma50 >> Image Returned >> 2020-10-07 04:51:07.699009

sb8rnbmma50 >> End >> 2020-10-07 04:51:07.863626

z4b4ug47nfb >> Start >> 2020-10-07 04:57:35.972027

z4b4ug47nfb >> Image Returned >> 2020-10-07 04:57:35.975426

z4b4ug47nfb >> End >> 2020-10-07 04:57:36.154721

45hpnd4d7fx >> Start >> 2020-10-07 04:57:57.286680

45hpnd4d7fx >> Image Returned >> 2020-10-07 04:57:57.289298

45hpnd4d7fx >> End >> 2020-10-07 04:57:57.470042

e5axvaogcr6 >> Start >> 2020-10-07 05:05:10.543358

e5axvaogcr6 >> Image Returned >> 2020-10-07 05:05:10.546307

e5axvaogcr6 >> End >> 2020-10-07 05:05:10.713149

0ikbjksch5n >> Start >> 2020-10-07 05:14:24.007081

0ikbjksch5n >> Image Returned >> 2020-10-07 05:14:24.011295

0ikbjksch5n >> End >> 2020-10-07 05:14:24.174355

fxswejnjxca >> Start >> 2020-10-07 05:14:35.512866

fxswejnjxca >> Image Returned >> 2020-10-07 05:14:35.516324

fxswejnjxca >> End >> 2020-10-07 05:14:35.679476

8mhmrcwn4g3 >> Start >> 2020-10-07 05:53:28.719383

8mhmrcwn4g3 >> Image Returned >> 2020-10-07 05:53:28.722729

8mhmrcwn4g3 >> End >> 2020-10-07 05:53:28.887000

ojiicim2q6u >> Start >> 2020-10-07 05:56:16.101430

ojiicim2q6u >> Image Returned >> 2020-10-07 05:56:16.104068

ojiicim2q6u >> End >> 2020-10-07 05:56:16.265110

axhizkw0wjt >> Start >> 2020-10-07 06:05:58.705972

axhizkw0wjt >> Image Returned >> 2020-10-07 06:05:58.709255

axhizkw0wjt >> End >> 2020-10-07 06:05:58.873622

g8wtpkiv0ra >> Start >> 2020-10-07 06:34:10.243134

g8wtpkiv0ra >> Image Returned >> 2020-10-07 06:34:10.245973

g8wtpkiv0ra >> End >> 2020-10-07 06:34:10.420443

cxy5ar5tyum >> Start >> 2020-10-07 06:39:42.326584

cxy5ar5tyum >> Image Returned >> 2020-10-07 06:39:42.330018

cxy5ar5tyum >> End >> 2020-10-07 06:39:42.515487

iram3tp3xvq >> Start >> 2020-10-07 06:46:34.943408

iram3tp3xvq >> Image Returned >> 2020-10-07 06:46:34.946202

iram3tp3xvq >> End >> 2020-10-07 06:46:35.114340

tnrxcoykryn >> Start >> 2020-10-07 06:52:15.487329

tnrxcoykryn >> Image Returned >> 2020-10-07 06:52:15.490211

tnrxcoykryn >> End >> 2020-10-07 06:52:15.680520

nuakgvbob3a >> Start >> 2020-10-07 06:54:01.173970

nuakgvbob3a >> Image Returned >> 2020-10-07 06:54:01.176738

nuakgvbob3a >> End >> 2020-10-07 06:54:01.347599

b66gtmexmcb >> Start >> 2020-10-07 07:05:20.045705

b66gtmexmcb >> Image Returned >> 2020-10-07 07:05:20.049022

b66gtmexmcb >> End >> 2020-10-07 07:05:20.220837

nxvze8pd38z >> Start >> 2020-10-07 07:09:45.654728

nxvze8pd38z >> Image Returned >> 2020-10-07 07:09:45.657530

nxvze8pd38z >> End >> 2020-10-07 07:09:45.827977

tx2z7ne6m7m >> Start >> 2020-10-07 07:15:03.106117

tx2z7ne6m7m >> Image Returned >> 2020-10-07 07:15:03.109829

tx2z7ne6m7m >> End >> 2020-10-07 07:15:03.283512

rfsy2423bvq >> Start >> 2020-10-07 07:16:33.455981

rfsy2423bvq >> Image Returned >> 2020-10-07 07:16:33.459055

rfsy2423bvq >> End >> 2020-10-07 07:16:33.632786

mwr4okmr2dx >> Start >> 2020-10-07 07:17:20.816334

mwr4okmr2dx >> Image Returned >> 2020-10-07 07:17:20.819664

mwr4okmr2dx >> End >> 2020-10-07 07:17:21.031846

zuuauo5mtu8 >> Start >> 2020-10-07 07:34:26.223802

zuuauo5mtu8 >> Image Returned >> 2020-10-07 07:34:26.226564

zuuauo5mtu8 >> End >> 2020-10-07 07:34:26.392712

z8g7mhbvsc0 >> Start >> 2020-10-07 07:35:11.720211

z8g7mhbvsc0 >> Image Returned >> 2020-10-07 07:35:11.724461

z8g7mhbvsc0 >> End >> 2020-10-07 07:35:11.926954

fu68e2wxs60 >> Start >> 2020-10-07 07:40:00.720454

fu68e2wxs60 >> Image Returned >> 2020-10-07 07:40:00.723294

fu68e2wxs60 >> End >> 2020-10-07 07:40:00.920983

ajg6jbi5dvu >> Start >> 2020-10-07 07:42:00.941654

ajg6jbi5dvu >> Image Returned >> 2020-10-07 07:42:00.944694

ajg6jbi5dvu >> End >> 2020-10-07 07:42:01.132169

dnqs5rwnx76 >> Start >> 2020-10-07 07:44:45.434034

dnqs5rwnx76 >> Image Returned >> 2020-10-07 07:44:45.437040

dnqs5rwnx76 >> End >> 2020-10-07 07:44:45.607368

7p3znjfxb0t >> Start >> 2020-10-07 07:46:10.108935

7p3znjfxb0t >> Image Returned >> 2020-10-07 07:46:10.111732

7p3znjfxb0t >> End >> 2020-10-07 07:46:10.321360

nr4equm8ouq >> Start >> 2020-10-07 07:46:29.281829

nr4equm8ouq >> Image Returned >> 2020-10-07 07:46:29.284641

nr4equm8ouq >> End >> 2020-10-07 07:46:29.483021

8h0dbbhfige >> Start >> 2020-10-07 07:48:17.126251

8h0dbbhfige >> Image Returned >> 2020-10-07 07:48:17.131464

8h0dbbhfige >> End >> 2020-10-07 07:48:17.354420

5fbgy82fr0x >> Start >> 2020-10-07 07:49:26.729892

5fbgy82fr0x >> Image Returned >> 2020-10-07 07:49:26.732609

5fbgy82fr0x >> End >> 2020-10-07 07:49:26.923284

o4obtr4qiyo >> Start >> 2020-10-07 07:49:50.262212

o4obtr4qiyo >> Image Returned >> 2020-10-07 07:49:50.265403

o4obtr4qiyo >> End >> 2020-10-07 07:49:50.449480

5xqzcdgmqs3 >> Start >> 2020-10-07 07:50:42.757846

5xqzcdgmqs3 >> Image Returned >> 2020-10-07 07:50:42.760628

5xqzcdgmqs3 >> End >> 2020-10-07 07:50:42.940035

25o5e882v5z >> Start >> 2020-10-07 07:51:53.829988

25o5e882v5z >> Image Returned >> 2020-10-07 07:51:53.833030

25o5e882v5z >> End >> 2020-10-07 07:51:53.997088

6vnfuatda7y >> Start >> 2020-10-07 07:51:54.764110

6vnfuatda7y >> Image Returned >> 2020-10-07 07:51:54.764414

6vnfuatda7y >> End >> 2020-10-07 07:51:54.955274

5oton8kc80k >> Start >> 2020-10-07 07:52:42.496978

5oton8kc80k >> Image Returned >> 2020-10-07 07:52:42.499937

5oton8kc80k >> End >> 2020-10-07 07:52:42.699919

s824mgpzuyh >> Start >> 2020-10-07 07:54:22.975964

s824mgpzuyh >> Image Returned >> 2020-10-07 07:54:22.978625

s824mgpzuyh >> End >> 2020-10-07 07:54:23.140454

pup7jqrhu4f >> Start >> 2020-10-07 07:55:35.105943

pup7jqrhu4f >> Image Returned >> 2020-10-07 07:55:35.108720

pup7jqrhu4f >> End >> 2020-10-07 07:55:35.274039

b6k27sw3m0z >> Start >> 2020-10-07 08:01:50.838516

b6k27sw3m0z >> Image Returned >> 2020-10-07 08:01:50.841420

b6k27sw3m0z >> End >> 2020-10-07 08:01:51.008722

74qafbme6tu >> Start >> 2020-10-07 08:01:59.097496

74qafbme6tu >> Image Returned >> 2020-10-07 08:01:59.097776

74qafbme6tu >> End >> 2020-10-07 08:01:59.278413

n5e8aeke0br >> Start >> 2020-10-07 08:04:28.286566

n5e8aeke0br >> Image Returned >> 2020-10-07 08:04:28.289774

n5e8aeke0br >> End >> 2020-10-07 08:04:28.469356

ufbpjvopcov >> Start >> 2020-10-07 08:15:54.974817

ufbpjvopcov >> Image Returned >> 2020-10-07 08:15:54.977638

ufbpjvopcov >> End >> 2020-10-07 08:15:55.142796

2sxpbochhbi >> Start >> 2020-10-07 08:24:53.985622

2sxpbochhbi >> Image Returned >> 2020-10-07 08:24:53.989075

2sxpbochhbi >> End >> 2020-10-07 08:24:54.156362

b8ixubxdbkj >> Start >> 2020-10-07 08:33:00.153759

b8ixubxdbkj >> Image Returned >> 2020-10-07 08:33:00.157329

b8ixubxdbkj >> End >> 2020-10-07 08:33:00.280781

qfupj7oq2kn >> Start >> 2020-10-07 08:35:05.047219

qfupj7oq2kn >> Image Returned >> 2020-10-07 08:35:05.050076

qfupj7oq2kn >> End >> 2020-10-07 08:35:05.217406

d8avjut4vso >> Start >> 2020-10-07 08:44:17.292198

d8avjut4vso >> Image Returned >> 2020-10-07 08:44:17.295665

d8avjut4vso >> End >> 2020-10-07 08:44:17.476957

8hem7c8v45p >> Start >> 2020-10-07 08:45:00.370012

8hem7c8v45p >> Image Returned >> 2020-10-07 08:45:00.373800

8hem7c8v45p >> End >> 2020-10-07 08:45:00.545097

kqy3vte0zc6 >> Start >> 2020-10-07 08:50:46.457634

kqy3vte0zc6 >> Image Returned >> 2020-10-07 08:50:46.460989

kqy3vte0zc6 >> End >> 2020-10-07 08:50:46.639318

3w5jgfdqx5i >> Start >> 2020-10-07 08:52:31.606751

3w5jgfdqx5i >> Image Returned >> 2020-10-07 08:52:31.610222

3w5jgfdqx5i >> End >> 2020-10-07 08:52:31.776303

83n64tfoord >> Start >> 2020-10-07 09:02:01.738941

83n64tfoord >> Image Returned >> 2020-10-07 09:02:01.741935

83n64tfoord >> End >> 2020-10-07 09:02:01.945554

0rjp8mfiu3k >> Start >> 2020-10-07 09:03:04.992474

0rjp8mfiu3k >> Image Returned >> 2020-10-07 09:03:04.995282

0rjp8mfiu3k >> End >> 2020-10-07 09:03:05.160831

c88b2ek0tu4 >> Start >> 2020-10-07 09:03:22.222407

c88b2ek0tu4 >> Image Returned >> 2020-10-07 09:03:22.225213

c88b2ek0tu4 >> End >> 2020-10-07 09:03:22.815968

i33u5ta8ti8 >> Start >> 2020-10-07 09:07:34.984679

i33u5ta8ti8 >> Image Returned >> 2020-10-07 09:07:34.987600

i33u5ta8ti8 >> End >> 2020-10-07 09:07:35.174341

zsignwjqjgc >> Start >> 2020-10-07 09:12:36.114444

zsignwjqjgc >> Image Returned >> 2020-10-07 09:12:36.118311

zsignwjqjgc >> End >> 2020-10-07 09:12:36.289959

2xbafp5nrjm >> Start >> 2020-10-07 09:13:17.643218

2xbafp5nrjm >> Image Returned >> 2020-10-07 09:13:17.646339

2xbafp5nrjm >> End >> 2020-10-07 09:13:17.833481

wyadjid23q8 >> Start >> 2020-10-07 09:16:48.066459

wyadjid23q8 >> Image Returned >> 2020-10-07 09:16:48.069585

wyadjid23q8 >> End >> 2020-10-07 09:16:48.236294

cjjwicpw4jd >> Start >> 2020-10-07 09:19:08.935978

cjjwicpw4jd >> Image Returned >> 2020-10-07 09:19:08.938802

cjjwicpw4jd >> End >> 2020-10-07 09:19:09.101097

yr5rswsrsw6 >> Start >> 2020-10-07 09:20:45.495966

yr5rswsrsw6 >> Image Returned >> 2020-10-07 09:20:45.499247

yr5rswsrsw6 >> End >> 2020-10-07 09:20:45.664359

airxaoau7yb >> Start >> 2020-10-07 09:22:48.489567

airxaoau7yb >> Image Returned >> 2020-10-07 09:22:48.493302

airxaoau7yb >> End >> 2020-10-07 09:22:48.656924

drvrbqrwgzj >> Start >> 2020-10-07 09:27:41.899219

drvrbqrwgzj >> Image Returned >> 2020-10-07 09:27:41.901957

drvrbqrwgzj >> End >> 2020-10-07 09:27:42.079937

7wknxu8zzyn >> Start >> 2020-10-07 09:31:13.019089

7wknxu8zzyn >> Image Returned >> 2020-10-07 09:31:13.021966

7wknxu8zzyn >> End >> 2020-10-07 09:31:13.203418

02jofazezg7 >> Start >> 2020-10-07 09:36:19.942991

02jofazezg7 >> Image Returned >> 2020-10-07 09:36:19.945806

02jofazezg7 >> End >> 2020-10-07 09:36:20.111783

tvfbapkv366 >> Start >> 2020-10-07 09:41:19.829221

tvfbapkv366 >> Image Returned >> 2020-10-07 09:41:19.832331

tvfbapkv366 >> End >> 2020-10-07 09:41:20.001552

yboqtr7ikmg >> Start >> 2020-10-07 09:42:28.997255

yboqtr7ikmg >> Image Returned >> 2020-10-07 09:42:29.000497

yboqtr7ikmg >> End >> 2020-10-07 09:42:29.173578

7fy75vijv4v >> Start >> 2020-10-07 09:44:55.576426

7fy75vijv4v >> Image Returned >> 2020-10-07 09:44:55.579277

7fy75vijv4v >> End >> 2020-10-07 09:44:55.763010

n73gqibxov4 >> Start >> 2020-10-07 09:53:23.516109

n73gqibxov4 >> Image Returned >> 2020-10-07 09:53:23.518939

n73gqibxov4 >> End >> 2020-10-07 09:53:23.688956

g8h6p7b64fy >> Start >> 2020-10-07 09:54:00.951337

g8h6p7b64fy >> Image Returned >> 2020-10-07 09:54:00.955059

g8h6p7b64fy >> End >> 2020-10-07 09:54:01.122490

isvgb386x30 >> Start >> 2020-10-07 09:54:16.825568

isvgb386x30 >> Image Returned >> 2020-10-07 09:54:16.828659

isvgb386x30 >> End >> 2020-10-07 09:54:16.992443

03jrisnkc7d >> Start >> 2020-10-07 09:55:00.922442

03jrisnkc7d >> Image Returned >> 2020-10-07 09:55:00.925729

03jrisnkc7d >> End >> 2020-10-07 09:55:01.103333

b74csdmo8t3 >> Start >> 2020-10-07 09:57:20.241446

b74csdmo8t3 >> Image Returned >> 2020-10-07 09:57:20.245026

b74csdmo8t3 >> End >> 2020-10-07 09:57:20.410728

bjjrtzeogdc >> Start >> 2020-10-07 09:57:31.699117

bjjrtzeogdc >> Image Returned >> 2020-10-07 09:57:31.701944

bjjrtzeogdc >> End >> 2020-10-07 09:57:31.871303

a07w0b7dhgz >> Start >> 2020-10-07 09:59:00.746997

a07w0b7dhgz >> Image Returned >> 2020-10-07 09:59:00.750193

a07w0b7dhgz >> End >> 2020-10-07 09:59:00.926079

odvqqdcfwgk >> Start >> 2020-10-07 09:59:32.022475

odvqqdcfwgk >> Image Returned >> 2020-10-07 09:59:32.025233

odvqqdcfwgk >> End >> 2020-10-07 09:59:32.212462

woph4t68iux >> Start >> 2020-10-07 10:03:38.284265

woph4t68iux >> Image Returned >> 2020-10-07 10:03:38.287101

woph4t68iux >> End >> 2020-10-07 10:03:38.460197

pvuyfp25cx7 >> Start >> 2020-10-07 10:04:52.335242

pvuyfp25cx7 >> Image Returned >> 2020-10-07 10:04:52.338402

pvuyfp25cx7 >> End >> 2020-10-07 10:04:52.506181

gyccjvcrop7 >> Start >> 2020-10-07 10:10:06.837918

gyccjvcrop7 >> Image Returned >> 2020-10-07 10:10:06.840924

gyccjvcrop7 >> End >> 2020-10-07 10:10:07.019697

r4yt6h8zy08 >> Start >> 2020-10-07 10:17:22.894279

r4yt6h8zy08 >> Image Returned >> 2020-10-07 10:17:22.898040

r4yt6h8zy08 >> End >> 2020-10-07 10:17:23.062468

0z433tosh86 >> Start >> 2020-10-07 10:18:00.842027

0z433tosh86 >> Image Returned >> 2020-10-07 10:18:00.847410

0z433tosh86 >> End >> 2020-10-07 10:18:01.011543

kmfzeu656ad >> Start >> 2020-10-07 10:18:08.489209

kmfzeu656ad >> Image Returned >> 2020-10-07 10:18:08.489494

kmfzeu656ad >> End >> 2020-10-07 10:18:08.697419

kp7yubyssk5 >> Start >> 2020-10-07 10:24:11.349139

kp7yubyssk5 >> Image Returned >> 2020-10-07 10:24:11.352293

kp7yubyssk5 >> End >> 2020-10-07 10:24:11.519120

hyokv5mcab6 >> Start >> 2020-10-07 10:24:43.305299

hyokv5mcab6 >> Image Returned >> 2020-10-07 10:24:43.308221

hyokv5mcab6 >> End >> 2020-10-07 10:24:43.482832

m25ruyebax3 >> Start >> 2020-10-07 10:25:07.362015

m25ruyebax3 >> Image Returned >> 2020-10-07 10:25:07.365536

m25ruyebax3 >> End >> 2020-10-07 10:25:07.529633

u6tkxjap6u5 >> Start >> 2020-10-07 10:27:21.495902

u6tkxjap6u5 >> Image Returned >> 2020-10-07 10:27:21.498982

u6tkxjap6u5 >> End >> 2020-10-07 10:27:21.663979

svn62qj2yzi >> Start >> 2020-10-07 10:29:15.401952

svn62qj2yzi >> Image Returned >> 2020-10-07 10:29:15.404927

svn62qj2yzi >> End >> 2020-10-07 10:29:15.624694

36g4sex2duq >> Start >> 2020-10-07 10:29:23.683943

36g4sex2duq >> Image Returned >> 2020-10-07 10:29:23.684261

36g4sex2duq >> End >> 2020-10-07 10:29:23.865101

fhmc6qno86d >> Start >> 2020-10-07 10:31:46.627933

fhmc6qno86d >> Image Returned >> 2020-10-07 10:31:46.631119

fhmc6qno86d >> End >> 2020-10-07 10:31:46.796838

ush6fqiwhgg >> Start >> 2020-10-07 10:31:58.013890

ush6fqiwhgg >> Image Returned >> 2020-10-07 10:31:58.017009

ush6fqiwhgg >> End >> 2020-10-07 10:31:58.179821

5h4gm7iphp4 >> Start >> 2020-10-07 10:32:21.781503

5h4gm7iphp4 >> Image Returned >> 2020-10-07 10:32:21.784317

5h4gm7iphp4 >> End >> 2020-10-07 10:32:22.000242

2w3x57m7md4 >> Start >> 2020-10-07 10:35:55.983567

2w3x57m7md4 >> Image Returned >> 2020-10-07 10:35:55.987534

2w3x57m7md4 >> End >> 2020-10-07 10:35:56.176629

umvvmbsbuou >> Start >> 2020-10-07 10:36:37.028919

umvvmbsbuou >> Image Returned >> 2020-10-07 10:36:37.031795

umvvmbsbuou >> End >> 2020-10-07 10:36:37.207103

2amunkdwzop >> Start >> 2020-10-07 10:43:55.167761

2amunkdwzop >> Image Returned >> 2020-10-07 10:43:55.171075

2amunkdwzop >> End >> 2020-10-07 10:43:55.337776

ijodiydej4i >> Start >> 2020-10-07 10:44:07.911083

ijodiydej4i >> Image Returned >> 2020-10-07 10:44:07.913964

ijodiydej4i >> End >> 2020-10-07 10:44:08.094732

5ztczmkygto >> Start >> 2020-10-07 10:45:26.811460

5ztczmkygto >> Image Returned >> 2020-10-07 10:45:26.814361

5ztczmkygto >> End >> 2020-10-07 10:45:26.988280

3ruizk6ydwa >> Start >> 2020-10-07 10:47:23.782279

3ruizk6ydwa >> Image Returned >> 2020-10-07 10:47:23.785422

3ruizk6ydwa >> End >> 2020-10-07 10:47:24.083033

zjsr7h7qjut >> Start >> 2020-10-07 10:48:26.046794

zjsr7h7qjut >> Image Returned >> 2020-10-07 10:48:26.050343

zjsr7h7qjut >> End >> 2020-10-07 10:48:26.182588

p5n75exevsx >> Start >> 2020-10-07 10:50:50.515151

p5n75exevsx >> Image Returned >> 2020-10-07 10:50:50.518734

p5n75exevsx >> End >> 2020-10-07 10:50:50.688371

xd2oi8dvnxf >> Start >> 2020-10-07 10:53:12.576208

xd2oi8dvnxf >> Image Returned >> 2020-10-07 10:53:12.580075

xd2oi8dvnxf >> End >> 2020-10-07 10:53:12.744858

kn3b836vufa >> Start >> 2020-10-07 11:04:12.532136

kn3b836vufa >> Image Returned >> 2020-10-07 11:04:12.535413

kn3b836vufa >> End >> 2020-10-07 11:04:12.709183

mfzavv2jjks >> Start >> 2020-10-07 11:09:24.211103

mfzavv2jjks >> Image Returned >> 2020-10-07 11:09:24.214217

mfzavv2jjks >> End >> 2020-10-07 11:09:24.377391

nkpycjyy8sw >> Start >> 2020-10-07 11:11:41.300512

nkpycjyy8sw >> Image Returned >> 2020-10-07 11:11:41.303659

nkpycjyy8sw >> End >> 2020-10-07 11:11:41.471918

5xddj0ote4b >> Start >> 2020-10-07 11:13:08.449537

5xddj0ote4b >> Image Returned >> 2020-10-07 11:13:08.453164

5xddj0ote4b >> End >> 2020-10-07 11:13:08.629998

qudvambpwf7 >> Start >> 2020-10-07 11:14:09.359930

qudvambpwf7 >> Image Returned >> 2020-10-07 11:14:09.362816

qudvambpwf7 >> End >> 2020-10-07 11:14:09.534446

z3ah8qnrcy8 >> Start >> 2020-10-07 11:14:39.602302

z3ah8qnrcy8 >> Image Returned >> 2020-10-07 11:14:39.605631

z3ah8qnrcy8 >> End >> 2020-10-07 11:14:39.778896

fnzbuckty8b >> Start >> 2020-10-07 11:18:50.465631

fnzbuckty8b >> Image Returned >> 2020-10-07 11:18:50.471219

fnzbuckty8b >> End >> 2020-10-07 11:18:50.638906

bmvc0mo6gpo >> Start >> 2020-10-07 11:23:54.963754

bmvc0mo6gpo >> Image Returned >> 2020-10-07 11:23:54.967077

bmvc0mo6gpo >> End >> 2020-10-07 11:23:55.132818

ca3hdx5bstn >> Start >> 2020-10-07 11:24:58.114870

ca3hdx5bstn >> Image Returned >> 2020-10-07 11:24:58.118097

ca3hdx5bstn >> End >> 2020-10-07 11:24:58.303451

mnxrhmz33hm >> Start >> 2020-10-07 11:27:41.086210

mnxrhmz33hm >> Image Returned >> 2020-10-07 11:27:41.089128

mnxrhmz33hm >> End >> 2020-10-07 11:27:41.267607

baht05cwpjo >> Start >> 2020-10-07 11:27:56.653424

baht05cwpjo >> Image Returned >> 2020-10-07 11:27:56.656862

baht05cwpjo >> End >> 2020-10-07 11:27:56.827553

r5x624x866s >> Start >> 2020-10-07 11:29:08.136069

r5x624x866s >> Image Returned >> 2020-10-07 11:29:08.140480

r5x624x866s >> End >> 2020-10-07 11:29:08.316555

x6g4y6cd6yh >> Start >> 2020-10-07 11:29:39.300767

x6g4y6cd6yh >> Image Returned >> 2020-10-07 11:29:39.304073

x6g4y6cd6yh >> End >> 2020-10-07 11:29:39.466851

8znjnd7pzv2 >> Start >> 2020-10-07 11:30:25.922158

8znjnd7pzv2 >> Image Returned >> 2020-10-07 11:30:25.924987

8znjnd7pzv2 >> End >> 2020-10-07 11:30:26.111051

jnapqzh4yue >> Start >> 2020-10-07 11:31:19.539710

jnapqzh4yue >> Image Returned >> 2020-10-07 11:31:19.542944

jnapqzh4yue >> End >> 2020-10-07 11:31:19.725689

wzyq8dxr338 >> Start >> 2020-10-07 11:33:36.235066

wzyq8dxr338 >> Image Returned >> 2020-10-07 11:33:36.238151

wzyq8dxr338 >> End >> 2020-10-07 11:33:36.405968

f7ivwb7zrq6 >> Start >> 2020-10-07 11:36:18.388340

f7ivwb7zrq6 >> Image Returned >> 2020-10-07 11:36:18.391820

f7ivwb7zrq6 >> End >> 2020-10-07 11:36:18.862401

870k3cgxm84 >> Start >> 2020-10-07 11:40:50.772308

870k3cgxm84 >> Image Returned >> 2020-10-07 11:40:50.775782

870k3cgxm84 >> End >> 2020-10-07 11:40:50.959225

5mi2hecife4 >> Start >> 2020-10-07 11:49:33.788781

5mi2hecife4 >> Image Returned >> 2020-10-07 11:49:33.791771

5mi2hecife4 >> End >> 2020-10-07 11:49:33.978812

3w6p60mdm8n >> Start >> 2020-10-07 11:54:16.640557

3w6p60mdm8n >> Image Returned >> 2020-10-07 11:54:16.644061

3w6p60mdm8n >> End >> 2020-10-07 11:54:16.809897

xn4hjcyfnkx >> Start >> 2020-10-07 12:00:07.225172

xn4hjcyfnkx >> Image Returned >> 2020-10-07 12:00:07.228028

xn4hjcyfnkx >> End >> 2020-10-07 12:00:07.399518

8a2wo8avmua >> Start >> 2020-10-07 12:02:11.172229

8a2wo8avmua >> Image Returned >> 2020-10-07 12:02:11.175586

8a2wo8avmua >> End >> 2020-10-07 12:02:11.356847

is7aceirqco >> Start >> 2020-10-07 12:02:17.704178

is7aceirqco >> Image Returned >> 2020-10-07 12:02:17.704479

is7aceirqco >> End >> 2020-10-07 12:02:17.864896

h5djuboxbwh >> Start >> 2020-10-07 12:15:52.491797

h5djuboxbwh >> Image Returned >> 2020-10-07 12:15:52.495192

h5djuboxbwh >> End >> 2020-10-07 12:15:52.663223

tdms4uxnvxw >> Start >> 2020-10-07 12:16:03.983731

tdms4uxnvxw >> Image Returned >> 2020-10-07 12:16:03.986574

tdms4uxnvxw >> End >> 2020-10-07 12:16:04.148963

8eexjx05szv >> Start >> 2020-10-07 12:16:29.252795

8eexjx05szv >> Image Returned >> 2020-10-07 12:16:29.255722

8eexjx05szv >> End >> 2020-10-07 12:16:29.419533

k46qyxwh224 >> Start >> 2020-10-07 12:17:51.699712

k46qyxwh224 >> Image Returned >> 2020-10-07 12:17:51.704130

k46qyxwh224 >> End >> 2020-10-07 12:17:51.867080

qdnjchdm2a7 >> Start >> 2020-10-07 12:20:50.743242

qdnjchdm2a7 >> Image Returned >> 2020-10-07 12:20:50.746566

qdnjchdm2a7 >> End >> 2020-10-07 12:20:50.914657

rebpdpow02x >> Start >> 2020-10-07 12:22:57.678128

rebpdpow02x >> Image Returned >> 2020-10-07 12:22:57.681839

rebpdpow02x >> End >> 2020-10-07 12:22:57.876775

mapfuv5zb2u >> Start >> 2020-10-07 12:24:33.089401

mapfuv5zb2u >> Image Returned >> 2020-10-07 12:24:33.092483

mapfuv5zb2u >> End >> 2020-10-07 12:24:33.254292

eysvs2eh3g3 >> Start >> 2020-10-07 12:30:14.887680

eysvs2eh3g3 >> Image Returned >> 2020-10-07 12:30:14.891119

eysvs2eh3g3 >> End >> 2020-10-07 12:30:15.067332

xqax65wiwy0 >> Start >> 2020-10-07 12:31:09.583019

xqax65wiwy0 >> Image Returned >> 2020-10-07 12:31:09.586040

xqax65wiwy0 >> End >> 2020-10-07 12:31:09.750359

tfgfrz04x62 >> Start >> 2020-10-07 12:34:13.209410

tfgfrz04x62 >> Image Returned >> 2020-10-07 12:34:13.212359

tfgfrz04x62 >> End >> 2020-10-07 12:34:13.378354

25s4e45jgoz >> Start >> 2020-10-07 12:34:44.399245

25s4e45jgoz >> Image Returned >> 2020-10-07 12:34:44.402040

25s4e45jgoz >> End >> 2020-10-07 12:34:44.572441

m7xbc0bih0k >> Start >> 2020-10-07 12:40:33.433017

m7xbc0bih0k >> Image Returned >> 2020-10-07 12:40:33.435961

m7xbc0bih0k >> End >> 2020-10-07 12:40:33.624532

8km4pawu4zy >> Start >> 2020-10-07 12:41:52.439599

8km4pawu4zy >> Image Returned >> 2020-10-07 12:41:52.442595

8km4pawu4zy >> End >> 2020-10-07 12:41:52.614891

v87sm5d3zkk >> Start >> 2020-10-07 12:41:59.553154

v87sm5d3zkk >> Image Returned >> 2020-10-07 12:41:59.553451

v87sm5d3zkk >> End >> 2020-10-07 12:41:59.729532

sou0tk7p7jw >> Start >> 2020-10-07 12:43:05.288665

sou0tk7p7jw >> Image Returned >> 2020-10-07 12:43:05.292145

sou0tk7p7jw >> End >> 2020-10-07 12:43:05.428388

c5epyikvuni >> Start >> 2020-10-07 12:43:10.010548

c5epyikvuni >> Image Returned >> 2020-10-07 12:43:10.010898

c5epyikvuni >> End >> 2020-10-07 12:43:10.178385

mheyoey6g6a >> Start >> 2020-10-07 12:46:07.286961

mheyoey6g6a >> Image Returned >> 2020-10-07 12:46:07.289983

mheyoey6g6a >> End >> 2020-10-07 12:46:07.513504

8s7j05a2ug3 >> Start >> 2020-10-07 12:47:42.805704

8s7j05a2ug3 >> Image Returned >> 2020-10-07 12:47:42.808763

8s7j05a2ug3 >> End >> 2020-10-07 12:47:43.032538

5szaf4hsqg2 >> Start >> 2020-10-07 12:48:29.780124

5szaf4hsqg2 >> Image Returned >> 2020-10-07 12:48:29.784276

5szaf4hsqg2 >> End >> 2020-10-07 12:48:30.007536

3ugktoqk0aw >> Start >> 2020-10-07 12:49:30.632154

3ugktoqk0aw >> Image Returned >> 2020-10-07 12:49:30.635138

3ugktoqk0aw >> End >> 2020-10-07 12:49:30.835942

iasuchiwyh3 >> Start >> 2020-10-07 12:50:13.036442

iasuchiwyh3 >> Image Returned >> 2020-10-07 12:50:13.041307

iasuchiwyh3 >> End >> 2020-10-07 12:50:13.221190

ckpe6jjk5yy >> Start >> 2020-10-07 12:50:37.983351

ckpe6jjk5yy >> Image Returned >> 2020-10-07 12:50:37.986243

ckpe6jjk5yy >> End >> 2020-10-07 12:50:38.163830

qr6zumze203 >> Start >> 2020-10-07 12:51:03.935107

qr6zumze203 >> Image Returned >> 2020-10-07 12:51:03.938231

qr6zumze203 >> End >> 2020-10-07 12:51:04.110497

usxyzfkzejv >> Start >> 2020-10-07 12:51:54.784101

usxyzfkzejv >> Image Returned >> 2020-10-07 12:51:54.787614

usxyzfkzejv >> End >> 2020-10-07 12:51:54.961930

5jcq653qk3g >> Start >> 2020-10-07 12:52:09.486094

5jcq653qk3g >> Image Returned >> 2020-10-07 12:52:09.489300

5jcq653qk3g >> End >> 2020-10-07 12:52:09.652107

e5x3j0sjemc >> Start >> 2020-10-07 12:57:42.864101

e5x3j0sjemc >> Image Returned >> 2020-10-07 12:57:42.867928

e5x3j0sjemc >> End >> 2020-10-07 12:57:43.035609

qcrnhdqmxog >> Start >> 2020-10-07 13:00:43.533972

qcrnhdqmxog >> Image Returned >> 2020-10-07 13:00:43.537081

qcrnhdqmxog >> End >> 2020-10-07 13:00:43.702050

im2qy0e5as3 >> Start >> 2020-10-07 13:09:11.183728

im2qy0e5as3 >> Image Returned >> 2020-10-07 13:09:11.186635

im2qy0e5as3 >> End >> 2020-10-07 13:09:11.351710

fewu0ggqakf >> Start >> 2020-10-07 13:10:43.674802

fewu0ggqakf >> Image Returned >> 2020-10-07 13:10:43.677731

fewu0ggqakf >> End >> 2020-10-07 13:10:43.837227

jvdc45eepdg >> Start >> 2020-10-07 13:13:18.085489

jvdc45eepdg >> Image Returned >> 2020-10-07 13:13:18.088426

jvdc45eepdg >> End >> 2020-10-07 13:13:18.253747

mo7gxygzrn8 >> Start >> 2020-10-07 13:22:48.074311

mo7gxygzrn8 >> Image Returned >> 2020-10-07 13:22:48.077946

mo7gxygzrn8 >> End >> 2020-10-07 13:22:48.255661

dmo7d0gugcz >> Start >> 2020-10-07 13:23:54.160892

dmo7d0gugcz >> Image Returned >> 2020-10-07 13:23:54.164803

dmo7d0gugcz >> End >> 2020-10-07 13:23:54.337920

gqvhdw4ciae >> Start >> 2020-10-07 13:24:13.034436

gqvhdw4ciae >> Image Returned >> 2020-10-07 13:24:13.037790

gqvhdw4ciae >> End >> 2020-10-07 13:24:13.202721

vibipai5egx >> Start >> 2020-10-07 13:24:19.825356

vibipai5egx >> Image Returned >> 2020-10-07 13:24:19.825799

vibipai5egx >> End >> 2020-10-07 13:24:19.987478

ghgab4njcrm >> Start >> 2020-10-07 13:29:18.845200

ghgab4njcrm >> Image Returned >> 2020-10-07 13:29:18.848340

ghgab4njcrm >> End >> 2020-10-07 13:29:19.018857

xudvgpybass >> Start >> 2020-10-07 13:33:17.881179

xudvgpybass >> Image Returned >> 2020-10-07 13:33:17.884063

xudvgpybass >> End >> 2020-10-07 13:33:18.042161

tkfsnpu02mm >> Start >> 2020-10-07 13:37:27.493122

tkfsnpu02mm >> Image Returned >> 2020-10-07 13:37:27.496282

tkfsnpu02mm >> End >> 2020-10-07 13:37:27.658116

frisgrdjh70 >> Start >> 2020-10-07 13:38:00.898786

frisgrdjh70 >> Image Returned >> 2020-10-07 13:38:00.902623

frisgrdjh70 >> End >> 2020-10-07 13:38:01.083971

fxahwqyyjq0 >> Start >> 2020-10-07 13:38:08.381439

fxahwqyyjq0 >> Image Returned >> 2020-10-07 13:38:08.381733

fxahwqyyjq0 >> End >> 2020-10-07 13:38:08.549305

sojnqbpwv2n >> Start >> 2020-10-07 13:44:25.611648

sojnqbpwv2n >> Image Returned >> 2020-10-07 13:44:25.615556

sojnqbpwv2n >> End >> 2020-10-07 13:44:25.793987

vfuehjxqijk >> Start >> 2020-10-07 13:44:40.009035

vfuehjxqijk >> Image Returned >> 2020-10-07 13:44:40.012011

vfuehjxqijk >> End >> 2020-10-07 13:44:40.319479

2gn2unx5j8t >> Start >> 2020-10-07 13:50:37.179512

2gn2unx5j8t >> Image Returned >> 2020-10-07 13:50:37.182401

2gn2unx5j8t >> End >> 2020-10-07 13:50:37.359038

gwu6zv0sqe4 >> Start >> 2020-10-07 13:54:36.092734

gwu6zv0sqe4 >> Image Returned >> 2020-10-07 13:54:36.095784

gwu6zv0sqe4 >> End >> 2020-10-07 13:54:36.261812

dnt0m2f4eej >> Start >> 2020-10-07 13:55:22.224828

dnt0m2f4eej >> Image Returned >> 2020-10-07 13:55:22.227799

dnt0m2f4eej >> End >> 2020-10-07 13:55:22.412719

m3s5vuozra3 >> Start >> 2020-10-07 13:55:32.308614

m3s5vuozra3 >> Image Returned >> 2020-10-07 13:55:32.308917

m3s5vuozra3 >> End >> 2020-10-07 13:55:32.498419

fimezgv2zuw >> Start >> 2020-10-07 13:56:35.122929

fimezgv2zuw >> Image Returned >> 2020-10-07 13:56:35.126585

fimezgv2zuw >> End >> 2020-10-07 13:56:35.301291

vwy3bonaznf >> Start >> 2020-10-07 13:59:58.108915

vwy3bonaznf >> Image Returned >> 2020-10-07 13:59:58.112443

vwy3bonaznf >> End >> 2020-10-07 13:59:58.236614

iyf2q4m2fzx >> Start >> 2020-10-07 14:02:12.152553

iyf2q4m2fzx >> Image Returned >> 2020-10-07 14:02:12.155989

iyf2q4m2fzx >> End >> 2020-10-07 14:02:12.278925

u3fbqth28mg >> Start >> 2020-10-07 14:02:59.321010

u3fbqth28mg >> Image Returned >> 2020-10-07 14:02:59.324493

u3fbqth28mg >> End >> 2020-10-07 14:02:59.482989

d5cxxcohifx >> Start >> 2020-10-07 14:03:26.062757

d5cxxcohifx >> Image Returned >> 2020-10-07 14:03:26.065685

d5cxxcohifx >> End >> 2020-10-07 14:03:26.260133

tyg0u6tn7sa >> Start >> 2020-10-07 14:04:16.931430

tyg0u6tn7sa >> Image Returned >> 2020-10-07 14:04:16.935803

tyg0u6tn7sa >> End >> 2020-10-07 14:04:17.061579

32wnmd8z57b >> Start >> 2020-10-07 14:04:19.880440

32wnmd8z57b >> Image Returned >> 2020-10-07 14:04:19.880764

32wnmd8z57b >> End >> 2020-10-07 14:04:20.055813

ovaevb5sv8x >> Start >> 2020-10-07 14:06:32.268464

ovaevb5sv8x >> Image Returned >> 2020-10-07 14:06:32.271395

ovaevb5sv8x >> End >> 2020-10-07 14:06:32.506162

zghasakf88h >> Start >> 2020-10-07 14:10:19.550101

zghasakf88h >> Image Returned >> 2020-10-07 14:10:19.553100

zghasakf88h >> End >> 2020-10-07 14:10:19.730710

0at4gz38p4g >> Start >> 2020-10-07 14:12:37.205322

0at4gz38p4g >> Image Returned >> 2020-10-07 14:12:37.209242

0at4gz38p4g >> End >> 2020-10-07 14:12:37.375561

z0oaxu26ndn >> Start >> 2020-10-07 14:12:56.491656

z0oaxu26ndn >> Image Returned >> 2020-10-07 14:12:56.494889

z0oaxu26ndn >> End >> 2020-10-07 14:12:56.658205

7mnyiuxhy05 >> Start >> 2020-10-07 14:15:58.335095

7mnyiuxhy05 >> Image Returned >> 2020-10-07 14:15:58.339021

7mnyiuxhy05 >> End >> 2020-10-07 14:15:58.507087

2jpj38not3r >> Start >> 2020-10-07 14:18:35.603948

2jpj38not3r >> Image Returned >> 2020-10-07 14:18:35.607736

2jpj38not3r >> End >> 2020-10-07 14:18:35.774465

npapjv0c36s >> Start >> 2020-10-07 14:26:24.789824

npapjv0c36s >> Image Returned >> 2020-10-07 14:26:24.792810

npapjv0c36s >> End >> 2020-10-07 14:26:24.973620

rduagutg3dk >> Start >> 2020-10-07 14:29:45.057662

rduagutg3dk >> Image Returned >> 2020-10-07 14:29:45.060965

rduagutg3dk >> End >> 2020-10-07 14:29:45.294517

v8y552svmp0 >> Start >> 2020-10-07 14:30:40.387931

v8y552svmp0 >> Image Returned >> 2020-10-07 14:30:40.391077

v8y552svmp0 >> End >> 2020-10-07 14:30:40.566955

hfwicu3jssj >> Start >> 2020-10-07 14:30:54.172513

hfwicu3jssj >> Image Returned >> 2020-10-07 14:30:54.175986

hfwicu3jssj >> End >> 2020-10-07 14:30:54.370548

hokb3ipeys4 >> Start >> 2020-10-07 14:33:08.591341

hokb3ipeys4 >> Image Returned >> 2020-10-07 14:33:08.594310

hokb3ipeys4 >> End >> 2020-10-07 14:33:08.759741

yxn2j4suyz0 >> Start >> 2020-10-07 14:33:26.175904

yxn2j4suyz0 >> Image Returned >> 2020-10-07 14:33:26.178841

yxn2j4suyz0 >> End >> 2020-10-07 14:33:26.353374

j2th5q46guo >> Start >> 2020-10-07 14:36:03.645931

j2th5q46guo >> Image Returned >> 2020-10-07 14:36:03.649293

j2th5q46guo >> End >> 2020-10-07 14:36:03.877336

ybnny3yxgz6 >> Start >> 2020-10-07 14:44:35.614459

ybnny3yxgz6 >> Image Returned >> 2020-10-07 14:44:35.618601

ybnny3yxgz6 >> End >> 2020-10-07 14:44:35.817282

zeagofzyx6w >> Start >> 2020-10-07 14:45:51.689969

zeagofzyx6w >> Image Returned >> 2020-10-07 14:45:51.692924

zeagofzyx6w >> End >> 2020-10-07 14:45:51.855942

jnbrbyup76n >> Start >> 2020-10-07 14:45:54.604464

jnbrbyup76n >> Image Returned >> 2020-10-07 14:45:54.604769

jnbrbyup76n >> End >> 2020-10-07 14:45:54.791583

qn3o6mnd4du >> Start >> 2020-10-07 14:51:12.303205

qn3o6mnd4du >> Image Returned >> 2020-10-07 14:51:12.308254

qn3o6mnd4du >> End >> 2020-10-07 14:51:12.479111

707mzjy6t6w >> Start >> 2020-10-07 14:52:55.412174

707mzjy6t6w >> Image Returned >> 2020-10-07 14:52:55.415772

707mzjy6t6w >> End >> 2020-10-07 14:52:55.574701

tpnok3bjy0c >> Start >> 2020-10-07 14:54:01.308140

tpnok3bjy0c >> Image Returned >> 2020-10-07 14:54:01.311552

tpnok3bjy0c >> End >> 2020-10-07 14:54:01.477226

yuyc8z3uuyi >> Start >> 2020-10-07 14:55:19.672349

yuyc8z3uuyi >> Image Returned >> 2020-10-07 14:55:19.676224

yuyc8z3uuyi >> End >> 2020-10-07 14:55:19.843971

8dappj2pamj >> Start >> 2020-10-07 14:56:55.959000

8dappj2pamj >> Image Returned >> 2020-10-07 14:56:55.962691

8dappj2pamj >> End >> 2020-10-07 14:56:56.149791

rve7aqiu3wf >> Start >> 2020-10-07 14:58:04.123142

rve7aqiu3wf >> Image Returned >> 2020-10-07 14:58:04.126597

smby0mwn3ia >> Start >> 2020-10-07 14:58:04.140499

smby0mwn3ia >> Image Returned >> 2020-10-07 14:58:04.143660

smby0mwn3ia >> End >> 2020-10-07 14:58:04.336460

rve7aqiu3wf >> End >> 2020-10-07 14:58:04.339046

byy3wqsnm8o >> Start >> 2020-10-07 14:58:25.463258

byy3wqsnm8o >> Image Returned >> 2020-10-07 14:58:25.466232

byy3wqsnm8o >> End >> 2020-10-07 14:58:25.653460

sxnb2mi6sn3 >> Start >> 2020-10-07 15:00:16.188188

sxnb2mi6sn3 >> Image Returned >> 2020-10-07 15:00:16.191575

sxnb2mi6sn3 >> End >> 2020-10-07 15:00:16.360765

nfanmc2gyqp >> Start >> 2020-10-07 15:05:48.898355

nfanmc2gyqp >> Image Returned >> 2020-10-07 15:05:48.901391

nfanmc2gyqp >> End >> 2020-10-07 15:05:49.068912

3t23p5s625v >> Start >> 2020-10-07 15:08:00.765943

3t23p5s625v >> Image Returned >> 2020-10-07 15:08:00.770196

3t23p5s625v >> End >> 2020-10-07 15:08:00.971151

5tkzf7crr6t >> Start >> 2020-10-07 15:09:17.511712

5tkzf7crr6t >> Image Returned >> 2020-10-07 15:09:17.516731

5tkzf7crr6t >> End >> 2020-10-07 15:09:17.685070

3h72yhpd8w3 >> Start >> 2020-10-07 15:11:01.567013

3h72yhpd8w3 >> Image Returned >> 2020-10-07 15:11:01.570437

3h72yhpd8w3 >> End >> 2020-10-07 15:11:01.754579

z3kgfait3b7 >> Start >> 2020-10-07 15:12:32.962227

z3kgfait3b7 >> Image Returned >> 2020-10-07 15:12:32.965162

z3kgfait3b7 >> End >> 2020-10-07 15:12:33.128762

ow22u0bd5wy >> Start >> 2020-10-07 15:12:52.185363

ow22u0bd5wy >> Image Returned >> 2020-10-07 15:12:52.188364

ow22u0bd5wy >> End >> 2020-10-07 15:12:52.355038

2i6j4qh6vap >> Start >> 2020-10-07 15:15:55.944889

2i6j4qh6vap >> Image Returned >> 2020-10-07 15:15:55.947972

2i6j4qh6vap >> End >> 2020-10-07 15:15:56.130901

iubw3bnzc5j >> Start >> 2020-10-07 15:17:57.694220

iubw3bnzc5j >> Image Returned >> 2020-10-07 15:17:57.698575

iubw3bnzc5j >> End >> 2020-10-07 15:17:57.861963

3b0i2u8kkgi >> Start >> 2020-10-07 15:21:10.372987

3b0i2u8kkgi >> Image Returned >> 2020-10-07 15:21:10.376550

3b0i2u8kkgi >> End >> 2020-10-07 15:21:10.558437

4txxazpt308 >> Start >> 2020-10-07 15:21:16.768289

4txxazpt308 >> Image Returned >> 2020-10-07 15:21:16.768596

4txxazpt308 >> End >> 2020-10-07 15:21:16.942452

35u82ff4806 >> Start >> 2020-10-07 15:22:05.865767

35u82ff4806 >> Image Returned >> 2020-10-07 15:22:05.870424

35u82ff4806 >> End >> 2020-10-07 15:22:06.082819

h8y3enyzxak >> Start >> 2020-10-07 15:28:59.740699

h8y3enyzxak >> Image Returned >> 2020-10-07 15:28:59.744247

h8y3enyzxak >> End >> 2020-10-07 15:28:59.980279

40u7dbn6upu >> Start >> 2020-10-07 15:32:33.200078

40u7dbn6upu >> Image Returned >> 2020-10-07 15:32:33.203295

40u7dbn6upu >> End >> 2020-10-07 15:32:33.366961

rapsiuyzmqz >> Start >> 2020-10-07 15:43:22.160046

rapsiuyzmqz >> Image Returned >> 2020-10-07 15:43:22.163384

rapsiuyzmqz >> End >> 2020-10-07 15:43:22.631125

jkazwkxafhe >> Start >> 2020-10-07 15:45:56.461076

jkazwkxafhe >> Image Returned >> 2020-10-07 15:45:56.464324

jkazwkxafhe >> End >> 2020-10-07 15:45:56.641913

aqghw458nwh >> Start >> 2020-10-07 15:50:28.008405

aqghw458nwh >> Image Returned >> 2020-10-07 15:50:28.012012

aqghw458nwh >> End >> 2020-10-07 15:50:28.192061

uqd43v5k7dp >> Start >> 2020-10-07 15:54:38.631792

uqd43v5k7dp >> Image Returned >> 2020-10-07 15:54:38.634911

uqd43v5k7dp >> End >> 2020-10-07 15:54:38.795275

4rgwj24oczv >> Start >> 2020-10-07 15:56:37.708555

4rgwj24oczv >> Image Returned >> 2020-10-07 15:56:37.711971

4rgwj24oczv >> End >> 2020-10-07 15:56:37.872406

q3hve34djm7 >> Start >> 2020-10-07 15:56:55.060605

q3hve34djm7 >> Image Returned >> 2020-10-07 15:56:55.063647

q3hve34djm7 >> End >> 2020-10-07 15:56:55.227833

20xkixhfrj0 >> Start >> 2020-10-07 15:59:19.274267

20xkixhfrj0 >> Image Returned >> 2020-10-07 15:59:19.277410

20xkixhfrj0 >> End >> 2020-10-07 15:59:19.450983

zqzzb07sdin >> Start >> 2020-10-07 15:59:42.366930

zqzzb07sdin >> Image Returned >> 2020-10-07 15:59:42.369911

zqzzb07sdin >> End >> 2020-10-07 15:59:42.533245

ndvce5mpz4a >> Start >> 2020-10-07 16:04:01.091572

ndvce5mpz4a >> Image Returned >> 2020-10-07 16:04:01.095108

ndvce5mpz4a >> End >> 2020-10-07 16:04:01.265139

pc3jjnwe5ex >> Start >> 2020-10-07 16:04:33.641506

pc3jjnwe5ex >> Image Returned >> 2020-10-07 16:04:33.644522

pc3jjnwe5ex >> End >> 2020-10-07 16:04:33.808204

wrqqp5sin0w >> Start >> 2020-10-07 16:05:15.073234

wrqqp5sin0w >> Image Returned >> 2020-10-07 16:05:15.076551

wrqqp5sin0w >> End >> 2020-10-07 16:05:15.253087

f3ad0kd4ojq >> Start >> 2020-10-07 16:05:23.814548

f3ad0kd4ojq >> Image Returned >> 2020-10-07 16:05:23.814856

f3ad0kd4ojq >> End >> 2020-10-07 16:05:23.980252

q5spot2u758 >> Start >> 2020-10-07 16:05:46.733964

q5spot2u758 >> Image Returned >> 2020-10-07 16:05:46.737061

q5spot2u758 >> End >> 2020-10-07 16:05:46.905652

04bgfz4sgha >> Start >> 2020-10-07 16:05:55.069654

04bgfz4sgha >> Image Returned >> 2020-10-07 16:05:55.069967

04bgfz4sgha >> End >> 2020-10-07 16:05:55.244127

zsuhdwzz86o >> Start >> 2020-10-07 16:09:42.504100

zsuhdwzz86o >> Image Returned >> 2020-10-07 16:09:42.507163

zsuhdwzz86o >> End >> 2020-10-07 16:09:42.712778

jr22rfeqgka >> Start >> 2020-10-07 16:12:16.124543

jr22rfeqgka >> Image Returned >> 2020-10-07 16:12:16.127861

jr22rfeqgka >> End >> 2020-10-07 16:12:16.299149

vwrn38rfe7r >> Start >> 2020-10-07 16:16:05.732933

vwrn38rfe7r >> Image Returned >> 2020-10-07 16:16:05.735991

vwrn38rfe7r >> End >> 2020-10-07 16:16:05.927177

zucchb5ubai >> Start >> 2020-10-07 16:18:13.384772

zucchb5ubai >> Image Returned >> 2020-10-07 16:18:13.388978

zucchb5ubai >> End >> 2020-10-07 16:18:13.552539

xt5n0wpndzc >> Start >> 2020-10-07 16:21:05.637430

xt5n0wpndzc >> Image Returned >> 2020-10-07 16:21:05.641100

xt5n0wpndzc >> End >> 2020-10-07 16:21:06.103807

x0ubu5o34jn >> Start >> 2020-10-07 16:22:22.863120

x0ubu5o34jn >> Image Returned >> 2020-10-07 16:22:22.866807

x0ubu5o34jn >> End >> 2020-10-07 16:22:23.029747

4bja4juxqwo >> Start >> 2020-10-07 16:30:53.004287

4bja4juxqwo >> Image Returned >> 2020-10-07 16:30:53.008616

4bja4juxqwo >> End >> 2020-10-07 16:30:53.197576

ioh6tva7be4 >> Start >> 2020-10-07 16:39:34.250417

ioh6tva7be4 >> Image Returned >> 2020-10-07 16:39:34.254815

ioh6tva7be4 >> End >> 2020-10-07 16:39:34.459595

rdf4gc0cpup >> Start >> 2020-10-07 16:42:50.139744

rdf4gc0cpup >> Image Returned >> 2020-10-07 16:42:50.143414

rdf4gc0cpup >> End >> 2020-10-07 16:42:50.310060

c6f0v3w3h3r >> Start >> 2020-10-07 16:43:34.446109

c6f0v3w3h3r >> Image Returned >> 2020-10-07 16:43:34.449182

c6f0v3w3h3r >> End >> 2020-10-07 16:43:34.636975

0i3cbksjfeh >> Start >> 2020-10-07 16:44:44.931993

0i3cbksjfeh >> Image Returned >> 2020-10-07 16:44:44.935513

0i3cbksjfeh >> End >> 2020-10-07 16:44:45.117537

pxa35yqtjyp >> Start >> 2020-10-07 16:48:57.348535

pxa35yqtjyp >> Image Returned >> 2020-10-07 16:48:57.352026

pxa35yqtjyp >> End >> 2020-10-07 16:48:57.519429

waxd8sjo7iv >> Start >> 2020-10-07 16:49:13.770512

waxd8sjo7iv >> Image Returned >> 2020-10-07 16:49:13.773739

waxd8sjo7iv >> End >> 2020-10-07 16:49:13.942374

7qzg26gewvz >> Start >> 2020-10-07 16:50:27.577352

7qzg26gewvz >> Image Returned >> 2020-10-07 16:50:27.581125

7qzg26gewvz >> End >> 2020-10-07 16:50:27.749731

uyav4uyhsoz >> Start >> 2020-10-07 16:53:07.998682

uyav4uyhsoz >> Image Returned >> 2020-10-07 16:53:08.002619

uyav4uyhsoz >> End >> 2020-10-07 16:53:08.188487

v3s6nfmok2s >> Start >> 2020-10-07 16:57:32.868247

v3s6nfmok2s >> Image Returned >> 2020-10-07 16:57:32.872930

v3s6nfmok2s >> End >> 2020-10-07 16:57:33.042570

646zyaecpnu >> Start >> 2020-10-07 16:57:57.094815

646zyaecpnu >> Image Returned >> 2020-10-07 16:57:57.097946

646zyaecpnu >> End >> 2020-10-07 16:57:57.282685

x27mvdadvop >> Start >> 2020-10-07 17:01:45.444518

x27mvdadvop >> Image Returned >> 2020-10-07 17:01:45.447614

x27mvdadvop >> End >> 2020-10-07 17:01:45.623828

eonej2tndx5 >> Start >> 2020-10-07 17:01:46.712953

eonej2tndx5 >> Image Returned >> 2020-10-07 17:01:46.713237

eonej2tndx5 >> End >> 2020-10-07 17:01:46.875468

0nwiv7v6jp8 >> Start >> 2020-10-07 17:01:48.131088

0nwiv7v6jp8 >> Image Returned >> 2020-10-07 17:01:48.131375

0nwiv7v6jp8 >> End >> 2020-10-07 17:01:48.298723

xrg08rqzaay >> Start >> 2020-10-07 17:01:54.375020

xrg08rqzaay >> Image Returned >> 2020-10-07 17:01:54.375319

xrg08rqzaay >> End >> 2020-10-07 17:01:54.544161

odkmr2ics08 >> Start >> 2020-10-07 17:02:43.854990

odkmr2ics08 >> Image Returned >> 2020-10-07 17:02:43.858716

odkmr2ics08 >> End >> 2020-10-07 17:02:44.036267

njngzkkgi40 >> Start >> 2020-10-07 17:07:33.223607

njngzkkgi40 >> Image Returned >> 2020-10-07 17:07:33.229063

njngzkkgi40 >> End >> 2020-10-07 17:07:33.400176

vkyx2hja4y0 >> Start >> 2020-10-07 17:07:48.842119

vkyx2hja4y0 >> Image Returned >> 2020-10-07 17:07:48.845228

vkyx2hja4y0 >> End >> 2020-10-07 17:07:49.023386

006kkabemyv >> Start >> 2020-10-07 17:09:19.938615

006kkabemyv >> Image Returned >> 2020-10-07 17:09:19.941847

006kkabemyv >> End >> 2020-10-07 17:09:20.154241

v6p6zg35t5g >> Start >> 2020-10-07 17:23:59.225370

v6p6zg35t5g >> Image Returned >> 2020-10-07 17:23:59.229008

v6p6zg35t5g >> End >> 2020-10-07 17:23:59.415544

jc0hasbozce >> Start >> 2020-10-07 17:25:47.481537

jc0hasbozce >> Image Returned >> 2020-10-07 17:25:47.486936

jc0hasbozce >> End >> 2020-10-07 17:25:47.647269

iqnn2ia8qnk >> Start >> 2020-10-07 17:25:49.461242

iqnn2ia8qnk >> Image Returned >> 2020-10-07 17:25:49.461535

iqnn2ia8qnk >> End >> 2020-10-07 17:25:49.629936

shkwsmp2i05 >> Start >> 2020-10-07 17:26:50.972492

shkwsmp2i05 >> Image Returned >> 2020-10-07 17:26:50.975630

shkwsmp2i05 >> End >> 2020-10-07 17:26:51.165473

i3vb5fycetk >> Start >> 2020-10-07 17:29:36.128984

i3vb5fycetk >> Image Returned >> 2020-10-07 17:29:36.132317

i3vb5fycetk >> End >> 2020-10-07 17:29:36.298132

2imu6m6wctf >> Start >> 2020-10-07 17:33:18.995184

2imu6m6wctf >> Image Returned >> 2020-10-07 17:33:18.998852

2imu6m6wctf >> End >> 2020-10-07 17:33:19.172463

3nrfzt8skiy >> Start >> 2020-10-07 17:40:52.432281

3nrfzt8skiy >> Image Returned >> 2020-10-07 17:40:52.435506

3nrfzt8skiy >> End >> 2020-10-07 17:40:52.617408

h06njathw2w >> Start >> 2020-10-07 17:53:21.426808

h06njathw2w >> Image Returned >> 2020-10-07 17:53:21.429863

h06njathw2w >> End >> 2020-10-07 17:53:21.616925

2vfghezk8sg >> Start >> 2020-10-07 17:53:41.212299

2vfghezk8sg >> Image Returned >> 2020-10-07 17:53:41.215394

2vfghezk8sg >> End >> 2020-10-07 17:53:41.399555

n0p8k52tspr >> Start >> 2020-10-07 17:53:46.382671

n0p8k52tspr >> Image Returned >> 2020-10-07 17:53:46.382987

n0p8k52tspr >> End >> 2020-10-07 17:53:46.568110

n5r6tarnafm >> Start >> 2020-10-07 17:55:49.545226

n5r6tarnafm >> Image Returned >> 2020-10-07 17:55:49.548724

n5r6tarnafm >> End >> 2020-10-07 17:55:49.705946

qjjfh4dh64n >> Start >> 2020-10-07 17:57:18.607224

qjjfh4dh64n >> Image Returned >> 2020-10-07 17:57:18.610368

qjjfh4dh64n >> End >> 2020-10-07 17:57:18.772916

a50pwv8ect4 >> Start >> 2020-10-07 17:57:28.541584

a50pwv8ect4 >> Image Returned >> 2020-10-07 17:57:28.541914

a50pwv8ect4 >> End >> 2020-10-07 17:57:28.709073

vujiokwicm2 >> Start >> 2020-10-07 18:00:49.726846

vujiokwicm2 >> Image Returned >> 2020-10-07 18:00:49.729921

vujiokwicm2 >> End >> 2020-10-07 18:00:49.921281

rn4h7xst08x >> Start >> 2020-10-07 18:04:04.801358

rn4h7xst08x >> Image Returned >> 2020-10-07 18:04:04.805349

rn4h7xst08x >> End >> 2020-10-07 18:04:04.985367

yfgfopss50i >> Start >> 2020-10-07 18:05:14.721513

yfgfopss50i >> Image Returned >> 2020-10-07 18:05:14.724809

yfgfopss50i >> End >> 2020-10-07 18:05:14.897680

ntrh2q6g57s >> Start >> 2020-10-07 18:06:06.811556

ntrh2q6g57s >> Image Returned >> 2020-10-07 18:06:06.815510

ntrh2q6g57s >> End >> 2020-10-07 18:06:06.990472

j5uvx470dyh >> Start >> 2020-10-07 18:08:53.818758

j5uvx470dyh >> Image Returned >> 2020-10-07 18:08:53.821924

j5uvx470dyh >> End >> 2020-10-07 18:08:53.993048

d8rgicm4ufg >> Start >> 2020-10-07 18:09:10.073343

d8rgicm4ufg >> Image Returned >> 2020-10-07 18:09:10.076522

d8rgicm4ufg >> End >> 2020-10-07 18:09:10.253674

b5hhpww8ia7 >> Start >> 2020-10-07 18:10:38.499222

b5hhpww8ia7 >> Image Returned >> 2020-10-07 18:10:38.502247

b5hhpww8ia7 >> End >> 2020-10-07 18:10:38.684741

ctizoiw4zkw >> Start >> 2020-10-07 18:12:44.453036

ctizoiw4zkw >> Image Returned >> 2020-10-07 18:12:44.456937

ctizoiw4zkw >> End >> 2020-10-07 18:12:44.623686

xmx76c2jegf >> Start >> 2020-10-07 18:12:59.113370

xmx76c2jegf >> Image Returned >> 2020-10-07 18:12:59.117007

xmx76c2jegf >> End >> 2020-10-07 18:12:59.301235

3pqvxwmawje >> Start >> 2020-10-07 18:15:01.971790

3pqvxwmawje >> Image Returned >> 2020-10-07 18:15:01.975765

3pqvxwmawje >> End >> 2020-10-07 18:15:02.143347

pfgjtovp3hf >> Start >> 2020-10-07 18:20:47.564366

pfgjtovp3hf >> Image Returned >> 2020-10-07 18:20:47.567475

pfgjtovp3hf >> End >> 2020-10-07 18:20:47.749310

mxxfh5cd5w4 >> Start >> 2020-10-07 18:21:11.049550

mxxfh5cd5w4 >> Image Returned >> 2020-10-07 18:21:11.052679

mxxfh5cd5w4 >> End >> 2020-10-07 18:21:11.227648

ceaasamyr7o >> Start >> 2020-10-07 18:26:07.816257

ceaasamyr7o >> Image Returned >> 2020-10-07 18:26:07.819856

ceaasamyr7o >> End >> 2020-10-07 18:26:07.995699

s7frhyuw4pz >> Start >> 2020-10-07 18:32:36.117980

s7frhyuw4pz >> Image Returned >> 2020-10-07 18:32:36.121093

s7frhyuw4pz >> End >> 2020-10-07 18:32:36.292705

ooyr4aq74gm >> Start >> 2020-10-07 18:32:58.435731

ooyr4aq74gm >> Image Returned >> 2020-10-07 18:32:58.438896

ooyr4aq74gm >> End >> 2020-10-07 18:32:58.598293

kaicygu2te3 >> Start >> 2020-10-07 18:33:11.546521

kaicygu2te3 >> Image Returned >> 2020-10-07 18:33:11.549757

kaicygu2te3 >> End >> 2020-10-07 18:33:11.727330

65hp5fzf5xe >> Start >> 2020-10-07 18:35:38.724029

65hp5fzf5xe >> Image Returned >> 2020-10-07 18:35:38.727945

65hp5fzf5xe >> End >> 2020-10-07 18:35:38.901205

zdnkiwzqqns >> Start >> 2020-10-07 18:36:08.646717

zdnkiwzqqns >> Image Returned >> 2020-10-07 18:36:08.650190

zdnkiwzqqns >> End >> 2020-10-07 18:36:08.838418

e3u2m35tujv >> Start >> 2020-10-07 18:37:32.069735

e3u2m35tujv >> Image Returned >> 2020-10-07 18:37:32.072819

e3u2m35tujv >> End >> 2020-10-07 18:37:32.265779

tp6p20jinyq >> Start >> 2020-10-07 18:37:32.320472

tp6p20jinyq >> Image Returned >> 2020-10-07 18:37:32.320758

tp6p20jinyq >> End >> 2020-10-07 18:37:32.440543

40pkhgr5njq >> Start >> 2020-10-07 18:42:17.264353

40pkhgr5njq >> Image Returned >> 2020-10-07 18:42:17.267966

40pkhgr5njq >> End >> 2020-10-07 18:42:17.445404

rxecen56vg0 >> Start >> 2020-10-07 18:43:18.189580

rxecen56vg0 >> Image Returned >> 2020-10-07 18:43:18.193716

rxecen56vg0 >> End >> 2020-10-07 18:43:18.365763

o0ncgq35fsc >> Start >> 2020-10-07 18:43:29.188471

o0ncgq35fsc >> Image Returned >> 2020-10-07 18:43:29.188762

o0ncgq35fsc >> End >> 2020-10-07 18:43:29.389457

mfmvddwcmja >> Start >> 2020-10-07 18:45:08.273565

mfmvddwcmja >> Image Returned >> 2020-10-07 18:45:08.276832

mfmvddwcmja >> End >> 2020-10-07 18:45:08.447082

hw3vtx5nvyp >> Start >> 2020-10-07 18:46:22.352113

hw3vtx5nvyp >> Image Returned >> 2020-10-07 18:46:22.355659

hw3vtx5nvyp >> End >> 2020-10-07 18:46:22.546524

g2cotsnkt77 >> Start >> 2020-10-07 18:46:59.964544

g2cotsnkt77 >> Image Returned >> 2020-10-07 18:46:59.967684

g2cotsnkt77 >> End >> 2020-10-07 18:47:00.155514

2qwff0rph7g >> Start >> 2020-10-07 18:47:10.084295

2qwff0rph7g >> Image Returned >> 2020-10-07 18:47:10.084621

2qwff0rph7g >> End >> 2020-10-07 18:47:10.277966

xpnx0d0ga78 >> Start >> 2020-10-07 18:50:43.514775

xpnx0d0ga78 >> Image Returned >> 2020-10-07 18:50:43.518064

xpnx0d0ga78 >> End >> 2020-10-07 18:50:43.702734

33injs803rp >> Start >> 2020-10-07 18:52:50.482728

33injs803rp >> Image Returned >> 2020-10-07 18:52:50.487282

33injs803rp >> End >> 2020-10-07 18:52:50.657982

zg2hsqxprh3 >> Start >> 2020-10-07 18:53:10.310400

zg2hsqxprh3 >> Image Returned >> 2020-10-07 18:53:10.314095

zg2hsqxprh3 >> End >> 2020-10-07 18:53:10.481300

50r7gtmvhy2 >> Start >> 2020-10-07 18:53:40.766799

50r7gtmvhy2 >> Image Returned >> 2020-10-07 18:53:40.769889

50r7gtmvhy2 >> End >> 2020-10-07 18:53:40.937136

yv6smbfo64h >> Start >> 2020-10-07 18:56:21.032212

yv6smbfo64h >> Image Returned >> 2020-10-07 18:56:21.036475

yv6smbfo64h >> End >> 2020-10-07 18:56:21.227134

namnb46p483 >> Start >> 2020-10-07 18:57:30.980833

namnb46p483 >> Image Returned >> 2020-10-07 18:57:30.983906

namnb46p483 >> End >> 2020-10-07 18:57:31.174253

z5236cegc5c >> Start >> 2020-10-07 18:59:31.283099

z5236cegc5c >> Image Returned >> 2020-10-07 18:59:31.286226

z5236cegc5c >> End >> 2020-10-07 18:59:31.478116

05pofeq5riw >> Start >> 2020-10-07 19:02:04.014718

05pofeq5riw >> Image Returned >> 2020-10-07 19:02:04.018193

05pofeq5riw >> End >> 2020-10-07 19:02:04.188621

4gcvfchwa5v >> Start >> 2020-10-07 19:02:50.602226

4gcvfchwa5v >> Image Returned >> 2020-10-07 19:02:50.605422

4gcvfchwa5v >> End >> 2020-10-07 19:02:50.771239

v2rzatbkpvc >> Start >> 2020-10-07 19:03:37.675374

v2rzatbkpvc >> Image Returned >> 2020-10-07 19:03:37.684079

v2rzatbkpvc >> End >> 2020-10-07 19:03:37.852345

g08anms2g4u >> Start >> 2020-10-07 19:05:32.318568

g08anms2g4u >> Image Returned >> 2020-10-07 19:05:32.321671

g08anms2g4u >> End >> 2020-10-07 19:05:32.489353

trrn2zxnp0m >> Start >> 2020-10-07 19:05:38.402367

trrn2zxnp0m >> Image Returned >> 2020-10-07 19:05:38.402702

trrn2zxnp0m >> End >> 2020-10-07 19:05:38.569984

shvpq2u5hpw >> Start >> 2020-10-07 19:05:46.807670

shvpq2u5hpw >> Image Returned >> 2020-10-07 19:05:46.807982

shvpq2u5hpw >> End >> 2020-10-07 19:05:46.972816

0tyagzf304i >> Start >> 2020-10-07 19:06:26.307204

0tyagzf304i >> Image Returned >> 2020-10-07 19:06:26.310770

0tyagzf304i >> End >> 2020-10-07 19:06:26.506947

2cjs0iyijos >> Start >> 2020-10-07 19:08:38.006848

2cjs0iyijos >> Image Returned >> 2020-10-07 19:08:38.012109

2cjs0iyijos >> End >> 2020-10-07 19:08:38.183547

hvcx6w0c0yy >> Start >> 2020-10-07 19:10:44.961703

hvcx6w0c0yy >> Image Returned >> 2020-10-07 19:10:44.965069

hvcx6w0c0yy >> End >> 2020-10-07 19:10:45.157970

nv40gt2o2xs >> Start >> 2020-10-07 19:12:13.550427

nv40gt2o2xs >> Image Returned >> 2020-10-07 19:12:13.553920

nv40gt2o2xs >> End >> 2020-10-07 19:12:13.723642

dm80cwoux8v >> Start >> 2020-10-07 19:15:24.596718

dm80cwoux8v >> Image Returned >> 2020-10-07 19:15:24.599893

dm80cwoux8v >> End >> 2020-10-07 19:15:24.772707

0bo36u7xx3x >> Start >> 2020-10-07 19:19:30.601980

0bo36u7xx3x >> Image Returned >> 2020-10-07 19:19:30.605899

0bo36u7xx3x >> End >> 2020-10-07 19:19:30.803345

fh7ju5kmh2h >> Start >> 2020-10-07 19:23:32.281656

fh7ju5kmh2h >> Image Returned >> 2020-10-07 19:23:32.284822

fh7ju5kmh2h >> End >> 2020-10-07 19:23:32.456960

bccvkkqujc5 >> Start >> 2020-10-07 19:24:58.839740

bccvkkqujc5 >> Image Returned >> 2020-10-07 19:24:58.842856

bccvkkqujc5 >> End >> 2020-10-07 19:24:59.030462

nrfn6iqjiqi >> Start >> 2020-10-07 19:25:08.866293

nrfn6iqjiqi >> Image Returned >> 2020-10-07 19:25:08.866620

nrfn6iqjiqi >> End >> 2020-10-07 19:25:09.036154

5e0i6q5mm3d >> Start >> 2020-10-07 19:25:57.043229

5e0i6q5mm3d >> Image Returned >> 2020-10-07 19:25:57.046545

5e0i6q5mm3d >> End >> 2020-10-07 19:25:57.235318

6j5466dbw0u >> Start >> 2020-10-07 19:27:39.549736

6j5466dbw0u >> Image Returned >> 2020-10-07 19:27:39.553332

6j5466dbw0u >> End >> 2020-10-07 19:27:39.714772

f3oze222sjy >> Start >> 2020-10-07 19:29:25.240546

f3oze222sjy >> Image Returned >> 2020-10-07 19:29:25.244128

f3oze222sjy >> End >> 2020-10-07 19:29:25.412091

acjn42nvtkv >> Start >> 2020-10-07 19:32:00.669410

acjn42nvtkv >> Image Returned >> 2020-10-07 19:32:00.672502

acjn42nvtkv >> End >> 2020-10-07 19:32:00.839159

v5dc55agxmg >> Start >> 2020-10-07 19:35:08.710328

v5dc55agxmg >> Image Returned >> 2020-10-07 19:35:08.714327

v5dc55agxmg >> End >> 2020-10-07 19:35:08.896833

8bz8pdmxoiy >> Start >> 2020-10-07 19:37:39.651653

8bz8pdmxoiy >> Image Returned >> 2020-10-07 19:37:39.654737

8bz8pdmxoiy >> End >> 2020-10-07 19:37:39.818662

ygn3i2ow4sx >> Start >> 2020-10-07 19:38:29.670892

ygn3i2ow4sx >> Image Returned >> 2020-10-07 19:38:29.674067

ygn3i2ow4sx >> End >> 2020-10-07 19:38:29.853494

n4rt655ibei >> Start >> 2020-10-07 19:40:28.176651

n4rt655ibei >> Image Returned >> 2020-10-07 19:40:28.179807

n4rt655ibei >> End >> 2020-10-07 19:40:28.347419

2xmkmt5gjnu >> Start >> 2020-10-07 19:47:50.238900

2xmkmt5gjnu >> Image Returned >> 2020-10-07 19:47:50.242114

2xmkmt5gjnu >> End >> 2020-10-07 19:47:50.422612

cu7y2sc6gan >> Start >> 2020-10-07 19:48:25.628138

cu7y2sc6gan >> Image Returned >> 2020-10-07 19:48:25.631602

cu7y2sc6gan >> End >> 2020-10-07 19:48:25.815114

4xh28c8ppz2 >> Start >> 2020-10-07 19:49:05.695039

4xh28c8ppz2 >> Image Returned >> 2020-10-07 19:49:05.698580

4xh28c8ppz2 >> End >> 2020-10-07 19:49:05.889853

y7btn6cb2yw >> Start >> 2020-10-07 19:52:40.906017

y7btn6cb2yw >> Image Returned >> 2020-10-07 19:52:40.909137

y7btn6cb2yw >> End >> 2020-10-07 19:52:41.097896

5qj8mzq80vx >> Start >> 2020-10-07 19:53:23.576416

5qj8mzq80vx >> Image Returned >> 2020-10-07 19:53:23.579894

5qj8mzq80vx >> End >> 2020-10-07 19:53:23.782145

fffjomgp6qt >> Start >> 2020-10-07 19:54:01.269010

fffjomgp6qt >> Image Returned >> 2020-10-07 19:54:01.272207

fffjomgp6qt >> End >> 2020-10-07 19:54:01.448988

uxgo40eb7ec >> Start >> 2020-10-07 19:58:30.621464

uxgo40eb7ec >> Image Returned >> 2020-10-07 19:58:30.627342

uxgo40eb7ec >> End >> 2020-10-07 19:58:30.820982

kf3iqd6z0dd >> Start >> 2020-10-07 20:01:38.048057

kf3iqd6z0dd >> Image Returned >> 2020-10-07 20:01:38.051471

kf3iqd6z0dd >> End >> 2020-10-07 20:01:38.221810

r8eqv5kqf0e >> Start >> 2020-10-07 20:02:40.986187

r8eqv5kqf0e >> Image Returned >> 2020-10-07 20:02:40.989593

r8eqv5kqf0e >> End >> 2020-10-07 20:02:41.156364

4iiw6za0sch >> Start >> 2020-10-07 20:05:59.872447

4iiw6za0sch >> Image Returned >> 2020-10-07 20:05:59.877228

4iiw6za0sch >> End >> 2020-10-07 20:06:00.048134

afypsr3vz27 >> Start >> 2020-10-07 20:08:38.370306

afypsr3vz27 >> Image Returned >> 2020-10-07 20:08:38.373904

afypsr3vz27 >> End >> 2020-10-07 20:08:38.551826

qh82b2ha3dy >> Start >> 2020-10-07 20:10:44.362462

qh82b2ha3dy >> Image Returned >> 2020-10-07 20:10:44.366251

qh82b2ha3dy >> End >> 2020-10-07 20:10:44.535582

gjb5b2mjtvz >> Start >> 2020-10-07 20:10:53.167990

gjb5b2mjtvz >> Image Returned >> 2020-10-07 20:10:53.168315

gjb5b2mjtvz >> End >> 2020-10-07 20:10:53.375376

ythf5o7k3cz >> Start >> 2020-10-07 20:11:34.126216

ythf5o7k3cz >> Image Returned >> 2020-10-07 20:11:34.130244

ythf5o7k3cz >> End >> 2020-10-07 20:11:34.321326

jve0dn8dg40 >> Start >> 2020-10-07 20:13:54.761049

jve0dn8dg40 >> Image Returned >> 2020-10-07 20:13:54.764175

jve0dn8dg40 >> End >> 2020-10-07 20:13:55.001674

pdewe4enxzi >> Start >> 2020-10-07 20:14:54.331393

pdewe4enxzi >> Image Returned >> 2020-10-07 20:14:54.335916

pdewe4enxzi >> End >> 2020-10-07 20:14:54.508487

03mbxouhu3q >> Start >> 2020-10-07 20:15:34.875858

03mbxouhu3q >> Image Returned >> 2020-10-07 20:15:34.879796

03mbxouhu3q >> End >> 2020-10-07 20:15:35.046102

mmp3kr4ooo6 >> Start >> 2020-10-07 20:16:50.297327

mmp3kr4ooo6 >> Image Returned >> 2020-10-07 20:16:50.301048

mmp3kr4ooo6 >> End >> 2020-10-07 20:16:50.477149

sswsr6aktkj >> Start >> 2020-10-07 20:20:38.352416

sswsr6aktkj >> Image Returned >> 2020-10-07 20:20:38.355787

sswsr6aktkj >> End >> 2020-10-07 20:20:38.529697

s3cf6kmss40 >> Start >> 2020-10-07 20:21:33.015587

s3cf6kmss40 >> Image Returned >> 2020-10-07 20:21:33.019378

s3cf6kmss40 >> End >> 2020-10-07 20:21:33.222970

cyaosi4igkn >> Start >> 2020-10-07 20:24:51.721340

cyaosi4igkn >> Image Returned >> 2020-10-07 20:24:51.725954

cyaosi4igkn >> End >> 2020-10-07 20:24:51.902940

3ks8gjo6iwn >> Start >> 2020-10-07 20:24:56.079090

3ks8gjo6iwn >> Image Returned >> 2020-10-07 20:24:56.079376

3ks8gjo6iwn >> End >> 2020-10-07 20:24:56.254806

a7zif0osgzu >> Start >> 2020-10-07 20:26:17.571471

a7zif0osgzu >> Image Returned >> 2020-10-07 20:26:17.574770

a7zif0osgzu >> End >> 2020-10-07 20:26:17.768018

ivu8x0h4agc >> Start >> 2020-10-07 20:28:26.951891

ivu8x0h4agc >> Image Returned >> 2020-10-07 20:28:26.956116

ivu8x0h4agc >> End >> 2020-10-07 20:28:27.142683

s2x3bwnhxqc >> Start >> 2020-10-07 20:29:13.283787

s2x3bwnhxqc >> Image Returned >> 2020-10-07 20:29:13.287025

s2x3bwnhxqc >> End >> 2020-10-07 20:29:13.455729

qi5v48t7p4o >> Start >> 2020-10-07 20:29:39.023597

qi5v48t7p4o >> Image Returned >> 2020-10-07 20:29:39.026801

qi5v48t7p4o >> End >> 2020-10-07 20:29:39.226316

pf3xc05t072 >> Start >> 2020-10-07 20:33:42.278836

pf3xc05t072 >> Image Returned >> 2020-10-07 20:33:42.282185

pf3xc05t072 >> End >> 2020-10-07 20:33:42.471020

nkg8yfmrubb >> Start >> 2020-10-07 20:33:48.311712

nkg8yfmrubb >> Image Returned >> 2020-10-07 20:33:48.312052

nkg8yfmrubb >> End >> 2020-10-07 20:33:48.496217

48uhvv25nkb >> Start >> 2020-10-07 20:34:54.282181

48uhvv25nkb >> Image Returned >> 2020-10-07 20:34:54.287386

48uhvv25nkb >> End >> 2020-10-07 20:34:54.456693

bh0n00vea6v >> Start >> 2020-10-07 20:35:45.216151

bh0n00vea6v >> Image Returned >> 2020-10-07 20:35:45.219320

bh0n00vea6v >> End >> 2020-10-07 20:35:45.395186

6ninucfpuao >> Start >> 2020-10-07 20:36:28.927978

6ninucfpuao >> Image Returned >> 2020-10-07 20:36:28.931138

6ninucfpuao >> End >> 2020-10-07 20:36:29.087743

wvc54t2zf86 >> Start >> 2020-10-07 20:38:22.024605

wvc54t2zf86 >> Image Returned >> 2020-10-07 20:38:22.028637

wvc54t2zf86 >> End >> 2020-10-07 20:38:22.245776

z40rbmoi20m >> Start >> 2020-10-07 20:39:06.322731

z40rbmoi20m >> Image Returned >> 2020-10-07 20:39:06.325881

z40rbmoi20m >> End >> 2020-10-07 20:39:06.508965

mdrivammwot >> Start >> 2020-10-07 20:41:58.259432

mdrivammwot >> Image Returned >> 2020-10-07 20:41:58.262677

mdrivammwot >> End >> 2020-10-07 20:41:58.434237

xrw66gxaqma >> Start >> 2020-10-07 20:44:51.264684

xrw66gxaqma >> Image Returned >> 2020-10-07 20:44:51.267950

xrw66gxaqma >> End >> 2020-10-07 20:44:51.458977

kv7bhq5ak60 >> Start >> 2020-10-07 20:45:08.641454

kv7bhq5ak60 >> Image Returned >> 2020-10-07 20:45:08.645628

kv7bhq5ak60 >> End >> 2020-10-07 20:45:08.827754

hwvguqgmfce >> Start >> 2020-10-07 20:51:02.750003

hwvguqgmfce >> Image Returned >> 2020-10-07 20:51:02.753171

hwvguqgmfce >> End >> 2020-10-07 20:51:02.926394

6j8h626cdbo >> Start >> 2020-10-07 20:52:32.002182

6j8h626cdbo >> Image Returned >> 2020-10-07 20:52:32.005597

6j8h626cdbo >> End >> 2020-10-07 20:52:32.176989

2ifaurhy3rw >> Start >> 2020-10-07 20:54:58.862601

2ifaurhy3rw >> Image Returned >> 2020-10-07 20:54:58.865720

2ifaurhy3rw >> End >> 2020-10-07 20:54:59.063817

d446e26zr0c >> Start >> 2020-10-07 20:56:32.751473

d446e26zr0c >> Image Returned >> 2020-10-07 20:56:32.754506

d446e26zr0c >> End >> 2020-10-07 20:56:32.927855

2vtyap7e6bz >> Start >> 2020-10-07 20:58:25.229212

2vtyap7e6bz >> Image Returned >> 2020-10-07 20:58:25.233717

2vtyap7e6bz >> End >> 2020-10-07 20:58:25.438673

kta43fwdf63 >> Start >> 2020-10-07 20:58:57.620122

kta43fwdf63 >> Image Returned >> 2020-10-07 20:58:57.623456

kta43fwdf63 >> End >> 2020-10-07 20:58:57.794960

c8mt6bf3v8q >> Start >> 2020-10-07 21:08:48.101845

c8mt6bf3v8q >> Image Returned >> 2020-10-07 21:08:48.105407

c8mt6bf3v8q >> End >> 2020-10-07 21:08:48.286046

y0wucidtozo >> Start >> 2020-10-07 21:09:54.528378

y0wucidtozo >> Image Returned >> 2020-10-07 21:09:54.531579

y0wucidtozo >> End >> 2020-10-07 21:09:54.695272

tdtgrm68hs2 >> Start >> 2020-10-07 21:16:38.762903

tdtgrm68hs2 >> Image Returned >> 2020-10-07 21:16:38.766170

tdtgrm68hs2 >> End >> 2020-10-07 21:16:38.936662

acfxi2keprt >> Start >> 2020-10-07 21:18:48.628386

acfxi2keprt >> Image Returned >> 2020-10-07 21:18:48.631542

acfxi2keprt >> End >> 2020-10-07 21:18:48.849366

2n8qebcwqio >> Start >> 2020-10-07 21:22:11.514939

2n8qebcwqio >> Image Returned >> 2020-10-07 21:22:11.519038

2n8qebcwqio >> End >> 2020-10-07 21:22:11.741755

6e0vmvbji2b >> Start >> 2020-10-07 21:27:57.088630

6e0vmvbji2b >> Image Returned >> 2020-10-07 21:27:57.091803

6e0vmvbji2b >> End >> 2020-10-07 21:27:57.273578

mgd6b8g4dy5 >> Start >> 2020-10-07 21:29:16.864711

mgd6b8g4dy5 >> Image Returned >> 2020-10-07 21:29:16.868465

mgd6b8g4dy5 >> End >> 2020-10-07 21:29:17.055896

wutr2uijrp4 >> Start >> 2020-10-07 21:33:56.666212

wutr2uijrp4 >> Image Returned >> 2020-10-07 21:33:56.671030

wutr2uijrp4 >> End >> 2020-10-07 21:33:56.859160

064tbv3t4ir >> Start >> 2020-10-07 21:43:28.689157

064tbv3t4ir >> Image Returned >> 2020-10-07 21:43:28.692864

064tbv3t4ir >> End >> 2020-10-07 21:43:28.867825

zr8zi3pbo2m >> Start >> 2020-10-07 21:47:51.399943

zr8zi3pbo2m >> Image Returned >> 2020-10-07 21:47:51.403995

zr8zi3pbo2m >> End >> 2020-10-07 21:47:51.619915

4tb7n3p73xp >> Start >> 2020-10-07 21:54:09.836658

4tb7n3p73xp >> Image Returned >> 2020-10-07 21:54:09.839941

4tb7n3p73xp >> End >> 2020-10-07 21:54:10.001668

bckewgba4s7 >> Start >> 2020-10-07 22:00:36.157233

bckewgba4s7 >> Image Returned >> 2020-10-07 22:00:36.160944

bckewgba4s7 >> End >> 2020-10-07 22:00:36.339539

m4qgyjmzvjv >> Start >> 2020-10-07 22:03:19.497811

m4qgyjmzvjv >> Image Returned >> 2020-10-07 22:03:19.501794

m4qgyjmzvjv >> End >> 2020-10-07 22:03:19.703751

n2vu67dvwj4 >> Start >> 2020-10-07 22:03:57.328285

n2vu67dvwj4 >> Image Returned >> 2020-10-07 22:03:57.331620

n2vu67dvwj4 >> End >> 2020-10-07 22:03:57.527057

86ahaiez55y >> Start >> 2020-10-07 22:08:36.812761

86ahaiez55y >> Image Returned >> 2020-10-07 22:08:36.816251

86ahaiez55y >> End >> 2020-10-07 22:08:37.034533

pdksue4ugn3 >> Start >> 2020-10-07 22:12:24.969505

pdksue4ugn3 >> Image Returned >> 2020-10-07 22:12:24.973284

pdksue4ugn3 >> End >> 2020-10-07 22:12:25.152978

u4qp3c0iaog >> Start >> 2020-10-07 22:12:28.421089

u4qp3c0iaog >> Image Returned >> 2020-10-07 22:12:28.421385

u4qp3c0iaog >> End >> 2020-10-07 22:12:28.582787

z86u42pekoo >> Start >> 2020-10-07 22:15:41.931519

z86u42pekoo >> Image Returned >> 2020-10-07 22:15:41.934963

z86u42pekoo >> End >> 2020-10-07 22:15:42.102334

pauvvyyvsv3 >> Start >> 2020-10-07 22:16:49.891417

pauvvyyvsv3 >> Image Returned >> 2020-10-07 22:16:49.895288

pauvvyyvsv3 >> End >> 2020-10-07 22:16:50.069540

qzut2y08zb8 >> Start >> 2020-10-07 22:18:04.410713

qzut2y08zb8 >> Image Returned >> 2020-10-07 22:18:04.415474

qzut2y08zb8 >> End >> 2020-10-07 22:18:04.592293

i7bdp8bduvi >> Start >> 2020-10-07 22:18:18.475428

i7bdp8bduvi >> Image Returned >> 2020-10-07 22:18:18.479661

i7bdp8bduvi >> End >> 2020-10-07 22:18:18.656665

ejoojkoufz4 >> Start >> 2020-10-07 22:19:31.986532

ejoojkoufz4 >> Image Returned >> 2020-10-07 22:19:31.990469

ejoojkoufz4 >> End >> 2020-10-07 22:19:32.182988

tdo62bchepr >> Start >> 2020-10-07 22:26:49.636833

tdo62bchepr >> Image Returned >> 2020-10-07 22:26:49.640651

tdo62bchepr >> End >> 2020-10-07 22:26:49.816327

hmdxcjjsuu4 >> Start >> 2020-10-07 22:30:01.307123

hmdxcjjsuu4 >> Image Returned >> 2020-10-07 22:30:01.310476

hmdxcjjsuu4 >> End >> 2020-10-07 22:30:01.474472

jh4zcqxyjdp >> Start >> 2020-10-07 22:30:19.361737

jh4zcqxyjdp >> Image Returned >> 2020-10-07 22:30:19.365746

jh4zcqxyjdp >> End >> 2020-10-07 22:30:19.544131

v7bovat47jq >> Start >> 2020-10-07 22:35:01.201059

v7bovat47jq >> Image Returned >> 2020-10-07 22:35:01.204282

v7bovat47jq >> End >> 2020-10-07 22:35:01.396682

hj2qo8twink >> Start >> 2020-10-07 22:46:42.745096

hj2qo8twink >> Image Returned >> 2020-10-07 22:46:42.749910

hj2qo8twink >> End >> 2020-10-07 22:46:42.942236

npaesedaxjd >> Start >> 2020-10-07 22:53:46.840157

npaesedaxjd >> Image Returned >> 2020-10-07 22:53:46.843389

npaesedaxjd >> End >> 2020-10-07 22:53:47.004384

n3umuc35b0h >> Start >> 2020-10-07 22:58:56.529165

n3umuc35b0h >> Image Returned >> 2020-10-07 22:58:56.532740

n3umuc35b0h >> End >> 2020-10-07 22:58:56.701348

ap64aj4pcen >> Start >> 2020-10-07 23:04:19.276633

ap64aj4pcen >> Image Returned >> 2020-10-07 23:04:19.281085

ap64aj4pcen >> End >> 2020-10-07 23:04:19.466623

arg085v36id >> Start >> 2020-10-07 23:07:28.823745

arg085v36id >> Image Returned >> 2020-10-07 23:07:28.827661

arg085v36id >> End >> 2020-10-07 23:07:29.020198

xagxu7geref >> Start >> 2020-10-07 23:18:23.971129

xagxu7geref >> Image Returned >> 2020-10-07 23:18:23.974415

xagxu7geref >> End >> 2020-10-07 23:18:24.149318

56dfmkikak0 >> Start >> 2020-10-07 23:25:50.094608

56dfmkikak0 >> Image Returned >> 2020-10-07 23:25:50.100543

56dfmkikak0 >> End >> 2020-10-07 23:25:50.304451

kqmmiywanuh >> Start >> 2020-10-07 23:32:13.106178

kqmmiywanuh >> Image Returned >> 2020-10-07 23:32:13.110603

kqmmiywanuh >> End >> 2020-10-07 23:32:13.300344

g8ymwcd6dke >> Start >> 2020-10-07 23:34:43.626775

g8ymwcd6dke >> Image Returned >> 2020-10-07 23:34:43.630808

g8ymwcd6dke >> End >> 2020-10-07 23:34:43.799428

tqgcktgobzw >> Start >> 2020-10-07 23:34:49.065444

tqgcktgobzw >> Image Returned >> 2020-10-07 23:34:49.065737

tqgcktgobzw >> End >> 2020-10-07 23:34:49.267913

thkefpu3f5t >> Start >> 2020-10-07 23:39:44.525027

thkefpu3f5t >> Image Returned >> 2020-10-07 23:39:44.528651

thkefpu3f5t >> End >> 2020-10-07 23:39:44.744012

