v4yhxy6p6r5 >> Start >> 2020-10-18 00:21:50.043621

v4yhxy6p6r5 >> Image Returned >> 2020-10-18 00:21:50.048120

v4yhxy6p6r5 >> End >> 2020-10-18 00:21:50.214457

ievhtxiqhu8 >> Start >> 2020-10-18 00:26:40.933779

ievhtxiqhu8 >> Image Returned >> 2020-10-18 00:26:40.937827

ievhtxiqhu8 >> End >> 2020-10-18 00:26:41.129023

z56j52cgkxx >> Start >> 2020-10-18 00:36:57.661400

z56j52cgkxx >> Image Returned >> 2020-10-18 00:36:57.665901

z56j52cgkxx >> End >> 2020-10-18 00:36:57.857530

qgm4pdaupo6 >> Start >> 2020-10-18 00:43:53.880511

qgm4pdaupo6 >> Image Returned >> 2020-10-18 00:43:53.884654

qgm4pdaupo6 >> End >> 2020-10-18 00:43:54.098300

spcngdkh205 >> Start >> 2020-10-18 00:44:36.698209

spcngdkh205 >> Image Returned >> 2020-10-18 00:44:36.702158

spcngdkh205 >> End >> 2020-10-18 00:44:36.881787

uf5wmt8io4g >> Start >> 2020-10-18 00:45:53.447714

uf5wmt8io4g >> Image Returned >> 2020-10-18 00:45:53.450947

uf5wmt8io4g >> End >> 2020-10-18 00:45:53.618006

nb5dhyao7py >> Start >> 2020-10-18 00:52:34.378287

nb5dhyao7py >> Image Returned >> 2020-10-18 00:52:34.381618

nb5dhyao7py >> End >> 2020-10-18 00:52:34.572190

ycdjrbj6sja >> Start >> 2020-10-18 00:54:05.519151

ycdjrbj6sja >> Image Returned >> 2020-10-18 00:54:05.523612

ycdjrbj6sja >> End >> 2020-10-18 00:54:05.690205

5b5xtv7g0ui >> Start >> 2020-10-18 01:12:57.788132

5b5xtv7g0ui >> Image Returned >> 2020-10-18 01:12:57.792553

5b5xtv7g0ui >> End >> 2020-10-18 01:12:57.982064

kpxoop7oz26 >> Start >> 2020-10-18 01:47:34.433609

kpxoop7oz26 >> Image Returned >> 2020-10-18 01:47:34.437396

kpxoop7oz26 >> End >> 2020-10-18 01:47:34.616677

gkhfccci3om >> Start >> 2020-10-18 02:54:30.018533

gkhfccci3om >> Image Returned >> 2020-10-18 02:54:30.025619

gkhfccci3om >> End >> 2020-10-18 02:54:30.162070

gphabt8mqt5 >> Start >> 2020-10-18 02:54:41.166867

gphabt8mqt5 >> Image Returned >> 2020-10-18 02:54:41.170061

gphabt8mqt5 >> End >> 2020-10-18 02:54:41.291425

bi7qanha005 >> Start >> 2020-10-18 03:25:39.036720

bi7qanha005 >> Image Returned >> 2020-10-18 03:25:39.039963

bi7qanha005 >> End >> 2020-10-18 03:25:39.233422

pk7in86ww2z >> Start >> 2020-10-18 03:28:17.045262

pk7in86ww2z >> Image Returned >> 2020-10-18 03:28:17.048778

pk7in86ww2z >> End >> 2020-10-18 03:28:17.237430

7xcw5z0duhc >> Start >> 2020-10-18 03:28:21.361799

7xcw5z0duhc >> Image Returned >> 2020-10-18 03:28:21.362097

7xcw5z0duhc >> End >> 2020-10-18 03:28:21.545079

fxf3nrysy4o >> Start >> 2020-10-18 03:28:38.376511

fxf3nrysy4o >> Image Returned >> 2020-10-18 03:28:38.379677

fxf3nrysy4o >> End >> 2020-10-18 03:28:38.577052

rggwkefnawd >> Start >> 2020-10-18 03:28:42.365657

rggwkefnawd >> Image Returned >> 2020-10-18 03:28:42.365974

rggwkefnawd >> End >> 2020-10-18 03:28:42.566498

aq4tqzzgzz7 >> Start >> 2020-10-18 03:39:33.482476

aq4tqzzgzz7 >> Image Returned >> 2020-10-18 03:39:33.486089

aq4tqzzgzz7 >> End >> 2020-10-18 03:39:33.681283

3epd0oxk47a >> Start >> 2020-10-18 03:45:51.883754

3epd0oxk47a >> Image Returned >> 2020-10-18 03:45:51.887245

3epd0oxk47a >> End >> 2020-10-18 03:45:52.081079

hgm4xj6ruie >> Start >> 2020-10-18 04:14:44.590202

hgm4xj6ruie >> Image Returned >> 2020-10-18 04:14:44.594010

hgm4xj6ruie >> End >> 2020-10-18 04:14:44.778064

mo8ns6ukinc >> Start >> 2020-10-18 04:30:27.327809

mo8ns6ukinc >> Image Returned >> 2020-10-18 04:30:27.332206

mo8ns6ukinc >> End >> 2020-10-18 04:30:27.512409

ob6mezjvw0n >> Start >> 2020-10-18 04:31:02.886076

ob6mezjvw0n >> Image Returned >> 2020-10-18 04:31:02.889601

ob6mezjvw0n >> End >> 2020-10-18 04:31:03.082088

j2w6y7e3czs >> Start >> 2020-10-18 05:28:53.509139

j2w6y7e3czs >> Image Returned >> 2020-10-18 05:28:53.512808

j2w6y7e3czs >> End >> 2020-10-18 05:28:53.648116

jf5f7ab2rcv >> Start >> 2020-10-18 05:37:29.610485

jf5f7ab2rcv >> Image Returned >> 2020-10-18 05:37:29.614675

jf5f7ab2rcv >> End >> 2020-10-18 05:37:29.792485

274pbo6faa0 >> Start >> 2020-10-18 05:50:37.102344

274pbo6faa0 >> Image Returned >> 2020-10-18 05:50:37.106364

274pbo6faa0 >> End >> 2020-10-18 05:50:37.277774

a4z64z5a5wi >> Start >> 2020-10-18 06:44:36.865077

a4z64z5a5wi >> Image Returned >> 2020-10-18 06:44:36.869024

a4z64z5a5wi >> End >> 2020-10-18 06:44:37.062154

zej0knjx0hg >> Start >> 2020-10-18 06:50:41.250576

zej0knjx0hg >> Image Returned >> 2020-10-18 06:50:41.254261

zej0knjx0hg >> End >> 2020-10-18 06:50:41.438324

pbpx57zski4 >> Start >> 2020-10-18 07:02:59.362982

pbpx57zski4 >> Image Returned >> 2020-10-18 07:02:59.366244

pbpx57zski4 >> End >> 2020-10-18 07:02:59.543509

nuw6zgb3fbx >> Start >> 2020-10-18 07:27:26.489753

nuw6zgb3fbx >> Image Returned >> 2020-10-18 07:27:26.493113

nuw6zgb3fbx >> End >> 2020-10-18 07:27:26.666173

gk3zqxjixk5 >> Start >> 2020-10-18 07:32:21.165169

gk3zqxjixk5 >> Image Returned >> 2020-10-18 07:32:21.169111

gk3zqxjixk5 >> End >> 2020-10-18 07:32:21.366612

0bfbbtagav0 >> Start >> 2020-10-18 07:37:31.773940

0bfbbtagav0 >> Image Returned >> 2020-10-18 07:37:31.777590

0bfbbtagav0 >> End >> 2020-10-18 07:37:31.949172

xfh38sxjngf >> Start >> 2020-10-18 07:37:42.025499

xfh38sxjngf >> Image Returned >> 2020-10-18 07:37:42.025783

xfh38sxjngf >> End >> 2020-10-18 07:37:42.205357

gzek25zcxyi >> Start >> 2020-10-18 07:37:42.568386

gzek25zcxyi >> Image Returned >> 2020-10-18 07:37:42.568661

gzek25zcxyi >> End >> 2020-10-18 07:37:42.753659

gkpmu2cv6ox >> Start >> 2020-10-18 07:37:51.054392

gkpmu2cv6ox >> Image Returned >> 2020-10-18 07:37:51.054675

gkpmu2cv6ox >> End >> 2020-10-18 07:37:51.241640

xfykz4f7sgy >> Start >> 2020-10-18 07:40:34.497507

xfykz4f7sgy >> Image Returned >> 2020-10-18 07:40:34.501013

xfykz4f7sgy >> End >> 2020-10-18 07:40:34.684601

u80g5uvgkqs >> Start >> 2020-10-18 07:46:40.350280

u80g5uvgkqs >> Image Returned >> 2020-10-18 07:46:40.353940

u80g5uvgkqs >> End >> 2020-10-18 07:46:40.531815

3rsstjqgvem >> Start >> 2020-10-18 08:00:43.811927

3rsstjqgvem >> Image Returned >> 2020-10-18 08:00:43.815968

3rsstjqgvem >> End >> 2020-10-18 08:00:43.988406

bqv2m3g6pty >> Start >> 2020-10-18 08:01:42.161077

bqv2m3g6pty >> Image Returned >> 2020-10-18 08:01:42.165745

bqv2m3g6pty >> End >> 2020-10-18 08:01:42.388550

gyyugmt582t >> Start >> 2020-10-18 08:08:29.349446

gyyugmt582t >> Image Returned >> 2020-10-18 08:08:29.354096

gyyugmt582t >> End >> 2020-10-18 08:08:29.530673

hogdpske4qh >> Start >> 2020-10-18 08:13:45.754245

hogdpske4qh >> Image Returned >> 2020-10-18 08:13:45.757843

hogdpske4qh >> End >> 2020-10-18 08:13:45.940066

jwqsthqfr5b >> Start >> 2020-10-18 08:22:05.552920

jwqsthqfr5b >> Image Returned >> 2020-10-18 08:22:05.556380

jwqsthqfr5b >> End >> 2020-10-18 08:22:05.734200

cecgwy78oja >> Start >> 2020-10-18 08:23:39.041043

cecgwy78oja >> Image Returned >> 2020-10-18 08:23:39.045177

cecgwy78oja >> End >> 2020-10-18 08:23:39.221404

okavkacsn5t >> Start >> 2020-10-18 08:24:19.108376

okavkacsn5t >> Image Returned >> 2020-10-18 08:24:19.112210

okavkacsn5t >> End >> 2020-10-18 08:24:19.313397

ecwdvjfftna >> Start >> 2020-10-18 08:26:00.092250

ecwdvjfftna >> Image Returned >> 2020-10-18 08:26:00.095865

ecwdvjfftna >> End >> 2020-10-18 08:26:00.270106

hwb3g0amih3 >> Start >> 2020-10-18 08:26:24.825316

hwb3g0amih3 >> Image Returned >> 2020-10-18 08:26:24.829164

hwb3g0amih3 >> End >> 2020-10-18 08:26:25.005589

z8qk3za868z >> Start >> 2020-10-18 08:31:13.686228

z8qk3za868z >> Image Returned >> 2020-10-18 08:31:13.690287

z8qk3za868z >> End >> 2020-10-18 08:31:13.871577

cfuxkacyuzh >> Start >> 2020-10-18 08:42:29.987050

cfuxkacyuzh >> Image Returned >> 2020-10-18 08:42:29.990835

cfuxkacyuzh >> End >> 2020-10-18 08:42:30.170674

2dggu2vd586 >> Start >> 2020-10-18 08:48:57.491456

2dggu2vd586 >> Image Returned >> 2020-10-18 08:48:57.495757

2dggu2vd586 >> End >> 2020-10-18 08:48:57.721896

mw2zbhoqmcj >> Start >> 2020-10-18 08:50:12.879970

mw2zbhoqmcj >> Image Returned >> 2020-10-18 08:50:12.884098

mw2zbhoqmcj >> End >> 2020-10-18 08:50:13.062964

btg2csffcss >> Start >> 2020-10-18 08:50:52.334191

btg2csffcss >> Image Returned >> 2020-10-18 08:50:52.337488

btg2csffcss >> End >> 2020-10-18 08:50:52.511451

ngss8ptnj2r >> Start >> 2020-10-18 09:04:21.254641

ngss8ptnj2r >> Image Returned >> 2020-10-18 09:04:21.259253

ngss8ptnj2r >> End >> 2020-10-18 09:04:21.439198

upyjc78wdff >> Start >> 2020-10-18 09:04:37.260796

upyjc78wdff >> Image Returned >> 2020-10-18 09:04:37.264122

upyjc78wdff >> End >> 2020-10-18 09:04:37.443165

ymf6c77qvmy >> Start >> 2020-10-18 09:04:37.503565

ymf6c77qvmy >> Image Returned >> 2020-10-18 09:04:37.503860

ymf6c77qvmy >> End >> 2020-10-18 09:04:37.687005

wrq5u0d44aw >> Start >> 2020-10-18 09:04:42.154187

wrq5u0d44aw >> Image Returned >> 2020-10-18 09:04:42.154484

wrq5u0d44aw >> End >> 2020-10-18 09:04:42.339373

yz6fpk84tgi >> Start >> 2020-10-18 09:08:42.537050

yz6fpk84tgi >> Image Returned >> 2020-10-18 09:08:42.541805

yz6fpk84tgi >> End >> 2020-10-18 09:08:42.732491

0fbpaadd5sh >> Start >> 2020-10-18 09:13:30.596304

0fbpaadd5sh >> Image Returned >> 2020-10-18 09:13:30.599720

0fbpaadd5sh >> End >> 2020-10-18 09:13:30.793026

yvr4dfrws5f >> Start >> 2020-10-18 09:13:31.054339

yvr4dfrws5f >> Image Returned >> 2020-10-18 09:13:31.054625

yvr4dfrws5f >> End >> 2020-10-18 09:13:31.243345

hf24twfunyo >> Start >> 2020-10-18 09:13:55.841757

hf24twfunyo >> Image Returned >> 2020-10-18 09:13:55.845415

hf24twfunyo >> End >> 2020-10-18 09:13:56.027935

66stt0p33ou >> Start >> 2020-10-18 09:14:24.310847

66stt0p33ou >> Image Returned >> 2020-10-18 09:14:24.314527

66stt0p33ou >> End >> 2020-10-18 09:14:24.502727

b3jfwrj22f4 >> Start >> 2020-10-18 09:15:24.542634

b3jfwrj22f4 >> Image Returned >> 2020-10-18 09:15:24.546360

b3jfwrj22f4 >> End >> 2020-10-18 09:15:24.739101

2px0tmr6457 >> Start >> 2020-10-18 09:15:34.012527

2px0tmr6457 >> Image Returned >> 2020-10-18 09:15:34.012847

2px0tmr6457 >> End >> 2020-10-18 09:15:34.187639

msuwf06hqty >> Start >> 2020-10-18 09:18:35.905992

msuwf06hqty >> Image Returned >> 2020-10-18 09:18:35.910063

msuwf06hqty >> End >> 2020-10-18 09:18:36.123290

mu0k8wd3jdk >> Start >> 2020-10-18 09:22:11.756515

mu0k8wd3jdk >> Image Returned >> 2020-10-18 09:22:11.761205

mu0k8wd3jdk >> End >> 2020-10-18 09:22:11.941797

cu3y6ewok63 >> Start >> 2020-10-18 09:22:23.042030

cu3y6ewok63 >> Image Returned >> 2020-10-18 09:22:23.042319

cu3y6ewok63 >> End >> 2020-10-18 09:22:23.370186

wvmb8v2rdri >> Start >> 2020-10-18 09:22:23.497582

wvmb8v2rdri >> Image Returned >> 2020-10-18 09:22:23.497891

wvmb8v2rdri >> End >> 2020-10-18 09:22:23.759706

cqi3yuvy4k2 >> Start >> 2020-10-18 09:25:53.269539

cqi3yuvy4k2 >> Image Returned >> 2020-10-18 09:25:53.273590

cqi3yuvy4k2 >> End >> 2020-10-18 09:25:53.452310

aobm2do4mrt >> Start >> 2020-10-18 09:26:49.312206

aobm2do4mrt >> Image Returned >> 2020-10-18 09:26:49.315485

aobm2do4mrt >> End >> 2020-10-18 09:26:49.489259

4ecics8opxn >> Start >> 2020-10-18 09:33:32.284919

4ecics8opxn >> Image Returned >> 2020-10-18 09:33:32.289385

4ecics8opxn >> End >> 2020-10-18 09:33:32.470750

og7xarhnjas >> Start >> 2020-10-18 09:34:34.283035

og7xarhnjas >> Image Returned >> 2020-10-18 09:34:34.286926

og7xarhnjas >> End >> 2020-10-18 09:34:34.521507

0fg2703rtqk >> Start >> 2020-10-18 09:36:55.967021

0fg2703rtqk >> Image Returned >> 2020-10-18 09:36:55.971755

0fg2703rtqk >> End >> 2020-10-18 09:36:56.148458

zznr7owigmo >> Start >> 2020-10-18 09:45:09.244364

zznr7owigmo >> Image Returned >> 2020-10-18 09:45:09.248074

zznr7owigmo >> End >> 2020-10-18 09:45:09.381835

dy5d2fe0e0e >> Start >> 2020-10-18 09:48:44.751240

dy5d2fe0e0e >> Image Returned >> 2020-10-18 09:48:44.755065

dy5d2fe0e0e >> End >> 2020-10-18 09:48:44.929513

i48ggftmgkm >> Start >> 2020-10-18 09:52:12.936794

i48ggftmgkm >> Image Returned >> 2020-10-18 09:52:12.942111

i48ggftmgkm >> End >> 2020-10-18 09:52:13.123074

2kuzcdqqjk6 >> Start >> 2020-10-18 09:57:54.112030

2kuzcdqqjk6 >> Image Returned >> 2020-10-18 09:57:54.115387

2kuzcdqqjk6 >> End >> 2020-10-18 09:57:54.300137

zkcffyssirf >> Start >> 2020-10-18 10:00:00.561753

zkcffyssirf >> Image Returned >> 2020-10-18 10:00:00.565205

zkcffyssirf >> End >> 2020-10-18 10:00:00.737772

hi77fgccvoo >> Start >> 2020-10-18 10:01:26.434638

hi77fgccvoo >> Image Returned >> 2020-10-18 10:01:26.438321

hi77fgccvoo >> End >> 2020-10-18 10:01:26.608520

8yick3h60ed >> Start >> 2020-10-18 10:01:47.907938

8yick3h60ed >> Image Returned >> 2020-10-18 10:01:47.911319

8yick3h60ed >> End >> 2020-10-18 10:01:48.084239

myktprdju6z >> Start >> 2020-10-18 10:03:50.845288

myktprdju6z >> Image Returned >> 2020-10-18 10:03:50.848762

myktprdju6z >> End >> 2020-10-18 10:03:50.986731

fjkpu8uk0s6 >> Start >> 2020-10-18 10:15:50.842266

fjkpu8uk0s6 >> Image Returned >> 2020-10-18 10:15:50.846036

fjkpu8uk0s6 >> End >> 2020-10-18 10:15:51.021548

kryt4rgp5ky >> Start >> 2020-10-18 10:23:58.572921

kryt4rgp5ky >> Image Returned >> 2020-10-18 10:23:58.576255

kryt4rgp5ky >> End >> 2020-10-18 10:23:58.755176

4tgw57j3u48 >> Start >> 2020-10-18 10:29:52.677534

4tgw57j3u48 >> Image Returned >> 2020-10-18 10:29:52.681262

4tgw57j3u48 >> End >> 2020-10-18 10:29:52.909344

trmjgjkerpg >> Start >> 2020-10-18 10:30:56.682420

trmjgjkerpg >> Image Returned >> 2020-10-18 10:30:56.686275

trmjgjkerpg >> End >> 2020-10-18 10:30:56.867357

2ffgax8u47p >> Start >> 2020-10-18 10:31:01.257138

2ffgax8u47p >> Image Returned >> 2020-10-18 10:31:01.257425

2ffgax8u47p >> End >> 2020-10-18 10:31:01.442939

ceov6hii8is >> Start >> 2020-10-18 10:35:30.215306

ceov6hii8is >> Image Returned >> 2020-10-18 10:35:30.219269

ceov6hii8is >> End >> 2020-10-18 10:35:30.352488

wxb48aumd02 >> Start >> 2020-10-18 10:37:14.639688

wxb48aumd02 >> Image Returned >> 2020-10-18 10:37:14.644054

wxb48aumd02 >> End >> 2020-10-18 10:37:14.838191

3bmre7zwz8u >> Start >> 2020-10-18 10:38:30.385639

3bmre7zwz8u >> Image Returned >> 2020-10-18 10:38:30.389312

3bmre7zwz8u >> End >> 2020-10-18 10:38:30.562927

7jrqgmr4v74 >> Start >> 2020-10-18 10:38:56.336205

7jrqgmr4v74 >> Image Returned >> 2020-10-18 10:38:56.339632

7jrqgmr4v74 >> End >> 2020-10-18 10:38:56.517549

r3o4o36jekb >> Start >> 2020-10-18 10:55:35.816350

r3o4o36jekb >> Image Returned >> 2020-10-18 10:55:35.821365

r3o4o36jekb >> End >> 2020-10-18 10:55:36.008140

kikuz3bp8dp >> Start >> 2020-10-18 11:05:07.136358

kikuz3bp8dp >> Image Returned >> 2020-10-18 11:05:07.139908

kikuz3bp8dp >> End >> 2020-10-18 11:05:07.318362

b5zpkano66t >> Start >> 2020-10-18 11:07:44.875291

b5zpkano66t >> Image Returned >> 2020-10-18 11:07:44.878712

b5zpkano66t >> End >> 2020-10-18 11:07:45.059143

mg46smmf787 >> Start >> 2020-10-18 11:12:02.754582

mg46smmf787 >> Image Returned >> 2020-10-18 11:12:02.758071

mg46smmf787 >> End >> 2020-10-18 11:12:02.954130

hmppeiskky2 >> Start >> 2020-10-18 11:12:18.982089

hmppeiskky2 >> Image Returned >> 2020-10-18 11:12:18.986375

hmppeiskky2 >> End >> 2020-10-18 11:12:19.161964

mcb4b6jcwht >> Start >> 2020-10-18 11:12:44.856707

mcb4b6jcwht >> Image Returned >> 2020-10-18 11:12:44.859980

mcb4b6jcwht >> End >> 2020-10-18 11:12:45.054317

ywknoqbik3w >> Start >> 2020-10-18 11:21:34.304358

ywknoqbik3w >> Image Returned >> 2020-10-18 11:21:34.307945

ywknoqbik3w >> End >> 2020-10-18 11:21:34.482557

o5ovmhokwhs >> Start >> 2020-10-18 11:21:57.332828

o5ovmhokwhs >> Image Returned >> 2020-10-18 11:21:57.336251

o5ovmhokwhs >> End >> 2020-10-18 11:21:57.515013

r3xkehp48cd >> Start >> 2020-10-18 11:25:08.254513

r3xkehp48cd >> Image Returned >> 2020-10-18 11:25:08.257854

r3xkehp48cd >> End >> 2020-10-18 11:25:08.390554

7ngakrc2vok >> Start >> 2020-10-18 11:28:58.542270

7ngakrc2vok >> Image Returned >> 2020-10-18 11:28:58.546101

7ngakrc2vok >> End >> 2020-10-18 11:28:58.716897

vi6ihg4md0v >> Start >> 2020-10-18 11:29:59.815310

vi6ihg4md0v >> Image Returned >> 2020-10-18 11:29:59.820389

vi6ihg4md0v >> End >> 2020-10-18 11:29:59.954144

cwztjpwkvzi >> Start >> 2020-10-18 11:30:46.863445

cwztjpwkvzi >> Image Returned >> 2020-10-18 11:30:46.866945

cwztjpwkvzi >> End >> 2020-10-18 11:30:47.053482

3xxdo7roqg7 >> Start >> 2020-10-18 11:33:01.633543

3xxdo7roqg7 >> Image Returned >> 2020-10-18 11:33:01.636837

3xxdo7roqg7 >> End >> 2020-10-18 11:33:01.819937

yd2mfctzh27 >> Start >> 2020-10-18 11:35:50.994739

yd2mfctzh27 >> Image Returned >> 2020-10-18 11:35:50.999340

yd2mfctzh27 >> End >> 2020-10-18 11:35:51.187355

u7cebvnxrnh >> Start >> 2020-10-18 11:36:07.031212

u7cebvnxrnh >> Image Returned >> 2020-10-18 11:36:07.034539

u7cebvnxrnh >> End >> 2020-10-18 11:36:07.218358

cq77fxyd6p8 >> Start >> 2020-10-18 11:38:27.947351

cq77fxyd6p8 >> Image Returned >> 2020-10-18 11:38:27.951101

cq77fxyd6p8 >> End >> 2020-10-18 11:38:28.128384

n0zoy4zpzbn >> Start >> 2020-10-18 11:43:11.983108

n0zoy4zpzbn >> Image Returned >> 2020-10-18 11:43:11.986906

n0zoy4zpzbn >> End >> 2020-10-18 11:43:12.182996

v35ib5gcx2m >> Start >> 2020-10-18 11:43:53.041446

v35ib5gcx2m >> Image Returned >> 2020-10-18 11:43:53.045361

v35ib5gcx2m >> End >> 2020-10-18 11:43:53.226202

amc4pojxp60 >> Start >> 2020-10-18 11:46:32.334103

amc4pojxp60 >> Image Returned >> 2020-10-18 11:46:32.337757

amc4pojxp60 >> End >> 2020-10-18 11:46:32.551409

xmgspmpu7zh >> Start >> 2020-10-18 11:49:49.458478

xmgspmpu7zh >> Image Returned >> 2020-10-18 11:49:49.462075

xmgspmpu7zh >> End >> 2020-10-18 11:49:49.669637

z2wedfa5ejp >> Start >> 2020-10-18 11:51:40.817225

z2wedfa5ejp >> Image Returned >> 2020-10-18 11:51:40.821333

z2wedfa5ejp >> End >> 2020-10-18 11:51:41.037841

gnusyyykao2 >> Start >> 2020-10-18 11:54:30.447351

gnusyyykao2 >> Image Returned >> 2020-10-18 11:54:30.451138

gnusyyykao2 >> End >> 2020-10-18 11:54:30.651082

6rqq2ukzowg >> Start >> 2020-10-18 11:56:48.396517

6rqq2ukzowg >> Image Returned >> 2020-10-18 11:56:48.400069

6rqq2ukzowg >> End >> 2020-10-18 11:56:48.574225

sav5r20wis3 >> Start >> 2020-10-18 11:56:56.408379

sav5r20wis3 >> Image Returned >> 2020-10-18 11:56:56.408662

sav5r20wis3 >> End >> 2020-10-18 11:56:56.610423

wchp5ivcy4j >> Start >> 2020-10-18 11:58:52.354883

wchp5ivcy4j >> Image Returned >> 2020-10-18 11:58:52.358943

wchp5ivcy4j >> End >> 2020-10-18 11:58:52.571568

x2jj5m3ffjg >> Start >> 2020-10-18 11:59:07.376699

x2jj5m3ffjg >> Image Returned >> 2020-10-18 11:59:07.380259

x2jj5m3ffjg >> End >> 2020-10-18 11:59:07.560072

hgmxh4ad68i >> Start >> 2020-10-18 12:02:58.944410

hgmxh4ad68i >> Image Returned >> 2020-10-18 12:02:58.948599

hgmxh4ad68i >> End >> 2020-10-18 12:02:59.145004

whva4gpryzy >> Start >> 2020-10-18 12:11:08.761478

whva4gpryzy >> Image Returned >> 2020-10-18 12:11:08.765193

whva4gpryzy >> End >> 2020-10-18 12:11:08.953989

nam6mysep5f >> Start >> 2020-10-18 12:11:49.523008

nam6mysep5f >> Image Returned >> 2020-10-18 12:11:49.526851

nam6mysep5f >> End >> 2020-10-18 12:11:49.705080

70nd5jxwkkz >> Start >> 2020-10-18 12:17:22.809619

70nd5jxwkkz >> Image Returned >> 2020-10-18 12:17:22.813568

70nd5jxwkkz >> End >> 2020-10-18 12:17:23.023539

zs20mx4mjub >> Start >> 2020-10-18 12:18:08.466407

zs20mx4mjub >> Image Returned >> 2020-10-18 12:18:08.469935

zs20mx4mjub >> End >> 2020-10-18 12:18:08.653634

5edf4xkqdw4 >> Start >> 2020-10-18 12:18:17.006618

5edf4xkqdw4 >> Image Returned >> 2020-10-18 12:18:17.007025

5edf4xkqdw4 >> End >> 2020-10-18 12:18:17.185175

jr7sgma8z4q >> Start >> 2020-10-18 12:24:54.051158

jr7sgma8z4q >> Image Returned >> 2020-10-18 12:24:54.054572

jr7sgma8z4q >> End >> 2020-10-18 12:24:54.185600

8bxjptwxzuo >> Start >> 2020-10-18 12:25:23.625116

8bxjptwxzuo >> Image Returned >> 2020-10-18 12:25:23.628631

8bxjptwxzuo >> End >> 2020-10-18 12:25:23.761392

4re2wdmiek0 >> Start >> 2020-10-18 12:25:37.812107

4re2wdmiek0 >> Image Returned >> 2020-10-18 12:25:37.815491

4re2wdmiek0 >> End >> 2020-10-18 12:25:37.947671

kcfzyddvyv4 >> Start >> 2020-10-18 12:26:01.280180

kcfzyddvyv4 >> Image Returned >> 2020-10-18 12:26:01.283454

kcfzyddvyv4 >> End >> 2020-10-18 12:26:01.417457

nkg7ejwsiyu >> Start >> 2020-10-18 12:27:05.151182

nkg7ejwsiyu >> Image Returned >> 2020-10-18 12:27:05.154969

nkg7ejwsiyu >> End >> 2020-10-18 12:27:05.288527

qxu8doe23ov >> Start >> 2020-10-18 12:29:21.017282

qxu8doe23ov >> Image Returned >> 2020-10-18 12:29:21.021560

qxu8doe23ov >> End >> 2020-10-18 12:29:21.214135

5ecksyam735 >> Start >> 2020-10-18 12:29:56.219387

5ecksyam735 >> Image Returned >> 2020-10-18 12:29:56.222667

5ecksyam735 >> End >> 2020-10-18 12:29:56.396601

408kixvtchm >> Start >> 2020-10-18 12:34:02.643584

408kixvtchm >> Image Returned >> 2020-10-18 12:34:02.647047

408kixvtchm >> End >> 2020-10-18 12:34:02.831517

or3oz233n7k >> Start >> 2020-10-18 12:34:11.492043

or3oz233n7k >> Image Returned >> 2020-10-18 12:34:11.492340

or3oz233n7k >> End >> 2020-10-18 12:34:11.684767

xmthmzu5bae >> Start >> 2020-10-18 12:34:39.434540

xmthmzu5bae >> Image Returned >> 2020-10-18 12:34:39.438090

xmthmzu5bae >> End >> 2020-10-18 12:34:39.613806

x3ceebngu7b >> Start >> 2020-10-18 12:34:58.935981

x3ceebngu7b >> Image Returned >> 2020-10-18 12:34:58.939359

x3ceebngu7b >> End >> 2020-10-18 12:34:59.112626

4earrk75cmr >> Start >> 2020-10-18 12:35:03.133095

4earrk75cmr >> Image Returned >> 2020-10-18 12:35:03.133466

4earrk75cmr >> End >> 2020-10-18 12:35:03.307101

4s0vrs205p3 >> Start >> 2020-10-18 12:37:35.576934

4s0vrs205p3 >> Image Returned >> 2020-10-18 12:37:35.580858

4s0vrs205p3 >> End >> 2020-10-18 12:37:35.753762

djqzyyebjwy >> Start >> 2020-10-18 12:46:24.905122

djqzyyebjwy >> Image Returned >> 2020-10-18 12:46:24.909065

djqzyyebjwy >> End >> 2020-10-18 12:46:25.102186

nv5x636zb7w >> Start >> 2020-10-18 12:52:53.918729

nv5x636zb7w >> Image Returned >> 2020-10-18 12:52:53.922235

nv5x636zb7w >> End >> 2020-10-18 12:52:54.102384

jnynuaoc2e3 >> Start >> 2020-10-18 12:55:45.999568

jnynuaoc2e3 >> Image Returned >> 2020-10-18 12:55:46.003669

jnynuaoc2e3 >> End >> 2020-10-18 12:55:46.135421

mdbag3e0ivr >> Start >> 2020-10-18 12:59:36.640847

mdbag3e0ivr >> Image Returned >> 2020-10-18 12:59:36.644671

mdbag3e0ivr >> End >> 2020-10-18 12:59:36.838181

wk6nf8bxspe >> Start >> 2020-10-18 13:03:07.726406

wk6nf8bxspe >> Image Returned >> 2020-10-18 13:03:07.730149

wk6nf8bxspe >> End >> 2020-10-18 13:03:07.922854

70ej0ccwrqz >> Start >> 2020-10-18 13:03:13.252490

70ej0ccwrqz >> Image Returned >> 2020-10-18 13:03:13.252804

70ej0ccwrqz >> End >> 2020-10-18 13:03:13.446960

p4wge62kequ >> Start >> 2020-10-18 13:18:11.492532

p4wge62kequ >> Image Returned >> 2020-10-18 13:18:11.497047

p4wge62kequ >> End >> 2020-10-18 13:18:11.680089

7ywuouomhxt >> Start >> 2020-10-18 13:20:13.354577

7ywuouomhxt >> Image Returned >> 2020-10-18 13:20:13.358438

7ywuouomhxt >> End >> 2020-10-18 13:20:13.530136

q6rnsike5p5 >> Start >> 2020-10-18 13:20:52.344315

q6rnsike5p5 >> Image Returned >> 2020-10-18 13:20:52.348184

q6rnsike5p5 >> End >> 2020-10-18 13:20:52.520255

yy7h6zhcxju >> Start >> 2020-10-18 13:22:43.823688

yy7h6zhcxju >> Image Returned >> 2020-10-18 13:22:43.829751

yy7h6zhcxju >> End >> 2020-10-18 13:22:44.073062

ucki6zycd3y >> Start >> 2020-10-18 13:24:42.412446

ucki6zycd3y >> Image Returned >> 2020-10-18 13:24:42.416533

ucki6zycd3y >> End >> 2020-10-18 13:24:42.595987

qh2epqagktx >> Start >> 2020-10-18 13:30:01.139919

qh2epqagktx >> Image Returned >> 2020-10-18 13:30:01.143522

qh2epqagktx >> End >> 2020-10-18 13:30:01.317395

5fbkqby4i22 >> Start >> 2020-10-18 13:31:47.442770

5fbkqby4i22 >> Image Returned >> 2020-10-18 13:31:47.446757

5fbkqby4i22 >> End >> 2020-10-18 13:31:47.624694

mc28nkrqnwo >> Start >> 2020-10-18 13:31:56.867490

mc28nkrqnwo >> Image Returned >> 2020-10-18 13:31:56.867794

mc28nkrqnwo >> End >> 2020-10-18 13:31:57.045011

mk5wptp2orv >> Start >> 2020-10-18 13:31:58.031575

mk5wptp2orv >> Image Returned >> 2020-10-18 13:31:58.031883

mk5wptp2orv >> End >> 2020-10-18 13:31:58.217488

xrxc66iz5pm >> Start >> 2020-10-18 13:32:28.676948

xrxc66iz5pm >> Image Returned >> 2020-10-18 13:32:28.680692

xrxc66iz5pm >> End >> 2020-10-18 13:32:28.858635

3wxeq76dd78 >> Start >> 2020-10-18 13:32:46.547472

3wxeq76dd78 >> Image Returned >> 2020-10-18 13:32:46.551341

3wxeq76dd78 >> End >> 2020-10-18 13:32:46.724685

6bkcf0k50oq >> Start >> 2020-10-18 13:32:58.121939

6bkcf0k50oq >> Image Returned >> 2020-10-18 13:32:58.125711

6bkcf0k50oq >> End >> 2020-10-18 13:32:58.291591

oijpmpm74wn >> Start >> 2020-10-18 13:37:44.176995

oijpmpm74wn >> Image Returned >> 2020-10-18 13:37:44.181463

oijpmpm74wn >> End >> 2020-10-18 13:37:44.357078

yn6xs86nefb >> Start >> 2020-10-18 13:38:24.043521

yn6xs86nefb >> Image Returned >> 2020-10-18 13:38:24.047317

yn6xs86nefb >> End >> 2020-10-18 13:38:24.222121

e8ynuyfrfru >> Start >> 2020-10-18 13:46:54.042599

e8ynuyfrfru >> Image Returned >> 2020-10-18 13:46:54.046570

e8ynuyfrfru >> End >> 2020-10-18 13:46:54.216610

4igjhek5uap >> Start >> 2020-10-18 13:49:10.160689

4igjhek5uap >> Image Returned >> 2020-10-18 13:49:10.164202

4igjhek5uap >> End >> 2020-10-18 13:49:10.345038

zuvy42iwfb5 >> Start >> 2020-10-18 13:52:37.242124

zuvy42iwfb5 >> Image Returned >> 2020-10-18 13:52:37.245981

zuvy42iwfb5 >> End >> 2020-10-18 13:52:37.422749

vttazpag2a6 >> Start >> 2020-10-18 13:52:51.848881

vttazpag2a6 >> Image Returned >> 2020-10-18 13:52:51.852346

vttazpag2a6 >> End >> 2020-10-18 13:52:52.024693

5oyix8i4z46 >> Start >> 2020-10-18 13:53:38.114974

5oyix8i4z46 >> Image Returned >> 2020-10-18 13:53:38.119945

5oyix8i4z46 >> End >> 2020-10-18 13:53:38.320533

5okih4q0br3 >> Start >> 2020-10-18 14:01:43.341398

5okih4q0br3 >> Image Returned >> 2020-10-18 14:01:43.345150

5okih4q0br3 >> End >> 2020-10-18 14:01:43.519293

5zz8sqcknm8 >> Start >> 2020-10-18 14:12:49.694020

5zz8sqcknm8 >> Image Returned >> 2020-10-18 14:12:49.698632

5zz8sqcknm8 >> End >> 2020-10-18 14:12:49.882909

nix54jry6am >> Start >> 2020-10-18 14:13:03.797548

nix54jry6am >> Image Returned >> 2020-10-18 14:13:03.800921

nix54jry6am >> End >> 2020-10-18 14:13:03.983097

uiyjw3jd7o0 >> Start >> 2020-10-18 14:14:47.797218

uiyjw3jd7o0 >> Image Returned >> 2020-10-18 14:14:47.801589

uiyjw3jd7o0 >> End >> 2020-10-18 14:14:47.968457

ere8rgb5vfh >> Start >> 2020-10-18 14:15:27.302836

ere8rgb5vfh >> Image Returned >> 2020-10-18 14:15:27.306772

ere8rgb5vfh >> End >> 2020-10-18 14:15:27.477868

xyr5fvqjqvh >> Start >> 2020-10-18 14:19:04.534332

xyr5fvqjqvh >> Image Returned >> 2020-10-18 14:19:04.537740

xyr5fvqjqvh >> End >> 2020-10-18 14:19:04.667118

o3n3eexnt2z >> Start >> 2020-10-18 14:26:27.783953

o3n3eexnt2z >> Image Returned >> 2020-10-18 14:26:27.788528

o3n3eexnt2z >> End >> 2020-10-18 14:26:27.959291

ffyznrznhr2 >> Start >> 2020-10-18 14:30:15.258510

ffyznrznhr2 >> Image Returned >> 2020-10-18 14:30:15.262094

ffyznrznhr2 >> End >> 2020-10-18 14:30:15.432992

wxkf002i4x0 >> Start >> 2020-10-18 14:30:43.715395

wxkf002i4x0 >> Image Returned >> 2020-10-18 14:30:43.719966

wxkf002i4x0 >> End >> 2020-10-18 14:30:43.942816

iyasvdp7xg0 >> Start >> 2020-10-18 14:31:40.271544

iyasvdp7xg0 >> Image Returned >> 2020-10-18 14:31:40.275279

iyasvdp7xg0 >> End >> 2020-10-18 14:31:40.461996

bg0ezupq4s0 >> Start >> 2020-10-18 14:41:01.555475

bg0ezupq4s0 >> Image Returned >> 2020-10-18 14:41:01.559824

bg0ezupq4s0 >> End >> 2020-10-18 14:41:01.733576

7xmxnxt46er >> Start >> 2020-10-18 14:49:45.172024

7xmxnxt46er >> Image Returned >> 2020-10-18 14:49:45.177223

7xmxnxt46er >> End >> 2020-10-18 14:49:45.377120

ye07gea48pq >> Start >> 2020-10-18 14:50:29.939532

ye07gea48pq >> Image Returned >> 2020-10-18 14:50:29.943717

ye07gea48pq >> End >> 2020-10-18 14:50:30.113231

4dhht3zravf >> Start >> 2020-10-18 14:50:40.865809

4dhht3zravf >> Image Returned >> 2020-10-18 14:50:40.866130

4dhht3zravf >> End >> 2020-10-18 14:50:41.037245

yi77urgo8zy >> Start >> 2020-10-18 14:50:56.953738

yi77urgo8zy >> Image Returned >> 2020-10-18 14:50:56.957262

yi77urgo8zy >> End >> 2020-10-18 14:50:57.134818

then5xjc8oq >> Start >> 2020-10-18 14:50:59.975837

then5xjc8oq >> Image Returned >> 2020-10-18 14:50:59.976140

then5xjc8oq >> End >> 2020-10-18 14:51:00.151921

mhkutzgiqif >> Start >> 2020-10-18 14:51:00.272780

mhkutzgiqif >> Image Returned >> 2020-10-18 14:51:00.273098

mhkutzgiqif >> End >> 2020-10-18 14:51:00.455549

q33dik7guuu >> Start >> 2020-10-18 14:51:21.524127

q33dik7guuu >> Image Returned >> 2020-10-18 14:51:21.528369

q33dik7guuu >> End >> 2020-10-18 14:51:21.869332

q322aq0eq8h >> Start >> 2020-10-18 14:51:22.321659

q322aq0eq8h >> Image Returned >> 2020-10-18 14:51:22.321969

q322aq0eq8h >> End >> 2020-10-18 14:51:22.666229

snsr45ycmzf >> Start >> 2020-10-18 14:55:44.756661

snsr45ycmzf >> Image Returned >> 2020-10-18 14:55:44.760525

snsr45ycmzf >> End >> 2020-10-18 14:55:44.944242

w5soqtdtvbi >> Start >> 2020-10-18 14:55:54.219101

w5soqtdtvbi >> Image Returned >> 2020-10-18 14:55:54.219383

w5soqtdtvbi >> End >> 2020-10-18 14:55:54.400744

xj4077u5e2a >> Start >> 2020-10-18 15:06:15.465810

xj4077u5e2a >> Image Returned >> 2020-10-18 15:06:15.471514

xj4077u5e2a >> End >> 2020-10-18 15:06:15.656411

pskvst0dfij >> Start >> 2020-10-18 15:09:38.083606

pskvst0dfij >> Image Returned >> 2020-10-18 15:09:38.088443

pskvst0dfij >> End >> 2020-10-18 15:09:38.263957

64dk4ppiq2n >> Start >> 2020-10-18 15:10:24.946788

64dk4ppiq2n >> Image Returned >> 2020-10-18 15:10:24.950366

64dk4ppiq2n >> End >> 2020-10-18 15:10:25.128742

482m3ffqps5 >> Start >> 2020-10-18 15:14:54.289597

482m3ffqps5 >> Image Returned >> 2020-10-18 15:14:54.293732

482m3ffqps5 >> End >> 2020-10-18 15:14:54.480410

e8iwqtsqdtg >> Start >> 2020-10-18 15:17:40.394992

e8iwqtsqdtg >> Image Returned >> 2020-10-18 15:17:40.398927

e8iwqtsqdtg >> End >> 2020-10-18 15:17:40.588488

zwi3er37e0e >> Start >> 2020-10-18 15:35:41.970331

zwi3er37e0e >> Image Returned >> 2020-10-18 15:35:41.974307

zwi3er37e0e >> End >> 2020-10-18 15:35:42.143410

zjpf7mze7an >> Start >> 2020-10-18 15:39:23.163590

zjpf7mze7an >> Image Returned >> 2020-10-18 15:39:23.168008

zjpf7mze7an >> End >> 2020-10-18 15:39:23.357564

gtfwi3mi5fw >> Start >> 2020-10-18 15:52:35.524759

gtfwi3mi5fw >> Image Returned >> 2020-10-18 15:52:35.529732

gtfwi3mi5fw >> End >> 2020-10-18 15:52:35.726228

c5gkz3n3gtq >> Start >> 2020-10-18 15:53:02.527198

c5gkz3n3gtq >> Image Returned >> 2020-10-18 15:53:02.530695

c5gkz3n3gtq >> End >> 2020-10-18 15:53:02.705459

g6780i37fjv >> Start >> 2020-10-18 15:55:18.483691

g6780i37fjv >> Image Returned >> 2020-10-18 15:55:18.487085

g6780i37fjv >> End >> 2020-10-18 15:55:18.681206

qvbutera758 >> Start >> 2020-10-18 15:55:32.732906

qvbutera758 >> Image Returned >> 2020-10-18 15:55:32.736756

qvbutera758 >> End >> 2020-10-18 15:55:32.925767

my4geqshgc0 >> Start >> 2020-10-18 15:55:41.089709

my4geqshgc0 >> Image Returned >> 2020-10-18 15:55:41.090006

my4geqshgc0 >> End >> 2020-10-18 15:55:41.281644

jek062idpi7 >> Start >> 2020-10-18 15:57:04.536803

jek062idpi7 >> Image Returned >> 2020-10-18 15:57:04.540676

jek062idpi7 >> End >> 2020-10-18 15:57:04.706028

4cuuguhmdmq >> Start >> 2020-10-18 15:59:50.436844

4cuuguhmdmq >> Image Returned >> 2020-10-18 15:59:50.440937

4cuuguhmdmq >> End >> 2020-10-18 15:59:50.614010

azx05ubbwfc >> Start >> 2020-10-18 16:02:05.578567

azx05ubbwfc >> Image Returned >> 2020-10-18 16:02:05.584079

azx05ubbwfc >> End >> 2020-10-18 16:02:05.802429

8drgv2okuuy >> Start >> 2020-10-18 16:02:25.640003

8drgv2okuuy >> Image Returned >> 2020-10-18 16:02:25.643747

8drgv2okuuy >> End >> 2020-10-18 16:02:25.826612

fm05ymz63mi >> Start >> 2020-10-18 16:03:36.475034

fm05ymz63mi >> Image Returned >> 2020-10-18 16:03:36.478471

fm05ymz63mi >> End >> 2020-10-18 16:03:36.648277

stq2gsw8252 >> Start >> 2020-10-18 16:04:51.002485

stq2gsw8252 >> Image Returned >> 2020-10-18 16:04:51.006411

stq2gsw8252 >> End >> 2020-10-18 16:04:51.178859

rx5midhivz5 >> Start >> 2020-10-18 16:05:22.060563

rx5midhivz5 >> Image Returned >> 2020-10-18 16:05:22.064454

rx5midhivz5 >> End >> 2020-10-18 16:05:22.246573

u05epq3hr6q >> Start >> 2020-10-18 16:08:30.793431

u05epq3hr6q >> Image Returned >> 2020-10-18 16:08:30.798019

u05epq3hr6q >> End >> 2020-10-18 16:08:30.994982

aw27kym32qt >> Start >> 2020-10-18 16:15:19.783334

aw27kym32qt >> Image Returned >> 2020-10-18 16:15:19.787587

aw27kym32qt >> End >> 2020-10-18 16:15:19.959264

7r7njkbqu8s >> Start >> 2020-10-18 16:28:59.248282

7r7njkbqu8s >> Image Returned >> 2020-10-18 16:28:59.252022

7r7njkbqu8s >> End >> 2020-10-18 16:28:59.430160

rncf5r66iyt >> Start >> 2020-10-18 16:33:14.452044

rncf5r66iyt >> Image Returned >> 2020-10-18 16:33:14.455573

rncf5r66iyt >> End >> 2020-10-18 16:33:14.765170

od4rzv6whpe >> Start >> 2020-10-18 16:33:15.294220

od4rzv6whpe >> Image Returned >> 2020-10-18 16:33:15.294513

od4rzv6whpe >> End >> 2020-10-18 16:33:15.598412

hyd6rgnj4bs >> Start >> 2020-10-18 16:33:15.989104

hyd6rgnj4bs >> Image Returned >> 2020-10-18 16:33:15.989387

hyd6rgnj4bs >> End >> 2020-10-18 16:33:16.292742

etxkrdmcyn5 >> Start >> 2020-10-18 16:33:17.270898

etxkrdmcyn5 >> Image Returned >> 2020-10-18 16:33:17.271223

etxkrdmcyn5 >> End >> 2020-10-18 16:33:17.575360

xfiycx2r34o >> Start >> 2020-10-18 16:33:17.959153

xfiycx2r34o >> Image Returned >> 2020-10-18 16:33:17.959455

xfiycx2r34o >> End >> 2020-10-18 16:33:18.276501

6474uu2vao7 >> Start >> 2020-10-18 16:33:18.703169

6474uu2vao7 >> Image Returned >> 2020-10-18 16:33:18.703454

6474uu2vao7 >> End >> 2020-10-18 16:33:19.017354

tje3s5an3hs >> Start >> 2020-10-18 16:33:19.419835

tje3s5an3hs >> Image Returned >> 2020-10-18 16:33:19.420131

tje3s5an3hs >> End >> 2020-10-18 16:33:19.732295

yargy0ff3u6 >> Start >> 2020-10-18 16:33:25.544167

yargy0ff3u6 >> Image Returned >> 2020-10-18 16:33:25.544486

3kfkerysay5 >> Start >> 2020-10-18 16:33:25.594357

3kfkerysay5 >> Image Returned >> 2020-10-18 16:33:25.598206

yargy0ff3u6 >> End >> 2020-10-18 16:33:25.881442

3kfkerysay5 >> End >> 2020-10-18 16:33:25.942456

nqy7gmdfn26 >> Start >> 2020-10-18 16:33:26.861351

nqy7gmdfn26 >> Image Returned >> 2020-10-18 16:33:26.861640

nqy7gmdfn26 >> End >> 2020-10-18 16:33:27.168329

k5up53ioqgq >> Start >> 2020-10-18 16:33:27.351511

k5up53ioqgq >> Image Returned >> 2020-10-18 16:33:27.351799

k5up53ioqgq >> End >> 2020-10-18 16:33:27.675096

32u3sks72n4 >> Start >> 2020-10-18 16:33:28.292368

32u3sks72n4 >> Image Returned >> 2020-10-18 16:33:28.292651

d7mea5ox48p >> Start >> 2020-10-18 16:33:28.424572

d7mea5ox48p >> Image Returned >> 2020-10-18 16:33:28.424848

32u3sks72n4 >> End >> 2020-10-18 16:33:28.622140

d7mea5ox48p >> End >> 2020-10-18 16:33:28.756052

40fso8602x2 >> Start >> 2020-10-18 16:35:36.839663

40fso8602x2 >> Image Returned >> 2020-10-18 16:35:36.843579

40fso8602x2 >> End >> 2020-10-18 16:35:37.168378

z0w0z3sxgy0 >> Start >> 2020-10-18 16:36:02.647835

z0w0z3sxgy0 >> Image Returned >> 2020-10-18 16:36:02.651285

z0w0z3sxgy0 >> End >> 2020-10-18 16:36:02.819293

8kjuu86gs5i >> Start >> 2020-10-18 16:36:25.989295

8kjuu86gs5i >> Image Returned >> 2020-10-18 16:36:25.993077

8kjuu86gs5i >> End >> 2020-10-18 16:36:26.205735

ufajs33apvf >> Start >> 2020-10-18 16:38:48.511600

ufajs33apvf >> Image Returned >> 2020-10-18 16:38:48.515610

ufajs33apvf >> End >> 2020-10-18 16:38:48.690741

ee55cpvhw3f >> Start >> 2020-10-18 16:41:41.295377

ee55cpvhw3f >> Image Returned >> 2020-10-18 16:41:41.299259

ee55cpvhw3f >> End >> 2020-10-18 16:41:41.477025

biuzri63v5r >> Start >> 2020-10-18 16:41:53.991126

biuzri63v5r >> Image Returned >> 2020-10-18 16:41:53.994527

biuzri63v5r >> End >> 2020-10-18 16:41:54.166675

xi3oichti4s >> Start >> 2020-10-18 16:43:28.084996

xi3oichti4s >> Image Returned >> 2020-10-18 16:43:28.088767

xi3oichti4s >> End >> 2020-10-18 16:43:28.254893

7xt8uwtmusi >> Start >> 2020-10-18 16:43:41.473918

7xt8uwtmusi >> Image Returned >> 2020-10-18 16:43:41.477389

7xt8uwtmusi >> End >> 2020-10-18 16:43:41.679936

ejgga8d8wry >> Start >> 2020-10-18 16:57:04.951514

ejgga8d8wry >> Image Returned >> 2020-10-18 16:57:04.956825

ejgga8d8wry >> End >> 2020-10-18 16:57:05.165848

hoywjz4mqby >> Start >> 2020-10-18 16:59:05.354079

hoywjz4mqby >> Image Returned >> 2020-10-18 16:59:05.359333

hoywjz4mqby >> End >> 2020-10-18 16:59:05.524964

pbc3nyk4im4 >> Start >> 2020-10-18 17:01:11.088381

pbc3nyk4im4 >> Image Returned >> 2020-10-18 17:01:11.091849

pbc3nyk4im4 >> End >> 2020-10-18 17:01:11.217901

pgc7k232myd >> Start >> 2020-10-18 17:04:53.635040

pgc7k232myd >> Image Returned >> 2020-10-18 17:04:53.640213

pgc7k232myd >> End >> 2020-10-18 17:04:53.847467

imjbupq6qsy >> Start >> 2020-10-18 17:11:17.243491

imjbupq6qsy >> Image Returned >> 2020-10-18 17:11:17.247453

imjbupq6qsy >> End >> 2020-10-18 17:11:17.422442

uwsd850hrjj >> Start >> 2020-10-18 17:11:40.564234

uwsd850hrjj >> Image Returned >> 2020-10-18 17:11:40.567672

uwsd850hrjj >> End >> 2020-10-18 17:11:40.748748

e4vhzyreaz6 >> Start >> 2020-10-18 17:12:55.221862

e4vhzyreaz6 >> Image Returned >> 2020-10-18 17:12:55.225795

e4vhzyreaz6 >> End >> 2020-10-18 17:12:55.396692

dhg28vits7w >> Start >> 2020-10-18 17:14:00.335649

dhg28vits7w >> Image Returned >> 2020-10-18 17:14:00.339580

dhg28vits7w >> End >> 2020-10-18 17:14:00.520670

busg27ukhx4 >> Start >> 2020-10-18 17:14:11.555376

busg27ukhx4 >> Image Returned >> 2020-10-18 17:14:11.555671

busg27ukhx4 >> End >> 2020-10-18 17:14:11.765815

gthagzsdgnq >> Start >> 2020-10-18 17:17:03.423947

gthagzsdgnq >> Image Returned >> 2020-10-18 17:17:03.428966

gthagzsdgnq >> End >> 2020-10-18 17:17:03.607084

8cyx2pyktta >> Start >> 2020-10-18 17:27:52.572485

8cyx2pyktta >> Image Returned >> 2020-10-18 17:27:52.576752

8cyx2pyktta >> End >> 2020-10-18 17:27:52.777990

23b5idr0ojo >> Start >> 2020-10-18 17:28:27.495539

23b5idr0ojo >> Image Returned >> 2020-10-18 17:28:27.499763

23b5idr0ojo >> End >> 2020-10-18 17:28:27.701709

otjug5vqwqn >> Start >> 2020-10-18 17:32:41.400681

otjug5vqwqn >> Image Returned >> 2020-10-18 17:32:41.404916

otjug5vqwqn >> End >> 2020-10-18 17:32:41.598150

b3e6x84cfhf >> Start >> 2020-10-18 17:33:52.345709

b3e6x84cfhf >> Image Returned >> 2020-10-18 17:33:52.349812

b3e6x84cfhf >> End >> 2020-10-18 17:33:52.530174

tp4ecrvqkvg >> Start >> 2020-10-18 17:34:17.816466

tp4ecrvqkvg >> Image Returned >> 2020-10-18 17:34:17.819864

tp4ecrvqkvg >> End >> 2020-10-18 17:34:18.005000

gz2024p2y73 >> Start >> 2020-10-18 17:35:24.517194

gz2024p2y73 >> Image Returned >> 2020-10-18 17:35:24.521456

gz2024p2y73 >> End >> 2020-10-18 17:35:24.692362

voqc8pjeuuw >> Start >> 2020-10-18 17:38:30.706218

voqc8pjeuuw >> Image Returned >> 2020-10-18 17:38:30.710556

voqc8pjeuuw >> End >> 2020-10-18 17:38:30.894804

saw5pmm8ytm >> Start >> 2020-10-18 17:39:35.589109

saw5pmm8ytm >> Image Returned >> 2020-10-18 17:39:35.593061

saw5pmm8ytm >> End >> 2020-10-18 17:39:35.769784

57bifgbnt84 >> Start >> 2020-10-18 17:42:19.067131

57bifgbnt84 >> Image Returned >> 2020-10-18 17:42:19.070568

57bifgbnt84 >> End >> 2020-10-18 17:42:19.250499

erx3kw2xuzx >> Start >> 2020-10-18 17:44:30.891617

erx3kw2xuzx >> Image Returned >> 2020-10-18 17:44:30.897110

erx3kw2xuzx >> End >> 2020-10-18 17:44:31.088947

te6yzz3n6jg >> Start >> 2020-10-18 17:46:53.697140

te6yzz3n6jg >> Image Returned >> 2020-10-18 17:46:53.702240

te6yzz3n6jg >> End >> 2020-10-18 17:46:53.876472

747xs8uqrux >> Start >> 2020-10-18 17:50:50.497281

747xs8uqrux >> Image Returned >> 2020-10-18 17:50:50.503510

747xs8uqrux >> End >> 2020-10-18 17:50:50.678406

tmf6oyk67d4 >> Start >> 2020-10-18 17:54:15.766582

tmf6oyk67d4 >> Image Returned >> 2020-10-18 17:54:15.771306

tmf6oyk67d4 >> End >> 2020-10-18 17:54:15.978750

k8y43adq6hj >> Start >> 2020-10-18 17:54:28.673491

k8y43adq6hj >> Image Returned >> 2020-10-18 17:54:28.677515

k8y43adq6hj >> End >> 2020-10-18 17:54:28.896153

fnn6oik4pbv >> Start >> 2020-10-18 17:58:14.262787

fnn6oik4pbv >> Image Returned >> 2020-10-18 17:58:14.268579

fnn6oik4pbv >> End >> 2020-10-18 17:58:14.670517

axmnm42tkb7 >> Start >> 2020-10-18 17:58:25.049957

axmnm42tkb7 >> Image Returned >> 2020-10-18 17:58:25.050349

axmnm42tkb7 >> End >> 2020-10-18 17:58:25.222976

d0anpxizz6g >> Start >> 2020-10-18 17:59:17.103785

d0anpxizz6g >> Image Returned >> 2020-10-18 17:59:17.107204

d0anpxizz6g >> End >> 2020-10-18 17:59:17.275985

or3gsfh6gn4 >> Start >> 2020-10-18 18:01:56.210062

or3gsfh6gn4 >> Image Returned >> 2020-10-18 18:01:56.214849

or3gsfh6gn4 >> End >> 2020-10-18 18:01:56.393765

xr4s5a2v2wt >> Start >> 2020-10-18 18:04:39.850330

xr4s5a2v2wt >> Image Returned >> 2020-10-18 18:04:39.855885

xr4s5a2v2wt >> End >> 2020-10-18 18:04:40.024374

wi6tav0ytgq >> Start >> 2020-10-18 18:05:01.837569

wi6tav0ytgq >> Image Returned >> 2020-10-18 18:05:01.841068

wi6tav0ytgq >> End >> 2020-10-18 18:05:02.016668

i5de3ztmc4c >> Start >> 2020-10-18 18:07:34.139636

i5de3ztmc4c >> Image Returned >> 2020-10-18 18:07:34.144716

i5de3ztmc4c >> End >> 2020-10-18 18:07:34.345005

ersgs0zushg >> Start >> 2020-10-18 18:08:04.221959

ersgs0zushg >> Image Returned >> 2020-10-18 18:08:04.225523

ersgs0zushg >> End >> 2020-10-18 18:08:04.400535

pcmqdgrkjgs >> Start >> 2020-10-18 18:11:09.067646

pcmqdgrkjgs >> Image Returned >> 2020-10-18 18:11:09.071429

pcmqdgrkjgs >> End >> 2020-10-18 18:11:09.255105

7dafg8kexgu >> Start >> 2020-10-18 18:11:35.464303

7dafg8kexgu >> Image Returned >> 2020-10-18 18:11:35.468364

7dafg8kexgu >> End >> 2020-10-18 18:11:35.637476

7tntzqnfqpe >> Start >> 2020-10-18 18:13:42.328584

7tntzqnfqpe >> Image Returned >> 2020-10-18 18:13:42.332590

7tntzqnfqpe >> End >> 2020-10-18 18:13:42.515759

862con3rsha >> Start >> 2020-10-18 18:17:42.140959

862con3rsha >> Image Returned >> 2020-10-18 18:17:42.145265

862con3rsha >> End >> 2020-10-18 18:17:42.315320

xyabqebqpt5 >> Start >> 2020-10-18 18:17:48.097060

xyabqebqpt5 >> Image Returned >> 2020-10-18 18:17:48.097373

xyabqebqpt5 >> End >> 2020-10-18 18:17:48.267724

2c8ipf0jcib >> Start >> 2020-10-18 18:18:15.685684

2c8ipf0jcib >> Image Returned >> 2020-10-18 18:18:15.689249

2c8ipf0jcib >> End >> 2020-10-18 18:18:15.864592

unujit0v3pe >> Start >> 2020-10-18 18:20:47.672460

unujit0v3pe >> Image Returned >> 2020-10-18 18:20:47.676950

unujit0v3pe >> End >> 2020-10-18 18:20:47.859005

r4sxsog7eg4 >> Start >> 2020-10-18 18:20:48.416481

r4sxsog7eg4 >> Image Returned >> 2020-10-18 18:20:48.416794

r4sxsog7eg4 >> End >> 2020-10-18 18:20:48.597573

7yxn43ttd8v >> Start >> 2020-10-18 18:27:01.708941

7yxn43ttd8v >> Image Returned >> 2020-10-18 18:27:01.712425

7yxn43ttd8v >> End >> 2020-10-18 18:27:01.908329

e76fayvd8ch >> Start >> 2020-10-18 18:27:16.613554

e76fayvd8ch >> Image Returned >> 2020-10-18 18:27:16.617264

e76fayvd8ch >> End >> 2020-10-18 18:27:16.801879

gnmdt0n2qhi >> Start >> 2020-10-18 18:30:39.842861

gnmdt0n2qhi >> Image Returned >> 2020-10-18 18:30:39.847475

gnmdt0n2qhi >> End >> 2020-10-18 18:30:40.027231

73i2sttz2qb >> Start >> 2020-10-18 18:32:41.333548

73i2sttz2qb >> Image Returned >> 2020-10-18 18:32:41.338013

73i2sttz2qb >> End >> 2020-10-18 18:32:41.504627

42p3wgdt75b >> Start >> 2020-10-18 18:35:42.423450

42p3wgdt75b >> Image Returned >> 2020-10-18 18:35:42.427670

42p3wgdt75b >> End >> 2020-10-18 18:35:42.599450

uhyxqotkfkp >> Start >> 2020-10-18 18:38:52.056498

uhyxqotkfkp >> Image Returned >> 2020-10-18 18:38:52.061096

uhyxqotkfkp >> End >> 2020-10-18 18:38:52.229983

kce78znjkdk >> Start >> 2020-10-18 18:41:56.146706

kce78znjkdk >> Image Returned >> 2020-10-18 18:41:56.150258

kce78znjkdk >> End >> 2020-10-18 18:41:56.319216

ju38h4te6qw >> Start >> 2020-10-18 18:43:05.793100

ju38h4te6qw >> Image Returned >> 2020-10-18 18:43:05.797197

ju38h4te6qw >> End >> 2020-10-18 18:43:06.140851

uxo6wjjzpef >> Start >> 2020-10-18 18:44:32.340019

uxo6wjjzpef >> Image Returned >> 2020-10-18 18:44:32.343861

uxo6wjjzpef >> End >> 2020-10-18 18:44:32.527170

vnbkvqb42yo >> Start >> 2020-10-18 18:46:37.100068

vnbkvqb42yo >> Image Returned >> 2020-10-18 18:46:37.104263

vnbkvqb42yo >> End >> 2020-10-18 18:46:37.273847

de7p6ten85b >> Start >> 2020-10-18 18:48:00.914529

de7p6ten85b >> Image Returned >> 2020-10-18 18:48:00.918438

de7p6ten85b >> End >> 2020-10-18 18:48:01.098479

mpc26ukhk5m >> Start >> 2020-10-18 18:52:30.534336

mpc26ukhk5m >> Image Returned >> 2020-10-18 18:52:30.539175

mpc26ukhk5m >> End >> 2020-10-18 18:52:30.714438

zn2xrauzowi >> Start >> 2020-10-18 18:52:35.962034

zn2xrauzowi >> Image Returned >> 2020-10-18 18:52:35.962337

zn2xrauzowi >> End >> 2020-10-18 18:52:36.126482

tybks3bztkw >> Start >> 2020-10-18 18:53:46.293203

tybks3bztkw >> Image Returned >> 2020-10-18 18:53:46.297102

tybks3bztkw >> End >> 2020-10-18 18:53:46.465717

gebegmirxk0 >> Start >> 2020-10-18 18:57:17.229008

gebegmirxk0 >> Image Returned >> 2020-10-18 18:57:17.233840

gebegmirxk0 >> End >> 2020-10-18 18:57:17.408533

e8xhurkf7qu >> Start >> 2020-10-18 18:59:24.039485

e8xhurkf7qu >> Image Returned >> 2020-10-18 18:59:24.043418

e8xhurkf7qu >> End >> 2020-10-18 18:59:24.212238

h06ed6zvofs >> Start >> 2020-10-18 19:00:22.858916

h06ed6zvofs >> Image Returned >> 2020-10-18 19:00:22.862402

h06ed6zvofs >> End >> 2020-10-18 19:00:23.030097

6c3e58snc32 >> Start >> 2020-10-18 19:00:50.722071

6c3e58snc32 >> Image Returned >> 2020-10-18 19:00:50.725984

6c3e58snc32 >> End >> 2020-10-18 19:00:50.912889

2epu2zp6mvk >> Start >> 2020-10-18 19:03:48.582771

2epu2zp6mvk >> Image Returned >> 2020-10-18 19:03:48.587186

2epu2zp6mvk >> End >> 2020-10-18 19:03:48.752578

rnhrah7tg67 >> Start >> 2020-10-18 19:04:33.870322

rnhrah7tg67 >> Image Returned >> 2020-10-18 19:04:33.874476

rnhrah7tg67 >> End >> 2020-10-18 19:04:34.056026

o6nfbfsxtjv >> Start >> 2020-10-18 19:07:16.593621

o6nfbfsxtjv >> Image Returned >> 2020-10-18 19:07:16.597542

o6nfbfsxtjv >> End >> 2020-10-18 19:07:16.809003

z2uctk6gezm >> Start >> 2020-10-18 19:08:58.810036

z2uctk6gezm >> Image Returned >> 2020-10-18 19:08:58.814817

z2uctk6gezm >> End >> 2020-10-18 19:08:59.008097

wzw0un8hn3x >> Start >> 2020-10-18 19:10:25.585100

wzw0un8hn3x >> Image Returned >> 2020-10-18 19:10:25.588202

wzw0un8hn3x >> End >> 2020-10-18 19:10:25.776618

8znap2ntqfx >> Start >> 2020-10-18 19:15:03.845284

8znap2ntqfx >> Image Returned >> 2020-10-18 19:15:03.848864

8znap2ntqfx >> End >> 2020-10-18 19:15:04.019170

mdgfjgbp33i >> Start >> 2020-10-18 19:15:15.371121

mdgfjgbp33i >> Image Returned >> 2020-10-18 19:15:15.373975

mdgfjgbp33i >> End >> 2020-10-18 19:15:15.550604

o2z46nezr5q >> Start >> 2020-10-18 19:16:49.187346

o2z46nezr5q >> Image Returned >> 2020-10-18 19:16:49.190310

o2z46nezr5q >> End >> 2020-10-18 19:16:49.376744

yha48mxyfda >> Start >> 2020-10-18 19:17:04.829751

yha48mxyfda >> Image Returned >> 2020-10-18 19:17:04.832576

yha48mxyfda >> End >> 2020-10-18 19:17:05.021703

wnvt3oidya3 >> Start >> 2020-10-18 19:19:42.960563

wnvt3oidya3 >> Image Returned >> 2020-10-18 19:19:42.963514

wnvt3oidya3 >> End >> 2020-10-18 19:19:43.135571

knv7wb30ahd >> Start >> 2020-10-18 19:20:18.002940

knv7wb30ahd >> Image Returned >> 2020-10-18 19:20:18.005770

knv7wb30ahd >> End >> 2020-10-18 19:20:18.186870

8vo3bizkqn0 >> Start >> 2020-10-18 19:21:15.995001

8vo3bizkqn0 >> Image Returned >> 2020-10-18 19:21:15.997891

8vo3bizkqn0 >> End >> 2020-10-18 19:21:16.172838

48caxs7rpuq >> Start >> 2020-10-18 19:24:09.237402

48caxs7rpuq >> Image Returned >> 2020-10-18 19:24:09.240324

48caxs7rpuq >> End >> 2020-10-18 19:24:09.419536

zvswmna4ra8 >> Start >> 2020-10-18 19:30:26.909660

zvswmna4ra8 >> Image Returned >> 2020-10-18 19:30:26.912842

zvswmna4ra8 >> End >> 2020-10-18 19:30:27.098140

xtk7zr7ng4j >> Start >> 2020-10-18 19:31:32.902393

xtk7zr7ng4j >> Image Returned >> 2020-10-18 19:31:32.905706

xtk7zr7ng4j >> End >> 2020-10-18 19:31:33.075387

6tzmfis4s02 >> Start >> 2020-10-18 19:32:17.370393

6tzmfis4s02 >> Image Returned >> 2020-10-18 19:32:17.373239

6tzmfis4s02 >> End >> 2020-10-18 19:32:17.540991

ph2fap2gj4p >> Start >> 2020-10-18 19:34:38.422462

ph2fap2gj4p >> Image Returned >> 2020-10-18 19:34:38.425609

ph2fap2gj4p >> End >> 2020-10-18 19:34:38.593226

m4stgnnyzyr >> Start >> 2020-10-18 19:36:15.627185

m4stgnnyzyr >> Image Returned >> 2020-10-18 19:36:15.630075

m4stgnnyzyr >> End >> 2020-10-18 19:36:15.803286

ge8k5rjm43r >> Start >> 2020-10-18 19:40:35.432043

ge8k5rjm43r >> Image Returned >> 2020-10-18 19:40:35.435244

ge8k5rjm43r >> End >> 2020-10-18 19:40:35.621695

rvakub78h53 >> Start >> 2020-10-18 19:44:01.574244

rvakub78h53 >> Image Returned >> 2020-10-18 19:44:01.577207

rvakub78h53 >> End >> 2020-10-18 19:44:01.745356

rkios4yrthd >> Start >> 2020-10-18 19:46:07.631017

rkios4yrthd >> Image Returned >> 2020-10-18 19:46:07.633949

rkios4yrthd >> End >> 2020-10-18 19:46:07.827039

oizdzxihchq >> Start >> 2020-10-18 19:50:54.758815

oizdzxihchq >> Image Returned >> 2020-10-18 19:50:54.761799

oizdzxihchq >> End >> 2020-10-18 19:50:54.946310

ik2g6onwh03 >> Start >> 2020-10-18 19:51:06.922364

ik2g6onwh03 >> Image Returned >> 2020-10-18 19:51:06.925270

ik2g6onwh03 >> End >> 2020-10-18 19:51:07.113425

fg2ejwn77tv >> Start >> 2020-10-18 19:51:57.263659

fg2ejwn77tv >> Image Returned >> 2020-10-18 19:51:57.266608

fg2ejwn77tv >> End >> 2020-10-18 19:51:57.438987

jhtpsaug253 >> Start >> 2020-10-18 19:52:57.511471

jhtpsaug253 >> Image Returned >> 2020-10-18 19:52:57.514503

jhtpsaug253 >> End >> 2020-10-18 19:52:57.696111

j3j32mjz4g8 >> Start >> 2020-10-18 19:56:09.913233

j3j32mjz4g8 >> Image Returned >> 2020-10-18 19:56:09.916213

j3j32mjz4g8 >> End >> 2020-10-18 19:56:10.126127

dxsxmjnfsmd >> Start >> 2020-10-18 19:56:11.048388

dxsxmjnfsmd >> Image Returned >> 2020-10-18 19:56:11.048675

dxsxmjnfsmd >> End >> 2020-10-18 19:56:11.242791

mpvhnwho8qq >> Start >> 2020-10-18 19:56:50.751143

mpvhnwho8qq >> Image Returned >> 2020-10-18 19:56:50.754056

mpvhnwho8qq >> End >> 2020-10-18 19:56:50.930696

eczto6n24hx >> Start >> 2020-10-18 19:58:28.090358

eczto6n24hx >> Image Returned >> 2020-10-18 19:58:28.093489

eczto6n24hx >> End >> 2020-10-18 19:58:28.267190

0bao7pms8dx >> Start >> 2020-10-18 20:04:07.972801

0bao7pms8dx >> Image Returned >> 2020-10-18 20:04:07.977096

0bao7pms8dx >> End >> 2020-10-18 20:04:08.145606

qspqaseogos >> Start >> 2020-10-18 20:04:49.496463

qspqaseogos >> Image Returned >> 2020-10-18 20:04:49.499476

qspqaseogos >> End >> 2020-10-18 20:04:49.670840

iywtvmijimg >> Start >> 2020-10-18 20:07:27.934952

iywtvmijimg >> Image Returned >> 2020-10-18 20:07:27.939099

iywtvmijimg >> End >> 2020-10-18 20:07:28.111978

av28oi5zorr >> Start >> 2020-10-18 20:09:36.831722

av28oi5zorr >> Image Returned >> 2020-10-18 20:09:36.834919

av28oi5zorr >> End >> 2020-10-18 20:09:37.044303

2ogrkmhdyv2 >> Start >> 2020-10-18 20:09:47.646647

2ogrkmhdyv2 >> Image Returned >> 2020-10-18 20:09:47.651285

2ogrkmhdyv2 >> End >> 2020-10-18 20:09:47.839081

e2wem8ac3wj >> Start >> 2020-10-18 20:19:47.624368

e2wem8ac3wj >> Image Returned >> 2020-10-18 20:19:47.627480

e2wem8ac3wj >> End >> 2020-10-18 20:19:47.820518

exn0iyamwao >> Start >> 2020-10-18 20:28:43.578352

exn0iyamwao >> Image Returned >> 2020-10-18 20:28:43.581378

exn0iyamwao >> End >> 2020-10-18 20:28:43.751789

b6y67sfucx7 >> Start >> 2020-10-18 20:40:06.896800

b6y67sfucx7 >> Image Returned >> 2020-10-18 20:40:06.900502

b6y67sfucx7 >> End >> 2020-10-18 20:40:07.069750

yu2qxvn2arc >> Start >> 2020-10-18 20:46:05.558594

yu2qxvn2arc >> Image Returned >> 2020-10-18 20:46:05.561820

yu2qxvn2arc >> End >> 2020-10-18 20:46:05.846148

mriqvwttyn0 >> Start >> 2020-10-18 20:48:33.742510

mriqvwttyn0 >> Image Returned >> 2020-10-18 20:48:33.745919

mriqvwttyn0 >> End >> 2020-10-18 20:48:33.928097

mberpdfuvfz >> Start >> 2020-10-18 20:48:56.244776

mberpdfuvfz >> Image Returned >> 2020-10-18 20:48:56.247725

mberpdfuvfz >> End >> 2020-10-18 20:48:56.430161

wx6tbgjkmqe >> Start >> 2020-10-18 20:48:56.920849

wx6tbgjkmqe >> Image Returned >> 2020-10-18 20:48:56.921154

wx6tbgjkmqe >> End >> 2020-10-18 20:48:57.112026

knpcfp2coqp >> Start >> 2020-10-18 20:49:13.872472

knpcfp2coqp >> Image Returned >> 2020-10-18 20:49:13.875468

knpcfp2coqp >> End >> 2020-10-18 20:49:14.062397

6cg2bhdpsjn >> Start >> 2020-10-18 20:51:55.087671

6cg2bhdpsjn >> Image Returned >> 2020-10-18 20:51:55.090687

6cg2bhdpsjn >> End >> 2020-10-18 20:51:55.216370

5zjhbbfspcg >> Start >> 2020-10-18 20:53:21.235399

5zjhbbfspcg >> Image Returned >> 2020-10-18 20:53:21.239409

5zjhbbfspcg >> End >> 2020-10-18 20:53:21.408235

mte5fox707o >> Start >> 2020-10-18 20:53:38.418540

mte5fox707o >> Image Returned >> 2020-10-18 20:53:38.421686

mte5fox707o >> End >> 2020-10-18 20:53:38.597250

um8h5rmhgtg >> Start >> 2020-10-18 20:55:54.501179

um8h5rmhgtg >> Image Returned >> 2020-10-18 20:55:54.504240

um8h5rmhgtg >> End >> 2020-10-18 20:55:54.693975

27avaa3ckde >> Start >> 2020-10-18 20:56:22.306590

27avaa3ckde >> Image Returned >> 2020-10-18 20:56:22.311079

27avaa3ckde >> End >> 2020-10-18 20:56:22.481374

ykepi6mue5a >> Start >> 2020-10-18 20:56:24.188021

ykepi6mue5a >> Image Returned >> 2020-10-18 20:56:24.188308

ykepi6mue5a >> End >> 2020-10-18 20:56:24.353087

pfpt0awmyxi >> Start >> 2020-10-18 20:57:11.469690

pfpt0awmyxi >> Image Returned >> 2020-10-18 20:57:11.472882

pfpt0awmyxi >> End >> 2020-10-18 20:57:11.646490

weqvo23t3bc >> Start >> 2020-10-18 20:57:30.510596

weqvo23t3bc >> Image Returned >> 2020-10-18 20:57:30.513712

weqvo23t3bc >> End >> 2020-10-18 20:57:30.700145

apzijuuspm6 >> Start >> 2020-10-18 20:57:44.540419

apzijuuspm6 >> Image Returned >> 2020-10-18 20:57:44.543458

apzijuuspm6 >> End >> 2020-10-18 20:57:44.708760

mhwsg48qme0 >> Start >> 2020-10-18 20:57:56.020509

mhwsg48qme0 >> Image Returned >> 2020-10-18 20:57:56.023433

mhwsg48qme0 >> End >> 2020-10-18 20:57:56.195447

d7pjrtogpia >> Start >> 2020-10-18 20:57:57.489063

d7pjrtogpia >> Image Returned >> 2020-10-18 20:57:57.489339

d7pjrtogpia >> End >> 2020-10-18 20:57:57.657226

58k7gbe66hg >> Start >> 2020-10-18 21:02:41.243382

58k7gbe66hg >> Image Returned >> 2020-10-18 21:02:41.247601

58k7gbe66hg >> End >> 2020-10-18 21:02:41.441489

a8taiii5jea >> Start >> 2020-10-18 21:05:38.470972

a8taiii5jea >> Image Returned >> 2020-10-18 21:05:38.474138

a8taiii5jea >> End >> 2020-10-18 21:05:38.652499

wu6zrnwb5pd >> Start >> 2020-10-18 21:06:45.411942

wu6zrnwb5pd >> Image Returned >> 2020-10-18 21:06:45.415575

wu6zrnwb5pd >> End >> 2020-10-18 21:06:45.588676

828s0du0eps >> Start >> 2020-10-18 21:07:35.918760

828s0du0eps >> Image Returned >> 2020-10-18 21:07:35.922713

828s0du0eps >> End >> 2020-10-18 21:07:36.045773

cyzj0jbgsum >> Start >> 2020-10-18 21:13:55.177745

cyzj0jbgsum >> Image Returned >> 2020-10-18 21:13:55.181008

cyzj0jbgsum >> End >> 2020-10-18 21:13:55.369745

dbv7c7t7xmz >> Start >> 2020-10-18 21:14:11.921586

dbv7c7t7xmz >> Image Returned >> 2020-10-18 21:14:11.924518

dbv7c7t7xmz >> End >> 2020-10-18 21:14:12.132009

u8c7pzwh84b >> Start >> 2020-10-18 21:14:12.776957

u8c7pzwh84b >> Image Returned >> 2020-10-18 21:14:12.777256

u8c7pzwh84b >> End >> 2020-10-18 21:14:12.998616

f4jqaxhxmtq >> Start >> 2020-10-18 21:14:23.189318

f4jqaxhxmtq >> Image Returned >> 2020-10-18 21:14:23.189625

f4jqaxhxmtq >> End >> 2020-10-18 21:14:23.360152

uuufiizpujy >> Start >> 2020-10-18 21:14:49.277579

uuufiizpujy >> Image Returned >> 2020-10-18 21:14:49.281145

uuufiizpujy >> End >> 2020-10-18 21:14:49.446549

7rn2r8ciyi6 >> Start >> 2020-10-18 21:23:39.226495

7rn2r8ciyi6 >> Image Returned >> 2020-10-18 21:23:39.230539

7rn2r8ciyi6 >> End >> 2020-10-18 21:23:39.400958

4dxxbhw6aqu >> Start >> 2020-10-18 21:31:46.468566

4dxxbhw6aqu >> Image Returned >> 2020-10-18 21:31:46.471955

4dxxbhw6aqu >> End >> 2020-10-18 21:31:46.646140

85g6c834q5x >> Start >> 2020-10-18 21:32:40.474173

85g6c834q5x >> Image Returned >> 2020-10-18 21:32:40.476588

85g6c834q5x >> End >> 2020-10-18 21:32:40.661700

awjfajfkka5 >> Start >> 2020-10-18 21:34:51.930274

awjfajfkka5 >> Image Returned >> 2020-10-18 21:34:51.932634

awjfajfkka5 >> End >> 2020-10-18 21:34:52.107287

ah0zf04wzgm >> Start >> 2020-10-18 21:36:30.717653

ah0zf04wzgm >> Image Returned >> 2020-10-18 21:36:30.720149

ah0zf04wzgm >> End >> 2020-10-18 21:36:30.890393

6yrjia7yakm >> Start >> 2020-10-18 21:36:42.391886

6yrjia7yakm >> Image Returned >> 2020-10-18 21:36:42.394397

6yrjia7yakm >> End >> 2020-10-18 21:36:42.568546

mcx20bghn8j >> Start >> 2020-10-18 21:44:31.445154

mcx20bghn8j >> Image Returned >> 2020-10-18 21:44:31.447778

mcx20bghn8j >> End >> 2020-10-18 21:44:31.578605

b5e2mx8toci >> Start >> 2020-10-18 21:45:22.418601

b5e2mx8toci >> Image Returned >> 2020-10-18 21:45:22.420988

b5e2mx8toci >> End >> 2020-10-18 21:45:22.607726

86xfgrja5or >> Start >> 2020-10-18 21:49:07.153661

86xfgrja5or >> Image Returned >> 2020-10-18 21:49:07.157408

86xfgrja5or >> End >> 2020-10-18 21:49:07.284019

tfvm2v8ednu >> Start >> 2020-10-18 22:01:36.447855

tfvm2v8ednu >> Image Returned >> 2020-10-18 22:01:36.450923

tfvm2v8ednu >> End >> 2020-10-18 22:01:36.622302

d3z5t5evyao >> Start >> 2020-10-18 22:07:08.528743

d3z5t5evyao >> Image Returned >> 2020-10-18 22:07:08.531227

d3z5t5evyao >> End >> 2020-10-18 22:07:08.663420

bdgtwh0vkp5 >> Start >> 2020-10-18 22:07:40.999340

bdgtwh0vkp5 >> Image Returned >> 2020-10-18 22:07:41.001799

bdgtwh0vkp5 >> End >> 2020-10-18 22:07:41.174791

nw6hkmkonny >> Start >> 2020-10-18 22:09:24.516002

nw6hkmkonny >> Image Returned >> 2020-10-18 22:09:24.518857

nw6hkmkonny >> End >> 2020-10-18 22:09:24.698045

hb7ttgyoc3v >> Start >> 2020-10-18 22:30:07.835975

hb7ttgyoc3v >> Image Returned >> 2020-10-18 22:30:07.839250

hb7ttgyoc3v >> End >> 2020-10-18 22:30:08.005651

ctzm6hhrxyv >> Start >> 2020-10-18 22:30:24.304234

ctzm6hhrxyv >> Image Returned >> 2020-10-18 22:30:24.306629

ctzm6hhrxyv >> End >> 2020-10-18 22:30:24.477773

056nwtmpb50 >> Start >> 2020-10-18 22:30:41.571979

056nwtmpb50 >> Image Returned >> 2020-10-18 22:30:41.574345

056nwtmpb50 >> End >> 2020-10-18 22:30:41.744070

jyjbubfkv8h >> Start >> 2020-10-18 22:40:04.676930

jyjbubfkv8h >> Image Returned >> 2020-10-18 22:40:04.679567

jyjbubfkv8h >> End >> 2020-10-18 22:40:04.863749

hvihto7zxjk >> Start >> 2020-10-18 22:45:34.827156

hvihto7zxjk >> Image Returned >> 2020-10-18 22:45:34.829910

hvihto7zxjk >> End >> 2020-10-18 22:45:35.000322

ire62yp676h >> Start >> 2020-10-18 22:46:27.272039

ire62yp676h >> Image Returned >> 2020-10-18 22:46:27.274400

ire62yp676h >> End >> 2020-10-18 22:46:27.465517

4bvfrrewtgs >> Start >> 2020-10-18 23:01:10.562985

4bvfrrewtgs >> Image Returned >> 2020-10-18 23:01:10.565531

4bvfrrewtgs >> End >> 2020-10-18 23:01:10.693105

hkhkzpyd46b >> Start >> 2020-10-18 23:13:23.745642

hkhkzpyd46b >> Image Returned >> 2020-10-18 23:13:23.748219

hkhkzpyd46b >> End >> 2020-10-18 23:13:23.937460

kmyotqqsui3 >> Start >> 2020-10-18 23:17:10.416918

kmyotqqsui3 >> Image Returned >> 2020-10-18 23:17:10.419893

kmyotqqsui3 >> End >> 2020-10-18 23:17:10.595367

ss6gc6e7jbx >> Start >> 2020-10-18 23:19:35.196098

ss6gc6e7jbx >> Image Returned >> 2020-10-18 23:19:35.199261

ss6gc6e7jbx >> End >> 2020-10-18 23:19:35.385171

a78wuybsyh0 >> Start >> 2020-10-18 23:23:18.552555

a78wuybsyh0 >> Image Returned >> 2020-10-18 23:23:18.555233

a78wuybsyh0 >> End >> 2020-10-18 23:23:18.687443

