m0hnxvikv0c >> Start >> 2020-07-18 00:56:03.669209

m0hnxvikv0c >> Image Returned >> 2020-07-18 00:56:03.672722

m0hnxvikv0c >> End >> 2020-07-18 00:56:03.809127

8s0j0c6wokv >> Start >> 2020-07-18 00:59:14.027324

8s0j0c6wokv >> Image Returned >> 2020-07-18 00:59:14.030881

8s0j0c6wokv >> End >> 2020-07-18 00:59:14.171945

8emvavjo805 >> Start >> 2020-07-18 01:58:15.658256

8emvavjo805 >> Image Returned >> 2020-07-18 01:58:15.661767

8emvavjo805 >> End >> 2020-07-18 01:58:15.796977

wbghpvmdj66 >> Start >> 2020-07-18 02:00:27.161859

wbghpvmdj66 >> Image Returned >> 2020-07-18 02:00:27.167743

wbghpvmdj66 >> End >> 2020-07-18 02:00:27.305222

g6r62sp3iwr >> Start >> 2020-07-18 02:03:27.583105

g6r62sp3iwr >> Image Returned >> 2020-07-18 02:03:27.588298

g6r62sp3iwr >> End >> 2020-07-18 02:03:27.736434

ajg7yourpdh >> Start >> 2020-07-18 06:10:08.647808

ajg7yourpdh >> Image Returned >> 2020-07-18 06:10:08.651281

ajg7yourpdh >> End >> 2020-07-18 06:10:08.792853

6gjw5tdsccy >> Start >> 2020-07-18 07:45:42.724642

6gjw5tdsccy >> Image Returned >> 2020-07-18 07:45:42.728668

6gjw5tdsccy >> End >> 2020-07-18 07:45:42.867077

4efa47yu40z >> Start >> 2020-07-18 07:49:21.430821

4efa47yu40z >> Image Returned >> 2020-07-18 07:49:21.433520

4efa47yu40z >> End >> 2020-07-18 07:49:21.563425

eurq6a33ph5 >> Start >> 2020-07-18 07:54:56.926943

eurq6a33ph5 >> Image Returned >> 2020-07-18 07:54:56.929795

eurq6a33ph5 >> End >> 2020-07-18 07:54:57.067714

rayhccx58tv >> Start >> 2020-07-18 07:55:02.034804

rayhccx58tv >> Image Returned >> 2020-07-18 07:55:02.035106

rayhccx58tv >> End >> 2020-07-18 07:55:02.166752

vszrvpq6am6 >> Start >> 2020-07-18 08:23:34.846345

vszrvpq6am6 >> Image Returned >> 2020-07-18 08:23:34.846771

vszrvpq6am6 >> End >> 2020-07-18 08:23:34.980911

vva5icovfgy >> Start >> 2020-07-18 08:26:59.556370

vva5icovfgy >> Image Returned >> 2020-07-18 08:26:59.559500

vva5icovfgy >> End >> 2020-07-18 08:26:59.702753

5wdmkkou02e >> Start >> 2020-07-18 08:27:31.101461

5wdmkkou02e >> Image Returned >> 2020-07-18 08:27:31.103843

5wdmkkou02e >> End >> 2020-07-18 08:27:31.246733

meyih0b0gtz >> Start >> 2020-07-18 08:29:06.259398

meyih0b0gtz >> Image Returned >> 2020-07-18 08:29:06.262275

meyih0b0gtz >> End >> 2020-07-18 08:29:06.397742

2jhqma66feh >> Start >> 2020-07-18 08:36:56.034148

2jhqma66feh >> Image Returned >> 2020-07-18 08:36:56.036837

2jhqma66feh >> End >> 2020-07-18 08:36:56.174137

w0weebny884 >> Start >> 2020-07-18 09:11:33.109781

w0weebny884 >> Image Returned >> 2020-07-18 09:11:33.112246

w0weebny884 >> End >> 2020-07-18 09:11:33.253753

07nijmhyf4d >> Start >> 2020-07-18 09:31:39.626806

07nijmhyf4d >> Image Returned >> 2020-07-18 09:31:39.629309

07nijmhyf4d >> End >> 2020-07-18 09:31:39.769810

8hqeu4aq6d5 >> Start >> 2020-07-18 10:12:26.855906

8hqeu4aq6d5 >> Image Returned >> 2020-07-18 10:12:26.858907

8hqeu4aq6d5 >> End >> 2020-07-18 10:12:26.997145

jzwxprvwegm >> Start >> 2020-07-18 10:13:15.471703

jzwxprvwegm >> Image Returned >> 2020-07-18 10:13:15.475677

jzwxprvwegm >> End >> 2020-07-18 10:13:15.611129

obakpf3f0kd >> Start >> 2020-07-18 10:14:59.241341

obakpf3f0kd >> Image Returned >> 2020-07-18 10:14:59.244328

obakpf3f0kd >> End >> 2020-07-18 10:14:59.383696

npapjv0c36s >> Start >> 2020-07-18 10:20:54.789824

npapjv0c36s >> Image Returned >> 2020-07-18 10:20:54.792517

npapjv0c36s >> End >> 2020-07-18 10:20:54.931318

f0mex6f3xww >> Start >> 2020-07-18 10:22:07.116810

f0mex6f3xww >> Image Returned >> 2020-07-18 10:22:07.120134

f0mex6f3xww >> End >> 2020-07-18 10:22:07.281316

fu7mt5pcehu >> Start >> 2020-07-18 10:29:01.588016

fu7mt5pcehu >> Image Returned >> 2020-07-18 10:29:01.590800

fu7mt5pcehu >> End >> 2020-07-18 10:29:01.727058

q8mqfms0she >> Start >> 2020-07-18 10:30:49.591141

q8mqfms0she >> Image Returned >> 2020-07-18 10:30:49.594398

q8mqfms0she >> End >> 2020-07-18 10:30:49.732769

jq0u2h36ude >> Start >> 2020-07-18 10:33:26.201534

jq0u2h36ude >> Image Returned >> 2020-07-18 10:33:26.205426

jq0u2h36ude >> End >> 2020-07-18 10:33:26.344443

vu6vav4ax4c >> Start >> 2020-07-18 10:33:46.362225

vu6vav4ax4c >> Image Returned >> 2020-07-18 10:33:46.364928

vu6vav4ax4c >> End >> 2020-07-18 10:33:46.508847

46yogt5nf6m >> Start >> 2020-07-18 11:21:28.690041

46yogt5nf6m >> Image Returned >> 2020-07-18 11:21:28.692888

46yogt5nf6m >> End >> 2020-07-18 11:21:28.835730

h2qv4y5zj8v >> Start >> 2020-07-18 11:29:59.146131

h2qv4y5zj8v >> Image Returned >> 2020-07-18 11:29:59.148639

h2qv4y5zj8v >> End >> 2020-07-18 11:29:59.287323

svb2y55zuzm >> Start >> 2020-07-18 11:53:55.267231

svb2y55zuzm >> Image Returned >> 2020-07-18 11:53:55.269916

svb2y55zuzm >> End >> 2020-07-18 11:53:55.411350

0ipbc6gv7sm >> Start >> 2020-07-18 14:12:07.482943

0ipbc6gv7sm >> Image Returned >> 2020-07-18 14:12:07.485677

0ipbc6gv7sm >> End >> 2020-07-18 14:12:07.629358

6t2ho7fg8g2 >> Start >> 2020-07-18 14:12:34.870641

6t2ho7fg8g2 >> Image Returned >> 2020-07-18 14:12:34.873162

6t2ho7fg8g2 >> End >> 2020-07-18 14:12:35.019504

3as3rvgbd28 >> Start >> 2020-07-18 15:00:49.634953

3as3rvgbd28 >> Image Returned >> 2020-07-18 15:00:49.637654

3as3rvgbd28 >> End >> 2020-07-18 15:00:49.776712

ixa7ta2j4yo >> Start >> 2020-07-18 15:10:36.039524

ixa7ta2j4yo >> Image Returned >> 2020-07-18 15:10:36.042251

ixa7ta2j4yo >> End >> 2020-07-18 15:10:36.184016

dbyqbkszhi4 >> Start >> 2020-07-18 15:18:10.728750

dbyqbkszhi4 >> Image Returned >> 2020-07-18 15:18:10.732055

dbyqbkszhi4 >> End >> 2020-07-18 15:18:10.878211

k07675yh0j6 >> Start >> 2020-07-18 15:19:13.235702

k07675yh0j6 >> Image Returned >> 2020-07-18 15:19:13.238399

k07675yh0j6 >> End >> 2020-07-18 15:19:13.382972

80ke30rg2t0 >> Start >> 2020-07-18 15:27:36.984785

80ke30rg2t0 >> Image Returned >> 2020-07-18 15:27:36.988147

80ke30rg2t0 >> End >> 2020-07-18 15:27:37.131073

kv2by3us3cr >> Start >> 2020-07-18 15:35:14.548913

kv2by3us3cr >> Image Returned >> 2020-07-18 15:35:14.551487

kv2by3us3cr >> End >> 2020-07-18 15:35:14.699742

atrzpd40i25 >> Start >> 2020-07-18 15:37:39.410226

atrzpd40i25 >> Image Returned >> 2020-07-18 15:37:39.413001

atrzpd40i25 >> End >> 2020-07-18 15:37:39.554800

n33s4yzry5z >> Start >> 2020-07-18 15:52:31.273008

n33s4yzry5z >> Image Returned >> 2020-07-18 15:52:31.273432

n33s4yzry5z >> End >> 2020-07-18 15:52:31.414382

ohiwc06kscw >> Start >> 2020-07-18 15:53:52.162012

ohiwc06kscw >> Image Returned >> 2020-07-18 15:53:52.165309

ohiwc06kscw >> End >> 2020-07-18 15:53:52.300230

rdij3w7diz4 >> Start >> 2020-07-18 15:57:03.910021

rdij3w7diz4 >> Image Returned >> 2020-07-18 15:57:03.913734

rdij3w7diz4 >> End >> 2020-07-18 15:57:04.060904

d3j4ave0and >> Start >> 2020-07-18 15:57:08.191965

d3j4ave0and >> Image Returned >> 2020-07-18 15:57:08.192243

d3j4ave0and >> End >> 2020-07-18 15:57:08.333028

ba2yfnnyt2i >> Start >> 2020-07-18 15:59:04.165859

ba2yfnnyt2i >> Image Returned >> 2020-07-18 15:59:04.168777

ba2yfnnyt2i >> End >> 2020-07-18 15:59:04.313762

4k4v82fpicx >> Start >> 2020-07-18 16:13:52.409605

4k4v82fpicx >> Image Returned >> 2020-07-18 16:13:52.412224

4k4v82fpicx >> End >> 2020-07-18 16:13:52.548902

mzijoeaytc8 >> Start >> 2020-07-18 16:49:11.880630

mzijoeaytc8 >> Image Returned >> 2020-07-18 16:49:11.883363

mzijoeaytc8 >> End >> 2020-07-18 16:49:12.026573

2fom3rbih6e >> Start >> 2020-07-18 17:06:13.260211

2fom3rbih6e >> Image Returned >> 2020-07-18 17:06:13.263355

2fom3rbih6e >> End >> 2020-07-18 17:06:13.413108

6j6ddsywfij >> Start >> 2020-07-18 17:08:37.872543

6j6ddsywfij >> Image Returned >> 2020-07-18 17:08:37.876419

6j6ddsywfij >> End >> 2020-07-18 17:08:38.019103

s8u48j5entg >> Start >> 2020-07-18 17:20:06.991547

s8u48j5entg >> Image Returned >> 2020-07-18 17:20:06.995579

s8u48j5entg >> End >> 2020-07-18 17:20:07.137312

gytbse2q4wu >> Start >> 2020-07-18 17:23:47.381732

gytbse2q4wu >> Image Returned >> 2020-07-18 17:23:47.386028

gytbse2q4wu >> End >> 2020-07-18 17:23:47.522043

xuxffaxsy32 >> Start >> 2020-07-18 17:30:27.005390

xuxffaxsy32 >> Image Returned >> 2020-07-18 17:30:27.009115

xuxffaxsy32 >> End >> 2020-07-18 17:30:27.154006

ve64g5yr2bn >> Start >> 2020-07-18 17:30:30.386286

ve64g5yr2bn >> Image Returned >> 2020-07-18 17:30:30.386563

ve64g5yr2bn >> End >> 2020-07-18 17:30:30.529977

w6w252riotr >> Start >> 2020-07-18 17:31:46.626691

w6w252riotr >> Image Returned >> 2020-07-18 17:31:46.629407

w6w252riotr >> End >> 2020-07-18 17:31:46.776320

ceqbde8zhfw >> Start >> 2020-07-18 17:35:13.514322

ceqbde8zhfw >> Image Returned >> 2020-07-18 17:35:13.517889

ceqbde8zhfw >> End >> 2020-07-18 17:35:13.659969

dtb2zx7z672 >> Start >> 2020-07-18 17:36:32.855314

dtb2zx7z672 >> Image Returned >> 2020-07-18 17:36:32.858370

dtb2zx7z672 >> End >> 2020-07-18 17:36:33.000855

ap3afhqdxqo >> Start >> 2020-07-18 18:15:22.175829

ap3afhqdxqo >> Image Returned >> 2020-07-18 18:15:22.180308

ap3afhqdxqo >> End >> 2020-07-18 18:15:22.319808

c6nyn3836i7 >> Start >> 2020-07-18 18:20:15.261109

c6nyn3836i7 >> Image Returned >> 2020-07-18 18:20:15.265070

c6nyn3836i7 >> End >> 2020-07-18 18:20:15.411796

7ojtcg6y3gd >> Start >> 2020-07-18 18:33:39.756606

7ojtcg6y3gd >> Image Returned >> 2020-07-18 18:33:39.761152

7ojtcg6y3gd >> End >> 2020-07-18 18:33:39.903717

2v688pyjrgd >> Start >> 2020-07-18 18:49:02.446991

2v688pyjrgd >> Image Returned >> 2020-07-18 18:49:02.449721

2v688pyjrgd >> End >> 2020-07-18 18:49:02.587162

mwjjioiyky7 >> Start >> 2020-07-18 18:55:14.718422

mwjjioiyky7 >> Image Returned >> 2020-07-18 18:55:14.722126

mwjjioiyky7 >> End >> 2020-07-18 18:55:14.865263

4zczwp5f0x3 >> Start >> 2020-07-18 19:12:29.686057

4zczwp5f0x3 >> Image Returned >> 2020-07-18 19:12:29.689641

4zczwp5f0x3 >> End >> 2020-07-18 19:12:29.830008

kihsph57x6o >> Start >> 2020-07-18 19:29:03.619126

kihsph57x6o >> Image Returned >> 2020-07-18 19:29:03.622417

kihsph57x6o >> End >> 2020-07-18 19:29:03.763577

433pjy0mwv7 >> Start >> 2020-07-18 19:31:35.426589

433pjy0mwv7 >> Image Returned >> 2020-07-18 19:31:35.429656

433pjy0mwv7 >> End >> 2020-07-18 19:31:35.576714

7tmdmcvtdpi >> Start >> 2020-07-18 19:35:32.759809

7tmdmcvtdpi >> Image Returned >> 2020-07-18 19:35:32.763809

7tmdmcvtdpi >> End >> 2020-07-18 19:35:32.906821

nh8zgw4kzn4 >> Start >> 2020-07-18 19:53:42.090857

nh8zgw4kzn4 >> Image Returned >> 2020-07-18 19:53:42.094252

nh8zgw4kzn4 >> End >> 2020-07-18 19:53:42.229757

5scaz8b488p >> Start >> 2020-07-18 20:14:15.801625

5scaz8b488p >> Image Returned >> 2020-07-18 20:14:15.804986

5scaz8b488p >> End >> 2020-07-18 20:14:15.939743

i0t6g8n5e0f >> Start >> 2020-07-18 20:14:24.794032

i0t6g8n5e0f >> Image Returned >> 2020-07-18 20:14:24.794373

i0t6g8n5e0f >> End >> 2020-07-18 20:14:24.933222

ofc6xnjgw4b >> Start >> 2020-07-18 20:15:29.563638

ofc6xnjgw4b >> Image Returned >> 2020-07-18 20:15:29.566776

ofc6xnjgw4b >> End >> 2020-07-18 20:15:29.704701

emnbadyx3go >> Start >> 2020-07-18 20:17:21.968734

emnbadyx3go >> Image Returned >> 2020-07-18 20:17:21.972112

emnbadyx3go >> End >> 2020-07-18 20:17:22.101501

ntzgkxw8ie0 >> Start >> 2020-07-18 20:18:14.787957

ntzgkxw8ie0 >> Image Returned >> 2020-07-18 20:18:14.791115

ntzgkxw8ie0 >> End >> 2020-07-18 20:18:14.935740

dyk6sakn3qo >> Start >> 2020-07-18 20:18:28.051094

dyk6sakn3qo >> Image Returned >> 2020-07-18 20:18:28.053989

dyk6sakn3qo >> End >> 2020-07-18 20:18:28.196265

fmm7h4xkqmp >> Start >> 2020-07-18 20:20:32.039165

fmm7h4xkqmp >> Image Returned >> 2020-07-18 20:20:32.041924

fmm7h4xkqmp >> End >> 2020-07-18 20:20:32.183728

gno44b260df >> Start >> 2020-07-18 20:20:41.728663

gno44b260df >> Image Returned >> 2020-07-18 20:20:41.728962

gno44b260df >> End >> 2020-07-18 20:20:41.866719

v8hy2fu0qv7 >> Start >> 2020-07-18 21:04:47.379331

v8hy2fu0qv7 >> Image Returned >> 2020-07-18 21:04:47.383249

v8hy2fu0qv7 >> End >> 2020-07-18 21:04:47.543140

6gkfse8kozw >> Start >> 2020-07-18 21:23:54.532041

6gkfse8kozw >> Image Returned >> 2020-07-18 21:23:54.537442

6gkfse8kozw >> End >> 2020-07-18 21:23:54.678020

vbhpga7pshg >> Start >> 2020-07-18 22:11:03.690363

vbhpga7pshg >> Image Returned >> 2020-07-18 22:11:03.693335

vbhpga7pshg >> End >> 2020-07-18 22:11:03.838442

oqw6wxnikuc >> Start >> 2020-07-18 22:15:04.615226

oqw6wxnikuc >> Image Returned >> 2020-07-18 22:15:04.619291

oqw6wxnikuc >> End >> 2020-07-18 22:15:04.767649

23jqjgj0emq >> Start >> 2020-07-18 23:15:21.214124

23jqjgj0emq >> Image Returned >> 2020-07-18 23:15:21.218152

23jqjgj0emq >> End >> 2020-07-18 23:15:21.361687

npmtesbgrr7 >> Start >> 2020-07-18 23:22:47.583800

npmtesbgrr7 >> Image Returned >> 2020-07-18 23:22:47.587398

npmtesbgrr7 >> End >> 2020-07-18 23:22:47.729552

hsmeu2niw4w >> Start >> 2020-07-18 23:34:44.748359

hsmeu2niw4w >> Image Returned >> 2020-07-18 23:34:44.751781

hsmeu2niw4w >> End >> 2020-07-18 23:34:44.892951

xd05ym8feyc >> Start >> 2020-07-18 23:35:04.609827

xd05ym8feyc >> Image Returned >> 2020-07-18 23:35:04.613125

xd05ym8feyc >> End >> 2020-07-18 23:35:04.751813

kxnkwk7iiuy >> Start >> 2020-07-18 23:35:34.756185

kxnkwk7iiuy >> Image Returned >> 2020-07-18 23:35:34.759403

kxnkwk7iiuy >> End >> 2020-07-18 23:35:34.895700

