37dvfg6t2jq >> Start >> 2020-06-03 03:31:51.888334

37dvfg6t2jq >> Image Returned >> 2020-06-03 03:31:51.903117

37dvfg6t2jq >> End >> 2020-06-03 03:31:51.917072

umrim20ynzg >> Start >> 2020-06-03 09:53:14.148979

umrim20ynzg >> Image Returned >> 2020-06-03 09:53:14.154829

umrim20ynzg >> End >> 2020-06-03 09:53:14.169508

v5hgqtimbvz >> Start >> 2020-06-03 10:09:49.323374

v5hgqtimbvz >> Image Returned >> 2020-06-03 10:09:49.326997

v5hgqtimbvz >> End >> 2020-06-03 10:09:49.337718

zc2cotkk7eu >> Start >> 2020-06-03 12:05:54.939707

zc2cotkk7eu >> Image Returned >> 2020-06-03 12:05:54.943741

zc2cotkk7eu >> End >> 2020-06-03 12:05:54.955207

0asbxotd5vj >> Start >> 2020-06-03 14:25:40.237274

0asbxotd5vj >> Image Returned >> 2020-06-03 14:25:40.240844

0asbxotd5vj >> End >> 2020-06-03 14:25:40.250808

bmnpsfkeb2j >> Start >> 2020-06-03 14:29:16.287939

bmnpsfkeb2j >> Image Returned >> 2020-06-03 14:29:16.291811

bmnpsfkeb2j >> End >> 2020-06-03 14:29:16.304377

8i8cf025846 >> Start >> 2020-06-03 15:25:45.532839

8i8cf025846 >> Image Returned >> 2020-06-03 15:25:45.536297

8i8cf025846 >> End >> 2020-06-03 15:25:45.548269

38wu2q042rj >> Start >> 2020-06-03 17:32:52.707494

38wu2q042rj >> Image Returned >> 2020-06-03 17:32:52.709870

38wu2q042rj >> End >> 2020-06-03 17:32:52.719749

kem0ougakyk >> Start >> 2020-06-03 17:35:32.827735

kem0ougakyk >> Image Returned >> 2020-06-03 17:35:32.830219

kem0ougakyk >> End >> 2020-06-03 17:35:32.841006

4p5xm7xojri >> Start >> 2020-06-03 18:27:36.162178

4p5xm7xojri >> Image Returned >> 2020-06-03 18:27:36.164653

4p5xm7xojri >> End >> 2020-06-03 18:27:36.174684

y3fwk24n3y5 >> Start >> 2020-06-03 18:27:57.587637

y3fwk24n3y5 >> Image Returned >> 2020-06-03 18:27:57.589916

y3fwk24n3y5 >> End >> 2020-06-03 18:27:57.599466

d4aw3g5zds8 >> Start >> 2020-06-03 19:03:49.815886

d4aw3g5zds8 >> Image Returned >> 2020-06-03 19:03:49.818543

d4aw3g5zds8 >> End >> 2020-06-03 19:03:49.828005

oyn0cgkvnhc >> Start >> 2020-06-03 19:43:42.473793

oyn0cgkvnhc >> Image Returned >> 2020-06-03 19:43:42.476954

oyn0cgkvnhc >> End >> 2020-06-03 19:43:42.488039

y04xho62oo0 >> Start >> 2020-06-03 19:45:55.284683

y04xho62oo0 >> Image Returned >> 2020-06-03 19:45:55.287303

y04xho62oo0 >> End >> 2020-06-03 19:45:55.297938

4prx85ksi42 >> Start >> 2020-06-03 20:12:56.213219

4prx85ksi42 >> Image Returned >> 2020-06-03 20:12:56.216566

4prx85ksi42 >> End >> 2020-06-03 20:12:56.231256

poi527haytd >> Start >> 2020-06-03 21:47:43.701445

poi527haytd >> Image Returned >> 2020-06-03 21:47:43.705235

poi527haytd >> End >> 2020-06-03 21:47:43.713902

6iwujpurncn >> Start >> 2020-06-03 21:55:19.575930

6iwujpurncn >> Image Returned >> 2020-06-03 21:55:19.578753

6iwujpurncn >> End >> 2020-06-03 21:55:19.586724

