umckmk6h8ho >> Start >> 2020-07-27 00:00:07.191442

umckmk6h8ho >> Image Returned >> 2020-07-27 00:00:07.196829

umckmk6h8ho >> End >> 2020-07-27 00:00:07.331136

anh5cvje2dn >> Start >> 2020-07-27 00:05:17.050048

anh5cvje2dn >> Image Returned >> 2020-07-27 00:05:17.056505

anh5cvje2dn >> End >> 2020-07-27 00:05:17.200135

qtkctfrj8fy >> Start >> 2020-07-27 01:17:05.622725

qtkctfrj8fy >> Image Returned >> 2020-07-27 01:17:05.627228

qtkctfrj8fy >> End >> 2020-07-27 01:17:05.751946

w0jy2ft4aoj >> Start >> 2020-07-27 04:58:17.779216

w0jy2ft4aoj >> Image Returned >> 2020-07-27 04:58:17.783551

ypz0ftm3grp >> Start >> 2020-07-27 04:58:17.987654

ypz0ftm3grp >> Image Returned >> 2020-07-27 04:58:17.991611

w0jy2ft4aoj >> End >> 2020-07-27 04:58:17.993616

ypz0ftm3grp >> End >> 2020-07-27 04:58:18.133696

hbqe7euro7e >> Start >> 2020-07-27 05:08:42.899180

hbqe7euro7e >> Image Returned >> 2020-07-27 05:08:42.903192

hbqe7euro7e >> End >> 2020-07-27 05:08:43.112823

b85eyrzgxu3 >> Start >> 2020-07-27 05:14:46.675266

b85eyrzgxu3 >> Image Returned >> 2020-07-27 05:14:46.680085

b85eyrzgxu3 >> End >> 2020-07-27 05:14:46.818053

6mzibp4dex0 >> Start >> 2020-07-27 05:45:07.942338

6mzibp4dex0 >> Image Returned >> 2020-07-27 05:45:07.946912

6mzibp4dex0 >> End >> 2020-07-27 05:45:08.091661

qcv8g7ccphw >> Start >> 2020-07-27 06:11:35.928431

qcv8g7ccphw >> Image Returned >> 2020-07-27 06:11:35.932034

qcv8g7ccphw >> End >> 2020-07-27 06:11:36.067370

vfnf20iwq6h >> Start >> 2020-07-27 06:25:16.591903

vfnf20iwq6h >> Image Returned >> 2020-07-27 06:25:16.596232

vfnf20iwq6h >> End >> 2020-07-27 06:25:16.744915

0huqrzew7yd >> Start >> 2020-07-27 06:32:17.858354

0huqrzew7yd >> Image Returned >> 2020-07-27 06:32:17.863922

0huqrzew7yd >> End >> 2020-07-27 06:32:18.003523

gindy02gkiu >> Start >> 2020-07-27 06:32:39.048710

gindy02gkiu >> Image Returned >> 2020-07-27 06:32:39.052423

gindy02gkiu >> End >> 2020-07-27 06:32:39.177673

wjg6zj8zu4r >> Start >> 2020-07-27 06:44:06.524116

wjg6zj8zu4r >> Image Returned >> 2020-07-27 06:44:06.528479

wjg6zj8zu4r >> End >> 2020-07-27 06:44:06.731647

mhj0amwp37p >> Start >> 2020-07-27 06:48:57.355345

mhj0amwp37p >> Image Returned >> 2020-07-27 06:48:57.359694

mhj0amwp37p >> End >> 2020-07-27 06:48:57.528038

7tcpax4hogp >> Start >> 2020-07-27 06:49:37.033186

7tcpax4hogp >> Image Returned >> 2020-07-27 06:49:37.036583

7tcpax4hogp >> End >> 2020-07-27 06:49:37.173901

6f04xgcg0xu >> Start >> 2020-07-27 07:04:25.936461

6f04xgcg0xu >> Image Returned >> 2020-07-27 07:04:25.941983

6f04xgcg0xu >> End >> 2020-07-27 07:04:26.083384

br6nbwj220n >> Start >> 2020-07-27 07:24:28.228487

br6nbwj220n >> Image Returned >> 2020-07-27 07:24:28.233124

br6nbwj220n >> End >> 2020-07-27 07:24:28.376600

8psbitxf0ss >> Start >> 2020-07-27 07:25:12.378863

8psbitxf0ss >> Image Returned >> 2020-07-27 07:25:12.383019

8psbitxf0ss >> End >> 2020-07-27 07:25:12.519417

xsb5koujtoy >> Start >> 2020-07-27 07:37:59.137203

xsb5koujtoy >> Image Returned >> 2020-07-27 07:37:59.143770

xsb5koujtoy >> End >> 2020-07-27 07:37:59.280955

esfqh25gnw8 >> Start >> 2020-07-27 07:41:10.829688

esfqh25gnw8 >> Image Returned >> 2020-07-27 07:41:10.835659

esfqh25gnw8 >> End >> 2020-07-27 07:41:10.967739

8eqibpz78ku >> Start >> 2020-07-27 07:45:26.965130

8eqibpz78ku >> Image Returned >> 2020-07-27 07:45:26.970529

8eqibpz78ku >> End >> 2020-07-27 07:45:27.114037

ky7hin785dg >> Start >> 2020-07-27 07:50:47.185899

ky7hin785dg >> Image Returned >> 2020-07-27 07:50:47.192202

ky7hin785dg >> End >> 2020-07-27 07:50:47.328481

42wymtxgfk4 >> Start >> 2020-07-27 08:05:55.847287

42wymtxgfk4 >> Image Returned >> 2020-07-27 08:05:55.853410

42wymtxgfk4 >> End >> 2020-07-27 08:05:55.995768

w3ihxhk7k6q >> Start >> 2020-07-27 08:06:31.259424

w3ihxhk7k6q >> Image Returned >> 2020-07-27 08:06:31.262746

w3ihxhk7k6q >> End >> 2020-07-27 08:06:31.400271

vq3hhzt2nog >> Start >> 2020-07-27 08:32:54.817403

vq3hhzt2nog >> Image Returned >> 2020-07-27 08:32:54.822643

vq3hhzt2nog >> End >> 2020-07-27 08:32:54.960809

eaofp7d5bp3 >> Start >> 2020-07-27 08:42:55.797665

eaofp7d5bp3 >> Image Returned >> 2020-07-27 08:42:55.801836

eaofp7d5bp3 >> End >> 2020-07-27 08:42:55.935194

babmx4gomav >> Start >> 2020-07-27 09:08:22.298870

babmx4gomav >> Image Returned >> 2020-07-27 09:08:22.302680

babmx4gomav >> End >> 2020-07-27 09:08:22.426145

st20vyoeyib >> Start >> 2020-07-27 09:25:21.875266

st20vyoeyib >> Image Returned >> 2020-07-27 09:25:21.879281

st20vyoeyib >> End >> 2020-07-27 09:25:22.020909

kqnhhhech0e >> Start >> 2020-07-27 09:28:48.892323

kqnhhhech0e >> Image Returned >> 2020-07-27 09:28:48.898530

kqnhhhech0e >> End >> 2020-07-27 09:28:49.037580

28fzb4v8ixo >> Start >> 2020-07-27 09:34:08.584844

28fzb4v8ixo >> Image Returned >> 2020-07-27 09:34:08.588308

28fzb4v8ixo >> End >> 2020-07-27 09:34:08.736753

ukru420d4km >> Start >> 2020-07-27 09:34:22.289907

ukru420d4km >> Image Returned >> 2020-07-27 09:34:22.293315

ukru420d4km >> End >> 2020-07-27 09:34:22.432002

wknynmvsf7s >> Start >> 2020-07-27 09:45:50.435188

wknynmvsf7s >> Image Returned >> 2020-07-27 09:45:50.439811

wknynmvsf7s >> End >> 2020-07-27 09:45:50.579631

3gokjcvnwjx >> Start >> 2020-07-27 09:59:54.006402

3gokjcvnwjx >> Image Returned >> 2020-07-27 09:59:54.011509

3gokjcvnwjx >> End >> 2020-07-27 09:59:54.151954

szwvwq66atg >> Start >> 2020-07-27 10:17:44.283054

szwvwq66atg >> Image Returned >> 2020-07-27 10:17:44.287451

szwvwq66atg >> End >> 2020-07-27 10:17:44.426407

57bwykzaccc >> Start >> 2020-07-27 10:27:22.627315

57bwykzaccc >> Image Returned >> 2020-07-27 10:27:22.632425

57bwykzaccc >> End >> 2020-07-27 10:27:22.775827

sna7gr8gv52 >> Start >> 2020-07-27 10:39:04.589905

sna7gr8gv52 >> Image Returned >> 2020-07-27 10:39:04.595475

sna7gr8gv52 >> End >> 2020-07-27 10:39:04.733100

rqhm2uh7h2u >> Start >> 2020-07-27 10:39:31.003958

rqhm2uh7h2u >> Image Returned >> 2020-07-27 10:39:31.007378

rqhm2uh7h2u >> End >> 2020-07-27 10:39:31.148857

ac64viwkaeb >> Start >> 2020-07-27 10:50:52.127481

ac64viwkaeb >> Image Returned >> 2020-07-27 10:50:52.132957

ac64viwkaeb >> End >> 2020-07-27 10:50:52.268845

bn30cpjapx4 >> Start >> 2020-07-27 10:53:28.004210

bn30cpjapx4 >> Image Returned >> 2020-07-27 10:53:28.007761

bn30cpjapx4 >> End >> 2020-07-27 10:53:28.139667

o5atqquovza >> Start >> 2020-07-27 10:56:36.589649

o5atqquovza >> Image Returned >> 2020-07-27 10:56:36.595573

o5atqquovza >> End >> 2020-07-27 10:56:36.735691

ryui2yhn7gx >> Start >> 2020-07-27 10:57:56.119612

ryui2yhn7gx >> Image Returned >> 2020-07-27 10:57:56.124382

ryui2yhn7gx >> End >> 2020-07-27 10:57:56.264715

7kk6bw4ytac >> Start >> 2020-07-27 10:58:39.210931

7kk6bw4ytac >> Image Returned >> 2020-07-27 10:58:39.214406

7kk6bw4ytac >> End >> 2020-07-27 10:58:39.360224

0yaenwrja4r >> Start >> 2020-07-27 10:59:28.299304

0yaenwrja4r >> Image Returned >> 2020-07-27 10:59:28.303576

0yaenwrja4r >> End >> 2020-07-27 10:59:28.444981

e3vxn737kmi >> Start >> 2020-07-27 10:59:43.942377

e3vxn737kmi >> Image Returned >> 2020-07-27 10:59:43.946558

e3vxn737kmi >> End >> 2020-07-27 10:59:44.095652

usiztdrxnu3 >> Start >> 2020-07-27 11:07:05.750905

usiztdrxnu3 >> Image Returned >> 2020-07-27 11:07:05.756505

usiztdrxnu3 >> End >> 2020-07-27 11:07:05.909287

wdt3rmne6u4 >> Start >> 2020-07-27 11:18:13.563317

wdt3rmne6u4 >> Image Returned >> 2020-07-27 11:18:13.568625

wdt3rmne6u4 >> End >> 2020-07-27 11:18:13.713027

wssbqh5tagh >> Start >> 2020-07-27 11:22:20.208920

wssbqh5tagh >> Image Returned >> 2020-07-27 11:22:20.212400

wssbqh5tagh >> End >> 2020-07-27 11:22:20.354748

yf7j6p8yhni >> Start >> 2020-07-27 11:23:05.600804

yf7j6p8yhni >> Image Returned >> 2020-07-27 11:23:05.604895

yf7j6p8yhni >> End >> 2020-07-27 11:23:05.756494

kum7naq5f0o >> Start >> 2020-07-27 11:39:09.268579

kum7naq5f0o >> Image Returned >> 2020-07-27 11:39:09.272676

kum7naq5f0o >> End >> 2020-07-27 11:39:09.407601

kiyekihcv5i >> Start >> 2020-07-27 11:49:26.398505

kiyekihcv5i >> Image Returned >> 2020-07-27 11:49:26.402925

kiyekihcv5i >> End >> 2020-07-27 11:49:26.544536

e0tnzc5ffdr >> Start >> 2020-07-27 11:49:48.579803

e0tnzc5ffdr >> Image Returned >> 2020-07-27 11:49:48.583967

e0tnzc5ffdr >> End >> 2020-07-27 11:49:48.726064

k8rsvdwbfe2 >> Start >> 2020-07-27 12:12:07.518502

k8rsvdwbfe2 >> Image Returned >> 2020-07-27 12:12:07.522509

k8rsvdwbfe2 >> End >> 2020-07-27 12:12:07.660631

u4ht5vqmt2d >> Start >> 2020-07-27 12:15:19.732369

u4ht5vqmt2d >> Image Returned >> 2020-07-27 12:15:19.737041

u4ht5vqmt2d >> End >> 2020-07-27 12:15:19.888422

0zxa0zm02v6 >> Start >> 2020-07-27 13:05:04.465909

0zxa0zm02v6 >> Image Returned >> 2020-07-27 13:05:04.471431

0zxa0zm02v6 >> End >> 2020-07-27 13:05:04.618292

ncaobk42roj >> Start >> 2020-07-27 13:05:11.389894

ncaobk42roj >> Image Returned >> 2020-07-27 13:05:11.390189

ncaobk42roj >> End >> 2020-07-27 13:05:11.530050

50av47s6nh6 >> Start >> 2020-07-27 13:16:34.805250

50av47s6nh6 >> Image Returned >> 2020-07-27 13:16:34.808837

50av47s6nh6 >> End >> 2020-07-27 13:16:34.950385

6gx6c2o7bm4 >> Start >> 2020-07-27 13:24:42.757147

6gx6c2o7bm4 >> Image Returned >> 2020-07-27 13:24:42.760679

6gx6c2o7bm4 >> End >> 2020-07-27 13:24:42.906541

yvtab3n7p5p >> Start >> 2020-07-27 13:25:21.188797

yvtab3n7p5p >> Image Returned >> 2020-07-27 13:25:21.194752

yvtab3n7p5p >> End >> 2020-07-27 13:25:21.331183

8y6p85je7da >> Start >> 2020-07-27 13:25:47.124819

8y6p85je7da >> Image Returned >> 2020-07-27 13:25:47.128420

8y6p85je7da >> End >> 2020-07-27 13:25:47.276411

rm345bronhh >> Start >> 2020-07-27 13:27:06.540559

rm345bronhh >> Image Returned >> 2020-07-27 13:27:06.545047

rm345bronhh >> End >> 2020-07-27 13:27:06.689066

bwdh7oshwth >> Start >> 2020-07-27 13:31:15.776351

bwdh7oshwth >> Image Returned >> 2020-07-27 13:31:15.779905

bwdh7oshwth >> End >> 2020-07-27 13:31:15.917790

p72r3wwmq7r >> Start >> 2020-07-27 13:31:43.966353

p72r3wwmq7r >> Image Returned >> 2020-07-27 13:31:43.969758

p72r3wwmq7r >> End >> 2020-07-27 13:31:44.105818

bmw2idie0tz >> Start >> 2020-07-27 13:39:22.401981

bmw2idie0tz >> Image Returned >> 2020-07-27 13:39:22.406264

bmw2idie0tz >> End >> 2020-07-27 13:39:22.542530

5t4wvay7d5c >> Start >> 2020-07-27 13:40:20.599575

5t4wvay7d5c >> Image Returned >> 2020-07-27 13:40:20.604114

5t4wvay7d5c >> End >> 2020-07-27 13:40:20.746093

ygv5ictaazh >> Start >> 2020-07-27 13:48:15.543840

ygv5ictaazh >> Image Returned >> 2020-07-27 13:48:15.548598

ygv5ictaazh >> End >> 2020-07-27 13:48:15.691821

qqwzydo45hg >> Start >> 2020-07-27 13:50:16.613394

qqwzydo45hg >> Image Returned >> 2020-07-27 13:50:16.617057

qqwzydo45hg >> End >> 2020-07-27 13:50:16.755981

0oqx3tds4zc >> Start >> 2020-07-27 13:56:12.727802

0oqx3tds4zc >> Image Returned >> 2020-07-27 13:56:12.731416

0oqx3tds4zc >> End >> 2020-07-27 13:56:12.872592

g6yvwe3cpbz >> Start >> 2020-07-27 14:07:27.176039

g6yvwe3cpbz >> Image Returned >> 2020-07-27 14:07:27.182645

g6yvwe3cpbz >> End >> 2020-07-27 14:07:27.331181

22optz5wxxa >> Start >> 2020-07-27 14:08:56.148704

22optz5wxxa >> Image Returned >> 2020-07-27 14:08:56.153693

22optz5wxxa >> End >> 2020-07-27 14:08:56.298052

c2jiz5wcphi >> Start >> 2020-07-27 14:10:05.004766

c2jiz5wcphi >> Image Returned >> 2020-07-27 14:10:05.008547

c2jiz5wcphi >> End >> 2020-07-27 14:10:05.161308

uhddhwub57r >> Start >> 2020-07-27 14:29:47.593797

uhddhwub57r >> Image Returned >> 2020-07-27 14:29:47.598263

uhddhwub57r >> End >> 2020-07-27 14:29:47.723382

exashffioae >> Start >> 2020-07-27 14:30:28.785058

exashffioae >> Image Returned >> 2020-07-27 14:30:28.791583

exashffioae >> End >> 2020-07-27 14:30:28.933101

0vkhhpgyg75 >> Start >> 2020-07-27 14:31:06.055233

0vkhhpgyg75 >> Image Returned >> 2020-07-27 14:31:06.058732

0vkhhpgyg75 >> End >> 2020-07-27 14:31:06.197612

4s0aarnj3ri >> Start >> 2020-07-27 14:39:08.244904

4s0aarnj3ri >> Image Returned >> 2020-07-27 14:39:08.251863

4s0aarnj3ri >> End >> 2020-07-27 14:39:08.401150

ro3vpnec6af >> Start >> 2020-07-27 14:41:32.542392

ro3vpnec6af >> Image Returned >> 2020-07-27 14:41:32.547128

ro3vpnec6af >> End >> 2020-07-27 14:41:32.683176

7kjt0sfbsbx >> Start >> 2020-07-27 14:51:50.389314

7kjt0sfbsbx >> Image Returned >> 2020-07-27 14:51:50.392951

7kjt0sfbsbx >> End >> 2020-07-27 14:51:50.533087

ey4tjfgtyo7 >> Start >> 2020-07-27 15:14:20.927253

ey4tjfgtyo7 >> Image Returned >> 2020-07-27 15:14:20.931377

ey4tjfgtyo7 >> End >> 2020-07-27 15:14:21.070482

bezybwns78m >> Start >> 2020-07-27 15:20:11.139048

bezybwns78m >> Image Returned >> 2020-07-27 15:20:11.144012

bezybwns78m >> End >> 2020-07-27 15:20:11.283365

po3eijakarb >> Start >> 2020-07-27 15:24:54.976911

po3eijakarb >> Image Returned >> 2020-07-27 15:24:54.980514

po3eijakarb >> End >> 2020-07-27 15:24:55.122503

w3jnui2g0o7 >> Start >> 2020-07-27 15:26:05.477128

w3jnui2g0o7 >> Image Returned >> 2020-07-27 15:26:05.482222

w3jnui2g0o7 >> End >> 2020-07-27 15:26:05.630259

ffguhhfrw2f >> Start >> 2020-07-27 15:54:49.135757

ffguhhfrw2f >> Image Returned >> 2020-07-27 15:54:49.139278

ffguhhfrw2f >> End >> 2020-07-27 15:54:49.279530

0fy3mqud8xg >> Start >> 2020-07-27 15:56:48.885004

0fy3mqud8xg >> Image Returned >> 2020-07-27 15:56:48.888811

0fy3mqud8xg >> End >> 2020-07-27 15:56:49.028254

84muyswam7p >> Start >> 2020-07-27 16:00:15.627387

84muyswam7p >> Image Returned >> 2020-07-27 16:00:15.631833

84muyswam7p >> End >> 2020-07-27 16:00:15.778531

ekb7da0semp >> Start >> 2020-07-27 16:04:32.150732

ekb7da0semp >> Image Returned >> 2020-07-27 16:04:32.154428

ekb7da0semp >> End >> 2020-07-27 16:04:32.290524

jgejva3stjh >> Start >> 2020-07-27 16:05:00.296186

jgejva3stjh >> Image Returned >> 2020-07-27 16:05:00.300218

jgejva3stjh >> End >> 2020-07-27 16:05:00.444204

52w8a5u88qi >> Start >> 2020-07-27 16:05:40.070823

52w8a5u88qi >> Image Returned >> 2020-07-27 16:05:40.074290

52w8a5u88qi >> End >> 2020-07-27 16:05:40.213675

zh6v56dvdrs >> Start >> 2020-07-27 16:12:59.101610

zh6v56dvdrs >> Image Returned >> 2020-07-27 16:12:59.106467

zh6v56dvdrs >> End >> 2020-07-27 16:12:59.250109

7j85cemouzc >> Start >> 2020-07-27 16:18:12.295531

7j85cemouzc >> Image Returned >> 2020-07-27 16:18:12.300403

7j85cemouzc >> End >> 2020-07-27 16:18:12.431453

32odzv82mf8 >> Start >> 2020-07-27 16:21:21.391361

32odzv82mf8 >> Image Returned >> 2020-07-27 16:21:21.395549

32odzv82mf8 >> End >> 2020-07-27 16:21:21.540652

tq7mquzrmye >> Start >> 2020-07-27 16:30:17.648668

tq7mquzrmye >> Image Returned >> 2020-07-27 16:30:17.652719

tq7mquzrmye >> End >> 2020-07-27 16:30:17.796304

3442pog0zng >> Start >> 2020-07-27 16:47:54.486707

3442pog0zng >> Image Returned >> 2020-07-27 16:47:54.490823

3442pog0zng >> End >> 2020-07-27 16:47:54.629297

gh4xiyjbbu8 >> Start >> 2020-07-27 17:08:08.593136

gh4xiyjbbu8 >> Image Returned >> 2020-07-27 17:08:08.597810

gh4xiyjbbu8 >> End >> 2020-07-27 17:08:08.753804

y0a30nm4on7 >> Start >> 2020-07-27 17:22:50.029819

y0a30nm4on7 >> Image Returned >> 2020-07-27 17:22:50.033169

y0a30nm4on7 >> End >> 2020-07-27 17:22:50.187283

rdq5c0nqcwh >> Start >> 2020-07-27 17:41:34.526559

rdq5c0nqcwh >> Image Returned >> 2020-07-27 17:41:34.530085

rdq5c0nqcwh >> End >> 2020-07-27 17:41:34.671156

m5ui6fwkdb8 >> Start >> 2020-07-27 18:08:49.596334

m5ui6fwkdb8 >> Image Returned >> 2020-07-27 18:08:49.600353

m5ui6fwkdb8 >> End >> 2020-07-27 18:08:49.730026

7tiqj0apnpq >> Start >> 2020-07-27 18:11:02.068897

7tiqj0apnpq >> Image Returned >> 2020-07-27 18:11:02.072329

7tiqj0apnpq >> End >> 2020-07-27 18:11:02.206840

82tupfkhgii >> Start >> 2020-07-27 18:14:28.807351

82tupfkhgii >> Image Returned >> 2020-07-27 18:14:28.811252

82tupfkhgii >> End >> 2020-07-27 18:14:28.950598

dj42hpzrw2r >> Start >> 2020-07-27 18:16:43.516468

dj42hpzrw2r >> Image Returned >> 2020-07-27 18:16:43.520155

dj42hpzrw2r >> End >> 2020-07-27 18:16:43.660449

rv6idnykhpq >> Start >> 2020-07-27 18:17:01.730659

rv6idnykhpq >> Image Returned >> 2020-07-27 18:17:01.734600

rv6idnykhpq >> End >> 2020-07-27 18:17:01.874260

4sjosvjjo8i >> Start >> 2020-07-27 18:18:09.429667

4sjosvjjo8i >> Image Returned >> 2020-07-27 18:18:09.433583

4sjosvjjo8i >> End >> 2020-07-27 18:18:09.569861

rhmejo82co2 >> Start >> 2020-07-27 18:21:02.691149

rhmejo82co2 >> Image Returned >> 2020-07-27 18:21:02.695246

rhmejo82co2 >> End >> 2020-07-27 18:21:02.836399

eqkahb40bsk >> Start >> 2020-07-27 18:25:15.262671

eqkahb40bsk >> Image Returned >> 2020-07-27 18:25:15.266277

eqkahb40bsk >> End >> 2020-07-27 18:25:15.413410

wbcoxuuvkuc >> Start >> 2020-07-27 18:25:48.175839

wbcoxuuvkuc >> Image Returned >> 2020-07-27 18:25:48.179033

wbcoxuuvkuc >> End >> 2020-07-27 18:25:48.321016

4vzzome8of8 >> Start >> 2020-07-27 18:41:00.260951

4vzzome8of8 >> Image Returned >> 2020-07-27 18:41:00.265291

4vzzome8of8 >> End >> 2020-07-27 18:41:00.414738

n4u2besc6ka >> Start >> 2020-07-27 18:47:02.684680

n4u2besc6ka >> Image Returned >> 2020-07-27 18:47:02.688179

n4u2besc6ka >> End >> 2020-07-27 18:47:02.827977

u4zbehyiqpt >> Start >> 2020-07-27 19:07:33.770991

u4zbehyiqpt >> Image Returned >> 2020-07-27 19:07:33.774241

u4zbehyiqpt >> End >> 2020-07-27 19:07:33.911907

86uhzx3hy5z >> Start >> 2020-07-27 19:09:43.317452

86uhzx3hy5z >> Image Returned >> 2020-07-27 19:09:43.321355

86uhzx3hy5z >> End >> 2020-07-27 19:09:43.461554

ycskqdykz8y >> Start >> 2020-07-27 19:30:40.139734

ycskqdykz8y >> Image Returned >> 2020-07-27 19:30:40.144218

ycskqdykz8y >> End >> 2020-07-27 19:30:40.296184

tbp5m0aaxi3 >> Start >> 2020-07-27 19:52:58.439095

tbp5m0aaxi3 >> Image Returned >> 2020-07-27 19:52:58.442509

tbp5m0aaxi3 >> End >> 2020-07-27 19:52:58.580014

n5x8ira35p3 >> Start >> 2020-07-27 19:55:10.765887

n5x8ira35p3 >> Image Returned >> 2020-07-27 19:55:10.770483

n5x8ira35p3 >> End >> 2020-07-27 19:55:10.913265

ihu2cvve03j >> Start >> 2020-07-27 20:00:19.241132

ihu2cvve03j >> Image Returned >> 2020-07-27 20:00:19.244730

ihu2cvve03j >> End >> 2020-07-27 20:00:19.405380

4yf5fjtjh5t >> Start >> 2020-07-27 20:08:25.207309

4yf5fjtjh5t >> Image Returned >> 2020-07-27 20:08:25.211505

4yf5fjtjh5t >> End >> 2020-07-27 20:08:25.347596

hhbf6b4yo2u >> Start >> 2020-07-27 20:14:24.850421

hhbf6b4yo2u >> Image Returned >> 2020-07-27 20:14:24.854439

hhbf6b4yo2u >> End >> 2020-07-27 20:14:24.996342

5r0fntbu5wo >> Start >> 2020-07-27 20:16:15.958751

5r0fntbu5wo >> Image Returned >> 2020-07-27 20:16:15.962779

5r0fntbu5wo >> End >> 2020-07-27 20:16:16.090359

g0qdjib28r5 >> Start >> 2020-07-27 20:28:08.973660

g0qdjib28r5 >> Image Returned >> 2020-07-27 20:28:08.978357

g0qdjib28r5 >> End >> 2020-07-27 20:28:09.117538

3ggdzg7ccne >> Start >> 2020-07-27 20:37:17.171435

3ggdzg7ccne >> Image Returned >> 2020-07-27 20:37:17.175519

3ggdzg7ccne >> End >> 2020-07-27 20:37:17.319698

uoicjqyfdcq >> Start >> 2020-07-27 20:39:53.308634

uoicjqyfdcq >> Image Returned >> 2020-07-27 20:39:53.311794

uoicjqyfdcq >> End >> 2020-07-27 20:39:53.456549

xcvjpq7tbxo >> Start >> 2020-07-27 20:42:02.752294

xcvjpq7tbxo >> Image Returned >> 2020-07-27 20:42:02.755434

xcvjpq7tbxo >> End >> 2020-07-27 20:42:02.889554

2teyxdwhz6w >> Start >> 2020-07-27 21:04:40.407010

2teyxdwhz6w >> Image Returned >> 2020-07-27 21:04:40.411834

2teyxdwhz6w >> End >> 2020-07-27 21:04:40.551393

qmswxqj5yv0 >> Start >> 2020-07-27 21:11:58.113940

qmswxqj5yv0 >> Image Returned >> 2020-07-27 21:11:58.117237

qmswxqj5yv0 >> End >> 2020-07-27 21:11:58.258070

emdpi0rp42c >> Start >> 2020-07-27 21:15:31.618649

emdpi0rp42c >> Image Returned >> 2020-07-27 21:15:31.623050

emdpi0rp42c >> End >> 2020-07-27 21:15:31.760057

kshw28v8ahb >> Start >> 2020-07-27 21:15:59.740972

kshw28v8ahb >> Image Returned >> 2020-07-27 21:15:59.744200

kshw28v8ahb >> End >> 2020-07-27 21:15:59.891550

x7p0m8ixbzy >> Start >> 2020-07-27 21:23:35.031816

x7p0m8ixbzy >> Image Returned >> 2020-07-27 21:23:35.036041

x7p0m8ixbzy >> End >> 2020-07-27 21:23:35.178325

ruag4wvyto5 >> Start >> 2020-07-27 22:39:55.199517

ruag4wvyto5 >> Image Returned >> 2020-07-27 22:39:55.203666

ruag4wvyto5 >> End >> 2020-07-27 22:39:55.349085

rvz45g6yfvo >> Start >> 2020-07-27 22:47:30.015805

rvz45g6yfvo >> Image Returned >> 2020-07-27 22:47:30.019633

rvz45g6yfvo >> End >> 2020-07-27 22:47:30.156841

bgcjs3c8z5t >> Start >> 2020-07-27 23:11:41.857347

bgcjs3c8z5t >> Image Returned >> 2020-07-27 23:11:41.861149

bgcjs3c8z5t >> End >> 2020-07-27 23:11:42.000289

wcyc3s2cy86 >> Start >> 2020-07-27 23:12:38.699012

wcyc3s2cy86 >> Image Returned >> 2020-07-27 23:12:38.703274

wcyc3s2cy86 >> End >> 2020-07-27 23:12:38.841232

gjmoi3p0b22 >> Start >> 2020-07-27 23:38:45.073525

gjmoi3p0b22 >> Image Returned >> 2020-07-27 23:38:45.077987

gjmoi3p0b22 >> End >> 2020-07-27 23:38:45.219177

