fzt0r47mgm5 >> Start >> 2020-07-08 00:02:48.910722

fzt0r47mgm5 >> Image Returned >> 2020-07-08 00:02:48.916553

fzt0r47mgm5 >> End >> 2020-07-08 00:02:49.047957

uthx4tobr0g >> Start >> 2020-07-08 00:35:57.913795

uthx4tobr0g >> Image Returned >> 2020-07-08 00:35:57.918345

uthx4tobr0g >> End >> 2020-07-08 00:35:58.060977

zdhv2jj7m85 >> Start >> 2020-07-08 00:38:17.069747

zdhv2jj7m85 >> Image Returned >> 2020-07-08 00:38:17.074034

zdhv2jj7m85 >> End >> 2020-07-08 00:38:17.214572

qtvicpxd8kh >> Start >> 2020-07-08 00:49:19.965167

qtvicpxd8kh >> Image Returned >> 2020-07-08 00:49:19.969070

qtvicpxd8kh >> End >> 2020-07-08 00:49:20.113326

3x7j3z234ev >> Start >> 2020-07-08 01:16:08.968444

3x7j3z234ev >> Image Returned >> 2020-07-08 01:16:08.971968

3x7j3z234ev >> End >> 2020-07-08 01:16:09.105437

7t5urkjtkwg >> Start >> 2020-07-08 01:48:23.490788

7t5urkjtkwg >> Image Returned >> 2020-07-08 01:48:23.494750

7t5urkjtkwg >> End >> 2020-07-08 01:48:23.635782

hwv2knt7ahn >> Start >> 2020-07-08 03:19:29.642760

hwv2knt7ahn >> Image Returned >> 2020-07-08 03:19:29.648813

hwv2knt7ahn >> End >> 2020-07-08 03:19:29.787209

2v6w87ix3cg >> Start >> 2020-07-08 03:22:44.052155

2v6w87ix3cg >> Image Returned >> 2020-07-08 03:22:44.056231

2v6w87ix3cg >> End >> 2020-07-08 03:22:44.188930

k3ihhsnnhf7 >> Start >> 2020-07-08 03:23:59.585781

k3ihhsnnhf7 >> Image Returned >> 2020-07-08 03:23:59.589636

k3ihhsnnhf7 >> End >> 2020-07-08 03:23:59.720704

js4we5ox626 >> Start >> 2020-07-08 03:29:10.733164

js4we5ox626 >> Image Returned >> 2020-07-08 03:29:10.737591

js4we5ox626 >> End >> 2020-07-08 03:29:10.869771

6zozqrvvqja >> Start >> 2020-07-08 04:12:37.844194

6zozqrvvqja >> Image Returned >> 2020-07-08 04:12:37.847934

6zozqrvvqja >> End >> 2020-07-08 04:12:37.980372

e85rdob0cky >> Start >> 2020-07-08 04:56:59.302814

e85rdob0cky >> Image Returned >> 2020-07-08 04:56:59.307333

e85rdob0cky >> End >> 2020-07-08 04:56:59.443711

ggn8xbyopqt >> Start >> 2020-07-08 05:20:36.174896

ggn8xbyopqt >> Image Returned >> 2020-07-08 05:20:36.178556

ggn8xbyopqt >> End >> 2020-07-08 05:20:36.316740

genxpwunkyg >> Start >> 2020-07-08 05:31:10.139381

genxpwunkyg >> Image Returned >> 2020-07-08 05:31:10.143172

genxpwunkyg >> End >> 2020-07-08 05:31:10.278826

cgfu7szasa0 >> Start >> 2020-07-08 05:50:26.792928

cgfu7szasa0 >> Image Returned >> 2020-07-08 05:50:26.797096

cgfu7szasa0 >> End >> 2020-07-08 05:50:26.946068

8xjupn23o7w >> Start >> 2020-07-08 06:24:55.953535

8xjupn23o7w >> Image Returned >> 2020-07-08 06:24:55.959120

8xjupn23o7w >> End >> 2020-07-08 06:24:56.331958

j0ssj0my0vb >> Start >> 2020-07-08 06:36:19.140599

j0ssj0my0vb >> Image Returned >> 2020-07-08 06:36:19.145591

j0ssj0my0vb >> End >> 2020-07-08 06:36:19.285845

p3nw5vqsz2v >> Start >> 2020-07-08 06:48:50.743242

p3nw5vqsz2v >> Image Returned >> 2020-07-08 06:48:50.747869

p3nw5vqsz2v >> End >> 2020-07-08 06:48:50.870227

siaeos2vew7 >> Start >> 2020-07-08 07:08:06.960558

siaeos2vew7 >> Image Returned >> 2020-07-08 07:08:06.964236

siaeos2vew7 >> End >> 2020-07-08 07:08:07.107963

x88gyfefh4e >> Start >> 2020-07-08 07:08:55.767299

x88gyfefh4e >> Image Returned >> 2020-07-08 07:08:55.771048

x88gyfefh4e >> End >> 2020-07-08 07:08:55.902127

mq4gg2furdv >> Start >> 2020-07-08 07:10:40.693454

mq4gg2furdv >> Image Returned >> 2020-07-08 07:10:40.697206

mq4gg2furdv >> End >> 2020-07-08 07:10:40.824515

qjbc2cyak0e >> Start >> 2020-07-08 07:11:42.581485

qjbc2cyak0e >> Image Returned >> 2020-07-08 07:11:42.585262

qjbc2cyak0e >> End >> 2020-07-08 07:11:42.718259

3r4eshsk58r >> Start >> 2020-07-08 07:11:51.720288

3r4eshsk58r >> Image Returned >> 2020-07-08 07:11:51.720581

3r4eshsk58r >> End >> 2020-07-08 07:11:51.850622

xvp0c23txou >> Start >> 2020-07-08 07:16:24.223331

xvp0c23txou >> Image Returned >> 2020-07-08 07:16:24.226979

xvp0c23txou >> End >> 2020-07-08 07:16:24.431833

n657uvgqcpy >> Start >> 2020-07-08 07:21:27.595004

n657uvgqcpy >> Image Returned >> 2020-07-08 07:21:27.598671

n657uvgqcpy >> End >> 2020-07-08 07:21:27.732455

hu06gmyity7 >> Start >> 2020-07-08 07:22:05.307560

hu06gmyity7 >> Image Returned >> 2020-07-08 07:22:05.311934

hu06gmyity7 >> End >> 2020-07-08 07:22:05.452229

fawk85uvwm7 >> Start >> 2020-07-08 07:37:29.997473

fawk85uvwm7 >> Image Returned >> 2020-07-08 07:37:30.002602

fawk85uvwm7 >> End >> 2020-07-08 07:37:30.147751

wqp6852ttbx >> Start >> 2020-07-08 07:53:27.025425

wqp6852ttbx >> Image Returned >> 2020-07-08 07:53:27.025903

wqp6852ttbx >> End >> 2020-07-08 07:53:27.159096

w2pzfrv4gb5 >> Start >> 2020-07-08 08:02:57.430227

w2pzfrv4gb5 >> Image Returned >> 2020-07-08 08:02:57.435244

w2pzfrv4gb5 >> End >> 2020-07-08 08:02:57.592597

b4rqw7a3ehn >> Start >> 2020-07-08 08:09:09.726804

b4rqw7a3ehn >> Image Returned >> 2020-07-08 08:09:09.732033

b4rqw7a3ehn >> End >> 2020-07-08 08:09:09.869777

xa4iqigh66h >> Start >> 2020-07-08 08:10:35.396441

xa4iqigh66h >> Image Returned >> 2020-07-08 08:10:35.396940

xa4iqigh66h >> End >> 2020-07-08 08:10:35.579103

4266hrupexz >> Start >> 2020-07-08 08:15:40.140264

4266hrupexz >> Image Returned >> 2020-07-08 08:15:40.144594

4266hrupexz >> End >> 2020-07-08 08:15:40.281029

5gn2vyb77sr >> Start >> 2020-07-08 08:26:56.196551

5gn2vyb77sr >> Image Returned >> 2020-07-08 08:26:56.201669

5gn2vyb77sr >> End >> 2020-07-08 08:26:56.335185

vcwm4jtgnzg >> Start >> 2020-07-08 08:49:29.686784

vcwm4jtgnzg >> Image Returned >> 2020-07-08 08:49:29.690674

vcwm4jtgnzg >> End >> 2020-07-08 08:49:29.829555

pw0hwiqr6zx >> Start >> 2020-07-08 09:01:33.758835

pw0hwiqr6zx >> Image Returned >> 2020-07-08 09:01:33.762590

pw0hwiqr6zx >> End >> 2020-07-08 09:01:33.897485

vftrf6wbafv >> Start >> 2020-07-08 09:03:28.383733

vftrf6wbafv >> Image Returned >> 2020-07-08 09:03:28.388628

vftrf6wbafv >> End >> 2020-07-08 09:03:28.574475

yoza3t664up >> Start >> 2020-07-08 09:07:43.272445

yoza3t664up >> Image Returned >> 2020-07-08 09:07:43.276212

yoza3t664up >> End >> 2020-07-08 09:07:43.406640

yy0m3gq8pco >> Start >> 2020-07-08 09:13:24.659070

yy0m3gq8pco >> Image Returned >> 2020-07-08 09:13:24.661940

yy0m3gq8pco >> End >> 2020-07-08 09:13:24.812596

8dz5oy2izfa >> Start >> 2020-07-08 09:14:51.173295

8dz5oy2izfa >> Image Returned >> 2020-07-08 09:14:51.176295

8dz5oy2izfa >> End >> 2020-07-08 09:14:51.309292

etff58i3x2y >> Start >> 2020-07-08 09:35:04.863632

etff58i3x2y >> Image Returned >> 2020-07-08 09:35:04.867248

etff58i3x2y >> End >> 2020-07-08 09:35:05.011440

wyaijwcn5sm >> Start >> 2020-07-08 09:36:06.358794

wyaijwcn5sm >> Image Returned >> 2020-07-08 09:36:06.361838

wyaijwcn5sm >> End >> 2020-07-08 09:36:06.506916

5kidm306huh >> Start >> 2020-07-08 09:56:10.499104

5kidm306huh >> Image Returned >> 2020-07-08 09:56:10.502309

5kidm306huh >> End >> 2020-07-08 09:56:10.643276

hrxfyv503hc >> Start >> 2020-07-08 09:58:24.052800

hrxfyv503hc >> Image Returned >> 2020-07-08 09:58:24.055859

hrxfyv503hc >> End >> 2020-07-08 09:58:24.189835

cmo6n63swa7 >> Start >> 2020-07-08 10:05:42.515852

cmo6n63swa7 >> Image Returned >> 2020-07-08 10:05:42.518790

cmo6n63swa7 >> End >> 2020-07-08 10:05:42.649219

akhgkvfnkvo >> Start >> 2020-07-08 10:11:09.462315

akhgkvfnkvo >> Image Returned >> 2020-07-08 10:11:09.465178

akhgkvfnkvo >> End >> 2020-07-08 10:11:09.647207

ptf2esjrbou >> Start >> 2020-07-08 10:11:55.569437

ptf2esjrbou >> Image Returned >> 2020-07-08 10:11:55.572336

ptf2esjrbou >> End >> 2020-07-08 10:11:55.713109

rkb22ng7wh2 >> Start >> 2020-07-08 10:11:58.099634

rkb22ng7wh2 >> Image Returned >> 2020-07-08 10:11:58.099967

rkb22ng7wh2 >> End >> 2020-07-08 10:11:58.237989

iq0ki0h5e6n >> Start >> 2020-07-08 10:12:10.902512

iq0ki0h5e6n >> Image Returned >> 2020-07-08 10:12:10.905759

iq0ki0h5e6n >> End >> 2020-07-08 10:12:11.041351

h7ghi2zfpzd >> Start >> 2020-07-08 10:34:36.586746

h7ghi2zfpzd >> Image Returned >> 2020-07-08 10:34:36.589610

h7ghi2zfpzd >> End >> 2020-07-08 10:34:36.735043

5cez0jauonk >> Start >> 2020-07-08 10:46:58.570039

5cez0jauonk >> Image Returned >> 2020-07-08 10:46:58.572973

5cez0jauonk >> End >> 2020-07-08 10:46:58.706970

t6abiwhb47c >> Start >> 2020-07-08 10:51:50.569406

t6abiwhb47c >> Image Returned >> 2020-07-08 10:51:50.572319

t6abiwhb47c >> End >> 2020-07-08 10:51:50.705935

27f23tmv020 >> Start >> 2020-07-08 10:55:33.245819

27f23tmv020 >> Image Returned >> 2020-07-08 10:55:33.248828

27f23tmv020 >> End >> 2020-07-08 10:55:33.387073

pwsaaf440r0 >> Start >> 2020-07-08 10:56:00.672482

pwsaaf440r0 >> Image Returned >> 2020-07-08 10:56:00.675411

pwsaaf440r0 >> End >> 2020-07-08 10:56:00.803965

wy2gxm3bwiy >> Start >> 2020-07-08 10:57:59.329525

wy2gxm3bwiy >> Image Returned >> 2020-07-08 10:57:59.332523

wy2gxm3bwiy >> End >> 2020-07-08 10:57:59.476948

izopyr0284m >> Start >> 2020-07-08 11:00:16.480915

izopyr0284m >> Image Returned >> 2020-07-08 11:00:16.483982

izopyr0284m >> End >> 2020-07-08 11:00:16.617255

mo0n2tsknam >> Start >> 2020-07-08 11:04:29.875011

mo0n2tsknam >> Image Returned >> 2020-07-08 11:04:29.878032

mo0n2tsknam >> End >> 2020-07-08 11:04:30.017908

jnorkh3u5dp >> Start >> 2020-07-08 11:08:22.969281

jnorkh3u5dp >> Image Returned >> 2020-07-08 11:08:22.972440

jnorkh3u5dp >> End >> 2020-07-08 11:08:23.106657

fuf3o4se8sf >> Start >> 2020-07-08 11:09:36.468174

fuf3o4se8sf >> Image Returned >> 2020-07-08 11:09:36.471105

fuf3o4se8sf >> End >> 2020-07-08 11:09:36.617666

hbqsjiiy3ja >> Start >> 2020-07-08 11:10:05.270553

hbqsjiiy3ja >> Image Returned >> 2020-07-08 11:10:05.273727

hbqsjiiy3ja >> End >> 2020-07-08 11:10:05.423274

hric8cmrwht >> Start >> 2020-07-08 11:16:44.427052

hric8cmrwht >> Image Returned >> 2020-07-08 11:16:44.430038

hric8cmrwht >> End >> 2020-07-08 11:16:44.562031

p8pgjpeosm5 >> Start >> 2020-07-08 11:17:03.654217

p8pgjpeosm5 >> Image Returned >> 2020-07-08 11:17:03.657362

p8pgjpeosm5 >> End >> 2020-07-08 11:17:03.792943

aqejbsmx8a3 >> Start >> 2020-07-08 11:20:53.030390

aqejbsmx8a3 >> Image Returned >> 2020-07-08 11:20:53.033432

aqejbsmx8a3 >> End >> 2020-07-08 11:20:53.177217

pt43miuzvqo >> Start >> 2020-07-08 11:21:04.249277

pt43miuzvqo >> Image Returned >> 2020-07-08 11:21:04.252336

pt43miuzvqo >> End >> 2020-07-08 11:21:04.391685

fo0h4qaj4yf >> Start >> 2020-07-08 11:21:53.392429

fo0h4qaj4yf >> Image Returned >> 2020-07-08 11:21:53.395401

fo0h4qaj4yf >> End >> 2020-07-08 11:21:53.544033

j6xgph2re8q >> Start >> 2020-07-08 11:22:21.574609

j6xgph2re8q >> Image Returned >> 2020-07-08 11:22:21.577692

j6xgph2re8q >> End >> 2020-07-08 11:22:21.721215

ahx608p42n8 >> Start >> 2020-07-08 11:22:38.079349

ahx608p42n8 >> Image Returned >> 2020-07-08 11:22:38.082257

ahx608p42n8 >> End >> 2020-07-08 11:22:38.224236

debrybf7zhq >> Start >> 2020-07-08 11:22:58.306797

debrybf7zhq >> Image Returned >> 2020-07-08 11:22:58.309760

debrybf7zhq >> End >> 2020-07-08 11:22:58.459557

8irzeu5s3wo >> Start >> 2020-07-08 11:23:01.405515

8irzeu5s3wo >> Image Returned >> 2020-07-08 11:23:01.405808

8irzeu5s3wo >> End >> 2020-07-08 11:23:01.547769

0xyarimv5a0 >> Start >> 2020-07-08 11:26:16.496673

0xyarimv5a0 >> Image Returned >> 2020-07-08 11:26:16.499766

0xyarimv5a0 >> End >> 2020-07-08 11:26:16.639352

uu4nhbdjfk5 >> Start >> 2020-07-08 11:26:30.334711

uu4nhbdjfk5 >> Image Returned >> 2020-07-08 11:26:30.337692

uu4nhbdjfk5 >> End >> 2020-07-08 11:26:30.479192

8ugt5e4nt6a >> Start >> 2020-07-08 11:28:06.710201

8ugt5e4nt6a >> Image Returned >> 2020-07-08 11:28:06.713421

8ugt5e4nt6a >> End >> 2020-07-08 11:28:06.854748

3tsi02khfai >> Start >> 2020-07-08 11:31:50.919095

3tsi02khfai >> Image Returned >> 2020-07-08 11:31:50.922107

3tsi02khfai >> End >> 2020-07-08 11:31:51.064764

0o7tij7tmvu >> Start >> 2020-07-08 11:40:50.944823

0o7tij7tmvu >> Image Returned >> 2020-07-08 11:40:50.948347

0o7tij7tmvu >> End >> 2020-07-08 11:40:51.085344

gpro8fcmt55 >> Start >> 2020-07-08 11:41:40.139170

gpro8fcmt55 >> Image Returned >> 2020-07-08 11:41:40.142203

gpro8fcmt55 >> End >> 2020-07-08 11:41:40.274401

iae6dxm5k3g >> Start >> 2020-07-08 11:41:52.216938

iae6dxm5k3g >> Image Returned >> 2020-07-08 11:41:52.221486

iae6dxm5k3g >> End >> 2020-07-08 11:41:52.381800

ntvw6ahtcq2 >> Start >> 2020-07-08 11:46:57.858850

ntvw6ahtcq2 >> Image Returned >> 2020-07-08 11:46:57.862445

ntvw6ahtcq2 >> End >> 2020-07-08 11:46:57.999506

wkjm7kw7wve >> Start >> 2020-07-08 11:47:16.128053

wkjm7kw7wve >> Image Returned >> 2020-07-08 11:47:16.131125

wkjm7kw7wve >> End >> 2020-07-08 11:47:16.271187

7hij0o5jqbp >> Start >> 2020-07-08 12:03:10.871433

7hij0o5jqbp >> Image Returned >> 2020-07-08 12:03:10.874763

7hij0o5jqbp >> End >> 2020-07-08 12:03:11.014046

itjoi57mg60 >> Start >> 2020-07-08 12:08:59.662970

itjoi57mg60 >> Image Returned >> 2020-07-08 12:08:59.665976

itjoi57mg60 >> End >> 2020-07-08 12:08:59.801037

cuv3tfjmca0 >> Start >> 2020-07-08 12:11:19.473726

cuv3tfjmca0 >> Image Returned >> 2020-07-08 12:11:19.476749

cuv3tfjmca0 >> End >> 2020-07-08 12:11:19.615698

r5g4iq3i4hr >> Start >> 2020-07-08 12:17:08.136758

r5g4iq3i4hr >> Image Returned >> 2020-07-08 12:17:08.140217

r5g4iq3i4hr >> End >> 2020-07-08 12:17:08.282598

vftrf6wbafv >> Start >> 2020-07-08 12:26:38.383733

vftrf6wbafv >> Image Returned >> 2020-07-08 12:26:38.387326

vftrf6wbafv >> End >> 2020-07-08 12:26:38.525460

0xawcstteb6 >> Start >> 2020-07-08 12:27:39.959093

0xawcstteb6 >> Image Returned >> 2020-07-08 12:27:39.962285

0xawcstteb6 >> End >> 2020-07-08 12:27:40.103178

jpsmiui8jnd >> Start >> 2020-07-08 12:33:21.588299

jpsmiui8jnd >> Image Returned >> 2020-07-08 12:33:21.591650

jpsmiui8jnd >> End >> 2020-07-08 12:33:21.730977

4vococohtsk >> Start >> 2020-07-08 12:40:37.619551

4vococohtsk >> Image Returned >> 2020-07-08 12:40:37.622706

4vococohtsk >> End >> 2020-07-08 12:40:37.775238

3sjtjnz4t28 >> Start >> 2020-07-08 12:58:18.031294

3sjtjnz4t28 >> Image Returned >> 2020-07-08 12:58:18.034990

3sjtjnz4t28 >> End >> 2020-07-08 12:58:18.172270

xiimoygse0y >> Start >> 2020-07-08 12:59:41.571260

xiimoygse0y >> Image Returned >> 2020-07-08 12:59:41.575131

xiimoygse0y >> End >> 2020-07-08 12:59:41.710788

vx8kx56qm4o >> Start >> 2020-07-08 13:03:28.865969

vx8kx56qm4o >> Image Returned >> 2020-07-08 13:03:28.869133

vx8kx56qm4o >> End >> 2020-07-08 13:03:29.010481

3gw3u8oiqfs >> Start >> 2020-07-08 13:23:04.981364

3gw3u8oiqfs >> Image Returned >> 2020-07-08 13:23:04.985049

3gw3u8oiqfs >> End >> 2020-07-08 13:23:05.269570

svrrd85bbgp >> Start >> 2020-07-08 13:25:55.929903

svrrd85bbgp >> Image Returned >> 2020-07-08 13:25:55.933047

svrrd85bbgp >> End >> 2020-07-08 13:25:56.072115

uv65q3vnhuo >> Start >> 2020-07-08 13:30:04.302395

uv65q3vnhuo >> Image Returned >> 2020-07-08 13:30:04.305424

uv65q3vnhuo >> End >> 2020-07-08 13:30:04.486417

8v25g5i46cs >> Start >> 2020-07-08 13:31:36.451809

8v25g5i46cs >> Image Returned >> 2020-07-08 13:31:36.454785

8v25g5i46cs >> End >> 2020-07-08 13:31:36.588627

8drhjszmb26 >> Start >> 2020-07-08 13:34:45.793657

8drhjszmb26 >> Image Returned >> 2020-07-08 13:34:45.796713

8drhjszmb26 >> End >> 2020-07-08 13:34:45.934129

vn6juffa6h3 >> Start >> 2020-07-08 13:44:27.391310

vn6juffa6h3 >> Image Returned >> 2020-07-08 13:44:27.394401

vn6juffa6h3 >> End >> 2020-07-08 13:44:27.527676

w0d43wcxggz >> Start >> 2020-07-08 13:44:42.588139

w0d43wcxggz >> Image Returned >> 2020-07-08 13:44:42.591160

w0d43wcxggz >> End >> 2020-07-08 13:44:42.754703

zroe3spfse8 >> Start >> 2020-07-08 13:47:37.254586

zroe3spfse8 >> Image Returned >> 2020-07-08 13:47:37.257766

zroe3spfse8 >> End >> 2020-07-08 13:47:37.410494

nhd0i382kou >> Start >> 2020-07-08 13:55:41.670186

nhd0i382kou >> Image Returned >> 2020-07-08 13:55:41.673401

nhd0i382kou >> End >> 2020-07-08 13:55:41.807524

5gynqygwqs7 >> Start >> 2020-07-08 13:56:16.732089

5gynqygwqs7 >> Image Returned >> 2020-07-08 13:56:16.736104

5gynqygwqs7 >> End >> 2020-07-08 13:56:16.904220

n8h58gpshci >> Start >> 2020-07-08 14:09:24.908207

n8h58gpshci >> Image Returned >> 2020-07-08 14:09:24.911279

n8h58gpshci >> End >> 2020-07-08 14:09:25.055604

pmkzkgtuegm >> Start >> 2020-07-08 14:13:16.002970

pmkzkgtuegm >> Image Returned >> 2020-07-08 14:13:16.006045

pmkzkgtuegm >> End >> 2020-07-08 14:13:16.150520

yywo65ggk86 >> Start >> 2020-07-08 14:22:50.926791

yywo65ggk86 >> Image Returned >> 2020-07-08 14:22:50.930061

yywo65ggk86 >> End >> 2020-07-08 14:22:51.067087

y8bfwd8xjbk >> Start >> 2020-07-08 14:24:04.555700

y8bfwd8xjbk >> Image Returned >> 2020-07-08 14:24:04.558732

y8bfwd8xjbk >> End >> 2020-07-08 14:24:04.713810

ddtmx0vg4zb >> Start >> 2020-07-08 14:35:28.115055

ddtmx0vg4zb >> Image Returned >> 2020-07-08 14:35:28.118829

ddtmx0vg4zb >> End >> 2020-07-08 14:35:28.263109

nhoh2qk5urq >> Start >> 2020-07-08 14:43:48.495405

nhoh2qk5urq >> Image Returned >> 2020-07-08 14:43:48.498776

nhoh2qk5urq >> End >> 2020-07-08 14:43:48.645591

qkqhniezpv0 >> Start >> 2020-07-08 15:08:07.637566

qkqhniezpv0 >> Image Returned >> 2020-07-08 15:08:07.641154

qkqhniezpv0 >> End >> 2020-07-08 15:08:07.788623

e3z0cjoo2jm >> Start >> 2020-07-08 15:19:25.535309

e3z0cjoo2jm >> Image Returned >> 2020-07-08 15:19:25.538501

e3z0cjoo2jm >> End >> 2020-07-08 15:19:25.673286

qprm7v8vcwf >> Start >> 2020-07-08 15:21:26.309920

qprm7v8vcwf >> Image Returned >> 2020-07-08 15:21:26.313106

qprm7v8vcwf >> End >> 2020-07-08 15:21:26.458075

4pqx36wbwt8 >> Start >> 2020-07-08 15:29:10.975018

4pqx36wbwt8 >> Image Returned >> 2020-07-08 15:29:10.979185

4pqx36wbwt8 >> End >> 2020-07-08 15:29:11.118422

vgoem285tf5 >> Start >> 2020-07-08 15:49:27.530668

vgoem285tf5 >> Image Returned >> 2020-07-08 15:49:27.534843

vgoem285tf5 >> End >> 2020-07-08 15:49:27.681633

esegi4kwmun >> Start >> 2020-07-08 15:55:13.902473

esegi4kwmun >> Image Returned >> 2020-07-08 15:55:13.906152

esegi4kwmun >> End >> 2020-07-08 15:55:14.047550

bxuab8qkdh3 >> Start >> 2020-07-08 16:14:50.369087

bxuab8qkdh3 >> Image Returned >> 2020-07-08 16:14:50.372649

bxuab8qkdh3 >> End >> 2020-07-08 16:14:50.512332

bije3fgyo8v >> Start >> 2020-07-08 16:22:23.993671

bije3fgyo8v >> Image Returned >> 2020-07-08 16:22:23.997865

bije3fgyo8v >> End >> 2020-07-08 16:22:24.138967

b50v8pfas7a >> Start >> 2020-07-08 16:31:05.832617

b50v8pfas7a >> Image Returned >> 2020-07-08 16:31:05.835853

b50v8pfas7a >> End >> 2020-07-08 16:31:05.974180

7gtt454gkmx >> Start >> 2020-07-08 16:40:11.534209

7gtt454gkmx >> Image Returned >> 2020-07-08 16:40:11.537429

7gtt454gkmx >> End >> 2020-07-08 16:40:11.669289

2hc7sbqj2fv >> Start >> 2020-07-08 16:43:15.286753

2hc7sbqj2fv >> Image Returned >> 2020-07-08 16:43:15.292512

2hc7sbqj2fv >> End >> 2020-07-08 16:43:15.429012

yb5s2zuzvb2 >> Start >> 2020-07-08 16:43:21.881369

yb5s2zuzvb2 >> Image Returned >> 2020-07-08 16:43:21.881695

yb5s2zuzvb2 >> End >> 2020-07-08 16:43:22.023282

tvoy42c8utt >> Start >> 2020-07-08 17:10:55.290298

tvoy42c8utt >> Image Returned >> 2020-07-08 17:10:55.293953

tvoy42c8utt >> End >> 2020-07-08 17:10:55.443706

xvs2ncf43cs >> Start >> 2020-07-08 17:26:36.630697

xvs2ncf43cs >> Image Returned >> 2020-07-08 17:26:36.634319

xvs2ncf43cs >> End >> 2020-07-08 17:26:36.777435

z207ps8snm0 >> Start >> 2020-07-08 17:29:17.061750

z207ps8snm0 >> Image Returned >> 2020-07-08 17:29:17.065978

z207ps8snm0 >> End >> 2020-07-08 17:29:17.203669

d6pj68oy878 >> Start >> 2020-07-08 17:31:18.293868

d6pj68oy878 >> Image Returned >> 2020-07-08 17:31:18.297358

d6pj68oy878 >> End >> 2020-07-08 17:31:18.431927

6rngaebrcz0 >> Start >> 2020-07-08 17:32:16.606771

6rngaebrcz0 >> Image Returned >> 2020-07-08 17:32:16.610188

6rngaebrcz0 >> End >> 2020-07-08 17:32:16.747303

h8qp8vati8m >> Start >> 2020-07-08 17:33:15.253086

h8qp8vati8m >> Image Returned >> 2020-07-08 17:33:15.258367

h8qp8vati8m >> End >> 2020-07-08 17:33:15.392170

wfj4836yqg5 >> Start >> 2020-07-08 17:33:55.504121

wfj4836yqg5 >> Image Returned >> 2020-07-08 17:33:55.507323

wfj4836yqg5 >> End >> 2020-07-08 17:33:55.647419

biz8vkprhzo >> Start >> 2020-07-08 17:44:06.466753

biz8vkprhzo >> Image Returned >> 2020-07-08 17:44:06.470314

biz8vkprhzo >> End >> 2020-07-08 17:44:06.612608

jbj7xcwyqk3 >> Start >> 2020-07-08 17:44:25.757332

jbj7xcwyqk3 >> Image Returned >> 2020-07-08 17:44:25.760725

jbj7xcwyqk3 >> End >> 2020-07-08 17:44:25.900577

kshm2f3hxcv >> Start >> 2020-07-08 17:45:15.940968

kshm2f3hxcv >> Image Returned >> 2020-07-08 17:45:15.944652

kshm2f3hxcv >> End >> 2020-07-08 17:45:16.090147

3g5i33srqy0 >> Start >> 2020-07-08 17:47:20.447391

3g5i33srqy0 >> Image Returned >> 2020-07-08 17:47:20.450895

3g5i33srqy0 >> End >> 2020-07-08 17:47:20.592166

3hrjzdorn2d >> Start >> 2020-07-08 17:48:14.691751

3hrjzdorn2d >> Image Returned >> 2020-07-08 17:48:14.694912

3hrjzdorn2d >> End >> 2020-07-08 17:48:14.837616

4hm5qcx8f4u >> Start >> 2020-07-08 17:52:17.751939

4hm5qcx8f4u >> Image Returned >> 2020-07-08 17:52:17.758654

4hm5qcx8f4u >> End >> 2020-07-08 17:52:17.896188

urbg58rjoyy >> Start >> 2020-07-08 17:52:43.207091

urbg58rjoyy >> Image Returned >> 2020-07-08 17:52:43.210217

urbg58rjoyy >> End >> 2020-07-08 17:52:43.344966

cpcpj2k7hp5 >> Start >> 2020-07-08 18:03:59.669940

cpcpj2k7hp5 >> Image Returned >> 2020-07-08 18:03:59.673141

cpcpj2k7hp5 >> End >> 2020-07-08 18:03:59.817969

vehkvvsexph >> Start >> 2020-07-08 18:06:50.877980

vehkvvsexph >> Image Returned >> 2020-07-08 18:06:50.881452

vehkvvsexph >> End >> 2020-07-08 18:06:51.022726

o5fcxvsd55d >> Start >> 2020-07-08 18:07:55.815033

o5fcxvsd55d >> Image Returned >> 2020-07-08 18:07:55.818547

o5fcxvsd55d >> End >> 2020-07-08 18:07:55.953334

bfo6tjemiv5 >> Start >> 2020-07-08 18:08:58.405065

bfo6tjemiv5 >> Image Returned >> 2020-07-08 18:08:58.408549

bfo6tjemiv5 >> End >> 2020-07-08 18:08:58.561213

x75yv5b40a2 >> Start >> 2020-07-08 18:17:35.248588

x75yv5b40a2 >> Image Returned >> 2020-07-08 18:17:35.252100

x75yv5b40a2 >> End >> 2020-07-08 18:17:35.384922

7h2yaep6j3v >> Start >> 2020-07-08 18:29:33.743298

7h2yaep6j3v >> Image Returned >> 2020-07-08 18:29:33.747070

7h2yaep6j3v >> End >> 2020-07-08 18:29:33.892298

t2qcefh28zz >> Start >> 2020-07-08 18:38:25.787406

t2qcefh28zz >> Image Returned >> 2020-07-08 18:38:25.791713

t2qcefh28zz >> End >> 2020-07-08 18:38:25.934209

stgoe0s3ja5 >> Start >> 2020-07-08 18:56:38.367584

stgoe0s3ja5 >> Image Returned >> 2020-07-08 18:56:38.371598

stgoe0s3ja5 >> End >> 2020-07-08 18:56:38.508039

tob0wf8in5m >> Start >> 2020-07-08 18:57:29.012590

tob0wf8in5m >> Image Returned >> 2020-07-08 18:57:29.016098

tob0wf8in5m >> End >> 2020-07-08 18:57:29.156222

6r3ou5dy7kn >> Start >> 2020-07-08 19:02:24.718728

6r3ou5dy7kn >> Image Returned >> 2020-07-08 19:02:24.722546

6r3ou5dy7kn >> End >> 2020-07-08 19:02:24.862466

oivfmtz2qq4 >> Start >> 2020-07-08 19:03:21.574593

oivfmtz2qq4 >> Image Returned >> 2020-07-08 19:03:21.578181

oivfmtz2qq4 >> End >> 2020-07-08 19:03:21.712953

6yj3zhzdmij >> Start >> 2020-07-08 19:04:28.841005

6yj3zhzdmij >> Image Returned >> 2020-07-08 19:04:28.844784

6yj3zhzdmij >> End >> 2020-07-08 19:04:28.986376

5eer4j0w8u3 >> Start >> 2020-07-08 19:09:29.258286

5eer4j0w8u3 >> Image Returned >> 2020-07-08 19:09:29.261732

5eer4j0w8u3 >> End >> 2020-07-08 19:09:29.393987

yzxh53huowx >> Start >> 2020-07-08 20:04:19.192817

yzxh53huowx >> Image Returned >> 2020-07-08 20:04:19.196806

yzxh53huowx >> End >> 2020-07-08 20:04:19.335952

bndewmqdbqb >> Start >> 2020-07-08 20:09:17.471400

bndewmqdbqb >> Image Returned >> 2020-07-08 20:09:17.474721

bndewmqdbqb >> End >> 2020-07-08 20:09:17.638585

bzm4rb2viik >> Start >> 2020-07-08 20:30:34.469399

bzm4rb2viik >> Image Returned >> 2020-07-08 20:30:34.473268

bzm4rb2viik >> End >> 2020-07-08 20:30:34.615701

jw4ihfcpk7i >> Start >> 2020-07-08 20:36:36.392853

jw4ihfcpk7i >> Image Returned >> 2020-07-08 20:36:36.396734

jw4ihfcpk7i >> End >> 2020-07-08 20:36:36.537667

cdyepzoqxfn >> Start >> 2020-07-08 20:45:15.413835

cdyepzoqxfn >> Image Returned >> 2020-07-08 20:45:15.418212

cdyepzoqxfn >> End >> 2020-07-08 20:45:15.563854

wapcjw0hib2 >> Start >> 2020-07-08 22:03:49.607769

wapcjw0hib2 >> Image Returned >> 2020-07-08 22:03:49.610977

wapcjw0hib2 >> End >> 2020-07-08 22:03:49.754435

o2o7zaz0urz >> Start >> 2020-07-08 22:24:50.619071

o2o7zaz0urz >> Image Returned >> 2020-07-08 22:24:50.622267

o2o7zaz0urz >> End >> 2020-07-08 22:24:50.762653

44a4jbbrtn4 >> Start >> 2020-07-08 22:53:42.424338

44a4jbbrtn4 >> Image Returned >> 2020-07-08 22:53:42.427983

44a4jbbrtn4 >> End >> 2020-07-08 22:53:42.567199

03wo8rhvd6f >> Start >> 2020-07-08 22:57:33.329188

03wo8rhvd6f >> Image Returned >> 2020-07-08 22:57:33.332591

03wo8rhvd6f >> End >> 2020-07-08 22:57:33.466777

bew2fkf4pyd >> Start >> 2020-07-08 22:57:52.295691

bew2fkf4pyd >> Image Returned >> 2020-07-08 22:57:52.298289

bew2fkf4pyd >> End >> 2020-07-08 22:57:52.436629

5ccmotzqmw5 >> Start >> 2020-07-08 22:58:24.268434

5ccmotzqmw5 >> Image Returned >> 2020-07-08 22:58:24.271059

5ccmotzqmw5 >> End >> 2020-07-08 22:58:24.408196

fnpzafkkyp8 >> Start >> 2020-07-08 22:58:43.448748

fnpzafkkyp8 >> Image Returned >> 2020-07-08 22:58:43.451690

fnpzafkkyp8 >> End >> 2020-07-08 22:58:43.590440

