vvqeg0f53oc >> Start >> 2020-10-02 00:03:18.181356

vvqeg0f53oc >> Image Returned >> 2020-10-02 00:03:18.186407

vvqeg0f53oc >> End >> 2020-10-02 00:03:18.374218

gkbtd2mw3tz >> Start >> 2020-10-02 00:10:17.352416

gkbtd2mw3tz >> Image Returned >> 2020-10-02 00:10:17.355796

gkbtd2mw3tz >> End >> 2020-10-02 00:10:17.519366

6uurcuhit57 >> Start >> 2020-10-02 00:12:55.053920

6uurcuhit57 >> Image Returned >> 2020-10-02 00:12:55.057285

6uurcuhit57 >> End >> 2020-10-02 00:12:55.217143

vkivch33w4i >> Start >> 2020-10-02 00:14:26.933525

vkivch33w4i >> Image Returned >> 2020-10-02 00:14:26.937869

vkivch33w4i >> End >> 2020-10-02 00:14:27.096713

jwbm2x4vr0i >> Start >> 2020-10-02 00:21:18.612952

jwbm2x4vr0i >> Image Returned >> 2020-10-02 00:21:18.616372

jwbm2x4vr0i >> End >> 2020-10-02 00:21:18.792500

gtnase73zh0 >> Start >> 2020-10-02 00:27:21.654807

gtnase73zh0 >> Image Returned >> 2020-10-02 00:27:21.659285

gtnase73zh0 >> End >> 2020-10-02 00:27:21.818181

pgp0yuxqrx8 >> Start >> 2020-10-02 00:29:27.657100

pgp0yuxqrx8 >> Image Returned >> 2020-10-02 00:29:27.660962

pgp0yuxqrx8 >> End >> 2020-10-02 00:29:27.828733

i0j3vzpbwzr >> Start >> 2020-10-02 00:50:22.209913

i0j3vzpbwzr >> Image Returned >> 2020-10-02 00:50:22.213768

i0j3vzpbwzr >> End >> 2020-10-02 00:50:22.370896

ivst46br3fi >> Start >> 2020-10-02 00:58:39.790110

ivst46br3fi >> Image Returned >> 2020-10-02 00:58:39.795406

ivst46br3fi >> End >> 2020-10-02 00:58:39.958961

66roc7kofzi >> Start >> 2020-10-02 00:59:10.216959

66roc7kofzi >> Image Returned >> 2020-10-02 00:59:10.219898

66roc7kofzi >> End >> 2020-10-02 00:59:10.383382

pk62n805itc >> Start >> 2020-10-02 01:02:22.013356

pk62n805itc >> Image Returned >> 2020-10-02 01:02:22.017637

pk62n805itc >> End >> 2020-10-02 01:02:22.191553

mq6jopuqfet >> Start >> 2020-10-02 01:21:33.973233

mq6jopuqfet >> Image Returned >> 2020-10-02 01:21:33.977814

mq6jopuqfet >> End >> 2020-10-02 01:21:34.139429

anwqq8as7j5 >> Start >> 2020-10-02 02:10:11.634413

anwqq8as7j5 >> Image Returned >> 2020-10-02 02:10:11.637674

anwqq8as7j5 >> End >> 2020-10-02 02:10:11.798418

dc5f8bb6n8e >> Start >> 2020-10-02 02:33:22.151164

dc5f8bb6n8e >> Image Returned >> 2020-10-02 02:33:22.154819

dc5f8bb6n8e >> End >> 2020-10-02 02:33:22.342607

eaa48id34wa >> Start >> 2020-10-02 03:26:13.824052

eaa48id34wa >> Image Returned >> 2020-10-02 03:26:13.831094

eaa48id34wa >> End >> 2020-10-02 03:26:13.999254

fdo4oewawff >> Start >> 2020-10-02 03:29:12.549082

fdo4oewawff >> Image Returned >> 2020-10-02 03:29:12.551944

fdo4oewawff >> End >> 2020-10-02 03:29:12.711072

zy4zrx7hw62 >> Start >> 2020-10-02 03:30:15.050614

zy4zrx7hw62 >> Image Returned >> 2020-10-02 03:30:15.055037

zy4zrx7hw62 >> End >> 2020-10-02 03:30:15.241606

cfcipr5cwng >> Start >> 2020-10-02 03:35:12.400758

cfcipr5cwng >> Image Returned >> 2020-10-02 03:35:12.403985

cfcipr5cwng >> End >> 2020-10-02 03:35:12.574668

5s7sznhg8r6 >> Start >> 2020-10-02 03:54:51.061589

5s7sznhg8r6 >> Image Returned >> 2020-10-02 03:54:51.064573

5s7sznhg8r6 >> End >> 2020-10-02 03:54:51.221713

wxdovh5bdn3 >> Start >> 2020-10-02 04:58:50.084587

wxdovh5bdn3 >> Image Returned >> 2020-10-02 04:58:50.087687

wxdovh5bdn3 >> End >> 2020-10-02 04:58:50.279545

d8hrtnnfbjp >> Start >> 2020-10-02 04:59:24.856576

d8hrtnnfbjp >> Image Returned >> 2020-10-02 04:59:24.859502

d8hrtnnfbjp >> End >> 2020-10-02 04:59:25.015187

gwiuzcnvkta >> Start >> 2020-10-02 05:03:13.849318

gwiuzcnvkta >> Image Returned >> 2020-10-02 05:03:13.853235

gwiuzcnvkta >> End >> 2020-10-02 05:03:14.020649

exashffioae >> Start >> 2020-10-02 05:12:15.785068

exashffioae >> Image Returned >> 2020-10-02 05:12:15.788324

exashffioae >> End >> 2020-10-02 05:12:15.957999

6ck7hy7u5ta >> Start >> 2020-10-02 05:12:29.699769

6ck7hy7u5ta >> Image Returned >> 2020-10-02 05:12:29.702825

6ck7hy7u5ta >> End >> 2020-10-02 05:12:29.895292

6pe28sbih40 >> Start >> 2020-10-02 05:12:29.958655

6pe28sbih40 >> Image Returned >> 2020-10-02 05:12:29.958957

6pe28sbih40 >> End >> 2020-10-02 05:12:30.133512

4hpa6ab3xv0 >> Start >> 2020-10-02 05:13:18.678241

4hpa6ab3xv0 >> Image Returned >> 2020-10-02 05:13:18.681189

4hpa6ab3xv0 >> End >> 2020-10-02 05:13:18.836067

u5fhbkox425 >> Start >> 2020-10-02 05:26:53.969542

u5fhbkox425 >> Image Returned >> 2020-10-02 05:26:53.973372

u5fhbkox425 >> End >> 2020-10-02 05:26:54.138544

oj7k4zws3k2 >> Start >> 2020-10-02 05:28:03.527978

oj7k4zws3k2 >> Image Returned >> 2020-10-02 05:28:03.530839

oj7k4zws3k2 >> End >> 2020-10-02 05:28:03.688668

wehquv656kp >> Start >> 2020-10-02 05:31:04.740170

wehquv656kp >> Image Returned >> 2020-10-02 05:31:04.743031

wehquv656kp >> End >> 2020-10-02 05:31:04.902124

p2jqhm0mru3 >> Start >> 2020-10-02 05:34:50.608266

p2jqhm0mru3 >> Image Returned >> 2020-10-02 05:34:50.611890

p2jqhm0mru3 >> End >> 2020-10-02 05:34:50.803826

yir7uca4rc2 >> Start >> 2020-10-02 05:45:37.390858

yir7uca4rc2 >> Image Returned >> 2020-10-02 05:45:37.394350

yir7uca4rc2 >> End >> 2020-10-02 05:45:37.560158

j576b2vyo70 >> Start >> 2020-10-02 05:56:36.475254

j576b2vyo70 >> Image Returned >> 2020-10-02 05:56:36.479147

j576b2vyo70 >> End >> 2020-10-02 05:56:36.643084

v0zqontebxo >> Start >> 2020-10-02 05:58:14.719075

v0zqontebxo >> Image Returned >> 2020-10-02 05:58:14.722167

v0zqontebxo >> End >> 2020-10-02 05:58:14.882746

2f6dgbso6tm >> Start >> 2020-10-02 05:58:46.294931

2f6dgbso6tm >> Image Returned >> 2020-10-02 05:58:46.297796

2f6dgbso6tm >> End >> 2020-10-02 05:58:46.465322

tdq8qqks8km >> Start >> 2020-10-02 06:07:31.467808

tdq8qqks8km >> Image Returned >> 2020-10-02 06:07:31.471208

tdq8qqks8km >> End >> 2020-10-02 06:07:31.597558

ygzemed3cpc >> Start >> 2020-10-02 06:08:20.874468

ygzemed3cpc >> Image Returned >> 2020-10-02 06:08:20.877338

ygzemed3cpc >> End >> 2020-10-02 06:08:21.042820

uh88u0yqvg7 >> Start >> 2020-10-02 06:10:50.284636

uh88u0yqvg7 >> Image Returned >> 2020-10-02 06:10:50.287812

uh88u0yqvg7 >> End >> 2020-10-02 06:10:50.448705

xanccbqkdbw >> Start >> 2020-10-02 06:34:43.111332

xanccbqkdbw >> Image Returned >> 2020-10-02 06:34:43.114603

xanccbqkdbw >> End >> 2020-10-02 06:34:43.278026

4irdskxnjr3 >> Start >> 2020-10-02 06:35:12.658890

4irdskxnjr3 >> Image Returned >> 2020-10-02 06:35:12.661752

4irdskxnjr3 >> End >> 2020-10-02 06:35:12.819118

53kaqmjqhhk >> Start >> 2020-10-02 06:35:28.908026

53kaqmjqhhk >> Image Returned >> 2020-10-02 06:35:28.910883

53kaqmjqhhk >> End >> 2020-10-02 06:35:29.080142

crzjjzdvugq >> Start >> 2020-10-02 06:36:12.036892

crzjjzdvugq >> Image Returned >> 2020-10-02 06:36:12.040102

crzjjzdvugq >> End >> 2020-10-02 06:36:12.203005

7k4qbio34io >> Start >> 2020-10-02 06:36:13.470839

7k4qbio34io >> Image Returned >> 2020-10-02 06:36:13.471138

7k4qbio34io >> End >> 2020-10-02 06:36:13.638372

t7bfent23rw >> Start >> 2020-10-02 06:38:10.266809

t7bfent23rw >> Image Returned >> 2020-10-02 06:38:10.270839

t7bfent23rw >> End >> 2020-10-02 06:38:10.434036

fd06f2tmehs >> Start >> 2020-10-02 06:46:38.271640

fd06f2tmehs >> Image Returned >> 2020-10-02 06:46:38.275670

fd06f2tmehs >> End >> 2020-10-02 06:46:38.442540

umxvrvupqc4 >> Start >> 2020-10-02 06:47:05.957719

umxvrvupqc4 >> Image Returned >> 2020-10-02 06:47:05.960741

umxvrvupqc4 >> End >> 2020-10-02 06:47:06.125742

6cuirz5bik4 >> Start >> 2020-10-02 06:48:58.066375

6cuirz5bik4 >> Image Returned >> 2020-10-02 06:48:58.070030

6cuirz5bik4 >> End >> 2020-10-02 06:48:58.228056

d2m7p6nbpzi >> Start >> 2020-10-02 06:56:12.522625

d2m7p6nbpzi >> Image Returned >> 2020-10-02 06:56:12.526691

d2m7p6nbpzi >> End >> 2020-10-02 06:56:12.691828

r8463b5a4wh >> Start >> 2020-10-02 07:02:05.094228

r8463b5a4wh >> Image Returned >> 2020-10-02 07:02:05.097464

r8463b5a4wh >> End >> 2020-10-02 07:02:05.271923

p5o0u0w654o >> Start >> 2020-10-02 07:02:17.220727

p5o0u0w654o >> Image Returned >> 2020-10-02 07:02:17.223645

p5o0u0w654o >> End >> 2020-10-02 07:02:17.415204

8eudwrfdve7 >> Start >> 2020-10-02 07:03:16.556715

8eudwrfdve7 >> Image Returned >> 2020-10-02 07:03:16.559802

8eudwrfdve7 >> End >> 2020-10-02 07:03:16.719588

5xjzaszgbji >> Start >> 2020-10-02 07:05:40.763829

5xjzaszgbji >> Image Returned >> 2020-10-02 07:05:40.767177

5xjzaszgbji >> End >> 2020-10-02 07:05:40.926187

pphrrmx4dgi >> Start >> 2020-10-02 07:06:16.282840

pphrrmx4dgi >> Image Returned >> 2020-10-02 07:06:16.285820

pphrrmx4dgi >> End >> 2020-10-02 07:06:16.490514

or4kpa0om5o >> Start >> 2020-10-02 07:07:27.136833

or4kpa0om5o >> Image Returned >> 2020-10-02 07:07:27.141733

or4kpa0om5o >> End >> 2020-10-02 07:07:27.334835

tc4srqh2pmh >> Start >> 2020-10-02 07:08:14.700309

tc4srqh2pmh >> Image Returned >> 2020-10-02 07:08:14.703290

tc4srqh2pmh >> End >> 2020-10-02 07:08:14.878377

6vs554ssk82 >> Start >> 2020-10-02 07:20:12.976434

6vs554ssk82 >> Image Returned >> 2020-10-02 07:20:12.979401

6vs554ssk82 >> End >> 2020-10-02 07:20:13.144439

i8nm4ar452d >> Start >> 2020-10-02 07:21:27.743359

i8nm4ar452d >> Image Returned >> 2020-10-02 07:21:27.746721

i8nm4ar452d >> End >> 2020-10-02 07:21:27.870975

8ffjjxkp6zw >> Start >> 2020-10-02 07:26:06.537343

8ffjjxkp6zw >> Image Returned >> 2020-10-02 07:26:06.540857

8ffjjxkp6zw >> End >> 2020-10-02 07:26:06.719945

j5id772eeby >> Start >> 2020-10-02 07:26:21.448672

j5id772eeby >> Image Returned >> 2020-10-02 07:26:21.451859

j5id772eeby >> End >> 2020-10-02 07:26:21.617922

x0ey0m2kroq >> Start >> 2020-10-02 07:27:51.458539

x0ey0m2kroq >> Image Returned >> 2020-10-02 07:27:51.461903

x0ey0m2kroq >> End >> 2020-10-02 07:27:51.586589

53q40npsr7e >> Start >> 2020-10-02 07:32:08.197788

53q40npsr7e >> Image Returned >> 2020-10-02 07:32:08.200721

53q40npsr7e >> End >> 2020-10-02 07:32:08.384690

6f0rt3igxd3 >> Start >> 2020-10-02 07:34:09.005028

6f0rt3igxd3 >> Image Returned >> 2020-10-02 07:34:09.008003

6f0rt3igxd3 >> End >> 2020-10-02 07:34:09.135571

tke0of35duy >> Start >> 2020-10-02 07:34:31.961761

tke0of35duy >> Image Returned >> 2020-10-02 07:34:31.964884

tke0of35duy >> End >> 2020-10-02 07:34:32.089457

n8gfh8jjwer >> Start >> 2020-10-02 07:35:05.908375

n8gfh8jjwer >> Image Returned >> 2020-10-02 07:35:05.911345

n8gfh8jjwer >> End >> 2020-10-02 07:35:06.035715

6dvrfehxfgr >> Start >> 2020-10-02 07:38:00.332093

6dvrfehxfgr >> Image Returned >> 2020-10-02 07:38:00.335721

6dvrfehxfgr >> End >> 2020-10-02 07:38:00.491921

ndex36forhn >> Start >> 2020-10-02 07:39:46.583786

ndex36forhn >> Image Returned >> 2020-10-02 07:39:46.587007

ndex36forhn >> End >> 2020-10-02 07:39:46.754621

t36vjsacacu >> Start >> 2020-10-02 07:40:11.976943

t36vjsacacu >> Image Returned >> 2020-10-02 07:40:11.979955

t36vjsacacu >> End >> 2020-10-02 07:40:12.149018

w62yz0fyvsa >> Start >> 2020-10-02 07:40:45.181235

w62yz0fyvsa >> Image Returned >> 2020-10-02 07:40:45.185338

w62yz0fyvsa >> End >> 2020-10-02 07:40:45.347266

2aahfadahm2 >> Start >> 2020-10-02 08:01:18.183847

2aahfadahm2 >> Image Returned >> 2020-10-02 08:01:18.186969

2aahfadahm2 >> End >> 2020-10-02 08:01:18.346096

vi67oo045h0 >> Start >> 2020-10-02 08:02:53.362569

vi67oo045h0 >> Image Returned >> 2020-10-02 08:02:53.365820

vi67oo045h0 >> End >> 2020-10-02 08:02:53.530050

t67j4cgx7gq >> Start >> 2020-10-02 08:04:44.802689

t67j4cgx7gq >> Image Returned >> 2020-10-02 08:04:44.805650

t67j4cgx7gq >> End >> 2020-10-02 08:04:44.970865

z048p6h0yy2 >> Start >> 2020-10-02 08:06:26.705370

z048p6h0yy2 >> Image Returned >> 2020-10-02 08:06:26.708343

z048p6h0yy2 >> End >> 2020-10-02 08:06:26.881542

eervmi8v3i6 >> Start >> 2020-10-02 08:08:19.545737

eervmi8v3i6 >> Image Returned >> 2020-10-02 08:08:19.549102

eervmi8v3i6 >> End >> 2020-10-02 08:08:19.729993

gqs5pqigvnq >> Start >> 2020-10-02 08:08:59.810723

gqs5pqigvnq >> Image Returned >> 2020-10-02 08:08:59.814187

gqs5pqigvnq >> End >> 2020-10-02 08:08:59.992221

y0jiyv4crvr >> Start >> 2020-10-02 08:09:52.098028

y0jiyv4crvr >> Image Returned >> 2020-10-02 08:09:52.101353

y0jiyv4crvr >> End >> 2020-10-02 08:09:52.263977

njrrt05y8oq >> Start >> 2020-10-02 08:10:23.659138

njrrt05y8oq >> Image Returned >> 2020-10-02 08:10:23.663536

njrrt05y8oq >> End >> 2020-10-02 08:10:23.787390

07dspb2bpkb >> Start >> 2020-10-02 08:17:42.559207

07dspb2bpkb >> Image Returned >> 2020-10-02 08:17:42.562788

07dspb2bpkb >> End >> 2020-10-02 08:17:42.734580

wb7z2xgfdjx >> Start >> 2020-10-02 08:18:36.322393

wb7z2xgfdjx >> Image Returned >> 2020-10-02 08:18:36.325858

wb7z2xgfdjx >> End >> 2020-10-02 08:18:36.493073

2jzoyp7bwrz >> Start >> 2020-10-02 08:18:54.655836

2jzoyp7bwrz >> Image Returned >> 2020-10-02 08:18:54.658963

2jzoyp7bwrz >> End >> 2020-10-02 08:18:54.825819

55b85u22h0t >> Start >> 2020-10-02 08:19:11.852029

55b85u22h0t >> Image Returned >> 2020-10-02 08:19:11.855374

55b85u22h0t >> End >> 2020-10-02 08:19:12.023315

phf0eytoe0m >> Start >> 2020-10-02 08:20:10.510803

phf0eytoe0m >> Image Returned >> 2020-10-02 08:20:10.513778

phf0eytoe0m >> End >> 2020-10-02 08:20:10.712903

bootj3a783a >> Start >> 2020-10-02 08:25:39.657021

bootj3a783a >> Image Returned >> 2020-10-02 08:25:39.660171

bootj3a783a >> End >> 2020-10-02 08:25:39.821959

gtonx6h3rrs >> Start >> 2020-10-02 08:28:10.090758

gtonx6h3rrs >> Image Returned >> 2020-10-02 08:28:10.093723

gtonx6h3rrs >> End >> 2020-10-02 08:28:10.256607

ayc4eg42vp0 >> Start >> 2020-10-02 08:33:05.040174

ayc4eg42vp0 >> Image Returned >> 2020-10-02 08:33:05.043215

ayc4eg42vp0 >> End >> 2020-10-02 08:33:05.223687

aivkiog6x50 >> Start >> 2020-10-02 08:36:03.498725

aivkiog6x50 >> Image Returned >> 2020-10-02 08:36:03.506639

aivkiog6x50 >> End >> 2020-10-02 08:36:03.672020

y4ww224g2zj >> Start >> 2020-10-02 08:37:15.222359

y4ww224g2zj >> Image Returned >> 2020-10-02 08:37:15.225711

y4ww224g2zj >> End >> 2020-10-02 08:37:15.392147

7qauag0x4j5 >> Start >> 2020-10-02 08:37:29.651678

7qauag0x4j5 >> Image Returned >> 2020-10-02 08:37:29.654629

7qauag0x4j5 >> End >> 2020-10-02 08:37:29.823976

igbknv2ceoa >> Start >> 2020-10-02 08:39:26.929212

igbknv2ceoa >> Image Returned >> 2020-10-02 08:39:26.932353

igbknv2ceoa >> End >> 2020-10-02 08:39:27.108978

qvo55qdcyc5 >> Start >> 2020-10-02 08:46:14.651861

qvo55qdcyc5 >> Image Returned >> 2020-10-02 08:46:14.655095

qvo55qdcyc5 >> End >> 2020-10-02 08:46:14.838586

4tgenub06pa >> Start >> 2020-10-02 08:46:44.792300

4tgenub06pa >> Image Returned >> 2020-10-02 08:46:44.795826

4tgenub06pa >> End >> 2020-10-02 08:46:44.961065

xhbr3kc66fp >> Start >> 2020-10-02 08:47:20.932575

xhbr3kc66fp >> Image Returned >> 2020-10-02 08:47:20.936930

xhbr3kc66fp >> End >> 2020-10-02 08:47:21.065413

84f6u3vshrc >> Start >> 2020-10-02 08:47:48.283237

84f6u3vshrc >> Image Returned >> 2020-10-02 08:47:48.286209

84f6u3vshrc >> End >> 2020-10-02 08:47:48.411523

yggct08kus2 >> Start >> 2020-10-02 08:51:13.271173

yggct08kus2 >> Image Returned >> 2020-10-02 08:51:13.274152

yggct08kus2 >> End >> 2020-10-02 08:51:13.436703

kfed3xyub3z >> Start >> 2020-10-02 08:52:09.347424

kfed3xyub3z >> Image Returned >> 2020-10-02 08:52:09.350778

kfed3xyub3z >> End >> 2020-10-02 08:52:09.520925

vrsus3qjfbt >> Start >> 2020-10-02 08:55:02.469964

vrsus3qjfbt >> Image Returned >> 2020-10-02 08:55:02.473685

vrsus3qjfbt >> End >> 2020-10-02 08:55:02.633563

dwawibxf3u8 >> Start >> 2020-10-02 08:58:50.941360

dwawibxf3u8 >> Image Returned >> 2020-10-02 08:58:50.944467

dwawibxf3u8 >> End >> 2020-10-02 08:58:51.107773

zwa00rpumhu >> Start >> 2020-10-02 09:01:05.625499

zwa00rpumhu >> Image Returned >> 2020-10-02 09:01:05.628865

zwa00rpumhu >> End >> 2020-10-02 09:01:05.796576

s4ys6pqeuvf >> Start >> 2020-10-02 09:01:14.173497

s4ys6pqeuvf >> Image Returned >> 2020-10-02 09:01:14.173778

s4ys6pqeuvf >> End >> 2020-10-02 09:01:14.300517

amgxcg47ne3 >> Start >> 2020-10-02 09:01:32.191838

amgxcg47ne3 >> Image Returned >> 2020-10-02 09:01:32.194859

amgxcg47ne3 >> End >> 2020-10-02 09:01:32.361289

n8q0p5poa6d >> Start >> 2020-10-02 09:01:32.501564

n8q0p5poa6d >> Image Returned >> 2020-10-02 09:01:32.501857

n8q0p5poa6d >> End >> 2020-10-02 09:01:32.666695

a3t2yraorfu >> Start >> 2020-10-02 09:02:06.375778

a3t2yraorfu >> Image Returned >> 2020-10-02 09:02:06.379259

a3t2yraorfu >> End >> 2020-10-02 09:02:06.562915

qx4w4xxgvaa >> Start >> 2020-10-02 09:03:28.029849

qx4w4xxgvaa >> Image Returned >> 2020-10-02 09:03:28.032972

qx4w4xxgvaa >> End >> 2020-10-02 09:03:28.196822

fme7ffparw4 >> Start >> 2020-10-02 09:05:04.326864

fme7ffparw4 >> Image Returned >> 2020-10-02 09:05:04.330482

fme7ffparw4 >> End >> 2020-10-02 09:05:04.494409

c05x865omz4 >> Start >> 2020-10-02 09:09:54.780896

c05x865omz4 >> Image Returned >> 2020-10-02 09:09:54.784292

c05x865omz4 >> End >> 2020-10-02 09:09:54.949369

dj2urn3bttz >> Start >> 2020-10-02 09:12:58.398700

dj2urn3bttz >> Image Returned >> 2020-10-02 09:12:58.399193

dj2urn3bttz >> End >> 2020-10-02 09:12:58.560108

8dxx5d6bwcc >> Start >> 2020-10-02 09:13:18.073746

8dxx5d6bwcc >> Image Returned >> 2020-10-02 09:13:18.076900

8dxx5d6bwcc >> End >> 2020-10-02 09:13:18.245564

yyrztpjyzov >> Start >> 2020-10-02 09:13:24.462802

yyrztpjyzov >> Image Returned >> 2020-10-02 09:13:24.463166

yyrztpjyzov >> End >> 2020-10-02 09:13:24.587977

sa6hms7t8oo >> Start >> 2020-10-02 09:15:13.911587

sa6hms7t8oo >> Image Returned >> 2020-10-02 09:15:13.914604

sa6hms7t8oo >> End >> 2020-10-02 09:15:14.078178

pb4opkmmuyj >> Start >> 2020-10-02 09:15:22.211443

pb4opkmmuyj >> Image Returned >> 2020-10-02 09:15:22.211715

pb4opkmmuyj >> End >> 2020-10-02 09:15:22.378489

tno6qvmtn38 >> Start >> 2020-10-02 09:15:46.256510

tno6qvmtn38 >> Image Returned >> 2020-10-02 09:15:46.260169

tno6qvmtn38 >> End >> 2020-10-02 09:15:46.428586

kvto2e4xqza >> Start >> 2020-10-02 09:16:46.115394

kvto2e4xqza >> Image Returned >> 2020-10-02 09:16:46.128278

drhagjms8zg >> Start >> 2020-10-02 09:16:46.206912

drhagjms8zg >> Image Returned >> 2020-10-02 09:16:46.209893

kvto2e4xqza >> End >> 2020-10-02 09:16:46.259421

drhagjms8zg >> End >> 2020-10-02 09:16:46.379180

yuy05fg672m >> Start >> 2020-10-02 09:17:49.091281

yuy05fg672m >> Image Returned >> 2020-10-02 09:17:49.094785

yuy05fg672m >> End >> 2020-10-02 09:17:49.284986

z7n68bck3ev >> Start >> 2020-10-02 09:18:31.974760

z7n68bck3ev >> Image Returned >> 2020-10-02 09:18:31.977843

z7n68bck3ev >> End >> 2020-10-02 09:18:32.142492

dnsjerkpezc >> Start >> 2020-10-02 09:20:40.150902

dnsjerkpezc >> Image Returned >> 2020-10-02 09:20:40.154488

dnsjerkpezc >> End >> 2020-10-02 09:20:40.321682

6bmtiiu74b8 >> Start >> 2020-10-02 09:21:11.499468

6bmtiiu74b8 >> Image Returned >> 2020-10-02 09:21:11.502515

6bmtiiu74b8 >> End >> 2020-10-02 09:21:11.672480

sp3eh5v7045 >> Start >> 2020-10-02 09:23:08.580306

sp3eh5v7045 >> Image Returned >> 2020-10-02 09:23:08.583467

sp3eh5v7045 >> End >> 2020-10-02 09:23:08.740148

hden6pjhqgt >> Start >> 2020-10-02 09:24:08.164757

hden6pjhqgt >> Image Returned >> 2020-10-02 09:24:08.167692

hden6pjhqgt >> End >> 2020-10-02 09:24:08.329777

zaifjqthwqr >> Start >> 2020-10-02 09:24:27.341031

zaifjqthwqr >> Image Returned >> 2020-10-02 09:24:27.344280

zaifjqthwqr >> End >> 2020-10-02 09:24:27.511202

ikp7d7wkuec >> Start >> 2020-10-02 09:27:20.267384

ikp7d7wkuec >> Image Returned >> 2020-10-02 09:27:20.271770

ikp7d7wkuec >> End >> 2020-10-02 09:27:20.435415

oh6bpem502w >> Start >> 2020-10-02 09:27:39.802118

oh6bpem502w >> Image Returned >> 2020-10-02 09:27:39.806370

oh6bpem502w >> End >> 2020-10-02 09:27:39.965857

ne3rcvti0vr >> Start >> 2020-10-02 09:27:41.598793

ne3rcvti0vr >> Image Returned >> 2020-10-02 09:27:41.599184

ne3rcvti0vr >> End >> 2020-10-02 09:27:41.803901

w2wqn0p0p2i >> Start >> 2020-10-02 09:35:55.108026

w2wqn0p0p2i >> Image Returned >> 2020-10-02 09:35:55.113295

w2wqn0p0p2i >> End >> 2020-10-02 09:35:55.289766

vyjqi5h7in5 >> Start >> 2020-10-02 09:38:30.538985

vyjqi5h7in5 >> Image Returned >> 2020-10-02 09:38:30.543334

vyjqi5h7in5 >> End >> 2020-10-02 09:38:30.729132

qddsbjm8b85 >> Start >> 2020-10-02 09:39:46.844533

qddsbjm8b85 >> Image Returned >> 2020-10-02 09:39:46.848536

qddsbjm8b85 >> End >> 2020-10-02 09:39:47.014338

weqqr6808qk >> Start >> 2020-10-02 09:42:15.989146

weqqr6808qk >> Image Returned >> 2020-10-02 09:42:15.992317

weqqr6808qk >> End >> 2020-10-02 09:42:16.149039

ds2uhxgwuev >> Start >> 2020-10-02 09:47:45.859464

ds2uhxgwuev >> Image Returned >> 2020-10-02 09:47:45.863037

ds2uhxgwuev >> End >> 2020-10-02 09:47:46.031729

5pzahbhbez7 >> Start >> 2020-10-02 09:53:38.219935

5pzahbhbez7 >> Image Returned >> 2020-10-02 09:53:38.224112

5pzahbhbez7 >> End >> 2020-10-02 09:53:38.351409

uvmngyb8o2u >> Start >> 2020-10-02 09:54:48.736402

uvmngyb8o2u >> Image Returned >> 2020-10-02 09:54:48.740248

uvmngyb8o2u >> End >> 2020-10-02 09:54:48.863786

gz2juyueifq >> Start >> 2020-10-02 10:01:00.232110

gz2juyueifq >> Image Returned >> 2020-10-02 10:01:00.235162

gz2juyueifq >> End >> 2020-10-02 10:01:00.397250

je4qkrhgkx8 >> Start >> 2020-10-02 10:06:31.056462

je4qkrhgkx8 >> Image Returned >> 2020-10-02 10:06:31.059546

je4qkrhgkx8 >> End >> 2020-10-02 10:06:31.221019

0o66ahuqyoc >> Start >> 2020-10-02 10:09:00.844022

0o66ahuqyoc >> Image Returned >> 2020-10-02 10:09:00.847496

0o66ahuqyoc >> End >> 2020-10-02 10:09:01.007980

zoz2wssfsu4 >> Start >> 2020-10-02 10:12:55.881288

zoz2wssfsu4 >> Image Returned >> 2020-10-02 10:12:55.885034

zoz2wssfsu4 >> End >> 2020-10-02 10:12:56.092919

a4yxofkxif6 >> Start >> 2020-10-02 10:13:20.581317

a4yxofkxif6 >> Image Returned >> 2020-10-02 10:13:20.584336

a4yxofkxif6 >> End >> 2020-10-02 10:13:20.742888

icqefiwdofp >> Start >> 2020-10-02 10:17:06.440103

icqefiwdofp >> Image Returned >> 2020-10-02 10:17:06.444250

icqefiwdofp >> End >> 2020-10-02 10:17:06.614351

wozsaub356o >> Start >> 2020-10-02 10:18:27.272212

wozsaub356o >> Image Returned >> 2020-10-02 10:18:27.275832

wozsaub356o >> End >> 2020-10-02 10:18:29.521315

e4jwd75ssso >> Start >> 2020-10-02 10:30:45.402817

e4jwd75ssso >> Image Returned >> 2020-10-02 10:30:45.406238

e4jwd75ssso >> End >> 2020-10-02 10:30:45.570363

ud08z3gi5at >> Start >> 2020-10-02 10:32:07.167272

ud08z3gi5at >> Image Returned >> 2020-10-02 10:32:07.170989

ud08z3gi5at >> End >> 2020-10-02 10:32:07.337393

njzjqdrn4vt >> Start >> 2020-10-02 10:32:56.447333

njzjqdrn4vt >> Image Returned >> 2020-10-02 10:32:56.451443

njzjqdrn4vt >> End >> 2020-10-02 10:32:56.627337

duwcsbe5ngx >> Start >> 2020-10-02 10:34:28.163753

duwcsbe5ngx >> Image Returned >> 2020-10-02 10:34:28.166809

duwcsbe5ngx >> End >> 2020-10-02 10:34:28.348898

uacyxxwj4yd >> Start >> 2020-10-02 10:34:31.931653

uacyxxwj4yd >> Image Returned >> 2020-10-02 10:34:31.932012

uacyxxwj4yd >> End >> 2020-10-02 10:34:32.123073

uhmz23mxqnm >> Start >> 2020-10-02 10:36:35.093472

uhmz23mxqnm >> Image Returned >> 2020-10-02 10:36:35.096807

uhmz23mxqnm >> End >> 2020-10-02 10:36:35.260246

exffc5ozfsg >> Start >> 2020-10-02 10:36:49.090008

exffc5ozfsg >> Image Returned >> 2020-10-02 10:36:49.093502

exffc5ozfsg >> End >> 2020-10-02 10:36:49.260396

2ioucpsjjxs >> Start >> 2020-10-02 10:40:32.181992

2ioucpsjjxs >> Image Returned >> 2020-10-02 10:40:32.185494

2ioucpsjjxs >> End >> 2020-10-02 10:40:32.348707

5rd7ut4y472 >> Start >> 2020-10-02 10:42:00.951730

5rd7ut4y472 >> Image Returned >> 2020-10-02 10:42:00.955260

5rd7ut4y472 >> End >> 2020-10-02 10:42:01.117933

rf3i2qo75qu >> Start >> 2020-10-02 10:45:55.890477

rf3i2qo75qu >> Image Returned >> 2020-10-02 10:45:55.893739

rf3i2qo75qu >> End >> 2020-10-02 10:45:56.063334

6cu6t78cid4 >> Start >> 2020-10-02 10:46:37.042186

6cu6t78cid4 >> Image Returned >> 2020-10-02 10:46:37.045229

6cu6t78cid4 >> End >> 2020-10-02 10:46:37.216217

srpv376y2kr >> Start >> 2020-10-02 10:51:37.021893

srpv376y2kr >> Image Returned >> 2020-10-02 10:51:37.024991

srpv376y2kr >> End >> 2020-10-02 10:51:37.189133

4n87zgd4r4v >> Start >> 2020-10-02 10:57:02.694120

4n87zgd4r4v >> Image Returned >> 2020-10-02 10:57:02.697984

4n87zgd4r4v >> End >> 2020-10-02 10:57:02.858937

mrb3jog80g5 >> Start >> 2020-10-02 10:57:10.983740

mrb3jog80g5 >> Image Returned >> 2020-10-02 10:57:10.984210

mrb3jog80g5 >> End >> 2020-10-02 10:57:11.142087

hgknmcif7hu >> Start >> 2020-10-02 11:00:07.167558

hgknmcif7hu >> Image Returned >> 2020-10-02 11:00:07.170614

hgknmcif7hu >> End >> 2020-10-02 11:00:07.330463

gfjiesvvt2j >> Start >> 2020-10-02 11:04:45.387382

gfjiesvvt2j >> Image Returned >> 2020-10-02 11:04:45.390861

gfjiesvvt2j >> End >> 2020-10-02 11:04:45.559763

atvndxz87vv >> Start >> 2020-10-02 11:04:53.656280

atvndxz87vv >> Image Returned >> 2020-10-02 11:04:53.656563

atvndxz87vv >> End >> 2020-10-02 11:04:53.821939

67g0mfou7ig >> Start >> 2020-10-02 11:04:56.263289

67g0mfou7ig >> Image Returned >> 2020-10-02 11:04:56.263580

67g0mfou7ig >> End >> 2020-10-02 11:04:56.424402

dwjrohgfhnk >> Start >> 2020-10-02 11:05:42.843290

dwjrohgfhnk >> Image Returned >> 2020-10-02 11:05:42.846796

dwjrohgfhnk >> End >> 2020-10-02 11:05:43.008893

cx3i2gvxphm >> Start >> 2020-10-02 11:06:24.015991

cx3i2gvxphm >> Image Returned >> 2020-10-02 11:06:24.020531

cx3i2gvxphm >> End >> 2020-10-02 11:06:24.194415

grwkcn0ea8k >> Start >> 2020-10-02 11:07:03.305974

grwkcn0ea8k >> Image Returned >> 2020-10-02 11:07:03.310524

grwkcn0ea8k >> End >> 2020-10-02 11:07:03.473937

her8th862us >> Start >> 2020-10-02 11:07:39.508703

her8th862us >> Image Returned >> 2020-10-02 11:07:39.511749

her8th862us >> End >> 2020-10-02 11:07:39.696429

8umjitr7n4x >> Start >> 2020-10-02 11:08:43.055670

8umjitr7n4x >> Image Returned >> 2020-10-02 11:08:43.059000

8umjitr7n4x >> End >> 2020-10-02 11:08:43.231266

jsdqgxxhr2n >> Start >> 2020-10-02 11:10:09.056771

jsdqgxxhr2n >> Image Returned >> 2020-10-02 11:10:09.059854

jsdqgxxhr2n >> End >> 2020-10-02 11:10:09.222218

wse24okuxgh >> Start >> 2020-10-02 11:10:11.931065

wse24okuxgh >> Image Returned >> 2020-10-02 11:10:11.931375

wse24okuxgh >> End >> 2020-10-02 11:10:12.099898

jpqd4jg8f7y >> Start >> 2020-10-02 11:14:50.320642

jpqd4jg8f7y >> Image Returned >> 2020-10-02 11:14:50.324470

jpqd4jg8f7y >> End >> 2020-10-02 11:14:50.516767

nu2konoyny7 >> Start >> 2020-10-02 11:15:13.379293

nu2konoyny7 >> Image Returned >> 2020-10-02 11:15:13.382335

nu2konoyny7 >> End >> 2020-10-02 11:15:13.546022

wdy7y3st7hw >> Start >> 2020-10-02 11:20:16.038115

wdy7y3st7hw >> Image Returned >> 2020-10-02 11:20:16.041102

wdy7y3st7hw >> End >> 2020-10-02 11:20:16.212090

hc6rt436eso >> Start >> 2020-10-02 11:20:29.681946

hc6rt436eso >> Image Returned >> 2020-10-02 11:20:29.685003

hc6rt436eso >> End >> 2020-10-02 11:20:29.856259

2j2gcz83gh7 >> Start >> 2020-10-02 11:21:52.745793

2j2gcz83gh7 >> Image Returned >> 2020-10-02 11:21:52.749248

2j2gcz83gh7 >> End >> 2020-10-02 11:21:52.931659

ozx3ats6v4v >> Start >> 2020-10-02 11:24:33.643451

ozx3ats6v4v >> Image Returned >> 2020-10-02 11:24:33.646683

ozx3ats6v4v >> End >> 2020-10-02 11:24:33.821893

nur3cim0kni >> Start >> 2020-10-02 11:24:45.162101

nur3cim0kni >> Image Returned >> 2020-10-02 11:24:45.166506

nur3cim0kni >> End >> 2020-10-02 11:24:45.358633

fm3xhun87hy >> Start >> 2020-10-02 11:25:53.349011

fm3xhun87hy >> Image Returned >> 2020-10-02 11:25:53.352852

fm3xhun87hy >> End >> 2020-10-02 11:25:53.552762

uxj7yhc6jkn >> Start >> 2020-10-02 11:25:55.302488

uxj7yhc6jkn >> Image Returned >> 2020-10-02 11:25:55.302773

uxj7yhc6jkn >> End >> 2020-10-02 11:25:55.473973

a80ehcf3ndh >> Start >> 2020-10-02 11:26:08.138338

a80ehcf3ndh >> Image Returned >> 2020-10-02 11:26:08.142433

a80ehcf3ndh >> End >> 2020-10-02 11:26:08.318383

jxmtdwpbbhy >> Start >> 2020-10-02 11:31:50.236534

jxmtdwpbbhy >> Image Returned >> 2020-10-02 11:31:50.240086

jxmtdwpbbhy >> End >> 2020-10-02 11:31:50.412194

cofdu8abezd >> Start >> 2020-10-02 11:32:33.306622

cofdu8abezd >> Image Returned >> 2020-10-02 11:32:33.309926

cofdu8abezd >> End >> 2020-10-02 11:32:33.472173

g54wawsep62 >> Start >> 2020-10-02 11:38:34.772232

g54wawsep62 >> Image Returned >> 2020-10-02 11:38:34.775182

g54wawsep62 >> End >> 2020-10-02 11:38:34.952394

k4w8js4yxbs >> Start >> 2020-10-02 11:42:39.615118

k4w8js4yxbs >> Image Returned >> 2020-10-02 11:42:39.619326

k4w8js4yxbs >> End >> 2020-10-02 11:42:39.782949

qc47xr44vnf >> Start >> 2020-10-02 11:43:06.298826

qc47xr44vnf >> Image Returned >> 2020-10-02 11:43:06.302170

qc47xr44vnf >> End >> 2020-10-02 11:43:06.464607

wpcbjny8rdp >> Start >> 2020-10-02 11:45:45.056670

wpcbjny8rdp >> Image Returned >> 2020-10-02 11:45:45.060154

wpcbjny8rdp >> End >> 2020-10-02 11:45:45.223895

bxvumz6d5nq >> Start >> 2020-10-02 11:48:38.851397

bxvumz6d5nq >> Image Returned >> 2020-10-02 11:48:38.854559

bxvumz6d5nq >> End >> 2020-10-02 11:48:39.033426

24etp0gmfxy >> Start >> 2020-10-02 11:51:17.359678

24etp0gmfxy >> Image Returned >> 2020-10-02 11:51:17.363244

24etp0gmfxy >> End >> 2020-10-02 11:51:17.540183

mnptye8iuuz >> Start >> 2020-10-02 11:53:19.907193

mnptye8iuuz >> Image Returned >> 2020-10-02 11:53:19.911509

mnptye8iuuz >> End >> 2020-10-02 11:53:20.109209

jubddx4n8h2 >> Start >> 2020-10-02 11:54:02.037266

jubddx4n8h2 >> Image Returned >> 2020-10-02 11:54:02.040276

jubddx4n8h2 >> End >> 2020-10-02 11:54:02.209788

s225t44jvv7 >> Start >> 2020-10-02 11:54:53.441524

s225t44jvv7 >> Image Returned >> 2020-10-02 11:54:53.445331

s225t44jvv7 >> End >> 2020-10-02 11:54:53.615735

k7q037psfe6 >> Start >> 2020-10-02 11:58:53.372170

k7q037psfe6 >> Image Returned >> 2020-10-02 11:58:53.375837

k7q037psfe6 >> End >> 2020-10-02 11:58:53.534101

3gg35gc7ywy >> Start >> 2020-10-02 12:00:55.066297

3gg35gc7ywy >> Image Returned >> 2020-10-02 12:00:55.069947

3gg35gc7ywy >> End >> 2020-10-02 12:00:55.233091

r0oxb5haxye >> Start >> 2020-10-02 12:01:04.283340

r0oxb5haxye >> Image Returned >> 2020-10-02 12:01:04.283617

r0oxb5haxye >> End >> 2020-10-02 12:01:04.444969

gzieejdq2s3 >> Start >> 2020-10-02 12:01:32.380619

gzieejdq2s3 >> Image Returned >> 2020-10-02 12:01:32.383610

gzieejdq2s3 >> End >> 2020-10-02 12:01:32.545744

cq3o56ime68 >> Start >> 2020-10-02 12:05:13.632309

cq3o56ime68 >> Image Returned >> 2020-10-02 12:05:13.635696

cq3o56ime68 >> End >> 2020-10-02 12:05:13.797712

oqr7hvfbir4 >> Start >> 2020-10-02 12:15:09.495090

oqr7hvfbir4 >> Image Returned >> 2020-10-02 12:15:09.498709

oqr7hvfbir4 >> End >> 2020-10-02 12:15:09.693619

8rzij4hewxp >> Start >> 2020-10-02 12:15:42.292759

8rzij4hewxp >> Image Returned >> 2020-10-02 12:15:42.296039

8rzij4hewxp >> End >> 2020-10-02 12:15:42.461704

a0qm23u60kd >> Start >> 2020-10-02 12:16:26.577184

a0qm23u60kd >> Image Returned >> 2020-10-02 12:16:26.580843

a0qm23u60kd >> End >> 2020-10-02 12:16:26.754595

n3w2xsieinb >> Start >> 2020-10-02 12:17:44.982492

n3w2xsieinb >> Image Returned >> 2020-10-02 12:17:44.985661

n3w2xsieinb >> End >> 2020-10-02 12:17:45.155123

yag5pb2ffme >> Start >> 2020-10-02 12:18:27.614078

yag5pb2ffme >> Image Returned >> 2020-10-02 12:18:27.617456

yag5pb2ffme >> End >> 2020-10-02 12:18:27.876945

uge8t6pc747 >> Start >> 2020-10-02 12:18:58.467408

uge8t6pc747 >> Image Returned >> 2020-10-02 12:18:58.471189

uge8t6pc747 >> End >> 2020-10-02 12:18:58.633460

p6jihqo06mw >> Start >> 2020-10-02 12:19:22.087618

p6jihqo06mw >> Image Returned >> 2020-10-02 12:19:22.090666

p6jihqo06mw >> End >> 2020-10-02 12:19:22.251486

gjwmr6w7h5e >> Start >> 2020-10-02 12:20:49.822254

gjwmr6w7h5e >> Image Returned >> 2020-10-02 12:20:49.826179

gjwmr6w7h5e >> End >> 2020-10-02 12:20:50.002018

3hza5tmhray >> Start >> 2020-10-02 12:27:34.174395

3hza5tmhray >> Image Returned >> 2020-10-02 12:27:34.177501

3hza5tmhray >> End >> 2020-10-02 12:27:34.339776

5n0mg50d5tm >> Start >> 2020-10-02 12:28:07.627785

5n0mg50d5tm >> Image Returned >> 2020-10-02 12:28:07.630722

5n0mg50d5tm >> End >> 2020-10-02 12:28:07.793586

jj38p8hyg6e >> Start >> 2020-10-02 12:29:53.474428

jj38p8hyg6e >> Image Returned >> 2020-10-02 12:29:53.478621

jj38p8hyg6e >> End >> 2020-10-02 12:29:53.675374

wdjakogkezi >> Start >> 2020-10-02 12:29:55.819516

wdjakogkezi >> Image Returned >> 2020-10-02 12:29:55.819808

wdjakogkezi >> End >> 2020-10-02 12:29:56.009385

bpapqzucc3h >> Start >> 2020-10-02 12:31:22.428670

bpapqzucc3h >> Image Returned >> 2020-10-02 12:31:22.431715

bpapqzucc3h >> End >> 2020-10-02 12:31:22.592363

zhvkpf3f8or >> Start >> 2020-10-02 12:36:12.870337

zhvkpf3f8or >> Image Returned >> 2020-10-02 12:36:12.873776

zhvkpf3f8or >> End >> 2020-10-02 12:36:13.067948

dv2fu6uk3cd >> Start >> 2020-10-02 12:36:26.467222

dv2fu6uk3cd >> Image Returned >> 2020-10-02 12:36:26.470293

dv2fu6uk3cd >> End >> 2020-10-02 12:36:26.630608

4beghdya7mr >> Start >> 2020-10-02 12:40:21.938364

4beghdya7mr >> Image Returned >> 2020-10-02 12:40:21.941862

4beghdya7mr >> End >> 2020-10-02 12:40:22.119590

xs2va7dm020 >> Start >> 2020-10-02 12:43:13.349643

xs2va7dm020 >> Image Returned >> 2020-10-02 12:43:13.352775

xs2va7dm020 >> End >> 2020-10-02 12:43:13.536952

it7zqb6p84b >> Start >> 2020-10-02 12:46:56.075532

it7zqb6p84b >> Image Returned >> 2020-10-02 12:46:56.079828

it7zqb6p84b >> End >> 2020-10-02 12:46:56.248138

kx7wiwnnc4a >> Start >> 2020-10-02 12:49:02.110054

kx7wiwnnc4a >> Image Returned >> 2020-10-02 12:49:02.113102

kx7wiwnnc4a >> End >> 2020-10-02 12:49:02.278841

5g53trug6je >> Start >> 2020-10-02 12:50:38.880088

5g53trug6je >> Image Returned >> 2020-10-02 12:50:38.883160

5g53trug6je >> End >> 2020-10-02 12:50:39.043977

qorvo54qiek >> Start >> 2020-10-02 12:54:07.297307

qorvo54qiek >> Image Returned >> 2020-10-02 12:54:07.302122

qorvo54qiek >> End >> 2020-10-02 12:54:07.463104

78yzuehhsc7 >> Start >> 2020-10-02 12:55:26.298942

78yzuehhsc7 >> Image Returned >> 2020-10-02 12:55:26.302360

78yzuehhsc7 >> End >> 2020-10-02 12:55:26.463850

67ube6aduny >> Start >> 2020-10-02 12:55:40.472598

67ube6aduny >> Image Returned >> 2020-10-02 12:55:40.475811

67ube6aduny >> End >> 2020-10-02 12:55:40.637939

328z2k2ove8 >> Start >> 2020-10-02 12:56:27.088530

328z2k2ove8 >> Image Returned >> 2020-10-02 12:56:27.091937

328z2k2ove8 >> End >> 2020-10-02 12:56:27.292254

tx6u82osrp4 >> Start >> 2020-10-02 12:56:55.875580

tx6u82osrp4 >> Image Returned >> 2020-10-02 12:56:55.879764

tx6u82osrp4 >> End >> 2020-10-02 12:56:56.045165

wzn3cntn33i >> Start >> 2020-10-02 13:00:23.904349

wzn3cntn33i >> Image Returned >> 2020-10-02 13:00:23.907689

wzn3cntn33i >> End >> 2020-10-02 13:00:24.074095

thvrjnzkmo8 >> Start >> 2020-10-02 13:02:11.544909

thvrjnzkmo8 >> Image Returned >> 2020-10-02 13:02:11.548154

thvrjnzkmo8 >> End >> 2020-10-02 13:02:11.710387

xtfg284s68x >> Start >> 2020-10-02 13:02:43.216272

xtfg284s68x >> Image Returned >> 2020-10-02 13:02:43.219657

xtfg284s68x >> End >> 2020-10-02 13:02:43.381654

imvzizc346z >> Start >> 2020-10-02 13:09:39.866555

imvzizc346z >> Image Returned >> 2020-10-02 13:09:39.869524

imvzizc346z >> End >> 2020-10-02 13:09:40.059258

uvys38bahq4 >> Start >> 2020-10-02 13:13:52.553689

uvys38bahq4 >> Image Returned >> 2020-10-02 13:13:52.557085

uvys38bahq4 >> End >> 2020-10-02 13:13:52.723582

vnnuhqehcmb >> Start >> 2020-10-02 13:14:12.793647

vnnuhqehcmb >> Image Returned >> 2020-10-02 13:14:12.796600

vnnuhqehcmb >> End >> 2020-10-02 13:14:12.961983

nxwzoeukkdt >> Start >> 2020-10-02 13:15:29.217637

nxwzoeukkdt >> Image Returned >> 2020-10-02 13:15:29.226238

nxwzoeukkdt >> End >> 2020-10-02 13:15:29.425069

sbor6dpbkg0 >> Start >> 2020-10-02 13:16:02.417660

sbor6dpbkg0 >> Image Returned >> 2020-10-02 13:16:02.420639

sbor6dpbkg0 >> End >> 2020-10-02 13:16:02.619394

teqpgssfpwi >> Start >> 2020-10-02 13:17:13.497395

teqpgssfpwi >> Image Returned >> 2020-10-02 13:17:13.500790

teqpgssfpwi >> End >> 2020-10-02 13:17:13.660986

88jwpnaoh3a >> Start >> 2020-10-02 13:17:32.033931

88jwpnaoh3a >> Image Returned >> 2020-10-02 13:17:32.036990

88jwpnaoh3a >> End >> 2020-10-02 13:17:32.203749

dfa0v2iyjg3 >> Start >> 2020-10-02 13:17:56.192991

dfa0v2iyjg3 >> Image Returned >> 2020-10-02 13:17:56.196373

dfa0v2iyjg3 >> End >> 2020-10-02 13:17:56.357239

jxod374cwd2 >> Start >> 2020-10-02 13:19:52.074424

jxod374cwd2 >> Image Returned >> 2020-10-02 13:19:52.077836

jxod374cwd2 >> End >> 2020-10-02 13:19:52.246417

zkdv2550ybr >> Start >> 2020-10-02 13:23:16.961858

zkdv2550ybr >> Image Returned >> 2020-10-02 13:23:16.965362

zkdv2550ybr >> End >> 2020-10-02 13:23:17.175786

y4q02bpbrxw >> Start >> 2020-10-02 13:24:54.497425

y4q02bpbrxw >> Image Returned >> 2020-10-02 13:24:54.501106

y4q02bpbrxw >> End >> 2020-10-02 13:24:54.685697

e6zvswzmxda >> Start >> 2020-10-02 13:31:32.124839

e6zvswzmxda >> Image Returned >> 2020-10-02 13:31:32.128016

e6zvswzmxda >> End >> 2020-10-02 13:31:32.294933

5kc3ky4ahv5 >> Start >> 2020-10-02 13:31:56.495744

5kc3ky4ahv5 >> Image Returned >> 2020-10-02 13:31:56.499648

5kc3ky4ahv5 >> End >> 2020-10-02 13:31:56.669668

foth5wdvj62 >> Start >> 2020-10-02 13:39:58.295866

foth5wdvj62 >> Image Returned >> 2020-10-02 13:39:58.299412

foth5wdvj62 >> End >> 2020-10-02 13:39:58.460298

xstp4kzui2j >> Start >> 2020-10-02 13:42:24.751486

xstp4kzui2j >> Image Returned >> 2020-10-02 13:42:24.755040

xstp4kzui2j >> End >> 2020-10-02 13:42:24.915801

odam755w26k >> Start >> 2020-10-02 13:42:48.095542

odam755w26k >> Image Returned >> 2020-10-02 13:42:48.099289

odam755w26k >> End >> 2020-10-02 13:42:48.275638

t4po4stpz75 >> Start >> 2020-10-02 13:45:33.281544

t4po4stpz75 >> Image Returned >> 2020-10-02 13:45:33.286637

t4po4stpz75 >> End >> 2020-10-02 13:45:33.450547

8m7nmpea3ye >> Start >> 2020-10-02 13:46:27.003179

8m7nmpea3ye >> Image Returned >> 2020-10-02 13:46:27.007646

8m7nmpea3ye >> End >> 2020-10-02 13:46:27.171972

6qecqa0v5f4 >> Start >> 2020-10-02 13:48:50.537126

6qecqa0v5f4 >> Image Returned >> 2020-10-02 13:48:50.541105

6qecqa0v5f4 >> End >> 2020-10-02 13:48:50.722174

bwacwtmcst5 >> Start >> 2020-10-02 13:49:25.740922

bwacwtmcst5 >> Image Returned >> 2020-10-02 13:49:25.744307

bwacwtmcst5 >> End >> 2020-10-02 13:49:25.912417

n6vusk2c06y >> Start >> 2020-10-02 13:54:22.016496

n6vusk2c06y >> Image Returned >> 2020-10-02 13:54:22.019929

n6vusk2c06y >> End >> 2020-10-02 13:54:22.216574

7x86vxp538o >> Start >> 2020-10-02 13:57:59.017935

7x86vxp538o >> Image Returned >> 2020-10-02 13:57:59.021492

7x86vxp538o >> End >> 2020-10-02 13:57:59.190237

mq6i6rxwgxb >> Start >> 2020-10-02 14:03:14.751208

mq6i6rxwgxb >> Image Returned >> 2020-10-02 14:03:14.754753

mq6i6rxwgxb >> End >> 2020-10-02 14:03:14.958508

pj8bsu6tmhj >> Start >> 2020-10-02 14:07:38.419923

pj8bsu6tmhj >> Image Returned >> 2020-10-02 14:07:38.423140

pj8bsu6tmhj >> End >> 2020-10-02 14:07:38.591236

fo3qtut0qqz >> Start >> 2020-10-02 14:10:44.126511

fo3qtut0qqz >> Image Returned >> 2020-10-02 14:10:44.129605

fo3qtut0qqz >> End >> 2020-10-02 14:10:44.293009

so5nivkqx7w >> Start >> 2020-10-02 14:11:50.914268

so5nivkqx7w >> Image Returned >> 2020-10-02 14:11:50.917717

so5nivkqx7w >> End >> 2020-10-02 14:11:51.084084

a2upmx0feds >> Start >> 2020-10-02 14:16:40.311173

a2upmx0feds >> Image Returned >> 2020-10-02 14:16:40.314317

a2upmx0feds >> End >> 2020-10-02 14:16:40.481115

mpjooy3bfv2 >> Start >> 2020-10-02 14:19:38.292145

mpjooy3bfv2 >> Image Returned >> 2020-10-02 14:19:38.292547

mpjooy3bfv2 >> End >> 2020-10-02 14:19:38.457242

gw5aubdc4xr >> Start >> 2020-10-02 14:24:06.004689

gw5aubdc4xr >> Image Returned >> 2020-10-02 14:24:06.007699

gw5aubdc4xr >> End >> 2020-10-02 14:24:06.168308

e8mwnowqgmw >> Start >> 2020-10-02 14:27:43.214535

e8mwnowqgmw >> Image Returned >> 2020-10-02 14:27:43.217616

e8mwnowqgmw >> End >> 2020-10-02 14:27:43.385508

gt3f0te8hh2 >> Start >> 2020-10-02 14:27:54.307815

gt3f0te8hh2 >> Image Returned >> 2020-10-02 14:27:54.308160

gt3f0te8hh2 >> End >> 2020-10-02 14:27:54.498155

v4fvauhbwwx >> Start >> 2020-10-02 14:33:05.511857

v4fvauhbwwx >> Image Returned >> 2020-10-02 14:33:05.514909

v4fvauhbwwx >> End >> 2020-10-02 14:33:05.685007

d7xmcrndr8b >> Start >> 2020-10-02 14:33:53.106416

d7xmcrndr8b >> Image Returned >> 2020-10-02 14:33:53.110318

d7xmcrndr8b >> End >> 2020-10-02 14:33:53.311088

wbfg76f8si4 >> Start >> 2020-10-02 14:34:03.538822

wbfg76f8si4 >> Image Returned >> 2020-10-02 14:34:03.539124

wbfg76f8si4 >> End >> 2020-10-02 14:34:03.707560

snp6fzs5x7w >> Start >> 2020-10-02 14:38:24.062232

snp6fzs5x7w >> Image Returned >> 2020-10-02 14:38:24.065311

snp6fzs5x7w >> End >> 2020-10-02 14:38:24.226484

wvh4qr2zcrh >> Start >> 2020-10-02 14:39:12.060703

wvh4qr2zcrh >> Image Returned >> 2020-10-02 14:39:12.063752

wvh4qr2zcrh >> End >> 2020-10-02 14:39:12.228180

pz4th4qguwp >> Start >> 2020-10-02 14:39:27.084115

pz4th4qguwp >> Image Returned >> 2020-10-02 14:39:27.087261

pz4th4qguwp >> End >> 2020-10-02 14:39:27.266691

gok3nywwzut >> Start >> 2020-10-02 14:39:46.920378

gok3nywwzut >> Image Returned >> 2020-10-02 14:39:46.923453

gok3nywwzut >> End >> 2020-10-02 14:39:47.096352

72ry005ffva >> Start >> 2020-10-02 14:39:51.297177

72ry005ffva >> Image Returned >> 2020-10-02 14:39:51.297467

72ry005ffva >> End >> 2020-10-02 14:39:51.474121

vwg5eqap27z >> Start >> 2020-10-02 14:39:51.625412

vwg5eqap27z >> Image Returned >> 2020-10-02 14:39:51.625721

vwg5eqap27z >> End >> 2020-10-02 14:39:51.802942

0emwvzq37od >> Start >> 2020-10-02 14:40:09.249094

0emwvzq37od >> Image Returned >> 2020-10-02 14:40:09.252919

0emwvzq37od >> End >> 2020-10-02 14:40:09.411998

m07o8iqgcu3 >> Start >> 2020-10-02 14:51:10.458760

m07o8iqgcu3 >> Image Returned >> 2020-10-02 14:51:10.462349

m07o8iqgcu3 >> End >> 2020-10-02 14:51:10.623915

ssp7wzykgw8 >> Start >> 2020-10-02 14:52:07.110390

ssp7wzykgw8 >> Image Returned >> 2020-10-02 14:52:07.113908

ssp7wzykgw8 >> End >> 2020-10-02 14:52:07.283229

06ro4mz657j >> Start >> 2020-10-02 14:53:37.583909

06ro4mz657j >> Image Returned >> 2020-10-02 14:53:37.587297

06ro4mz657j >> End >> 2020-10-02 14:53:37.791672

vfxk05ig6iq >> Start >> 2020-10-02 14:54:32.332055

vfxk05ig6iq >> Image Returned >> 2020-10-02 14:54:32.335681

vfxk05ig6iq >> End >> 2020-10-02 14:54:32.503036

envpz3ao2v4 >> Start >> 2020-10-02 14:55:53.597505

envpz3ao2v4 >> Image Returned >> 2020-10-02 14:55:53.601562

envpz3ao2v4 >> End >> 2020-10-02 14:55:53.834700

de480tfxfq3 >> Start >> 2020-10-02 14:56:07.708914

de480tfxfq3 >> Image Returned >> 2020-10-02 14:56:07.712163

de480tfxfq3 >> End >> 2020-10-02 14:56:07.909729

x0ietb2ohtj >> Start >> 2020-10-02 14:56:35.464462

x0ietb2ohtj >> Image Returned >> 2020-10-02 14:56:35.467503

x0ietb2ohtj >> End >> 2020-10-02 14:56:35.627312

ys5j0xxxjww >> Start >> 2020-10-02 14:57:55.911601

ys5j0xxxjww >> Image Returned >> 2020-10-02 14:57:55.915386

ys5j0xxxjww >> End >> 2020-10-02 14:57:56.083492

fzauqi52vmg >> Start >> 2020-10-02 14:58:56.008088

fzauqi52vmg >> Image Returned >> 2020-10-02 14:58:56.011600

fzauqi52vmg >> End >> 2020-10-02 14:58:56.178540

aomi0avw4yh >> Start >> 2020-10-02 15:03:57.948407

aomi0avw4yh >> Image Returned >> 2020-10-02 15:03:57.952425

aomi0avw4yh >> End >> 2020-10-02 15:03:58.123893

zahczng8un8 >> Start >> 2020-10-02 15:04:02.515835

zahczng8un8 >> Image Returned >> 2020-10-02 15:04:02.516125

zahczng8un8 >> End >> 2020-10-02 15:04:02.676517

qu3kasdd4xi >> Start >> 2020-10-02 15:09:56.247302

qu3kasdd4xi >> Image Returned >> 2020-10-02 15:09:56.250996

qu3kasdd4xi >> End >> 2020-10-02 15:09:56.413595

vnkbyznzs6p >> Start >> 2020-10-02 15:13:38.502475

vnkbyznzs6p >> Image Returned >> 2020-10-02 15:13:38.505620

vnkbyznzs6p >> End >> 2020-10-02 15:13:38.668319

q56sbu8i3af >> Start >> 2020-10-02 15:14:40.318538

q56sbu8i3af >> Image Returned >> 2020-10-02 15:14:40.321888

q56sbu8i3af >> End >> 2020-10-02 15:14:40.484608

5j6fgybg0f6 >> Start >> 2020-10-02 15:15:20.520968

5j6fgybg0f6 >> Image Returned >> 2020-10-02 15:15:20.524157

5j6fgybg0f6 >> End >> 2020-10-02 15:15:20.686585

gmftdz3c0vo >> Start >> 2020-10-02 15:16:46.054342

gmftdz3c0vo >> Image Returned >> 2020-10-02 15:16:46.057358

gmftdz3c0vo >> End >> 2020-10-02 15:16:46.220118

k8wwv56046f >> Start >> 2020-10-02 15:19:19.488532

k8wwv56046f >> Image Returned >> 2020-10-02 15:19:19.493081

k8wwv56046f >> End >> 2020-10-02 15:19:19.654189

akhxm50r708 >> Start >> 2020-10-02 15:24:41.745795

akhxm50r708 >> Image Returned >> 2020-10-02 15:24:41.748908

akhxm50r708 >> End >> 2020-10-02 15:24:41.915446

s7dtvymk4ay >> Start >> 2020-10-02 15:29:19.359821

s7dtvymk4ay >> Image Returned >> 2020-10-02 15:29:19.362961

s7dtvymk4ay >> End >> 2020-10-02 15:29:19.527693

0dujx52vtyt >> Start >> 2020-10-02 15:31:13.781750

0dujx52vtyt >> Image Returned >> 2020-10-02 15:31:13.786386

0dujx52vtyt >> End >> 2020-10-02 15:31:13.950357

3tt7vncgoqm >> Start >> 2020-10-02 15:31:26.214268

3tt7vncgoqm >> Image Returned >> 2020-10-02 15:31:26.217449

3tt7vncgoqm >> End >> 2020-10-02 15:31:26.387394

xjcnx5qix6j >> Start >> 2020-10-02 15:32:05.570117

xjcnx5qix6j >> Image Returned >> 2020-10-02 15:32:05.573404

xjcnx5qix6j >> End >> 2020-10-02 15:32:05.730355

esyx0wzdz6s >> Start >> 2020-10-02 15:32:53.803088

esyx0wzdz6s >> Image Returned >> 2020-10-02 15:32:53.806691

esyx0wzdz6s >> End >> 2020-10-02 15:32:53.969242

j4gq505nubp >> Start >> 2020-10-02 15:34:24.958964

j4gq505nubp >> Image Returned >> 2020-10-02 15:34:24.962198

j4gq505nubp >> End >> 2020-10-02 15:34:25.138465

cvvorfaj3fq >> Start >> 2020-10-02 15:37:03.593955

cvvorfaj3fq >> Image Returned >> 2020-10-02 15:37:03.597975

cvvorfaj3fq >> End >> 2020-10-02 15:37:03.721313

wd285v64eqz >> Start >> 2020-10-02 15:38:04.983431

wd285v64eqz >> Image Returned >> 2020-10-02 15:38:04.986489

wd285v64eqz >> End >> 2020-10-02 15:38:05.150686

8inevj0y0ya >> Start >> 2020-10-02 15:39:01.643294

8inevj0y0ya >> Image Returned >> 2020-10-02 15:39:01.646409

8inevj0y0ya >> End >> 2020-10-02 15:39:01.809238

w5tbmzpzvp6 >> Start >> 2020-10-02 15:40:57.903687

w5tbmzpzvp6 >> Image Returned >> 2020-10-02 15:40:57.907906

w5tbmzpzvp6 >> End >> 2020-10-02 15:40:58.068919

c6puq5aebw3 >> Start >> 2020-10-02 15:45:26.211635

c6puq5aebw3 >> Image Returned >> 2020-10-02 15:45:26.215475

c6puq5aebw3 >> End >> 2020-10-02 15:45:26.387006

rjamo5hcjru >> Start >> 2020-10-02 15:45:58.951339

rjamo5hcjru >> Image Returned >> 2020-10-02 15:45:58.954988

rjamo5hcjru >> End >> 2020-10-02 15:45:59.113986

o7rge0fzhr5 >> Start >> 2020-10-02 15:46:26.783648

o7rge0fzhr5 >> Image Returned >> 2020-10-02 15:46:26.786928

o7rge0fzhr5 >> End >> 2020-10-02 15:46:26.954673

p5h5mvrtext >> Start >> 2020-10-02 15:47:54.747215

p5h5mvrtext >> Image Returned >> 2020-10-02 15:47:54.751429

p5h5mvrtext >> End >> 2020-10-02 15:47:54.985502

rfpbsdqbjfj >> Start >> 2020-10-02 15:48:01.458005

rfpbsdqbjfj >> Image Returned >> 2020-10-02 15:48:01.458293

rfpbsdqbjfj >> End >> 2020-10-02 15:48:01.663166

ibw7e4z80qi >> Start >> 2020-10-02 15:48:30.211086

ibw7e4z80qi >> Image Returned >> 2020-10-02 15:48:30.214195

ibw7e4z80qi >> End >> 2020-10-02 15:48:30.425908

j5eiz2bknrx >> Start >> 2020-10-02 15:50:00.461107

j5eiz2bknrx >> Image Returned >> 2020-10-02 15:50:00.464719

j5eiz2bknrx >> End >> 2020-10-02 15:50:00.624110

exb7t3tfamc >> Start >> 2020-10-02 15:53:03.813738

exb7t3tfamc >> Image Returned >> 2020-10-02 15:53:03.819056

exb7t3tfamc >> End >> 2020-10-02 15:53:03.980737

drht8g46b8i >> Start >> 2020-10-02 15:54:26.591897

drht8g46b8i >> Image Returned >> 2020-10-02 15:54:26.595124

drht8g46b8i >> End >> 2020-10-02 15:54:26.764512

wre5bzbvg54 >> Start >> 2020-10-02 15:54:40.866199

wre5bzbvg54 >> Image Returned >> 2020-10-02 15:54:40.869251

wre5bzbvg54 >> End >> 2020-10-02 15:54:41.031512

oqwz4cqbzq5 >> Start >> 2020-10-02 15:57:12.653187

oqwz4cqbzq5 >> Image Returned >> 2020-10-02 15:57:12.657392

oqwz4cqbzq5 >> End >> 2020-10-02 15:57:12.814973

xnds7czyfsz >> Start >> 2020-10-02 15:57:15.201968

xnds7czyfsz >> Image Returned >> 2020-10-02 15:57:15.202244

xnds7czyfsz >> End >> 2020-10-02 15:57:15.362188

3aew8rv308o >> Start >> 2020-10-02 15:57:43.939630

3aew8rv308o >> Image Returned >> 2020-10-02 15:57:43.942713

3aew8rv308o >> End >> 2020-10-02 15:57:44.110975

nzvukscg0yq >> Start >> 2020-10-02 16:01:27.255335

nzvukscg0yq >> Image Returned >> 2020-10-02 16:01:27.258862

nzvukscg0yq >> End >> 2020-10-02 16:01:27.420480

ucmddckmyjt >> Start >> 2020-10-02 16:01:42.270252

ucmddckmyjt >> Image Returned >> 2020-10-02 16:01:42.273432

ucmddckmyjt >> End >> 2020-10-02 16:01:47.441843

y5usa73ybx4 >> Start >> 2020-10-02 16:03:06.035559

y5usa73ybx4 >> Image Returned >> 2020-10-02 16:03:06.039412

y5usa73ybx4 >> End >> 2020-10-02 16:03:06.200818

e2ajgoww6xe >> Start >> 2020-10-02 16:03:29.087434

e2ajgoww6xe >> Image Returned >> 2020-10-02 16:03:29.090712

e2ajgoww6xe >> End >> 2020-10-02 16:03:29.331228

qkk6virqadp >> Start >> 2020-10-02 16:03:42.213139

qkk6virqadp >> Image Returned >> 2020-10-02 16:03:42.216208

qkk6virqadp >> End >> 2020-10-02 16:03:42.384426

vgp2bcij50g >> Start >> 2020-10-02 16:07:03.073410

vgp2bcij50g >> Image Returned >> 2020-10-02 16:07:03.076812

vgp2bcij50g >> End >> 2020-10-02 16:07:03.239140

hvokcq7hasd >> Start >> 2020-10-02 16:07:26.954516

hvokcq7hasd >> Image Returned >> 2020-10-02 16:07:26.957617

hvokcq7hasd >> End >> 2020-10-02 16:07:27.133390

dh7yiedxywf >> Start >> 2020-10-02 16:07:27.471004

dh7yiedxywf >> Image Returned >> 2020-10-02 16:07:27.471293

dh7yiedxywf >> End >> 2020-10-02 16:07:27.638308

y60oq07jc08 >> Start >> 2020-10-02 16:07:29.912126

y60oq07jc08 >> Image Returned >> 2020-10-02 16:07:29.912405

y60oq07jc08 >> End >> 2020-10-02 16:07:30.079647

qnyi6c8teog >> Start >> 2020-10-02 16:08:09.215447

qnyi6c8teog >> Image Returned >> 2020-10-02 16:08:09.218811

qnyi6c8teog >> End >> 2020-10-02 16:08:09.384322

d86hve8ocft >> Start >> 2020-10-02 16:08:40.653781

d86hve8ocft >> Image Returned >> 2020-10-02 16:08:40.656897

d86hve8ocft >> End >> 2020-10-02 16:08:40.817512

mva77kghd4h >> Start >> 2020-10-02 16:08:44.490078

mva77kghd4h >> Image Returned >> 2020-10-02 16:08:44.490370

mva77kghd4h >> End >> 2020-10-02 16:08:44.695445

55ph0rs4cru >> Start >> 2020-10-02 16:08:44.861546

55ph0rs4cru >> Image Returned >> 2020-10-02 16:08:44.861828

55ph0rs4cru >> End >> 2020-10-02 16:08:45.022114

abaz4s7ovh8 >> Start >> 2020-10-02 16:10:27.920361

abaz4s7ovh8 >> Image Returned >> 2020-10-02 16:10:27.923480

abaz4s7ovh8 >> End >> 2020-10-02 16:10:28.088006

snif0dtyw4c >> Start >> 2020-10-02 16:10:45.408772

snif0dtyw4c >> Image Returned >> 2020-10-02 16:10:45.412065

snif0dtyw4c >> End >> 2020-10-02 16:10:45.574337

ov2ntsoaobj >> Start >> 2020-10-02 16:10:55.085840

ov2ntsoaobj >> Image Returned >> 2020-10-02 16:10:55.086196

ov2ntsoaobj >> End >> 2020-10-02 16:10:55.256110

trp5uxoxear >> Start >> 2020-10-02 16:12:55.555164

trp5uxoxear >> Image Returned >> 2020-10-02 16:12:55.558661

trp5uxoxear >> End >> 2020-10-02 16:12:55.724838

0m36nz0au8z >> Start >> 2020-10-02 16:13:46.302493

0m36nz0au8z >> Image Returned >> 2020-10-02 16:13:46.305550

0m36nz0au8z >> End >> 2020-10-02 16:13:46.466543

r8tu3j3g4q8 >> Start >> 2020-10-02 16:17:55.144579

r8tu3j3g4q8 >> Image Returned >> 2020-10-02 16:17:55.149048

r8tu3j3g4q8 >> End >> 2020-10-02 16:17:55.310144

7pwevitesrk >> Start >> 2020-10-02 16:20:11.433721

7pwevitesrk >> Image Returned >> 2020-10-02 16:20:11.438396

7pwevitesrk >> End >> 2020-10-02 16:20:11.609745

4z5kmmwhmt2 >> Start >> 2020-10-02 16:21:23.121490

4z5kmmwhmt2 >> Image Returned >> 2020-10-02 16:21:23.124988

4z5kmmwhmt2 >> End >> 2020-10-02 16:21:23.290383

hzrkiqqxu8r >> Start >> 2020-10-02 16:22:21.951281

hzrkiqqxu8r >> Image Returned >> 2020-10-02 16:22:21.954389

hzrkiqqxu8r >> End >> 2020-10-02 16:22:22.116040

0i0tojju3is >> Start >> 2020-10-02 16:23:03.928138

0i0tojju3is >> Image Returned >> 2020-10-02 16:23:03.931788

0i0tojju3is >> End >> 2020-10-02 16:23:04.090656

3uwmkcimfmb >> Start >> 2020-10-02 16:23:48.975090

3uwmkcimfmb >> Image Returned >> 2020-10-02 16:23:48.978209

3uwmkcimfmb >> End >> 2020-10-02 16:23:49.143791

iy3x5evv3i7 >> Start >> 2020-10-02 16:23:51.352721

iy3x5evv3i7 >> Image Returned >> 2020-10-02 16:23:51.353161

iy3x5evv3i7 >> End >> 2020-10-02 16:23:51.559149

qs62xuhm0ix >> Start >> 2020-10-02 16:24:40.643069

qs62xuhm0ix >> Image Returned >> 2020-10-02 16:24:40.646219

qs62xuhm0ix >> End >> 2020-10-02 16:24:40.808433

rddx8vwnafn >> Start >> 2020-10-02 16:25:51.388144

rddx8vwnafn >> Image Returned >> 2020-10-02 16:25:51.391782

rddx8vwnafn >> End >> 2020-10-02 16:25:51.576410

bfk8zry748h >> Start >> 2020-10-02 16:26:56.133018

bfk8zry748h >> Image Returned >> 2020-10-02 16:26:56.136991

bfk8zry748h >> End >> 2020-10-02 16:26:56.300386

p8tw3x3y7qf >> Start >> 2020-10-02 16:27:28.465425

p8tw3x3y7qf >> Image Returned >> 2020-10-02 16:27:28.470071

p8tw3x3y7qf >> End >> 2020-10-02 16:27:28.628890

00kf3myw0m3 >> Start >> 2020-10-02 16:30:38.886630

00kf3myw0m3 >> Image Returned >> 2020-10-02 16:30:38.890347

00kf3myw0m3 >> End >> 2020-10-02 16:30:39.059220

v5bhkntkice >> Start >> 2020-10-02 16:33:05.764045

v5bhkntkice >> Image Returned >> 2020-10-02 16:33:05.767251

v5bhkntkice >> End >> 2020-10-02 16:33:05.933657

jusznpmvwrh >> Start >> 2020-10-02 16:33:44.632765

jusznpmvwrh >> Image Returned >> 2020-10-02 16:33:44.635808

jusznpmvwrh >> End >> 2020-10-02 16:33:44.796258

ao6xxcrjhaw >> Start >> 2020-10-02 16:34:35.583862

ao6xxcrjhaw >> Image Returned >> 2020-10-02 16:34:35.587059

ao6xxcrjhaw >> End >> 2020-10-02 16:34:35.751056

ewp3s367np2 >> Start >> 2020-10-02 16:37:16.173366

ewp3s367np2 >> Image Returned >> 2020-10-02 16:37:16.176947

ewp3s367np2 >> End >> 2020-10-02 16:37:16.339509

fw47bv6ntfx >> Start >> 2020-10-02 16:40:27.757831

fw47bv6ntfx >> Image Returned >> 2020-10-02 16:40:27.762506

fw47bv6ntfx >> End >> 2020-10-02 16:40:27.926559

8tivi8w36gu >> Start >> 2020-10-02 16:45:23.534749

8tivi8w36gu >> Image Returned >> 2020-10-02 16:45:23.539503

8tivi8w36gu >> End >> 2020-10-02 16:45:23.711829

3dew8ips002 >> Start >> 2020-10-02 16:45:47.683859

3dew8ips002 >> Image Returned >> 2020-10-02 16:45:47.686981

3dew8ips002 >> End >> 2020-10-02 16:45:47.858176

d77ewn8xxby >> Start >> 2020-10-02 16:50:56.729758

d77ewn8xxby >> Image Returned >> 2020-10-02 16:50:56.733095

d77ewn8xxby >> End >> 2020-10-02 16:50:56.905793

i0dot026atf >> Start >> 2020-10-02 16:51:09.592495

i0dot026atf >> Image Returned >> 2020-10-02 16:51:09.595642

i0dot026atf >> End >> 2020-10-02 16:51:09.763617

mgf2ft3d6r8 >> Start >> 2020-10-02 16:51:50.645298

mgf2ft3d6r8 >> Image Returned >> 2020-10-02 16:51:50.649952

mgf2ft3d6r8 >> End >> 2020-10-02 16:51:50.827828

7ircjs5ip7u >> Start >> 2020-10-02 16:58:05.888950

7ircjs5ip7u >> Image Returned >> 2020-10-02 16:58:05.892257

7ircjs5ip7u >> End >> 2020-10-02 16:58:06.078964

mswu8p0pyzo >> Start >> 2020-10-02 17:00:28.793518

mswu8p0pyzo >> Image Returned >> 2020-10-02 17:00:28.796677

mswu8p0pyzo >> End >> 2020-10-02 17:00:28.955126

vs0y2xtv8my >> Start >> 2020-10-02 17:02:29.710591

vs0y2xtv8my >> Image Returned >> 2020-10-02 17:02:29.714025

vs0y2xtv8my >> End >> 2020-10-02 17:02:29.882071

45u078r36rc >> Start >> 2020-10-02 17:02:50.364051

45u078r36rc >> Image Returned >> 2020-10-02 17:02:50.367479

45u078r36rc >> End >> 2020-10-02 17:02:50.533828

hqh5y284o7s >> Start >> 2020-10-02 17:03:42.872172

hqh5y284o7s >> Image Returned >> 2020-10-02 17:03:42.875379

hqh5y284o7s >> End >> 2020-10-02 17:03:43.040249

4kfxvinbiq2 >> Start >> 2020-10-02 17:08:34.736922

4kfxvinbiq2 >> Image Returned >> 2020-10-02 17:08:34.740788

4kfxvinbiq2 >> End >> 2020-10-02 17:08:34.865590

d3yxst6wmq5 >> Start >> 2020-10-02 17:08:56.602197

d3yxst6wmq5 >> Image Returned >> 2020-10-02 17:08:56.605700

d3yxst6wmq5 >> End >> 2020-10-02 17:08:56.822381

0qri727qjsp >> Start >> 2020-10-02 17:11:47.462862

0qri727qjsp >> Image Returned >> 2020-10-02 17:11:47.465940

0qri727qjsp >> End >> 2020-10-02 17:11:47.629764

rmm6bidjctf >> Start >> 2020-10-02 17:24:52.237071

rmm6bidjctf >> Image Returned >> 2020-10-02 17:24:52.240947

rmm6bidjctf >> End >> 2020-10-02 17:24:52.438808

x7ier3buazy >> Start >> 2020-10-02 17:27:05.064919

x7ier3buazy >> Image Returned >> 2020-10-02 17:27:05.068420

x7ier3buazy >> End >> 2020-10-02 17:27:05.231956

xncnc43c4vy >> Start >> 2020-10-02 17:27:14.152957

xncnc43c4vy >> Image Returned >> 2020-10-02 17:27:14.153244

xncnc43c4vy >> End >> 2020-10-02 17:27:14.319590

gpksjbgiqxq >> Start >> 2020-10-02 17:27:17.055107

gpksjbgiqxq >> Image Returned >> 2020-10-02 17:27:17.055393

gpksjbgiqxq >> End >> 2020-10-02 17:27:17.235901

xt04puytz3b >> Start >> 2020-10-02 17:27:17.783010

xt04puytz3b >> Image Returned >> 2020-10-02 17:27:17.783318

xt04puytz3b >> End >> 2020-10-02 17:27:17.956470

d8jth2zmy38 >> Start >> 2020-10-02 17:30:02.007232

d8jth2zmy38 >> Image Returned >> 2020-10-02 17:30:02.010448

d8jth2zmy38 >> End >> 2020-10-02 17:30:02.184402

2062at50g4j >> Start >> 2020-10-02 17:30:14.801377

2062at50g4j >> Image Returned >> 2020-10-02 17:30:14.804569

2062at50g4j >> End >> 2020-10-02 17:30:14.984734

6e2apnq6rgs >> Start >> 2020-10-02 17:34:06.029644

6e2apnq6rgs >> Image Returned >> 2020-10-02 17:34:06.032861

6e2apnq6rgs >> End >> 2020-10-02 17:34:06.204179

bhkpfwbwhmi >> Start >> 2020-10-02 17:34:36.467936

bhkpfwbwhmi >> Image Returned >> 2020-10-02 17:34:36.471141

bhkpfwbwhmi >> End >> 2020-10-02 17:34:36.635970

6wmgxium0zq >> Start >> 2020-10-02 17:35:30.679246

6wmgxium0zq >> Image Returned >> 2020-10-02 17:35:30.682972

6wmgxium0zq >> End >> 2020-10-02 17:35:30.864367

7aiqb32hdrk >> Start >> 2020-10-02 17:38:13.590802

7aiqb32hdrk >> Image Returned >> 2020-10-02 17:38:13.593868

7aiqb32hdrk >> End >> 2020-10-02 17:38:13.755809

a7b7kojjuj4 >> Start >> 2020-10-02 17:39:41.705701

a7b7kojjuj4 >> Image Returned >> 2020-10-02 17:39:41.708842

a7b7kojjuj4 >> End >> 2020-10-02 17:39:41.873137

qaukmusg0vx >> Start >> 2020-10-02 17:40:13.774300

qaukmusg0vx >> Image Returned >> 2020-10-02 17:40:13.777447

qaukmusg0vx >> End >> 2020-10-02 17:40:13.941868

6q55je2scv5 >> Start >> 2020-10-02 17:44:09.335072

6q55je2scv5 >> Image Returned >> 2020-10-02 17:44:09.338251

6q55je2scv5 >> End >> 2020-10-02 17:44:09.497220

axd3d65k8gr >> Start >> 2020-10-02 17:47:22.120594

axd3d65k8gr >> Image Returned >> 2020-10-02 17:47:22.125349

axd3d65k8gr >> End >> 2020-10-02 17:47:22.290976

0trpzpisv7m >> Start >> 2020-10-02 17:50:05.546890

0trpzpisv7m >> Image Returned >> 2020-10-02 17:50:05.550389

0trpzpisv7m >> End >> 2020-10-02 17:50:05.718486

rbjp4h45niw >> Start >> 2020-10-02 17:51:02.501720

rbjp4h45niw >> Image Returned >> 2020-10-02 17:51:02.505151

rbjp4h45niw >> End >> 2020-10-02 17:51:02.667931

nez6vnium8k >> Start >> 2020-10-02 17:56:07.905344

nez6vnium8k >> Image Returned >> 2020-10-02 17:56:07.910146

nez6vnium8k >> End >> 2020-10-02 17:56:08.072770

7qzg26gewvz >> Start >> 2020-10-02 17:56:18.577313

7qzg26gewvz >> Image Returned >> 2020-10-02 17:56:18.580565

7qzg26gewvz >> End >> 2020-10-02 17:56:18.750242

qxrpc0pseze >> Start >> 2020-10-02 17:59:53.558716

qxrpc0pseze >> Image Returned >> 2020-10-02 17:59:53.561886

qxrpc0pseze >> End >> 2020-10-02 17:59:53.724083

2ci43u8duwi >> Start >> 2020-10-02 18:00:06.393732

2ci43u8duwi >> Image Returned >> 2020-10-02 18:00:06.396969

2ci43u8duwi >> End >> 2020-10-02 18:00:06.523803

x73unui6kup >> Start >> 2020-10-02 18:00:45.055224

x73unui6kup >> Image Returned >> 2020-10-02 18:00:45.058356

x73unui6kup >> End >> 2020-10-02 18:00:45.216295

u4rphwr27qk >> Start >> 2020-10-02 18:02:54.429097

u4rphwr27qk >> Image Returned >> 2020-10-02 18:02:54.432272

u4rphwr27qk >> End >> 2020-10-02 18:02:54.621182

bpx0y0y37ce >> Start >> 2020-10-02 18:05:42.801167

bpx0y0y37ce >> Image Returned >> 2020-10-02 18:05:42.805129

bpx0y0y37ce >> End >> 2020-10-02 18:05:42.965270

er3uaar3jgo >> Start >> 2020-10-02 18:06:27.057686

er3uaar3jgo >> Image Returned >> 2020-10-02 18:06:27.060868

er3uaar3jgo >> End >> 2020-10-02 18:06:27.222729

ofgvt8pd8op >> Start >> 2020-10-02 18:10:34.437475

ofgvt8pd8op >> Image Returned >> 2020-10-02 18:10:34.441133

ofgvt8pd8op >> End >> 2020-10-02 18:10:34.611440

uzte736b0ex >> Start >> 2020-10-02 18:14:42.878102

uzte736b0ex >> Image Returned >> 2020-10-02 18:14:42.881805

uzte736b0ex >> End >> 2020-10-02 18:14:43.055989

akitz08qstb >> Start >> 2020-10-02 18:14:53.165673

akitz08qstb >> Image Returned >> 2020-10-02 18:14:53.165967

758mhpumthd >> Start >> 2020-10-02 18:14:53.170444

758mhpumthd >> Image Returned >> 2020-10-02 18:14:53.173808

akitz08qstb >> End >> 2020-10-02 18:14:53.292510

758mhpumthd >> End >> 2020-10-02 18:14:53.355228

i2myvtibiy5 >> Start >> 2020-10-02 18:16:35.223521

i2myvtibiy5 >> Image Returned >> 2020-10-02 18:16:35.226779

i2myvtibiy5 >> End >> 2020-10-02 18:16:35.393627

qtvj47oz85k >> Start >> 2020-10-02 18:16:44.144606

qtvj47oz85k >> Image Returned >> 2020-10-02 18:16:44.144915

qtvj47oz85k >> End >> 2020-10-02 18:16:44.307076

vkvpiwgn3jt >> Start >> 2020-10-02 18:16:44.527566

vkvpiwgn3jt >> Image Returned >> 2020-10-02 18:16:44.527853

vkvpiwgn3jt >> End >> 2020-10-02 18:16:44.700007

vwbrhpwbwdk >> Start >> 2020-10-02 18:25:00.921978

vwbrhpwbwdk >> Image Returned >> 2020-10-02 18:25:00.926014

vwbrhpwbwdk >> End >> 2020-10-02 18:25:01.099344

u436j4m2zs4 >> Start >> 2020-10-02 18:26:25.622960

u436j4m2zs4 >> Image Returned >> 2020-10-02 18:26:25.626065

u436j4m2zs4 >> End >> 2020-10-02 18:26:25.812213

ficpc23seux >> Start >> 2020-10-02 18:30:17.070478

ficpc23seux >> Image Returned >> 2020-10-02 18:30:17.074723

ficpc23seux >> End >> 2020-10-02 18:30:17.253750

vmporesn6dj >> Start >> 2020-10-02 18:31:30.930834

vmporesn6dj >> Image Returned >> 2020-10-02 18:31:30.935384

vmporesn6dj >> End >> 2020-10-02 18:31:31.401562

67db2fx8hfa >> Start >> 2020-10-02 18:34:29.887759

67db2fx8hfa >> Image Returned >> 2020-10-02 18:34:29.891009

67db2fx8hfa >> End >> 2020-10-02 18:34:30.058912

qkt63romyng >> Start >> 2020-10-02 18:35:06.867856

qkt63romyng >> Image Returned >> 2020-10-02 18:35:06.871344

qkt63romyng >> End >> 2020-10-02 18:35:07.029059

f75yfpa77om >> Start >> 2020-10-02 18:36:18.724947

f75yfpa77om >> Image Returned >> 2020-10-02 18:36:18.728123

f75yfpa77om >> End >> 2020-10-02 18:36:18.894918

hutw5qezjej >> Start >> 2020-10-02 18:36:31.053158

hutw5qezjej >> Image Returned >> 2020-10-02 18:36:31.056313

hutw5qezjej >> End >> 2020-10-02 18:36:31.225986

2wib8s2ff3g >> Start >> 2020-10-02 18:36:31.981548

2wib8s2ff3g >> Image Returned >> 2020-10-02 18:36:31.981836

2wib8s2ff3g >> End >> 2020-10-02 18:36:32.180970

d3kw68uvcjs >> Start >> 2020-10-02 18:37:47.248929

d3kw68uvcjs >> Image Returned >> 2020-10-02 18:37:47.252660

d3kw68uvcjs >> End >> 2020-10-02 18:37:47.415476

c5qtm4ycfru >> Start >> 2020-10-02 18:38:53.500216

c5qtm4ycfru >> Image Returned >> 2020-10-02 18:38:53.503799

c5qtm4ycfru >> End >> 2020-10-02 18:38:53.665858

rynwyq0o7mn >> Start >> 2020-10-02 18:44:02.670794

rynwyq0o7mn >> Image Returned >> 2020-10-02 18:44:02.674705

rynwyq0o7mn >> End >> 2020-10-02 18:44:02.836097

2ob4i547jvs >> Start >> 2020-10-02 18:45:18.812861

2ob4i547jvs >> Image Returned >> 2020-10-02 18:45:18.816346

2ob4i547jvs >> End >> 2020-10-02 18:45:18.984299

hobzzgd5a4w >> Start >> 2020-10-02 18:49:55.292025

hobzzgd5a4w >> Image Returned >> 2020-10-02 18:49:55.295397

hobzzgd5a4w >> End >> 2020-10-02 18:49:55.497112

8z3rgwakajs >> Start >> 2020-10-02 18:51:47.412451

8z3rgwakajs >> Image Returned >> 2020-10-02 18:51:47.416857

8z3rgwakajs >> End >> 2020-10-02 18:51:47.580570

e56tdgm0kpy >> Start >> 2020-10-02 18:54:13.522409

e56tdgm0kpy >> Image Returned >> 2020-10-02 18:54:13.526106

e56tdgm0kpy >> End >> 2020-10-02 18:54:13.694257

vwyehwyj4tu >> Start >> 2020-10-02 18:55:46.264216

vwyehwyj4tu >> Image Returned >> 2020-10-02 18:55:46.268522

vwyehwyj4tu >> End >> 2020-10-02 18:55:46.433502

sm0pyn860jb >> Start >> 2020-10-02 18:56:49.217394

sm0pyn860jb >> Image Returned >> 2020-10-02 18:56:49.221790

sm0pyn860jb >> End >> 2020-10-02 18:56:49.384460

enofi4igza3 >> Start >> 2020-10-02 18:57:03.123904

enofi4igza3 >> Image Returned >> 2020-10-02 18:57:03.127501

enofi4igza3 >> End >> 2020-10-02 18:57:03.294960

u5o0oy8cicz >> Start >> 2020-10-02 18:58:23.646589

u5o0oy8cicz >> Image Returned >> 2020-10-02 18:58:23.650043

u5o0oy8cicz >> End >> 2020-10-02 18:58:23.810414

vgtbizs0v5p >> Start >> 2020-10-02 19:00:35.802007

vgtbizs0v5p >> Image Returned >> 2020-10-02 19:00:35.806327

vgtbizs0v5p >> End >> 2020-10-02 19:00:35.967658

6asotzjjnnn >> Start >> 2020-10-02 19:01:33.911952

6asotzjjnnn >> Image Returned >> 2020-10-02 19:01:33.915396

6asotzjjnnn >> End >> 2020-10-02 19:01:34.075586

3rn64sfsqki >> Start >> 2020-10-02 19:03:07.387327

3rn64sfsqki >> Image Returned >> 2020-10-02 19:03:07.391150

3rn64sfsqki >> End >> 2020-10-02 19:03:07.558765

b85muo5nf04 >> Start >> 2020-10-02 19:03:20.256565

b85muo5nf04 >> Image Returned >> 2020-10-02 19:03:20.259869

b85muo5nf04 >> End >> 2020-10-02 19:03:20.423409

3go8f0ug5id >> Start >> 2020-10-02 19:03:20.516819

3go8f0ug5id >> Image Returned >> 2020-10-02 19:03:20.517127

3go8f0ug5id >> End >> 2020-10-02 19:03:20.706726

rv5id8p2bh6 >> Start >> 2020-10-02 19:04:03.534064

rv5id8p2bh6 >> Image Returned >> 2020-10-02 19:04:03.538558

rv5id8p2bh6 >> End >> 2020-10-02 19:04:03.731390

xoij6q2w72n >> Start >> 2020-10-02 19:04:06.597270

xoij6q2w72n >> Image Returned >> 2020-10-02 19:04:06.597554

xoij6q2w72n >> End >> 2020-10-02 19:04:06.801503

o48sz2fri6u >> Start >> 2020-10-02 19:13:19.236690

o48sz2fri6u >> Image Returned >> 2020-10-02 19:13:19.239860

o48sz2fri6u >> End >> 2020-10-02 19:13:19.417960

yq8scmrhr5t >> Start >> 2020-10-02 19:17:20.138346

yq8scmrhr5t >> Image Returned >> 2020-10-02 19:17:20.142857

yq8scmrhr5t >> End >> 2020-10-02 19:17:20.352061

6h0iwrxbcnr >> Start >> 2020-10-02 19:18:38.932960

6h0iwrxbcnr >> Image Returned >> 2020-10-02 19:18:38.936171

6h0iwrxbcnr >> End >> 2020-10-02 19:18:39.131680

q0esocz4s5j >> Start >> 2020-10-02 19:20:14.709068

q0esocz4s5j >> Image Returned >> 2020-10-02 19:20:14.712639

q0esocz4s5j >> End >> 2020-10-02 19:20:14.874095

z2immofhujg >> Start >> 2020-10-02 19:21:28.415642

z2immofhujg >> Image Returned >> 2020-10-02 19:21:28.421840

z2immofhujg >> End >> 2020-10-02 19:21:28.593297

tzikjoos0uv >> Start >> 2020-10-02 19:24:22.748140

tzikjoos0uv >> Image Returned >> 2020-10-02 19:24:22.751434

tzikjoos0uv >> End >> 2020-10-02 19:24:22.918209

ykkixwx524f >> Start >> 2020-10-02 19:31:48.202342

ykkixwx524f >> Image Returned >> 2020-10-02 19:31:48.205555

ykkixwx524f >> End >> 2020-10-02 19:31:48.375524

idqan2ra6vs >> Start >> 2020-10-02 19:33:44.972961

idqan2ra6vs >> Image Returned >> 2020-10-02 19:33:44.976265

idqan2ra6vs >> End >> 2020-10-02 19:33:45.136733

pt0ywmzdbbr >> Start >> 2020-10-02 19:36:29.903896

pt0ywmzdbbr >> Image Returned >> 2020-10-02 19:36:29.907169

pt0ywmzdbbr >> End >> 2020-10-02 19:36:30.069166

2xvgtz43pih >> Start >> 2020-10-02 19:50:57.717442

2xvgtz43pih >> Image Returned >> 2020-10-02 19:50:57.722326

2xvgtz43pih >> End >> 2020-10-02 19:50:57.894978

47dn3qccrpe >> Start >> 2020-10-02 19:53:38.386487

47dn3qccrpe >> Image Returned >> 2020-10-02 19:53:38.391239

47dn3qccrpe >> End >> 2020-10-02 19:53:38.557849

dg4fso0rbop >> Start >> 2020-10-02 19:55:20.925065

dg4fso0rbop >> Image Returned >> 2020-10-02 19:55:20.929430

dg4fso0rbop >> End >> 2020-10-02 19:55:21.124407

agd0n035m3z >> Start >> 2020-10-02 19:58:02.529761

agd0n035m3z >> Image Returned >> 2020-10-02 19:58:02.534107

agd0n035m3z >> End >> 2020-10-02 19:58:02.701702

umcdr68i6co >> Start >> 2020-10-02 20:03:02.089725

umcdr68i6co >> Image Returned >> 2020-10-02 20:03:02.094675

umcdr68i6co >> End >> 2020-10-02 20:03:02.258908

tjom8j0nm4m >> Start >> 2020-10-02 20:15:36.454725

tjom8j0nm4m >> Image Returned >> 2020-10-02 20:15:36.457904

tjom8j0nm4m >> End >> 2020-10-02 20:15:36.626044

bvtp3chea28 >> Start >> 2020-10-02 20:16:56.159254

bvtp3chea28 >> Image Returned >> 2020-10-02 20:16:56.162545

bvtp3chea28 >> End >> 2020-10-02 20:16:56.328645

n64njozefr5 >> Start >> 2020-10-02 20:18:22.627176

n64njozefr5 >> Image Returned >> 2020-10-02 20:18:22.631654

n64njozefr5 >> End >> 2020-10-02 20:18:22.793591

dbumc0o0qek >> Start >> 2020-10-02 20:18:54.265901

dbumc0o0qek >> Image Returned >> 2020-10-02 20:18:54.269098

dbumc0o0qek >> End >> 2020-10-02 20:18:54.429610

mm2nz3qhaev >> Start >> 2020-10-02 20:21:04.889771

mm2nz3qhaev >> Image Returned >> 2020-10-02 20:21:04.893971

mm2nz3qhaev >> End >> 2020-10-02 20:21:05.107369

uuv4st4iir2 >> Start >> 2020-10-02 20:21:47.200937

uuv4st4iir2 >> Image Returned >> 2020-10-02 20:21:47.204072

uuv4st4iir2 >> End >> 2020-10-02 20:21:47.364289

hwaqazgj88d >> Start >> 2020-10-02 20:21:53.606247

hwaqazgj88d >> Image Returned >> 2020-10-02 20:21:53.606677

hwaqazgj88d >> End >> 2020-10-02 20:21:53.783941

p24oxxmzr04 >> Start >> 2020-10-02 20:21:53.862965

p24oxxmzr04 >> Image Returned >> 2020-10-02 20:21:53.863253

p24oxxmzr04 >> End >> 2020-10-02 20:21:54.025103

sm5ps43vct6 >> Start >> 2020-10-02 20:22:22.785020

sm5ps43vct6 >> Image Returned >> 2020-10-02 20:22:22.788477

sm5ps43vct6 >> End >> 2020-10-02 20:22:22.978208

2mqze2qmwon >> Start >> 2020-10-02 20:23:02.509215

2mqze2qmwon >> Image Returned >> 2020-10-02 20:23:02.513140

2mqze2qmwon >> End >> 2020-10-02 20:23:02.680080

sh8iw5axdey >> Start >> 2020-10-02 20:24:08.331052

sh8iw5axdey >> Image Returned >> 2020-10-02 20:24:08.334180

sh8iw5axdey >> End >> 2020-10-02 20:24:08.498756

ixgjm2ootck >> Start >> 2020-10-02 20:24:28.942179

ixgjm2ootck >> Image Returned >> 2020-10-02 20:24:28.945337

ixgjm2ootck >> End >> 2020-10-02 20:24:29.110980

cyvsfg0b0p7 >> Start >> 2020-10-02 20:34:38.782119

cyvsfg0b0p7 >> Image Returned >> 2020-10-02 20:34:38.785356

cyvsfg0b0p7 >> End >> 2020-10-02 20:34:38.944855

ym2su7k868n >> Start >> 2020-10-02 20:34:57.229695

ym2su7k868n >> Image Returned >> 2020-10-02 20:34:57.233016

ym2su7k868n >> End >> 2020-10-02 20:34:57.396173

3a620wi8bhr >> Start >> 2020-10-02 20:35:04.792154

3a620wi8bhr >> Image Returned >> 2020-10-02 20:35:04.792654

3a620wi8bhr >> End >> 2020-10-02 20:35:04.968931

t3ykwwdedzp >> Start >> 2020-10-02 20:42:31.609163

t3ykwwdedzp >> Image Returned >> 2020-10-02 20:42:31.612829

t3ykwwdedzp >> End >> 2020-10-02 20:42:31.791423

2nothe6hzzu >> Start >> 2020-10-02 20:44:59.296652

2nothe6hzzu >> Image Returned >> 2020-10-02 20:44:59.300750

2nothe6hzzu >> End >> 2020-10-02 20:44:59.466667

spb3kia653e >> Start >> 2020-10-02 20:45:02.754975

spb3kia653e >> Image Returned >> 2020-10-02 20:45:02.755276

spb3kia653e >> End >> 2020-10-02 20:45:02.918080

nxgh0e85a8s >> Start >> 2020-10-02 20:46:08.528287

nxgh0e85a8s >> Image Returned >> 2020-10-02 20:46:08.531485

nxgh0e85a8s >> End >> 2020-10-02 20:46:08.691210

332pvyshcfb >> Start >> 2020-10-02 20:48:24.501296

332pvyshcfb >> Image Returned >> 2020-10-02 20:48:24.504847

332pvyshcfb >> End >> 2020-10-02 20:48:24.667957

8sfzd4660vz >> Start >> 2020-10-02 20:53:38.209501

8sfzd4660vz >> Image Returned >> 2020-10-02 20:53:38.214509

8sfzd4660vz >> End >> 2020-10-02 20:53:38.378068

4iq7pydd08v >> Start >> 2020-10-02 20:58:06.253801

4iq7pydd08v >> Image Returned >> 2020-10-02 20:58:06.257380

4iq7pydd08v >> End >> 2020-10-02 20:58:06.421909

jcz5wp7hi4t >> Start >> 2020-10-02 21:01:56.370893

jcz5wp7hi4t >> Image Returned >> 2020-10-02 21:01:56.374063

jcz5wp7hi4t >> End >> 2020-10-02 21:01:56.546566

nmuci8yvy56 >> Start >> 2020-10-02 21:04:44.935421

nmuci8yvy56 >> Image Returned >> 2020-10-02 21:04:44.940423

nmuci8yvy56 >> End >> 2020-10-02 21:04:45.172900

d8su8yqet3x >> Start >> 2020-10-02 21:09:24.692055

d8su8yqet3x >> Image Returned >> 2020-10-02 21:09:24.695615

d8su8yqet3x >> End >> 2020-10-02 21:09:24.861125

2i3zrjuwcsk >> Start >> 2020-10-02 21:09:35.528335

2i3zrjuwcsk >> Image Returned >> 2020-10-02 21:09:35.528637

2i3zrjuwcsk >> End >> 2020-10-02 21:09:35.701807

nshuhno45sa >> Start >> 2020-10-02 21:10:33.129442

nshuhno45sa >> Image Returned >> 2020-10-02 21:10:33.132929

nshuhno45sa >> End >> 2020-10-02 21:10:33.305486

woc5px0ctfq >> Start >> 2020-10-02 21:16:21.705106

woc5px0ctfq >> Image Returned >> 2020-10-02 21:16:21.708288

woc5px0ctfq >> End >> 2020-10-02 21:16:21.884424

gbbqra2xrfu >> Start >> 2020-10-02 21:16:52.289105

gbbqra2xrfu >> Image Returned >> 2020-10-02 21:16:52.292586

gbbqra2xrfu >> End >> 2020-10-02 21:16:52.452105

dnhavipbjzt >> Start >> 2020-10-02 21:20:25.507077

dnhavipbjzt >> Image Returned >> 2020-10-02 21:20:25.510785

dnhavipbjzt >> End >> 2020-10-02 21:20:25.671307

fimzjugishw >> Start >> 2020-10-02 21:20:36.734981

fimzjugishw >> Image Returned >> 2020-10-02 21:20:36.735297

fimzjugishw >> End >> 2020-10-02 21:20:36.895675

gfsatx0tf66 >> Start >> 2020-10-02 21:20:36.916889

gfsatx0tf66 >> Image Returned >> 2020-10-02 21:20:36.917190

gfsatx0tf66 >> End >> 2020-10-02 21:20:37.081026

uj6m0biz4kp >> Start >> 2020-10-02 21:21:15.975205

uj6m0biz4kp >> Image Returned >> 2020-10-02 21:21:15.978842

uj6m0biz4kp >> End >> 2020-10-02 21:21:16.139906

fv0xvwa6n5o >> Start >> 2020-10-02 21:21:49.918792

fv0xvwa6n5o >> Image Returned >> 2020-10-02 21:21:49.922007

fv0xvwa6n5o >> End >> 2020-10-02 21:21:50.080346

ixoqvuy305o >> Start >> 2020-10-02 21:23:58.050494

ixoqvuy305o >> Image Returned >> 2020-10-02 21:23:58.055097

ixoqvuy305o >> End >> 2020-10-02 21:23:58.255564

a30yyiq337d >> Start >> 2020-10-02 21:25:55.452697

a30yyiq337d >> Image Returned >> 2020-10-02 21:25:55.455913

a30yyiq337d >> End >> 2020-10-02 21:25:55.652579

ru6n2peiu3b >> Start >> 2020-10-02 21:26:30.434712

ru6n2peiu3b >> Image Returned >> 2020-10-02 21:26:30.437995

ru6n2peiu3b >> End >> 2020-10-02 21:26:30.612714

j2he80kvehe >> Start >> 2020-10-02 21:26:52.042212

j2he80kvehe >> Image Returned >> 2020-10-02 21:26:52.045351

j2he80kvehe >> End >> 2020-10-02 21:26:52.214936

06z0r0yzt7j >> Start >> 2020-10-02 21:27:01.134356

06z0r0yzt7j >> Image Returned >> 2020-10-02 21:27:01.134675

06z0r0yzt7j >> End >> 2020-10-02 21:27:01.298588

eg2n36aksc0 >> Start >> 2020-10-02 21:29:22.527640

eg2n36aksc0 >> Image Returned >> 2020-10-02 21:29:22.530981

eg2n36aksc0 >> End >> 2020-10-02 21:29:22.712407

5rp50nhtx4f >> Start >> 2020-10-02 21:30:46.380543

5rp50nhtx4f >> Image Returned >> 2020-10-02 21:30:46.384188

5rp50nhtx4f >> End >> 2020-10-02 21:30:46.546938

yxizge4epif >> Start >> 2020-10-02 21:31:37.767493

yxizge4epif >> Image Returned >> 2020-10-02 21:31:37.770697

yxizge4epif >> End >> 2020-10-02 21:31:37.932518

q8gmwkc3ktm >> Start >> 2020-10-02 21:34:59.535432

q8gmwkc3ktm >> Image Returned >> 2020-10-02 21:34:59.538964

q8gmwkc3ktm >> End >> 2020-10-02 21:34:59.699621

ravnc3n6byc >> Start >> 2020-10-02 21:38:11.966695

ravnc3n6byc >> Image Returned >> 2020-10-02 21:38:11.971643

ravnc3n6byc >> End >> 2020-10-02 21:38:12.144804

qk4gf8hzuhk >> Start >> 2020-10-02 21:51:27.636869

qk4gf8hzuhk >> Image Returned >> 2020-10-02 21:51:27.640916

qk4gf8hzuhk >> End >> 2020-10-02 21:51:27.821445

z50iwxbwcek >> Start >> 2020-10-02 21:56:24.093394

z50iwxbwcek >> Image Returned >> 2020-10-02 21:56:24.097199

z50iwxbwcek >> End >> 2020-10-02 21:56:24.262099

qdiotgkmg04 >> Start >> 2020-10-02 22:06:32.834156

qdiotgkmg04 >> Image Returned >> 2020-10-02 22:06:32.838012

qdiotgkmg04 >> End >> 2020-10-02 22:06:33.024353

k5o8e00sz8h >> Start >> 2020-10-02 22:07:00.961069

k5o8e00sz8h >> Image Returned >> 2020-10-02 22:07:00.964659

k5o8e00sz8h >> End >> 2020-10-02 22:07:01.140866

jxekbq4avkt >> Start >> 2020-10-02 22:07:21.869746

jxekbq4avkt >> Image Returned >> 2020-10-02 22:07:21.873120

jxekbq4avkt >> End >> 2020-10-02 22:07:22.033149

to3swymhjck >> Start >> 2020-10-02 22:07:51.080997

to3swymhjck >> Image Returned >> 2020-10-02 22:07:51.084450

to3swymhjck >> End >> 2020-10-02 22:07:51.251463

2se8c2kun4p >> Start >> 2020-10-02 22:11:23.187760

2se8c2kun4p >> Image Returned >> 2020-10-02 22:11:23.191853

2se8c2kun4p >> End >> 2020-10-02 22:11:23.353523

jnb44wrgqa4 >> Start >> 2020-10-02 22:12:34.081425

jnb44wrgqa4 >> Image Returned >> 2020-10-02 22:12:34.085242

jnb44wrgqa4 >> End >> 2020-10-02 22:12:34.250762

t0ckyrx78nz >> Start >> 2020-10-02 22:16:08.558520

t0ckyrx78nz >> Image Returned >> 2020-10-02 22:16:08.562206

t0ckyrx78nz >> End >> 2020-10-02 22:16:08.727778

256hj5k4vff >> Start >> 2020-10-02 22:16:09.384424

256hj5k4vff >> Image Returned >> 2020-10-02 22:16:09.385066

256hj5k4vff >> End >> 2020-10-02 22:16:09.554795

smg6fkdvy7x >> Start >> 2020-10-02 22:19:17.918282

smg6fkdvy7x >> Image Returned >> 2020-10-02 22:19:17.922710

smg6fkdvy7x >> End >> 2020-10-02 22:19:18.090363

gwq6o6rkjhz >> Start >> 2020-10-02 22:19:49.620655

gwq6o6rkjhz >> Image Returned >> 2020-10-02 22:19:49.625003

gwq6o6rkjhz >> End >> 2020-10-02 22:19:49.787925

8yuyt73vgce >> Start >> 2020-10-02 22:20:08.994390

8yuyt73vgce >> Image Returned >> 2020-10-02 22:20:08.998630

8yuyt73vgce >> End >> 2020-10-02 22:20:09.159372

szhf3kkunk4 >> Start >> 2020-10-02 22:20:33.629722

szhf3kkunk4 >> Image Returned >> 2020-10-02 22:20:33.632965

szhf3kkunk4 >> End >> 2020-10-02 22:20:33.812298

br8pncvn8y4 >> Start >> 2020-10-02 22:22:43.364057

br8pncvn8y4 >> Image Returned >> 2020-10-02 22:22:43.368202

br8pncvn8y4 >> End >> 2020-10-02 22:22:43.529762

pj8svrqn20i >> Start >> 2020-10-02 22:23:14.254930

pj8svrqn20i >> Image Returned >> 2020-10-02 22:23:14.258821

pj8svrqn20i >> End >> 2020-10-02 22:23:14.421554

ez5ta3a7fw7 >> Start >> 2020-10-02 22:29:11.077677

ez5ta3a7fw7 >> Image Returned >> 2020-10-02 22:29:11.081845

ez5ta3a7fw7 >> End >> 2020-10-02 22:29:11.271351

ddwz2acjyge >> Start >> 2020-10-02 22:29:28.821445

ddwz2acjyge >> Image Returned >> 2020-10-02 22:29:28.824697

ddwz2acjyge >> End >> 2020-10-02 22:29:29.020785

zjwz6ca5u2o >> Start >> 2020-10-02 22:33:49.477189

zjwz6ca5u2o >> Image Returned >> 2020-10-02 22:33:49.480779

zjwz6ca5u2o >> End >> 2020-10-02 22:33:49.651557

bjd5zmicmry >> Start >> 2020-10-02 22:38:42.227857

bjd5zmicmry >> Image Returned >> 2020-10-02 22:38:42.232306

bjd5zmicmry >> End >> 2020-10-02 22:38:42.392693

ih5jirb8bkf >> Start >> 2020-10-02 22:41:49.919554

ih5jirb8bkf >> Image Returned >> 2020-10-02 22:41:49.923357

ih5jirb8bkf >> End >> 2020-10-02 22:41:50.090197

bsepqpq5kxj >> Start >> 2020-10-02 22:44:20.810926

bsepqpq5kxj >> Image Returned >> 2020-10-02 22:44:20.815885

bsepqpq5kxj >> End >> 2020-10-02 22:44:20.979752

trbspcjfmj4 >> Start >> 2020-10-02 22:51:21.946798

trbspcjfmj4 >> Image Returned >> 2020-10-02 22:51:21.950552

trbspcjfmj4 >> End >> 2020-10-02 22:51:22.112216

5orzjdemxbw >> Start >> 2020-10-02 22:54:58.171514

5orzjdemxbw >> Image Returned >> 2020-10-02 22:54:58.176280

5orzjdemxbw >> End >> 2020-10-02 22:54:58.348009

c523zpf8wca >> Start >> 2020-10-02 22:55:34.604947

c523zpf8wca >> Image Returned >> 2020-10-02 22:55:34.609030

c523zpf8wca >> End >> 2020-10-02 22:55:34.778898

7rvaef3nsto >> Start >> 2020-10-02 23:09:31.707922

7rvaef3nsto >> Image Returned >> 2020-10-02 23:09:31.711685

7rvaef3nsto >> End >> 2020-10-02 23:09:31.876539

6rf6nbxfk63 >> Start >> 2020-10-02 23:38:06.925781

6rf6nbxfk63 >> Image Returned >> 2020-10-02 23:38:06.930069

6rf6nbxfk63 >> End >> 2020-10-02 23:38:07.100131

gzwp3i82266 >> Start >> 2020-10-02 23:39:00.032263

gzwp3i82266 >> Image Returned >> 2020-10-02 23:39:00.035731

gzwp3i82266 >> End >> 2020-10-02 23:39:00.201616

yuzj6azkeah >> Start >> 2020-10-02 23:53:21.288851

yuzj6azkeah >> Image Returned >> 2020-10-02 23:53:21.294334

yuzj6azkeah >> End >> 2020-10-02 23:53:21.462212

