hxu6sqwj3s6 >> Start >> 2020-06-28 00:45:27.315856

hxu6sqwj3s6 >> Image Returned >> 2020-06-28 00:45:27.324055

hxu6sqwj3s6 >> End >> 2020-06-28 00:45:27.338558

m84vmqwuxzs >> Start >> 2020-06-28 00:52:35.504808

m84vmqwuxzs >> Image Returned >> 2020-06-28 00:52:35.508717

m84vmqwuxzs >> End >> 2020-06-28 00:52:35.521061

q8bro5r0n43 >> Start >> 2020-06-28 02:51:53.304095

q8bro5r0n43 >> Image Returned >> 2020-06-28 02:51:53.313342

q8bro5r0n43 >> End >> 2020-06-28 02:51:53.330183

swo2kvojej5 >> Start >> 2020-06-28 03:08:14.261740

swo2kvojej5 >> Image Returned >> 2020-06-28 03:08:14.267222

swo2kvojej5 >> End >> 2020-06-28 03:08:14.286293

er4eamhdvu2 >> Start >> 2020-06-28 04:55:39.599098

er4eamhdvu2 >> Image Returned >> 2020-06-28 04:55:39.602834

er4eamhdvu2 >> End >> 2020-06-28 04:55:39.616672

cfqqre0jc4p >> Start >> 2020-06-28 07:11:40.954252

cfqqre0jc4p >> Image Returned >> 2020-06-28 07:11:40.957587

cfqqre0jc4p >> End >> 2020-06-28 07:11:40.970642

dkhwh4tw0xs >> Start >> 2020-06-28 07:42:03.451071

dkhwh4tw0xs >> Image Returned >> 2020-06-28 07:42:03.455730

dkhwh4tw0xs >> End >> 2020-06-28 07:42:03.473315

e50va0deg72 >> Start >> 2020-06-28 08:20:59.698169

e50va0deg72 >> Image Returned >> 2020-06-28 08:20:59.701641

e50va0deg72 >> End >> 2020-06-28 08:20:59.712269

zjqkhwdbxmt >> Start >> 2020-06-28 08:36:50.963165

zjqkhwdbxmt >> Image Returned >> 2020-06-28 08:36:50.969052

zjqkhwdbxmt >> End >> 2020-06-28 08:36:50.986001

qnkzwygmrvm >> Start >> 2020-06-28 09:17:35.298794

qnkzwygmrvm >> Image Returned >> 2020-06-28 09:17:35.303705

qnkzwygmrvm >> End >> 2020-06-28 09:17:35.319653

7k82o3h4mch >> Start >> 2020-06-28 10:25:27.735034

7k82o3h4mch >> Image Returned >> 2020-06-28 10:25:27.738567

7k82o3h4mch >> End >> 2020-06-28 10:25:27.749341

4o3weefy4kc >> Start >> 2020-06-28 10:59:14.333798

4o3weefy4kc >> Image Returned >> 2020-06-28 10:59:14.337682

4o3weefy4kc >> End >> 2020-06-28 10:59:14.350785

06fbwunjt3q >> Start >> 2020-06-28 11:37:48.554538

06fbwunjt3q >> Image Returned >> 2020-06-28 11:37:48.559082

06fbwunjt3q >> End >> 2020-06-28 11:37:48.571948

bvjnpfantsz >> Start >> 2020-06-28 11:38:58.734011

bvjnpfantsz >> Image Returned >> 2020-06-28 11:38:58.737713

bvjnpfantsz >> End >> 2020-06-28 11:38:58.748936

50uibe3sa08 >> Start >> 2020-06-28 11:58:33.148380

50uibe3sa08 >> Image Returned >> 2020-06-28 11:58:33.152199

50uibe3sa08 >> End >> 2020-06-28 11:58:33.164983

3ivryy3y7on >> Start >> 2020-06-28 12:39:09.853399

3ivryy3y7on >> Image Returned >> 2020-06-28 12:39:09.856761

3ivryy3y7on >> End >> 2020-06-28 12:39:09.873912

cv7nv5ayt8c >> Start >> 2020-06-28 13:03:54.309051

cv7nv5ayt8c >> Image Returned >> 2020-06-28 13:03:54.312587

cv7nv5ayt8c >> End >> 2020-06-28 13:03:54.325788

nigydgqmph5 >> Start >> 2020-06-28 13:46:48.853569

nigydgqmph5 >> Image Returned >> 2020-06-28 13:46:48.857492

nigydgqmph5 >> End >> 2020-06-28 13:46:48.870320

0kknyrijw6z >> Start >> 2020-06-28 14:39:37.593451

0kknyrijw6z >> Image Returned >> 2020-06-28 14:39:37.597435

0kknyrijw6z >> End >> 2020-06-28 14:39:37.609750

t8ricoh7pri >> Start >> 2020-06-28 14:50:18.201296

t8ricoh7pri >> Image Returned >> 2020-06-28 14:50:18.205583

t8ricoh7pri >> End >> 2020-06-28 14:50:18.222795

zqn4m545m8j >> Start >> 2020-06-28 15:02:51.144085

zqn4m545m8j >> Image Returned >> 2020-06-28 15:02:51.147562

zqn4m545m8j >> End >> 2020-06-28 15:02:51.159842

hau6hwd8q28 >> Start >> 2020-06-28 15:13:41.096338

hau6hwd8q28 >> Image Returned >> 2020-06-28 15:13:41.100193

hau6hwd8q28 >> End >> 2020-06-28 15:13:41.114603

denip5fn4mj >> Start >> 2020-06-28 15:29:44.872397

denip5fn4mj >> Image Returned >> 2020-06-28 15:29:44.877937

denip5fn4mj >> End >> 2020-06-28 15:29:44.889050

sz7wwtrnyyy >> Start >> 2020-06-28 15:44:40.816765

sz7wwtrnyyy >> Image Returned >> 2020-06-28 15:44:40.821201

sz7wwtrnyyy >> End >> 2020-06-28 15:44:40.839844

hkd80qujyxn >> Start >> 2020-06-28 16:13:45.789798

hkd80qujyxn >> Image Returned >> 2020-06-28 16:13:45.793936

hkd80qujyxn >> End >> 2020-06-28 16:13:45.811486

hdwz5m65m2g >> Start >> 2020-06-28 16:29:10.722563

hdwz5m65m2g >> Image Returned >> 2020-06-28 16:29:10.726505

hdwz5m65m2g >> End >> 2020-06-28 16:29:10.743721

pi67g6kurn2 >> Start >> 2020-06-28 16:49:39.952398

pi67g6kurn2 >> Image Returned >> 2020-06-28 16:49:39.957392

pi67g6kurn2 >> End >> 2020-06-28 16:49:39.968722

6pmdsy53dw0 >> Start >> 2020-06-28 16:52:22.995296

6pmdsy53dw0 >> Image Returned >> 2020-06-28 16:52:22.998732

6pmdsy53dw0 >> End >> 2020-06-28 16:52:23.011475

r3dqb45tpda >> Start >> 2020-06-28 16:56:23.015940

r3dqb45tpda >> Image Returned >> 2020-06-28 16:56:23.020576

r3dqb45tpda >> End >> 2020-06-28 16:56:23.037760

0whqztdvnyi >> Start >> 2020-06-28 17:02:37.198188

0whqztdvnyi >> Image Returned >> 2020-06-28 17:02:37.202775

0whqztdvnyi >> End >> 2020-06-28 17:02:37.217020

06msdtypkv4 >> Start >> 2020-06-28 17:51:40.447628

06msdtypkv4 >> Image Returned >> 2020-06-28 17:51:40.451745

06msdtypkv4 >> End >> 2020-06-28 17:51:40.468398

jjd0dz7yd0h >> Start >> 2020-06-28 18:35:12.419533

jjd0dz7yd0h >> Image Returned >> 2020-06-28 18:35:12.423399

jjd0dz7yd0h >> End >> 2020-06-28 18:35:12.434639

ebmha3eaq0p >> Start >> 2020-06-28 18:38:27.057895

ebmha3eaq0p >> Image Returned >> 2020-06-28 18:38:27.062398

ebmha3eaq0p >> End >> 2020-06-28 18:38:27.075436

ib6eht2awzw >> Start >> 2020-06-28 18:51:15.850372

ib6eht2awzw >> Image Returned >> 2020-06-28 18:51:15.855334

ib6eht2awzw >> End >> 2020-06-28 18:51:15.867899

kw7qudtduvt >> Start >> 2020-06-28 19:18:01.666495

kw7qudtduvt >> Image Returned >> 2020-06-28 19:18:01.671127

kw7qudtduvt >> End >> 2020-06-28 19:18:01.689868

6rbgz67ifux >> Start >> 2020-06-28 19:47:30.850672

6rbgz67ifux >> Image Returned >> 2020-06-28 19:47:30.854712

6rbgz67ifux >> End >> 2020-06-28 19:47:30.867042

kwb5sij54j6 >> Start >> 2020-06-28 20:18:56.159399

kwb5sij54j6 >> Image Returned >> 2020-06-28 20:18:56.165195

kwb5sij54j6 >> End >> 2020-06-28 20:18:56.177937

ukz7d0jfx6j >> Start >> 2020-06-28 20:37:02.137027

ukz7d0jfx6j >> Image Returned >> 2020-06-28 20:37:02.144342

ukz7d0jfx6j >> End >> 2020-06-28 20:37:02.157279

xaw53s7wgmn >> Start >> 2020-06-28 20:38:52.773339

xaw53s7wgmn >> Image Returned >> 2020-06-28 20:38:52.778073

xaw53s7wgmn >> End >> 2020-06-28 20:38:52.789496

poexe528a8s >> Start >> 2020-06-28 20:55:02.733062

poexe528a8s >> Image Returned >> 2020-06-28 20:55:02.737632

poexe528a8s >> End >> 2020-06-28 20:55:02.757183

42rt85bxmib >> Start >> 2020-06-28 21:00:30.910373

42rt85bxmib >> Image Returned >> 2020-06-28 21:00:30.913850

42rt85bxmib >> End >> 2020-06-28 21:00:30.929863

q5jetxcofq3 >> Start >> 2020-06-28 21:08:38.317336

q5jetxcofq3 >> Image Returned >> 2020-06-28 21:08:38.321774

q5jetxcofq3 >> End >> 2020-06-28 21:08:38.333986

8tephi72sxb >> Start >> 2020-06-28 21:10:57.905971

8tephi72sxb >> Image Returned >> 2020-06-28 21:10:57.910232

8tephi72sxb >> End >> 2020-06-28 21:10:57.923767

syykncqvshn >> Start >> 2020-06-28 21:12:06.288476

syykncqvshn >> Image Returned >> 2020-06-28 21:12:06.292346

syykncqvshn >> End >> 2020-06-28 21:12:06.302858

iutn8s6qi2h >> Start >> 2020-06-28 21:21:45.676279

iutn8s6qi2h >> Image Returned >> 2020-06-28 21:21:45.680567

iutn8s6qi2h >> End >> 2020-06-28 21:21:45.692773

kmks7iocx04 >> Start >> 2020-06-28 21:23:43.656167

kmks7iocx04 >> Image Returned >> 2020-06-28 21:23:43.661021

kmks7iocx04 >> End >> 2020-06-28 21:23:43.672045

wkvrmfaz5tw >> Start >> 2020-06-28 21:55:35.769217

wkvrmfaz5tw >> Image Returned >> 2020-06-28 21:55:35.774590

wkvrmfaz5tw >> End >> 2020-06-28 21:55:35.790956

bsqady0t3b0 >> Start >> 2020-06-28 21:55:42.792817

bsqady0t3b0 >> Image Returned >> 2020-06-28 21:55:42.793149

bsqady0t3b0 >> End >> 2020-06-28 21:55:42.804220

j0eodmx8vsv >> Start >> 2020-06-28 21:57:53.794770

j0eodmx8vsv >> Image Returned >> 2020-06-28 21:57:53.800254

j0eodmx8vsv >> End >> 2020-06-28 21:57:53.812446

6bat84b56hh >> Start >> 2020-06-28 21:59:25.155586

6bat84b56hh >> Image Returned >> 2020-06-28 21:59:25.160142

6bat84b56hh >> End >> 2020-06-28 21:59:25.171350

56r4sjah33u >> Start >> 2020-06-28 22:01:43.220216

56r4sjah33u >> Image Returned >> 2020-06-28 22:01:43.223830

56r4sjah33u >> End >> 2020-06-28 22:01:43.235228

uue7c2ggmrp >> Start >> 2020-06-28 23:02:23.561357

uue7c2ggmrp >> Image Returned >> 2020-06-28 23:02:23.565800

uue7c2ggmrp >> End >> 2020-06-28 23:02:23.576673

u4aya0zpv2a >> Start >> 2020-06-28 23:02:23.632225

u4aya0zpv2a >> Image Returned >> 2020-06-28 23:02:23.632636

u4aya0zpv2a >> End >> 2020-06-28 23:02:23.642280

iwvxzqnhamg >> Start >> 2020-06-28 23:07:38.049155

iwvxzqnhamg >> Image Returned >> 2020-06-28 23:07:38.053119

iwvxzqnhamg >> End >> 2020-06-28 23:07:38.066190

o2kikupn2x4 >> Start >> 2020-06-28 23:22:00.713124

o2kikupn2x4 >> Image Returned >> 2020-06-28 23:22:00.718105

o2kikupn2x4 >> End >> 2020-06-28 23:22:00.722208

n4awjbj3no0 >> Start >> 2020-06-28 23:40:30.009414

n4awjbj3no0 >> Image Returned >> 2020-06-28 23:40:30.013591

n4awjbj3no0 >> End >> 2020-06-28 23:40:30.030596

s4rk4y748jg >> Start >> 2020-06-28 23:51:16.596388

s4rk4y748jg >> Image Returned >> 2020-06-28 23:51:16.600862

s4rk4y748jg >> End >> 2020-06-28 23:51:16.605264

