3u2vfbzac8e >> Start >> 2020-10-15 00:04:26.163537

3u2vfbzac8e >> Image Returned >> 2020-10-15 00:04:26.167752

3u2vfbzac8e >> End >> 2020-10-15 00:04:26.343961

u4wpchcu7r2 >> Start >> 2020-10-15 00:05:15.224889

u4wpchcu7r2 >> Image Returned >> 2020-10-15 00:05:15.227996

u4wpchcu7r2 >> End >> 2020-10-15 00:05:15.400595

8ufxnuqxti5 >> Start >> 2020-10-15 00:13:23.471043

8ufxnuqxti5 >> Image Returned >> 2020-10-15 00:13:23.473690

8ufxnuqxti5 >> End >> 2020-10-15 00:13:23.639254

60i2wcjdt62 >> Start >> 2020-10-15 00:19:33.985794

60i2wcjdt62 >> Image Returned >> 2020-10-15 00:19:33.990068

60i2wcjdt62 >> End >> 2020-10-15 00:19:34.153542

0pumbxgfzah >> Start >> 2020-10-15 00:24:26.725467

0pumbxgfzah >> Image Returned >> 2020-10-15 00:24:26.728193

0pumbxgfzah >> End >> 2020-10-15 00:24:26.901963

7s75ntdv2vr >> Start >> 2020-10-15 00:25:40.957931

7s75ntdv2vr >> Image Returned >> 2020-10-15 00:25:40.960982

7s75ntdv2vr >> End >> 2020-10-15 00:25:41.128593

4r03bszavdb >> Start >> 2020-10-15 00:26:16.482698

4r03bszavdb >> Image Returned >> 2020-10-15 00:26:16.485604

4r03bszavdb >> End >> 2020-10-15 00:26:16.658729

h7cq0xyktwk >> Start >> 2020-10-15 00:34:04.630021

h7cq0xyktwk >> Image Returned >> 2020-10-15 00:34:04.632755

h7cq0xyktwk >> End >> 2020-10-15 00:34:04.795428

uy6zuntnz3q >> Start >> 2020-10-15 00:35:38.135503

uy6zuntnz3q >> Image Returned >> 2020-10-15 00:35:38.138416

uy6zuntnz3q >> End >> 2020-10-15 00:35:38.308685

4pngngcmkz6 >> Start >> 2020-10-15 01:29:07.088999

4pngngcmkz6 >> Image Returned >> 2020-10-15 01:29:07.092128

4pngngcmkz6 >> End >> 2020-10-15 01:29:07.257951

v2fzn5g45iu >> Start >> 2020-10-15 01:40:05.578110

v2fzn5g45iu >> Image Returned >> 2020-10-15 01:40:05.580863

v2fzn5g45iu >> End >> 2020-10-15 01:40:05.789767

3gafjz7cmg5 >> Start >> 2020-10-15 01:57:14.400501

3gafjz7cmg5 >> Image Returned >> 2020-10-15 01:57:14.403455

3gafjz7cmg5 >> End >> 2020-10-15 01:57:14.584629

qyff35os6gj >> Start >> 2020-10-15 01:57:57.830555

qyff35os6gj >> Image Returned >> 2020-10-15 01:57:57.833473

qyff35os6gj >> End >> 2020-10-15 01:57:58.006721

iickpfc7mdq >> Start >> 2020-10-15 02:04:22.282047

iickpfc7mdq >> Image Returned >> 2020-10-15 02:04:22.284817

iickpfc7mdq >> End >> 2020-10-15 02:04:22.467288

o8vc8wwepfu >> Start >> 2020-10-15 02:06:04.367444

o8vc8wwepfu >> Image Returned >> 2020-10-15 02:06:04.370501

o8vc8wwepfu >> End >> 2020-10-15 02:06:04.534379

g32fhjrwxei >> Start >> 2020-10-15 02:13:43.845977

g32fhjrwxei >> Image Returned >> 2020-10-15 02:13:43.850212

g32fhjrwxei >> End >> 2020-10-15 02:13:44.020510

bzk7ce7xjk3 >> Start >> 2020-10-15 02:19:16.133131

bzk7ce7xjk3 >> Image Returned >> 2020-10-15 02:19:16.136101

bzk7ce7xjk3 >> End >> 2020-10-15 02:19:16.320533

vgekr66vvj5 >> Start >> 2020-10-15 02:36:40.689984

vgekr66vvj5 >> Image Returned >> 2020-10-15 02:36:40.693249

vgekr66vvj5 >> End >> 2020-10-15 02:36:40.880013

ph6o4h38isd >> Start >> 2020-10-15 02:37:11.739914

ph6o4h38isd >> Image Returned >> 2020-10-15 02:37:11.742893

ph6o4h38isd >> End >> 2020-10-15 02:37:11.921757

oe254ywdvc4 >> Start >> 2020-10-15 03:20:53.393735

oe254ywdvc4 >> Image Returned >> 2020-10-15 03:20:53.396593

oe254ywdvc4 >> End >> 2020-10-15 03:20:53.582946

5o5fduekxsh >> Start >> 2020-10-15 03:37:14.069688

5o5fduekxsh >> Image Returned >> 2020-10-15 03:37:14.072571

5o5fduekxsh >> End >> 2020-10-15 03:37:14.237723

4es4z6d4doa >> Start >> 2020-10-15 04:10:13.710731

4es4z6d4doa >> Image Returned >> 2020-10-15 04:10:13.714615

4es4z6d4doa >> End >> 2020-10-15 04:10:13.883979

8zh5jiuyr7k >> Start >> 2020-10-15 04:36:11.225475

8zh5jiuyr7k >> Image Returned >> 2020-10-15 04:36:11.229804

8zh5jiuyr7k >> End >> 2020-10-15 04:36:11.361296

k2wvb8e34qu >> Start >> 2020-10-15 04:42:31.693800

k2wvb8e34qu >> Image Returned >> 2020-10-15 04:42:31.696722

k2wvb8e34qu >> End >> 2020-10-15 04:42:31.905008

r4spq7emagc >> Start >> 2020-10-15 04:57:19.661031

r4spq7emagc >> Image Returned >> 2020-10-15 04:57:19.663902

r4spq7emagc >> End >> 2020-10-15 04:57:19.828453

isroquedjh3 >> Start >> 2020-10-15 05:00:02.974735

isroquedjh3 >> Image Returned >> 2020-10-15 05:00:02.977332

isroquedjh3 >> End >> 2020-10-15 05:00:03.147912

5bz4epigjrp >> Start >> 2020-10-15 05:17:52.789273

5bz4epigjrp >> Image Returned >> 2020-10-15 05:17:52.791946

5bz4epigjrp >> End >> 2020-10-15 05:17:52.991153

h7rysc7uuxa >> Start >> 2020-10-15 05:26:31.631942

h7rysc7uuxa >> Image Returned >> 2020-10-15 05:26:31.634582

h7rysc7uuxa >> End >> 2020-10-15 05:26:31.833828

dionyh6o7sw >> Start >> 2020-10-15 05:26:44.219432

dionyh6o7sw >> Image Returned >> 2020-10-15 05:26:44.222004

dionyh6o7sw >> End >> 2020-10-15 05:26:44.419476

dyw7qbkv3ar >> Start >> 2020-10-15 05:27:51.389365

dyw7qbkv3ar >> Image Returned >> 2020-10-15 05:27:51.392232

dyw7qbkv3ar >> End >> 2020-10-15 05:27:51.513847

ty5s42qnk6o >> Start >> 2020-10-15 05:28:40.379203

ty5s42qnk6o >> Image Returned >> 2020-10-15 05:28:40.381750

ty5s42qnk6o >> End >> 2020-10-15 05:28:40.552176

0d7bn2vphz4 >> Start >> 2020-10-15 05:30:23.743573

0d7bn2vphz4 >> Image Returned >> 2020-10-15 05:30:23.746251

0d7bn2vphz4 >> End >> 2020-10-15 05:30:23.917923

d0maiqqu8v0 >> Start >> 2020-10-15 05:32:25.507622

d0maiqqu8v0 >> Image Returned >> 2020-10-15 05:32:25.510634

d0maiqqu8v0 >> End >> 2020-10-15 05:32:25.635653

ai8unkjbk08 >> Start >> 2020-10-15 06:26:24.701735

ai8unkjbk08 >> Image Returned >> 2020-10-15 06:26:24.704576

ai8unkjbk08 >> End >> 2020-10-15 06:26:24.906058

aodu35ubrbc >> Start >> 2020-10-15 06:26:31.987319

aodu35ubrbc >> Image Returned >> 2020-10-15 06:26:31.987658

aodu35ubrbc >> End >> 2020-10-15 06:26:32.196099

3zmu0trh2db >> Start >> 2020-10-15 06:28:24.931077

3zmu0trh2db >> Image Returned >> 2020-10-15 06:28:24.933696

3zmu0trh2db >> End >> 2020-10-15 06:28:25.099378

3re2q7wwi7c >> Start >> 2020-10-15 06:50:27.893373

3re2q7wwi7c >> Image Returned >> 2020-10-15 06:50:27.896152

3re2q7wwi7c >> End >> 2020-10-15 06:50:28.084973

0zgxa0dppq5 >> Start >> 2020-10-15 06:54:05.587949

0zgxa0dppq5 >> Image Returned >> 2020-10-15 06:54:05.590918

0zgxa0dppq5 >> End >> 2020-10-15 06:54:05.778433

fa30dvptbf7 >> Start >> 2020-10-15 07:02:53.455460

fa30dvptbf7 >> Image Returned >> 2020-10-15 07:02:53.458268

fa30dvptbf7 >> End >> 2020-10-15 07:02:53.653453

qs724dq5h4d >> Start >> 2020-10-15 07:04:39.339751

qs724dq5h4d >> Image Returned >> 2020-10-15 07:04:39.342475

qs724dq5h4d >> End >> 2020-10-15 07:04:39.514194

vfnuof8z0gc >> Start >> 2020-10-15 07:07:13.601860

vfnuof8z0gc >> Image Returned >> 2020-10-15 07:07:13.604635

vfnuof8z0gc >> End >> 2020-10-15 07:07:13.773484

0j455fdf6mm >> Start >> 2020-10-15 07:09:00.771717

0j455fdf6mm >> Image Returned >> 2020-10-15 07:09:00.774559

0j455fdf6mm >> End >> 2020-10-15 07:09:00.947920

m8es4f87vmx >> Start >> 2020-10-15 07:11:47.973269

m8es4f87vmx >> Image Returned >> 2020-10-15 07:11:47.975934

m8es4f87vmx >> End >> 2020-10-15 07:11:48.137157

2eaej48pdxz >> Start >> 2020-10-15 07:18:43.709342

2eaej48pdxz >> Image Returned >> 2020-10-15 07:18:43.712330

2eaej48pdxz >> End >> 2020-10-15 07:18:43.878911

seymisui8bs >> Start >> 2020-10-15 07:20:29.577743

seymisui8bs >> Image Returned >> 2020-10-15 07:20:29.582218

seymisui8bs >> End >> 2020-10-15 07:20:29.744039

y4z0z7ami58 >> Start >> 2020-10-15 07:23:12.185956

y4z0z7ami58 >> Image Returned >> 2020-10-15 07:23:12.188976

y4z0z7ami58 >> End >> 2020-10-15 07:23:12.319601

ykskqif5p2j >> Start >> 2020-10-15 07:23:12.775466

ykskqif5p2j >> Image Returned >> 2020-10-15 07:23:12.775748

ykskqif5p2j >> End >> 2020-10-15 07:23:12.941975

nifjdgmr7fw >> Start >> 2020-10-15 07:24:51.326603

nifjdgmr7fw >> Image Returned >> 2020-10-15 07:24:51.330979

nifjdgmr7fw >> End >> 2020-10-15 07:24:51.496846

8sadgvmtuxn >> Start >> 2020-10-15 07:29:07.700077

8sadgvmtuxn >> Image Returned >> 2020-10-15 07:29:07.702801

8sadgvmtuxn >> End >> 2020-10-15 07:29:07.876692

pptt0f3r5x4 >> Start >> 2020-10-15 07:30:05.300743

pptt0f3r5x4 >> Image Returned >> 2020-10-15 07:30:05.303618

pptt0f3r5x4 >> End >> 2020-10-15 07:30:05.468185

rvf44ht83hz >> Start >> 2020-10-15 07:30:12.121531

rvf44ht83hz >> Image Returned >> 2020-10-15 07:30:12.121802

rvf44ht83hz >> End >> 2020-10-15 07:30:12.290071

icd3g288qwa >> Start >> 2020-10-15 07:38:21.765899

icd3g288qwa >> Image Returned >> 2020-10-15 07:38:21.769084

icd3g288qwa >> End >> 2020-10-15 07:38:21.937279

0437dsff2bn >> Start >> 2020-10-15 07:40:48.540544

0437dsff2bn >> Image Returned >> 2020-10-15 07:40:48.543282

0437dsff2bn >> End >> 2020-10-15 07:40:48.728780

jrr2msdyu75 >> Start >> 2020-10-15 07:41:44.175944

jrr2msdyu75 >> Image Returned >> 2020-10-15 07:41:44.178924

jrr2msdyu75 >> End >> 2020-10-15 07:41:44.376774

rxq0uvwbmk8 >> Start >> 2020-10-15 07:46:05.527456

rxq0uvwbmk8 >> Image Returned >> 2020-10-15 07:46:05.530188

rxq0uvwbmk8 >> End >> 2020-10-15 07:46:05.711183

kpmm202pb77 >> Start >> 2020-10-15 07:48:07.833141

kpmm202pb77 >> Image Returned >> 2020-10-15 07:48:07.836164

kpmm202pb77 >> End >> 2020-10-15 07:48:08.036891

k525ktr5q2h >> Start >> 2020-10-15 07:49:29.804253

k525ktr5q2h >> Image Returned >> 2020-10-15 07:49:29.806952

k525ktr5q2h >> End >> 2020-10-15 07:49:29.987293

rmwefx7ghik >> Start >> 2020-10-15 08:02:59.368402

rmwefx7ghik >> Image Returned >> 2020-10-15 08:02:59.371500

rmwefx7ghik >> End >> 2020-10-15 08:02:59.552369

wgnvzaarhf5 >> Start >> 2020-10-15 08:18:58.810571

wgnvzaarhf5 >> Image Returned >> 2020-10-15 08:18:58.813970

wgnvzaarhf5 >> End >> 2020-10-15 08:18:59.015994

eipyg8mwbdz >> Start >> 2020-10-15 08:33:01.247361

eipyg8mwbdz >> Image Returned >> 2020-10-15 08:33:01.250802

eipyg8mwbdz >> End >> 2020-10-15 08:33:01.422353

woqqwet7jrn >> Start >> 2020-10-15 08:34:36.663381

woqqwet7jrn >> Image Returned >> 2020-10-15 08:34:36.666106

woqqwet7jrn >> End >> 2020-10-15 08:34:36.845655

zee0wauv6xg >> Start >> 2020-10-15 08:37:48.587002

zee0wauv6xg >> Image Returned >> 2020-10-15 08:37:48.589999

zee0wauv6xg >> End >> 2020-10-15 08:37:48.781583

e4x0c3o55sb >> Start >> 2020-10-15 08:39:15.117247

e4x0c3o55sb >> Image Returned >> 2020-10-15 08:39:15.120101

e4x0c3o55sb >> End >> 2020-10-15 08:39:15.285634

dcoqn0gr078 >> Start >> 2020-10-15 08:39:32.406250

dcoqn0gr078 >> Image Returned >> 2020-10-15 08:39:32.409015

dcoqn0gr078 >> End >> 2020-10-15 08:39:32.573529

uk5mmd2qg5z >> Start >> 2020-10-15 08:42:09.890119

uk5mmd2qg5z >> Image Returned >> 2020-10-15 08:42:09.893095

uk5mmd2qg5z >> End >> 2020-10-15 08:42:10.066073

wbqvrrmtm8v >> Start >> 2020-10-15 08:42:40.459033

wbqvrrmtm8v >> Image Returned >> 2020-10-15 08:42:40.461829

wbqvrrmtm8v >> End >> 2020-10-15 08:42:40.625987

pjsxec53rmo >> Start >> 2020-10-15 08:44:57.090527

pjsxec53rmo >> Image Returned >> 2020-10-15 08:44:57.093528

pjsxec53rmo >> End >> 2020-10-15 08:44:57.262818

k0r83jundtt >> Start >> 2020-10-15 08:54:45.014595

k0r83jundtt >> Image Returned >> 2020-10-15 08:54:45.017375

k0r83jundtt >> End >> 2020-10-15 08:54:45.190424

s2m8uwihnjr >> Start >> 2020-10-15 08:55:10.651070

s2m8uwihnjr >> Image Returned >> 2020-10-15 08:55:10.653989

s2m8uwihnjr >> End >> 2020-10-15 08:55:10.818737

s4katyp6xj8 >> Start >> 2020-10-15 08:57:30.019601

s4katyp6xj8 >> Image Returned >> 2020-10-15 08:57:30.022372

s4katyp6xj8 >> End >> 2020-10-15 08:57:30.193553

b67cqvx4bgd >> Start >> 2020-10-15 08:58:11.058294

b67cqvx4bgd >> Image Returned >> 2020-10-15 08:58:11.061373

b67cqvx4bgd >> End >> 2020-10-15 08:58:11.227740

k3havaon6xx >> Start >> 2020-10-15 08:59:38.945663

k3havaon6xx >> Image Returned >> 2020-10-15 08:59:38.948431

k3havaon6xx >> End >> 2020-10-15 08:59:39.122189

ky3byd2h6nw >> Start >> 2020-10-15 09:00:07.526643

ky3byd2h6nw >> Image Returned >> 2020-10-15 09:00:07.529390

ky3byd2h6nw >> End >> 2020-10-15 09:00:07.715682

zvtuh7rzjbb >> Start >> 2020-10-15 09:01:32.268126

zvtuh7rzjbb >> Image Returned >> 2020-10-15 09:01:32.271904

zvtuh7rzjbb >> End >> 2020-10-15 09:01:32.475891

odpm4wc77rp >> Start >> 2020-10-15 09:06:47.869024

odpm4wc77rp >> Image Returned >> 2020-10-15 09:06:47.871844

odpm4wc77rp >> End >> 2020-10-15 09:06:48.039992

8s6m72aa4c5 >> Start >> 2020-10-15 09:07:31.159596

8s6m72aa4c5 >> Image Returned >> 2020-10-15 09:07:31.162398

8s6m72aa4c5 >> End >> 2020-10-15 09:07:31.331284

w0icqasn8xs >> Start >> 2020-10-15 09:09:20.195221

w0icqasn8xs >> Image Returned >> 2020-10-15 09:09:20.198121

w0icqasn8xs >> End >> 2020-10-15 09:09:20.366269

n6r8hqoeqz2 >> Start >> 2020-10-15 09:10:06.536791

n6r8hqoeqz2 >> Image Returned >> 2020-10-15 09:10:06.539612

n6r8hqoeqz2 >> End >> 2020-10-15 09:10:06.709532

grr6uppjan8 >> Start >> 2020-10-15 09:11:20.604357

grr6uppjan8 >> Image Returned >> 2020-10-15 09:11:20.607160

grr6uppjan8 >> End >> 2020-10-15 09:11:20.801693

sem3uian7s6 >> Start >> 2020-10-15 09:21:51.419867

sem3uian7s6 >> Image Returned >> 2020-10-15 09:21:51.422669

sem3uian7s6 >> End >> 2020-10-15 09:21:51.595810

enrhsx3v3ge >> Start >> 2020-10-15 09:27:02.210711

enrhsx3v3ge >> Image Returned >> 2020-10-15 09:27:02.215199

enrhsx3v3ge >> End >> 2020-10-15 09:27:02.384947

wu6nd3677zm >> Start >> 2020-10-15 09:31:12.702634

wu6nd3677zm >> Image Returned >> 2020-10-15 09:31:12.703083

wu6nd3677zm >> End >> 2020-10-15 09:31:12.876323

gyavua6is8r >> Start >> 2020-10-15 09:34:52.271928

gyavua6is8r >> Image Returned >> 2020-10-15 09:34:52.276093

gyavua6is8r >> End >> 2020-10-15 09:34:52.460737

juczctqs0cs >> Start >> 2020-10-15 09:34:54.326297

juczctqs0cs >> Image Returned >> 2020-10-15 09:34:54.326571

juczctqs0cs >> End >> 2020-10-15 09:34:54.504626

hbvgqeje5zr >> Start >> 2020-10-15 09:36:41.870433

hbvgqeje5zr >> Image Returned >> 2020-10-15 09:36:41.873712

hbvgqeje5zr >> End >> 2020-10-15 09:36:42.038367

dart2chj3ir >> Start >> 2020-10-15 09:37:34.572844

dart2chj3ir >> Image Returned >> 2020-10-15 09:37:34.577130

dart2chj3ir >> End >> 2020-10-15 09:37:34.754625

vs8gk4wihmg >> Start >> 2020-10-15 09:38:27.961189

vs8gk4wihmg >> Image Returned >> 2020-10-15 09:38:27.965333

vs8gk4wihmg >> End >> 2020-10-15 09:38:28.170993

f6bdxhqdqa6 >> Start >> 2020-10-15 09:44:35.968352

f6bdxhqdqa6 >> Image Returned >> 2020-10-15 09:44:35.972212

f6bdxhqdqa6 >> End >> 2020-10-15 09:44:36.183343

jh5xcfm8q5e >> Start >> 2020-10-15 09:48:19.602588

jh5xcfm8q5e >> Image Returned >> 2020-10-15 09:48:19.607443

jh5xcfm8q5e >> End >> 2020-10-15 09:48:19.788268

gwdhrsnk655 >> Start >> 2020-10-15 09:50:44.850227

gwdhrsnk655 >> Image Returned >> 2020-10-15 09:50:44.853039

gwdhrsnk655 >> End >> 2020-10-15 09:50:45.027185

83duqikd2j6 >> Start >> 2020-10-15 09:53:42.989756

83duqikd2j6 >> Image Returned >> 2020-10-15 09:53:42.993633

83duqikd2j6 >> End >> 2020-10-15 09:53:43.161236

c4of862vkx7 >> Start >> 2020-10-15 09:54:02.126364

c4of862vkx7 >> Image Returned >> 2020-10-15 09:54:02.129328

c4of862vkx7 >> End >> 2020-10-15 09:54:02.294338

g4rh28umdkh >> Start >> 2020-10-15 10:01:55.509816

g4rh28umdkh >> Image Returned >> 2020-10-15 10:01:55.512636

g4rh28umdkh >> End >> 2020-10-15 10:01:55.677397

ui76j5is8ue >> Start >> 2020-10-15 10:04:20.692811

ui76j5is8ue >> Image Returned >> 2020-10-15 10:04:20.696065

ui76j5is8ue >> End >> 2020-10-15 10:04:20.892098

57aa85px4mr >> Start >> 2020-10-15 10:06:04.917139

57aa85px4mr >> Image Returned >> 2020-10-15 10:06:04.920325

57aa85px4mr >> End >> 2020-10-15 10:06:05.083992

8pmrdoa4ek0 >> Start >> 2020-10-15 10:08:53.065551

8pmrdoa4ek0 >> Image Returned >> 2020-10-15 10:08:53.068752

8pmrdoa4ek0 >> End >> 2020-10-15 10:08:53.251707

xbhyr63fwrn >> Start >> 2020-10-15 10:09:47.455244

xbhyr63fwrn >> Image Returned >> 2020-10-15 10:09:47.457998

xbhyr63fwrn >> End >> 2020-10-15 10:09:47.586241

gxhpd8wq0sw >> Start >> 2020-10-15 10:14:15.192519

gxhpd8wq0sw >> Image Returned >> 2020-10-15 10:14:15.195576

gxhpd8wq0sw >> End >> 2020-10-15 10:14:15.367809

srrggcyo8ky >> Start >> 2020-10-15 10:15:21.611201

srrggcyo8ky >> Image Returned >> 2020-10-15 10:15:21.615479

srrggcyo8ky >> End >> 2020-10-15 10:15:21.836224

0gc82j5fvep >> Start >> 2020-10-15 10:16:34.074526

0gc82j5fvep >> Image Returned >> 2020-10-15 10:16:34.077419

0gc82j5fvep >> End >> 2020-10-15 10:16:34.258582

3iihwfvrroo >> Start >> 2020-10-15 10:18:18.471246

3iihwfvrroo >> Image Returned >> 2020-10-15 10:18:18.474493

3iihwfvrroo >> End >> 2020-10-15 10:18:18.702721

vzdmm634mz3 >> Start >> 2020-10-15 10:18:29.988382

vzdmm634mz3 >> Image Returned >> 2020-10-15 10:18:29.991194

vzdmm634mz3 >> End >> 2020-10-15 10:18:30.254812

m0k8bygy0am >> Start >> 2020-10-15 10:18:31.252445

m0k8bygy0am >> Image Returned >> 2020-10-15 10:18:31.252722

m0k8bygy0am >> End >> 2020-10-15 10:18:31.427815

invoqjzvx35 >> Start >> 2020-10-15 10:26:42.477777

invoqjzvx35 >> Image Returned >> 2020-10-15 10:26:42.482762

invoqjzvx35 >> End >> 2020-10-15 10:26:42.693429

5nq57iwzgqh >> Start >> 2020-10-15 10:28:17.425640

5nq57iwzgqh >> Image Returned >> 2020-10-15 10:28:17.429650

5nq57iwzgqh >> End >> 2020-10-15 10:28:17.602756

ox8nie454n5 >> Start >> 2020-10-15 10:32:11.888426

ox8nie454n5 >> Image Returned >> 2020-10-15 10:32:11.891520

ox8nie454n5 >> End >> 2020-10-15 10:32:12.061557

axja5u206qv >> Start >> 2020-10-15 10:32:44.801914

axja5u206qv >> Image Returned >> 2020-10-15 10:32:44.804682

axja5u206qv >> End >> 2020-10-15 10:32:44.975636

vhvgmcytvc8 >> Start >> 2020-10-15 10:34:04.642692

vhvgmcytvc8 >> Image Returned >> 2020-10-15 10:34:04.645728

vhvgmcytvc8 >> End >> 2020-10-15 10:34:04.814414

djjcurani24 >> Start >> 2020-10-15 10:37:18.150588

djjcurani24 >> Image Returned >> 2020-10-15 10:37:18.153748

djjcurani24 >> End >> 2020-10-15 10:37:18.330729

zns36vwubuk >> Start >> 2020-10-15 10:41:18.092926

zns36vwubuk >> Image Returned >> 2020-10-15 10:41:18.095731

zns36vwubuk >> End >> 2020-10-15 10:41:18.265664

czfq5x0xc2z >> Start >> 2020-10-15 11:01:06.839111

czfq5x0xc2z >> Image Returned >> 2020-10-15 11:01:06.842144

czfq5x0xc2z >> End >> 2020-10-15 11:01:07.009407

6rsjuqutyjm >> Start >> 2020-10-15 11:05:10.955780

6rsjuqutyjm >> Image Returned >> 2020-10-15 11:05:10.959079

6rsjuqutyjm >> End >> 2020-10-15 11:05:11.142402

zxqgbnud2cw >> Start >> 2020-10-15 11:08:03.884311

zxqgbnud2cw >> Image Returned >> 2020-10-15 11:08:03.888379

zxqgbnud2cw >> End >> 2020-10-15 11:08:04.056898

3oncxw0gzzu >> Start >> 2020-10-15 11:11:21.046092

3oncxw0gzzu >> Image Returned >> 2020-10-15 11:11:21.049114

3oncxw0gzzu >> End >> 2020-10-15 11:11:21.218132

od43q42abua >> Start >> 2020-10-15 11:12:10.665819

od43q42abua >> Image Returned >> 2020-10-15 11:12:10.669055

od43q42abua >> End >> 2020-10-15 11:12:10.860667

bkswnouri8p >> Start >> 2020-10-15 11:14:23.866483

bkswnouri8p >> Image Returned >> 2020-10-15 11:14:23.869422

bkswnouri8p >> End >> 2020-10-15 11:14:24.108946

ttbrk4q8ofz >> Start >> 2020-10-15 11:18:46.446816

ttbrk4q8ofz >> Image Returned >> 2020-10-15 11:18:46.449985

ttbrk4q8ofz >> End >> 2020-10-15 11:18:46.646929

dnghp3wvkyv >> Start >> 2020-10-15 11:23:34.182358

dnghp3wvkyv >> Image Returned >> 2020-10-15 11:23:34.185904

dnghp3wvkyv >> End >> 2020-10-15 11:23:34.353271

6op44k55urv >> Start >> 2020-10-15 11:25:27.683371

6op44k55urv >> Image Returned >> 2020-10-15 11:25:27.686202

6op44k55urv >> End >> 2020-10-15 11:25:27.860907

bdj0hmj8qq0 >> Start >> 2020-10-15 11:25:43.734025

bdj0hmj8qq0 >> Image Returned >> 2020-10-15 11:25:43.737132

bdj0hmj8qq0 >> End >> 2020-10-15 11:25:43.912960

4vw08jk8a72 >> Start >> 2020-10-15 11:27:04.431565

4vw08jk8a72 >> Image Returned >> 2020-10-15 11:27:04.435225

4vw08jk8a72 >> End >> 2020-10-15 11:27:04.604777

zq2ni4fo704 >> Start >> 2020-10-15 11:33:21.405231

zq2ni4fo704 >> Image Returned >> 2020-10-15 11:33:21.408200

zq2ni4fo704 >> End >> 2020-10-15 11:33:21.599817

oes6b8wavmy >> Start >> 2020-10-15 11:34:51.000533

oes6b8wavmy >> Image Returned >> 2020-10-15 11:34:51.003459

oes6b8wavmy >> End >> 2020-10-15 11:34:51.171825

c7zrabc5qkt >> Start >> 2020-10-15 11:35:57.972541

c7zrabc5qkt >> Image Returned >> 2020-10-15 11:35:57.975493

c7zrabc5qkt >> End >> 2020-10-15 11:35:58.140461

6h6znvn57im >> Start >> 2020-10-15 11:40:14.849075

6h6znvn57im >> Image Returned >> 2020-10-15 11:40:14.853502

6h6znvn57im >> End >> 2020-10-15 11:40:15.039031

astcktepiwg >> Start >> 2020-10-15 11:40:34.536325

astcktepiwg >> Image Returned >> 2020-10-15 11:40:34.539279

astcktepiwg >> End >> 2020-10-15 11:40:34.668207

74bawdrtdh3 >> Start >> 2020-10-15 11:41:11.344913

74bawdrtdh3 >> Image Returned >> 2020-10-15 11:41:11.347800

74bawdrtdh3 >> End >> 2020-10-15 11:41:11.524172

wmcjic6ikkz >> Start >> 2020-10-15 11:45:08.902240

wmcjic6ikkz >> Image Returned >> 2020-10-15 11:45:08.905714

wmcjic6ikkz >> End >> 2020-10-15 11:45:09.071966

6joqbxynb27 >> Start >> 2020-10-15 11:48:03.636663

6joqbxynb27 >> Image Returned >> 2020-10-15 11:48:03.640116

6joqbxynb27 >> End >> 2020-10-15 11:48:03.807830

c0c34r8qbma >> Start >> 2020-10-15 11:48:53.875511

c0c34r8qbma >> Image Returned >> 2020-10-15 11:48:53.878357

c0c34r8qbma >> End >> 2020-10-15 11:48:54.045150

rcg524mt552 >> Start >> 2020-10-15 11:58:02.366591

rcg524mt552 >> Image Returned >> 2020-10-15 11:58:02.370199

rcg524mt552 >> End >> 2020-10-15 11:58:02.494949

8ttny5gknj8 >> Start >> 2020-10-15 11:59:20.812900

8ttny5gknj8 >> Image Returned >> 2020-10-15 11:59:20.816041

8ttny5gknj8 >> End >> 2020-10-15 11:59:20.984496

zjw68t7pnnz >> Start >> 2020-10-15 12:02:59.768748

zjw68t7pnnz >> Image Returned >> 2020-10-15 12:02:59.771802

zjw68t7pnnz >> End >> 2020-10-15 12:02:59.941140

gdqwvwpkv2r >> Start >> 2020-10-15 12:03:52.253353

gdqwvwpkv2r >> Image Returned >> 2020-10-15 12:03:52.256289

gdqwvwpkv2r >> End >> 2020-10-15 12:03:52.420965

npp72rqja5g >> Start >> 2020-10-15 12:06:35.586436

npp72rqja5g >> Image Returned >> 2020-10-15 12:06:35.589598

npp72rqja5g >> End >> 2020-10-15 12:06:35.775526

hqs073u4yc2 >> Start >> 2020-10-15 12:07:21.327121

hqs073u4yc2 >> Image Returned >> 2020-10-15 12:07:21.329982

hqs073u4yc2 >> End >> 2020-10-15 12:07:21.518757

qukgkykyq2r >> Start >> 2020-10-15 12:08:23.707978

qukgkykyq2r >> Image Returned >> 2020-10-15 12:08:23.711169

qukgkykyq2r >> End >> 2020-10-15 12:08:23.897157

yy5ug4s0r8o >> Start >> 2020-10-15 12:14:37.717928

yy5ug4s0r8o >> Image Returned >> 2020-10-15 12:14:37.720863

yy5ug4s0r8o >> End >> 2020-10-15 12:14:37.928319

brr0xb4mxnh >> Start >> 2020-10-15 12:14:39.635818

brr0xb4mxnh >> Image Returned >> 2020-10-15 12:14:39.636352

brr0xb4mxnh >> End >> 2020-10-15 12:14:39.823515

ybu5kzsgukm >> Start >> 2020-10-15 12:16:04.907753

ybu5kzsgukm >> Image Returned >> 2020-10-15 12:16:04.910944

ybu5kzsgukm >> End >> 2020-10-15 12:16:05.104455

2xks7xxjkno >> Start >> 2020-10-15 12:17:51.344552

2xks7xxjkno >> Image Returned >> 2020-10-15 12:17:51.348635

2xks7xxjkno >> End >> 2020-10-15 12:17:51.560558

3p4wufyu3cq >> Start >> 2020-10-15 12:18:51.926944

3p4wufyu3cq >> Image Returned >> 2020-10-15 12:18:51.929943

3p4wufyu3cq >> End >> 2020-10-15 12:18:52.118777

ekrmimtetur >> Start >> 2020-10-15 12:24:20.955157

ekrmimtetur >> Image Returned >> 2020-10-15 12:24:20.958575

ekrmimtetur >> End >> 2020-10-15 12:24:21.144052

2bqhcos3n4d >> Start >> 2020-10-15 12:27:52.944214

2bqhcos3n4d >> Image Returned >> 2020-10-15 12:27:52.948216

2bqhcos3n4d >> End >> 2020-10-15 12:27:53.168441

3wf7iy0z8p4 >> Start >> 2020-10-15 12:28:03.548855

3wf7iy0z8p4 >> Image Returned >> 2020-10-15 12:28:03.549160

3wf7iy0z8p4 >> End >> 2020-10-15 12:28:03.729438

ts8qkaofg4g >> Start >> 2020-10-15 12:32:52.642111

ts8qkaofg4g >> Image Returned >> 2020-10-15 12:32:52.645111

ts8qkaofg4g >> End >> 2020-10-15 12:32:52.829186

aa5gbkcy8w8 >> Start >> 2020-10-15 12:38:37.876966

aa5gbkcy8w8 >> Image Returned >> 2020-10-15 12:38:37.879931

aa5gbkcy8w8 >> End >> 2020-10-15 12:38:38.051418

zr56bpoggs7 >> Start >> 2020-10-15 12:38:44.573900

zr56bpoggs7 >> Image Returned >> 2020-10-15 12:38:44.574186

zr56bpoggs7 >> End >> 2020-10-15 12:38:44.736583

gwqz4c0fmie >> Start >> 2020-10-15 12:42:24.063091

gwqz4c0fmie >> Image Returned >> 2020-10-15 12:42:24.066194

gwqz4c0fmie >> End >> 2020-10-15 12:42:24.236329

6u6uj5w6i0z >> Start >> 2020-10-15 12:46:15.756937

6u6uj5w6i0z >> Image Returned >> 2020-10-15 12:46:15.759959

6u6uj5w6i0z >> End >> 2020-10-15 12:46:15.928750

3yvztrrvrvf >> Start >> 2020-10-15 12:46:26.651849

3yvztrrvrvf >> Image Returned >> 2020-10-15 12:46:26.652148

3yvztrrvrvf >> End >> 2020-10-15 12:46:26.776041

573k6ar32bz >> Start >> 2020-10-15 12:56:07.669329

573k6ar32bz >> Image Returned >> 2020-10-15 12:56:07.672926

573k6ar32bz >> End >> 2020-10-15 12:56:07.883559

03e5j0caxrm >> Start >> 2020-10-15 13:00:42.260274

03e5j0caxrm >> Image Returned >> 2020-10-15 13:00:42.263533

03e5j0caxrm >> End >> 2020-10-15 13:00:42.452289

cmyshi4zdzy >> Start >> 2020-10-15 13:03:14.089699

cmyshi4zdzy >> Image Returned >> 2020-10-15 13:03:14.093365

cmyshi4zdzy >> End >> 2020-10-15 13:03:14.268812

apyyb3gm8wk >> Start >> 2020-10-15 13:09:54.554640

apyyb3gm8wk >> Image Returned >> 2020-10-15 13:09:54.557944

apyyb3gm8wk >> End >> 2020-10-15 13:09:54.734256

jcncn35rfv8 >> Start >> 2020-10-15 13:10:25.313626

jcncn35rfv8 >> Image Returned >> 2020-10-15 13:10:25.316778

jcncn35rfv8 >> End >> 2020-10-15 13:10:25.531682

486f5ek5akv >> Start >> 2020-10-15 13:14:02.411712

486f5ek5akv >> Image Returned >> 2020-10-15 13:14:02.414748

486f5ek5akv >> End >> 2020-10-15 13:14:02.585190

hhfzag5ehmv >> Start >> 2020-10-15 13:17:13.263008

hhfzag5ehmv >> Image Returned >> 2020-10-15 13:17:13.267405

hhfzag5ehmv >> End >> 2020-10-15 13:17:13.435638

a2dwe4wznnb >> Start >> 2020-10-15 13:19:38.965008

a2dwe4wznnb >> Image Returned >> 2020-10-15 13:19:38.968544

a2dwe4wznnb >> End >> 2020-10-15 13:19:39.139954

fhdqcwje4cz >> Start >> 2020-10-15 13:22:59.482811

fhdqcwje4cz >> Image Returned >> 2020-10-15 13:22:59.486534

fhdqcwje4cz >> End >> 2020-10-15 13:22:59.657264

xruyuj0usgn >> Start >> 2020-10-15 13:23:33.088639

xruyuj0usgn >> Image Returned >> 2020-10-15 13:23:33.091753

xruyuj0usgn >> End >> 2020-10-15 13:23:33.263626

mxzmnntp6f2 >> Start >> 2020-10-15 13:24:27.939145

mxzmnntp6f2 >> Image Returned >> 2020-10-15 13:24:27.942235

mxzmnntp6f2 >> End >> 2020-10-15 13:24:28.112545

mruhkynrvje >> Start >> 2020-10-15 13:25:47.331800

mruhkynrvje >> Image Returned >> 2020-10-15 13:25:47.335002

mruhkynrvje >> End >> 2020-10-15 13:25:47.461992

fgez8kmm7ii >> Start >> 2020-10-15 13:25:58.099678

fgez8kmm7ii >> Image Returned >> 2020-10-15 13:25:58.099982

fgez8kmm7ii >> End >> 2020-10-15 13:25:58.272407

0m4dqd57y2d >> Start >> 2020-10-15 13:28:03.564059

0m4dqd57y2d >> Image Returned >> 2020-10-15 13:28:03.567019

0m4dqd57y2d >> End >> 2020-10-15 13:28:03.735141

iv45ci5szc8 >> Start >> 2020-10-15 13:28:40.608344

iv45ci5szc8 >> Image Returned >> 2020-10-15 13:28:40.611494

iv45ci5szc8 >> End >> 2020-10-15 13:28:40.789302

d3mr324vhfh >> Start >> 2020-10-15 13:28:42.451212

d3mr324vhfh >> Image Returned >> 2020-10-15 13:28:42.451513

d3mr324vhfh >> End >> 2020-10-15 13:28:42.620373

4thii6hevew >> Start >> 2020-10-15 13:28:54.361032

4thii6hevew >> Image Returned >> 2020-10-15 13:28:54.364048

4thii6hevew >> End >> 2020-10-15 13:28:54.541686

8bv3m7hf7sk >> Start >> 2020-10-15 13:29:02.053953

8bv3m7hf7sk >> Image Returned >> 2020-10-15 13:29:02.054233

8bv3m7hf7sk >> End >> 2020-10-15 13:29:02.237670

ufyiuna2j57 >> Start >> 2020-10-15 13:29:30.384332

ufyiuna2j57 >> Image Returned >> 2020-10-15 13:29:30.387530

ufyiuna2j57 >> End >> 2020-10-15 13:29:30.588885

mmdmmsrk6y4 >> Start >> 2020-10-15 13:31:45.487011

mmdmmsrk6y4 >> Image Returned >> 2020-10-15 13:31:45.490184

mmdmmsrk6y4 >> End >> 2020-10-15 13:31:45.707214

v6pcobn67jv >> Start >> 2020-10-15 13:31:58.077636

v6pcobn67jv >> Image Returned >> 2020-10-15 13:31:58.080559

v6pcobn67jv >> End >> 2020-10-15 13:31:58.260711

jj04hsuhrzk >> Start >> 2020-10-15 13:34:15.464646

jj04hsuhrzk >> Image Returned >> 2020-10-15 13:34:15.469151

jj04hsuhrzk >> End >> 2020-10-15 13:34:15.671408

ammj70ep6zj >> Start >> 2020-10-15 13:35:02.908865

ammj70ep6zj >> Image Returned >> 2020-10-15 13:35:02.911919

ammj70ep6zj >> End >> 2020-10-15 13:35:03.075659

mrhkywiw0c3 >> Start >> 2020-10-15 13:35:29.577693

mrhkywiw0c3 >> Image Returned >> 2020-10-15 13:35:29.582202

mrhkywiw0c3 >> End >> 2020-10-15 13:35:29.757378

b3hyhdgrv2a >> Start >> 2020-10-15 13:35:40.677486

b3hyhdgrv2a >> Image Returned >> 2020-10-15 13:35:40.677773

b3hyhdgrv2a >> End >> 2020-10-15 13:35:40.846970

z72nu4xi3p4 >> Start >> 2020-10-15 13:36:05.933005

z72nu4xi3p4 >> Image Returned >> 2020-10-15 13:36:05.937941

z72nu4xi3p4 >> End >> 2020-10-15 13:36:06.060977

0iiyhmzeasd >> Start >> 2020-10-15 13:36:11.595333

0iiyhmzeasd >> Image Returned >> 2020-10-15 13:36:11.595621

8n5yw838ffb >> Start >> 2020-10-15 13:36:11.599392

8n5yw838ffb >> Image Returned >> 2020-10-15 13:36:11.602294

0iiyhmzeasd >> End >> 2020-10-15 13:36:11.767951

8n5yw838ffb >> End >> 2020-10-15 13:36:11.778126

30edgfntc7f >> Start >> 2020-10-15 13:38:04.081302

30edgfntc7f >> Image Returned >> 2020-10-15 13:38:04.084867

30edgfntc7f >> End >> 2020-10-15 13:38:04.256328

upca80xy7gs >> Start >> 2020-10-15 13:38:49.923758

upca80xy7gs >> Image Returned >> 2020-10-15 13:38:49.926671

upca80xy7gs >> End >> 2020-10-15 13:38:50.092396

qdj7tdqfbc2 >> Start >> 2020-10-15 13:41:03.270848

qdj7tdqfbc2 >> Image Returned >> 2020-10-15 13:41:03.275259

qdj7tdqfbc2 >> End >> 2020-10-15 13:41:03.441678

nyusaj3f7cb >> Start >> 2020-10-15 13:47:35.004627

nyusaj3f7cb >> Image Returned >> 2020-10-15 13:47:35.009304

nyusaj3f7cb >> End >> 2020-10-15 13:47:35.188106

kreq8m7co6p >> Start >> 2020-10-15 13:54:52.477634

kreq8m7co6p >> Image Returned >> 2020-10-15 13:54:52.480806

kreq8m7co6p >> End >> 2020-10-15 13:54:52.646228

7m8oy2s23hc >> Start >> 2020-10-15 13:55:45.140000

7m8oy2s23hc >> Image Returned >> 2020-10-15 13:55:45.143289

7m8oy2s23hc >> End >> 2020-10-15 13:55:45.315247

k3tz4t5fkme >> Start >> 2020-10-15 14:02:18.885404

k3tz4t5fkme >> Image Returned >> 2020-10-15 14:02:18.889194

k3tz4t5fkme >> End >> 2020-10-15 14:02:19.070741

rmeighz2boj >> Start >> 2020-10-15 14:03:09.015554

rmeighz2boj >> Image Returned >> 2020-10-15 14:03:09.018917

rmeighz2boj >> End >> 2020-10-15 14:03:09.190448

3kgw2k3x77a >> Start >> 2020-10-15 14:08:08.877058

3kgw2k3x77a >> Image Returned >> 2020-10-15 14:08:08.880567

3kgw2k3x77a >> End >> 2020-10-15 14:08:09.046988

0c6ykdom38c >> Start >> 2020-10-15 14:09:19.794795

0c6ykdom38c >> Image Returned >> 2020-10-15 14:09:19.798338

0c6ykdom38c >> End >> 2020-10-15 14:09:19.978355

et0ecyj7sxk >> Start >> 2020-10-15 14:12:25.509131

et0ecyj7sxk >> Image Returned >> 2020-10-15 14:12:25.512644

et0ecyj7sxk >> End >> 2020-10-15 14:12:25.716423

ysonc2r3kas >> Start >> 2020-10-15 14:13:18.471057

ysonc2r3kas >> Image Returned >> 2020-10-15 14:13:18.474107

ysonc2r3kas >> End >> 2020-10-15 14:13:18.650032

yddnm7shugt >> Start >> 2020-10-15 14:14:06.215306

yddnm7shugt >> Image Returned >> 2020-10-15 14:14:06.219746

yddnm7shugt >> End >> 2020-10-15 14:14:06.422050

c20eaavkinf >> Start >> 2020-10-15 14:28:22.113445

c20eaavkinf >> Image Returned >> 2020-10-15 14:28:22.116990

c20eaavkinf >> End >> 2020-10-15 14:28:22.311341

qhfcrt6qiny >> Start >> 2020-10-15 14:30:39.799700

qhfcrt6qiny >> Image Returned >> 2020-10-15 14:30:39.804179

qhfcrt6qiny >> End >> 2020-10-15 14:30:39.981092

q7kogye200y >> Start >> 2020-10-15 14:35:34.741564

q7kogye200y >> Image Returned >> 2020-10-15 14:35:34.745261

q7kogye200y >> End >> 2020-10-15 14:35:34.915678

bghvc60x7of >> Start >> 2020-10-15 14:36:13.371048

bghvc60x7of >> Image Returned >> 2020-10-15 14:36:13.374516

bghvc60x7of >> End >> 2020-10-15 14:36:13.576081

kk43dt8j2pa >> Start >> 2020-10-15 14:36:15.745203

kk43dt8j2pa >> Image Returned >> 2020-10-15 14:36:15.745608

kk43dt8j2pa >> End >> 2020-10-15 14:36:15.960532

ayhkzzkem7w >> Start >> 2020-10-15 14:40:54.295413

ayhkzzkem7w >> Image Returned >> 2020-10-15 14:40:54.298463

ayhkzzkem7w >> End >> 2020-10-15 14:40:54.474742

obcnptjvm7a >> Start >> 2020-10-15 14:42:29.503573

obcnptjvm7a >> Image Returned >> 2020-10-15 14:42:29.507045

obcnptjvm7a >> End >> 2020-10-15 14:42:29.677311

epxg4553nva >> Start >> 2020-10-15 14:47:48.193486

epxg4553nva >> Image Returned >> 2020-10-15 14:47:48.196602

epxg4553nva >> End >> 2020-10-15 14:47:48.371548

g5m4xg04rfx >> Start >> 2020-10-15 14:50:20.259246

g5m4xg04rfx >> Image Returned >> 2020-10-15 14:50:20.262919

g5m4xg04rfx >> End >> 2020-10-15 14:50:20.450630

thjowxxhr8s >> Start >> 2020-10-15 15:04:58.151113

thjowxxhr8s >> Image Returned >> 2020-10-15 15:04:58.154249

thjowxxhr8s >> End >> 2020-10-15 15:04:58.323359

a75eynzh4oa >> Start >> 2020-10-15 15:06:31.616612

a75eynzh4oa >> Image Returned >> 2020-10-15 15:06:31.619797

a75eynzh4oa >> End >> 2020-10-15 15:06:31.800044

cnshkskoz8s >> Start >> 2020-10-15 15:07:34.118674

cnshkskoz8s >> Image Returned >> 2020-10-15 15:07:34.121850

cnshkskoz8s >> End >> 2020-10-15 15:07:34.297811

juc3r8pwn7a >> Start >> 2020-10-15 15:07:52.965290

juc3r8pwn7a >> Image Returned >> 2020-10-15 15:07:52.968549

juc3r8pwn7a >> End >> 2020-10-15 15:07:53.138995

kqsqix4agvg >> Start >> 2020-10-15 15:09:29.602344

kqsqix4agvg >> Image Returned >> 2020-10-15 15:09:29.605590

kqsqix4agvg >> End >> 2020-10-15 15:09:29.767214

hjm7c0zv4ep >> Start >> 2020-10-15 15:10:38.425821

hjm7c0zv4ep >> Image Returned >> 2020-10-15 15:10:38.429069

hjm7c0zv4ep >> End >> 2020-10-15 15:10:38.611601

j44jgc8yv3j >> Start >> 2020-10-15 15:11:35.474693

j44jgc8yv3j >> Image Returned >> 2020-10-15 15:11:35.478091

j44jgc8yv3j >> End >> 2020-10-15 15:11:35.658894

8k3rprihiv6 >> Start >> 2020-10-15 15:14:14.224143

8k3rprihiv6 >> Image Returned >> 2020-10-15 15:14:14.227381

8k3rprihiv6 >> End >> 2020-10-15 15:14:14.402812

o7gntjcppsf >> Start >> 2020-10-15 15:14:31.806488

o7gntjcppsf >> Image Returned >> 2020-10-15 15:14:31.809676

o7gntjcppsf >> End >> 2020-10-15 15:14:31.979835

hnj8qxrwkzb >> Start >> 2020-10-15 15:21:42.726248

hnj8qxrwkzb >> Image Returned >> 2020-10-15 15:21:42.729362

hnj8qxrwkzb >> End >> 2020-10-15 15:21:42.903558

ar8xhocrhr7 >> Start >> 2020-10-15 15:24:53.238464

ar8xhocrhr7 >> Image Returned >> 2020-10-15 15:24:53.241538

ar8xhocrhr7 >> End >> 2020-10-15 15:24:53.461210

tsdbisxkhum >> Start >> 2020-10-15 15:25:20.207250

tsdbisxkhum >> Image Returned >> 2020-10-15 15:25:20.210649

tsdbisxkhum >> End >> 2020-10-15 15:25:20.387928

hquhzzsd57w >> Start >> 2020-10-15 15:27:48.432178

hquhzzsd57w >> Image Returned >> 2020-10-15 15:27:48.435918

hquhzzsd57w >> End >> 2020-10-15 15:27:48.618767

8grx5hktw50 >> Start >> 2020-10-15 15:31:35.697326

8grx5hktw50 >> Image Returned >> 2020-10-15 15:31:35.700340

8grx5hktw50 >> End >> 2020-10-15 15:31:35.862279

o7hne5sg5e3 >> Start >> 2020-10-15 15:32:04.607454

o7hne5sg5e3 >> Image Returned >> 2020-10-15 15:32:04.611907

o7hne5sg5e3 >> End >> 2020-10-15 15:32:04.790648

dvemg2fk34z >> Start >> 2020-10-15 15:41:03.537929

dvemg2fk34z >> Image Returned >> 2020-10-15 15:41:03.541028

dvemg2fk34z >> End >> 2020-10-15 15:41:03.709265

5gpjsckixr0 >> Start >> 2020-10-15 15:42:28.548938

5gpjsckixr0 >> Image Returned >> 2020-10-15 15:42:28.554155

5gpjsckixr0 >> End >> 2020-10-15 15:42:28.723929

hjywrdxbpzu >> Start >> 2020-10-15 15:45:45.573486

hjywrdxbpzu >> Image Returned >> 2020-10-15 15:45:45.577001

hjywrdxbpzu >> End >> 2020-10-15 15:45:45.756257

phnmrv3jodz >> Start >> 2020-10-15 15:51:32.310125

phnmrv3jodz >> Image Returned >> 2020-10-15 15:51:32.315289

phnmrv3jodz >> End >> 2020-10-15 15:51:32.477988

4erokee28ev >> Start >> 2020-10-15 15:55:02.559485

4erokee28ev >> Image Returned >> 2020-10-15 15:55:02.563411

4erokee28ev >> End >> 2020-10-15 15:55:02.748903

8ijorzht2jv >> Start >> 2020-10-15 15:55:54.042022

8ijorzht2jv >> Image Returned >> 2020-10-15 15:55:54.045075

8ijorzht2jv >> End >> 2020-10-15 15:55:54.209134

ug7xxpzsy5m >> Start >> 2020-10-15 16:00:15.833740

ug7xxpzsy5m >> Image Returned >> 2020-10-15 16:00:15.837418

ug7xxpzsy5m >> End >> 2020-10-15 16:00:16.036926

ks06h6hh0ai >> Start >> 2020-10-15 16:05:57.428256

ks06h6hh0ai >> Image Returned >> 2020-10-15 16:05:57.433264

ks06h6hh0ai >> End >> 2020-10-15 16:05:57.608496

0djv4c6edrh >> Start >> 2020-10-15 16:14:09.265613

0djv4c6edrh >> Image Returned >> 2020-10-15 16:14:09.270642

0djv4c6edrh >> End >> 2020-10-15 16:14:09.437777

mcppssfaysm >> Start >> 2020-10-15 16:14:50.875051

mcppssfaysm >> Image Returned >> 2020-10-15 16:14:50.878088

mcppssfaysm >> End >> 2020-10-15 16:14:51.055758

ftuqvx4rooz >> Start >> 2020-10-15 16:15:28.396969

ftuqvx4rooz >> Image Returned >> 2020-10-15 16:15:28.401545

ftuqvx4rooz >> End >> 2020-10-15 16:15:28.570508

c0spb7d5qnq >> Start >> 2020-10-15 16:18:01.683557

c0spb7d5qnq >> Image Returned >> 2020-10-15 16:18:01.686721

c0spb7d5qnq >> End >> 2020-10-15 16:18:01.899218

q4nr4yausai >> Start >> 2020-10-15 16:18:16.054620

q4nr4yausai >> Image Returned >> 2020-10-15 16:18:16.059946

q4nr4yausai >> End >> 2020-10-15 16:18:16.237926

36fsv2zmrmf >> Start >> 2020-10-15 16:18:19.494081

36fsv2zmrmf >> Image Returned >> 2020-10-15 16:18:19.494380

36fsv2zmrmf >> End >> 2020-10-15 16:18:19.673973

ef4motc65a8 >> Start >> 2020-10-15 16:18:29.859381

ef4motc65a8 >> Image Returned >> 2020-10-15 16:18:29.859661

ef4motc65a8 >> End >> 2020-10-15 16:18:30.030265

np6cbzyqr2v >> Start >> 2020-10-15 16:18:30.314799

np6cbzyqr2v >> Image Returned >> 2020-10-15 16:18:30.315097

np6cbzyqr2v >> End >> 2020-10-15 16:18:30.567150

snsbjguc87a >> Start >> 2020-10-15 16:22:59.253098

snsbjguc87a >> Image Returned >> 2020-10-15 16:22:59.256319

snsbjguc87a >> End >> 2020-10-15 16:22:59.422529

i0gdbnhqovk >> Start >> 2020-10-15 16:28:04.480163

i0gdbnhqovk >> Image Returned >> 2020-10-15 16:28:04.483234

i0gdbnhqovk >> End >> 2020-10-15 16:28:04.652321

acte7s8rta2 >> Start >> 2020-10-15 16:30:52.928308

acte7s8rta2 >> Image Returned >> 2020-10-15 16:30:52.931478

acte7s8rta2 >> End >> 2020-10-15 16:30:53.130291

0suhan73s37 >> Start >> 2020-10-15 16:30:58.521222

0suhan73s37 >> Image Returned >> 2020-10-15 16:30:58.521497

0suhan73s37 >> End >> 2020-10-15 16:30:58.707710

ftzfvym6ikq >> Start >> 2020-10-15 16:31:39.696392

ftzfvym6ikq >> Image Returned >> 2020-10-15 16:31:39.699695

ftzfvym6ikq >> End >> 2020-10-15 16:31:39.873778

p8hoydvr6dq >> Start >> 2020-10-15 16:32:32.707566

p8hoydvr6dq >> Image Returned >> 2020-10-15 16:32:32.712295

p8hoydvr6dq >> End >> 2020-10-15 16:32:32.888638

0e3x65d3p0x >> Start >> 2020-10-15 16:32:32.961153

0e3x65d3p0x >> Image Returned >> 2020-10-15 16:32:32.961452

0e3x65d3p0x >> End >> 2020-10-15 16:32:33.212852

vofd77y3k33 >> Start >> 2020-10-15 16:34:15.069820

vofd77y3k33 >> Image Returned >> 2020-10-15 16:34:15.073199

vofd77y3k33 >> End >> 2020-10-15 16:34:15.274408

k55gt6cwxbo >> Start >> 2020-10-15 16:35:13.316282

k55gt6cwxbo >> Image Returned >> 2020-10-15 16:35:13.320007

k55gt6cwxbo >> End >> 2020-10-15 16:35:13.493822

wv4joordtcp >> Start >> 2020-10-15 16:35:14.174237

wv4joordtcp >> Image Returned >> 2020-10-15 16:35:14.174535

wv4joordtcp >> End >> 2020-10-15 16:35:14.342180

nttn4x7m30b >> Start >> 2020-10-15 16:37:54.543481

nttn4x7m30b >> Image Returned >> 2020-10-15 16:37:54.548085

nttn4x7m30b >> End >> 2020-10-15 16:37:54.720838

3v0vsnfi2je >> Start >> 2020-10-15 16:38:19.249142

3v0vsnfi2je >> Image Returned >> 2020-10-15 16:38:19.252645

3v0vsnfi2je >> End >> 2020-10-15 16:38:19.450077

ozo6d2jqai0 >> Start >> 2020-10-15 16:42:12.457889

ozo6d2jqai0 >> Image Returned >> 2020-10-15 16:42:12.461541

ozo6d2jqai0 >> End >> 2020-10-15 16:42:12.632607

uwqtv465syu >> Start >> 2020-10-15 16:42:29.969863

uwqtv465syu >> Image Returned >> 2020-10-15 16:42:29.973109

uwqtv465syu >> End >> 2020-10-15 16:42:30.145267

tpbxkt07rr6 >> Start >> 2020-10-15 16:45:47.721086

tpbxkt07rr6 >> Image Returned >> 2020-10-15 16:45:47.725384

tpbxkt07rr6 >> End >> 2020-10-15 16:45:47.902585

2bejbrqyi3g >> Start >> 2020-10-15 16:49:29.926987

2bejbrqyi3g >> Image Returned >> 2020-10-15 16:49:29.930428

2bejbrqyi3g >> End >> 2020-10-15 16:49:30.097217

de28cjzkyrp >> Start >> 2020-10-15 16:50:27.069387

de28cjzkyrp >> Image Returned >> 2020-10-15 16:50:27.072628

de28cjzkyrp >> End >> 2020-10-15 16:50:27.262132

buhmuxd6uox >> Start >> 2020-10-15 16:51:19.760296

buhmuxd6uox >> Image Returned >> 2020-10-15 16:51:19.764384

buhmuxd6uox >> End >> 2020-10-15 16:51:19.935353

tiaxw3hickh >> Start >> 2020-10-15 16:51:57.373522

tiaxw3hickh >> Image Returned >> 2020-10-15 16:51:57.378081

tiaxw3hickh >> End >> 2020-10-15 16:51:57.592812

rc7ueh50v8y >> Start >> 2020-10-15 16:54:36.475023

rc7ueh50v8y >> Image Returned >> 2020-10-15 16:54:36.478624

rc7ueh50v8y >> End >> 2020-10-15 16:54:36.660089

4seym3pikzw >> Start >> 2020-10-15 16:54:39.092794

4seym3pikzw >> Image Returned >> 2020-10-15 16:54:39.093095

4seym3pikzw >> End >> 2020-10-15 16:54:39.260853

a8pv5ehpybj >> Start >> 2020-10-15 16:59:31.736958

a8pv5ehpybj >> Image Returned >> 2020-10-15 16:59:31.740061

a8pv5ehpybj >> End >> 2020-10-15 16:59:31.924175

phrixaest4i >> Start >> 2020-10-15 17:00:56.779169

phrixaest4i >> Image Returned >> 2020-10-15 17:00:56.782356

phrixaest4i >> End >> 2020-10-15 17:00:56.948486

tqgspf8yozj >> Start >> 2020-10-15 17:19:15.011445

tqgspf8yozj >> Image Returned >> 2020-10-15 17:19:15.015492

tqgspf8yozj >> End >> 2020-10-15 17:19:15.207248

xdkd6ces6or >> Start >> 2020-10-15 17:20:44.956098

xdkd6ces6or >> Image Returned >> 2020-10-15 17:20:44.959216

xdkd6ces6or >> End >> 2020-10-15 17:20:45.130691

5ob7d6pj8dv >> Start >> 2020-10-15 17:20:48.264594

5ob7d6pj8dv >> Image Returned >> 2020-10-15 17:20:48.264909

5ob7d6pj8dv >> End >> 2020-10-15 17:20:48.425661

k4oka2eyub0 >> Start >> 2020-10-15 17:22:59.111295

k4oka2eyub0 >> Image Returned >> 2020-10-15 17:22:59.114476

k4oka2eyub0 >> End >> 2020-10-15 17:22:59.286488

wuyjhjgxrsi >> Start >> 2020-10-15 17:25:23.660213

wuyjhjgxrsi >> Image Returned >> 2020-10-15 17:25:23.663572

wuyjhjgxrsi >> End >> 2020-10-15 17:25:23.850049

oeaq4zfx7eu >> Start >> 2020-10-15 17:25:33.582633

oeaq4zfx7eu >> Image Returned >> 2020-10-15 17:25:33.582931

oeaq4zfx7eu >> End >> 2020-10-15 17:25:33.765338

8hnmquhemsk >> Start >> 2020-10-15 17:26:22.002125

8hnmquhemsk >> Image Returned >> 2020-10-15 17:26:22.005361

8hnmquhemsk >> End >> 2020-10-15 17:26:22.173480

vyopv77qh44 >> Start >> 2020-10-15 17:29:30.296768

vyopv77qh44 >> Image Returned >> 2020-10-15 17:29:30.300420

vyopv77qh44 >> End >> 2020-10-15 17:29:30.470580

fzw58j485bm >> Start >> 2020-10-15 17:29:53.661277

fzw58j485bm >> Image Returned >> 2020-10-15 17:29:53.664407

fzw58j485bm >> End >> 2020-10-15 17:29:53.826764

yjb3x5b7t7i >> Start >> 2020-10-15 17:30:44.744900

yjb3x5b7t7i >> Image Returned >> 2020-10-15 17:30:44.747982

yjb3x5b7t7i >> End >> 2020-10-15 17:30:44.911287

unqt0c5jqvf >> Start >> 2020-10-15 17:36:26.631409

unqt0c5jqvf >> Image Returned >> 2020-10-15 17:36:26.634525

unqt0c5jqvf >> End >> 2020-10-15 17:36:26.810647

55w3jxwyd56 >> Start >> 2020-10-15 17:41:20.572701

55w3jxwyd56 >> Image Returned >> 2020-10-15 17:41:20.577970

55w3jxwyd56 >> End >> 2020-10-15 17:41:20.758398

0wcks5grrf0 >> Start >> 2020-10-15 17:46:25.773849

0wcks5grrf0 >> Image Returned >> 2020-10-15 17:46:25.777293

0wcks5grrf0 >> End >> 2020-10-15 17:46:25.979644

gvpgqc04d68 >> Start >> 2020-10-15 17:48:30.175949

gvpgqc04d68 >> Image Returned >> 2020-10-15 17:48:30.179825

gvpgqc04d68 >> End >> 2020-10-15 17:48:30.371033

uchv04veidy >> Start >> 2020-10-15 17:56:09.891787

uchv04veidy >> Image Returned >> 2020-10-15 17:56:09.894970

uchv04veidy >> End >> 2020-10-15 17:56:10.062565

7kyeu00ufvv >> Start >> 2020-10-15 17:59:49.851171

7kyeu00ufvv >> Image Returned >> 2020-10-15 17:59:49.854722

7kyeu00ufvv >> End >> 2020-10-15 17:59:50.035670

aoppuqzjz4i >> Start >> 2020-10-15 18:02:37.594676

aoppuqzjz4i >> Image Returned >> 2020-10-15 18:02:37.597970

aoppuqzjz4i >> End >> 2020-10-15 18:02:37.798037

3zwqtewmio2 >> Start >> 2020-10-15 18:02:44.668010

3zwqtewmio2 >> Image Returned >> 2020-10-15 18:02:44.668296

3zwqtewmio2 >> End >> 2020-10-15 18:02:44.846672

yknbkygvyiv >> Start >> 2020-10-15 18:10:06.061476

yknbkygvyiv >> Image Returned >> 2020-10-15 18:10:06.064637

yknbkygvyiv >> End >> 2020-10-15 18:10:06.189861

4mkh8y23w8a >> Start >> 2020-10-15 18:11:15.437465

4mkh8y23w8a >> Image Returned >> 2020-10-15 18:11:15.441329

4mkh8y23w8a >> End >> 2020-10-15 18:11:15.624991

mqed2dm02o8 >> Start >> 2020-10-15 18:20:51.971705

mqed2dm02o8 >> Image Returned >> 2020-10-15 18:20:51.974962

mqed2dm02o8 >> End >> 2020-10-15 18:20:52.177742

7gkqzipojuk >> Start >> 2020-10-15 18:21:05.436731

7gkqzipojuk >> Image Returned >> 2020-10-15 18:21:05.441277

7gkqzipojuk >> End >> 2020-10-15 18:21:05.631180

4ekorudpp3a >> Start >> 2020-10-15 18:21:06.396491

4ekorudpp3a >> Image Returned >> 2020-10-15 18:21:06.396842

4ekorudpp3a >> End >> 2020-10-15 18:21:06.583309

a00anjkd3h5 >> Start >> 2020-10-15 18:23:31.766768

a00anjkd3h5 >> Image Returned >> 2020-10-15 18:23:31.773020

a00anjkd3h5 >> End >> 2020-10-15 18:23:31.949506

unswe7an2ok >> Start >> 2020-10-15 18:32:22.795151

unswe7an2ok >> Image Returned >> 2020-10-15 18:32:22.800508

unswe7an2ok >> End >> 2020-10-15 18:32:22.965607

v4kkowixppu >> Start >> 2020-10-15 18:32:34.616594

v4kkowixppu >> Image Returned >> 2020-10-15 18:32:34.619817

v4kkowixppu >> End >> 2020-10-15 18:32:34.796036

3wdq8o7ypc8 >> Start >> 2020-10-15 18:32:45.892585

3wdq8o7ypc8 >> Image Returned >> 2020-10-15 18:32:45.892893

3wdq8o7ypc8 >> End >> 2020-10-15 18:32:46.058175

8gosunedq78 >> Start >> 2020-10-15 18:36:31.276776

8gosunedq78 >> Image Returned >> 2020-10-15 18:36:31.280137

8gosunedq78 >> End >> 2020-10-15 18:36:31.470804

wy2wateumab >> Start >> 2020-10-15 18:38:20.144234

wy2wateumab >> Image Returned >> 2020-10-15 18:38:20.148250

wy2wateumab >> End >> 2020-10-15 18:38:20.273305

fs3iad3u2hr >> Start >> 2020-10-15 18:38:30.575263

fs3iad3u2hr >> Image Returned >> 2020-10-15 18:38:30.575544

fs3iad3u2hr >> End >> 2020-10-15 18:38:30.753859

6teqs038exf >> Start >> 2020-10-15 18:40:10.102920

6teqs038exf >> Image Returned >> 2020-10-15 18:40:10.106800

6teqs038exf >> End >> 2020-10-15 18:40:10.276402

upnhaxkn0k2 >> Start >> 2020-10-15 18:43:49.752739

upnhaxkn0k2 >> Image Returned >> 2020-10-15 18:43:49.756779

upnhaxkn0k2 >> End >> 2020-10-15 18:43:49.926461

7xkno26hii7 >> Start >> 2020-10-15 18:47:53.647938

7xkno26hii7 >> Image Returned >> 2020-10-15 18:47:53.651683

7xkno26hii7 >> End >> 2020-10-15 18:47:53.823065

kod5ucxq5d4 >> Start >> 2020-10-15 18:47:55.034238

kod5ucxq5d4 >> Image Returned >> 2020-10-15 18:47:55.034527

kod5ucxq5d4 >> End >> 2020-10-15 18:47:55.200953

iyczjqny44w >> Start >> 2020-10-15 18:48:53.827986

iyczjqny44w >> Image Returned >> 2020-10-15 18:48:53.831721

iyczjqny44w >> End >> 2020-10-15 18:48:54.002990

34pqsa40uqi >> Start >> 2020-10-15 18:49:09.398538

34pqsa40uqi >> Image Returned >> 2020-10-15 18:49:09.402124

34pqsa40uqi >> End >> 2020-10-15 18:49:09.579056

d46qpcai6pn >> Start >> 2020-10-15 18:50:24.117702

d46qpcai6pn >> Image Returned >> 2020-10-15 18:50:24.121428

d46qpcai6pn >> End >> 2020-10-15 18:50:24.297036

trrn2zxnp0m >> Start >> 2020-10-15 18:50:39.402403

trrn2zxnp0m >> Image Returned >> 2020-10-15 18:50:39.405649

trrn2zxnp0m >> End >> 2020-10-15 18:50:39.593085

s737mwbris3 >> Start >> 2020-10-15 18:50:39.649559

s737mwbris3 >> Image Returned >> 2020-10-15 18:50:39.649847

s737mwbris3 >> End >> 2020-10-15 18:50:39.840799

qqw2kt80d5u >> Start >> 2020-10-15 18:50:40.175899

qqw2kt80d5u >> Image Returned >> 2020-10-15 18:50:40.176193

qqw2kt80d5u >> End >> 2020-10-15 18:50:40.359528

zc4wqb6xbgx >> Start >> 2020-10-15 18:51:40.018817

zc4wqb6xbgx >> Image Returned >> 2020-10-15 18:51:40.024120

zc4wqb6xbgx >> End >> 2020-10-15 18:51:40.195193

d8sycg5rpxm >> Start >> 2020-10-15 18:51:54.003166

d8sycg5rpxm >> Image Returned >> 2020-10-15 18:51:54.006547

d8sycg5rpxm >> End >> 2020-10-15 18:51:54.181607

fw4sygc3jwb >> Start >> 2020-10-15 18:51:55.935811

fw4sygc3jwb >> Image Returned >> 2020-10-15 18:51:55.936153

fw4sygc3jwb >> End >> 2020-10-15 18:51:56.107430

gpqotm7xgkw >> Start >> 2020-10-15 19:02:23.324129

gpqotm7xgkw >> Image Returned >> 2020-10-15 19:02:23.327780

gpqotm7xgkw >> End >> 2020-10-15 19:02:23.502626

h8wikg3uusb >> Start >> 2020-10-15 19:16:35.890438

h8wikg3uusb >> Image Returned >> 2020-10-15 19:16:35.894395

h8wikg3uusb >> End >> 2020-10-15 19:16:36.062596

f25oc0psa07 >> Start >> 2020-10-15 19:16:53.808816

f25oc0psa07 >> Image Returned >> 2020-10-15 19:16:53.812040

f25oc0psa07 >> End >> 2020-10-15 19:16:53.934073

hrd8v3f3iur >> Start >> 2020-10-15 19:17:29.573378

hrd8v3f3iur >> Image Returned >> 2020-10-15 19:17:29.577410

hrd8v3f3iur >> End >> 2020-10-15 19:17:29.747601

e0eizafiw4q >> Start >> 2020-10-15 19:22:54.725220

e0eizafiw4q >> Image Returned >> 2020-10-15 19:22:54.729428

e0eizafiw4q >> End >> 2020-10-15 19:22:54.899568

azpu45mnuc3 >> Start >> 2020-10-15 19:23:24.032458

azpu45mnuc3 >> Image Returned >> 2020-10-15 19:23:24.036021

azpu45mnuc3 >> End >> 2020-10-15 19:23:24.202233

d467azaffi6 >> Start >> 2020-10-15 19:23:33.349374

d467azaffi6 >> Image Returned >> 2020-10-15 19:23:33.349658

d467azaffi6 >> End >> 2020-10-15 19:23:33.553757

dowyndru6n6 >> Start >> 2020-10-15 19:25:04.007642

dowyndru6n6 >> Image Returned >> 2020-10-15 19:25:04.011131

dowyndru6n6 >> End >> 2020-10-15 19:25:04.187223

7s83uxbgb7u >> Start >> 2020-10-15 19:25:41.654236

7s83uxbgb7u >> Image Returned >> 2020-10-15 19:25:41.657824

7s83uxbgb7u >> End >> 2020-10-15 19:25:41.839834

xmrfo86myj3 >> Start >> 2020-10-15 19:27:06.687046

xmrfo86myj3 >> Image Returned >> 2020-10-15 19:27:06.690511

xmrfo86myj3 >> End >> 2020-10-15 19:27:06.858118

5tq3o04we6m >> Start >> 2020-10-15 19:31:58.841125

5tq3o04we6m >> Image Returned >> 2020-10-15 19:31:58.845402

5tq3o04we6m >> End >> 2020-10-15 19:31:59.010185

wyoyydv8nhc >> Start >> 2020-10-15 19:34:10.711998

wyoyydv8nhc >> Image Returned >> 2020-10-15 19:34:10.715289

wyoyydv8nhc >> End >> 2020-10-15 19:34:10.884032

od5n4hbrjzj >> Start >> 2020-10-15 19:34:37.150567

od5n4hbrjzj >> Image Returned >> 2020-10-15 19:34:37.153986

od5n4hbrjzj >> End >> 2020-10-15 19:34:37.329554

4c2gxx626ks >> Start >> 2020-10-15 19:35:05.357275

4c2gxx626ks >> Image Returned >> 2020-10-15 19:35:05.360940

4c2gxx626ks >> End >> 2020-10-15 19:35:05.543515

6yb2z8cxd80 >> Start >> 2020-10-15 19:39:35.296746

6yb2z8cxd80 >> Image Returned >> 2020-10-15 19:39:35.300265

6yb2z8cxd80 >> End >> 2020-10-15 19:39:35.481544

ftdke35zf0f >> Start >> 2020-10-15 19:41:51.495760

ftdke35zf0f >> Image Returned >> 2020-10-15 19:41:51.499461

ftdke35zf0f >> End >> 2020-10-15 19:41:51.687832

zszvtxdstgk >> Start >> 2020-10-15 19:43:27.018851

zszvtxdstgk >> Image Returned >> 2020-10-15 19:43:27.024827

zszvtxdstgk >> End >> 2020-10-15 19:43:27.199999

jpwku2oon4c >> Start >> 2020-10-15 19:46:19.622411

jpwku2oon4c >> Image Returned >> 2020-10-15 19:46:19.626188

jpwku2oon4c >> End >> 2020-10-15 19:46:19.805701

keb43hdyqnq >> Start >> 2020-10-15 19:47:45.636781

keb43hdyqnq >> Image Returned >> 2020-10-15 19:47:45.639991

keb43hdyqnq >> End >> 2020-10-15 19:47:45.815545

tm5ddhnrc80 >> Start >> 2020-10-15 19:50:23.180476

tm5ddhnrc80 >> Image Returned >> 2020-10-15 19:50:23.184159

tm5ddhnrc80 >> End >> 2020-10-15 19:50:23.347760

76d2jp76v6v >> Start >> 2020-10-15 19:51:45.733690

76d2jp76v6v >> Image Returned >> 2020-10-15 19:51:45.736973

76d2jp76v6v >> End >> 2020-10-15 19:51:45.910831

6bewqb8tgqz >> Start >> 2020-10-15 19:52:24.740159

6bewqb8tgqz >> Image Returned >> 2020-10-15 19:52:24.743410

6bewqb8tgqz >> End >> 2020-10-15 19:52:24.923460

fhyezbk3ab3 >> Start >> 2020-10-15 19:55:02.191024

fhyezbk3ab3 >> Image Returned >> 2020-10-15 19:55:02.194271

fhyezbk3ab3 >> End >> 2020-10-15 19:55:02.401947

4xhs52r0f6y >> Start >> 2020-10-15 19:55:54.517198

4xhs52r0f6y >> Image Returned >> 2020-10-15 19:55:54.521011

4xhs52r0f6y >> End >> 2020-10-15 19:55:54.686602

3t3mt8wmjf8 >> Start >> 2020-10-15 20:00:22.309130

3t3mt8wmjf8 >> Image Returned >> 2020-10-15 20:00:22.312686

3t3mt8wmjf8 >> End >> 2020-10-15 20:00:22.478658

d7w32te5mtb >> Start >> 2020-10-15 20:01:33.320734

d7w32te5mtb >> Image Returned >> 2020-10-15 20:01:33.324394

d7w32te5mtb >> End >> 2020-10-15 20:01:33.521467

qoh4ba6ekdu >> Start >> 2020-10-15 20:01:34.994323

qoh4ba6ekdu >> Image Returned >> 2020-10-15 20:01:34.994604

qoh4ba6ekdu >> End >> 2020-10-15 20:01:35.182300

e3touaiiths >> Start >> 2020-10-15 20:02:44.586182

e3touaiiths >> Image Returned >> 2020-10-15 20:02:44.589658

e3touaiiths >> End >> 2020-10-15 20:02:44.763956

k2wmz4acwgw >> Start >> 2020-10-15 20:05:25.084702

k2wmz4acwgw >> Image Returned >> 2020-10-15 20:05:25.089025

k2wmz4acwgw >> End >> 2020-10-15 20:05:25.260246

60cv340k7n5 >> Start >> 2020-10-15 20:06:38.104398

60cv340k7n5 >> Image Returned >> 2020-10-15 20:06:38.108490

60cv340k7n5 >> End >> 2020-10-15 20:06:38.312400

ynx4b6mc0tv >> Start >> 2020-10-15 20:07:39.668700

ynx4b6mc0tv >> Image Returned >> 2020-10-15 20:07:39.672414

ynx4b6mc0tv >> End >> 2020-10-15 20:07:39.795123

0ffv25di52m >> Start >> 2020-10-15 20:10:59.125839

0ffv25di52m >> Image Returned >> 2020-10-15 20:10:59.130239

0ffv25di52m >> End >> 2020-10-15 20:10:59.324682

ksivxvd3dgo >> Start >> 2020-10-15 20:11:20.478283

ksivxvd3dgo >> Image Returned >> 2020-10-15 20:11:20.482028

ksivxvd3dgo >> End >> 2020-10-15 20:11:20.661134

obqp8xxwc7w >> Start >> 2020-10-15 20:13:40.958044

obqp8xxwc7w >> Image Returned >> 2020-10-15 20:13:40.961580

obqp8xxwc7w >> End >> 2020-10-15 20:13:41.131453

kx4nr033nb0 >> Start >> 2020-10-15 20:17:59.731528

kx4nr033nb0 >> Image Returned >> 2020-10-15 20:17:59.735389

kx4nr033nb0 >> End >> 2020-10-15 20:17:59.926661

kn27f7b8zgj >> Start >> 2020-10-15 20:20:52.317397

kn27f7b8zgj >> Image Returned >> 2020-10-15 20:20:52.320915

kn27f7b8zgj >> End >> 2020-10-15 20:20:52.489300

e402iokm2em >> Start >> 2020-10-15 20:22:02.975820

e402iokm2em >> Image Returned >> 2020-10-15 20:22:02.979617

e402iokm2em >> End >> 2020-10-15 20:22:03.143560

h5r5d26uzu7 >> Start >> 2020-10-15 20:26:49.388011

h5r5d26uzu7 >> Image Returned >> 2020-10-15 20:26:49.393614

h5r5d26uzu7 >> End >> 2020-10-15 20:26:49.569906

mvxcarm360n >> Start >> 2020-10-15 20:27:32.442532

mvxcarm360n >> Image Returned >> 2020-10-15 20:27:32.446119

mvxcarm360n >> End >> 2020-10-15 20:27:32.624526

cvnbtjoxozr >> Start >> 2020-10-15 20:31:06.392438

cvnbtjoxozr >> Image Returned >> 2020-10-15 20:31:06.395780

cvnbtjoxozr >> End >> 2020-10-15 20:31:06.575006

7u628o0errd >> Start >> 2020-10-15 20:33:52.393472

7u628o0errd >> Image Returned >> 2020-10-15 20:33:52.397056

7u628o0errd >> End >> 2020-10-15 20:33:52.566153

mxg8w0ktgtp >> Start >> 2020-10-15 20:36:11.238697

mxg8w0ktgtp >> Image Returned >> 2020-10-15 20:36:11.241921

mxg8w0ktgtp >> End >> 2020-10-15 20:36:11.414758

nxo8z5dsiat >> Start >> 2020-10-15 20:39:25.059233

nxo8z5dsiat >> Image Returned >> 2020-10-15 20:39:25.062979

nxo8z5dsiat >> End >> 2020-10-15 20:39:25.249826

az3ixvuivzx >> Start >> 2020-10-15 20:40:34.042924

az3ixvuivzx >> Image Returned >> 2020-10-15 20:40:34.046648

az3ixvuivzx >> End >> 2020-10-15 20:40:34.265150

twkoggbnz8o >> Start >> 2020-10-15 20:42:00.266654

twkoggbnz8o >> Image Returned >> 2020-10-15 20:42:00.270720

twkoggbnz8o >> End >> 2020-10-15 20:42:00.443063

ty3egtfffje >> Start >> 2020-10-15 20:43:31.814079

ty3egtfffje >> Image Returned >> 2020-10-15 20:43:31.817949

ty3egtfffje >> End >> 2020-10-15 20:43:31.986474

qejnc0o3iw4 >> Start >> 2020-10-15 20:46:37.964612

qejnc0o3iw4 >> Image Returned >> 2020-10-15 20:46:37.968259

qejnc0o3iw4 >> End >> 2020-10-15 20:46:38.144438

t0jmuj2fjdy >> Start >> 2020-10-15 20:49:27.907727

t0jmuj2fjdy >> Image Returned >> 2020-10-15 20:49:27.911302

t0jmuj2fjdy >> End >> 2020-10-15 20:49:28.098949

scci7qwpeji >> Start >> 2020-10-15 20:52:55.317099

scci7qwpeji >> Image Returned >> 2020-10-15 20:52:55.320682

scci7qwpeji >> End >> 2020-10-15 20:52:55.498493

whiybdxkv8w >> Start >> 2020-10-15 20:53:34.847829

whiybdxkv8w >> Image Returned >> 2020-10-15 20:53:34.852672

whiybdxkv8w >> End >> 2020-10-15 20:53:35.022155

w0jbznb45y8 >> Start >> 2020-10-15 20:54:04.583581

w0jbznb45y8 >> Image Returned >> 2020-10-15 20:54:04.586895

w0jbznb45y8 >> End >> 2020-10-15 20:54:04.761919

owbcmcycf0i >> Start >> 2020-10-15 20:54:07.194267

owbcmcycf0i >> Image Returned >> 2020-10-15 20:54:07.194555

owbcmcycf0i >> End >> 2020-10-15 20:54:07.390760

03pk7u85rqx >> Start >> 2020-10-15 20:54:36.124622

03pk7u85rqx >> Image Returned >> 2020-10-15 20:54:36.128195

03pk7u85rqx >> End >> 2020-10-15 20:54:36.291837

3vdk4rotzr0 >> Start >> 2020-10-15 20:54:42.264148

3vdk4rotzr0 >> Image Returned >> 2020-10-15 20:54:42.264455

3vdk4rotzr0 >> End >> 2020-10-15 20:54:42.431282

5p0o8pps7r8 >> Start >> 2020-10-15 20:57:17.362473

5p0o8pps7r8 >> Image Returned >> 2020-10-15 20:57:17.366477

5p0o8pps7r8 >> End >> 2020-10-15 20:57:17.534007

agsweezzu75 >> Start >> 2020-10-15 20:59:43.182256

agsweezzu75 >> Image Returned >> 2020-10-15 20:59:43.185548

agsweezzu75 >> End >> 2020-10-15 20:59:43.352618

fgrzhq7405b >> Start >> 2020-10-15 21:02:41.778764

fgrzhq7405b >> Image Returned >> 2020-10-15 21:02:41.783773

fgrzhq7405b >> End >> 2020-10-15 21:02:41.972111

5xkq3ywj8b2 >> Start >> 2020-10-15 21:14:03.813657

5xkq3ywj8b2 >> Image Returned >> 2020-10-15 21:14:03.818985

5xkq3ywj8b2 >> End >> 2020-10-15 21:14:03.986696

qs3mnnnbvqi >> Start >> 2020-10-15 21:14:53.613976

qs3mnnnbvqi >> Image Returned >> 2020-10-15 21:14:53.617569

qs3mnnnbvqi >> End >> 2020-10-15 21:14:53.787313

bsgckcieawd >> Start >> 2020-10-15 21:25:50.847176

bsgckcieawd >> Image Returned >> 2020-10-15 21:25:50.850457

bsgckcieawd >> End >> 2020-10-15 21:25:51.020406

zxmxr2e8umd >> Start >> 2020-10-15 21:26:38.338866

zxmxr2e8umd >> Image Returned >> 2020-10-15 21:26:38.342458

zxmxr2e8umd >> End >> 2020-10-15 21:26:38.548161

x7wkqbzaq2d >> Start >> 2020-10-15 21:29:57.180780

x7wkqbzaq2d >> Image Returned >> 2020-10-15 21:29:57.184384

x7wkqbzaq2d >> End >> 2020-10-15 21:29:57.360719

0fqp66o6x68 >> Start >> 2020-10-15 21:30:04.416589

0fqp66o6x68 >> Image Returned >> 2020-10-15 21:30:04.416886

0fqp66o6x68 >> End >> 2020-10-15 21:30:04.587888

vvutx8ug70t >> Start >> 2020-10-15 21:31:42.354059

vvutx8ug70t >> Image Returned >> 2020-10-15 21:31:42.357793

vvutx8ug70t >> End >> 2020-10-15 21:31:42.544774

fs8i2mdbmoh >> Start >> 2020-10-15 21:32:09.449632

fs8i2mdbmoh >> Image Returned >> 2020-10-15 21:32:09.452931

fs8i2mdbmoh >> End >> 2020-10-15 21:32:09.634196

fnp7rgp46ap >> Start >> 2020-10-15 21:36:28.492672

fnp7rgp46ap >> Image Returned >> 2020-10-15 21:36:28.496990

fnp7rgp46ap >> End >> 2020-10-15 21:36:28.671890

4u3rjp6okid >> Start >> 2020-10-15 21:42:42.655587

4u3rjp6okid >> Image Returned >> 2020-10-15 21:42:42.659902

4u3rjp6okid >> End >> 2020-10-15 21:42:42.836345

sa6b6hnotng >> Start >> 2020-10-15 21:50:51.361908

sa6b6hnotng >> Image Returned >> 2020-10-15 21:50:51.365253

sa6b6hnotng >> End >> 2020-10-15 21:50:51.532612

yyeyiuyomn2 >> Start >> 2020-10-15 21:52:20.022521

yyeyiuyomn2 >> Image Returned >> 2020-10-15 21:52:20.026911

yyeyiuyomn2 >> End >> 2020-10-15 21:52:20.210005

i25dzsy2kqb >> Start >> 2020-10-15 21:52:59.412215

i25dzsy2kqb >> Image Returned >> 2020-10-15 21:52:59.415535

i25dzsy2kqb >> End >> 2020-10-15 21:52:59.578965

d0mnq2mp5b3 >> Start >> 2020-10-15 21:53:33.600166

d0mnq2mp5b3 >> Image Returned >> 2020-10-15 21:53:33.604104

d0mnq2mp5b3 >> End >> 2020-10-15 21:53:33.772663

zqipgbg0z0q >> Start >> 2020-10-15 21:57:26.937058

zqipgbg0z0q >> Image Returned >> 2020-10-15 21:57:26.941764

zqipgbg0z0q >> End >> 2020-10-15 21:57:27.115525

bgjh7mmmjki >> Start >> 2020-10-15 21:58:56.221256

bgjh7mmmjki >> Image Returned >> 2020-10-15 21:58:56.224925

bgjh7mmmjki >> End >> 2020-10-15 21:58:56.398534

dk3xzubbjgj >> Start >> 2020-10-15 22:11:00.590004

dk3xzubbjgj >> Image Returned >> 2020-10-15 22:11:00.594741

dk3xzubbjgj >> End >> 2020-10-15 22:11:00.783099

hvidbk2rv7b >> Start >> 2020-10-15 22:16:22.704965

hvidbk2rv7b >> Image Returned >> 2020-10-15 22:16:22.707950

hvidbk2rv7b >> End >> 2020-10-15 22:16:22.891042

b35ewcawmog >> Start >> 2020-10-15 22:20:21.831608

b35ewcawmog >> Image Returned >> 2020-10-15 22:20:21.835155

b35ewcawmog >> End >> 2020-10-15 22:20:22.004534

vzw80aabo6c >> Start >> 2020-10-15 22:23:05.346221

vzw80aabo6c >> Image Returned >> 2020-10-15 22:23:05.349147

vzw80aabo6c >> End >> 2020-10-15 22:23:05.538917

sg0owvuuudk >> Start >> 2020-10-15 22:27:14.130701

sg0owvuuudk >> Image Returned >> 2020-10-15 22:27:14.133667

sg0owvuuudk >> End >> 2020-10-15 22:27:14.304497

jvhev4j3r24 >> Start >> 2020-10-15 22:28:04.465827

jvhev4j3r24 >> Image Returned >> 2020-10-15 22:28:04.468564

jvhev4j3r24 >> End >> 2020-10-15 22:28:04.635039

ejbzzkgzyi5 >> Start >> 2020-10-15 22:32:18.996730

ejbzzkgzyi5 >> Image Returned >> 2020-10-15 22:32:18.999671

ejbzzkgzyi5 >> End >> 2020-10-15 22:32:19.176044

zg4b7fb04ej >> Start >> 2020-10-15 22:33:27.244537

zg4b7fb04ej >> Image Returned >> 2020-10-15 22:33:27.247400

zg4b7fb04ej >> End >> 2020-10-15 22:33:27.431504

tjg2e83cgut >> Start >> 2020-10-15 22:41:17.164625

tjg2e83cgut >> Image Returned >> 2020-10-15 22:41:17.167409

tjg2e83cgut >> End >> 2020-10-15 22:41:17.335402

qbzkvbez86s >> Start >> 2020-10-15 22:41:25.239161

qbzkvbez86s >> Image Returned >> 2020-10-15 22:41:25.239500

qbzkvbez86s >> End >> 2020-10-15 22:41:25.408936

hbgn2yze0fa >> Start >> 2020-10-15 22:45:59.602497

hbgn2yze0fa >> Image Returned >> 2020-10-15 22:45:59.605361

hbgn2yze0fa >> End >> 2020-10-15 22:45:59.797132

o8urc2kp85j >> Start >> 2020-10-15 22:51:11.221570

o8urc2kp85j >> Image Returned >> 2020-10-15 22:51:11.224404

o8urc2kp85j >> End >> 2020-10-15 22:51:11.388984

6x0ghzox46z >> Start >> 2020-10-15 22:55:09.596204

6x0ghzox46z >> Image Returned >> 2020-10-15 22:55:09.599399

6x0ghzox46z >> End >> 2020-10-15 22:55:09.766750

wdihn4kuwsf >> Start >> 2020-10-15 23:26:54.311413

wdihn4kuwsf >> Image Returned >> 2020-10-15 23:26:54.314300

wdihn4kuwsf >> End >> 2020-10-15 23:26:54.481426

7kc67pi6uhh >> Start >> 2020-10-15 23:35:09.983724

7kc67pi6uhh >> Image Returned >> 2020-10-15 23:35:09.987338

7kc67pi6uhh >> End >> 2020-10-15 23:35:10.155318

3o85cjo777z >> Start >> 2020-10-15 23:38:57.670062

3o85cjo777z >> Image Returned >> 2020-10-15 23:38:57.672988

3o85cjo777z >> End >> 2020-10-15 23:38:57.848519

vqt52a2s77h >> Start >> 2020-10-15 23:39:39.439841

vqt52a2s77h >> Image Returned >> 2020-10-15 23:39:39.442711

vqt52a2s77h >> End >> 2020-10-15 23:39:39.643182

s2ui6ryouik >> Start >> 2020-10-15 23:44:10.223707

s2ui6ryouik >> Image Returned >> 2020-10-15 23:44:10.226846

s2ui6ryouik >> End >> 2020-10-15 23:44:10.394401

67w6rihuffj >> Start >> 2020-10-15 23:44:49.387377

67w6rihuffj >> Image Returned >> 2020-10-15 23:44:49.390377

67w6rihuffj >> End >> 2020-10-15 23:44:49.580765

0btosepyric >> Start >> 2020-10-15 23:45:29.556811

0btosepyric >> Image Returned >> 2020-10-15 23:45:29.559799

0btosepyric >> End >> 2020-10-15 23:45:29.731190

