6jc3kahqxb6 >> Start >> 2020-08-28 00:34:18.030488

6jc3kahqxb6 >> Image Returned >> 2020-08-28 00:34:18.035373

6jc3kahqxb6 >> End >> 2020-08-28 00:34:18.177850

sakyasz2xms >> Start >> 2020-08-28 00:40:32.595103

sakyasz2xms >> Image Returned >> 2020-08-28 00:40:32.601674

sakyasz2xms >> End >> 2020-08-28 00:40:32.745095

3imbyb07ake >> Start >> 2020-08-28 01:23:50.168864

3imbyb07ake >> Image Returned >> 2020-08-28 01:23:50.174308

3imbyb07ake >> End >> 2020-08-28 01:23:50.315346

hu8cs5syvf7 >> Start >> 2020-08-28 01:42:06.690300

hu8cs5syvf7 >> Image Returned >> 2020-08-28 01:42:06.695651

hu8cs5syvf7 >> End >> 2020-08-28 01:42:06.842941

uqq4w3arbp4 >> Start >> 2020-08-28 01:49:12.962668

uqq4w3arbp4 >> Image Returned >> 2020-08-28 01:49:12.967351

uqq4w3arbp4 >> End >> 2020-08-28 01:49:13.112252

04sw63nhopu >> Start >> 2020-08-28 02:10:24.479650

04sw63nhopu >> Image Returned >> 2020-08-28 02:10:24.483176

04sw63nhopu >> End >> 2020-08-28 02:10:24.636665

hnq2ydknjri >> Start >> 2020-08-28 02:11:36.058352

hnq2ydknjri >> Image Returned >> 2020-08-28 02:11:36.062798

hnq2ydknjri >> End >> 2020-08-28 02:11:36.212265

56pv88z7vbp >> Start >> 2020-08-28 02:11:55.398509

56pv88z7vbp >> Image Returned >> 2020-08-28 02:11:55.401917

56pv88z7vbp >> End >> 2020-08-28 02:11:55.552685

4kmmy7y5a5j >> Start >> 2020-08-28 02:18:09.439935

4kmmy7y5a5j >> Image Returned >> 2020-08-28 02:18:09.444755

4kmmy7y5a5j >> End >> 2020-08-28 02:18:09.590302

cjeehfw24fa >> Start >> 2020-08-28 02:20:47.839176

cjeehfw24fa >> Image Returned >> 2020-08-28 02:20:47.842583

cjeehfw24fa >> End >> 2020-08-28 02:20:47.965148

2t2porkxsg6 >> Start >> 2020-08-28 02:45:52.041115

2t2porkxsg6 >> Image Returned >> 2020-08-28 02:45:52.045679

2t2porkxsg6 >> End >> 2020-08-28 02:45:52.189843

7ii4xjoe8fa >> Start >> 2020-08-28 02:54:09.965645

7ii4xjoe8fa >> Image Returned >> 2020-08-28 02:54:09.969433

7ii4xjoe8fa >> End >> 2020-08-28 02:54:10.119013

zyokxrvixt8 >> Start >> 2020-08-28 02:56:16.359945

zyokxrvixt8 >> Image Returned >> 2020-08-28 02:56:16.362781

zyokxrvixt8 >> End >> 2020-08-28 02:56:16.506947

pg2ih3pdpq3 >> Start >> 2020-08-28 02:56:18.796722

pg2ih3pdpq3 >> Image Returned >> 2020-08-28 02:56:18.797046

pg2ih3pdpq3 >> End >> 2020-08-28 02:56:18.943072

3bim6j0t760 >> Start >> 2020-08-28 02:57:20.963510

3bim6j0t760 >> Image Returned >> 2020-08-28 02:57:20.967538

3bim6j0t760 >> End >> 2020-08-28 02:57:21.116255

wa6it2djqgs >> Start >> 2020-08-28 03:32:41.024462

wa6it2djqgs >> Image Returned >> 2020-08-28 03:32:41.028934

wa6it2djqgs >> End >> 2020-08-28 03:32:41.180139

fv3takv2anw >> Start >> 2020-08-28 03:39:27.248363

fv3takv2anw >> Image Returned >> 2020-08-28 03:39:27.252451

fv3takv2anw >> End >> 2020-08-28 03:39:27.400122

3yyc480wj37 >> Start >> 2020-08-28 03:42:35.491502

3yyc480wj37 >> Image Returned >> 2020-08-28 03:42:35.495867

3yyc480wj37 >> End >> 2020-08-28 03:42:35.640476

fzkc6xm6atd >> Start >> 2020-08-28 03:42:56.976469

fzkc6xm6atd >> Image Returned >> 2020-08-28 03:42:56.979834

fzkc6xm6atd >> End >> 2020-08-28 03:42:57.122278

iktj267kdfc >> Start >> 2020-08-28 04:10:07.184457

iktj267kdfc >> Image Returned >> 2020-08-28 04:10:07.187851

iktj267kdfc >> End >> 2020-08-28 04:10:07.349893

bmng7ynq6vx >> Start >> 2020-08-28 04:16:26.994168

bmng7ynq6vx >> Image Returned >> 2020-08-28 04:16:26.997452

bmng7ynq6vx >> End >> 2020-08-28 04:16:27.147188

rn8p07hjnmj >> Start >> 2020-08-28 04:39:38.521403

rn8p07hjnmj >> Image Returned >> 2020-08-28 04:39:38.527296

rn8p07hjnmj >> End >> 2020-08-28 04:39:38.677313

7nsokyzrc7o >> Start >> 2020-08-28 05:16:33.178606

7nsokyzrc7o >> Image Returned >> 2020-08-28 05:16:33.181965

7nsokyzrc7o >> End >> 2020-08-28 05:16:33.323772

vucn783jovq >> Start >> 2020-08-28 05:44:43.438182

vucn783jovq >> Image Returned >> 2020-08-28 05:44:43.442409

vucn783jovq >> End >> 2020-08-28 05:44:43.600322

qpu8ru75mi8 >> Start >> 2020-08-28 06:07:25.269578

qpu8ru75mi8 >> Image Returned >> 2020-08-28 06:07:25.273226

qpu8ru75mi8 >> End >> 2020-08-28 06:07:25.416429

7qpfvoim3og >> Start >> 2020-08-28 06:09:04.604830

7qpfvoim3og >> Image Returned >> 2020-08-28 06:09:04.609241

7qpfvoim3og >> End >> 2020-08-28 06:09:04.759979

rqboq6dfqm4 >> Start >> 2020-08-28 06:34:26.877931

rqboq6dfqm4 >> Image Returned >> 2020-08-28 06:34:26.881460

rqboq6dfqm4 >> End >> 2020-08-28 06:34:27.019772

peis726ghpc >> Start >> 2020-08-28 06:34:41.204071

peis726ghpc >> Image Returned >> 2020-08-28 06:34:41.208127

peis726ghpc >> End >> 2020-08-28 06:34:41.349587

jmgynuawpqt >> Start >> 2020-08-28 06:45:10.872925

jmgynuawpqt >> Image Returned >> 2020-08-28 06:45:10.878632

jmgynuawpqt >> End >> 2020-08-28 06:45:11.019921

t0wteoa58dz >> Start >> 2020-08-28 06:50:50.603897

t0wteoa58dz >> Image Returned >> 2020-08-28 06:50:50.608498

t0wteoa58dz >> End >> 2020-08-28 06:50:50.753107

z0ihr27c6rz >> Start >> 2020-08-28 07:04:26.831317

z0ihr27c6rz >> Image Returned >> 2020-08-28 07:04:26.836417

z0ihr27c6rz >> End >> 2020-08-28 07:04:26.985025

oyretfkpu87 >> Start >> 2020-08-28 07:30:15.870147

oyretfkpu87 >> Image Returned >> 2020-08-28 07:30:15.873610

oyretfkpu87 >> End >> 2020-08-28 07:30:16.030468

5cdurd2onms >> Start >> 2020-08-28 07:30:25.647084

5cdurd2onms >> Image Returned >> 2020-08-28 07:30:25.647480

5cdurd2onms >> End >> 2020-08-28 07:30:25.789239

7rmqni8kzac >> Start >> 2020-08-28 07:37:40.443428

7rmqni8kzac >> Image Returned >> 2020-08-28 07:37:40.449167

7rmqni8kzac >> End >> 2020-08-28 07:37:40.593079

cvnchw4mxav >> Start >> 2020-08-28 07:38:13.679935

cvnchw4mxav >> Image Returned >> 2020-08-28 07:38:13.683636

cvnchw4mxav >> End >> 2020-08-28 07:38:13.826926

g0zfc5fi8dw >> Start >> 2020-08-28 07:39:07.856103

g0zfc5fi8dw >> Image Returned >> 2020-08-28 07:39:07.859540

g0zfc5fi8dw >> End >> 2020-08-28 07:39:07.999277

ogesj2gs7uc >> Start >> 2020-08-28 07:40:08.514851

ogesj2gs7uc >> Image Returned >> 2020-08-28 07:40:08.519038

ogesj2gs7uc >> End >> 2020-08-28 07:40:08.668936

ns6hox6fdg4 >> Start >> 2020-08-28 07:41:21.941080

ns6hox6fdg4 >> Image Returned >> 2020-08-28 07:41:21.945329

ns6hox6fdg4 >> End >> 2020-08-28 07:41:22.092747

hc5u6w64w5m >> Start >> 2020-08-28 07:59:54.401948

hc5u6w64w5m >> Image Returned >> 2020-08-28 07:59:54.406991

hc5u6w64w5m >> End >> 2020-08-28 07:59:54.538953

z7v5qvxz3bm >> Start >> 2020-08-28 08:06:57.323468

z7v5qvxz3bm >> Image Returned >> 2020-08-28 08:06:57.327965

z7v5qvxz3bm >> End >> 2020-08-28 08:06:57.498514

v25k2v8jdq7 >> Start >> 2020-08-28 08:07:17.224355

v25k2v8jdq7 >> Image Returned >> 2020-08-28 08:07:17.227718

v25k2v8jdq7 >> End >> 2020-08-28 08:07:17.408238

yt8eu204q3y >> Start >> 2020-08-28 08:07:43.557804

yt8eu204q3y >> Image Returned >> 2020-08-28 08:07:43.562122

yt8eu204q3y >> End >> 2020-08-28 08:07:43.715327

00kf3myw0m3 >> Start >> 2020-08-28 08:10:25.886625

00kf3myw0m3 >> Image Returned >> 2020-08-28 08:10:25.890101

00kf3myw0m3 >> End >> 2020-08-28 08:10:26.047801

n02c3gnkwv8 >> Start >> 2020-08-28 08:13:34.771939

n02c3gnkwv8 >> Image Returned >> 2020-08-28 08:13:34.775515

n02c3gnkwv8 >> End >> 2020-08-28 08:13:34.958614

xkannj7wkwm >> Start >> 2020-08-28 08:13:42.104665

xkannj7wkwm >> Image Returned >> 2020-08-28 08:13:42.105024

xkannj7wkwm >> End >> 2020-08-28 08:13:42.247338

fh5pjjhoyqc >> Start >> 2020-08-28 08:16:27.881311

fh5pjjhoyqc >> Image Returned >> 2020-08-28 08:16:27.884700

fh5pjjhoyqc >> End >> 2020-08-28 08:16:28.030452

zmq7qwkvfm3 >> Start >> 2020-08-28 08:19:30.360466

zmq7qwkvfm3 >> Image Returned >> 2020-08-28 08:19:30.365712

zmq7qwkvfm3 >> End >> 2020-08-28 08:19:30.509090

op5zrgdrqj6 >> Start >> 2020-08-28 08:19:56.447788

op5zrgdrqj6 >> Image Returned >> 2020-08-28 08:19:56.451522

op5zrgdrqj6 >> End >> 2020-08-28 08:19:56.599627

c7ci2bzxzew >> Start >> 2020-08-28 08:24:04.327066

c7ci2bzxzew >> Image Returned >> 2020-08-28 08:24:04.330949

c7ci2bzxzew >> End >> 2020-08-28 08:24:04.472439

726u3sikwup >> Start >> 2020-08-28 08:27:20.103712

726u3sikwup >> Image Returned >> 2020-08-28 08:27:20.109461

726u3sikwup >> End >> 2020-08-28 08:27:20.251488

yyccftsmkc3 >> Start >> 2020-08-28 08:32:23.278953

yyccftsmkc3 >> Image Returned >> 2020-08-28 08:32:23.283075

yyccftsmkc3 >> End >> 2020-08-28 08:32:23.428344

a4miynyj2oa >> Start >> 2020-08-28 08:33:17.022012

a4miynyj2oa >> Image Returned >> 2020-08-28 08:33:17.025487

a4miynyj2oa >> End >> 2020-08-28 08:33:17.173765

qyd8onvmhse >> Start >> 2020-08-28 08:33:45.334773

qyd8onvmhse >> Image Returned >> 2020-08-28 08:33:45.339221

qyd8onvmhse >> End >> 2020-08-28 08:33:45.532074

n2ku0vw5ttk >> Start >> 2020-08-28 08:35:04.911185

n2ku0vw5ttk >> Image Returned >> 2020-08-28 08:35:04.915177

n2ku0vw5ttk >> End >> 2020-08-28 08:35:05.072407

cbj7hpeofvo >> Start >> 2020-08-28 08:36:04.112885

cbj7hpeofvo >> Image Returned >> 2020-08-28 08:36:04.116343

cbj7hpeofvo >> End >> 2020-08-28 08:36:04.268187

q3fpsyofuo7 >> Start >> 2020-08-28 08:39:15.887814

q3fpsyofuo7 >> Image Returned >> 2020-08-28 08:39:15.893156

q3fpsyofuo7 >> End >> 2020-08-28 08:39:16.038021

6z7mgjpvosw >> Start >> 2020-08-28 08:40:35.626867

6z7mgjpvosw >> Image Returned >> 2020-08-28 08:40:35.630261

6z7mgjpvosw >> End >> 2020-08-28 08:40:35.776348

y7j8jnf6ftr >> Start >> 2020-08-28 08:43:40.104711

y7j8jnf6ftr >> Image Returned >> 2020-08-28 08:43:40.108758

y7j8jnf6ftr >> End >> 2020-08-28 08:43:40.253654

y8e2tj5iy8f >> Start >> 2020-08-28 08:43:56.068006

y8e2tj5iy8f >> Image Returned >> 2020-08-28 08:43:56.073151

y8e2tj5iy8f >> End >> 2020-08-28 08:43:56.233522

4qifrzuyumv >> Start >> 2020-08-28 08:44:23.521806

4qifrzuyumv >> Image Returned >> 2020-08-28 08:44:23.525698

4qifrzuyumv >> End >> 2020-08-28 08:44:23.674889

37taokfnrph >> Start >> 2020-08-28 08:51:05.127367

37taokfnrph >> Image Returned >> 2020-08-28 08:51:05.132847

37taokfnrph >> End >> 2020-08-28 08:51:05.275784

2kk2zf2ytwm >> Start >> 2020-08-28 08:53:06.834198

2kk2zf2ytwm >> Image Returned >> 2020-08-28 08:53:06.838939

2kk2zf2ytwm >> End >> 2020-08-28 08:53:06.986552

xnh2a3nmoei >> Start >> 2020-08-28 08:56:08.997864

xnh2a3nmoei >> Image Returned >> 2020-08-28 08:56:09.002697

xnh2a3nmoei >> End >> 2020-08-28 08:56:09.149185

u4kaqsn85gb >> Start >> 2020-08-28 08:56:34.054455

u4kaqsn85gb >> Image Returned >> 2020-08-28 08:56:34.057775

u4kaqsn85gb >> End >> 2020-08-28 08:56:34.218298

nvzx3xmsxw8 >> Start >> 2020-08-28 08:56:48.228013

nvzx3xmsxw8 >> Image Returned >> 2020-08-28 08:56:48.231739

nvzx3xmsxw8 >> End >> 2020-08-28 08:56:48.375803

2yy7rq3vun6 >> Start >> 2020-08-28 08:58:06.724236

2yy7rq3vun6 >> Image Returned >> 2020-08-28 08:58:06.728436

2yy7rq3vun6 >> End >> 2020-08-28 08:58:06.877201

xn0vozqhmhk >> Start >> 2020-08-28 09:00:08.656722

xn0vozqhmhk >> Image Returned >> 2020-08-28 09:00:08.661775

xn0vozqhmhk >> End >> 2020-08-28 09:00:08.806060

0avjye744gw >> Start >> 2020-08-28 09:00:30.814543

0avjye744gw >> Image Returned >> 2020-08-28 09:00:30.818622

0avjye744gw >> End >> 2020-08-28 09:00:30.962630

jrnwdkkbmuc >> Start >> 2020-08-28 09:00:59.789802

jrnwdkkbmuc >> Image Returned >> 2020-08-28 09:00:59.795325

jrnwdkkbmuc >> End >> 2020-08-28 09:00:59.941622

pf4y4qzgr7u >> Start >> 2020-08-28 09:03:18.917428

pf4y4qzgr7u >> Image Returned >> 2020-08-28 09:03:18.922425

pf4y4qzgr7u >> End >> 2020-08-28 09:03:19.081279

xgikikozeh4 >> Start >> 2020-08-28 09:05:46.417356

xgikikozeh4 >> Image Returned >> 2020-08-28 09:05:46.422353

xgikikozeh4 >> End >> 2020-08-28 09:05:46.570763

xj4m7sduk8s >> Start >> 2020-08-28 09:09:46.931862

xj4m7sduk8s >> Image Returned >> 2020-08-28 09:09:46.936913

xj4m7sduk8s >> End >> 2020-08-28 09:09:47.080430

ng6begixra0 >> Start >> 2020-08-28 09:19:43.833617

ng6begixra0 >> Image Returned >> 2020-08-28 09:19:43.839145

ng6begixra0 >> End >> 2020-08-28 09:19:43.999047

bfieg4o2zjh >> Start >> 2020-08-28 09:20:32.739609

bfieg4o2zjh >> Image Returned >> 2020-08-28 09:20:32.743048

bfieg4o2zjh >> End >> 2020-08-28 09:20:32.883910

ityntdpv74s >> Start >> 2020-08-28 09:20:52.493115

ityntdpv74s >> Image Returned >> 2020-08-28 09:20:52.497210

ityntdpv74s >> End >> 2020-08-28 09:20:52.641415

mw8q7qpqvvu >> Start >> 2020-08-28 09:21:35.756398

mw8q7qpqvvu >> Image Returned >> 2020-08-28 09:21:35.759820

mw8q7qpqvvu >> End >> 2020-08-28 09:21:35.902434

wj8smuwkphb >> Start >> 2020-08-28 09:21:48.724730

wj8smuwkphb >> Image Returned >> 2020-08-28 09:21:48.728720

wj8smuwkphb >> End >> 2020-08-28 09:21:48.879415

08nu7qb804x >> Start >> 2020-08-28 09:26:22.225079

08nu7qb804x >> Image Returned >> 2020-08-28 09:26:22.228909

08nu7qb804x >> End >> 2020-08-28 09:26:22.370918

wkcw3mf8edn >> Start >> 2020-08-28 09:30:07.763350

wkcw3mf8edn >> Image Returned >> 2020-08-28 09:30:07.768342

wkcw3mf8edn >> End >> 2020-08-28 09:30:07.915311

nsrpke6pb3b >> Start >> 2020-08-28 09:30:32.044173

nsrpke6pb3b >> Image Returned >> 2020-08-28 09:30:32.047727

nsrpke6pb3b >> End >> 2020-08-28 09:30:32.171425

v6vfd6j0afq >> Start >> 2020-08-28 09:31:09.968429

v6vfd6j0afq >> Image Returned >> 2020-08-28 09:31:09.971908

v6vfd6j0afq >> End >> 2020-08-28 09:31:10.094120

shqqz7emqye >> Start >> 2020-08-28 09:35:52.370795

shqqz7emqye >> Image Returned >> 2020-08-28 09:35:52.375766

shqqz7emqye >> End >> 2020-08-28 09:35:52.520750

edhmmt5ig20 >> Start >> 2020-08-28 09:37:34.895260

edhmmt5ig20 >> Image Returned >> 2020-08-28 09:37:34.898571

edhmmt5ig20 >> End >> 2020-08-28 09:37:35.043772

07matodju3v >> Start >> 2020-08-28 09:41:31.945780

07matodju3v >> Image Returned >> 2020-08-28 09:41:31.950664

07matodju3v >> End >> 2020-08-28 09:41:32.105273

szrq2fd7urh >> Start >> 2020-08-28 09:41:37.947649

szrq2fd7urh >> Image Returned >> 2020-08-28 09:41:37.948116

szrq2fd7urh >> End >> 2020-08-28 09:41:38.094624

x4i5fs2gsx5 >> Start >> 2020-08-28 09:43:33.537450

x4i5fs2gsx5 >> Image Returned >> 2020-08-28 09:43:33.540936

x4i5fs2gsx5 >> End >> 2020-08-28 09:43:33.688889

6kbgqou7cx3 >> Start >> 2020-08-28 09:45:16.945974

6kbgqou7cx3 >> Image Returned >> 2020-08-28 09:45:16.949651

6kbgqou7cx3 >> End >> 2020-08-28 09:45:17.101294

aeywm0088r5 >> Start >> 2020-08-28 09:48:18.141942

aeywm0088r5 >> Image Returned >> 2020-08-28 09:48:18.145518

aeywm0088r5 >> End >> 2020-08-28 09:48:18.296196

ose3e7ub6oz >> Start >> 2020-08-28 09:54:37.594281

ose3e7ub6oz >> Image Returned >> 2020-08-28 09:54:37.599112

ose3e7ub6oz >> End >> 2020-08-28 09:54:37.748351

iuej3nf2hvz >> Start >> 2020-08-28 09:56:40.387512

iuej3nf2hvz >> Image Returned >> 2020-08-28 09:56:40.391324

iuej3nf2hvz >> End >> 2020-08-28 09:56:40.536324

b076v44ewkj >> Start >> 2020-08-28 09:56:53.771265

b076v44ewkj >> Image Returned >> 2020-08-28 09:56:53.774863

b076v44ewkj >> End >> 2020-08-28 09:56:53.918966

sovfansn6no >> Start >> 2020-08-28 09:58:11.853851

sovfansn6no >> Image Returned >> 2020-08-28 09:58:11.857280

sovfansn6no >> End >> 2020-08-28 09:58:12.002131

sbuh23epuu6 >> Start >> 2020-08-28 10:02:46.327774

sbuh23epuu6 >> Image Returned >> 2020-08-28 10:02:46.331428

sbuh23epuu6 >> End >> 2020-08-28 10:02:46.512135

ur32203tqi0 >> Start >> 2020-08-28 10:03:10.926614

ur32203tqi0 >> Image Returned >> 2020-08-28 10:03:10.931260

ur32203tqi0 >> End >> 2020-08-28 10:03:11.073451

r8qb6kpy57w >> Start >> 2020-08-28 10:05:44.423212

r8qb6kpy57w >> Image Returned >> 2020-08-28 10:05:44.427208

r8qb6kpy57w >> End >> 2020-08-28 10:05:44.568965

8zsnb06vnw7 >> Start >> 2020-08-28 10:06:38.349217

8zsnb06vnw7 >> Image Returned >> 2020-08-28 10:06:38.352313

8zsnb06vnw7 >> End >> 2020-08-28 10:06:38.498794

vi2rigfcbsn >> Start >> 2020-08-28 10:09:45.034048

vi2rigfcbsn >> Image Returned >> 2020-08-28 10:09:45.038747

vi2rigfcbsn >> End >> 2020-08-28 10:09:45.193840

tf2esvvwajo >> Start >> 2020-08-28 10:10:49.900003

tf2esvvwajo >> Image Returned >> 2020-08-28 10:10:49.904614

tf2esvvwajo >> End >> 2020-08-28 10:10:50.052259

gkc5icvtsp3 >> Start >> 2020-08-28 10:21:09.678092

gkc5icvtsp3 >> Image Returned >> 2020-08-28 10:21:09.681202

gkc5icvtsp3 >> End >> 2020-08-28 10:21:09.829405

7bjv44a842f >> Start >> 2020-08-28 10:21:34.664469

7bjv44a842f >> Image Returned >> 2020-08-28 10:21:34.669126

7bjv44a842f >> End >> 2020-08-28 10:21:34.816939

ak0shhh8ic8 >> Start >> 2020-08-28 10:28:47.265477

ak0shhh8ic8 >> Image Returned >> 2020-08-28 10:28:47.269108

ak0shhh8ic8 >> End >> 2020-08-28 10:28:47.411176

p8o5xv4nnzc >> Start >> 2020-08-28 10:32:24.292087

p8o5xv4nnzc >> Image Returned >> 2020-08-28 10:32:24.295690

p8o5xv4nnzc >> End >> 2020-08-28 10:32:24.438985

k74zczz3jq2 >> Start >> 2020-08-28 10:37:14.250130

k74zczz3jq2 >> Image Returned >> 2020-08-28 10:37:14.253674

k74zczz3jq2 >> End >> 2020-08-28 10:37:14.407815

cnwyhzkb2yh >> Start >> 2020-08-28 10:40:26.333698

cnwyhzkb2yh >> Image Returned >> 2020-08-28 10:40:26.337173

cnwyhzkb2yh >> End >> 2020-08-28 10:40:26.479254

bdng45rymir >> Start >> 2020-08-28 10:40:46.181891

bdng45rymir >> Image Returned >> 2020-08-28 10:40:46.185394

bdng45rymir >> End >> 2020-08-28 10:40:46.331239

tuzdpats5is >> Start >> 2020-08-28 10:47:59.966233

tuzdpats5is >> Image Returned >> 2020-08-28 10:47:59.969784

tuzdpats5is >> End >> 2020-08-28 10:48:00.117316

suygge68rrb >> Start >> 2020-08-28 10:49:52.793472

suygge68rrb >> Image Returned >> 2020-08-28 10:49:52.797327

suygge68rrb >> End >> 2020-08-28 10:49:52.943979

ycivtu8gc8k >> Start >> 2020-08-28 10:52:24.275629

ycivtu8gc8k >> Image Returned >> 2020-08-28 10:52:24.281012

ycivtu8gc8k >> End >> 2020-08-28 10:52:24.431334

aec5thmfatw >> Start >> 2020-08-28 10:53:58.684326

aec5thmfatw >> Image Returned >> 2020-08-28 10:53:58.688189

aec5thmfatw >> End >> 2020-08-28 10:53:58.838784

tdpkozp4zbz >> Start >> 2020-08-28 11:02:01.112343

tdpkozp4zbz >> Image Returned >> 2020-08-28 11:02:01.115634

tdpkozp4zbz >> End >> 2020-08-28 11:02:01.259911

qq3tab2eub3 >> Start >> 2020-08-28 11:12:43.425198

qq3tab2eub3 >> Image Returned >> 2020-08-28 11:12:43.429403

qq3tab2eub3 >> End >> 2020-08-28 11:12:43.575072

6axrgj2ym64 >> Start >> 2020-08-28 11:19:19.178206

6axrgj2ym64 >> Image Returned >> 2020-08-28 11:19:19.182334

6axrgj2ym64 >> End >> 2020-08-28 11:19:19.349369

a7z3e202uqe >> Start >> 2020-08-28 11:20:53.820265

a7z3e202uqe >> Image Returned >> 2020-08-28 11:20:53.824188

a7z3e202uqe >> End >> 2020-08-28 11:20:53.975924

dvvcpom2tyr >> Start >> 2020-08-28 11:21:32.381578

dvvcpom2tyr >> Image Returned >> 2020-08-28 11:21:32.384608

dvvcpom2tyr >> End >> 2020-08-28 11:21:32.534202

h3hot8vciqz >> Start >> 2020-08-28 11:24:43.352015

h3hot8vciqz >> Image Returned >> 2020-08-28 11:24:43.355520

h3hot8vciqz >> End >> 2020-08-28 11:24:43.506165

n7s5i7702rm >> Start >> 2020-08-28 11:25:08.465972

n7s5i7702rm >> Image Returned >> 2020-08-28 11:25:08.469059

n7s5i7702rm >> End >> 2020-08-28 11:25:08.610444

txq3koqsws8 >> Start >> 2020-08-28 11:39:34.272664

txq3koqsws8 >> Image Returned >> 2020-08-28 11:39:34.276458

txq3koqsws8 >> End >> 2020-08-28 11:39:34.422120

p2fsefctaj4 >> Start >> 2020-08-28 11:42:06.737772

p2fsefctaj4 >> Image Returned >> 2020-08-28 11:42:06.740715

p2fsefctaj4 >> End >> 2020-08-28 11:42:06.887955

3k3w8mjfhst >> Start >> 2020-08-28 11:42:39.057912

3k3w8mjfhst >> Image Returned >> 2020-08-28 11:42:39.060844

3k3w8mjfhst >> End >> 2020-08-28 11:42:39.203464

xk6o8ppdnf3 >> Start >> 2020-08-28 11:49:03.417211

xk6o8ppdnf3 >> Image Returned >> 2020-08-28 11:49:03.420542

xk6o8ppdnf3 >> End >> 2020-08-28 11:49:03.612600

2jxihdrdsv0 >> Start >> 2020-08-28 11:49:26.879903

2jxihdrdsv0 >> Image Returned >> 2020-08-28 11:49:26.882960

2jxihdrdsv0 >> End >> 2020-08-28 11:49:27.027957

xmih0upxy5n >> Start >> 2020-08-28 11:51:01.354996

xmih0upxy5n >> Image Returned >> 2020-08-28 11:51:01.358984

xmih0upxy5n >> End >> 2020-08-28 11:51:01.516072

rj760qv0vi2 >> Start >> 2020-08-28 11:51:47.153861

rj760qv0vi2 >> Image Returned >> 2020-08-28 11:51:47.157360

rj760qv0vi2 >> End >> 2020-08-28 11:51:47.307722

7cktiask5rg >> Start >> 2020-08-28 11:52:11.015300

7cktiask5rg >> Image Returned >> 2020-08-28 11:52:11.018434

7cktiask5rg >> End >> 2020-08-28 11:52:11.162591

b3n4dv5m5vn >> Start >> 2020-08-28 11:55:05.398293

b3n4dv5m5vn >> Image Returned >> 2020-08-28 11:55:05.401735

b3n4dv5m5vn >> End >> 2020-08-28 11:55:05.552726

xih6tfispba >> Start >> 2020-08-28 11:55:42.677423

xih6tfispba >> Image Returned >> 2020-08-28 11:55:42.680788

xih6tfispba >> End >> 2020-08-28 11:55:42.825897

pxzxw52pfvh >> Start >> 2020-08-28 11:56:26.952594

pxzxw52pfvh >> Image Returned >> 2020-08-28 11:56:26.955660

pxzxw52pfvh >> End >> 2020-08-28 11:56:27.098141

zpsezzdsq4j >> Start >> 2020-08-28 11:58:41.042372

zpsezzdsq4j >> Image Returned >> 2020-08-28 11:58:41.045629

zpsezzdsq4j >> End >> 2020-08-28 11:58:41.206234

d77yoednjkc >> Start >> 2020-08-28 12:01:12.705909

d77yoednjkc >> Image Returned >> 2020-08-28 12:01:12.708957

d77yoednjkc >> End >> 2020-08-28 12:01:12.852956

b36i7x3n8ig >> Start >> 2020-08-28 12:03:22.314582

b36i7x3n8ig >> Image Returned >> 2020-08-28 12:03:22.317631

b36i7x3n8ig >> End >> 2020-08-28 12:03:22.463725

d5hooemyrej >> Start >> 2020-08-28 12:04:36.612526

d5hooemyrej >> Image Returned >> 2020-08-28 12:04:36.615566

d5hooemyrej >> End >> 2020-08-28 12:04:36.764518

sa20nckmrei >> Start >> 2020-08-28 12:14:36.183345

sa20nckmrei >> Image Returned >> 2020-08-28 12:14:36.186505

sa20nckmrei >> End >> 2020-08-28 12:14:36.332752

szuvdxdbh58 >> Start >> 2020-08-28 12:14:57.962194

szuvdxdbh58 >> Image Returned >> 2020-08-28 12:14:57.965493

szuvdxdbh58 >> End >> 2020-08-28 12:14:58.112994

2pxpqknc68g >> Start >> 2020-08-28 12:16:43.603141

2pxpqknc68g >> Image Returned >> 2020-08-28 12:16:43.607460

2pxpqknc68g >> End >> 2020-08-28 12:16:43.770756

5tpvoavv45m >> Start >> 2020-08-28 12:17:22.031972

5tpvoavv45m >> Image Returned >> 2020-08-28 12:17:22.035168

5tpvoavv45m >> End >> 2020-08-28 12:17:22.182605

nkgyd5grajs >> Start >> 2020-08-28 12:19:47.973572

nkgyd5grajs >> Image Returned >> 2020-08-28 12:19:47.977271

nkgyd5grajs >> End >> 2020-08-28 12:19:48.131969

fumpp88fjdp >> Start >> 2020-08-28 12:29:18.146378

fumpp88fjdp >> Image Returned >> 2020-08-28 12:29:18.149452

fumpp88fjdp >> End >> 2020-08-28 12:29:18.300553

vbmv6wwfbd3 >> Start >> 2020-08-28 12:33:15.280841

vbmv6wwfbd3 >> Image Returned >> 2020-08-28 12:33:15.283916

vbmv6wwfbd3 >> End >> 2020-08-28 12:33:15.441236

o82e5yofqvw >> Start >> 2020-08-28 12:33:58.507637

o82e5yofqvw >> Image Returned >> 2020-08-28 12:33:58.511641

o82e5yofqvw >> End >> 2020-08-28 12:33:58.666798

3jzzx4drdmk >> Start >> 2020-08-28 12:34:30.071037

3jzzx4drdmk >> Image Returned >> 2020-08-28 12:34:30.074100

3jzzx4drdmk >> End >> 2020-08-28 12:34:30.236915

7fq4i6wt302 >> Start >> 2020-08-28 12:34:42.941062

7fq4i6wt302 >> Image Returned >> 2020-08-28 12:34:42.944339

7fq4i6wt302 >> End >> 2020-08-28 12:34:43.101227

5ymxcrgoxz6 >> Start >> 2020-08-28 12:34:43.155611

5ymxcrgoxz6 >> Image Returned >> 2020-08-28 12:34:43.155913

5ymxcrgoxz6 >> End >> 2020-08-28 12:34:43.315414

zmqe35ivwvk >> Start >> 2020-08-28 12:45:33.668581

zmqe35ivwvk >> Image Returned >> 2020-08-28 12:45:33.671703

zmqe35ivwvk >> End >> 2020-08-28 12:45:33.813637

uk78cwuzjr3 >> Start >> 2020-08-28 13:00:22.186716

uk78cwuzjr3 >> Image Returned >> 2020-08-28 13:00:22.189825

uk78cwuzjr3 >> End >> 2020-08-28 13:00:22.340374

ezb8uk40dch >> Start >> 2020-08-28 13:02:14.078953

ezb8uk40dch >> Image Returned >> 2020-08-28 13:02:14.083573

ezb8uk40dch >> End >> 2020-08-28 13:02:14.233349

j27k0uvpvzh >> Start >> 2020-08-28 13:02:26.595902

j27k0uvpvzh >> Image Returned >> 2020-08-28 13:02:26.598975

j27k0uvpvzh >> End >> 2020-08-28 13:02:26.752053

803636dnwh2 >> Start >> 2020-08-28 13:04:31.893069

803636dnwh2 >> Image Returned >> 2020-08-28 13:04:31.896152

803636dnwh2 >> End >> 2020-08-28 13:04:32.041949

eikvfpjytgo >> Start >> 2020-08-28 13:04:46.593050

eikvfpjytgo >> Image Returned >> 2020-08-28 13:04:46.596740

eikvfpjytgo >> End >> 2020-08-28 13:04:46.747941

7ziyud80jnr >> Start >> 2020-08-28 13:07:59.251807

7ziyud80jnr >> Image Returned >> 2020-08-28 13:07:59.255312

7ziyud80jnr >> End >> 2020-08-28 13:07:59.401082

hyhw5fv6gyp >> Start >> 2020-08-28 13:15:29.185806

hyhw5fv6gyp >> Image Returned >> 2020-08-28 13:15:29.188982

hyhw5fv6gyp >> End >> 2020-08-28 13:15:29.359026

pnc3bjc8ovb >> Start >> 2020-08-28 13:25:04.253926

pnc3bjc8ovb >> Image Returned >> 2020-08-28 13:25:04.257216

pnc3bjc8ovb >> End >> 2020-08-28 13:25:04.383490

qkd86ouj5ws >> Start >> 2020-08-28 13:26:10.389396

qkd86ouj5ws >> Image Returned >> 2020-08-28 13:26:10.393552

qkd86ouj5ws >> End >> 2020-08-28 13:26:10.571054

jdjrwvvt2m5 >> Start >> 2020-08-28 13:29:48.932929

jdjrwvvt2m5 >> Image Returned >> 2020-08-28 13:29:48.936640

jdjrwvvt2m5 >> End >> 2020-08-28 13:29:49.094955

tfzpc23agpc >> Start >> 2020-08-28 13:29:55.642404

tfzpc23agpc >> Image Returned >> 2020-08-28 13:29:55.642709

tfzpc23agpc >> End >> 2020-08-28 13:29:55.793359

egmpbggg0ep >> Start >> 2020-08-28 13:36:55.638192

egmpbggg0ep >> Image Returned >> 2020-08-28 13:36:55.641392

egmpbggg0ep >> End >> 2020-08-28 13:36:55.792109

cnxnxws6dcn >> Start >> 2020-08-28 13:40:21.258223

cnxnxws6dcn >> Image Returned >> 2020-08-28 13:40:21.262522

cnxnxws6dcn >> End >> 2020-08-28 13:40:21.440664

kkb67svd66k >> Start >> 2020-08-28 13:52:37.865382

kkb67svd66k >> Image Returned >> 2020-08-28 13:52:37.869856

kkb67svd66k >> End >> 2020-08-28 13:52:38.018500

eif0afvq82b >> Start >> 2020-08-28 14:00:47.309084

eif0afvq82b >> Image Returned >> 2020-08-28 14:00:47.312190

eif0afvq82b >> End >> 2020-08-28 14:00:47.465198

ch450biaxv3 >> Start >> 2020-08-28 14:03:40.855623

ch450biaxv3 >> Image Returned >> 2020-08-28 14:03:40.859121

ch450biaxv3 >> End >> 2020-08-28 14:03:41.061009

kyrb3cqrfx2 >> Start >> 2020-08-28 14:07:23.215779

kyrb3cqrfx2 >> Image Returned >> 2020-08-28 14:07:23.220196

kyrb3cqrfx2 >> End >> 2020-08-28 14:07:23.372410

zowurfszqns >> Start >> 2020-08-28 14:08:43.843961

zowurfszqns >> Image Returned >> 2020-08-28 14:08:43.847253

zowurfszqns >> End >> 2020-08-28 14:08:44.014648

mn047pcwfrw >> Start >> 2020-08-28 14:11:44.153336

mn047pcwfrw >> Image Returned >> 2020-08-28 14:11:44.158077

mn047pcwfrw >> End >> 2020-08-28 14:11:44.307859

sgyc8ag0pcv >> Start >> 2020-08-28 14:12:46.360582

sgyc8ag0pcv >> Image Returned >> 2020-08-28 14:12:46.363838

sgyc8ag0pcv >> End >> 2020-08-28 14:12:46.515583

v52gt8so4zp >> Start >> 2020-08-28 14:17:44.354640

v52gt8so4zp >> Image Returned >> 2020-08-28 14:17:44.357935

v52gt8so4zp >> End >> 2020-08-28 14:17:44.520067

nh6cxubah5c >> Start >> 2020-08-28 14:22:56.351619

nh6cxubah5c >> Image Returned >> 2020-08-28 14:22:56.356663

nh6cxubah5c >> End >> 2020-08-28 14:22:56.521927

yx6mokv0ccp >> Start >> 2020-08-28 14:26:06.501529

yx6mokv0ccp >> Image Returned >> 2020-08-28 14:26:06.506742

yx6mokv0ccp >> End >> 2020-08-28 14:26:06.656524

tbbd2magviz >> Start >> 2020-08-28 14:34:00.221002

tbbd2magviz >> Image Returned >> 2020-08-28 14:34:00.224098

tbbd2magviz >> End >> 2020-08-28 14:34:00.371675

bytbyvhv3jh >> Start >> 2020-08-28 14:38:42.515321

bytbyvhv3jh >> Image Returned >> 2020-08-28 14:38:42.518465

bytbyvhv3jh >> End >> 2020-08-28 14:38:42.672665

j3kv5ot2jkz >> Start >> 2020-08-28 14:40:32.359045

j3kv5ot2jkz >> Image Returned >> 2020-08-28 14:40:32.362354

j3kv5ot2jkz >> End >> 2020-08-28 14:40:32.510446

rzkpmpfwzdk >> Start >> 2020-08-28 14:44:11.492507

rzkpmpfwzdk >> Image Returned >> 2020-08-28 14:44:11.497864

rzkpmpfwzdk >> End >> 2020-08-28 14:44:11.647365

c7yxwi5ugof >> Start >> 2020-08-28 14:47:35.641822

c7yxwi5ugof >> Image Returned >> 2020-08-28 14:47:35.645021

c7yxwi5ugof >> End >> 2020-08-28 14:47:35.787816

rx32kbs07vd >> Start >> 2020-08-28 14:47:36.706727

rx32kbs07vd >> Image Returned >> 2020-08-28 14:47:36.707027

rx32kbs07vd >> End >> 2020-08-28 14:47:36.853943

wa7ocougeae >> Start >> 2020-08-28 14:48:02.165270

wa7ocougeae >> Image Returned >> 2020-08-28 14:48:02.168956

wa7ocougeae >> End >> 2020-08-28 14:48:02.315383

yhxn7rei0b4 >> Start >> 2020-08-28 14:49:03.429703

yhxn7rei0b4 >> Image Returned >> 2020-08-28 14:49:03.433604

yhxn7rei0b4 >> End >> 2020-08-28 14:49:03.991931

zrjm3r0aed2 >> Start >> 2020-08-28 14:50:28.884690

zrjm3r0aed2 >> Image Returned >> 2020-08-28 14:50:28.888617

zrjm3r0aed2 >> End >> 2020-08-28 14:50:29.046857

aupbjrwv5pg >> Start >> 2020-08-28 14:50:45.301253

aupbjrwv5pg >> Image Returned >> 2020-08-28 14:50:45.305922

aupbjrwv5pg >> End >> 2020-08-28 14:50:45.452420

tgr5q23j5ay >> Start >> 2020-08-28 14:57:48.554929

tgr5q23j5ay >> Image Returned >> 2020-08-28 14:57:48.558604

tgr5q23j5ay >> End >> 2020-08-28 14:57:48.704545

4t8p2e07nxy >> Start >> 2020-08-28 15:00:35.331126

4t8p2e07nxy >> Image Returned >> 2020-08-28 15:00:35.334242

4t8p2e07nxy >> End >> 2020-08-28 15:00:35.497030

eeo8dbdfrt4 >> Start >> 2020-08-28 15:02:58.863174

eeo8dbdfrt4 >> Image Returned >> 2020-08-28 15:02:58.866972

eeo8dbdfrt4 >> End >> 2020-08-28 15:02:59.019253

idd3fks42tr >> Start >> 2020-08-28 15:04:38.253006

idd3fks42tr >> Image Returned >> 2020-08-28 15:04:38.256795

idd3fks42tr >> End >> 2020-08-28 15:04:38.409651

634pdmrvqka >> Start >> 2020-08-28 15:09:08.082091

634pdmrvqka >> Image Returned >> 2020-08-28 15:09:08.085938

634pdmrvqka >> End >> 2020-08-28 15:09:08.236073

djpwzj5rbs3 >> Start >> 2020-08-28 15:19:26.383081

djpwzj5rbs3 >> Image Returned >> 2020-08-28 15:19:26.387202

djpwzj5rbs3 >> End >> 2020-08-28 15:19:26.544478

zdopsq6rsb4 >> Start >> 2020-08-28 15:27:00.086738

zdopsq6rsb4 >> Image Returned >> 2020-08-28 15:27:00.091346

zdopsq6rsb4 >> End >> 2020-08-28 15:27:00.251259

tcwphmwwh2h >> Start >> 2020-08-28 15:27:06.291546

tcwphmwwh2h >> Image Returned >> 2020-08-28 15:27:06.291826

tcwphmwwh2h >> End >> 2020-08-28 15:27:06.441016

6aqtqngwhoa >> Start >> 2020-08-28 15:30:22.607992

6aqtqngwhoa >> Image Returned >> 2020-08-28 15:30:22.613305

6aqtqngwhoa >> End >> 2020-08-28 15:30:22.763050

dovz2apbsnv >> Start >> 2020-08-28 15:31:02.636842

dovz2apbsnv >> Image Returned >> 2020-08-28 15:31:02.639909

dovz2apbsnv >> End >> 2020-08-28 15:31:02.788269

ystqkn6x0cx >> Start >> 2020-08-28 15:31:53.907951

ystqkn6x0cx >> Image Returned >> 2020-08-28 15:31:53.911385

ystqkn6x0cx >> End >> 2020-08-28 15:31:54.064575

6i22ip6ohsp >> Start >> 2020-08-28 15:32:09.001833

6i22ip6ohsp >> Image Returned >> 2020-08-28 15:32:09.006607

6i22ip6ohsp >> End >> 2020-08-28 15:32:09.154206

vdpvbvt8rcr >> Start >> 2020-08-28 15:35:39.439650

vdpvbvt8rcr >> Image Returned >> 2020-08-28 15:35:39.443933

vdpvbvt8rcr >> End >> 2020-08-28 15:35:39.599571

p5s6005oaij >> Start >> 2020-08-28 15:36:21.070936

p5s6005oaij >> Image Returned >> 2020-08-28 15:36:21.074322

p5s6005oaij >> End >> 2020-08-28 15:36:21.227396

qheyrokersf >> Start >> 2020-08-28 15:41:09.466535

qheyrokersf >> Image Returned >> 2020-08-28 15:41:09.469944

qheyrokersf >> End >> 2020-08-28 15:41:09.613862

rgu5hd75d6g >> Start >> 2020-08-28 15:43:22.259052

rgu5hd75d6g >> Image Returned >> 2020-08-28 15:43:22.262255

rgu5hd75d6g >> End >> 2020-08-28 15:43:22.410672

uawzi8s748e >> Start >> 2020-08-28 15:45:41.315448

uawzi8s748e >> Image Returned >> 2020-08-28 15:45:41.319580

uawzi8s748e >> End >> 2020-08-28 15:45:41.473603

txzqh2p4j77 >> Start >> 2020-08-28 15:46:53.254471

txzqh2p4j77 >> Image Returned >> 2020-08-28 15:46:53.257642

txzqh2p4j77 >> End >> 2020-08-28 15:46:53.405025

hd06zppry6s >> Start >> 2020-08-28 15:47:52.993824

hd06zppry6s >> Image Returned >> 2020-08-28 15:47:52.999193

hd06zppry6s >> End >> 2020-08-28 15:47:53.162336

w0d75zuou3m >> Start >> 2020-08-28 15:47:59.739168

w0d75zuou3m >> Image Returned >> 2020-08-28 15:47:59.739464

w0d75zuou3m >> End >> 2020-08-28 15:47:59.891002

bx6ij8eiyrm >> Start >> 2020-08-28 15:48:17.755605

bx6ij8eiyrm >> Image Returned >> 2020-08-28 15:48:17.759140

bx6ij8eiyrm >> End >> 2020-08-28 15:48:17.924215

56sjunvdyvm >> Start >> 2020-08-28 15:51:15.144195

56sjunvdyvm >> Image Returned >> 2020-08-28 15:51:15.148036

56sjunvdyvm >> End >> 2020-08-28 15:51:15.299554

pdqp37gabxb >> Start >> 2020-08-28 16:01:29.809140

pdqp37gabxb >> Image Returned >> 2020-08-28 16:01:29.812680

pdqp37gabxb >> End >> 2020-08-28 16:01:29.957420

wcptqzq6w73 >> Start >> 2020-08-28 16:04:54.411731

wcptqzq6w73 >> Image Returned >> 2020-08-28 16:04:54.419085

wcptqzq6w73 >> End >> 2020-08-28 16:04:54.571548

3qyoxqfoqfs >> Start >> 2020-08-28 16:05:00.535017

3qyoxqfoqfs >> Image Returned >> 2020-08-28 16:05:00.535315

3qyoxqfoqfs >> End >> 2020-08-28 16:05:00.681277

77zsfgc4qud >> Start >> 2020-08-28 16:07:48.098532

77zsfgc4qud >> Image Returned >> 2020-08-28 16:07:48.102962

77zsfgc4qud >> End >> 2020-08-28 16:07:48.256181

dypavxnqbou >> Start >> 2020-08-28 16:08:32.206588

dypavxnqbou >> Image Returned >> 2020-08-28 16:08:32.211704

dypavxnqbou >> End >> 2020-08-28 16:08:32.359478

2jfwo6n2y3s >> Start >> 2020-08-28 16:14:35.438529

2jfwo6n2y3s >> Image Returned >> 2020-08-28 16:14:35.442003

2jfwo6n2y3s >> End >> 2020-08-28 16:14:35.597500

5ymm8foy4vg >> Start >> 2020-08-28 16:16:09.953033

5ymm8foy4vg >> Image Returned >> 2020-08-28 16:16:09.956229

5ymm8foy4vg >> End >> 2020-08-28 16:16:10.121978

waif3kyt33q >> Start >> 2020-08-28 16:24:31.779764

waif3kyt33q >> Image Returned >> 2020-08-28 16:24:31.783097

waif3kyt33q >> End >> 2020-08-28 16:24:31.967652

hotekqnndpb >> Start >> 2020-08-28 16:24:45.645298

hotekqnndpb >> Image Returned >> 2020-08-28 16:24:45.648960

hotekqnndpb >> End >> 2020-08-28 16:24:45.796019

vtezwddfvbh >> Start >> 2020-08-28 16:28:35.452333

vtezwddfvbh >> Image Returned >> 2020-08-28 16:28:35.455521

vtezwddfvbh >> End >> 2020-08-28 16:28:35.598007

5mybc7r6mxr >> Start >> 2020-08-28 16:30:19.009377

5mybc7r6mxr >> Image Returned >> 2020-08-28 16:30:19.013147

5mybc7r6mxr >> End >> 2020-08-28 16:30:19.168596

3yfygsgz7th >> Start >> 2020-08-28 16:34:17.464387

3yfygsgz7th >> Image Returned >> 2020-08-28 16:34:17.467576

3yfygsgz7th >> End >> 2020-08-28 16:34:17.622303

45unhq56e2b >> Start >> 2020-08-28 16:34:34.241019

45unhq56e2b >> Image Returned >> 2020-08-28 16:34:34.244091

45unhq56e2b >> End >> 2020-08-28 16:34:34.387032

fczee4a8q3j >> Start >> 2020-08-28 16:35:20.628216

fczee4a8q3j >> Image Returned >> 2020-08-28 16:35:20.631581

fczee4a8q3j >> End >> 2020-08-28 16:35:20.777772

7bht8prkyak >> Start >> 2020-08-28 16:36:25.791815

7bht8prkyak >> Image Returned >> 2020-08-28 16:36:25.797630

7bht8prkyak >> End >> 2020-08-28 16:36:25.951220

5rhmbqr6c2f >> Start >> 2020-08-28 16:36:59.369129

5rhmbqr6c2f >> Image Returned >> 2020-08-28 16:36:59.372730

5rhmbqr6c2f >> End >> 2020-08-28 16:36:59.527976

cs3q5uta5wv >> Start >> 2020-08-28 16:37:40.085020

cs3q5uta5wv >> Image Returned >> 2020-08-28 16:37:40.088154

cs3q5uta5wv >> End >> 2020-08-28 16:37:40.231929

h54zfuajz2r >> Start >> 2020-08-28 16:38:48.543201

h54zfuajz2r >> Image Returned >> 2020-08-28 16:38:48.546993

h54zfuajz2r >> End >> 2020-08-28 16:38:48.699573

guvirvbmcoc >> Start >> 2020-08-28 16:39:20.672508

guvirvbmcoc >> Image Returned >> 2020-08-28 16:39:20.676531

guvirvbmcoc >> End >> 2020-08-28 16:39:20.863143

rqcpm0bk22w >> Start >> 2020-08-28 16:42:22.995827

rqcpm0bk22w >> Image Returned >> 2020-08-28 16:42:22.999957

rqcpm0bk22w >> End >> 2020-08-28 16:42:23.148716

07wwyt2mk7k >> Start >> 2020-08-28 16:47:48.589843

07wwyt2mk7k >> Image Returned >> 2020-08-28 16:47:48.593210

07wwyt2mk7k >> End >> 2020-08-28 16:47:48.738399

5cbuwt22qam >> Start >> 2020-08-28 17:05:33.125842

5cbuwt22qam >> Image Returned >> 2020-08-28 17:05:33.129336

5cbuwt22qam >> End >> 2020-08-28 17:05:33.305686

jmo38vydp38 >> Start >> 2020-08-28 17:10:02.488256

jmo38vydp38 >> Image Returned >> 2020-08-28 17:10:02.497862

jmo38vydp38 >> End >> 2020-08-28 17:10:02.653716

2xw7dh5sczk >> Start >> 2020-08-28 17:10:05.126286

2xw7dh5sczk >> Image Returned >> 2020-08-28 17:10:05.126593

2xw7dh5sczk >> End >> 2020-08-28 17:10:05.274514

c060bv4o22i >> Start >> 2020-08-28 17:14:14.431267

c060bv4o22i >> Image Returned >> 2020-08-28 17:14:14.434827

c060bv4o22i >> End >> 2020-08-28 17:14:14.598226

ut055xdexx6 >> Start >> 2020-08-28 17:17:57.074682

ut055xdexx6 >> Image Returned >> 2020-08-28 17:17:57.078711

ut055xdexx6 >> End >> 2020-08-28 17:17:57.229757

nddjvf0f662 >> Start >> 2020-08-28 17:23:55.513453

nddjvf0f662 >> Image Returned >> 2020-08-28 17:23:55.519064

nddjvf0f662 >> End >> 2020-08-28 17:23:55.666126

wx80g3x0244 >> Start >> 2020-08-28 17:24:38.282980

wx80g3x0244 >> Image Returned >> 2020-08-28 17:24:38.286223

wx80g3x0244 >> End >> 2020-08-28 17:24:38.431107

3nxugikvso2 >> Start >> 2020-08-28 17:26:27.229587

3nxugikvso2 >> Image Returned >> 2020-08-28 17:26:27.233483

3nxugikvso2 >> End >> 2020-08-28 17:26:27.384422

vq8mq6u0iff >> Start >> 2020-08-28 17:32:45.650227

vq8mq6u0iff >> Image Returned >> 2020-08-28 17:32:45.653769

vq8mq6u0iff >> End >> 2020-08-28 17:32:45.811453

y4jf2cbtste >> Start >> 2020-08-28 17:34:23.224714

y4jf2cbtste >> Image Returned >> 2020-08-28 17:34:23.227842

y4jf2cbtste >> End >> 2020-08-28 17:34:23.384278

248bfm5ydpz >> Start >> 2020-08-28 17:35:13.504924

248bfm5ydpz >> Image Returned >> 2020-08-28 17:35:13.508443

248bfm5ydpz >> End >> 2020-08-28 17:35:13.664524

2ekp84zpfrt >> Start >> 2020-08-28 17:42:01.106040

2ekp84zpfrt >> Image Returned >> 2020-08-28 17:42:01.111089

2ekp84zpfrt >> End >> 2020-08-28 17:42:01.259777

866gbp5b24c >> Start >> 2020-08-28 17:54:08.495309

866gbp5b24c >> Image Returned >> 2020-08-28 17:54:08.498812

866gbp5b24c >> End >> 2020-08-28 17:54:08.643465

20v3zxooakp >> Start >> 2020-08-28 18:02:58.789743

20v3zxooakp >> Image Returned >> 2020-08-28 18:02:58.794044

20v3zxooakp >> End >> 2020-08-28 18:02:58.942202

dyem7ibdnom >> Start >> 2020-08-28 18:06:05.875200

dyem7ibdnom >> Image Returned >> 2020-08-28 18:06:05.879559

dyem7ibdnom >> End >> 2020-08-28 18:06:06.022919

bwachejk70a >> Start >> 2020-08-28 18:16:47.609304

bwachejk70a >> Image Returned >> 2020-08-28 18:16:47.612490

bwachejk70a >> End >> 2020-08-28 18:16:47.758382

3yzqyneqtdz >> Start >> 2020-08-28 18:17:31.916083

3yzqyneqtdz >> Image Returned >> 2020-08-28 18:17:31.919168

3yzqyneqtdz >> End >> 2020-08-28 18:17:32.072547

27dj8kzp7sr >> Start >> 2020-08-28 18:18:25.979398

27dj8kzp7sr >> Image Returned >> 2020-08-28 18:18:25.982950

27dj8kzp7sr >> End >> 2020-08-28 18:18:26.139277

3hfqwfp6npa >> Start >> 2020-08-28 18:19:40.621359

3hfqwfp6npa >> Image Returned >> 2020-08-28 18:19:40.624833

3hfqwfp6npa >> End >> 2020-08-28 18:19:40.772758

gephwxemo4v >> Start >> 2020-08-28 18:22:22.008744

gephwxemo4v >> Image Returned >> 2020-08-28 18:22:22.012010

gephwxemo4v >> End >> 2020-08-28 18:22:22.157275

sjpzp2wc2r2 >> Start >> 2020-08-28 18:22:42.493484

sjpzp2wc2r2 >> Image Returned >> 2020-08-28 18:22:42.497014

sjpzp2wc2r2 >> End >> 2020-08-28 18:22:42.649261

xbk0gie0ddf >> Start >> 2020-08-28 18:26:22.218619

xbk0gie0ddf >> Image Returned >> 2020-08-28 18:26:22.222368

xbk0gie0ddf >> End >> 2020-08-28 18:26:22.376919

34vzhi862ba >> Start >> 2020-08-28 18:27:12.855379

34vzhi862ba >> Image Returned >> 2020-08-28 18:27:12.859006

34vzhi862ba >> End >> 2020-08-28 18:27:13.011400

zza7anedszg >> Start >> 2020-08-28 18:30:04.291399

zza7anedszg >> Image Returned >> 2020-08-28 18:30:04.295909

zza7anedszg >> End >> 2020-08-28 18:30:04.440994

g6iw2pgcqb7 >> Start >> 2020-08-28 18:39:26.268114

g6iw2pgcqb7 >> Image Returned >> 2020-08-28 18:39:26.272699

g6iw2pgcqb7 >> End >> 2020-08-28 18:39:26.422641

wqp4pc8fsux >> Start >> 2020-08-28 18:41:28.197165

wqp4pc8fsux >> Image Returned >> 2020-08-28 18:41:28.201009

wqp4pc8fsux >> End >> 2020-08-28 18:41:28.344069

zyvfnrhcn0x >> Start >> 2020-08-28 18:44:07.577542

zyvfnrhcn0x >> Image Returned >> 2020-08-28 18:44:07.581336

zyvfnrhcn0x >> End >> 2020-08-28 18:44:07.728041

m56pcs75xoz >> Start >> 2020-08-28 18:48:44.909426

m56pcs75xoz >> Image Returned >> 2020-08-28 18:48:44.914622

m56pcs75xoz >> End >> 2020-08-28 18:48:45.069144

zoaw33vh6ts >> Start >> 2020-08-28 18:50:10.482530

zoaw33vh6ts >> Image Returned >> 2020-08-28 18:50:10.486377

zoaw33vh6ts >> End >> 2020-08-28 18:50:10.652132

z2608z2dt56 >> Start >> 2020-08-28 18:51:09.985254

z2608z2dt56 >> Image Returned >> 2020-08-28 18:51:09.988729

z2608z2dt56 >> End >> 2020-08-28 18:51:10.133761

4c85fp7kw6o >> Start >> 2020-08-28 18:54:46.906415

4c85fp7kw6o >> Image Returned >> 2020-08-28 18:54:46.910643

4c85fp7kw6o >> End >> 2020-08-28 18:54:47.089540

2n8cu7dbpop >> Start >> 2020-08-28 18:56:46.890691

2n8cu7dbpop >> Image Returned >> 2020-08-28 18:56:46.894516

2n8cu7dbpop >> End >> 2020-08-28 18:56:47.034183

ann472hjh3o >> Start >> 2020-08-28 18:59:31.075222

ann472hjh3o >> Image Returned >> 2020-08-28 18:59:31.078841

ann472hjh3o >> End >> 2020-08-28 18:59:31.229341

hgibrgaseja >> Start >> 2020-08-28 19:04:57.662334

hgibrgaseja >> Image Returned >> 2020-08-28 19:04:57.665669

hgibrgaseja >> End >> 2020-08-28 19:04:57.819399

wm3ascd207z >> Start >> 2020-08-28 19:05:27.564412

wm3ascd207z >> Image Returned >> 2020-08-28 19:05:27.567696

wm3ascd207z >> End >> 2020-08-28 19:05:27.717376

2k0o6ryzky5 >> Start >> 2020-08-28 19:11:38.349224

2k0o6ryzky5 >> Image Returned >> 2020-08-28 19:11:38.354238

2k0o6ryzky5 >> End >> 2020-08-28 19:11:38.505983

i7ovmoio32p >> Start >> 2020-08-28 19:15:43.181457

i7ovmoio32p >> Image Returned >> 2020-08-28 19:15:43.185089

i7ovmoio32p >> End >> 2020-08-28 19:15:43.330454

q85g27xikee >> Start >> 2020-08-28 19:34:33.427351

q85g27xikee >> Image Returned >> 2020-08-28 19:34:33.431178

q85g27xikee >> End >> 2020-08-28 19:34:33.585196

2h7rurq006q >> Start >> 2020-08-28 19:39:48.053949

2h7rurq006q >> Image Returned >> 2020-08-28 19:39:48.059004

2h7rurq006q >> End >> 2020-08-28 19:39:48.201456

m5qqiasr8t7 >> Start >> 2020-08-28 19:46:28.454727

m5qqiasr8t7 >> Image Returned >> 2020-08-28 19:46:28.459757

m5qqiasr8t7 >> End >> 2020-08-28 19:46:28.610331

z8yaosoqayb >> Start >> 2020-08-28 19:56:21.983977

z8yaosoqayb >> Image Returned >> 2020-08-28 19:56:21.990453

z8yaosoqayb >> End >> 2020-08-28 19:56:22.138820

njs8ofpnkfi >> Start >> 2020-08-28 19:57:18.415318

njs8ofpnkfi >> Image Returned >> 2020-08-28 19:57:18.419079

njs8ofpnkfi >> End >> 2020-08-28 19:57:18.566376

q450uxyvebh >> Start >> 2020-08-28 20:02:18.862684

q450uxyvebh >> Image Returned >> 2020-08-28 20:02:18.866172

q450uxyvebh >> End >> 2020-08-28 20:02:19.019448

6zx78q7wmtq >> Start >> 2020-08-28 20:03:46.147166

6zx78q7wmtq >> Image Returned >> 2020-08-28 20:03:46.150989

6zx78q7wmtq >> End >> 2020-08-28 20:03:46.308454

k3z44nqcnjh >> Start >> 2020-08-28 20:05:36.417198

k3z44nqcnjh >> Image Returned >> 2020-08-28 20:05:36.420494

k3z44nqcnjh >> End >> 2020-08-28 20:05:36.567934

37cyg5c4z3w >> Start >> 2020-08-28 20:05:53.908752

37cyg5c4z3w >> Image Returned >> 2020-08-28 20:05:53.912066

37cyg5c4z3w >> End >> 2020-08-28 20:05:54.066700

0axsfj572rg >> Start >> 2020-08-28 20:05:59.740732

0axsfj572rg >> Image Returned >> 2020-08-28 20:05:59.741035

0axsfj572rg >> End >> 2020-08-28 20:05:59.888751

ofbupfyhvqa >> Start >> 2020-08-28 20:12:27.113112

ofbupfyhvqa >> Image Returned >> 2020-08-28 20:12:27.116636

ofbupfyhvqa >> End >> 2020-08-28 20:12:27.260384

qej0gjdws62 >> Start >> 2020-08-28 20:13:23.183599

qej0gjdws62 >> Image Returned >> 2020-08-28 20:13:23.186841

qej0gjdws62 >> End >> 2020-08-28 20:13:23.331155

shz7fmmvrma >> Start >> 2020-08-28 20:15:37.294564

shz7fmmvrma >> Image Returned >> 2020-08-28 20:15:37.298655

shz7fmmvrma >> End >> 2020-08-28 20:15:37.441711

2sb76ex8ts4 >> Start >> 2020-08-28 20:22:15.042757

2sb76ex8ts4 >> Image Returned >> 2020-08-28 20:22:15.046371

2sb76ex8ts4 >> End >> 2020-08-28 20:22:15.264832

m2ziba2kbov >> Start >> 2020-08-28 20:22:45.002111

m2ziba2kbov >> Image Returned >> 2020-08-28 20:22:45.005413

m2ziba2kbov >> End >> 2020-08-28 20:22:45.220582

mfu0q55ptgm >> Start >> 2020-08-28 20:24:15.714711

mfu0q55ptgm >> Image Returned >> 2020-08-28 20:24:15.718019

mfu0q55ptgm >> End >> 2020-08-28 20:24:15.860508

gzctddbdt2f >> Start >> 2020-08-28 20:28:49.516798

gzctddbdt2f >> Image Returned >> 2020-08-28 20:28:49.521650

gzctddbdt2f >> End >> 2020-08-28 20:28:49.668418

fcth3gt3fat >> Start >> 2020-08-28 20:33:35.475351

fcth3gt3fat >> Image Returned >> 2020-08-28 20:33:35.478754

fcth3gt3fat >> End >> 2020-08-28 20:33:35.626451

u5txhpdetsd >> Start >> 2020-08-28 20:37:10.730581

u5txhpdetsd >> Image Returned >> 2020-08-28 20:37:10.734648

u5txhpdetsd >> End >> 2020-08-28 20:37:10.887021

3okpih4a6ff >> Start >> 2020-08-28 20:41:13.411526

3okpih4a6ff >> Image Returned >> 2020-08-28 20:41:13.416085

3okpih4a6ff >> End >> 2020-08-28 20:41:13.564009

vb0ez62jzcz >> Start >> 2020-08-28 20:42:20.251813

vb0ez62jzcz >> Image Returned >> 2020-08-28 20:42:20.255640

vb0ez62jzcz >> End >> 2020-08-28 20:42:20.403695

apd7dm0gvsn >> Start >> 2020-08-28 20:45:42.376828

apd7dm0gvsn >> Image Returned >> 2020-08-28 20:45:42.381069

apd7dm0gvsn >> End >> 2020-08-28 20:45:42.545346

v7i73z2yihw >> Start >> 2020-08-28 20:45:47.367197

v7i73z2yihw >> Image Returned >> 2020-08-28 20:45:47.367489

v7i73z2yihw >> End >> 2020-08-28 20:45:47.511442

dhfkzaybg5k >> Start >> 2020-08-28 20:45:54.022216

dhfkzaybg5k >> Image Returned >> 2020-08-28 20:45:54.022504

dhfkzaybg5k >> End >> 2020-08-28 20:45:54.168488

u0qvty8v8ch >> Start >> 2020-08-28 20:45:54.291281

u0qvty8v8ch >> Image Returned >> 2020-08-28 20:45:54.291625

u0qvty8v8ch >> End >> 2020-08-28 20:45:54.442476

kipv3h70djp >> Start >> 2020-08-28 20:49:59.689301

kipv3h70djp >> Image Returned >> 2020-08-28 20:49:59.692945

kipv3h70djp >> End >> 2020-08-28 20:49:59.843801

6wqtrv04dt3 >> Start >> 2020-08-28 20:52:12.560364

6wqtrv04dt3 >> Image Returned >> 2020-08-28 20:52:12.564366

6wqtrv04dt3 >> End >> 2020-08-28 20:52:12.716664

obqdoknxr7m >> Start >> 2020-08-28 20:53:16.056444

obqdoknxr7m >> Image Returned >> 2020-08-28 20:53:16.060086

obqdoknxr7m >> End >> 2020-08-28 20:53:16.212122

i0s3muzqkpr >> Start >> 2020-08-28 20:54:32.420205

i0s3muzqkpr >> Image Returned >> 2020-08-28 20:54:32.424035

i0s3muzqkpr >> End >> 2020-08-28 20:54:32.576596

wzp3jdpoq3q >> Start >> 2020-08-28 20:57:01.502087

wzp3jdpoq3q >> Image Returned >> 2020-08-28 20:57:01.506174

wzp3jdpoq3q >> End >> 2020-08-28 20:57:01.663047

8mgxuttub2t >> Start >> 2020-08-28 20:57:53.978374

8mgxuttub2t >> Image Returned >> 2020-08-28 20:57:53.981663

8mgxuttub2t >> End >> 2020-08-28 20:57:54.135652

7y7ztne30zo >> Start >> 2020-08-28 20:58:08.372914

7y7ztne30zo >> Image Returned >> 2020-08-28 20:58:08.376235

7y7ztne30zo >> End >> 2020-08-28 20:58:08.531420

7rdnsimgjb3 >> Start >> 2020-08-28 21:02:56.361732

7rdnsimgjb3 >> Image Returned >> 2020-08-28 21:02:56.364974

7rdnsimgjb3 >> End >> 2020-08-28 21:02:56.520085

y557kp8azif >> Start >> 2020-08-28 21:11:17.781704

y557kp8azif >> Image Returned >> 2020-08-28 21:11:17.785770

y557kp8azif >> End >> 2020-08-28 21:11:17.933100

xvtzf8kt8r7 >> Start >> 2020-08-28 21:11:35.054225

xvtzf8kt8r7 >> Image Returned >> 2020-08-28 21:11:35.057426

xvtzf8kt8r7 >> End >> 2020-08-28 21:11:35.199033

ahhqcetyveq >> Start >> 2020-08-28 21:23:05.553668

ahhqcetyveq >> Image Returned >> 2020-08-28 21:23:05.558418

ahhqcetyveq >> End >> 2020-08-28 21:23:05.709372

phmeobf3jfm >> Start >> 2020-08-28 21:25:59.846554

phmeobf3jfm >> Image Returned >> 2020-08-28 21:25:59.850779

phmeobf3jfm >> End >> 2020-08-28 21:25:59.998008

ohsv6fzd7i7 >> Start >> 2020-08-28 21:32:15.337783

ohsv6fzd7i7 >> Image Returned >> 2020-08-28 21:32:15.343554

ohsv6fzd7i7 >> End >> 2020-08-28 21:32:15.491445

6jjbd32wwb5 >> Start >> 2020-08-28 21:32:57.980681

6jjbd32wwb5 >> Image Returned >> 2020-08-28 21:32:57.984899

6jjbd32wwb5 >> End >> 2020-08-28 21:32:58.130001

i7kazhubp0c >> Start >> 2020-08-28 21:34:06.221168

i7kazhubp0c >> Image Returned >> 2020-08-28 21:34:06.225287

i7kazhubp0c >> End >> 2020-08-28 21:34:06.376612

xstxnqdje4s >> Start >> 2020-08-28 21:36:33.205662

xstxnqdje4s >> Image Returned >> 2020-08-28 21:36:33.210069

xstxnqdje4s >> End >> 2020-08-28 21:36:33.356982

dcapjwwjmwc >> Start >> 2020-08-28 21:38:00.383526

dcapjwwjmwc >> Image Returned >> 2020-08-28 21:38:00.389339

dcapjwwjmwc >> End >> 2020-08-28 21:38:00.534143

s8ctcguc6r2 >> Start >> 2020-08-28 21:48:12.392493

s8ctcguc6r2 >> Image Returned >> 2020-08-28 21:48:12.396234

s8ctcguc6r2 >> End >> 2020-08-28 21:48:12.547616

d0vy7u2kydv >> Start >> 2020-08-28 22:00:21.630714

d0vy7u2kydv >> Image Returned >> 2020-08-28 22:00:21.634315

d0vy7u2kydv >> End >> 2020-08-28 22:00:21.784976

ihu65em2j3q >> Start >> 2020-08-28 22:01:57.081319

ihu65em2j3q >> Image Returned >> 2020-08-28 22:01:57.084712

ihu65em2j3q >> End >> 2020-08-28 22:01:57.266166

7xqeiv0wv0e >> Start >> 2020-08-28 22:09:25.992978

7xqeiv0wv0e >> Image Returned >> 2020-08-28 22:09:25.997209

7xqeiv0wv0e >> End >> 2020-08-28 22:09:26.141802

upzrqure76r >> Start >> 2020-08-28 22:12:40.109519

upzrqure76r >> Image Returned >> 2020-08-28 22:12:40.114084

upzrqure76r >> End >> 2020-08-28 22:12:40.260689

4pmddqdsv0v >> Start >> 2020-08-28 22:14:15.248950

4pmddqdsv0v >> Image Returned >> 2020-08-28 22:14:15.252547

4pmddqdsv0v >> End >> 2020-08-28 22:14:15.399768

ww4pk6qwbj6 >> Start >> 2020-08-28 22:24:24.776021

ww4pk6qwbj6 >> Image Returned >> 2020-08-28 22:24:24.780486

ww4pk6qwbj6 >> End >> 2020-08-28 22:24:24.931160

2ujag8ybudf >> Start >> 2020-08-28 22:25:01.360794

2ujag8ybudf >> Image Returned >> 2020-08-28 22:25:01.364054

2ujag8ybudf >> End >> 2020-08-28 22:25:01.534274

jbhvzatf7d7 >> Start >> 2020-08-28 22:25:21.921514

jbhvzatf7d7 >> Image Returned >> 2020-08-28 22:25:21.925319

jbhvzatf7d7 >> End >> 2020-08-28 22:25:22.069662

owpczc5j86z >> Start >> 2020-08-28 22:25:29.540565

owpczc5j86z >> Image Returned >> 2020-08-28 22:25:29.540896

owpczc5j86z >> End >> 2020-08-28 22:25:29.686530

bk5eqk7oqff >> Start >> 2020-08-28 22:25:55.781722

bk5eqk7oqff >> Image Returned >> 2020-08-28 22:25:55.785006

bk5eqk7oqff >> End >> 2020-08-28 22:25:55.931550

jhrmysxpqpa >> Start >> 2020-08-28 22:27:19.128765

jhrmysxpqpa >> Image Returned >> 2020-08-28 22:27:19.132833

jhrmysxpqpa >> End >> 2020-08-28 22:27:19.339947

c0mn38odtiq >> Start >> 2020-08-28 22:39:36.004573

c0mn38odtiq >> Image Returned >> 2020-08-28 22:39:36.008399

c0mn38odtiq >> End >> 2020-08-28 22:39:36.185518

ub6krrzq38k >> Start >> 2020-08-28 22:45:59.995215

ub6krrzq38k >> Image Returned >> 2020-08-28 22:45:59.999284

ub6krrzq38k >> End >> 2020-08-28 22:46:00.145915

fpwnoato2hg >> Start >> 2020-08-28 22:46:11.065988

fpwnoato2hg >> Image Returned >> 2020-08-28 22:46:11.069706

fpwnoato2hg >> End >> 2020-08-28 22:46:11.212896

yuzj6azkeah >> Start >> 2020-08-28 22:47:21.288857

yuzj6azkeah >> Image Returned >> 2020-08-28 22:47:21.293278

yuzj6azkeah >> End >> 2020-08-28 22:47:21.455327

rk84xrdzgzo >> Start >> 2020-08-28 22:53:46.959681

rk84xrdzgzo >> Image Returned >> 2020-08-28 22:53:46.964052

rk84xrdzgzo >> End >> 2020-08-28 22:53:47.116164

g5bpc2pj0b8 >> Start >> 2020-08-28 22:54:34.511168

g5bpc2pj0b8 >> Image Returned >> 2020-08-28 22:54:34.515027

g5bpc2pj0b8 >> End >> 2020-08-28 22:54:34.657049

xnnc6sszkjw >> Start >> 2020-08-28 23:10:03.860861

xnnc6sszkjw >> Image Returned >> 2020-08-28 23:10:03.865959

xnnc6sszkjw >> End >> 2020-08-28 23:10:04.010785

jfobx5zdunr >> Start >> 2020-08-28 23:11:07.247320

jfobx5zdunr >> Image Returned >> 2020-08-28 23:11:07.251028

jfobx5zdunr >> End >> 2020-08-28 23:11:07.398154

23o8245nbbg >> Start >> 2020-08-28 23:19:00.488004

23o8245nbbg >> Image Returned >> 2020-08-28 23:19:00.491410

23o8245nbbg >> End >> 2020-08-28 23:19:00.640710

gbj8n2n66uj >> Start >> 2020-08-28 23:26:01.064884

gbj8n2n66uj >> Image Returned >> 2020-08-28 23:26:01.069329

gbj8n2n66uj >> End >> 2020-08-28 23:26:01.222031

wyqzscaouox >> Start >> 2020-08-28 23:26:41.818211

wyqzscaouox >> Image Returned >> 2020-08-28 23:26:41.821486

wyqzscaouox >> End >> 2020-08-28 23:26:41.966325

4kokz33tavz >> Start >> 2020-08-28 23:27:59.041708

4kokz33tavz >> Image Returned >> 2020-08-28 23:27:59.045475

4kokz33tavz >> End >> 2020-08-28 23:27:59.194684

hbqwo36adv4 >> Start >> 2020-08-28 23:31:57.653732

hbqwo36adv4 >> Image Returned >> 2020-08-28 23:31:57.657723

hbqwo36adv4 >> End >> 2020-08-28 23:31:58.117177

8vvs4ej04qi >> Start >> 2020-08-28 23:32:29.902987

8vvs4ej04qi >> Image Returned >> 2020-08-28 23:32:29.906605

8vvs4ej04qi >> End >> 2020-08-28 23:32:30.051587

awwrec6eume >> Start >> 2020-08-28 23:42:34.776717

awwrec6eume >> Image Returned >> 2020-08-28 23:42:34.782684

awwrec6eume >> End >> 2020-08-28 23:42:34.939601

dqxtuk0omdf >> Start >> 2020-08-28 23:44:24.738763

dqxtuk0omdf >> Image Returned >> 2020-08-28 23:44:24.742851

n6kzhjbj6tk >> Start >> 2020-08-28 23:44:24.782411

n6kzhjbj6tk >> Image Returned >> 2020-08-28 23:44:24.785734

dqxtuk0omdf >> End >> 2020-08-28 23:44:24.881215

n6kzhjbj6tk >> End >> 2020-08-28 23:44:24.926384

vskytg23hem >> Start >> 2020-08-28 23:45:53.194845

vskytg23hem >> Image Returned >> 2020-08-28 23:45:53.199035

vskytg23hem >> End >> 2020-08-28 23:45:53.352050

b6skmcpca0a >> Start >> 2020-08-28 23:54:05.765378

b6skmcpca0a >> Image Returned >> 2020-08-28 23:54:05.771475

b6skmcpca0a >> End >> 2020-08-28 23:54:05.919018

ycqcbfmqvzs >> Start >> 2020-08-28 23:58:03.332439

ycqcbfmqvzs >> Image Returned >> 2020-08-28 23:58:03.336554

ycqcbfmqvzs >> End >> 2020-08-28 23:58:03.497204

r4jjcw385ku >> Start >> 2020-08-28 23:58:05.586844

r4jjcw385ku >> Image Returned >> 2020-08-28 23:58:05.587208

r4jjcw385ku >> End >> 2020-08-28 23:58:05.730848

