2gsw4e8ioqw >> Start >> 2020-09-05 00:18:40.808948

2gsw4e8ioqw >> Image Returned >> 2020-09-05 00:18:40.813647

2gsw4e8ioqw >> End >> 2020-09-05 00:18:40.982654

2jo0eeife32 >> Start >> 2020-09-05 00:41:21.167733

2jo0eeife32 >> Image Returned >> 2020-09-05 00:41:21.171760

2jo0eeife32 >> End >> 2020-09-05 00:41:21.334346

admnh2v2sic >> Start >> 2020-09-05 00:51:21.643312

admnh2v2sic >> Image Returned >> 2020-09-05 00:51:21.647460

admnh2v2sic >> End >> 2020-09-05 00:51:21.802311

48oaa2hotuh >> Start >> 2020-09-05 01:15:19.346081

48oaa2hotuh >> Image Returned >> 2020-09-05 01:15:19.350513

48oaa2hotuh >> End >> 2020-09-05 01:15:19.500729

us4nw3k85pn >> Start >> 2020-09-05 02:33:30.628534

us4nw3k85pn >> Image Returned >> 2020-09-05 02:33:30.632946

us4nw3k85pn >> End >> 2020-09-05 02:33:30.785625

iyaeygkozgk >> Start >> 2020-09-05 02:47:15.607686

iyaeygkozgk >> Image Returned >> 2020-09-05 02:47:15.612257

iyaeygkozgk >> End >> 2020-09-05 02:47:15.769784

nnibxua32nj >> Start >> 2020-09-05 04:32:51.268508

nnibxua32nj >> Image Returned >> 2020-09-05 04:32:51.272559

nnibxua32nj >> End >> 2020-09-05 04:32:51.591104

bz8se0x8m23 >> Start >> 2020-09-05 04:56:03.187668

bz8se0x8m23 >> Image Returned >> 2020-09-05 04:56:03.191626

bz8se0x8m23 >> End >> 2020-09-05 04:56:03.363939

tep07m5w6qx >> Start >> 2020-09-05 05:00:23.855951

tep07m5w6qx >> Image Returned >> 2020-09-05 05:00:23.859925

tep07m5w6qx >> End >> 2020-09-05 05:00:24.028670

y24y5tnhb7s >> Start >> 2020-09-05 06:05:34.559823

y24y5tnhb7s >> Image Returned >> 2020-09-05 06:05:34.564135

y24y5tnhb7s >> End >> 2020-09-05 06:05:34.747818

jjpxqf2gbxa >> Start >> 2020-09-05 06:23:12.679269

jjpxqf2gbxa >> Image Returned >> 2020-09-05 06:23:12.683243

jjpxqf2gbxa >> End >> 2020-09-05 06:23:12.853317

kr3gd0pktdx >> Start >> 2020-09-05 06:37:34.158921

kr3gd0pktdx >> Image Returned >> 2020-09-05 06:37:34.162529

kr3gd0pktdx >> End >> 2020-09-05 06:37:34.324918

rz476vpw0rt >> Start >> 2020-09-05 06:46:32.721257

rz476vpw0rt >> Image Returned >> 2020-09-05 06:46:32.725255

rz476vpw0rt >> End >> 2020-09-05 06:46:32.880198

bvuuwgrz4ys >> Start >> 2020-09-05 07:03:14.850022

bvuuwgrz4ys >> Image Returned >> 2020-09-05 07:03:14.854693

bvuuwgrz4ys >> End >> 2020-09-05 07:03:15.012586

eh32g7y5d3t >> Start >> 2020-09-05 07:10:01.830001

eh32g7y5d3t >> Image Returned >> 2020-09-05 07:10:01.834115

eh32g7y5d3t >> End >> 2020-09-05 07:10:01.996234

nxfbhw7bamm >> Start >> 2020-09-05 07:16:26.064407

nxfbhw7bamm >> Image Returned >> 2020-09-05 07:16:26.068454

nxfbhw7bamm >> End >> 2020-09-05 07:16:26.222835

qsufg0rd4kv >> Start >> 2020-09-05 07:20:07.756623

qsufg0rd4kv >> Image Returned >> 2020-09-05 07:20:07.761425

qsufg0rd4kv >> End >> 2020-09-05 07:20:07.921561

mf430vu4ky4 >> Start >> 2020-09-05 07:20:53.202204

mf430vu4ky4 >> Image Returned >> 2020-09-05 07:20:53.206065

mf430vu4ky4 >> End >> 2020-09-05 07:20:53.364538

66gmkgmaohc >> Start >> 2020-09-05 07:26:53.707097

66gmkgmaohc >> Image Returned >> 2020-09-05 07:26:53.711349

66gmkgmaohc >> End >> 2020-09-05 07:26:53.867188

g0whoed5hah >> Start >> 2020-09-05 07:26:54.539588

g0whoed5hah >> Image Returned >> 2020-09-05 07:26:54.539889

g0whoed5hah >> End >> 2020-09-05 07:26:54.689682

j73bphuo5vi >> Start >> 2020-09-05 07:35:18.494344

j73bphuo5vi >> Image Returned >> 2020-09-05 07:35:18.498796

j73bphuo5vi >> End >> 2020-09-05 07:35:18.656306

eguvjfxbar7 >> Start >> 2020-09-05 07:41:09.232079

eguvjfxbar7 >> Image Returned >> 2020-09-05 07:41:09.236624

eguvjfxbar7 >> End >> 2020-09-05 07:41:09.389467

5cfowfn8km4 >> Start >> 2020-09-05 07:41:19.650727

5cfowfn8km4 >> Image Returned >> 2020-09-05 07:41:19.651031

5cfowfn8km4 >> End >> 2020-09-05 07:41:19.804512

wcywqzbv5ro >> Start >> 2020-09-05 08:05:08.026031

wcywqzbv5ro >> Image Returned >> 2020-09-05 08:05:08.029839

wcywqzbv5ro >> End >> 2020-09-05 08:05:08.200371

5isii4jwfc6 >> Start >> 2020-09-05 08:08:50.987514

5isii4jwfc6 >> Image Returned >> 2020-09-05 08:08:50.991497

5isii4jwfc6 >> End >> 2020-09-05 08:08:51.149002

5dk3o4qy3tx >> Start >> 2020-09-05 08:09:09.146209

5dk3o4qy3tx >> Image Returned >> 2020-09-05 08:09:09.149899

5dk3o4qy3tx >> End >> 2020-09-05 08:09:09.300908

6jav0vwnb37 >> Start >> 2020-09-05 08:25:30.410115

6jav0vwnb37 >> Image Returned >> 2020-09-05 08:25:30.414051

6jav0vwnb37 >> End >> 2020-09-05 08:25:30.570960

pwn7z6d5zd8 >> Start >> 2020-09-05 08:28:01.349493

pwn7z6d5zd8 >> Image Returned >> 2020-09-05 08:28:01.354832

pwn7z6d5zd8 >> End >> 2020-09-05 08:28:01.511024

8qwteh3kns5 >> Start >> 2020-09-05 08:28:03.905364

8qwteh3kns5 >> Image Returned >> 2020-09-05 08:28:03.905638

8qwteh3kns5 >> End >> 2020-09-05 08:28:04.069817

n2pxvk5p3yu >> Start >> 2020-09-05 08:28:11.293421

n2pxvk5p3yu >> Image Returned >> 2020-09-05 08:28:11.293711

n2pxvk5p3yu >> End >> 2020-09-05 08:28:11.445022

2gfmvxgzyfr >> Start >> 2020-09-05 08:28:11.584284

2gfmvxgzyfr >> Image Returned >> 2020-09-05 08:28:11.584562

2gfmvxgzyfr >> End >> 2020-09-05 08:28:11.781331

beqmxawdvzw >> Start >> 2020-09-05 08:36:36.758825

beqmxawdvzw >> Image Returned >> 2020-09-05 08:36:36.763339

beqmxawdvzw >> End >> 2020-09-05 08:36:36.922609

whpc75bkrg2 >> Start >> 2020-09-05 08:39:20.625380

whpc75bkrg2 >> Image Returned >> 2020-09-05 08:39:20.629456

whpc75bkrg2 >> End >> 2020-09-05 08:39:20.790370

8mu0w3mufqc >> Start >> 2020-09-05 08:47:56.595227

8mu0w3mufqc >> Image Returned >> 2020-09-05 08:47:56.598792

8mu0w3mufqc >> End >> 2020-09-05 08:47:56.758379

dh37a5pzojq >> Start >> 2020-09-05 08:48:33.853647

dh37a5pzojq >> Image Returned >> 2020-09-05 08:48:33.859524

dh37a5pzojq >> End >> 2020-09-05 08:48:34.012444

2uc26wdbutq >> Start >> 2020-09-05 09:05:53.648273

2uc26wdbutq >> Image Returned >> 2020-09-05 09:05:53.653378

2uc26wdbutq >> End >> 2020-09-05 09:05:53.803967

kdejiorhdj7 >> Start >> 2020-09-05 09:12:13.601470

kdejiorhdj7 >> Image Returned >> 2020-09-05 09:12:13.607523

kdejiorhdj7 >> End >> 2020-09-05 09:12:13.768393

73j3i6ftsu7 >> Start >> 2020-09-05 09:15:21.304176

73j3i6ftsu7 >> Image Returned >> 2020-09-05 09:15:21.308993

73j3i6ftsu7 >> End >> 2020-09-05 09:15:21.470340

uwoyuezpowz >> Start >> 2020-09-05 09:19:12.585001

uwoyuezpowz >> Image Returned >> 2020-09-05 09:19:12.589325

uwoyuezpowz >> End >> 2020-09-05 09:19:12.745379

zao37fg5y7y >> Start >> 2020-09-05 09:32:19.557640

zao37fg5y7y >> Image Returned >> 2020-09-05 09:32:19.561608

zao37fg5y7y >> End >> 2020-09-05 09:32:19.718669

2vvwnmhfetp >> Start >> 2020-09-05 09:36:02.077886

2vvwnmhfetp >> Image Returned >> 2020-09-05 09:36:02.082683

2vvwnmhfetp >> End >> 2020-09-05 09:36:02.237097

0uj4wfxckf3 >> Start >> 2020-09-05 09:36:39.900383

0uj4wfxckf3 >> Image Returned >> 2020-09-05 09:36:39.904772

0uj4wfxckf3 >> End >> 2020-09-05 09:36:40.057266

hnroh83efrv >> Start >> 2020-09-05 09:38:01.627502

hnroh83efrv >> Image Returned >> 2020-09-05 09:38:01.631230

hnroh83efrv >> End >> 2020-09-05 09:38:01.787297

gb2ckm77jrz >> Start >> 2020-09-05 09:39:41.423979

gb2ckm77jrz >> Image Returned >> 2020-09-05 09:39:41.428056

gb2ckm77jrz >> End >> 2020-09-05 09:39:41.582293

t6qq3q624fu >> Start >> 2020-09-05 09:42:05.882030

t6qq3q624fu >> Image Returned >> 2020-09-05 09:42:05.885818

t6qq3q624fu >> End >> 2020-09-05 09:42:06.043386

ce88ye30580 >> Start >> 2020-09-05 09:42:06.998979

ce88ye30580 >> Image Returned >> 2020-09-05 09:42:06.999366

ce88ye30580 >> End >> 2020-09-05 09:42:07.155623

tttu86qmfkp >> Start >> 2020-09-05 09:48:57.188225

tttu86qmfkp >> Image Returned >> 2020-09-05 09:48:57.192503

tttu86qmfkp >> End >> 2020-09-05 09:48:57.346851

oaig7qrpvrk >> Start >> 2020-09-05 09:51:19.694377

oaig7qrpvrk >> Image Returned >> 2020-09-05 09:51:19.698426

oaig7qrpvrk >> End >> 2020-09-05 09:51:19.829094

j02tjp0tdxh >> Start >> 2020-09-05 09:55:49.015439

j02tjp0tdxh >> Image Returned >> 2020-09-05 09:55:49.019028

j02tjp0tdxh >> End >> 2020-09-05 09:55:49.173484

d0jk00y0s6h >> Start >> 2020-09-05 09:57:46.508482

d0jk00y0s6h >> Image Returned >> 2020-09-05 09:57:46.512183

d0jk00y0s6h >> End >> 2020-09-05 09:57:46.673450

uynbxk0qfmd >> Start >> 2020-09-05 10:00:49.017000

uynbxk0qfmd >> Image Returned >> 2020-09-05 10:00:49.020575

uynbxk0qfmd >> End >> 2020-09-05 10:00:49.175183

e3rb0d2ghn6 >> Start >> 2020-09-05 10:03:28.352667

e3rb0d2ghn6 >> Image Returned >> 2020-09-05 10:03:28.356288

e3rb0d2ghn6 >> End >> 2020-09-05 10:03:28.512151

s05o5ak5zvc >> Start >> 2020-09-05 10:03:34.366892

s05o5ak5zvc >> Image Returned >> 2020-09-05 10:03:34.367316

s05o5ak5zvc >> End >> 2020-09-05 10:03:34.515948

unr6g8eusvn >> Start >> 2020-09-05 10:04:00.360395

unr6g8eusvn >> Image Returned >> 2020-09-05 10:04:00.364434

unr6g8eusvn >> End >> 2020-09-05 10:04:00.520445

s8vwkz0tnu4 >> Start >> 2020-09-05 10:04:33.010724

s8vwkz0tnu4 >> Image Returned >> 2020-09-05 10:04:33.015481

s8vwkz0tnu4 >> End >> 2020-09-05 10:04:33.171402

yke8nv2x76x >> Start >> 2020-09-05 10:07:11.201180

yke8nv2x76x >> Image Returned >> 2020-09-05 10:07:11.205679

yke8nv2x76x >> End >> 2020-09-05 10:07:11.364031

hdjenwxwi8h >> Start >> 2020-09-05 10:23:45.261045

hdjenwxwi8h >> Image Returned >> 2020-09-05 10:23:45.265819

hdjenwxwi8h >> End >> 2020-09-05 10:23:45.429053

ocjwb2q87jz >> Start >> 2020-09-05 10:29:49.497333

ocjwb2q87jz >> Image Returned >> 2020-09-05 10:29:49.502995

ocjwb2q87jz >> End >> 2020-09-05 10:29:49.655158

s8a08z76tgi >> Start >> 2020-09-05 10:49:29.053524

s8a08z76tgi >> Image Returned >> 2020-09-05 10:49:29.058825

s8a08z76tgi >> End >> 2020-09-05 10:49:29.212640

x8jxh62rrwz >> Start >> 2020-09-05 10:50:54.819992

x8jxh62rrwz >> Image Returned >> 2020-09-05 10:50:54.824058

x8jxh62rrwz >> End >> 2020-09-05 10:50:54.974668

htboeqbjtw2 >> Start >> 2020-09-05 11:17:47.602612

htboeqbjtw2 >> Image Returned >> 2020-09-05 11:17:47.608107

htboeqbjtw2 >> End >> 2020-09-05 11:17:47.764460

5p2s5iy2chy >> Start >> 2020-09-05 11:20:47.163722

5p2s5iy2chy >> Image Returned >> 2020-09-05 11:20:47.168064

5p2s5iy2chy >> End >> 2020-09-05 11:20:47.295133

xm0wkesq8vs >> Start >> 2020-09-05 11:20:58.805542

xm0wkesq8vs >> Image Returned >> 2020-09-05 11:20:58.809240

xm0wkesq8vs >> End >> 2020-09-05 11:20:58.966278

0ui4aumr452 >> Start >> 2020-09-05 11:23:37.860529

0ui4aumr452 >> Image Returned >> 2020-09-05 11:23:37.864231

0ui4aumr452 >> End >> 2020-09-05 11:23:38.016738

ox42i78m55x >> Start >> 2020-09-05 11:30:58.983345

ox42i78m55x >> Image Returned >> 2020-09-05 11:30:58.986991

ox42i78m55x >> End >> 2020-09-05 11:30:59.156902

whsnbket2ea >> Start >> 2020-09-05 11:40:33.978144

whsnbket2ea >> Image Returned >> 2020-09-05 11:40:33.983237

whsnbket2ea >> End >> 2020-09-05 11:40:34.137895

yvqiyoa5vcd >> Start >> 2020-09-05 11:41:38.438113

yvqiyoa5vcd >> Image Returned >> 2020-09-05 11:41:38.442513

yvqiyoa5vcd >> End >> 2020-09-05 11:41:38.595824

nhgxs5j73a7 >> Start >> 2020-09-05 11:41:58.432495

nhgxs5j73a7 >> Image Returned >> 2020-09-05 11:41:58.436085

nhgxs5j73a7 >> End >> 2020-09-05 11:41:58.590526

eu2ytreiv2c >> Start >> 2020-09-05 11:44:25.405329

eu2ytreiv2c >> Image Returned >> 2020-09-05 11:44:25.409564

eu2ytreiv2c >> End >> 2020-09-05 11:44:25.564096

r3qfnk7jkt4 >> Start >> 2020-09-05 11:44:40.925457

r3qfnk7jkt4 >> Image Returned >> 2020-09-05 11:44:40.929132

r3qfnk7jkt4 >> End >> 2020-09-05 11:44:41.085989

45awgyqonxi >> Start >> 2020-09-05 11:47:27.024409

45awgyqonxi >> Image Returned >> 2020-09-05 11:47:27.028460

45awgyqonxi >> End >> 2020-09-05 11:47:27.159303

54cwcniupcw >> Start >> 2020-09-05 11:50:13.260761

54cwcniupcw >> Image Returned >> 2020-09-05 11:50:13.264959

54cwcniupcw >> End >> 2020-09-05 11:50:13.418339

2yfxunosnqd >> Start >> 2020-09-05 11:55:13.100482

2yfxunosnqd >> Image Returned >> 2020-09-05 11:55:13.104185

2yfxunosnqd >> End >> 2020-09-05 11:55:13.256825

b78csx475cj >> Start >> 2020-09-05 11:55:58.490200

b78csx475cj >> Image Returned >> 2020-09-05 11:55:58.494271

b78csx475cj >> End >> 2020-09-05 11:55:58.651061

7rswndsruqh >> Start >> 2020-09-05 12:00:30.463469

7rswndsruqh >> Image Returned >> 2020-09-05 12:00:30.467673

7rswndsruqh >> End >> 2020-09-05 12:00:30.636042

mcbaa8qxwok >> Start >> 2020-09-05 12:01:50.392278

mcbaa8qxwok >> Image Returned >> 2020-09-05 12:01:50.396550

mcbaa8qxwok >> End >> 2020-09-05 12:01:50.550986

p3378f2pidd >> Start >> 2020-09-05 12:10:54.330612

p3378f2pidd >> Image Returned >> 2020-09-05 12:10:54.334408

p3378f2pidd >> End >> 2020-09-05 12:10:54.484595

umzbikcg0vf >> Start >> 2020-09-05 12:17:44.291677

umzbikcg0vf >> Image Returned >> 2020-09-05 12:17:44.295803

umzbikcg0vf >> End >> 2020-09-05 12:17:44.449057

wcmgq3e6i8j >> Start >> 2020-09-05 12:20:38.334727

wcmgq3e6i8j >> Image Returned >> 2020-09-05 12:20:38.339031

wcmgq3e6i8j >> End >> 2020-09-05 12:20:38.493971

cj4wyu2bseb >> Start >> 2020-09-05 12:41:52.161727

cj4wyu2bseb >> Image Returned >> 2020-09-05 12:41:52.165376

cj4wyu2bseb >> End >> 2020-09-05 12:41:52.314663

zoosct8z87a >> Start >> 2020-09-05 12:50:01.387938

zoosct8z87a >> Image Returned >> 2020-09-05 12:50:01.391782

zoosct8z87a >> End >> 2020-09-05 12:50:01.555671

kfpuosgncqk >> Start >> 2020-09-05 12:50:16.504883

kfpuosgncqk >> Image Returned >> 2020-09-05 12:50:16.508558

kfpuosgncqk >> End >> 2020-09-05 12:50:16.675925

paq0sjvs4k8 >> Start >> 2020-09-05 12:57:36.685097

paq0sjvs4k8 >> Image Returned >> 2020-09-05 12:57:36.689307

paq0sjvs4k8 >> End >> 2020-09-05 12:57:36.844242

5f8w4uhbebc >> Start >> 2020-09-05 12:57:50.510426

5f8w4uhbebc >> Image Returned >> 2020-09-05 12:57:50.514046

5f8w4uhbebc >> End >> 2020-09-05 12:57:50.669100

7fptey2uzqi >> Start >> 2020-09-05 12:58:20.370414

7fptey2uzqi >> Image Returned >> 2020-09-05 12:58:20.374325

7fptey2uzqi >> End >> 2020-09-05 12:58:20.527854

izcs2kukpxt >> Start >> 2020-09-05 13:00:16.587758

izcs2kukpxt >> Image Returned >> 2020-09-05 13:00:16.591353

izcs2kukpxt >> End >> 2020-09-05 13:00:16.745150

me7ex7kx0kx >> Start >> 2020-09-05 13:03:03.500324

me7ex7kx0kx >> Image Returned >> 2020-09-05 13:03:03.504554

me7ex7kx0kx >> End >> 2020-09-05 13:03:03.655361

vqxyofxmxed >> Start >> 2020-09-05 13:03:32.596709

vqxyofxmxed >> Image Returned >> 2020-09-05 13:03:32.600913

vqxyofxmxed >> End >> 2020-09-05 13:03:32.750984

oyy8g5qerhb >> Start >> 2020-09-05 13:05:55.350354

oyy8g5qerhb >> Image Returned >> 2020-09-05 13:05:55.354532

oyy8g5qerhb >> End >> 2020-09-05 13:05:55.511686

wt8e5qke3h4 >> Start >> 2020-09-05 13:19:56.068917

wt8e5qke3h4 >> Image Returned >> 2020-09-05 13:19:56.073323

wt8e5qke3h4 >> End >> 2020-09-05 13:19:56.229340

630bvwrtat2 >> Start >> 2020-09-05 13:21:54.234764

630bvwrtat2 >> Image Returned >> 2020-09-05 13:21:54.238864

630bvwrtat2 >> End >> 2020-09-05 13:21:54.389679

0i0o75zitdf >> Start >> 2020-09-05 13:22:34.866781

0i0o75zitdf >> Image Returned >> 2020-09-05 13:22:34.871443

0i0o75zitdf >> End >> 2020-09-05 13:22:35.028970

o5sdoopz3s0 >> Start >> 2020-09-05 13:22:45.432812

o5sdoopz3s0 >> Image Returned >> 2020-09-05 13:22:45.433115

o5sdoopz3s0 >> End >> 2020-09-05 13:22:45.588790

0ot6ko3vc2j >> Start >> 2020-09-05 13:24:01.769345

0ot6ko3vc2j >> Image Returned >> 2020-09-05 13:24:01.772934

0ot6ko3vc2j >> End >> 2020-09-05 13:24:01.929646

8j7ymryswds >> Start >> 2020-09-05 13:26:09.020608

8j7ymryswds >> Image Returned >> 2020-09-05 13:26:09.025525

8j7ymryswds >> End >> 2020-09-05 13:26:09.215789

ury7wonpgse >> Start >> 2020-09-05 13:37:07.828653

ury7wonpgse >> Image Returned >> 2020-09-05 13:37:07.832612

ury7wonpgse >> End >> 2020-09-05 13:37:07.989530

6dhgbcw6wwe >> Start >> 2020-09-05 13:37:09.144814

6dhgbcw6wwe >> Image Returned >> 2020-09-05 13:37:09.145112

6dhgbcw6wwe >> End >> 2020-09-05 13:37:09.319447

icvuz20y2fv >> Start >> 2020-09-05 13:49:43.101198

icvuz20y2fv >> Image Returned >> 2020-09-05 13:49:43.104214

icvuz20y2fv >> End >> 2020-09-05 13:49:43.267955

74jtkjezohh >> Start >> 2020-09-05 14:04:49.630692

74jtkjezohh >> Image Returned >> 2020-09-05 14:04:49.633970

74jtkjezohh >> End >> 2020-09-05 14:04:49.767071

vajst8ycgto >> Start >> 2020-09-05 14:05:07.497410

vajst8ycgto >> Image Returned >> 2020-09-05 14:05:07.500375

vajst8ycgto >> End >> 2020-09-05 14:05:07.664516

u0x0sa7banh >> Start >> 2020-09-05 14:25:59.867557

u0x0sa7banh >> Image Returned >> 2020-09-05 14:25:59.871515

u0x0sa7banh >> End >> 2020-09-05 14:26:00.024084

c40apfqt7up >> Start >> 2020-09-05 14:34:49.659323

c40apfqt7up >> Image Returned >> 2020-09-05 14:34:49.662339

c40apfqt7up >> End >> 2020-09-05 14:34:49.812134

eha8tvicszn >> Start >> 2020-09-05 14:35:42.276266

eha8tvicszn >> Image Returned >> 2020-09-05 14:35:42.279887

eha8tvicszn >> End >> 2020-09-05 14:35:42.437400

3pd3be68k7v >> Start >> 2020-09-05 14:36:25.051583

3pd3be68k7v >> Image Returned >> 2020-09-05 14:36:25.054553

3pd3be68k7v >> End >> 2020-09-05 14:36:25.245116

a740ytk27bi >> Start >> 2020-09-05 14:41:27.806859

a740ytk27bi >> Image Returned >> 2020-09-05 14:41:27.811095

a740ytk27bi >> End >> 2020-09-05 14:41:27.968369

qbnwtjgx6rf >> Start >> 2020-09-05 14:46:30.425438

qbnwtjgx6rf >> Image Returned >> 2020-09-05 14:46:30.428613

qbnwtjgx6rf >> End >> 2020-09-05 14:46:30.589922

mgwo0o2piox >> Start >> 2020-09-05 14:46:44.097717

mgwo0o2piox >> Image Returned >> 2020-09-05 14:46:44.100675

mgwo0o2piox >> End >> 2020-09-05 14:46:44.289987

fwnoa0djisq >> Start >> 2020-09-05 14:47:36.973953

fwnoa0djisq >> Image Returned >> 2020-09-05 14:47:36.977917

fwnoa0djisq >> End >> 2020-09-05 14:47:37.134356

ffuu7cce7j2 >> Start >> 2020-09-05 15:03:20.617098

ffuu7cce7j2 >> Image Returned >> 2020-09-05 15:03:20.620244

ffuu7cce7j2 >> End >> 2020-09-05 15:03:20.777026

fduso8esjtn >> Start >> 2020-09-05 15:06:27.117958

fduso8esjtn >> Image Returned >> 2020-09-05 15:06:27.121704

fduso8esjtn >> End >> 2020-09-05 15:06:27.278088

nf6wzz6cgmq >> Start >> 2020-09-05 15:13:31.112905

nf6wzz6cgmq >> Image Returned >> 2020-09-05 15:13:31.116480

nf6wzz6cgmq >> End >> 2020-09-05 15:13:31.270351

cfxxqxqxfxw >> Start >> 2020-09-05 15:14:19.119626

cfxxqxqxfxw >> Image Returned >> 2020-09-05 15:14:19.124146

cfxxqxqxfxw >> End >> 2020-09-05 15:14:19.256194

eijzbwhss4y >> Start >> 2020-09-05 15:14:42.325370

eijzbwhss4y >> Image Returned >> 2020-09-05 15:14:42.328870

eijzbwhss4y >> End >> 2020-09-05 15:14:42.492017

7hvxif8sqpj >> Start >> 2020-09-05 15:16:05.325264

7hvxif8sqpj >> Image Returned >> 2020-09-05 15:16:05.328253

7hvxif8sqpj >> End >> 2020-09-05 15:16:05.491561

p5vwwrd2soc >> Start >> 2020-09-05 15:16:15.988970

p5vwwrd2soc >> Image Returned >> 2020-09-05 15:16:15.989408

p5vwwrd2soc >> End >> 2020-09-05 15:16:16.141196

z2qq2w4dff2 >> Start >> 2020-09-05 15:16:16.279131

z2qq2w4dff2 >> Image Returned >> 2020-09-05 15:16:16.279455

z2qq2w4dff2 >> End >> 2020-09-05 15:16:16.437762

fyue3226ffd >> Start >> 2020-09-05 15:20:24.364063

fyue3226ffd >> Image Returned >> 2020-09-05 15:20:24.367461

fyue3226ffd >> End >> 2020-09-05 15:20:24.523766

mg4xnjq5tbb >> Start >> 2020-09-05 15:28:44.004631

mg4xnjq5tbb >> Image Returned >> 2020-09-05 15:28:44.008666

mg4xnjq5tbb >> End >> 2020-09-05 15:28:44.165468

pkvtg6rjzf5 >> Start >> 2020-09-05 15:32:55.193192

pkvtg6rjzf5 >> Image Returned >> 2020-09-05 15:32:55.197277

pkvtg6rjzf5 >> End >> 2020-09-05 15:32:55.372994

352jeng353c >> Start >> 2020-09-05 15:33:08.013354

352jeng353c >> Image Returned >> 2020-09-05 15:33:08.016304

352jeng353c >> End >> 2020-09-05 15:33:08.490169

5jdvfso3dto >> Start >> 2020-09-05 15:33:09.966761

5jdvfso3dto >> Image Returned >> 2020-09-05 15:33:09.967071

5jdvfso3dto >> End >> 2020-09-05 15:33:10.122586

oax8f0rqbir >> Start >> 2020-09-05 15:33:10.211407

oax8f0rqbir >> Image Returned >> 2020-09-05 15:33:10.211710

oax8f0rqbir >> End >> 2020-09-05 15:33:10.371634

thp0c6cueit >> Start >> 2020-09-05 15:37:50.903075

thp0c6cueit >> Image Returned >> 2020-09-05 15:37:50.906718

thp0c6cueit >> End >> 2020-09-05 15:37:51.067334

0ca2742zffo >> Start >> 2020-09-05 15:38:46.270359

0ca2742zffo >> Image Returned >> 2020-09-05 15:38:46.273739

0ca2742zffo >> End >> 2020-09-05 15:38:46.429573

aqwqxtsfkb6 >> Start >> 2020-09-05 15:39:24.750936

aqwqxtsfkb6 >> Image Returned >> 2020-09-05 15:39:24.753976

aqwqxtsfkb6 >> End >> 2020-09-05 15:39:24.925913

rn38uf3ddsp >> Start >> 2020-09-05 15:41:00.351171

rn38uf3ddsp >> Image Returned >> 2020-09-05 15:41:00.354585

rn38uf3ddsp >> End >> 2020-09-05 15:41:00.517615

ovzws85nu78 >> Start >> 2020-09-05 15:49:42.909894

ovzws85nu78 >> Image Returned >> 2020-09-05 15:49:42.913454

ovzws85nu78 >> End >> 2020-09-05 15:49:43.066869

gnon8p0bzv0 >> Start >> 2020-09-05 16:35:07.433394

gnon8p0bzv0 >> Image Returned >> 2020-09-05 16:35:07.436511

gnon8p0bzv0 >> End >> 2020-09-05 16:35:07.600678

joab0mxeioi >> Start >> 2020-09-05 16:36:42.120579

joab0mxeioi >> Image Returned >> 2020-09-05 16:36:42.123692

joab0mxeioi >> End >> 2020-09-05 16:36:42.283356

oqq447u846j >> Start >> 2020-09-05 16:44:08.608370

oqq447u846j >> Image Returned >> 2020-09-05 16:44:08.611479

oqq447u846j >> End >> 2020-09-05 16:44:08.776227

tfkqr537nem >> Start >> 2020-09-05 16:47:41.186773

tfkqr537nem >> Image Returned >> 2020-09-05 16:47:41.192047

tfkqr537nem >> End >> 2020-09-05 16:47:41.352287

fp7p7tp8wkg >> Start >> 2020-09-05 16:50:58.733558

fp7p7tp8wkg >> Image Returned >> 2020-09-05 16:50:58.738007

fp7p7tp8wkg >> End >> 2020-09-05 16:50:58.868748

k242yar6b50 >> Start >> 2020-09-05 16:55:13.943233

k242yar6b50 >> Image Returned >> 2020-09-05 16:55:13.948756

k242yar6b50 >> End >> 2020-09-05 16:55:14.117450

ckei2b3ee2b >> Start >> 2020-09-05 17:00:01.506334

ckei2b3ee2b >> Image Returned >> 2020-09-05 17:00:01.511362

ckei2b3ee2b >> End >> 2020-09-05 17:00:01.674479

2ax5azpci44 >> Start >> 2020-09-05 17:02:40.394668

2ax5azpci44 >> Image Returned >> 2020-09-05 17:02:40.398328

2ax5azpci44 >> End >> 2020-09-05 17:02:40.550225

yorcv530hf5 >> Start >> 2020-09-05 17:03:48.930027

yorcv530hf5 >> Image Returned >> 2020-09-05 17:03:48.934120

yorcv530hf5 >> End >> 2020-09-05 17:03:49.099311

afnkq2y55as >> Start >> 2020-09-05 17:11:52.911848

afnkq2y55as >> Image Returned >> 2020-09-05 17:11:52.915883

afnkq2y55as >> End >> 2020-09-05 17:11:53.067341

n2cnjphxuts >> Start >> 2020-09-05 17:12:02.592624

n2cnjphxuts >> Image Returned >> 2020-09-05 17:12:02.592947

n2cnjphxuts >> End >> 2020-09-05 17:12:02.754154

jbz3ht8ecwd >> Start >> 2020-09-05 17:14:02.945991

jbz3ht8ecwd >> Image Returned >> 2020-09-05 17:14:02.949552

jbz3ht8ecwd >> End >> 2020-09-05 17:14:03.100589

3c0kfxfkw8d >> Start >> 2020-09-05 17:19:35.376547

3c0kfxfkw8d >> Image Returned >> 2020-09-05 17:19:35.380866

3c0kfxfkw8d >> End >> 2020-09-05 17:19:35.534799

7cp2peu05fs >> Start >> 2020-09-05 17:19:53.581409

7cp2peu05fs >> Image Returned >> 2020-09-05 17:19:53.584479

7cp2peu05fs >> End >> 2020-09-05 17:19:53.746788

70edix5n7u3 >> Start >> 2020-09-05 17:19:53.864221

70edix5n7u3 >> Image Returned >> 2020-09-05 17:19:53.864512

70edix5n7u3 >> End >> 2020-09-05 17:19:54.021698

40izgv6oz3p >> Start >> 2020-09-05 17:34:47.923599

40izgv6oz3p >> Image Returned >> 2020-09-05 17:34:47.927211

40izgv6oz3p >> End >> 2020-09-05 17:34:48.087174

qzvn2nh8yfb >> Start >> 2020-09-05 17:36:13.763214

qzvn2nh8yfb >> Image Returned >> 2020-09-05 17:36:13.766230

qzvn2nh8yfb >> End >> 2020-09-05 17:36:13.920367

gep422mfu5a >> Start >> 2020-09-05 17:36:21.140438

gep422mfu5a >> Image Returned >> 2020-09-05 17:36:21.140728

gep422mfu5a >> End >> 2020-09-05 17:36:21.296564

v5vrumd87a5 >> Start >> 2020-09-05 17:37:51.770505

v5vrumd87a5 >> Image Returned >> 2020-09-05 17:37:51.776612

v5vrumd87a5 >> End >> 2020-09-05 17:37:51.950548

yzikfq0wwhd >> Start >> 2020-09-05 17:40:24.216526

yzikfq0wwhd >> Image Returned >> 2020-09-05 17:40:24.219602

yzikfq0wwhd >> End >> 2020-09-05 17:40:24.374449

zgtw3jt87cf >> Start >> 2020-09-05 17:55:40.778230

zgtw3jt87cf >> Image Returned >> 2020-09-05 17:55:40.781373

zgtw3jt87cf >> End >> 2020-09-05 17:55:40.932743

rtggrf6u0z7 >> Start >> 2020-09-05 17:56:03.970887

rtggrf6u0z7 >> Image Returned >> 2020-09-05 17:56:03.974208

rtggrf6u0z7 >> End >> 2020-09-05 17:56:04.128323

g8kitgwk052 >> Start >> 2020-09-05 18:00:40.538916

g8kitgwk052 >> Image Returned >> 2020-09-05 18:00:40.542423

g8kitgwk052 >> End >> 2020-09-05 18:00:40.703847

jopeu3qxcfb >> Start >> 2020-09-05 18:06:27.345711

jopeu3qxcfb >> Image Returned >> 2020-09-05 18:06:27.348783

jopeu3qxcfb >> End >> 2020-09-05 18:06:27.517899

xc656tsof8c >> Start >> 2020-09-05 18:08:05.615755

xc656tsof8c >> Image Returned >> 2020-09-05 18:08:05.619820

xc656tsof8c >> End >> 2020-09-05 18:08:05.773109

w2pw4m20cot >> Start >> 2020-09-05 18:08:20.561702

w2pw4m20cot >> Image Returned >> 2020-09-05 18:08:20.566193

w2pw4m20cot >> End >> 2020-09-05 18:08:20.721092

ufh6v8nqrzs >> Start >> 2020-09-05 18:09:22.331353

ufh6v8nqrzs >> Image Returned >> 2020-09-05 18:09:22.336385

ufh6v8nqrzs >> End >> 2020-09-05 18:09:22.468920

208jb3iufh2 >> Start >> 2020-09-05 18:15:37.604479

208jb3iufh2 >> Image Returned >> 2020-09-05 18:15:37.608125

208jb3iufh2 >> End >> 2020-09-05 18:15:37.760998

3tvyrzg6qth >> Start >> 2020-09-05 18:19:32.018543

3tvyrzg6qth >> Image Returned >> 2020-09-05 18:19:32.022156

3tvyrzg6qth >> End >> 2020-09-05 18:19:32.184845

8h7ftgn2845 >> Start >> 2020-09-05 18:23:27.317219

8h7ftgn2845 >> Image Returned >> 2020-09-05 18:23:27.320624

8h7ftgn2845 >> End >> 2020-09-05 18:23:27.515182

r6arb6ma5x7 >> Start >> 2020-09-05 18:28:13.323721

r6arb6ma5x7 >> Image Returned >> 2020-09-05 18:28:13.326915

r6arb6ma5x7 >> End >> 2020-09-05 18:28:13.482135

wo34o38ynv7 >> Start >> 2020-09-05 18:41:53.230948

wo34o38ynv7 >> Image Returned >> 2020-09-05 18:41:53.234745

wo34o38ynv7 >> End >> 2020-09-05 18:41:53.390856

apn3dev6he5 >> Start >> 2020-09-05 18:42:13.969369

apn3dev6he5 >> Image Returned >> 2020-09-05 18:42:13.972479

apn3dev6he5 >> End >> 2020-09-05 18:42:14.129453

cqjv38gtt3b >> Start >> 2020-09-05 18:49:45.600862

cqjv38gtt3b >> Image Returned >> 2020-09-05 18:49:45.605160

cqjv38gtt3b >> End >> 2020-09-05 18:49:45.760261

7pcjdbt3yq3 >> Start >> 2020-09-05 19:02:41.929518

7pcjdbt3yq3 >> Image Returned >> 2020-09-05 19:02:41.934195

7pcjdbt3yq3 >> End >> 2020-09-05 19:02:42.089956

ko7nfjib8v5 >> Start >> 2020-09-05 19:04:38.477287

ko7nfjib8v5 >> Image Returned >> 2020-09-05 19:04:38.481234

ko7nfjib8v5 >> End >> 2020-09-05 19:04:38.639324

umbjem8kctj >> Start >> 2020-09-05 19:06:27.266139

umbjem8kctj >> Image Returned >> 2020-09-05 19:06:27.269531

umbjem8kctj >> End >> 2020-09-05 19:06:27.438568

qhfijmaasn4 >> Start >> 2020-09-05 19:08:10.449314

qhfijmaasn4 >> Image Returned >> 2020-09-05 19:08:10.452307

qhfijmaasn4 >> End >> 2020-09-05 19:08:10.613514

urbfoxvsynh >> Start >> 2020-09-05 19:12:56.426769

urbfoxvsynh >> Image Returned >> 2020-09-05 19:12:56.429989

urbfoxvsynh >> End >> 2020-09-05 19:12:56.615151

2u7ts5becex >> Start >> 2020-09-05 19:20:51.159991

2u7ts5becex >> Image Returned >> 2020-09-05 19:20:51.164851

2u7ts5becex >> End >> 2020-09-05 19:20:51.324094

5c2aunbgbve >> Start >> 2020-09-05 19:21:07.633095

5c2aunbgbve >> Image Returned >> 2020-09-05 19:21:07.636477

5c2aunbgbve >> End >> 2020-09-05 19:21:07.794962

zttetj37oxp >> Start >> 2020-09-05 19:26:59.085860

zttetj37oxp >> Image Returned >> 2020-09-05 19:26:59.089972

zttetj37oxp >> End >> 2020-09-05 19:26:59.257385

oe0sks7ad6u >> Start >> 2020-09-05 19:33:23.973026

oe0sks7ad6u >> Image Returned >> 2020-09-05 19:33:23.976201

oe0sks7ad6u >> End >> 2020-09-05 19:33:24.144499

2foo4zyeeb5 >> Start >> 2020-09-05 19:35:04.515691

2foo4zyeeb5 >> Image Returned >> 2020-09-05 19:35:04.519784

2foo4zyeeb5 >> End >> 2020-09-05 19:35:04.686172

27hnfcs865z >> Start >> 2020-09-05 19:40:07.693085

27hnfcs865z >> Image Returned >> 2020-09-05 19:40:07.696186

27hnfcs865z >> End >> 2020-09-05 19:40:07.855106

g3f0of4vhtg >> Start >> 2020-09-05 19:52:05.101182

g3f0of4vhtg >> Image Returned >> 2020-09-05 19:52:05.104576

g3f0of4vhtg >> End >> 2020-09-05 19:52:05.258963

08ch4my2ch4 >> Start >> 2020-09-05 19:53:09.980720

08ch4my2ch4 >> Image Returned >> 2020-09-05 19:53:09.984196

08ch4my2ch4 >> End >> 2020-09-05 19:53:10.137826

iujp8fy6kep >> Start >> 2020-09-05 20:02:06.450889

iujp8fy6kep >> Image Returned >> 2020-09-05 20:02:06.454969

iujp8fy6kep >> End >> 2020-09-05 20:02:06.625581

wbetg40cn7i >> Start >> 2020-09-05 20:05:22.848634

wbetg40cn7i >> Image Returned >> 2020-09-05 20:05:22.851799

wbetg40cn7i >> End >> 2020-09-05 20:05:23.017831

cprvugidwfm >> Start >> 2020-09-05 20:05:43.213814

cprvugidwfm >> Image Returned >> 2020-09-05 20:05:43.217312

cprvugidwfm >> End >> 2020-09-05 20:05:43.417061

23iwtgqedwc >> Start >> 2020-09-05 20:07:40.509177

23iwtgqedwc >> Image Returned >> 2020-09-05 20:07:40.515053

23iwtgqedwc >> End >> 2020-09-05 20:07:40.669029

jiak3deuidx >> Start >> 2020-09-05 20:07:59.062133

jiak3deuidx >> Image Returned >> 2020-09-05 20:07:59.065275

jiak3deuidx >> End >> 2020-09-05 20:07:59.222655

62t75pxbi7g >> Start >> 2020-09-05 20:08:20.686100

62t75pxbi7g >> Image Returned >> 2020-09-05 20:08:20.689210

62t75pxbi7g >> End >> 2020-09-05 20:08:20.878566

vgymn5eszgh >> Start >> 2020-09-05 20:18:02.634789

vgymn5eszgh >> Image Returned >> 2020-09-05 20:18:02.638458

vgymn5eszgh >> End >> 2020-09-05 20:18:02.796652

qwerezy8r8k >> Start >> 2020-09-05 20:18:51.573497

qwerezy8r8k >> Image Returned >> 2020-09-05 20:18:51.577444

qwerezy8r8k >> End >> 2020-09-05 20:18:51.728754

xo065qp4d25 >> Start >> 2020-09-05 20:33:06.192075

xo065qp4d25 >> Image Returned >> 2020-09-05 20:33:06.195278

xo065qp4d25 >> End >> 2020-09-05 20:33:06.360995

tocogep20cq >> Start >> 2020-09-05 20:35:38.759589

tocogep20cq >> Image Returned >> 2020-09-05 20:35:38.763375

tocogep20cq >> End >> 2020-09-05 20:35:38.929527

o76m4wyr8b2 >> Start >> 2020-09-05 20:38:00.680103

o76m4wyr8b2 >> Image Returned >> 2020-09-05 20:38:00.684556

o76m4wyr8b2 >> End >> 2020-09-05 20:38:00.852865

5yh0iwx52p3 >> Start >> 2020-09-05 20:38:48.090559

5yh0iwx52p3 >> Image Returned >> 2020-09-05 20:38:48.093617

5yh0iwx52p3 >> End >> 2020-09-05 20:38:48.251982

8xo7bpa27qk >> Start >> 2020-09-05 20:42:45.300344

8xo7bpa27qk >> Image Returned >> 2020-09-05 20:42:45.304608

8xo7bpa27qk >> End >> 2020-09-05 20:42:45.457067

xd8gx7wctr4 >> Start >> 2020-09-05 20:53:29.995733

xd8gx7wctr4 >> Image Returned >> 2020-09-05 20:53:30.000897

xd8gx7wctr4 >> End >> 2020-09-05 20:53:30.162828

u4otvedwb5w >> Start >> 2020-09-05 20:58:54.927174

u4otvedwb5w >> Image Returned >> 2020-09-05 20:58:54.931943

u4otvedwb5w >> End >> 2020-09-05 20:58:57.259639

zg4oewcry5s >> Start >> 2020-09-05 21:04:12.351349

zg4oewcry5s >> Image Returned >> 2020-09-05 21:04:12.356235

zg4oewcry5s >> End >> 2020-09-05 21:04:12.520459

nzzcvuyv066 >> Start >> 2020-09-05 21:05:06.064291

nzzcvuyv066 >> Image Returned >> 2020-09-05 21:05:06.067771

nzzcvuyv066 >> End >> 2020-09-05 21:05:06.225780

gpt6v05nhns >> Start >> 2020-09-05 21:16:57.671916

gpt6v05nhns >> Image Returned >> 2020-09-05 21:16:57.675800

gpt6v05nhns >> End >> 2020-09-05 21:16:57.841711

m53wq0qc5xk >> Start >> 2020-09-05 21:26:57.167459

m53wq0qc5xk >> Image Returned >> 2020-09-05 21:26:57.170682

m53wq0qc5xk >> End >> 2020-09-05 21:26:57.329689

2fuafssuuc7 >> Start >> 2020-09-05 21:29:19.236619

2fuafssuuc7 >> Image Returned >> 2020-09-05 21:29:19.241710

2fuafssuuc7 >> End >> 2020-09-05 21:29:19.419449

dejpzshucoq >> Start >> 2020-09-05 21:36:10.344279

dejpzshucoq >> Image Returned >> 2020-09-05 21:36:10.348361

dejpzshucoq >> End >> 2020-09-05 21:36:10.515445

7nj6obqxwru >> Start >> 2020-09-05 21:41:47.893400

7nj6obqxwru >> Image Returned >> 2020-09-05 21:41:47.896729

7nj6obqxwru >> End >> 2020-09-05 21:41:48.054050

rfdhk0r33eh >> Start >> 2020-09-05 21:53:17.610224

rfdhk0r33eh >> Image Returned >> 2020-09-05 21:53:17.613740

rfdhk0r33eh >> End >> 2020-09-05 21:53:17.763336

tpkvtgnf0ar >> Start >> 2020-09-05 21:57:14.953838

tpkvtgnf0ar >> Image Returned >> 2020-09-05 21:57:14.957565

tpkvtgnf0ar >> End >> 2020-09-05 21:57:15.111574

46ige2rpka4 >> Start >> 2020-09-05 22:02:55.890245

46ige2rpka4 >> Image Returned >> 2020-09-05 22:02:55.894140

46ige2rpka4 >> End >> 2020-09-05 22:02:56.055938

5drag0meey4 >> Start >> 2020-09-05 22:03:46.829822

5drag0meey4 >> Image Returned >> 2020-09-05 22:03:46.833858

5drag0meey4 >> End >> 2020-09-05 22:03:46.988517

jvsihphmhji >> Start >> 2020-09-05 22:04:52.266305

jvsihphmhji >> Image Returned >> 2020-09-05 22:04:52.269834

jvsihphmhji >> End >> 2020-09-05 22:04:52.437077

gzkpsjgigaa >> Start >> 2020-09-05 22:05:27.200907

gzkpsjgigaa >> Image Returned >> 2020-09-05 22:05:27.204334

gzkpsjgigaa >> End >> 2020-09-05 22:05:27.365503

2thtfkxqa63 >> Start >> 2020-09-05 22:08:05.429369

2thtfkxqa63 >> Image Returned >> 2020-09-05 22:08:05.432995

2thtfkxqa63 >> End >> 2020-09-05 22:08:05.590765

j24ayxm5v5w >> Start >> 2020-09-05 22:12:03.276845

j24ayxm5v5w >> Image Returned >> 2020-09-05 22:12:03.280769

j24ayxm5v5w >> End >> 2020-09-05 22:12:03.441652

xvygb3j72tn >> Start >> 2020-09-05 22:12:15.977936

xvygb3j72tn >> Image Returned >> 2020-09-05 22:12:15.981075

xvygb3j72tn >> End >> 2020-09-05 22:12:16.138372

0sxyaj32mir >> Start >> 2020-09-05 22:13:48.607903

0sxyaj32mir >> Image Returned >> 2020-09-05 22:13:48.611792

0sxyaj32mir >> End >> 2020-09-05 22:13:48.765013

pe50dvys4aj >> Start >> 2020-09-05 22:31:32.392071

pe50dvys4aj >> Image Returned >> 2020-09-05 22:31:32.395359

pe50dvys4aj >> End >> 2020-09-05 22:31:32.544406

5x3xqbhnb4v >> Start >> 2020-09-05 22:34:29.689291

5x3xqbhnb4v >> Image Returned >> 2020-09-05 22:34:29.692477

5x3xqbhnb4v >> End >> 2020-09-05 22:34:29.847727

zkf5v7izyeu >> Start >> 2020-09-05 22:34:47.237106

zkf5v7izyeu >> Image Returned >> 2020-09-05 22:34:47.240793

zkf5v7izyeu >> End >> 2020-09-05 22:34:47.416084

hfyehinenfe >> Start >> 2020-09-05 22:36:37.679946

hfyehinenfe >> Image Returned >> 2020-09-05 22:36:37.683548

hfyehinenfe >> End >> 2020-09-05 22:36:37.833620

xofp2muthcd >> Start >> 2020-09-05 22:37:02.597619

xofp2muthcd >> Image Returned >> 2020-09-05 22:37:02.601082

xofp2muthcd >> End >> 2020-09-05 22:37:02.753556

qntphqp6u4u >> Start >> 2020-09-05 22:39:14.155529

qntphqp6u4u >> Image Returned >> 2020-09-05 22:39:14.159310

qntphqp6u4u >> End >> 2020-09-05 22:39:14.312156

8dyf2tyzcrx >> Start >> 2020-09-05 22:44:34.523015

8dyf2tyzcrx >> Image Returned >> 2020-09-05 22:44:34.526221

8dyf2tyzcrx >> End >> 2020-09-05 22:44:34.672247

ydmffqjyk8x >> Start >> 2020-09-05 22:58:21.732800

ydmffqjyk8x >> Image Returned >> 2020-09-05 22:58:21.736201

ydmffqjyk8x >> End >> 2020-09-05 22:58:21.891942

