d70pho4ku4j >> Start >> 2020-08-14 00:14:45.855101

d70pho4ku4j >> Image Returned >> 2020-08-14 00:14:45.859746

d70pho4ku4j >> End >> 2020-08-14 00:14:46.001313

im200khoctg >> Start >> 2020-08-14 00:47:58.416467

im200khoctg >> Image Returned >> 2020-08-14 00:47:58.420802

im200khoctg >> End >> 2020-08-14 00:47:58.559967

2oeparmrm6d >> Start >> 2020-08-14 00:51:12.031814

2oeparmrm6d >> Image Returned >> 2020-08-14 00:51:12.037189

2oeparmrm6d >> End >> 2020-08-14 00:51:12.211607

rfjwgh6egar >> Start >> 2020-08-14 01:09:51.612739

rfjwgh6egar >> Image Returned >> 2020-08-14 01:09:51.617064

rfjwgh6egar >> End >> 2020-08-14 01:09:51.775986

ew3ritsbckh >> Start >> 2020-08-14 01:11:00.797779

ew3ritsbckh >> Image Returned >> 2020-08-14 01:11:00.801800

ew3ritsbckh >> End >> 2020-08-14 01:11:00.951741

mzrcdjwcdf3 >> Start >> 2020-08-14 01:12:51.008075

mzrcdjwcdf3 >> Image Returned >> 2020-08-14 01:12:51.014293

mzrcdjwcdf3 >> End >> 2020-08-14 01:12:51.157303

uwxq4dc8raq >> Start >> 2020-08-14 01:28:21.635920

uwxq4dc8raq >> Image Returned >> 2020-08-14 01:28:21.640326

uwxq4dc8raq >> End >> 2020-08-14 01:28:21.791371

miyjyek402v >> Start >> 2020-08-14 01:52:25.573930

miyjyek402v >> Image Returned >> 2020-08-14 01:52:25.578376

miyjyek402v >> End >> 2020-08-14 01:52:25.718281

4ewykhd4yu4 >> Start >> 2020-08-14 02:02:28.593825

4ewykhd4yu4 >> Image Returned >> 2020-08-14 02:02:28.597481

4ewykhd4yu4 >> End >> 2020-08-14 02:02:28.744908

kc8jx53f4t7 >> Start >> 2020-08-14 02:10:42.920744

kc8jx53f4t7 >> Image Returned >> 2020-08-14 02:10:42.924810

kc8jx53f4t7 >> End >> 2020-08-14 02:10:43.072674

sdnzdqvy5y0 >> Start >> 2020-08-14 02:13:50.895330

sdnzdqvy5y0 >> Image Returned >> 2020-08-14 02:13:50.899650

sdnzdqvy5y0 >> End >> 2020-08-14 02:13:51.052836

mucrw0giu55 >> Start >> 2020-08-14 02:30:17.686114

mucrw0giu55 >> Image Returned >> 2020-08-14 02:30:17.690726

mucrw0giu55 >> End >> 2020-08-14 02:30:17.839729

a3zgvadjor3 >> Start >> 2020-08-14 02:59:36.823853

a3zgvadjor3 >> Image Returned >> 2020-08-14 02:59:36.828727

a3zgvadjor3 >> End >> 2020-08-14 02:59:37.003671

6wjsxnzouaq >> Start >> 2020-08-14 03:30:27.684726

6wjsxnzouaq >> Image Returned >> 2020-08-14 03:30:27.688440

6wjsxnzouaq >> End >> 2020-08-14 03:30:27.838490

yaatpgmsnz7 >> Start >> 2020-08-14 03:43:20.783143

yaatpgmsnz7 >> Image Returned >> 2020-08-14 03:43:20.786834

yaatpgmsnz7 >> End >> 2020-08-14 03:43:20.927572

67f2zv0ogm5 >> Start >> 2020-08-14 03:55:39.849437

67f2zv0ogm5 >> Image Returned >> 2020-08-14 03:55:39.853590

67f2zv0ogm5 >> End >> 2020-08-14 03:55:39.992927

aj347y2vnps >> Start >> 2020-08-14 03:56:34.105645

aj347y2vnps >> Image Returned >> 2020-08-14 03:56:34.109303

aj347y2vnps >> End >> 2020-08-14 03:56:34.248754

furv7i6a0up >> Start >> 2020-08-14 04:01:01.031351

furv7i6a0up >> Image Returned >> 2020-08-14 04:01:01.035032

furv7i6a0up >> End >> 2020-08-14 04:01:01.189186

fkqkcg4nerz >> Start >> 2020-08-14 04:31:52.111341

fkqkcg4nerz >> Image Returned >> 2020-08-14 04:31:52.114347

fkqkcg4nerz >> End >> 2020-08-14 04:31:52.258495

nfh5bpf3y02 >> Start >> 2020-08-14 04:47:48.132549

nfh5bpf3y02 >> Image Returned >> 2020-08-14 04:47:48.135730

nfh5bpf3y02 >> End >> 2020-08-14 04:47:48.285222

83nftp2ntp5 >> Start >> 2020-08-14 05:02:58.271334

83nftp2ntp5 >> Image Returned >> 2020-08-14 05:02:58.274868

83nftp2ntp5 >> End >> 2020-08-14 05:02:58.426899

orj8b45ek2v >> Start >> 2020-08-14 05:04:08.983110

orj8b45ek2v >> Image Returned >> 2020-08-14 05:04:08.986000

orj8b45ek2v >> End >> 2020-08-14 05:04:09.130820

80hruenerzd >> Start >> 2020-08-14 05:14:11.768090

80hruenerzd >> Image Returned >> 2020-08-14 05:14:11.771296

80hruenerzd >> End >> 2020-08-14 05:14:11.917216

pmrqkrxvfd5 >> Start >> 2020-08-14 05:25:58.583216

pmrqkrxvfd5 >> Image Returned >> 2020-08-14 05:25:58.586958

pmrqkrxvfd5 >> End >> 2020-08-14 05:25:58.763111

yo2xu50s2p7 >> Start >> 2020-08-14 05:26:02.973695

yo2xu50s2p7 >> Image Returned >> 2020-08-14 05:26:02.974009

yo2xu50s2p7 >> End >> 2020-08-14 05:26:03.127593

zqmnssbc6su >> Start >> 2020-08-14 05:41:52.389496

zqmnssbc6su >> Image Returned >> 2020-08-14 05:41:52.392587

zqmnssbc6su >> End >> 2020-08-14 05:41:52.539771

qpmwwgyzc7h >> Start >> 2020-08-14 06:07:17.665561

qpmwwgyzc7h >> Image Returned >> 2020-08-14 06:07:17.669132

qpmwwgyzc7h >> End >> 2020-08-14 06:07:17.813741

jgdmqd0ce7m >> Start >> 2020-08-14 06:11:05.469719

jgdmqd0ce7m >> Image Returned >> 2020-08-14 06:11:05.472786

jgdmqd0ce7m >> End >> 2020-08-14 06:11:05.623704

bxpfn8ts2e0 >> Start >> 2020-08-14 06:26:24.119345

bxpfn8ts2e0 >> Image Returned >> 2020-08-14 06:26:24.121790

bxpfn8ts2e0 >> End >> 2020-08-14 06:26:24.267359

0qw6h6uoitp >> Start >> 2020-08-14 06:28:41.443058

0qw6h6uoitp >> Image Returned >> 2020-08-14 06:28:41.445488

0qw6h6uoitp >> End >> 2020-08-14 06:28:41.590277

66nzmadnyg5 >> Start >> 2020-08-14 06:50:46.047383

66nzmadnyg5 >> Image Returned >> 2020-08-14 06:50:46.049990

66nzmadnyg5 >> End >> 2020-08-14 06:50:46.190016

mfo0uzz7a0s >> Start >> 2020-08-14 07:00:54.215538

mfo0uzz7a0s >> Image Returned >> 2020-08-14 07:00:54.217937

mfo0uzz7a0s >> End >> 2020-08-14 07:00:54.357341

6hwzmge5mkv >> Start >> 2020-08-14 07:12:46.672619

6hwzmge5mkv >> Image Returned >> 2020-08-14 07:12:46.675039

6hwzmge5mkv >> End >> 2020-08-14 07:12:46.815932

7wwiozkzvxw >> Start >> 2020-08-14 07:21:13.371037

7wwiozkzvxw >> Image Returned >> 2020-08-14 07:21:13.375045

7wwiozkzvxw >> End >> 2020-08-14 07:21:13.527264

mdwz7jzkimi >> Start >> 2020-08-14 07:23:10.878395

mdwz7jzkimi >> Image Returned >> 2020-08-14 07:23:10.880976

mdwz7jzkimi >> End >> 2020-08-14 07:23:11.049432

6frsxx5eq7a >> Start >> 2020-08-14 07:32:45.293138

6frsxx5eq7a >> Image Returned >> 2020-08-14 07:32:45.295470

6frsxx5eq7a >> End >> 2020-08-14 07:32:45.437222

a7ptn36s8kr >> Start >> 2020-08-14 08:00:35.828294

a7ptn36s8kr >> Image Returned >> 2020-08-14 08:00:35.830837

a7ptn36s8kr >> End >> 2020-08-14 08:00:35.975404

aimxupjrtzm >> Start >> 2020-08-14 08:37:43.234070

aimxupjrtzm >> Image Returned >> 2020-08-14 08:37:43.236982

aimxupjrtzm >> End >> 2020-08-14 08:37:43.382287

ov4dbhvhfbh >> Start >> 2020-08-14 08:39:43.089926

ov4dbhvhfbh >> Image Returned >> 2020-08-14 08:39:43.092547

ov4dbhvhfbh >> End >> 2020-08-14 08:39:43.237112

pe8eg8w3s4q >> Start >> 2020-08-14 08:42:56.769440

pe8eg8w3s4q >> Image Returned >> 2020-08-14 08:42:56.772821

pe8eg8w3s4q >> End >> 2020-08-14 08:42:56.915574

ac8fezh4d56 >> Start >> 2020-08-14 08:49:11.699007

ac8fezh4d56 >> Image Returned >> 2020-08-14 08:49:11.701915

ac8fezh4d56 >> End >> 2020-08-14 08:49:11.844086

2u3zdpwhmir >> Start >> 2020-08-14 09:06:28.094468

2u3zdpwhmir >> Image Returned >> 2020-08-14 09:06:28.097280

2u3zdpwhmir >> End >> 2020-08-14 09:06:28.249032

kz35cnkh74x >> Start >> 2020-08-14 09:12:06.368171

kz35cnkh74x >> Image Returned >> 2020-08-14 09:12:06.371089

kz35cnkh74x >> End >> 2020-08-14 09:12:06.515990

bf22pzuuqdn >> Start >> 2020-08-14 09:12:51.724138

bf22pzuuqdn >> Image Returned >> 2020-08-14 09:12:51.726547

bf22pzuuqdn >> End >> 2020-08-14 09:12:51.868942

cuff452wask >> Start >> 2020-08-14 09:13:59.363392

cuff452wask >> Image Returned >> 2020-08-14 09:13:59.366126

cuff452wask >> End >> 2020-08-14 09:13:59.512955

kpy5xfyuuaf >> Start >> 2020-08-14 09:28:43.637480

kpy5xfyuuaf >> Image Returned >> 2020-08-14 09:28:43.640017

kpy5xfyuuaf >> End >> 2020-08-14 09:28:43.782309

75vjk3gu2pg >> Start >> 2020-08-14 09:35:01.646703

75vjk3gu2pg >> Image Returned >> 2020-08-14 09:35:01.649487

75vjk3gu2pg >> End >> 2020-08-14 09:35:01.791570

mj5pqjva8dt >> Start >> 2020-08-14 09:40:36.250073

mj5pqjva8dt >> Image Returned >> 2020-08-14 09:40:36.252561

mj5pqjva8dt >> End >> 2020-08-14 09:40:36.391520

ox5y2ba5fkq >> Start >> 2020-08-14 09:48:28.338430

ox5y2ba5fkq >> Image Returned >> 2020-08-14 09:48:28.343249

ox5y2ba5fkq >> End >> 2020-08-14 09:48:28.485564

nrva3jpazvd >> Start >> 2020-08-14 09:53:48.767946

nrva3jpazvd >> Image Returned >> 2020-08-14 09:53:48.771431

nrva3jpazvd >> End >> 2020-08-14 09:53:48.932364

bxvbb4swsug >> Start >> 2020-08-14 09:55:17.248347

bxvbb4swsug >> Image Returned >> 2020-08-14 09:55:17.251559

bxvbb4swsug >> End >> 2020-08-14 09:55:17.417131

yxq5i6ikc7c >> Start >> 2020-08-14 10:08:57.997926

yxq5i6ikc7c >> Image Returned >> 2020-08-14 10:08:58.000751

yxq5i6ikc7c >> End >> 2020-08-14 10:08:58.138919

x34bp4jsu8o >> Start >> 2020-08-14 10:14:28.306978

x34bp4jsu8o >> Image Returned >> 2020-08-14 10:14:28.309492

x34bp4jsu8o >> End >> 2020-08-14 10:14:28.459485

ucwj4ipjqyu >> Start >> 2020-08-14 10:15:51.535444

ucwj4ipjqyu >> Image Returned >> 2020-08-14 10:15:51.538135

ucwj4ipjqyu >> End >> 2020-08-14 10:15:51.684993

4j7ema8rawg >> Start >> 2020-08-14 10:27:53.387288

4j7ema8rawg >> Image Returned >> 2020-08-14 10:27:53.389904

4j7ema8rawg >> End >> 2020-08-14 10:27:53.538996

jg7ddjap4ha >> Start >> 2020-08-14 11:05:41.641561

jg7ddjap4ha >> Image Returned >> 2020-08-14 11:05:41.645375

jg7ddjap4ha >> End >> 2020-08-14 11:05:41.791822

t4d4ro6ideb >> Start >> 2020-08-14 11:16:07.441195

t4d4ro6ideb >> Image Returned >> 2020-08-14 11:16:07.444039

t4d4ro6ideb >> End >> 2020-08-14 11:16:07.590801

jja57kz5488 >> Start >> 2020-08-14 11:34:36.408478

jja57kz5488 >> Image Returned >> 2020-08-14 11:34:36.412830

jja57kz5488 >> End >> 2020-08-14 11:34:36.563697

408etxgar7h >> Start >> 2020-08-14 11:49:53.793910

408etxgar7h >> Image Returned >> 2020-08-14 11:49:53.797588

408etxgar7h >> End >> 2020-08-14 11:49:53.943061

co0vgec33pr >> Start >> 2020-08-14 11:49:54.362004

co0vgec33pr >> Image Returned >> 2020-08-14 11:49:54.362283

co0vgec33pr >> End >> 2020-08-14 11:49:54.520001

q2ezj45kw2r >> Start >> 2020-08-14 11:59:08.441797

q2ezj45kw2r >> Image Returned >> 2020-08-14 11:59:08.444592

q2ezj45kw2r >> End >> 2020-08-14 11:59:08.583709

3yuhktpbm77 >> Start >> 2020-08-14 12:22:39.903604

3yuhktpbm77 >> Image Returned >> 2020-08-14 12:22:39.907282

3yuhktpbm77 >> End >> 2020-08-14 12:22:40.046180

q2c45z4vqnf >> Start >> 2020-08-14 12:34:07.571610

q2c45z4vqnf >> Image Returned >> 2020-08-14 12:34:07.574804

q2c45z4vqnf >> End >> 2020-08-14 12:34:07.733488

uqw620si087 >> Start >> 2020-08-14 13:09:31.037920

uqw620si087 >> Image Returned >> 2020-08-14 13:09:31.040994

uqw620si087 >> End >> 2020-08-14 13:09:31.192439

zqkv5tetsc0 >> Start >> 2020-08-14 13:11:20.941907

zqkv5tetsc0 >> Image Returned >> 2020-08-14 13:11:20.944895

zqkv5tetsc0 >> End >> 2020-08-14 13:11:21.104480

5rbe0ayaqb3 >> Start >> 2020-08-14 13:15:53.460721

5rbe0ayaqb3 >> Image Returned >> 2020-08-14 13:15:53.463970

5rbe0ayaqb3 >> End >> 2020-08-14 13:15:53.607120

hmmzpfbgrv3 >> Start >> 2020-08-14 13:31:31.864445

hmmzpfbgrv3 >> Image Returned >> 2020-08-14 13:31:31.869076

hmmzpfbgrv3 >> End >> 2020-08-14 13:31:32.011569

sbq8iur43c6 >> Start >> 2020-08-14 13:33:45.972656

sbq8iur43c6 >> Image Returned >> 2020-08-14 13:33:45.975677

sbq8iur43c6 >> End >> 2020-08-14 13:33:46.131978

bmyhu3gofzk >> Start >> 2020-08-14 13:44:36.266756

bmyhu3gofzk >> Image Returned >> 2020-08-14 13:44:36.269980

bmyhu3gofzk >> End >> 2020-08-14 13:44:36.418962

0rav22wpx64 >> Start >> 2020-08-14 13:50:46.815299

0rav22wpx64 >> Image Returned >> 2020-08-14 13:50:46.818344

0rav22wpx64 >> End >> 2020-08-14 13:50:46.967591

kh0pe7760uw >> Start >> 2020-08-14 14:00:04.823837

kh0pe7760uw >> Image Returned >> 2020-08-14 14:00:04.827958

kh0pe7760uw >> End >> 2020-08-14 14:00:04.977473

hsuiw6iq7pd >> Start >> 2020-08-14 14:10:00.328597

hsuiw6iq7pd >> Image Returned >> 2020-08-14 14:10:00.333003

hsuiw6iq7pd >> End >> 2020-08-14 14:10:00.473726

o68q6a5qp63 >> Start >> 2020-08-14 14:17:38.304754

o68q6a5qp63 >> Image Returned >> 2020-08-14 14:17:38.307692

o68q6a5qp63 >> End >> 2020-08-14 14:17:38.467525

pcds6xg73ny >> Start >> 2020-08-14 14:28:29.471503

pcds6xg73ny >> Image Returned >> 2020-08-14 14:28:29.474869

pcds6xg73ny >> End >> 2020-08-14 14:28:29.635339

ikjyiatz6bu >> Start >> 2020-08-14 14:51:53.835539

ikjyiatz6bu >> Image Returned >> 2020-08-14 14:51:53.839629

ikjyiatz6bu >> End >> 2020-08-14 14:51:54.002862

ohqefq0r7ep >> Start >> 2020-08-14 15:04:02.039983

ohqefq0r7ep >> Image Returned >> 2020-08-14 15:04:02.043019

ohqefq0r7ep >> End >> 2020-08-14 15:04:02.201556

w2d43ks7txg >> Start >> 2020-08-14 15:05:10.233560

w2d43ks7txg >> Image Returned >> 2020-08-14 15:05:10.237015

w2d43ks7txg >> End >> 2020-08-14 15:05:10.388359

pejwatggxn6 >> Start >> 2020-08-14 15:10:51.707612

pejwatggxn6 >> Image Returned >> 2020-08-14 15:10:51.710326

pejwatggxn6 >> End >> 2020-08-14 15:10:51.862438

24et6rhuopy >> Start >> 2020-08-14 15:22:54.914331

24et6rhuopy >> Image Returned >> 2020-08-14 15:22:54.918236

24et6rhuopy >> End >> 2020-08-14 15:22:55.080403

k73qmi3s0dt >> Start >> 2020-08-14 16:06:57.573158

k73qmi3s0dt >> Image Returned >> 2020-08-14 16:06:57.575902

k73qmi3s0dt >> End >> 2020-08-14 16:06:57.717374

5j8zcs6mcnk >> Start >> 2020-08-14 16:15:11.420660

5j8zcs6mcnk >> Image Returned >> 2020-08-14 16:15:11.423723

5j8zcs6mcnk >> End >> 2020-08-14 16:15:11.570059

72jwe3a63jv >> Start >> 2020-08-14 16:20:37.574903

72jwe3a63jv >> Image Returned >> 2020-08-14 16:20:37.577909

72jwe3a63jv >> End >> 2020-08-14 16:20:37.734162

cpnotfnjyan >> Start >> 2020-08-14 16:21:56.744868

cpnotfnjyan >> Image Returned >> 2020-08-14 16:21:56.747839

cpnotfnjyan >> End >> 2020-08-14 16:21:56.890222

3nvynh0ys3k >> Start >> 2020-08-14 16:23:01.380738

3nvynh0ys3k >> Image Returned >> 2020-08-14 16:23:01.383867

3nvynh0ys3k >> End >> 2020-08-14 16:23:01.532381

m3cm6k8tyss >> Start >> 2020-08-14 16:41:26.089415

m3cm6k8tyss >> Image Returned >> 2020-08-14 16:41:26.092971

m3cm6k8tyss >> End >> 2020-08-14 16:41:26.245661

nuapaxceyx4 >> Start >> 2020-08-14 16:45:06.046165

nuapaxceyx4 >> Image Returned >> 2020-08-14 16:45:06.049506

nuapaxceyx4 >> End >> 2020-08-14 16:45:06.192859

0rwn85p066d >> Start >> 2020-08-14 17:02:51.116316

0rwn85p066d >> Image Returned >> 2020-08-14 17:02:51.121682

0rwn85p066d >> End >> 2020-08-14 17:02:51.270603

c06jwdgqiyx >> Start >> 2020-08-14 17:03:14.965770

c06jwdgqiyx >> Image Returned >> 2020-08-14 17:03:14.968503

c06jwdgqiyx >> End >> 2020-08-14 17:03:15.117604

rchs3szzse7 >> Start >> 2020-08-14 17:13:03.335720

rchs3szzse7 >> Image Returned >> 2020-08-14 17:13:03.338654

rchs3szzse7 >> End >> 2020-08-14 17:13:03.496486

wxwo57eezvd >> Start >> 2020-08-14 17:18:44.418360

wxwo57eezvd >> Image Returned >> 2020-08-14 17:18:44.422086

wxwo57eezvd >> End >> 2020-08-14 17:18:44.576340

oijweycjr84 >> Start >> 2020-08-14 17:40:51.381212

oijweycjr84 >> Image Returned >> 2020-08-14 17:40:51.385165

oijweycjr84 >> End >> 2020-08-14 17:40:51.530040

pdqi8i4ngna >> Start >> 2020-08-14 17:59:06.547529

pdqi8i4ngna >> Image Returned >> 2020-08-14 17:59:06.550769

pdqi8i4ngna >> End >> 2020-08-14 17:59:06.687447

tw770zh3ftk >> Start >> 2020-08-14 18:10:33.124898

tw770zh3ftk >> Image Returned >> 2020-08-14 18:10:33.128051

tw770zh3ftk >> End >> 2020-08-14 18:10:33.273910

p28x2duk23m >> Start >> 2020-08-14 18:13:10.214250

p28x2duk23m >> Image Returned >> 2020-08-14 18:13:10.217000

p28x2duk23m >> End >> 2020-08-14 18:13:10.376233

ybpsvf4ip34 >> Start >> 2020-08-14 18:16:08.205718

ybpsvf4ip34 >> Image Returned >> 2020-08-14 18:16:08.208539

ybpsvf4ip34 >> End >> 2020-08-14 18:16:08.356823

u8wr4bovms3 >> Start >> 2020-08-14 18:23:25.729695

u8wr4bovms3 >> Image Returned >> 2020-08-14 18:23:25.734466

u8wr4bovms3 >> End >> 2020-08-14 18:23:25.881591

fn0yctaiv82 >> Start >> 2020-08-14 18:24:41.453813

fn0yctaiv82 >> Image Returned >> 2020-08-14 18:24:41.457070

fn0yctaiv82 >> End >> 2020-08-14 18:24:41.602205

fgcrzgcdyqw >> Start >> 2020-08-14 18:38:59.887607

fgcrzgcdyqw >> Image Returned >> 2020-08-14 18:38:59.891943

fgcrzgcdyqw >> End >> 2020-08-14 18:39:00.055068

u7dqs4a0se0 >> Start >> 2020-08-14 19:24:26.470228

u7dqs4a0se0 >> Image Returned >> 2020-08-14 19:24:26.473403

u7dqs4a0se0 >> End >> 2020-08-14 19:24:26.633459

uugon0g2ki8 >> Start >> 2020-08-14 19:40:09.755728

uugon0g2ki8 >> Image Returned >> 2020-08-14 19:40:09.759838

uugon0g2ki8 >> End >> 2020-08-14 19:40:09.917571

fke5dw06rsh >> Start >> 2020-08-14 19:48:01.820816

fke5dw06rsh >> Image Returned >> 2020-08-14 19:48:01.823848

fke5dw06rsh >> End >> 2020-08-14 19:48:01.992224

czkyga0bn0k >> Start >> 2020-08-14 19:50:45.160671

czkyga0bn0k >> Image Returned >> 2020-08-14 19:50:45.165148

czkyga0bn0k >> End >> 2020-08-14 19:50:45.328087

n3uesfjkr6i >> Start >> 2020-08-14 19:56:17.939364

n3uesfjkr6i >> Image Returned >> 2020-08-14 19:56:17.943294

n3uesfjkr6i >> End >> 2020-08-14 19:56:18.087393

6tnagzuzutf >> Start >> 2020-08-14 20:23:20.990611

6tnagzuzutf >> Image Returned >> 2020-08-14 20:23:20.994019

6tnagzuzutf >> End >> 2020-08-14 20:23:21.152565

27ggq6mnw3b >> Start >> 2020-08-14 20:39:02.609358

27ggq6mnw3b >> Image Returned >> 2020-08-14 20:39:02.613295

27ggq6mnw3b >> End >> 2020-08-14 20:39:02.757266

yqjnevjbz76 >> Start >> 2020-08-14 20:42:03.684369

yqjnevjbz76 >> Image Returned >> 2020-08-14 20:42:03.687278

yqjnevjbz76 >> End >> 2020-08-14 20:42:03.833772

82ss0xgc0og >> Start >> 2020-08-14 20:44:19.457525

82ss0xgc0og >> Image Returned >> 2020-08-14 20:44:19.461474

82ss0xgc0og >> End >> 2020-08-14 20:44:19.618715

vbhuirr2wup >> Start >> 2020-08-14 20:46:22.057446

vbhuirr2wup >> Image Returned >> 2020-08-14 20:46:22.060671

vbhuirr2wup >> End >> 2020-08-14 20:46:22.243506

m6yvugnurep >> Start >> 2020-08-14 21:01:40.881361

m6yvugnurep >> Image Returned >> 2020-08-14 21:01:40.885472

m6yvugnurep >> End >> 2020-08-14 21:01:41.033315

va0ajh3reh3 >> Start >> 2020-08-14 21:05:05.574739

va0ajh3reh3 >> Image Returned >> 2020-08-14 21:05:05.579374

va0ajh3reh3 >> End >> 2020-08-14 21:05:05.724000

ju6tehmoyv7 >> Start >> 2020-08-14 21:25:23.874284

ju6tehmoyv7 >> Image Returned >> 2020-08-14 21:25:23.877989

ju6tehmoyv7 >> End >> 2020-08-14 21:25:24.018023

w37oxvun75m >> Start >> 2020-08-14 21:35:32.876121

w37oxvun75m >> Image Returned >> 2020-08-14 21:35:32.879488

w37oxvun75m >> End >> 2020-08-14 21:35:33.025340

gh3ccu64fge >> Start >> 2020-08-14 21:37:34.580235

gh3ccu64fge >> Image Returned >> 2020-08-14 21:37:34.584170

gh3ccu64fge >> End >> 2020-08-14 21:37:34.726007

324o76mst2y >> Start >> 2020-08-14 21:41:54.781366

324o76mst2y >> Image Returned >> 2020-08-14 21:41:54.786062

324o76mst2y >> End >> 2020-08-14 21:41:54.931379

ndohy7z3s42 >> Start >> 2020-08-14 22:01:25.921966

ndohy7z3s42 >> Image Returned >> 2020-08-14 22:01:25.925596

ndohy7z3s42 >> End >> 2020-08-14 22:01:26.105204

geia0tg0vsp >> Start >> 2020-08-14 22:42:52.706242

geia0tg0vsp >> Image Returned >> 2020-08-14 22:42:52.709840

geia0tg0vsp >> End >> 2020-08-14 22:42:52.848903

eqsndgt0zzs >> Start >> 2020-08-14 23:03:41.845418

eqsndgt0zzs >> Image Returned >> 2020-08-14 23:03:41.849148

eqsndgt0zzs >> End >> 2020-08-14 23:03:42.007414

ht84p5visny >> Start >> 2020-08-14 23:19:25.324722

ht84p5visny >> Image Returned >> 2020-08-14 23:19:25.327750

ht84p5visny >> End >> 2020-08-14 23:19:25.472668

kte6wbjqi0o >> Start >> 2020-08-14 23:30:20.223542

kte6wbjqi0o >> Image Returned >> 2020-08-14 23:30:20.228594

kte6wbjqi0o >> End >> 2020-08-14 23:30:20.374389

pzsg3gtiekk >> Start >> 2020-08-14 23:31:11.662426

pzsg3gtiekk >> Image Returned >> 2020-08-14 23:31:11.665572

pzsg3gtiekk >> End >> 2020-08-14 23:31:11.829772

80s8smoao3p >> Start >> 2020-08-14 23:46:43.029023

80s8smoao3p >> Image Returned >> 2020-08-14 23:46:43.032794

80s8smoao3p >> End >> 2020-08-14 23:46:43.169699

