iq52pa3m0ej >> Start >> 2020-10-12 00:03:47.513417

iq52pa3m0ej >> Image Returned >> 2020-10-12 00:03:47.516594

iq52pa3m0ej >> End >> 2020-10-12 00:03:47.683965

s8wvg3wfufn >> Start >> 2020-10-12 00:08:25.636734

s8wvg3wfufn >> Image Returned >> 2020-10-12 00:08:25.640382

s8wvg3wfufn >> End >> 2020-10-12 00:08:25.801500

d5v0wqq627t >> Start >> 2020-10-12 00:09:46.021490

d5v0wqq627t >> Image Returned >> 2020-10-12 00:09:46.025177

d5v0wqq627t >> End >> 2020-10-12 00:09:46.208817

f5gb3qaeza3 >> Start >> 2020-10-12 00:31:45.011795

f5gb3qaeza3 >> Image Returned >> 2020-10-12 00:31:45.015280

f5gb3qaeza3 >> End >> 2020-10-12 00:31:45.177439

ydzv6vcr0ai >> Start >> 2020-10-12 00:35:29.098021

ydzv6vcr0ai >> Image Returned >> 2020-10-12 00:35:29.102088

ydzv6vcr0ai >> End >> 2020-10-12 00:35:29.281971

h2baty6m77r >> Start >> 2020-10-12 00:36:49.577677

h2baty6m77r >> Image Returned >> 2020-10-12 00:36:49.582570

h2baty6m77r >> End >> 2020-10-12 00:36:49.760998

kwoee58eih3 >> Start >> 2020-10-12 01:35:25.807018

kwoee58eih3 >> Image Returned >> 2020-10-12 01:35:25.811001

kwoee58eih3 >> End >> 2020-10-12 01:35:25.999928

napck3m3srz >> Start >> 2020-10-12 01:46:46.412000

napck3m3srz >> Image Returned >> 2020-10-12 01:46:46.415082

napck3m3srz >> End >> 2020-10-12 01:46:46.601052

ewet5ybd83x >> Start >> 2020-10-12 01:56:20.871532

ewet5ybd83x >> Image Returned >> 2020-10-12 01:56:20.874620

ewet5ybd83x >> End >> 2020-10-12 01:56:21.037061

obhdkghyd2p >> Start >> 2020-10-12 02:09:43.780145

obhdkghyd2p >> Image Returned >> 2020-10-12 02:09:43.783783

obhdkghyd2p >> End >> 2020-10-12 02:09:43.952426

vensy68qq0i >> Start >> 2020-10-12 02:09:59.767997

vensy68qq0i >> Image Returned >> 2020-10-12 02:09:59.770962

vensy68qq0i >> End >> 2020-10-12 02:09:59.944596

kjdifnpmtnt >> Start >> 2020-10-12 02:24:24.525438

kjdifnpmtnt >> Image Returned >> 2020-10-12 02:24:24.529064

kjdifnpmtnt >> End >> 2020-10-12 02:24:24.696609

2wnr2gqfyoh >> Start >> 2020-10-12 03:04:16.010797

2wnr2gqfyoh >> Image Returned >> 2020-10-12 03:04:16.016412

2wnr2gqfyoh >> End >> 2020-10-12 03:04:16.186822

oax3p7ph76c >> Start >> 2020-10-12 03:14:10.988730

oax3p7ph76c >> Image Returned >> 2020-10-12 03:14:10.991559

oax3p7ph76c >> End >> 2020-10-12 03:14:11.161789

fu68e2wxs60 >> Start >> 2020-10-12 03:25:20.720441

fu68e2wxs60 >> Image Returned >> 2020-10-12 03:25:20.723299

fu68e2wxs60 >> End >> 2020-10-12 03:25:20.902007

qw84hybxsvo >> Start >> 2020-10-12 03:47:54.456754

qw84hybxsvo >> Image Returned >> 2020-10-12 03:47:54.459922

qw84hybxsvo >> End >> 2020-10-12 03:47:54.634788

sxhygzqdqct >> Start >> 2020-10-12 04:09:31.993736

sxhygzqdqct >> Image Returned >> 2020-10-12 04:09:31.997325

sxhygzqdqct >> End >> 2020-10-12 04:09:32.159262

upi3gmwo6b7 >> Start >> 2020-10-12 04:09:56.221188

upi3gmwo6b7 >> Image Returned >> 2020-10-12 04:09:56.224107

upi3gmwo6b7 >> End >> 2020-10-12 04:09:56.347002

sgda35rjgfa >> Start >> 2020-10-12 04:32:34.413693

sgda35rjgfa >> Image Returned >> 2020-10-12 04:32:34.416822

sgda35rjgfa >> End >> 2020-10-12 04:32:34.581578

tu32drosqra >> Start >> 2020-10-12 05:06:36.836373

tu32drosqra >> Image Returned >> 2020-10-12 05:06:36.840810

tu32drosqra >> End >> 2020-10-12 05:06:37.022620

beysfvzoiia >> Start >> 2020-10-12 05:24:09.610336

beysfvzoiia >> Image Returned >> 2020-10-12 05:24:09.613260

beysfvzoiia >> End >> 2020-10-12 05:24:09.777848

bwx37mxs8gc >> Start >> 2020-10-12 05:26:44.829900

bwx37mxs8gc >> Image Returned >> 2020-10-12 05:26:44.832807

bwx37mxs8gc >> End >> 2020-10-12 05:26:45.024002

6ekge0qo35m >> Start >> 2020-10-12 05:46:13.523277

6ekge0qo35m >> Image Returned >> 2020-10-12 05:46:13.526375

6ekge0qo35m >> End >> 2020-10-12 05:46:13.709901

0xixx8x7qn7 >> Start >> 2020-10-12 05:57:13.259507

0xixx8x7qn7 >> Image Returned >> 2020-10-12 05:57:13.264883

0xixx8x7qn7 >> End >> 2020-10-12 05:57:13.431768

jkm3ee5cz3n >> Start >> 2020-10-12 05:59:33.474632

jkm3ee5cz3n >> Image Returned >> 2020-10-12 05:59:33.478842

jkm3ee5cz3n >> End >> 2020-10-12 05:59:33.651211

3uneryqzaxi >> Start >> 2020-10-12 06:02:35.723478

3uneryqzaxi >> Image Returned >> 2020-10-12 06:02:35.726958

3uneryqzaxi >> End >> 2020-10-12 06:02:35.911051

8jhj5sibrs7 >> Start >> 2020-10-12 06:02:43.750406

8jhj5sibrs7 >> Image Returned >> 2020-10-12 06:02:43.750690

8jhj5sibrs7 >> End >> 2020-10-12 06:02:43.922501

dtog3a2dxvn >> Start >> 2020-10-12 06:08:31.741127

dtog3a2dxvn >> Image Returned >> 2020-10-12 06:08:31.745255

dtog3a2dxvn >> End >> 2020-10-12 06:08:31.938910

dwo6uaytste >> Start >> 2020-10-12 06:09:03.076920

dwo6uaytste >> Image Returned >> 2020-10-12 06:09:03.079802

dwo6uaytste >> End >> 2020-10-12 06:09:03.263699

f7sw52f4nks >> Start >> 2020-10-12 06:09:20.580405

f7sw52f4nks >> Image Returned >> 2020-10-12 06:09:20.584532

f7sw52f4nks >> End >> 2020-10-12 06:09:20.765135

nh3srircdoj >> Start >> 2020-10-12 06:11:57.866008

nh3srircdoj >> Image Returned >> 2020-10-12 06:11:57.868985

nh3srircdoj >> End >> 2020-10-12 06:11:58.059384

fk4jkuwsiy4 >> Start >> 2020-10-12 06:22:28.254148

fk4jkuwsiy4 >> Image Returned >> 2020-10-12 06:22:28.257903

fk4jkuwsiy4 >> End >> 2020-10-12 06:22:28.426897

ax8cssbxkbj >> Start >> 2020-10-12 06:22:32.266804

ax8cssbxkbj >> Image Returned >> 2020-10-12 06:22:32.267139

ax8cssbxkbj >> End >> 2020-10-12 06:22:32.434259

pws566ujp82 >> Start >> 2020-10-12 06:26:01.060759

pws566ujp82 >> Image Returned >> 2020-10-12 06:26:01.064563

pws566ujp82 >> End >> 2020-10-12 06:26:01.234539

zqk7pitsmuq >> Start >> 2020-10-12 06:26:12.931791

zqk7pitsmuq >> Image Returned >> 2020-10-12 06:26:12.934750

zqk7pitsmuq >> End >> 2020-10-12 06:26:13.105729

p33yo8g4uwv >> Start >> 2020-10-12 06:33:39.508447

p33yo8g4uwv >> Image Returned >> 2020-10-12 06:33:39.511743

p33yo8g4uwv >> End >> 2020-10-12 06:33:39.696943

im8rpcvzvi2 >> Start >> 2020-10-12 06:44:05.917476

im8rpcvzvi2 >> Image Returned >> 2020-10-12 06:44:05.920578

im8rpcvzvi2 >> End >> 2020-10-12 06:44:06.107980

py3rgpb4087 >> Start >> 2020-10-12 06:54:10.667778

py3rgpb4087 >> Image Returned >> 2020-10-12 06:54:10.671164

py3rgpb4087 >> End >> 2020-10-12 06:54:10.838810

0bhxvrqkg40 >> Start >> 2020-10-12 06:54:42.873336

0bhxvrqkg40 >> Image Returned >> 2020-10-12 06:54:42.876660

0bhxvrqkg40 >> End >> 2020-10-12 06:54:43.052459

uoqkpz5jiw8 >> Start >> 2020-10-12 06:59:46.108176

uoqkpz5jiw8 >> Image Returned >> 2020-10-12 06:59:46.111566

uoqkpz5jiw8 >> End >> 2020-10-12 06:59:46.278419

zucp4rzyxgj >> Start >> 2020-10-12 06:59:58.958134

zucp4rzyxgj >> Image Returned >> 2020-10-12 06:59:58.961047

zucp4rzyxgj >> End >> 2020-10-12 06:59:59.129849

gomsv5xavpu >> Start >> 2020-10-12 07:00:54.109682

gomsv5xavpu >> Image Returned >> 2020-10-12 07:00:54.112813

gomsv5xavpu >> End >> 2020-10-12 07:00:54.280961

m7ic6y3mhmq >> Start >> 2020-10-12 07:07:25.042913

m7ic6y3mhmq >> Image Returned >> 2020-10-12 07:07:25.045845

m7ic6y3mhmq >> End >> 2020-10-12 07:07:25.227047

487hmx3omhy >> Start >> 2020-10-12 07:14:28.718214

487hmx3omhy >> Image Returned >> 2020-10-12 07:14:28.721647

487hmx3omhy >> End >> 2020-10-12 07:14:28.893724

w4spct5pfac >> Start >> 2020-10-12 07:26:20.610841

w4spct5pfac >> Image Returned >> 2020-10-12 07:26:20.614442

w4spct5pfac >> End >> 2020-10-12 07:26:20.784413

5wxfpabt6ut >> Start >> 2020-10-12 07:26:27.104120

5wxfpabt6ut >> Image Returned >> 2020-10-12 07:26:27.104408

5wxfpabt6ut >> End >> 2020-10-12 07:26:27.268749

m42uroaejh5 >> Start >> 2020-10-12 07:27:16.508436

m42uroaejh5 >> Image Returned >> 2020-10-12 07:27:16.511356

m42uroaejh5 >> End >> 2020-10-12 07:27:16.679928

hezvmmzrpig >> Start >> 2020-10-12 07:42:15.958178

hezvmmzrpig >> Image Returned >> 2020-10-12 07:42:15.963166

hezvmmzrpig >> End >> 2020-10-12 07:42:16.129316

mxay6qvwhxp >> Start >> 2020-10-12 07:43:04.356693

mxay6qvwhxp >> Image Returned >> 2020-10-12 07:43:04.360008

mxay6qvwhxp >> End >> 2020-10-12 07:43:04.481304

jfhmjz0ib72 >> Start >> 2020-10-12 07:56:02.220392

jfhmjz0ib72 >> Image Returned >> 2020-10-12 07:56:02.220916

jfhmjz0ib72 >> End >> 2020-10-12 07:56:02.442433

v5fccm2tz7v >> Start >> 2020-10-12 07:59:38.553816

v5fccm2tz7v >> Image Returned >> 2020-10-12 07:59:38.558343

v5fccm2tz7v >> End >> 2020-10-12 07:59:38.729666

7h2bnm0vv85 >> Start >> 2020-10-12 08:02:18.997528

7h2bnm0vv85 >> Image Returned >> 2020-10-12 08:02:19.001084

7h2bnm0vv85 >> End >> 2020-10-12 08:02:19.127506

af0nz2yzrk6 >> Start >> 2020-10-12 08:06:49.282628

af0nz2yzrk6 >> Image Returned >> 2020-10-12 08:06:49.286199

af0nz2yzrk6 >> End >> 2020-10-12 08:06:49.474813

gnbq35hziph >> Start >> 2020-10-12 08:08:40.159549

gnbq35hziph >> Image Returned >> 2020-10-12 08:08:40.163574

gnbq35hziph >> End >> 2020-10-12 08:08:40.336955

uk2p0xn5mg3 >> Start >> 2020-10-12 08:09:49.818566

uk2p0xn5mg3 >> Image Returned >> 2020-10-12 08:09:49.822215

uk2p0xn5mg3 >> End >> 2020-10-12 08:09:49.987984

cz3qghz6yk0 >> Start >> 2020-10-12 08:12:42.466317

cz3qghz6yk0 >> Image Returned >> 2020-10-12 08:12:42.469357

cz3qghz6yk0 >> End >> 2020-10-12 08:12:42.631829

2m0s3t4vtor >> Start >> 2020-10-12 08:19:21.513915

2m0s3t4vtor >> Image Returned >> 2020-10-12 08:19:21.516947

2m0s3t4vtor >> End >> 2020-10-12 08:19:21.682539

ttb7d6b3fqe >> Start >> 2020-10-12 08:21:59.960066

ttb7d6b3fqe >> Image Returned >> 2020-10-12 08:21:59.963561

ttb7d6b3fqe >> End >> 2020-10-12 08:22:00.139985

u8wjgu40bnk >> Start >> 2020-10-12 08:26:31.991663

u8wjgu40bnk >> Image Returned >> 2020-10-12 08:26:31.996084

u8wjgu40bnk >> End >> 2020-10-12 08:26:32.157505

vuc4yd8nc4a >> Start >> 2020-10-12 08:29:56.722254

vuc4yd8nc4a >> Image Returned >> 2020-10-12 08:29:56.725769

vuc4yd8nc4a >> End >> 2020-10-12 08:29:56.890182

6s0koqoi3kp >> Start >> 2020-10-12 08:31:56.819935

6s0koqoi3kp >> Image Returned >> 2020-10-12 08:31:56.823342

6s0koqoi3kp >> End >> 2020-10-12 08:31:56.995362

3a2xj46f6mt >> Start >> 2020-10-12 08:33:47.346271

3a2xj46f6mt >> Image Returned >> 2020-10-12 08:33:47.349706

3a2xj46f6mt >> End >> 2020-10-12 08:33:47.518381

vqptj2wev6n >> Start >> 2020-10-12 08:35:45.777106

vqptj2wev6n >> Image Returned >> 2020-10-12 08:35:45.780747

vqptj2wev6n >> End >> 2020-10-12 08:35:45.942713

6xxsvas5qoe >> Start >> 2020-10-12 08:35:52.799691

6xxsvas5qoe >> Image Returned >> 2020-10-12 08:35:52.800003

6xxsvas5qoe >> End >> 2020-10-12 08:35:52.961014

4dvztg2mmji >> Start >> 2020-10-12 08:36:34.694711

4dvztg2mmji >> Image Returned >> 2020-10-12 08:36:34.698052

4dvztg2mmji >> End >> 2020-10-12 08:36:34.826793

owzrwhnif6n >> Start >> 2020-10-12 08:37:29.415069

owzrwhnif6n >> Image Returned >> 2020-10-12 08:37:29.418019

owzrwhnif6n >> End >> 2020-10-12 08:37:29.602829

27c7jxnshyu >> Start >> 2020-10-12 08:45:00.751317

27c7jxnshyu >> Image Returned >> 2020-10-12 08:45:00.754623

27c7jxnshyu >> End >> 2020-10-12 08:45:00.932132

5a820pjcmpd >> Start >> 2020-10-12 08:45:43.318037

5a820pjcmpd >> Image Returned >> 2020-10-12 08:45:43.321508

5a820pjcmpd >> End >> 2020-10-12 08:45:43.495347

8c0gypihfk0 >> Start >> 2020-10-12 08:47:45.490906

8c0gypihfk0 >> Image Returned >> 2020-10-12 08:47:45.494491

8c0gypihfk0 >> End >> 2020-10-12 08:47:45.668224

uetwiag6y4p >> Start >> 2020-10-12 08:48:20.678976

uetwiag6y4p >> Image Returned >> 2020-10-12 08:48:20.681967

uetwiag6y4p >> End >> 2020-10-12 08:48:20.861273

4efukghaetz >> Start >> 2020-10-12 08:49:03.254425

4efukghaetz >> Image Returned >> 2020-10-12 08:49:03.258069

4efukghaetz >> End >> 2020-10-12 08:49:03.463236

8xncfggvq85 >> Start >> 2020-10-12 08:49:19.250474

8xncfggvq85 >> Image Returned >> 2020-10-12 08:49:19.253446

8xncfggvq85 >> End >> 2020-10-12 08:49:19.431247

cbbdt7sapd5 >> Start >> 2020-10-12 08:49:35.814469

cbbdt7sapd5 >> Image Returned >> 2020-10-12 08:49:35.818048

cbbdt7sapd5 >> End >> 2020-10-12 08:49:35.978111

rhhihjdgixm >> Start >> 2020-10-12 08:49:46.497117

rhhihjdgixm >> Image Returned >> 2020-10-12 08:49:46.497410

rhhihjdgixm >> End >> 2020-10-12 08:49:46.686511

udrxehg7mn6 >> Start >> 2020-10-12 08:54:12.675643

udrxehg7mn6 >> Image Returned >> 2020-10-12 08:54:12.679697

udrxehg7mn6 >> End >> 2020-10-12 08:54:12.845957

ayzsxtqefuf >> Start >> 2020-10-12 08:57:41.252265

ayzsxtqefuf >> Image Returned >> 2020-10-12 08:57:41.256751

ayzsxtqefuf >> End >> 2020-10-12 08:57:41.428992

cg3kdcgi06i >> Start >> 2020-10-12 08:58:36.235229

cg3kdcgi06i >> Image Returned >> 2020-10-12 08:58:36.238679

cg3kdcgi06i >> End >> 2020-10-12 08:58:36.413832

qxocv3280or >> Start >> 2020-10-12 08:59:35.383397

qxocv3280or >> Image Returned >> 2020-10-12 08:59:35.386811

qxocv3280or >> End >> 2020-10-12 08:59:35.591098

mnjafpy2saz >> Start >> 2020-10-12 09:01:31.685076

mnjafpy2saz >> Image Returned >> 2020-10-12 09:01:31.688071

mnjafpy2saz >> End >> 2020-10-12 09:01:31.916842

qioscfmtrpp >> Start >> 2020-10-12 09:01:38.670718

qioscfmtrpp >> Image Returned >> 2020-10-12 09:01:38.671029

qioscfmtrpp >> End >> 2020-10-12 09:01:38.909038

u7qo82rpxns >> Start >> 2020-10-12 09:02:17.229171

u7qo82rpxns >> Image Returned >> 2020-10-12 09:02:17.232430

u7qo82rpxns >> End >> 2020-10-12 09:02:17.454791

mpzhjhh8pvn >> Start >> 2020-10-12 09:05:33.827637

mpzhjhh8pvn >> Image Returned >> 2020-10-12 09:05:33.831842

mpzhjhh8pvn >> End >> 2020-10-12 09:05:34.011385

6hopogitx78 >> Start >> 2020-10-12 09:06:46.590747

6hopogitx78 >> Image Returned >> 2020-10-12 09:06:46.595658

6hopogitx78 >> End >> 2020-10-12 09:06:46.800102

5hszwfepric >> Start >> 2020-10-12 09:10:53.241640

5hszwfepric >> Image Returned >> 2020-10-12 09:10:53.246510

5hszwfepric >> End >> 2020-10-12 09:10:53.419794

utu3dtaxsse >> Start >> 2020-10-12 09:11:23.704363

utu3dtaxsse >> Image Returned >> 2020-10-12 09:11:23.707458

utu3dtaxsse >> End >> 2020-10-12 09:11:23.911751

2gz6z0nxs4q >> Start >> 2020-10-12 09:11:45.963968

2gz6z0nxs4q >> Image Returned >> 2020-10-12 09:11:45.967384

2gz6z0nxs4q >> End >> 2020-10-12 09:11:46.145067

p6kt38pacm4 >> Start >> 2020-10-12 09:15:43.375231

p6kt38pacm4 >> Image Returned >> 2020-10-12 09:15:43.379540

p6kt38pacm4 >> End >> 2020-10-12 09:15:43.542957

e8g7svvv55h >> Start >> 2020-10-12 09:16:33.389547

e8g7svvv55h >> Image Returned >> 2020-10-12 09:16:33.392708

e8g7svvv55h >> End >> 2020-10-12 09:16:33.592363

k4ptmpaz7pt >> Start >> 2020-10-12 09:16:44.814273

k4ptmpaz7pt >> Image Returned >> 2020-10-12 09:16:44.814605

k4ptmpaz7pt >> End >> 2020-10-12 09:16:44.986603

wfuixkiw0p6 >> Start >> 2020-10-12 09:17:51.410099

wfuixkiw0p6 >> Image Returned >> 2020-10-12 09:17:51.414041

wfuixkiw0p6 >> End >> 2020-10-12 09:17:51.581986

gpsdcub66ob >> Start >> 2020-10-12 09:21:31.752479

gpsdcub66ob >> Image Returned >> 2020-10-12 09:21:31.755503

gpsdcub66ob >> End >> 2020-10-12 09:21:31.945123

tk4s5vzisbk >> Start >> 2020-10-12 09:21:53.313524

tk4s5vzisbk >> Image Returned >> 2020-10-12 09:21:53.318769

tk4s5vzisbk >> End >> 2020-10-12 09:21:53.498370

ygkpsdeirsw >> Start >> 2020-10-12 09:25:02.342206

ygkpsdeirsw >> Image Returned >> 2020-10-12 09:25:02.345159

ygkpsdeirsw >> End >> 2020-10-12 09:25:02.534806

toysrbeyxxi >> Start >> 2020-10-12 09:25:10.784725

toysrbeyxxi >> Image Returned >> 2020-10-12 09:25:10.785037

toysrbeyxxi >> End >> 2020-10-12 09:25:10.965425

nftr3xqb0jp >> Start >> 2020-10-12 09:27:46.643073

nftr3xqb0jp >> Image Returned >> 2020-10-12 09:27:46.646820

nftr3xqb0jp >> End >> 2020-10-12 09:27:46.827725

nqhbqvo0u6d >> Start >> 2020-10-12 09:28:01.240019

nqhbqvo0u6d >> Image Returned >> 2020-10-12 09:28:01.243002

nqhbqvo0u6d >> End >> 2020-10-12 09:28:01.411566

bcsdwtofyjq >> Start >> 2020-10-12 09:30:07.848680

bcsdwtofyjq >> Image Returned >> 2020-10-12 09:30:07.852179

bcsdwtofyjq >> End >> 2020-10-12 09:30:08.047334

38qejv2sib6 >> Start >> 2020-10-12 09:31:18.189712

38qejv2sib6 >> Image Returned >> 2020-10-12 09:31:18.192683

38qejv2sib6 >> End >> 2020-10-12 09:31:18.373110

ror800a0t70 >> Start >> 2020-10-12 09:36:35.665710

ror800a0t70 >> Image Returned >> 2020-10-12 09:36:35.669648

ror800a0t70 >> End >> 2020-10-12 09:36:35.850065

xop3v7qa4v5 >> Start >> 2020-10-12 09:39:00.869168

xop3v7qa4v5 >> Image Returned >> 2020-10-12 09:39:00.875252

xop3v7qa4v5 >> End >> 2020-10-12 09:39:01.074809

fgy7hx2dq04 >> Start >> 2020-10-12 09:42:31.897711

fgy7hx2dq04 >> Image Returned >> 2020-10-12 09:42:31.900976

fgy7hx2dq04 >> End >> 2020-10-12 09:42:32.065990

26qiuiwf5qb >> Start >> 2020-10-12 09:44:23.091283

26qiuiwf5qb >> Image Returned >> 2020-10-12 09:44:23.094996

26qiuiwf5qb >> End >> 2020-10-12 09:44:23.294095

082e6yinnsj >> Start >> 2020-10-12 09:44:24.580661

082e6yinnsj >> Image Returned >> 2020-10-12 09:44:24.580969

082e6yinnsj >> End >> 2020-10-12 09:44:24.777045

74tqx2d5cta >> Start >> 2020-10-12 09:46:10.274935

74tqx2d5cta >> Image Returned >> 2020-10-12 09:46:10.278096

74tqx2d5cta >> End >> 2020-10-12 09:46:10.455116

5bndouec7nd >> Start >> 2020-10-12 09:50:39.297168

5bndouec7nd >> Image Returned >> 2020-10-12 09:50:39.302661

5bndouec7nd >> End >> 2020-10-12 09:50:39.431494

nvrnp2s802y >> Start >> 2020-10-12 09:51:22.959671

nvrnp2s802y >> Image Returned >> 2020-10-12 09:51:22.962713

nvrnp2s802y >> End >> 2020-10-12 09:51:23.144002

osv74ti56i5 >> Start >> 2020-10-12 09:52:25.849412

osv74ti56i5 >> Image Returned >> 2020-10-12 09:52:25.852817

osv74ti56i5 >> End >> 2020-10-12 09:52:26.024342

2smr06d0jfc >> Start >> 2020-10-12 09:53:24.327281

2smr06d0jfc >> Image Returned >> 2020-10-12 09:53:24.330732

2smr06d0jfc >> End >> 2020-10-12 09:53:24.515494

8wjwyx5bx5r >> Start >> 2020-10-12 09:56:53.630593

8wjwyx5bx5r >> Image Returned >> 2020-10-12 09:56:53.634263

8wjwyx5bx5r >> End >> 2020-10-12 09:56:53.803524

vcdook4nuj8 >> Start >> 2020-10-12 10:00:53.343352

vcdook4nuj8 >> Image Returned >> 2020-10-12 10:00:53.346807

vcdook4nuj8 >> End >> 2020-10-12 10:00:53.519346

q6d5wfdznou >> Start >> 2020-10-12 10:01:30.139064

q6d5wfdznou >> Image Returned >> 2020-10-12 10:01:30.142090

q6d5wfdznou >> End >> 2020-10-12 10:01:30.343611

mjeaj0avg7s >> Start >> 2020-10-12 10:04:34.654000

mjeaj0avg7s >> Image Returned >> 2020-10-12 10:04:34.658745

mjeaj0avg7s >> End >> 2020-10-12 10:04:34.867232

fggeg4gr5eo >> Start >> 2020-10-12 10:05:31.097944

fggeg4gr5eo >> Image Returned >> 2020-10-12 10:05:31.101844

fggeg4gr5eo >> End >> 2020-10-12 10:05:31.298243

2jqv2djpow7 >> Start >> 2020-10-12 10:06:34.620548

2jqv2djpow7 >> Image Returned >> 2020-10-12 10:06:34.623718

2jqv2djpow7 >> End >> 2020-10-12 10:06:34.800977

43nnvhu82ha >> Start >> 2020-10-12 10:08:35.687618

43nnvhu82ha >> Image Returned >> 2020-10-12 10:08:35.693218

43nnvhu82ha >> End >> 2020-10-12 10:08:35.856762

zwhi805emii >> Start >> 2020-10-12 10:09:24.130739

zwhi805emii >> Image Returned >> 2020-10-12 10:09:24.133847

zwhi805emii >> End >> 2020-10-12 10:09:24.316694

tngj04pzs6y >> Start >> 2020-10-12 10:10:42.645294

tngj04pzs6y >> Image Returned >> 2020-10-12 10:10:42.648655

tngj04pzs6y >> End >> 2020-10-12 10:10:42.853435

j8u6j6qwmz5 >> Start >> 2020-10-12 10:13:42.047059

j8u6j6qwmz5 >> Image Returned >> 2020-10-12 10:13:42.050589

j8u6j6qwmz5 >> End >> 2020-10-12 10:13:42.235800

70m5wv20ikj >> Start >> 2020-10-12 10:14:50.879749

70m5wv20ikj >> Image Returned >> 2020-10-12 10:14:50.883011

70m5wv20ikj >> End >> 2020-10-12 10:14:51.068644

c58szt3d886 >> Start >> 2020-10-12 10:19:48.803519

c58szt3d886 >> Image Returned >> 2020-10-12 10:19:48.807046

c58szt3d886 >> End >> 2020-10-12 10:19:48.979166

f4p2uboh3eb >> Start >> 2020-10-12 10:25:43.567472

f4p2uboh3eb >> Image Returned >> 2020-10-12 10:25:43.572685

f4p2uboh3eb >> End >> 2020-10-12 10:25:43.803026

sazzazyotaj >> Start >> 2020-10-12 10:27:24.250632

sazzazyotaj >> Image Returned >> 2020-10-12 10:27:24.253954

sazzazyotaj >> End >> 2020-10-12 10:27:24.422250

3zkyfav284f >> Start >> 2020-10-12 10:29:47.845768

3zkyfav284f >> Image Returned >> 2020-10-12 10:29:47.849298

3zkyfav284f >> End >> 2020-10-12 10:29:48.020319

mnr4yfrkvh0 >> Start >> 2020-10-12 10:30:08.564946

mnr4yfrkvh0 >> Image Returned >> 2020-10-12 10:30:08.568171

mnr4yfrkvh0 >> End >> 2020-10-12 10:30:08.736615

8tjb2zrtvtx >> Start >> 2020-10-12 10:32:46.567672

8tjb2zrtvtx >> Image Returned >> 2020-10-12 10:32:46.571161

8tjb2zrtvtx >> End >> 2020-10-12 10:32:46.736136

s7gcpa5gxcy >> Start >> 2020-10-12 10:33:33.030432

s7gcpa5gxcy >> Image Returned >> 2020-10-12 10:33:33.033607

s7gcpa5gxcy >> End >> 2020-10-12 10:33:33.227653

jbfoyyd3tmx >> Start >> 2020-10-12 10:35:17.882965

jbfoyyd3tmx >> Image Returned >> 2020-10-12 10:35:17.886074

jbfoyyd3tmx >> End >> 2020-10-12 10:35:18.085506

2za7wog7yzq >> Start >> 2020-10-12 10:35:36.766371

2za7wog7yzq >> Image Returned >> 2020-10-12 10:35:36.769340

2za7wog7yzq >> End >> 2020-10-12 10:35:36.989305

ujmgwb47ovz >> Start >> 2020-10-12 10:36:37.465756

ujmgwb47ovz >> Image Returned >> 2020-10-12 10:36:37.469407

ujmgwb47ovz >> End >> 2020-10-12 10:36:37.646388

pojpiris5zy >> Start >> 2020-10-12 10:37:07.552099

pojpiris5zy >> Image Returned >> 2020-10-12 10:37:07.556076

pojpiris5zy >> End >> 2020-10-12 10:37:07.727298

c8t7c2k7cri >> Start >> 2020-10-12 10:38:15.515396

c8t7c2k7cri >> Image Returned >> 2020-10-12 10:38:15.518500

c8t7c2k7cri >> End >> 2020-10-12 10:38:15.645224

yhp0c7wnwk6 >> Start >> 2020-10-12 10:38:55.629666

yhp0c7wnwk6 >> Image Returned >> 2020-10-12 10:38:55.633984

yhp0c7wnwk6 >> End >> 2020-10-12 10:38:55.871269

3ymw4fkuyt7 >> Start >> 2020-10-12 10:57:20.700560

3ymw4fkuyt7 >> Image Returned >> 2020-10-12 10:57:20.703970

3ymw4fkuyt7 >> End >> 2020-10-12 10:57:20.937267

kw2hdb4uu0r >> Start >> 2020-10-12 11:02:50.802763

kw2hdb4uu0r >> Image Returned >> 2020-10-12 11:02:50.806724

kw2hdb4uu0r >> End >> 2020-10-12 11:02:51.004466

o3tk3y7ronb >> Start >> 2020-10-12 11:07:53.940895

o3tk3y7ronb >> Image Returned >> 2020-10-12 11:07:53.945260

o3tk3y7ronb >> End >> 2020-10-12 11:07:54.125098

z08rs7mrjsc >> Start >> 2020-10-12 11:11:11.775252

z08rs7mrjsc >> Image Returned >> 2020-10-12 11:11:11.779592

z08rs7mrjsc >> End >> 2020-10-12 11:11:11.954968

6d6s7xd4z22 >> Start >> 2020-10-12 11:11:34.058135

6d6s7xd4z22 >> Image Returned >> 2020-10-12 11:11:34.061147

6d6s7xd4z22 >> End >> 2020-10-12 11:11:34.224129

dtmrzyi3v0f >> Start >> 2020-10-12 11:20:27.361814

dtmrzyi3v0f >> Image Returned >> 2020-10-12 11:20:27.364964

dtmrzyi3v0f >> End >> 2020-10-12 11:20:27.537592

6d25gpe2qnw >> Start >> 2020-10-12 11:27:43.490423

6d25gpe2qnw >> Image Returned >> 2020-10-12 11:27:43.494766

6d25gpe2qnw >> End >> 2020-10-12 11:27:43.670998

mtn08ei55rn >> Start >> 2020-10-12 11:28:59.581327

mtn08ei55rn >> Image Returned >> 2020-10-12 11:28:59.585398

mtn08ei55rn >> End >> 2020-10-12 11:28:59.756130

ie3szgf0ats >> Start >> 2020-10-12 11:30:13.966011

ie3szgf0ats >> Image Returned >> 2020-10-12 11:30:13.969798

ie3szgf0ats >> End >> 2020-10-12 11:30:14.134824

zpvgd6e0fxo >> Start >> 2020-10-12 11:30:28.746262

zpvgd6e0fxo >> Image Returned >> 2020-10-12 11:30:28.749485

zpvgd6e0fxo >> End >> 2020-10-12 11:30:28.965993

z8zxyihbqaa >> Start >> 2020-10-12 11:33:11.835762

z8zxyihbqaa >> Image Returned >> 2020-10-12 11:33:11.838947

z8zxyihbqaa >> End >> 2020-10-12 11:33:12.010940

5nfzp5ijbqh >> Start >> 2020-10-12 11:43:48.930330

5nfzp5ijbqh >> Image Returned >> 2020-10-12 11:43:48.934118

5nfzp5ijbqh >> End >> 2020-10-12 11:43:49.096549

ovo4x6qekdy >> Start >> 2020-10-12 11:44:01.812968

ovo4x6qekdy >> Image Returned >> 2020-10-12 11:44:01.815994

ovo4x6qekdy >> End >> 2020-10-12 11:44:01.996560

gfn08ijpare >> Start >> 2020-10-12 11:45:06.345599

gfn08ijpare >> Image Returned >> 2020-10-12 11:45:06.349416

gfn08ijpare >> End >> 2020-10-12 11:45:06.553529

cs3mybmxs6j >> Start >> 2020-10-12 11:45:28.989990

cs3mybmxs6j >> Image Returned >> 2020-10-12 11:45:28.993613

cs3mybmxs6j >> End >> 2020-10-12 11:45:29.176918

hvwdkyvb223 >> Start >> 2020-10-12 11:48:01.771728

hvwdkyvb223 >> Image Returned >> 2020-10-12 11:48:01.774931

hvwdkyvb223 >> End >> 2020-10-12 11:48:01.962450

w4v3iyzosm3 >> Start >> 2020-10-12 11:48:14.125952

w4v3iyzosm3 >> Image Returned >> 2020-10-12 11:48:14.129060

w4v3iyzosm3 >> End >> 2020-10-12 11:48:14.314359

mrpt2v6amvy >> Start >> 2020-10-12 11:48:51.196084

mrpt2v6amvy >> Image Returned >> 2020-10-12 11:48:51.199615

mrpt2v6amvy >> End >> 2020-10-12 11:48:51.372242

5afskdrz2zn >> Start >> 2020-10-12 11:49:13.427798

5afskdrz2zn >> Image Returned >> 2020-10-12 11:49:13.432461

5afskdrz2zn >> End >> 2020-10-12 11:49:13.597891

h0hcm84oxi5 >> Start >> 2020-10-12 11:52:59.840627

h0hcm84oxi5 >> Image Returned >> 2020-10-12 11:52:59.844091

h0hcm84oxi5 >> End >> 2020-10-12 11:53:00.010081

uhjybq2jkq4 >> Start >> 2020-10-12 11:53:29.259618

uhjybq2jkq4 >> Image Returned >> 2020-10-12 11:53:29.262727

uhjybq2jkq4 >> End >> 2020-10-12 11:53:29.424746

3jbjgn6j780 >> Start >> 2020-10-12 11:56:10.781351

3jbjgn6j780 >> Image Returned >> 2020-10-12 11:56:10.784854

3jbjgn6j780 >> End >> 2020-10-12 11:56:10.948082

xpactyfzu3v >> Start >> 2020-10-12 11:57:00.424665

xpactyfzu3v >> Image Returned >> 2020-10-12 11:57:00.428999

xpactyfzu3v >> End >> 2020-10-12 11:57:00.602196

g3smpxauoh4 >> Start >> 2020-10-12 11:59:39.477200

g3smpxauoh4 >> Image Returned >> 2020-10-12 11:59:39.480252

g3smpxauoh4 >> End >> 2020-10-12 11:59:39.649724

z80aqras57w >> Start >> 2020-10-12 12:03:34.004527

z80aqras57w >> Image Returned >> 2020-10-12 12:03:34.008002

z80aqras57w >> End >> 2020-10-12 12:03:34.169521

h6vs0tjja7z >> Start >> 2020-10-12 12:10:45.706223

h6vs0tjja7z >> Image Returned >> 2020-10-12 12:10:45.709548

h6vs0tjja7z >> End >> 2020-10-12 12:10:45.879059

cb64cwvx4p2 >> Start >> 2020-10-12 12:12:46.438828

cb64cwvx4p2 >> Image Returned >> 2020-10-12 12:12:46.442787

cb64cwvx4p2 >> End >> 2020-10-12 12:12:46.607985

ymio3aam23x >> Start >> 2020-10-12 12:13:15.519035

ymio3aam23x >> Image Returned >> 2020-10-12 12:13:15.522756

ymio3aam23x >> End >> 2020-10-12 12:13:15.691556

ozww0kvznkv >> Start >> 2020-10-12 12:14:30.203790

ozww0kvznkv >> Image Returned >> 2020-10-12 12:14:30.207179

ozww0kvznkv >> End >> 2020-10-12 12:14:30.378262

dzj8i6zx58g >> Start >> 2020-10-12 12:14:50.852250

dzj8i6zx58g >> Image Returned >> 2020-10-12 12:14:50.856158

dzj8i6zx58g >> End >> 2020-10-12 12:14:51.028377

kfixczo3kug >> Start >> 2020-10-12 12:17:12.063329

kfixczo3kug >> Image Returned >> 2020-10-12 12:17:12.068725

kfixczo3kug >> End >> 2020-10-12 12:17:12.241550

twyd3g8p8ig >> Start >> 2020-10-12 12:17:20.406424

twyd3g8p8ig >> Image Returned >> 2020-10-12 12:17:20.406708

twyd3g8p8ig >> End >> 2020-10-12 12:17:20.576045

r8nekrpmfm5 >> Start >> 2020-10-12 12:17:20.813771

r8nekrpmfm5 >> Image Returned >> 2020-10-12 12:17:20.814069

r8nekrpmfm5 >> End >> 2020-10-12 12:17:20.980801

xnk68ajmhof >> Start >> 2020-10-12 12:23:30.633502

xnk68ajmhof >> Image Returned >> 2020-10-12 12:23:30.636912

xnk68ajmhof >> End >> 2020-10-12 12:23:30.804989

sfyd4ggexkd >> Start >> 2020-10-12 12:25:51.879045

sfyd4ggexkd >> Image Returned >> 2020-10-12 12:25:51.882582

sfyd4ggexkd >> End >> 2020-10-12 12:25:52.044316

i6gdm06evm7 >> Start >> 2020-10-12 12:26:21.569295

i6gdm06evm7 >> Image Returned >> 2020-10-12 12:26:21.572499

i6gdm06evm7 >> End >> 2020-10-12 12:26:21.789975

g5xjetmhba5 >> Start >> 2020-10-12 12:27:04.233031

g5xjetmhba5 >> Image Returned >> 2020-10-12 12:27:04.236709

g5xjetmhba5 >> End >> 2020-10-12 12:27:04.417067

zpk2qeb8rw6 >> Start >> 2020-10-12 12:27:09.685616

zpk2qeb8rw6 >> Image Returned >> 2020-10-12 12:27:09.685947

zpk2qeb8rw6 >> End >> 2020-10-12 12:27:09.848732

h0prb864pht >> Start >> 2020-10-12 12:30:55.006114

h0prb864pht >> Image Returned >> 2020-10-12 12:30:55.009630

h0prb864pht >> End >> 2020-10-12 12:30:55.189754

dr7ygumc2sd >> Start >> 2020-10-12 12:32:34.656306

dr7ygumc2sd >> Image Returned >> 2020-10-12 12:32:34.660172

dr7ygumc2sd >> End >> 2020-10-12 12:32:34.829986

7vpxyrp2wkg >> Start >> 2020-10-12 12:36:54.524908

7vpxyrp2wkg >> Image Returned >> 2020-10-12 12:36:54.529289

7vpxyrp2wkg >> End >> 2020-10-12 12:36:54.692003

xaviao0etxn >> Start >> 2020-10-12 12:37:42.997859

xaviao0etxn >> Image Returned >> 2020-10-12 12:37:43.001645

xaviao0etxn >> End >> 2020-10-12 12:37:43.176987

m8mvf6o8bkq >> Start >> 2020-10-12 12:41:33.383443

m8mvf6o8bkq >> Image Returned >> 2020-10-12 12:41:33.386624

m8mvf6o8bkq >> End >> 2020-10-12 12:41:33.549345

jwav07qrdyq >> Start >> 2020-10-12 12:44:05.560517

jwav07qrdyq >> Image Returned >> 2020-10-12 12:44:05.565017

jwav07qrdyq >> End >> 2020-10-12 12:44:05.751768

74u4tbma805 >> Start >> 2020-10-12 12:44:09.176934

74u4tbma805 >> Image Returned >> 2020-10-12 12:44:09.177241

74u4tbma805 >> End >> 2020-10-12 12:44:09.354511

tqmp6rao4bq >> Start >> 2020-10-12 12:46:14.110085

tqmp6rao4bq >> Image Returned >> 2020-10-12 12:46:14.113529

tqmp6rao4bq >> End >> 2020-10-12 12:46:14.292912

faw7gzseb4d >> Start >> 2020-10-12 12:47:09.738679

faw7gzseb4d >> Image Returned >> 2020-10-12 12:47:09.742108

faw7gzseb4d >> End >> 2020-10-12 12:47:09.909403

hgnpdxui8cd >> Start >> 2020-10-12 12:52:05.151016

hgnpdxui8cd >> Image Returned >> 2020-10-12 12:52:05.155369

hgnpdxui8cd >> End >> 2020-10-12 12:52:05.318202

836ww7ys37b >> Start >> 2020-10-12 12:53:46.090250

836ww7ys37b >> Image Returned >> 2020-10-12 12:53:46.094082

836ww7ys37b >> End >> 2020-10-12 12:53:46.264489

7dp3eapdema >> Start >> 2020-10-12 12:55:06.563127

7dp3eapdema >> Image Returned >> 2020-10-12 12:55:06.566575

7dp3eapdema >> End >> 2020-10-12 12:55:06.762589

06bby7rmnwg >> Start >> 2020-10-12 12:57:02.686613

06bby7rmnwg >> Image Returned >> 2020-10-12 12:57:02.690835

06bby7rmnwg >> End >> 2020-10-12 12:57:02.877659

4fqpiqnir8w >> Start >> 2020-10-12 12:58:32.736722

4fqpiqnir8w >> Image Returned >> 2020-10-12 12:58:32.739789

4fqpiqnir8w >> End >> 2020-10-12 12:58:32.910125

d2n5s4jstho >> Start >> 2020-10-12 13:04:33.828258

d2n5s4jstho >> Image Returned >> 2020-10-12 13:04:33.833493

d2n5s4jstho >> End >> 2020-10-12 13:04:33.998439

sdft6kxspts >> Start >> 2020-10-12 13:07:44.044622

sdft6kxspts >> Image Returned >> 2020-10-12 13:07:44.049674

sdft6kxspts >> End >> 2020-10-12 13:07:44.232202

puupxa8kv4p >> Start >> 2020-10-12 13:07:50.951328

puupxa8kv4p >> Image Returned >> 2020-10-12 13:07:50.951630

puupxa8kv4p >> End >> 2020-10-12 13:07:51.117346

k6a67scvcp5 >> Start >> 2020-10-12 13:09:02.399729

k6a67scvcp5 >> Image Returned >> 2020-10-12 13:09:02.402932

k6a67scvcp5 >> End >> 2020-10-12 13:09:02.571074

22pdo7xwhwr >> Start >> 2020-10-12 13:09:26.032546

22pdo7xwhwr >> Image Returned >> 2020-10-12 13:09:26.035684

22pdo7xwhwr >> End >> 2020-10-12 13:09:26.207741

cw5r486geh8 >> Start >> 2020-10-12 13:11:31.861720

cw5r486geh8 >> Image Returned >> 2020-10-12 13:11:31.866302

cw5r486geh8 >> End >> 2020-10-12 13:11:32.027740

pif7udg06w3 >> Start >> 2020-10-12 13:12:09.554794

pif7udg06w3 >> Image Returned >> 2020-10-12 13:12:09.558526

pif7udg06w3 >> End >> 2020-10-12 13:12:09.687627

3qgmswfkx5a >> Start >> 2020-10-12 13:12:44.089198

3qgmswfkx5a >> Image Returned >> 2020-10-12 13:12:44.092773

3qgmswfkx5a >> End >> 2020-10-12 13:12:44.219366

7u24uh47052 >> Start >> 2020-10-12 13:13:02.435580

7u24uh47052 >> Image Returned >> 2020-10-12 13:13:02.438720

7u24uh47052 >> End >> 2020-10-12 13:13:02.612677

npxat5r0aoo >> Start >> 2020-10-12 13:17:44.769700

npxat5r0aoo >> Image Returned >> 2020-10-12 13:17:44.775521

npxat5r0aoo >> End >> 2020-10-12 13:17:44.957752

mpv4yew5ykf >> Start >> 2020-10-12 13:17:59.288465

mpv4yew5ykf >> Image Returned >> 2020-10-12 13:17:59.291661

mpv4yew5ykf >> End >> 2020-10-12 13:17:59.456779

608ao0qwkru >> Start >> 2020-10-12 13:19:43.840019

608ao0qwkru >> Image Returned >> 2020-10-12 13:19:43.843116

608ao0qwkru >> End >> 2020-10-12 13:19:44.019479

ed6pnhge4nd >> Start >> 2020-10-12 13:20:37.280575

ed6pnhge4nd >> Image Returned >> 2020-10-12 13:20:37.284665

ed6pnhge4nd >> End >> 2020-10-12 13:20:37.454144

sa36niwdivm >> Start >> 2020-10-12 13:27:48.192204

sa36niwdivm >> Image Returned >> 2020-10-12 13:27:48.196089

sa36niwdivm >> End >> 2020-10-12 13:27:48.394639

fsz4qfzbkeb >> Start >> 2020-10-12 13:28:08.245975

fsz4qfzbkeb >> Image Returned >> 2020-10-12 13:28:08.249408

fsz4qfzbkeb >> End >> 2020-10-12 13:28:08.427495

8tdcfezjwmq >> Start >> 2020-10-12 13:28:41.638530

8tdcfezjwmq >> Image Returned >> 2020-10-12 13:28:41.641858

8tdcfezjwmq >> End >> 2020-10-12 13:28:41.817390

k4wnbncbfan >> Start >> 2020-10-12 13:31:59.944422

k4wnbncbfan >> Image Returned >> 2020-10-12 13:31:59.948098

k4wnbncbfan >> End >> 2020-10-12 13:32:00.111962

40jub4rs26a >> Start >> 2020-10-12 13:33:46.149919

40jub4rs26a >> Image Returned >> 2020-10-12 13:33:46.154979

40jub4rs26a >> End >> 2020-10-12 13:33:46.320379

v3gn3aqvhqu >> Start >> 2020-10-12 13:37:51.710308

v3gn3aqvhqu >> Image Returned >> 2020-10-12 13:37:51.714555

v3gn3aqvhqu >> End >> 2020-10-12 13:37:51.842529

hvwjrcko0hg >> Start >> 2020-10-12 13:40:16.211179

hvwjrcko0hg >> Image Returned >> 2020-10-12 13:40:16.215017

hvwjrcko0hg >> End >> 2020-10-12 13:40:16.385138

rmx6n275n6f >> Start >> 2020-10-12 13:40:27.651774

rmx6n275n6f >> Image Returned >> 2020-10-12 13:40:27.655349

rmx6n275n6f >> End >> 2020-10-12 13:40:27.818115

4g4zwwdwjyc >> Start >> 2020-10-12 13:45:43.076714

4g4zwwdwjyc >> Image Returned >> 2020-10-12 13:45:43.081388

4g4zwwdwjyc >> End >> 2020-10-12 13:45:43.298198

0fd8kamwrdz >> Start >> 2020-10-12 13:48:08.507498

0fd8kamwrdz >> Image Returned >> 2020-10-12 13:48:08.511326

0fd8kamwrdz >> End >> 2020-10-12 13:48:08.676584

p3sayc6u4zs >> Start >> 2020-10-12 13:52:49.601331

p3sayc6u4zs >> Image Returned >> 2020-10-12 13:52:49.605187

p3sayc6u4zs >> End >> 2020-10-12 13:52:49.775902

5jhgy6kge40 >> Start >> 2020-10-12 13:53:05.256303

5jhgy6kge40 >> Image Returned >> 2020-10-12 13:53:05.259473

5jhgy6kge40 >> End >> 2020-10-12 13:53:05.423923

f7m3brd4ma2 >> Start >> 2020-10-12 13:53:34.347894

f7m3brd4ma2 >> Image Returned >> 2020-10-12 13:53:34.351104

f7m3brd4ma2 >> End >> 2020-10-12 13:53:34.521214

sc47ijwoy2v >> Start >> 2020-10-12 13:56:20.259808

sc47ijwoy2v >> Image Returned >> 2020-10-12 13:56:20.264498

sc47ijwoy2v >> End >> 2020-10-12 13:56:20.474778

jhx4zpuujbg >> Start >> 2020-10-12 14:12:08.959132

jhx4zpuujbg >> Image Returned >> 2020-10-12 14:12:08.962182

jhx4zpuujbg >> End >> 2020-10-12 14:12:09.128233

vw0jj224nca >> Start >> 2020-10-12 14:12:37.420950

vw0jj224nca >> Image Returned >> 2020-10-12 14:12:37.424109

vw0jj224nca >> End >> 2020-10-12 14:12:37.591193

h7yf52do3qo >> Start >> 2020-10-12 14:12:50.560692

h7yf52do3qo >> Image Returned >> 2020-10-12 14:12:50.564131

h7yf52do3qo >> End >> 2020-10-12 14:12:50.739455

7xgz6xsvotr >> Start >> 2020-10-12 14:13:49.435404

7xgz6xsvotr >> Image Returned >> 2020-10-12 14:13:49.439851

7xgz6xsvotr >> End >> 2020-10-12 14:13:49.619740

x7tng4qfbuh >> Start >> 2020-10-12 14:19:23.337953

x7tng4qfbuh >> Image Returned >> 2020-10-12 14:19:23.341156

x7tng4qfbuh >> End >> 2020-10-12 14:19:23.510677

jyr46bytmod >> Start >> 2020-10-12 14:20:24.538572

jyr46bytmod >> Image Returned >> 2020-10-12 14:20:24.541672

jyr46bytmod >> End >> 2020-10-12 14:20:24.667979

5j6ofc7thb2 >> Start >> 2020-10-12 14:20:50.570596

5j6ofc7thb2 >> Image Returned >> 2020-10-12 14:20:50.574384

5j6ofc7thb2 >> End >> 2020-10-12 14:20:50.742201

2xgd62oopek >> Start >> 2020-10-12 14:27:26.930517

2xgd62oopek >> Image Returned >> 2020-10-12 14:27:26.934833

2xgd62oopek >> End >> 2020-10-12 14:27:27.106292

6c42vgo85qr >> Start >> 2020-10-12 14:32:14.175868

6c42vgo85qr >> Image Returned >> 2020-10-12 14:32:14.179126

6c42vgo85qr >> End >> 2020-10-12 14:32:14.343962

0hn5d6docgv >> Start >> 2020-10-12 14:33:07.436991

0hn5d6docgv >> Image Returned >> 2020-10-12 14:33:07.441694

0hn5d6docgv >> End >> 2020-10-12 14:33:07.614782

7mixf4wh32x >> Start >> 2020-10-12 14:37:31.403142

7mixf4wh32x >> Image Returned >> 2020-10-12 14:37:31.407780

7mixf4wh32x >> End >> 2020-10-12 14:37:31.582165

fzku4jourrs >> Start >> 2020-10-12 14:37:45.234538

fzku4jourrs >> Image Returned >> 2020-10-12 14:37:45.237720

fzku4jourrs >> End >> 2020-10-12 14:37:45.416512

huodquwrutv >> Start >> 2020-10-12 14:38:54.560322

huodquwrutv >> Image Returned >> 2020-10-12 14:38:54.564106

huodquwrutv >> End >> 2020-10-12 14:38:54.736749

hbiyf4iqwhn >> Start >> 2020-10-12 14:42:11.748254

hbiyf4iqwhn >> Image Returned >> 2020-10-12 14:42:11.751785

hbiyf4iqwhn >> End >> 2020-10-12 14:42:11.927369

4d5exrvkrr7 >> Start >> 2020-10-12 14:43:31.558818

4d5exrvkrr7 >> Image Returned >> 2020-10-12 14:43:31.562345

4d5exrvkrr7 >> End >> 2020-10-12 14:43:31.733153

dgdw3qjqiyd >> Start >> 2020-10-12 14:43:58.147411

dgdw3qjqiyd >> Image Returned >> 2020-10-12 14:43:58.151014

dgdw3qjqiyd >> End >> 2020-10-12 14:43:58.323112

e32q3oxmunu >> Start >> 2020-10-12 14:44:27.794811

e32q3oxmunu >> Image Returned >> 2020-10-12 14:44:27.797940

e32q3oxmunu >> End >> 2020-10-12 14:44:28.001354

y2iq0xwmt34 >> Start >> 2020-10-12 14:44:46.159377

y2iq0xwmt34 >> Image Returned >> 2020-10-12 14:44:46.164031

y2iq0xwmt34 >> End >> 2020-10-12 14:44:46.369596

kk0hqywxe23 >> Start >> 2020-10-12 14:47:43.675118

kk0hqywxe23 >> Image Returned >> 2020-10-12 14:47:43.678524

kk0hqywxe23 >> End >> 2020-10-12 14:47:43.843050

vrnt328wd7m >> Start >> 2020-10-12 14:52:39.967319

vrnt328wd7m >> Image Returned >> 2020-10-12 14:52:39.970655

vrnt328wd7m >> End >> 2020-10-12 14:52:40.142837

be5a20ezujd >> Start >> 2020-10-12 14:55:23.529489

be5a20ezujd >> Image Returned >> 2020-10-12 14:55:23.535010

be5a20ezujd >> End >> 2020-10-12 14:55:23.718020

x0njqg8vy2m >> Start >> 2020-10-12 15:02:26.141998

x0njqg8vy2m >> Image Returned >> 2020-10-12 15:02:26.145514

x0njqg8vy2m >> End >> 2020-10-12 15:02:26.349975

3ts0avehqbs >> Start >> 2020-10-12 15:05:55.107784

3ts0avehqbs >> Image Returned >> 2020-10-12 15:05:55.112035

3ts0avehqbs >> End >> 2020-10-12 15:05:55.282154

ck4ka32dvzc >> Start >> 2020-10-12 15:06:12.095046

ck4ka32dvzc >> Image Returned >> 2020-10-12 15:06:12.098211

ck4ka32dvzc >> End >> 2020-10-12 15:06:12.274233

uyirow3sk7a >> Start >> 2020-10-12 15:10:18.939237

uyirow3sk7a >> Image Returned >> 2020-10-12 15:10:18.942485

uyirow3sk7a >> End >> 2020-10-12 15:10:19.139425

s45cw6we8wz >> Start >> 2020-10-12 15:11:51.027014

s45cw6we8wz >> Image Returned >> 2020-10-12 15:11:51.031287

s45cw6we8wz >> End >> 2020-10-12 15:11:51.198425

gmtsfpuw33w >> Start >> 2020-10-12 15:16:44.866930

gmtsfpuw33w >> Image Returned >> 2020-10-12 15:16:44.870145

gmtsfpuw33w >> End >> 2020-10-12 15:16:45.044776

byjkrsekuof >> Start >> 2020-10-12 15:20:35.845976

byjkrsekuof >> Image Returned >> 2020-10-12 15:20:35.849400

byjkrsekuof >> End >> 2020-10-12 15:20:36.329636

yha2x2jyiq3 >> Start >> 2020-10-12 15:26:04.395458

yha2x2jyiq3 >> Image Returned >> 2020-10-12 15:26:04.399791

yha2x2jyiq3 >> End >> 2020-10-12 15:26:04.520735

ps0intoh3am >> Start >> 2020-10-12 15:27:46.412734

ps0intoh3am >> Image Returned >> 2020-10-12 15:27:46.416126

ps0intoh3am >> End >> 2020-10-12 15:27:46.586119

x6m4ydbyejj >> Start >> 2020-10-12 15:28:57.117218

x6m4ydbyejj >> Image Returned >> 2020-10-12 15:28:57.122838

x6m4ydbyejj >> End >> 2020-10-12 15:28:57.291810

d08hx7yc406 >> Start >> 2020-10-12 15:30:22.646152

d08hx7yc406 >> Image Returned >> 2020-10-12 15:30:22.649457

d08hx7yc406 >> End >> 2020-10-12 15:30:22.815953

b70v3fvzz2h >> Start >> 2020-10-12 15:37:20.320453

b70v3fvzz2h >> Image Returned >> 2020-10-12 15:37:20.323955

b70v3fvzz2h >> End >> 2020-10-12 15:37:20.489049

4s50ihammos >> Start >> 2020-10-12 15:42:06.936774

4s50ihammos >> Image Returned >> 2020-10-12 15:42:06.940495

4s50ihammos >> End >> 2020-10-12 15:42:07.101818

o60xxj765n0 >> Start >> 2020-10-12 15:42:22.608692

o60xxj765n0 >> Image Returned >> 2020-10-12 15:42:22.612056

o60xxj765n0 >> End >> 2020-10-12 15:42:22.778671

z07uvuuuvyq >> Start >> 2020-10-12 15:43:48.250720

z07uvuuuvyq >> Image Returned >> 2020-10-12 15:43:48.254683

z07uvuuuvyq >> End >> 2020-10-12 15:43:48.444991

0w7dnt2tijj >> Start >> 2020-10-12 15:44:08.702568

0w7dnt2tijj >> Image Returned >> 2020-10-12 15:44:08.706079

0w7dnt2tijj >> End >> 2020-10-12 15:44:08.903330

bm0hg0b2k23 >> Start >> 2020-10-12 15:44:10.818116

bm0hg0b2k23 >> Image Returned >> 2020-10-12 15:44:10.818427

bm0hg0b2k23 >> End >> 2020-10-12 15:44:10.982759

stpqbiie7fk >> Start >> 2020-10-12 15:47:26.616729

stpqbiie7fk >> Image Returned >> 2020-10-12 15:47:26.620198

stpqbiie7fk >> End >> 2020-10-12 15:47:26.789577

2bmmq8yjmnx >> Start >> 2020-10-12 15:47:38.430089

2bmmq8yjmnx >> Image Returned >> 2020-10-12 15:47:38.433403

2bmmq8yjmnx >> End >> 2020-10-12 15:47:38.603930

uv2tenig2c8 >> Start >> 2020-10-12 15:47:39.879571

uv2tenig2c8 >> Image Returned >> 2020-10-12 15:47:39.879857

uv2tenig2c8 >> End >> 2020-10-12 15:47:40.050484

5iyvbbq2is0 >> Start >> 2020-10-12 15:52:51.450886

5iyvbbq2is0 >> Image Returned >> 2020-10-12 15:52:51.455308

5iyvbbq2is0 >> End >> 2020-10-12 15:52:51.621704

p3tz8p3o0ts >> Start >> 2020-10-12 15:54:04.922307

p3tz8p3o0ts >> Image Returned >> 2020-10-12 15:54:04.926224

p3tz8p3o0ts >> End >> 2020-10-12 15:54:05.095360

m75pv3zamon >> Start >> 2020-10-12 15:54:54.913831

m75pv3zamon >> Image Returned >> 2020-10-12 15:54:54.919327

m75pv3zamon >> End >> 2020-10-12 15:54:55.087970

zzzojgzenms >> Start >> 2020-10-12 15:59:18.918643

zzzojgzenms >> Image Returned >> 2020-10-12 15:59:18.922103

zzzojgzenms >> End >> 2020-10-12 15:59:19.102108

f0xxvtups2q >> Start >> 2020-10-12 16:05:06.640997

f0xxvtups2q >> Image Returned >> 2020-10-12 16:05:06.645967

f0xxvtups2q >> End >> 2020-10-12 16:05:06.819690

kqdu0mq4r7z >> Start >> 2020-10-12 16:10:26.690696

kqdu0mq4r7z >> Image Returned >> 2020-10-12 16:10:26.693957

kqdu0mq4r7z >> End >> 2020-10-12 16:10:26.877062

yq8i6zcu7ht >> Start >> 2020-10-12 16:13:44.245889

yq8i6zcu7ht >> Image Returned >> 2020-10-12 16:13:44.249145

yq8i6zcu7ht >> End >> 2020-10-12 16:13:44.411451

de3qvndcvtk >> Start >> 2020-10-12 16:15:26.804862

de3qvndcvtk >> Image Returned >> 2020-10-12 16:15:26.808001

de3qvndcvtk >> End >> 2020-10-12 16:15:26.979722

0d0ptzooukz >> Start >> 2020-10-12 16:16:30.859966

0d0ptzooukz >> Image Returned >> 2020-10-12 16:16:30.863142

0d0ptzooukz >> End >> 2020-10-12 16:16:31.044070

287rjh3ugq6 >> Start >> 2020-10-12 16:16:47.677962

287rjh3ugq6 >> Image Returned >> 2020-10-12 16:16:47.681549

287rjh3ugq6 >> End >> 2020-10-12 16:16:47.881226

y2ocim6g4zh >> Start >> 2020-10-12 16:16:48.053240

y2ocim6g4zh >> Image Returned >> 2020-10-12 16:16:48.053548

y2ocim6g4zh >> End >> 2020-10-12 16:16:48.219496

udpydnn58ce >> Start >> 2020-10-12 16:19:14.723366

udpydnn58ce >> Image Returned >> 2020-10-12 16:19:14.726566

udpydnn58ce >> End >> 2020-10-12 16:19:14.915502

cjxuc4yeffh >> Start >> 2020-10-12 16:19:15.897334

cjxuc4yeffh >> Image Returned >> 2020-10-12 16:19:15.897681

cjxuc4yeffh >> End >> 2020-10-12 16:19:16.065661

f4r4ecxq8po >> Start >> 2020-10-12 16:24:27.321070

f4r4ecxq8po >> Image Returned >> 2020-10-12 16:24:27.324465

f4r4ecxq8po >> End >> 2020-10-12 16:24:27.487649

5tg58s6dgq4 >> Start >> 2020-10-12 16:24:49.600056

5tg58s6dgq4 >> Image Returned >> 2020-10-12 16:24:49.603516

5tg58s6dgq4 >> End >> 2020-10-12 16:24:49.776536

g0f2kkdaoje >> Start >> 2020-10-12 16:26:17.984180

g0f2kkdaoje >> Image Returned >> 2020-10-12 16:26:17.987329

g0f2kkdaoje >> End >> 2020-10-12 16:26:18.165395

z4n0gfvooz7 >> Start >> 2020-10-12 16:28:09.719103

z4n0gfvooz7 >> Image Returned >> 2020-10-12 16:28:09.722219

z4n0gfvooz7 >> End >> 2020-10-12 16:28:09.882385

x2oag47kjok >> Start >> 2020-10-12 16:30:55.795535

x2oag47kjok >> Image Returned >> 2020-10-12 16:30:55.799887

x2oag47kjok >> End >> 2020-10-12 16:30:55.975192

rpddg0y6ihe >> Start >> 2020-10-12 16:35:37.890655

rpddg0y6ihe >> Image Returned >> 2020-10-12 16:35:37.894313

rpddg0y6ihe >> End >> 2020-10-12 16:35:38.060278

uywhewb3xno >> Start >> 2020-10-12 16:40:33.047120

uywhewb3xno >> Image Returned >> 2020-10-12 16:40:33.050632

uywhewb3xno >> End >> 2020-10-12 16:40:33.227794

hwdvdi4rxoc >> Start >> 2020-10-12 16:41:11.741456

hwdvdi4rxoc >> Image Returned >> 2020-10-12 16:41:11.744705

hwdvdi4rxoc >> End >> 2020-10-12 16:41:11.934950

qmjzd6xvj65 >> Start >> 2020-10-12 16:43:01.194705

qmjzd6xvj65 >> Image Returned >> 2020-10-12 16:43:01.197951

qmjzd6xvj65 >> End >> 2020-10-12 16:43:01.363413

20g4hr23ag5 >> Start >> 2020-10-12 16:45:17.955070

20g4hr23ag5 >> Image Returned >> 2020-10-12 16:45:17.959527

20g4hr23ag5 >> End >> 2020-10-12 16:45:18.129580

8ptmrzifej4 >> Start >> 2020-10-12 16:45:26.055809

8ptmrzifej4 >> Image Returned >> 2020-10-12 16:45:26.056127

8ptmrzifej4 >> End >> 2020-10-12 16:45:26.314897

bfhgrbzb2xo >> Start >> 2020-10-12 16:49:55.349100

bfhgrbzb2xo >> Image Returned >> 2020-10-12 16:49:55.353182

bfhgrbzb2xo >> End >> 2020-10-12 16:49:55.535726

yxx0yinwsc4 >> Start >> 2020-10-12 16:54:11.274214

yxx0yinwsc4 >> Image Returned >> 2020-10-12 16:54:11.278064

yxx0yinwsc4 >> End >> 2020-10-12 16:54:11.446739

0p0h6i4e5na >> Start >> 2020-10-12 16:56:03.811664

0p0h6i4e5na >> Image Returned >> 2020-10-12 16:56:03.816378

0p0h6i4e5na >> End >> 2020-10-12 16:56:03.943255

7cj2kr7rrbz >> Start >> 2020-10-12 16:56:38.537476

7cj2kr7rrbz >> Image Returned >> 2020-10-12 16:56:38.540966

7cj2kr7rrbz >> End >> 2020-10-12 16:56:38.729960

hmtbkou4yib >> Start >> 2020-10-12 17:02:34.554085

hmtbkou4yib >> Image Returned >> 2020-10-12 17:02:34.557735

hmtbkou4yib >> End >> 2020-10-12 17:02:34.732105

f0ecx54dcm2 >> Start >> 2020-10-12 17:04:44.450944

f0ecx54dcm2 >> Image Returned >> 2020-10-12 17:04:44.454127

f0ecx54dcm2 >> End >> 2020-10-12 17:04:44.712991

crcnni3wbxr >> Start >> 2020-10-12 17:07:28.157210

crcnni3wbxr >> Image Returned >> 2020-10-12 17:07:28.161745

crcnni3wbxr >> End >> 2020-10-12 17:07:28.333705

3yunwx3fow4 >> Start >> 2020-10-12 17:12:40.726526

3yunwx3fow4 >> Image Returned >> 2020-10-12 17:12:40.730813

3yunwx3fow4 >> End >> 2020-10-12 17:12:40.900605

xi4p2siss4i >> Start >> 2020-10-12 17:15:25.661367

xi4p2siss4i >> Image Returned >> 2020-10-12 17:15:25.666085

xi4p2siss4i >> End >> 2020-10-12 17:15:25.838491

6idkmwkk3z2 >> Start >> 2020-10-12 17:27:00.243603

6idkmwkk3z2 >> Image Returned >> 2020-10-12 17:27:00.247651

6idkmwkk3z2 >> End >> 2020-10-12 17:27:00.433499

iuc5hs22zk2 >> Start >> 2020-10-12 17:28:30.807442

iuc5hs22zk2 >> Image Returned >> 2020-10-12 17:28:30.811054

iuc5hs22zk2 >> End >> 2020-10-12 17:28:30.982858

kq57ddt0wts >> Start >> 2020-10-12 17:29:24.171555

kq57ddt0wts >> Image Returned >> 2020-10-12 17:29:24.174715

kq57ddt0wts >> End >> 2020-10-12 17:29:24.344533

2e76yksqzt7 >> Start >> 2020-10-12 17:32:18.679214

2e76yksqzt7 >> Image Returned >> 2020-10-12 17:32:18.683289

2e76yksqzt7 >> End >> 2020-10-12 17:32:18.811928

65a52phgmhr >> Start >> 2020-10-12 17:32:30.933554

65a52phgmhr >> Image Returned >> 2020-10-12 17:32:30.936714

65a52phgmhr >> End >> 2020-10-12 17:32:31.103667

o82koukmut6 >> Start >> 2020-10-12 17:32:31.671838

o82koukmut6 >> Image Returned >> 2020-10-12 17:32:31.672157

o82koukmut6 >> End >> 2020-10-12 17:32:31.793229

u5hm5zym5bf >> Start >> 2020-10-12 17:33:07.411575

u5hm5zym5bf >> Image Returned >> 2020-10-12 17:33:07.414813

u5hm5zym5bf >> End >> 2020-10-12 17:33:07.622076

8et70h25jr0 >> Start >> 2020-10-12 17:36:08.988624

8et70h25jr0 >> Image Returned >> 2020-10-12 17:36:08.993804

8et70h25jr0 >> End >> 2020-10-12 17:36:09.120964

k4toearij7a >> Start >> 2020-10-12 17:38:01.451050

k4toearij7a >> Image Returned >> 2020-10-12 17:38:01.455770

k4toearij7a >> End >> 2020-10-12 17:38:01.625587

nxv3xcp8057 >> Start >> 2020-10-12 17:39:02.944788

nxv3xcp8057 >> Image Returned >> 2020-10-12 17:39:02.948451

nxv3xcp8057 >> End >> 2020-10-12 17:39:03.112121

mg3y345gukf >> Start >> 2020-10-12 17:41:28.181068

mg3y345gukf >> Image Returned >> 2020-10-12 17:41:28.184235

mg3y345gukf >> End >> 2020-10-12 17:41:28.351098

0chd3y5qyuh >> Start >> 2020-10-12 17:43:43.491838

0chd3y5qyuh >> Image Returned >> 2020-10-12 17:43:43.495179

0chd3y5qyuh >> End >> 2020-10-12 17:43:43.661308

prpvc8whrra >> Start >> 2020-10-12 17:46:30.686444

prpvc8whrra >> Image Returned >> 2020-10-12 17:46:30.689688

prpvc8whrra >> End >> 2020-10-12 17:46:30.868518

efu7nobtegy >> Start >> 2020-10-12 17:46:41.799655

efu7nobtegy >> Image Returned >> 2020-10-12 17:46:41.802843

efu7nobtegy >> End >> 2020-10-12 17:46:41.966269

7cewd0dwctz >> Start >> 2020-10-12 17:52:59.624996

7cewd0dwctz >> Image Returned >> 2020-10-12 17:52:59.629776

7cewd0dwctz >> End >> 2020-10-12 17:52:59.824054

y48w0et3t02 >> Start >> 2020-10-12 17:53:04.214459

y48w0et3t02 >> Image Returned >> 2020-10-12 17:53:04.214777

y48w0et3t02 >> End >> 2020-10-12 17:53:04.375386

mdpuu47r0d0 >> Start >> 2020-10-12 17:54:28.278619

mdpuu47r0d0 >> Image Returned >> 2020-10-12 17:54:28.282273

mdpuu47r0d0 >> End >> 2020-10-12 17:54:28.445254

wnhg7a3uqi8 >> Start >> 2020-10-12 17:55:37.442641

wnhg7a3uqi8 >> Image Returned >> 2020-10-12 17:55:37.445857

wnhg7a3uqi8 >> End >> 2020-10-12 17:55:37.622298

nuddqbuqzim >> Start >> 2020-10-12 17:55:57.170430

nuddqbuqzim >> Image Returned >> 2020-10-12 17:55:57.174220

nuddqbuqzim >> End >> 2020-10-12 17:55:57.372912

sbecizvfzkr >> Start >> 2020-10-12 18:02:45.699337

sbecizvfzkr >> Image Returned >> 2020-10-12 18:02:45.703246

sbecizvfzkr >> End >> 2020-10-12 18:02:45.891550

t3hc86nb0hv >> Start >> 2020-10-12 18:02:55.793911

t3hc86nb0hv >> Image Returned >> 2020-10-12 18:02:55.794219

t3hc86nb0hv >> End >> 2020-10-12 18:02:55.973820

576qo0wnmc3 >> Start >> 2020-10-12 18:02:56.031229

576qo0wnmc3 >> Image Returned >> 2020-10-12 18:02:56.031543

576qo0wnmc3 >> End >> 2020-10-12 18:02:56.277761

60wo44ywedx >> Start >> 2020-10-12 18:06:43.060228

60wo44ywedx >> Image Returned >> 2020-10-12 18:06:43.063621

60wo44ywedx >> End >> 2020-10-12 18:06:43.233736

uhq7ktdbkjd >> Start >> 2020-10-12 18:07:28.142235

uhq7ktdbkjd >> Image Returned >> 2020-10-12 18:07:28.145632

uhq7ktdbkjd >> End >> 2020-10-12 18:07:28.307275

k2zdpiee26q >> Start >> 2020-10-12 18:11:32.541925

k2zdpiee26q >> Image Returned >> 2020-10-12 18:11:32.545634

k2zdpiee26q >> End >> 2020-10-12 18:11:32.720839

px4es4g6y4f >> Start >> 2020-10-12 18:13:49.894455

px4es4g6y4f >> Image Returned >> 2020-10-12 18:13:49.898076

px4es4g6y4f >> End >> 2020-10-12 18:13:50.101773

ttfm3fpgzfv >> Start >> 2020-10-12 18:18:27.924225

ttfm3fpgzfv >> Image Returned >> 2020-10-12 18:18:27.928116

ttfm3fpgzfv >> End >> 2020-10-12 18:18:28.116524

xvta6z7kub4 >> Start >> 2020-10-12 18:24:12.393094

xvta6z7kub4 >> Image Returned >> 2020-10-12 18:24:12.396722

xvta6z7kub4 >> End >> 2020-10-12 18:24:12.590409

vexw0scc8fa >> Start >> 2020-10-12 18:25:51.952147

vexw0scc8fa >> Image Returned >> 2020-10-12 18:25:51.955995

vexw0scc8fa >> End >> 2020-10-12 18:25:52.130863

h22njftkzuq >> Start >> 2020-10-12 18:29:51.074449

h22njftkzuq >> Image Returned >> 2020-10-12 18:29:51.077771

h22njftkzuq >> End >> 2020-10-12 18:29:51.252361

cg6fgq0y8wv >> Start >> 2020-10-12 18:32:08.646728

cg6fgq0y8wv >> Image Returned >> 2020-10-12 18:32:08.650943

cg6fgq0y8wv >> End >> 2020-10-12 18:32:08.813215

u42pvq3r72p >> Start >> 2020-10-12 18:32:46.256336

u42pvq3r72p >> Image Returned >> 2020-10-12 18:32:46.259593

u42pvq3r72p >> End >> 2020-10-12 18:32:46.422941

z58k3uk8bxr >> Start >> 2020-10-12 18:35:34.072603

z58k3uk8bxr >> Image Returned >> 2020-10-12 18:35:34.076502

z58k3uk8bxr >> End >> 2020-10-12 18:35:34.243673

zcmf50o05ki >> Start >> 2020-10-12 18:37:40.960355

zcmf50o05ki >> Image Returned >> 2020-10-12 18:37:40.964215

zcmf50o05ki >> End >> 2020-10-12 18:37:41.131918

wvtvedypkn6 >> Start >> 2020-10-12 18:37:52.465770

wvtvedypkn6 >> Image Returned >> 2020-10-12 18:37:52.468981

wvtvedypkn6 >> End >> 2020-10-12 18:37:52.634280

67jjvky4vmy >> Start >> 2020-10-12 18:39:22.710495

67jjvky4vmy >> Image Returned >> 2020-10-12 18:39:22.713784

67jjvky4vmy >> End >> 2020-10-12 18:39:22.900955

0qm08opeezt >> Start >> 2020-10-12 18:39:25.942399

0qm08opeezt >> Image Returned >> 2020-10-12 18:39:25.942692

0qm08opeezt >> End >> 2020-10-12 18:39:26.151232

c87nq4gmv66 >> Start >> 2020-10-12 18:45:57.371128

c87nq4gmv66 >> Image Returned >> 2020-10-12 18:45:57.376224

c87nq4gmv66 >> End >> 2020-10-12 18:45:57.555855

qr5j0ipx5ud >> Start >> 2020-10-12 18:45:58.770585

qr5j0ipx5ud >> Image Returned >> 2020-10-12 18:45:58.770903

qr5j0ipx5ud >> End >> 2020-10-12 18:45:58.935769

qv3sibovwzv >> Start >> 2020-10-12 18:47:03.506561

qv3sibovwzv >> Image Returned >> 2020-10-12 18:47:03.510984

qv3sibovwzv >> End >> 2020-10-12 18:47:03.712114

mytsbfbcgrt >> Start >> 2020-10-12 18:51:49.958846

mytsbfbcgrt >> Image Returned >> 2020-10-12 18:51:49.962830

mytsbfbcgrt >> End >> 2020-10-12 18:51:50.167057

as5ac7evjgc >> Start >> 2020-10-12 18:53:20.585104

as5ac7evjgc >> Image Returned >> 2020-10-12 18:53:20.590346

as5ac7evjgc >> End >> 2020-10-12 18:53:20.758619

jtgyvuh0xha >> Start >> 2020-10-12 18:55:48.308696

jtgyvuh0xha >> Image Returned >> 2020-10-12 18:55:48.312529

jtgyvuh0xha >> End >> 2020-10-12 18:55:48.489202

2nf2b0ytjg2 >> Start >> 2020-10-12 18:56:20.055658

2nf2b0ytjg2 >> Image Returned >> 2020-10-12 18:56:20.059272

2nf2b0ytjg2 >> End >> 2020-10-12 18:56:20.245960

fj7tuezqfxo >> Start >> 2020-10-12 18:59:29.513518

fj7tuezqfxo >> Image Returned >> 2020-10-12 18:59:29.516834

fj7tuezqfxo >> End >> 2020-10-12 18:59:29.705053

qzg5qs3j8zc >> Start >> 2020-10-12 19:11:30.678926

qzg5qs3j8zc >> Image Returned >> 2020-10-12 19:11:30.684549

qzg5qs3j8zc >> End >> 2020-10-12 19:11:30.852710

vmuoza30ofa >> Start >> 2020-10-12 19:13:31.405710

vmuoza30ofa >> Image Returned >> 2020-10-12 19:13:31.408960

vmuoza30ofa >> End >> 2020-10-12 19:13:31.575941

82ibmtuz3sa >> Start >> 2020-10-12 19:14:25.858117

82ibmtuz3sa >> Image Returned >> 2020-10-12 19:14:25.861828

82ibmtuz3sa >> End >> 2020-10-12 19:14:26.067235

h360yr3yr0r >> Start >> 2020-10-12 19:15:06.714515

h360yr3yr0r >> Image Returned >> 2020-10-12 19:15:06.718703

h360yr3yr0r >> End >> 2020-10-12 19:15:06.893842

skzvbsn4ab2 >> Start >> 2020-10-12 19:15:38.008563

skzvbsn4ab2 >> Image Returned >> 2020-10-12 19:15:38.011951

skzvbsn4ab2 >> End >> 2020-10-12 19:15:38.187701

bn4w2cgo2px >> Start >> 2020-10-12 19:16:17.101649

bn4w2cgo2px >> Image Returned >> 2020-10-12 19:16:17.105570

bn4w2cgo2px >> End >> 2020-10-12 19:16:17.282299

wuwpew76fx8 >> Start >> 2020-10-12 19:26:20.496833

wuwpew76fx8 >> Image Returned >> 2020-10-12 19:26:20.501645

wuwpew76fx8 >> End >> 2020-10-12 19:26:20.666906

gff8w0pwdog >> Start >> 2020-10-12 19:29:30.714986

gff8w0pwdog >> Image Returned >> 2020-10-12 19:29:30.718276

gff8w0pwdog >> End >> 2020-10-12 19:29:30.891213

4rb4y78qhpa >> Start >> 2020-10-12 19:29:58.002938

4rb4y78qhpa >> Image Returned >> 2020-10-12 19:29:58.006850

4rb4y78qhpa >> End >> 2020-10-12 19:29:58.172570

3f5xkaezoj4 >> Start >> 2020-10-12 19:31:02.904973

3f5xkaezoj4 >> Image Returned >> 2020-10-12 19:31:02.908435

3f5xkaezoj4 >> End >> 2020-10-12 19:31:03.072663

bmkhtexiosp >> Start >> 2020-10-12 19:32:01.245130

bmkhtexiosp >> Image Returned >> 2020-10-12 19:32:01.249243

bmkhtexiosp >> End >> 2020-10-12 19:32:01.415677

dspv35kremu >> Start >> 2020-10-12 19:42:02.407320

dspv35kremu >> Image Returned >> 2020-10-12 19:42:02.412905

dspv35kremu >> End >> 2020-10-12 19:42:02.588606

rjn0gfxv8vn >> Start >> 2020-10-12 19:42:10.841319

rjn0gfxv8vn >> Image Returned >> 2020-10-12 19:42:10.841655

rjn0gfxv8vn >> End >> 2020-10-12 19:42:11.014312

a8s2t0v7rxs >> Start >> 2020-10-12 19:42:25.201752

a8s2t0v7rxs >> Image Returned >> 2020-10-12 19:42:25.205245

a8s2t0v7rxs >> End >> 2020-10-12 19:42:25.401503

y4phzdi0kmv >> Start >> 2020-10-12 19:42:33.983002

y4phzdi0kmv >> Image Returned >> 2020-10-12 19:42:33.983464

y4phzdi0kmv >> End >> 2020-10-12 19:42:34.158902

exkzs2hcvpv >> Start >> 2020-10-12 19:43:31.966033

exkzs2hcvpv >> Image Returned >> 2020-10-12 19:43:31.969512

exkzs2hcvpv >> End >> 2020-10-12 19:43:32.144742

fndn65bmaer >> Start >> 2020-10-12 19:44:38.683079

fndn65bmaer >> Image Returned >> 2020-10-12 19:44:38.688159

fndn65bmaer >> End >> 2020-10-12 19:44:38.863745

43vi3dcpzk5 >> Start >> 2020-10-12 19:44:54.688802

43vi3dcpzk5 >> Image Returned >> 2020-10-12 19:44:54.692203

43vi3dcpzk5 >> End >> 2020-10-12 19:44:54.865751

pamomh2r8k3 >> Start >> 2020-10-12 19:50:29.849138

pamomh2r8k3 >> Image Returned >> 2020-10-12 19:50:29.852415

pamomh2r8k3 >> End >> 2020-10-12 19:50:30.018881

tu2q7qjeu7i >> Start >> 2020-10-12 19:52:15.683326

tu2q7qjeu7i >> Image Returned >> 2020-10-12 19:52:15.688895

tu2q7qjeu7i >> End >> 2020-10-12 19:52:15.864064

0io4efvznj5 >> Start >> 2020-10-12 19:52:36.487561

0io4efvznj5 >> Image Returned >> 2020-10-12 19:52:36.490936

0io4efvznj5 >> End >> 2020-10-12 19:52:36.669089

z52t0wnaev8 >> Start >> 2020-10-12 19:53:24.227920

z52t0wnaev8 >> Image Returned >> 2020-10-12 19:53:24.231842

z52t0wnaev8 >> End >> 2020-10-12 19:53:24.409815

gc4qehgdwvu >> Start >> 2020-10-12 19:55:04.350486

gc4qehgdwvu >> Image Returned >> 2020-10-12 19:55:04.354319

gc4qehgdwvu >> End >> 2020-10-12 19:55:04.521979

yebqawefo0h >> Start >> 2020-10-12 19:55:49.758198

yebqawefo0h >> Image Returned >> 2020-10-12 19:55:49.761648

yebqawefo0h >> End >> 2020-10-12 19:55:49.956463

b5ixqfh38g2 >> Start >> 2020-10-12 19:56:11.088402

b5ixqfh38g2 >> Image Returned >> 2020-10-12 19:56:11.091653

b5ixqfh38g2 >> End >> 2020-10-12 19:56:11.280548

uig7kjtwbmt >> Start >> 2020-10-12 20:02:04.948163

uig7kjtwbmt >> Image Returned >> 2020-10-12 20:02:04.952039

uig7kjtwbmt >> End >> 2020-10-12 20:02:05.128598

eibxu0ks8og >> Start >> 2020-10-12 20:04:38.288103

eibxu0ks8og >> Image Returned >> 2020-10-12 20:04:38.291969

eibxu0ks8og >> End >> 2020-10-12 20:04:38.469074

emhfxkvigg2 >> Start >> 2020-10-12 20:05:21.584578

emhfxkvigg2 >> Image Returned >> 2020-10-12 20:05:21.587918

emhfxkvigg2 >> End >> 2020-10-12 20:05:21.756107

qckovc2tqc6 >> Start >> 2020-10-12 20:11:19.607923

qckovc2tqc6 >> Image Returned >> 2020-10-12 20:11:19.612078

qckovc2tqc6 >> End >> 2020-10-12 20:11:19.781100

cidyakap4m6 >> Start >> 2020-10-12 20:12:09.341156

cidyakap4m6 >> Image Returned >> 2020-10-12 20:12:09.345055

cidyakap4m6 >> End >> 2020-10-12 20:12:09.530139

p7odxvjc2un >> Start >> 2020-10-12 20:14:09.721771

p7odxvjc2un >> Image Returned >> 2020-10-12 20:14:09.726047

p7odxvjc2un >> End >> 2020-10-12 20:14:09.894771

hgqz4iod4oq >> Start >> 2020-10-12 20:18:12.752280

hgqz4iod4oq >> Image Returned >> 2020-10-12 20:18:12.756000

hgqz4iod4oq >> End >> 2020-10-12 20:18:12.970290

vb3pa033i3z >> Start >> 2020-10-12 20:18:28.117846

vb3pa033i3z >> Image Returned >> 2020-10-12 20:18:28.121191

vb3pa033i3z >> End >> 2020-10-12 20:18:28.337995

wvx5o8diac2 >> Start >> 2020-10-12 20:18:28.894001

wvx5o8diac2 >> Image Returned >> 2020-10-12 20:18:28.894300

wvx5o8diac2 >> End >> 2020-10-12 20:18:29.107964

506vqfqn7gi >> Start >> 2020-10-12 20:18:36.847520

506vqfqn7gi >> Image Returned >> 2020-10-12 20:18:36.847810

506vqfqn7gi >> End >> 2020-10-12 20:18:37.015551

nr05jgju0tp >> Start >> 2020-10-12 20:19:44.668792

nr05jgju0tp >> Image Returned >> 2020-10-12 20:19:44.672113

nr05jgju0tp >> End >> 2020-10-12 20:19:44.910964

ne24h0ptn3r >> Start >> 2020-10-12 20:19:54.912889

ne24h0ptn3r >> Image Returned >> 2020-10-12 20:19:54.913171

ne24h0ptn3r >> End >> 2020-10-12 20:19:55.094618

3jy3x8pop6o >> Start >> 2020-10-12 20:20:28.120122

3jy3x8pop6o >> Image Returned >> 2020-10-12 20:20:28.123980

3jy3x8pop6o >> End >> 2020-10-12 20:20:28.287837

3c7g6gnbkwn >> Start >> 2020-10-12 20:22:18.534497

3c7g6gnbkwn >> Image Returned >> 2020-10-12 20:22:18.538644

3c7g6gnbkwn >> End >> 2020-10-12 20:22:18.706928

8xuyu5z64ds >> Start >> 2020-10-12 20:24:27.066596

8xuyu5z64ds >> Image Returned >> 2020-10-12 20:24:27.069906

8xuyu5z64ds >> End >> 2020-10-12 20:24:27.236994

fr6ctasa57w >> Start >> 2020-10-12 20:28:13.783232

fr6ctasa57w >> Image Returned >> 2020-10-12 20:28:13.786914

fr6ctasa57w >> End >> 2020-10-12 20:28:13.978642

ffd5a27fetx >> Start >> 2020-10-12 20:31:17.790505

ffd5a27fetx >> Image Returned >> 2020-10-12 20:31:17.793847

ffd5a27fetx >> End >> 2020-10-12 20:31:17.959244

sezsnr6fn20 >> Start >> 2020-10-12 20:31:25.913170

sezsnr6fn20 >> Image Returned >> 2020-10-12 20:31:25.913625

sezsnr6fn20 >> End >> 2020-10-12 20:31:26.114905

nv6kt0gby4z >> Start >> 2020-10-12 20:34:25.313437

nv6kt0gby4z >> Image Returned >> 2020-10-12 20:34:25.316772

nv6kt0gby4z >> End >> 2020-10-12 20:34:25.480289

g4roa0vnk8w >> Start >> 2020-10-12 20:35:54.965131

g4roa0vnk8w >> Image Returned >> 2020-10-12 20:35:54.969815

g4roa0vnk8w >> End >> 2020-10-12 20:35:55.141271

aaq8qdd6o4a >> Start >> 2020-10-12 20:47:23.220737

aaq8qdd6o4a >> Image Returned >> 2020-10-12 20:47:23.224925

aaq8qdd6o4a >> End >> 2020-10-12 20:47:23.385413

yztb24in5mw >> Start >> 2020-10-12 20:48:38.649204

yztb24in5mw >> Image Returned >> 2020-10-12 20:48:38.653213

yztb24in5mw >> End >> 2020-10-12 20:48:38.842164

ii2d7fn5nb7 >> Start >> 2020-10-12 20:53:10.978188

ii2d7fn5nb7 >> Image Returned >> 2020-10-12 20:53:10.982716

ii2d7fn5nb7 >> End >> 2020-10-12 20:53:11.148364

jignmqg4k2s >> Start >> 2020-10-12 20:55:07.413707

jignmqg4k2s >> Image Returned >> 2020-10-12 20:55:07.418551

jignmqg4k2s >> End >> 2020-10-12 20:55:07.595577

ri3r422spkt >> Start >> 2020-10-12 20:57:34.289371

ri3r422spkt >> Image Returned >> 2020-10-12 20:57:34.293586

ri3r422spkt >> End >> 2020-10-12 20:57:34.486824

yysphh3cfzg >> Start >> 2020-10-12 20:59:55.579482

yysphh3cfzg >> Image Returned >> 2020-10-12 20:59:55.584475

yysphh3cfzg >> End >> 2020-10-12 20:59:55.762808

srf8vujzur6 >> Start >> 2020-10-12 21:00:22.245369

srf8vujzur6 >> Image Returned >> 2020-10-12 21:00:22.249166

srf8vujzur6 >> End >> 2020-10-12 21:00:22.422743

882cp6m070f >> Start >> 2020-10-12 21:04:43.889617

882cp6m070f >> Image Returned >> 2020-10-12 21:04:43.894026

882cp6m070f >> End >> 2020-10-12 21:04:44.124330

dpq484v04r6 >> Start >> 2020-10-12 21:05:49.066700

dpq484v04r6 >> Image Returned >> 2020-10-12 21:05:49.070724

dpq484v04r6 >> End >> 2020-10-12 21:05:49.254209

fcjqcbjxzsf >> Start >> 2020-10-12 21:06:06.352211

fcjqcbjxzsf >> Image Returned >> 2020-10-12 21:06:06.356340

fcjqcbjxzsf >> End >> 2020-10-12 21:06:06.538719

htp8qrpzt4i >> Start >> 2020-10-12 21:06:19.080796

htp8qrpzt4i >> Image Returned >> 2020-10-12 21:06:19.084224

htp8qrpzt4i >> End >> 2020-10-12 21:06:19.318145

bk5xj0agtzu >> Start >> 2020-10-12 21:06:45.827100

bk5xj0agtzu >> Image Returned >> 2020-10-12 21:06:45.830573

bk5xj0agtzu >> End >> 2020-10-12 21:06:46.022034

x78j7eqxet6 >> Start >> 2020-10-12 21:06:46.132739

x78j7eqxet6 >> Image Returned >> 2020-10-12 21:06:46.133049

x78j7eqxet6 >> End >> 2020-10-12 21:06:46.334276

jd857jxupb6 >> Start >> 2020-10-12 21:09:26.990689

jd857jxupb6 >> Image Returned >> 2020-10-12 21:09:26.994093

jd857jxupb6 >> End >> 2020-10-12 21:09:27.187870

na8rnompib5 >> Start >> 2020-10-12 21:11:18.233279

na8rnompib5 >> Image Returned >> 2020-10-12 21:11:18.237282

na8rnompib5 >> End >> 2020-10-12 21:11:18.439975

ad8xncushrs >> Start >> 2020-10-12 21:12:19.205770

ad8xncushrs >> Image Returned >> 2020-10-12 21:12:19.209379

ad8xncushrs >> End >> 2020-10-12 21:12:19.371233

hkydg0syurt >> Start >> 2020-10-12 21:12:59.257133

hkydg0syurt >> Image Returned >> 2020-10-12 21:12:59.260474

hkydg0syurt >> End >> 2020-10-12 21:12:59.423811

nmrwypoaan5 >> Start >> 2020-10-12 21:17:30.149538

nmrwypoaan5 >> Image Returned >> 2020-10-12 21:17:30.153142

nmrwypoaan5 >> End >> 2020-10-12 21:17:30.356620

k4h7oq3aekb >> Start >> 2020-10-12 21:20:40.777354

k4h7oq3aekb >> Image Returned >> 2020-10-12 21:20:40.781476

k4h7oq3aekb >> End >> 2020-10-12 21:20:40.947469

hp6x3pt0dcx >> Start >> 2020-10-12 21:24:45.071121

hp6x3pt0dcx >> Image Returned >> 2020-10-12 21:24:45.074384

hp6x3pt0dcx >> End >> 2020-10-12 21:24:45.238837

825hnj8p6js >> Start >> 2020-10-12 21:27:02.569356

825hnj8p6js >> Image Returned >> 2020-10-12 21:27:02.573213

825hnj8p6js >> End >> 2020-10-12 21:27:02.742634

hfkap74wcug >> Start >> 2020-10-12 21:27:37.604867

hfkap74wcug >> Image Returned >> 2020-10-12 21:27:37.608247

hfkap74wcug >> End >> 2020-10-12 21:27:37.808725

densm3czpqm >> Start >> 2020-10-12 21:29:54.790483

densm3czpqm >> Image Returned >> 2020-10-12 21:29:54.793977

densm3czpqm >> End >> 2020-10-12 21:29:54.971569

yyxbsc2vuj8 >> Start >> 2020-10-12 21:30:33.457653

yyxbsc2vuj8 >> Image Returned >> 2020-10-12 21:30:33.461484

yyxbsc2vuj8 >> End >> 2020-10-12 21:30:33.627552

7ag2ai7awh2 >> Start >> 2020-10-12 21:30:51.569761

7ag2ai7awh2 >> Image Returned >> 2020-10-12 21:30:51.573309

7ag2ai7awh2 >> End >> 2020-10-12 21:30:51.780097

kfjhtos0yp0 >> Start >> 2020-10-12 21:31:10.343527

kfjhtos0yp0 >> Image Returned >> 2020-10-12 21:31:10.346816

kfjhtos0yp0 >> End >> 2020-10-12 21:31:10.528834

3kdmtnbrf0f >> Start >> 2020-10-12 21:31:31.190902

3kdmtnbrf0f >> Image Returned >> 2020-10-12 21:31:31.195805

3kdmtnbrf0f >> End >> 2020-10-12 21:31:31.389241

otd8p45agm5 >> Start >> 2020-10-12 21:32:13.914957

otd8p45agm5 >> Image Returned >> 2020-10-12 21:32:13.918272

otd8p45agm5 >> End >> 2020-10-12 21:32:14.085046

fi28mborcuj >> Start >> 2020-10-12 21:43:49.252628

fi28mborcuj >> Image Returned >> 2020-10-12 21:43:49.256264

fi28mborcuj >> End >> 2020-10-12 21:43:49.422265

twuk4w3tzrf >> Start >> 2020-10-12 21:47:22.950560

twuk4w3tzrf >> Image Returned >> 2020-10-12 21:47:22.954679

twuk4w3tzrf >> End >> 2020-10-12 21:47:23.119122

ynksnmrw0h6 >> Start >> 2020-10-12 21:49:00.348469

ynksnmrw0h6 >> Image Returned >> 2020-10-12 21:49:00.352771

ynksnmrw0h6 >> End >> 2020-10-12 21:49:00.515007

c6odfhmh4jm >> Start >> 2020-10-12 21:49:09.484471

c6odfhmh4jm >> Image Returned >> 2020-10-12 21:49:09.484782

c6odfhmh4jm >> End >> 2020-10-12 21:49:09.644119

k2jau6guxr5 >> Start >> 2020-10-12 21:55:39.322362

k2jau6guxr5 >> Image Returned >> 2020-10-12 21:55:39.325977

k2jau6guxr5 >> End >> 2020-10-12 21:55:39.524086

dmwpbqbt8sh >> Start >> 2020-10-12 21:57:22.459553

dmwpbqbt8sh >> Image Returned >> 2020-10-12 21:57:22.462821

dmwpbqbt8sh >> End >> 2020-10-12 21:57:22.693566

g4hsz7nvwak >> Start >> 2020-10-12 22:08:02.833626

g4hsz7nvwak >> Image Returned >> 2020-10-12 22:08:02.837845

g4hsz7nvwak >> End >> 2020-10-12 22:08:03.037542

6ajbwfdeipy >> Start >> 2020-10-12 22:13:51.163427

6ajbwfdeipy >> Image Returned >> 2020-10-12 22:13:51.166754

6ajbwfdeipy >> End >> 2020-10-12 22:13:51.360666

gsmdejszkv6 >> Start >> 2020-10-12 22:22:55.816488

gsmdejszkv6 >> Image Returned >> 2020-10-12 22:22:55.820962

gsmdejszkv6 >> End >> 2020-10-12 22:22:55.985008

aohw7fwmrwb >> Start >> 2020-10-12 22:23:04.794967

aohw7fwmrwb >> Image Returned >> 2020-10-12 22:23:04.795367

aohw7fwmrwb >> End >> 2020-10-12 22:23:04.966304

xx7pxqypcu2 >> Start >> 2020-10-12 22:25:41.559750

xx7pxqypcu2 >> Image Returned >> 2020-10-12 22:25:41.564235

xx7pxqypcu2 >> End >> 2020-10-12 22:25:41.743710

fgs2iqxhwtu >> Start >> 2020-10-12 22:33:23.262260

fgs2iqxhwtu >> Image Returned >> 2020-10-12 22:33:23.265829

fgs2iqxhwtu >> End >> 2020-10-12 22:33:23.444992

3n5zyn2r7e8 >> Start >> 2020-10-12 22:38:15.313569

3n5zyn2r7e8 >> Image Returned >> 2020-10-12 22:38:15.319693

3n5zyn2r7e8 >> End >> 2020-10-12 22:38:15.481952

qrffhk6kqvc >> Start >> 2020-10-12 22:51:20.537107

qrffhk6kqvc >> Image Returned >> 2020-10-12 22:51:20.541851

qrffhk6kqvc >> End >> 2020-10-12 22:51:20.720990

j3d7dgaq3wi >> Start >> 2020-10-12 23:01:04.065594

j3d7dgaq3wi >> Image Returned >> 2020-10-12 23:01:04.069515

j3d7dgaq3wi >> End >> 2020-10-12 23:01:04.237535

fwoyoecxxbc >> Start >> 2020-10-12 23:13:36.741254

fwoyoecxxbc >> Image Returned >> 2020-10-12 23:13:36.744849

fwoyoecxxbc >> End >> 2020-10-12 23:13:36.925246

2tkk8tpdecp >> Start >> 2020-10-12 23:21:12.920654

2tkk8tpdecp >> Image Returned >> 2020-10-12 23:21:12.925751

2tkk8tpdecp >> End >> 2020-10-12 23:21:13.110452

4yreyotpt50 >> Start >> 2020-10-12 23:23:00.813958

4yreyotpt50 >> Image Returned >> 2020-10-12 23:23:00.817564

4yreyotpt50 >> End >> 2020-10-12 23:23:01.008232

77djc6ms86h >> Start >> 2020-10-12 23:28:39.840444

77djc6ms86h >> Image Returned >> 2020-10-12 23:28:39.844722

77djc6ms86h >> End >> 2020-10-12 23:28:40.016973

trc0at6kvwn >> Start >> 2020-10-12 23:31:59.577450

trc0at6kvwn >> Image Returned >> 2020-10-12 23:31:59.580909

trc0at6kvwn >> End >> 2020-10-12 23:31:59.754080

aoux2szid5e >> Start >> 2020-10-12 23:37:11.762366

aoux2szid5e >> Image Returned >> 2020-10-12 23:37:11.767503

aoux2szid5e >> End >> 2020-10-12 23:37:11.945828

k64nutothd5 >> Start >> 2020-10-12 23:45:53.911333

k64nutothd5 >> Image Returned >> 2020-10-12 23:45:53.915246

k64nutothd5 >> End >> 2020-10-12 23:45:54.090398

dkmnhcte4qw >> Start >> 2020-10-12 23:48:44.739599

dkmnhcte4qw >> Image Returned >> 2020-10-12 23:48:44.744142

dkmnhcte4qw >> End >> 2020-10-12 23:48:44.914434

