vopv82mctvu >> Start >> 2020-08-06 00:08:28.266360

vopv82mctvu >> Image Returned >> 2020-08-06 00:08:28.272423

vopv82mctvu >> End >> 2020-08-06 00:08:28.410011

f0bojmfqb37 >> Start >> 2020-08-06 00:16:51.248030

f0bojmfqb37 >> Image Returned >> 2020-08-06 00:16:51.252448

f0bojmfqb37 >> End >> 2020-08-06 00:16:51.393789

zvmk7gzvwfi >> Start >> 2020-08-06 00:33:24.228338

zvmk7gzvwfi >> Image Returned >> 2020-08-06 00:33:24.232327

zvmk7gzvwfi >> End >> 2020-08-06 00:33:24.413188

rc3bpw6iv6r >> Start >> 2020-08-06 00:41:25.855739

rc3bpw6iv6r >> Image Returned >> 2020-08-06 00:41:25.860058

rc3bpw6iv6r >> End >> 2020-08-06 00:41:25.999098

2ukypkdnv4e >> Start >> 2020-08-06 01:26:00.575207

2ukypkdnv4e >> Image Returned >> 2020-08-06 01:26:00.579842

2ukypkdnv4e >> End >> 2020-08-06 01:26:00.720465

zwi2bbwovpj >> Start >> 2020-08-06 01:26:32.909312

zwi2bbwovpj >> Image Returned >> 2020-08-06 01:26:32.912844

zwi2bbwovpj >> End >> 2020-08-06 01:26:33.058224

3n6o07i0s0n >> Start >> 2020-08-06 01:26:43.478852

3n6o07i0s0n >> Image Returned >> 2020-08-06 01:26:43.479160

3n6o07i0s0n >> End >> 2020-08-06 01:26:43.618663

kd20b2nt4ki >> Start >> 2020-08-06 02:08:06.449292

kd20b2nt4ki >> Image Returned >> 2020-08-06 02:08:06.452903

kd20b2nt4ki >> End >> 2020-08-06 02:08:06.594944

tkgmmm7aya7 >> Start >> 2020-08-06 02:42:48.728267

tkgmmm7aya7 >> Image Returned >> 2020-08-06 02:42:48.733014

tkgmmm7aya7 >> End >> 2020-08-06 02:42:48.935741

j22dojctjs0 >> Start >> 2020-08-06 02:43:26.419471

j22dojctjs0 >> Image Returned >> 2020-08-06 02:43:26.423157

j22dojctjs0 >> End >> 2020-08-06 02:43:26.636940

rbkkvw62fua >> Start >> 2020-08-06 04:44:16.348649

rbkkvw62fua >> Image Returned >> 2020-08-06 04:44:16.352765

rbkkvw62fua >> End >> 2020-08-06 04:44:16.502212

bf5qz42zixp >> Start >> 2020-08-06 04:45:53.864770

bf5qz42zixp >> Image Returned >> 2020-08-06 04:45:53.868413

bf5qz42zixp >> End >> 2020-08-06 04:45:54.004565

4k4nnv6nzsx >> Start >> 2020-08-06 04:54:02.580820

4k4nnv6nzsx >> Image Returned >> 2020-08-06 04:54:02.586183

4k4nnv6nzsx >> End >> 2020-08-06 04:54:02.771447

ym7heqf5xcr >> Start >> 2020-08-06 05:03:38.954758

ym7heqf5xcr >> Image Returned >> 2020-08-06 05:03:38.958301

ym7heqf5xcr >> End >> 2020-08-06 05:03:39.096739

jvs63ytuyaf >> Start >> 2020-08-06 05:22:50.798954

jvs63ytuyaf >> Image Returned >> 2020-08-06 05:22:50.802643

jvs63ytuyaf >> End >> 2020-08-06 05:22:50.941677

dsq5zakqysk >> Start >> 2020-08-06 05:30:26.780350

dsq5zakqysk >> Image Returned >> 2020-08-06 05:30:26.783921

dsq5zakqysk >> End >> 2020-08-06 05:30:26.930679

p06j3cv2q8x >> Start >> 2020-08-06 06:29:58.019797

p06j3cv2q8x >> Image Returned >> 2020-08-06 06:29:58.026789

p06j3cv2q8x >> End >> 2020-08-06 06:29:58.182205

64rtrfzgugk >> Start >> 2020-08-06 06:49:34.952214

64rtrfzgugk >> Image Returned >> 2020-08-06 06:49:34.958069

64rtrfzgugk >> End >> 2020-08-06 06:49:35.098687

44puma2uy8n >> Start >> 2020-08-06 06:53:19.476969

44puma2uy8n >> Image Returned >> 2020-08-06 06:53:19.481553

44puma2uy8n >> End >> 2020-08-06 06:53:19.617943

kzisotptn4o >> Start >> 2020-08-06 07:03:31.227561

kzisotptn4o >> Image Returned >> 2020-08-06 07:03:31.232147

kzisotptn4o >> End >> 2020-08-06 07:03:31.375698

nkz6nnhag0u >> Start >> 2020-08-06 07:17:40.292784

nkz6nnhag0u >> Image Returned >> 2020-08-06 07:17:40.296411

nkz6nnhag0u >> End >> 2020-08-06 07:17:40.436573

q54w3nauo8m >> Start >> 2020-08-06 07:22:52.127921

q54w3nauo8m >> Image Returned >> 2020-08-06 07:22:52.132143

q54w3nauo8m >> End >> 2020-08-06 07:22:52.270833

4uiqfoesyq8 >> Start >> 2020-08-06 07:23:03.547146

4uiqfoesyq8 >> Image Returned >> 2020-08-06 07:23:03.552704

4uiqfoesyq8 >> End >> 2020-08-06 07:23:03.692212

z6dwd52ip6t >> Start >> 2020-08-06 07:44:08.364644

z6dwd52ip6t >> Image Returned >> 2020-08-06 07:44:08.368989

z6dwd52ip6t >> End >> 2020-08-06 07:44:08.509044

auzmsyyf5qe >> Start >> 2020-08-06 07:55:15.394332

auzmsyyf5qe >> Image Returned >> 2020-08-06 07:55:15.398706

auzmsyyf5qe >> End >> 2020-08-06 07:55:15.538280

hjrswgcxjsp >> Start >> 2020-08-06 07:56:16.804096

hjrswgcxjsp >> Image Returned >> 2020-08-06 07:56:16.808315

hjrswgcxjsp >> End >> 2020-08-06 07:56:16.952630

xw2rpu7oedv >> Start >> 2020-08-06 08:09:19.959155

xw2rpu7oedv >> Image Returned >> 2020-08-06 08:09:19.962568

xw2rpu7oedv >> End >> 2020-08-06 08:09:20.108516

vq4xridpa43 >> Start >> 2020-08-06 08:12:45.342569

vq4xridpa43 >> Image Returned >> 2020-08-06 08:12:45.346607

vq4xridpa43 >> End >> 2020-08-06 08:12:45.488543

a4ng76afmo6 >> Start >> 2020-08-06 08:25:55.953905

a4ng76afmo6 >> Image Returned >> 2020-08-06 08:25:55.957516

a4ng76afmo6 >> End >> 2020-08-06 08:25:56.096956

pirhw846wmg >> Start >> 2020-08-06 08:40:14.651814

pirhw846wmg >> Image Returned >> 2020-08-06 08:40:14.657624

pirhw846wmg >> End >> 2020-08-06 08:40:14.807889

jaxtz6vnyom >> Start >> 2020-08-06 09:02:28.028860

jaxtz6vnyom >> Image Returned >> 2020-08-06 09:02:28.033096

jaxtz6vnyom >> End >> 2020-08-06 09:02:28.176459

xy6t4kgx5ms >> Start >> 2020-08-06 09:07:12.711807

xy6t4kgx5ms >> Image Returned >> 2020-08-06 09:07:12.716171

xy6t4kgx5ms >> End >> 2020-08-06 09:07:12.854418

gwp7v7pmsfn >> Start >> 2020-08-06 09:12:29.384388

gwp7v7pmsfn >> Image Returned >> 2020-08-06 09:12:29.390125

gwp7v7pmsfn >> End >> 2020-08-06 09:12:29.534039

mqkpbj7sm8w >> Start >> 2020-08-06 09:21:25.129993

mqkpbj7sm8w >> Image Returned >> 2020-08-06 09:21:25.135443

mqkpbj7sm8w >> End >> 2020-08-06 09:21:25.280127

bzfnaixfybg >> Start >> 2020-08-06 09:28:49.770391

bzfnaixfybg >> Image Returned >> 2020-08-06 09:28:49.775022

bzfnaixfybg >> End >> 2020-08-06 09:28:49.913836

h38yxfomyfv >> Start >> 2020-08-06 09:30:16.659954

h38yxfomyfv >> Image Returned >> 2020-08-06 09:30:16.665188

h38yxfomyfv >> End >> 2020-08-06 09:30:16.810889

khqaifawuzm >> Start >> 2020-08-06 09:39:23.572118

khqaifawuzm >> Image Returned >> 2020-08-06 09:39:23.578989

khqaifawuzm >> End >> 2020-08-06 09:39:23.722286

dkjsg30dm2m >> Start >> 2020-08-06 10:20:59.535537

dkjsg30dm2m >> Image Returned >> 2020-08-06 10:20:59.539311

dkjsg30dm2m >> End >> 2020-08-06 10:20:59.685041

eav6j5scz86 >> Start >> 2020-08-06 10:27:49.512512

eav6j5scz86 >> Image Returned >> 2020-08-06 10:27:49.516769

eav6j5scz86 >> End >> 2020-08-06 10:27:49.660119

c0apazo0hrc >> Start >> 2020-08-06 10:32:37.199160

c0apazo0hrc >> Image Returned >> 2020-08-06 10:32:37.204488

c0apazo0hrc >> End >> 2020-08-06 10:32:37.358216

qccia3uw24h >> Start >> 2020-08-06 10:51:55.891015

qccia3uw24h >> Image Returned >> 2020-08-06 10:51:55.895418

qccia3uw24h >> End >> 2020-08-06 10:51:56.033349

abu6tmbbra0 >> Start >> 2020-08-06 11:08:40.947371

abu6tmbbra0 >> Image Returned >> 2020-08-06 11:08:40.951313

abu6tmbbra0 >> End >> 2020-08-06 11:08:41.092955

bs0ifwdhjeb >> Start >> 2020-08-06 11:09:15.715238

bs0ifwdhjeb >> Image Returned >> 2020-08-06 11:09:15.718827

bs0ifwdhjeb >> End >> 2020-08-06 11:09:15.863435

kwke0mj0h7y >> Start >> 2020-08-06 11:25:33.631614

kwke0mj0h7y >> Image Returned >> 2020-08-06 11:25:33.635993

kwke0mj0h7y >> End >> 2020-08-06 11:25:33.780247

zov4zntf3bo >> Start >> 2020-08-06 11:25:56.264866

zov4zntf3bo >> Image Returned >> 2020-08-06 11:25:56.268332

zov4zntf3bo >> End >> 2020-08-06 11:25:56.448743

72yw55auxxq >> Start >> 2020-08-06 11:26:10.498524

72yw55auxxq >> Image Returned >> 2020-08-06 11:26:10.504407

72yw55auxxq >> End >> 2020-08-06 11:26:10.645442

ydzswjhk07s >> Start >> 2020-08-06 11:26:17.514952

ydzswjhk07s >> Image Returned >> 2020-08-06 11:26:17.515274

ydzswjhk07s >> End >> 2020-08-06 11:26:17.652290

jkjnzqpv2dh >> Start >> 2020-08-06 11:37:18.893773

jkjnzqpv2dh >> Image Returned >> 2020-08-06 11:37:18.898813

jkjnzqpv2dh >> End >> 2020-08-06 11:37:19.038630

fbj785iutm7 >> Start >> 2020-08-06 11:37:19.141469

fbj785iutm7 >> Image Returned >> 2020-08-06 11:37:19.141779

fbj785iutm7 >> End >> 2020-08-06 11:37:19.285444

qdfxjopss2u >> Start >> 2020-08-06 11:45:22.257404

qdfxjopss2u >> Image Returned >> 2020-08-06 11:45:22.261912

qdfxjopss2u >> End >> 2020-08-06 11:45:22.402215

6mjtyep3gkc >> Start >> 2020-08-06 11:45:26.418571

6mjtyep3gkc >> Image Returned >> 2020-08-06 11:45:26.418909

6mjtyep3gkc >> End >> 2020-08-06 11:45:26.559940

2kcby8hc7au >> Start >> 2020-08-06 11:55:09.403565

2kcby8hc7au >> Image Returned >> 2020-08-06 11:55:09.411195

2kcby8hc7au >> End >> 2020-08-06 11:55:09.580097

zzbzh44mbfw >> Start >> 2020-08-06 11:56:02.354233

zzbzh44mbfw >> Image Returned >> 2020-08-06 11:56:02.358335

zzbzh44mbfw >> End >> 2020-08-06 11:56:02.530142

4za2u3fs23z >> Start >> 2020-08-06 12:12:32.106945

4za2u3fs23z >> Image Returned >> 2020-08-06 12:12:32.110711

4za2u3fs23z >> End >> 2020-08-06 12:12:32.270479

4dnx56044o8 >> Start >> 2020-08-06 12:40:53.099319

4dnx56044o8 >> Image Returned >> 2020-08-06 12:40:53.103368

4dnx56044o8 >> End >> 2020-08-06 12:40:53.240180

27umu6rgtaq >> Start >> 2020-08-06 12:43:39.216135

27umu6rgtaq >> Image Returned >> 2020-08-06 12:43:39.219702

27umu6rgtaq >> End >> 2020-08-06 12:43:39.360410

4g02x557g23 >> Start >> 2020-08-06 12:45:29.093867

4g02x557g23 >> Image Returned >> 2020-08-06 12:45:29.099456

4g02x557g23 >> End >> 2020-08-06 12:45:29.243325

btxy6g5tdti >> Start >> 2020-08-06 12:46:08.828136

btxy6g5tdti >> Image Returned >> 2020-08-06 12:46:08.831629

btxy6g5tdti >> End >> 2020-08-06 12:46:08.975740

wzz5w4rtcv4 >> Start >> 2020-08-06 12:52:43.776422

wzz5w4rtcv4 >> Image Returned >> 2020-08-06 12:52:43.780015

wzz5w4rtcv4 >> End >> 2020-08-06 12:52:43.905595

fe58rpqq083 >> Start >> 2020-08-06 13:01:31.235215

fe58rpqq083 >> Image Returned >> 2020-08-06 13:01:31.240127

fe58rpqq083 >> End >> 2020-08-06 13:01:31.432704

0gxrm7r3xhd >> Start >> 2020-08-06 13:10:26.780459

0gxrm7r3xhd >> Image Returned >> 2020-08-06 13:10:26.785013

0gxrm7r3xhd >> End >> 2020-08-06 13:10:26.936434

70yn5z8kdnu >> Start >> 2020-08-06 13:10:44.287539

70yn5z8kdnu >> Image Returned >> 2020-08-06 13:10:44.291244

70yn5z8kdnu >> End >> 2020-08-06 13:10:44.431364

kebqmrgz5d2 >> Start >> 2020-08-06 13:13:34.148679

kebqmrgz5d2 >> Image Returned >> 2020-08-06 13:13:34.153166

kebqmrgz5d2 >> End >> 2020-08-06 13:13:34.295563

8y4kpvttfzb >> Start >> 2020-08-06 13:14:06.094089

8y4kpvttfzb >> Image Returned >> 2020-08-06 13:14:06.097670

8y4kpvttfzb >> End >> 2020-08-06 13:14:06.240829

6te4svpn2zr >> Start >> 2020-08-06 13:20:18.519785

6te4svpn2zr >> Image Returned >> 2020-08-06 13:20:18.523494

6te4svpn2zr >> End >> 2020-08-06 13:20:18.669414

a8s0bnugfap >> Start >> 2020-08-06 13:23:42.244215

a8s0bnugfap >> Image Returned >> 2020-08-06 13:23:42.247756

a8s0bnugfap >> End >> 2020-08-06 13:23:42.393996

3s40hko3eos >> Start >> 2020-08-06 13:37:54.285173

3s40hko3eos >> Image Returned >> 2020-08-06 13:37:54.288866

3s40hko3eos >> End >> 2020-08-06 13:37:54.438633

hpx7c6haz52 >> Start >> 2020-08-06 13:41:02.176763

hpx7c6haz52 >> Image Returned >> 2020-08-06 13:41:02.180980

hpx7c6haz52 >> End >> 2020-08-06 13:41:02.328612

mp45qgvw0jq >> Start >> 2020-08-06 13:41:54.232434

mp45qgvw0jq >> Image Returned >> 2020-08-06 13:41:54.236772

mp45qgvw0jq >> End >> 2020-08-06 13:41:54.378659

pi0264wfong >> Start >> 2020-08-06 13:48:35.901113

pi0264wfong >> Image Returned >> 2020-08-06 13:48:35.905889

pi0264wfong >> End >> 2020-08-06 13:48:36.056633

3y0ztqkmfrp >> Start >> 2020-08-06 14:06:01.174539

3y0ztqkmfrp >> Image Returned >> 2020-08-06 14:06:01.178605

3y0ztqkmfrp >> End >> 2020-08-06 14:06:01.343065

frvwrm5k0hb >> Start >> 2020-08-06 14:20:13.582132

frvwrm5k0hb >> Image Returned >> 2020-08-06 14:20:13.586354

frvwrm5k0hb >> End >> 2020-08-06 14:20:13.783689

8ewxrijmua2 >> Start >> 2020-08-06 14:27:41.888915

8ewxrijmua2 >> Image Returned >> 2020-08-06 14:27:41.893590

8ewxrijmua2 >> End >> 2020-08-06 14:27:42.028748

54x2scqwxbr >> Start >> 2020-08-06 14:28:27.080146

54x2scqwxbr >> Image Returned >> 2020-08-06 14:28:27.084942

54x2scqwxbr >> End >> 2020-08-06 14:28:27.236897

tdocgy5c2ym >> Start >> 2020-08-06 14:36:43.458492

tdocgy5c2ym >> Image Returned >> 2020-08-06 14:36:43.464725

tdocgy5c2ym >> End >> 2020-08-06 14:36:43.616100

3m38djvm4qv >> Start >> 2020-08-06 14:43:02.091006

3m38djvm4qv >> Image Returned >> 2020-08-06 14:43:02.094563

3m38djvm4qv >> End >> 2020-08-06 14:43:02.236474

vvig6m442eo >> Start >> 2020-08-06 14:52:33.752756

vvig6m442eo >> Image Returned >> 2020-08-06 14:52:33.756437

vvig6m442eo >> End >> 2020-08-06 14:52:33.896851

ze6twtjmqcu >> Start >> 2020-08-06 14:54:48.486283

ze6twtjmqcu >> Image Returned >> 2020-08-06 14:54:48.490473

ze6twtjmqcu >> End >> 2020-08-06 14:54:48.633544

645k6xiezoc >> Start >> 2020-08-06 15:20:47.632805

645k6xiezoc >> Image Returned >> 2020-08-06 15:20:47.637161

645k6xiezoc >> End >> 2020-08-06 15:20:47.783970

2ch5ieo8bu6 >> Start >> 2020-08-06 15:33:05.908441

2ch5ieo8bu6 >> Image Returned >> 2020-08-06 15:33:05.913408

2ch5ieo8bu6 >> End >> 2020-08-06 15:33:06.053045

yxgckpisjz0 >> Start >> 2020-08-06 15:33:16.213522

yxgckpisjz0 >> Image Returned >> 2020-08-06 15:33:16.213807

yxgckpisjz0 >> End >> 2020-08-06 15:33:16.384063

kgka48wzhiq >> Start >> 2020-08-06 15:33:16.479924

kgka48wzhiq >> Image Returned >> 2020-08-06 15:33:16.480252

kgka48wzhiq >> End >> 2020-08-06 15:33:16.624217

y5y3zgghxnc >> Start >> 2020-08-06 15:33:48.982912

y5y3zgghxnc >> Image Returned >> 2020-08-06 15:33:48.986995

y5y3zgghxnc >> End >> 2020-08-06 15:33:49.131551

o4iytnwwkti >> Start >> 2020-08-06 15:35:19.597462

o4iytnwwkti >> Image Returned >> 2020-08-06 15:35:19.601737

o4iytnwwkti >> End >> 2020-08-06 15:35:19.747133

mwxxd8v6tto >> Start >> 2020-08-06 15:37:47.522818

mwxxd8v6tto >> Image Returned >> 2020-08-06 15:37:47.526453

mwxxd8v6tto >> End >> 2020-08-06 15:37:47.677310

08ww2i7z6qm >> Start >> 2020-08-06 16:01:35.880131

08ww2i7z6qm >> Image Returned >> 2020-08-06 16:01:35.884641

08ww2i7z6qm >> End >> 2020-08-06 16:01:36.086064

jovtiddrfqi >> Start >> 2020-08-06 16:01:53.406936

jovtiddrfqi >> Image Returned >> 2020-08-06 16:01:53.410712

jovtiddrfqi >> End >> 2020-08-06 16:01:53.546466

tirgnwbmjrt >> Start >> 2020-08-06 16:02:20.048129

tirgnwbmjrt >> Image Returned >> 2020-08-06 16:02:20.052844

tirgnwbmjrt >> End >> 2020-08-06 16:02:20.198113

uk3h75ewy8q >> Start >> 2020-08-06 16:32:36.614697

uk3h75ewy8q >> Image Returned >> 2020-08-06 16:32:36.620101

uk3h75ewy8q >> End >> 2020-08-06 16:32:36.793576

gzga6orhfts >> Start >> 2020-08-06 16:48:19.983094

gzga6orhfts >> Image Returned >> 2020-08-06 16:48:19.986773

gzga6orhfts >> End >> 2020-08-06 16:48:20.142016

qwro5x2zphg >> Start >> 2020-08-06 16:50:16.661961

qwro5x2zphg >> Image Returned >> 2020-08-06 16:50:16.666944

qwro5x2zphg >> End >> 2020-08-06 16:50:16.803050

fc8exg0gg4o >> Start >> 2020-08-06 17:12:04.651899

fc8exg0gg4o >> Image Returned >> 2020-08-06 17:12:04.656483

fc8exg0gg4o >> End >> 2020-08-06 17:12:04.804534

z3c0fxjgtje >> Start >> 2020-08-06 17:14:57.965234

z3c0fxjgtje >> Image Returned >> 2020-08-06 17:14:57.970318

z3c0fxjgtje >> End >> 2020-08-06 17:14:58.117276

z7b68je4bi2 >> Start >> 2020-08-06 17:27:04.782263

z7b68je4bi2 >> Image Returned >> 2020-08-06 17:27:04.787015

z7b68je4bi2 >> End >> 2020-08-06 17:27:04.933286

f6r3576gjff >> Start >> 2020-08-06 17:27:24.962224

f6r3576gjff >> Image Returned >> 2020-08-06 17:27:24.966387

f6r3576gjff >> End >> 2020-08-06 17:27:25.105827

fnesm3riokx >> Start >> 2020-08-06 17:33:25.733339

fnesm3riokx >> Image Returned >> 2020-08-06 17:33:25.739061

fnesm3riokx >> End >> 2020-08-06 17:33:25.887953

jqoz02k2g6e >> Start >> 2020-08-06 17:39:26.182673

jqoz02k2g6e >> Image Returned >> 2020-08-06 17:39:26.188636

jqoz02k2g6e >> End >> 2020-08-06 17:39:26.337522

fcxppeqgev2 >> Start >> 2020-08-06 17:39:35.048664

fcxppeqgev2 >> Image Returned >> 2020-08-06 17:39:35.048975

fcxppeqgev2 >> End >> 2020-08-06 17:39:35.182960

pikfk3xtjyq >> Start >> 2020-08-06 17:41:09.108542

pikfk3xtjyq >> Image Returned >> 2020-08-06 17:41:09.112118

pikfk3xtjyq >> End >> 2020-08-06 17:41:09.258904

h7a4faepiqv >> Start >> 2020-08-06 17:45:47.206022

h7a4faepiqv >> Image Returned >> 2020-08-06 17:45:47.213435

h7a4faepiqv >> End >> 2020-08-06 17:45:47.364778

y7ptxwxp4iv >> Start >> 2020-08-06 17:49:52.449350

y7ptxwxp4iv >> Image Returned >> 2020-08-06 17:49:52.453097

y7ptxwxp4iv >> End >> 2020-08-06 17:49:52.611742

70d4vduqyca >> Start >> 2020-08-06 17:51:00.651787

70d4vduqyca >> Image Returned >> 2020-08-06 17:51:00.656410

70d4vduqyca >> End >> 2020-08-06 17:51:00.803634

c4mqk5yj4c5 >> Start >> 2020-08-06 17:51:32.914124

c4mqk5yj4c5 >> Image Returned >> 2020-08-06 17:51:32.918528

c4mqk5yj4c5 >> End >> 2020-08-06 17:51:33.058995

hf4tq8sbvbp >> Start >> 2020-08-06 17:53:10.641367

hf4tq8sbvbp >> Image Returned >> 2020-08-06 17:53:10.645859

hf4tq8sbvbp >> End >> 2020-08-06 17:53:10.787434

maiz0r7hqww >> Start >> 2020-08-06 17:59:58.798904

maiz0r7hqww >> Image Returned >> 2020-08-06 17:59:58.805246

maiz0r7hqww >> End >> 2020-08-06 17:59:58.943403

a08gwfq42nj >> Start >> 2020-08-06 18:14:27.460432

a08gwfq42nj >> Image Returned >> 2020-08-06 18:14:27.464015

a08gwfq42nj >> End >> 2020-08-06 18:14:27.601433

rm5hdy3bm5y >> Start >> 2020-08-06 18:26:25.837785

rm5hdy3bm5y >> Image Returned >> 2020-08-06 18:26:25.841505

rm5hdy3bm5y >> End >> 2020-08-06 18:26:25.990648

hjidu4zxegw >> Start >> 2020-08-06 18:26:51.152137

hjidu4zxegw >> Image Returned >> 2020-08-06 18:26:51.156749

hjidu4zxegw >> End >> 2020-08-06 18:26:51.304425

b87jo2hj6my >> Start >> 2020-08-06 18:35:21.803251

b87jo2hj6my >> Image Returned >> 2020-08-06 18:35:21.807712

b87jo2hj6my >> End >> 2020-08-06 18:35:21.948703

p4xqmyvhwqb >> Start >> 2020-08-06 19:30:30.626072

p4xqmyvhwqb >> Image Returned >> 2020-08-06 19:30:30.632910

p4xqmyvhwqb >> End >> 2020-08-06 19:30:30.778352

of0md5qr4c4 >> Start >> 2020-08-06 19:49:20.765799

of0md5qr4c4 >> Image Returned >> 2020-08-06 19:49:20.771754

of0md5qr4c4 >> End >> 2020-08-06 19:49:20.919015

5yx4ykaegik >> Start >> 2020-08-06 19:53:06.266016

5yx4ykaegik >> Image Returned >> 2020-08-06 19:53:06.272484

5yx4ykaegik >> End >> 2020-08-06 19:53:06.422085

ogayd32r5bu >> Start >> 2020-08-06 19:53:57.107280

ogayd32r5bu >> Image Returned >> 2020-08-06 19:53:57.111977

ogayd32r5bu >> End >> 2020-08-06 19:53:57.253724

4zi2r4ouw4f >> Start >> 2020-08-06 19:54:23.021891

4zi2r4ouw4f >> Image Returned >> 2020-08-06 19:54:23.025482

4zi2r4ouw4f >> End >> 2020-08-06 19:54:23.168745

ng5au0yx3qb >> Start >> 2020-08-06 19:58:07.750556

ng5au0yx3qb >> Image Returned >> 2020-08-06 19:58:07.755140

ng5au0yx3qb >> End >> 2020-08-06 19:58:07.905174

r2t6e76tpre >> Start >> 2020-08-06 19:58:53.243473

r2t6e76tpre >> Image Returned >> 2020-08-06 19:58:53.248244

r2t6e76tpre >> End >> 2020-08-06 19:58:53.391288

nm08jrt2e7g >> Start >> 2020-08-06 19:59:03.480012

nm08jrt2e7g >> Image Returned >> 2020-08-06 19:59:03.480375

nm08jrt2e7g >> End >> 2020-08-06 19:59:03.627769

tk5kfz0j2w0 >> Start >> 2020-08-06 19:59:03.745242

tk5kfz0j2w0 >> Image Returned >> 2020-08-06 19:59:03.745554

tk5kfz0j2w0 >> End >> 2020-08-06 19:59:03.886408

rh5rxon4d8p >> Start >> 2020-08-06 20:01:01.071651

rh5rxon4d8p >> Image Returned >> 2020-08-06 20:01:01.077914

rh5rxon4d8p >> End >> 2020-08-06 20:01:01.227941

myusq7p6i85 >> Start >> 2020-08-06 20:23:35.809076

myusq7p6i85 >> Image Returned >> 2020-08-06 20:23:35.813602

myusq7p6i85 >> End >> 2020-08-06 20:23:35.959300

2jagdqjnzj8 >> Start >> 2020-08-06 20:24:31.543802

2jagdqjnzj8 >> Image Returned >> 2020-08-06 20:24:31.547399

2jagdqjnzj8 >> End >> 2020-08-06 20:24:31.696835

sbp2jjy0ns2 >> Start >> 2020-08-06 20:42:00.086987

sbp2jjy0ns2 >> Image Returned >> 2020-08-06 20:42:00.092195

sbp2jjy0ns2 >> End >> 2020-08-06 20:42:00.233196

o0t0ez447h4 >> Start >> 2020-08-06 20:50:51.583260

o0t0ez447h4 >> Image Returned >> 2020-08-06 20:50:51.589751

o0t0ez447h4 >> End >> 2020-08-06 20:50:51.731748

pcjpiem2bo3 >> Start >> 2020-08-06 21:23:07.662653

pcjpiem2bo3 >> Image Returned >> 2020-08-06 21:23:07.666589

pcjpiem2bo3 >> End >> 2020-08-06 21:23:07.807996

n6s4kqeeaf2 >> Start >> 2020-08-06 21:34:36.964370

n6s4kqeeaf2 >> Image Returned >> 2020-08-06 21:34:36.969593

n6s4kqeeaf2 >> End >> 2020-08-06 21:34:37.111478

5d0ghbcp0kf >> Start >> 2020-08-06 21:55:04.076646

5d0ghbcp0kf >> Image Returned >> 2020-08-06 21:55:04.081860

5d0ghbcp0kf >> End >> 2020-08-06 21:55:04.224109

ie3w5i5rres >> Start >> 2020-08-06 22:06:59.801562

ie3w5i5rres >> Image Returned >> 2020-08-06 22:06:59.806535

ie3w5i5rres >> End >> 2020-08-06 22:06:59.947856

5wmduj805ow >> Start >> 2020-08-06 22:15:07.583375

5wmduj805ow >> Image Returned >> 2020-08-06 22:15:07.588803

5wmduj805ow >> End >> 2020-08-06 22:15:07.733215

vemr8hfnuc5 >> Start >> 2020-08-06 22:18:44.748733

vemr8hfnuc5 >> Image Returned >> 2020-08-06 22:18:44.754734

vemr8hfnuc5 >> End >> 2020-08-06 22:18:44.898999

orbk2ercsmt >> Start >> 2020-08-06 22:19:38.942492

orbk2ercsmt >> Image Returned >> 2020-08-06 22:19:38.947035

orbk2ercsmt >> End >> 2020-08-06 22:19:39.099540

e8tob3ofpha >> Start >> 2020-08-06 22:35:42.079482

e8tob3ofpha >> Image Returned >> 2020-08-06 22:35:42.084779

e8tob3ofpha >> End >> 2020-08-06 22:35:42.224519

k8777cqg5iw >> Start >> 2020-08-06 22:38:23.715091

k8777cqg5iw >> Image Returned >> 2020-08-06 22:38:23.719510

k8777cqg5iw >> End >> 2020-08-06 22:38:23.861228

3m6gyrhewme >> Start >> 2020-08-06 22:53:04.154978

3m6gyrhewme >> Image Returned >> 2020-08-06 22:53:04.160501

3m6gyrhewme >> End >> 2020-08-06 22:53:04.303927

s8nh55z6fkn >> Start >> 2020-08-06 22:54:33.993686

s8nh55z6fkn >> Image Returned >> 2020-08-06 22:54:33.997998

s8nh55z6fkn >> End >> 2020-08-06 22:54:34.139930

7qwcr2mn864 >> Start >> 2020-08-06 23:38:19.557014

7qwcr2mn864 >> Image Returned >> 2020-08-06 23:38:19.560822

7qwcr2mn864 >> End >> 2020-08-06 23:38:19.755686

tnwfq07h6ma >> Start >> 2020-08-06 23:46:22.718276

tnwfq07h6ma >> Image Returned >> 2020-08-06 23:46:22.722095

tnwfq07h6ma >> End >> 2020-08-06 23:46:22.863322

xmgk2fq3i8u >> Start >> 2020-08-06 23:47:33.684978

xmgk2fq3i8u >> Image Returned >> 2020-08-06 23:47:33.691063

xmgk2fq3i8u >> End >> 2020-08-06 23:47:33.835335

qmvpwuds3g3 >> Start >> 2020-08-06 23:51:39.229888

qmvpwuds3g3 >> Image Returned >> 2020-08-06 23:51:39.234363

qmvpwuds3g3 >> End >> 2020-08-06 23:51:39.371939

