dvjrjqv203m >> Start >> 2020-08-27 00:17:08.059891

dvjrjqv203m >> Image Returned >> 2020-08-27 00:17:08.064084

dvjrjqv203m >> End >> 2020-08-27 00:17:08.205971

f5g8wwvssg6 >> Start >> 2020-08-27 00:22:07.291785

f5g8wwvssg6 >> Image Returned >> 2020-08-27 00:22:07.297416

f5g8wwvssg6 >> End >> 2020-08-27 00:22:07.447295

7b8j4bz4im0 >> Start >> 2020-08-27 01:00:11.536781

7b8j4bz4im0 >> Image Returned >> 2020-08-27 01:00:11.542398

7b8j4bz4im0 >> End >> 2020-08-27 01:00:11.686197

vsoyxqtus53 >> Start >> 2020-08-27 01:00:58.138392

vsoyxqtus53 >> Image Returned >> 2020-08-27 01:00:58.143440

vsoyxqtus53 >> End >> 2020-08-27 01:00:58.298516

kr3f3g8zor7 >> Start >> 2020-08-27 01:05:50.104139

kr3f3g8zor7 >> Image Returned >> 2020-08-27 01:05:50.111694

kr3f3g8zor7 >> End >> 2020-08-27 01:05:50.259315

m26z3fgwxot >> Start >> 2020-08-27 01:06:58.770319

m26z3fgwxot >> Image Returned >> 2020-08-27 01:06:58.775615

m26z3fgwxot >> End >> 2020-08-27 01:06:58.925674

forrighdx7j >> Start >> 2020-08-27 01:30:17.325817

forrighdx7j >> Image Returned >> 2020-08-27 01:30:17.330846

forrighdx7j >> End >> 2020-08-27 01:30:17.473092

dpzskwtwjj7 >> Start >> 2020-08-27 01:58:41.439620

dpzskwtwjj7 >> Image Returned >> 2020-08-27 01:58:41.446281

dpzskwtwjj7 >> End >> 2020-08-27 01:58:41.603420

tujhbhpum2h >> Start >> 2020-08-27 02:41:37.184006

tujhbhpum2h >> Image Returned >> 2020-08-27 02:41:37.187736

tujhbhpum2h >> End >> 2020-08-27 02:41:37.336564

mvotnnehqn6 >> Start >> 2020-08-27 03:05:03.178023

mvotnnehqn6 >> Image Returned >> 2020-08-27 03:05:03.183096

mvotnnehqn6 >> End >> 2020-08-27 03:05:03.323623

2cmrc2pbr8m >> Start >> 2020-08-27 04:06:31.366345

2cmrc2pbr8m >> Image Returned >> 2020-08-27 04:06:31.370166

2cmrc2pbr8m >> End >> 2020-08-27 04:06:31.517630

a8ofnxrw0nf >> Start >> 2020-08-27 05:20:59.059958

a8ofnxrw0nf >> Image Returned >> 2020-08-27 05:20:59.063783

a8ofnxrw0nf >> End >> 2020-08-27 05:20:59.204978

5hzdrkvjd2y >> Start >> 2020-08-27 05:21:08.965389

5hzdrkvjd2y >> Image Returned >> 2020-08-27 05:21:08.965679

5hzdrkvjd2y >> End >> 2020-08-27 05:21:09.108544

tkmqmzgud4v >> Start >> 2020-08-27 05:21:42.390002

tkmqmzgud4v >> Image Returned >> 2020-08-27 05:21:42.393846

tkmqmzgud4v >> End >> 2020-08-27 05:21:42.538757

jc4koc7byqi >> Start >> 2020-08-27 05:23:12.751745

jc4koc7byqi >> Image Returned >> 2020-08-27 05:23:12.755456

jc4koc7byqi >> End >> 2020-08-27 05:23:12.905036

hfnnnecs7r5 >> Start >> 2020-08-27 06:09:13.769557

hfnnnecs7r5 >> Image Returned >> 2020-08-27 06:09:13.773431

hfnnnecs7r5 >> End >> 2020-08-27 06:09:13.917200

a36xkwp0rws >> Start >> 2020-08-27 06:13:20.384085

a36xkwp0rws >> Image Returned >> 2020-08-27 06:13:20.387890

a36xkwp0rws >> End >> 2020-08-27 06:13:20.533173

4tqc7tee5aj >> Start >> 2020-08-27 06:53:54.508388

4tqc7tee5aj >> Image Returned >> 2020-08-27 06:53:54.513056

4tqc7tee5aj >> End >> 2020-08-27 06:53:54.667418

55ctjr07exo >> Start >> 2020-08-27 07:16:18.435703

55ctjr07exo >> Image Returned >> 2020-08-27 07:16:18.439623

55ctjr07exo >> End >> 2020-08-27 07:16:18.583266

i7hkbrpq0bt >> Start >> 2020-08-27 07:22:38.925187

i7hkbrpq0bt >> Image Returned >> 2020-08-27 07:22:38.929949

i7hkbrpq0bt >> End >> 2020-08-27 07:22:39.082437

incx3fg73a3 >> Start >> 2020-08-27 07:43:41.377851

incx3fg73a3 >> Image Returned >> 2020-08-27 07:43:41.383985

incx3fg73a3 >> End >> 2020-08-27 07:43:41.531112

0vj80fcsri2 >> Start >> 2020-08-27 07:46:31.646231

0vj80fcsri2 >> Image Returned >> 2020-08-27 07:46:31.650232

0vj80fcsri2 >> End >> 2020-08-27 07:46:31.801670

njbepmgkdaz >> Start >> 2020-08-27 07:46:38.701910

njbepmgkdaz >> Image Returned >> 2020-08-27 07:46:38.702311

njbepmgkdaz >> End >> 2020-08-27 07:46:38.865245

njw0n4dfk76 >> Start >> 2020-08-27 07:46:48.102982

njw0n4dfk76 >> Image Returned >> 2020-08-27 07:46:48.103277

njw0n4dfk76 >> End >> 2020-08-27 07:46:48.245735

ab7jrxcm6ry >> Start >> 2020-08-27 07:47:06.489363

ab7jrxcm6ry >> Image Returned >> 2020-08-27 07:47:06.493143

ab7jrxcm6ry >> End >> 2020-08-27 07:47:06.636837

za8ohi70hc3 >> Start >> 2020-08-27 07:51:15.584379

za8ohi70hc3 >> Image Returned >> 2020-08-27 07:51:15.588685

za8ohi70hc3 >> End >> 2020-08-27 07:51:15.732901

wemqtnh2wna >> Start >> 2020-08-27 07:54:25.977839

wemqtnh2wna >> Image Returned >> 2020-08-27 07:54:25.982283

wemqtnh2wna >> End >> 2020-08-27 07:54:26.123289

p7fxdwiwxdi >> Start >> 2020-08-27 07:56:45.335630

p7fxdwiwxdi >> Image Returned >> 2020-08-27 07:56:45.339534

p7fxdwiwxdi >> End >> 2020-08-27 07:56:45.493469

oqtrtw0h3iu >> Start >> 2020-08-27 07:56:58.879745

oqtrtw0h3iu >> Image Returned >> 2020-08-27 07:56:58.884004

oqtrtw0h3iu >> End >> 2020-08-27 07:56:59.026061

n34ryzoeo3q >> Start >> 2020-08-27 08:01:05.569112

n34ryzoeo3q >> Image Returned >> 2020-08-27 08:01:05.573075

n34ryzoeo3q >> End >> 2020-08-27 08:01:05.726032

gzkq76bb6cx >> Start >> 2020-08-27 08:12:52.103353

gzkq76bb6cx >> Image Returned >> 2020-08-27 08:12:52.107575

gzkq76bb6cx >> End >> 2020-08-27 08:12:52.262530

bi2jwqhgix6 >> Start >> 2020-08-27 08:15:45.559715

bi2jwqhgix6 >> Image Returned >> 2020-08-27 08:15:45.563402

bi2jwqhgix6 >> End >> 2020-08-27 08:15:45.714688

kk83i8cfyvd >> Start >> 2020-08-27 08:18:23.437747

kk83i8cfyvd >> Image Returned >> 2020-08-27 08:18:23.442363

kk83i8cfyvd >> End >> 2020-08-27 08:18:23.586831

pafspqjc5ye >> Start >> 2020-08-27 08:21:14.007440

pafspqjc5ye >> Image Returned >> 2020-08-27 08:21:14.012434

pafspqjc5ye >> End >> 2020-08-27 08:21:14.157278

7tt7f8kpffj >> Start >> 2020-08-27 08:21:51.625535

7tt7f8kpffj >> Image Returned >> 2020-08-27 08:21:51.630778

7tt7f8kpffj >> End >> 2020-08-27 08:21:51.782222

nwpqtvgy70k >> Start >> 2020-08-27 08:26:05.623466

nwpqtvgy70k >> Image Returned >> 2020-08-27 08:26:05.628070

nwpqtvgy70k >> End >> 2020-08-27 08:26:05.778686

7qgujhhzcc8 >> Start >> 2020-08-27 08:26:58.958481

7qgujhhzcc8 >> Image Returned >> 2020-08-27 08:26:58.962860

7qgujhhzcc8 >> End >> 2020-08-27 08:26:59.109241

7r86boytipv >> Start >> 2020-08-27 08:35:30.820157

7r86boytipv >> Image Returned >> 2020-08-27 08:35:30.824619

7r86boytipv >> End >> 2020-08-27 08:35:30.982074

0xjhvwh6knc >> Start >> 2020-08-27 08:42:15.127991

0xjhvwh6knc >> Image Returned >> 2020-08-27 08:42:15.132904

0xjhvwh6knc >> End >> 2020-08-27 08:42:15.279493

k7d8wzpcwcx >> Start >> 2020-08-27 08:43:19.803947

k7d8wzpcwcx >> Image Returned >> 2020-08-27 08:43:19.807607

k7d8wzpcwcx >> End >> 2020-08-27 08:43:19.951037

r633t6z8yzm >> Start >> 2020-08-27 08:47:46.704169

r633t6z8yzm >> Image Returned >> 2020-08-27 08:47:46.708004

r633t6z8yzm >> End >> 2020-08-27 08:47:46.865154

4ymv4tc88op >> Start >> 2020-08-27 08:51:40.974071

4ymv4tc88op >> Image Returned >> 2020-08-27 08:51:40.977885

4ymv4tc88op >> End >> 2020-08-27 08:51:41.118851

kr8ap6d2hjg >> Start >> 2020-08-27 08:52:28.648031

kr8ap6d2hjg >> Image Returned >> 2020-08-27 08:52:28.653351

kr8ap6d2hjg >> End >> 2020-08-27 08:52:28.797539

p3e40pz0yfu >> Start >> 2020-08-27 08:59:29.916604

p3e40pz0yfu >> Image Returned >> 2020-08-27 08:59:29.920465

p3e40pz0yfu >> End >> 2020-08-27 08:59:30.060153

jqmo2yss3md >> Start >> 2020-08-27 09:03:20.188339

jqmo2yss3md >> Image Returned >> 2020-08-27 09:03:20.193905

jqmo2yss3md >> End >> 2020-08-27 09:03:20.352298

qi02z4jywx8 >> Start >> 2020-08-27 09:05:40.356045

qi02z4jywx8 >> Image Returned >> 2020-08-27 09:05:40.359790

qi02z4jywx8 >> End >> 2020-08-27 09:05:40.518702

r8u5yx0uzn7 >> Start >> 2020-08-27 09:14:59.100562

r8u5yx0uzn7 >> Image Returned >> 2020-08-27 09:14:59.105000

r8u5yx0uzn7 >> End >> 2020-08-27 09:14:59.355752

cm7crz35634 >> Start >> 2020-08-27 09:16:07.388731

cm7crz35634 >> Image Returned >> 2020-08-27 09:16:07.392398

cm7crz35634 >> End >> 2020-08-27 09:16:07.541281

f6g6bd6caq8 >> Start >> 2020-08-27 09:17:33.706650

f6g6bd6caq8 >> Image Returned >> 2020-08-27 09:17:33.710715

f6g6bd6caq8 >> End >> 2020-08-27 09:17:33.856306

xkdt7jziwm6 >> Start >> 2020-08-27 09:19:45.692081

xkdt7jziwm6 >> Image Returned >> 2020-08-27 09:19:45.697120

xkdt7jziwm6 >> End >> 2020-08-27 09:19:45.856786

5wg3zmyj8ju >> Start >> 2020-08-27 09:21:57.935096

5wg3zmyj8ju >> Image Returned >> 2020-08-27 09:21:57.939205

5wg3zmyj8ju >> End >> 2020-08-27 09:21:58.079327

o8085ikhkmg >> Start >> 2020-08-27 09:37:45.467856

o8085ikhkmg >> Image Returned >> 2020-08-27 09:37:45.472383

o8085ikhkmg >> End >> 2020-08-27 09:37:45.653451

bqcwhdk265m >> Start >> 2020-08-27 09:38:34.513454

bqcwhdk265m >> Image Returned >> 2020-08-27 09:38:34.517142

bqcwhdk265m >> End >> 2020-08-27 09:38:34.661328

t4ys43eo40w >> Start >> 2020-08-27 09:38:37.236365

t4ys43eo40w >> Image Returned >> 2020-08-27 09:38:37.236711

t4ys43eo40w >> End >> 2020-08-27 09:38:37.386549

3cbn3f04tky >> Start >> 2020-08-27 09:43:10.521039

3cbn3f04tky >> Image Returned >> 2020-08-27 09:43:10.525409

3cbn3f04tky >> End >> 2020-08-27 09:43:10.682324

0t5ud5k7r2e >> Start >> 2020-08-27 09:46:52.882762

0t5ud5k7r2e >> Image Returned >> 2020-08-27 09:46:52.886538

0t5ud5k7r2e >> End >> 2020-08-27 09:46:53.034813

2qoh7rkz4vn >> Start >> 2020-08-27 09:51:22.910418

2qoh7rkz4vn >> Image Returned >> 2020-08-27 09:51:22.914946

2qoh7rkz4vn >> End >> 2020-08-27 09:51:23.057595

kwb3ngdqo7t >> Start >> 2020-08-27 09:52:10.782248

kwb3ngdqo7t >> Image Returned >> 2020-08-27 09:52:10.786274

kwb3ngdqo7t >> End >> 2020-08-27 09:52:10.936114

axcr48cag76 >> Start >> 2020-08-27 09:52:27.817994

axcr48cag76 >> Image Returned >> 2020-08-27 09:52:27.821585

axcr48cag76 >> End >> 2020-08-27 09:52:27.972414

gwwjmjiqnh6 >> Start >> 2020-08-27 09:53:24.442116

gwwjmjiqnh6 >> Image Returned >> 2020-08-27 09:53:24.446436

gwwjmjiqnh6 >> End >> 2020-08-27 09:53:24.589970

u7rk7zdgogi >> Start >> 2020-08-27 09:54:50.560842

u7rk7zdgogi >> Image Returned >> 2020-08-27 09:54:50.564543

u7rk7zdgogi >> End >> 2020-08-27 09:54:50.710709

dao0tvip5m6 >> Start >> 2020-08-27 09:55:49.202385

dao0tvip5m6 >> Image Returned >> 2020-08-27 09:55:49.206239

dao0tvip5m6 >> End >> 2020-08-27 09:55:49.349055

5p2kod5p5a0 >> Start >> 2020-08-27 09:56:16.532036

5p2kod5p5a0 >> Image Returned >> 2020-08-27 09:56:16.536355

5p2kod5p5a0 >> End >> 2020-08-27 09:56:16.659687

6hoptg2oh0o >> Start >> 2020-08-27 09:58:21.433645

6hoptg2oh0o >> Image Returned >> 2020-08-27 09:58:21.437726

6hoptg2oh0o >> End >> 2020-08-27 09:58:21.578027

e28q0tpvtrd >> Start >> 2020-08-27 09:58:29.514100

e28q0tpvtrd >> Image Returned >> 2020-08-27 09:58:29.514431

e28q0tpvtrd >> End >> 2020-08-27 09:58:29.659274

q86otnh6v53 >> Start >> 2020-08-27 09:58:59.520901

q86otnh6v53 >> Image Returned >> 2020-08-27 09:58:59.525099

q86otnh6v53 >> End >> 2020-08-27 09:58:59.667676

wwkrhqfk8gk >> Start >> 2020-08-27 09:59:59.532805

wwkrhqfk8gk >> Image Returned >> 2020-08-27 09:59:59.537475

wwkrhqfk8gk >> End >> 2020-08-27 09:59:59.682816

8ho4qu3hhni >> Start >> 2020-08-27 10:00:29.517102

8ho4qu3hhni >> Image Returned >> 2020-08-27 10:00:29.520773

8ho4qu3hhni >> End >> 2020-08-27 10:00:29.669869

ru8tpeqt830 >> Start >> 2020-08-27 10:00:59.520517

ru8tpeqt830 >> Image Returned >> 2020-08-27 10:00:59.524868

ru8tpeqt830 >> End >> 2020-08-27 10:00:59.673957

yf7hhamt5i2 >> Start >> 2020-08-27 10:01:20.882246

yf7hhamt5i2 >> Image Returned >> 2020-08-27 10:01:20.887018

yf7hhamt5i2 >> End >> 2020-08-27 10:01:21.031764

f2ao0arynn5 >> Start >> 2020-08-27 10:08:51.467186

f2ao0arynn5 >> Image Returned >> 2020-08-27 10:08:51.472054

f2ao0arynn5 >> End >> 2020-08-27 10:08:51.622100

wc7y4d67t6c >> Start >> 2020-08-27 10:12:28.776254

wc7y4d67t6c >> Image Returned >> 2020-08-27 10:12:28.781214

wc7y4d67t6c >> End >> 2020-08-27 10:12:28.925904

5eapvk0ai85 >> Start >> 2020-08-27 10:25:38.639497

5eapvk0ai85 >> Image Returned >> 2020-08-27 10:25:38.644069

5eapvk0ai85 >> End >> 2020-08-27 10:25:38.790225

fnbe40t7hgm >> Start >> 2020-08-27 10:27:28.929614

fnbe40t7hgm >> Image Returned >> 2020-08-27 10:27:28.933649

fnbe40t7hgm >> End >> 2020-08-27 10:27:29.084017

84dyog2jt3o >> Start >> 2020-08-27 10:30:04.589643

84dyog2jt3o >> Image Returned >> 2020-08-27 10:30:04.595190

84dyog2jt3o >> End >> 2020-08-27 10:30:04.740689

mwv8odjtw4s >> Start >> 2020-08-27 10:37:49.748642

mwv8odjtw4s >> Image Returned >> 2020-08-27 10:37:49.752419

mwv8odjtw4s >> End >> 2020-08-27 10:37:49.892725

p8qiqdrb52v >> Start >> 2020-08-27 10:50:19.512538

p8qiqdrb52v >> Image Returned >> 2020-08-27 10:50:19.517791

p8qiqdrb52v >> End >> 2020-08-27 10:50:19.665016

oo5vfcinn82 >> Start >> 2020-08-27 10:50:45.615230

oo5vfcinn82 >> Image Returned >> 2020-08-27 10:50:45.618931

oo5vfcinn82 >> End >> 2020-08-27 10:50:45.761991

hcyhjfdfiro >> Start >> 2020-08-27 10:56:25.713301

hcyhjfdfiro >> Image Returned >> 2020-08-27 10:56:25.717483

hcyhjfdfiro >> End >> 2020-08-27 10:56:25.865906

rugv3y6mbfg >> Start >> 2020-08-27 11:01:36.662189

rugv3y6mbfg >> Image Returned >> 2020-08-27 11:01:36.665967

rugv3y6mbfg >> End >> 2020-08-27 11:01:36.813731

6imoxgyh8bn >> Start >> 2020-08-27 11:01:51.525862

6imoxgyh8bn >> Image Returned >> 2020-08-27 11:01:51.530045

6imoxgyh8bn >> End >> 2020-08-27 11:01:51.672583

0yje50krwsg >> Start >> 2020-08-27 11:03:33.244132

0yje50krwsg >> Image Returned >> 2020-08-27 11:03:33.249125

0yje50krwsg >> End >> 2020-08-27 11:03:33.392194

cr5twbnqutj >> Start >> 2020-08-27 11:04:14.875386

cr5twbnqutj >> Image Returned >> 2020-08-27 11:04:14.880124

cr5twbnqutj >> End >> 2020-08-27 11:04:15.027255

zevjhw0g6fg >> Start >> 2020-08-27 11:08:11.637274

zevjhw0g6fg >> Image Returned >> 2020-08-27 11:08:11.641668

zevjhw0g6fg >> End >> 2020-08-27 11:08:11.789262

feauvioix0g >> Start >> 2020-08-27 11:08:19.138691

feauvioix0g >> Image Returned >> 2020-08-27 11:08:19.139079

feauvioix0g >> End >> 2020-08-27 11:08:19.283785

kh0yd5fr7ik >> Start >> 2020-08-27 11:09:23.977647

kh0yd5fr7ik >> Image Returned >> 2020-08-27 11:09:23.981551

kh0yd5fr7ik >> End >> 2020-08-27 11:09:24.142849

mopo44zqgze >> Start >> 2020-08-27 11:33:12.186716

mopo44zqgze >> Image Returned >> 2020-08-27 11:33:12.190691

mopo44zqgze >> End >> 2020-08-27 11:33:12.343524

yxwuvg6disg >> Start >> 2020-08-27 11:34:03.186013

yxwuvg6disg >> Image Returned >> 2020-08-27 11:34:03.189760

yxwuvg6disg >> End >> 2020-08-27 11:34:03.341978

4vckk3o33bt >> Start >> 2020-08-27 12:03:54.004472

4vckk3o33bt >> Image Returned >> 2020-08-27 12:03:54.009774

4vckk3o33bt >> End >> 2020-08-27 12:03:54.161827

k6htk3tcvzh >> Start >> 2020-08-27 12:09:00.929955

k6htk3tcvzh >> Image Returned >> 2020-08-27 12:09:00.934185

k6htk3tcvzh >> End >> 2020-08-27 12:09:01.096633

jt4fqz4y22x >> Start >> 2020-08-27 12:11:39.879995

jt4fqz4y22x >> Image Returned >> 2020-08-27 12:11:39.883893

jt4fqz4y22x >> End >> 2020-08-27 12:11:40.028357

pygcexh8uui >> Start >> 2020-08-27 12:12:40.576356

pygcexh8uui >> Image Returned >> 2020-08-27 12:12:40.580173

pygcexh8uui >> End >> 2020-08-27 12:12:40.703257

zhexbvq58sr >> Start >> 2020-08-27 12:12:55.538834

zhexbvq58sr >> Image Returned >> 2020-08-27 12:12:55.542568

zhexbvq58sr >> End >> 2020-08-27 12:12:55.684957

uv6m6effmve >> Start >> 2020-08-27 12:16:18.736475

uv6m6effmve >> Image Returned >> 2020-08-27 12:16:18.740485

uv6m6effmve >> End >> 2020-08-27 12:16:18.886010

urcqhbroveb >> Start >> 2020-08-27 12:26:41.823328

urcqhbroveb >> Image Returned >> 2020-08-27 12:26:41.828399

urcqhbroveb >> End >> 2020-08-27 12:26:41.979135

yx6gitjisoc >> Start >> 2020-08-27 12:27:10.008867

yx6gitjisoc >> Image Returned >> 2020-08-27 12:27:10.013242

yx6gitjisoc >> End >> 2020-08-27 12:27:10.161175

mbn058oneqc >> Start >> 2020-08-27 12:31:43.277009

mbn058oneqc >> Image Returned >> 2020-08-27 12:31:43.282478

mbn058oneqc >> End >> 2020-08-27 12:31:43.431967

3vdtrj0ne4u >> Start >> 2020-08-27 12:33:04.443124

3vdtrj0ne4u >> Image Returned >> 2020-08-27 12:33:04.446866

3vdtrj0ne4u >> End >> 2020-08-27 12:33:04.628765

5qnntix7byz >> Start >> 2020-08-27 12:42:51.594207

5qnntix7byz >> Image Returned >> 2020-08-27 12:42:51.600126

5qnntix7byz >> End >> 2020-08-27 12:42:51.744545

cyi08qvyg56 >> Start >> 2020-08-27 12:48:38.785142

cyi08qvyg56 >> Image Returned >> 2020-08-27 12:48:38.789973

cyi08qvyg56 >> End >> 2020-08-27 12:48:38.937731

iiifq7u4eqn >> Start >> 2020-08-27 12:48:46.690634

iiifq7u4eqn >> Image Returned >> 2020-08-27 12:48:46.690956

iiifq7u4eqn >> End >> 2020-08-27 12:48:46.837522

65m7zojb6ah >> Start >> 2020-08-27 12:50:19.738425

65m7zojb6ah >> Image Returned >> 2020-08-27 12:50:19.743684

65m7zojb6ah >> End >> 2020-08-27 12:50:19.893253

pd3dqyab4me >> Start >> 2020-08-27 12:53:13.733870

pd3dqyab4me >> Image Returned >> 2020-08-27 12:53:13.739265

pd3dqyab4me >> End >> 2020-08-27 12:53:13.902776

o3d4z4mu46c >> Start >> 2020-08-27 12:53:48.360702

o3d4z4mu46c >> Image Returned >> 2020-08-27 12:53:48.364438

o3d4z4mu46c >> End >> 2020-08-27 12:53:48.515374

iom3dvvd8ji >> Start >> 2020-08-27 12:54:41.075664

iom3dvvd8ji >> Image Returned >> 2020-08-27 12:54:41.079473

iom3dvvd8ji >> End >> 2020-08-27 12:54:41.240554

583t0czu5xg >> Start >> 2020-08-27 12:57:38.660552

583t0czu5xg >> Image Returned >> 2020-08-27 12:57:38.665190

583t0czu5xg >> End >> 2020-08-27 12:57:38.808991

fjisri5zevy >> Start >> 2020-08-27 13:00:39.570791

fjisri5zevy >> Image Returned >> 2020-08-27 13:00:39.576421

fjisri5zevy >> End >> 2020-08-27 13:00:39.722043

bpgopfyanct >> Start >> 2020-08-27 13:01:20.708704

bpgopfyanct >> Image Returned >> 2020-08-27 13:01:20.712547

bpgopfyanct >> End >> 2020-08-27 13:01:20.861812

kd8xhxahh6o >> Start >> 2020-08-27 13:08:17.969331

kd8xhxahh6o >> Image Returned >> 2020-08-27 13:08:17.974143

kd8xhxahh6o >> End >> 2020-08-27 13:08:18.120444

8jmur5txue4 >> Start >> 2020-08-27 13:12:04.008363

8jmur5txue4 >> Image Returned >> 2020-08-27 13:12:04.014025

8jmur5txue4 >> End >> 2020-08-27 13:12:04.169223

k88v2yuasu5 >> Start >> 2020-08-27 13:16:00.678702

k88v2yuasu5 >> Image Returned >> 2020-08-27 13:16:00.684474

k88v2yuasu5 >> End >> 2020-08-27 13:16:00.842263

xrwbdx2ajwh >> Start >> 2020-08-27 13:18:51.407664

xrwbdx2ajwh >> Image Returned >> 2020-08-27 13:18:51.412039

xrwbdx2ajwh >> End >> 2020-08-27 13:18:51.573159

xavb0vgyom6 >> Start >> 2020-08-27 13:18:58.002645

xavb0vgyom6 >> Image Returned >> 2020-08-27 13:18:58.003000

xavb0vgyom6 >> End >> 2020-08-27 13:18:58.145560

cce63aj6c8i >> Start >> 2020-08-27 13:19:52.426541

cce63aj6c8i >> Image Returned >> 2020-08-27 13:19:52.431024

cce63aj6c8i >> End >> 2020-08-27 13:19:52.576436

hoswejrx0i8 >> Start >> 2020-08-27 13:25:19.611610

hoswejrx0i8 >> Image Returned >> 2020-08-27 13:25:19.616303

hoswejrx0i8 >> End >> 2020-08-27 13:25:19.764970

66xzjzr878o >> Start >> 2020-08-27 13:41:20.467513

66xzjzr878o >> Image Returned >> 2020-08-27 13:41:20.472292

66xzjzr878o >> End >> 2020-08-27 13:41:20.637351

v7g7nurgfn3 >> Start >> 2020-08-27 13:43:41.826282

v7g7nurgfn3 >> Image Returned >> 2020-08-27 13:43:41.831387

v7g7nurgfn3 >> End >> 2020-08-27 13:43:41.985479

habaytp3jk8 >> Start >> 2020-08-27 13:52:55.767981

habaytp3jk8 >> Image Returned >> 2020-08-27 13:52:55.773904

habaytp3jk8 >> End >> 2020-08-27 13:52:55.927447

q6m8y7bswx4 >> Start >> 2020-08-27 13:57:03.047841

q6m8y7bswx4 >> Image Returned >> 2020-08-27 13:57:03.052129

q6m8y7bswx4 >> End >> 2020-08-27 13:57:03.197957

fcfxg5aedzk >> Start >> 2020-08-27 13:59:15.305677

fcfxg5aedzk >> Image Returned >> 2020-08-27 13:59:15.311072

fcfxg5aedzk >> End >> 2020-08-27 13:59:15.454369

0jgyt68giaj >> Start >> 2020-08-27 14:00:33.747926

0jgyt68giaj >> Image Returned >> 2020-08-27 14:00:33.748442

0jgyt68giaj >> End >> 2020-08-27 14:00:33.897816

nmd5330us3r >> Start >> 2020-08-27 14:10:11.724461

nmd5330us3r >> Image Returned >> 2020-08-27 14:10:11.728971

nmd5330us3r >> End >> 2020-08-27 14:10:11.878681

jeq8rnu0b4m >> Start >> 2020-08-27 14:10:26.347937

jeq8rnu0b4m >> Image Returned >> 2020-08-27 14:10:26.351978

jeq8rnu0b4m >> End >> 2020-08-27 14:10:26.502999

xfcnew6ycdc >> Start >> 2020-08-27 14:11:26.123514

xfcnew6ycdc >> Image Returned >> 2020-08-27 14:11:26.127866

xfcnew6ycdc >> End >> 2020-08-27 14:11:26.294707

fet6wd2wx0r >> Start >> 2020-08-27 14:17:05.058722

fet6wd2wx0r >> Image Returned >> 2020-08-27 14:17:05.063592

fet6wd2wx0r >> End >> 2020-08-27 14:17:05.225078

ci6p8a7n272 >> Start >> 2020-08-27 14:19:14.823719

ci6p8a7n272 >> Image Returned >> 2020-08-27 14:19:14.828241

ci6p8a7n272 >> End >> 2020-08-27 14:19:15.048702

a2cxq0a5pak >> Start >> 2020-08-27 14:24:31.738585

a2cxq0a5pak >> Image Returned >> 2020-08-27 14:24:31.742566

a2cxq0a5pak >> End >> 2020-08-27 14:24:31.910274

dsiq3oahahn >> Start >> 2020-08-27 14:27:24.781788

dsiq3oahahn >> Image Returned >> 2020-08-27 14:27:24.786674

dsiq3oahahn >> End >> 2020-08-27 14:27:24.933062

zideor6yjob >> Start >> 2020-08-27 14:35:09.237977

zideor6yjob >> Image Returned >> 2020-08-27 14:35:09.242419

zideor6yjob >> End >> 2020-08-27 14:35:09.395019

ut2ij87db06 >> Start >> 2020-08-27 14:40:52.712111

ut2ij87db06 >> Image Returned >> 2020-08-27 14:40:52.717364

ut2ij87db06 >> End >> 2020-08-27 14:40:52.872057

ezc2g6utvpr >> Start >> 2020-08-27 14:50:47.292629

ezc2g6utvpr >> Image Returned >> 2020-08-27 14:50:47.298124

ezc2g6utvpr >> End >> 2020-08-27 14:50:47.450262

ifvoag3oqk2 >> Start >> 2020-08-27 14:53:21.623445

ifvoag3oqk2 >> Image Returned >> 2020-08-27 14:53:21.627099

ifvoag3oqk2 >> End >> 2020-08-27 14:53:21.781403

vwew8mngjoa >> Start >> 2020-08-27 15:09:13.304255

vwew8mngjoa >> Image Returned >> 2020-08-27 15:09:13.309703

vwew8mngjoa >> End >> 2020-08-27 15:09:13.455094

yoonj6uuk3i >> Start >> 2020-08-27 15:10:35.311582

yoonj6uuk3i >> Image Returned >> 2020-08-27 15:10:35.315412

yoonj6uuk3i >> End >> 2020-08-27 15:10:35.458822

f2q8qzbgyae >> Start >> 2020-08-27 15:19:18.568036

f2q8qzbgyae >> Image Returned >> 2020-08-27 15:19:18.572720

f2q8qzbgyae >> End >> 2020-08-27 15:19:18.725337

nyarw4okdsk >> Start >> 2020-08-27 15:29:09.094649

nyarw4okdsk >> Image Returned >> 2020-08-27 15:29:09.098762

nyarw4okdsk >> End >> 2020-08-27 15:29:09.260967

sgs2qhpw337 >> Start >> 2020-08-27 15:29:26.690825

sgs2qhpw337 >> Image Returned >> 2020-08-27 15:29:26.694530

qa2eqq0ve8h >> Start >> 2020-08-27 15:29:26.762985

qa2eqq0ve8h >> Image Returned >> 2020-08-27 15:29:26.766314

sgs2qhpw337 >> End >> 2020-08-27 15:29:26.858942

qa2eqq0ve8h >> End >> 2020-08-27 15:29:26.922080

vnjwsya60uo >> Start >> 2020-08-27 15:29:29.400994

vnjwsya60uo >> Image Returned >> 2020-08-27 15:29:29.401323

vnjwsya60uo >> End >> 2020-08-27 15:29:29.554438

vfei8ejdyar >> Start >> 2020-08-27 15:29:59.403687

vfei8ejdyar >> Image Returned >> 2020-08-27 15:29:59.406958

vfei8ejdyar >> End >> 2020-08-27 15:29:59.559494

4tgijmshqt6 >> Start >> 2020-08-27 15:30:29.404594

4tgijmshqt6 >> Image Returned >> 2020-08-27 15:30:29.408212

4tgijmshqt6 >> End >> 2020-08-27 15:30:29.567302

w7rrs7254ut >> Start >> 2020-08-27 15:30:59.407202

w7rrs7254ut >> Image Returned >> 2020-08-27 15:30:59.410780

w7rrs7254ut >> End >> 2020-08-27 15:30:59.577913

75ikoducz5t >> Start >> 2020-08-27 15:31:05.001751

75ikoducz5t >> Image Returned >> 2020-08-27 15:31:05.002170

75ikoducz5t >> End >> 2020-08-27 15:31:05.158447

garggyd4t3g >> Start >> 2020-08-27 15:34:55.621840

garggyd4t3g >> Image Returned >> 2020-08-27 15:34:55.625509

garggyd4t3g >> End >> 2020-08-27 15:34:55.770854

ouqgcvsy0he >> Start >> 2020-08-27 15:39:40.491548

ouqgcvsy0he >> Image Returned >> 2020-08-27 15:39:40.496505

ouqgcvsy0he >> End >> 2020-08-27 15:39:40.648753

pifgzgfbzoq >> Start >> 2020-08-27 15:44:09.780217

pifgzgfbzoq >> Image Returned >> 2020-08-27 15:44:09.784007

pifgzgfbzoq >> End >> 2020-08-27 15:44:09.937803

fg82pfz3q5g >> Start >> 2020-08-27 15:45:58.020384

fg82pfz3q5g >> Image Returned >> 2020-08-27 15:45:58.024045

fg82pfz3q5g >> End >> 2020-08-27 15:45:58.182493

7c80owwveqz >> Start >> 2020-08-27 15:46:34.895078

7c80owwveqz >> Image Returned >> 2020-08-27 15:46:34.898364

7c80owwveqz >> End >> 2020-08-27 15:46:35.042747

4p2ucx8bcj6 >> Start >> 2020-08-27 15:47:25.986118

4p2ucx8bcj6 >> Image Returned >> 2020-08-27 15:47:25.989414

4p2ucx8bcj6 >> End >> 2020-08-27 15:47:26.151974

bbiik7wrw40 >> Start >> 2020-08-27 15:50:41.708055

bbiik7wrw40 >> Image Returned >> 2020-08-27 15:50:41.711715

bbiik7wrw40 >> End >> 2020-08-27 15:50:41.887840

bhu4gh42f2z >> Start >> 2020-08-27 15:55:06.665015

bhu4gh42f2z >> Image Returned >> 2020-08-27 15:55:06.668370

bhu4gh42f2z >> End >> 2020-08-27 15:55:06.819766

70j3aqez0kt >> Start >> 2020-08-27 15:59:29.496326

70j3aqez0kt >> Image Returned >> 2020-08-27 15:59:29.500303

70j3aqez0kt >> End >> 2020-08-27 15:59:29.647648

gegngc47wbz >> Start >> 2020-08-27 16:02:43.600143

gegngc47wbz >> Image Returned >> 2020-08-27 16:02:43.604504

gegngc47wbz >> End >> 2020-08-27 16:02:43.726618

erjm3obdkmk >> Start >> 2020-08-27 16:06:48.131978

erjm3obdkmk >> Image Returned >> 2020-08-27 16:06:48.137468

erjm3obdkmk >> End >> 2020-08-27 16:06:48.292458

8rnrkx0x8ui >> Start >> 2020-08-27 16:07:09.280632

8rnrkx0x8ui >> Image Returned >> 2020-08-27 16:07:09.284614

8rnrkx0x8ui >> End >> 2020-08-27 16:07:09.439253

k8u6k0x86hx >> Start >> 2020-08-27 16:07:27.503055

k8u6k0x86hx >> Image Returned >> 2020-08-27 16:07:27.506364

k8u6k0x86hx >> End >> 2020-08-27 16:07:27.660197

qhvums7iqae >> Start >> 2020-08-27 16:09:29.494527

qhvums7iqae >> Image Returned >> 2020-08-27 16:09:29.499033

qhvums7iqae >> End >> 2020-08-27 16:09:29.653125

566ohtqgncb >> Start >> 2020-08-27 16:09:59.920011

566ohtqgncb >> Image Returned >> 2020-08-27 16:09:59.923243

566ohtqgncb >> End >> 2020-08-27 16:10:00.072904

xugf70fjd66 >> Start >> 2020-08-27 16:10:11.153345

xugf70fjd66 >> Image Returned >> 2020-08-27 16:10:11.157147

xugf70fjd66 >> End >> 2020-08-27 16:10:11.305989

sgeym5d4ue5 >> Start >> 2020-08-27 16:12:44.001246

sgeym5d4ue5 >> Image Returned >> 2020-08-27 16:12:44.006334

sgeym5d4ue5 >> End >> 2020-08-27 16:12:44.152645

n2srngpfvu3 >> Start >> 2020-08-27 16:13:30.612657

n2srngpfvu3 >> Image Returned >> 2020-08-27 16:13:30.615969

n2srngpfvu3 >> End >> 2020-08-27 16:13:30.765758

snpbjbevv7w >> Start >> 2020-08-27 16:28:31.987322

snpbjbevv7w >> Image Returned >> 2020-08-27 16:28:31.991132

snpbjbevv7w >> End >> 2020-08-27 16:28:32.141345

zpqyh6ecjo8 >> Start >> 2020-08-27 16:36:20.181233

zpqyh6ecjo8 >> Image Returned >> 2020-08-27 16:36:20.185892

zpqyh6ecjo8 >> End >> 2020-08-27 16:36:20.360845

tnbn5zuj5tv >> Start >> 2020-08-27 16:36:48.053162

tnbn5zuj5tv >> Image Returned >> 2020-08-27 16:36:48.056497

tnbn5zuj5tv >> End >> 2020-08-27 16:36:48.201756

agju0a8t30u >> Start >> 2020-08-27 16:50:15.090785

agju0a8t30u >> Image Returned >> 2020-08-27 16:50:15.096407

agju0a8t30u >> End >> 2020-08-27 16:50:15.247241

qy4rtj6h2ue >> Start >> 2020-08-27 16:51:57.025166

qy4rtj6h2ue >> Image Returned >> 2020-08-27 16:51:57.029053

qy4rtj6h2ue >> End >> 2020-08-27 16:51:57.180865

z5qbvqrrsnn >> Start >> 2020-08-27 16:52:41.406105

z5qbvqrrsnn >> Image Returned >> 2020-08-27 16:52:41.410074

z5qbvqrrsnn >> End >> 2020-08-27 16:52:41.559509

ju6aoqm2sy3 >> Start >> 2020-08-27 16:54:51.726473

ju6aoqm2sy3 >> Image Returned >> 2020-08-27 16:54:51.729727

ju6aoqm2sy3 >> End >> 2020-08-27 16:54:51.892014

iany3xepd7k >> Start >> 2020-08-27 16:58:30.666214

iany3xepd7k >> Image Returned >> 2020-08-27 16:58:30.669568

iany3xepd7k >> End >> 2020-08-27 16:58:30.817250

prjs22sgcvg >> Start >> 2020-08-27 17:05:36.492800

prjs22sgcvg >> Image Returned >> 2020-08-27 17:05:36.497093

prjs22sgcvg >> End >> 2020-08-27 17:05:36.863902

7tznz8qhqvh >> Start >> 2020-08-27 17:06:21.789367

7tznz8qhqvh >> Image Returned >> 2020-08-27 17:06:21.793258

7tznz8qhqvh >> End >> 2020-08-27 17:06:21.940119

ku3xvyzhe8z >> Start >> 2020-08-27 17:11:23.351888

ku3xvyzhe8z >> Image Returned >> 2020-08-27 17:11:23.355720

ku3xvyzhe8z >> End >> 2020-08-27 17:11:23.506171

b5f7x3omn2z >> Start >> 2020-08-27 17:17:29.437916

b5f7x3omn2z >> Image Returned >> 2020-08-27 17:17:29.444207

b5f7x3omn2z >> End >> 2020-08-27 17:17:29.588149

n6aavwo2r5i >> Start >> 2020-08-27 17:21:11.706429

n6aavwo2r5i >> Image Returned >> 2020-08-27 17:21:11.710789

n6aavwo2r5i >> End >> 2020-08-27 17:21:11.859067

ri4mpbbi43x >> Start >> 2020-08-27 17:34:21.461172

ri4mpbbi43x >> Image Returned >> 2020-08-27 17:34:21.464771

ri4mpbbi43x >> End >> 2020-08-27 17:34:21.628479

dy0toqzh8u5 >> Start >> 2020-08-27 17:34:34.883429

dy0toqzh8u5 >> Image Returned >> 2020-08-27 17:34:34.886677

dy0toqzh8u5 >> End >> 2020-08-27 17:34:35.032361

maciwtjnrjk >> Start >> 2020-08-27 17:54:41.050647

maciwtjnrjk >> Image Returned >> 2020-08-27 17:54:41.055434

maciwtjnrjk >> End >> 2020-08-27 17:54:41.206042

jus6e4gfmtr >> Start >> 2020-08-27 18:17:05.337745

jus6e4gfmtr >> Image Returned >> 2020-08-27 18:17:05.341826

jus6e4gfmtr >> End >> 2020-08-27 18:17:05.489197

kv7bhq5ak60 >> Start >> 2020-08-27 18:28:09.641416

kv7bhq5ak60 >> Image Returned >> 2020-08-27 18:28:09.646652

kv7bhq5ak60 >> End >> 2020-08-27 18:28:09.796391

yxqix6srv86 >> Start >> 2020-08-27 18:36:51.519922

yxqix6srv86 >> Image Returned >> 2020-08-27 18:36:51.523782

yxqix6srv86 >> End >> 2020-08-27 18:36:51.674449

q38ntjj2hza >> Start >> 2020-08-27 18:52:41.522401

q38ntjj2hza >> Image Returned >> 2020-08-27 18:52:41.528023

q38ntjj2hza >> End >> 2020-08-27 18:52:41.678369

j7b6u0zahkx >> Start >> 2020-08-27 18:53:49.597103

j7b6u0zahkx >> Image Returned >> 2020-08-27 18:53:49.600781

j7b6u0zahkx >> End >> 2020-08-27 18:53:49.770103

niitzr25nx8 >> Start >> 2020-08-27 18:54:11.703339

niitzr25nx8 >> Image Returned >> 2020-08-27 18:54:11.708143

niitzr25nx8 >> End >> 2020-08-27 18:54:11.854820

gm22y85zjou >> Start >> 2020-08-27 19:00:05.609774

gm22y85zjou >> Image Returned >> 2020-08-27 19:00:05.613531

gm22y85zjou >> End >> 2020-08-27 19:00:05.763473

eqmhtqny4yq >> Start >> 2020-08-27 19:04:01.961750

eqmhtqny4yq >> Image Returned >> 2020-08-27 19:04:01.966259

eqmhtqny4yq >> End >> 2020-08-27 19:04:02.118812

s0t7xbsnd40 >> Start >> 2020-08-27 19:21:33.315314

s0t7xbsnd40 >> Image Returned >> 2020-08-27 19:21:33.321122

s0t7xbsnd40 >> End >> 2020-08-27 19:21:33.473218

ryxsgvjqgig >> Start >> 2020-08-27 19:22:30.767365

ryxsgvjqgig >> Image Returned >> 2020-08-27 19:22:30.771558

ryxsgvjqgig >> End >> 2020-08-27 19:22:30.925802

md6kubc7mbo >> Start >> 2020-08-27 19:25:29.506730

md6kubc7mbo >> Image Returned >> 2020-08-27 19:25:29.511096

md6kubc7mbo >> End >> 2020-08-27 19:25:29.664135

ymimw3euugw >> Start >> 2020-08-27 19:27:37.413067

ymimw3euugw >> Image Returned >> 2020-08-27 19:27:37.417521

ymimw3euugw >> End >> 2020-08-27 19:27:37.562189

jyjsgxhe326 >> Start >> 2020-08-27 19:31:01.728522

jyjsgxhe326 >> Image Returned >> 2020-08-27 19:31:01.733598

jyjsgxhe326 >> End >> 2020-08-27 19:31:01.899374

bjhwf5qsq3a >> Start >> 2020-08-27 19:31:19.918500

bjhwf5qsq3a >> Image Returned >> 2020-08-27 19:31:19.922466

bjhwf5qsq3a >> End >> 2020-08-27 19:31:20.069720

xcd2t0nhiih >> Start >> 2020-08-27 19:38:05.990797

xcd2t0nhiih >> Image Returned >> 2020-08-27 19:38:05.994920

xcd2t0nhiih >> End >> 2020-08-27 19:38:06.148582

iqjwq33envs >> Start >> 2020-08-27 19:38:14.981295

iqjwq33envs >> Image Returned >> 2020-08-27 19:38:14.981597

iqjwq33envs >> End >> 2020-08-27 19:38:15.130774

ewiu8wtw8y0 >> Start >> 2020-08-27 19:38:15.195575

ewiu8wtw8y0 >> Image Returned >> 2020-08-27 19:38:15.195895

ewiu8wtw8y0 >> End >> 2020-08-27 19:38:15.348512

q74ei7ntpff >> Start >> 2020-08-27 19:39:10.747459

q74ei7ntpff >> Image Returned >> 2020-08-27 19:39:10.751322

q74ei7ntpff >> End >> 2020-08-27 19:39:10.899044

6obqj7njjk7 >> Start >> 2020-08-27 19:50:47.787595

6obqj7njjk7 >> Image Returned >> 2020-08-27 19:50:47.791706

6obqj7njjk7 >> End >> 2020-08-27 19:50:47.943166

4gdeyd8jnb3 >> Start >> 2020-08-27 19:52:37.608069

4gdeyd8jnb3 >> Image Returned >> 2020-08-27 19:52:37.611833

4gdeyd8jnb3 >> End >> 2020-08-27 19:52:37.759665

upn4kq45rq8 >> Start >> 2020-08-27 20:04:58.254749

upn4kq45rq8 >> Image Returned >> 2020-08-27 20:04:58.258764

upn4kq45rq8 >> End >> 2020-08-27 20:04:58.409512

v4a78sptinv >> Start >> 2020-08-27 20:05:09.234910

v4a78sptinv >> Image Returned >> 2020-08-27 20:05:09.235213

v4a78sptinv >> End >> 2020-08-27 20:05:09.382210

e0tznh7j06z >> Start >> 2020-08-27 20:15:57.102129

e0tznh7j06z >> Image Returned >> 2020-08-27 20:15:57.106228

e0tznh7j06z >> End >> 2020-08-27 20:15:57.253563

omb3nkoomdb >> Start >> 2020-08-27 20:22:33.884242

omb3nkoomdb >> Image Returned >> 2020-08-27 20:22:33.889677

omb3nkoomdb >> End >> 2020-08-27 20:22:34.031709

mb3z08qeazw >> Start >> 2020-08-27 20:22:52.481165

mb3z08qeazw >> Image Returned >> 2020-08-27 20:22:52.484421

mb3z08qeazw >> End >> 2020-08-27 20:22:52.630990

z7dzfu3hz3m >> Start >> 2020-08-27 20:25:21.379684

z7dzfu3hz3m >> Image Returned >> 2020-08-27 20:25:21.384895

z7dzfu3hz3m >> End >> 2020-08-27 20:25:21.560400

fgwb25z2gzc >> Start >> 2020-08-27 20:27:34.203520

fgwb25z2gzc >> Image Returned >> 2020-08-27 20:27:34.209361

fgwb25z2gzc >> End >> 2020-08-27 20:27:34.362193

yasfg3pwj5f >> Start >> 2020-08-27 20:27:39.660465

yasfg3pwj5f >> Image Returned >> 2020-08-27 20:27:39.660906

yasfg3pwj5f >> End >> 2020-08-27 20:27:39.808809

boauy6iy5xj >> Start >> 2020-08-27 20:28:47.425466

boauy6iy5xj >> Image Returned >> 2020-08-27 20:28:47.429394

boauy6iy5xj >> End >> 2020-08-27 20:28:47.579961

k2e30jvn06c >> Start >> 2020-08-27 20:29:53.884619

k2e30jvn06c >> Image Returned >> 2020-08-27 20:29:53.888473

k2e30jvn06c >> End >> 2020-08-27 20:29:54.042212

u56psfvs7h0 >> Start >> 2020-08-27 20:30:14.244601

u56psfvs7h0 >> Image Returned >> 2020-08-27 20:30:14.247912

u56psfvs7h0 >> End >> 2020-08-27 20:30:14.398519

do8emhde4u3 >> Start >> 2020-08-27 20:33:45.447177

do8emhde4u3 >> Image Returned >> 2020-08-27 20:33:45.451066

do8emhde4u3 >> End >> 2020-08-27 20:33:45.610726

8ez4zeabazf >> Start >> 2020-08-27 20:34:32.548250

8ez4zeabazf >> Image Returned >> 2020-08-27 20:34:32.551620

8ez4zeabazf >> End >> 2020-08-27 20:34:32.691905

r72behikeuc >> Start >> 2020-08-27 20:54:07.530266

r72behikeuc >> Image Returned >> 2020-08-27 20:54:07.535418

r72behikeuc >> End >> 2020-08-27 20:54:07.680301

atft74gyzc3 >> Start >> 2020-08-27 20:57:50.401705

atft74gyzc3 >> Image Returned >> 2020-08-27 20:57:50.407834

atft74gyzc3 >> End >> 2020-08-27 20:57:50.555286

ioooq6pkzuw >> Start >> 2020-08-27 20:59:05.129286

ioooq6pkzuw >> Image Returned >> 2020-08-27 20:59:05.133574

ioooq6pkzuw >> End >> 2020-08-27 20:59:09.186561

y3v5m5caojn >> Start >> 2020-08-27 21:02:55.361124

y3v5m5caojn >> Image Returned >> 2020-08-27 21:02:55.364489

y3v5m5caojn >> End >> 2020-08-27 21:02:55.513073

ujkwooqradz >> Start >> 2020-08-27 21:03:06.418714

ujkwooqradz >> Image Returned >> 2020-08-27 21:03:06.419023

ujkwooqradz >> End >> 2020-08-27 21:03:06.567500

hty0ka72hyg >> Start >> 2020-08-27 21:03:38.476700

hty0ka72hyg >> Image Returned >> 2020-08-27 21:03:38.480163

hty0ka72hyg >> End >> 2020-08-27 21:03:38.650175

mv8dgy83fd0 >> Start >> 2020-08-27 21:04:04.067361

mv8dgy83fd0 >> Image Returned >> 2020-08-27 21:04:04.070828

mv8dgy83fd0 >> End >> 2020-08-27 21:04:04.224865

8or6stdamn6 >> Start >> 2020-08-27 21:08:46.829049

8or6stdamn6 >> Image Returned >> 2020-08-27 21:08:46.835767

8or6stdamn6 >> End >> 2020-08-27 21:08:46.985682

fhygcitwrs5 >> Start >> 2020-08-27 21:10:43.969687

fhygcitwrs5 >> Image Returned >> 2020-08-27 21:10:43.973793

fhygcitwrs5 >> End >> 2020-08-27 21:10:44.118361

bfjg87ixb2r >> Start >> 2020-08-27 21:12:53.872783

bfjg87ixb2r >> Image Returned >> 2020-08-27 21:12:53.877430

bfjg87ixb2r >> End >> 2020-08-27 21:12:54.019228

es4ai35xo5g >> Start >> 2020-08-27 21:13:37.930953

es4ai35xo5g >> Image Returned >> 2020-08-27 21:13:37.935399

es4ai35xo5g >> End >> 2020-08-27 21:13:38.082803

vm4zwvro5ja >> Start >> 2020-08-27 21:15:12.104769

vm4zwvro5ja >> Image Returned >> 2020-08-27 21:15:12.108448

vm4zwvro5ja >> End >> 2020-08-27 21:15:12.254925

vnfj6ikp8py >> Start >> 2020-08-27 21:23:33.162215

vnfj6ikp8py >> Image Returned >> 2020-08-27 21:23:33.166868

vnfj6ikp8py >> End >> 2020-08-27 21:23:33.311661

jtevjjvfnqv >> Start >> 2020-08-27 21:25:22.648526

jtevjjvfnqv >> Image Returned >> 2020-08-27 21:25:22.653589

jtevjjvfnqv >> End >> 2020-08-27 21:25:22.807085

x62rrz4razg >> Start >> 2020-08-27 21:32:23.355700

x62rrz4razg >> Image Returned >> 2020-08-27 21:32:23.360320

x62rrz4razg >> End >> 2020-08-27 21:32:23.514000

zmasofkbzft >> Start >> 2020-08-27 21:45:51.749212

zmasofkbzft >> Image Returned >> 2020-08-27 21:45:51.753187

zmasofkbzft >> End >> 2020-08-27 21:45:51.900801

zzsznkkhsp5 >> Start >> 2020-08-27 21:57:33.624231

zzsznkkhsp5 >> Image Returned >> 2020-08-27 21:57:33.628518

zzsznkkhsp5 >> End >> 2020-08-27 21:57:33.778117

4j4jykgjzjc >> Start >> 2020-08-27 22:00:52.828346

4j4jykgjzjc >> Image Returned >> 2020-08-27 22:00:52.832705

4j4jykgjzjc >> End >> 2020-08-27 22:00:52.986905

6z7o7h4qui2 >> Start >> 2020-08-27 22:04:51.809710

6z7o7h4qui2 >> Image Returned >> 2020-08-27 22:04:51.815171

6z7o7h4qui2 >> End >> 2020-08-27 22:04:51.972208

u8scf3uiz5r >> Start >> 2020-08-27 22:06:24.189075

u8scf3uiz5r >> Image Returned >> 2020-08-27 22:06:24.193769

u8scf3uiz5r >> End >> 2020-08-27 22:06:24.344472

qt4252u8m6g >> Start >> 2020-08-27 22:12:55.158288

qt4252u8m6g >> Image Returned >> 2020-08-27 22:12:55.166476

qt4252u8m6g >> End >> 2020-08-27 22:12:55.316057

pybqsi5j8hg >> Start >> 2020-08-27 22:13:22.317689

pybqsi5j8hg >> Image Returned >> 2020-08-27 22:13:22.321774

pybqsi5j8hg >> End >> 2020-08-27 22:13:22.455790

06cd6ntgr54 >> Start >> 2020-08-27 22:25:26.538516

06cd6ntgr54 >> Image Returned >> 2020-08-27 22:25:26.543123

06cd6ntgr54 >> End >> 2020-08-27 22:25:26.691221

o5i8pthveut >> Start >> 2020-08-27 22:32:21.828516

o5i8pthveut >> Image Returned >> 2020-08-27 22:32:21.832917

o5i8pthveut >> End >> 2020-08-27 22:32:21.975497

stb4xf3yuk5 >> Start >> 2020-08-27 22:38:02.990211

stb4xf3yuk5 >> Image Returned >> 2020-08-27 22:38:02.994071

stb4xf3yuk5 >> End >> 2020-08-27 22:38:03.144490

bah7on85o0k >> Start >> 2020-08-27 23:25:35.573282

bah7on85o0k >> Image Returned >> 2020-08-27 23:25:35.577409

bah7on85o0k >> End >> 2020-08-27 23:25:35.764452

snmt7rwe4g2 >> Start >> 2020-08-27 23:28:55.497525

snmt7rwe4g2 >> Image Returned >> 2020-08-27 23:28:55.502207

snmt7rwe4g2 >> End >> 2020-08-27 23:28:55.690574

6rqcfbkepid >> Start >> 2020-08-27 23:49:40.855305

6rqcfbkepid >> Image Returned >> 2020-08-27 23:49:40.860832

6rqcfbkepid >> End >> 2020-08-27 23:49:41.020740

et602rqeexb >> Start >> 2020-08-27 23:57:27.079730

et602rqeexb >> Image Returned >> 2020-08-27 23:57:27.085941

et602rqeexb >> End >> 2020-08-27 23:57:27.231914

