s63ug87u5sb >> Start >> 2019-08-20 09:01:23.968183

s63ug87u5sb >> Image Returned >> 2019-08-20 09:01:23.970700

s63ug87u5sb >> End >> 2019-08-20 09:01:23.979473

zqxn0gu7wkr >> Start >> 2019-08-20 09:01:23.997658

zqxn0gu7wkr >> Image Returned >> 2019-08-20 09:01:23.997900

zqxn0gu7wkr >> End >> 2019-08-20 09:01:24.005923

rjoc3hnj2vy >> Start >> 2019-08-20 09:01:24.008528

rjoc3hnj2vy >> Image Returned >> 2019-08-20 09:01:24.008734

f5ddi3dg46d >> Start >> 2019-08-20 09:01:24.014622

f5ddi3dg46d >> Image Returned >> 2019-08-20 09:01:24.016741

oe7niyed75v >> Start >> 2019-08-20 09:01:24.015320

oe7niyed75v >> Image Returned >> 2019-08-20 09:01:24.017163

gyb4vrpdjbj >> Start >> 2019-08-20 09:01:24.021231

gyb4vrpdjbj >> Image Returned >> 2019-08-20 09:01:24.023159

ohms3t7quot >> Start >> 2019-08-20 09:01:24.023042

ohms3t7quot >> Image Returned >> 2019-08-20 09:01:24.025103

rjoc3hnj2vy >> End >> 2019-08-20 09:01:24.026977

kppgpzo63c2 >> Start >> 2019-08-20 09:01:24.027595

kppgpzo63c2 >> Image Returned >> 2019-08-20 09:01:24.027858

oe7niyed75v >> End >> 2019-08-20 09:01:24.040880

wchfk6j6ez2 >> Start >> 2019-08-20 09:01:24.041538

wchfk6j6ez2 >> Image Returned >> 2019-08-20 09:01:24.041765

f5ddi3dg46d >> End >> 2019-08-20 09:01:24.051348

h3d6nzdistc >> Start >> 2019-08-20 09:01:24.052103

h3d6nzdistc >> Image Returned >> 2019-08-20 09:01:24.052310

ohms3t7quot >> End >> 2019-08-20 09:01:24.059207

gyb4vrpdjbj >> End >> 2019-08-20 09:01:24.068737

wchfk6j6ez2 >> End >> 2019-08-20 09:01:24.078535

h3d6nzdistc >> End >> 2019-08-20 09:01:24.086112

kppgpzo63c2 >> End >> 2019-08-20 09:01:24.094388

