zwymntf64ki >> Start >> 2020-10-29 00:07:09.536153

zwymntf64ki >> Image Returned >> 2020-10-29 00:07:09.540199

zwymntf64ki >> End >> 2020-10-29 00:07:09.761693

jxqvcs30jwz >> Start >> 2020-10-29 00:18:01.409166

jxqvcs30jwz >> Image Returned >> 2020-10-29 00:18:01.411802

jxqvcs30jwz >> End >> 2020-10-29 00:18:01.599957

emh4sh6amqj >> Start >> 2020-10-29 00:27:31.261239

emh4sh6amqj >> Image Returned >> 2020-10-29 00:27:31.264317

emh4sh6amqj >> End >> 2020-10-29 00:27:31.451709

uvsfcrkguhy >> Start >> 2020-10-29 00:28:41.789239

uvsfcrkguhy >> Image Returned >> 2020-10-29 00:28:41.792040

uvsfcrkguhy >> End >> 2020-10-29 00:28:42.000288

8rt0gbh4zar >> Start >> 2020-10-29 00:41:41.553848

8rt0gbh4zar >> Image Returned >> 2020-10-29 00:41:41.558078

8rt0gbh4zar >> End >> 2020-10-29 00:41:41.774045

avucc68xvcp >> Start >> 2020-10-29 00:45:18.821496

avucc68xvcp >> Image Returned >> 2020-10-29 00:45:18.824251

avucc68xvcp >> End >> 2020-10-29 00:45:19.016207

p3figbojmxv >> Start >> 2020-10-29 01:00:24.257265

p3figbojmxv >> Image Returned >> 2020-10-29 01:00:24.262253

p3figbojmxv >> End >> 2020-10-29 01:00:24.461189

3nv8pape6m2 >> Start >> 2020-10-29 01:10:51.414102

3nv8pape6m2 >> Image Returned >> 2020-10-29 01:10:51.416959

3nv8pape6m2 >> End >> 2020-10-29 01:10:51.610987

ohqo0ffgcy2 >> Start >> 2020-10-29 01:11:30.310614

ohqo0ffgcy2 >> Image Returned >> 2020-10-29 01:11:30.313446

ohqo0ffgcy2 >> End >> 2020-10-29 01:11:30.509084

dq0666ohwbm >> Start >> 2020-10-29 01:18:33.287970

dq0666ohwbm >> Image Returned >> 2020-10-29 01:18:33.291234

dq0666ohwbm >> End >> 2020-10-29 01:18:33.511413

dnjmyo8n2pq >> Start >> 2020-10-29 02:06:35.849791

dnjmyo8n2pq >> Image Returned >> 2020-10-29 02:06:35.852592

dnjmyo8n2pq >> End >> 2020-10-29 02:06:36.029293

2wypdd8djod >> Start >> 2020-10-29 02:33:41.585625

2wypdd8djod >> Image Returned >> 2020-10-29 02:33:41.588886

2wypdd8djod >> End >> 2020-10-29 02:33:41.765218

v8m8cfgtpg8 >> Start >> 2020-10-29 02:34:11.253499

v8m8cfgtpg8 >> Image Returned >> 2020-10-29 02:34:11.256618

v8m8cfgtpg8 >> End >> 2020-10-29 02:34:11.437803

vwnaxiququw >> Start >> 2020-10-29 02:48:54.380548

vwnaxiququw >> Image Returned >> 2020-10-29 02:48:54.383744

vwnaxiququw >> End >> 2020-10-29 02:48:54.573750

xdcmdhvyapk >> Start >> 2020-10-29 03:01:24.092046

xdcmdhvyapk >> Image Returned >> 2020-10-29 03:01:24.095119

xdcmdhvyapk >> End >> 2020-10-29 03:01:24.278234

tiaumhidu80 >> Start >> 2020-10-29 03:26:43.561450

tiaumhidu80 >> Image Returned >> 2020-10-29 03:26:43.564356

tiaumhidu80 >> End >> 2020-10-29 03:26:43.752235

8wwznsw2sra >> Start >> 2020-10-29 03:33:39.710421

8wwznsw2sra >> Image Returned >> 2020-10-29 03:33:39.713340

8wwznsw2sra >> End >> 2020-10-29 03:33:39.899033

j52eskmnzk3 >> Start >> 2020-10-29 03:58:28.125891

j52eskmnzk3 >> Image Returned >> 2020-10-29 03:58:28.130084

j52eskmnzk3 >> End >> 2020-10-29 03:58:28.265687

mkvy7fqwz2g >> Start >> 2020-10-29 04:01:52.099752

mkvy7fqwz2g >> Image Returned >> 2020-10-29 04:01:52.102993

mkvy7fqwz2g >> End >> 2020-10-29 04:01:52.321491

az747adfyuz >> Start >> 2020-10-29 04:03:08.689253

az747adfyuz >> Image Returned >> 2020-10-29 04:03:08.692482

az747adfyuz >> End >> 2020-10-29 04:03:08.870237

6uenrrawy43 >> Start >> 2020-10-29 04:36:49.696222

6uenrrawy43 >> Image Returned >> 2020-10-29 04:36:49.699491

6uenrrawy43 >> End >> 2020-10-29 04:36:49.895428

822da62o2fy >> Start >> 2020-10-29 05:04:27.421288

822da62o2fy >> Image Returned >> 2020-10-29 05:04:27.424527

822da62o2fy >> End >> 2020-10-29 05:04:27.606276

duq4hbo8s3d >> Start >> 2020-10-29 05:21:00.814718

duq4hbo8s3d >> Image Returned >> 2020-10-29 05:21:00.818058

duq4hbo8s3d >> End >> 2020-10-29 05:21:00.997181

m2ejcgtppti >> Start >> 2020-10-29 05:33:18.000047

m2ejcgtppti >> Image Returned >> 2020-10-29 05:33:18.002765

m2ejcgtppti >> End >> 2020-10-29 05:33:18.182832

kqyfrs05rgd >> Start >> 2020-10-29 05:43:03.196626

kqyfrs05rgd >> Image Returned >> 2020-10-29 05:43:03.199485

kqyfrs05rgd >> End >> 2020-10-29 05:43:03.385868

xwwv3k62h5m >> Start >> 2020-10-29 05:58:12.988184

xwwv3k62h5m >> Image Returned >> 2020-10-29 05:58:12.991185

xwwv3k62h5m >> End >> 2020-10-29 05:58:13.212649

5kag6yjoc45 >> Start >> 2020-10-29 07:10:36.753933

5kag6yjoc45 >> Image Returned >> 2020-10-29 07:10:36.756927

5kag6yjoc45 >> End >> 2020-10-29 07:10:36.934245

w64s2jhyb4u >> Start >> 2020-10-29 07:13:04.277746

w64s2jhyb4u >> Image Returned >> 2020-10-29 07:13:04.280508

w64s2jhyb4u >> End >> 2020-10-29 07:13:04.457222

d4ztpg7onaw >> Start >> 2020-10-29 07:23:05.659229

d4ztpg7onaw >> Image Returned >> 2020-10-29 07:23:05.662620

d4ztpg7onaw >> End >> 2020-10-29 07:23:05.861143

2f25oetqirv >> Start >> 2020-10-29 07:24:01.086447

2f25oetqirv >> Image Returned >> 2020-10-29 07:24:01.089395

2f25oetqirv >> End >> 2020-10-29 07:24:01.281985

s5qcsg8o4ey >> Start >> 2020-10-29 07:24:08.566896

s5qcsg8o4ey >> Image Returned >> 2020-10-29 07:24:08.567174

s5qcsg8o4ey >> End >> 2020-10-29 07:24:08.742163

ei6cphg7kz2 >> Start >> 2020-10-29 07:33:14.647830

ei6cphg7kz2 >> Image Returned >> 2020-10-29 07:33:14.650980

ei6cphg7kz2 >> End >> 2020-10-29 07:33:14.853549

ho840v4xipq >> Start >> 2020-10-29 07:37:22.736406

ho840v4xipq >> Image Returned >> 2020-10-29 07:37:22.739146

ho840v4xipq >> End >> 2020-10-29 07:37:22.921478

nbc7cprwn5b >> Start >> 2020-10-29 07:44:07.930017

nbc7cprwn5b >> Image Returned >> 2020-10-29 07:44:07.932858

nbc7cprwn5b >> End >> 2020-10-29 07:44:08.136136

wruochbydqp >> Start >> 2020-10-29 07:55:48.402609

wruochbydqp >> Image Returned >> 2020-10-29 07:55:48.405797

wruochbydqp >> End >> 2020-10-29 07:55:48.584620

2fdrvedkq6s >> Start >> 2020-10-29 08:00:24.042093

2fdrvedkq6s >> Image Returned >> 2020-10-29 08:00:24.044944

2fdrvedkq6s >> End >> 2020-10-29 08:00:24.261459

bvox00kngzu >> Start >> 2020-10-29 08:08:09.443272

bvox00kngzu >> Image Returned >> 2020-10-29 08:08:09.446549

bvox00kngzu >> End >> 2020-10-29 08:08:09.638982

vhwx0es7vfa >> Start >> 2020-10-29 08:17:55.006584

vhwx0es7vfa >> Image Returned >> 2020-10-29 08:17:55.009741

vhwx0es7vfa >> End >> 2020-10-29 08:17:55.192548

sae5jxwxzd6 >> Start >> 2020-10-29 08:20:48.427854

sae5jxwxzd6 >> Image Returned >> 2020-10-29 08:20:48.432995

sae5jxwxzd6 >> End >> 2020-10-29 08:20:48.609611

3urzkvtmouy >> Start >> 2020-10-29 08:24:20.470308

3urzkvtmouy >> Image Returned >> 2020-10-29 08:24:20.473109

3urzkvtmouy >> End >> 2020-10-29 08:24:20.664814

nt5m2eygyiy >> Start >> 2020-10-29 08:24:35.055895

nt5m2eygyiy >> Image Returned >> 2020-10-29 08:24:35.058962

nt5m2eygyiy >> End >> 2020-10-29 08:24:35.238908

74nb4zyquqz >> Start >> 2020-10-29 08:25:31.946760

74nb4zyquqz >> Image Returned >> 2020-10-29 08:25:31.949919

74nb4zyquqz >> End >> 2020-10-29 08:25:32.128858

m6ztsbk7hf2 >> Start >> 2020-10-29 08:30:09.741549

m6ztsbk7hf2 >> Image Returned >> 2020-10-29 08:30:09.744719

m6ztsbk7hf2 >> End >> 2020-10-29 08:30:09.937357

sc2nota8jcs >> Start >> 2020-10-29 08:30:56.459903

sc2nota8jcs >> Image Returned >> 2020-10-29 08:30:56.462882

sc2nota8jcs >> End >> 2020-10-29 08:30:56.641801

7fxfqroviz0 >> Start >> 2020-10-29 08:30:57.671900

7fxfqroviz0 >> Image Returned >> 2020-10-29 08:30:57.672172

7fxfqroviz0 >> End >> 2020-10-29 08:30:57.849030

7jcqwj24zsq >> Start >> 2020-10-29 08:35:00.050219

7jcqwj24zsq >> Image Returned >> 2020-10-29 08:35:00.053309

7jcqwj24zsq >> End >> 2020-10-29 08:35:00.243913

cpyoa4fnza3 >> Start >> 2020-10-29 08:36:24.489264

cpyoa4fnza3 >> Image Returned >> 2020-10-29 08:36:24.492252

cpyoa4fnza3 >> End >> 2020-10-29 08:36:24.709629

8hr2n0qfmbz >> Start >> 2020-10-29 08:38:01.596456

8hr2n0qfmbz >> Image Returned >> 2020-10-29 08:38:01.599387

8hr2n0qfmbz >> End >> 2020-10-29 08:38:01.780452

8wyorvcntec >> Start >> 2020-10-29 08:38:43.902637

8wyorvcntec >> Image Returned >> 2020-10-29 08:38:43.906523

8wyorvcntec >> End >> 2020-10-29 08:38:44.085350

uqzgskaaqmg >> Start >> 2020-10-29 08:38:45.723687

uqzgskaaqmg >> Image Returned >> 2020-10-29 08:38:45.723982

uqzgskaaqmg >> End >> 2020-10-29 08:38:45.906703

vgfigqpdpug >> Start >> 2020-10-29 08:48:14.725382

vgfigqpdpug >> Image Returned >> 2020-10-29 08:48:14.728312

vgfigqpdpug >> End >> 2020-10-29 08:48:14.919768

eicqsr7q3gr >> Start >> 2020-10-29 08:49:55.534722

eicqsr7q3gr >> Image Returned >> 2020-10-29 08:49:55.537533

eicqsr7q3gr >> End >> 2020-10-29 08:49:55.714374

ea3hpsjapk2 >> Start >> 2020-10-29 08:52:48.692722

ea3hpsjapk2 >> Image Returned >> 2020-10-29 08:52:48.695513

ea3hpsjapk2 >> End >> 2020-10-29 08:52:48.874825

2ynta4dff4n >> Start >> 2020-10-29 08:58:47.457453

2ynta4dff4n >> Image Returned >> 2020-10-29 08:58:47.461028

2ynta4dff4n >> End >> 2020-10-29 08:58:47.649050

zo4zwf050y2 >> Start >> 2020-10-29 08:59:57.067164

zo4zwf050y2 >> Image Returned >> 2020-10-29 08:59:57.070234

zo4zwf050y2 >> End >> 2020-10-29 08:59:57.269608

adpy50n7pix >> Start >> 2020-10-29 09:01:35.714535

adpy50n7pix >> Image Returned >> 2020-10-29 09:01:35.718399

adpy50n7pix >> End >> 2020-10-29 09:01:35.899420

ycoa3o5dnen >> Start >> 2020-10-29 09:02:34.170583

ycoa3o5dnen >> Image Returned >> 2020-10-29 09:02:34.174683

ycoa3o5dnen >> End >> 2020-10-29 09:02:34.434067

8aqofd7of8h >> Start >> 2020-10-29 09:04:34.249970

8aqofd7of8h >> Image Returned >> 2020-10-29 09:04:34.253266

8aqofd7of8h >> End >> 2020-10-29 09:04:34.427855

ntjow0s25rq >> Start >> 2020-10-29 09:05:20.547528

ntjow0s25rq >> Image Returned >> 2020-10-29 09:05:20.550510

ntjow0s25rq >> End >> 2020-10-29 09:05:20.732626

z5haixtiqe3 >> Start >> 2020-10-29 09:05:48.642498

z5haixtiqe3 >> Image Returned >> 2020-10-29 09:05:48.646755

z5haixtiqe3 >> End >> 2020-10-29 09:05:48.840296

u6pbz07h44k >> Start >> 2020-10-29 09:10:39.293488

u6pbz07h44k >> Image Returned >> 2020-10-29 09:10:39.296596

u6pbz07h44k >> End >> 2020-10-29 09:10:39.475042

jieoy33oe72 >> Start >> 2020-10-29 09:11:33.922553

jieoy33oe72 >> Image Returned >> 2020-10-29 09:11:33.925776

jieoy33oe72 >> End >> 2020-10-29 09:11:34.109008

7o2jgp7h4dj >> Start >> 2020-10-29 09:11:57.161951

7o2jgp7h4dj >> Image Returned >> 2020-10-29 09:11:57.165061

7o2jgp7h4dj >> End >> 2020-10-29 09:11:57.341803

t0z06o627k6 >> Start >> 2020-10-29 09:13:21.336855

t0z06o627k6 >> Image Returned >> 2020-10-29 09:13:21.340306

t0z06o627k6 >> End >> 2020-10-29 09:13:21.572261

4m88f5640ag >> Start >> 2020-10-29 09:13:40.894509

4m88f5640ag >> Image Returned >> 2020-10-29 09:13:40.898669

4m88f5640ag >> End >> 2020-10-29 09:13:41.135471

b3ea6yym2g3 >> Start >> 2020-10-29 09:14:27.644056

b3ea6yym2g3 >> Image Returned >> 2020-10-29 09:14:27.647031

b3ea6yym2g3 >> End >> 2020-10-29 09:14:27.824469

pkgfnzpt4ce >> Start >> 2020-10-29 09:15:17.649605

pkgfnzpt4ce >> Image Returned >> 2020-10-29 09:15:17.652475

pkgfnzpt4ce >> End >> 2020-10-29 09:15:17.831954

2qh7q8q6dmr >> Start >> 2020-10-29 09:21:10.022392

2qh7q8q6dmr >> Image Returned >> 2020-10-29 09:21:10.024981

2qh7q8q6dmr >> End >> 2020-10-29 09:21:10.208411

wrqjpzx2bn3 >> Start >> 2020-10-29 09:23:41.190630

wrqjpzx2bn3 >> Image Returned >> 2020-10-29 09:23:41.194147

wrqjpzx2bn3 >> End >> 2020-10-29 09:23:41.383444

j0vfgfpayya >> Start >> 2020-10-29 09:26:19.409714

j0vfgfpayya >> Image Returned >> 2020-10-29 09:26:19.412668

j0vfgfpayya >> End >> 2020-10-29 09:26:19.597963

vu6dmoye4bg >> Start >> 2020-10-29 09:30:10.332593

vu6dmoye4bg >> Image Returned >> 2020-10-29 09:30:10.335469

vu6dmoye4bg >> End >> 2020-10-29 09:30:10.512536

3gyzk8sen5e >> Start >> 2020-10-29 09:32:02.012090

3gyzk8sen5e >> Image Returned >> 2020-10-29 09:32:02.015007

3gyzk8sen5e >> End >> 2020-10-29 09:32:02.248972

72vmkavkg2w >> Start >> 2020-10-29 09:33:19.831048

72vmkavkg2w >> Image Returned >> 2020-10-29 09:33:19.834079

72vmkavkg2w >> End >> 2020-10-29 09:33:20.013932

bwd50ctswn4 >> Start >> 2020-10-29 09:33:28.931776

bwd50ctswn4 >> Image Returned >> 2020-10-29 09:33:28.932080

bwd50ctswn4 >> End >> 2020-10-29 09:33:29.109999

u2u4yezdu54 >> Start >> 2020-10-29 09:33:53.806833

u2u4yezdu54 >> Image Returned >> 2020-10-29 09:33:53.809731

u2u4yezdu54 >> End >> 2020-10-29 09:33:54.001796

6w7h37vvyoj >> Start >> 2020-10-29 09:34:15.732669

6w7h37vvyoj >> Image Returned >> 2020-10-29 09:34:15.735620

6w7h37vvyoj >> End >> 2020-10-29 09:34:15.923783

c3mbqsbonf3 >> Start >> 2020-10-29 09:35:45.951519

c3mbqsbonf3 >> Image Returned >> 2020-10-29 09:35:45.954814

c3mbqsbonf3 >> End >> 2020-10-29 09:35:46.136019

m5x2gmz4hy0 >> Start >> 2020-10-29 09:37:33.871903

m5x2gmz4hy0 >> Image Returned >> 2020-10-29 09:37:33.875358

m5x2gmz4hy0 >> End >> 2020-10-29 09:37:34.113652

bbrqy25hekq >> Start >> 2020-10-29 09:38:24.174268

bbrqy25hekq >> Image Returned >> 2020-10-29 09:38:24.177284

bbrqy25hekq >> End >> 2020-10-29 09:38:24.382419

ogqds2fo588 >> Start >> 2020-10-29 09:38:29.346088

ogqds2fo588 >> Image Returned >> 2020-10-29 09:38:29.346452

ogqds2fo588 >> End >> 2020-10-29 09:38:29.529422

6c3t2ddoifo >> Start >> 2020-10-29 09:47:11.604089

6c3t2ddoifo >> Image Returned >> 2020-10-29 09:47:11.607258

6c3t2ddoifo >> End >> 2020-10-29 09:47:11.841731

wtu5bqz8sau >> Start >> 2020-10-29 09:47:37.462337

wtu5bqz8sau >> Image Returned >> 2020-10-29 09:47:37.465473

wtu5bqz8sau >> End >> 2020-10-29 09:47:37.707066

ewkge7vmqmy >> Start >> 2020-10-29 09:47:44.892028

ewkge7vmqmy >> Image Returned >> 2020-10-29 09:47:44.892302

ewkge7vmqmy >> End >> 2020-10-29 09:47:45.101866

d2ofyozkisc >> Start >> 2020-10-29 09:49:25.528958

d2ofyozkisc >> Image Returned >> 2020-10-29 09:49:25.532052

d2ofyozkisc >> End >> 2020-10-29 09:49:25.717075

vpoxuq2omev >> Start >> 2020-10-29 09:54:04.140491

vpoxuq2omev >> Image Returned >> 2020-10-29 09:54:04.144467

vpoxuq2omev >> End >> 2020-10-29 09:54:04.330663

4kchprsfemh >> Start >> 2020-10-29 09:54:14.849350

4kchprsfemh >> Image Returned >> 2020-10-29 09:54:14.849647

4kchprsfemh >> End >> 2020-10-29 09:54:15.056438

utuy6z3newu >> Start >> 2020-10-29 10:05:36.324002

utuy6z3newu >> Image Returned >> 2020-10-29 10:05:36.329531

utuy6z3newu >> End >> 2020-10-29 10:05:36.563215

bfd734op08g >> Start >> 2020-10-29 10:06:06.419589

bfd734op08g >> Image Returned >> 2020-10-29 10:06:06.422885

bfd734op08g >> End >> 2020-10-29 10:06:06.614245

tjv4crkuarq >> Start >> 2020-10-29 10:09:56.345382

tjv4crkuarq >> Image Returned >> 2020-10-29 10:09:56.348860

tjv4crkuarq >> End >> 2020-10-29 10:09:56.532329

sdcyfg4r6ju >> Start >> 2020-10-29 10:11:24.403026

sdcyfg4r6ju >> Image Returned >> 2020-10-29 10:11:24.407519

sdcyfg4r6ju >> End >> 2020-10-29 10:11:24.621504

jkg75vxih6j >> Start >> 2020-10-29 10:11:49.542565

jkg75vxih6j >> Image Returned >> 2020-10-29 10:11:49.546267

jkg75vxih6j >> End >> 2020-10-29 10:11:49.746092

b0pynsjzy0q >> Start >> 2020-10-29 10:11:53.013493

b0pynsjzy0q >> Image Returned >> 2020-10-29 10:11:53.013762

b0pynsjzy0q >> End >> 2020-10-29 10:11:53.204988

xbxo0dmra30 >> Start >> 2020-10-29 10:12:07.011388

xbxo0dmra30 >> Image Returned >> 2020-10-29 10:12:07.014548

xbxo0dmra30 >> End >> 2020-10-29 10:12:07.205204

psnfdi8hzjz >> Start >> 2020-10-29 10:13:34.350183

psnfdi8hzjz >> Image Returned >> 2020-10-29 10:13:34.355299

psnfdi8hzjz >> End >> 2020-10-29 10:13:34.551440

zwbuvgu65y6 >> Start >> 2020-10-29 10:16:57.552583

zwbuvgu65y6 >> Image Returned >> 2020-10-29 10:16:57.556011

zwbuvgu65y6 >> End >> 2020-10-29 10:16:57.739833

j66cknstqmi >> Start >> 2020-10-29 10:21:31.282605

j66cknstqmi >> Image Returned >> 2020-10-29 10:21:31.285955

j66cknstqmi >> End >> 2020-10-29 10:21:31.526014

p4haavbraap >> Start >> 2020-10-29 10:22:08.403333

p4haavbraap >> Image Returned >> 2020-10-29 10:22:08.406220

p4haavbraap >> End >> 2020-10-29 10:22:08.584691

rsnp3bqicuq >> Start >> 2020-10-29 10:26:53.218470

rsnp3bqicuq >> Image Returned >> 2020-10-29 10:26:53.221555

rsnp3bqicuq >> End >> 2020-10-29 10:26:53.436269

buw7rfeaddu >> Start >> 2020-10-29 10:29:00.992515

buw7rfeaddu >> Image Returned >> 2020-10-29 10:29:00.995954

buw7rfeaddu >> End >> 2020-10-29 10:29:01.175106

ets33yychqj >> Start >> 2020-10-29 10:33:03.601383

ets33yychqj >> Image Returned >> 2020-10-29 10:33:03.604422

ets33yychqj >> End >> 2020-10-29 10:33:03.783057

v57w50tynzf >> Start >> 2020-10-29 10:37:59.099626

v57w50tynzf >> Image Returned >> 2020-10-29 10:37:59.103473

v57w50tynzf >> End >> 2020-10-29 10:37:59.313661

50fqmotq7p5 >> Start >> 2020-10-29 10:38:22.497281

50fqmotq7p5 >> Image Returned >> 2020-10-29 10:38:22.500293

50fqmotq7p5 >> End >> 2020-10-29 10:38:22.693502

ijw7ozf2xip >> Start >> 2020-10-29 10:40:17.108947

ijw7ozf2xip >> Image Returned >> 2020-10-29 10:40:17.111841

ijw7ozf2xip >> End >> 2020-10-29 10:40:17.287980

553h2kpnysr >> Start >> 2020-10-29 10:42:11.921941

553h2kpnysr >> Image Returned >> 2020-10-29 10:42:11.925375

553h2kpnysr >> End >> 2020-10-29 10:42:12.158334

0xsdfjqxkm2 >> Start >> 2020-10-29 10:42:26.570346

0xsdfjqxkm2 >> Image Returned >> 2020-10-29 10:42:26.573421

0xsdfjqxkm2 >> End >> 2020-10-29 10:42:26.819653

33dwd76kmhu >> Start >> 2020-10-29 10:43:01.421951

33dwd76kmhu >> Image Returned >> 2020-10-29 10:43:01.425825

33dwd76kmhu >> End >> 2020-10-29 10:43:01.605370

ytoqb4ab2x5 >> Start >> 2020-10-29 10:44:09.943439

ytoqb4ab2x5 >> Image Returned >> 2020-10-29 10:44:09.946510

ytoqb4ab2x5 >> End >> 2020-10-29 10:44:10.130098

jyofxgypaxm >> Start >> 2020-10-29 10:48:17.104003

jyofxgypaxm >> Image Returned >> 2020-10-29 10:48:17.107696

jyofxgypaxm >> End >> 2020-10-29 10:48:17.305360

45zf6z6fbz5 >> Start >> 2020-10-29 10:51:53.277960

45zf6z6fbz5 >> Image Returned >> 2020-10-29 10:51:53.281002

45zf6z6fbz5 >> End >> 2020-10-29 10:51:53.511812

7ewxj0oygmg >> Start >> 2020-10-29 10:52:15.294097

7ewxj0oygmg >> Image Returned >> 2020-10-29 10:52:15.297353

7ewxj0oygmg >> End >> 2020-10-29 10:52:15.478816

0vhh2gvu2c4 >> Start >> 2020-10-29 10:53:28.065778

0vhh2gvu2c4 >> Image Returned >> 2020-10-29 10:53:28.068934

0vhh2gvu2c4 >> End >> 2020-10-29 10:53:28.254317

g7qt0ukvevk >> Start >> 2020-10-29 10:53:42.037556

g7qt0ukvevk >> Image Returned >> 2020-10-29 10:53:42.044337

g7qt0ukvevk >> End >> 2020-10-29 10:53:42.290292

0gm58g2gkv4 >> Start >> 2020-10-29 10:53:53.308126

0gm58g2gkv4 >> Image Returned >> 2020-10-29 10:53:53.308404

0gm58g2gkv4 >> End >> 2020-10-29 10:53:53.483450

06gn0pshizt >> Start >> 2020-10-29 10:54:29.470633

06gn0pshizt >> Image Returned >> 2020-10-29 10:54:29.475222

06gn0pshizt >> End >> 2020-10-29 10:54:29.664294

x7qkjtstz6g >> Start >> 2020-10-29 10:54:31.436233

x7qkjtstz6g >> Image Returned >> 2020-10-29 10:54:31.436533

x7qkjtstz6g >> End >> 2020-10-29 10:54:31.564065

axjvn8o46q5 >> Start >> 2020-10-29 10:55:09.732209

axjvn8o46q5 >> Image Returned >> 2020-10-29 10:55:09.735491

axjvn8o46q5 >> End >> 2020-10-29 10:55:09.914496

brwitkcbrfw >> Start >> 2020-10-29 10:59:43.190149

brwitkcbrfw >> Image Returned >> 2020-10-29 10:59:43.193279

brwitkcbrfw >> End >> 2020-10-29 10:59:43.383296

2pm6phokd3z >> Start >> 2020-10-29 11:02:20.713654

2pm6phokd3z >> Image Returned >> 2020-10-29 11:02:20.716917

2pm6phokd3z >> End >> 2020-10-29 11:02:20.928793

8bghbfhmvpq >> Start >> 2020-10-29 11:03:53.167815

8bghbfhmvpq >> Image Returned >> 2020-10-29 11:03:53.171258

8bghbfhmvpq >> End >> 2020-10-29 11:03:53.359419

ub43drf5she >> Start >> 2020-10-29 11:08:19.763674

ub43drf5she >> Image Returned >> 2020-10-29 11:08:19.766778

ub43drf5she >> End >> 2020-10-29 11:08:20.014488

e873x4bg0wv >> Start >> 2020-10-29 11:14:21.852478

e873x4bg0wv >> Image Returned >> 2020-10-29 11:14:21.855784

e873x4bg0wv >> End >> 2020-10-29 11:14:22.075635

yz44spyy2nj >> Start >> 2020-10-29 11:18:05.517133

yz44spyy2nj >> Image Returned >> 2020-10-29 11:18:05.520576

yz44spyy2nj >> End >> 2020-10-29 11:18:05.725389

8w6g6wwujrw >> Start >> 2020-10-29 11:18:27.315713

8w6g6wwujrw >> Image Returned >> 2020-10-29 11:18:27.318665

8w6g6wwujrw >> End >> 2020-10-29 11:18:27.518301

basq637s2m8 >> Start >> 2020-10-29 11:21:20.899413

basq637s2m8 >> Image Returned >> 2020-10-29 11:21:20.904270

basq637s2m8 >> End >> 2020-10-29 11:21:21.083668

iwdskx8o544 >> Start >> 2020-10-29 11:30:11.972820

iwdskx8o544 >> Image Returned >> 2020-10-29 11:30:11.976273

iwdskx8o544 >> End >> 2020-10-29 11:30:12.156503

6it8uqfwndd >> Start >> 2020-10-29 11:31:13.305303

6it8uqfwndd >> Image Returned >> 2020-10-29 11:31:13.308379

6it8uqfwndd >> End >> 2020-10-29 11:31:13.485574

qdeh770zo3v >> Start >> 2020-10-29 11:38:49.860918

qdeh770zo3v >> Image Returned >> 2020-10-29 11:38:49.864969

qdeh770zo3v >> End >> 2020-10-29 11:38:50.052912

jjnrywwzxiv >> Start >> 2020-10-29 11:45:50.202234

jjnrywwzxiv >> Image Returned >> 2020-10-29 11:45:50.205336

jjnrywwzxiv >> End >> 2020-10-29 11:45:50.388655

drzivtqh8pg >> Start >> 2020-10-29 11:45:59.905261

drzivtqh8pg >> Image Returned >> 2020-10-29 11:45:59.905550

drzivtqh8pg >> End >> 2020-10-29 11:46:00.097898

oucdwicnj6y >> Start >> 2020-10-29 11:50:38.697105

oucdwicnj6y >> Image Returned >> 2020-10-29 11:50:38.700939

oucdwicnj6y >> End >> 2020-10-29 11:50:38.927684

nrvydbtjvcq >> Start >> 2020-10-29 11:51:44.140374

nrvydbtjvcq >> Image Returned >> 2020-10-29 11:51:44.144258

nrvydbtjvcq >> End >> 2020-10-29 11:51:44.326805

rigjv3sc2fs >> Start >> 2020-10-29 11:53:33.355344

rigjv3sc2fs >> Image Returned >> 2020-10-29 11:53:33.358989

rigjv3sc2fs >> End >> 2020-10-29 11:53:33.547668

eo0ozpofke5 >> Start >> 2020-10-29 12:01:51.708257

eo0ozpofke5 >> Image Returned >> 2020-10-29 12:01:51.711646

eo0ozpofke5 >> End >> 2020-10-29 12:01:51.889467

kmrydxsbwep >> Start >> 2020-10-29 12:02:56.118356

kmrydxsbwep >> Image Returned >> 2020-10-29 12:02:56.121999

kmrydxsbwep >> End >> 2020-10-29 12:02:56.324945

08qhxsy6exq >> Start >> 2020-10-29 12:03:56.323914

08qhxsy6exq >> Image Returned >> 2020-10-29 12:03:56.326956

08qhxsy6exq >> End >> 2020-10-29 12:03:56.541954

cmbq52y80y2 >> Start >> 2020-10-29 12:07:19.240470

cmbq52y80y2 >> Image Returned >> 2020-10-29 12:07:19.243741

cmbq52y80y2 >> End >> 2020-10-29 12:07:19.420936

055iay8hxhx >> Start >> 2020-10-29 12:16:45.421641

055iay8hxhx >> Image Returned >> 2020-10-29 12:16:45.425438

055iay8hxhx >> End >> 2020-10-29 12:16:45.624439

h8p8mfckga0 >> Start >> 2020-10-29 12:17:22.048753

h8p8mfckga0 >> Image Returned >> 2020-10-29 12:17:22.051948

h8p8mfckga0 >> End >> 2020-10-29 12:17:22.283915

c4vvp5ayqxc >> Start >> 2020-10-29 12:17:38.825004

c4vvp5ayqxc >> Image Returned >> 2020-10-29 12:17:38.828505

c4vvp5ayqxc >> End >> 2020-10-29 12:17:39.010747

hv8wxctog7t >> Start >> 2020-10-29 12:20:28.540458

hv8wxctog7t >> Image Returned >> 2020-10-29 12:20:28.543729

hv8wxctog7t >> End >> 2020-10-29 12:20:28.723299

itgfwtgygy6 >> Start >> 2020-10-29 12:21:12.816971

itgfwtgygy6 >> Image Returned >> 2020-10-29 12:21:12.820333

itgfwtgygy6 >> End >> 2020-10-29 12:21:12.999921

8tyh2qiwsew >> Start >> 2020-10-29 12:22:17.146298

8tyh2qiwsew >> Image Returned >> 2020-10-29 12:22:17.149763

8tyh2qiwsew >> End >> 2020-10-29 12:22:17.329128

04rvgkza52x >> Start >> 2020-10-29 12:23:09.338809

04rvgkza52x >> Image Returned >> 2020-10-29 12:23:09.342216

04rvgkza52x >> End >> 2020-10-29 12:23:09.526283

kiscvqaswjx >> Start >> 2020-10-29 12:27:38.067780

kiscvqaswjx >> Image Returned >> 2020-10-29 12:27:38.071943

kiscvqaswjx >> End >> 2020-10-29 12:27:38.250560

i3vb5fycetk >> Start >> 2020-10-29 12:31:42.128988

i3vb5fycetk >> Image Returned >> 2020-10-29 12:31:42.132289

i3vb5fycetk >> End >> 2020-10-29 12:31:42.311984

og6vjp6vr3h >> Start >> 2020-10-29 12:31:50.203461

og6vjp6vr3h >> Image Returned >> 2020-10-29 12:31:50.203733

og6vjp6vr3h >> End >> 2020-10-29 12:31:50.379430

gy5qxrgjzdw >> Start >> 2020-10-29 12:35:30.426073

gy5qxrgjzdw >> Image Returned >> 2020-10-29 12:35:30.429147

gy5qxrgjzdw >> End >> 2020-10-29 12:35:30.617300

kaqjz8wt4yz >> Start >> 2020-10-29 12:36:34.625715

kaqjz8wt4yz >> Image Returned >> 2020-10-29 12:36:34.629897

kaqjz8wt4yz >> End >> 2020-10-29 12:36:34.809787

gb50qe6vqxm >> Start >> 2020-10-29 12:37:06.481156

gb50qe6vqxm >> Image Returned >> 2020-10-29 12:37:06.484942

gb50qe6vqxm >> End >> 2020-10-29 12:37:06.701500

rdip3h22vsk >> Start >> 2020-10-29 12:41:45.625582

rdip3h22vsk >> Image Returned >> 2020-10-29 12:41:45.628988

rdip3h22vsk >> End >> 2020-10-29 12:41:45.802669

7wum70bu7si >> Start >> 2020-10-29 12:41:54.337342

7wum70bu7si >> Image Returned >> 2020-10-29 12:41:54.337625

7wum70bu7si >> End >> 2020-10-29 12:41:54.559519

u7bhotdiopc >> Start >> 2020-10-29 12:43:15.157301

u7bhotdiopc >> Image Returned >> 2020-10-29 12:43:15.160691

u7bhotdiopc >> End >> 2020-10-29 12:43:15.290234

zgbjsw74jvj >> Start >> 2020-10-29 12:48:45.622396

zgbjsw74jvj >> Image Returned >> 2020-10-29 12:48:45.626776

zgbjsw74jvj >> End >> 2020-10-29 12:48:45.849442

3k7ttsw3gyx >> Start >> 2020-10-29 12:49:05.891954

3k7ttsw3gyx >> Image Returned >> 2020-10-29 12:49:05.895016

3k7ttsw3gyx >> End >> 2020-10-29 12:49:06.070063

2x85egd4hv7 >> Start >> 2020-10-29 12:49:28.409840

2x85egd4hv7 >> Image Returned >> 2020-10-29 12:49:28.412857

2x85egd4hv7 >> End >> 2020-10-29 12:49:28.602961

bvpha82g5uc >> Start >> 2020-10-29 12:51:37.472177

bvpha82g5uc >> Image Returned >> 2020-10-29 12:51:37.475857

bvpha82g5uc >> End >> 2020-10-29 12:51:37.666280

zfp0ntxiw4b >> Start >> 2020-10-29 12:51:38.738786

zfp0ntxiw4b >> Image Returned >> 2020-10-29 12:51:38.739088

zfp0ntxiw4b >> End >> 2020-10-29 12:51:38.927726

kbd7yreojns >> Start >> 2020-10-29 12:52:56.574594

kbd7yreojns >> Image Returned >> 2020-10-29 12:52:56.578030

kbd7yreojns >> End >> 2020-10-29 12:52:56.757715

3z3jfyd3w2i >> Start >> 2020-10-29 12:53:21.205324

3z3jfyd3w2i >> Image Returned >> 2020-10-29 12:53:21.208403

3z3jfyd3w2i >> End >> 2020-10-29 12:53:21.393805

ofwb2mwf82p >> Start >> 2020-10-29 12:53:35.902256

ofwb2mwf82p >> Image Returned >> 2020-10-29 12:53:35.906044

ofwb2mwf82p >> End >> 2020-10-29 12:53:36.084415

tn3mp485nrb >> Start >> 2020-10-29 12:54:33.534651

tn3mp485nrb >> Image Returned >> 2020-10-29 12:54:33.537827

tn3mp485nrb >> End >> 2020-10-29 12:54:33.724503

434hhdixhpo >> Start >> 2020-10-29 12:56:41.216058

434hhdixhpo >> Image Returned >> 2020-10-29 12:56:41.219696

434hhdixhpo >> End >> 2020-10-29 12:56:41.411964

xaq7vrro3k8 >> Start >> 2020-10-29 12:58:50.952852

xaq7vrro3k8 >> Image Returned >> 2020-10-29 12:58:50.956219

xaq7vrro3k8 >> End >> 2020-10-29 12:58:51.186331

jz46r5eecrm >> Start >> 2020-10-29 13:03:20.215832

jz46r5eecrm >> Image Returned >> 2020-10-29 13:03:20.219454

jz46r5eecrm >> End >> 2020-10-29 13:03:20.413130

fyij2qrrhmt >> Start >> 2020-10-29 13:03:26.590301

fyij2qrrhmt >> Image Returned >> 2020-10-29 13:03:26.590579

fyij2qrrhmt >> End >> 2020-10-29 13:03:26.792845

vczk5joz0ek >> Start >> 2020-10-29 13:04:06.660006

vczk5joz0ek >> Image Returned >> 2020-10-29 13:04:06.663395

vczk5joz0ek >> End >> 2020-10-29 13:04:06.845182

a8w2cvb0gi3 >> Start >> 2020-10-29 13:06:06.020649

a8w2cvb0gi3 >> Image Returned >> 2020-10-29 13:06:06.023818

a8w2cvb0gi3 >> End >> 2020-10-29 13:06:06.212378

8j60k0vpuz0 >> Start >> 2020-10-29 13:15:36.220118

8j60k0vpuz0 >> Image Returned >> 2020-10-29 13:15:36.223639

8j60k0vpuz0 >> End >> 2020-10-29 13:15:36.411290

dtgsynz3zsa >> Start >> 2020-10-29 13:16:11.832345

dtgsynz3zsa >> Image Returned >> 2020-10-29 13:16:11.835513

dtgsynz3zsa >> End >> 2020-10-29 13:16:12.049221

iyk53x7v3jt >> Start >> 2020-10-29 13:19:05.056408

iyk53x7v3jt >> Image Returned >> 2020-10-29 13:19:05.059536

iyk53x7v3jt >> End >> 2020-10-29 13:19:05.299647

h5xwvbw0fya >> Start >> 2020-10-29 13:19:38.367444

h5xwvbw0fya >> Image Returned >> 2020-10-29 13:19:38.371505

h5xwvbw0fya >> End >> 2020-10-29 13:19:38.556504

fmid8ma27vg >> Start >> 2020-10-29 13:21:07.889537

fmid8ma27vg >> Image Returned >> 2020-10-29 13:21:07.893070

fmid8ma27vg >> End >> 2020-10-29 13:21:08.090488

bqoy52jffw6 >> Start >> 2020-10-29 13:23:35.175064

bqoy52jffw6 >> Image Returned >> 2020-10-29 13:23:35.179445

bqoy52jffw6 >> End >> 2020-10-29 13:23:35.380412

qw8wszf6mpu >> Start >> 2020-10-29 13:28:10.807938

qw8wszf6mpu >> Image Returned >> 2020-10-29 13:28:10.811307

qw8wszf6mpu >> End >> 2020-10-29 13:28:11.056793

h27wdnki8cz >> Start >> 2020-10-29 13:31:30.671686

h27wdnki8cz >> Image Returned >> 2020-10-29 13:31:30.674949

h27wdnki8cz >> End >> 2020-10-29 13:31:30.949668

782psc74tky >> Start >> 2020-10-29 13:33:04.071547

782psc74tky >> Image Returned >> 2020-10-29 13:33:04.074650

782psc74tky >> End >> 2020-10-29 13:33:04.257308

p8apgyf3jzj >> Start >> 2020-10-29 13:33:04.821677

p8apgyf3jzj >> Image Returned >> 2020-10-29 13:33:04.821985

p8apgyf3jzj >> End >> 2020-10-29 13:33:05.010293

tpf5ngmhzni >> Start >> 2020-10-29 13:33:08.055675

tpf5ngmhzni >> Image Returned >> 2020-10-29 13:33:08.055989

tpf5ngmhzni >> End >> 2020-10-29 13:33:08.242142

65ma5t4w3gf >> Start >> 2020-10-29 13:34:29.381369

65ma5t4w3gf >> Image Returned >> 2020-10-29 13:34:29.384557

65ma5t4w3gf >> End >> 2020-10-29 13:34:29.586971

odyesc786fd >> Start >> 2020-10-29 13:36:22.372092

odyesc786fd >> Image Returned >> 2020-10-29 13:36:22.376759

odyesc786fd >> End >> 2020-10-29 13:36:22.505191

nh62sftcdst >> Start >> 2020-10-29 13:37:11.458425

nh62sftcdst >> Image Returned >> 2020-10-29 13:37:11.461771

nh62sftcdst >> End >> 2020-10-29 13:37:11.655224

aix4wgqbh7j >> Start >> 2020-10-29 13:38:05.434773

aix4wgqbh7j >> Image Returned >> 2020-10-29 13:38:05.438290

aix4wgqbh7j >> End >> 2020-10-29 13:38:05.620455

pvvs2m2r7h4 >> Start >> 2020-10-29 13:40:34.293133

pvvs2m2r7h4 >> Image Returned >> 2020-10-29 13:40:34.297976

pvvs2m2r7h4 >> End >> 2020-10-29 13:40:34.475162

65bcvhgdciv >> Start >> 2020-10-29 13:41:23.583301

65bcvhgdciv >> Image Returned >> 2020-10-29 13:41:23.586421

65bcvhgdciv >> End >> 2020-10-29 13:41:23.796370

4qbr66qi7m6 >> Start >> 2020-10-29 13:41:43.531950

4qbr66qi7m6 >> Image Returned >> 2020-10-29 13:41:43.535628

4qbr66qi7m6 >> End >> 2020-10-29 13:41:43.712513

8dfzz6boekw >> Start >> 2020-10-29 13:43:11.376254

8dfzz6boekw >> Image Returned >> 2020-10-29 13:43:11.379549

8dfzz6boekw >> End >> 2020-10-29 13:43:11.561104

tis0u8vxk6x >> Start >> 2020-10-29 13:45:03.960777

tis0u8vxk6x >> Image Returned >> 2020-10-29 13:45:03.964725

tis0u8vxk6x >> End >> 2020-10-29 13:45:04.168128

cx8gtbxzx2y >> Start >> 2020-10-29 13:45:31.841630

cx8gtbxzx2y >> Image Returned >> 2020-10-29 13:45:31.845151

cx8gtbxzx2y >> End >> 2020-10-29 13:45:32.048494

m3dug5yey6p >> Start >> 2020-10-29 13:46:59.575279

m3dug5yey6p >> Image Returned >> 2020-10-29 13:46:59.579382

m3dug5yey6p >> End >> 2020-10-29 13:46:59.939104

8son6me6ied >> Start >> 2020-10-29 13:47:17.553330

8son6me6ied >> Image Returned >> 2020-10-29 13:47:17.556457

8son6me6ied >> End >> 2020-10-29 13:47:18.134922

zpyf3qst0as >> Start >> 2020-10-29 13:47:18.513199

zpyf3qst0as >> Image Returned >> 2020-10-29 13:47:18.513490

zpyf3qst0as >> End >> 2020-10-29 13:47:19.088294

m24v7cdjd5h >> Start >> 2020-10-29 13:52:10.541054

m24v7cdjd5h >> Image Returned >> 2020-10-29 13:52:10.544663

m24v7cdjd5h >> End >> 2020-10-29 13:52:10.908207

hqaguqavr00 >> Start >> 2020-10-29 13:52:19.863539

hqaguqavr00 >> Image Returned >> 2020-10-29 13:52:19.863816

hqaguqavr00 >> End >> 2020-10-29 13:52:20.101254

fnn6oik4pbv >> Start >> 2020-10-29 13:52:22.262721

fnn6oik4pbv >> Image Returned >> 2020-10-29 13:52:22.263092

fnn6oik4pbv >> End >> 2020-10-29 13:52:22.618263

bec4gyya6gj >> Start >> 2020-10-29 13:55:55.484738

bec4gyya6gj >> Image Returned >> 2020-10-29 13:55:55.488297

bec4gyya6gj >> End >> 2020-10-29 13:55:55.621381

e2zpnpj3hte >> Start >> 2020-10-29 13:56:47.948205

e2zpnpj3hte >> Image Returned >> 2020-10-29 13:56:47.951836

e2zpnpj3hte >> End >> 2020-10-29 13:56:48.143862

gm8fchtgv74 >> Start >> 2020-10-29 13:57:16.054724

gm8fchtgv74 >> Image Returned >> 2020-10-29 13:57:16.057830

gm8fchtgv74 >> End >> 2020-10-29 13:57:16.339014

67kgtn82abn >> Start >> 2020-10-29 13:57:50.833836

67kgtn82abn >> Image Returned >> 2020-10-29 13:57:50.837409

67kgtn82abn >> End >> 2020-10-29 13:57:51.055710

0uziwsgj2vc >> Start >> 2020-10-29 14:00:23.202402

0uziwsgj2vc >> Image Returned >> 2020-10-29 14:00:23.205599

0uziwsgj2vc >> End >> 2020-10-29 14:00:23.568443

2a37whzba0d >> Start >> 2020-10-29 14:01:31.781565

2a37whzba0d >> Image Returned >> 2020-10-29 14:01:31.784667

2a37whzba0d >> End >> 2020-10-29 14:01:31.911609

hg42wpeajpp >> Start >> 2020-10-29 14:03:42.690572

hg42wpeajpp >> Image Returned >> 2020-10-29 14:03:42.694695

hg42wpeajpp >> End >> 2020-10-29 14:03:42.889796

px82ksaoibx >> Start >> 2020-10-29 14:09:56.967549

px82ksaoibx >> Image Returned >> 2020-10-29 14:09:56.970984

px82ksaoibx >> End >> 2020-10-29 14:09:57.152693

mtur8cw22uq >> Start >> 2020-10-29 14:15:48.202183

mtur8cw22uq >> Image Returned >> 2020-10-29 14:15:48.206285

mtur8cw22uq >> End >> 2020-10-29 14:15:48.441730

5wkj8duo538 >> Start >> 2020-10-29 14:16:52.419466

5wkj8duo538 >> Image Returned >> 2020-10-29 14:16:52.424530

5wkj8duo538 >> End >> 2020-10-29 14:16:52.597917

6aqozs4hqjg >> Start >> 2020-10-29 14:23:23.305656

6aqozs4hqjg >> Image Returned >> 2020-10-29 14:23:23.309182

6aqozs4hqjg >> End >> 2020-10-29 14:23:23.487962

78mqaee46oj >> Start >> 2020-10-29 14:23:31.947390

78mqaee46oj >> Image Returned >> 2020-10-29 14:23:31.947664

78mqaee46oj >> End >> 2020-10-29 14:23:32.126605

40avdrbkg4j >> Start >> 2020-10-29 14:27:44.867824

40avdrbkg4j >> Image Returned >> 2020-10-29 14:27:44.872436

40avdrbkg4j >> End >> 2020-10-29 14:27:45.053617

t365jiska0s >> Start >> 2020-10-29 14:27:58.411109

t365jiska0s >> Image Returned >> 2020-10-29 14:27:58.414268

t365jiska0s >> End >> 2020-10-29 14:27:58.607100

okk7kdf75w7 >> Start >> 2020-10-29 14:35:46.446523

okk7kdf75w7 >> Image Returned >> 2020-10-29 14:35:46.450582

okk7kdf75w7 >> End >> 2020-10-29 14:35:46.629173

re6fyz23aba >> Start >> 2020-10-29 14:36:31.722789

re6fyz23aba >> Image Returned >> 2020-10-29 14:36:31.726109

re6fyz23aba >> End >> 2020-10-29 14:36:31.908132

tutynqumcuy >> Start >> 2020-10-29 14:36:32.647866

tutynqumcuy >> Image Returned >> 2020-10-29 14:36:32.648251

tutynqumcuy >> End >> 2020-10-29 14:36:32.823474

km6rf3ke8zd >> Start >> 2020-10-29 14:37:06.477241

km6rf3ke8zd >> Image Returned >> 2020-10-29 14:37:06.480494

km6rf3ke8zd >> End >> 2020-10-29 14:37:06.672547

cq4ppqintzb >> Start >> 2020-10-29 14:49:32.982976

cq4ppqintzb >> Image Returned >> 2020-10-29 14:49:32.986293

cq4ppqintzb >> End >> 2020-10-29 14:49:33.163862

c82i78sdpb0 >> Start >> 2020-10-29 14:52:25.806579

c82i78sdpb0 >> Image Returned >> 2020-10-29 14:52:25.809804

c82i78sdpb0 >> End >> 2020-10-29 14:52:26.010057

riapdnakcih >> Start >> 2020-10-29 14:54:24.908816

riapdnakcih >> Image Returned >> 2020-10-29 14:54:24.914088

riapdnakcih >> End >> 2020-10-29 14:54:25.142291

8mwtaswehyd >> Start >> 2020-10-29 15:00:08.725039

8mwtaswehyd >> Image Returned >> 2020-10-29 15:00:08.728329

8mwtaswehyd >> End >> 2020-10-29 15:00:08.947468

xjckpxjizxi >> Start >> 2020-10-29 15:01:55.503068

xjckpxjizxi >> Image Returned >> 2020-10-29 15:01:55.506618

xjckpxjizxi >> End >> 2020-10-29 15:01:55.728771

w6u42xcw5oi >> Start >> 2020-10-29 15:06:22.393899

w6u42xcw5oi >> Image Returned >> 2020-10-29 15:06:22.397974

w6u42xcw5oi >> End >> 2020-10-29 15:06:22.577198

h5dfp4bbh4b >> Start >> 2020-10-29 15:08:03.169935

h5dfp4bbh4b >> Image Returned >> 2020-10-29 15:08:03.174253

h5dfp4bbh4b >> End >> 2020-10-29 15:08:03.360575

rp24uvnxt0o >> Start >> 2020-10-29 15:11:02.399472

rp24uvnxt0o >> Image Returned >> 2020-10-29 15:11:02.403220

rp24uvnxt0o >> End >> 2020-10-29 15:11:02.603594

7cfk3un5kty >> Start >> 2020-10-29 15:11:42.171658

7cfk3un5kty >> Image Returned >> 2020-10-29 15:11:42.175174

7cfk3un5kty >> End >> 2020-10-29 15:11:42.403002

op4efrt4jep >> Start >> 2020-10-29 15:15:20.779427

op4efrt4jep >> Image Returned >> 2020-10-29 15:15:20.783103

op4efrt4jep >> End >> 2020-10-29 15:15:20.988706

wxtu5srfkcv >> Start >> 2020-10-29 15:22:42.477771

wxtu5srfkcv >> Image Returned >> 2020-10-29 15:22:42.483201

wxtu5srfkcv >> End >> 2020-10-29 15:22:42.679404

7kzksrn4cqd >> Start >> 2020-10-29 15:25:33.169461

7kzksrn4cqd >> Image Returned >> 2020-10-29 15:25:33.173151

7kzksrn4cqd >> End >> 2020-10-29 15:25:33.358233

gbvhf5bii8o >> Start >> 2020-10-29 15:25:47.563544

gbvhf5bii8o >> Image Returned >> 2020-10-29 15:25:47.567137

gbvhf5bii8o >> End >> 2020-10-29 15:25:47.760273

fia3escosky >> Start >> 2020-10-29 15:25:48.002697

fia3escosky >> Image Returned >> 2020-10-29 15:25:48.002994

fia3escosky >> End >> 2020-10-29 15:25:48.190722

kkqge5i8qra >> Start >> 2020-10-29 15:26:33.373181

kkqge5i8qra >> Image Returned >> 2020-10-29 15:26:33.376306

kkqge5i8qra >> End >> 2020-10-29 15:26:33.554043

sedy2xtvmhw >> Start >> 2020-10-29 15:29:54.488645

sedy2xtvmhw >> Image Returned >> 2020-10-29 15:29:54.492446

sedy2xtvmhw >> End >> 2020-10-29 15:29:54.670736

xsci4fsz2xh >> Start >> 2020-10-29 15:32:17.878719

xsci4fsz2xh >> Image Returned >> 2020-10-29 15:32:17.882491

xsci4fsz2xh >> End >> 2020-10-29 15:32:18.095177

0ykgxzeshqq >> Start >> 2020-10-29 15:33:36.945669

0ykgxzeshqq >> Image Returned >> 2020-10-29 15:33:36.948997

0ykgxzeshqq >> End >> 2020-10-29 15:33:37.145899

zmj6ufwyvmn >> Start >> 2020-10-29 15:38:45.113485

zmj6ufwyvmn >> Image Returned >> 2020-10-29 15:38:45.116725

zmj6ufwyvmn >> End >> 2020-10-29 15:38:45.292495

s8832pd5r8b >> Start >> 2020-10-29 15:43:34.163454

s8832pd5r8b >> Image Returned >> 2020-10-29 15:43:34.166676

s8832pd5r8b >> End >> 2020-10-29 15:43:34.356957

gxh6spwcr3e >> Start >> 2020-10-29 15:45:30.698864

gxh6spwcr3e >> Image Returned >> 2020-10-29 15:45:30.702697

gxh6spwcr3e >> End >> 2020-10-29 15:45:30.881433

r50k824oqim >> Start >> 2020-10-29 15:46:35.029850

r50k824oqim >> Image Returned >> 2020-10-29 15:46:35.034600

r50k824oqim >> End >> 2020-10-29 15:46:35.222924

ip753igriiv >> Start >> 2020-10-29 16:01:48.086704

ip753igriiv >> Image Returned >> 2020-10-29 16:01:48.090866

ip753igriiv >> End >> 2020-10-29 16:01:48.277894

ovbp6iz2gua >> Start >> 2020-10-29 16:04:52.752346

ovbp6iz2gua >> Image Returned >> 2020-10-29 16:04:52.755953

ovbp6iz2gua >> End >> 2020-10-29 16:04:52.952084

0dasmvy7uyi >> Start >> 2020-10-29 16:10:13.209490

0dasmvy7uyi >> Image Returned >> 2020-10-29 16:10:13.212795

0dasmvy7uyi >> End >> 2020-10-29 16:10:13.343548

j0gdqm753ir >> Start >> 2020-10-29 16:10:48.286600

j0gdqm753ir >> Image Returned >> 2020-10-29 16:10:48.289925

j0gdqm753ir >> End >> 2020-10-29 16:10:48.470359

dynwtst4fkc >> Start >> 2020-10-29 16:12:58.042112

dynwtst4fkc >> Image Returned >> 2020-10-29 16:12:58.046154

dynwtst4fkc >> End >> 2020-10-29 16:12:58.233494

c7uhsdoktkj >> Start >> 2020-10-29 16:14:56.551207

c7uhsdoktkj >> Image Returned >> 2020-10-29 16:14:56.555108

c7uhsdoktkj >> End >> 2020-10-29 16:14:56.732580

vq3zffs8cqd >> Start >> 2020-10-29 16:17:06.716330

vq3zffs8cqd >> Image Returned >> 2020-10-29 16:17:06.719988

vq3zffs8cqd >> End >> 2020-10-29 16:17:06.897505

td4rtui0ur8 >> Start >> 2020-10-29 16:18:38.127619

td4rtui0ur8 >> Image Returned >> 2020-10-29 16:18:38.131038

td4rtui0ur8 >> End >> 2020-10-29 16:18:38.314413

k0eg7kfr7pq >> Start >> 2020-10-29 16:20:21.456219

k0eg7kfr7pq >> Image Returned >> 2020-10-29 16:20:21.459881

k0eg7kfr7pq >> End >> 2020-10-29 16:20:21.643373

irystr4qx4a >> Start >> 2020-10-29 16:26:40.134449

irystr4qx4a >> Image Returned >> 2020-10-29 16:26:40.141288

irystr4qx4a >> End >> 2020-10-29 16:26:40.336126

qedxqrai36q >> Start >> 2020-10-29 16:40:45.390134

qedxqrai36q >> Image Returned >> 2020-10-29 16:40:45.395332

qedxqrai36q >> End >> 2020-10-29 16:40:45.673290

vwxvtwyvbum >> Start >> 2020-10-29 16:42:38.257004

vwxvtwyvbum >> Image Returned >> 2020-10-29 16:42:38.260792

vwxvtwyvbum >> End >> 2020-10-29 16:42:38.449753

p0ac8j52gw6 >> Start >> 2020-10-29 16:47:21.213427

p0ac8j52gw6 >> Image Returned >> 2020-10-29 16:47:21.216770

p0ac8j52gw6 >> End >> 2020-10-29 16:47:21.409512

0xcjkk85dg2 >> Start >> 2020-10-29 16:48:02.692698

0xcjkk85dg2 >> Image Returned >> 2020-10-29 16:48:02.696563

0xcjkk85dg2 >> End >> 2020-10-29 16:48:02.899457

zuqgn3yag4o >> Start >> 2020-10-29 16:48:32.392643

zuqgn3yag4o >> Image Returned >> 2020-10-29 16:48:32.395822

zuqgn3yag4o >> End >> 2020-10-29 16:48:32.573229

ruu05samfop >> Start >> 2020-10-29 17:03:18.671561

ruu05samfop >> Image Returned >> 2020-10-29 17:03:18.675688

ruu05samfop >> End >> 2020-10-29 17:03:18.887115

qf3phrm82i4 >> Start >> 2020-10-29 17:04:10.265769

qf3phrm82i4 >> Image Returned >> 2020-10-29 17:04:10.269479

qf3phrm82i4 >> End >> 2020-10-29 17:04:10.447266

6ae5yjivs2x >> Start >> 2020-10-29 17:06:30.395196

6ae5yjivs2x >> Image Returned >> 2020-10-29 17:06:30.399436

6ae5yjivs2x >> End >> 2020-10-29 17:06:30.628947

2co2uow46yg >> Start >> 2020-10-29 17:07:01.451827

2co2uow46yg >> Image Returned >> 2020-10-29 17:07:01.455432

2co2uow46yg >> End >> 2020-10-29 17:07:01.667078

ks3yuieubmz >> Start >> 2020-10-29 17:07:48.723469

ks3yuieubmz >> Image Returned >> 2020-10-29 17:07:48.727441

ks3yuieubmz >> End >> 2020-10-29 17:07:48.910151

yini4d46pss >> Start >> 2020-10-29 17:11:54.127446

yini4d46pss >> Image Returned >> 2020-10-29 17:11:54.132625

yini4d46pss >> End >> 2020-10-29 17:11:54.322985

7fj0psctwtg >> Start >> 2020-10-29 17:13:17.087691

7fj0psctwtg >> Image Returned >> 2020-10-29 17:13:17.090971

7fj0psctwtg >> End >> 2020-10-29 17:13:17.280272

m4irm5xpctj >> Start >> 2020-10-29 17:13:23.414052

m4irm5xpctj >> Image Returned >> 2020-10-29 17:13:23.414490

m4irm5xpctj >> End >> 2020-10-29 17:13:23.636264

ig87h42bn0v >> Start >> 2020-10-29 17:13:58.295597

ig87h42bn0v >> Image Returned >> 2020-10-29 17:13:58.299355

ig87h42bn0v >> End >> 2020-10-29 17:13:58.484358

s33xxt33tvf >> Start >> 2020-10-29 17:14:24.085200

s33xxt33tvf >> Image Returned >> 2020-10-29 17:14:24.088706

s33xxt33tvf >> End >> 2020-10-29 17:14:24.267435

jsdfukhz0kk >> Start >> 2020-10-29 17:14:48.120914

jsdfukhz0kk >> Image Returned >> 2020-10-29 17:14:48.126015

jsdfukhz0kk >> End >> 2020-10-29 17:14:48.308573

2jc7g6var4g >> Start >> 2020-10-29 17:14:52.870228

2jc7g6var4g >> Image Returned >> 2020-10-29 17:14:52.870532

2jc7g6var4g >> End >> 2020-10-29 17:14:53.056179

2h4wstpr2z0 >> Start >> 2020-10-29 17:15:42.671278

2h4wstpr2z0 >> Image Returned >> 2020-10-29 17:15:42.674552

2h4wstpr2z0 >> End >> 2020-10-29 17:15:42.869999

iezkvjmu7hm >> Start >> 2020-10-29 17:19:57.935959

iezkvjmu7hm >> Image Returned >> 2020-10-29 17:19:57.939271

iezkvjmu7hm >> End >> 2020-10-29 17:19:58.118722

t2ty8b56rwz >> Start >> 2020-10-29 17:24:50.420844

t2ty8b56rwz >> Image Returned >> 2020-10-29 17:24:50.424577

t2ty8b56rwz >> End >> 2020-10-29 17:24:50.610318

qo8vc3bd7ss >> Start >> 2020-10-29 17:27:34.014123

qo8vc3bd7ss >> Image Returned >> 2020-10-29 17:27:34.017869

qo8vc3bd7ss >> End >> 2020-10-29 17:27:34.237956

chsokw6ita4 >> Start >> 2020-10-29 17:30:07.553212

chsokw6ita4 >> Image Returned >> 2020-10-29 17:30:07.556755

chsokw6ita4 >> End >> 2020-10-29 17:30:07.808799

xwpygsyqywa >> Start >> 2020-10-29 17:30:55.014002

xwpygsyqywa >> Image Returned >> 2020-10-29 17:30:55.017513

xwpygsyqywa >> End >> 2020-10-29 17:30:55.196983

3457mjgbamx >> Start >> 2020-10-29 17:32:01.950712

3457mjgbamx >> Image Returned >> 2020-10-29 17:32:01.954735

3457mjgbamx >> End >> 2020-10-29 17:32:02.133389

ktxmjn6mksj >> Start >> 2020-10-29 17:33:01.994554

ktxmjn6mksj >> Image Returned >> 2020-10-29 17:33:01.997920

ktxmjn6mksj >> End >> 2020-10-29 17:33:02.190450

0r4zxr3oxcg >> Start >> 2020-10-29 17:34:42.120270

0r4zxr3oxcg >> Image Returned >> 2020-10-29 17:34:42.123534

0r4zxr3oxcg >> End >> 2020-10-29 17:34:42.347748

tjmdvechm43 >> Start >> 2020-10-29 17:35:34.889686

tjmdvechm43 >> Image Returned >> 2020-10-29 17:35:34.893199

tjmdvechm43 >> End >> 2020-10-29 17:35:35.070533

eeq50dd8x4y >> Start >> 2020-10-29 17:35:50.877530

eeq50dd8x4y >> Image Returned >> 2020-10-29 17:35:50.881325

eeq50dd8x4y >> End >> 2020-10-29 17:35:51.065936

vti5v0xvn36 >> Start >> 2020-10-29 17:36:46.972058

vti5v0xvn36 >> Image Returned >> 2020-10-29 17:36:46.976028

vti5v0xvn36 >> End >> 2020-10-29 17:36:47.162221

tpc3gk83zij >> Start >> 2020-10-29 17:37:16.799243

tpc3gk83zij >> Image Returned >> 2020-10-29 17:37:16.802598

tpc3gk83zij >> End >> 2020-10-29 17:37:16.999855

ah88m6ir7ie >> Start >> 2020-10-29 17:37:40.726682

ah88m6ir7ie >> Image Returned >> 2020-10-29 17:37:40.730065

ah88m6ir7ie >> End >> 2020-10-29 17:37:40.907530

3fypfpfnhon >> Start >> 2020-10-29 17:42:58.959019

3fypfpfnhon >> Image Returned >> 2020-10-29 17:42:58.962789

3fypfpfnhon >> End >> 2020-10-29 17:42:59.150976

sazchqvymdy >> Start >> 2020-10-29 17:51:28.952697

sazchqvymdy >> Image Returned >> 2020-10-29 17:51:28.956537

sazchqvymdy >> End >> 2020-10-29 17:51:29.141247

xmqvopnnb6o >> Start >> 2020-10-29 17:51:42.989063

xmqvopnnb6o >> Image Returned >> 2020-10-29 17:51:42.993179

xmqvopnnb6o >> End >> 2020-10-29 17:51:43.169514

wh856caxcd6 >> Start >> 2020-10-29 17:55:25.510591

wh856caxcd6 >> Image Returned >> 2020-10-29 17:55:25.513917

wh856caxcd6 >> End >> 2020-10-29 17:55:25.700335

5grdirebsje >> Start >> 2020-10-29 17:56:15.269167

5grdirebsje >> Image Returned >> 2020-10-29 17:56:15.272739

5grdirebsje >> End >> 2020-10-29 17:56:15.447452

cs0kea6kre2 >> Start >> 2020-10-29 17:58:28.400176

cs0kea6kre2 >> Image Returned >> 2020-10-29 17:58:28.404185

cs0kea6kre2 >> End >> 2020-10-29 17:58:28.583091

hze6b3h3db7 >> Start >> 2020-10-29 17:59:55.151407

hze6b3h3db7 >> Image Returned >> 2020-10-29 17:59:55.155843

aansqxer3kn >> Start >> 2020-10-29 17:59:55.233841

aansqxer3kn >> Image Returned >> 2020-10-29 17:59:55.237176

hze6b3h3db7 >> End >> 2020-10-29 17:59:55.338912

aansqxer3kn >> End >> 2020-10-29 17:59:55.415214

urmayrhjc8h >> Start >> 2020-10-29 18:00:08.303786

urmayrhjc8h >> Image Returned >> 2020-10-29 18:00:08.307214

urmayrhjc8h >> End >> 2020-10-29 18:00:08.489259

3kutvqja0q5 >> Start >> 2020-10-29 18:00:08.698889

3kutvqja0q5 >> Image Returned >> 2020-10-29 18:00:08.699182

3kutvqja0q5 >> End >> 2020-10-29 18:00:08.880671

2xm0jcathn2 >> Start >> 2020-10-29 18:00:41.412689

2xm0jcathn2 >> Image Returned >> 2020-10-29 18:00:41.416130

2xm0jcathn2 >> End >> 2020-10-29 18:00:41.611417

zibnydfvy7u >> Start >> 2020-10-29 18:02:23.014949

zibnydfvy7u >> Image Returned >> 2020-10-29 18:02:23.018796

zibnydfvy7u >> End >> 2020-10-29 18:02:23.236479

zhqb3sxwi5v >> Start >> 2020-10-29 18:02:27.103599

zhqb3sxwi5v >> Image Returned >> 2020-10-29 18:02:27.103899

zhqb3sxwi5v >> End >> 2020-10-29 18:02:27.369643

mngei7wcq8h >> Start >> 2020-10-29 18:02:46.474754

mngei7wcq8h >> Image Returned >> 2020-10-29 18:02:46.478041

mngei7wcq8h >> End >> 2020-10-29 18:02:46.690133

8ivpjrn0qoe >> Start >> 2020-10-29 18:07:30.153019

8ivpjrn0qoe >> Image Returned >> 2020-10-29 18:07:30.156336

8ivpjrn0qoe >> End >> 2020-10-29 18:07:30.347215

wwe2v4obs7y >> Start >> 2020-10-29 18:10:02.725796

wwe2v4obs7y >> Image Returned >> 2020-10-29 18:10:02.729146

wwe2v4obs7y >> End >> 2020-10-29 18:10:03.059262

xiz7y43ghxq >> Start >> 2020-10-29 18:10:11.954284

xiz7y43ghxq >> Image Returned >> 2020-10-29 18:10:11.954627

xiz7y43ghxq >> End >> 2020-10-29 18:10:12.143297

mpv2xnjydnr >> Start >> 2020-10-29 18:15:59.000830

mpv2xnjydnr >> Image Returned >> 2020-10-29 18:15:59.005414

mpv2xnjydnr >> End >> 2020-10-29 18:15:59.197717

wc3pxjmyrtv >> Start >> 2020-10-29 18:23:07.364553

wc3pxjmyrtv >> Image Returned >> 2020-10-29 18:23:07.368612

wc3pxjmyrtv >> End >> 2020-10-29 18:23:07.560105

fw3cn2vjonz >> Start >> 2020-10-29 18:28:30.678728

fw3cn2vjonz >> Image Returned >> 2020-10-29 18:28:30.682148

fw3cn2vjonz >> End >> 2020-10-29 18:28:30.875045

cgs3c7afzhv >> Start >> 2020-10-29 18:29:38.512814

cgs3c7afzhv >> Image Returned >> 2020-10-29 18:29:38.516295

cgs3c7afzhv >> End >> 2020-10-29 18:29:38.705233

dmtdp4w7xcn >> Start >> 2020-10-29 18:36:05.394145

dmtdp4w7xcn >> Image Returned >> 2020-10-29 18:36:05.398641

dmtdp4w7xcn >> End >> 2020-10-29 18:36:05.581578

nae7ttq4fvf >> Start >> 2020-10-29 18:36:23.117289

nae7ttq4fvf >> Image Returned >> 2020-10-29 18:36:23.120668

nae7ttq4fvf >> End >> 2020-10-29 18:36:23.354089

5iszz2oinby >> Start >> 2020-10-29 18:39:11.990206

5iszz2oinby >> Image Returned >> 2020-10-29 18:39:11.993948

5iszz2oinby >> End >> 2020-10-29 18:39:12.179898

td52pnokazr >> Start >> 2020-10-29 18:39:44.519547

td52pnokazr >> Image Returned >> 2020-10-29 18:39:44.522866

td52pnokazr >> End >> 2020-10-29 18:39:44.723153

si8m7q3aq7u >> Start >> 2020-10-29 18:41:20.585361

si8m7q3aq7u >> Image Returned >> 2020-10-29 18:41:20.588810

si8m7q3aq7u >> End >> 2020-10-29 18:41:20.766633

020dydifd5o >> Start >> 2020-10-29 18:42:01.926297

020dydifd5o >> Image Returned >> 2020-10-29 18:42:01.929589

020dydifd5o >> End >> 2020-10-29 18:42:02.113487

80go52tkm0v >> Start >> 2020-10-29 18:44:53.026134

80go52tkm0v >> Image Returned >> 2020-10-29 18:44:53.030153

80go52tkm0v >> End >> 2020-10-29 18:44:53.209522

ybv3rm8ox64 >> Start >> 2020-10-29 18:52:03.803782

ybv3rm8ox64 >> Image Returned >> 2020-10-29 18:52:03.809573

ybv3rm8ox64 >> End >> 2020-10-29 18:52:03.994333

ao75ih0hmuk >> Start >> 2020-10-29 19:01:49.424005

ao75ih0hmuk >> Image Returned >> 2020-10-29 19:01:49.427459

ao75ih0hmuk >> End >> 2020-10-29 19:01:49.629926

z0escspcmza >> Start >> 2020-10-29 19:07:06.830908

z0escspcmza >> Image Returned >> 2020-10-29 19:07:06.835740

z0escspcmza >> End >> 2020-10-29 19:07:07.017210

o6xmcvjt4ea >> Start >> 2020-10-29 19:12:57.892292

o6xmcvjt4ea >> Image Returned >> 2020-10-29 19:12:57.896177

o6xmcvjt4ea >> End >> 2020-10-29 19:12:58.092005

5ng0xiyh73t >> Start >> 2020-10-29 19:14:06.112932

5ng0xiyh73t >> Image Returned >> 2020-10-29 19:14:06.117238

5ng0xiyh73t >> End >> 2020-10-29 19:14:06.292006

p660kt0bsjj >> Start >> 2020-10-29 19:19:51.005963

p660kt0bsjj >> Image Returned >> 2020-10-29 19:19:51.010010

p660kt0bsjj >> End >> 2020-10-29 19:19:51.187707

f58atcdke7i >> Start >> 2020-10-29 19:22:25.742085

f58atcdke7i >> Image Returned >> 2020-10-29 19:22:25.745907

f58atcdke7i >> End >> 2020-10-29 19:22:25.965760

ms0mc80dud6 >> Start >> 2020-10-29 19:24:27.392051

ms0mc80dud6 >> Image Returned >> 2020-10-29 19:24:27.395513

ms0mc80dud6 >> End >> 2020-10-29 19:24:27.587163

tamaeueqd8j >> Start >> 2020-10-29 19:31:49.931302

tamaeueqd8j >> Image Returned >> 2020-10-29 19:31:49.935132

tamaeueqd8j >> End >> 2020-10-29 19:31:50.122972

qtti3zioe3d >> Start >> 2020-10-29 19:31:56.451673

qtti3zioe3d >> Image Returned >> 2020-10-29 19:31:56.451968

qtti3zioe3d >> End >> 2020-10-29 19:31:56.637470

8h2xgk6gtn6 >> Start >> 2020-10-29 19:35:18.429938

8h2xgk6gtn6 >> Image Returned >> 2020-10-29 19:35:18.437709

8h2xgk6gtn6 >> End >> 2020-10-29 19:35:18.622760

a0qhpjibcqj >> Start >> 2020-10-29 19:41:21.592978

a0qhpjibcqj >> Image Returned >> 2020-10-29 19:41:21.596432

a0qhpjibcqj >> End >> 2020-10-29 19:41:21.790837

yrehm5hgi7h >> Start >> 2020-10-29 19:42:33.379987

yrehm5hgi7h >> Image Returned >> 2020-10-29 19:42:33.383714

yrehm5hgi7h >> End >> 2020-10-29 19:42:33.561264

ht5dkvvmyh8 >> Start >> 2020-10-29 19:42:52.038387

ht5dkvvmyh8 >> Image Returned >> 2020-10-29 19:42:52.042299

ht5dkvvmyh8 >> End >> 2020-10-29 19:42:52.234951

hbhr8ms8xcg >> Start >> 2020-10-29 19:43:46.773525

hbhr8ms8xcg >> Image Returned >> 2020-10-29 19:43:46.776954

hbhr8ms8xcg >> End >> 2020-10-29 19:43:46.978193

ftfwzdoe34n >> Start >> 2020-10-29 19:47:29.648675

ftfwzdoe34n >> Image Returned >> 2020-10-29 19:47:29.652556

ftfwzdoe34n >> End >> 2020-10-29 19:47:29.900602

tca5kuqufqu >> Start >> 2020-10-29 20:02:25.567306

tca5kuqufqu >> Image Returned >> 2020-10-29 20:02:25.571162

tca5kuqufqu >> End >> 2020-10-29 20:02:25.750377

f6siygrvnb4 >> Start >> 2020-10-29 20:06:23.044722

f6siygrvnb4 >> Image Returned >> 2020-10-29 20:06:23.048218

f6siygrvnb4 >> End >> 2020-10-29 20:06:23.234996

jzvd728r862 >> Start >> 2020-10-29 20:10:35.585454

jzvd728r862 >> Image Returned >> 2020-10-29 20:10:35.588963

jzvd728r862 >> End >> 2020-10-29 20:10:35.778553

5trmvaveaby >> Start >> 2020-10-29 20:17:38.216749

5trmvaveaby >> Image Returned >> 2020-10-29 20:17:38.220681

5trmvaveaby >> End >> 2020-10-29 20:17:38.407473

ue322tspv4h >> Start >> 2020-10-29 20:23:51.264516

ue322tspv4h >> Image Returned >> 2020-10-29 20:23:51.269115

ue322tspv4h >> End >> 2020-10-29 20:23:51.458436

t7bsbojjtpb >> Start >> 2020-10-29 20:32:56.714737

t7bsbojjtpb >> Image Returned >> 2020-10-29 20:32:56.719360

t7bsbojjtpb >> End >> 2020-10-29 20:32:56.894074

hcveikvmnee >> Start >> 2020-10-29 20:57:45.066031

hcveikvmnee >> Image Returned >> 2020-10-29 20:57:45.070122

hcveikvmnee >> End >> 2020-10-29 20:57:45.262934

tughczxwnmy >> Start >> 2020-10-29 21:04:03.262104

tughczxwnmy >> Image Returned >> 2020-10-29 21:04:03.266112

tughczxwnmy >> End >> 2020-10-29 21:04:03.443639

c3ie66cr6hm >> Start >> 2020-10-29 21:06:36.094201

c3ie66cr6hm >> Image Returned >> 2020-10-29 21:06:36.100394

c3ie66cr6hm >> End >> 2020-10-29 21:06:36.297291

uxfmmndyeq7 >> Start >> 2020-10-29 21:09:02.960809

uxfmmndyeq7 >> Image Returned >> 2020-10-29 21:09:02.964240

uxfmmndyeq7 >> End >> 2020-10-29 21:09:03.149081

derfnydk4fq >> Start >> 2020-10-29 21:14:07.111645

derfnydk4fq >> Image Returned >> 2020-10-29 21:14:07.115964

derfnydk4fq >> End >> 2020-10-29 21:14:07.308923

32fckd8obei >> Start >> 2020-10-29 21:15:55.186163

32fckd8obei >> Image Returned >> 2020-10-29 21:15:55.190167

32fckd8obei >> End >> 2020-10-29 21:15:55.371691

qo248pf8j25 >> Start >> 2020-10-29 21:23:02.551534

qo248pf8j25 >> Image Returned >> 2020-10-29 21:23:02.556556

qo248pf8j25 >> End >> 2020-10-29 21:23:02.784012

2ann7nxn2pd >> Start >> 2020-10-29 21:24:54.084280

2ann7nxn2pd >> Image Returned >> 2020-10-29 21:24:54.088546

2ann7nxn2pd >> End >> 2020-10-29 21:24:54.289331

58bwgjkbzw2 >> Start >> 2020-10-29 21:26:22.233283

58bwgjkbzw2 >> Image Returned >> 2020-10-29 21:26:22.237641

58bwgjkbzw2 >> End >> 2020-10-29 21:26:22.422945

jshiinnsn06 >> Start >> 2020-10-29 21:28:49.241683

jshiinnsn06 >> Image Returned >> 2020-10-29 21:28:49.245244

jshiinnsn06 >> End >> 2020-10-29 21:28:49.435993

fwr8gcrk5xi >> Start >> 2020-10-29 21:30:10.715837

fwr8gcrk5xi >> Image Returned >> 2020-10-29 21:30:10.720972

fwr8gcrk5xi >> End >> 2020-10-29 21:30:10.895767

0sqhbbiveuq >> Start >> 2020-10-29 21:30:39.553150

0sqhbbiveuq >> Image Returned >> 2020-10-29 21:30:39.556548

0sqhbbiveuq >> End >> 2020-10-29 21:30:39.734683

i8jtk7ihcyc >> Start >> 2020-10-29 21:32:08.555097

i8jtk7ihcyc >> Image Returned >> 2020-10-29 21:32:08.559330

i8jtk7ihcyc >> End >> 2020-10-29 21:32:08.750905

afit2tyw3xc >> Start >> 2020-10-29 21:33:25.451431

afit2tyw3xc >> Image Returned >> 2020-10-29 21:33:25.454940

afit2tyw3xc >> End >> 2020-10-29 21:33:25.651149

vn47n8tzp2j >> Start >> 2020-10-29 21:38:00.721050

vn47n8tzp2j >> Image Returned >> 2020-10-29 21:38:00.725930

vn47n8tzp2j >> End >> 2020-10-29 21:38:00.902915

42zqwrtvvhg >> Start >> 2020-10-29 21:39:14.801369

42zqwrtvvhg >> Image Returned >> 2020-10-29 21:39:14.804848

42zqwrtvvhg >> End >> 2020-10-29 21:39:14.999929

2s7i405k7aw >> Start >> 2020-10-29 21:39:48.965953

2s7i405k7aw >> Image Returned >> 2020-10-29 21:39:48.969333

2s7i405k7aw >> End >> 2020-10-29 21:39:49.158622

736wsawq8sy >> Start >> 2020-10-29 21:44:09.046617

736wsawq8sy >> Image Returned >> 2020-10-29 21:44:09.052045

736wsawq8sy >> End >> 2020-10-29 21:44:09.235824

az4dartrum3 >> Start >> 2020-10-29 21:48:54.309845

az4dartrum3 >> Image Returned >> 2020-10-29 21:48:54.314035

az4dartrum3 >> End >> 2020-10-29 21:48:54.492151

s7aju6fw2sz >> Start >> 2020-10-29 21:52:35.392117

s7aju6fw2sz >> Image Returned >> 2020-10-29 21:52:35.395642

s7aju6fw2sz >> End >> 2020-10-29 21:52:35.580403

aq3uuyzpurz >> Start >> 2020-10-29 21:53:05.022037

aq3uuyzpurz >> Image Returned >> 2020-10-29 21:53:05.026803

aq3uuyzpurz >> End >> 2020-10-29 21:53:05.213818

hkoikphhwzs >> Start >> 2020-10-29 21:53:35.323386

hkoikphhwzs >> Image Returned >> 2020-10-29 21:53:35.327162

hkoikphhwzs >> End >> 2020-10-29 21:53:35.719197

rvm8xkw24r6 >> Start >> 2020-10-29 21:53:49.806250

rvm8xkw24r6 >> Image Returned >> 2020-10-29 21:53:49.809773

rvm8xkw24r6 >> End >> 2020-10-29 21:53:50.194576

a6t62rfzxr6 >> Start >> 2020-10-29 21:53:50.308423

a6t62rfzxr6 >> Image Returned >> 2020-10-29 21:53:50.308718

a6t62rfzxr6 >> End >> 2020-10-29 21:53:50.681138

a2qn84ixcmc >> Start >> 2020-10-29 21:53:51.945913

a2qn84ixcmc >> Image Returned >> 2020-10-29 21:53:51.946197

a2qn84ixcmc >> End >> 2020-10-29 21:53:52.322607

7vzvqpzfdvx >> Start >> 2020-10-29 21:54:48.332864

7vzvqpzfdvx >> Image Returned >> 2020-10-29 21:54:48.337030

7vzvqpzfdvx >> End >> 2020-10-29 21:54:48.516557

gqcrc8zv7tc >> Start >> 2020-10-29 21:55:50.210235

gqcrc8zv7tc >> Image Returned >> 2020-10-29 21:55:50.213788

gqcrc8zv7tc >> End >> 2020-10-29 21:55:50.403099

s7dsfsnwcw5 >> Start >> 2020-10-29 21:58:48.554332

s7dsfsnwcw5 >> Image Returned >> 2020-10-29 21:58:48.558290

s7dsfsnwcw5 >> End >> 2020-10-29 21:58:48.735918

05ib56vudr2 >> Start >> 2020-10-29 21:59:59.049618

05ib56vudr2 >> Image Returned >> 2020-10-29 21:59:59.053973

05ib56vudr2 >> End >> 2020-10-29 21:59:59.236350

ajvpmbms3ra >> Start >> 2020-10-29 22:01:45.208940

ajvpmbms3ra >> Image Returned >> 2020-10-29 22:01:45.212374

ajvpmbms3ra >> End >> 2020-10-29 22:01:45.398449

8sdu0wh85k4 >> Start >> 2020-10-29 22:01:58.469221

8sdu0wh85k4 >> Image Returned >> 2020-10-29 22:01:58.473535

8sdu0wh85k4 >> End >> 2020-10-29 22:01:58.665648

autn0zy62yi >> Start >> 2020-10-29 22:02:10.606230

autn0zy62yi >> Image Returned >> 2020-10-29 22:02:10.609827

autn0zy62yi >> End >> 2020-10-29 22:02:10.821626

s33fz7ebdrb >> Start >> 2020-10-29 22:02:46.888092

s33fz7ebdrb >> Image Returned >> 2020-10-29 22:02:46.891870

s33fz7ebdrb >> End >> 2020-10-29 22:02:47.073724

kgndwooh6r0 >> Start >> 2020-10-29 22:03:42.386255

kgndwooh6r0 >> Image Returned >> 2020-10-29 22:03:42.390590

kgndwooh6r0 >> End >> 2020-10-29 22:03:42.566648

e6h4ccf2eqo >> Start >> 2020-10-29 22:05:28.485636

e6h4ccf2eqo >> Image Returned >> 2020-10-29 22:05:28.489804

e6h4ccf2eqo >> End >> 2020-10-29 22:05:28.739356

8dod0sndmq0 >> Start >> 2020-10-29 22:08:31.450366

8dod0sndmq0 >> Image Returned >> 2020-10-29 22:08:31.454996

8dod0sndmq0 >> End >> 2020-10-29 22:08:31.635160

r86r22gor3u >> Start >> 2020-10-29 22:10:10.325727

r86r22gor3u >> Image Returned >> 2020-10-29 22:10:10.330271

r86r22gor3u >> End >> 2020-10-29 22:10:10.567960

aaxeoe5y2kj >> Start >> 2020-10-29 22:10:23.991341

aaxeoe5y2kj >> Image Returned >> 2020-10-29 22:10:23.994107

aaxeoe5y2kj >> End >> 2020-10-29 22:10:24.174266

btqx4dp28xx >> Start >> 2020-10-29 22:10:33.515299

btqx4dp28xx >> Image Returned >> 2020-10-29 22:10:33.515851

btqx4dp28xx >> End >> 2020-10-29 22:10:33.733835

rssf5smxrdn >> Start >> 2020-10-29 22:18:50.157074

rssf5smxrdn >> Image Returned >> 2020-10-29 22:18:50.159965

rssf5smxrdn >> End >> 2020-10-29 22:18:50.350516

qn5ab2xzswo >> Start >> 2020-10-29 22:19:50.410792

qn5ab2xzswo >> Image Returned >> 2020-10-29 22:19:50.413635

qn5ab2xzswo >> End >> 2020-10-29 22:19:50.553524

6fensk2e2ts >> Start >> 2020-10-29 22:27:52.853287

6fensk2e2ts >> Image Returned >> 2020-10-29 22:27:52.856161

6fensk2e2ts >> End >> 2020-10-29 22:27:53.035470

yhwvkn5e80n >> Start >> 2020-10-29 22:28:50.758304

yhwvkn5e80n >> Image Returned >> 2020-10-29 22:28:50.761137

yhwvkn5e80n >> End >> 2020-10-29 22:28:50.986499

qr0tupyw2k0 >> Start >> 2020-10-29 22:30:00.124459

qr0tupyw2k0 >> Image Returned >> 2020-10-29 22:30:00.127623

qr0tupyw2k0 >> End >> 2020-10-29 22:30:00.316952

4s8ccwz6u38 >> Start >> 2020-10-29 22:35:29.129658

4s8ccwz6u38 >> Image Returned >> 2020-10-29 22:35:29.132642

4s8ccwz6u38 >> End >> 2020-10-29 22:35:29.304568

tti8cozdat7 >> Start >> 2020-10-29 22:36:10.887989

tti8cozdat7 >> Image Returned >> 2020-10-29 22:36:10.892213

tti8cozdat7 >> End >> 2020-10-29 22:36:11.091662

5mhm8xa6r2h >> Start >> 2020-10-29 22:37:47.263115

5mhm8xa6r2h >> Image Returned >> 2020-10-29 22:37:47.266051

5mhm8xa6r2h >> End >> 2020-10-29 22:37:47.448205

g24m25iw27z >> Start >> 2020-10-29 22:38:55.171993

g24m25iw27z >> Image Returned >> 2020-10-29 22:38:55.174840

g24m25iw27z >> End >> 2020-10-29 22:38:55.359595

ipfep46uoti >> Start >> 2020-10-29 22:41:53.468930

ipfep46uoti >> Image Returned >> 2020-10-29 22:41:53.471905

ipfep46uoti >> End >> 2020-10-29 22:41:53.597526

784w20qbjg7 >> Start >> 2020-10-29 22:50:19.996941

784w20qbjg7 >> Image Returned >> 2020-10-29 22:50:19.999833

784w20qbjg7 >> End >> 2020-10-29 22:50:20.185365

u7633d82q2w >> Start >> 2020-10-29 22:51:43.880388

u7633d82q2w >> Image Returned >> 2020-10-29 22:51:43.883945

u7633d82q2w >> End >> 2020-10-29 22:51:44.064510

q5065urtuiy >> Start >> 2020-10-29 22:51:44.185447

q5065urtuiy >> Image Returned >> 2020-10-29 22:51:44.185729

q5065urtuiy >> End >> 2020-10-29 22:51:44.355943

e4wjvxc6a5w >> Start >> 2020-10-29 22:52:01.993114

e4wjvxc6a5w >> Image Returned >> 2020-10-29 22:52:01.996007

e4wjvxc6a5w >> End >> 2020-10-29 22:52:02.178770

4fh7wdkyohg >> Start >> 2020-10-29 22:52:18.488053

4fh7wdkyohg >> Image Returned >> 2020-10-29 22:52:18.491178

4fh7wdkyohg >> End >> 2020-10-29 22:52:18.674377

0guhznip4hn >> Start >> 2020-10-29 22:52:18.755389

0guhznip4hn >> Image Returned >> 2020-10-29 22:52:18.755685

0guhznip4hn >> End >> 2020-10-29 22:52:18.938702

pefkmirudp4 >> Start >> 2020-10-29 22:55:54.826828

pefkmirudp4 >> Image Returned >> 2020-10-29 22:55:54.832351

pefkmirudp4 >> End >> 2020-10-29 22:55:55.020747

2pcn3qcj2ds >> Start >> 2020-10-29 22:59:25.521158

2pcn3qcj2ds >> Image Returned >> 2020-10-29 22:59:25.524156

2pcn3qcj2ds >> End >> 2020-10-29 22:59:25.703072

g26xgxnzyqs >> Start >> 2020-10-29 23:02:07.846409

g26xgxnzyqs >> Image Returned >> 2020-10-29 23:02:07.849314

g26xgxnzyqs >> End >> 2020-10-29 23:02:08.027601

atbfh36dm65 >> Start >> 2020-10-29 23:04:52.273163

atbfh36dm65 >> Image Returned >> 2020-10-29 23:04:52.276084

atbfh36dm65 >> End >> 2020-10-29 23:04:52.463229

atdqpoz20vx >> Start >> 2020-10-29 23:08:50.972995

atdqpoz20vx >> Image Returned >> 2020-10-29 23:08:50.975887

atdqpoz20vx >> End >> 2020-10-29 23:08:51.151523

uopwnauja8m >> Start >> 2020-10-29 23:19:27.799741

uopwnauja8m >> Image Returned >> 2020-10-29 23:19:27.803339

uopwnauja8m >> End >> 2020-10-29 23:19:27.990375

pqwzys2765s >> Start >> 2020-10-29 23:25:44.404922

pqwzys2765s >> Image Returned >> 2020-10-29 23:25:44.408067

pqwzys2765s >> End >> 2020-10-29 23:25:44.598165

ijc8u6rainf >> Start >> 2020-10-29 23:30:12.707293

ijc8u6rainf >> Image Returned >> 2020-10-29 23:30:12.710797

ijc8u6rainf >> End >> 2020-10-29 23:30:12.913165

an48shehakm >> Start >> 2020-10-29 23:30:26.515104

an48shehakm >> Image Returned >> 2020-10-29 23:30:26.518414

an48shehakm >> End >> 2020-10-29 23:30:26.736164

c8v5gfuoihj >> Start >> 2020-10-29 23:30:26.854132

c8v5gfuoihj >> Image Returned >> 2020-10-29 23:30:26.854419

c8v5gfuoihj >> End >> 2020-10-29 23:30:27.072505

noe40fmid8k >> Start >> 2020-10-29 23:38:26.319053

noe40fmid8k >> Image Returned >> 2020-10-29 23:38:26.323430

noe40fmid8k >> End >> 2020-10-29 23:38:26.562494

nhuky0hcsoy >> Start >> 2020-10-29 23:51:52.734703

nhuky0hcsoy >> Image Returned >> 2020-10-29 23:51:52.737750

nhuky0hcsoy >> End >> 2020-10-29 23:51:52.928472

yrub8jf67i6 >> Start >> 2020-10-29 23:57:01.835042

yrub8jf67i6 >> Image Returned >> 2020-10-29 23:57:01.838308

yrub8jf67i6 >> End >> 2020-10-29 23:57:02.041002

iut2jmkwnec >> Start >> 2020-10-29 23:58:14.470761

iut2jmkwnec >> Image Returned >> 2020-10-29 23:58:14.473794

iut2jmkwnec >> End >> 2020-10-29 23:58:14.649595

ejak6ghnfgw >> Start >> 2020-10-29 23:58:31.780687

ejak6ghnfgw >> Image Returned >> 2020-10-29 23:58:31.784043

ejak6ghnfgw >> End >> 2020-10-29 23:58:31.974642

ad2gvp553sg >> Start >> 2020-10-29 23:58:45.017548

ad2gvp553sg >> Image Returned >> 2020-10-29 23:58:45.020431

ad2gvp553sg >> End >> 2020-10-29 23:58:45.238991

j6bfuuf52wc >> Start >> 2020-10-29 23:58:54.238838

j6bfuuf52wc >> Image Returned >> 2020-10-29 23:58:54.239156

j6bfuuf52wc >> End >> 2020-10-29 23:58:54.429198

7rona0a4c3b >> Start >> 2020-10-29 23:58:54.484653

7rona0a4c3b >> Image Returned >> 2020-10-29 23:58:54.484966

7rona0a4c3b >> End >> 2020-10-29 23:58:54.689308

vv06rmsxkx3 >> Start >> 2020-10-29 23:59:02.460527

vv06rmsxkx3 >> Image Returned >> 2020-10-29 23:59:02.460814

vv06rmsxkx3 >> End >> 2020-10-29 23:59:02.653136

