3ri5s6pxa8a >> Start >> 2020-08-02 00:25:54.396184

3ri5s6pxa8a >> Image Returned >> 2020-08-02 00:25:54.400125

3ri5s6pxa8a >> End >> 2020-08-02 00:25:54.534722

ymeg7y2rgz0 >> Start >> 2020-08-02 00:32:27.949518

ymeg7y2rgz0 >> Image Returned >> 2020-08-02 00:32:27.952524

ymeg7y2rgz0 >> End >> 2020-08-02 00:32:28.088195

z5bbmv368zu >> Start >> 2020-08-02 00:35:39.574270

z5bbmv368zu >> Image Returned >> 2020-08-02 00:35:39.577414

z5bbmv368zu >> End >> 2020-08-02 00:35:39.772392

sbb2yea3aea >> Start >> 2020-08-02 00:35:56.877388

sbb2yea3aea >> Image Returned >> 2020-08-02 00:35:56.881381

sbb2yea3aea >> End >> 2020-08-02 00:35:57.084325

23rua56wq74 >> Start >> 2020-08-02 00:35:57.187797

23rua56wq74 >> Image Returned >> 2020-08-02 00:35:57.188096

23rua56wq74 >> End >> 2020-08-02 00:35:57.385078

z5ruciwtu0z >> Start >> 2020-08-02 00:54:06.764604

z5ruciwtu0z >> Image Returned >> 2020-08-02 00:54:06.768498

z5ruciwtu0z >> End >> 2020-08-02 00:54:06.905256

e5fxc07nj6m >> Start >> 2020-08-02 00:59:25.692627

e5fxc07nj6m >> Image Returned >> 2020-08-02 00:59:25.697793

e5fxc07nj6m >> End >> 2020-08-02 00:59:25.876739

dww6yy4ciz8 >> Start >> 2020-08-02 01:12:59.574769

dww6yy4ciz8 >> Image Returned >> 2020-08-02 01:12:59.578422

dww6yy4ciz8 >> End >> 2020-08-02 01:12:59.723964

tea0jx7ppo3 >> Start >> 2020-08-02 01:17:19.703356

tea0jx7ppo3 >> Image Returned >> 2020-08-02 01:17:19.706753

tea0jx7ppo3 >> End >> 2020-08-02 01:17:19.842631

i4yvu4p8aj6 >> Start >> 2020-08-02 01:45:17.991379

i4yvu4p8aj6 >> Image Returned >> 2020-08-02 01:45:17.995179

i4yvu4p8aj6 >> End >> 2020-08-02 01:45:18.137283

pe4yqhzpy6e >> Start >> 2020-08-02 01:45:34.849595

pe4yqhzpy6e >> Image Returned >> 2020-08-02 01:45:34.852598

pe4yqhzpy6e >> End >> 2020-08-02 01:45:35.044977

r75nzf6mswn >> Start >> 2020-08-02 04:07:25.348392

r75nzf6mswn >> Image Returned >> 2020-08-02 04:07:25.351032

r75nzf6mswn >> End >> 2020-08-02 04:07:25.488106

wnxgnp32hsy >> Start >> 2020-08-02 04:53:19.452083

wnxgnp32hsy >> Image Returned >> 2020-08-02 04:53:19.455168

wnxgnp32hsy >> End >> 2020-08-02 04:53:19.663523

cfvjjq2ep0x >> Start >> 2020-08-02 04:53:33.561158

cfvjjq2ep0x >> Image Returned >> 2020-08-02 04:53:33.563697

cfvjjq2ep0x >> End >> 2020-08-02 04:53:33.757088

qwxvncyrirs >> Start >> 2020-08-02 04:53:33.919310

qwxvncyrirs >> Image Returned >> 2020-08-02 04:53:33.919639

qwxvncyrirs >> End >> 2020-08-02 04:53:34.115499

ihgte3cngj7 >> Start >> 2020-08-02 05:16:13.703021

ihgte3cngj7 >> Image Returned >> 2020-08-02 05:16:13.705616

ihgte3cngj7 >> End >> 2020-08-02 05:16:13.842986

csh03sq0z6f >> Start >> 2020-08-02 05:19:24.015665

csh03sq0z6f >> Image Returned >> 2020-08-02 05:19:24.018330

csh03sq0z6f >> End >> 2020-08-02 05:19:24.155167

ev3xfbzwxq8 >> Start >> 2020-08-02 05:32:54.089138

ev3xfbzwxq8 >> Image Returned >> 2020-08-02 05:32:54.091908

ev3xfbzwxq8 >> End >> 2020-08-02 05:32:54.230130

wib77bri6hy >> Start >> 2020-08-02 05:33:11.149611

wib77bri6hy >> Image Returned >> 2020-08-02 05:33:11.152190

wib77bri6hy >> End >> 2020-08-02 05:33:11.290141

z6s7ewh4t5x >> Start >> 2020-08-02 05:50:06.063807

z6s7ewh4t5x >> Image Returned >> 2020-08-02 05:50:06.066732

z6s7ewh4t5x >> End >> 2020-08-02 05:50:06.201179

zzhg55ubxmm >> Start >> 2020-08-02 07:16:02.378377

zzhg55ubxmm >> Image Returned >> 2020-08-02 07:16:02.380939

zzhg55ubxmm >> End >> 2020-08-02 07:16:02.521460

qqwodhd25ip >> Start >> 2020-08-02 07:25:20.174171

qqwodhd25ip >> Image Returned >> 2020-08-02 07:25:20.176913

qqwodhd25ip >> End >> 2020-08-02 07:25:20.325018

yyehibh8axi >> Start >> 2020-08-02 07:53:32.534992

yyehibh8axi >> Image Returned >> 2020-08-02 07:53:32.537838

yyehibh8axi >> End >> 2020-08-02 07:53:32.675555

i4kiz6p8bzk >> Start >> 2020-08-02 08:11:26.151079

i4kiz6p8bzk >> Image Returned >> 2020-08-02 08:11:26.154009

i4kiz6p8bzk >> End >> 2020-08-02 08:11:26.304069

80go52tkm0v >> Start >> 2020-08-02 08:21:53.026140

80go52tkm0v >> Image Returned >> 2020-08-02 08:21:53.029689

80go52tkm0v >> End >> 2020-08-02 08:21:53.161911

4j6zx3qy2y2 >> Start >> 2020-08-02 08:36:44.502974

4j6zx3qy2y2 >> Image Returned >> 2020-08-02 08:36:44.506268

4j6zx3qy2y2 >> End >> 2020-08-02 08:36:44.643917

0dst7rabhss >> Start >> 2020-08-02 08:41:09.237083

0dst7rabhss >> Image Returned >> 2020-08-02 08:41:09.241234

0dst7rabhss >> End >> 2020-08-02 08:41:09.380002

umv4iotzxah >> Start >> 2020-08-02 08:47:04.513772

umv4iotzxah >> Image Returned >> 2020-08-02 08:47:04.516480

umv4iotzxah >> End >> 2020-08-02 08:47:04.650540

unh47thuvzj >> Start >> 2020-08-02 08:51:30.555578

unh47thuvzj >> Image Returned >> 2020-08-02 08:51:30.558315

unh47thuvzj >> End >> 2020-08-02 08:51:30.700608

civsmyzi6g0 >> Start >> 2020-08-02 09:08:24.066036

civsmyzi6g0 >> Image Returned >> 2020-08-02 09:08:24.069008

civsmyzi6g0 >> End >> 2020-08-02 09:08:24.207777

kh77qj2dih7 >> Start >> 2020-08-02 09:14:39.866662

kh77qj2dih7 >> Image Returned >> 2020-08-02 09:14:39.869782

kh77qj2dih7 >> End >> 2020-08-02 09:14:40.006067

nbgjbai5zrj >> Start >> 2020-08-02 09:20:08.065020

nbgjbai5zrj >> Image Returned >> 2020-08-02 09:20:08.067745

nbgjbai5zrj >> End >> 2020-08-02 09:20:08.205981

5czjnnkhj74 >> Start >> 2020-08-02 11:07:57.253667

5czjnnkhj74 >> Image Returned >> 2020-08-02 11:07:57.257121

5czjnnkhj74 >> End >> 2020-08-02 11:07:57.402491

7nza57ciapy >> Start >> 2020-08-02 11:17:45.541938

7nza57ciapy >> Image Returned >> 2020-08-02 11:17:45.545427

7nza57ciapy >> End >> 2020-08-02 11:17:45.694762

ef74xxh5a66 >> Start >> 2020-08-02 11:17:55.275867

ef74xxh5a66 >> Image Returned >> 2020-08-02 11:17:55.276159

ef74xxh5a66 >> End >> 2020-08-02 11:17:55.411801

tri37ykw0pf >> Start >> 2020-08-02 12:08:14.531836

tri37ykw0pf >> Image Returned >> 2020-08-02 12:08:14.534969

tri37ykw0pf >> End >> 2020-08-02 12:08:14.675539

g654pb86d5d >> Start >> 2020-08-02 13:42:41.811502

g654pb86d5d >> Image Returned >> 2020-08-02 13:42:41.814802

g654pb86d5d >> End >> 2020-08-02 13:42:41.958523

of6xfkstu4p >> Start >> 2020-08-02 13:58:46.115036

of6xfkstu4p >> Image Returned >> 2020-08-02 13:58:46.118550

of6xfkstu4p >> End >> 2020-08-02 13:58:46.253887

hc8i28272eb >> Start >> 2020-08-02 14:12:41.142237

hc8i28272eb >> Image Returned >> 2020-08-02 14:12:41.145545

hc8i28272eb >> End >> 2020-08-02 14:12:41.285521

5hex028dtnv >> Start >> 2020-08-02 14:30:26.796631

5hex028dtnv >> Image Returned >> 2020-08-02 14:30:26.800179

5hex028dtnv >> End >> 2020-08-02 14:30:26.951359

pbfhhs4oi0j >> Start >> 2020-08-02 14:31:17.151447

pbfhhs4oi0j >> Image Returned >> 2020-08-02 14:31:17.154751

pbfhhs4oi0j >> End >> 2020-08-02 14:31:17.303951

isw3cqyteq5 >> Start >> 2020-08-02 14:50:19.587496

isw3cqyteq5 >> Image Returned >> 2020-08-02 14:50:19.591774

isw3cqyteq5 >> End >> 2020-08-02 14:50:19.736696

esbghdu02av >> Start >> 2020-08-02 15:23:03.798253

esbghdu02av >> Image Returned >> 2020-08-02 15:23:03.802392

esbghdu02av >> End >> 2020-08-02 15:23:03.966937

7drtvi4efwi >> Start >> 2020-08-02 15:34:55.985378

7drtvi4efwi >> Image Returned >> 2020-08-02 15:34:55.988615

7drtvi4efwi >> End >> 2020-08-02 15:34:56.132157

6xbxn7pig7q >> Start >> 2020-08-02 15:40:57.631249

6xbxn7pig7q >> Image Returned >> 2020-08-02 15:40:57.637331

6xbxn7pig7q >> End >> 2020-08-02 15:40:57.779148

2hzue0hxxbs >> Start >> 2020-08-02 15:47:56.431101

2hzue0hxxbs >> Image Returned >> 2020-08-02 15:47:56.434606

2hzue0hxxbs >> End >> 2020-08-02 15:47:56.576242

ckrfptgrx4q >> Start >> 2020-08-02 16:21:55.210654

ckrfptgrx4q >> Image Returned >> 2020-08-02 16:21:55.214488

ckrfptgrx4q >> End >> 2020-08-02 16:21:55.357546

8r752d0xpu3 >> Start >> 2020-08-02 16:39:17.924228

8r752d0xpu3 >> Image Returned >> 2020-08-02 16:39:17.927182

8r752d0xpu3 >> End >> 2020-08-02 16:39:18.072562

7uqoydmvqct >> Start >> 2020-08-02 17:18:02.399940

7uqoydmvqct >> Image Returned >> 2020-08-02 17:18:02.403067

7uqoydmvqct >> End >> 2020-08-02 17:18:02.606004

5h8hx8ucckb >> Start >> 2020-08-02 17:18:16.930993

5h8hx8ucckb >> Image Returned >> 2020-08-02 17:18:16.933844

5h8hx8ucckb >> End >> 2020-08-02 17:18:17.140275

tarinu7h8av >> Start >> 2020-08-02 17:18:17.295032

tarinu7h8av >> Image Returned >> 2020-08-02 17:18:17.295330

tarinu7h8av >> End >> 2020-08-02 17:18:17.494808

bkur6optxkm >> Start >> 2020-08-02 17:37:36.412513

bkur6optxkm >> Image Returned >> 2020-08-02 17:37:36.416284

bkur6optxkm >> End >> 2020-08-02 17:37:36.553705

bp0ykvyuk2m >> Start >> 2020-08-02 17:53:31.029397

bp0ykvyuk2m >> Image Returned >> 2020-08-02 17:53:31.033654

bp0ykvyuk2m >> End >> 2020-08-02 17:53:31.171988

2fsdp5ppe5e >> Start >> 2020-08-02 18:22:31.089549

2fsdp5ppe5e >> Image Returned >> 2020-08-02 18:22:31.093591

2fsdp5ppe5e >> End >> 2020-08-02 18:22:31.233330

dnzjgstv7pc >> Start >> 2020-08-02 18:54:51.459470

dnzjgstv7pc >> Image Returned >> 2020-08-02 18:54:51.463957

dnzjgstv7pc >> End >> 2020-08-02 18:54:51.608654

sctebn6pmp4 >> Start >> 2020-08-02 19:01:29.062906

sctebn6pmp4 >> Image Returned >> 2020-08-02 19:01:29.067199

sctebn6pmp4 >> End >> 2020-08-02 19:01:29.231093

bbg4srx7vb6 >> Start >> 2020-08-02 19:01:55.438682

bbg4srx7vb6 >> Image Returned >> 2020-08-02 19:01:55.441544

bbg4srx7vb6 >> End >> 2020-08-02 19:01:55.575979

uzshajs2ohz >> Start >> 2020-08-02 19:18:49.886559

uzshajs2ohz >> Image Returned >> 2020-08-02 19:18:49.892211

uzshajs2ohz >> End >> 2020-08-02 19:18:50.033740

2tbqjzst0y5 >> Start >> 2020-08-02 19:39:58.193792

2tbqjzst0y5 >> Image Returned >> 2020-08-02 19:39:58.197732

2tbqjzst0y5 >> End >> 2020-08-02 19:39:58.338219

t465kitq587 >> Start >> 2020-08-02 20:04:31.287595

t465kitq587 >> Image Returned >> 2020-08-02 20:04:31.291733

t465kitq587 >> End >> 2020-08-02 20:04:31.446013

nriijhc0uj2 >> Start >> 2020-08-02 20:30:28.452322

nriijhc0uj2 >> Image Returned >> 2020-08-02 20:30:28.456696

nriijhc0uj2 >> End >> 2020-08-02 20:30:28.598231

vw7p6cxqpgq >> Start >> 2020-08-02 21:10:17.029381

vw7p6cxqpgq >> Image Returned >> 2020-08-02 21:10:17.032593

vw7p6cxqpgq >> End >> 2020-08-02 21:10:17.172251

zxc3xyu3jhy >> Start >> 2020-08-02 21:11:28.363146

zxc3xyu3jhy >> Image Returned >> 2020-08-02 21:11:28.366796

zxc3xyu3jhy >> End >> 2020-08-02 21:11:28.502892

ury0f2wehsb >> Start >> 2020-08-02 21:25:03.574227

ury0f2wehsb >> Image Returned >> 2020-08-02 21:25:03.577358

ury0f2wehsb >> End >> 2020-08-02 21:25:03.718606

i83deqhr2qa >> Start >> 2020-08-02 21:25:24.327372

i83deqhr2qa >> Image Returned >> 2020-08-02 21:25:24.330357

i83deqhr2qa >> End >> 2020-08-02 21:25:24.472682

ikyqtbt55bz >> Start >> 2020-08-02 22:01:41.846318

ikyqtbt55bz >> Image Returned >> 2020-08-02 22:01:41.850296

ikyqtbt55bz >> End >> 2020-08-02 22:01:41.989341

oekrrjd0fsk >> Start >> 2020-08-02 22:06:22.042726

oekrrjd0fsk >> Image Returned >> 2020-08-02 22:06:22.045768

oekrrjd0fsk >> End >> 2020-08-02 22:06:22.186131

ssajio25ybr >> Start >> 2020-08-02 22:06:39.469403

ssajio25ybr >> Image Returned >> 2020-08-02 22:06:39.473067

ssajio25ybr >> End >> 2020-08-02 22:06:39.613734

y7g5kf0d6ik >> Start >> 2020-08-02 22:11:11.066916

y7g5kf0d6ik >> Image Returned >> 2020-08-02 22:11:11.069930

y7g5kf0d6ik >> End >> 2020-08-02 22:11:11.211314

5v7f2a8mdgn >> Start >> 2020-08-02 22:13:32.498377

5v7f2a8mdgn >> Image Returned >> 2020-08-02 22:13:32.501972

5v7f2a8mdgn >> End >> 2020-08-02 22:13:32.646589

wa00njzv6df >> Start >> 2020-08-02 22:38:36.779551

wa00njzv6df >> Image Returned >> 2020-08-02 22:38:36.784173

wa00njzv6df >> End >> 2020-08-02 22:38:36.951076

07bm4gmkp4v >> Start >> 2020-08-02 22:40:21.873130

07bm4gmkp4v >> Image Returned >> 2020-08-02 22:40:21.876763

07bm4gmkp4v >> End >> 2020-08-02 22:40:22.002747

v72bjgyvkud >> Start >> 2020-08-02 22:41:18.733894

v72bjgyvkud >> Image Returned >> 2020-08-02 22:41:18.737591

v72bjgyvkud >> End >> 2020-08-02 22:41:18.878269

yhsjay0w0on >> Start >> 2020-08-02 22:45:15.338633

yhsjay0w0on >> Image Returned >> 2020-08-02 22:45:15.342063

yhsjay0w0on >> End >> 2020-08-02 22:45:15.485471

0z80awuqvc3 >> Start >> 2020-08-02 22:49:44.229465

0z80awuqvc3 >> Image Returned >> 2020-08-02 22:49:44.232539

0z80awuqvc3 >> End >> 2020-08-02 22:49:44.371700

wcrhoi48ymw >> Start >> 2020-08-02 22:59:34.550548

wcrhoi48ymw >> Image Returned >> 2020-08-02 22:59:34.556297

wcrhoi48ymw >> End >> 2020-08-02 22:59:34.695475

4g0ox4po6rr >> Start >> 2020-08-02 23:17:06.568732

4g0ox4po6rr >> Image Returned >> 2020-08-02 23:17:06.572712

4g0ox4po6rr >> End >> 2020-08-02 23:17:06.720508

8p8cubrv5p8 >> Start >> 2020-08-02 23:19:01.561479

8p8cubrv5p8 >> Image Returned >> 2020-08-02 23:19:01.565568

8p8cubrv5p8 >> End >> 2020-08-02 23:19:01.734656

yrapxpyq75k >> Start >> 2020-08-02 23:31:48.330107

yrapxpyq75k >> Image Returned >> 2020-08-02 23:31:48.333770

yrapxpyq75k >> End >> 2020-08-02 23:31:48.472384

iq8dtinzxvd >> Start >> 2020-08-02 23:47:21.392599

iq8dtinzxvd >> Image Returned >> 2020-08-02 23:47:21.396404

iq8dtinzxvd >> End >> 2020-08-02 23:47:21.539515

sbyoba6ervn >> Start >> 2020-08-02 23:56:10.883838

sbyoba6ervn >> Image Returned >> 2020-08-02 23:56:10.889370

sbyoba6ervn >> End >> 2020-08-02 23:56:11.030194

usb407oqs28 >> Start >> 2020-08-02 23:57:51.917438

usb407oqs28 >> Image Returned >> 2020-08-02 23:57:51.922033

usb407oqs28 >> End >> 2020-08-02 23:57:52.060899

