pn8wkfn8oae >> Start >> 2020-06-21 00:00:47.231843

pn8wkfn8oae >> Image Returned >> 2020-06-21 00:00:47.237032

pn8wkfn8oae >> End >> 2020-06-21 00:00:47.250703

k5yp7fbqtba >> Start >> 2020-06-21 00:55:20.161228

k5yp7fbqtba >> Image Returned >> 2020-06-21 00:55:20.165301

k5yp7fbqtba >> End >> 2020-06-21 00:55:20.177397

acppj5eqsux >> Start >> 2020-06-21 01:31:36.818181

acppj5eqsux >> Image Returned >> 2020-06-21 01:31:36.821286

acppj5eqsux >> End >> 2020-06-21 01:31:36.833204

dnmhzid0fr8 >> Start >> 2020-06-21 03:15:30.637151

dnmhzid0fr8 >> Image Returned >> 2020-06-21 03:15:30.671089

dnmhzid0fr8 >> End >> 2020-06-21 03:15:30.699857

djthmd4ajt5 >> Start >> 2020-06-21 03:43:48.256297

djthmd4ajt5 >> Image Returned >> 2020-06-21 03:43:48.259773

djthmd4ajt5 >> End >> 2020-06-21 03:43:48.271768

hp2dhjhkhg0 >> Start >> 2020-06-21 03:58:32.850960

hp2dhjhkhg0 >> Image Returned >> 2020-06-21 03:58:32.854460

hp2dhjhkhg0 >> End >> 2020-06-21 03:58:32.867773

ejwcdhpbs5n >> Start >> 2020-06-21 05:31:12.552833

ejwcdhpbs5n >> Image Returned >> 2020-06-21 05:31:12.555932

ejwcdhpbs5n >> End >> 2020-06-21 05:31:12.568666

cpgziboqmvm >> Start >> 2020-06-21 05:42:08.581588

cpgziboqmvm >> Image Returned >> 2020-06-21 05:42:08.585247

cpgziboqmvm >> End >> 2020-06-21 05:42:08.595967

3baj7xeryju >> Start >> 2020-06-21 06:07:47.129889

3baj7xeryju >> Image Returned >> 2020-06-21 06:07:47.133533

3baj7xeryju >> End >> 2020-06-21 06:07:47.144695

pwvqp4nvvbr >> Start >> 2020-06-21 06:50:28.851136

pwvqp4nvvbr >> Image Returned >> 2020-06-21 06:50:28.855573

pwvqp4nvvbr >> End >> 2020-06-21 06:50:28.866611

4gtu53tcdys >> Start >> 2020-06-21 07:04:02.393493

4gtu53tcdys >> Image Returned >> 2020-06-21 07:04:02.397165

4gtu53tcdys >> End >> 2020-06-21 07:04:02.408112

2oxyfyr6dt3 >> Start >> 2020-06-21 07:36:21.417562

2oxyfyr6dt3 >> Image Returned >> 2020-06-21 07:36:21.420468

2oxyfyr6dt3 >> End >> 2020-06-21 07:36:21.431512

7p6jmtnvuph >> Start >> 2020-06-21 08:01:20.292686

7p6jmtnvuph >> Image Returned >> 2020-06-21 08:01:20.295629

7p6jmtnvuph >> End >> 2020-06-21 08:01:20.312925

ykuudpifd8o >> Start >> 2020-06-21 08:14:17.528693

ykuudpifd8o >> Image Returned >> 2020-06-21 08:14:17.531703

ykuudpifd8o >> End >> 2020-06-21 08:14:17.548717

dpqwozi5paa >> Start >> 2020-06-21 08:14:32.751223

dpqwozi5paa >> Image Returned >> 2020-06-21 08:14:32.754172

dpqwozi5paa >> End >> 2020-06-21 08:14:32.769952

pokvmvbfb52 >> Start >> 2020-06-21 08:26:46.402132

pokvmvbfb52 >> Image Returned >> 2020-06-21 08:26:46.405503

pokvmvbfb52 >> End >> 2020-06-21 08:26:46.417360

iese6zxhscr >> Start >> 2020-06-21 08:32:27.112726

iese6zxhscr >> Image Returned >> 2020-06-21 08:32:27.116081

iese6zxhscr >> End >> 2020-06-21 08:32:27.128088

dwf8k3fmz0g >> Start >> 2020-06-21 08:46:10.972976

dwf8k3fmz0g >> Image Returned >> 2020-06-21 08:46:10.975958

dwf8k3fmz0g >> End >> 2020-06-21 08:46:10.988061

ou5tio40q5a >> Start >> 2020-06-21 08:54:34.637691

ou5tio40q5a >> Image Returned >> 2020-06-21 08:54:34.642101

ou5tio40q5a >> End >> 2020-06-21 08:54:34.654119

e4v0hf06gyf >> Start >> 2020-06-21 09:03:17.362282

e4v0hf06gyf >> Image Returned >> 2020-06-21 09:03:17.365351

e4v0hf06gyf >> End >> 2020-06-21 09:03:17.376498

bj0eaj8tq26 >> Start >> 2020-06-21 09:10:26.442780

bj0eaj8tq26 >> Image Returned >> 2020-06-21 09:10:26.445883

bj0eaj8tq26 >> End >> 2020-06-21 09:10:26.457040

daso65pckji >> Start >> 2020-06-21 09:29:09.256047

daso65pckji >> Image Returned >> 2020-06-21 09:29:09.259320

daso65pckji >> End >> 2020-06-21 09:29:09.270549

tqo0apurvge >> Start >> 2020-06-21 09:57:45.403785

tqo0apurvge >> Image Returned >> 2020-06-21 09:57:45.407675

tqo0apurvge >> End >> 2020-06-21 09:57:45.418891

egtypx7xzga >> Start >> 2020-06-21 10:23:15.408601

egtypx7xzga >> Image Returned >> 2020-06-21 10:23:15.413064

egtypx7xzga >> End >> 2020-06-21 10:23:15.425440

6vh73mrvnoq >> Start >> 2020-06-21 11:34:42.453465

6vh73mrvnoq >> Image Returned >> 2020-06-21 11:34:42.456573

6vh73mrvnoq >> End >> 2020-06-21 11:34:42.471493

esbozz43ccz >> Start >> 2020-06-21 11:38:46.401495

esbozz43ccz >> Image Returned >> 2020-06-21 11:38:46.407437

esbozz43ccz >> End >> 2020-06-21 11:38:46.422857

uqiiobabmus >> Start >> 2020-06-21 11:40:36.265856

uqiiobabmus >> Image Returned >> 2020-06-21 11:40:36.269270

uqiiobabmus >> End >> 2020-06-21 11:40:36.291739

v8dzf53gx8p >> Start >> 2020-06-21 11:41:21.993650

v8dzf53gx8p >> Image Returned >> 2020-06-21 11:41:21.996781

v8dzf53gx8p >> End >> 2020-06-21 11:41:22.012548

77x6j7nyr7w >> Start >> 2020-06-21 11:43:59.427542

77x6j7nyr7w >> Image Returned >> 2020-06-21 11:43:59.430998

77x6j7nyr7w >> End >> 2020-06-21 11:43:59.446465

d0nxvvfjdos >> Start >> 2020-06-21 12:12:01.681238

d0nxvvfjdos >> Image Returned >> 2020-06-21 12:12:01.684787

d0nxvvfjdos >> End >> 2020-06-21 12:12:01.698302

sqqb5yr8afv >> Start >> 2020-06-21 12:13:32.809293

sqqb5yr8afv >> Image Returned >> 2020-06-21 12:13:32.812431

sqqb5yr8afv >> End >> 2020-06-21 12:13:32.826976

fxqmjja7qzx >> Start >> 2020-06-21 12:43:36.446135

fxqmjja7qzx >> Image Returned >> 2020-06-21 12:43:36.450797

fxqmjja7qzx >> End >> 2020-06-21 12:43:36.473635

esxzz0465hh >> Start >> 2020-06-21 12:59:15.783843

esxzz0465hh >> Image Returned >> 2020-06-21 12:59:15.787679

esxzz0465hh >> End >> 2020-06-21 12:59:15.800626

zv4xy3kn6h8 >> Start >> 2020-06-21 13:23:49.545948

zv4xy3kn6h8 >> Image Returned >> 2020-06-21 13:23:49.546425

zv4xy3kn6h8 >> End >> 2020-06-21 13:23:49.557904

6z44has5far >> Start >> 2020-06-21 13:33:38.682935

6z44has5far >> Image Returned >> 2020-06-21 13:33:38.685993

6z44has5far >> End >> 2020-06-21 13:33:38.697000

uv0dvdcx2ar >> Start >> 2020-06-21 13:46:33.391784

uv0dvdcx2ar >> Image Returned >> 2020-06-21 13:46:33.394929

uv0dvdcx2ar >> End >> 2020-06-21 13:46:33.414383

k26546utcu3 >> Start >> 2020-06-21 13:54:08.689558

k26546utcu3 >> Image Returned >> 2020-06-21 13:54:08.692724

k26546utcu3 >> End >> 2020-06-21 13:54:08.707181

zvrhxrboycq >> Start >> 2020-06-21 13:56:16.742147

zvrhxrboycq >> Image Returned >> 2020-06-21 13:56:16.745421

zvrhxrboycq >> End >> 2020-06-21 13:56:16.760797

8hxgyqehxnv >> Start >> 2020-06-21 14:06:01.931646

8hxgyqehxnv >> Image Returned >> 2020-06-21 14:06:01.937469

8hxgyqehxnv >> End >> 2020-06-21 14:06:01.951030

7mzxjz8riqk >> Start >> 2020-06-21 14:08:50.377315

7mzxjz8riqk >> Image Returned >> 2020-06-21 14:08:50.381151

7mzxjz8riqk >> End >> 2020-06-21 14:08:50.398622

0fbw5xosuhv >> Start >> 2020-06-21 14:09:52.309892

0fbw5xosuhv >> Image Returned >> 2020-06-21 14:09:52.313227

0fbw5xosuhv >> End >> 2020-06-21 14:09:52.324790

q2bragvv6wd >> Start >> 2020-06-21 14:12:37.420624

q2bragvv6wd >> Image Returned >> 2020-06-21 14:12:37.424034

q2bragvv6wd >> End >> 2020-06-21 14:12:37.436383

owxn5a0js74 >> Start >> 2020-06-21 14:17:46.983685

owxn5a0js74 >> Image Returned >> 2020-06-21 14:17:46.987462

owxn5a0js74 >> End >> 2020-06-21 14:17:46.999615

4iuewubpg55 >> Start >> 2020-06-21 14:21:21.306596

4iuewubpg55 >> Image Returned >> 2020-06-21 14:21:21.310977

4iuewubpg55 >> End >> 2020-06-21 14:21:21.330274

28hhdaogjvr >> Start >> 2020-06-21 14:21:26.463434

28hhdaogjvr >> Image Returned >> 2020-06-21 14:21:26.463732

28hhdaogjvr >> End >> 2020-06-21 14:21:26.472014

wx8whgwibcq >> Start >> 2020-06-21 14:21:28.850430

wx8whgwibcq >> Image Returned >> 2020-06-21 14:21:28.850723

wx8whgwibcq >> End >> 2020-06-21 14:21:28.859348

odn7pjst36c >> Start >> 2020-06-21 14:27:00.360701

odn7pjst36c >> Image Returned >> 2020-06-21 14:27:00.364219

odn7pjst36c >> End >> 2020-06-21 14:27:00.375978

rgsncrb4kws >> Start >> 2020-06-21 14:33:51.932528

rgsncrb4kws >> Image Returned >> 2020-06-21 14:33:51.935820

rgsncrb4kws >> End >> 2020-06-21 14:33:51.948760

se5vdouoppx >> Start >> 2020-06-21 14:45:18.803634

se5vdouoppx >> Image Returned >> 2020-06-21 14:45:18.807280

se5vdouoppx >> End >> 2020-06-21 14:45:18.829272

6gfgejrd7et >> Start >> 2020-06-21 14:48:04.781474

6gfgejrd7et >> Image Returned >> 2020-06-21 14:48:04.785365

6gfgejrd7et >> End >> 2020-06-21 14:48:04.809029

i50q4yq5x7h >> Start >> 2020-06-21 14:51:24.367815

i50q4yq5x7h >> Image Returned >> 2020-06-21 14:51:24.371162

i50q4yq5x7h >> End >> 2020-06-21 14:51:24.394068

nqns56jqzzu >> Start >> 2020-06-21 14:53:03.755671

nqns56jqzzu >> Image Returned >> 2020-06-21 14:53:03.759582

nqns56jqzzu >> End >> 2020-06-21 14:53:03.772417

qockh78of8c >> Start >> 2020-06-21 14:56:29.435729

qockh78of8c >> Image Returned >> 2020-06-21 14:56:29.439241

qockh78of8c >> End >> 2020-06-21 14:56:29.452472

an8bx5e3s75 >> Start >> 2020-06-21 14:57:32.333199

an8bx5e3s75 >> Image Returned >> 2020-06-21 14:57:32.336829

an8bx5e3s75 >> End >> 2020-06-21 14:57:32.349807

zzwxh6me2w4 >> Start >> 2020-06-21 14:58:18.468913

zzwxh6me2w4 >> Image Returned >> 2020-06-21 14:58:18.472361

zzwxh6me2w4 >> End >> 2020-06-21 14:58:18.483531

ufhi2ectkzn >> Start >> 2020-06-21 15:01:49.261295

ufhi2ectkzn >> Image Returned >> 2020-06-21 15:01:49.264611

ufhi2ectkzn >> End >> 2020-06-21 15:01:49.276364

zu0awdaxpwy >> Start >> 2020-06-21 15:04:57.125190

zu0awdaxpwy >> Image Returned >> 2020-06-21 15:04:57.131510

zu0awdaxpwy >> End >> 2020-06-21 15:04:57.142105

vcmcugtek28 >> Start >> 2020-06-21 15:05:30.058123

vcmcugtek28 >> Image Returned >> 2020-06-21 15:05:30.061420

vcmcugtek28 >> End >> 2020-06-21 15:05:30.074771

mtaoi2cqz4u >> Start >> 2020-06-21 15:07:18.069497

mtaoi2cqz4u >> Image Returned >> 2020-06-21 15:07:18.073263

mtaoi2cqz4u >> End >> 2020-06-21 15:07:18.084108

gnhuwt8fbv0 >> Start >> 2020-06-21 15:10:11.165740

gnhuwt8fbv0 >> Image Returned >> 2020-06-21 15:10:11.169569

gnhuwt8fbv0 >> End >> 2020-06-21 15:10:11.197079

shn48ssgrrn >> Start >> 2020-06-21 15:10:34.425235

shn48ssgrrn >> Image Returned >> 2020-06-21 15:10:34.428399

shn48ssgrrn >> End >> 2020-06-21 15:10:34.440809

7s6e2abm7gq >> Start >> 2020-06-21 15:11:09.166642

7s6e2abm7gq >> Image Returned >> 2020-06-21 15:11:09.170227

7s6e2abm7gq >> End >> 2020-06-21 15:11:09.184230

xytstq80zj4 >> Start >> 2020-06-21 15:11:34.631956

xytstq80zj4 >> Image Returned >> 2020-06-21 15:11:34.636560

xytstq80zj4 >> End >> 2020-06-21 15:11:34.651185

a5kqst6tjzn >> Start >> 2020-06-21 15:19:05.637644

a5kqst6tjzn >> Image Returned >> 2020-06-21 15:19:05.642028

a5kqst6tjzn >> End >> 2020-06-21 15:19:05.658912

yyiu07da4ej >> Start >> 2020-06-21 15:20:20.063236

yyiu07da4ej >> Image Returned >> 2020-06-21 15:20:20.068116

yyiu07da4ej >> End >> 2020-06-21 15:20:20.080152

pqg6epzx5ie >> Start >> 2020-06-21 15:24:10.899486

pqg6epzx5ie >> Image Returned >> 2020-06-21 15:24:10.902990

pqg6epzx5ie >> End >> 2020-06-21 15:24:10.914268

ehck4ajcsmm >> Start >> 2020-06-21 15:24:20.922156

ehck4ajcsmm >> Image Returned >> 2020-06-21 15:24:20.922445

ehck4ajcsmm >> End >> 2020-06-21 15:24:20.932109

ra8vu2mtzfi >> Start >> 2020-06-21 15:24:52.558229

ra8vu2mtzfi >> Image Returned >> 2020-06-21 15:24:52.561346

ra8vu2mtzfi >> End >> 2020-06-21 15:24:52.572838

a3zvb6hekzb >> Start >> 2020-06-21 15:30:03.361303

a3zvb6hekzb >> Image Returned >> 2020-06-21 15:30:03.364917

a3zvb6hekzb >> End >> 2020-06-21 15:30:03.375957

0rkwpq4tj0m >> Start >> 2020-06-21 15:31:12.661187

0rkwpq4tj0m >> Image Returned >> 2020-06-21 15:31:12.664693

0rkwpq4tj0m >> End >> 2020-06-21 15:31:12.676440

8da7o8mqpvw >> Start >> 2020-06-21 15:32:26.464464

8da7o8mqpvw >> Image Returned >> 2020-06-21 15:32:26.468069

8da7o8mqpvw >> End >> 2020-06-21 15:32:26.479005

330ksd847w7 >> Start >> 2020-06-21 15:34:40.528132

330ksd847w7 >> Image Returned >> 2020-06-21 15:34:40.531785

330ksd847w7 >> End >> 2020-06-21 15:34:40.545069

8nj7wekw5zq >> Start >> 2020-06-21 15:36:43.621611

8nj7wekw5zq >> Image Returned >> 2020-06-21 15:36:43.625432

8nj7wekw5zq >> End >> 2020-06-21 15:36:43.638668

d40eos4kh06 >> Start >> 2020-06-21 15:38:50.287415

d40eos4kh06 >> Image Returned >> 2020-06-21 15:38:50.291209

d40eos4kh06 >> End >> 2020-06-21 15:38:50.304867

wxxcirugevh >> Start >> 2020-06-21 15:39:20.054568

wxxcirugevh >> Image Returned >> 2020-06-21 15:39:20.058554

wxxcirugevh >> End >> 2020-06-21 15:39:20.073926

4dkpobo4wn7 >> Start >> 2020-06-21 15:40:50.683417

4dkpobo4wn7 >> Image Returned >> 2020-06-21 15:40:50.686671

4dkpobo4wn7 >> End >> 2020-06-21 15:40:50.701850

gd0wvpot8qx >> Start >> 2020-06-21 15:41:07.769324

gd0wvpot8qx >> Image Returned >> 2020-06-21 15:41:07.773014

gd0wvpot8qx >> End >> 2020-06-21 15:41:07.791487

cui6oadnzyh >> Start >> 2020-06-21 15:41:10.333928

cui6oadnzyh >> Image Returned >> 2020-06-21 15:41:10.334232

cui6oadnzyh >> End >> 2020-06-21 15:41:10.360445

sjoxrwrowq6 >> Start >> 2020-06-21 15:41:12.131303

sjoxrwrowq6 >> Image Returned >> 2020-06-21 15:41:12.131602

sjoxrwrowq6 >> End >> 2020-06-21 15:41:12.161276

28xtxx0uewh >> Start >> 2020-06-21 15:41:20.500797

28xtxx0uewh >> Image Returned >> 2020-06-21 15:41:20.501127

28xtxx0uewh >> End >> 2020-06-21 15:41:20.521015

ifm3j76qrxd >> Start >> 2020-06-21 15:42:01.485995

ifm3j76qrxd >> Image Returned >> 2020-06-21 15:42:01.489223

ifm3j76qrxd >> End >> 2020-06-21 15:42:01.509944

ey4068gtgq3 >> Start >> 2020-06-21 15:43:36.780735

ey4068gtgq3 >> Image Returned >> 2020-06-21 15:43:36.785816

ey4068gtgq3 >> End >> 2020-06-21 15:43:36.798156

jzyqx6xcgvr >> Start >> 2020-06-21 15:44:20.569966

jzyqx6xcgvr >> Image Returned >> 2020-06-21 15:44:20.573446

jzyqx6xcgvr >> End >> 2020-06-21 15:44:20.588665

a066ni2wte8 >> Start >> 2020-06-21 15:45:33.769197

a066ni2wte8 >> Image Returned >> 2020-06-21 15:45:33.772519

a066ni2wte8 >> End >> 2020-06-21 15:45:33.785840

gqnfcccfu0z >> Start >> 2020-06-21 15:48:17.080271

gqnfcccfu0z >> Image Returned >> 2020-06-21 15:48:17.084240

gqnfcccfu0z >> End >> 2020-06-21 15:48:17.094851

v47eqn3aq2d >> Start >> 2020-06-21 15:48:25.370949

v47eqn3aq2d >> Image Returned >> 2020-06-21 15:48:25.371227

v47eqn3aq2d >> End >> 2020-06-21 15:48:25.388746

4n5tvsa5kfu >> Start >> 2020-06-21 15:49:32.477525

4n5tvsa5kfu >> Image Returned >> 2020-06-21 15:49:32.481508

4n5tvsa5kfu >> End >> 2020-06-21 15:49:32.712019

w70do3hki42 >> Start >> 2020-06-21 15:52:18.891737

w70do3hki42 >> Image Returned >> 2020-06-21 15:52:18.895395

w70do3hki42 >> End >> 2020-06-21 15:52:18.908586

qgydj7axbrf >> Start >> 2020-06-21 15:53:50.153628

qgydj7axbrf >> Image Returned >> 2020-06-21 15:53:50.157469

qgydj7axbrf >> End >> 2020-06-21 15:53:50.168457

wzohehqbuhk >> Start >> 2020-06-21 15:54:05.488363

wzohehqbuhk >> Image Returned >> 2020-06-21 15:54:05.492117

wzohehqbuhk >> End >> 2020-06-21 15:54:05.504503

gitavjvgv44 >> Start >> 2020-06-21 15:54:06.425237

gitavjvgv44 >> Image Returned >> 2020-06-21 15:54:06.425635

gitavjvgv44 >> End >> 2020-06-21 15:54:06.436105

pmypfjsadw0 >> Start >> 2020-06-21 15:55:42.131484

pmypfjsadw0 >> Image Returned >> 2020-06-21 15:55:42.134727

pmypfjsadw0 >> End >> 2020-06-21 15:55:42.150365

dhihmjrgnjh >> Start >> 2020-06-21 15:59:02.321614

dhihmjrgnjh >> Image Returned >> 2020-06-21 15:59:02.325731

dhihmjrgnjh >> End >> 2020-06-21 15:59:02.337390

u5z3k2np8c2 >> Start >> 2020-06-21 16:00:13.152739

u5z3k2np8c2 >> Image Returned >> 2020-06-21 16:00:13.156843

u5z3k2np8c2 >> End >> 2020-06-21 16:00:13.168081

b24nancpft0 >> Start >> 2020-06-21 16:00:47.936563

b24nancpft0 >> Image Returned >> 2020-06-21 16:00:47.939804

b24nancpft0 >> End >> 2020-06-21 16:00:47.952421

gvbag7cqz4n >> Start >> 2020-06-21 16:01:46.543545

gvbag7cqz4n >> Image Returned >> 2020-06-21 16:01:46.547040

gvbag7cqz4n >> End >> 2020-06-21 16:01:46.559813

ddo2jefvbrh >> Start >> 2020-06-21 16:03:37.520256

ddo2jefvbrh >> Image Returned >> 2020-06-21 16:03:37.523627

ddo2jefvbrh >> End >> 2020-06-21 16:03:37.535248

qqep8y4gnxy >> Start >> 2020-06-21 16:05:01.721123

qqep8y4gnxy >> Image Returned >> 2020-06-21 16:05:01.724332

qqep8y4gnxy >> End >> 2020-06-21 16:05:01.736216

ra85dejr4oh >> Start >> 2020-06-21 16:05:35.027200

ra85dejr4oh >> Image Returned >> 2020-06-21 16:05:35.030637

ra85dejr4oh >> End >> 2020-06-21 16:05:35.040401

i0ipwk2brco >> Start >> 2020-06-21 16:06:44.963711

i0ipwk2brco >> Image Returned >> 2020-06-21 16:06:44.967644

i0ipwk2brco >> End >> 2020-06-21 16:06:44.982743

2k0j83kmucx >> Start >> 2020-06-21 16:06:58.282780

2k0j83kmucx >> Image Returned >> 2020-06-21 16:06:58.285972

2k0j83kmucx >> End >> 2020-06-21 16:06:58.297090

x365vb62gcn >> Start >> 2020-06-21 16:07:27.032188

x365vb62gcn >> Image Returned >> 2020-06-21 16:07:27.035517

x365vb62gcn >> End >> 2020-06-21 16:07:27.092715

h3hgc8vwjnz >> Start >> 2020-06-21 16:15:09.514755

h3hgc8vwjnz >> Image Returned >> 2020-06-21 16:15:09.518620

h3hgc8vwjnz >> End >> 2020-06-21 16:15:09.529983

shnpoom8k87 >> Start >> 2020-06-21 16:16:14.246189

shnpoom8k87 >> Image Returned >> 2020-06-21 16:16:14.250140

shnpoom8k87 >> End >> 2020-06-21 16:16:14.262756

ahcnyvheuo2 >> Start >> 2020-06-21 16:20:27.292977

ahcnyvheuo2 >> Image Returned >> 2020-06-21 16:20:27.296808

ahcnyvheuo2 >> End >> 2020-06-21 16:20:27.313499

or2k6n8ek0m >> Start >> 2020-06-21 16:22:25.593890

or2k6n8ek0m >> Image Returned >> 2020-06-21 16:22:25.597115

or2k6n8ek0m >> End >> 2020-06-21 16:22:25.608995

t0nyqnypap7 >> Start >> 2020-06-21 16:24:45.173250

t0nyqnypap7 >> Image Returned >> 2020-06-21 16:24:45.176692

t0nyqnypap7 >> End >> 2020-06-21 16:24:45.188843

bxnxyt7kj6n >> Start >> 2020-06-21 16:27:07.334517

bxnxyt7kj6n >> Image Returned >> 2020-06-21 16:27:07.338114

bxnxyt7kj6n >> End >> 2020-06-21 16:27:07.349678

3po428jtczu >> Start >> 2020-06-21 16:27:25.307701

3po428jtczu >> Image Returned >> 2020-06-21 16:27:25.310853

3po428jtczu >> End >> 2020-06-21 16:27:25.321497

r0d58dbhkvk >> Start >> 2020-06-21 16:31:00.577429

r0d58dbhkvk >> Image Returned >> 2020-06-21 16:31:00.580574

r0d58dbhkvk >> End >> 2020-06-21 16:31:00.592972

quhyedykjfr >> Start >> 2020-06-21 16:32:17.923125

quhyedykjfr >> Image Returned >> 2020-06-21 16:32:17.926464

quhyedykjfr >> End >> 2020-06-21 16:32:17.939610

udvxm2s25dq >> Start >> 2020-06-21 16:34:03.096565

udvxm2s25dq >> Image Returned >> 2020-06-21 16:34:03.100174

udvxm2s25dq >> End >> 2020-06-21 16:34:03.114847

pp2vqc5ttpa >> Start >> 2020-06-21 16:35:37.082145

pp2vqc5ttpa >> Image Returned >> 2020-06-21 16:35:37.085815

pp2vqc5ttpa >> End >> 2020-06-21 16:35:37.096788

x0euebfycyh >> Start >> 2020-06-21 16:36:17.306123

x0euebfycyh >> Image Returned >> 2020-06-21 16:36:17.311474

x0euebfycyh >> End >> 2020-06-21 16:36:17.330362

6cpoxdhdr4b >> Start >> 2020-06-21 16:36:52.669363

6cpoxdhdr4b >> Image Returned >> 2020-06-21 16:36:52.672697

6cpoxdhdr4b >> End >> 2020-06-21 16:36:52.683629

0zxg6uxbiqg >> Start >> 2020-06-21 16:42:23.259239

0zxg6uxbiqg >> Image Returned >> 2020-06-21 16:42:23.263205

0zxg6uxbiqg >> End >> 2020-06-21 16:42:23.279318

x43ezbhmfuy >> Start >> 2020-06-21 16:44:13.554807

x43ezbhmfuy >> Image Returned >> 2020-06-21 16:44:13.558515

x43ezbhmfuy >> End >> 2020-06-21 16:44:13.569483

podgv3cfzxy >> Start >> 2020-06-21 16:45:08.191776

podgv3cfzxy >> Image Returned >> 2020-06-21 16:45:08.195295

podgv3cfzxy >> End >> 2020-06-21 16:45:08.209839

enstyeo7ogy >> Start >> 2020-06-21 16:45:58.509308

enstyeo7ogy >> Image Returned >> 2020-06-21 16:45:58.512389

enstyeo7ogy >> End >> 2020-06-21 16:45:58.529184

rbpxp8uiis7 >> Start >> 2020-06-21 16:52:10.186659

rbpxp8uiis7 >> Image Returned >> 2020-06-21 16:52:10.192500

rbpxp8uiis7 >> End >> 2020-06-21 16:52:10.209853

buycwtyrxta >> Start >> 2020-06-21 16:53:02.162375

buycwtyrxta >> Image Returned >> 2020-06-21 16:53:02.165565

buycwtyrxta >> End >> 2020-06-21 16:53:02.176853

hui28reawsq >> Start >> 2020-06-21 16:58:06.517456

hui28reawsq >> Image Returned >> 2020-06-21 16:58:06.521522

hui28reawsq >> End >> 2020-06-21 16:58:06.530890

tiscyq3o0g0 >> Start >> 2020-06-21 17:09:06.320154

tiscyq3o0g0 >> Image Returned >> 2020-06-21 17:09:06.323856

tiscyq3o0g0 >> End >> 2020-06-21 17:09:06.337771

5s5kjcyuoa7 >> Start >> 2020-06-21 17:14:07.764520

5s5kjcyuoa7 >> Image Returned >> 2020-06-21 17:14:07.768428

5s5kjcyuoa7 >> End >> 2020-06-21 17:14:07.780028

tu8qsu7kjur >> Start >> 2020-06-21 17:17:41.539635

tu8qsu7kjur >> Image Returned >> 2020-06-21 17:17:41.540025

tu8qsu7kjur >> End >> 2020-06-21 17:17:41.551187

kurxoio56yu >> Start >> 2020-06-21 17:22:38.686256

kurxoio56yu >> Image Returned >> 2020-06-21 17:22:38.690072

kurxoio56yu >> End >> 2020-06-21 17:22:38.702440

jzs37vmtjkk >> Start >> 2020-06-21 17:35:07.070477

jzs37vmtjkk >> Image Returned >> 2020-06-21 17:35:07.074351

jzs37vmtjkk >> End >> 2020-06-21 17:35:07.086258

aj3683xpcmq >> Start >> 2020-06-21 17:45:26.911220

aj3683xpcmq >> Image Returned >> 2020-06-21 17:45:26.916471

aj3683xpcmq >> End >> 2020-06-21 17:45:26.950223

pohcihdpng8 >> Start >> 2020-06-21 17:52:12.529707

pohcihdpng8 >> Image Returned >> 2020-06-21 17:52:12.533938

pohcihdpng8 >> End >> 2020-06-21 17:52:12.554430

7qmngekrkyw >> Start >> 2020-06-21 17:52:27.149346

7qmngekrkyw >> Image Returned >> 2020-06-21 17:52:27.152457

7qmngekrkyw >> End >> 2020-06-21 17:52:27.163824

bxk3pcdr8x8 >> Start >> 2020-06-21 17:56:25.796986

bxk3pcdr8x8 >> Image Returned >> 2020-06-21 17:56:25.800154

bxk3pcdr8x8 >> End >> 2020-06-21 17:56:25.811038

x0pfmn544ub >> Start >> 2020-06-21 18:03:30.776420

x0pfmn544ub >> Image Returned >> 2020-06-21 18:03:30.780631

x0pfmn544ub >> End >> 2020-06-21 18:03:30.793277

jch7bdqp6iy >> Start >> 2020-06-21 18:04:02.388607

jch7bdqp6iy >> Image Returned >> 2020-06-21 18:04:02.391748

jch7bdqp6iy >> End >> 2020-06-21 18:04:02.402633

osxe3mtdzxe >> Start >> 2020-06-21 18:05:35.693324

osxe3mtdzxe >> Image Returned >> 2020-06-21 18:05:35.696891

osxe3mtdzxe >> End >> 2020-06-21 18:05:35.708674

pd3a5xbmcb7 >> Start >> 2020-06-21 18:08:07.208070

pd3a5xbmcb7 >> Image Returned >> 2020-06-21 18:08:07.212013

pd3a5xbmcb7 >> End >> 2020-06-21 18:08:07.228857

3k4ab68i8jk >> Start >> 2020-06-21 18:12:59.558660

3k4ab68i8jk >> Image Returned >> 2020-06-21 18:12:59.562386

3k4ab68i8jk >> End >> 2020-06-21 18:12:59.576694

oaw43vxk4q0 >> Start >> 2020-06-21 18:26:56.681860

oaw43vxk4q0 >> Image Returned >> 2020-06-21 18:26:56.685987

oaw43vxk4q0 >> End >> 2020-06-21 18:26:56.699419

vk6ophj4vcv >> Start >> 2020-06-21 18:30:53.647515

vk6ophj4vcv >> Image Returned >> 2020-06-21 18:30:53.651758

vk6ophj4vcv >> End >> 2020-06-21 18:30:53.667319

3pp5qwah6pv >> Start >> 2020-06-21 18:37:15.724175

3pp5qwah6pv >> Image Returned >> 2020-06-21 18:37:15.728719

3pp5qwah6pv >> End >> 2020-06-21 18:37:15.747045

zgfh43hbtcp >> Start >> 2020-06-21 18:56:26.156764

zgfh43hbtcp >> Image Returned >> 2020-06-21 18:56:26.160774

zgfh43hbtcp >> End >> 2020-06-21 18:56:26.173126

8ykncmsy5z5 >> Start >> 2020-06-21 19:03:13.264127

8ykncmsy5z5 >> Image Returned >> 2020-06-21 19:03:13.268090

8ykncmsy5z5 >> End >> 2020-06-21 19:03:13.284487

oewgfrctd00 >> Start >> 2020-06-21 19:03:58.687031

oewgfrctd00 >> Image Returned >> 2020-06-21 19:03:58.690182

oewgfrctd00 >> End >> 2020-06-21 19:03:58.717545

6hpaqh6gj2o >> Start >> 2020-06-21 19:04:22.761533

6hpaqh6gj2o >> Image Returned >> 2020-06-21 19:04:22.765064

6hpaqh6gj2o >> End >> 2020-06-21 19:04:22.777259

zgtw3jt87cf >> Start >> 2020-06-21 19:04:22.778182

zgtw3jt87cf >> Image Returned >> 2020-06-21 19:04:22.778387

zgtw3jt87cf >> End >> 2020-06-21 19:04:22.787821

5r740fwnhro >> Start >> 2020-06-21 19:04:39.193214

5r740fwnhro >> Image Returned >> 2020-06-21 19:04:39.196566

5r740fwnhro >> End >> 2020-06-21 19:04:39.210297

w47ajtwibgr >> Start >> 2020-06-21 19:04:54.997492

w47ajtwibgr >> Image Returned >> 2020-06-21 19:04:55.000638

w47ajtwibgr >> End >> 2020-06-21 19:04:55.014055

ashvophrkhz >> Start >> 2020-06-21 19:05:03.512635

ashvophrkhz >> Image Returned >> 2020-06-21 19:05:03.513104

ashvophrkhz >> End >> 2020-06-21 19:05:03.525422

u4x7spfeqfy >> Start >> 2020-06-21 19:05:49.078457

u4x7spfeqfy >> Image Returned >> 2020-06-21 19:05:49.082108

u4x7spfeqfy >> End >> 2020-06-21 19:05:49.093672

rjuiihgy32k >> Start >> 2020-06-21 19:05:50.402252

rjuiihgy32k >> Image Returned >> 2020-06-21 19:05:50.402529

rjuiihgy32k >> End >> 2020-06-21 19:05:50.413187

snrc7p0ii67 >> Start >> 2020-06-21 19:06:18.856615

snrc7p0ii67 >> Image Returned >> 2020-06-21 19:06:18.860342

snrc7p0ii67 >> End >> 2020-06-21 19:06:18.870906

2ng0qwiu80t >> Start >> 2020-06-21 19:06:42.669437

2ng0qwiu80t >> Image Returned >> 2020-06-21 19:06:42.672565

2ng0qwiu80t >> End >> 2020-06-21 19:06:42.683208

cr3to4xjob8 >> Start >> 2020-06-21 19:06:59.918792

cr3to4xjob8 >> Image Returned >> 2020-06-21 19:06:59.921989

cr3to4xjob8 >> End >> 2020-06-21 19:06:59.932646

wbx4xjvner6 >> Start >> 2020-06-21 19:08:05.306426

wbx4xjvner6 >> Image Returned >> 2020-06-21 19:08:05.309700

wbx4xjvner6 >> End >> 2020-06-21 19:08:05.321013

qifyjeztik3 >> Start >> 2020-06-21 19:32:01.576725

qifyjeztik3 >> Image Returned >> 2020-06-21 19:32:01.580435

qifyjeztik3 >> End >> 2020-06-21 19:32:01.596301

2oau5i0480o >> Start >> 2020-06-21 19:41:56.731054

2oau5i0480o >> Image Returned >> 2020-06-21 19:41:56.734411

2oau5i0480o >> End >> 2020-06-21 19:41:56.749928

6bam5weftfs >> Start >> 2020-06-21 20:01:01.171706

6bam5weftfs >> Image Returned >> 2020-06-21 20:01:01.174911

6bam5weftfs >> End >> 2020-06-21 20:01:01.186981

p7epswq4j5e >> Start >> 2020-06-21 20:19:26.365464

p7epswq4j5e >> Image Returned >> 2020-06-21 20:19:26.370428

p7epswq4j5e >> End >> 2020-06-21 20:19:26.383299

hwyxxyz3tnh >> Start >> 2020-06-21 20:21:46.405571

hwyxxyz3tnh >> Image Returned >> 2020-06-21 20:21:46.409456

hwyxxyz3tnh >> End >> 2020-06-21 20:21:46.421813

xi0pxgudgqr >> Start >> 2020-06-21 20:43:19.811041

xi0pxgudgqr >> Image Returned >> 2020-06-21 20:43:19.815368

xi0pxgudgqr >> End >> 2020-06-21 20:43:19.831787

mcoguccovfi >> Start >> 2020-06-21 20:56:26.691571

mcoguccovfi >> Image Returned >> 2020-06-21 20:56:26.695473

mcoguccovfi >> End >> 2020-06-21 20:56:26.707634

effde2ztc7m >> Start >> 2020-06-21 21:27:57.123016

effde2ztc7m >> Image Returned >> 2020-06-21 21:27:57.127041

effde2ztc7m >> End >> 2020-06-21 21:27:57.138814

cpu4nux7mp3 >> Start >> 2020-06-21 21:29:20.238743

cpu4nux7mp3 >> Image Returned >> 2020-06-21 21:29:20.242763

cpu4nux7mp3 >> End >> 2020-06-21 21:29:20.254028

bhq2cxa7xoy >> Start >> 2020-06-21 22:16:07.454226

bhq2cxa7xoy >> Image Returned >> 2020-06-21 22:16:07.457636

bhq2cxa7xoy >> End >> 2020-06-21 22:16:07.470387

xjug5zebgvd >> Start >> 2020-06-21 23:48:10.891330

xjug5zebgvd >> Image Returned >> 2020-06-21 23:48:10.895592

xjug5zebgvd >> End >> 2020-06-21 23:48:10.930604

