83dnx42avd7 >> Start >> 2020-08-19 00:01:02.140633

83dnx42avd7 >> Image Returned >> 2020-08-19 00:01:02.147258

83dnx42avd7 >> End >> 2020-08-19 00:01:02.357768

vvavbpw0fvx >> Start >> 2020-08-19 00:08:07.631783

vvavbpw0fvx >> Image Returned >> 2020-08-19 00:08:07.636583

vvavbpw0fvx >> End >> 2020-08-19 00:08:07.781743

hz65i3gog7f >> Start >> 2020-08-19 00:42:30.117820

hz65i3gog7f >> Image Returned >> 2020-08-19 00:42:30.122354

hz65i3gog7f >> End >> 2020-08-19 00:42:30.276581

a2tzzqos3ee >> Start >> 2020-08-19 01:55:40.092395

a2tzzqos3ee >> Image Returned >> 2020-08-19 01:55:40.097558

a2tzzqos3ee >> End >> 2020-08-19 01:55:40.238614

vxqicwp0qq8 >> Start >> 2020-08-19 02:01:45.862989

vxqicwp0qq8 >> Image Returned >> 2020-08-19 02:01:45.868330

vxqicwp0qq8 >> End >> 2020-08-19 02:01:46.011255

f02spkdvhxc >> Start >> 2020-08-19 02:24:10.711973

f02spkdvhxc >> Image Returned >> 2020-08-19 02:24:10.715442

f02spkdvhxc >> End >> 2020-08-19 02:24:10.923470

ive8xsi20ms >> Start >> 2020-08-19 02:24:29.739048

ive8xsi20ms >> Image Returned >> 2020-08-19 02:24:29.742455

ive8xsi20ms >> End >> 2020-08-19 02:24:29.890770

qy26a72ufzg >> Start >> 2020-08-19 02:24:39.487263

qy26a72ufzg >> Image Returned >> 2020-08-19 02:24:39.487549

qy26a72ufzg >> End >> 2020-08-19 02:24:39.661504

pkek3vea0y5 >> Start >> 2020-08-19 02:56:47.417640

pkek3vea0y5 >> Image Returned >> 2020-08-19 02:56:47.422408

pkek3vea0y5 >> End >> 2020-08-19 02:56:47.568682

ouvmdi36fbb >> Start >> 2020-08-19 02:58:36.929533

ouvmdi36fbb >> Image Returned >> 2020-08-19 02:58:36.934650

ouvmdi36fbb >> End >> 2020-08-19 02:58:37.078454

q7acxinq8tx >> Start >> 2020-08-19 03:11:36.889425

q7acxinq8tx >> Image Returned >> 2020-08-19 03:11:36.893398

q7acxinq8tx >> End >> 2020-08-19 03:11:37.037622

ujdamewny43 >> Start >> 2020-08-19 04:21:49.385904

ujdamewny43 >> Image Returned >> 2020-08-19 04:21:49.389785

ujdamewny43 >> End >> 2020-08-19 04:21:49.534337

bob7q5awj36 >> Start >> 2020-08-19 04:42:28.143542

bob7q5awj36 >> Image Returned >> 2020-08-19 04:42:28.148566

bob7q5awj36 >> End >> 2020-08-19 04:42:28.293623

dftppohpv5e >> Start >> 2020-08-19 05:00:48.013233

dftppohpv5e >> Image Returned >> 2020-08-19 05:00:48.018825

dftppohpv5e >> End >> 2020-08-19 05:00:48.175919

kbx20d44ij3 >> Start >> 2020-08-19 05:00:48.907200

kbx20d44ij3 >> Image Returned >> 2020-08-19 05:00:48.907505

kbx20d44ij3 >> End >> 2020-08-19 05:00:49.059912

z2mm0cuez5b >> Start >> 2020-08-19 05:19:44.174985

z2mm0cuez5b >> Image Returned >> 2020-08-19 05:19:44.178618

z2mm0cuez5b >> End >> 2020-08-19 05:19:44.324626

j6xjywpg2yh >> Start >> 2020-08-19 05:23:43.482368

j6xjywpg2yh >> Image Returned >> 2020-08-19 05:23:43.486291

j6xjywpg2yh >> End >> 2020-08-19 05:23:43.615475

d4yqvgp3usn >> Start >> 2020-08-19 05:24:53.214639

d4yqvgp3usn >> Image Returned >> 2020-08-19 05:24:53.218076

d4yqvgp3usn >> End >> 2020-08-19 05:24:53.339812

idih6ws80p3 >> Start >> 2020-08-19 05:25:02.739509

idih6ws80p3 >> Image Returned >> 2020-08-19 05:25:02.739792

idih6ws80p3 >> End >> 2020-08-19 05:25:02.864415

tk0fw4yuaqi >> Start >> 2020-08-19 05:25:43.382224

tk0fw4yuaqi >> Image Returned >> 2020-08-19 05:25:43.386480

tk0fw4yuaqi >> End >> 2020-08-19 05:25:43.536140

zh63s5bk0zz >> Start >> 2020-08-19 05:40:46.946208

zh63s5bk0zz >> Image Returned >> 2020-08-19 05:40:46.951700

zh63s5bk0zz >> End >> 2020-08-19 05:40:47.095705

fqvkw4v2d8t >> Start >> 2020-08-19 05:43:45.038911

fqvkw4v2d8t >> Image Returned >> 2020-08-19 05:43:45.043406

fqvkw4v2d8t >> End >> 2020-08-19 05:43:45.192339

vsevgv24gkn >> Start >> 2020-08-19 06:05:11.698287

vsevgv24gkn >> Image Returned >> 2020-08-19 06:05:11.703438

vsevgv24gkn >> End >> 2020-08-19 06:05:11.840593

vb5pt6z4r5m >> Start >> 2020-08-19 06:42:55.924237

vb5pt6z4r5m >> Image Returned >> 2020-08-19 06:42:55.927849

vb5pt6z4r5m >> End >> 2020-08-19 06:42:56.087893

t0pekq3bbyi >> Start >> 2020-08-19 06:43:30.402764

t0pekq3bbyi >> Image Returned >> 2020-08-19 06:43:30.406758

t0pekq3bbyi >> End >> 2020-08-19 06:43:30.549999

sn8wpuv05tu >> Start >> 2020-08-19 06:48:32.763948

sn8wpuv05tu >> Image Returned >> 2020-08-19 06:48:32.769221

sn8wpuv05tu >> End >> 2020-08-19 06:48:32.913739

3pzpwatbjma >> Start >> 2020-08-19 07:18:15.263823

3pzpwatbjma >> Image Returned >> 2020-08-19 07:18:15.269223

3pzpwatbjma >> End >> 2020-08-19 07:18:15.414366

zgac2j6vakt >> Start >> 2020-08-19 07:18:27.428817

zgac2j6vakt >> Image Returned >> 2020-08-19 07:18:27.432257

zgac2j6vakt >> End >> 2020-08-19 07:18:27.578222

teuhqgyw6md >> Start >> 2020-08-19 07:18:34.721394

teuhqgyw6md >> Image Returned >> 2020-08-19 07:18:34.721698

teuhqgyw6md >> End >> 2020-08-19 07:18:34.861429

6co7kji7qa8 >> Start >> 2020-08-19 07:18:47.185486

6co7kji7qa8 >> Image Returned >> 2020-08-19 07:18:47.188990

6co7kji7qa8 >> End >> 2020-08-19 07:18:47.327380

370pp0qj58x >> Start >> 2020-08-19 07:19:27.435137

370pp0qj58x >> Image Returned >> 2020-08-19 07:19:27.439189

370pp0qj58x >> End >> 2020-08-19 07:19:27.580106

dbwjj8docuc >> Start >> 2020-08-19 07:27:46.679768

dbwjj8docuc >> Image Returned >> 2020-08-19 07:27:46.685786

dbwjj8docuc >> End >> 2020-08-19 07:27:46.838684

jqr70rkb4zi >> Start >> 2020-08-19 07:33:55.138572

jqr70rkb4zi >> Image Returned >> 2020-08-19 07:33:55.142182

jqr70rkb4zi >> End >> 2020-08-19 07:33:55.283936

zntuvry0i7x >> Start >> 2020-08-19 07:35:25.203705

zntuvry0i7x >> Image Returned >> 2020-08-19 07:35:25.208676

zntuvry0i7x >> End >> 2020-08-19 07:35:25.348781

ndfik6hudmd >> Start >> 2020-08-19 07:41:33.239890

ndfik6hudmd >> Image Returned >> 2020-08-19 07:41:33.244266

ndfik6hudmd >> End >> 2020-08-19 07:41:33.392200

34fhrpi2z80 >> Start >> 2020-08-19 08:10:46.662195

34fhrpi2z80 >> Image Returned >> 2020-08-19 08:10:46.665751

34fhrpi2z80 >> End >> 2020-08-19 08:10:46.827817

qyvqeakqnaa >> Start >> 2020-08-19 08:15:11.513844

qyvqeakqnaa >> Image Returned >> 2020-08-19 08:15:11.517390

qyvqeakqnaa >> End >> 2020-08-19 08:15:11.658963

qkyw2srotgj >> Start >> 2020-08-19 08:19:01.372162

qkyw2srotgj >> Image Returned >> 2020-08-19 08:19:01.376804

qkyw2srotgj >> End >> 2020-08-19 08:19:01.524955

bcxcb4wf4ec >> Start >> 2020-08-19 08:21:37.865365

bcxcb4wf4ec >> Image Returned >> 2020-08-19 08:21:37.869515

bcxcb4wf4ec >> End >> 2020-08-19 08:21:38.013772

7b8csyi3wis >> Start >> 2020-08-19 08:21:53.498522

7b8csyi3wis >> Image Returned >> 2020-08-19 08:21:53.502193

7b8csyi3wis >> End >> 2020-08-19 08:21:53.648029

nyqe6z580do >> Start >> 2020-08-19 08:23:09.051616

nyqe6z580do >> Image Returned >> 2020-08-19 08:23:09.056164

nyqe6z580do >> End >> 2020-08-19 08:23:09.201368

rkeofkz7bkd >> Start >> 2020-08-19 08:24:36.814419

rkeofkz7bkd >> Image Returned >> 2020-08-19 08:24:36.819205

rkeofkz7bkd >> End >> 2020-08-19 08:24:36.958128

3yus5jyzcux >> Start >> 2020-08-19 08:24:57.034632

3yus5jyzcux >> Image Returned >> 2020-08-19 08:24:57.038641

3yus5jyzcux >> End >> 2020-08-19 08:24:57.180480

3ocur7jotxg >> Start >> 2020-08-19 08:26:19.331542

3ocur7jotxg >> Image Returned >> 2020-08-19 08:26:19.336450

3ocur7jotxg >> End >> 2020-08-19 08:26:19.491049

zdgg7ivvnsd >> Start >> 2020-08-19 08:29:19.154947

zdgg7ivvnsd >> Image Returned >> 2020-08-19 08:29:19.159773

zdgg7ivvnsd >> End >> 2020-08-19 08:29:19.312427

3tqebye34i6 >> Start >> 2020-08-19 08:50:33.906187

3tqebye34i6 >> Image Returned >> 2020-08-19 08:50:33.910557

3tqebye34i6 >> End >> 2020-08-19 08:50:34.062705

qobopbvtkqe >> Start >> 2020-08-19 08:51:16.914211

qobopbvtkqe >> Image Returned >> 2020-08-19 08:51:16.918349

qobopbvtkqe >> End >> 2020-08-19 08:51:17.081950

a0oskvwh76d >> Start >> 2020-08-19 09:02:39.853688

a0oskvwh76d >> Image Returned >> 2020-08-19 09:02:39.858510

a0oskvwh76d >> End >> 2020-08-19 09:02:40.003460

xzwwgzkyacw >> Start >> 2020-08-19 09:09:30.453735

xzwwgzkyacw >> Image Returned >> 2020-08-19 09:09:30.460206

xzwwgzkyacw >> End >> 2020-08-19 09:09:30.915620

ydt554suyyf >> Start >> 2020-08-19 09:32:03.967118

ydt554suyyf >> Image Returned >> 2020-08-19 09:32:03.970761

ydt554suyyf >> End >> 2020-08-19 09:32:04.120652

0wmuc8ftw05 >> Start >> 2020-08-19 09:32:17.002199

0wmuc8ftw05 >> Image Returned >> 2020-08-19 09:32:17.006560

0wmuc8ftw05 >> End >> 2020-08-19 09:32:17.148207

gh5sjehr8ct >> Start >> 2020-08-19 09:43:39.606189

gh5sjehr8ct >> Image Returned >> 2020-08-19 09:43:39.609778

gh5sjehr8ct >> End >> 2020-08-19 09:43:39.750286

2ff87bhprqq >> Start >> 2020-08-19 09:49:41.006304

2ff87bhprqq >> Image Returned >> 2020-08-19 09:49:41.011509

2ff87bhprqq >> End >> 2020-08-19 09:49:41.188119

a0y852pa2hk >> Start >> 2020-08-19 10:00:49.269417

a0y852pa2hk >> Image Returned >> 2020-08-19 10:00:49.275150

a0y852pa2hk >> End >> 2020-08-19 10:00:49.418729

q7842kd050p >> Start >> 2020-08-19 10:05:55.674190

q7842kd050p >> Image Returned >> 2020-08-19 10:05:55.678349

q7842kd050p >> End >> 2020-08-19 10:05:55.829499

jd0zu586h7w >> Start >> 2020-08-19 10:10:18.957860

jd0zu586h7w >> Image Returned >> 2020-08-19 10:10:18.962496

jd0zu586h7w >> End >> 2020-08-19 10:10:19.107707

pxvqw8umtr5 >> Start >> 2020-08-19 10:10:58.225347

pxvqw8umtr5 >> Image Returned >> 2020-08-19 10:10:58.230835

pxvqw8umtr5 >> End >> 2020-08-19 10:10:58.387149

je2fkq3b3m8 >> Start >> 2020-08-19 10:24:16.329612

je2fkq3b3m8 >> Image Returned >> 2020-08-19 10:24:16.333314

je2fkq3b3m8 >> End >> 2020-08-19 10:24:16.478631

ic8jff67u78 >> Start >> 2020-08-19 10:25:01.904309

ic8jff67u78 >> Image Returned >> 2020-08-19 10:25:01.908895

ic8jff67u78 >> End >> 2020-08-19 10:25:02.052862

jhvp7ysrs0x >> Start >> 2020-08-19 10:25:23.857192

jhvp7ysrs0x >> Image Returned >> 2020-08-19 10:25:23.861381

jhvp7ysrs0x >> End >> 2020-08-19 10:25:24.007889

qvch7dcvmcj >> Start >> 2020-08-19 10:37:55.228411

qvch7dcvmcj >> Image Returned >> 2020-08-19 10:37:55.232728

qvch7dcvmcj >> End >> 2020-08-19 10:37:55.378899

ydwyaubakhu >> Start >> 2020-08-19 10:45:25.391613

ydwyaubakhu >> Image Returned >> 2020-08-19 10:45:25.396471

ydwyaubakhu >> End >> 2020-08-19 10:45:25.549992

ppx7dqbiahn >> Start >> 2020-08-19 10:50:14.154669

ppx7dqbiahn >> Image Returned >> 2020-08-19 10:50:14.160913

ppx7dqbiahn >> End >> 2020-08-19 10:50:14.300616

owxqfw2086n >> Start >> 2020-08-19 10:54:40.322393

owxqfw2086n >> Image Returned >> 2020-08-19 10:54:40.326714

owxqfw2086n >> End >> 2020-08-19 10:54:40.483592

zcujmu4pquw >> Start >> 2020-08-19 10:59:38.733155

zcujmu4pquw >> Image Returned >> 2020-08-19 10:59:38.739049

zcujmu4pquw >> End >> 2020-08-19 10:59:38.885739

rpc5eq3wxi8 >> Start >> 2020-08-19 11:07:59.522819

rpc5eq3wxi8 >> Image Returned >> 2020-08-19 11:07:59.526990

rpc5eq3wxi8 >> End >> 2020-08-19 11:07:59.674787

mtpj23zzfyp >> Start >> 2020-08-19 11:21:46.001734

mtpj23zzfyp >> Image Returned >> 2020-08-19 11:21:46.007702

mtpj23zzfyp >> End >> 2020-08-19 11:21:46.148521

omohurgn6iz >> Start >> 2020-08-19 11:32:50.148781

omohurgn6iz >> Image Returned >> 2020-08-19 11:32:50.152457

omohurgn6iz >> End >> 2020-08-19 11:32:50.298290

0p6nbmjrks7 >> Start >> 2020-08-19 11:42:01.159178

0p6nbmjrks7 >> Image Returned >> 2020-08-19 11:42:01.163137

0p6nbmjrks7 >> End >> 2020-08-19 11:42:01.302803

74svjdro2mz >> Start >> 2020-08-19 11:56:03.789597

74svjdro2mz >> Image Returned >> 2020-08-19 11:56:03.793845

74svjdro2mz >> End >> 2020-08-19 11:56:03.948750

djdwuyx3fvw >> Start >> 2020-08-19 12:00:07.537736

djdwuyx3fvw >> Image Returned >> 2020-08-19 12:00:07.543253

djdwuyx3fvw >> End >> 2020-08-19 12:00:07.696247

7vnhvg36auu >> Start >> 2020-08-19 12:04:16.234216

7vnhvg36auu >> Image Returned >> 2020-08-19 12:04:16.238698

7vnhvg36auu >> End >> 2020-08-19 12:04:16.381994

nnne0mdrbb8 >> Start >> 2020-08-19 12:06:11.668380

nnne0mdrbb8 >> Image Returned >> 2020-08-19 12:06:11.673149

nnne0mdrbb8 >> End >> 2020-08-19 12:06:11.835581

xibjvbbngdj >> Start >> 2020-08-19 12:23:02.412230

xibjvbbngdj >> Image Returned >> 2020-08-19 12:23:02.415940

xibjvbbngdj >> End >> 2020-08-19 12:23:02.558161

xg8mhputzqd >> Start >> 2020-08-19 12:28:07.422677

xg8mhputzqd >> Image Returned >> 2020-08-19 12:28:07.427639

xg8mhputzqd >> End >> 2020-08-19 12:28:07.568984

74uarhxqou5 >> Start >> 2020-08-19 12:50:25.344249

74uarhxqou5 >> Image Returned >> 2020-08-19 12:50:25.349951

74uarhxqou5 >> End >> 2020-08-19 12:50:25.503757

8y8shq25dsk >> Start >> 2020-08-19 13:01:26.759942

8y8shq25dsk >> Image Returned >> 2020-08-19 13:01:26.763791

8y8shq25dsk >> End >> 2020-08-19 13:01:26.913690

t4g4yj7zrqr >> Start >> 2020-08-19 13:06:05.017926

t4g4yj7zrqr >> Image Returned >> 2020-08-19 13:06:05.026171

t4g4yj7zrqr >> End >> 2020-08-19 13:06:05.168158

g24awu4zakn >> Start >> 2020-08-19 13:06:33.824733

g24awu4zakn >> Image Returned >> 2020-08-19 13:06:33.828356

g24awu4zakn >> End >> 2020-08-19 13:06:33.972980

fsucw643epw >> Start >> 2020-08-19 13:13:09.394665

fsucw643epw >> Image Returned >> 2020-08-19 13:13:09.397919

fsucw643epw >> End >> 2020-08-19 13:13:09.541939

mx3qahhjfze >> Start >> 2020-08-19 13:18:23.185168

mx3qahhjfze >> Image Returned >> 2020-08-19 13:18:23.189660

mx3qahhjfze >> End >> 2020-08-19 13:18:23.331921

dwtb66rjyvz >> Start >> 2020-08-19 13:26:16.081310

dwtb66rjyvz >> Image Returned >> 2020-08-19 13:26:16.085339

dwtb66rjyvz >> End >> 2020-08-19 13:26:16.233716

uhf50muizin >> Start >> 2020-08-19 13:47:16.797687

uhf50muizin >> Image Returned >> 2020-08-19 13:47:16.801325

uhf50muizin >> End >> 2020-08-19 13:47:16.948046

z04ydg4xei2 >> Start >> 2020-08-19 13:54:31.673765

z04ydg4xei2 >> Image Returned >> 2020-08-19 13:54:31.679687

z04ydg4xei2 >> End >> 2020-08-19 13:54:31.822031

06y5zizm3ib >> Start >> 2020-08-19 14:00:17.207890

06y5zizm3ib >> Image Returned >> 2020-08-19 14:00:17.211069

06y5zizm3ib >> End >> 2020-08-19 14:00:17.379580

bh2wcuvutjy >> Start >> 2020-08-19 14:05:26.986315

bh2wcuvutjy >> Image Returned >> 2020-08-19 14:05:26.990400

bh2wcuvutjy >> End >> 2020-08-19 14:05:27.164668

azafpsjipk7 >> Start >> 2020-08-19 14:06:26.527266

azafpsjipk7 >> Image Returned >> 2020-08-19 14:06:26.531176

azafpsjipk7 >> End >> 2020-08-19 14:06:26.688138

e5vnwitobhj >> Start >> 2020-08-19 14:18:35.424251

e5vnwitobhj >> Image Returned >> 2020-08-19 14:18:35.429652

e5vnwitobhj >> End >> 2020-08-19 14:18:35.580558

fooia63fj4v >> Start >> 2020-08-19 14:23:21.697448

fooia63fj4v >> Image Returned >> 2020-08-19 14:23:21.702399

fooia63fj4v >> End >> 2020-08-19 14:23:21.849065

qgycvmeg8uc >> Start >> 2020-08-19 14:26:19.002551

qgycvmeg8uc >> Image Returned >> 2020-08-19 14:26:19.008618

qgycvmeg8uc >> End >> 2020-08-19 14:26:19.155678

dsho7agdw8q >> Start >> 2020-08-19 14:29:03.838375

dsho7agdw8q >> Image Returned >> 2020-08-19 14:29:03.841449

dsho7agdw8q >> End >> 2020-08-19 14:29:03.986264

hfo3qbyvx47 >> Start >> 2020-08-19 14:34:28.845784

hfo3qbyvx47 >> Image Returned >> 2020-08-19 14:34:28.851490

hfo3qbyvx47 >> End >> 2020-08-19 14:34:29.000746

j0ccsz8vptr >> Start >> 2020-08-19 14:52:12.836148

j0ccsz8vptr >> Image Returned >> 2020-08-19 14:52:12.840827

j0ccsz8vptr >> End >> 2020-08-19 14:52:12.983480

0y4ak5dhbsf >> Start >> 2020-08-19 15:04:46.811125

0y4ak5dhbsf >> Image Returned >> 2020-08-19 15:04:46.816679

0y4ak5dhbsf >> End >> 2020-08-19 15:04:46.964027

zixtcwkh6w5 >> Start >> 2020-08-19 15:05:20.015892

zixtcwkh6w5 >> Image Returned >> 2020-08-19 15:05:20.019301

zixtcwkh6w5 >> End >> 2020-08-19 15:05:20.166587

btzedf3zftf >> Start >> 2020-08-19 15:06:04.974638

btzedf3zftf >> Image Returned >> 2020-08-19 15:06:04.978863

btzedf3zftf >> End >> 2020-08-19 15:06:05.122756

hrcfb2eqbut >> Start >> 2020-08-19 15:07:36.434201

hrcfb2eqbut >> Image Returned >> 2020-08-19 15:07:36.438435

hrcfb2eqbut >> End >> 2020-08-19 15:07:36.587717

ecjepu4y6uc >> Start >> 2020-08-19 15:25:07.165116

ecjepu4y6uc >> Image Returned >> 2020-08-19 15:25:07.168621

ecjepu4y6uc >> End >> 2020-08-19 15:25:07.299664

cr2kv42ue5i >> Start >> 2020-08-19 15:46:53.902841

cr2kv42ue5i >> Image Returned >> 2020-08-19 15:46:53.906927

cr2kv42ue5i >> End >> 2020-08-19 15:46:54.055075

xwncr5ns8o0 >> Start >> 2020-08-19 15:50:08.527070

xwncr5ns8o0 >> Image Returned >> 2020-08-19 15:50:08.531023

xwncr5ns8o0 >> End >> 2020-08-19 15:50:08.689100

oomratuo2h2 >> Start >> 2020-08-19 15:52:26.769201

oomratuo2h2 >> Image Returned >> 2020-08-19 15:52:26.773710

oomratuo2h2 >> End >> 2020-08-19 15:52:26.920860

uunryxzjhaf >> Start >> 2020-08-19 15:53:42.989113

uunryxzjhaf >> Image Returned >> 2020-08-19 15:53:42.994303

uunryxzjhaf >> End >> 2020-08-19 15:53:43.144679

qfiyse7hw2b >> Start >> 2020-08-19 16:08:33.724773

qfiyse7hw2b >> Image Returned >> 2020-08-19 16:08:33.730288

qfiyse7hw2b >> End >> 2020-08-19 16:08:33.883126

p3r0svt7zep >> Start >> 2020-08-19 16:21:07.264223

p3r0svt7zep >> Image Returned >> 2020-08-19 16:21:07.267754

p3r0svt7zep >> End >> 2020-08-19 16:21:07.436924

xab6tkrc8qt >> Start >> 2020-08-19 16:22:30.413810

xab6tkrc8qt >> Image Returned >> 2020-08-19 16:22:30.417973

xab6tkrc8qt >> End >> 2020-08-19 16:22:30.563863

bz34sgtkxmo >> Start >> 2020-08-19 16:34:17.350636

bz34sgtkxmo >> Image Returned >> 2020-08-19 16:34:17.353883

bz34sgtkxmo >> End >> 2020-08-19 16:34:17.505105

ibjtkybytcb >> Start >> 2020-08-19 16:41:00.632723

ibjtkybytcb >> Image Returned >> 2020-08-19 16:41:00.636573

ibjtkybytcb >> End >> 2020-08-19 16:41:00.788224

po24mb4id7w >> Start >> 2020-08-19 16:56:56.315565

po24mb4id7w >> Image Returned >> 2020-08-19 16:56:56.319783

po24mb4id7w >> End >> 2020-08-19 16:56:56.469470

cozhjs6qeyg >> Start >> 2020-08-19 17:11:17.066806

cozhjs6qeyg >> Image Returned >> 2020-08-19 17:11:17.070302

cozhjs6qeyg >> End >> 2020-08-19 17:11:17.228612

omisbc05xst >> Start >> 2020-08-19 17:52:32.915819

omisbc05xst >> Image Returned >> 2020-08-19 17:52:32.921518

omisbc05xst >> End >> 2020-08-19 17:52:33.075016

zzbi5m0vtpp >> Start >> 2020-08-19 17:53:12.597280

zzbi5m0vtpp >> Image Returned >> 2020-08-19 17:53:12.600538

zzbi5m0vtpp >> End >> 2020-08-19 17:53:12.744503

qxfdennpqe4 >> Start >> 2020-08-19 17:55:58.690985

qxfdennpqe4 >> Image Returned >> 2020-08-19 17:55:58.695610

qxfdennpqe4 >> End >> 2020-08-19 17:55:58.835769

nw0f0xtuzry >> Start >> 2020-08-19 17:58:54.430294

nw0f0xtuzry >> Image Returned >> 2020-08-19 17:58:54.436234

nw0f0xtuzry >> End >> 2020-08-19 17:58:54.591505

a4vpci0p8jt >> Start >> 2020-08-19 17:59:17.624087

a4vpci0p8jt >> Image Returned >> 2020-08-19 17:59:17.627535

a4vpci0p8jt >> End >> 2020-08-19 17:59:17.792396

y6yzvz25rf5 >> Start >> 2020-08-19 18:07:35.033852

y6yzvz25rf5 >> Image Returned >> 2020-08-19 18:07:35.039673

y6yzvz25rf5 >> End >> 2020-08-19 18:07:35.183326

yyvjgmonqjg >> Start >> 2020-08-19 18:38:24.565546

yyvjgmonqjg >> Image Returned >> 2020-08-19 18:38:24.571253

yyvjgmonqjg >> End >> 2020-08-19 18:38:24.717952

v64igayrzp7 >> Start >> 2020-08-19 18:40:44.232708

v64igayrzp7 >> Image Returned >> 2020-08-19 18:40:44.238157

v64igayrzp7 >> End >> 2020-08-19 18:40:44.385325

b5xt2fdiwrd >> Start >> 2020-08-19 18:50:02.328691

b5xt2fdiwrd >> Image Returned >> 2020-08-19 18:50:02.332075

b5xt2fdiwrd >> End >> 2020-08-19 18:50:02.480706

krahn62pdwv >> Start >> 2020-08-19 19:22:19.648765

krahn62pdwv >> Image Returned >> 2020-08-19 19:22:19.654628

krahn62pdwv >> End >> 2020-08-19 19:22:19.797935

sjaz5je03wp >> Start >> 2020-08-19 19:34:29.558037

sjaz5je03wp >> Image Returned >> 2020-08-19 19:34:29.561435

sjaz5je03wp >> End >> 2020-08-19 19:34:29.715783

j3bqhn2as77 >> Start >> 2020-08-19 19:54:22.205292

j3bqhn2as77 >> Image Returned >> 2020-08-19 19:54:22.209284

j3bqhn2as77 >> End >> 2020-08-19 19:54:22.353616

jxsrzy0kwbc >> Start >> 2020-08-19 20:44:52.906418

jxsrzy0kwbc >> Image Returned >> 2020-08-19 20:44:52.912173

jxsrzy0kwbc >> End >> 2020-08-19 20:44:53.057008

xn50504qt6x >> Start >> 2020-08-19 20:50:16.269076

xn50504qt6x >> Image Returned >> 2020-08-19 20:50:16.273477

xn50504qt6x >> End >> 2020-08-19 20:50:16.423194

teae8fepf7a >> Start >> 2020-08-19 21:05:12.765249

teae8fepf7a >> Image Returned >> 2020-08-19 21:05:12.770348

teae8fepf7a >> End >> 2020-08-19 21:05:12.913551

pftfiov2hkq >> Start >> 2020-08-19 21:19:26.081159

pftfiov2hkq >> Image Returned >> 2020-08-19 21:19:26.087320

pftfiov2hkq >> End >> 2020-08-19 21:19:26.236891

8sgfsyv5o8s >> Start >> 2020-08-19 21:23:33.822098

8sgfsyv5o8s >> Image Returned >> 2020-08-19 21:23:33.827414

8sgfsyv5o8s >> End >> 2020-08-19 21:23:33.981720

3xvresfe7pm >> Start >> 2020-08-19 21:35:10.891623

3xvresfe7pm >> Image Returned >> 2020-08-19 21:35:10.895497

3xvresfe7pm >> End >> 2020-08-19 21:35:11.049364

b0mm2ebwyk0 >> Start >> 2020-08-19 21:35:40.533236

b0mm2ebwyk0 >> Image Returned >> 2020-08-19 21:35:40.537117

b0mm2ebwyk0 >> End >> 2020-08-19 21:35:40.694922

na6toqn2xhv >> Start >> 2020-08-19 21:40:56.552467

na6toqn2xhv >> Image Returned >> 2020-08-19 21:40:56.556315

na6toqn2xhv >> End >> 2020-08-19 21:40:56.682020

cekxbn5y4ry >> Start >> 2020-08-19 21:54:43.250663

cekxbn5y4ry >> Image Returned >> 2020-08-19 21:54:43.254435

cekxbn5y4ry >> End >> 2020-08-19 21:54:43.399936

pthu864ddcj >> Start >> 2020-08-19 21:54:49.876683

pthu864ddcj >> Image Returned >> 2020-08-19 21:54:49.877018

pthu864ddcj >> End >> 2020-08-19 21:54:50.024957

io32g374njh >> Start >> 2020-08-19 21:55:20.940669

io32g374njh >> Image Returned >> 2020-08-19 21:55:20.944041

io32g374njh >> End >> 2020-08-19 21:55:21.096064

5c4kv4qmy2s >> Start >> 2020-08-19 22:05:02.559140

5c4kv4qmy2s >> Image Returned >> 2020-08-19 22:05:02.563921

5c4kv4qmy2s >> End >> 2020-08-19 22:05:02.714901

2m854qemeuf >> Start >> 2020-08-19 22:05:44.439752

2m854qemeuf >> Image Returned >> 2020-08-19 22:05:44.443995

2m854qemeuf >> End >> 2020-08-19 22:05:44.583395

tqgcktgobzw >> Start >> 2020-08-19 22:24:58.065476

tqgcktgobzw >> Image Returned >> 2020-08-19 22:24:58.069907

tqgcktgobzw >> End >> 2020-08-19 22:24:58.196060

tjqrzamfphd >> Start >> 2020-08-19 22:31:29.921966

tjqrzamfphd >> Image Returned >> 2020-08-19 22:31:29.925332

tjqrzamfphd >> End >> 2020-08-19 22:31:30.068659

6q02h6tvbfj >> Start >> 2020-08-19 23:08:41.178931

6q02h6tvbfj >> Image Returned >> 2020-08-19 23:08:41.183053

6q02h6tvbfj >> End >> 2020-08-19 23:08:41.333281

j7u8pt7ha4m >> Start >> 2020-08-19 23:13:14.219634

j7u8pt7ha4m >> Image Returned >> 2020-08-19 23:13:14.223130

j7u8pt7ha4m >> End >> 2020-08-19 23:13:14.368972

jgwvvg3sx4p >> Start >> 2020-08-19 23:14:15.963355

jgwvvg3sx4p >> Image Returned >> 2020-08-19 23:14:15.967160

jgwvvg3sx4p >> End >> 2020-08-19 23:14:16.113003

iqd4os477sx >> Start >> 2020-08-19 23:18:04.123074

iqd4os477sx >> Image Returned >> 2020-08-19 23:18:04.127635

iqd4os477sx >> End >> 2020-08-19 23:18:04.277115

n5bg4mvkb33 >> Start >> 2020-08-19 23:20:57.600303

n5bg4mvkb33 >> Image Returned >> 2020-08-19 23:20:57.604406

n5bg4mvkb33 >> End >> 2020-08-19 23:20:57.747972

eek53k8ch4d >> Start >> 2020-08-19 23:21:12.783911

eek53k8ch4d >> Image Returned >> 2020-08-19 23:21:12.787240

eek53k8ch4d >> End >> 2020-08-19 23:21:12.930529

