5garyu03gap >> Start >> 2020-10-31 00:00:38.390656

5garyu03gap >> Image Returned >> 2020-10-31 00:00:38.400970

5garyu03gap >> End >> 2020-10-31 00:00:38.832402

ce6qbry7ssx >> Start >> 2020-10-31 00:00:38.984046

ce6qbry7ssx >> Image Returned >> 2020-10-31 00:00:38.984343

ce6qbry7ssx >> End >> 2020-10-31 00:00:39.408446

pkh3dzfqnnr >> Start >> 2020-10-31 00:00:39.883232

pkh3dzfqnnr >> Image Returned >> 2020-10-31 00:00:39.883524

pkh3dzfqnnr >> End >> 2020-10-31 00:00:40.059510

4vs7ywn7hzm >> Start >> 2020-10-31 00:01:47.207612

4vs7ywn7hzm >> Image Returned >> 2020-10-31 00:01:47.211524

4vs7ywn7hzm >> End >> 2020-10-31 00:01:47.597067

ccnzkgfvfwg >> Start >> 2020-10-31 00:01:59.231618

ccnzkgfvfwg >> Image Returned >> 2020-10-31 00:01:59.235637

ccnzkgfvfwg >> End >> 2020-10-31 00:01:59.631218

vob343mi7op >> Start >> 2020-10-31 00:02:00.291224

vob343mi7op >> Image Returned >> 2020-10-31 00:02:00.291507

vob343mi7op >> End >> 2020-10-31 00:02:00.680289

a2euun2zzuf >> Start >> 2020-10-31 00:19:58.186614

a2euun2zzuf >> Image Returned >> 2020-10-31 00:19:58.190072

a2euun2zzuf >> End >> 2020-10-31 00:19:58.577239

0yrn38sf5iw >> Start >> 2020-10-31 00:33:36.987026

0yrn38sf5iw >> Image Returned >> 2020-10-31 00:33:36.990235

0yrn38sf5iw >> End >> 2020-10-31 00:33:37.178534

dek85pevdpv >> Start >> 2020-10-31 00:33:41.959141

dek85pevdpv >> Image Returned >> 2020-10-31 00:33:41.959424

dek85pevdpv >> End >> 2020-10-31 00:33:42.135225

0axv6feayiq >> Start >> 2020-10-31 00:44:33.576703

0axv6feayiq >> Image Returned >> 2020-10-31 00:44:33.581089

0axv6feayiq >> End >> 2020-10-31 00:44:33.760783

jcq8a7w7fif >> Start >> 2020-10-31 00:48:16.113516

jcq8a7w7fif >> Image Returned >> 2020-10-31 00:48:16.117774

jcq8a7w7fif >> End >> 2020-10-31 00:48:16.310859

wvshuyawqnf >> Start >> 2020-10-31 01:05:09.015168

wvshuyawqnf >> Image Returned >> 2020-10-31 01:05:09.018423

wvshuyawqnf >> End >> 2020-10-31 01:05:09.204217

txuu5s2p8xy >> Start >> 2020-10-31 01:16:54.449388

txuu5s2p8xy >> Image Returned >> 2020-10-31 01:16:54.453284

txuu5s2p8xy >> End >> 2020-10-31 01:16:54.701026

cg2rjfp6gpq >> Start >> 2020-10-31 01:28:04.155131

cg2rjfp6gpq >> Image Returned >> 2020-10-31 01:28:04.158368

cg2rjfp6gpq >> End >> 2020-10-31 01:28:04.335127

tjrwjzndiqr >> Start >> 2020-10-31 01:29:58.255630

tjrwjzndiqr >> Image Returned >> 2020-10-31 01:29:58.260869

tjrwjzndiqr >> End >> 2020-10-31 01:29:58.452626

6wemwfsmr8d >> Start >> 2020-10-31 01:35:31.279575

6wemwfsmr8d >> Image Returned >> 2020-10-31 01:35:31.282886

6wemwfsmr8d >> End >> 2020-10-31 01:35:31.456892

onb44w3dh5w >> Start >> 2020-10-31 01:36:18.384619

onb44w3dh5w >> Image Returned >> 2020-10-31 01:36:18.387736

onb44w3dh5w >> End >> 2020-10-31 01:36:18.568398

tbeggakjsyk >> Start >> 2020-10-31 01:54:42.891644

tbeggakjsyk >> Image Returned >> 2020-10-31 01:54:42.894804

tbeggakjsyk >> End >> 2020-10-31 01:54:43.082904

etpofpgiurh >> Start >> 2020-10-31 01:57:06.236934

etpofpgiurh >> Image Returned >> 2020-10-31 01:57:06.241399

etpofpgiurh >> End >> 2020-10-31 01:57:06.423969

pr3v8er2tpi >> Start >> 2020-10-31 01:57:20.132500

pr3v8er2tpi >> Image Returned >> 2020-10-31 01:57:20.135638

pr3v8er2tpi >> End >> 2020-10-31 01:57:20.313612

tftauqp3k4r >> Start >> 2020-10-31 01:57:30.801158

tftauqp3k4r >> Image Returned >> 2020-10-31 01:57:30.801445

tftauqp3k4r >> End >> 2020-10-31 01:57:30.975166

mmttfdv7z6c >> Start >> 2020-10-31 02:05:19.630990

mmttfdv7z6c >> Image Returned >> 2020-10-31 02:05:19.634147

mmttfdv7z6c >> End >> 2020-10-31 02:05:19.812762

smgcwkurok4 >> Start >> 2020-10-31 02:09:34.225747

smgcwkurok4 >> Image Returned >> 2020-10-31 02:09:34.228939

smgcwkurok4 >> End >> 2020-10-31 02:09:34.432009

pkzijqc48kp >> Start >> 2020-10-31 02:09:46.107300

pkzijqc48kp >> Image Returned >> 2020-10-31 02:09:46.110584

pkzijqc48kp >> End >> 2020-10-31 02:09:46.327619

mfdfzoxsohc >> Start >> 2020-10-31 02:09:46.387784

mfdfzoxsohc >> Image Returned >> 2020-10-31 02:09:46.388088

mfdfzoxsohc >> End >> 2020-10-31 02:09:46.599143

8t7w4zcyorb >> Start >> 2020-10-31 02:09:56.782217

8t7w4zcyorb >> Image Returned >> 2020-10-31 02:09:56.782536

8t7w4zcyorb >> End >> 2020-10-31 02:09:57.026129

nbo7qfo5x2o >> Start >> 2020-10-31 02:13:02.282681

nbo7qfo5x2o >> Image Returned >> 2020-10-31 02:13:02.286057

nbo7qfo5x2o >> End >> 2020-10-31 02:13:02.476325

4cnkxegb77c >> Start >> 2020-10-31 02:13:06.998250

4cnkxegb77c >> Image Returned >> 2020-10-31 02:13:06.998553

4cnkxegb77c >> End >> 2020-10-31 02:13:07.175463

y3uyjrrbewr >> Start >> 2020-10-31 02:14:00.140311

y3uyjrrbewr >> Image Returned >> 2020-10-31 02:14:00.144268

y3uyjrrbewr >> End >> 2020-10-31 02:14:00.325376

n6x8z5aufpn >> Start >> 2020-10-31 02:27:18.278764

n6x8z5aufpn >> Image Returned >> 2020-10-31 02:27:18.282773

n6x8z5aufpn >> End >> 2020-10-31 02:27:18.479022

rsvyhc3d5cj >> Start >> 2020-10-31 02:27:41.653481

rsvyhc3d5cj >> Image Returned >> 2020-10-31 02:27:41.656635

rsvyhc3d5cj >> End >> 2020-10-31 02:27:41.855907

krdjmqfeo8f >> Start >> 2020-10-31 02:35:52.610357

krdjmqfeo8f >> Image Returned >> 2020-10-31 02:35:52.614716

krdjmqfeo8f >> End >> 2020-10-31 02:35:52.796745

qja6qpejdmy >> Start >> 2020-10-31 03:13:07.348767

qja6qpejdmy >> Image Returned >> 2020-10-31 03:13:07.356331

qja6qpejdmy >> End >> 2020-10-31 03:13:07.549587

dn4qva0658n >> Start >> 2020-10-31 03:26:40.282850

dn4qva0658n >> Image Returned >> 2020-10-31 03:26:40.285778

dn4qva0658n >> End >> 2020-10-31 03:26:40.473247

25f3e366en5 >> Start >> 2020-10-31 03:34:31.159861

25f3e366en5 >> Image Returned >> 2020-10-31 03:34:31.162437

25f3e366en5 >> End >> 2020-10-31 03:34:31.345881

suvhrofzbtu >> Start >> 2020-10-31 03:35:09.265619

suvhrofzbtu >> Image Returned >> 2020-10-31 03:35:09.268460

suvhrofzbtu >> End >> 2020-10-31 03:35:09.457304

ef2b0i4n4ps >> Start >> 2020-10-31 03:35:58.434293

ef2b0i4n4ps >> Image Returned >> 2020-10-31 03:35:58.436933

ef2b0i4n4ps >> End >> 2020-10-31 03:35:58.624610

p463csyjgfr >> Start >> 2020-10-31 04:07:54.309719

p463csyjgfr >> Image Returned >> 2020-10-31 04:07:54.312926

p463csyjgfr >> End >> 2020-10-31 04:07:54.524585

2cop2su7uc4 >> Start >> 2020-10-31 04:11:27.846904

2cop2su7uc4 >> Image Returned >> 2020-10-31 04:11:27.849699

2cop2su7uc4 >> End >> 2020-10-31 04:11:28.054820

24siz2eezbv >> Start >> 2020-10-31 04:49:16.553518

24siz2eezbv >> Image Returned >> 2020-10-31 04:49:16.556212

24siz2eezbv >> End >> 2020-10-31 04:49:16.739216

mf6nyxub7ud >> Start >> 2020-10-31 04:58:16.096033

mf6nyxub7ud >> Image Returned >> 2020-10-31 04:58:16.100169

mf6nyxub7ud >> End >> 2020-10-31 04:58:16.305752

z7fxvmiocz2 >> Start >> 2020-10-31 04:58:37.513797

z7fxvmiocz2 >> Image Returned >> 2020-10-31 04:58:37.516450

z7fxvmiocz2 >> End >> 2020-10-31 04:58:37.716677

aej2k4qfic6 >> Start >> 2020-10-31 04:58:41.199527

aej2k4qfic6 >> Image Returned >> 2020-10-31 04:58:41.199990

aej2k4qfic6 >> End >> 2020-10-31 04:58:41.411380

cukjzsi6msv >> Start >> 2020-10-31 05:53:56.370785

cukjzsi6msv >> Image Returned >> 2020-10-31 05:53:56.373516

cukjzsi6msv >> End >> 2020-10-31 05:53:56.568958

7rmu60n5q3y >> Start >> 2020-10-31 06:00:52.265434

7rmu60n5q3y >> Image Returned >> 2020-10-31 06:00:52.268083

7rmu60n5q3y >> End >> 2020-10-31 06:00:52.473443

di5fbdaxtiy >> Start >> 2020-10-31 06:09:19.167503

di5fbdaxtiy >> Image Returned >> 2020-10-31 06:09:19.170296

di5fbdaxtiy >> End >> 2020-10-31 06:09:19.363461

6ohnke20bfh >> Start >> 2020-10-31 06:25:20.127810

6ohnke20bfh >> Image Returned >> 2020-10-31 06:25:20.131838

6ohnke20bfh >> End >> 2020-10-31 06:25:20.314018

2g6o080iu0n >> Start >> 2020-10-31 07:03:28.844583

2g6o080iu0n >> Image Returned >> 2020-10-31 07:03:28.847760

2g6o080iu0n >> End >> 2020-10-31 07:03:29.037610

z6m0v5uevpg >> Start >> 2020-10-31 07:12:52.208287

z6m0v5uevpg >> Image Returned >> 2020-10-31 07:12:52.211409

z6m0v5uevpg >> End >> 2020-10-31 07:12:52.432280

kdgkz438ab5 >> Start >> 2020-10-31 07:13:09.804843

kdgkz438ab5 >> Image Returned >> 2020-10-31 07:13:09.807797

kdgkz438ab5 >> End >> 2020-10-31 07:13:10.011471

vmy0eof80sf >> Start >> 2020-10-31 07:13:22.566000

vmy0eof80sf >> Image Returned >> 2020-10-31 07:13:22.568957

vmy0eof80sf >> End >> 2020-10-31 07:13:22.764015

o3gg640soup >> Start >> 2020-10-31 07:26:31.589950

o3gg640soup >> Image Returned >> 2020-10-31 07:26:31.592737

o3gg640soup >> End >> 2020-10-31 07:26:31.796349

ctyjsvzvxcx >> Start >> 2020-10-31 07:27:18.592694

ctyjsvzvxcx >> Image Returned >> 2020-10-31 07:27:18.595699

ctyjsvzvxcx >> End >> 2020-10-31 07:27:18.781755

4jtg2yfe2sa >> Start >> 2020-10-31 07:38:45.190712

4jtg2yfe2sa >> Image Returned >> 2020-10-31 07:38:45.193661

4jtg2yfe2sa >> End >> 2020-10-31 07:38:45.371294

x6bwme7ndy2 >> Start >> 2020-10-31 07:40:22.046165

x6bwme7ndy2 >> Image Returned >> 2020-10-31 07:40:22.049446

x6bwme7ndy2 >> End >> 2020-10-31 07:40:22.275966

dgabddyjckq >> Start >> 2020-10-31 07:46:36.406023

dgabddyjckq >> Image Returned >> 2020-10-31 07:46:36.408754

dgabddyjckq >> End >> 2020-10-31 07:46:36.586849

5emzi3vqxam >> Start >> 2020-10-31 07:47:10.018476

5emzi3vqxam >> Image Returned >> 2020-10-31 07:47:10.021368

5emzi3vqxam >> End >> 2020-10-31 07:47:10.204256

mqso7g7r62e >> Start >> 2020-10-31 07:55:01.395344

mqso7g7r62e >> Image Returned >> 2020-10-31 07:55:01.398339

mqso7g7r62e >> End >> 2020-10-31 07:55:01.584503

sk2hx3y8ft2 >> Start >> 2020-10-31 08:07:46.667191

sk2hx3y8ft2 >> Image Returned >> 2020-10-31 08:07:46.669972

sk2hx3y8ft2 >> End >> 2020-10-31 08:07:46.859527

qtbrxzi56az >> Start >> 2020-10-31 08:13:47.716128

qtbrxzi56az >> Image Returned >> 2020-10-31 08:13:47.719005

qtbrxzi56az >> End >> 2020-10-31 08:13:47.921529

qsyvspd34fq >> Start >> 2020-10-31 08:16:22.431766

qsyvspd34fq >> Image Returned >> 2020-10-31 08:16:22.434535

qsyvspd34fq >> End >> 2020-10-31 08:16:22.612258

yrobcrtk6h4 >> Start >> 2020-10-31 08:19:45.566605

yrobcrtk6h4 >> Image Returned >> 2020-10-31 08:19:45.569418

yrobcrtk6h4 >> End >> 2020-10-31 08:19:45.698376

zusexzf424f >> Start >> 2020-10-31 08:27:04.933629

zusexzf424f >> Image Returned >> 2020-10-31 08:27:04.937206

zusexzf424f >> End >> 2020-10-31 08:27:05.117744

hfvkgvvgfba >> Start >> 2020-10-31 08:28:19.821261

hfvkgvvgfba >> Image Returned >> 2020-10-31 08:28:19.823981

hfvkgvvgfba >> End >> 2020-10-31 08:28:20.060460

trvwhehrmqs >> Start >> 2020-10-31 08:30:48.470104

trvwhehrmqs >> Image Returned >> 2020-10-31 08:30:48.473628

trvwhehrmqs >> End >> 2020-10-31 08:30:48.651578

wp253uzuiof >> Start >> 2020-10-31 08:35:43.721427

wp253uzuiof >> Image Returned >> 2020-10-31 08:35:43.724360

wp253uzuiof >> End >> 2020-10-31 08:35:43.912085

y6usydufked >> Start >> 2020-10-31 08:37:51.140377

y6usydufked >> Image Returned >> 2020-10-31 08:37:51.143802

y6usydufked >> End >> 2020-10-31 08:37:51.329562

6g73sxbrr4s >> Start >> 2020-10-31 08:44:54.523950

6g73sxbrr4s >> Image Returned >> 2020-10-31 08:44:54.527296

6g73sxbrr4s >> End >> 2020-10-31 08:44:54.729331

2bpc7tuhqqg >> Start >> 2020-10-31 08:46:09.433866

2bpc7tuhqqg >> Image Returned >> 2020-10-31 08:46:09.436753

2bpc7tuhqqg >> End >> 2020-10-31 08:46:09.564462

mm5iesp4t58 >> Start >> 2020-10-31 08:54:14.762679

mm5iesp4t58 >> Image Returned >> 2020-10-31 08:54:14.766629

mm5iesp4t58 >> End >> 2020-10-31 08:54:15.088689

aux82qqoag7 >> Start >> 2020-10-31 08:59:30.076740

aux82qqoag7 >> Image Returned >> 2020-10-31 08:59:30.079744

aux82qqoag7 >> End >> 2020-10-31 08:59:30.257633

qve4r6nscdk >> Start >> 2020-10-31 09:02:54.661048

qve4r6nscdk >> Image Returned >> 2020-10-31 09:02:54.664038

qve4r6nscdk >> End >> 2020-10-31 09:02:54.847719

4vek0b2xyts >> Start >> 2020-10-31 09:03:02.629050

4vek0b2xyts >> Image Returned >> 2020-10-31 09:03:02.629369

4vek0b2xyts >> End >> 2020-10-31 09:03:02.825249

atzyb3kfy6q >> Start >> 2020-10-31 09:05:38.035267

atzyb3kfy6q >> Image Returned >> 2020-10-31 09:05:38.039580

atzyb3kfy6q >> End >> 2020-10-31 09:05:38.244131

mtne3crwp0r >> Start >> 2020-10-31 09:06:43.875144

mtne3crwp0r >> Image Returned >> 2020-10-31 09:06:43.877995

mtne3crwp0r >> End >> 2020-10-31 09:06:44.072904

grk07ciwi3m >> Start >> 2020-10-31 09:13:25.706747

grk07ciwi3m >> Image Returned >> 2020-10-31 09:13:25.711271

grk07ciwi3m >> End >> 2020-10-31 09:13:25.845148

wdj8454uik5 >> Start >> 2020-10-31 09:14:30.807827

wdj8454uik5 >> Image Returned >> 2020-10-31 09:14:30.810933

wdj8454uik5 >> End >> 2020-10-31 09:14:30.989898

4fmcjkcxx2v >> Start >> 2020-10-31 09:16:42.462508

4fmcjkcxx2v >> Image Returned >> 2020-10-31 09:16:42.465616

4fmcjkcxx2v >> End >> 2020-10-31 09:16:42.653948

p8obv8mu842 >> Start >> 2020-10-31 09:19:57.661221

p8obv8mu842 >> Image Returned >> 2020-10-31 09:19:57.664370

p8obv8mu842 >> End >> 2020-10-31 09:19:57.850506

zcrce7azhqk >> Start >> 2020-10-31 09:21:04.525068

zcrce7azhqk >> Image Returned >> 2020-10-31 09:21:04.528703

zcrce7azhqk >> End >> 2020-10-31 09:21:04.725234

8u36vfpi35r >> Start >> 2020-10-31 09:21:14.226978

8u36vfpi35r >> Image Returned >> 2020-10-31 09:21:14.227267

8u36vfpi35r >> End >> 2020-10-31 09:21:14.424730

dj4yuojfuiy >> Start >> 2020-10-31 09:22:13.717972

dj4yuojfuiy >> Image Returned >> 2020-10-31 09:22:13.721549

dj4yuojfuiy >> End >> 2020-10-31 09:22:13.917685

72xs8xi45tq >> Start >> 2020-10-31 09:22:37.666749

72xs8xi45tq >> Image Returned >> 2020-10-31 09:22:37.669990

72xs8xi45tq >> End >> 2020-10-31 09:22:37.854374

pogd02ojh6a >> Start >> 2020-10-31 09:23:01.665232

pogd02ojh6a >> Image Returned >> 2020-10-31 09:23:01.669687

pogd02ojh6a >> End >> 2020-10-31 09:23:01.896967

qtesb846q52 >> Start >> 2020-10-31 09:23:37.240644

qtesb846q52 >> Image Returned >> 2020-10-31 09:23:37.243614

qtesb846q52 >> End >> 2020-10-31 09:23:37.438711

anwahejr8c7 >> Start >> 2020-10-31 09:32:47.848800

anwahejr8c7 >> Image Returned >> 2020-10-31 09:32:47.852468

anwahejr8c7 >> End >> 2020-10-31 09:32:48.032466

cznagk38bp7 >> Start >> 2020-10-31 09:32:59.696238

cznagk38bp7 >> Image Returned >> 2020-10-31 09:32:59.699107

cznagk38bp7 >> End >> 2020-10-31 09:32:59.892210

q7nusy2juuy >> Start >> 2020-10-31 09:34:29.110699

q7nusy2juuy >> Image Returned >> 2020-10-31 09:34:29.114011

q7nusy2juuy >> End >> 2020-10-31 09:34:29.245359

wkfveyghyrq >> Start >> 2020-10-31 09:39:55.292427

wkfveyghyrq >> Image Returned >> 2020-10-31 09:39:55.295254

wkfveyghyrq >> End >> 2020-10-31 09:39:55.494313

cezi20otozz >> Start >> 2020-10-31 09:41:00.468272

cezi20otozz >> Image Returned >> 2020-10-31 09:41:00.471638

cezi20otozz >> End >> 2020-10-31 09:41:00.723345

ypiz0m55gaw >> Start >> 2020-10-31 09:41:16.928426

ypiz0m55gaw >> Image Returned >> 2020-10-31 09:41:16.931245

ypiz0m55gaw >> End >> 2020-10-31 09:41:17.121551

vezjz4fkvc8 >> Start >> 2020-10-31 09:41:17.973748

vezjz4fkvc8 >> Image Returned >> 2020-10-31 09:41:17.974034

vezjz4fkvc8 >> End >> 2020-10-31 09:41:18.102930

o5zxb42ga6v >> Start >> 2020-10-31 09:42:40.188855

o5zxb42ga6v >> Image Returned >> 2020-10-31 09:42:40.192003

o5zxb42ga6v >> End >> 2020-10-31 09:42:40.384469

6y6bo5fqgfc >> Start >> 2020-10-31 09:45:32.206157

6y6bo5fqgfc >> Image Returned >> 2020-10-31 09:45:32.210277

6y6bo5fqgfc >> End >> 2020-10-31 09:45:32.441441

ijpoqfrukgx >> Start >> 2020-10-31 09:48:35.300771

ijpoqfrukgx >> Image Returned >> 2020-10-31 09:48:35.305330

ijpoqfrukgx >> End >> 2020-10-31 09:48:35.487828

b4z2kgyf46g >> Start >> 2020-10-31 09:53:31.021250

b4z2kgyf46g >> Image Returned >> 2020-10-31 09:53:31.024581

b4z2kgyf46g >> End >> 2020-10-31 09:53:31.232336

0vdgqo2ca0p >> Start >> 2020-10-31 09:54:24.968421

0vdgqo2ca0p >> Image Returned >> 2020-10-31 09:54:24.971544

0vdgqo2ca0p >> End >> 2020-10-31 09:54:25.149158

mtrtz5fbjvr >> Start >> 2020-10-31 09:54:34.767083

mtrtz5fbjvr >> Image Returned >> 2020-10-31 09:54:34.767364

mtrtz5fbjvr >> End >> 2020-10-31 09:54:34.949367

qn0p76g0nht >> Start >> 2020-10-31 10:07:34.119014

qn0p76g0nht >> Image Returned >> 2020-10-31 10:07:34.122998

qn0p76g0nht >> End >> 2020-10-31 10:07:34.310820

ajygnrc38ed >> Start >> 2020-10-31 10:09:51.314892

ajygnrc38ed >> Image Returned >> 2020-10-31 10:09:51.317830

ajygnrc38ed >> End >> 2020-10-31 10:09:51.500289

n8ks886j338 >> Start >> 2020-10-31 10:11:35.517390

n8ks886j338 >> Image Returned >> 2020-10-31 10:11:35.520402

n8ks886j338 >> End >> 2020-10-31 10:11:35.725632

j3r0ixdif2b >> Start >> 2020-10-31 10:12:01.792807

j3r0ixdif2b >> Image Returned >> 2020-10-31 10:12:01.795671

j3r0ixdif2b >> End >> 2020-10-31 10:12:01.984168

0thnfau6zkd >> Start >> 2020-10-31 10:12:58.019593

0thnfau6zkd >> Image Returned >> 2020-10-31 10:12:58.022550

0thnfau6zkd >> End >> 2020-10-31 10:12:58.206959

6sfk7pt6ra4 >> Start >> 2020-10-31 10:14:09.754689

6sfk7pt6ra4 >> Image Returned >> 2020-10-31 10:14:09.757889

6sfk7pt6ra4 >> End >> 2020-10-31 10:14:09.950890

dsog8dfrurb >> Start >> 2020-10-31 10:19:23.637311

dsog8dfrurb >> Image Returned >> 2020-10-31 10:19:23.640597

dsog8dfrurb >> End >> 2020-10-31 10:19:23.813306

rmnba38z53f >> Start >> 2020-10-31 10:19:47.042190

rmnba38z53f >> Image Returned >> 2020-10-31 10:19:47.045101

rmnba38z53f >> End >> 2020-10-31 10:19:47.235738

j8kid87p3rv >> Start >> 2020-10-31 10:23:45.271439

j8kid87p3rv >> Image Returned >> 2020-10-31 10:23:45.275269

j8kid87p3rv >> End >> 2020-10-31 10:23:45.473414

a5cwcjfin43 >> Start >> 2020-10-31 10:29:34.965043

a5cwcjfin43 >> Image Returned >> 2020-10-31 10:29:34.968409

a5cwcjfin43 >> End >> 2020-10-31 10:29:35.145035

i2jhu0fjcte >> Start >> 2020-10-31 10:30:17.954040

i2jhu0fjcte >> Image Returned >> 2020-10-31 10:30:17.957098

i2jhu0fjcte >> End >> 2020-10-31 10:30:18.139642

kmopcrru6ah >> Start >> 2020-10-31 10:37:38.627727

kmopcrru6ah >> Image Returned >> 2020-10-31 10:37:38.631114

kmopcrru6ah >> End >> 2020-10-31 10:37:38.809191

eidk7b6mo5z >> Start >> 2020-10-31 10:41:05.288026

eidk7b6mo5z >> Image Returned >> 2020-10-31 10:41:05.291311

eidk7b6mo5z >> End >> 2020-10-31 10:41:05.467236

zzerdniptzq >> Start >> 2020-10-31 10:41:54.030029

zzerdniptzq >> Image Returned >> 2020-10-31 10:41:54.033710

zzerdniptzq >> End >> 2020-10-31 10:41:54.220206

dxjusdibyx6 >> Start >> 2020-10-31 10:42:29.548795

dxjusdibyx6 >> Image Returned >> 2020-10-31 10:42:29.551841

dxjusdibyx6 >> End >> 2020-10-31 10:42:29.764671

au2j0a7ms5u >> Start >> 2020-10-31 10:43:19.570914

au2j0a7ms5u >> Image Returned >> 2020-10-31 10:43:19.574130

au2j0a7ms5u >> End >> 2020-10-31 10:43:19.764585

vmud7htibt6 >> Start >> 2020-10-31 10:44:10.199503

vmud7htibt6 >> Image Returned >> 2020-10-31 10:44:10.202975

vmud7htibt6 >> End >> 2020-10-31 10:44:10.378912

m7bf4mxtook >> Start >> 2020-10-31 10:44:16.505790

m7bf4mxtook >> Image Returned >> 2020-10-31 10:44:16.506100

m7bf4mxtook >> End >> 2020-10-31 10:44:16.683326

3xb2qu364em >> Start >> 2020-10-31 10:45:09.982791

3xb2qu364em >> Image Returned >> 2020-10-31 10:45:09.986291

3xb2qu364em >> End >> 2020-10-31 10:45:10.160290

cq2wr42paow >> Start >> 2020-10-31 10:47:20.253355

cq2wr42paow >> Image Returned >> 2020-10-31 10:47:20.256963

cq2wr42paow >> End >> 2020-10-31 10:47:20.461783

7gye76gi3wf >> Start >> 2020-10-31 10:49:51.253787

7gye76gi3wf >> Image Returned >> 2020-10-31 10:49:51.258409

7gye76gi3wf >> End >> 2020-10-31 10:49:51.445013

2x6qzkv7gua >> Start >> 2020-10-31 10:52:00.247440

2x6qzkv7gua >> Image Returned >> 2020-10-31 10:52:00.250477

2x6qzkv7gua >> End >> 2020-10-31 10:52:00.429641

upzedhgddp7 >> Start >> 2020-10-31 10:54:20.492347

upzedhgddp7 >> Image Returned >> 2020-10-31 10:54:20.497667

upzedhgddp7 >> End >> 2020-10-31 10:54:20.682612

6rujirpk2nj >> Start >> 2020-10-31 10:54:37.873320

6rujirpk2nj >> Image Returned >> 2020-10-31 10:54:37.876415

6rujirpk2nj >> End >> 2020-10-31 10:54:38.066037

76tsbbjvf73 >> Start >> 2020-10-31 10:54:46.314368

76tsbbjvf73 >> Image Returned >> 2020-10-31 10:54:46.314660

76tsbbjvf73 >> End >> 2020-10-31 10:54:46.509155

058xg7bg5up >> Start >> 2020-10-31 10:59:47.491115

058xg7bg5up >> Image Returned >> 2020-10-31 10:59:47.494298

058xg7bg5up >> End >> 2020-10-31 10:59:47.688352

kr33uy62r7u >> Start >> 2020-10-31 11:00:53.657059

kr33uy62r7u >> Image Returned >> 2020-10-31 11:00:53.660178

kr33uy62r7u >> End >> 2020-10-31 11:00:53.846231

xbmspsozma2 >> Start >> 2020-10-31 11:01:49.148291

xbmspsozma2 >> Image Returned >> 2020-10-31 11:01:49.151489

xbmspsozma2 >> End >> 2020-10-31 11:01:49.368925

u070orckykr >> Start >> 2020-10-31 11:02:11.808367

u070orckykr >> Image Returned >> 2020-10-31 11:02:11.811542

u070orckykr >> End >> 2020-10-31 11:02:11.987302

qvkac2nzvs5 >> Start >> 2020-10-31 11:05:06.356055

qvkac2nzvs5 >> Image Returned >> 2020-10-31 11:05:06.359251

qvkac2nzvs5 >> End >> 2020-10-31 11:05:06.535156

voa8f75v4uv >> Start >> 2020-10-31 11:06:25.849790

voa8f75v4uv >> Image Returned >> 2020-10-31 11:06:25.852657

voa8f75v4uv >> End >> 2020-10-31 11:06:26.031016

ep02zc6mh7a >> Start >> 2020-10-31 11:14:23.420722

ep02zc6mh7a >> Image Returned >> 2020-10-31 11:14:23.424274

ep02zc6mh7a >> End >> 2020-10-31 11:14:23.627366

48pgvtdeoma >> Start >> 2020-10-31 11:21:05.885607

48pgvtdeoma >> Image Returned >> 2020-10-31 11:21:05.891668

48pgvtdeoma >> End >> 2020-10-31 11:21:06.111515

2trpky8ojmq >> Start >> 2020-10-31 11:31:47.644027

2trpky8ojmq >> Image Returned >> 2020-10-31 11:31:47.647031

2trpky8ojmq >> End >> 2020-10-31 11:31:47.828958

ptug2qkh8u5 >> Start >> 2020-10-31 11:36:12.136250

ptug2qkh8u5 >> Image Returned >> 2020-10-31 11:36:12.140016

ptug2qkh8u5 >> End >> 2020-10-31 11:36:12.266627

2cyo0756ifg >> Start >> 2020-10-31 11:38:05.327192

2cyo0756ifg >> Image Returned >> 2020-10-31 11:38:05.330452

2cyo0756ifg >> End >> 2020-10-31 11:38:05.513890

p3faofdnqnz >> Start >> 2020-10-31 11:38:45.500705

p3faofdnqnz >> Image Returned >> 2020-10-31 11:38:45.504055

p3faofdnqnz >> End >> 2020-10-31 11:38:45.693331

7kvbw2y4iyw >> Start >> 2020-10-31 11:39:02.497994

7kvbw2y4iyw >> Image Returned >> 2020-10-31 11:39:02.500896

7kvbw2y4iyw >> End >> 2020-10-31 11:39:02.684472

3arviycg4yp >> Start >> 2020-10-31 11:39:50.122867

3arviycg4yp >> Image Returned >> 2020-10-31 11:39:50.126199

3arviycg4yp >> End >> 2020-10-31 11:39:50.317348

e8ze6bkk4y5 >> Start >> 2020-10-31 11:41:15.211863

e8ze6bkk4y5 >> Image Returned >> 2020-10-31 11:41:15.215393

e8ze6bkk4y5 >> End >> 2020-10-31 11:41:15.399362

eejin3xmxz5 >> Start >> 2020-10-31 11:45:16.846756

eejin3xmxz5 >> Image Returned >> 2020-10-31 11:45:16.850209

eejin3xmxz5 >> End >> 2020-10-31 11:45:16.978099

sasdtm5ih07 >> Start >> 2020-10-31 11:45:42.511809

sasdtm5ih07 >> Image Returned >> 2020-10-31 11:45:42.515045

sasdtm5ih07 >> End >> 2020-10-31 11:45:42.706144

4brfwy6q407 >> Start >> 2020-10-31 11:49:01.846972

4brfwy6q407 >> Image Returned >> 2020-10-31 11:49:01.850048

4brfwy6q407 >> End >> 2020-10-31 11:49:02.038815

qw4amw2ifrf >> Start >> 2020-10-31 11:50:04.141900

qw4amw2ifrf >> Image Returned >> 2020-10-31 11:50:04.145484

qw4amw2ifrf >> End >> 2020-10-31 11:50:04.350131

a77ahj8tr4o >> Start >> 2020-10-31 11:57:30.156059

a77ahj8tr4o >> Image Returned >> 2020-10-31 11:57:30.161319

a77ahj8tr4o >> End >> 2020-10-31 11:57:30.342608

njtm75veq4s >> Start >> 2020-10-31 12:00:23.208029

njtm75veq4s >> Image Returned >> 2020-10-31 12:00:23.211612

njtm75veq4s >> End >> 2020-10-31 12:00:23.408767

j3mwc3ng5b7 >> Start >> 2020-10-31 12:01:15.999480

j3mwc3ng5b7 >> Image Returned >> 2020-10-31 12:01:16.002835

j3mwc3ng5b7 >> End >> 2020-10-31 12:01:16.187557

ntcm0jdgwi5 >> Start >> 2020-10-31 12:01:33.989300

ntcm0jdgwi5 >> Image Returned >> 2020-10-31 12:01:33.992311

ntcm0jdgwi5 >> End >> 2020-10-31 12:01:34.181906

yh0vca4cpfv >> Start >> 2020-10-31 12:01:42.619709

yh0vca4cpfv >> Image Returned >> 2020-10-31 12:01:42.620029

yh0vca4cpfv >> End >> 2020-10-31 12:01:42.800831

n4vqqfrgpux >> Start >> 2020-10-31 12:02:09.526592

n4vqqfrgpux >> Image Returned >> 2020-10-31 12:02:09.530071

n4vqqfrgpux >> End >> 2020-10-31 12:02:09.710603

g4metn8ui57 >> Start >> 2020-10-31 12:06:36.760837

g4metn8ui57 >> Image Returned >> 2020-10-31 12:06:36.764261

g4metn8ui57 >> End >> 2020-10-31 12:06:36.948246

4p4z2gt4yzv >> Start >> 2020-10-31 12:09:00.171159

4p4z2gt4yzv >> Image Returned >> 2020-10-31 12:09:00.174258

4p4z2gt4yzv >> End >> 2020-10-31 12:09:00.352762

tt6fc0pd3z2 >> Start >> 2020-10-31 12:15:01.697549

tt6fc0pd3z2 >> Image Returned >> 2020-10-31 12:15:01.700545

tt6fc0pd3z2 >> End >> 2020-10-31 12:15:01.887742

csajwmnjpjs >> Start >> 2020-10-31 12:18:24.150650

csajwmnjpjs >> Image Returned >> 2020-10-31 12:18:24.154144

csajwmnjpjs >> End >> 2020-10-31 12:18:24.345369

irsqmufgbbo >> Start >> 2020-10-31 12:22:02.007426

irsqmufgbbo >> Image Returned >> 2020-10-31 12:22:02.011161

irsqmufgbbo >> End >> 2020-10-31 12:22:02.207592

i2epzn3hs88 >> Start >> 2020-10-31 12:22:59.043267

i2epzn3hs88 >> Image Returned >> 2020-10-31 12:22:59.046258

i2epzn3hs88 >> End >> 2020-10-31 12:22:59.235487

g4a26bxvo82 >> Start >> 2020-10-31 12:23:23.904742

g4a26bxvo82 >> Image Returned >> 2020-10-31 12:23:23.907932

g4a26bxvo82 >> End >> 2020-10-31 12:23:24.088690

ugujdcxd5go >> Start >> 2020-10-31 12:25:15.638482

ugujdcxd5go >> Image Returned >> 2020-10-31 12:25:15.642163

ugujdcxd5go >> End >> 2020-10-31 12:25:15.837966

yjk7f6v5wwf >> Start >> 2020-10-31 12:31:32.074276

yjk7f6v5wwf >> Image Returned >> 2020-10-31 12:31:32.077692

yjk7f6v5wwf >> End >> 2020-10-31 12:31:32.255669

izsjdkfmmn2 >> Start >> 2020-10-31 12:40:17.969930

izsjdkfmmn2 >> Image Returned >> 2020-10-31 12:40:17.973792

izsjdkfmmn2 >> End >> 2020-10-31 12:40:18.167761

3iuuwd570vb >> Start >> 2020-10-31 12:45:03.115962

3iuuwd570vb >> Image Returned >> 2020-10-31 12:45:03.119074

3iuuwd570vb >> End >> 2020-10-31 12:45:03.307668

z0gmhnswexk >> Start >> 2020-10-31 12:51:32.026505

z0gmhnswexk >> Image Returned >> 2020-10-31 12:51:32.029472

z0gmhnswexk >> End >> 2020-10-31 12:51:32.207988

ngwitsowptw >> Start >> 2020-10-31 12:53:01.433296

ngwitsowptw >> Image Returned >> 2020-10-31 12:53:01.436397

ngwitsowptw >> End >> 2020-10-31 12:53:01.613445

snbjrc6avhs >> Start >> 2020-10-31 12:59:08.092655

snbjrc6avhs >> Image Returned >> 2020-10-31 12:59:08.095768

snbjrc6avhs >> End >> 2020-10-31 12:59:08.275712

4azmadwgcsm >> Start >> 2020-10-31 12:59:47.607376

4azmadwgcsm >> Image Returned >> 2020-10-31 12:59:47.610738

4azmadwgcsm >> End >> 2020-10-31 12:59:47.794192

vbnqcuz72y5 >> Start >> 2020-10-31 13:00:00.178431

vbnqcuz72y5 >> Image Returned >> 2020-10-31 13:00:00.181370

vbnqcuz72y5 >> End >> 2020-10-31 13:00:00.309969

ize50saxdjq >> Start >> 2020-10-31 13:00:34.610093

ize50saxdjq >> Image Returned >> 2020-10-31 13:00:34.613197

ize50saxdjq >> End >> 2020-10-31 13:00:34.740966

5eaqdu2gxx3 >> Start >> 2020-10-31 13:03:27.099299

5eaqdu2gxx3 >> Image Returned >> 2020-10-31 13:03:27.102641

5eaqdu2gxx3 >> End >> 2020-10-31 13:03:27.286652

8xraysticgf >> Start >> 2020-10-31 13:03:46.486591

8xraysticgf >> Image Returned >> 2020-10-31 13:03:46.489510

8xraysticgf >> End >> 2020-10-31 13:03:46.671356

vmxcbj88ctc >> Start >> 2020-10-31 13:04:02.683048

vmxcbj88ctc >> Image Returned >> 2020-10-31 13:04:02.686204

vmxcbj88ctc >> End >> 2020-10-31 13:04:02.897537

xoi8ug8eqt8 >> Start >> 2020-10-31 13:06:24.149270

xoi8ug8eqt8 >> Image Returned >> 2020-10-31 13:06:24.152398

xoi8ug8eqt8 >> End >> 2020-10-31 13:06:24.334033

azg3fqr2phx >> Start >> 2020-10-31 13:06:36.277554

azg3fqr2phx >> Image Returned >> 2020-10-31 13:06:36.280513

azg3fqr2phx >> End >> 2020-10-31 13:06:36.458142

uhc2njy760x >> Start >> 2020-10-31 13:08:27.650017

uhc2njy760x >> Image Returned >> 2020-10-31 13:08:27.653459

uhc2njy760x >> End >> 2020-10-31 13:08:27.840909

zoohuvkd7m2 >> Start >> 2020-10-31 13:08:33.034100

zoohuvkd7m2 >> Image Returned >> 2020-10-31 13:08:33.034409

zoohuvkd7m2 >> End >> 2020-10-31 13:08:33.230457

zkbbptyse77 >> Start >> 2020-10-31 13:11:23.753020

zkbbptyse77 >> Image Returned >> 2020-10-31 13:11:23.758218

zkbbptyse77 >> End >> 2020-10-31 13:11:23.936952

i50eg7esazq >> Start >> 2020-10-31 13:11:34.593451

i50eg7esazq >> Image Returned >> 2020-10-31 13:11:34.593736

i50eg7esazq >> End >> 2020-10-31 13:11:34.788347

yu4f0ase8vd >> Start >> 2020-10-31 13:19:43.978379

yu4f0ase8vd >> Image Returned >> 2020-10-31 13:19:43.981688

yu4f0ase8vd >> End >> 2020-10-31 13:19:44.174936

24cc5hfw00b >> Start >> 2020-10-31 13:20:05.227219

24cc5hfw00b >> Image Returned >> 2020-10-31 13:20:05.230209

24cc5hfw00b >> End >> 2020-10-31 13:20:05.407454

pavnw3voz8o >> Start >> 2020-10-31 13:20:44.178448

pavnw3voz8o >> Image Returned >> 2020-10-31 13:20:44.184159

pavnw3voz8o >> End >> 2020-10-31 13:20:44.368854

02figfedipy >> Start >> 2020-10-31 13:21:14.708694

02figfedipy >> Image Returned >> 2020-10-31 13:21:14.712676

02figfedipy >> End >> 2020-10-31 13:21:14.909014

ffswkwmh6yx >> Start >> 2020-10-31 13:22:53.106805

ffswkwmh6yx >> Image Returned >> 2020-10-31 13:22:53.110301

ffswkwmh6yx >> End >> 2020-10-31 13:22:53.311408

ryx04h2v2nt >> Start >> 2020-10-31 13:23:04.422378

ryx04h2v2nt >> Image Returned >> 2020-10-31 13:23:04.422662

ryx04h2v2nt >> End >> 2020-10-31 13:23:04.626950

qua0ntwn8cc >> Start >> 2020-10-31 13:29:16.670569

qua0ntwn8cc >> Image Returned >> 2020-10-31 13:29:16.674891

qua0ntwn8cc >> End >> 2020-10-31 13:29:16.873239

uayksvdidbb >> Start >> 2020-10-31 13:29:38.330750

uayksvdidbb >> Image Returned >> 2020-10-31 13:29:38.333919

uayksvdidbb >> End >> 2020-10-31 13:29:38.536003

t48xcmuqcxk >> Start >> 2020-10-31 13:29:50.105139

t48xcmuqcxk >> Image Returned >> 2020-10-31 13:29:50.108133

t48xcmuqcxk >> End >> 2020-10-31 13:29:50.297730

z2yxct6ykt4 >> Start >> 2020-10-31 13:30:17.566869

z2yxct6ykt4 >> Image Returned >> 2020-10-31 13:30:17.570509

z2yxct6ykt4 >> End >> 2020-10-31 13:30:17.784816

662i2kb4rxo >> Start >> 2020-10-31 13:36:47.660805

662i2kb4rxo >> Image Returned >> 2020-10-31 13:36:47.664271

662i2kb4rxo >> End >> 2020-10-31 13:36:47.865451

0g8gkjjys60 >> Start >> 2020-10-31 13:36:52.353631

0g8gkjjys60 >> Image Returned >> 2020-10-31 13:36:52.353928

0g8gkjjys60 >> End >> 2020-10-31 13:36:52.536571

5rm2g6rsa2o >> Start >> 2020-10-31 13:36:59.383305

5rm2g6rsa2o >> Image Returned >> 2020-10-31 13:36:59.383585

5rm2g6rsa2o >> End >> 2020-10-31 13:36:59.581274

bee3canmr34 >> Start >> 2020-10-31 13:38:41.331849

bee3canmr34 >> Image Returned >> 2020-10-31 13:38:41.334842

bee3canmr34 >> End >> 2020-10-31 13:38:41.522660

d0zsq7hjz4b >> Start >> 2020-10-31 13:40:05.626147

d0zsq7hjz4b >> Image Returned >> 2020-10-31 13:40:05.629506

d0zsq7hjz4b >> End >> 2020-10-31 13:40:05.827794

nq3w4cdu3dz >> Start >> 2020-10-31 13:41:33.359282

nq3w4cdu3dz >> Image Returned >> 2020-10-31 13:41:33.362679

nq3w4cdu3dz >> End >> 2020-10-31 13:41:33.543286

ixb7cdt4fds >> Start >> 2020-10-31 13:43:40.746829

ixb7cdt4fds >> Image Returned >> 2020-10-31 13:43:40.750561

ixb7cdt4fds >> End >> 2020-10-31 13:43:40.954719

cy7nmih6aa6 >> Start >> 2020-10-31 13:48:44.161154

cy7nmih6aa6 >> Image Returned >> 2020-10-31 13:48:44.164695

cy7nmih6aa6 >> End >> 2020-10-31 13:48:44.291979

0orebnpnyj3 >> Start >> 2020-10-31 13:48:54.563754

0orebnpnyj3 >> Image Returned >> 2020-10-31 13:48:54.564184

0orebnpnyj3 >> End >> 2020-10-31 13:48:55.051481

jk3e2xpar7n >> Start >> 2020-10-31 13:48:59.584006

jk3e2xpar7n >> Image Returned >> 2020-10-31 13:48:59.584410

jk3e2xpar7n >> End >> 2020-10-31 13:48:59.761663

f8frpv2r3ko >> Start >> 2020-10-31 13:53:14.170583

f8frpv2r3ko >> Image Returned >> 2020-10-31 13:53:14.175374

f8frpv2r3ko >> End >> 2020-10-31 13:53:14.377090

d08yziz0kn5 >> Start >> 2020-10-31 13:53:33.974145

d08yziz0kn5 >> Image Returned >> 2020-10-31 13:53:33.977371

d08yziz0kn5 >> End >> 2020-10-31 13:53:34.108424

87q2rddfnzu >> Start >> 2020-10-31 13:53:39.258579

87q2rddfnzu >> Image Returned >> 2020-10-31 13:53:39.258946

87q2rddfnzu >> End >> 2020-10-31 13:53:39.460714

x0svqubc4xu >> Start >> 2020-10-31 13:54:05.158015

x0svqubc4xu >> Image Returned >> 2020-10-31 13:54:05.161035

x0svqubc4xu >> End >> 2020-10-31 13:54:05.347218

yffcjqohn86 >> Start >> 2020-10-31 13:54:09.220824

yffcjqohn86 >> Image Returned >> 2020-10-31 13:54:09.221132

yffcjqohn86 >> End >> 2020-10-31 13:54:09.403953

beqwhdz0eda >> Start >> 2020-10-31 13:56:45.345058

beqwhdz0eda >> Image Returned >> 2020-10-31 13:56:45.348234

beqwhdz0eda >> End >> 2020-10-31 13:56:45.548290

82e6kwkocds >> Start >> 2020-10-31 13:59:36.864439

82e6kwkocds >> Image Returned >> 2020-10-31 13:59:36.867851

82e6kwkocds >> End >> 2020-10-31 13:59:37.049067

3wyor4cigts >> Start >> 2020-10-31 14:05:31.359992

3wyor4cigts >> Image Returned >> 2020-10-31 14:05:31.363574

3wyor4cigts >> End >> 2020-10-31 14:05:31.537992

iriyshztt4i >> Start >> 2020-10-31 14:06:21.777915

iriyshztt4i >> Image Returned >> 2020-10-31 14:06:21.782058

iriyshztt4i >> End >> 2020-10-31 14:06:21.962335

8krzbygrfdk >> Start >> 2020-10-31 14:07:05.076381

8krzbygrfdk >> Image Returned >> 2020-10-31 14:07:05.079360

8krzbygrfdk >> End >> 2020-10-31 14:07:05.269422

dfwfd2o2t4e >> Start >> 2020-10-31 14:09:00.655577

dfwfd2o2t4e >> Image Returned >> 2020-10-31 14:09:00.658642

dfwfd2o2t4e >> End >> 2020-10-31 14:09:00.838462

io75ne7d2tv >> Start >> 2020-10-31 14:09:24.795861

io75ne7d2tv >> Image Returned >> 2020-10-31 14:09:24.799319

io75ne7d2tv >> End >> 2020-10-31 14:09:24.981724

nvp7p4zuvij >> Start >> 2020-10-31 14:09:46.296262

nvp7p4zuvij >> Image Returned >> 2020-10-31 14:09:46.299323

nvp7p4zuvij >> End >> 2020-10-31 14:09:46.503452

bb7use3f442 >> Start >> 2020-10-31 14:10:26.384911

bb7use3f442 >> Image Returned >> 2020-10-31 14:10:26.388394

bb7use3f442 >> End >> 2020-10-31 14:10:26.587518

6mmk6ymwa3n >> Start >> 2020-10-31 14:10:54.596623

6mmk6ymwa3n >> Image Returned >> 2020-10-31 14:10:54.600028

6mmk6ymwa3n >> End >> 2020-10-31 14:10:54.787446

68db0ypyc66 >> Start >> 2020-10-31 14:14:30.792988

68db0ypyc66 >> Image Returned >> 2020-10-31 14:14:30.796281

68db0ypyc66 >> End >> 2020-10-31 14:14:30.999175

wraxercimdx >> Start >> 2020-10-31 14:17:05.575691

wraxercimdx >> Image Returned >> 2020-10-31 14:17:05.578886

wraxercimdx >> End >> 2020-10-31 14:17:05.764081

jy5tydsc8a5 >> Start >> 2020-10-31 14:17:30.020431

jy5tydsc8a5 >> Image Returned >> 2020-10-31 14:17:30.024035

jy5tydsc8a5 >> End >> 2020-10-31 14:17:30.207715

pxomygm3bc2 >> Start >> 2020-10-31 14:19:58.206620

pxomygm3bc2 >> Image Returned >> 2020-10-31 14:19:58.210227

pxomygm3bc2 >> End >> 2020-10-31 14:19:58.429480

hzds6e7r3dy >> Start >> 2020-10-31 14:20:20.989136

hzds6e7r3dy >> Image Returned >> 2020-10-31 14:20:20.992398

hzds6e7r3dy >> End >> 2020-10-31 14:20:21.178844

dg826q5oipo >> Start >> 2020-10-31 14:20:45.761622

dg826q5oipo >> Image Returned >> 2020-10-31 14:20:45.764630

dg826q5oipo >> End >> 2020-10-31 14:20:45.941215

ctfr7rtcbhh >> Start >> 2020-10-31 14:25:42.157663

ctfr7rtcbhh >> Image Returned >> 2020-10-31 14:25:42.161485

ctfr7rtcbhh >> End >> 2020-10-31 14:25:42.357259

eun6tr66vnn >> Start >> 2020-10-31 14:31:06.550779

eun6tr66vnn >> Image Returned >> 2020-10-31 14:31:06.553895

eun6tr66vnn >> End >> 2020-10-31 14:31:06.797435

x8hwjgq6kh7 >> Start >> 2020-10-31 14:43:30.424664

x8hwjgq6kh7 >> Image Returned >> 2020-10-31 14:43:30.428774

x8hwjgq6kh7 >> End >> 2020-10-31 14:43:30.627083

6x0mupnr4k0 >> Start >> 2020-10-31 14:43:42.043557

6x0mupnr4k0 >> Image Returned >> 2020-10-31 14:43:42.046789

6x0mupnr4k0 >> End >> 2020-10-31 14:43:42.238120

nyti3kpr72j >> Start >> 2020-10-31 14:46:38.858691

nyti3kpr72j >> Image Returned >> 2020-10-31 14:46:38.863739

nyti3kpr72j >> End >> 2020-10-31 14:46:39.050369

d0djp2c24ic >> Start >> 2020-10-31 14:46:48.316351

d0djp2c24ic >> Image Returned >> 2020-10-31 14:46:48.316647

d0djp2c24ic >> End >> 2020-10-31 14:46:48.507539

i03ktg3awfs >> Start >> 2020-10-31 14:48:10.075381

i03ktg3awfs >> Image Returned >> 2020-10-31 14:48:10.079094

i03ktg3awfs >> End >> 2020-10-31 14:48:10.269706

hpy6iqa80g7 >> Start >> 2020-10-31 14:51:42.946400

hpy6iqa80g7 >> Image Returned >> 2020-10-31 14:51:42.950643

hpy6iqa80g7 >> End >> 2020-10-31 14:51:43.148117

5gj2ih4b4ee >> Start >> 2020-10-31 14:54:24.530585

5gj2ih4b4ee >> Image Returned >> 2020-10-31 14:54:24.534075

5gj2ih4b4ee >> End >> 2020-10-31 14:54:24.737687

0ok853wqgjj >> Start >> 2020-10-31 14:55:11.813885

0ok853wqgjj >> Image Returned >> 2020-10-31 14:55:11.816915

0ok853wqgjj >> End >> 2020-10-31 14:55:11.998722

imjoti580ks >> Start >> 2020-10-31 14:55:39.656361

imjoti580ks >> Image Returned >> 2020-10-31 14:55:39.661061

imjoti580ks >> End >> 2020-10-31 14:55:39.845681

gf2dkpz4iis >> Start >> 2020-10-31 15:01:01.036601

gf2dkpz4iis >> Image Returned >> 2020-10-31 15:01:01.039772

gf2dkpz4iis >> End >> 2020-10-31 15:01:01.241295

yjdszfizgau >> Start >> 2020-10-31 15:02:39.332748

yjdszfizgau >> Image Returned >> 2020-10-31 15:02:39.336808

yjdszfizgau >> End >> 2020-10-31 15:02:39.517867

amaaocnfn04 >> Start >> 2020-10-31 15:05:06.419152

amaaocnfn04 >> Image Returned >> 2020-10-31 15:05:06.422281

amaaocnfn04 >> End >> 2020-10-31 15:05:06.631845

qf5maxtqjcz >> Start >> 2020-10-31 15:08:27.591059

qf5maxtqjcz >> Image Returned >> 2020-10-31 15:08:27.594219

qf5maxtqjcz >> End >> 2020-10-31 15:08:27.783963

q53h8xbfhrb >> Start >> 2020-10-31 15:13:40.525317

q53h8xbfhrb >> Image Returned >> 2020-10-31 15:13:40.528395

q53h8xbfhrb >> End >> 2020-10-31 15:13:40.707191

j2yxiiwotzh >> Start >> 2020-10-31 15:15:28.094511

j2yxiiwotzh >> Image Returned >> 2020-10-31 15:15:28.098695

j2yxiiwotzh >> End >> 2020-10-31 15:15:28.283528

8fqzr53xpkv >> Start >> 2020-10-31 15:18:35.202214

8fqzr53xpkv >> Image Returned >> 2020-10-31 15:18:35.206568

8fqzr53xpkv >> End >> 2020-10-31 15:18:35.445839

qsnohvqs6hp >> Start >> 2020-10-31 15:21:10.223097

qsnohvqs6hp >> Image Returned >> 2020-10-31 15:21:10.229165

qsnohvqs6hp >> End >> 2020-10-31 15:21:10.411269

n3ekrconywf >> Start >> 2020-10-31 15:22:11.119494

n3ekrconywf >> Image Returned >> 2020-10-31 15:22:11.122884

n3ekrconywf >> End >> 2020-10-31 15:22:11.311208

jz0ecke5ymv >> Start >> 2020-10-31 15:27:50.614737

jz0ecke5ymv >> Image Returned >> 2020-10-31 15:27:50.619412

jz0ecke5ymv >> End >> 2020-10-31 15:27:50.827193

p43cfrrgnfh >> Start >> 2020-10-31 15:31:04.736335

p43cfrrgnfh >> Image Returned >> 2020-10-31 15:31:04.739666

p43cfrrgnfh >> End >> 2020-10-31 15:31:04.930133

2wbrtavndjr >> Start >> 2020-10-31 15:33:14.965688

2wbrtavndjr >> Image Returned >> 2020-10-31 15:33:14.971014

2wbrtavndjr >> End >> 2020-10-31 15:33:15.227695

dmuhw6hygo2 >> Start >> 2020-10-31 15:34:25.599370

dmuhw6hygo2 >> Image Returned >> 2020-10-31 15:34:25.603751

dmuhw6hygo2 >> End >> 2020-10-31 15:34:25.811364

i70ymkjvh0x >> Start >> 2020-10-31 15:34:33.724936

i70ymkjvh0x >> Image Returned >> 2020-10-31 15:34:33.725228

i70ymkjvh0x >> End >> 2020-10-31 15:34:33.912398

jrt2xfj8pem >> Start >> 2020-10-31 15:39:34.096328

jrt2xfj8pem >> Image Returned >> 2020-10-31 15:39:34.102087

jrt2xfj8pem >> End >> 2020-10-31 15:39:34.364902

w0z7hj6aku0 >> Start >> 2020-10-31 15:39:40.594856

w0z7hj6aku0 >> Image Returned >> 2020-10-31 15:39:40.595176

w0z7hj6aku0 >> End >> 2020-10-31 15:39:40.822175

zxzw4xi042s >> Start >> 2020-10-31 15:47:52.474186

zxzw4xi042s >> Image Returned >> 2020-10-31 15:47:52.478044

zxzw4xi042s >> End >> 2020-10-31 15:47:52.659977

5razuba8nax >> Start >> 2020-10-31 15:50:00.525290

5razuba8nax >> Image Returned >> 2020-10-31 15:50:00.528453

5razuba8nax >> End >> 2020-10-31 15:50:00.712292

yqefycj768z >> Start >> 2020-10-31 15:50:12.033590

yqefycj768z >> Image Returned >> 2020-10-31 15:50:12.038681

yqefycj768z >> End >> 2020-10-31 15:50:12.222261

ghqgjjay3mn >> Start >> 2020-10-31 15:50:54.311754

ghqgjjay3mn >> Image Returned >> 2020-10-31 15:50:54.315551

ghqgjjay3mn >> End >> 2020-10-31 15:50:54.506289

onyvekp07ii >> Start >> 2020-10-31 15:54:13.732034

onyvekp07ii >> Image Returned >> 2020-10-31 15:54:13.735197

onyvekp07ii >> End >> 2020-10-31 15:54:13.933713

e206fy03qmj >> Start >> 2020-10-31 16:00:50.993246

e206fy03qmj >> Image Returned >> 2020-10-31 16:00:50.998811

e206fy03qmj >> End >> 2020-10-31 16:00:51.179591

sfvekrxbmmk >> Start >> 2020-10-31 16:02:33.117218

sfvekrxbmmk >> Image Returned >> 2020-10-31 16:02:33.121511

sfvekrxbmmk >> End >> 2020-10-31 16:02:33.298934

c4gbtewa64s >> Start >> 2020-10-31 16:04:48.091388

c4gbtewa64s >> Image Returned >> 2020-10-31 16:04:48.094650

c4gbtewa64s >> End >> 2020-10-31 16:04:48.293214

q3k03eucypn >> Start >> 2020-10-31 16:06:59.658492

q3k03eucypn >> Image Returned >> 2020-10-31 16:06:59.662197

q3k03eucypn >> End >> 2020-10-31 16:06:59.841963

ub5vsiatkwx >> Start >> 2020-10-31 16:07:23.446713

ub5vsiatkwx >> Image Returned >> 2020-10-31 16:07:23.451363

ub5vsiatkwx >> End >> 2020-10-31 16:07:23.629810

5q04zf3q0ob >> Start >> 2020-10-31 16:08:01.975982

5q04zf3q0ob >> Image Returned >> 2020-10-31 16:08:01.979187

5q04zf3q0ob >> End >> 2020-10-31 16:08:02.161541

zxq5mshhm4z >> Start >> 2020-10-31 16:08:44.513194

zxq5mshhm4z >> Image Returned >> 2020-10-31 16:08:44.516702

zxq5mshhm4z >> End >> 2020-10-31 16:08:44.789448

rgu5q8dz2e7 >> Start >> 2020-10-31 16:10:37.182315

rgu5q8dz2e7 >> Image Returned >> 2020-10-31 16:10:37.186048

rgu5q8dz2e7 >> End >> 2020-10-31 16:10:37.468202

v3z5ei8nnpe >> Start >> 2020-10-31 16:15:43.789962

v3z5ei8nnpe >> Image Returned >> 2020-10-31 16:15:43.794322

v3z5ei8nnpe >> End >> 2020-10-31 16:15:43.972601

z4ddxtvfxxt >> Start >> 2020-10-31 16:18:15.115405

z4ddxtvfxxt >> Image Returned >> 2020-10-31 16:18:15.118510

z4ddxtvfxxt >> End >> 2020-10-31 16:18:15.294141

cuhtgpx0fgj >> Start >> 2020-10-31 16:18:39.491478

cuhtgpx0fgj >> Image Returned >> 2020-10-31 16:18:39.497435

cuhtgpx0fgj >> End >> 2020-10-31 16:18:39.729739

6fporqyj6sr >> Start >> 2020-10-31 16:20:47.503269

6fporqyj6sr >> Image Returned >> 2020-10-31 16:20:47.507179

6fporqyj6sr >> End >> 2020-10-31 16:20:47.688004

hf342fw7685 >> Start >> 2020-10-31 16:23:19.312751

hf342fw7685 >> Image Returned >> 2020-10-31 16:23:19.316728

hf342fw7685 >> End >> 2020-10-31 16:23:19.513001

c8vctb7iqd6 >> Start >> 2020-10-31 16:36:33.627276

c8vctb7iqd6 >> Image Returned >> 2020-10-31 16:36:33.631464

c8vctb7iqd6 >> End >> 2020-10-31 16:36:33.816536

hzvw4fr6ss8 >> Start >> 2020-10-31 16:43:02.815928

hzvw4fr6ss8 >> Image Returned >> 2020-10-31 16:43:02.819255

hzvw4fr6ss8 >> End >> 2020-10-31 16:43:02.999989

xvz3shbajai >> Start >> 2020-10-31 16:45:57.418711

xvz3shbajai >> Image Returned >> 2020-10-31 16:45:57.422694

xvz3shbajai >> End >> 2020-10-31 16:45:57.645070

i5qs3ico6sf >> Start >> 2020-10-31 16:53:42.304838

i5qs3ico6sf >> Image Returned >> 2020-10-31 16:53:42.309813

i5qs3ico6sf >> End >> 2020-10-31 16:53:42.571582

xh88iyere7g >> Start >> 2020-10-31 16:55:00.320913

xh88iyere7g >> Image Returned >> 2020-10-31 16:55:00.324918

xh88iyere7g >> End >> 2020-10-31 16:55:00.542308

w40ytzc0bit >> Start >> 2020-10-31 16:57:53.128943

w40ytzc0bit >> Image Returned >> 2020-10-31 16:57:53.133621

w40ytzc0bit >> End >> 2020-10-31 16:57:53.316154

tj8kkkkrkm6 >> Start >> 2020-10-31 17:03:42.087821

tj8kkkkrkm6 >> Image Returned >> 2020-10-31 17:03:42.091453

tj8kkkkrkm6 >> End >> 2020-10-31 17:03:42.219619

heoo583nj72 >> Start >> 2020-10-31 17:03:56.171288

heoo583nj72 >> Image Returned >> 2020-10-31 17:03:56.174418

heoo583nj72 >> End >> 2020-10-31 17:03:56.351243

at2carekbo4 >> Start >> 2020-10-31 17:04:52.761456

at2carekbo4 >> Image Returned >> 2020-10-31 17:04:52.765414

at2carekbo4 >> End >> 2020-10-31 17:04:52.945126

crj66c2acp7 >> Start >> 2020-10-31 17:12:26.115586

crj66c2acp7 >> Image Returned >> 2020-10-31 17:12:26.118774

crj66c2acp7 >> End >> 2020-10-31 17:12:26.297429

msedkab5cum >> Start >> 2020-10-31 17:14:29.996591

msedkab5cum >> Image Returned >> 2020-10-31 17:14:30.002979

msedkab5cum >> End >> 2020-10-31 17:14:30.268692

gdbhwuqm6w7 >> Start >> 2020-10-31 17:19:53.655657

gdbhwuqm6w7 >> Image Returned >> 2020-10-31 17:19:53.659267

gdbhwuqm6w7 >> End >> 2020-10-31 17:19:53.837800

gco6878btm6 >> Start >> 2020-10-31 17:22:44.896728

gco6878btm6 >> Image Returned >> 2020-10-31 17:22:44.900120

gco6878btm6 >> End >> 2020-10-31 17:22:45.079302

xt77me8t7gr >> Start >> 2020-10-31 17:24:15.727927

xt77me8t7gr >> Image Returned >> 2020-10-31 17:24:15.731139

xt77me8t7gr >> End >> 2020-10-31 17:24:15.923402

tfs5jxj2mue >> Start >> 2020-10-31 17:25:07.183347

tfs5jxj2mue >> Image Returned >> 2020-10-31 17:25:07.187170

tfs5jxj2mue >> End >> 2020-10-31 17:25:07.374095

idgancysmxq >> Start >> 2020-10-31 17:25:16.957171

idgancysmxq >> Image Returned >> 2020-10-31 17:25:16.957534

idgancysmxq >> End >> 2020-10-31 17:25:17.153470

quoammyjsik >> Start >> 2020-10-31 17:28:23.903412

quoammyjsik >> Image Returned >> 2020-10-31 17:28:23.907136

quoammyjsik >> End >> 2020-10-31 17:28:24.140624

kdz75tiv4bo >> Start >> 2020-10-31 17:33:11.849323

kdz75tiv4bo >> Image Returned >> 2020-10-31 17:33:11.853950

kdz75tiv4bo >> End >> 2020-10-31 17:33:12.059092

ifbun420ip3 >> Start >> 2020-10-31 17:41:26.099478

ifbun420ip3 >> Image Returned >> 2020-10-31 17:41:26.103153

ifbun420ip3 >> End >> 2020-10-31 17:41:26.279149

dtqiafys5va >> Start >> 2020-10-31 17:44:50.063544

dtqiafys5va >> Image Returned >> 2020-10-31 17:44:50.067599

dtqiafys5va >> End >> 2020-10-31 17:44:50.251600

eb8zkq3cts6 >> Start >> 2020-10-31 17:51:08.553313

eb8zkq3cts6 >> Image Returned >> 2020-10-31 17:51:08.557475

eb8zkq3cts6 >> End >> 2020-10-31 17:51:08.750802

v5oa5gubjyj >> Start >> 2020-10-31 17:53:33.935825

v5oa5gubjyj >> Image Returned >> 2020-10-31 17:53:33.941297

v5oa5gubjyj >> End >> 2020-10-31 17:53:34.117733

tarorqp3ugs >> Start >> 2020-10-31 18:03:59.340298

tarorqp3ugs >> Image Returned >> 2020-10-31 18:03:59.344782

tarorqp3ugs >> End >> 2020-10-31 18:03:59.526189

om22f82in8i >> Start >> 2020-10-31 18:06:37.234071

om22f82in8i >> Image Returned >> 2020-10-31 18:06:37.238125

om22f82in8i >> End >> 2020-10-31 18:06:37.429717

2jyaaeb63tb >> Start >> 2020-10-31 18:11:19.539413

2jyaaeb63tb >> Image Returned >> 2020-10-31 18:11:19.543610

2jyaaeb63tb >> End >> 2020-10-31 18:11:19.724800

i7mr25e2gry >> Start >> 2020-10-31 18:11:44.383774

i7mr25e2gry >> Image Returned >> 2020-10-31 18:11:44.387079

i7mr25e2gry >> End >> 2020-10-31 18:11:44.578429

pzqaak5vcyc >> Start >> 2020-10-31 18:14:25.193372

pzqaak5vcyc >> Image Returned >> 2020-10-31 18:14:25.197632

pzqaak5vcyc >> End >> 2020-10-31 18:14:25.384591

5trwv30bfxd >> Start >> 2020-10-31 18:17:25.261729

5trwv30bfxd >> Image Returned >> 2020-10-31 18:17:25.265681

5trwv30bfxd >> End >> 2020-10-31 18:17:25.448090

qqpzfar4boh >> Start >> 2020-10-31 18:17:42.497019

qqpzfar4boh >> Image Returned >> 2020-10-31 18:17:42.500741

qqpzfar4boh >> End >> 2020-10-31 18:17:42.710922

osgvmksw6d0 >> Start >> 2020-10-31 18:19:38.783596

osgvmksw6d0 >> Image Returned >> 2020-10-31 18:19:38.787636

osgvmksw6d0 >> End >> 2020-10-31 18:19:38.968697

wfd5zcnvjir >> Start >> 2020-10-31 18:20:41.714735

wfd5zcnvjir >> Image Returned >> 2020-10-31 18:20:41.718332

wfd5zcnvjir >> End >> 2020-10-31 18:20:41.897289

p7xtbozyci6 >> Start >> 2020-10-31 18:21:15.018383

p7xtbozyci6 >> Image Returned >> 2020-10-31 18:21:15.021616

p7xtbozyci6 >> End >> 2020-10-31 18:21:15.217396

8v36c5qgcdg >> Start >> 2020-10-31 18:30:25.881213

8v36c5qgcdg >> Image Returned >> 2020-10-31 18:30:25.886995

8v36c5qgcdg >> End >> 2020-10-31 18:30:26.092952

xu76q867fgd >> Start >> 2020-10-31 18:31:43.539978

xu76q867fgd >> Image Returned >> 2020-10-31 18:31:43.543746

xu76q867fgd >> End >> 2020-10-31 18:31:43.730586

jai85bn7jn5 >> Start >> 2020-10-31 18:48:33.895443

jai85bn7jn5 >> Image Returned >> 2020-10-31 18:48:33.902053

jai85bn7jn5 >> End >> 2020-10-31 18:48:34.128334

0cgitkp70s8 >> Start >> 2020-10-31 18:53:59.588325

0cgitkp70s8 >> Image Returned >> 2020-10-31 18:53:59.593672

0cgitkp70s8 >> End >> 2020-10-31 18:53:59.776611

be7kniwnza0 >> Start >> 2020-10-31 19:05:14.469438

be7kniwnza0 >> Image Returned >> 2020-10-31 19:05:14.474684

be7kniwnza0 >> End >> 2020-10-31 19:05:14.652403

qjfmvjqp7su >> Start >> 2020-10-31 19:09:59.762294

qjfmvjqp7su >> Image Returned >> 2020-10-31 19:09:59.766155

qjfmvjqp7su >> End >> 2020-10-31 19:10:00.065037

mtreumhfdp6 >> Start >> 2020-10-31 19:13:53.735207

mtreumhfdp6 >> Image Returned >> 2020-10-31 19:13:53.738543

mtreumhfdp6 >> End >> 2020-10-31 19:13:53.949007

p2ibj2wk7be >> Start >> 2020-10-31 19:20:40.964664

p2ibj2wk7be >> Image Returned >> 2020-10-31 19:20:40.969146

p2ibj2wk7be >> End >> 2020-10-31 19:20:41.164702

5jy4mrx0kou >> Start >> 2020-10-31 19:22:48.206424

5jy4mrx0kou >> Image Returned >> 2020-10-31 19:22:48.209821

5jy4mrx0kou >> End >> 2020-10-31 19:22:48.425328

3aopeh60dhe >> Start >> 2020-10-31 19:23:06.613581

3aopeh60dhe >> Image Returned >> 2020-10-31 19:23:06.616822

3aopeh60dhe >> End >> 2020-10-31 19:23:06.828448

vo0nbyw7zmy >> Start >> 2020-10-31 19:23:53.193825

vo0nbyw7zmy >> Image Returned >> 2020-10-31 19:23:53.197617

vo0nbyw7zmy >> End >> 2020-10-31 19:23:53.381803

ezq48uvtzyf >> Start >> 2020-10-31 19:27:03.527131

ezq48uvtzyf >> Image Returned >> 2020-10-31 19:27:03.531730

ezq48uvtzyf >> End >> 2020-10-31 19:27:03.754302

ztgjd4h80uz >> Start >> 2020-10-31 19:28:53.923830

ztgjd4h80uz >> Image Returned >> 2020-10-31 19:28:53.927642

ztgjd4h80uz >> End >> 2020-10-31 19:28:54.159899

in24fjbzmn0 >> Start >> 2020-10-31 19:34:15.743529

in24fjbzmn0 >> Image Returned >> 2020-10-31 19:34:15.746953

in24fjbzmn0 >> End >> 2020-10-31 19:34:15.943187

w3kpckepruu >> Start >> 2020-10-31 19:38:06.429636

w3kpckepruu >> Image Returned >> 2020-10-31 19:38:06.433063

w3kpckepruu >> End >> 2020-10-31 19:38:06.635083

zg0qc8a2r4o >> Start >> 2020-10-31 19:40:02.918409

zg0qc8a2r4o >> Image Returned >> 2020-10-31 19:40:02.922529

zg0qc8a2r4o >> End >> 2020-10-31 19:40:03.100955

kxcacutc5mg >> Start >> 2020-10-31 19:41:10.300940

kxcacutc5mg >> Image Returned >> 2020-10-31 19:41:10.305988

kxcacutc5mg >> End >> 2020-10-31 19:41:10.498039

xnnfdc63iw0 >> Start >> 2020-10-31 19:52:14.624094

xnnfdc63iw0 >> Image Returned >> 2020-10-31 19:52:14.628050

xnnfdc63iw0 >> End >> 2020-10-31 19:52:14.832767

n64njozefr5 >> Start >> 2020-10-31 19:56:39.627162

n64njozefr5 >> Image Returned >> 2020-10-31 19:56:39.630490

n64njozefr5 >> End >> 2020-10-31 19:56:39.809783

fzbqhcukmvg >> Start >> 2020-10-31 19:58:30.879056

fzbqhcukmvg >> Image Returned >> 2020-10-31 19:58:30.883512

fzbqhcukmvg >> End >> 2020-10-31 19:58:31.076123

wqadvnu4ipj >> Start >> 2020-10-31 19:58:59.042107

wqadvnu4ipj >> Image Returned >> 2020-10-31 19:58:59.046037

wqadvnu4ipj >> End >> 2020-10-31 19:58:59.248531

07ggsa830wc >> Start >> 2020-10-31 19:59:14.489197

07ggsa830wc >> Image Returned >> 2020-10-31 19:59:14.492683

07ggsa830wc >> End >> 2020-10-31 19:59:14.620428

ri8m6n668sj >> Start >> 2020-10-31 20:01:51.609981

ri8m6n668sj >> Image Returned >> 2020-10-31 20:01:51.613848

ri8m6n668sj >> End >> 2020-10-31 20:01:51.791789

gmrgvfyv4c0 >> Start >> 2020-10-31 20:03:24.704364

gmrgvfyv4c0 >> Image Returned >> 2020-10-31 20:03:24.708745

gmrgvfyv4c0 >> End >> 2020-10-31 20:03:24.937206

c26ojmnszi6 >> Start >> 2020-10-31 20:06:21.535732

c26ojmnszi6 >> Image Returned >> 2020-10-31 20:06:21.540249

c26ojmnszi6 >> End >> 2020-10-31 20:06:21.730010

468az7wnfj5 >> Start >> 2020-10-31 20:07:56.053776

468az7wnfj5 >> Image Returned >> 2020-10-31 20:07:56.057434

468az7wnfj5 >> End >> 2020-10-31 20:07:56.243655

u8vsn4spgv5 >> Start >> 2020-10-31 20:13:34.168723

u8vsn4spgv5 >> Image Returned >> 2020-10-31 20:13:34.172797

u8vsn4spgv5 >> End >> 2020-10-31 20:13:34.353715

2iw2qyxaqbo >> Start >> 2020-10-31 20:14:59.320424

2iw2qyxaqbo >> Image Returned >> 2020-10-31 20:14:59.323906

2iw2qyxaqbo >> End >> 2020-10-31 20:14:59.503443

25a4cd6vwro >> Start >> 2020-10-31 20:18:34.898792

25a4cd6vwro >> Image Returned >> 2020-10-31 20:18:34.903402

25a4cd6vwro >> End >> 2020-10-31 20:18:35.136502

s45uv2i3hfc >> Start >> 2020-10-31 20:18:40.299433

s45uv2i3hfc >> Image Returned >> 2020-10-31 20:18:40.299732

s45uv2i3hfc >> End >> 2020-10-31 20:18:40.478084

oi447p8v8v3 >> Start >> 2020-10-31 20:21:00.969938

oi447p8v8v3 >> Image Returned >> 2020-10-31 20:21:00.974210

oi447p8v8v3 >> End >> 2020-10-31 20:21:01.193181

f8ajxhv4cpj >> Start >> 2020-10-31 20:22:15.531076

f8ajxhv4cpj >> Image Returned >> 2020-10-31 20:22:15.535594

f8ajxhv4cpj >> End >> 2020-10-31 20:22:15.747371

dmpajz2vkxg >> Start >> 2020-10-31 20:27:24.355983

dmpajz2vkxg >> Image Returned >> 2020-10-31 20:27:24.361038

dmpajz2vkxg >> End >> 2020-10-31 20:27:24.544014

bxp5ccpqk44 >> Start >> 2020-10-31 20:30:11.536058

bxp5ccpqk44 >> Image Returned >> 2020-10-31 20:30:11.539963

bxp5ccpqk44 >> End >> 2020-10-31 20:30:11.722249

6fnhkipu4kw >> Start >> 2020-10-31 20:30:27.733809

6fnhkipu4kw >> Image Returned >> 2020-10-31 20:30:27.739554

6fnhkipu4kw >> End >> 2020-10-31 20:30:27.927505

uawuqzasova >> Start >> 2020-10-31 20:31:32.803811

uawuqzasova >> Image Returned >> 2020-10-31 20:31:32.807671

uawuqzasova >> End >> 2020-10-31 20:31:32.993699

g5j0zrgn2up >> Start >> 2020-10-31 20:31:44.140652

g5j0zrgn2up >> Image Returned >> 2020-10-31 20:31:44.144222

g5j0zrgn2up >> End >> 2020-10-31 20:31:44.321654

th7ydtti766 >> Start >> 2020-10-31 20:35:03.171513

th7ydtti766 >> Image Returned >> 2020-10-31 20:35:03.175309

th7ydtti766 >> End >> 2020-10-31 20:35:03.351840

2rvb5iok4fq >> Start >> 2020-10-31 20:41:43.228420

2rvb5iok4fq >> Image Returned >> 2020-10-31 20:41:43.232167

2rvb5iok4fq >> End >> 2020-10-31 20:41:43.411623

hcjxu8xekch >> Start >> 2020-10-31 20:48:02.164602

hcjxu8xekch >> Image Returned >> 2020-10-31 20:48:02.168018

hcjxu8xekch >> End >> 2020-10-31 20:48:02.371370

faqmn86fhz2 >> Start >> 2020-10-31 20:53:07.969388

faqmn86fhz2 >> Image Returned >> 2020-10-31 20:53:07.974186

faqmn86fhz2 >> End >> 2020-10-31 20:53:08.163414

a7cc4s4tjht >> Start >> 2020-10-31 20:57:18.234308

a7cc4s4tjht >> Image Returned >> 2020-10-31 20:57:18.239459

a7cc4s4tjht >> End >> 2020-10-31 20:57:18.418550

va8ysimim5q >> Start >> 2020-10-31 21:04:42.971236

va8ysimim5q >> Image Returned >> 2020-10-31 21:04:42.976259

va8ysimim5q >> End >> 2020-10-31 21:04:43.158906

zd64d42c6et >> Start >> 2020-10-31 21:05:22.151926

zd64d42c6et >> Image Returned >> 2020-10-31 21:05:22.155287

zd64d42c6et >> End >> 2020-10-31 21:05:22.336949

uojengdh2ix >> Start >> 2020-10-31 21:08:31.802553

uojengdh2ix >> Image Returned >> 2020-10-31 21:08:31.806498

uojengdh2ix >> End >> 2020-10-31 21:08:31.989252

86b7v05w6yf >> Start >> 2020-10-31 21:09:55.031740

86b7v05w6yf >> Image Returned >> 2020-10-31 21:09:55.035695

86b7v05w6yf >> End >> 2020-10-31 21:09:55.216568

c6c22w3ave6 >> Start >> 2020-10-31 21:11:26.689354

c6c22w3ave6 >> Image Returned >> 2020-10-31 21:11:26.693864

c6c22w3ave6 >> End >> 2020-10-31 21:11:26.875262

ffjpaa73knu >> Start >> 2020-10-31 21:11:58.572182

ffjpaa73knu >> Image Returned >> 2020-10-31 21:11:58.575486

ffjpaa73knu >> End >> 2020-10-31 21:11:58.771675

07gfbkmb6qb >> Start >> 2020-10-31 21:12:00.764199

07gfbkmb6qb >> Image Returned >> 2020-10-31 21:12:00.764509

07gfbkmb6qb >> End >> 2020-10-31 21:12:00.952239

yvpywxdubwp >> Start >> 2020-10-31 21:14:49.283149

yvpywxdubwp >> Image Returned >> 2020-10-31 21:14:49.286585

yvpywxdubwp >> End >> 2020-10-31 21:14:49.480300

gvix55s8kaf >> Start >> 2020-10-31 21:18:07.299968

gvix55s8kaf >> Image Returned >> 2020-10-31 21:18:07.304425

gvix55s8kaf >> End >> 2020-10-31 21:18:07.494755

uu35hmz4cxx >> Start >> 2020-10-31 21:23:26.413353

uu35hmz4cxx >> Image Returned >> 2020-10-31 21:23:26.417536

uu35hmz4cxx >> End >> 2020-10-31 21:23:26.590519

yvaachf088h >> Start >> 2020-10-31 21:28:06.545455

yvaachf088h >> Image Returned >> 2020-10-31 21:28:06.549067

yvaachf088h >> End >> 2020-10-31 21:28:06.748609

r66dbkzvcw3 >> Start >> 2020-10-31 21:28:23.380815

r66dbkzvcw3 >> Image Returned >> 2020-10-31 21:28:23.384185

r66dbkzvcw3 >> End >> 2020-10-31 21:28:23.565902

vs03h5vaz0g >> Start >> 2020-10-31 21:29:25.046960

vs03h5vaz0g >> Image Returned >> 2020-10-31 21:29:25.051096

vs03h5vaz0g >> End >> 2020-10-31 21:29:25.301410

qato83p6ga8 >> Start >> 2020-10-31 21:32:32.165741

qato83p6ga8 >> Image Returned >> 2020-10-31 21:32:32.170063

qato83p6ga8 >> End >> 2020-10-31 21:32:32.362713

62jwxspwchx >> Start >> 2020-10-31 21:38:19.342207

62jwxspwchx >> Image Returned >> 2020-10-31 21:38:19.346390

62jwxspwchx >> End >> 2020-10-31 21:38:19.524199

2xur74r2i7b >> Start >> 2020-10-31 21:40:06.958590

2xur74r2i7b >> Image Returned >> 2020-10-31 21:40:06.962088

2xur74r2i7b >> End >> 2020-10-31 21:40:07.147532

rbur7f4bide >> Start >> 2020-10-31 21:41:59.835948

rbur7f4bide >> Image Returned >> 2020-10-31 21:41:59.839811

rbur7f4bide >> End >> 2020-10-31 21:42:00.025022

2x8dd5tbopq >> Start >> 2020-10-31 21:46:45.212791

2x8dd5tbopq >> Image Returned >> 2020-10-31 21:46:45.216590

2x8dd5tbopq >> End >> 2020-10-31 21:46:45.409991

6mgupcgocu3 >> Start >> 2020-10-31 21:47:07.995266

6mgupcgocu3 >> Image Returned >> 2020-10-31 21:47:07.998579

6mgupcgocu3 >> End >> 2020-10-31 21:47:08.130908

ph2wo3jcjqi >> Start >> 2020-10-31 21:47:34.186779

ph2wo3jcjqi >> Image Returned >> 2020-10-31 21:47:34.191683

ph2wo3jcjqi >> End >> 2020-10-31 21:47:34.328013

ee5ut2mynha >> Start >> 2020-10-31 21:47:50.567013

ee5ut2mynha >> Image Returned >> 2020-10-31 21:47:50.570463

ee5ut2mynha >> End >> 2020-10-31 21:47:50.761398

ic3ehck3bpo >> Start >> 2020-10-31 21:50:30.526258

ic3ehck3bpo >> Image Returned >> 2020-10-31 21:50:30.531270

ic3ehck3bpo >> End >> 2020-10-31 21:50:30.711256

83b6zfguefx >> Start >> 2020-10-31 21:57:06.226219

83b6zfguefx >> Image Returned >> 2020-10-31 21:57:06.230082

83b6zfguefx >> End >> 2020-10-31 21:57:06.417851

brvte8apksj >> Start >> 2020-10-31 21:58:51.007002

brvte8apksj >> Image Returned >> 2020-10-31 21:58:51.010979

brvte8apksj >> End >> 2020-10-31 21:58:51.199904

3zqqkwp864f >> Start >> 2020-10-31 22:00:07.275290

3zqqkwp864f >> Image Returned >> 2020-10-31 22:00:07.279242

3zqqkwp864f >> End >> 2020-10-31 22:00:07.466068

zgfymvr500y >> Start >> 2020-10-31 22:00:29.254950

zgfymvr500y >> Image Returned >> 2020-10-31 22:00:29.258735

zgfymvr500y >> End >> 2020-10-31 22:00:29.438805

vpogrcboth2 >> Start >> 2020-10-31 22:01:23.924125

vpogrcboth2 >> Image Returned >> 2020-10-31 22:01:23.927603

vpogrcboth2 >> End >> 2020-10-31 22:01:24.111668

brwdwu7fq0p >> Start >> 2020-10-31 22:05:25.548588

brwdwu7fq0p >> Image Returned >> 2020-10-31 22:05:25.554158

brwdwu7fq0p >> End >> 2020-10-31 22:05:25.743077

7u7kn3vuuax >> Start >> 2020-10-31 22:05:50.321598

7u7kn3vuuax >> Image Returned >> 2020-10-31 22:05:50.325783

7u7kn3vuuax >> End >> 2020-10-31 22:05:50.510699

tsn7typbn27 >> Start >> 2020-10-31 22:09:00.480922

tsn7typbn27 >> Image Returned >> 2020-10-31 22:09:00.485759

tsn7typbn27 >> End >> 2020-10-31 22:09:00.676702

364fip6ysvq >> Start >> 2020-10-31 22:13:15.362461

364fip6ysvq >> Image Returned >> 2020-10-31 22:13:15.365885

364fip6ysvq >> End >> 2020-10-31 22:13:15.555110

38crqeuhawz >> Start >> 2020-10-31 22:15:41.561239

38crqeuhawz >> Image Returned >> 2020-10-31 22:15:41.566046

38crqeuhawz >> End >> 2020-10-31 22:15:41.754229

crpcmczu4iz >> Start >> 2020-10-31 22:16:40.327450

crpcmczu4iz >> Image Returned >> 2020-10-31 22:16:40.331273

crpcmczu4iz >> End >> 2020-10-31 22:16:40.517807

mtoizfdtd2x >> Start >> 2020-10-31 22:18:27.647538

mtoizfdtd2x >> Image Returned >> 2020-10-31 22:18:27.652208

mtoizfdtd2x >> End >> 2020-10-31 22:18:27.844703

8655aokmxht >> Start >> 2020-10-31 22:18:54.375374

8655aokmxht >> Image Returned >> 2020-10-31 22:18:54.378767

8655aokmxht >> End >> 2020-10-31 22:18:54.554382

5yi4bgd75tb >> Start >> 2020-10-31 22:19:30.655926

5yi4bgd75tb >> Image Returned >> 2020-10-31 22:19:30.659624

5yi4bgd75tb >> End >> 2020-10-31 22:19:30.887944

r3tkp3cadtd >> Start >> 2020-10-31 22:21:05.101537

r3tkp3cadtd >> Image Returned >> 2020-10-31 22:21:05.105700

r3tkp3cadtd >> End >> 2020-10-31 22:21:05.286942

7xikyaz8u0n >> Start >> 2020-10-31 22:21:21.937201

7xikyaz8u0n >> Image Returned >> 2020-10-31 22:21:21.942013

7xikyaz8u0n >> End >> 2020-10-31 22:21:22.128437

ar4aokavwj7 >> Start >> 2020-10-31 22:28:35.187336

ar4aokavwj7 >> Image Returned >> 2020-10-31 22:28:35.192578

ar4aokavwj7 >> End >> 2020-10-31 22:28:35.390228

f422zfhfrnb >> Start >> 2020-10-31 22:30:09.289017

f422zfhfrnb >> Image Returned >> 2020-10-31 22:30:09.292737

f422zfhfrnb >> End >> 2020-10-31 22:30:09.508594

ps6xptrr4oy >> Start >> 2020-10-31 22:35:59.559887

ps6xptrr4oy >> Image Returned >> 2020-10-31 22:35:59.564985

ps6xptrr4oy >> End >> 2020-10-31 22:35:59.756984

gt73rtuygdm >> Start >> 2020-10-31 22:36:25.950176

gt73rtuygdm >> Image Returned >> 2020-10-31 22:36:25.954240

gt73rtuygdm >> End >> 2020-10-31 22:36:26.140786

8icouuxf0aa >> Start >> 2020-10-31 22:37:02.030215

8icouuxf0aa >> Image Returned >> 2020-10-31 22:37:02.033734

8icouuxf0aa >> End >> 2020-10-31 22:37:02.213385

qvo7sgg2rbg >> Start >> 2020-10-31 22:47:49.008594

qvo7sgg2rbg >> Image Returned >> 2020-10-31 22:47:49.012988

qvo7sgg2rbg >> End >> 2020-10-31 22:47:49.206774

8nfjovmssbm >> Start >> 2020-10-31 22:49:09.652903

8nfjovmssbm >> Image Returned >> 2020-10-31 22:49:09.656233

8nfjovmssbm >> End >> 2020-10-31 22:49:09.849452

60q8z5imqos >> Start >> 2020-10-31 22:57:07.643902

60q8z5imqos >> Image Returned >> 2020-10-31 22:57:07.649643

60q8z5imqos >> End >> 2020-10-31 22:57:07.852024

st8smztsbbj >> Start >> 2020-10-31 22:57:38.383783

st8smztsbbj >> Image Returned >> 2020-10-31 22:57:38.387749

st8smztsbbj >> End >> 2020-10-31 22:57:38.586164

ibsv42yoxv0 >> Start >> 2020-10-31 23:02:26.439564

ibsv42yoxv0 >> Image Returned >> 2020-10-31 23:02:26.443725

ibsv42yoxv0 >> End >> 2020-10-31 23:02:26.624547

gktb3sccn2n >> Start >> 2020-10-31 23:21:35.833317

gktb3sccn2n >> Image Returned >> 2020-10-31 23:21:35.838716

gktb3sccn2n >> End >> 2020-10-31 23:21:36.036912

k6wjsjumk4m >> Start >> 2020-10-31 23:24:23.707413

k6wjsjumk4m >> Image Returned >> 2020-10-31 23:24:23.710918

k6wjsjumk4m >> End >> 2020-10-31 23:24:23.906399

4z2v6yxdf2a >> Start >> 2020-10-31 23:40:32.264748

4z2v6yxdf2a >> Image Returned >> 2020-10-31 23:40:32.268697

4z2v6yxdf2a >> End >> 2020-10-31 23:40:32.451602

cjfjhhwcepn >> Start >> 2020-10-31 23:40:59.380317

cjfjhhwcepn >> Image Returned >> 2020-10-31 23:40:59.383816

cjfjhhwcepn >> End >> 2020-10-31 23:40:59.572103

y3y44kseyg2 >> Start >> 2020-10-31 23:52:42.182883

y3y44kseyg2 >> Image Returned >> 2020-10-31 23:52:42.186889

y3y44kseyg2 >> End >> 2020-10-31 23:52:42.374417

w0n8ugdbft7 >> Start >> 2020-10-31 23:52:50.835645

w0n8ugdbft7 >> Image Returned >> 2020-10-31 23:52:50.835947

w0n8ugdbft7 >> End >> 2020-10-31 23:52:51.036926

