mybt2osuvk5 >> Start >> 2020-10-03 00:25:04.074800

mybt2osuvk5 >> Image Returned >> 2020-10-03 00:25:04.079591

mybt2osuvk5 >> End >> 2020-10-03 00:25:04.244436

53zxtsj27nw >> Start >> 2020-10-03 00:28:41.717811

53zxtsj27nw >> Image Returned >> 2020-10-03 00:28:41.722059

53zxtsj27nw >> End >> 2020-10-03 00:28:41.908842

bd20mes2ogk >> Start >> 2020-10-03 00:31:55.928761

bd20mes2ogk >> Image Returned >> 2020-10-03 00:31:55.932167

bd20mes2ogk >> End >> 2020-10-03 00:31:56.102005

f7de67rpvzv >> Start >> 2020-10-03 00:32:10.088829

f7de67rpvzv >> Image Returned >> 2020-10-03 00:32:10.093075

f7de67rpvzv >> End >> 2020-10-03 00:32:10.266293

aafgv0vkrxq >> Start >> 2020-10-03 00:32:14.099459

aafgv0vkrxq >> Image Returned >> 2020-10-03 00:32:14.099750

aafgv0vkrxq >> End >> 2020-10-03 00:32:14.269702

4ynzg7qongf >> Start >> 2020-10-03 00:32:18.639595

4ynzg7qongf >> Image Returned >> 2020-10-03 00:32:18.639913

4ynzg7qongf >> End >> 2020-10-03 00:32:18.822840

6m4mvojij5c >> Start >> 2020-10-03 00:43:05.764643

6m4mvojij5c >> Image Returned >> 2020-10-03 00:43:05.769527

6m4mvojij5c >> End >> 2020-10-03 00:43:05.930583

4kno38hoqph >> Start >> 2020-10-03 00:58:18.361073

4kno38hoqph >> Image Returned >> 2020-10-03 00:58:18.366710

4kno38hoqph >> End >> 2020-10-03 00:58:18.543997

ipxjymn2028 >> Start >> 2020-10-03 01:02:15.495414

ipxjymn2028 >> Image Returned >> 2020-10-03 01:02:15.500725

ipxjymn2028 >> End >> 2020-10-03 01:02:15.667843

b022rdqcamm >> Start >> 2020-10-03 01:10:43.498982

b022rdqcamm >> Image Returned >> 2020-10-03 01:10:43.502721

b022rdqcamm >> End >> 2020-10-03 01:10:43.669226

xdyu7w7s2vb >> Start >> 2020-10-03 01:27:47.399687

xdyu7w7s2vb >> Image Returned >> 2020-10-03 01:27:47.403462

xdyu7w7s2vb >> End >> 2020-10-03 01:27:47.564754

cw3c6bwjhtc >> Start >> 2020-10-03 01:34:39.775783

cw3c6bwjhtc >> Image Returned >> 2020-10-03 01:34:39.779658

cw3c6bwjhtc >> End >> 2020-10-03 01:34:39.950932

vi8am6qjrsn >> Start >> 2020-10-03 02:25:56.349431

vi8am6qjrsn >> Image Returned >> 2020-10-03 02:25:56.352889

vi8am6qjrsn >> End >> 2020-10-03 02:25:56.516674

6i8mzct3cqx >> Start >> 2020-10-03 02:45:19.007472

6i8mzct3cqx >> Image Returned >> 2020-10-03 02:45:19.028821

6i8mzct3cqx >> End >> 2020-10-03 02:45:19.198170

a2ze53dh5dg >> Start >> 2020-10-03 02:52:53.227216

a2ze53dh5dg >> Image Returned >> 2020-10-03 02:52:53.231017

a2ze53dh5dg >> End >> 2020-10-03 02:52:53.421080

tgh8vzy5tz0 >> Start >> 2020-10-03 03:08:55.880283

tgh8vzy5tz0 >> Image Returned >> 2020-10-03 03:08:55.883785

tgh8vzy5tz0 >> End >> 2020-10-03 03:08:56.062798

st585r660qm >> Start >> 2020-10-03 03:14:47.814416

st585r660qm >> Image Returned >> 2020-10-03 03:14:47.818063

st585r660qm >> End >> 2020-10-03 03:14:47.981364

a6g2k25x50w >> Start >> 2020-10-03 03:16:23.379415

a6g2k25x50w >> Image Returned >> 2020-10-03 03:16:23.382791

a6g2k25x50w >> End >> 2020-10-03 03:16:23.549840

zzq2he4yyxf >> Start >> 2020-10-03 04:08:37.029520

zzq2he4yyxf >> Image Returned >> 2020-10-03 04:08:37.033257

zzq2he4yyxf >> End >> 2020-10-03 04:08:37.202960

7xxd64xrz6w >> Start >> 2020-10-03 04:21:14.342767

7xxd64xrz6w >> Image Returned >> 2020-10-03 04:21:14.346745

7xxd64xrz6w >> End >> 2020-10-03 04:21:14.510580

jido4wtx4g5 >> Start >> 2020-10-03 04:23:18.542676

jido4wtx4g5 >> Image Returned >> 2020-10-03 04:23:18.546307

jido4wtx4g5 >> End >> 2020-10-03 04:23:18.726727

fhnw6smwydt >> Start >> 2020-10-03 04:23:51.707530

fhnw6smwydt >> Image Returned >> 2020-10-03 04:23:51.710694

fhnw6smwydt >> End >> 2020-10-03 04:23:51.888492

0nwxrrf8zq0 >> Start >> 2020-10-03 04:25:11.600778

0nwxrrf8zq0 >> Image Returned >> 2020-10-03 04:25:11.604306

0nwxrrf8zq0 >> End >> 2020-10-03 04:25:11.782594

fs68fqfx363 >> Start >> 2020-10-03 04:39:07.736443

fs68fqfx363 >> Image Returned >> 2020-10-03 04:39:07.739715

fs68fqfx363 >> End >> 2020-10-03 04:39:07.930406

ccahq6z6puf >> Start >> 2020-10-03 05:15:04.735771

ccahq6z6puf >> Image Returned >> 2020-10-03 05:15:04.739423

ccahq6z6puf >> End >> 2020-10-03 05:15:04.906960

xw3gd2jdxao >> Start >> 2020-10-03 05:58:32.166625

xw3gd2jdxao >> Image Returned >> 2020-10-03 05:58:32.170959

xw3gd2jdxao >> End >> 2020-10-03 05:58:32.337810

sxgztpwjtio >> Start >> 2020-10-03 06:02:39.379160

sxgztpwjtio >> Image Returned >> 2020-10-03 06:02:39.382649

sxgztpwjtio >> End >> 2020-10-03 06:02:39.551781

bropfpu53zm >> Start >> 2020-10-03 06:03:26.425920

bropfpu53zm >> Image Returned >> 2020-10-03 06:03:26.429264

bropfpu53zm >> End >> 2020-10-03 06:03:26.623066

d3j234cd0g6 >> Start >> 2020-10-03 06:19:38.115130

d3j234cd0g6 >> Image Returned >> 2020-10-03 06:19:38.118684

d3j234cd0g6 >> End >> 2020-10-03 06:19:38.286277

56ozz2gk6hb >> Start >> 2020-10-03 06:33:33.359623

56ozz2gk6hb >> Image Returned >> 2020-10-03 06:33:33.363055

56ozz2gk6hb >> End >> 2020-10-03 06:33:33.523967

wse24or5c32 >> Start >> 2020-10-03 06:51:41.569345

wse24or5c32 >> Image Returned >> 2020-10-03 06:51:41.572741

wse24or5c32 >> End >> 2020-10-03 06:51:41.737416

0bnvd0fvuje >> Start >> 2020-10-03 07:07:00.798454

0bnvd0fvuje >> Image Returned >> 2020-10-03 07:07:00.801862

0bnvd0fvuje >> End >> 2020-10-03 07:07:00.968635

anpueywaj0z >> Start >> 2020-10-03 07:07:04.760773

anpueywaj0z >> Image Returned >> 2020-10-03 07:07:04.761079

anpueywaj0z >> End >> 2020-10-03 07:07:04.930098

tqj6qfiorg6 >> Start >> 2020-10-03 07:20:21.472270

tqj6qfiorg6 >> Image Returned >> 2020-10-03 07:20:21.476197

tqj6qfiorg6 >> End >> 2020-10-03 07:20:21.641603

pa4x2a4uwt3 >> Start >> 2020-10-03 07:21:01.047194

pa4x2a4uwt3 >> Image Returned >> 2020-10-03 07:21:01.050477

pa4x2a4uwt3 >> End >> 2020-10-03 07:21:01.218924

jwkh5c28aiv >> Start >> 2020-10-03 07:21:23.532676

jwkh5c28aiv >> Image Returned >> 2020-10-03 07:21:23.537975

jwkh5c28aiv >> End >> 2020-10-03 07:21:23.695424

jwai2q52xii >> Start >> 2020-10-03 07:25:15.922696

jwai2q52xii >> Image Returned >> 2020-10-03 07:25:15.925981

jwai2q52xii >> End >> 2020-10-03 07:25:16.117782

85mioxui3d7 >> Start >> 2020-10-03 07:27:59.888495

85mioxui3d7 >> Image Returned >> 2020-10-03 07:27:59.891745

85mioxui3d7 >> End >> 2020-10-03 07:28:00.052246

akyvgpw2tbn >> Start >> 2020-10-03 07:33:35.226293

akyvgpw2tbn >> Image Returned >> 2020-10-03 07:33:35.229897

akyvgpw2tbn >> End >> 2020-10-03 07:33:35.398612

7o4qpqtoari >> Start >> 2020-10-03 07:41:46.840794

7o4qpqtoari >> Image Returned >> 2020-10-03 07:41:46.844594

7o4qpqtoari >> End >> 2020-10-03 07:41:47.026840

nyp0cyphs2m >> Start >> 2020-10-03 07:42:03.147790

nyp0cyphs2m >> Image Returned >> 2020-10-03 07:42:03.151093

nyp0cyphs2m >> End >> 2020-10-03 07:42:03.309098

wfe8a3t2fgv >> Start >> 2020-10-03 07:47:37.370727

wfe8a3t2fgv >> Image Returned >> 2020-10-03 07:47:37.374942

wfe8a3t2fgv >> End >> 2020-10-03 07:47:37.536359

5ihfto3e7qs >> Start >> 2020-10-03 07:49:44.355115

5ihfto3e7qs >> Image Returned >> 2020-10-03 07:49:44.358345

5ihfto3e7qs >> End >> 2020-10-03 07:49:44.523387

8zgrztyzadk >> Start >> 2020-10-03 07:51:13.736373

8zgrztyzadk >> Image Returned >> 2020-10-03 07:51:13.739664

8zgrztyzadk >> End >> 2020-10-03 07:51:13.929413

szi8xczcodj >> Start >> 2020-10-03 07:51:18.182799

szi8xczcodj >> Image Returned >> 2020-10-03 07:51:18.183105

szi8xczcodj >> End >> 2020-10-03 07:51:18.354963

2s2r6zgzsso >> Start >> 2020-10-03 07:53:39.458409

2s2r6zgzsso >> Image Returned >> 2020-10-03 07:53:39.462090

2s2r6zgzsso >> End >> 2020-10-03 07:53:39.622210

t6n0rgwznit >> Start >> 2020-10-03 07:55:00.160056

t6n0rgwznit >> Image Returned >> 2020-10-03 07:55:00.164192

t6n0rgwznit >> End >> 2020-10-03 07:55:00.329222

udbymzni82r >> Start >> 2020-10-03 08:04:35.950836

udbymzni82r >> Image Returned >> 2020-10-03 08:04:35.956006

udbymzni82r >> End >> 2020-10-03 08:04:36.081933

66a5uea5dif >> Start >> 2020-10-03 08:05:43.745496

66a5uea5dif >> Image Returned >> 2020-10-03 08:05:43.750679

66a5uea5dif >> End >> 2020-10-03 08:05:43.913507

mitpc2q6pyk >> Start >> 2020-10-03 08:10:23.757970

mitpc2q6pyk >> Image Returned >> 2020-10-03 08:10:23.761781

mitpc2q6pyk >> End >> 2020-10-03 08:10:23.925556

ic6q4soppro >> Start >> 2020-10-03 08:10:53.667115

ic6q4soppro >> Image Returned >> 2020-10-03 08:10:53.674603

ic6q4soppro >> End >> 2020-10-03 08:10:53.841584

6h84psribca >> Start >> 2020-10-03 08:12:24.315346

6h84psribca >> Image Returned >> 2020-10-03 08:12:24.319040

6h84psribca >> End >> 2020-10-03 08:12:24.488425

r85w0f80c7m >> Start >> 2020-10-03 08:12:57.164865

r85w0f80c7m >> Image Returned >> 2020-10-03 08:12:57.168571

r85w0f80c7m >> End >> 2020-10-03 08:12:57.327558

3vusskj3k0n >> Start >> 2020-10-03 08:16:58.337042

3vusskj3k0n >> Image Returned >> 2020-10-03 08:16:58.341006

3vusskj3k0n >> End >> 2020-10-03 08:16:58.503758

ccns4ausrfm >> Start >> 2020-10-03 08:19:46.860676

ccns4ausrfm >> Image Returned >> 2020-10-03 08:19:46.865125

ccns4ausrfm >> End >> 2020-10-03 08:19:47.025202

ykpqzucbgf8 >> Start >> 2020-10-03 08:20:11.440663

ykpqzucbgf8 >> Image Returned >> 2020-10-03 08:20:11.444008

ykpqzucbgf8 >> End >> 2020-10-03 08:20:11.604197

z73tbkebty8 >> Start >> 2020-10-03 08:21:25.908201

z73tbkebty8 >> Image Returned >> 2020-10-03 08:21:25.912090

z73tbkebty8 >> End >> 2020-10-03 08:21:26.075510

bo7fsiupxaj >> Start >> 2020-10-03 08:24:14.905810

bo7fsiupxaj >> Image Returned >> 2020-10-03 08:24:14.909064

bo7fsiupxaj >> End >> 2020-10-03 08:24:15.066755

gwx5egsuer8 >> Start >> 2020-10-03 08:29:23.010622

gwx5egsuer8 >> Image Returned >> 2020-10-03 08:29:23.014549

gwx5egsuer8 >> End >> 2020-10-03 08:29:23.187163

inw4q2wpmx8 >> Start >> 2020-10-03 08:30:56.343549

inw4q2wpmx8 >> Image Returned >> 2020-10-03 08:30:56.347389

inw4q2wpmx8 >> End >> 2020-10-03 08:30:56.539457

kw3m0k7ti83 >> Start >> 2020-10-03 08:31:42.936120

kw3m0k7ti83 >> Image Returned >> 2020-10-03 08:31:42.941807

kw3m0k7ti83 >> End >> 2020-10-03 08:31:43.110585

syvokwua65o >> Start >> 2020-10-03 08:32:11.628242

syvokwua65o >> Image Returned >> 2020-10-03 08:32:11.631515

syvokwua65o >> End >> 2020-10-03 08:32:11.757630

erwwc7rp48w >> Start >> 2020-10-03 08:32:13.183857

erwwc7rp48w >> Image Returned >> 2020-10-03 08:32:13.184161

erwwc7rp48w >> End >> 2020-10-03 08:32:13.314018

qx5de8t2jgi >> Start >> 2020-10-03 08:32:56.133868

qx5de8t2jgi >> Image Returned >> 2020-10-03 08:32:56.137340

qx5de8t2jgi >> End >> 2020-10-03 08:32:56.313381

byjddsdhcm5 >> Start >> 2020-10-03 08:33:36.167090

byjddsdhcm5 >> Image Returned >> 2020-10-03 08:33:36.170420

byjddsdhcm5 >> End >> 2020-10-03 08:33:36.337951

280s4nj6dq6 >> Start >> 2020-10-03 08:33:37.475313

280s4nj6dq6 >> Image Returned >> 2020-10-03 08:33:37.475742

280s4nj6dq6 >> End >> 2020-10-03 08:33:37.689318

m2ud7430cvm >> Start >> 2020-10-03 08:43:22.505820

m2ud7430cvm >> Image Returned >> 2020-10-03 08:43:22.510824

m2ud7430cvm >> End >> 2020-10-03 08:43:22.675071

c585xgpzeun >> Start >> 2020-10-03 08:48:12.008188

c585xgpzeun >> Image Returned >> 2020-10-03 08:48:12.014668

c585xgpzeun >> End >> 2020-10-03 08:48:12.187046

vbxsfty5pd3 >> Start >> 2020-10-03 08:52:20.033510

vbxsfty5pd3 >> Image Returned >> 2020-10-03 08:52:20.037693

vbxsfty5pd3 >> End >> 2020-10-03 08:52:20.198788

hbd2kjiwdzx >> Start >> 2020-10-03 08:52:37.458337

hbd2kjiwdzx >> Image Returned >> 2020-10-03 08:52:37.462091

hbd2kjiwdzx >> End >> 2020-10-03 08:52:37.630748

s8w7rzn4z4t >> Start >> 2020-10-03 09:04:07.728308

s8w7rzn4z4t >> Image Returned >> 2020-10-03 09:04:07.731964

s8w7rzn4z4t >> End >> 2020-10-03 09:04:07.861118

hnbodkzoub2 >> Start >> 2020-10-03 09:06:38.912172

hnbodkzoub2 >> Image Returned >> 2020-10-03 09:06:38.916834

hnbodkzoub2 >> End >> 2020-10-03 09:06:39.080023

wo357ubez24 >> Start >> 2020-10-03 09:07:27.463340

wo357ubez24 >> Image Returned >> 2020-10-03 09:07:27.467180

wo357ubez24 >> End >> 2020-10-03 09:07:27.632961

b207tng2on2 >> Start >> 2020-10-03 09:15:36.507730

b207tng2on2 >> Image Returned >> 2020-10-03 09:15:36.511779

b207tng2on2 >> End >> 2020-10-03 09:15:36.677475

7ep34ko67ae >> Start >> 2020-10-03 09:19:30.039760

7ep34ko67ae >> Image Returned >> 2020-10-03 09:19:30.043673

7ep34ko67ae >> End >> 2020-10-03 09:19:30.236923

pimnk2o6qug >> Start >> 2020-10-03 09:24:40.961741

pimnk2o6qug >> Image Returned >> 2020-10-03 09:24:40.965620

pimnk2o6qug >> End >> 2020-10-03 09:24:41.171768

atigqhcxsad >> Start >> 2020-10-03 09:27:48.259133

atigqhcxsad >> Image Returned >> 2020-10-03 09:27:48.263087

atigqhcxsad >> End >> 2020-10-03 09:27:48.426719

gusdravjpdz >> Start >> 2020-10-03 09:31:26.730998

gusdravjpdz >> Image Returned >> 2020-10-03 09:31:26.735474

gusdravjpdz >> End >> 2020-10-03 09:31:26.904491

8e0a4ahuu6f >> Start >> 2020-10-03 09:32:33.258656

8e0a4ahuu6f >> Image Returned >> 2020-10-03 09:32:33.262594

8e0a4ahuu6f >> End >> 2020-10-03 09:32:33.426487

y8jth2z4hkc >> Start >> 2020-10-03 09:45:47.292886

y8jth2z4hkc >> Image Returned >> 2020-10-03 09:45:47.298090

y8jth2z4hkc >> End >> 2020-10-03 09:45:47.457959

hjybgu2hok3 >> Start >> 2020-10-03 09:56:25.283891

hjybgu2hok3 >> Image Returned >> 2020-10-03 09:56:25.289223

hjybgu2hok3 >> End >> 2020-10-03 09:56:25.449114

dahpubb5xfs >> Start >> 2020-10-03 09:57:32.355421

dahpubb5xfs >> Image Returned >> 2020-10-03 09:57:32.359127

dahpubb5xfs >> End >> 2020-10-03 09:57:32.522660

3t7tm40dvwq >> Start >> 2020-10-03 10:07:58.344213

3t7tm40dvwq >> Image Returned >> 2020-10-03 10:07:58.347778

3t7tm40dvwq >> End >> 2020-10-03 10:07:58.523099

cj8y7cucrcj >> Start >> 2020-10-03 10:10:37.195960

cj8y7cucrcj >> Image Returned >> 2020-10-03 10:10:37.199985

cj8y7cucrcj >> End >> 2020-10-03 10:10:37.361294

7xhezivta5m >> Start >> 2020-10-03 10:17:59.936072

7xhezivta5m >> Image Returned >> 2020-10-03 10:17:59.940912

7xhezivta5m >> End >> 2020-10-03 10:18:00.107284

4dsfydmvjgo >> Start >> 2020-10-03 10:19:48.719803

4dsfydmvjgo >> Image Returned >> 2020-10-03 10:19:48.723613

4dsfydmvjgo >> End >> 2020-10-03 10:19:48.883514

3wpbks8m0xb >> Start >> 2020-10-03 10:22:20.044764

3wpbks8m0xb >> Image Returned >> 2020-10-03 10:22:20.048912

3wpbks8m0xb >> End >> 2020-10-03 10:22:20.174644

ta788ocw6um >> Start >> 2020-10-03 10:22:38.220026

ta788ocw6um >> Image Returned >> 2020-10-03 10:22:38.224420

ta788ocw6um >> End >> 2020-10-03 10:22:38.387588

qvwid3mgki5 >> Start >> 2020-10-03 10:25:32.967972

qvwid3mgki5 >> Image Returned >> 2020-10-03 10:25:32.972845

qvwid3mgki5 >> End >> 2020-10-03 10:25:33.142824

d020ceunqno >> Start >> 2020-10-03 10:39:16.170418

d020ceunqno >> Image Returned >> 2020-10-03 10:39:16.173934

d020ceunqno >> End >> 2020-10-03 10:39:16.347053

m32pc2i740o >> Start >> 2020-10-03 10:39:28.464478

m32pc2i740o >> Image Returned >> 2020-10-03 10:39:28.468168

m32pc2i740o >> End >> 2020-10-03 10:39:28.654604

2f805punksb >> Start >> 2020-10-03 10:48:15.130026

2f805punksb >> Image Returned >> 2020-10-03 10:48:15.135178

2f805punksb >> End >> 2020-10-03 10:48:15.295123

ojaha2o0ppa >> Start >> 2020-10-03 10:51:46.838005

ojaha2o0ppa >> Image Returned >> 2020-10-03 10:51:46.841938

ojaha2o0ppa >> End >> 2020-10-03 10:51:47.007798

670qvt28o8c >> Start >> 2020-10-03 10:53:03.827550

670qvt28o8c >> Image Returned >> 2020-10-03 10:53:03.831481

670qvt28o8c >> End >> 2020-10-03 10:53:03.989954

kbeqy26dz6w >> Start >> 2020-10-03 10:56:06.209466

kbeqy26dz6w >> Image Returned >> 2020-10-03 10:56:06.214983

kbeqy26dz6w >> End >> 2020-10-03 10:56:06.436392

2zdo4hrz38a >> Start >> 2020-10-03 10:59:08.679636

2zdo4hrz38a >> Image Returned >> 2020-10-03 10:59:08.682988

2zdo4hrz38a >> End >> 2020-10-03 10:59:08.859453

k03aug3520y >> Start >> 2020-10-03 10:59:48.721405

k03aug3520y >> Image Returned >> 2020-10-03 10:59:48.725220

k03aug3520y >> End >> 2020-10-03 10:59:48.889054

gfq84f3rhb5 >> Start >> 2020-10-03 11:00:14.755184

gfq84f3rhb5 >> Image Returned >> 2020-10-03 11:00:14.758656

gfq84f3rhb5 >> End >> 2020-10-03 11:00:14.917984

apz77y4npu3 >> Start >> 2020-10-03 11:00:53.534529

apz77y4npu3 >> Image Returned >> 2020-10-03 11:00:53.538379

apz77y4npu3 >> End >> 2020-10-03 11:00:53.698232

du3zjmkykod >> Start >> 2020-10-03 11:03:11.775063

du3zjmkykod >> Image Returned >> 2020-10-03 11:03:11.783670

du3zjmkykod >> End >> 2020-10-03 11:03:11.951952

jpjmg00vn30 >> Start >> 2020-10-03 11:11:44.041738

jpjmg00vn30 >> Image Returned >> 2020-10-03 11:11:44.047422

jpjmg00vn30 >> End >> 2020-10-03 11:11:44.253993

p4jgbptdxkn >> Start >> 2020-10-03 11:11:45.277534

p4jgbptdxkn >> Image Returned >> 2020-10-03 11:11:45.277865

p4jgbptdxkn >> End >> 2020-10-03 11:11:45.441828

akswchbhmv7 >> Start >> 2020-10-03 11:14:36.204960

akswchbhmv7 >> Image Returned >> 2020-10-03 11:14:36.208951

akswchbhmv7 >> End >> 2020-10-03 11:14:36.395184

ofyvuuvwthb >> Start >> 2020-10-03 11:20:35.652987

ofyvuuvwthb >> Image Returned >> 2020-10-03 11:20:35.657202

ofyvuuvwthb >> End >> 2020-10-03 11:20:35.826308

qg5afdkx3rh >> Start >> 2020-10-03 11:26:58.598069

qg5afdkx3rh >> Image Returned >> 2020-10-03 11:26:58.602380

qg5afdkx3rh >> End >> 2020-10-03 11:26:58.768218

7cy8pfwkvhv >> Start >> 2020-10-03 11:27:19.404429

7cy8pfwkvhv >> Image Returned >> 2020-10-03 11:27:19.408088

7cy8pfwkvhv >> End >> 2020-10-03 11:27:19.575181

4nesk7rjc38 >> Start >> 2020-10-03 11:27:53.739917

4nesk7rjc38 >> Image Returned >> 2020-10-03 11:27:53.743700

4nesk7rjc38 >> End >> 2020-10-03 11:27:53.950499

yfp3pu7r7mt >> Start >> 2020-10-03 11:28:31.531418

yfp3pu7r7mt >> Image Returned >> 2020-10-03 11:28:31.535531

yfp3pu7r7mt >> End >> 2020-10-03 11:28:31.663996

ft02mneo366 >> Start >> 2020-10-03 11:30:51.661691

ft02mneo366 >> Image Returned >> 2020-10-03 11:30:51.668018

ft02mneo366 >> End >> 2020-10-03 11:30:51.839375

pbmwffrmobn >> Start >> 2020-10-03 11:32:45.182400

pbmwffrmobn >> Image Returned >> 2020-10-03 11:32:45.187279

pbmwffrmobn >> End >> 2020-10-03 11:32:45.356488

62ix4ee66ig >> Start >> 2020-10-03 11:36:15.585561

62ix4ee66ig >> Image Returned >> 2020-10-03 11:36:15.591574

62ix4ee66ig >> End >> 2020-10-03 11:36:15.754800

sa43oeuagne >> Start >> 2020-10-03 11:57:54.746486

sa43oeuagne >> Image Returned >> 2020-10-03 11:57:54.750286

sa43oeuagne >> End >> 2020-10-03 11:57:54.919120

zzkzezp34b2 >> Start >> 2020-10-03 12:05:09.084397

zzkzezp34b2 >> Image Returned >> 2020-10-03 12:05:09.088279

zzkzezp34b2 >> End >> 2020-10-03 12:05:09.250245

u40gf2o7am3 >> Start >> 2020-10-03 12:12:37.403222

u40gf2o7am3 >> Image Returned >> 2020-10-03 12:12:37.407561

u40gf2o7am3 >> End >> 2020-10-03 12:12:37.571687

6jrtspbj4bu >> Start >> 2020-10-03 12:16:26.921268

6jrtspbj4bu >> Image Returned >> 2020-10-03 12:16:26.925966

6jrtspbj4bu >> End >> 2020-10-03 12:16:27.092434

kqivrvs8swo >> Start >> 2020-10-03 12:21:58.020128

kqivrvs8swo >> Image Returned >> 2020-10-03 12:21:58.023757

kqivrvs8swo >> End >> 2020-10-03 12:21:58.189470

pw0gxbvcidj >> Start >> 2020-10-03 12:25:58.589917

pw0gxbvcidj >> Image Returned >> 2020-10-03 12:25:58.593281

pw0gxbvcidj >> End >> 2020-10-03 12:25:58.759041

rmucszqqw5g >> Start >> 2020-10-03 12:26:16.535546

rmucszqqw5g >> Image Returned >> 2020-10-03 12:26:16.539329

rmucszqqw5g >> End >> 2020-10-03 12:26:16.701322

ssh3nadxk70 >> Start >> 2020-10-03 12:31:47.268106

ssh3nadxk70 >> Image Returned >> 2020-10-03 12:31:47.271584

ssh3nadxk70 >> End >> 2020-10-03 12:31:47.437052

hucpofo4aox >> Start >> 2020-10-03 12:32:43.359628

hucpofo4aox >> Image Returned >> 2020-10-03 12:32:43.363281

hucpofo4aox >> End >> 2020-10-03 12:32:43.520005

kcwyujsrmj2 >> Start >> 2020-10-03 12:46:26.339776

kcwyujsrmj2 >> Image Returned >> 2020-10-03 12:46:26.343417

kcwyujsrmj2 >> End >> 2020-10-03 12:46:26.519253

hfsdeb5cgqo >> Start >> 2020-10-03 12:53:59.019493

hfsdeb5cgqo >> Image Returned >> 2020-10-03 12:53:59.023520

hfsdeb5cgqo >> End >> 2020-10-03 12:53:59.185359

ourgv2bnyf7 >> Start >> 2020-10-03 12:54:54.196660

ourgv2bnyf7 >> Image Returned >> 2020-10-03 12:54:54.200206

ourgv2bnyf7 >> End >> 2020-10-03 12:54:54.414859

t4gx3dcyt7w >> Start >> 2020-10-03 12:56:57.660480

t4gx3dcyt7w >> Image Returned >> 2020-10-03 12:56:57.664701

t4gx3dcyt7w >> End >> 2020-10-03 12:56:57.829427

cw7z8yutk52 >> Start >> 2020-10-03 13:02:05.586546

cw7z8yutk52 >> Image Returned >> 2020-10-03 13:02:05.590238

cw7z8yutk52 >> End >> 2020-10-03 13:02:05.753479

uwb83n3jnzi >> Start >> 2020-10-03 13:03:12.669334

uwb83n3jnzi >> Image Returned >> 2020-10-03 13:03:12.672733

uwb83n3jnzi >> End >> 2020-10-03 13:03:12.840785

4pcxorupxx4 >> Start >> 2020-10-03 13:03:54.437735

4pcxorupxx4 >> Image Returned >> 2020-10-03 13:03:54.441179

4pcxorupxx4 >> End >> 2020-10-03 13:03:54.611198

fbkqebswqp2 >> Start >> 2020-10-03 13:09:03.392349

fbkqebswqp2 >> Image Returned >> 2020-10-03 13:09:03.396255

fbkqebswqp2 >> End >> 2020-10-03 13:09:03.573054

uaork7rosfq >> Start >> 2020-10-03 13:11:21.851187

uaork7rosfq >> Image Returned >> 2020-10-03 13:11:21.855155

uaork7rosfq >> End >> 2020-10-03 13:11:22.015247

6uxsxahz4vn >> Start >> 2020-10-03 13:13:33.662921

6uxsxahz4vn >> Image Returned >> 2020-10-03 13:13:33.667447

6uxsxahz4vn >> End >> 2020-10-03 13:13:33.828974

i5yx052c34e >> Start >> 2020-10-03 13:17:03.323462

i5yx052c34e >> Image Returned >> 2020-10-03 13:17:03.327141

i5yx052c34e >> End >> 2020-10-03 13:17:03.530927

u8axxywezf6 >> Start >> 2020-10-03 13:26:19.300509

u8axxywezf6 >> Image Returned >> 2020-10-03 13:26:19.304303

u8axxywezf6 >> End >> 2020-10-03 13:26:19.471662

hc6cbhymrdf >> Start >> 2020-10-03 13:28:21.921823

hc6cbhymrdf >> Image Returned >> 2020-10-03 13:28:21.925296

hc6cbhymrdf >> End >> 2020-10-03 13:28:22.091413

egkv3hmtfr0 >> Start >> 2020-10-03 13:29:17.296376

egkv3hmtfr0 >> Image Returned >> 2020-10-03 13:29:17.299784

egkv3hmtfr0 >> End >> 2020-10-03 13:29:17.462285

e8g7jcg3b7a >> Start >> 2020-10-03 13:34:29.808676

e8g7jcg3b7a >> Image Returned >> 2020-10-03 13:34:29.812083

e8g7jcg3b7a >> End >> 2020-10-03 13:34:29.972203

htzt72bmx6x >> Start >> 2020-10-03 13:34:30.734148

htzt72bmx6x >> Image Returned >> 2020-10-03 13:34:30.734430

htzt72bmx6x >> End >> 2020-10-03 13:34:30.899509

2qhnkfeorxi >> Start >> 2020-10-03 13:34:53.783782

2qhnkfeorxi >> Image Returned >> 2020-10-03 13:34:53.787455

2qhnkfeorxi >> End >> 2020-10-03 13:34:53.911662

zceus6qgbbh >> Start >> 2020-10-03 13:35:14.986113

zceus6qgbbh >> Image Returned >> 2020-10-03 13:35:14.989505

zceus6qgbbh >> End >> 2020-10-03 13:35:15.151143

0u24327zxwp >> Start >> 2020-10-03 13:39:50.627732

0u24327zxwp >> Image Returned >> 2020-10-03 13:39:50.631577

0u24327zxwp >> End >> 2020-10-03 13:39:50.795506

nss2u5gcfuc >> Start >> 2020-10-03 13:41:46.509845

nss2u5gcfuc >> Image Returned >> 2020-10-03 13:41:46.513536

nss2u5gcfuc >> End >> 2020-10-03 13:41:46.716204

0k48a8orp80 >> Start >> 2020-10-03 13:45:34.449492

0k48a8orp80 >> Image Returned >> 2020-10-03 13:45:34.455341

0k48a8orp80 >> End >> 2020-10-03 13:45:34.666151

3748adxmzzf >> Start >> 2020-10-03 13:45:48.663158

3748adxmzzf >> Image Returned >> 2020-10-03 13:45:48.666517

3748adxmzzf >> End >> 2020-10-03 13:45:48.841232

8qygwsf68si >> Start >> 2020-10-03 13:48:27.286780

8qygwsf68si >> Image Returned >> 2020-10-03 13:48:27.291039

8qygwsf68si >> End >> 2020-10-03 13:48:27.470525

ieg80niq0q3 >> Start >> 2020-10-03 13:48:38.062916

ieg80niq0q3 >> Image Returned >> 2020-10-03 13:48:38.063231

ieg80niq0q3 >> End >> 2020-10-03 13:48:38.234234

3v77646iqxj >> Start >> 2020-10-03 13:54:49.447566

3v77646iqxj >> Image Returned >> 2020-10-03 13:54:49.451772

3v77646iqxj >> End >> 2020-10-03 13:54:49.629128

dcuhkvzbe5c >> Start >> 2020-10-03 13:56:53.645502

dcuhkvzbe5c >> Image Returned >> 2020-10-03 13:56:53.649619

dcuhkvzbe5c >> End >> 2020-10-03 13:56:53.821026

efx33bwo8dd >> Start >> 2020-10-03 13:59:49.055476

efx33bwo8dd >> Image Returned >> 2020-10-03 13:59:49.062973

efx33bwo8dd >> End >> 2020-10-03 13:59:49.232253

eemuttui7k0 >> Start >> 2020-10-03 13:59:58.892956

eemuttui7k0 >> Image Returned >> 2020-10-03 13:59:58.893260

eemuttui7k0 >> End >> 2020-10-03 13:59:59.061836

rdovehvdezy >> Start >> 2020-10-03 14:01:04.470629

rdovehvdezy >> Image Returned >> 2020-10-03 14:01:04.474189

rdovehvdezy >> End >> 2020-10-03 14:01:04.644356

ruoao7di5jz >> Start >> 2020-10-03 14:04:27.495430

ruoao7di5jz >> Image Returned >> 2020-10-03 14:04:27.499336

ruoao7di5jz >> End >> 2020-10-03 14:04:27.659753

2j5a55mxr7s >> Start >> 2020-10-03 14:07:31.991839

2j5a55mxr7s >> Image Returned >> 2020-10-03 14:07:31.995266

2j5a55mxr7s >> End >> 2020-10-03 14:07:32.173468

z6b5cfd43nm >> Start >> 2020-10-03 14:11:48.894407

z6b5cfd43nm >> Image Returned >> 2020-10-03 14:11:48.899266

z6b5cfd43nm >> End >> 2020-10-03 14:11:49.074245

amue7wwxk0e >> Start >> 2020-10-03 14:13:49.792706

amue7wwxk0e >> Image Returned >> 2020-10-03 14:13:49.796576

amue7wwxk0e >> End >> 2020-10-03 14:13:49.973594

juu4gsf6afh >> Start >> 2020-10-03 14:17:30.898387

juu4gsf6afh >> Image Returned >> 2020-10-03 14:17:30.902652

juu4gsf6afh >> End >> 2020-10-03 14:17:31.085695

3m07f7mmkfr >> Start >> 2020-10-03 14:18:24.533442

3m07f7mmkfr >> Image Returned >> 2020-10-03 14:18:24.537064

3m07f7mmkfr >> End >> 2020-10-03 14:18:24.700350

8gmqhvvu3fa >> Start >> 2020-10-03 14:18:37.050945

8gmqhvvu3fa >> Image Returned >> 2020-10-03 14:18:37.054737

8gmqhvvu3fa >> End >> 2020-10-03 14:18:37.213884

360w0kdgk35 >> Start >> 2020-10-03 14:19:23.200313

360w0kdgk35 >> Image Returned >> 2020-10-03 14:19:23.203598

360w0kdgk35 >> End >> 2020-10-03 14:19:23.363735

c7zc4y5sjnu >> Start >> 2020-10-03 14:19:48.455215

c7zc4y5sjnu >> Image Returned >> 2020-10-03 14:19:48.458817

c7zc4y5sjnu >> End >> 2020-10-03 14:19:48.626094

aokdn2cy2c6 >> Start >> 2020-10-03 14:20:07.963527

aokdn2cy2c6 >> Image Returned >> 2020-10-03 14:20:07.966933

aokdn2cy2c6 >> End >> 2020-10-03 14:20:08.089400

4z40d3dxziz >> Start >> 2020-10-03 14:26:38.056996

4z40d3dxziz >> Image Returned >> 2020-10-03 14:26:38.061747

4z40d3dxziz >> End >> 2020-10-03 14:26:38.235165

cxogn2bo07a >> Start >> 2020-10-03 14:30:34.048960

cxogn2bo07a >> Image Returned >> 2020-10-03 14:30:34.052298

cxogn2bo07a >> End >> 2020-10-03 14:30:34.218091

2ondkqdmxzr >> Start >> 2020-10-03 14:32:12.013989

2ondkqdmxzr >> Image Returned >> 2020-10-03 14:32:12.019155

2ondkqdmxzr >> End >> 2020-10-03 14:32:12.194503

opfatdpdmdd >> Start >> 2020-10-03 14:33:26.465392

opfatdpdmdd >> Image Returned >> 2020-10-03 14:33:26.468815

opfatdpdmdd >> End >> 2020-10-03 14:33:26.638484

qo4tn45i55e >> Start >> 2020-10-03 14:35:43.281505

qo4tn45i55e >> Image Returned >> 2020-10-03 14:35:43.285777

qo4tn45i55e >> End >> 2020-10-03 14:35:43.448359

fkxxr3eokpi >> Start >> 2020-10-03 14:46:59.630389

fkxxr3eokpi >> Image Returned >> 2020-10-03 14:46:59.634270

fkxxr3eokpi >> End >> 2020-10-03 14:46:59.802901

3rt7x5buk6j >> Start >> 2020-10-03 14:49:44.546700

3rt7x5buk6j >> Image Returned >> 2020-10-03 14:49:44.550617

3rt7x5buk6j >> End >> 2020-10-03 14:49:44.710774

8us0dxsgdcq >> Start >> 2020-10-03 14:50:34.009335

8us0dxsgdcq >> Image Returned >> 2020-10-03 14:50:34.014264

8us0dxsgdcq >> End >> 2020-10-03 14:50:34.170028

cbz6x86bm34 >> Start >> 2020-10-03 14:51:24.744843

cbz6x86bm34 >> Image Returned >> 2020-10-03 14:51:24.748205

cbz6x86bm34 >> End >> 2020-10-03 14:51:24.915335

wun5f8z73x5 >> Start >> 2020-10-03 14:51:50.523655

wun5f8z73x5 >> Image Returned >> 2020-10-03 14:51:50.527795

wun5f8z73x5 >> End >> 2020-10-03 14:51:50.695801

28mtbvw6ajy >> Start >> 2020-10-03 14:52:24.005938

28mtbvw6ajy >> Image Returned >> 2020-10-03 14:52:24.009419

28mtbvw6ajy >> End >> 2020-10-03 14:52:24.173363

jnzajfz4i5w >> Start >> 2020-10-03 14:53:00.409795

jnzajfz4i5w >> Image Returned >> 2020-10-03 14:53:00.413933

jnzajfz4i5w >> End >> 2020-10-03 14:53:00.586030

2qbyuzu62oy >> Start >> 2020-10-03 14:53:07.816047

2qbyuzu62oy >> Image Returned >> 2020-10-03 14:53:07.816330

2qbyuzu62oy >> End >> 2020-10-03 14:53:07.977291

iisff4tq7ho >> Start >> 2020-10-03 14:57:04.190334

iisff4tq7ho >> Image Returned >> 2020-10-03 14:57:04.194217

iisff4tq7ho >> End >> 2020-10-03 14:57:04.351787

4j6mjz8dzxu >> Start >> 2020-10-03 14:57:42.658023

4j6mjz8dzxu >> Image Returned >> 2020-10-03 14:57:42.661772

4j6mjz8dzxu >> End >> 2020-10-03 14:57:42.824934

zuwb64udr7y >> Start >> 2020-10-03 15:04:05.520198

zuwb64udr7y >> Image Returned >> 2020-10-03 15:04:05.525069

zuwb64udr7y >> End >> 2020-10-03 15:04:05.696954

u0gq4wgu737 >> Start >> 2020-10-03 15:04:23.182292

u0gq4wgu737 >> Image Returned >> 2020-10-03 15:04:23.185692

u0gq4wgu737 >> End >> 2020-10-03 15:04:23.344183

ix84qetukxd >> Start >> 2020-10-03 15:08:07.169720

ix84qetukxd >> Image Returned >> 2020-10-03 15:08:07.174832

ix84qetukxd >> End >> 2020-10-03 15:08:07.336707

rv6hucbm0tt >> Start >> 2020-10-03 15:09:46.830530

rv6hucbm0tt >> Image Returned >> 2020-10-03 15:09:46.834363

rv6hucbm0tt >> End >> 2020-10-03 15:09:46.995753

obghyf7kbiz >> Start >> 2020-10-03 15:20:38.131572

obghyf7kbiz >> Image Returned >> 2020-10-03 15:20:38.135951

obghyf7kbiz >> End >> 2020-10-03 15:20:38.298641

8nfcazfvm0z >> Start >> 2020-10-03 15:25:13.815243

8nfcazfvm0z >> Image Returned >> 2020-10-03 15:25:13.818933

8nfcazfvm0z >> End >> 2020-10-03 15:25:13.990535

vb840v78ovp >> Start >> 2020-10-03 15:27:12.564086

vb840v78ovp >> Image Returned >> 2020-10-03 15:27:12.567670

vb840v78ovp >> End >> 2020-10-03 15:27:12.742264

ub53dzyo06s >> Start >> 2020-10-03 15:34:15.651164

ub53dzyo06s >> Image Returned >> 2020-10-03 15:34:15.654685

ub53dzyo06s >> End >> 2020-10-03 15:34:15.833093

4xkackcgu7f >> Start >> 2020-10-03 15:35:11.167109

4xkackcgu7f >> Image Returned >> 2020-10-03 15:35:11.170443

4xkackcgu7f >> End >> 2020-10-03 15:35:11.333396

khrjcndd4dw >> Start >> 2020-10-03 15:37:23.069185

khrjcndd4dw >> Image Returned >> 2020-10-03 15:37:23.073705

khrjcndd4dw >> End >> 2020-10-03 15:37:23.241187

ysyxttpkyg5 >> Start >> 2020-10-03 15:41:46.931576

ysyxttpkyg5 >> Image Returned >> 2020-10-03 15:41:46.935456

ysyxttpkyg5 >> End >> 2020-10-03 15:41:47.105900

pediur5or75 >> Start >> 2020-10-03 15:47:29.179941

pediur5or75 >> Image Returned >> 2020-10-03 15:47:29.183734

pediur5or75 >> End >> 2020-10-03 15:47:29.343388

55g236b2bxj >> Start >> 2020-10-03 15:50:48.084536

55g236b2bxj >> Image Returned >> 2020-10-03 15:50:48.088949

55g236b2bxj >> End >> 2020-10-03 15:50:48.262465

3msosucxcur >> Start >> 2020-10-03 15:51:02.018323

3msosucxcur >> Image Returned >> 2020-10-03 15:51:02.021925

3msosucxcur >> End >> 2020-10-03 15:51:02.197432

aq8ctkc7aey >> Start >> 2020-10-03 15:51:07.741787

aq8ctkc7aey >> Image Returned >> 2020-10-03 15:51:07.742135

aq8ctkc7aey >> End >> 2020-10-03 15:51:07.927496

0sczsc52w74 >> Start >> 2020-10-03 15:52:24.762938

0sczsc52w74 >> Image Returned >> 2020-10-03 15:52:24.766311

0sczsc52w74 >> End >> 2020-10-03 15:52:24.939675

pafv55n57a7 >> Start >> 2020-10-03 15:55:30.041299

pafv55n57a7 >> Image Returned >> 2020-10-03 15:55:30.044653

pafv55n57a7 >> End >> 2020-10-03 15:55:30.207247

d27tdpi55h5 >> Start >> 2020-10-03 15:55:42.192733

d27tdpi55h5 >> Image Returned >> 2020-10-03 15:55:42.196664

d27tdpi55h5 >> End >> 2020-10-03 15:55:42.357777

ddbtukb80a8 >> Start >> 2020-10-03 16:01:28.681489

ddbtukb80a8 >> Image Returned >> 2020-10-03 16:01:28.684771

ddbtukb80a8 >> End >> 2020-10-03 16:01:28.843223

gzw4yhvh2mv >> Start >> 2020-10-03 16:02:13.432975

gzw4yhvh2mv >> Image Returned >> 2020-10-03 16:02:13.436736

gzw4yhvh2mv >> End >> 2020-10-03 16:02:18.601967

k5e7h2omac3 >> Start >> 2020-10-03 16:10:28.500819

k5e7h2omac3 >> Image Returned >> 2020-10-03 16:10:28.504129

k5e7h2omac3 >> End >> 2020-10-03 16:10:28.661525

s3nc5i3gq34 >> Start >> 2020-10-03 16:13:45.586858

s3nc5i3gq34 >> Image Returned >> 2020-10-03 16:13:45.590403

s3nc5i3gq34 >> End >> 2020-10-03 16:13:45.752686

0gf676n4ypr >> Start >> 2020-10-03 16:14:08.867999

0gf676n4ypr >> Image Returned >> 2020-10-03 16:14:08.871426

0gf676n4ypr >> End >> 2020-10-03 16:14:09.031002

o5utphhrd0s >> Start >> 2020-10-03 16:17:33.160202

o5utphhrd0s >> Image Returned >> 2020-10-03 16:17:33.164258

o5utphhrd0s >> End >> 2020-10-03 16:17:33.326270

zjg3w3ggtrf >> Start >> 2020-10-03 16:17:56.156296

zjg3w3ggtrf >> Image Returned >> 2020-10-03 16:17:56.159980

zjg3w3ggtrf >> End >> 2020-10-03 16:17:56.359127

okepa6tkkep >> Start >> 2020-10-03 16:18:08.122390

okepa6tkkep >> Image Returned >> 2020-10-03 16:18:08.125771

okepa6tkkep >> End >> 2020-10-03 16:18:08.290924

0m7bhbknn2b >> Start >> 2020-10-03 16:18:56.123044

0m7bhbknn2b >> Image Returned >> 2020-10-03 16:18:56.126735

0m7bhbknn2b >> End >> 2020-10-03 16:18:56.284149

7p3egxsqnsc >> Start >> 2020-10-03 16:26:32.656287

7p3egxsqnsc >> Image Returned >> 2020-10-03 16:26:32.660646

7p3egxsqnsc >> End >> 2020-10-03 16:26:32.820034

45ibrehacq6 >> Start >> 2020-10-03 16:26:37.310065

45ibrehacq6 >> Image Returned >> 2020-10-03 16:26:37.310384

45ibrehacq6 >> End >> 2020-10-03 16:26:37.493206

6aiigocr8bb >> Start >> 2020-10-03 16:26:44.019150

6aiigocr8bb >> Image Returned >> 2020-10-03 16:26:44.019454

6aiigocr8bb >> End >> 2020-10-03 16:26:44.195310

i5iu7u3mjho >> Start >> 2020-10-03 16:26:50.058921

i5iu7u3mjho >> Image Returned >> 2020-10-03 16:26:50.059200

i5iu7u3mjho >> End >> 2020-10-03 16:26:50.234553

oypp0qq0nxi >> Start >> 2020-10-03 16:26:51.980644

oypp0qq0nxi >> Image Returned >> 2020-10-03 16:26:51.980945

oypp0qq0nxi >> End >> 2020-10-03 16:26:52.158499

vachbcsq03f >> Start >> 2020-10-03 16:27:13.377567

vachbcsq03f >> Image Returned >> 2020-10-03 16:27:13.381510

vachbcsq03f >> End >> 2020-10-03 16:27:13.563961

b0jp8jfsnic >> Start >> 2020-10-03 16:28:19.774250

b0jp8jfsnic >> Image Returned >> 2020-10-03 16:28:19.777648

b0jp8jfsnic >> End >> 2020-10-03 16:28:19.939160

yu34abkjg0i >> Start >> 2020-10-03 16:28:44.004009

yu34abkjg0i >> Image Returned >> 2020-10-03 16:28:44.007916

yu34abkjg0i >> End >> 2020-10-03 16:28:44.167051

xe63jchixfu >> Start >> 2020-10-03 16:32:01.535080

xe63jchixfu >> Image Returned >> 2020-10-03 16:32:01.538671

xe63jchixfu >> End >> 2020-10-03 16:32:01.706835

fnjus5xya6h >> Start >> 2020-10-03 16:34:53.749357

fnjus5xya6h >> Image Returned >> 2020-10-03 16:34:53.753103

fnjus5xya6h >> End >> 2020-10-03 16:34:53.914083

7kikqprhwo7 >> Start >> 2020-10-03 16:35:21.824795

7kikqprhwo7 >> Image Returned >> 2020-10-03 16:35:21.828149

7kikqprhwo7 >> End >> 2020-10-03 16:35:22.017671

judd5pv2iqd >> Start >> 2020-10-03 16:37:29.905669

judd5pv2iqd >> Image Returned >> 2020-10-03 16:37:29.909070

judd5pv2iqd >> End >> 2020-10-03 16:37:30.069461

uvegkk6zmwf >> Start >> 2020-10-03 16:39:32.313040

uvegkk6zmwf >> Image Returned >> 2020-10-03 16:39:32.316435

uvegkk6zmwf >> End >> 2020-10-03 16:39:32.477741

dsxgw82vumv >> Start >> 2020-10-03 16:48:46.171895

dsxgw82vumv >> Image Returned >> 2020-10-03 16:48:46.176754

dsxgw82vumv >> End >> 2020-10-03 16:48:46.361118

m6dtd8z7prm >> Start >> 2020-10-03 16:55:48.560209

m6dtd8z7prm >> Image Returned >> 2020-10-03 16:55:48.565334

m6dtd8z7prm >> End >> 2020-10-03 16:55:48.736592

2t3tvtgmwmz >> Start >> 2020-10-03 16:56:55.550221

2t3tvtgmwmz >> Image Returned >> 2020-10-03 16:56:55.554132

2t3tvtgmwmz >> End >> 2020-10-03 16:56:55.731431

sayvg6ap5py >> Start >> 2020-10-03 17:11:34.527610

sayvg6ap5py >> Image Returned >> 2020-10-03 17:11:34.531136

sayvg6ap5py >> End >> 2020-10-03 17:11:34.715255

yubf0u83u7z >> Start >> 2020-10-03 17:24:17.083611

yubf0u83u7z >> Image Returned >> 2020-10-03 17:24:17.087308

yubf0u83u7z >> End >> 2020-10-03 17:24:17.284562

8xcd6ngixzy >> Start >> 2020-10-03 17:26:42.115191

8xcd6ngixzy >> Image Returned >> 2020-10-03 17:26:42.119863

8xcd6ngixzy >> End >> 2020-10-03 17:26:42.285892

y74qq8x4jj8 >> Start >> 2020-10-03 17:28:12.231973

y74qq8x4jj8 >> Image Returned >> 2020-10-03 17:28:12.235424

y74qq8x4jj8 >> End >> 2020-10-03 17:28:12.393558

6nq7cvdfzo6 >> Start >> 2020-10-03 17:28:15.396619

6nq7cvdfzo6 >> Image Returned >> 2020-10-03 17:28:15.396927

6nq7cvdfzo6 >> End >> 2020-10-03 17:28:15.591922

5a87wokwf5i >> Start >> 2020-10-03 17:30:13.666330

5a87wokwf5i >> Image Returned >> 2020-10-03 17:30:13.670454

5a87wokwf5i >> End >> 2020-10-03 17:30:13.832220

q58p20b8vae >> Start >> 2020-10-03 17:43:01.421819

q58p20b8vae >> Image Returned >> 2020-10-03 17:43:01.425904

q58p20b8vae >> End >> 2020-10-03 17:43:01.618098

enqtq0jw0f4 >> Start >> 2020-10-03 17:44:08.290028

enqtq0jw0f4 >> Image Returned >> 2020-10-03 17:44:08.293596

enqtq0jw0f4 >> End >> 2020-10-03 17:44:08.456918

mu3ckchk6nh >> Start >> 2020-10-03 17:44:51.762547

mu3ckchk6nh >> Image Returned >> 2020-10-03 17:44:51.766915

mu3ckchk6nh >> End >> 2020-10-03 17:44:51.932642

et66p7d784g >> Start >> 2020-10-03 17:45:08.014271

et66p7d784g >> Image Returned >> 2020-10-03 17:45:08.019494

et66p7d784g >> End >> 2020-10-03 17:45:08.189688

ghj67zgq0et >> Start >> 2020-10-03 17:46:51.625389

ghj67zgq0et >> Image Returned >> 2020-10-03 17:46:51.629498

ghj67zgq0et >> End >> 2020-10-03 17:46:51.791760

bqm5kz3k4ht >> Start >> 2020-10-03 17:47:20.812869

bqm5kz3k4ht >> Image Returned >> 2020-10-03 17:47:20.816339

bqm5kz3k4ht >> End >> 2020-10-03 17:47:20.983742

64ewgr258jv >> Start >> 2020-10-03 17:49:08.132987

64ewgr258jv >> Image Returned >> 2020-10-03 17:49:08.136820

64ewgr258jv >> End >> 2020-10-03 17:49:08.298228

kzpfjebjpuc >> Start >> 2020-10-03 17:50:13.561661

kzpfjebjpuc >> Image Returned >> 2020-10-03 17:50:13.566024

kzpfjebjpuc >> End >> 2020-10-03 17:50:13.733158

yry0uwue5y7 >> Start >> 2020-10-03 17:53:46.079962

yry0uwue5y7 >> Image Returned >> 2020-10-03 17:53:46.083933

yry0uwue5y7 >> End >> 2020-10-03 17:53:46.247793

krzho07rnpb >> Start >> 2020-10-03 18:00:29.038018

krzho07rnpb >> Image Returned >> 2020-10-03 18:00:29.041994

krzho07rnpb >> End >> 2020-10-03 18:00:29.211755

jyjfxc8aonm >> Start >> 2020-10-03 18:09:49.756191

jyjfxc8aonm >> Image Returned >> 2020-10-03 18:09:49.760072

jyjfxc8aonm >> End >> 2020-10-03 18:09:49.924504

p2vg0koybt7 >> Start >> 2020-10-03 18:10:42.219841

p2vg0koybt7 >> Image Returned >> 2020-10-03 18:10:42.224082

p2vg0koybt7 >> End >> 2020-10-03 18:10:42.385623

3s80fvnierp >> Start >> 2020-10-03 18:13:08.637855

3s80fvnierp >> Image Returned >> 2020-10-03 18:13:08.641437

3s80fvnierp >> End >> 2020-10-03 18:13:08.809184

57w72h03zaa >> Start >> 2020-10-03 18:15:23.695837

57w72h03zaa >> Image Returned >> 2020-10-03 18:15:23.699822

57w72h03zaa >> End >> 2020-10-03 18:15:23.890162

muadcvx8bib >> Start >> 2020-10-03 18:18:45.541707

muadcvx8bib >> Image Returned >> 2020-10-03 18:18:45.546840

muadcvx8bib >> End >> 2020-10-03 18:18:45.720273

b6i4x47o28m >> Start >> 2020-10-03 18:22:59.119240

b6i4x47o28m >> Image Returned >> 2020-10-03 18:22:59.123243

b6i4x47o28m >> End >> 2020-10-03 18:22:59.291497

yd3ttofe2mt >> Start >> 2020-10-03 18:24:09.248919

yd3ttofe2mt >> Image Returned >> 2020-10-03 18:24:09.253969

yd3ttofe2mt >> End >> 2020-10-03 18:24:09.417112

fc7socj62p5 >> Start >> 2020-10-03 18:27:12.221093

fc7socj62p5 >> Image Returned >> 2020-10-03 18:27:12.224790

fc7socj62p5 >> End >> 2020-10-03 18:27:12.386643

xjsrfesfd6t >> Start >> 2020-10-03 18:28:44.518332

xjsrfesfd6t >> Image Returned >> 2020-10-03 18:28:44.522280

xjsrfesfd6t >> End >> 2020-10-03 18:28:44.699712

v6rv54rsd5e >> Start >> 2020-10-03 18:34:05.000808

v6rv54rsd5e >> Image Returned >> 2020-10-03 18:34:05.004569

v6rv54rsd5e >> End >> 2020-10-03 18:34:05.200458

m3g47sgij6w >> Start >> 2020-10-03 18:34:22.011419

m3g47sgij6w >> Image Returned >> 2020-10-03 18:34:22.014833

m3g47sgij6w >> End >> 2020-10-03 18:34:22.178978

kr25jqwim3u >> Start >> 2020-10-03 18:37:33.541898

kr25jqwim3u >> Image Returned >> 2020-10-03 18:37:33.547254

kr25jqwim3u >> End >> 2020-10-03 18:37:33.750297

0ky3o6xrp7n >> Start >> 2020-10-03 18:38:12.233485

0ky3o6xrp7n >> Image Returned >> 2020-10-03 18:38:12.237451

0ky3o6xrp7n >> End >> 2020-10-03 18:38:12.400121

3sg2yb6td7z >> Start >> 2020-10-03 18:47:08.637442

3sg2yb6td7z >> Image Returned >> 2020-10-03 18:47:08.641441

3sg2yb6td7z >> End >> 2020-10-03 18:47:08.808969

34xxuhm8m2d >> Start >> 2020-10-03 18:49:51.530241

34xxuhm8m2d >> Image Returned >> 2020-10-03 18:49:51.534322

34xxuhm8m2d >> End >> 2020-10-03 18:49:51.698273

b5nr4kbbc6e >> Start >> 2020-10-03 18:50:07.115631

b5nr4kbbc6e >> Image Returned >> 2020-10-03 18:50:07.119296

b5nr4kbbc6e >> End >> 2020-10-03 18:50:07.284784

mdefi0hkkab >> Start >> 2020-10-03 18:52:59.566090

mdefi0hkkab >> Image Returned >> 2020-10-03 18:52:59.571037

mdefi0hkkab >> End >> 2020-10-03 18:52:59.739275

3bw0b3853me >> Start >> 2020-10-03 18:54:25.029860

3bw0b3853me >> Image Returned >> 2020-10-03 18:54:25.033405

3bw0b3853me >> End >> 2020-10-03 18:54:25.199717

xovqvwz8ynn >> Start >> 2020-10-03 19:02:14.318742

xovqvwz8ynn >> Image Returned >> 2020-10-03 19:02:14.322262

xovqvwz8ynn >> End >> 2020-10-03 19:02:14.495419

sm4pr2vhude >> Start >> 2020-10-03 19:02:55.491328

sm4pr2vhude >> Image Returned >> 2020-10-03 19:02:55.495835

sm4pr2vhude >> End >> 2020-10-03 19:02:55.694621

zdnwn5j2x4v >> Start >> 2020-10-03 19:08:30.087560

zdnwn5j2x4v >> Image Returned >> 2020-10-03 19:08:30.091099

zdnwn5j2x4v >> End >> 2020-10-03 19:08:30.250303

k6apna87w55 >> Start >> 2020-10-03 19:13:17.244755

k6apna87w55 >> Image Returned >> 2020-10-03 19:13:17.248311

k6apna87w55 >> End >> 2020-10-03 19:13:17.412389

yqkr4o553ks >> Start >> 2020-10-03 19:13:29.156011

yqkr4o553ks >> Image Returned >> 2020-10-03 19:13:29.159522

yqkr4o553ks >> End >> 2020-10-03 19:13:29.330991

s7ogm0npdtj >> Start >> 2020-10-03 19:20:52.541289

s7ogm0npdtj >> Image Returned >> 2020-10-03 19:20:52.545521

s7ogm0npdtj >> End >> 2020-10-03 19:20:52.726006

aenktedfr7m >> Start >> 2020-10-03 19:21:09.832173

aenktedfr7m >> Image Returned >> 2020-10-03 19:21:09.835617

aenktedfr7m >> End >> 2020-10-03 19:21:09.995506

5kv8odykej5 >> Start >> 2020-10-03 19:25:30.378536

5kv8odykej5 >> Image Returned >> 2020-10-03 19:25:30.382221

5kv8odykej5 >> End >> 2020-10-03 19:25:30.544779

atqdgtvhgmf >> Start >> 2020-10-03 19:28:05.001265

atqdgtvhgmf >> Image Returned >> 2020-10-03 19:28:05.004775

atqdgtvhgmf >> End >> 2020-10-03 19:28:05.201287

5ijukaj8nyk >> Start >> 2020-10-03 19:28:09.008044

5ijukaj8nyk >> Image Returned >> 2020-10-03 19:28:09.008325

5ijukaj8nyk >> End >> 2020-10-03 19:28:09.175163

3cxqi004r5h >> Start >> 2020-10-03 19:28:59.926651

3cxqi004r5h >> Image Returned >> 2020-10-03 19:28:59.930530

3cxqi004r5h >> End >> 2020-10-03 19:29:00.099781

85k5htrb2z7 >> Start >> 2020-10-03 19:34:10.156043

85k5htrb2z7 >> Image Returned >> 2020-10-03 19:34:10.160326

85k5htrb2z7 >> End >> 2020-10-03 19:34:10.322062

xuqge2dggxt >> Start >> 2020-10-03 19:34:12.031394

xuqge2dggxt >> Image Returned >> 2020-10-03 19:34:12.031682

xuqge2dggxt >> End >> 2020-10-03 19:34:12.217659

3n3mm0e77mh >> Start >> 2020-10-03 19:34:18.508972

3n3mm0e77mh >> Image Returned >> 2020-10-03 19:34:18.509268

3n3mm0e77mh >> End >> 2020-10-03 19:34:18.669019

f7rtopnpksx >> Start >> 2020-10-03 19:35:20.227765

f7rtopnpksx >> Image Returned >> 2020-10-03 19:35:20.231782

f7rtopnpksx >> End >> 2020-10-03 19:35:20.395817

np4vybgt3vq >> Start >> 2020-10-03 19:36:20.116493

np4vybgt3vq >> Image Returned >> 2020-10-03 19:36:20.120404

np4vybgt3vq >> End >> 2020-10-03 19:36:20.283116

u6hpavm3pw5 >> Start >> 2020-10-03 19:37:04.362478

u6hpavm3pw5 >> Image Returned >> 2020-10-03 19:37:04.366317

u6hpavm3pw5 >> End >> 2020-10-03 19:37:04.545012

ozvjce5gaj6 >> Start >> 2020-10-03 19:39:11.245995

ozvjce5gaj6 >> Image Returned >> 2020-10-03 19:39:11.249641

ozvjce5gaj6 >> End >> 2020-10-03 19:39:11.416049

0jjvrqp4djk >> Start >> 2020-10-03 19:42:32.410959

0jjvrqp4djk >> Image Returned >> 2020-10-03 19:42:32.415035

0jjvrqp4djk >> End >> 2020-10-03 19:42:32.579839

8dq368xrydd >> Start >> 2020-10-03 19:42:39.799698

8dq368xrydd >> Image Returned >> 2020-10-03 19:42:39.800003

8dq368xrydd >> End >> 2020-10-03 19:42:39.959070

c5kiijeyu7m >> Start >> 2020-10-03 19:44:33.500572

c5kiijeyu7m >> Image Returned >> 2020-10-03 19:44:33.503998

c5kiijeyu7m >> End >> 2020-10-03 19:44:33.695003

2jz4eht0zts >> Start >> 2020-10-03 19:47:02.686146

2jz4eht0zts >> Image Returned >> 2020-10-03 19:47:02.690336

2jz4eht0zts >> End >> 2020-10-03 19:47:02.873645

g0383yc6sqd >> Start >> 2020-10-03 20:01:05.258475

g0383yc6sqd >> Image Returned >> 2020-10-03 20:01:05.261951

g0383yc6sqd >> End >> 2020-10-03 20:01:05.436920

5y2kfbd7j6t >> Start >> 2020-10-03 20:01:56.828972

5y2kfbd7j6t >> Image Returned >> 2020-10-03 20:01:56.832609

5y2kfbd7j6t >> End >> 2020-10-03 20:01:57.000453

n4a8hhd0ius >> Start >> 2020-10-03 20:02:45.908247

n4a8hhd0ius >> Image Returned >> 2020-10-03 20:02:45.912480

n4a8hhd0ius >> End >> 2020-10-03 20:02:46.077857

0w7nbdn7qyz >> Start >> 2020-10-03 20:06:30.850946

0w7nbdn7qyz >> Image Returned >> 2020-10-03 20:06:30.855016

0w7nbdn7qyz >> End >> 2020-10-03 20:06:31.019520

42w3raofdc0 >> Start >> 2020-10-03 20:10:47.034826

42w3raofdc0 >> Image Returned >> 2020-10-03 20:10:47.039062

42w3raofdc0 >> End >> 2020-10-03 20:10:47.241556

d4t5vkonsfp >> Start >> 2020-10-03 20:13:15.239455

d4t5vkonsfp >> Image Returned >> 2020-10-03 20:13:15.243155

d4t5vkonsfp >> End >> 2020-10-03 20:13:15.431739

w8urobkdzv3 >> Start >> 2020-10-03 20:13:32.029939

w8urobkdzv3 >> Image Returned >> 2020-10-03 20:13:32.033374

w8urobkdzv3 >> End >> 2020-10-03 20:13:32.200671

sm4eeu4izj4 >> Start >> 2020-10-03 20:13:41.728565

sm4eeu4izj4 >> Image Returned >> 2020-10-03 20:13:41.729026

sm4eeu4izj4 >> End >> 2020-10-03 20:13:41.890085

q8bw8jhngxx >> Start >> 2020-10-03 20:16:19.998992

q8bw8jhngxx >> Image Returned >> 2020-10-03 20:16:20.002497

q8bw8jhngxx >> End >> 2020-10-03 20:16:20.164690

rxecen56vg0 >> Start >> 2020-10-03 20:18:04.189600

rxecen56vg0 >> Image Returned >> 2020-10-03 20:18:04.195445

rxecen56vg0 >> End >> 2020-10-03 20:18:04.361007

c8g4vzqfetb >> Start >> 2020-10-03 20:22:29.489042

c8g4vzqfetb >> Image Returned >> 2020-10-03 20:22:29.492695

c8g4vzqfetb >> End >> 2020-10-03 20:22:29.650418

ntigjumdg8t >> Start >> 2020-10-03 20:22:31.841531

ntigjumdg8t >> Image Returned >> 2020-10-03 20:22:31.841959

ntigjumdg8t >> End >> 2020-10-03 20:22:32.036787

8cqzs8tm33p >> Start >> 2020-10-03 20:23:52.798192

8cqzs8tm33p >> Image Returned >> 2020-10-03 20:23:52.802457

8cqzs8tm33p >> End >> 2020-10-03 20:23:52.961180

wsjucxx6jom >> Start >> 2020-10-03 20:24:53.486541

wsjucxx6jom >> Image Returned >> 2020-10-03 20:24:53.490689

wsjucxx6jom >> End >> 2020-10-03 20:24:53.666285

43btgnwv4qf >> Start >> 2020-10-03 20:26:26.103533

43btgnwv4qf >> Image Returned >> 2020-10-03 20:26:26.107037

43btgnwv4qf >> End >> 2020-10-03 20:26:26.273432

b3nwg4ifb5e >> Start >> 2020-10-03 20:27:01.502115

b3nwg4ifb5e >> Image Returned >> 2020-10-03 20:27:01.505562

b3nwg4ifb5e >> End >> 2020-10-03 20:27:01.669981

xjcjnc4tbew >> Start >> 2020-10-03 20:28:07.980082

xjcjnc4tbew >> Image Returned >> 2020-10-03 20:28:07.983537

xjcjnc4tbew >> End >> 2020-10-03 20:28:08.149102

ug65va705rp >> Start >> 2020-10-03 20:42:09.549442

ug65va705rp >> Image Returned >> 2020-10-03 20:42:09.554399

ug65va705rp >> End >> 2020-10-03 20:42:09.717720

ucwnmyhxan7 >> Start >> 2020-10-03 20:46:11.759943

ucwnmyhxan7 >> Image Returned >> 2020-10-03 20:46:11.763454

ucwnmyhxan7 >> End >> 2020-10-03 20:46:11.885461

43dzigvjo6t >> Start >> 2020-10-03 20:47:18.416726

43dzigvjo6t >> Image Returned >> 2020-10-03 20:47:18.420164

43dzigvjo6t >> End >> 2020-10-03 20:47:18.578887

vouk0uo3akj >> Start >> 2020-10-03 20:51:15.884172

vouk0uo3akj >> Image Returned >> 2020-10-03 20:51:15.887703

vouk0uo3akj >> End >> 2020-10-03 20:51:16.057729

38adbxiht24 >> Start >> 2020-10-03 20:51:41.459258

38adbxiht24 >> Image Returned >> 2020-10-03 20:51:41.462809

38adbxiht24 >> End >> 2020-10-03 20:51:41.640712

ykijzns43ef >> Start >> 2020-10-03 20:51:49.372407

ykijzns43ef >> Image Returned >> 2020-10-03 20:51:49.372706

ykijzns43ef >> End >> 2020-10-03 20:51:49.537758

ecwyzfut3dw >> Start >> 2020-10-03 20:52:59.244775

ecwyzfut3dw >> Image Returned >> 2020-10-03 20:52:59.249475

ecwyzfut3dw >> End >> 2020-10-03 20:52:59.409701

wa073tx253j >> Start >> 2020-10-03 20:56:57.091042

wa073tx253j >> Image Returned >> 2020-10-03 20:56:57.094609

wa073tx253j >> End >> 2020-10-03 20:56:57.258009

wtswn42p2er >> Start >> 2020-10-03 21:02:18.704242

wtswn42p2er >> Image Returned >> 2020-10-03 21:02:18.707803

wtswn42p2er >> End >> 2020-10-03 21:02:18.876302

qrmdtyhtxf6 >> Start >> 2020-10-03 21:06:30.170578

qrmdtyhtxf6 >> Image Returned >> 2020-10-03 21:06:30.174935

qrmdtyhtxf6 >> End >> 2020-10-03 21:06:30.373867

ug6rcnhuhik >> Start >> 2020-10-03 21:07:29.763546

ug6rcnhuhik >> Image Returned >> 2020-10-03 21:07:29.767862

ug6rcnhuhik >> End >> 2020-10-03 21:07:29.937932

ms2pugg3f0y >> Start >> 2020-10-03 21:07:33.246673

ms2pugg3f0y >> Image Returned >> 2020-10-03 21:07:33.246973

ms2pugg3f0y >> End >> 2020-10-03 21:07:33.413470

mt0007wu8wv >> Start >> 2020-10-03 21:09:26.874208

mt0007wu8wv >> Image Returned >> 2020-10-03 21:09:26.877846

mt0007wu8wv >> End >> 2020-10-03 21:09:27.040699

5cpofp6gsyg >> Start >> 2020-10-03 21:10:36.034404

5cpofp6gsyg >> Image Returned >> 2020-10-03 21:10:36.041156

5cpofp6gsyg >> End >> 2020-10-03 21:10:36.214159

jpej83stjub >> Start >> 2020-10-03 21:23:43.000401

jpej83stjub >> Image Returned >> 2020-10-03 21:23:43.003850

jpej83stjub >> End >> 2020-10-03 21:23:43.161108

xdoa65urmt0 >> Start >> 2020-10-03 21:24:44.529462

xdoa65urmt0 >> Image Returned >> 2020-10-03 21:24:44.533090

xdoa65urmt0 >> End >> 2020-10-03 21:24:44.696908

4som2ki0um6 >> Start >> 2020-10-03 21:25:11.300014

4som2ki0um6 >> Image Returned >> 2020-10-03 21:25:11.304284

4som2ki0um6 >> End >> 2020-10-03 21:25:11.468065

h5wqroettvd >> Start >> 2020-10-03 21:25:32.227726

h5wqroettvd >> Image Returned >> 2020-10-03 21:25:32.231180

h5wqroettvd >> End >> 2020-10-03 21:25:32.391810

80wqsfmqd6s >> Start >> 2020-10-03 21:27:38.671653

80wqsfmqd6s >> Image Returned >> 2020-10-03 21:27:38.675213

80wqsfmqd6s >> End >> 2020-10-03 21:27:38.840454

307oin7v8ya >> Start >> 2020-10-03 21:33:06.832437

307oin7v8ya >> Image Returned >> 2020-10-03 21:33:06.836132

307oin7v8ya >> End >> 2020-10-03 21:33:06.996814

osaawqrbsa4 >> Start >> 2020-10-03 21:35:52.774651

osaawqrbsa4 >> Image Returned >> 2020-10-03 21:35:52.779181

osaawqrbsa4 >> End >> 2020-10-03 21:35:52.938783

kzfonmwdki8 >> Start >> 2020-10-03 21:41:59.054167

kzfonmwdki8 >> Image Returned >> 2020-10-03 21:41:59.058001

kzfonmwdki8 >> End >> 2020-10-03 21:41:59.218364

p57fio7mr4u >> Start >> 2020-10-03 21:51:26.315396

p57fio7mr4u >> Image Returned >> 2020-10-03 21:51:26.319550

p57fio7mr4u >> End >> 2020-10-03 21:51:26.480323

vkw7otzshj5 >> Start >> 2020-10-03 21:52:05.195684

vkw7otzshj5 >> Image Returned >> 2020-10-03 21:52:05.199667

vkw7otzshj5 >> End >> 2020-10-03 21:52:05.361308

yk4s3qddgz4 >> Start >> 2020-10-03 21:53:19.359481

yk4s3qddgz4 >> Image Returned >> 2020-10-03 21:53:19.363418

yk4s3qddgz4 >> End >> 2020-10-03 21:53:19.522367

t4dcrbw27vp >> Start >> 2020-10-03 21:56:05.554924

t4dcrbw27vp >> Image Returned >> 2020-10-03 21:56:05.559747

t4dcrbw27vp >> End >> 2020-10-03 21:56:05.723542

ayekaig44dp >> Start >> 2020-10-03 22:00:09.466456

ayekaig44dp >> Image Returned >> 2020-10-03 22:00:09.470043

ayekaig44dp >> End >> 2020-10-03 22:00:09.639607

udpfcpssnk5 >> Start >> 2020-10-03 22:03:22.051188

udpfcpssnk5 >> Image Returned >> 2020-10-03 22:03:22.055033

udpfcpssnk5 >> End >> 2020-10-03 22:03:22.217196

ngyxnu87kv5 >> Start >> 2020-10-03 22:03:24.222028

ngyxnu87kv5 >> Image Returned >> 2020-10-03 22:03:24.222320

ngyxnu87kv5 >> End >> 2020-10-03 22:03:24.382030

ktifiaut2dm >> Start >> 2020-10-03 22:08:14.584438

ktifiaut2dm >> Image Returned >> 2020-10-03 22:08:14.592252

ktifiaut2dm >> End >> 2020-10-03 22:08:14.781343

8438bfqsmog >> Start >> 2020-10-03 22:22:17.874413

8438bfqsmog >> Image Returned >> 2020-10-03 22:22:17.878015

8438bfqsmog >> End >> 2020-10-03 22:22:18.037947

gzdwdj8hx2f >> Start >> 2020-10-03 22:23:25.173306

gzdwdj8hx2f >> Image Returned >> 2020-10-03 22:23:25.177294

gzdwdj8hx2f >> End >> 2020-10-03 22:23:25.338330

wttjvcagxsn >> Start >> 2020-10-03 22:24:47.633690

wttjvcagxsn >> Image Returned >> 2020-10-03 22:24:47.638746

wttjvcagxsn >> End >> 2020-10-03 22:24:47.796756

235jybnvrdt >> Start >> 2020-10-03 22:27:09.032489

235jybnvrdt >> Image Returned >> 2020-10-03 22:27:09.036567

235jybnvrdt >> End >> 2020-10-03 22:27:09.201562

5b7ssqzdf85 >> Start >> 2020-10-03 22:33:04.151117

5b7ssqzdf85 >> Image Returned >> 2020-10-03 22:33:04.154633

5b7ssqzdf85 >> End >> 2020-10-03 22:33:04.349908

f5rt0xghxzq >> Start >> 2020-10-03 22:33:29.462577

f5rt0xghxzq >> Image Returned >> 2020-10-03 22:33:29.466094

f5rt0xghxzq >> End >> 2020-10-03 22:33:29.632899

yrmofz3yste >> Start >> 2020-10-03 22:35:44.344168

yrmofz3yste >> Image Returned >> 2020-10-03 22:35:44.348454

yrmofz3yste >> End >> 2020-10-03 22:35:44.506011

6gb3gncia4p >> Start >> 2020-10-03 22:41:47.462019

6gb3gncia4p >> Image Returned >> 2020-10-03 22:41:47.465611

6gb3gncia4p >> End >> 2020-10-03 22:41:47.658849

wr0a54wjikv >> Start >> 2020-10-03 22:46:26.445830

wr0a54wjikv >> Image Returned >> 2020-10-03 22:46:26.449367

wr0a54wjikv >> End >> 2020-10-03 22:46:26.614974

8ngrnyv4x8p >> Start >> 2020-10-03 22:59:35.730776

8ngrnyv4x8p >> Image Returned >> 2020-10-03 22:59:35.734375

8ngrnyv4x8p >> End >> 2020-10-03 22:59:35.893956

dd2ib43zd3j >> Start >> 2020-10-03 22:59:52.009011

dd2ib43zd3j >> Image Returned >> 2020-10-03 22:59:52.013478

dd2ib43zd3j >> End >> 2020-10-03 22:59:52.224900

4jtvwtfk8b2 >> Start >> 2020-10-03 23:00:45.243839

4jtvwtfk8b2 >> Image Returned >> 2020-10-03 23:00:45.247499

4jtvwtfk8b2 >> End >> 2020-10-03 23:00:45.410737

k0ep5mqexfo >> Start >> 2020-10-03 23:14:13.443068

k0ep5mqexfo >> Image Returned >> 2020-10-03 23:14:13.452756

k0ep5mqexfo >> End >> 2020-10-03 23:14:13.754002

nb3m3tz2qzy >> Start >> 2020-10-03 23:24:46.266642

nb3m3tz2qzy >> Image Returned >> 2020-10-03 23:24:46.270268

nb3m3tz2qzy >> End >> 2020-10-03 23:24:46.454339

nbcbhhgbftg >> Start >> 2020-10-03 23:29:45.540255

nbcbhhgbftg >> Image Returned >> 2020-10-03 23:29:45.543832

nbcbhhgbftg >> End >> 2020-10-03 23:29:45.712233

60j7fropgb4 >> Start >> 2020-10-03 23:44:00.164913

60j7fropgb4 >> Image Returned >> 2020-10-03 23:44:00.169291

60j7fropgb4 >> End >> 2020-10-03 23:44:00.330638

unofev57yev >> Start >> 2020-10-03 23:50:12.700603

unofev57yev >> Image Returned >> 2020-10-03 23:50:12.707066

unofev57yev >> End >> 2020-10-03 23:50:12.871917

m0eozhcices >> Start >> 2020-10-03 23:50:44.356129

m0eozhcices >> Image Returned >> 2020-10-03 23:50:44.359741

m0eozhcices >> End >> 2020-10-03 23:50:44.534384

qm0yh6sgqic >> Start >> 2020-10-03 23:51:47.235766

qm0yh6sgqic >> Image Returned >> 2020-10-03 23:51:47.239866

qm0yh6sgqic >> End >> 2020-10-03 23:51:47.398060

7sok8sf4qkf >> Start >> 2020-10-03 23:53:37.055808

7sok8sf4qkf >> Image Returned >> 2020-10-03 23:53:37.060123

7sok8sf4qkf >> End >> 2020-10-03 23:53:37.219239

