kmdk6yfih3e >> Start >> 2020-07-04 00:16:04.848419

kmdk6yfih3e >> Image Returned >> 2020-07-04 00:16:04.852075

kmdk6yfih3e >> End >> 2020-07-04 00:16:04.893781

r4cbaq2n6pm >> Start >> 2020-07-04 00:27:33.031027

r4cbaq2n6pm >> Image Returned >> 2020-07-04 00:27:33.034837

r4cbaq2n6pm >> End >> 2020-07-04 00:27:33.048929

ri6d53zakbf >> Start >> 2020-07-04 00:38:47.174629

ri6d53zakbf >> Image Returned >> 2020-07-04 00:38:47.179831

ri6d53zakbf >> End >> 2020-07-04 00:38:47.192296

hfd2vm5ni7u >> Start >> 2020-07-04 06:50:26.137165

hfd2vm5ni7u >> Image Returned >> 2020-07-04 06:50:26.141752

hfd2vm5ni7u >> End >> 2020-07-04 06:50:26.161216

8zw4hqdgc33 >> Start >> 2020-07-04 07:18:36.988429

8zw4hqdgc33 >> Image Returned >> 2020-07-04 07:18:36.991343

8zw4hqdgc33 >> End >> 2020-07-04 07:18:37.004311

4rty77r50wo >> Start >> 2020-07-04 08:28:54.980698

4rty77r50wo >> Image Returned >> 2020-07-04 08:28:54.983524

4rty77r50wo >> End >> 2020-07-04 08:28:54.994743

pbbyp53b827 >> Start >> 2020-07-04 09:40:28.620281

pbbyp53b827 >> Image Returned >> 2020-07-04 09:40:28.623214

pbbyp53b827 >> End >> 2020-07-04 09:40:28.635679

agqxxjj8v0j >> Start >> 2020-07-04 09:43:34.894263

agqxxjj8v0j >> Image Returned >> 2020-07-04 09:43:34.899616

agqxxjj8v0j >> End >> 2020-07-04 09:43:34.912980

qt2ufoq07p5 >> Start >> 2020-07-04 10:27:52.988352

qt2ufoq07p5 >> Image Returned >> 2020-07-04 10:27:52.992018

qt2ufoq07p5 >> End >> 2020-07-04 10:27:53.007992

2n4oook6rez >> Start >> 2020-07-04 10:28:44.344902

2n4oook6rez >> Image Returned >> 2020-07-04 10:28:44.348512

2n4oook6rez >> End >> 2020-07-04 10:28:44.361558

rojm3xyc5zv >> Start >> 2020-07-04 10:35:52.719383

rojm3xyc5zv >> Image Returned >> 2020-07-04 10:35:52.722455

rojm3xyc5zv >> End >> 2020-07-04 10:35:52.735227

6g4gozba8fp >> Start >> 2020-07-04 10:40:55.552546

6g4gozba8fp >> Image Returned >> 2020-07-04 10:40:55.557002

6g4gozba8fp >> End >> 2020-07-04 10:40:55.573293

e8w5cagxrar >> Start >> 2020-07-04 11:25:28.680170

e8w5cagxrar >> Image Returned >> 2020-07-04 11:25:28.685551

e8w5cagxrar >> End >> 2020-07-04 11:25:28.697514

6a2sga3c3g7 >> Start >> 2020-07-04 12:15:28.086483

6a2sga3c3g7 >> Image Returned >> 2020-07-04 12:15:28.091681

6a2sga3c3g7 >> End >> 2020-07-04 12:15:28.105927

byqaepbu7m3 >> Start >> 2020-07-04 12:20:56.723056

byqaepbu7m3 >> Image Returned >> 2020-07-04 12:20:56.726270

byqaepbu7m3 >> End >> 2020-07-04 12:20:56.740617

fs7tkqgpucv >> Start >> 2020-07-04 12:44:31.426115

fs7tkqgpucv >> Image Returned >> 2020-07-04 12:44:31.429115

fs7tkqgpucv >> End >> 2020-07-04 12:44:31.441895

m3d8gqkohy6 >> Start >> 2020-07-04 12:50:26.058053

m3d8gqkohy6 >> Image Returned >> 2020-07-04 12:50:26.061402

m3d8gqkohy6 >> End >> 2020-07-04 12:50:26.072669

k5bdckar3ki >> Start >> 2020-07-04 13:14:36.157309

k5bdckar3ki >> Image Returned >> 2020-07-04 13:14:36.161258

k5bdckar3ki >> End >> 2020-07-04 13:14:36.174653

ixgd4smigub >> Start >> 2020-07-04 13:21:42.634187

ixgd4smigub >> Image Returned >> 2020-07-04 13:21:42.637661

ixgd4smigub >> End >> 2020-07-04 13:21:42.650324

d74rmyfneog >> Start >> 2020-07-04 13:26:52.787888

d74rmyfneog >> Image Returned >> 2020-07-04 13:26:52.791126

d74rmyfneog >> End >> 2020-07-04 13:26:52.808348

mtzz4xzx2g4 >> Start >> 2020-07-04 13:38:10.972668

mtzz4xzx2g4 >> Image Returned >> 2020-07-04 13:38:10.973237

mtzz4xzx2g4 >> End >> 2020-07-04 13:38:10.985631

8rargy5k6ya >> Start >> 2020-07-04 14:03:20.296390

8rargy5k6ya >> Image Returned >> 2020-07-04 14:03:20.299560

8rargy5k6ya >> End >> 2020-07-04 14:03:20.317060

uamiz2w5aw8 >> Start >> 2020-07-04 14:03:37.574716

uamiz2w5aw8 >> Image Returned >> 2020-07-04 14:03:37.575139

uamiz2w5aw8 >> End >> 2020-07-04 14:03:37.592611

b4uoieuvc5q >> Start >> 2020-07-04 14:04:47.495142

b4uoieuvc5q >> Image Returned >> 2020-07-04 14:04:47.498320

b4uoieuvc5q >> End >> 2020-07-04 14:04:47.510448

rr8w5hvvxvi >> Start >> 2020-07-04 14:11:15.717463

rr8w5hvvxvi >> Image Returned >> 2020-07-04 14:11:15.720799

rr8w5hvvxvi >> End >> 2020-07-04 14:11:15.743132

2yk0htdosab >> Start >> 2020-07-04 14:21:33.229518

2yk0htdosab >> Image Returned >> 2020-07-04 14:21:33.233381

2yk0htdosab >> End >> 2020-07-04 14:21:33.247970

yyoaj0hui62 >> Start >> 2020-07-04 14:27:40.614559

yyoaj0hui62 >> Image Returned >> 2020-07-04 14:27:40.618309

yyoaj0hui62 >> End >> 2020-07-04 14:27:40.630270

cd22w2faux6 >> Start >> 2020-07-04 14:35:38.121988

cd22w2faux6 >> Image Returned >> 2020-07-04 14:35:38.125176

cd22w2faux6 >> End >> 2020-07-04 14:35:38.144651

d5oguy380ic >> Start >> 2020-07-04 15:18:09.499208

d5oguy380ic >> Image Returned >> 2020-07-04 15:18:09.505542

d5oguy380ic >> End >> 2020-07-04 15:18:09.525940

og2ebwu7n32 >> Start >> 2020-07-04 15:22:36.175546

og2ebwu7n32 >> Image Returned >> 2020-07-04 15:22:36.180423

og2ebwu7n32 >> End >> 2020-07-04 15:22:36.196130

tpd0vyqrdy8 >> Start >> 2020-07-04 15:34:55.235677

tpd0vyqrdy8 >> Image Returned >> 2020-07-04 15:34:55.238856

tpd0vyqrdy8 >> End >> 2020-07-04 15:34:55.251733

vdwgja5s2ct >> Start >> 2020-07-04 15:39:12.232780

vdwgja5s2ct >> Image Returned >> 2020-07-04 15:39:12.236737

vdwgja5s2ct >> End >> 2020-07-04 15:39:12.249125

rf0mbss5te8 >> Start >> 2020-07-04 15:54:54.381083

rf0mbss5te8 >> Image Returned >> 2020-07-04 15:54:54.384579

rf0mbss5te8 >> End >> 2020-07-04 15:54:54.398169

v2xcycvbs5t >> Start >> 2020-07-04 15:56:08.668214

v2xcycvbs5t >> Image Returned >> 2020-07-04 15:56:08.671232

v2xcycvbs5t >> End >> 2020-07-04 15:56:08.682562

pizi47nvat4 >> Start >> 2020-07-04 16:05:55.338582

pizi47nvat4 >> Image Returned >> 2020-07-04 16:05:55.342128

pizi47nvat4 >> End >> 2020-07-04 16:05:55.354091

up03gmpzuoz >> Start >> 2020-07-04 16:28:04.646063

up03gmpzuoz >> Image Returned >> 2020-07-04 16:28:04.649595

up03gmpzuoz >> End >> 2020-07-04 16:28:04.662777

wbttci8mrzp >> Start >> 2020-07-04 16:43:44.411124

wbttci8mrzp >> Image Returned >> 2020-07-04 16:43:44.414943

wbttci8mrzp >> End >> 2020-07-04 16:43:44.556998

ee2qdo5fk0e >> Start >> 2020-07-04 17:00:12.580986

ee2qdo5fk0e >> Image Returned >> 2020-07-04 17:00:12.585736

ee2qdo5fk0e >> End >> 2020-07-04 17:00:12.741349

qmb05r20xjk >> Start >> 2020-07-04 17:29:22.847866

qmb05r20xjk >> Image Returned >> 2020-07-04 17:29:22.852401

qmb05r20xjk >> End >> 2020-07-04 17:29:22.992110

ofco002wfwk >> Start >> 2020-07-04 17:38:42.428100

ofco002wfwk >> Image Returned >> 2020-07-04 17:38:42.433298

ofco002wfwk >> End >> 2020-07-04 17:38:42.568690

vssuj2eui6x >> Start >> 2020-07-04 17:47:33.629201

vssuj2eui6x >> Image Returned >> 2020-07-04 17:47:33.632778

vssuj2eui6x >> End >> 2020-07-04 17:47:33.771430

hzfaoex5wsd >> Start >> 2020-07-04 18:53:41.835732

hzfaoex5wsd >> Image Returned >> 2020-07-04 18:53:41.840445

hzfaoex5wsd >> End >> 2020-07-04 18:53:41.995242

u07zmpvs52r >> Start >> 2020-07-04 19:00:26.569977

u07zmpvs52r >> Image Returned >> 2020-07-04 19:00:26.573332

u07zmpvs52r >> End >> 2020-07-04 19:00:26.712709

80rbox0u7kc >> Start >> 2020-07-04 19:56:38.993012

80rbox0u7kc >> Image Returned >> 2020-07-04 19:56:38.996711

80rbox0u7kc >> End >> 2020-07-04 19:56:39.136646

yio6ezv20s8 >> Start >> 2020-07-04 21:05:52.182804

yio6ezv20s8 >> Image Returned >> 2020-07-04 21:05:52.187488

yio6ezv20s8 >> End >> 2020-07-04 21:05:52.329972

itmavo0xkhb >> Start >> 2020-07-04 21:41:41.574994

itmavo0xkhb >> Image Returned >> 2020-07-04 21:41:41.579062

itmavo0xkhb >> End >> 2020-07-04 21:41:41.711692

grp8ysravqk >> Start >> 2020-07-04 22:01:06.817425

grp8ysravqk >> Image Returned >> 2020-07-04 22:01:06.820848

grp8ysravqk >> End >> 2020-07-04 22:01:07.003346

5hrwoy6vao6 >> Start >> 2020-07-04 22:59:25.201514

5hrwoy6vao6 >> Image Returned >> 2020-07-04 22:59:25.205254

5hrwoy6vao6 >> End >> 2020-07-04 22:59:25.342124

x0e64ofvsf8 >> Start >> 2020-07-04 23:02:21.536573

x0e64ofvsf8 >> Image Returned >> 2020-07-04 23:02:21.542139

x0e64ofvsf8 >> End >> 2020-07-04 23:02:21.678138

xn8s0zsau7j >> Start >> 2020-07-04 23:33:09.987154

xn8s0zsau7j >> Image Returned >> 2020-07-04 23:33:09.990449

xn8s0zsau7j >> End >> 2020-07-04 23:33:10.126523

sqreqjrqehc >> Start >> 2020-07-04 23:49:16.165262

sqreqjrqehc >> Image Returned >> 2020-07-04 23:49:16.168970

sqreqjrqehc >> End >> 2020-07-04 23:49:16.394289

