vfpfw62zn7x >> Start >> 2020-06-13 04:34:10.317504

vfpfw62zn7x >> Image Returned >> 2020-06-13 04:34:10.320764

vfpfw62zn7x >> End >> 2020-06-13 04:34:10.340773

0qpeuhgg4xg >> Start >> 2020-06-13 08:01:57.535777

0qpeuhgg4xg >> Image Returned >> 2020-06-13 08:01:57.538990

0qpeuhgg4xg >> End >> 2020-06-13 08:01:57.577375

5nc58jucocx >> Start >> 2020-06-13 08:59:42.300395

5nc58jucocx >> Image Returned >> 2020-06-13 08:59:42.303850

5nc58jucocx >> End >> 2020-06-13 08:59:42.316384

qcru7rirqts >> Start >> 2020-06-13 10:44:49.519931

qcru7rirqts >> Image Returned >> 2020-06-13 10:44:49.522922

qcru7rirqts >> End >> 2020-06-13 10:44:49.537575

zon7fy0wrkz >> Start >> 2020-06-13 12:34:17.289820

zon7fy0wrkz >> Image Returned >> 2020-06-13 12:34:17.292783

zon7fy0wrkz >> End >> 2020-06-13 12:34:17.307952

3k0i556er8h >> Start >> 2020-06-13 15:04:05.958233

3k0i556er8h >> Image Returned >> 2020-06-13 15:04:05.962240

3k0i556er8h >> End >> 2020-06-13 15:04:05.973937

we6q0zfa5hg >> Start >> 2020-06-13 16:06:22.094839

we6q0zfa5hg >> Image Returned >> 2020-06-13 16:06:22.098248

we6q0zfa5hg >> End >> 2020-06-13 16:06:22.111890

3f8xcmre64k >> Start >> 2020-06-13 16:27:07.146281

3f8xcmre64k >> Image Returned >> 2020-06-13 16:27:07.149905

3f8xcmre64k >> End >> 2020-06-13 16:27:07.163149

5mntjebxkq3 >> Start >> 2020-06-13 16:41:10.506550

5mntjebxkq3 >> Image Returned >> 2020-06-13 16:41:10.509819

5mntjebxkq3 >> End >> 2020-06-13 16:41:10.520462

ndbmn502zxk >> Start >> 2020-06-13 17:12:04.867547

ndbmn502zxk >> Image Returned >> 2020-06-13 17:12:04.870824

ndbmn502zxk >> End >> 2020-06-13 17:12:04.883637

8p4ciwhew5n >> Start >> 2020-06-13 19:28:02.910621

8p4ciwhew5n >> Image Returned >> 2020-06-13 19:28:02.914715

8p4ciwhew5n >> End >> 2020-06-13 19:28:02.926014

npxyknxzukn >> Start >> 2020-06-13 19:28:08.652194

npxyknxzukn >> Image Returned >> 2020-06-13 19:28:08.652472

npxyknxzukn >> End >> 2020-06-13 19:28:08.662045

jqpwn8hbwh3 >> Start >> 2020-06-13 21:14:24.741204

jqpwn8hbwh3 >> Image Returned >> 2020-06-13 21:14:24.745016

jqpwn8hbwh3 >> End >> 2020-06-13 21:14:24.759152

se0tjqufpwu >> Start >> 2020-06-13 21:52:08.325972

se0tjqufpwu >> Image Returned >> 2020-06-13 21:52:08.329853

se0tjqufpwu >> End >> 2020-06-13 21:52:08.341016

