nt2ufkmopzw >> Start >> 2020-07-15 00:21:09.600867

nt2ufkmopzw >> Image Returned >> 2020-07-15 00:21:09.606199

nt2ufkmopzw >> End >> 2020-07-15 00:21:09.745378

kp758y6qahd >> Start >> 2020-07-15 01:22:56.434906

kp758y6qahd >> Image Returned >> 2020-07-15 01:22:56.440110

kp758y6qahd >> End >> 2020-07-15 01:22:56.582176

uy3af7bysz8 >> Start >> 2020-07-15 01:38:18.183835

uy3af7bysz8 >> Image Returned >> 2020-07-15 01:38:18.187736

uy3af7bysz8 >> End >> 2020-07-15 01:38:18.319201

yqi2mhe6hz6 >> Start >> 2020-07-15 02:28:53.809916

yqi2mhe6hz6 >> Image Returned >> 2020-07-15 02:28:53.813644

yqi2mhe6hz6 >> End >> 2020-07-15 02:28:53.958734

4b5ty2dnubd >> Start >> 2020-07-15 02:43:02.204972

4b5ty2dnubd >> Image Returned >> 2020-07-15 02:43:02.209326

4b5ty2dnubd >> End >> 2020-07-15 02:43:02.348723

yzx3yrnt0bv >> Start >> 2020-07-15 02:59:16.031002

yzx3yrnt0bv >> Image Returned >> 2020-07-15 02:59:16.034864

yzx3yrnt0bv >> End >> 2020-07-15 02:59:16.171179

j4qv8zqojfk >> Start >> 2020-07-15 03:13:01.244977

j4qv8zqojfk >> Image Returned >> 2020-07-15 03:13:01.249536

j4qv8zqojfk >> End >> 2020-07-15 03:13:01.383975

gjbbjaw7vbc >> Start >> 2020-07-15 03:49:38.985507

gjbbjaw7vbc >> Image Returned >> 2020-07-15 03:49:38.989641

gjbbjaw7vbc >> End >> 2020-07-15 03:49:39.122219

jqc647op3me >> Start >> 2020-07-15 03:50:47.101330

jqc647op3me >> Image Returned >> 2020-07-15 03:50:47.106913

jqc647op3me >> End >> 2020-07-15 03:50:47.246963

v3wamtkehe3 >> Start >> 2020-07-15 03:51:54.259284

v3wamtkehe3 >> Image Returned >> 2020-07-15 03:51:54.263165

v3wamtkehe3 >> End >> 2020-07-15 03:51:54.401427

0ibmbzoiefm >> Start >> 2020-07-15 04:41:37.040060

0ibmbzoiefm >> Image Returned >> 2020-07-15 04:41:37.043425

0ibmbzoiefm >> End >> 2020-07-15 04:41:37.173475

fsbh63wmshk >> Start >> 2020-07-15 06:15:34.910797

fsbh63wmshk >> Image Returned >> 2020-07-15 06:15:34.914082

fsbh63wmshk >> End >> 2020-07-15 06:15:35.051276

nr4bzcpavxj >> Start >> 2020-07-15 06:15:52.754708

nr4bzcpavxj >> Image Returned >> 2020-07-15 06:15:52.757961

nr4bzcpavxj >> End >> 2020-07-15 06:15:52.892848

n45afnfyp80 >> Start >> 2020-07-15 06:16:13.758055

n45afnfyp80 >> Image Returned >> 2020-07-15 06:16:13.761285

n45afnfyp80 >> End >> 2020-07-15 06:16:13.896033

cz6iinmwbxe >> Start >> 2020-07-15 06:46:59.373204

cz6iinmwbxe >> Image Returned >> 2020-07-15 06:46:59.377423

cz6iinmwbxe >> End >> 2020-07-15 06:46:59.515610

iikjaofks26 >> Start >> 2020-07-15 07:00:40.190548

iikjaofks26 >> Image Returned >> 2020-07-15 07:00:40.193898

iikjaofks26 >> End >> 2020-07-15 07:00:40.327759

hhdetggm65b >> Start >> 2020-07-15 07:27:33.137933

hhdetggm65b >> Image Returned >> 2020-07-15 07:27:33.142401

hhdetggm65b >> End >> 2020-07-15 07:27:33.277322

cxfh8x4gubr >> Start >> 2020-07-15 07:29:52.128976

cxfh8x4gubr >> Image Returned >> 2020-07-15 07:29:52.132493

cxfh8x4gubr >> End >> 2020-07-15 07:29:52.269303

ij3z86urcyw >> Start >> 2020-07-15 07:30:23.628788

ij3z86urcyw >> Image Returned >> 2020-07-15 07:30:23.633038

ij3z86urcyw >> End >> 2020-07-15 07:30:23.777162

8o6ss7zphht >> Start >> 2020-07-15 07:30:45.422454

8o6ss7zphht >> Image Returned >> 2020-07-15 07:30:45.425833

8o6ss7zphht >> End >> 2020-07-15 07:30:45.562294

jaje38jc75u >> Start >> 2020-07-15 07:32:38.194648

jaje38jc75u >> Image Returned >> 2020-07-15 07:32:38.200525

jaje38jc75u >> End >> 2020-07-15 07:32:38.338258

datrat3p7su >> Start >> 2020-07-15 07:38:08.708493

datrat3p7su >> Image Returned >> 2020-07-15 07:38:08.712241

datrat3p7su >> End >> 2020-07-15 07:38:08.850352

vyyq3fhwpjx >> Start >> 2020-07-15 07:39:27.358638

vyyq3fhwpjx >> Image Returned >> 2020-07-15 07:39:27.362683

vyyq3fhwpjx >> End >> 2020-07-15 07:39:27.496510

6kwu4sr3dv3 >> Start >> 2020-07-15 07:40:13.176245

6kwu4sr3dv3 >> Image Returned >> 2020-07-15 07:40:13.180015

6kwu4sr3dv3 >> End >> 2020-07-15 07:40:13.316117

hjxczcd7ktc >> Start >> 2020-07-15 07:47:28.139969

hjxczcd7ktc >> Image Returned >> 2020-07-15 07:47:28.143328

hjxczcd7ktc >> End >> 2020-07-15 07:47:28.279654

fjee7judsmm >> Start >> 2020-07-15 07:48:55.512857

fjee7judsmm >> Image Returned >> 2020-07-15 07:48:55.516567

fjee7judsmm >> End >> 2020-07-15 07:48:55.652163

xdrbmw7fj3t >> Start >> 2020-07-15 07:57:11.706017

xdrbmw7fj3t >> Image Returned >> 2020-07-15 07:57:11.710239

xdrbmw7fj3t >> End >> 2020-07-15 07:57:11.851950

y74zmkz3tk2 >> Start >> 2020-07-15 08:08:14.552129

y74zmkz3tk2 >> Image Returned >> 2020-07-15 08:08:14.556426

y74zmkz3tk2 >> End >> 2020-07-15 08:08:14.706348

thpuuwn45jd >> Start >> 2020-07-15 08:10:11.000540

thpuuwn45jd >> Image Returned >> 2020-07-15 08:10:11.004153

thpuuwn45jd >> End >> 2020-07-15 08:10:11.142673

5n73v3w8fqr >> Start >> 2020-07-15 08:12:55.517075

5n73v3w8fqr >> Image Returned >> 2020-07-15 08:12:55.521136

5n73v3w8fqr >> End >> 2020-07-15 08:12:55.665272

h0c6672g8z2 >> Start >> 2020-07-15 08:13:05.995778

h0c6672g8z2 >> Image Returned >> 2020-07-15 08:13:05.996223

h0c6672g8z2 >> End >> 2020-07-15 08:13:06.130287

3fm2k4xedre >> Start >> 2020-07-15 08:24:31.471503

3fm2k4xedre >> Image Returned >> 2020-07-15 08:24:31.474858

3fm2k4xedre >> End >> 2020-07-15 08:24:31.606966

7vkoiuvdavv >> Start >> 2020-07-15 08:24:57.915352

7vkoiuvdavv >> Image Returned >> 2020-07-15 08:24:57.919534

7vkoiuvdavv >> End >> 2020-07-15 08:24:58.054765

jc5y7vyx380 >> Start >> 2020-07-15 08:48:41.669981

jc5y7vyx380 >> Image Returned >> 2020-07-15 08:48:41.673975

jc5y7vyx380 >> End >> 2020-07-15 08:48:41.806276

gdxcpprmxm8 >> Start >> 2020-07-15 08:48:44.958373

gdxcpprmxm8 >> Image Returned >> 2020-07-15 08:48:44.958795

gdxcpprmxm8 >> End >> 2020-07-15 08:48:45.092843

vj5a4e77xcm >> Start >> 2020-07-15 08:49:36.671314

vj5a4e77xcm >> Image Returned >> 2020-07-15 08:49:36.675664

vj5a4e77xcm >> End >> 2020-07-15 08:49:36.798863

ed7htqz3x72 >> Start >> 2020-07-15 08:50:14.846190

ed7htqz3x72 >> Image Returned >> 2020-07-15 08:50:14.850397

ed7htqz3x72 >> End >> 2020-07-15 08:50:14.971167

mtm7jostxyf >> Start >> 2020-07-15 08:50:37.184560

mtm7jostxyf >> Image Returned >> 2020-07-15 08:50:37.187978

mtm7jostxyf >> End >> 2020-07-15 08:50:37.322804

5qvnong3gqx >> Start >> 2020-07-15 09:04:48.142771

5qvnong3gqx >> Image Returned >> 2020-07-15 09:04:48.146301

5qvnong3gqx >> End >> 2020-07-15 09:04:48.281199

hfu2c7ah4rr >> Start >> 2020-07-15 09:05:26.926553

hfu2c7ah4rr >> Image Returned >> 2020-07-15 09:05:26.929938

hfu2c7ah4rr >> End >> 2020-07-15 09:05:27.065978

887uhxgcnhr >> Start >> 2020-07-15 09:05:45.663296

887uhxgcnhr >> Image Returned >> 2020-07-15 09:05:45.666625

887uhxgcnhr >> End >> 2020-07-15 09:05:45.800312

tfdfw7c80mf >> Start >> 2020-07-15 09:06:34.474697

tfdfw7c80mf >> Image Returned >> 2020-07-15 09:06:34.478652

tfdfw7c80mf >> End >> 2020-07-15 09:06:34.606105

mf040bbz3zg >> Start >> 2020-07-15 09:21:21.053061

mf040bbz3zg >> Image Returned >> 2020-07-15 09:21:21.055706

mf040bbz3zg >> End >> 2020-07-15 09:21:21.193409

mg5jgxo06gn >> Start >> 2020-07-15 09:22:02.505970

mg5jgxo06gn >> Image Returned >> 2020-07-15 09:22:02.508809

mg5jgxo06gn >> End >> 2020-07-15 09:22:02.657187

cbxf0e2gey2 >> Start >> 2020-07-15 09:26:08.492355

cbxf0e2gey2 >> Image Returned >> 2020-07-15 09:26:08.495110

cbxf0e2gey2 >> End >> 2020-07-15 09:26:08.637999

ohjdxuywwro >> Start >> 2020-07-15 09:26:26.592938

ohjdxuywwro >> Image Returned >> 2020-07-15 09:26:26.595572

ohjdxuywwro >> End >> 2020-07-15 09:26:26.727201

6uehq05ergp >> Start >> 2020-07-15 09:29:37.913836

6uehq05ergp >> Image Returned >> 2020-07-15 09:29:37.916667

6uehq05ergp >> End >> 2020-07-15 09:29:38.063066

mk3mo7acaco >> Start >> 2020-07-15 09:38:21.259907

mk3mo7acaco >> Image Returned >> 2020-07-15 09:38:21.262661

mk3mo7acaco >> End >> 2020-07-15 09:38:21.397495

mxrfugjf5ov >> Start >> 2020-07-15 09:39:05.912655

mxrfugjf5ov >> Image Returned >> 2020-07-15 09:39:05.915590

mxrfugjf5ov >> End >> 2020-07-15 09:39:06.055862

jp426tc4iwk >> Start >> 2020-07-15 09:39:27.925065

jp426tc4iwk >> Image Returned >> 2020-07-15 09:39:27.927664

jp426tc4iwk >> End >> 2020-07-15 09:39:28.063055

d0vfu0c2xvs >> Start >> 2020-07-15 09:58:05.740814

d0vfu0c2xvs >> Image Returned >> 2020-07-15 09:58:05.743858

d0vfu0c2xvs >> End >> 2020-07-15 09:58:05.890403

0w25ugyxbdc >> Start >> 2020-07-15 10:05:56.944149

0w25ugyxbdc >> Image Returned >> 2020-07-15 10:05:56.946784

0w25ugyxbdc >> End >> 2020-07-15 10:05:57.080446

6baozu2qvc0 >> Start >> 2020-07-15 10:07:20.550273

6baozu2qvc0 >> Image Returned >> 2020-07-15 10:07:20.553092

6baozu2qvc0 >> End >> 2020-07-15 10:07:20.687103

ahp7bitgocg >> Start >> 2020-07-15 10:20:24.606831

ahp7bitgocg >> Image Returned >> 2020-07-15 10:20:24.609761

ahp7bitgocg >> End >> 2020-07-15 10:20:24.747298

fx8vqzz3i5o >> Start >> 2020-07-15 10:26:20.520173

fx8vqzz3i5o >> Image Returned >> 2020-07-15 10:26:20.524637

fx8vqzz3i5o >> End >> 2020-07-15 10:26:20.662147

i6gdygc7m52 >> Start >> 2020-07-15 10:27:47.072263

i6gdygc7m52 >> Image Returned >> 2020-07-15 10:27:47.075957

i6gdygc7m52 >> End >> 2020-07-15 10:27:47.212367

cjphupyuquk >> Start >> 2020-07-15 10:41:00.141982

cjphupyuquk >> Image Returned >> 2020-07-15 10:41:00.144866

cjphupyuquk >> End >> 2020-07-15 10:41:00.280394

7emm0kddmzp >> Start >> 2020-07-15 11:04:49.365657

7emm0kddmzp >> Image Returned >> 2020-07-15 11:04:49.368671

7emm0kddmzp >> End >> 2020-07-15 11:04:49.518676

hrnmzg338dm >> Start >> 2020-07-15 11:06:51.746442

hrnmzg338dm >> Image Returned >> 2020-07-15 11:06:51.749329

hrnmzg338dm >> End >> 2020-07-15 11:06:51.897492

z4dxproy8p2 >> Start >> 2020-07-15 11:14:56.219244

z4dxproy8p2 >> Image Returned >> 2020-07-15 11:14:56.221986

z4dxproy8p2 >> End >> 2020-07-15 11:14:56.363044

vrysksx8gzx >> Start >> 2020-07-15 11:19:02.936944

vrysksx8gzx >> Image Returned >> 2020-07-15 11:19:02.939909

vrysksx8gzx >> End >> 2020-07-15 11:19:03.076404

8cvo23zuoae >> Start >> 2020-07-15 11:30:32.274595

8cvo23zuoae >> Image Returned >> 2020-07-15 11:30:32.277328

8cvo23zuoae >> End >> 2020-07-15 11:30:32.413311

8ravoo746f3 >> Start >> 2020-07-15 11:53:25.224061

8ravoo746f3 >> Image Returned >> 2020-07-15 11:53:25.227972

8ravoo746f3 >> End >> 2020-07-15 11:53:25.359297

imnzrzoka4h >> Start >> 2020-07-15 12:00:23.985974

imnzrzoka4h >> Image Returned >> 2020-07-15 12:00:23.990103

imnzrzoka4h >> End >> 2020-07-15 12:00:24.127615

ahstrmvu3xg >> Start >> 2020-07-15 12:08:10.314651

ahstrmvu3xg >> Image Returned >> 2020-07-15 12:08:10.317356

ahstrmvu3xg >> End >> 2020-07-15 12:08:10.454457

kz28c0k6por >> Start >> 2020-07-15 12:13:48.183609

kz28c0k6por >> Image Returned >> 2020-07-15 12:13:48.186381

kz28c0k6por >> End >> 2020-07-15 12:13:48.323975

mmpaootrppy >> Start >> 2020-07-15 12:13:57.806402

mmpaootrppy >> Image Returned >> 2020-07-15 12:13:57.806685

mmpaootrppy >> End >> 2020-07-15 12:13:57.945029

6k5vc2aisxr >> Start >> 2020-07-15 12:32:48.496535

6k5vc2aisxr >> Image Returned >> 2020-07-15 12:32:48.499238

6k5vc2aisxr >> End >> 2020-07-15 12:32:48.627365

y0gohfwkptc >> Start >> 2020-07-15 12:32:49.298438

y0gohfwkptc >> Image Returned >> 2020-07-15 12:32:49.298734

y0gohfwkptc >> End >> 2020-07-15 12:32:49.441252

g2f487vrchm >> Start >> 2020-07-15 12:33:46.658308

g2f487vrchm >> Image Returned >> 2020-07-15 12:33:46.661041

g2f487vrchm >> End >> 2020-07-15 12:33:46.801384

2nmoava4f2e >> Start >> 2020-07-15 12:36:03.166435

2nmoava4f2e >> Image Returned >> 2020-07-15 12:36:03.169523

2nmoava4f2e >> End >> 2020-07-15 12:36:03.306919

7nfmirwim60 >> Start >> 2020-07-15 12:45:13.400402

7nfmirwim60 >> Image Returned >> 2020-07-15 12:45:13.403348

7nfmirwim60 >> End >> 2020-07-15 12:45:13.533404

4hbrswqifft >> Start >> 2020-07-15 12:54:39.453845

4hbrswqifft >> Image Returned >> 2020-07-15 12:54:39.456847

4hbrswqifft >> End >> 2020-07-15 12:54:39.596123

wt070a5bm0y >> Start >> 2020-07-15 13:02:14.862399

wt070a5bm0y >> Image Returned >> 2020-07-15 13:02:14.865281

wt070a5bm0y >> End >> 2020-07-15 13:02:15.007239

iehqcnrhyat >> Start >> 2020-07-15 13:08:19.071806

iehqcnrhyat >> Image Returned >> 2020-07-15 13:08:19.074580

iehqcnrhyat >> End >> 2020-07-15 13:08:19.215414

u2xfzkjwfxy >> Start >> 2020-07-15 13:18:29.537853

u2xfzkjwfxy >> Image Returned >> 2020-07-15 13:18:29.540967

u2xfzkjwfxy >> End >> 2020-07-15 13:18:29.682109

cvew7mt227n >> Start >> 2020-07-15 13:37:28.747518

cvew7mt227n >> Image Returned >> 2020-07-15 13:37:28.750574

cvew7mt227n >> End >> 2020-07-15 13:37:28.892999

om4xkvie47x >> Start >> 2020-07-15 13:45:16.836141

om4xkvie47x >> Image Returned >> 2020-07-15 13:45:16.839106

om4xkvie47x >> End >> 2020-07-15 13:45:16.978168

e8idyki2jfr >> Start >> 2020-07-15 13:46:51.820485

e8idyki2jfr >> Image Returned >> 2020-07-15 13:46:51.823273

e8idyki2jfr >> End >> 2020-07-15 13:46:51.963113

eff8jchkc7w >> Start >> 2020-07-15 13:49:52.074506

eff8jchkc7w >> Image Returned >> 2020-07-15 13:49:52.079330

eff8jchkc7w >> End >> 2020-07-15 13:49:52.222723

oybi7fn4z4s >> Start >> 2020-07-15 14:03:40.263701

oybi7fn4z4s >> Image Returned >> 2020-07-15 14:03:40.266638

oybi7fn4z4s >> End >> 2020-07-15 14:03:40.405649

v7qetfea85n >> Start >> 2020-07-15 14:03:55.887339

v7qetfea85n >> Image Returned >> 2020-07-15 14:03:55.890083

v7qetfea85n >> End >> 2020-07-15 14:03:56.034334

ft7xjctm2ao >> Start >> 2020-07-15 14:09:32.047600

ft7xjctm2ao >> Image Returned >> 2020-07-15 14:09:32.050959

ft7xjctm2ao >> End >> 2020-07-15 14:09:32.187786

hpna4t4pih8 >> Start >> 2020-07-15 14:15:52.210448

hpna4t4pih8 >> Image Returned >> 2020-07-15 14:15:52.213289

hpna4t4pih8 >> End >> 2020-07-15 14:15:52.357064

zr7qr7fawbh >> Start >> 2020-07-15 14:29:38.163266

zr7qr7fawbh >> Image Returned >> 2020-07-15 14:29:38.166421

zr7qr7fawbh >> End >> 2020-07-15 14:29:38.294368

f0k04iw650m >> Start >> 2020-07-15 14:40:23.107943

f0k04iw650m >> Image Returned >> 2020-07-15 14:40:23.110924

f0k04iw650m >> End >> 2020-07-15 14:40:23.254369

6o40nqh2huq >> Start >> 2020-07-15 14:45:39.241507

6o40nqh2huq >> Image Returned >> 2020-07-15 14:45:39.244539

6o40nqh2huq >> End >> 2020-07-15 14:45:39.383785

ccbkj6xnd4q >> Start >> 2020-07-15 14:48:18.957787

ccbkj6xnd4q >> Image Returned >> 2020-07-15 14:48:18.961052

ccbkj6xnd4q >> End >> 2020-07-15 14:48:19.094521

spkcpzagwyb >> Start >> 2020-07-15 15:23:06.754306

spkcpzagwyb >> Image Returned >> 2020-07-15 15:23:06.757397

spkcpzagwyb >> End >> 2020-07-15 15:23:06.903294

77ut2kpywym >> Start >> 2020-07-15 15:24:36.818303

77ut2kpywym >> Image Returned >> 2020-07-15 15:24:36.821494

77ut2kpywym >> End >> 2020-07-15 15:24:36.965095

b2vrdjnqpk2 >> Start >> 2020-07-15 15:25:48.955518

b2vrdjnqpk2 >> Image Returned >> 2020-07-15 15:25:48.958590

b2vrdjnqpk2 >> End >> 2020-07-15 15:25:49.103425

5gqrtvbmr4p >> Start >> 2020-07-15 15:40:06.009850

5gqrtvbmr4p >> Image Returned >> 2020-07-15 15:40:06.013166

5gqrtvbmr4p >> End >> 2020-07-15 15:40:06.165925

f0qg25b55nb >> Start >> 2020-07-15 15:41:36.965783

f0qg25b55nb >> Image Returned >> 2020-07-15 15:41:36.968712

f0qg25b55nb >> End >> 2020-07-15 15:41:37.101723

cyaepbjxc0g >> Start >> 2020-07-15 15:41:48.969929

cyaepbjxc0g >> Image Returned >> 2020-07-15 15:41:48.972887

cyaepbjxc0g >> End >> 2020-07-15 15:41:49.106471

m5vmr8whwt4 >> Start >> 2020-07-15 15:59:26.504053

m5vmr8whwt4 >> Image Returned >> 2020-07-15 15:59:26.507591

m5vmr8whwt4 >> End >> 2020-07-15 15:59:26.646701

cmj73mw8rg8 >> Start >> 2020-07-15 16:07:29.262716

cmj73mw8rg8 >> Image Returned >> 2020-07-15 16:07:29.265953

cmj73mw8rg8 >> End >> 2020-07-15 16:07:29.402743

5bo78y7cgtw >> Start >> 2020-07-15 16:27:34.051755

5bo78y7cgtw >> Image Returned >> 2020-07-15 16:27:34.055318

5bo78y7cgtw >> End >> 2020-07-15 16:27:34.199691

njtq2ymysk5 >> Start >> 2020-07-15 16:29:38.563400

njtq2ymysk5 >> Image Returned >> 2020-07-15 16:29:38.566715

njtq2ymysk5 >> End >> 2020-07-15 16:29:38.704906

0stzcig6h2o >> Start >> 2020-07-15 16:30:23.443659

0stzcig6h2o >> Image Returned >> 2020-07-15 16:30:23.446917

0stzcig6h2o >> End >> 2020-07-15 16:30:23.591352

uyw0ydqj6xy >> Start >> 2020-07-15 16:39:41.241302

uyw0ydqj6xy >> Image Returned >> 2020-07-15 16:39:41.244476

uyw0ydqj6xy >> End >> 2020-07-15 16:39:41.393794

y6jgfdxaz34 >> Start >> 2020-07-15 16:42:20.107062

y6jgfdxaz34 >> Image Returned >> 2020-07-15 16:42:20.110291

y6jgfdxaz34 >> End >> 2020-07-15 16:42:20.259747

ne2j2av48u0 >> Start >> 2020-07-15 16:49:36.387063

ne2j2av48u0 >> Image Returned >> 2020-07-15 16:49:36.390727

ne2j2av48u0 >> End >> 2020-07-15 16:49:36.537168

8uetozorntk >> Start >> 2020-07-15 17:13:13.858818

8uetozorntk >> Image Returned >> 2020-07-15 17:13:13.861867

8uetozorntk >> End >> 2020-07-15 17:13:14.001322

2dz2q4pinz3 >> Start >> 2020-07-15 17:13:25.035728

2dz2q4pinz3 >> Image Returned >> 2020-07-15 17:13:25.038654

2dz2q4pinz3 >> End >> 2020-07-15 17:13:25.177402

0x6risp7vo4 >> Start >> 2020-07-15 17:27:29.265592

0x6risp7vo4 >> Image Returned >> 2020-07-15 17:27:29.270463

0x6risp7vo4 >> End >> 2020-07-15 17:27:29.413446

fsgch6q7haf >> Start >> 2020-07-15 17:31:40.765985

fsgch6q7haf >> Image Returned >> 2020-07-15 17:31:40.769104

fsgch6q7haf >> End >> 2020-07-15 17:31:40.907100

6fmx7hzetox >> Start >> 2020-07-15 17:32:04.656416

6fmx7hzetox >> Image Returned >> 2020-07-15 17:32:04.659349

6fmx7hzetox >> End >> 2020-07-15 17:32:04.812026

0sg2tkcdgtt >> Start >> 2020-07-15 17:36:49.604398

0sg2tkcdgtt >> Image Returned >> 2020-07-15 17:36:49.607748

0sg2tkcdgtt >> End >> 2020-07-15 17:36:49.748409

shyr64wiabk >> Start >> 2020-07-15 17:40:40.505739

shyr64wiabk >> Image Returned >> 2020-07-15 17:40:40.508991

shyr64wiabk >> End >> 2020-07-15 17:40:40.659195

fg22hbw0ein >> Start >> 2020-07-15 17:43:41.679286

fg22hbw0ein >> Image Returned >> 2020-07-15 17:43:41.682775

fg22hbw0ein >> End >> 2020-07-15 17:43:41.815464

be333oypa8j >> Start >> 2020-07-15 17:44:23.631027

be333oypa8j >> Image Returned >> 2020-07-15 17:44:23.634308

be333oypa8j >> End >> 2020-07-15 17:44:23.774658

53bji5hhzsk >> Start >> 2020-07-15 18:13:04.746591

53bji5hhzsk >> Image Returned >> 2020-07-15 18:13:04.749743

53bji5hhzsk >> End >> 2020-07-15 18:13:04.899941

0m5xkqcx2iv >> Start >> 2020-07-15 18:15:11.258965

0m5xkqcx2iv >> Image Returned >> 2020-07-15 18:15:11.263472

0m5xkqcx2iv >> End >> 2020-07-15 18:15:11.403662

z3fjarge0co >> Start >> 2020-07-15 18:16:45.759685

z3fjarge0co >> Image Returned >> 2020-07-15 18:16:45.762785

z3fjarge0co >> End >> 2020-07-15 18:16:45.902793

xnobpyzhy6b >> Start >> 2020-07-15 18:20:31.221343

xnobpyzhy6b >> Image Returned >> 2020-07-15 18:20:31.224351

xnobpyzhy6b >> End >> 2020-07-15 18:20:31.359769

20d2zh6kotu >> Start >> 2020-07-15 18:26:12.753108

20d2zh6kotu >> Image Returned >> 2020-07-15 18:26:12.756124

20d2zh6kotu >> End >> 2020-07-15 18:26:12.897850

4jjwrt5conc >> Start >> 2020-07-15 18:26:35.383769

4jjwrt5conc >> Image Returned >> 2020-07-15 18:26:35.386960

4jjwrt5conc >> End >> 2020-07-15 18:26:35.513537

epy5fdj8nwe >> Start >> 2020-07-15 18:27:05.291574

epy5fdj8nwe >> Image Returned >> 2020-07-15 18:27:05.294653

epy5fdj8nwe >> End >> 2020-07-15 18:27:05.423692

hwiwaxr4yac >> Start >> 2020-07-15 18:27:37.706522

hwiwaxr4yac >> Image Returned >> 2020-07-15 18:27:37.709678

hwiwaxr4yac >> End >> 2020-07-15 18:27:37.841572

dpgwvmhzvte >> Start >> 2020-07-15 18:27:53.481722

dpgwvmhzvte >> Image Returned >> 2020-07-15 18:27:53.484630

dpgwvmhzvte >> End >> 2020-07-15 18:27:53.616729

y35hkcrt0fi >> Start >> 2020-07-15 18:43:49.071583

y35hkcrt0fi >> Image Returned >> 2020-07-15 18:43:49.074635

y35hkcrt0fi >> End >> 2020-07-15 18:43:49.222357

djeex7kbp8r >> Start >> 2020-07-15 18:50:23.659996

djeex7kbp8r >> Image Returned >> 2020-07-15 18:50:23.664266

djeex7kbp8r >> End >> 2020-07-15 18:50:23.803388

ro8u8jt473j >> Start >> 2020-07-15 19:01:15.723906

ro8u8jt473j >> Image Returned >> 2020-07-15 19:01:15.727335

ro8u8jt473j >> End >> 2020-07-15 19:01:15.900152

3xkddk8ygp0 >> Start >> 2020-07-15 19:06:38.869640

3xkddk8ygp0 >> Image Returned >> 2020-07-15 19:06:38.872606

3xkddk8ygp0 >> End >> 2020-07-15 19:06:39.022680

4wxjn5ei5qb >> Start >> 2020-07-15 19:07:29.480936

4wxjn5ei5qb >> Image Returned >> 2020-07-15 19:07:29.483942

4wxjn5ei5qb >> End >> 2020-07-15 19:07:29.620311

6g8pgwz2gnh >> Start >> 2020-07-15 19:08:15.023051

6g8pgwz2gnh >> Image Returned >> 2020-07-15 19:08:15.026551

6g8pgwz2gnh >> End >> 2020-07-15 19:08:15.172651

at6fmyafyo0 >> Start >> 2020-07-15 19:16:53.039103

at6fmyafyo0 >> Image Returned >> 2020-07-15 19:16:53.042371

at6fmyafyo0 >> End >> 2020-07-15 19:16:53.184802

o2yi84350gs >> Start >> 2020-07-15 19:23:01.787794

o2yi84350gs >> Image Returned >> 2020-07-15 19:23:01.790894

o2yi84350gs >> End >> 2020-07-15 19:23:01.928241

vsaz50ndrbq >> Start >> 2020-07-15 19:24:00.356820

vsaz50ndrbq >> Image Returned >> 2020-07-15 19:24:00.360167

vsaz50ndrbq >> End >> 2020-07-15 19:24:00.500242

axqpvwfs53e >> Start >> 2020-07-15 19:24:22.434026

axqpvwfs53e >> Image Returned >> 2020-07-15 19:24:22.437306

axqpvwfs53e >> End >> 2020-07-15 19:24:22.580343

7r4dogp8a7r >> Start >> 2020-07-15 19:32:34.066003

7r4dogp8a7r >> Image Returned >> 2020-07-15 19:32:34.069334

7r4dogp8a7r >> End >> 2020-07-15 19:32:34.211191

7aiuo5e3tts >> Start >> 2020-07-15 19:34:05.588723

7aiuo5e3tts >> Image Returned >> 2020-07-15 19:34:05.593223

7aiuo5e3tts >> End >> 2020-07-15 19:34:05.741398

o3omvr0nuow >> Start >> 2020-07-15 19:47:04.577470

o3omvr0nuow >> Image Returned >> 2020-07-15 19:47:04.580530

o3omvr0nuow >> End >> 2020-07-15 19:47:04.718461

2eotfqtv0xu >> Start >> 2020-07-15 19:47:18.154668

2eotfqtv0xu >> Image Returned >> 2020-07-15 19:47:18.158159

2eotfqtv0xu >> End >> 2020-07-15 19:47:18.300496

kb3z7nqi7d4 >> Start >> 2020-07-15 19:50:50.709330

kb3z7nqi7d4 >> Image Returned >> 2020-07-15 19:50:50.712308

kb3z7nqi7d4 >> End >> 2020-07-15 19:50:50.854667

845woq3wyjf >> Start >> 2020-07-15 19:53:49.207776

845woq3wyjf >> Image Returned >> 2020-07-15 19:53:49.211647

845woq3wyjf >> End >> 2020-07-15 19:53:49.364016

vpg8ey24vni >> Start >> 2020-07-15 20:15:02.553235

vpg8ey24vni >> Image Returned >> 2020-07-15 20:15:02.556730

vpg8ey24vni >> End >> 2020-07-15 20:15:02.709997

ncng7qt6q30 >> Start >> 2020-07-15 20:17:20.850449

ncng7qt6q30 >> Image Returned >> 2020-07-15 20:17:20.854193

ncng7qt6q30 >> End >> 2020-07-15 20:17:21.010121

yckndo4k6h2 >> Start >> 2020-07-15 20:18:59.891495

yckndo4k6h2 >> Image Returned >> 2020-07-15 20:18:59.894931

yckndo4k6h2 >> End >> 2020-07-15 20:19:00.039042

fviyfkexw7g >> Start >> 2020-07-15 20:47:15.329008

fviyfkexw7g >> Image Returned >> 2020-07-15 20:47:15.332370

fviyfkexw7g >> End >> 2020-07-15 20:47:15.488321

iax58wjkswz >> Start >> 2020-07-15 20:59:51.394198

iax58wjkswz >> Image Returned >> 2020-07-15 20:59:51.397742

iax58wjkswz >> End >> 2020-07-15 20:59:51.545701

6hvhwet7xxj >> Start >> 2020-07-15 21:17:39.871453

6hvhwet7xxj >> Image Returned >> 2020-07-15 21:17:39.875144

6hvhwet7xxj >> End >> 2020-07-15 21:17:40.020471

vmjn3eizjpk >> Start >> 2020-07-15 21:23:03.069698

vmjn3eizjpk >> Image Returned >> 2020-07-15 21:23:03.072771

vmjn3eizjpk >> End >> 2020-07-15 21:23:03.205653

557os0ynu65 >> Start >> 2020-07-15 21:33:20.614301

557os0ynu65 >> Image Returned >> 2020-07-15 21:33:20.617333

557os0ynu65 >> End >> 2020-07-15 21:33:20.756495

7jypzyvpwko >> Start >> 2020-07-15 21:33:21.587702

7jypzyvpwko >> Image Returned >> 2020-07-15 21:33:21.588010

7jypzyvpwko >> End >> 2020-07-15 21:33:21.739680

4v03rnj3kob >> Start >> 2020-07-15 21:44:12.389357

4v03rnj3kob >> Image Returned >> 2020-07-15 21:44:12.393465

4v03rnj3kob >> End >> 2020-07-15 21:44:12.535701

zd0e0xqfagx >> Start >> 2020-07-15 21:58:15.183255

zd0e0xqfagx >> Image Returned >> 2020-07-15 21:58:15.187305

zd0e0xqfagx >> End >> 2020-07-15 21:58:15.353212

qss6q2fq0w3 >> Start >> 2020-07-15 22:10:08.064867

qss6q2fq0w3 >> Image Returned >> 2020-07-15 22:10:08.067926

qss6q2fq0w3 >> End >> 2020-07-15 22:10:08.211173

55iofzn4i7t >> Start >> 2020-07-15 22:36:25.668652

55iofzn4i7t >> Image Returned >> 2020-07-15 22:36:25.672059

55iofzn4i7t >> End >> 2020-07-15 22:36:25.820444

j8nemtoyzxj >> Start >> 2020-07-15 23:16:31.575357

j8nemtoyzxj >> Image Returned >> 2020-07-15 23:16:31.579015

j8nemtoyzxj >> End >> 2020-07-15 23:16:31.725666

vr7htqav2an >> Start >> 2020-07-15 23:58:46.252425

vr7htqav2an >> Image Returned >> 2020-07-15 23:58:46.255883

vr7htqav2an >> End >> 2020-07-15 23:58:46.387185

a0d66ymn3d8 >> Start >> 2020-07-15 23:58:50.947974

a0d66ymn3d8 >> Image Returned >> 2020-07-15 23:58:50.948302

a0d66ymn3d8 >> End >> 2020-07-15 23:58:51.085481

