24ssom5wb6d >> Start >> 2020-11-15 00:00:15.239310

24ssom5wb6d >> Image Returned >> 2020-11-15 00:00:15.242893

24ssom5wb6d >> End >> 2020-11-15 00:00:15.461260

c6syjz7jvxu >> Start >> 2020-11-15 00:04:13.046118

c6syjz7jvxu >> Image Returned >> 2020-11-15 00:04:13.049783

c6syjz7jvxu >> End >> 2020-11-15 00:04:13.232265

qkqeyyy4q6b >> Start >> 2020-11-15 00:07:06.341921

qkqeyyy4q6b >> Image Returned >> 2020-11-15 00:07:06.346714

qkqeyyy4q6b >> End >> 2020-11-15 00:07:06.530631

x4urf3dtgub >> Start >> 2020-11-15 00:09:44.930458

x4urf3dtgub >> Image Returned >> 2020-11-15 00:09:44.933835

x4urf3dtgub >> End >> 2020-11-15 00:09:45.236793

rjejziidvtu >> Start >> 2020-11-15 00:12:40.602350

rjejziidvtu >> Image Returned >> 2020-11-15 00:12:40.606282

rjejziidvtu >> End >> 2020-11-15 00:12:40.789382

uu77dj7rh48 >> Start >> 2020-11-15 00:18:36.437661

uu77dj7rh48 >> Image Returned >> 2020-11-15 00:18:36.441541

uu77dj7rh48 >> End >> 2020-11-15 00:18:36.629108

f7ym6iva00v >> Start >> 2020-11-15 00:18:57.932679

f7ym6iva00v >> Image Returned >> 2020-11-15 00:18:57.937650

f7ym6iva00v >> End >> 2020-11-15 00:18:58.126271

kr8r0u4vbm0 >> Start >> 2020-11-15 00:23:42.452729

kr8r0u4vbm0 >> Image Returned >> 2020-11-15 00:23:42.456403

kr8r0u4vbm0 >> End >> 2020-11-15 00:23:42.650058

8d5v6w4symn >> Start >> 2020-11-15 00:23:59.266027

8d5v6w4symn >> Image Returned >> 2020-11-15 00:23:59.269696

8d5v6w4symn >> End >> 2020-11-15 00:23:59.463423

hiwmvsvjkff >> Start >> 2020-11-15 00:37:12.104057

hiwmvsvjkff >> Image Returned >> 2020-11-15 00:37:12.108926

hiwmvsvjkff >> End >> 2020-11-15 00:37:12.295047

gy5xp3bfqo7 >> Start >> 2020-11-15 00:41:52.091042

gy5xp3bfqo7 >> Image Returned >> 2020-11-15 00:41:52.094769

gy5xp3bfqo7 >> End >> 2020-11-15 00:41:52.287478

2xfiovv7duo >> Start >> 2020-11-15 00:44:44.941354

2xfiovv7duo >> Image Returned >> 2020-11-15 00:44:44.945430

2xfiovv7duo >> End >> 2020-11-15 00:44:45.131527

it57rmjve2x >> Start >> 2020-11-15 00:48:34.163321

it57rmjve2x >> Image Returned >> 2020-11-15 00:48:34.166587

it57rmjve2x >> End >> 2020-11-15 00:48:34.349709

nfuqbybocfe >> Start >> 2020-11-15 01:17:21.272016

nfuqbybocfe >> Image Returned >> 2020-11-15 01:17:21.275623

nfuqbybocfe >> End >> 2020-11-15 01:17:21.466368

k6qayx2i6wk >> Start >> 2020-11-15 01:37:11.463840

k6qayx2i6wk >> Image Returned >> 2020-11-15 01:37:11.467648

k6qayx2i6wk >> End >> 2020-11-15 01:37:11.662976

wa64p6da3gq >> Start >> 2020-11-15 02:17:31.553143

wa64p6da3gq >> Image Returned >> 2020-11-15 02:17:31.556497

wa64p6da3gq >> End >> 2020-11-15 02:17:31.751059

ivb5qtonkxh >> Start >> 2020-11-15 02:53:28.301620

ivb5qtonkxh >> Image Returned >> 2020-11-15 02:53:28.306946

ivb5qtonkxh >> End >> 2020-11-15 02:53:28.495822

0pzrd7iwaq6 >> Start >> 2020-11-15 03:03:47.426637

0pzrd7iwaq6 >> Image Returned >> 2020-11-15 03:03:47.431384

0pzrd7iwaq6 >> End >> 2020-11-15 03:03:47.637644

mopveb5bone >> Start >> 2020-11-15 03:22:13.703461

mopveb5bone >> Image Returned >> 2020-11-15 03:22:13.706943

mopveb5bone >> End >> 2020-11-15 03:22:13.895979

ijpujj8zkzo >> Start >> 2020-11-15 03:32:04.969652

ijpujj8zkzo >> Image Returned >> 2020-11-15 03:32:04.973788

ijpujj8zkzo >> End >> 2020-11-15 03:32:05.157741

537ymzf4pia >> Start >> 2020-11-15 04:20:33.241938

537ymzf4pia >> Image Returned >> 2020-11-15 04:20:33.245691

537ymzf4pia >> End >> 2020-11-15 04:20:33.428839

2yx7gx83jo3 >> Start >> 2020-11-15 04:57:16.938472

2yx7gx83jo3 >> Image Returned >> 2020-11-15 04:57:16.943686

2yx7gx83jo3 >> End >> 2020-11-15 04:57:17.208736

by727orspu7 >> Start >> 2020-11-15 05:04:59.831933

by727orspu7 >> Image Returned >> 2020-11-15 05:04:59.835227

by727orspu7 >> End >> 2020-11-15 05:05:00.019306

cnw67xchg87 >> Start >> 2020-11-15 05:54:30.242945

cnw67xchg87 >> Image Returned >> 2020-11-15 05:54:30.246165

cnw67xchg87 >> End >> 2020-11-15 05:54:30.434741

kf36gkpgoqq >> Start >> 2020-11-15 05:54:53.779258

kf36gkpgoqq >> Image Returned >> 2020-11-15 05:54:53.782490

kf36gkpgoqq >> End >> 2020-11-15 05:54:53.970351

z6apxnv88ge >> Start >> 2020-11-15 06:01:27.517195

z6apxnv88ge >> Image Returned >> 2020-11-15 06:01:27.520423

z6apxnv88ge >> End >> 2020-11-15 06:01:27.711347

4xqdtrz27si >> Start >> 2020-11-15 06:10:40.904635

4xqdtrz27si >> Image Returned >> 2020-11-15 06:10:40.908566

4xqdtrz27si >> End >> 2020-11-15 06:10:41.092020

vrxehfswam4 >> Start >> 2020-11-15 06:47:47.872730

vrxehfswam4 >> Image Returned >> 2020-11-15 06:47:47.876133

vrxehfswam4 >> End >> 2020-11-15 06:47:48.084631

ypbp233jjt0 >> Start >> 2020-11-15 07:05:24.022629

ypbp233jjt0 >> Image Returned >> 2020-11-15 07:05:24.026302

ypbp233jjt0 >> End >> 2020-11-15 07:05:24.210592

76e4r24q38f >> Start >> 2020-11-15 07:16:54.605968

76e4r24q38f >> Image Returned >> 2020-11-15 07:16:54.609602

76e4r24q38f >> End >> 2020-11-15 07:16:54.795320

23w0masa3bg >> Start >> 2020-11-15 07:17:43.288942

23w0masa3bg >> Image Returned >> 2020-11-15 07:17:43.292715

23w0masa3bg >> End >> 2020-11-15 07:17:43.482889

af2b56di7hb >> Start >> 2020-11-15 07:52:00.065423

af2b56di7hb >> Image Returned >> 2020-11-15 07:52:00.069189

af2b56di7hb >> End >> 2020-11-15 07:52:00.251260

bwg534x3ssm >> Start >> 2020-11-15 07:56:24.116436

bwg534x3ssm >> Image Returned >> 2020-11-15 07:56:24.119673

bwg534x3ssm >> End >> 2020-11-15 07:56:24.305799

ip6rnt5hkfy >> Start >> 2020-11-15 08:01:03.285806

ip6rnt5hkfy >> Image Returned >> 2020-11-15 08:01:03.289330

ip6rnt5hkfy >> End >> 2020-11-15 08:01:03.479197

ehkuxqo8hpm >> Start >> 2020-11-15 08:06:19.148529

ehkuxqo8hpm >> Image Returned >> 2020-11-15 08:06:19.152067

ehkuxqo8hpm >> End >> 2020-11-15 08:06:19.339114

dpt6wwgwcz2 >> Start >> 2020-11-15 08:12:49.766379

dpt6wwgwcz2 >> Image Returned >> 2020-11-15 08:12:49.770962

dpt6wwgwcz2 >> End >> 2020-11-15 08:12:49.956566

w8fhkrgtach >> Start >> 2020-11-15 08:18:46.692955

w8fhkrgtach >> Image Returned >> 2020-11-15 08:18:46.697110

w8fhkrgtach >> End >> 2020-11-15 08:18:46.885152

qwrp0crc5tf >> Start >> 2020-11-15 08:22:59.340137

qwrp0crc5tf >> Image Returned >> 2020-11-15 08:22:59.344542

qwrp0crc5tf >> End >> 2020-11-15 08:22:59.533396

iwv48ttkbqw >> Start >> 2020-11-15 08:28:49.897296

iwv48ttkbqw >> Image Returned >> 2020-11-15 08:28:49.901171

iwv48ttkbqw >> End >> 2020-11-15 08:28:50.093339

p2ria5t2kt0 >> Start >> 2020-11-15 08:33:42.809817

p2ria5t2kt0 >> Image Returned >> 2020-11-15 08:33:42.813555

p2ria5t2kt0 >> End >> 2020-11-15 08:33:43.177901

rruknq0qzud >> Start >> 2020-11-15 08:34:15.067563

rruknq0qzud >> Image Returned >> 2020-11-15 08:34:15.071559

rruknq0qzud >> End >> 2020-11-15 08:34:15.836975

7xtuedimxw2 >> Start >> 2020-11-15 08:34:16.502944

7xtuedimxw2 >> Image Returned >> 2020-11-15 08:34:16.503237

7xtuedimxw2 >> End >> 2020-11-15 08:34:17.277241

ce22b60bhrb >> Start >> 2020-11-15 08:34:45.048069

ce22b60bhrb >> Image Returned >> 2020-11-15 08:34:45.051372

ce22b60bhrb >> End >> 2020-11-15 08:34:45.245830

h5sqhv38znz >> Start >> 2020-11-15 08:35:12.988653

h5sqhv38znz >> Image Returned >> 2020-11-15 08:35:12.992412

h5sqhv38znz >> End >> 2020-11-15 08:35:13.125811

dgg3hcforih >> Start >> 2020-11-15 08:40:01.201677

dgg3hcforih >> Image Returned >> 2020-11-15 08:40:01.205104

dgg3hcforih >> End >> 2020-11-15 08:40:01.390078

gtfhoxyepde >> Start >> 2020-11-15 08:42:21.284151

gtfhoxyepde >> Image Returned >> 2020-11-15 08:42:21.288095

gtfhoxyepde >> End >> 2020-11-15 08:42:21.475188

y4the7usvft >> Start >> 2020-11-15 08:43:14.074300

y4the7usvft >> Image Returned >> 2020-11-15 08:43:14.078340

y4the7usvft >> End >> 2020-11-15 08:43:14.267662

s4xtnsb054c >> Start >> 2020-11-15 08:43:43.667434

s4xtnsb054c >> Image Returned >> 2020-11-15 08:43:43.670893

s4xtnsb054c >> End >> 2020-11-15 08:43:43.853456

b83qgwvppsb >> Start >> 2020-11-15 09:02:45.340588

b83qgwvppsb >> Image Returned >> 2020-11-15 09:02:45.344295

b83qgwvppsb >> End >> 2020-11-15 09:02:45.544431

86qvxufx4pm >> Start >> 2020-11-15 09:04:41.292217

86qvxufx4pm >> Image Returned >> 2020-11-15 09:04:41.295612

86qvxufx4pm >> End >> 2020-11-15 09:04:41.485632

eqxo8wnm3p6 >> Start >> 2020-11-15 09:08:02.554734

eqxo8wnm3p6 >> Image Returned >> 2020-11-15 09:08:02.558968

eqxo8wnm3p6 >> End >> 2020-11-15 09:08:02.773919

i6bt6kv5dny >> Start >> 2020-11-15 09:12:54.133944

i6bt6kv5dny >> Image Returned >> 2020-11-15 09:12:54.137487

i6bt6kv5dny >> End >> 2020-11-15 09:12:54.328175

bjk7m2t0qyc >> Start >> 2020-11-15 09:14:42.196783

bjk7m2t0qyc >> Image Returned >> 2020-11-15 09:14:42.200414

bjk7m2t0qyc >> End >> 2020-11-15 09:14:42.407100

8jwuveu7w5u >> Start >> 2020-11-15 09:18:49.176202

8jwuveu7w5u >> Image Returned >> 2020-11-15 09:18:49.179517

8jwuveu7w5u >> End >> 2020-11-15 09:18:49.373969

74bzki6n0vo >> Start >> 2020-11-15 09:20:55.763669

74bzki6n0vo >> Image Returned >> 2020-11-15 09:20:55.767448

74bzki6n0vo >> End >> 2020-11-15 09:20:55.955332

j7pjys48msm >> Start >> 2020-11-15 09:23:03.333782

j7pjys48msm >> Image Returned >> 2020-11-15 09:23:03.337268

j7pjys48msm >> End >> 2020-11-15 09:23:03.519728

eykzrd2czuz >> Start >> 2020-11-15 09:23:50.096904

eykzrd2czuz >> Image Returned >> 2020-11-15 09:23:50.100739

eykzrd2czuz >> End >> 2020-11-15 09:23:50.287904

2maqdx4qu40 >> Start >> 2020-11-15 09:23:51.724186

2maqdx4qu40 >> Image Returned >> 2020-11-15 09:23:51.724478

2maqdx4qu40 >> End >> 2020-11-15 09:23:51.909612

466a66y2v0u >> Start >> 2020-11-15 09:25:37.995898

466a66y2v0u >> Image Returned >> 2020-11-15 09:25:38.000032

466a66y2v0u >> End >> 2020-11-15 09:25:38.189549

0hjmsvwx28x >> Start >> 2020-11-15 09:39:52.852183

0hjmsvwx28x >> Image Returned >> 2020-11-15 09:39:52.855901

0hjmsvwx28x >> End >> 2020-11-15 09:39:53.050251

6mhqco4terk >> Start >> 2020-11-15 09:46:21.169120

6mhqco4terk >> Image Returned >> 2020-11-15 09:46:21.178355

6mhqco4terk >> End >> 2020-11-15 09:46:21.364495

edfm4ubd4j2 >> Start >> 2020-11-15 09:48:02.379992

edfm4ubd4j2 >> Image Returned >> 2020-11-15 09:48:02.383583

edfm4ubd4j2 >> End >> 2020-11-15 09:48:02.564958

j7d64ynbtr5 >> Start >> 2020-11-15 09:50:45.191564

j7d64ynbtr5 >> Image Returned >> 2020-11-15 09:50:45.195266

j7d64ynbtr5 >> End >> 2020-11-15 09:50:45.379651

brxfwzpt47w >> Start >> 2020-11-15 09:52:38.758795

brxfwzpt47w >> Image Returned >> 2020-11-15 09:52:38.762701

brxfwzpt47w >> End >> 2020-11-15 09:52:38.950663

6e4e70n572m >> Start >> 2020-11-15 09:54:28.737504

6e4e70n572m >> Image Returned >> 2020-11-15 09:54:28.741410

6e4e70n572m >> End >> 2020-11-15 09:54:28.922343

i26pyqrcv7w >> Start >> 2020-11-15 09:54:46.673537

i26pyqrcv7w >> Image Returned >> 2020-11-15 09:54:46.677313

i26pyqrcv7w >> End >> 2020-11-15 09:54:46.861426

p4gtp4k6wn0 >> Start >> 2020-11-15 09:56:46.452084

p4gtp4k6wn0 >> Image Returned >> 2020-11-15 09:56:46.455687

p4gtp4k6wn0 >> End >> 2020-11-15 09:56:46.644226

t8dzu6v22rj >> Start >> 2020-11-15 09:57:05.416238

t8dzu6v22rj >> Image Returned >> 2020-11-15 09:57:05.419578

t8dzu6v22rj >> End >> 2020-11-15 09:57:05.703536

frbw7ur76kj >> Start >> 2020-11-15 09:58:36.724554

frbw7ur76kj >> Image Returned >> 2020-11-15 09:58:36.728157

frbw7ur76kj >> End >> 2020-11-15 09:58:36.926981

2p4aafq308s >> Start >> 2020-11-15 10:03:24.758820

2p4aafq308s >> Image Returned >> 2020-11-15 10:03:24.762214

2p4aafq308s >> End >> 2020-11-15 10:03:24.949481

5p3xm64nfe0 >> Start >> 2020-11-15 10:05:23.049680

5p3xm64nfe0 >> Image Returned >> 2020-11-15 10:05:23.053730

5p3xm64nfe0 >> End >> 2020-11-15 10:05:23.234296

q5vxyxs7p0y >> Start >> 2020-11-15 10:11:14.428977

q5vxyxs7p0y >> Image Returned >> 2020-11-15 10:11:14.432598

q5vxyxs7p0y >> End >> 2020-11-15 10:11:14.626597

idgha7w6hrh >> Start >> 2020-11-15 10:11:57.914968

idgha7w6hrh >> Image Returned >> 2020-11-15 10:11:57.918222

idgha7w6hrh >> End >> 2020-11-15 10:11:58.047637

tkhhxzr8wy5 >> Start >> 2020-11-15 10:13:09.192660

tkhhxzr8wy5 >> Image Returned >> 2020-11-15 10:13:09.195935

tkhhxzr8wy5 >> End >> 2020-11-15 10:13:09.381966

o7ttt5hqspq >> Start >> 2020-11-15 10:15:35.336107

o7ttt5hqspq >> Image Returned >> 2020-11-15 10:15:35.340240

o7ttt5hqspq >> End >> 2020-11-15 10:15:35.532150

nrvmudx6erf >> Start >> 2020-11-15 10:22:59.303309

nrvmudx6erf >> Image Returned >> 2020-11-15 10:22:59.307658

nrvmudx6erf >> End >> 2020-11-15 10:22:59.546943

efr84rxys80 >> Start >> 2020-11-15 10:27:05.931358

efr84rxys80 >> Image Returned >> 2020-11-15 10:27:05.936182

efr84rxys80 >> End >> 2020-11-15 10:27:06.060079

p0qgfgi7w3q >> Start >> 2020-11-15 10:33:27.325938

p0qgfgi7w3q >> Image Returned >> 2020-11-15 10:33:27.329576

p0qgfgi7w3q >> End >> 2020-11-15 10:33:27.519154

34tppramuua >> Start >> 2020-11-15 10:33:48.999236

34tppramuua >> Image Returned >> 2020-11-15 10:33:49.002556

34tppramuua >> End >> 2020-11-15 10:33:49.183913

ygjq583pn7s >> Start >> 2020-11-15 10:34:16.397975

ygjq583pn7s >> Image Returned >> 2020-11-15 10:34:16.402411

ygjq583pn7s >> End >> 2020-11-15 10:34:16.605138

tknwd0hsa8k >> Start >> 2020-11-15 10:34:59.419507

tknwd0hsa8k >> Image Returned >> 2020-11-15 10:34:59.422931

tknwd0hsa8k >> End >> 2020-11-15 10:34:59.609564

6v38g722pjx >> Start >> 2020-11-15 10:39:51.848086

6v38g722pjx >> Image Returned >> 2020-11-15 10:39:51.852097

6v38g722pjx >> End >> 2020-11-15 10:39:52.075491

28q0si0jfxm >> Start >> 2020-11-15 10:43:42.675512

28q0si0jfxm >> Image Returned >> 2020-11-15 10:43:42.680536

28q0si0jfxm >> End >> 2020-11-15 10:43:42.908344

bu5irzyfjbo >> Start >> 2020-11-15 10:50:20.409508

bu5irzyfjbo >> Image Returned >> 2020-11-15 10:50:20.413326

bu5irzyfjbo >> End >> 2020-11-15 10:50:20.605597

cf2rt8w8mtv >> Start >> 2020-11-15 10:53:32.290010

cf2rt8w8mtv >> Image Returned >> 2020-11-15 10:53:32.293699

cf2rt8w8mtv >> End >> 2020-11-15 10:53:32.478451

6o3au2xbynh >> Start >> 2020-11-15 10:58:38.354615

6o3au2xbynh >> Image Returned >> 2020-11-15 10:58:38.358299

6o3au2xbynh >> End >> 2020-11-15 10:58:38.544836

e3nby37r4ff >> Start >> 2020-11-15 10:59:25.268745

e3nby37r4ff >> Image Returned >> 2020-11-15 10:59:25.272265

e3nby37r4ff >> End >> 2020-11-15 10:59:25.456470

6p8jrb0i5hf >> Start >> 2020-11-15 11:02:50.257561

6p8jrb0i5hf >> Image Returned >> 2020-11-15 11:02:50.261219

6p8jrb0i5hf >> End >> 2020-11-15 11:02:50.447155

ibroobgigkq >> Start >> 2020-11-15 11:03:19.925971

ibroobgigkq >> Image Returned >> 2020-11-15 11:03:19.929534

ibroobgigkq >> End >> 2020-11-15 11:03:20.171228

eus04m0h0s6 >> Start >> 2020-11-15 11:03:22.902756

eus04m0h0s6 >> Image Returned >> 2020-11-15 11:03:22.903064

eus04m0h0s6 >> End >> 2020-11-15 11:03:23.080770

rg6jop704dh >> Start >> 2020-11-15 11:07:12.160962

rg6jop704dh >> Image Returned >> 2020-11-15 11:07:12.164482

rg6jop704dh >> End >> 2020-11-15 11:07:12.360351

f76xock7rfj >> Start >> 2020-11-15 11:08:18.958484

f76xock7rfj >> Image Returned >> 2020-11-15 11:08:18.962383

f76xock7rfj >> End >> 2020-11-15 11:08:19.150515

imbayg5owt3 >> Start >> 2020-11-15 11:10:34.021749

imbayg5owt3 >> Image Returned >> 2020-11-15 11:10:34.025322

imbayg5owt3 >> End >> 2020-11-15 11:10:34.230669

kjrguudnro4 >> Start >> 2020-11-15 11:21:46.841572

kjrguudnro4 >> Image Returned >> 2020-11-15 11:21:46.844921

kjrguudnro4 >> End >> 2020-11-15 11:21:47.062896

c24myycigw4 >> Start >> 2020-11-15 11:33:32.991915

c24myycigw4 >> Image Returned >> 2020-11-15 11:33:32.995248

c24myycigw4 >> End >> 2020-11-15 11:33:33.191118

r77cxyim5kq >> Start >> 2020-11-15 11:40:30.156229

r77cxyim5kq >> Image Returned >> 2020-11-15 11:40:30.159893

r77cxyim5kq >> End >> 2020-11-15 11:40:30.341217

jm5kzwpjwpm >> Start >> 2020-11-15 11:41:46.984697

jm5kzwpjwpm >> Image Returned >> 2020-11-15 11:41:46.988581

jm5kzwpjwpm >> End >> 2020-11-15 11:41:47.181056

ks6cy5264iy >> Start >> 2020-11-15 11:48:10.229629

ks6cy5264iy >> Image Returned >> 2020-11-15 11:48:10.233177

ks6cy5264iy >> End >> 2020-11-15 11:48:10.421058

5npgeobhyv2 >> Start >> 2020-11-15 11:48:58.370779

5npgeobhyv2 >> Image Returned >> 2020-11-15 11:48:58.374063

5npgeobhyv2 >> End >> 2020-11-15 11:48:58.585383

2z60wbk0vpd >> Start >> 2020-11-15 11:53:34.319262

2z60wbk0vpd >> Image Returned >> 2020-11-15 11:53:34.322576

2z60wbk0vpd >> End >> 2020-11-15 11:53:34.510329

2vtfask8ext >> Start >> 2020-11-15 11:53:40.189451

2vtfask8ext >> Image Returned >> 2020-11-15 11:53:40.189743

2vtfask8ext >> End >> 2020-11-15 11:53:40.371299

iots5ge2ei4 >> Start >> 2020-11-15 11:59:46.335527

iots5ge2ei4 >> Image Returned >> 2020-11-15 11:59:46.339327

iots5ge2ei4 >> End >> 2020-11-15 11:59:46.531974

eggin8kdv7h >> Start >> 2020-11-15 12:00:58.107523

eggin8kdv7h >> Image Returned >> 2020-11-15 12:00:58.110886

eggin8kdv7h >> End >> 2020-11-15 12:00:58.316370

uiqy8uwhb87 >> Start >> 2020-11-15 12:01:56.796578

uiqy8uwhb87 >> Image Returned >> 2020-11-15 12:01:56.800097

uiqy8uwhb87 >> End >> 2020-11-15 12:01:56.996356

4srvrpj30vz >> Start >> 2020-11-15 12:05:21.108225

4srvrpj30vz >> Image Returned >> 2020-11-15 12:05:21.112420

4srvrpj30vz >> End >> 2020-11-15 12:05:21.298094

bm3zses3mht >> Start >> 2020-11-15 12:05:39.363629

bm3zses3mht >> Image Returned >> 2020-11-15 12:05:39.372225

bm3zses3mht >> End >> 2020-11-15 12:05:39.558381

7bj3udtqhs4 >> Start >> 2020-11-15 12:06:50.451457

7bj3udtqhs4 >> Image Returned >> 2020-11-15 12:06:50.455244

7bj3udtqhs4 >> End >> 2020-11-15 12:06:50.647944

3k2j274nm8e >> Start >> 2020-11-15 12:18:57.079436

3k2j274nm8e >> Image Returned >> 2020-11-15 12:18:57.083508

3k2j274nm8e >> End >> 2020-11-15 12:18:57.271522

iu3urc8p2cf >> Start >> 2020-11-15 12:19:47.296389

iu3urc8p2cf >> Image Returned >> 2020-11-15 12:19:47.300193

iu3urc8p2cf >> End >> 2020-11-15 12:19:47.484724

4uycpsntbgw >> Start >> 2020-11-15 12:25:22.330950

4uycpsntbgw >> Image Returned >> 2020-11-15 12:25:22.335202

4uycpsntbgw >> End >> 2020-11-15 12:25:22.521977

3mypks2bwhj >> Start >> 2020-11-15 12:31:17.421664

3mypks2bwhj >> Image Returned >> 2020-11-15 12:31:17.425399

3mypks2bwhj >> End >> 2020-11-15 12:31:17.608576

bthtsef7gya >> Start >> 2020-11-15 12:33:18.441695

bthtsef7gya >> Image Returned >> 2020-11-15 12:33:18.445465

bthtsef7gya >> End >> 2020-11-15 12:33:18.656451

byfkruaqk7p >> Start >> 2020-11-15 12:33:40.458892

byfkruaqk7p >> Image Returned >> 2020-11-15 12:33:40.462111

byfkruaqk7p >> End >> 2020-11-15 12:33:40.658107

0pua0wb3kba >> Start >> 2020-11-15 12:36:13.583250

0pua0wb3kba >> Image Returned >> 2020-11-15 12:36:13.587446

0pua0wb3kba >> End >> 2020-11-15 12:36:13.778003

6ys2uzr0rz2 >> Start >> 2020-11-15 12:37:01.807378

6ys2uzr0rz2 >> Image Returned >> 2020-11-15 12:37:01.811058

6ys2uzr0rz2 >> End >> 2020-11-15 12:37:01.996418

r2hxycj75c7 >> Start >> 2020-11-15 12:39:17.548058

r2hxycj75c7 >> Image Returned >> 2020-11-15 12:39:17.551608

r2hxycj75c7 >> End >> 2020-11-15 12:39:17.738326

hvnx055e6jf >> Start >> 2020-11-15 12:46:34.904263

hvnx055e6jf >> Image Returned >> 2020-11-15 12:46:34.907957

hvnx055e6jf >> End >> 2020-11-15 12:46:35.096936

gbnbfm8diu3 >> Start >> 2020-11-15 12:49:41.416973

gbnbfm8diu3 >> Image Returned >> 2020-11-15 12:49:41.420603

gbnbfm8diu3 >> End >> 2020-11-15 12:49:41.610892

s7jz0bpw3qc >> Start >> 2020-11-15 12:57:45.499521

s7jz0bpw3qc >> Image Returned >> 2020-11-15 12:57:45.504993

s7jz0bpw3qc >> End >> 2020-11-15 12:57:45.690525

zzmdq6b0jvr >> Start >> 2020-11-15 12:59:55.082618

zzmdq6b0jvr >> Image Returned >> 2020-11-15 12:59:55.086154

zzmdq6b0jvr >> End >> 2020-11-15 12:59:55.267776

cqdg4kny5o5 >> Start >> 2020-11-15 13:00:36.588618

cqdg4kny5o5 >> Image Returned >> 2020-11-15 13:00:36.592056

cqdg4kny5o5 >> End >> 2020-11-15 13:00:36.781584

g6x8ifmwgbe >> Start >> 2020-11-15 13:09:55.100524

g6x8ifmwgbe >> Image Returned >> 2020-11-15 13:09:55.104329

g6x8ifmwgbe >> End >> 2020-11-15 13:09:55.292324

ydb47a48y7i >> Start >> 2020-11-15 13:11:20.573609

ydb47a48y7i >> Image Returned >> 2020-11-15 13:11:20.577239

ydb47a48y7i >> End >> 2020-11-15 13:11:20.768074

k7ekywhu8sc >> Start >> 2020-11-15 13:15:15.868944

k7ekywhu8sc >> Image Returned >> 2020-11-15 13:15:15.872224

k7ekywhu8sc >> End >> 2020-11-15 13:15:16.066373

n7y6ogzx48w >> Start >> 2020-11-15 13:17:32.482985

n7y6ogzx48w >> Image Returned >> 2020-11-15 13:17:32.486316

n7y6ogzx48w >> End >> 2020-11-15 13:17:32.670909

zqkj44j7pgv >> Start >> 2020-11-15 13:30:30.218735

zqkj44j7pgv >> Image Returned >> 2020-11-15 13:30:30.222455

zqkj44j7pgv >> End >> 2020-11-15 13:30:30.416366

mhjnnwz4mqc >> Start >> 2020-11-15 13:32:17.084580

mhjnnwz4mqc >> Image Returned >> 2020-11-15 13:32:17.087927

mhjnnwz4mqc >> End >> 2020-11-15 13:32:17.294831

i25ui3nxj7z >> Start >> 2020-11-15 13:33:58.410412

i25ui3nxj7z >> Image Returned >> 2020-11-15 13:33:58.414009

i25ui3nxj7z >> End >> 2020-11-15 13:33:58.620510

i4thxosjjwd >> Start >> 2020-11-15 13:35:47.506373

i4thxosjjwd >> Image Returned >> 2020-11-15 13:35:47.509701

i4thxosjjwd >> End >> 2020-11-15 13:35:47.719224

qqyu4gnyhuk >> Start >> 2020-11-15 13:36:33.588689

qqyu4gnyhuk >> Image Returned >> 2020-11-15 13:36:33.593122

qqyu4gnyhuk >> End >> 2020-11-15 13:36:33.778805

5vs7y8xdmvb >> Start >> 2020-11-15 13:37:43.549608

5vs7y8xdmvb >> Image Returned >> 2020-11-15 13:37:43.554008

5vs7y8xdmvb >> End >> 2020-11-15 13:37:43.749090

2afvc4h6rwd >> Start >> 2020-11-15 13:44:45.768230

2afvc4h6rwd >> Image Returned >> 2020-11-15 13:44:45.772347

2afvc4h6rwd >> End >> 2020-11-15 13:44:45.978830

evw6gmrzuyf >> Start >> 2020-11-15 13:48:23.536312

evw6gmrzuyf >> Image Returned >> 2020-11-15 13:48:23.541973

evw6gmrzuyf >> End >> 2020-11-15 13:48:23.730658

oz0e27wjnws >> Start >> 2020-11-15 13:51:35.503545

oz0e27wjnws >> Image Returned >> 2020-11-15 13:51:35.506828

oz0e27wjnws >> End >> 2020-11-15 13:51:35.686908

4xseijmjdru >> Start >> 2020-11-15 13:57:57.746676

4xseijmjdru >> Image Returned >> 2020-11-15 13:57:57.750475

4xseijmjdru >> End >> 2020-11-15 13:57:57.938631

or37sxnhqdq >> Start >> 2020-11-15 13:58:14.428976

or37sxnhqdq >> Image Returned >> 2020-11-15 13:58:14.432248

or37sxnhqdq >> End >> 2020-11-15 13:58:14.623451

nt78uj52btu >> Start >> 2020-11-15 14:04:57.970978

nt78uj52btu >> Image Returned >> 2020-11-15 14:04:57.974709

nt78uj52btu >> End >> 2020-11-15 14:04:58.158984

6imwmdyaqkw >> Start >> 2020-11-15 14:10:21.279097

6imwmdyaqkw >> Image Returned >> 2020-11-15 14:10:21.283112

6imwmdyaqkw >> End >> 2020-11-15 14:10:21.501961

d6w0to6y78y >> Start >> 2020-11-15 14:10:42.364057

d6w0to6y78y >> Image Returned >> 2020-11-15 14:10:42.367362

d6w0to6y78y >> End >> 2020-11-15 14:10:42.552988

z3kgfait3b7 >> Start >> 2020-11-15 14:11:50.962233

z3kgfait3b7 >> Image Returned >> 2020-11-15 14:11:50.965795

z3kgfait3b7 >> End >> 2020-11-15 14:11:51.153925

3jk4mnpd3tf >> Start >> 2020-11-15 14:19:47.668139

3jk4mnpd3tf >> Image Returned >> 2020-11-15 14:19:47.671854

3jk4mnpd3tf >> End >> 2020-11-15 14:19:47.856961

ikipbzw2ifu >> Start >> 2020-11-15 14:26:37.266654

ikipbzw2ifu >> Image Returned >> 2020-11-15 14:26:37.271604

ikipbzw2ifu >> End >> 2020-11-15 14:26:37.480191

h86aspcuqxv >> Start >> 2020-11-15 14:31:55.094120

h86aspcuqxv >> Image Returned >> 2020-11-15 14:31:55.097717

h86aspcuqxv >> End >> 2020-11-15 14:31:55.305814

xq00wtcns56 >> Start >> 2020-11-15 14:32:25.284013

xq00wtcns56 >> Image Returned >> 2020-11-15 14:32:25.287581

xq00wtcns56 >> End >> 2020-11-15 14:32:25.475549

8bn3aqrf4pz >> Start >> 2020-11-15 14:36:08.722034

8bn3aqrf4pz >> Image Returned >> 2020-11-15 14:36:08.726078

8bn3aqrf4pz >> End >> 2020-11-15 14:36:08.944175

i875uzd4z5y >> Start >> 2020-11-15 14:40:54.896902

i875uzd4z5y >> Image Returned >> 2020-11-15 14:40:54.901175

i875uzd4z5y >> End >> 2020-11-15 14:40:55.091890

27eqrrn5ha8 >> Start >> 2020-11-15 14:42:09.559582

27eqrrn5ha8 >> Image Returned >> 2020-11-15 14:42:09.563478

27eqrrn5ha8 >> End >> 2020-11-15 14:42:09.753556

7uqfe6xckmv >> Start >> 2020-11-15 14:49:06.097598

7uqfe6xckmv >> Image Returned >> 2020-11-15 14:49:06.100902

7uqfe6xckmv >> End >> 2020-11-15 14:49:06.287137

f764rr023i7 >> Start >> 2020-11-15 14:51:18.944395

f764rr023i7 >> Image Returned >> 2020-11-15 14:51:18.948431

f764rr023i7 >> End >> 2020-11-15 14:51:19.146409

x5oa8k5e5xa >> Start >> 2020-11-15 14:51:27.940727

x5oa8k5e5xa >> Image Returned >> 2020-11-15 14:51:27.941118

x5oa8k5e5xa >> End >> 2020-11-15 14:51:28.146609

iiv0fmw5vhm >> Start >> 2020-11-15 14:51:57.095711

iiv0fmw5vhm >> Image Returned >> 2020-11-15 14:51:57.099448

iiv0fmw5vhm >> End >> 2020-11-15 14:51:57.304796

ao5oae2z5zi >> Start >> 2020-11-15 14:53:01.051023

ao5oae2z5zi >> Image Returned >> 2020-11-15 14:53:01.054635

ao5oae2z5zi >> End >> 2020-11-15 14:53:01.261744

p88bu3mbd3t >> Start >> 2020-11-15 14:53:59.861623

p88bu3mbd3t >> Image Returned >> 2020-11-15 14:53:59.865196

p88bu3mbd3t >> End >> 2020-11-15 14:54:00.084399

se3om5cvzqs >> Start >> 2020-11-15 14:59:03.906644

se3om5cvzqs >> Image Returned >> 2020-11-15 14:59:03.910058

se3om5cvzqs >> End >> 2020-11-15 14:59:04.103226

wwo7amzorif >> Start >> 2020-11-15 14:59:12.084510

wwo7amzorif >> Image Returned >> 2020-11-15 14:59:12.084925

wwo7amzorif >> End >> 2020-11-15 14:59:12.274736

v0gug86hrzi >> Start >> 2020-11-15 15:00:01.437477

v0gug86hrzi >> Image Returned >> 2020-11-15 15:00:01.440244

v0gug86hrzi >> End >> 2020-11-15 15:00:01.698211

wbmbb5taw5g >> Start >> 2020-11-15 15:04:46.389767

wbmbb5taw5g >> Image Returned >> 2020-11-15 15:04:46.393318

wbmbb5taw5g >> End >> 2020-11-15 15:04:46.582714

y2uwweim8nw >> Start >> 2020-11-15 15:09:16.325155

y2uwweim8nw >> Image Returned >> 2020-11-15 15:09:16.330143

y2uwweim8nw >> End >> 2020-11-15 15:09:16.840971

2i27uzo6u86 >> Start >> 2020-11-15 15:12:45.646373

2i27uzo6u86 >> Image Returned >> 2020-11-15 15:12:45.657421

2i27uzo6u86 >> End >> 2020-11-15 15:12:45.845413

acaqsjfc86h >> Start >> 2020-11-15 15:15:04.401314

acaqsjfc86h >> Image Returned >> 2020-11-15 15:15:04.405177

acaqsjfc86h >> End >> 2020-11-15 15:15:04.596709

4qkewojtimu >> Start >> 2020-11-15 15:15:05.819458

4qkewojtimu >> Image Returned >> 2020-11-15 15:15:05.819741

4qkewojtimu >> End >> 2020-11-15 15:15:06.003674

0fyzynombzv >> Start >> 2020-11-15 15:22:58.330365

0fyzynombzv >> Image Returned >> 2020-11-15 15:22:58.333667

0fyzynombzv >> End >> 2020-11-15 15:22:58.541735

0espg6jss0c >> Start >> 2020-11-15 15:27:45.512567

0espg6jss0c >> Image Returned >> 2020-11-15 15:27:45.517365

0espg6jss0c >> End >> 2020-11-15 15:27:45.707926

hfm3svroqcr >> Start >> 2020-11-15 15:32:59.021323

hfm3svroqcr >> Image Returned >> 2020-11-15 15:32:59.030436

hfm3svroqcr >> End >> 2020-11-15 15:32:59.213099

0n0a85sxr3d >> Start >> 2020-11-15 15:34:28.986213

0n0a85sxr3d >> Image Returned >> 2020-11-15 15:34:28.991858

0n0a85sxr3d >> End >> 2020-11-15 15:34:29.176641

5odidfse8xw >> Start >> 2020-11-15 15:37:00.100048

5odidfse8xw >> Image Returned >> 2020-11-15 15:37:00.103786

5odidfse8xw >> End >> 2020-11-15 15:37:00.353147

4oxndnavd3s >> Start >> 2020-11-15 15:37:22.157521

4oxndnavd3s >> Image Returned >> 2020-11-15 15:37:22.161477

4oxndnavd3s >> End >> 2020-11-15 15:37:22.348222

7djvznaqg6f >> Start >> 2020-11-15 15:37:44.680691

7djvznaqg6f >> Image Returned >> 2020-11-15 15:37:44.685254

7djvznaqg6f >> End >> 2020-11-15 15:37:44.908773

i06n77ssd5g >> Start >> 2020-11-15 15:43:28.214473

i06n77ssd5g >> Image Returned >> 2020-11-15 15:43:28.218983

i06n77ssd5g >> End >> 2020-11-15 15:43:28.406722

qndb65oamdw >> Start >> 2020-11-15 15:43:28.756081

qndb65oamdw >> Image Returned >> 2020-11-15 15:43:28.756371

qndb65oamdw >> End >> 2020-11-15 15:43:28.947623

ottzbaa3q4z >> Start >> 2020-11-15 15:46:16.259021

ottzbaa3q4z >> Image Returned >> 2020-11-15 15:46:16.263674

ottzbaa3q4z >> End >> 2020-11-15 15:46:16.455984

drdr3achdgy >> Start >> 2020-11-15 15:46:20.695924

drdr3achdgy >> Image Returned >> 2020-11-15 15:46:20.696203

drdr3achdgy >> End >> 2020-11-15 15:46:20.881230

fadgwxauq75 >> Start >> 2020-11-15 15:47:54.110238

fadgwxauq75 >> Image Returned >> 2020-11-15 15:47:54.114691

fadgwxauq75 >> End >> 2020-11-15 15:47:54.299278

paeriknudv7 >> Start >> 2020-11-15 15:50:32.374660

paeriknudv7 >> Image Returned >> 2020-11-15 15:50:32.378523

paeriknudv7 >> End >> 2020-11-15 15:50:32.560511

tg6pm366f3a >> Start >> 2020-11-15 15:52:30.059186

tg6pm366f3a >> Image Returned >> 2020-11-15 15:52:30.063941

tg6pm366f3a >> End >> 2020-11-15 15:52:30.253953

xgdwh4qsuwy >> Start >> 2020-11-15 15:53:33.782665

xgdwh4qsuwy >> Image Returned >> 2020-11-15 15:53:33.786616

xgdwh4qsuwy >> End >> 2020-11-15 15:53:33.970391

wfnz3nne6rp >> Start >> 2020-11-15 15:55:29.584069

wfnz3nne6rp >> Image Returned >> 2020-11-15 15:55:29.587832

wfnz3nne6rp >> End >> 2020-11-15 15:55:29.772947

c23c06ciwqe >> Start >> 2020-11-15 15:55:48.044971

c23c06ciwqe >> Image Returned >> 2020-11-15 15:55:48.048367

c23c06ciwqe >> End >> 2020-11-15 15:55:48.239139

gvgrq3r5h7b >> Start >> 2020-11-15 15:57:26.687433

gvgrq3r5h7b >> Image Returned >> 2020-11-15 15:57:26.693120

gvgrq3r5h7b >> End >> 2020-11-15 15:57:26.887757

i5zp75bt4gm >> Start >> 2020-11-15 15:59:40.703979

i5zp75bt4gm >> Image Returned >> 2020-11-15 15:59:40.707272

i5zp75bt4gm >> End >> 2020-11-15 15:59:40.890934

kqq88grykoe >> Start >> 2020-11-15 16:00:24.227555

kqq88grykoe >> Image Returned >> 2020-11-15 16:00:24.231432

kqq88grykoe >> End >> 2020-11-15 16:00:24.449544

ta6rqa4ueq2 >> Start >> 2020-11-15 16:01:01.267815

ta6rqa4ueq2 >> Image Returned >> 2020-11-15 16:01:01.270370

ta6rqa4ueq2 >> End >> 2020-11-15 16:01:01.534735

m6cbovwm70q >> Start >> 2020-11-15 16:05:30.736413

m6cbovwm70q >> Image Returned >> 2020-11-15 16:05:30.742255

m6cbovwm70q >> End >> 2020-11-15 16:05:30.931725

w3jn5q2s36w >> Start >> 2020-11-15 16:08:02.871424

w3jn5q2s36w >> Image Returned >> 2020-11-15 16:08:02.875027

w3jn5q2s36w >> End >> 2020-11-15 16:08:03.062969

qpgohq3f3ts >> Start >> 2020-11-15 16:16:35.289146

qpgohq3f3ts >> Image Returned >> 2020-11-15 16:16:35.293427

qpgohq3f3ts >> End >> 2020-11-15 16:16:35.479161

oe3cu0uywby >> Start >> 2020-11-15 16:17:25.152185

oe3cu0uywby >> Image Returned >> 2020-11-15 16:17:25.156122

oe3cu0uywby >> End >> 2020-11-15 16:17:25.386293

3c48s8zmdns >> Start >> 2020-11-15 16:26:55.242652

3c48s8zmdns >> Image Returned >> 2020-11-15 16:26:55.247083

3c48s8zmdns >> End >> 2020-11-15 16:26:55.445895

d23donu2xmf >> Start >> 2020-11-15 16:27:06.299448

d23donu2xmf >> Image Returned >> 2020-11-15 16:27:06.299722

d23donu2xmf >> End >> 2020-11-15 16:27:06.494035

su5o6t7j52p >> Start >> 2020-11-15 16:28:03.579593

su5o6t7j52p >> Image Returned >> 2020-11-15 16:28:03.583607

su5o6t7j52p >> End >> 2020-11-15 16:28:03.783032

pfp2ff4baxn >> Start >> 2020-11-15 16:28:37.834271

pfp2ff4baxn >> Image Returned >> 2020-11-15 16:28:37.839175

pfp2ff4baxn >> End >> 2020-11-15 16:28:38.026031

06fzthbpurj >> Start >> 2020-11-15 16:33:10.600478

06fzthbpurj >> Image Returned >> 2020-11-15 16:33:10.603858

06fzthbpurj >> End >> 2020-11-15 16:33:10.977145

ir2hicdwa7v >> Start >> 2020-11-15 16:34:14.449790

ir2hicdwa7v >> Image Returned >> 2020-11-15 16:34:14.453114

ir2hicdwa7v >> End >> 2020-11-15 16:34:14.638392

8tk4nrk3gx0 >> Start >> 2020-11-15 16:34:28.432895

8tk4nrk3gx0 >> Image Returned >> 2020-11-15 16:34:28.436784

8tk4nrk3gx0 >> End >> 2020-11-15 16:34:28.638719

wb2atiunfyj >> Start >> 2020-11-15 16:35:19.195869

wb2atiunfyj >> Image Returned >> 2020-11-15 16:35:19.199163

wb2atiunfyj >> End >> 2020-11-15 16:35:19.387772

d8rtxbuue5a >> Start >> 2020-11-15 16:35:41.678771

d8rtxbuue5a >> Image Returned >> 2020-11-15 16:35:41.682493

d8rtxbuue5a >> End >> 2020-11-15 16:35:41.866695

ukwckj04rbc >> Start >> 2020-11-15 16:35:48.573157

ukwckj04rbc >> Image Returned >> 2020-11-15 16:35:48.573436

ukwckj04rbc >> End >> 2020-11-15 16:35:48.769732

6abopoetsww >> Start >> 2020-11-15 16:35:54.020714

6abopoetsww >> Image Returned >> 2020-11-15 16:35:54.021038

6abopoetsww >> End >> 2020-11-15 16:35:54.277822

74cb8ocbauv >> Start >> 2020-11-15 16:36:38.607222

74cb8ocbauv >> Image Returned >> 2020-11-15 16:36:38.611710

74cb8ocbauv >> End >> 2020-11-15 16:36:38.802977

izgnxwzbh7m >> Start >> 2020-11-15 16:38:03.563980

izgnxwzbh7m >> Image Returned >> 2020-11-15 16:38:03.567753

izgnxwzbh7m >> End >> 2020-11-15 16:38:03.760714

svfi8dzr5q8 >> Start >> 2020-11-15 16:39:05.305891

svfi8dzr5q8 >> Image Returned >> 2020-11-15 16:39:05.310834

svfi8dzr5q8 >> End >> 2020-11-15 16:39:05.498208

bmak08p2mdm >> Start >> 2020-11-15 16:39:15.914053

bmak08p2mdm >> Image Returned >> 2020-11-15 16:39:15.914335

bmak08p2mdm >> End >> 2020-11-15 16:39:16.108100

40zhvv5w7pq >> Start >> 2020-11-15 16:41:02.826747

40zhvv5w7pq >> Image Returned >> 2020-11-15 16:41:02.831172

40zhvv5w7pq >> End >> 2020-11-15 16:41:03.012526

ee72uij27ru >> Start >> 2020-11-15 16:41:32.940953

ee72uij27ru >> Image Returned >> 2020-11-15 16:41:32.944678

ee72uij27ru >> End >> 2020-11-15 16:41:33.130956

e6rx2voew80 >> Start >> 2020-11-15 16:53:19.684726

e6rx2voew80 >> Image Returned >> 2020-11-15 16:53:19.690941

e6rx2voew80 >> End >> 2020-11-15 16:53:20.027800

wgah3n78jw0 >> Start >> 2020-11-15 16:53:51.788347

wgah3n78jw0 >> Image Returned >> 2020-11-15 16:53:51.792212

wgah3n78jw0 >> End >> 2020-11-15 16:53:52.244561

vmoojwmkj5p >> Start >> 2020-11-15 16:58:47.056710

vmoojwmkj5p >> Image Returned >> 2020-11-15 16:58:47.061620

vmoojwmkj5p >> End >> 2020-11-15 16:58:47.241986

gdbhwuqm6w7 >> Start >> 2020-11-15 17:03:10.655656

gdbhwuqm6w7 >> Image Returned >> 2020-11-15 17:03:10.659589

gdbhwuqm6w7 >> End >> 2020-11-15 17:03:10.840491

rketw06aww0 >> Start >> 2020-11-15 17:03:42.890986

rketw06aww0 >> Image Returned >> 2020-11-15 17:03:42.894821

rketw06aww0 >> End >> 2020-11-15 17:03:43.083025

z42ncx4ht3n >> Start >> 2020-11-15 17:05:20.653556

z42ncx4ht3n >> Image Returned >> 2020-11-15 17:05:20.659199

z42ncx4ht3n >> End >> 2020-11-15 17:05:20.842766

eq8wk623pf8 >> Start >> 2020-11-15 17:09:00.378351

eq8wk623pf8 >> Image Returned >> 2020-11-15 17:09:00.382129

eq8wk623pf8 >> End >> 2020-11-15 17:09:00.650521

equovkt8rrr >> Start >> 2020-11-15 17:09:16.337745

equovkt8rrr >> Image Returned >> 2020-11-15 17:09:16.342411

equovkt8rrr >> End >> 2020-11-15 17:09:16.531971

xptmhonaonz >> Start >> 2020-11-15 17:11:43.920196

xptmhonaonz >> Image Returned >> 2020-11-15 17:11:43.924441

xptmhonaonz >> End >> 2020-11-15 17:11:44.128262

4cjk0czss5r >> Start >> 2020-11-15 17:12:52.088242

4cjk0czss5r >> Image Returned >> 2020-11-15 17:12:52.091864

4cjk0czss5r >> End >> 2020-11-15 17:12:52.281263

t32xkifacst >> Start >> 2020-11-15 17:13:51.612917

t32xkifacst >> Image Returned >> 2020-11-15 17:13:51.616744

t32xkifacst >> End >> 2020-11-15 17:13:51.801804

6awh64ev0ev >> Start >> 2020-11-15 17:14:21.552771

6awh64ev0ev >> Image Returned >> 2020-11-15 17:14:21.556519

6awh64ev0ev >> End >> 2020-11-15 17:14:21.752616

2q8cto4anup >> Start >> 2020-11-15 17:20:36.259006

2q8cto4anup >> Image Returned >> 2020-11-15 17:20:36.263369

2q8cto4anup >> End >> 2020-11-15 17:20:36.451067

z26smoi8bg4 >> Start >> 2020-11-15 17:21:34.726773

z26smoi8bg4 >> Image Returned >> 2020-11-15 17:21:34.730947

z26smoi8bg4 >> End >> 2020-11-15 17:21:34.914345

jmf5wcufo7x >> Start >> 2020-11-15 17:22:03.226187

jmf5wcufo7x >> Image Returned >> 2020-11-15 17:22:03.229726

jmf5wcufo7x >> End >> 2020-11-15 17:22:03.438932

y34xc6gwdck >> Start >> 2020-11-15 17:22:09.062545

y34xc6gwdck >> Image Returned >> 2020-11-15 17:22:09.063024

y34xc6gwdck >> End >> 2020-11-15 17:22:09.252414

2diyecfe2i7 >> Start >> 2020-11-15 17:26:47.849946

2diyecfe2i7 >> Image Returned >> 2020-11-15 17:26:47.853843

2diyecfe2i7 >> End >> 2020-11-15 17:26:48.038733

vzttgxcxxon >> Start >> 2020-11-15 17:27:30.922712

vzttgxcxxon >> Image Returned >> 2020-11-15 17:27:30.926605

vzttgxcxxon >> End >> 2020-11-15 17:27:31.115045

w4p7obnja04 >> Start >> 2020-11-15 17:28:35.372344

w4p7obnja04 >> Image Returned >> 2020-11-15 17:28:35.376081

w4p7obnja04 >> End >> 2020-11-15 17:28:35.563965

uyb2rv6n4mn >> Start >> 2020-11-15 17:31:01.895905

uyb2rv6n4mn >> Image Returned >> 2020-11-15 17:31:01.899117

uyb2rv6n4mn >> End >> 2020-11-15 17:31:02.094793

4t44546k3c0 >> Start >> 2020-11-15 17:36:14.226741

4t44546k3c0 >> Image Returned >> 2020-11-15 17:36:14.231266

4t44546k3c0 >> End >> 2020-11-15 17:36:14.421242

aagumkk07uv >> Start >> 2020-11-15 17:37:31.061423

aagumkk07uv >> Image Returned >> 2020-11-15 17:37:31.066379

aagumkk07uv >> End >> 2020-11-15 17:37:31.282952

cr3m6nu5bvm >> Start >> 2020-11-15 17:38:11.530654

cr3m6nu5bvm >> Image Returned >> 2020-11-15 17:38:11.534060

cr3m6nu5bvm >> End >> 2020-11-15 17:38:11.724690

86acanqqdkw >> Start >> 2020-11-15 17:42:43.423280

86acanqqdkw >> Image Returned >> 2020-11-15 17:42:43.427745

86acanqqdkw >> End >> 2020-11-15 17:42:43.611763

3ru5cx4tsvf >> Start >> 2020-11-15 17:42:53.942751

3ru5cx4tsvf >> Image Returned >> 2020-11-15 17:42:53.943063

3ru5cx4tsvf >> End >> 2020-11-15 17:42:54.126235

nrr3yazhx7z >> Start >> 2020-11-15 17:43:48.361860

nrr3yazhx7z >> Image Returned >> 2020-11-15 17:43:48.366054

nrr3yazhx7z >> End >> 2020-11-15 17:43:48.547552

65xrsm3qdcj >> Start >> 2020-11-15 17:46:17.769346

65xrsm3qdcj >> Image Returned >> 2020-11-15 17:46:17.772813

65xrsm3qdcj >> End >> 2020-11-15 17:46:17.960539

uoprxch6v5o >> Start >> 2020-11-15 17:48:11.835361

uoprxch6v5o >> Image Returned >> 2020-11-15 17:48:11.839076

uoprxch6v5o >> End >> 2020-11-15 17:48:12.029463

gpoig48h50r >> Start >> 2020-11-15 17:52:49.745652

gpoig48h50r >> Image Returned >> 2020-11-15 17:52:49.749887

gpoig48h50r >> End >> 2020-11-15 17:52:49.993130

e3i8wq48fcq >> Start >> 2020-11-15 17:55:31.571389

e3i8wq48fcq >> Image Returned >> 2020-11-15 17:55:31.575649

e3i8wq48fcq >> End >> 2020-11-15 17:55:31.762442

0vofam35dt4 >> Start >> 2020-11-15 17:56:55.909101

0vofam35dt4 >> Image Returned >> 2020-11-15 17:56:55.912378

0vofam35dt4 >> End >> 2020-11-15 17:56:56.099747

f5zwpcfqjhf >> Start >> 2020-11-15 17:57:03.728071

f5zwpcfqjhf >> Image Returned >> 2020-11-15 17:57:03.728353

f5zwpcfqjhf >> End >> 2020-11-15 17:57:03.954714

8b6mewnkd4e >> Start >> 2020-11-15 17:59:33.824943

8b6mewnkd4e >> Image Returned >> 2020-11-15 17:59:33.829257

8b6mewnkd4e >> End >> 2020-11-15 17:59:34.013498

3gd3iizx7i3 >> Start >> 2020-11-15 17:59:53.023614

3gd3iizx7i3 >> Image Returned >> 2020-11-15 17:59:53.026911

3gd3iizx7i3 >> End >> 2020-11-15 17:59:53.244586

6r7brt7hrns >> Start >> 2020-11-15 18:01:24.608267

6r7brt7hrns >> Image Returned >> 2020-11-15 18:01:24.611685

6r7brt7hrns >> End >> 2020-11-15 18:01:24.835918

88u3o5gj3j6 >> Start >> 2020-11-15 18:04:26.340495

88u3o5gj3j6 >> Image Returned >> 2020-11-15 18:04:26.344501

88u3o5gj3j6 >> End >> 2020-11-15 18:04:26.599370

pvo6hnnnsya >> Start >> 2020-11-15 18:11:27.656414

pvo6hnnnsya >> Image Returned >> 2020-11-15 18:11:27.660485

pvo6hnnnsya >> End >> 2020-11-15 18:11:27.848001

oz7ut75tf4k >> Start >> 2020-11-15 18:12:17.100215

oz7ut75tf4k >> Image Returned >> 2020-11-15 18:12:17.103499

oz7ut75tf4k >> End >> 2020-11-15 18:12:17.288021

08hugwyoq5o >> Start >> 2020-11-15 18:12:24.776993

08hugwyoq5o >> Image Returned >> 2020-11-15 18:12:24.777271

08hugwyoq5o >> End >> 2020-11-15 18:12:24.967484

byrbhhi26kd >> Start >> 2020-11-15 18:13:31.400300

byrbhhi26kd >> Image Returned >> 2020-11-15 18:13:31.404630

byrbhhi26kd >> End >> 2020-11-15 18:13:31.713424

ypzhxrenfcx >> Start >> 2020-11-15 18:21:18.651123

ypzhxrenfcx >> Image Returned >> 2020-11-15 18:21:18.655271

ypzhxrenfcx >> End >> 2020-11-15 18:21:18.923280

5k02o4j8ysb >> Start >> 2020-11-15 18:21:30.107616

5k02o4j8ysb >> Image Returned >> 2020-11-15 18:21:30.111613

5k02o4j8ysb >> End >> 2020-11-15 18:21:30.321207

vot3y5dd7cr >> Start >> 2020-11-15 18:23:30.483867

vot3y5dd7cr >> Image Returned >> 2020-11-15 18:23:30.487912

vot3y5dd7cr >> End >> 2020-11-15 18:23:30.677582

5s8e6mpxbyn >> Start >> 2020-11-15 18:24:16.100775

5s8e6mpxbyn >> Image Returned >> 2020-11-15 18:24:16.104135

5s8e6mpxbyn >> End >> 2020-11-15 18:24:16.308216

m2zgiybnmvu >> Start >> 2020-11-15 18:27:50.979958

m2zgiybnmvu >> Image Returned >> 2020-11-15 18:27:50.984153

m2zgiybnmvu >> End >> 2020-11-15 18:27:51.167536

4aid2fvt2w7 >> Start >> 2020-11-15 18:29:26.294837

4aid2fvt2w7 >> Image Returned >> 2020-11-15 18:29:26.299547

4aid2fvt2w7 >> End >> 2020-11-15 18:29:26.488827

0uxih0fmw54 >> Start >> 2020-11-15 18:30:23.278141

0uxih0fmw54 >> Image Returned >> 2020-11-15 18:30:23.281357

0uxih0fmw54 >> End >> 2020-11-15 18:30:23.470638

js88e502bfm >> Start >> 2020-11-15 18:30:41.053818

js88e502bfm >> Image Returned >> 2020-11-15 18:30:41.057672

js88e502bfm >> End >> 2020-11-15 18:30:41.253348

67afd7w7keu >> Start >> 2020-11-15 18:33:55.372415

67afd7w7keu >> Image Returned >> 2020-11-15 18:33:55.376336

67afd7w7keu >> End >> 2020-11-15 18:33:55.559425

df8djgobnfi >> Start >> 2020-11-15 18:34:30.901177

df8djgobnfi >> Image Returned >> 2020-11-15 18:34:30.905112

df8djgobnfi >> End >> 2020-11-15 18:34:31.161834

tvnygtn5vh0 >> Start >> 2020-11-15 18:34:33.992712

tvnygtn5vh0 >> Image Returned >> 2020-11-15 18:34:33.993026

tvnygtn5vh0 >> End >> 2020-11-15 18:34:34.180005

hj4mhzf5se0 >> Start >> 2020-11-15 18:36:47.942234

hj4mhzf5se0 >> Image Returned >> 2020-11-15 18:36:47.946989

hj4mhzf5se0 >> End >> 2020-11-15 18:36:48.134131

fxjyfhckjnk >> Start >> 2020-11-15 18:39:56.329704

fxjyfhckjnk >> Image Returned >> 2020-11-15 18:39:56.333731

fxjyfhckjnk >> End >> 2020-11-15 18:39:56.544735

7n7dzoixjgj >> Start >> 2020-11-15 18:40:17.815239

7n7dzoixjgj >> Image Returned >> 2020-11-15 18:40:17.818635

7n7dzoixjgj >> End >> 2020-11-15 18:40:18.005108

jfk4qrvzso3 >> Start >> 2020-11-15 18:42:05.778727

jfk4qrvzso3 >> Image Returned >> 2020-11-15 18:42:05.783031

jfk4qrvzso3 >> End >> 2020-11-15 18:42:05.966960

4xrbtqfgrtc >> Start >> 2020-11-15 18:50:42.333477

4xrbtqfgrtc >> Image Returned >> 2020-11-15 18:50:42.337212

4xrbtqfgrtc >> End >> 2020-11-15 18:50:42.524322

yian3hzkgjh >> Start >> 2020-11-15 18:50:54.702558

yian3hzkgjh >> Image Returned >> 2020-11-15 18:50:54.705967

yian3hzkgjh >> End >> 2020-11-15 18:50:54.890122

zp8ggk5wnof >> Start >> 2020-11-15 18:51:07.964591

zp8ggk5wnof >> Image Returned >> 2020-11-15 18:51:07.967942

zp8ggk5wnof >> End >> 2020-11-15 18:51:08.214252

u2koqhavkio >> Start >> 2020-11-15 18:51:09.982002

u2koqhavkio >> Image Returned >> 2020-11-15 18:51:09.982275

u2koqhavkio >> End >> 2020-11-15 18:51:10.205704

jqc7sk70rx5 >> Start >> 2020-11-15 18:53:45.674185

jqc7sk70rx5 >> Image Returned >> 2020-11-15 18:53:45.678101

jqc7sk70rx5 >> End >> 2020-11-15 18:53:45.871983

ycz75q7eyxd >> Start >> 2020-11-15 18:54:08.157041

ycz75q7eyxd >> Image Returned >> 2020-11-15 18:54:08.160665

ycz75q7eyxd >> End >> 2020-11-15 18:54:08.365283

oqhoznrtg6s >> Start >> 2020-11-15 18:57:36.381787

oqhoznrtg6s >> Image Returned >> 2020-11-15 18:57:36.386440

oqhoznrtg6s >> End >> 2020-11-15 18:57:36.587444

dqn8s7jqf6m >> Start >> 2020-11-15 18:57:52.908057

dqn8s7jqf6m >> Image Returned >> 2020-11-15 18:57:52.911415

dqn8s7jqf6m >> End >> 2020-11-15 18:57:53.155479

2gjcvi6jh6o >> Start >> 2020-11-15 18:58:04.413098

2gjcvi6jh6o >> Image Returned >> 2020-11-15 18:58:04.416408

2gjcvi6jh6o >> End >> 2020-11-15 18:58:04.599353

crk8msh27ev >> Start >> 2020-11-15 18:58:47.891891

crk8msh27ev >> Image Returned >> 2020-11-15 18:58:47.895751

crk8msh27ev >> End >> 2020-11-15 18:58:48.078376

opu5r4eqz8t >> Start >> 2020-11-15 19:01:00.990487

opu5r4eqz8t >> Image Returned >> 2020-11-15 19:01:00.994431

opu5r4eqz8t >> End >> 2020-11-15 19:01:01.186057

ez6qpfemy3y >> Start >> 2020-11-15 19:03:05.196562

ez6qpfemy3y >> Image Returned >> 2020-11-15 19:03:05.200309

ez6qpfemy3y >> End >> 2020-11-15 19:03:05.412600

iq7y3scyzjx >> Start >> 2020-11-15 19:03:47.773183

iq7y3scyzjx >> Image Returned >> 2020-11-15 19:03:47.776976

iq7y3scyzjx >> End >> 2020-11-15 19:03:47.981340

pbnetuy8mx5 >> Start >> 2020-11-15 19:08:23.128108

pbnetuy8mx5 >> Image Returned >> 2020-11-15 19:08:23.133266

pbnetuy8mx5 >> End >> 2020-11-15 19:08:23.260071

xff2z337vfa >> Start >> 2020-11-15 19:08:23.788573

xff2z337vfa >> Image Returned >> 2020-11-15 19:08:23.788866

xff2z337vfa >> End >> 2020-11-15 19:08:23.967060

srkp6cvupfa >> Start >> 2020-11-15 19:11:07.912256

srkp6cvupfa >> Image Returned >> 2020-11-15 19:11:07.916697

srkp6cvupfa >> End >> 2020-11-15 19:11:08.050203

wm0s2wyzng4 >> Start >> 2020-11-15 19:21:08.324426

wm0s2wyzng4 >> Image Returned >> 2020-11-15 19:21:08.330722

wm0s2wyzng4 >> End >> 2020-11-15 19:21:08.675501

60d4m06t4of >> Start >> 2020-11-15 19:21:43.689155

60d4m06t4of >> Image Returned >> 2020-11-15 19:21:43.693350

60d4m06t4of >> End >> 2020-11-15 19:21:43.876492

xxuqbfwckqa >> Start >> 2020-11-15 19:23:54.070303

xxuqbfwckqa >> Image Returned >> 2020-11-15 19:23:54.074712

xxuqbfwckqa >> End >> 2020-11-15 19:23:54.349772

bt2384s4c02 >> Start >> 2020-11-15 19:27:03.581739

bt2384s4c02 >> Image Returned >> 2020-11-15 19:27:03.586340

bt2384s4c02 >> End >> 2020-11-15 19:27:03.772033

hzt8w444tov >> Start >> 2020-11-15 19:31:21.466809

hzt8w444tov >> Image Returned >> 2020-11-15 19:31:21.470246

hzt8w444tov >> End >> 2020-11-15 19:31:22.054095

oevs5b4s5qx >> Start >> 2020-11-15 19:31:43.531248

oevs5b4s5qx >> Image Returned >> 2020-11-15 19:31:43.534940

oevs5b4s5qx >> End >> 2020-11-15 19:31:43.958739

utzvg5nyxtn >> Start >> 2020-11-15 19:31:47.028181

utzvg5nyxtn >> Image Returned >> 2020-11-15 19:31:47.028467

utzvg5nyxtn >> End >> 2020-11-15 19:31:47.447283

nrrstgq0r7o >> Start >> 2020-11-15 19:32:34.097404

nrrstgq0r7o >> Image Returned >> 2020-11-15 19:32:34.101411

nrrstgq0r7o >> End >> 2020-11-15 19:32:34.437021

x4a2j0qmji5 >> Start >> 2020-11-15 19:33:23.190838

x4a2j0qmji5 >> Image Returned >> 2020-11-15 19:33:23.194324

x4a2j0qmji5 >> End >> 2020-11-15 19:33:23.413028

hfcxa2swgft >> Start >> 2020-11-15 19:33:38.702629

hfcxa2swgft >> Image Returned >> 2020-11-15 19:33:38.706377

hfcxa2swgft >> End >> 2020-11-15 19:33:38.895162

xpitpt3r5qq >> Start >> 2020-11-15 19:33:41.460530

xpitpt3r5qq >> Image Returned >> 2020-11-15 19:33:41.460822

xpitpt3r5qq >> End >> 2020-11-15 19:33:41.687683

28uofsdfs25 >> Start >> 2020-11-15 19:34:17.016624

28uofsdfs25 >> Image Returned >> 2020-11-15 19:34:17.020076

28uofsdfs25 >> End >> 2020-11-15 19:34:17.236927

r3oib5u4q24 >> Start >> 2020-11-15 19:38:06.708278

r3oib5u4q24 >> Image Returned >> 2020-11-15 19:38:06.712666

r3oib5u4q24 >> End >> 2020-11-15 19:38:06.900135

2mbzmpmdm7x >> Start >> 2020-11-15 19:40:05.104187

2mbzmpmdm7x >> Image Returned >> 2020-11-15 19:40:05.107512

2mbzmpmdm7x >> End >> 2020-11-15 19:40:05.291471

jsuaxpymqqk >> Start >> 2020-11-15 19:41:00.056560

jsuaxpymqqk >> Image Returned >> 2020-11-15 19:41:00.060264

jsuaxpymqqk >> End >> 2020-11-15 19:41:00.247340

snsfu0i0xz0 >> Start >> 2020-11-15 19:43:16.810981

snsfu0i0xz0 >> Image Returned >> 2020-11-15 19:43:16.814742

snsfu0i0xz0 >> End >> 2020-11-15 19:43:16.999263

4743uak7wbc >> Start >> 2020-11-15 19:44:43.966187

4743uak7wbc >> Image Returned >> 2020-11-15 19:44:43.970504

4743uak7wbc >> End >> 2020-11-15 19:44:44.168436

quuxvz2hcu0 >> Start >> 2020-11-15 19:46:47.668158

quuxvz2hcu0 >> Image Returned >> 2020-11-15 19:46:47.671955

quuxvz2hcu0 >> End >> 2020-11-15 19:46:47.853107

qjj484vhcc5 >> Start >> 2020-11-15 19:51:07.766330

qjj484vhcc5 >> Image Returned >> 2020-11-15 19:51:07.770617

qjj484vhcc5 >> End >> 2020-11-15 19:51:08.112230

8o0po58dx30 >> Start >> 2020-11-15 19:51:22.712420

8o0po58dx30 >> Image Returned >> 2020-11-15 19:51:22.717132

8o0po58dx30 >> End >> 2020-11-15 19:51:22.923600

v3awgds7qjf >> Start >> 2020-11-15 19:51:34.524286

v3awgds7qjf >> Image Returned >> 2020-11-15 19:51:34.528392

v3awgds7qjf >> End >> 2020-11-15 19:51:34.716984

tt3d462hicg >> Start >> 2020-11-15 19:52:21.127985

tt3d462hicg >> Image Returned >> 2020-11-15 19:52:21.131485

tt3d462hicg >> End >> 2020-11-15 19:52:21.315345

zcoti3hb6wu >> Start >> 2020-11-15 19:55:51.909013

zcoti3hb6wu >> Image Returned >> 2020-11-15 19:55:51.914048

zcoti3hb6wu >> End >> 2020-11-15 19:55:52.096892

2j68atutbq8 >> Start >> 2020-11-15 19:57:41.924280

2j68atutbq8 >> Image Returned >> 2020-11-15 19:57:41.928925

2j68atutbq8 >> End >> 2020-11-15 19:57:42.256753

3htrmi4t6g7 >> Start >> 2020-11-15 19:59:32.791969

3htrmi4t6g7 >> Image Returned >> 2020-11-15 19:59:32.795727

3htrmi4t6g7 >> End >> 2020-11-15 19:59:33.002413

nfaza4vtqav >> Start >> 2020-11-15 20:00:27.655544

nfaza4vtqav >> Image Returned >> 2020-11-15 20:00:27.658987

nfaza4vtqav >> End >> 2020-11-15 20:00:27.843908

bx6pd2h3cz2 >> Start >> 2020-11-15 20:04:26.850266

bx6pd2h3cz2 >> Image Returned >> 2020-11-15 20:04:26.859188

bx6pd2h3cz2 >> End >> 2020-11-15 20:04:27.352077

kqjg28jgabz >> Start >> 2020-11-15 20:07:21.044491

kqjg28jgabz >> Image Returned >> 2020-11-15 20:07:21.049618

kqjg28jgabz >> End >> 2020-11-15 20:07:21.237709

dx6si4b4uxf >> Start >> 2020-11-15 20:11:32.046770

dx6si4b4uxf >> Image Returned >> 2020-11-15 20:11:32.051592

dx6si4b4uxf >> End >> 2020-11-15 20:11:32.234596

qef6uckwvu8 >> Start >> 2020-11-15 20:14:09.232496

qef6uckwvu8 >> Image Returned >> 2020-11-15 20:14:09.236541

qef6uckwvu8 >> End >> 2020-11-15 20:14:09.417907

mz7a456fdnz >> Start >> 2020-11-15 20:14:57.966999

mz7a456fdnz >> Image Returned >> 2020-11-15 20:14:57.971184

mz7a456fdnz >> End >> 2020-11-15 20:14:58.158164

v2z2m4j4bzx >> Start >> 2020-11-15 20:17:35.431001

v2z2m4j4bzx >> Image Returned >> 2020-11-15 20:17:35.434473

v2z2m4j4bzx >> End >> 2020-11-15 20:17:35.619909

2cvv67aeja2 >> Start >> 2020-11-15 20:17:58.210134

2cvv67aeja2 >> Image Returned >> 2020-11-15 20:17:58.213509

2cvv67aeja2 >> End >> 2020-11-15 20:17:58.399552

v6m6vpk7ra3 >> Start >> 2020-11-15 20:20:06.899338

v6m6vpk7ra3 >> Image Returned >> 2020-11-15 20:20:06.902654

v6m6vpk7ra3 >> End >> 2020-11-15 20:20:07.124952

xn8qr7e5rsd >> Start >> 2020-11-15 20:20:37.897638

xn8qr7e5rsd >> Image Returned >> 2020-11-15 20:20:37.901595

xn8qr7e5rsd >> End >> 2020-11-15 20:20:38.088176

dey6zdzzenq >> Start >> 2020-11-15 20:23:04.912718

dey6zdzzenq >> Image Returned >> 2020-11-15 20:23:04.916975

dey6zdzzenq >> End >> 2020-11-15 20:23:05.271960

6aer3ci5key >> Start >> 2020-11-15 20:23:15.373935

6aer3ci5key >> Image Returned >> 2020-11-15 20:23:15.374228

6aer3ci5key >> End >> 2020-11-15 20:23:15.963120

3grf2f2wm6t >> Start >> 2020-11-15 20:25:10.999097

3grf2f2wm6t >> Image Returned >> 2020-11-15 20:25:11.002824

3grf2f2wm6t >> End >> 2020-11-15 20:25:11.204905

mv6suaew0sm >> Start >> 2020-11-15 20:26:39.146234

mv6suaew0sm >> Image Returned >> 2020-11-15 20:26:39.150772

mv6suaew0sm >> End >> 2020-11-15 20:26:39.348033

fkmecd47t2f >> Start >> 2020-11-15 20:28:45.726809

fkmecd47t2f >> Image Returned >> 2020-11-15 20:28:45.731050

fkmecd47t2f >> End >> 2020-11-15 20:28:45.917306

uybw6bm45zc >> Start >> 2020-11-15 20:31:24.967308

uybw6bm45zc >> Image Returned >> 2020-11-15 20:31:24.970866

uybw6bm45zc >> End >> 2020-11-15 20:31:25.151173

f0odr4ravw5 >> Start >> 2020-11-15 20:32:03.704973

f0odr4ravw5 >> Image Returned >> 2020-11-15 20:32:03.708890

f0odr4ravw5 >> End >> 2020-11-15 20:32:03.889756

ndto4jdm3qj >> Start >> 2020-11-15 20:32:35.292033

ndto4jdm3qj >> Image Returned >> 2020-11-15 20:32:35.296276

ndto4jdm3qj >> End >> 2020-11-15 20:32:35.548863

hec4vo5szyu >> Start >> 2020-11-15 20:34:05.756869

hec4vo5szyu >> Image Returned >> 2020-11-15 20:34:05.760313

hec4vo5szyu >> End >> 2020-11-15 20:34:05.946429

4ucv4qtmn3w >> Start >> 2020-11-15 20:38:27.439943

4ucv4qtmn3w >> Image Returned >> 2020-11-15 20:38:27.445235

4ucv4qtmn3w >> End >> 2020-11-15 20:38:27.647320

2udwojxee3j >> Start >> 2020-11-15 20:39:59.236869

2udwojxee3j >> Image Returned >> 2020-11-15 20:39:59.240636

2udwojxee3j >> End >> 2020-11-15 20:39:59.435055

wzhjvf6ygd0 >> Start >> 2020-11-15 20:41:39.464087

wzhjvf6ygd0 >> Image Returned >> 2020-11-15 20:41:39.468238

wzhjvf6ygd0 >> End >> 2020-11-15 20:41:39.662806

ckgc2bosprz >> Start >> 2020-11-15 20:43:20.836823

ckgc2bosprz >> Image Returned >> 2020-11-15 20:43:20.840536

ckgc2bosprz >> End >> 2020-11-15 20:43:21.030961

gc56qewrh8t >> Start >> 2020-11-15 20:43:47.015939

gc56qewrh8t >> Image Returned >> 2020-11-15 20:43:47.019334

gc56qewrh8t >> End >> 2020-11-15 20:43:47.376852

0g5bytbhmfs >> Start >> 2020-11-15 20:47:29.910170

0g5bytbhmfs >> Image Returned >> 2020-11-15 20:47:29.913942

0g5bytbhmfs >> End >> 2020-11-15 20:47:30.104799

cpwe0iv8wnv >> Start >> 2020-11-15 20:50:14.624180

cpwe0iv8wnv >> Image Returned >> 2020-11-15 20:50:14.627562

cpwe0iv8wnv >> End >> 2020-11-15 20:50:14.809940

jkmuvyfnzk5 >> Start >> 2020-11-15 20:52:00.324213

jkmuvyfnzk5 >> Image Returned >> 2020-11-15 20:52:00.327676

jkmuvyfnzk5 >> End >> 2020-11-15 20:52:00.513295

8ia5r4yqh72 >> Start >> 2020-11-15 20:55:56.843024

8ia5r4yqh72 >> Image Returned >> 2020-11-15 20:55:56.846869

8ia5r4yqh72 >> End >> 2020-11-15 20:55:57.027077

ad66ags8fkd >> Start >> 2020-11-15 21:01:45.875392

ad66ags8fkd >> Image Returned >> 2020-11-15 21:01:45.879291

ad66ags8fkd >> End >> 2020-11-15 21:01:46.069324

qy4pc406656 >> Start >> 2020-11-15 21:02:57.075263

qy4pc406656 >> Image Returned >> 2020-11-15 21:02:57.079108

qy4pc406656 >> End >> 2020-11-15 21:02:57.268975

ykmyzdsrjso >> Start >> 2020-11-15 21:05:51.349174

ykmyzdsrjso >> Image Returned >> 2020-11-15 21:05:51.352744

ykmyzdsrjso >> End >> 2020-11-15 21:05:51.540275

3a8dk2ufgxh >> Start >> 2020-11-15 21:05:54.486340

3a8dk2ufgxh >> Image Returned >> 2020-11-15 21:05:54.486629

3a8dk2ufgxh >> End >> 2020-11-15 21:05:54.672458

iexx34q3u58 >> Start >> 2020-11-15 21:07:33.816808

iexx34q3u58 >> Image Returned >> 2020-11-15 21:07:33.821012

iexx34q3u58 >> End >> 2020-11-15 21:07:34.006942

ibrhdmzx05y >> Start >> 2020-11-15 21:08:48.783458

ibrhdmzx05y >> Image Returned >> 2020-11-15 21:08:48.786858

ibrhdmzx05y >> End >> 2020-11-15 21:08:48.978514

mqyxr4gihji >> Start >> 2020-11-15 21:10:41.094182

mqyxr4gihji >> Image Returned >> 2020-11-15 21:10:41.098259

mqyxr4gihji >> End >> 2020-11-15 21:10:41.289278

i5etbh5jayn >> Start >> 2020-11-15 21:13:49.179451

i5etbh5jayn >> Image Returned >> 2020-11-15 21:13:49.182828

i5etbh5jayn >> End >> 2020-11-15 21:13:49.364393

k5stftfe2no >> Start >> 2020-11-15 21:17:25.849631

k5stftfe2no >> Image Returned >> 2020-11-15 21:17:25.853097

k5stftfe2no >> End >> 2020-11-15 21:17:26.046114

dpzojs0incn >> Start >> 2020-11-15 21:17:48.495754

dpzojs0incn >> Image Returned >> 2020-11-15 21:17:48.500396

dpzojs0incn >> End >> 2020-11-15 21:17:48.859570

8od8dmczkvk >> Start >> 2020-11-15 21:17:53.881398

8od8dmczkvk >> Image Returned >> 2020-11-15 21:17:53.881690

8od8dmczkvk >> End >> 2020-11-15 21:17:54.280745

bdvxcc0nk6y >> Start >> 2020-11-15 21:18:16.554115

bdvxcc0nk6y >> Image Returned >> 2020-11-15 21:18:16.557527

bdvxcc0nk6y >> End >> 2020-11-15 21:18:16.754174

njm4ky0knk7 >> Start >> 2020-11-15 21:21:42.672491

njm4ky0knk7 >> Image Returned >> 2020-11-15 21:21:42.676791

njm4ky0knk7 >> End >> 2020-11-15 21:21:42.870198

a70aw8oieuw >> Start >> 2020-11-15 21:27:00.739379

a70aw8oieuw >> Image Returned >> 2020-11-15 21:27:00.742924

a70aw8oieuw >> End >> 2020-11-15 21:27:00.926354

0vqztwo3b08 >> Start >> 2020-11-15 21:31:16.335259

0vqztwo3b08 >> Image Returned >> 2020-11-15 21:31:16.338694

0vqztwo3b08 >> End >> 2020-11-15 21:31:16.525765

iau5t5cyad4 >> Start >> 2020-11-15 21:31:44.228631

iau5t5cyad4 >> Image Returned >> 2020-11-15 21:31:44.232644

iau5t5cyad4 >> End >> 2020-11-15 21:31:44.418124

akvpszps7es >> Start >> 2020-11-15 21:37:14.711204

akvpszps7es >> Image Returned >> 2020-11-15 21:37:14.714730

akvpszps7es >> End >> 2020-11-15 21:37:14.917494

a0uwzpasp07 >> Start >> 2020-11-15 21:37:23.846137

a0uwzpasp07 >> Image Returned >> 2020-11-15 21:37:23.846795

a0uwzpasp07 >> End >> 2020-11-15 21:37:24.030145

q8e523vrdjc >> Start >> 2020-11-15 21:41:09.942609

q8e523vrdjc >> Image Returned >> 2020-11-15 21:41:09.946104

q8e523vrdjc >> End >> 2020-11-15 21:41:10.140480

myy648zf0w4 >> Start >> 2020-11-15 21:42:00.897192

myy648zf0w4 >> Image Returned >> 2020-11-15 21:42:00.901365

myy648zf0w4 >> End >> 2020-11-15 21:42:01.089917

e3uxctohpub >> Start >> 2020-11-15 21:42:05.078147

e3uxctohpub >> Image Returned >> 2020-11-15 21:42:05.078461

e3uxctohpub >> End >> 2020-11-15 21:42:05.266815

ajonu4v335m >> Start >> 2020-11-15 21:44:52.532629

ajonu4v335m >> Image Returned >> 2020-11-15 21:44:52.537029

ajonu4v335m >> End >> 2020-11-15 21:44:52.723822

6awbfjsk7t4 >> Start >> 2020-11-15 21:45:01.239217

6awbfjsk7t4 >> Image Returned >> 2020-11-15 21:45:01.239531

6awbfjsk7t4 >> End >> 2020-11-15 21:45:01.431991

nf4obmb72xt >> Start >> 2020-11-15 21:45:51.303440

nf4obmb72xt >> Image Returned >> 2020-11-15 21:45:51.307286

nf4obmb72xt >> End >> 2020-11-15 21:45:51.493478

fdmi27t3tn8 >> Start >> 2020-11-15 21:46:25.201066

fdmi27t3tn8 >> Image Returned >> 2020-11-15 21:46:25.204540

fdmi27t3tn8 >> End >> 2020-11-15 21:46:25.395195

m50bcs0xpj3 >> Start >> 2020-11-15 21:48:37.245452

m50bcs0xpj3 >> Image Returned >> 2020-11-15 21:48:37.250303

m50bcs0xpj3 >> End >> 2020-11-15 21:48:37.449704

meij3aowfgs >> Start >> 2020-11-15 21:51:59.417007

meij3aowfgs >> Image Returned >> 2020-11-15 21:51:59.421782

meij3aowfgs >> End >> 2020-11-15 21:51:59.601813

mntf2563j6x >> Start >> 2020-11-15 21:56:20.463229

mntf2563j6x >> Image Returned >> 2020-11-15 21:56:20.468605

mntf2563j6x >> End >> 2020-11-15 21:56:20.655253

ddjzc2v8kz7 >> Start >> 2020-11-15 21:57:27.645124

ddjzc2v8kz7 >> Image Returned >> 2020-11-15 21:57:27.649029

ddjzc2v8kz7 >> End >> 2020-11-15 21:57:27.829724

zzasagqmdfi >> Start >> 2020-11-15 22:06:26.673227

zzasagqmdfi >> Image Returned >> 2020-11-15 22:06:26.676805

zzasagqmdfi >> End >> 2020-11-15 22:06:26.867228

ayqimbyh5j3 >> Start >> 2020-11-15 22:06:48.011538

ayqimbyh5j3 >> Image Returned >> 2020-11-15 22:06:48.015520

ayqimbyh5j3 >> End >> 2020-11-15 22:06:48.203288

ws2c4f72zwr >> Start >> 2020-11-15 22:09:09.226234

ws2c4f72zwr >> Image Returned >> 2020-11-15 22:09:09.230003

ws2c4f72zwr >> End >> 2020-11-15 22:09:09.427912

u76b4dpktte >> Start >> 2020-11-15 22:09:19.394498

u76b4dpktte >> Image Returned >> 2020-11-15 22:09:19.394788

u76b4dpktte >> End >> 2020-11-15 22:09:19.592206

yheqmew4bb6 >> Start >> 2020-11-15 22:21:37.155260

yheqmew4bb6 >> Image Returned >> 2020-11-15 22:21:37.160228

yheqmew4bb6 >> End >> 2020-11-15 22:21:37.345635

xasjuab64ti >> Start >> 2020-11-15 22:22:26.210376

xasjuab64ti >> Image Returned >> 2020-11-15 22:22:26.214003

xasjuab64ti >> End >> 2020-11-15 22:22:26.408479

2mkie5a6rz2 >> Start >> 2020-11-15 22:28:02.933110

2mkie5a6rz2 >> Image Returned >> 2020-11-15 22:28:02.937643

2mkie5a6rz2 >> End >> 2020-11-15 22:28:03.132625

kn7mzj0k7s3 >> Start >> 2020-11-15 22:28:30.859385

kn7mzj0k7s3 >> Image Returned >> 2020-11-15 22:28:30.862793

kn7mzj0k7s3 >> End >> 2020-11-15 22:28:31.073753

cuc07xynen5 >> Start >> 2020-11-15 22:31:43.289172

cuc07xynen5 >> Image Returned >> 2020-11-15 22:31:43.293282

cuc07xynen5 >> End >> 2020-11-15 22:31:43.537240

35etwdxrkss >> Start >> 2020-11-15 22:31:55.992625

35etwdxrkss >> Image Returned >> 2020-11-15 22:31:55.996098

35etwdxrkss >> End >> 2020-11-15 22:31:56.187654

jwbidzbarfh >> Start >> 2020-11-15 22:32:54.779715

jwbidzbarfh >> Image Returned >> 2020-11-15 22:32:54.784179

jwbidzbarfh >> End >> 2020-11-15 22:32:54.975205

yn5z0vddid6 >> Start >> 2020-11-15 22:34:11.360192

yn5z0vddid6 >> Image Returned >> 2020-11-15 22:34:11.364291

yn5z0vddid6 >> End >> 2020-11-15 22:34:11.554183

0zaycyicqiu >> Start >> 2020-11-15 22:39:21.654623

0zaycyicqiu >> Image Returned >> 2020-11-15 22:39:21.664098

0zaycyicqiu >> End >> 2020-11-15 22:39:21.854815

pr4javpzkoh >> Start >> 2020-11-15 22:39:54.983223

pr4javpzkoh >> Image Returned >> 2020-11-15 22:39:54.987728

pr4javpzkoh >> End >> 2020-11-15 22:39:55.197186

rb3uhtohooe >> Start >> 2020-11-15 22:42:02.879575

rb3uhtohooe >> Image Returned >> 2020-11-15 22:42:02.884361

rb3uhtohooe >> End >> 2020-11-15 22:42:03.073446

oan3nnywzoy >> Start >> 2020-11-15 22:50:23.514581

oan3nnywzoy >> Image Returned >> 2020-11-15 22:50:23.518548

oan3nnywzoy >> End >> 2020-11-15 22:50:23.700232

30xyf3wyaj7 >> Start >> 2020-11-15 22:54:24.001532

30xyf3wyaj7 >> Image Returned >> 2020-11-15 22:54:24.007381

30xyf3wyaj7 >> End >> 2020-11-15 22:54:24.304891

n0u4tk6vhoc >> Start >> 2020-11-15 22:54:36.616723

n0u4tk6vhoc >> Image Returned >> 2020-11-15 22:54:36.621052

n0u4tk6vhoc >> End >> 2020-11-15 22:54:36.835488

ay5tkoi8323 >> Start >> 2020-11-15 23:05:15.475069

ay5tkoi8323 >> Image Returned >> 2020-11-15 23:05:15.479245

ay5tkoi8323 >> End >> 2020-11-15 23:05:15.697122

2sjybiw4hyv >> Start >> 2020-11-15 23:11:39.956779

2sjybiw4hyv >> Image Returned >> 2020-11-15 23:11:39.961245

2sjybiw4hyv >> End >> 2020-11-15 23:11:40.147234

cyrerxieo3p >> Start >> 2020-11-15 23:19:22.825921

cyrerxieo3p >> Image Returned >> 2020-11-15 23:19:22.829840

cyrerxieo3p >> End >> 2020-11-15 23:19:23.037678

36dk5rcb6x4 >> Start >> 2020-11-15 23:23:09.978300

36dk5rcb6x4 >> Image Returned >> 2020-11-15 23:23:09.982669

36dk5rcb6x4 >> End >> 2020-11-15 23:23:10.170784

4k42yyvxj2b >> Start >> 2020-11-15 23:25:54.542151

4k42yyvxj2b >> Image Returned >> 2020-11-15 23:25:54.546330

4k42yyvxj2b >> End >> 2020-11-15 23:25:54.744467

bj8nfi3j6c0 >> Start >> 2020-11-15 23:26:57.494549

bj8nfi3j6c0 >> Image Returned >> 2020-11-15 23:26:57.498970

bj8nfi3j6c0 >> End >> 2020-11-15 23:26:57.698662

ubbmzkhzzyr >> Start >> 2020-11-15 23:29:24.634552

ubbmzkhzzyr >> Image Returned >> 2020-11-15 23:29:24.638062

ubbmzkhzzyr >> End >> 2020-11-15 23:29:24.834489

boxyny8ve3c >> Start >> 2020-11-15 23:30:14.730571

boxyny8ve3c >> Image Returned >> 2020-11-15 23:30:14.734549

boxyny8ve3c >> End >> 2020-11-15 23:30:14.924304

tge06ukccgs >> Start >> 2020-11-15 23:31:29.999869

tge06ukccgs >> Image Returned >> 2020-11-15 23:31:30.003396

tge06ukccgs >> End >> 2020-11-15 23:31:30.195595

o7k6kivvnfd >> Start >> 2020-11-15 23:39:04.399039

o7k6kivvnfd >> Image Returned >> 2020-11-15 23:39:04.402837

o7k6kivvnfd >> End >> 2020-11-15 23:39:04.594446

ndyv8ve50us >> Start >> 2020-11-15 23:40:24.340483

ndyv8ve50us >> Image Returned >> 2020-11-15 23:40:24.345426

ndyv8ve50us >> End >> 2020-11-15 23:40:24.563112

e6p6txgk8de >> Start >> 2020-11-15 23:43:55.819586

e6p6txgk8de >> Image Returned >> 2020-11-15 23:43:55.824522

e6p6txgk8de >> End >> 2020-11-15 23:43:56.007821

nti4biv5jof >> Start >> 2020-11-15 23:49:42.225116

nti4biv5jof >> Image Returned >> 2020-11-15 23:49:42.229129

nti4biv5jof >> End >> 2020-11-15 23:49:42.418850

dcrb3jsapyd >> Start >> 2020-11-15 23:54:23.515091

dcrb3jsapyd >> Image Returned >> 2020-11-15 23:54:23.518631

dcrb3jsapyd >> End >> 2020-11-15 23:54:23.710000

