03jyindexfn >> Start >> 2020-09-06 00:12:17.620348

03jyindexfn >> Image Returned >> 2020-09-06 00:12:17.624577

03jyindexfn >> End >> 2020-09-06 00:12:17.781806

0pnad4unbz0 >> Start >> 2020-09-06 01:38:23.124835

0pnad4unbz0 >> Image Returned >> 2020-09-06 01:38:23.128627

0pnad4unbz0 >> End >> 2020-09-06 01:38:23.278364

brgya8zt8mi >> Start >> 2020-09-06 01:41:03.675450

brgya8zt8mi >> Image Returned >> 2020-09-06 01:41:03.679498

brgya8zt8mi >> End >> 2020-09-06 01:41:03.827559

2to7vxvug6v >> Start >> 2020-09-06 01:41:53.996268

2to7vxvug6v >> Image Returned >> 2020-09-06 01:41:54.000509

2to7vxvug6v >> End >> 2020-09-06 01:41:54.144968

445dn84h3tp >> Start >> 2020-09-06 02:33:31.686055

445dn84h3tp >> Image Returned >> 2020-09-06 02:33:31.689291

445dn84h3tp >> End >> 2020-09-06 02:33:31.857693

j8te8b24xtd >> Start >> 2020-09-06 02:33:39.616770

j8te8b24xtd >> Image Returned >> 2020-09-06 02:33:39.617137

j8te8b24xtd >> End >> 2020-09-06 02:33:39.764173

im6wkipofzq >> Start >> 2020-09-06 02:39:37.023776

im6wkipofzq >> Image Returned >> 2020-09-06 02:39:37.027791

im6wkipofzq >> End >> 2020-09-06 02:39:37.179244

copesbptqt0 >> Start >> 2020-09-06 03:03:24.022114

copesbptqt0 >> Image Returned >> 2020-09-06 03:03:24.027236

copesbptqt0 >> End >> 2020-09-06 03:03:24.187305

d8o2a3cxz0a >> Start >> 2020-09-06 03:58:28.442694

d8o2a3cxz0a >> Image Returned >> 2020-09-06 03:58:28.449210

d8o2a3cxz0a >> End >> 2020-09-06 03:58:28.571085

7jxip45ew5r >> Start >> 2020-09-06 03:59:18.057145

7jxip45ew5r >> Image Returned >> 2020-09-06 03:59:18.060931

7jxip45ew5r >> End >> 2020-09-06 03:59:18.210995

m3f3fqbzaz4 >> Start >> 2020-09-06 04:13:25.437946

m3f3fqbzaz4 >> Image Returned >> 2020-09-06 04:13:25.441214

m3f3fqbzaz4 >> End >> 2020-09-06 04:13:25.585979

k4w7hhkk2n8 >> Start >> 2020-09-06 05:16:13.191266

k4w7hhkk2n8 >> Image Returned >> 2020-09-06 05:16:13.194551

k4w7hhkk2n8 >> End >> 2020-09-06 05:16:13.355443

zt8j4gtdnxh >> Start >> 2020-09-06 05:53:58.154606

zt8j4gtdnxh >> Image Returned >> 2020-09-06 05:53:58.159436

zt8j4gtdnxh >> End >> 2020-09-06 05:53:58.320220

fd8p4wpgoad >> Start >> 2020-09-06 05:55:16.926565

fd8p4wpgoad >> Image Returned >> 2020-09-06 05:55:16.930727

fd8p4wpgoad >> End >> 2020-09-06 05:55:17.093962

ipc8wa7k0fe >> Start >> 2020-09-06 06:05:10.303987

ipc8wa7k0fe >> Image Returned >> 2020-09-06 06:05:10.309973

ipc8wa7k0fe >> End >> 2020-09-06 06:05:10.478205

jesipt5uwdb >> Start >> 2020-09-06 06:17:24.696517

jesipt5uwdb >> Image Returned >> 2020-09-06 06:17:24.700381

jesipt5uwdb >> End >> 2020-09-06 06:17:24.846157

u3g5vgbp2j4 >> Start >> 2020-09-06 06:20:18.472014

u3g5vgbp2j4 >> Image Returned >> 2020-09-06 06:20:18.476516

u3g5vgbp2j4 >> End >> 2020-09-06 06:20:18.636631

d7e6oipjncj >> Start >> 2020-09-06 06:47:06.738709

d7e6oipjncj >> Image Returned >> 2020-09-06 06:47:06.742249

d7e6oipjncj >> End >> 2020-09-06 06:47:06.888046

7utu3bruazq >> Start >> 2020-09-06 06:54:39.224726

7utu3bruazq >> Image Returned >> 2020-09-06 06:54:39.229707

7utu3bruazq >> End >> 2020-09-06 06:54:39.386226

iycn0kpxh7q >> Start >> 2020-09-06 07:12:25.198638

iycn0kpxh7q >> Image Returned >> 2020-09-06 07:12:25.202913

iycn0kpxh7q >> End >> 2020-09-06 07:12:25.358906

qzifo3tjygt >> Start >> 2020-09-06 07:13:43.851279

qzifo3tjygt >> Image Returned >> 2020-09-06 07:13:43.854574

qzifo3tjygt >> End >> 2020-09-06 07:13:44.007388

7fp6dfje2cn >> Start >> 2020-09-06 07:15:10.868228

7fp6dfje2cn >> Image Returned >> 2020-09-06 07:15:10.872967

7fp6dfje2cn >> End >> 2020-09-06 07:15:11.019702

0vhh2gvu2c4 >> Start >> 2020-09-06 07:43:16.065807

0vhh2gvu2c4 >> Image Returned >> 2020-09-06 07:43:16.070281

0vhh2gvu2c4 >> End >> 2020-09-06 07:43:16.222085

gvwwuoqw8jg >> Start >> 2020-09-06 07:45:43.370556

gvwwuoqw8jg >> Image Returned >> 2020-09-06 07:45:43.375004

gvwwuoqw8jg >> End >> 2020-09-06 07:45:43.525279

o05evep4m7c >> Start >> 2020-09-06 07:48:40.407181

o05evep4m7c >> Image Returned >> 2020-09-06 07:48:40.411376

o05evep4m7c >> End >> 2020-09-06 07:48:40.557928

7wyueua4x8o >> Start >> 2020-09-06 07:49:21.134733

7wyueua4x8o >> Image Returned >> 2020-09-06 07:49:21.138971

7wyueua4x8o >> End >> 2020-09-06 07:49:21.286015

ctgxd8tmeff >> Start >> 2020-09-06 07:55:01.356616

ctgxd8tmeff >> Image Returned >> 2020-09-06 07:55:01.361560

ctgxd8tmeff >> End >> 2020-09-06 07:55:01.524099

tjk2kekrsre >> Start >> 2020-09-06 07:55:23.515490

tjk2kekrsre >> Image Returned >> 2020-09-06 07:55:23.518695

tjk2kekrsre >> End >> 2020-09-06 07:55:23.662048

p6oyz2kdbfv >> Start >> 2020-09-06 07:56:05.867779

p6oyz2kdbfv >> Image Returned >> 2020-09-06 07:56:05.871718

p6oyz2kdbfv >> End >> 2020-09-06 07:56:06.022588

tuz7sb6p0o7 >> Start >> 2020-09-06 08:01:16.427237

tuz7sb6p0o7 >> Image Returned >> 2020-09-06 08:01:16.432260

tuz7sb6p0o7 >> End >> 2020-09-06 08:01:16.613857

5so3gvbjyrw >> Start >> 2020-09-06 08:08:08.866178

5so3gvbjyrw >> Image Returned >> 2020-09-06 08:08:08.870722

5so3gvbjyrw >> End >> 2020-09-06 08:08:09.026514

s0jnpns2rmf >> Start >> 2020-09-06 08:12:47.933336

s0jnpns2rmf >> Image Returned >> 2020-09-06 08:12:47.937485

s0jnpns2rmf >> End >> 2020-09-06 08:12:48.087112

khgpezb2jco >> Start >> 2020-09-06 08:13:02.928168

khgpezb2jco >> Image Returned >> 2020-09-06 08:13:02.931399

khgpezb2jco >> End >> 2020-09-06 08:13:03.100147

tuao7ywaz5c >> Start >> 2020-09-06 08:13:03.220233

tuao7ywaz5c >> Image Returned >> 2020-09-06 08:13:03.220536

tuao7ywaz5c >> End >> 2020-09-06 08:13:03.380685

qo47ihds0cf >> Start >> 2020-09-06 08:29:13.516482

qo47ihds0cf >> Image Returned >> 2020-09-06 08:29:13.521254

qo47ihds0cf >> End >> 2020-09-06 08:29:13.671258

nyqdgxab0wz >> Start >> 2020-09-06 08:38:35.383227

nyqdgxab0wz >> Image Returned >> 2020-09-06 08:38:35.387294

nyqdgxab0wz >> End >> 2020-09-06 08:38:35.552778

6zucxsyuuvg >> Start >> 2020-09-06 08:42:57.965868

6zucxsyuuvg >> Image Returned >> 2020-09-06 08:42:57.970683

6zucxsyuuvg >> End >> 2020-09-06 08:42:58.124852

fdsg8206d6m >> Start >> 2020-09-06 08:44:16.424583

fdsg8206d6m >> Image Returned >> 2020-09-06 08:44:16.428057

fdsg8206d6m >> End >> 2020-09-06 08:44:16.585088

rixwre2v87z >> Start >> 2020-09-06 08:53:39.741049

rixwre2v87z >> Image Returned >> 2020-09-06 08:53:39.744621

rixwre2v87z >> End >> 2020-09-06 08:53:39.889899

xfv7uzkkj2n >> Start >> 2020-09-06 08:55:37.900132

xfv7uzkkj2n >> Image Returned >> 2020-09-06 08:55:37.904159

xfv7uzkkj2n >> End >> 2020-09-06 08:55:38.058037

knpizyam238 >> Start >> 2020-09-06 09:00:12.522916

knpizyam238 >> Image Returned >> 2020-09-06 09:00:12.527277

knpizyam238 >> End >> 2020-09-06 09:00:12.678080

u6y0dsfevrx >> Start >> 2020-09-06 09:10:08.902266

u6y0dsfevrx >> Image Returned >> 2020-09-06 09:10:08.905745

u6y0dsfevrx >> End >> 2020-09-06 09:10:09.055079

hei2qgbwze8 >> Start >> 2020-09-06 09:25:33.765503

hei2qgbwze8 >> Image Returned >> 2020-09-06 09:25:33.769279

hei2qgbwze8 >> End >> 2020-09-06 09:25:33.944416

ym627yyvoks >> Start >> 2020-09-06 09:34:00.488758

ym627yyvoks >> Image Returned >> 2020-09-06 09:34:00.492572

ym627yyvoks >> End >> 2020-09-06 09:34:00.644449

3xqfauzm0jg >> Start >> 2020-09-06 09:39:39.613178

3xqfauzm0jg >> Image Returned >> 2020-09-06 09:39:39.616750

3xqfauzm0jg >> End >> 2020-09-06 09:39:39.738986

j3nce65ap0m >> Start >> 2020-09-06 09:59:36.648920

j3nce65ap0m >> Image Returned >> 2020-09-06 09:59:36.652703

j3nce65ap0m >> End >> 2020-09-06 09:59:36.837301

n625hve5rgq >> Start >> 2020-09-06 10:00:32.651330

n625hve5rgq >> Image Returned >> 2020-09-06 10:00:32.654642

n625hve5rgq >> End >> 2020-09-06 10:00:32.803971

4ixhb2nf3ke >> Start >> 2020-09-06 10:00:51.255548

4ixhb2nf3ke >> Image Returned >> 2020-09-06 10:00:51.258830

4ixhb2nf3ke >> End >> 2020-09-06 10:00:51.410832

cyzkimv7isj >> Start >> 2020-09-06 10:05:08.245299

cyzkimv7isj >> Image Returned >> 2020-09-06 10:05:08.249609

cyzkimv7isj >> End >> 2020-09-06 10:05:08.398016

x6chf6npgks >> Start >> 2020-09-06 10:05:23.045433

x6chf6npgks >> Image Returned >> 2020-09-06 10:05:23.048963

x6chf6npgks >> End >> 2020-09-06 10:05:23.196228

z7ipz58yhqn >> Start >> 2020-09-06 10:10:27.402019

z7ipz58yhqn >> Image Returned >> 2020-09-06 10:10:27.405417

z7ipz58yhqn >> End >> 2020-09-06 10:10:27.564136

0x4crk0wqkc >> Start >> 2020-09-06 10:25:45.035145

0x4crk0wqkc >> Image Returned >> 2020-09-06 10:25:45.038999

0x4crk0wqkc >> End >> 2020-09-06 10:25:45.192118

3tap7kn6nhw >> Start >> 2020-09-06 10:30:03.224929

3tap7kn6nhw >> Image Returned >> 2020-09-06 10:30:03.228526

3tap7kn6nhw >> End >> 2020-09-06 10:30:03.383028

k0ic2ad4bkj >> Start >> 2020-09-06 10:39:48.692847

k0ic2ad4bkj >> Image Returned >> 2020-09-06 10:39:48.696502

k0ic2ad4bkj >> End >> 2020-09-06 10:39:48.860203

4m5cr7q4f2p >> Start >> 2020-09-06 11:01:05.222135

4m5cr7q4f2p >> Image Returned >> 2020-09-06 11:01:05.225719

4m5cr7q4f2p >> End >> 2020-09-06 11:01:05.372391

chpqbeouzvw >> Start >> 2020-09-06 11:05:11.876318

chpqbeouzvw >> Image Returned >> 2020-09-06 11:05:11.883419

chpqbeouzvw >> End >> 2020-09-06 11:05:12.032907

sa7wydvbsmr >> Start >> 2020-09-06 11:10:05.302675

sa7wydvbsmr >> Image Returned >> 2020-09-06 11:10:05.308027

sa7wydvbsmr >> End >> 2020-09-06 11:10:05.479768

g4nrqaihmme >> Start >> 2020-09-06 11:10:30.883292

g4nrqaihmme >> Image Returned >> 2020-09-06 11:10:30.886591

g4nrqaihmme >> End >> 2020-09-06 11:10:31.032120

hddjfbt2rsf >> Start >> 2020-09-06 11:29:04.908726

hddjfbt2rsf >> Image Returned >> 2020-09-06 11:29:04.909317

hddjfbt2rsf >> End >> 2020-09-06 11:29:05.077861

4yr3zatoqtx >> Start >> 2020-09-06 11:29:47.177025

4yr3zatoqtx >> Image Returned >> 2020-09-06 11:29:47.180346

4yr3zatoqtx >> End >> 2020-09-06 11:29:47.339278

v4y0qfbb8b7 >> Start >> 2020-09-06 11:32:29.070086

v4y0qfbb8b7 >> Image Returned >> 2020-09-06 11:32:29.073539

v4y0qfbb8b7 >> End >> 2020-09-06 11:32:29.224647

7vy5brqeax4 >> Start >> 2020-09-06 11:35:15.043562

7vy5brqeax4 >> Image Returned >> 2020-09-06 11:35:15.047714

7vy5brqeax4 >> End >> 2020-09-06 11:35:15.196480

y7hqyi5bq5r >> Start >> 2020-09-06 11:36:09.603163

y7hqyi5bq5r >> Image Returned >> 2020-09-06 11:36:09.607275

y7hqyi5bq5r >> End >> 2020-09-06 11:36:09.775953

jeoa3cxhzar >> Start >> 2020-09-06 11:37:09.755438

jeoa3cxhzar >> Image Returned >> 2020-09-06 11:37:09.759754

jeoa3cxhzar >> End >> 2020-09-06 11:37:09.913244

xb2um33v45b >> Start >> 2020-09-06 11:52:59.417759

xb2um33v45b >> Image Returned >> 2020-09-06 11:52:59.423800

xb2um33v45b >> End >> 2020-09-06 11:52:59.592458

wgyb5fkntik >> Start >> 2020-09-06 11:57:32.769716

wgyb5fkntik >> Image Returned >> 2020-09-06 11:57:32.773546

wgyb5fkntik >> End >> 2020-09-06 11:57:32.925729

gmnaebs8yc5 >> Start >> 2020-09-06 12:00:40.626923

gmnaebs8yc5 >> Image Returned >> 2020-09-06 12:00:40.630980

gmnaebs8yc5 >> End >> 2020-09-06 12:00:40.802253

yzbs0p5job0 >> Start >> 2020-09-06 12:09:11.912142

yzbs0p5job0 >> Image Returned >> 2020-09-06 12:09:11.916204

yzbs0p5job0 >> End >> 2020-09-06 12:09:12.068994

szmazgnsvb7 >> Start >> 2020-09-06 12:20:01.827603

szmazgnsvb7 >> Image Returned >> 2020-09-06 12:20:01.834110

szmazgnsvb7 >> End >> 2020-09-06 12:20:02.000534

5si0i3vxusq >> Start >> 2020-09-06 12:20:52.872386

5si0i3vxusq >> Image Returned >> 2020-09-06 12:20:52.877347

5si0i3vxusq >> End >> 2020-09-06 12:20:53.026201

wi6wge80m7d >> Start >> 2020-09-06 12:23:27.504997

wi6wge80m7d >> Image Returned >> 2020-09-06 12:23:27.508904

wi6wge80m7d >> End >> 2020-09-06 12:23:27.668118

fojaaxpn574 >> Start >> 2020-09-06 12:23:41.004301

fojaaxpn574 >> Image Returned >> 2020-09-06 12:23:41.007632

fojaaxpn574 >> End >> 2020-09-06 12:23:41.161529

y8go3xc7dc2 >> Start >> 2020-09-06 12:35:33.291013

y8go3xc7dc2 >> Image Returned >> 2020-09-06 12:35:33.295396

y8go3xc7dc2 >> End >> 2020-09-06 12:35:33.441848

co54pkt52pi >> Start >> 2020-09-06 12:41:21.595659

co54pkt52pi >> Image Returned >> 2020-09-06 12:41:21.599724

co54pkt52pi >> End >> 2020-09-06 12:41:21.723927

kgn3vf4hy25 >> Start >> 2020-09-06 12:50:41.052217

kgn3vf4hy25 >> Image Returned >> 2020-09-06 12:50:41.056519

kgn3vf4hy25 >> End >> 2020-09-06 12:50:41.211030

ujjeh4nqp85 >> Start >> 2020-09-06 12:55:37.216845

ujjeh4nqp85 >> Image Returned >> 2020-09-06 12:55:37.220225

ujjeh4nqp85 >> End >> 2020-09-06 12:55:37.380609

obeznufqzuu >> Start >> 2020-09-06 12:56:28.504800

obeznufqzuu >> Image Returned >> 2020-09-06 12:56:28.508541

obeznufqzuu >> End >> 2020-09-06 12:56:28.665302

cac30fv5j6h >> Start >> 2020-09-06 12:57:28.201328

cac30fv5j6h >> Image Returned >> 2020-09-06 12:57:28.204751

cac30fv5j6h >> End >> 2020-09-06 12:57:28.356111

otffu2bgcw3 >> Start >> 2020-09-06 13:05:57.127727

otffu2bgcw3 >> Image Returned >> 2020-09-06 13:05:57.131695

otffu2bgcw3 >> End >> 2020-09-06 13:05:57.301104

ir5cpc8hqb4 >> Start >> 2020-09-06 13:21:49.064554

ir5cpc8hqb4 >> Image Returned >> 2020-09-06 13:21:49.068725

ir5cpc8hqb4 >> End >> 2020-09-06 13:21:49.231563

dpn7jir54dy >> Start >> 2020-09-06 13:22:56.968786

dpn7jir54dy >> Image Returned >> 2020-09-06 13:22:56.973422

dpn7jir54dy >> End >> 2020-09-06 13:22:57.122837

dp7vc8kdi5y >> Start >> 2020-09-06 13:24:12.344300

dp7vc8kdi5y >> Image Returned >> 2020-09-06 13:24:12.348344

dp7vc8kdi5y >> End >> 2020-09-06 13:24:12.505337

4suz2jg073c >> Start >> 2020-09-06 13:29:39.207288

4suz2jg073c >> Image Returned >> 2020-09-06 13:29:39.211064

4suz2jg073c >> End >> 2020-09-06 13:29:39.357245

fx8epdasoxo >> Start >> 2020-09-06 13:33:19.708611

fx8epdasoxo >> Image Returned >> 2020-09-06 13:33:19.712913

fx8epdasoxo >> End >> 2020-09-06 13:33:19.868371

y7vv6ughtxj >> Start >> 2020-09-06 13:35:51.295578

y7vv6ughtxj >> Image Returned >> 2020-09-06 13:35:51.299021

y7vv6ughtxj >> End >> 2020-09-06 13:35:51.449223

yj8t34ewge3 >> Start >> 2020-09-06 13:37:48.020719

yj8t34ewge3 >> Image Returned >> 2020-09-06 13:37:48.025316

yj8t34ewge3 >> End >> 2020-09-06 13:37:48.191793

zhd6abiubru >> Start >> 2020-09-06 14:02:22.700690

zhd6abiubru >> Image Returned >> 2020-09-06 14:02:22.705323

zhd6abiubru >> End >> 2020-09-06 14:02:22.865381

kkufe3f4m2s >> Start >> 2020-09-06 14:06:23.155740

kkufe3f4m2s >> Image Returned >> 2020-09-06 14:06:23.160597

kkufe3f4m2s >> End >> 2020-09-06 14:06:23.317204

v63wrtmdd58 >> Start >> 2020-09-06 14:11:55.489607

v63wrtmdd58 >> Image Returned >> 2020-09-06 14:11:55.494199

v63wrtmdd58 >> End >> 2020-09-06 14:11:55.643446

oqpjgddgmjj >> Start >> 2020-09-06 14:15:34.488689

oqpjgddgmjj >> Image Returned >> 2020-09-06 14:15:34.493520

oqpjgddgmjj >> End >> 2020-09-06 14:15:34.647900

k7yknqkh2uy >> Start >> 2020-09-06 14:23:42.354346

k7yknqkh2uy >> Image Returned >> 2020-09-06 14:23:42.359184

k7yknqkh2uy >> End >> 2020-09-06 14:23:42.510112

3k23q2tqj2w >> Start >> 2020-09-06 14:36:34.343455

3k23q2tqj2w >> Image Returned >> 2020-09-06 14:36:34.349733

3k23q2tqj2w >> End >> 2020-09-06 14:36:34.505316

ybhhpdh3ope >> Start >> 2020-09-06 14:50:50.291480

ybhhpdh3ope >> Image Returned >> 2020-09-06 14:50:50.298297

ybhhpdh3ope >> End >> 2020-09-06 14:50:50.456334

siyztuxdn3e >> Start >> 2020-09-06 15:07:23.616894

siyztuxdn3e >> Image Returned >> 2020-09-06 15:07:23.621670

siyztuxdn3e >> End >> 2020-09-06 15:07:23.938451

4gfukks3rph >> Start >> 2020-09-06 15:07:45.075215

4gfukks3rph >> Image Returned >> 2020-09-06 15:07:45.078943

4gfukks3rph >> End >> 2020-09-06 15:07:45.247925

e77xaho34ys >> Start >> 2020-09-06 15:20:07.761708

e77xaho34ys >> Image Returned >> 2020-09-06 15:20:07.766415

e77xaho34ys >> End >> 2020-09-06 15:20:07.927546

nkvegvckhuh >> Start >> 2020-09-06 15:22:49.953538

nkvegvckhuh >> Image Returned >> 2020-09-06 15:22:49.957026

nkvegvckhuh >> End >> 2020-09-06 15:22:50.112445

bixw4m2u8ek >> Start >> 2020-09-06 15:22:52.719516

bixw4m2u8ek >> Image Returned >> 2020-09-06 15:22:52.719819

bixw4m2u8ek >> End >> 2020-09-06 15:22:52.875169

6qpf8v4cjgs >> Start >> 2020-09-06 15:27:57.317539

6qpf8v4cjgs >> Image Returned >> 2020-09-06 15:27:57.321789

6qpf8v4cjgs >> End >> 2020-09-06 15:27:57.480314

4m6u7dxopcw >> Start >> 2020-09-06 15:38:28.585896

4m6u7dxopcw >> Image Returned >> 2020-09-06 15:38:28.590419

4m6u7dxopcw >> End >> 2020-09-06 15:38:28.742114

chovd05thtf >> Start >> 2020-09-06 15:38:52.124238

chovd05thtf >> Image Returned >> 2020-09-06 15:38:52.127702

chovd05thtf >> End >> 2020-09-06 15:38:52.281908

pyh04vd8s04 >> Start >> 2020-09-06 15:41:04.504136

pyh04vd8s04 >> Image Returned >> 2020-09-06 15:41:04.507667

pyh04vd8s04 >> End >> 2020-09-06 15:41:04.666430

vzq7o87gzya >> Start >> 2020-09-06 15:43:18.599891

vzq7o87gzya >> Image Returned >> 2020-09-06 15:43:18.605740

vzq7o87gzya >> End >> 2020-09-06 15:43:18.733997

2x4hdkfhqoa >> Start >> 2020-09-06 15:44:00.857799

2x4hdkfhqoa >> Image Returned >> 2020-09-06 15:44:00.861203

2x4hdkfhqoa >> End >> 2020-09-06 15:44:01.017643

fys2w482fmv >> Start >> 2020-09-06 15:46:17.403475

fys2w482fmv >> Image Returned >> 2020-09-06 15:46:17.408256

fys2w482fmv >> End >> 2020-09-06 15:46:17.593235

xcn0hkjjsva >> Start >> 2020-09-06 15:47:25.964322

xcn0hkjjsva >> Image Returned >> 2020-09-06 15:47:25.967787

xcn0hkjjsva >> End >> 2020-09-06 15:47:26.123291

e6zu3wurrrn >> Start >> 2020-09-06 15:50:08.778462

e6zu3wurrrn >> Image Returned >> 2020-09-06 15:50:08.782566

e6zu3wurrrn >> End >> 2020-09-06 15:50:08.941160

4upfzsocu6x >> Start >> 2020-09-06 16:00:14.846411

4upfzsocu6x >> Image Returned >> 2020-09-06 16:00:14.850691

4upfzsocu6x >> End >> 2020-09-06 16:00:15.007126

t7qdsmf7epw >> Start >> 2020-09-06 16:03:47.668378

t7qdsmf7epw >> Image Returned >> 2020-09-06 16:03:47.673409

t7qdsmf7epw >> End >> 2020-09-06 16:03:47.826383

huhawyysrvn >> Start >> 2020-09-06 16:07:37.865916

huhawyysrvn >> Image Returned >> 2020-09-06 16:07:37.870297

huhawyysrvn >> End >> 2020-09-06 16:07:38.023648

0qnuqen0x8q >> Start >> 2020-09-06 16:19:54.771550

0qnuqen0x8q >> Image Returned >> 2020-09-06 16:19:54.775037

0qnuqen0x8q >> End >> 2020-09-06 16:19:54.939960

ppyerwhu0wd >> Start >> 2020-09-06 16:21:16.728168

ppyerwhu0wd >> Image Returned >> 2020-09-06 16:21:16.733154

ppyerwhu0wd >> End >> 2020-09-06 16:21:16.897753

pb0b8mx5mjw >> Start >> 2020-09-06 16:21:24.121438

pb0b8mx5mjw >> Image Returned >> 2020-09-06 16:21:24.121809

pb0b8mx5mjw >> End >> 2020-09-06 16:21:24.282794

ivhdi32fznu >> Start >> 2020-09-06 16:21:37.445967

ivhdi32fznu >> Image Returned >> 2020-09-06 16:21:37.449418

ivhdi32fznu >> End >> 2020-09-06 16:21:37.609590

k547fs776tz >> Start >> 2020-09-06 16:25:14.599374

k547fs776tz >> Image Returned >> 2020-09-06 16:25:14.604321

k547fs776tz >> End >> 2020-09-06 16:25:14.762337

8t438pufy8f >> Start >> 2020-09-06 16:26:00.831088

8t438pufy8f >> Image Returned >> 2020-09-06 16:26:00.834542

8t438pufy8f >> End >> 2020-09-06 16:26:00.970251

m2my6ansj7d >> Start >> 2020-09-06 16:26:32.543979

m2my6ansj7d >> Image Returned >> 2020-09-06 16:26:32.548814

m2my6ansj7d >> End >> 2020-09-06 16:26:32.713134

rbfnftipbi8 >> Start >> 2020-09-06 16:31:02.539597

rbfnftipbi8 >> Image Returned >> 2020-09-06 16:31:02.543193

rbfnftipbi8 >> End >> 2020-09-06 16:31:02.720659

ekkn0gjtr0z >> Start >> 2020-09-06 16:40:46.722599

ekkn0gjtr0z >> Image Returned >> 2020-09-06 16:40:46.726103

ekkn0gjtr0z >> End >> 2020-09-06 16:40:46.890997

ozhe2uzzxjd >> Start >> 2020-09-06 16:48:39.066154

ozhe2uzzxjd >> Image Returned >> 2020-09-06 16:48:39.069632

ozhe2uzzxjd >> End >> 2020-09-06 16:48:39.221637

pdciwhmjapn >> Start >> 2020-09-06 16:49:10.032910

pdciwhmjapn >> Image Returned >> 2020-09-06 16:49:10.036358

pdciwhmjapn >> End >> 2020-09-06 16:49:10.191096

kkv45erebs6 >> Start >> 2020-09-06 16:52:09.420747

kkv45erebs6 >> Image Returned >> 2020-09-06 16:52:09.424331

kkv45erebs6 >> End >> 2020-09-06 16:52:09.586168

ju6ganinda2 >> Start >> 2020-09-06 16:53:47.471739

ju6ganinda2 >> Image Returned >> 2020-09-06 16:53:47.476699

ju6ganinda2 >> End >> 2020-09-06 16:53:47.671600

ybbosvzttco >> Start >> 2020-09-06 16:54:43.188014

ybbosvzttco >> Image Returned >> 2020-09-06 16:54:43.192354

ybbosvzttco >> End >> 2020-09-06 16:54:43.362539

xkqwtpmnyei >> Start >> 2020-09-06 16:55:41.509188

xkqwtpmnyei >> Image Returned >> 2020-09-06 16:55:41.513606

xkqwtpmnyei >> End >> 2020-09-06 16:55:41.676160

u7nezmwfrpq >> Start >> 2020-09-06 17:06:08.644625

u7nezmwfrpq >> Image Returned >> 2020-09-06 17:06:08.648219

u7nezmwfrpq >> End >> 2020-09-06 17:06:08.824456

fi3o47n6ncd >> Start >> 2020-09-06 17:06:32.299537

fi3o47n6ncd >> Image Returned >> 2020-09-06 17:06:32.303535

fi3o47n6ncd >> End >> 2020-09-06 17:06:32.468034

cqsgbdyma8t >> Start >> 2020-09-06 17:07:30.863523

cqsgbdyma8t >> Image Returned >> 2020-09-06 17:07:30.867650

cqsgbdyma8t >> End >> 2020-09-06 17:07:31.028235

77rtiikj02m >> Start >> 2020-09-06 17:07:31.165921

77rtiikj02m >> Image Returned >> 2020-09-06 17:07:31.166234

77rtiikj02m >> End >> 2020-09-06 17:07:31.314681

o7z5pwvkyaw >> Start >> 2020-09-06 17:07:53.505004

o7z5pwvkyaw >> Image Returned >> 2020-09-06 17:07:53.508485

o7z5pwvkyaw >> End >> 2020-09-06 17:07:53.668992

hj2s4mafxyv >> Start >> 2020-09-06 17:08:57.660646

hj2s4mafxyv >> Image Returned >> 2020-09-06 17:08:57.664108

hj2s4mafxyv >> End >> 2020-09-06 17:08:57.829987

b2vrdjnqpk2 >> Start >> 2020-09-06 17:12:08.955503

b2vrdjnqpk2 >> Image Returned >> 2020-09-06 17:12:08.959011

b2vrdjnqpk2 >> End >> 2020-09-06 17:12:09.123116

kjuivjd0sn7 >> Start >> 2020-09-06 17:12:22.588438

kjuivjd0sn7 >> Image Returned >> 2020-09-06 17:12:22.593029

kjuivjd0sn7 >> End >> 2020-09-06 17:12:22.766515

04k4suedg4p >> Start >> 2020-09-06 17:13:25.485142

04k4suedg4p >> Image Returned >> 2020-09-06 17:13:25.488936

04k4suedg4p >> End >> 2020-09-06 17:13:25.676714

k3cpergzo7m >> Start >> 2020-09-06 17:17:42.283577

k3cpergzo7m >> Image Returned >> 2020-09-06 17:17:42.287936

k3cpergzo7m >> End >> 2020-09-06 17:17:42.446038

goijb2mgiwg >> Start >> 2020-09-06 17:22:04.229640

goijb2mgiwg >> Image Returned >> 2020-09-06 17:22:04.234565

goijb2mgiwg >> End >> 2020-09-06 17:22:04.402307

4ypuouuryf7 >> Start >> 2020-09-06 17:22:39.107616

4ypuouuryf7 >> Image Returned >> 2020-09-06 17:22:39.111152

4ypuouuryf7 >> End >> 2020-09-06 17:22:39.277671

bsswhzkwb42 >> Start >> 2020-09-06 17:28:04.979090

bsswhzkwb42 >> Image Returned >> 2020-09-06 17:28:04.982621

bsswhzkwb42 >> End >> 2020-09-06 17:28:05.149600

fjvnq8cq5k5 >> Start >> 2020-09-06 17:28:59.735080

fjvnq8cq5k5 >> Image Returned >> 2020-09-06 17:28:59.738503

fjvnq8cq5k5 >> End >> 2020-09-06 17:28:59.905924

djddtw8iu6a >> Start >> 2020-09-06 17:30:08.315151

djddtw8iu6a >> Image Returned >> 2020-09-06 17:30:08.318681

djddtw8iu6a >> End >> 2020-09-06 17:30:08.488239

ya5h0munrbj >> Start >> 2020-09-06 17:31:41.445820

ya5h0munrbj >> Image Returned >> 2020-09-06 17:31:41.451528

ya5h0munrbj >> End >> 2020-09-06 17:31:41.611912

pb4bt4dqfn8 >> Start >> 2020-09-06 17:41:49.356933

pb4bt4dqfn8 >> Image Returned >> 2020-09-06 17:41:49.360519

pb4bt4dqfn8 >> End >> 2020-09-06 17:41:49.504782

4ik0ed566aa >> Start >> 2020-09-06 17:49:02.327688

4ik0ed566aa >> Image Returned >> 2020-09-06 17:49:02.331584

4ik0ed566aa >> End >> 2020-09-06 17:49:02.488106

buyy4nahjjv >> Start >> 2020-09-06 18:09:59.014687

buyy4nahjjv >> Image Returned >> 2020-09-06 18:09:59.018760

buyy4nahjjv >> End >> 2020-09-06 18:09:59.176217

z6umqe6kfwj >> Start >> 2020-09-06 18:11:04.103851

z6umqe6kfwj >> Image Returned >> 2020-09-06 18:11:04.108261

z6umqe6kfwj >> End >> 2020-09-06 18:11:04.262722

55ejwusmdsb >> Start >> 2020-09-06 18:23:57.437784

55ejwusmdsb >> Image Returned >> 2020-09-06 18:23:57.444674

55ejwusmdsb >> End >> 2020-09-06 18:23:57.601982

cas3dehswfk >> Start >> 2020-09-06 18:28:41.494240

cas3dehswfk >> Image Returned >> 2020-09-06 18:28:41.499839

cas3dehswfk >> End >> 2020-09-06 18:28:41.653259

668sdwhf5qk >> Start >> 2020-09-06 18:36:26.203854

668sdwhf5qk >> Image Returned >> 2020-09-06 18:36:26.207653

668sdwhf5qk >> End >> 2020-09-06 18:36:26.356821

aifpsh80irx >> Start >> 2020-09-06 18:37:17.891216

aifpsh80irx >> Image Returned >> 2020-09-06 18:37:17.897694

aifpsh80irx >> End >> 2020-09-06 18:37:18.052520

e7h5bvjfw0b >> Start >> 2020-09-06 18:40:51.437901

e7h5bvjfw0b >> Image Returned >> 2020-09-06 18:40:51.442322

e7h5bvjfw0b >> End >> 2020-09-06 18:40:51.604569

60vsf3v0pp0 >> Start >> 2020-09-06 18:41:20.795305

60vsf3v0pp0 >> Image Returned >> 2020-09-06 18:41:20.799669

60vsf3v0pp0 >> End >> 2020-09-06 18:41:20.971903

22gqbhcgki8 >> Start >> 2020-09-06 18:45:17.071351

22gqbhcgki8 >> Image Returned >> 2020-09-06 18:45:17.077143

22gqbhcgki8 >> End >> 2020-09-06 18:45:17.241059

4r2s48mynnd >> Start >> 2020-09-06 18:45:56.538671

4r2s48mynnd >> Image Returned >> 2020-09-06 18:45:56.542315

4r2s48mynnd >> End >> 2020-09-06 18:45:56.691937

ug00xgs3fia >> Start >> 2020-09-06 18:49:00.869189

ug00xgs3fia >> Image Returned >> 2020-09-06 18:49:00.874310

ug00xgs3fia >> End >> 2020-09-06 18:49:01.030430

sp3pqv2npvo >> Start >> 2020-09-06 18:50:41.723551

sp3pqv2npvo >> Image Returned >> 2020-09-06 18:50:41.728390

sp3pqv2npvo >> End >> 2020-09-06 18:50:41.882241

tx527f3ub3s >> Start >> 2020-09-06 18:52:19.912236

tx527f3ub3s >> Image Returned >> 2020-09-06 18:52:19.917380

tx527f3ub3s >> End >> 2020-09-06 18:52:20.073774

7nyxwnk6mv6 >> Start >> 2020-09-06 19:05:36.183401

7nyxwnk6mv6 >> Image Returned >> 2020-09-06 19:05:36.187709

7nyxwnk6mv6 >> End >> 2020-09-06 19:05:36.348911

hpq7vg8zxgi >> Start >> 2020-09-06 19:15:18.733977

hpq7vg8zxgi >> Image Returned >> 2020-09-06 19:15:18.738509

hpq7vg8zxgi >> End >> 2020-09-06 19:15:18.900989

keydrqfnt8i >> Start >> 2020-09-06 19:18:42.330308

keydrqfnt8i >> Image Returned >> 2020-09-06 19:18:42.334216

keydrqfnt8i >> End >> 2020-09-06 19:18:42.490001

afw6anbrch8 >> Start >> 2020-09-06 19:20:35.225997

afw6anbrch8 >> Image Returned >> 2020-09-06 19:20:35.229669

afw6anbrch8 >> End >> 2020-09-06 19:20:35.387001

r2c3czparbf >> Start >> 2020-09-06 19:22:34.688735

r2c3czparbf >> Image Returned >> 2020-09-06 19:22:34.692703

r2c3czparbf >> End >> 2020-09-06 19:22:34.842948

was5fv5yetq >> Start >> 2020-09-06 19:22:44.803232

was5fv5yetq >> Image Returned >> 2020-09-06 19:22:44.803531

was5fv5yetq >> End >> 2020-09-06 19:22:44.957271

0oa5kwsuq3t >> Start >> 2020-09-06 19:24:55.225889

0oa5kwsuq3t >> Image Returned >> 2020-09-06 19:24:55.229382

0oa5kwsuq3t >> End >> 2020-09-06 19:24:55.393042

j86e3inkv4n >> Start >> 2020-09-06 19:30:56.808689

j86e3inkv4n >> Image Returned >> 2020-09-06 19:30:56.813544

j86e3inkv4n >> End >> 2020-09-06 19:30:56.980973

xkkos2ibxye >> Start >> 2020-09-06 19:31:45.970289

xkkos2ibxye >> Image Returned >> 2020-09-06 19:31:45.974351

xkkos2ibxye >> End >> 2020-09-06 19:31:46.130538

t2o57ipoykm >> Start >> 2020-09-06 19:37:18.125711

t2o57ipoykm >> Image Returned >> 2020-09-06 19:37:18.130784

t2o57ipoykm >> End >> 2020-09-06 19:37:18.302668

nmr3tpixmzt >> Start >> 2020-09-06 19:39:27.393867

nmr3tpixmzt >> Image Returned >> 2020-09-06 19:39:27.400120

nmr3tpixmzt >> End >> 2020-09-06 19:39:27.555502

25c0acdajyw >> Start >> 2020-09-06 19:43:54.101334

25c0acdajyw >> Image Returned >> 2020-09-06 19:43:54.105833

25c0acdajyw >> End >> 2020-09-06 19:43:54.265348

yyt4k0akbxb >> Start >> 2020-09-06 19:47:18.055109

yyt4k0akbxb >> Image Returned >> 2020-09-06 19:47:18.059510

yyt4k0akbxb >> End >> 2020-09-06 19:47:18.232117

2j6ws4uufru >> Start >> 2020-09-06 19:52:35.950892

2j6ws4uufru >> Image Returned >> 2020-09-06 19:52:35.956384

2j6ws4uufru >> End >> 2020-09-06 19:52:36.116288

2685izvjjmn >> Start >> 2020-09-06 19:58:57.182081

2685izvjjmn >> Image Returned >> 2020-09-06 19:58:57.187151

2685izvjjmn >> End >> 2020-09-06 19:58:57.351068

z7m5sa4iv84 >> Start >> 2020-09-06 20:01:45.693167

z7m5sa4iv84 >> Image Returned >> 2020-09-06 20:01:45.697221

z7m5sa4iv84 >> End >> 2020-09-06 20:01:45.852663

pvpen7kk7vv >> Start >> 2020-09-06 20:02:46.246906

pvpen7kk7vv >> Image Returned >> 2020-09-06 20:02:46.251765

pvpen7kk7vv >> End >> 2020-09-06 20:02:46.410911

scqqjpdg7yj >> Start >> 2020-09-06 20:03:08.067585

scqqjpdg7yj >> Image Returned >> 2020-09-06 20:03:08.072561

scqqjpdg7yj >> End >> 2020-09-06 20:03:08.230767

e6ajeetdiuo >> Start >> 2020-09-06 20:03:24.435292

e6ajeetdiuo >> Image Returned >> 2020-09-06 20:03:24.439129

e6ajeetdiuo >> End >> 2020-09-06 20:03:24.598005

gv8mq2g2xnt >> Start >> 2020-09-06 20:13:39.716948

gv8mq2g2xnt >> Image Returned >> 2020-09-06 20:13:39.721091

gv8mq2g2xnt >> End >> 2020-09-06 20:13:39.896943

st8vj3gx8hj >> Start >> 2020-09-06 20:18:52.676749

st8vj3gx8hj >> Image Returned >> 2020-09-06 20:18:52.681456

st8vj3gx8hj >> End >> 2020-09-06 20:18:52.834208

kmqjx2qiwxj >> Start >> 2020-09-06 20:20:51.314285

kmqjx2qiwxj >> Image Returned >> 2020-09-06 20:20:51.317827

kmqjx2qiwxj >> End >> 2020-09-06 20:20:51.476612

cmot2qwr7cs >> Start >> 2020-09-06 20:20:53.284734

cmot2qwr7cs >> Image Returned >> 2020-09-06 20:20:53.285082

cmot2qwr7cs >> End >> 2020-09-06 20:20:53.439400

2nhach8o4ru >> Start >> 2020-09-06 20:21:56.080815

2nhach8o4ru >> Image Returned >> 2020-09-06 20:21:56.085443

2nhach8o4ru >> End >> 2020-09-06 20:21:56.243720

w4s0e3d54fn >> Start >> 2020-09-06 20:24:48.102973

w4s0e3d54fn >> Image Returned >> 2020-09-06 20:24:48.107244

w4s0e3d54fn >> End >> 2020-09-06 20:24:48.267524

hdw5map4x4c >> Start >> 2020-09-06 20:27:58.428739

hdw5map4x4c >> Image Returned >> 2020-09-06 20:27:58.434211

hdw5map4x4c >> End >> 2020-09-06 20:27:58.590470

rhw27ao8emo >> Start >> 2020-09-06 20:28:34.257390

rhw27ao8emo >> Image Returned >> 2020-09-06 20:28:34.261486

rhw27ao8emo >> End >> 2020-09-06 20:28:34.412499

ftfwzdoe34n >> Start >> 2020-09-06 20:28:43.648649

ftfwzdoe34n >> Image Returned >> 2020-09-06 20:28:43.648981

ftfwzdoe34n >> End >> 2020-09-06 20:28:43.817198

0idovtp4zh8 >> Start >> 2020-09-06 20:32:47.891896

0idovtp4zh8 >> Image Returned >> 2020-09-06 20:32:47.895412

0idovtp4zh8 >> End >> 2020-09-06 20:32:48.055829

66kqaj68g2n >> Start >> 2020-09-06 20:35:32.560663

66kqaj68g2n >> Image Returned >> 2020-09-06 20:35:32.566857

66kqaj68g2n >> End >> 2020-09-06 20:35:32.722642

j0r2p8qiz84 >> Start >> 2020-09-06 20:40:20.801208

j0r2p8qiz84 >> Image Returned >> 2020-09-06 20:40:20.805162

j0r2p8qiz84 >> End >> 2020-09-06 20:40:20.959197

ibswmkt6su7 >> Start >> 2020-09-06 20:42:34.477790

ibswmkt6su7 >> Image Returned >> 2020-09-06 20:42:34.482744

ibswmkt6su7 >> End >> 2020-09-06 20:42:34.640233

yqgawoqk2aj >> Start >> 2020-09-06 20:58:30.369812

yqgawoqk2aj >> Image Returned >> 2020-09-06 20:58:30.375376

yqgawoqk2aj >> End >> 2020-09-06 20:58:30.545067

rkfx6fwiowd >> Start >> 2020-09-06 21:03:58.423001

rkfx6fwiowd >> Image Returned >> 2020-09-06 21:03:58.426691

rkfx6fwiowd >> End >> 2020-09-06 21:03:58.583853

cj7rej44cps >> Start >> 2020-09-06 21:27:12.854273

cj7rej44cps >> Image Returned >> 2020-09-06 21:27:12.857924

cj7rej44cps >> End >> 2020-09-06 21:27:13.013619

qpvuitay6q3 >> Start >> 2020-09-06 21:45:17.742734

qpvuitay6q3 >> Image Returned >> 2020-09-06 21:45:17.747862

qpvuitay6q3 >> End >> 2020-09-06 21:45:17.905663

rfenfwq8rsm >> Start >> 2020-09-06 21:46:08.296099

rfenfwq8rsm >> Image Returned >> 2020-09-06 21:46:08.299715

rfenfwq8rsm >> End >> 2020-09-06 21:46:08.455153

wiak8d7ujcw >> Start >> 2020-09-06 21:50:39.142359

wiak8d7ujcw >> Image Returned >> 2020-09-06 21:50:39.147490

wiak8d7ujcw >> End >> 2020-09-06 21:50:39.299784

okojvuvu0ok >> Start >> 2020-09-06 21:59:17.342991

okojvuvu0ok >> Image Returned >> 2020-09-06 21:59:17.348695

okojvuvu0ok >> End >> 2020-09-06 21:59:17.514822

7m8c0fqicde >> Start >> 2020-09-06 22:02:22.911669

7m8c0fqicde >> Image Returned >> 2020-09-06 22:02:22.915334

7m8c0fqicde >> End >> 2020-09-06 22:02:23.096662

8afo8ipvksr >> Start >> 2020-09-06 22:03:01.927201

8afo8ipvksr >> Image Returned >> 2020-09-06 22:03:01.930965

8afo8ipvksr >> End >> 2020-09-06 22:03:02.082540

8y7izb607jy >> Start >> 2020-09-06 22:04:40.207210

8y7izb607jy >> Image Returned >> 2020-09-06 22:04:40.211611

8y7izb607jy >> End >> 2020-09-06 22:04:40.384637

744i8pv4uaw >> Start >> 2020-09-06 22:04:51.623497

744i8pv4uaw >> Image Returned >> 2020-09-06 22:04:51.623822

744i8pv4uaw >> End >> 2020-09-06 22:04:51.772063

dmbrrjd2cjo >> Start >> 2020-09-06 22:09:06.123045

dmbrrjd2cjo >> Image Returned >> 2020-09-06 22:09:06.127264

dmbrrjd2cjo >> End >> 2020-09-06 22:09:06.311916

3c2r4q0phun >> Start >> 2020-09-06 22:16:58.848576

3c2r4q0phun >> Image Returned >> 2020-09-06 22:16:58.852186

3c2r4q0phun >> End >> 2020-09-06 22:16:59.007096

h5zrbp8hzqn >> Start >> 2020-09-06 22:17:24.549726

h5zrbp8hzqn >> Image Returned >> 2020-09-06 22:17:24.554039

h5zrbp8hzqn >> End >> 2020-09-06 22:17:24.707066

petq8unmkao >> Start >> 2020-09-06 22:21:16.597335

petq8unmkao >> Image Returned >> 2020-09-06 22:21:16.601797

petq8unmkao >> End >> 2020-09-06 22:21:16.749138

ci6s5gxu26o >> Start >> 2020-09-06 22:26:28.674603

ci6s5gxu26o >> Image Returned >> 2020-09-06 22:26:28.678978

ci6s5gxu26o >> End >> 2020-09-06 22:26:28.833945

ht48d4nwufk >> Start >> 2020-09-06 22:26:39.176989

ht48d4nwufk >> Image Returned >> 2020-09-06 22:26:39.177314

ht48d4nwufk >> End >> 2020-09-06 22:26:39.328705

bnabn7ir3pp >> Start >> 2020-09-06 22:27:25.710298

bnabn7ir3pp >> Image Returned >> 2020-09-06 22:27:25.714571

bnabn7ir3pp >> End >> 2020-09-06 22:27:25.869154

b42fzfwizzv >> Start >> 2020-09-06 22:58:16.823041

b42fzfwizzv >> Image Returned >> 2020-09-06 22:58:16.827517

b42fzfwizzv >> End >> 2020-09-06 22:58:16.984136

jn0tthq32hk >> Start >> 2020-09-06 23:05:24.750565

jn0tthq32hk >> Image Returned >> 2020-09-06 23:05:24.756072

jn0tthq32hk >> End >> 2020-09-06 23:05:24.917192

wcy2z4u8a0z >> Start >> 2020-09-06 23:06:52.872750

wcy2z4u8a0z >> Image Returned >> 2020-09-06 23:06:52.876712

wcy2z4u8a0z >> End >> 2020-09-06 23:06:53.050858

2swu3wcbwck >> Start >> 2020-09-06 23:08:14.815401

2swu3wcbwck >> Image Returned >> 2020-09-06 23:08:14.818942

2swu3wcbwck >> End >> 2020-09-06 23:08:14.978959

xfw0rewidfq >> Start >> 2020-09-06 23:20:48.126831

xfw0rewidfq >> Image Returned >> 2020-09-06 23:20:48.131237

xfw0rewidfq >> End >> 2020-09-06 23:20:48.281910

