ev2r2aean4y >> Start >> 2020-10-30 00:00:27.832293

ev2r2aean4y >> Image Returned >> 2020-10-30 00:00:27.835298

ev2r2aean4y >> End >> 2020-10-30 00:00:28.019306

4q5yb5ks0jo >> Start >> 2020-10-30 00:05:53.179991

4q5yb5ks0jo >> Image Returned >> 2020-10-30 00:05:53.183382

4q5yb5ks0jo >> End >> 2020-10-30 00:05:53.366853

rhs6w2i062g >> Start >> 2020-10-30 00:11:27.730984

rhs6w2i062g >> Image Returned >> 2020-10-30 00:11:27.734083

rhs6w2i062g >> End >> 2020-10-30 00:11:27.915823

vfes3e4e2ip >> Start >> 2020-10-30 00:13:22.730232

vfes3e4e2ip >> Image Returned >> 2020-10-30 00:13:22.733128

vfes3e4e2ip >> End >> 2020-10-30 00:13:22.905859

bxc34q70cpw >> Start >> 2020-10-30 00:22:54.074722

bxc34q70cpw >> Image Returned >> 2020-10-30 00:22:54.078341

bxc34q70cpw >> End >> 2020-10-30 00:22:54.263571

jufkav4qyui >> Start >> 2020-10-30 00:31:40.734570

jufkav4qyui >> Image Returned >> 2020-10-30 00:31:40.737710

jufkav4qyui >> End >> 2020-10-30 00:31:40.926317

7acc5kfi065 >> Start >> 2020-10-30 00:43:36.195234

7acc5kfi065 >> Image Returned >> 2020-10-30 00:43:36.198518

7acc5kfi065 >> End >> 2020-10-30 00:43:36.405709

3spo6syoqsc >> Start >> 2020-10-30 00:46:42.204067

3spo6syoqsc >> Image Returned >> 2020-10-30 00:46:42.207143

3spo6syoqsc >> End >> 2020-10-30 00:46:42.394828

ypmxrhhfccz >> Start >> 2020-10-30 00:49:43.686352

ypmxrhhfccz >> Image Returned >> 2020-10-30 00:49:43.689335

ypmxrhhfccz >> End >> 2020-10-30 00:49:43.875771

ekmtk83qkpz >> Start >> 2020-10-30 01:32:52.906546

ekmtk83qkpz >> Image Returned >> 2020-10-30 01:32:52.911784

ekmtk83qkpz >> End >> 2020-10-30 01:32:53.101283

isberw6thsb >> Start >> 2020-10-30 01:44:13.996908

isberw6thsb >> Image Returned >> 2020-10-30 01:44:14.000324

isberw6thsb >> End >> 2020-10-30 01:44:14.237668

4vwjjmm6v7s >> Start >> 2020-10-30 01:47:32.918020

4vwjjmm6v7s >> Image Returned >> 2020-10-30 01:47:32.921283

4vwjjmm6v7s >> End >> 2020-10-30 01:47:33.103981

d0iepkq4dpu >> Start >> 2020-10-30 01:48:32.317924

d0iepkq4dpu >> Image Returned >> 2020-10-30 01:48:32.321017

d0iepkq4dpu >> End >> 2020-10-30 01:48:32.502365

wjhq0trqykd >> Start >> 2020-10-30 02:31:06.826777

wjhq0trqykd >> Image Returned >> 2020-10-30 02:31:06.830291

wjhq0trqykd >> End >> 2020-10-30 02:31:07.004055

4us84scgqur >> Start >> 2020-10-30 02:55:27.430056

4us84scgqur >> Image Returned >> 2020-10-30 02:55:27.433274

4us84scgqur >> End >> 2020-10-30 02:55:27.650263

rgx40zjpxsu >> Start >> 2020-10-30 04:04:12.273657

rgx40zjpxsu >> Image Returned >> 2020-10-30 04:04:12.277939

rgx40zjpxsu >> End >> 2020-10-30 04:04:12.501897

bxpivjt5fhx >> Start >> 2020-10-30 04:04:14.960418

bxpivjt5fhx >> Image Returned >> 2020-10-30 04:04:14.960695

bxpivjt5fhx >> End >> 2020-10-30 04:04:15.193228

5rgsvat6wz2 >> Start >> 2020-10-30 04:04:32.690985

5rgsvat6wz2 >> Image Returned >> 2020-10-30 04:04:32.694092

5rgsvat6wz2 >> End >> 2020-10-30 04:04:32.920660

f0qn03jir3m >> Start >> 2020-10-30 04:20:56.106661

f0qn03jir3m >> Image Returned >> 2020-10-30 04:20:56.109937

f0qn03jir3m >> End >> 2020-10-30 04:20:56.284945

rjfgqkhhrrp >> Start >> 2020-10-30 04:32:46.262042

rjfgqkhhrrp >> Image Returned >> 2020-10-30 04:32:46.266038

rjfgqkhhrrp >> End >> 2020-10-30 04:32:46.445974

jjgyv6mpg6h >> Start >> 2020-10-30 04:49:11.026374

jjgyv6mpg6h >> Image Returned >> 2020-10-30 04:49:11.029325

jjgyv6mpg6h >> End >> 2020-10-30 04:49:11.216736

bs8r072dqnq >> Start >> 2020-10-30 05:09:13.217395

bs8r072dqnq >> Image Returned >> 2020-10-30 05:09:13.220211

bs8r072dqnq >> End >> 2020-10-30 05:09:13.397233

ftitrhiv6av >> Start >> 2020-10-30 05:15:51.731060

ftitrhiv6av >> Image Returned >> 2020-10-30 05:15:51.733859

ftitrhiv6av >> End >> 2020-10-30 05:15:52.023436

thk6cxskmo0 >> Start >> 2020-10-30 05:27:04.479902

thk6cxskmo0 >> Image Returned >> 2020-10-30 05:27:04.483213

thk6cxskmo0 >> End >> 2020-10-30 05:27:04.661645

ymo2g4jakev >> Start >> 2020-10-30 06:15:56.593815

ymo2g4jakev >> Image Returned >> 2020-10-30 06:15:56.596832

ymo2g4jakev >> End >> 2020-10-30 06:15:56.835516

wsfed8yy82k >> Start >> 2020-10-30 06:18:49.813477

wsfed8yy82k >> Image Returned >> 2020-10-30 06:18:49.816282

wsfed8yy82k >> End >> 2020-10-30 06:18:50.007596

s3xjhicitsy >> Start >> 2020-10-30 06:19:09.397526

s3xjhicitsy >> Image Returned >> 2020-10-30 06:19:09.400115

s3xjhicitsy >> End >> 2020-10-30 06:19:09.633677

dzemb86hz4u >> Start >> 2020-10-30 06:43:51.886643

dzemb86hz4u >> Image Returned >> 2020-10-30 06:43:51.889703

dzemb86hz4u >> End >> 2020-10-30 06:43:52.085067

dsgdeju8dj4 >> Start >> 2020-10-30 06:44:52.739952

dsgdeju8dj4 >> Image Returned >> 2020-10-30 06:44:52.743272

dsgdeju8dj4 >> End >> 2020-10-30 06:44:52.916941

v23puxjrwfr >> Start >> 2020-10-30 06:55:17.965909

v23puxjrwfr >> Image Returned >> 2020-10-30 06:55:17.968828

v23puxjrwfr >> End >> 2020-10-30 06:55:18.144707

5pyb6nk6gpw >> Start >> 2020-10-30 07:08:46.125823

5pyb6nk6gpw >> Image Returned >> 2020-10-30 07:08:46.128938

5pyb6nk6gpw >> End >> 2020-10-30 07:08:46.308495

8ycg6awd0y2 >> Start >> 2020-10-30 07:16:34.876754

8ycg6awd0y2 >> Image Returned >> 2020-10-30 07:16:34.879863

8ycg6awd0y2 >> End >> 2020-10-30 07:16:35.060306

xb5vimyk6wd >> Start >> 2020-10-30 07:18:55.892613

xb5vimyk6wd >> Image Returned >> 2020-10-30 07:18:55.895749

xb5vimyk6wd >> End >> 2020-10-30 07:18:56.107048

b56gab8ppog >> Start >> 2020-10-30 07:20:18.152270

b56gab8ppog >> Image Returned >> 2020-10-30 07:20:18.155570

b56gab8ppog >> End >> 2020-10-30 07:20:18.379256

bth88b3u5y2 >> Start >> 2020-10-30 07:31:50.322467

bth88b3u5y2 >> Image Returned >> 2020-10-30 07:31:50.326170

bth88b3u5y2 >> End >> 2020-10-30 07:31:50.514254

6wynn8kwcnr >> Start >> 2020-10-30 07:34:56.116309

6wynn8kwcnr >> Image Returned >> 2020-10-30 07:34:56.118979

6wynn8kwcnr >> End >> 2020-10-30 07:34:56.333751

rhnpoq4wsaq >> Start >> 2020-10-30 07:36:06.031990

rhnpoq4wsaq >> Image Returned >> 2020-10-30 07:36:06.035059

rhnpoq4wsaq >> End >> 2020-10-30 07:36:06.218434

y2iqtqgeoj2 >> Start >> 2020-10-30 07:46:42.088037

y2iqtqgeoj2 >> Image Returned >> 2020-10-30 07:46:42.091290

y2iqtqgeoj2 >> End >> 2020-10-30 07:46:42.279140

b7oug34mm24 >> Start >> 2020-10-30 07:48:33.512717

b7oug34mm24 >> Image Returned >> 2020-10-30 07:48:33.516129

b7oug34mm24 >> End >> 2020-10-30 07:48:33.702975

qnecp2u6wvg >> Start >> 2020-10-30 07:54:57.814277

qnecp2u6wvg >> Image Returned >> 2020-10-30 07:54:57.818226

qnecp2u6wvg >> End >> 2020-10-30 07:54:58.060069

2rm80mhbxfs >> Start >> 2020-10-30 07:56:36.688152

2rm80mhbxfs >> Image Returned >> 2020-10-30 07:56:36.691972

2rm80mhbxfs >> End >> 2020-10-30 07:56:36.876096

7cpwfzh5ufp >> Start >> 2020-10-30 08:03:09.918174

7cpwfzh5ufp >> Image Returned >> 2020-10-30 08:03:09.920977

7cpwfzh5ufp >> End >> 2020-10-30 08:03:10.100444

jgsgf5m4tyk >> Start >> 2020-10-30 08:05:34.040188

jgsgf5m4tyk >> Image Returned >> 2020-10-30 08:05:34.045612

jgsgf5m4tyk >> End >> 2020-10-30 08:05:34.240011

emfn4zo558w >> Start >> 2020-10-30 08:07:49.758332

emfn4zo558w >> Image Returned >> 2020-10-30 08:07:49.761467

emfn4zo558w >> End >> 2020-10-30 08:07:49.937036

oxkb30zsjhn >> Start >> 2020-10-30 08:08:31.609568

oxkb30zsjhn >> Image Returned >> 2020-10-30 08:08:31.612777

oxkb30zsjhn >> End >> 2020-10-30 08:08:31.803426

pekvthox02g >> Start >> 2020-10-30 08:09:26.926167

pekvthox02g >> Image Returned >> 2020-10-30 08:09:26.929622

pekvthox02g >> End >> 2020-10-30 08:09:27.137602

wycoihxkh0g >> Start >> 2020-10-30 08:11:21.292198

wycoihxkh0g >> Image Returned >> 2020-10-30 08:11:21.295315

wycoihxkh0g >> End >> 2020-10-30 08:11:21.477128

0iztm0g4kc2 >> Start >> 2020-10-30 08:14:00.554558

0iztm0g4kc2 >> Image Returned >> 2020-10-30 08:14:00.557775

0iztm0g4kc2 >> End >> 2020-10-30 08:14:00.733814

urjfatp73zu >> Start >> 2020-10-30 08:14:12.308310

urjfatp73zu >> Image Returned >> 2020-10-30 08:14:12.311105

urjfatp73zu >> End >> 2020-10-30 08:14:12.495640

g4naz4xaxdm >> Start >> 2020-10-30 08:28:22.748692

g4naz4xaxdm >> Image Returned >> 2020-10-30 08:28:22.751595

g4naz4xaxdm >> End >> 2020-10-30 08:28:22.932096

yutxiii88zb >> Start >> 2020-10-30 08:31:39.790664

yutxiii88zb >> Image Returned >> 2020-10-30 08:31:39.793567

yutxiii88zb >> End >> 2020-10-30 08:31:39.995419

wevmp5rwoit >> Start >> 2020-10-30 08:32:55.710232

wevmp5rwoit >> Image Returned >> 2020-10-30 08:32:55.713722

wevmp5rwoit >> End >> 2020-10-30 08:32:55.907476

zw8kswzxeha >> Start >> 2020-10-30 08:35:25.600977

zw8kswzxeha >> Image Returned >> 2020-10-30 08:35:25.604165

zw8kswzxeha >> End >> 2020-10-30 08:35:25.789767

syke6hmyr8v >> Start >> 2020-10-30 08:35:39.073942

syke6hmyr8v >> Image Returned >> 2020-10-30 08:35:39.076692

syke6hmyr8v >> End >> 2020-10-30 08:35:39.250319

hj4bed4gr64 >> Start >> 2020-10-30 08:36:11.960963

hj4bed4gr64 >> Image Returned >> 2020-10-30 08:36:11.963675

hj4bed4gr64 >> End >> 2020-10-30 08:36:12.155600

2z03qpibt6x >> Start >> 2020-10-30 08:39:15.155594

2z03qpibt6x >> Image Returned >> 2020-10-30 08:39:15.158360

2z03qpibt6x >> End >> 2020-10-30 08:39:15.352015

uwvo8x5fzvh >> Start >> 2020-10-30 08:44:05.162095

uwvo8x5fzvh >> Image Returned >> 2020-10-30 08:44:05.165118

uwvo8x5fzvh >> End >> 2020-10-30 08:44:05.346851

bqfi62ov8wq >> Start >> 2020-10-30 08:44:28.123390

bqfi62ov8wq >> Image Returned >> 2020-10-30 08:44:28.126225

bqfi62ov8wq >> End >> 2020-10-30 08:44:28.305423

f3dkavv3nw7 >> Start >> 2020-10-30 08:47:37.238599

f3dkavv3nw7 >> Image Returned >> 2020-10-30 08:47:37.241956

f3dkavv3nw7 >> End >> 2020-10-30 08:47:37.418642

h0jtpx5d77v >> Start >> 2020-10-30 08:50:11.622919

h0jtpx5d77v >> Image Returned >> 2020-10-30 08:50:11.625861

h0jtpx5d77v >> End >> 2020-10-30 08:50:11.809456

m6nmj2nh7zh >> Start >> 2020-10-30 08:52:38.425945

m6nmj2nh7zh >> Image Returned >> 2020-10-30 08:52:38.429457

m6nmj2nh7zh >> End >> 2020-10-30 08:52:38.618549

xzjxve4dbnu >> Start >> 2020-10-30 08:53:13.614315

xzjxve4dbnu >> Image Returned >> 2020-10-30 08:53:13.617384

xzjxve4dbnu >> End >> 2020-10-30 08:53:13.800298

8mr6yyfdtiv >> Start >> 2020-10-30 08:55:58.993971

8mr6yyfdtiv >> Image Returned >> 2020-10-30 08:55:58.997231

8mr6yyfdtiv >> End >> 2020-10-30 08:55:59.177987

v0meainrm8c >> Start >> 2020-10-30 09:00:21.189831

v0meainrm8c >> Image Returned >> 2020-10-30 09:00:21.193121

v0meainrm8c >> End >> 2020-10-30 09:00:21.406392

4o7ycn6p27d >> Start >> 2020-10-30 09:01:01.849948

4o7ycn6p27d >> Image Returned >> 2020-10-30 09:01:01.852751

4o7ycn6p27d >> End >> 2020-10-30 09:01:02.127027

33eodsyd2oy >> Start >> 2020-10-30 09:06:09.345736

33eodsyd2oy >> Image Returned >> 2020-10-30 09:06:09.348984

33eodsyd2oy >> End >> 2020-10-30 09:06:09.528870

jwi04igj432 >> Start >> 2020-10-30 09:06:16.731081

jwi04igj432 >> Image Returned >> 2020-10-30 09:06:16.731357

jwi04igj432 >> End >> 2020-10-30 09:06:16.853502

q3ukt3fssos >> Start >> 2020-10-30 09:07:47.215447

q3ukt3fssos >> Image Returned >> 2020-10-30 09:07:47.219082

q3ukt3fssos >> End >> 2020-10-30 09:07:47.407099

iyugomdof8y >> Start >> 2020-10-30 09:11:58.831393

iyugomdof8y >> Image Returned >> 2020-10-30 09:11:58.835266

iyugomdof8y >> End >> 2020-10-30 09:11:59.018182

pb34n3w5tae >> Start >> 2020-10-30 09:14:25.807204

pb34n3w5tae >> Image Returned >> 2020-10-30 09:14:25.810487

pb34n3w5tae >> End >> 2020-10-30 09:14:26.011399

5o7dogbba4o >> Start >> 2020-10-30 09:22:18.047730

5o7dogbba4o >> Image Returned >> 2020-10-30 09:22:18.052781

5o7dogbba4o >> End >> 2020-10-30 09:22:18.278490

xy5n5zuubq7 >> Start >> 2020-10-30 09:27:40.485614

xy5n5zuubq7 >> Image Returned >> 2020-10-30 09:27:40.489578

xy5n5zuubq7 >> End >> 2020-10-30 09:27:40.669713

5h0tsaw0t5s >> Start >> 2020-10-30 09:31:24.498164

5h0tsaw0t5s >> Image Returned >> 2020-10-30 09:31:24.501486

5h0tsaw0t5s >> End >> 2020-10-30 09:31:24.699311

p7fxdwiwxdi >> Start >> 2020-10-30 09:33:08.335623

p7fxdwiwxdi >> Image Returned >> 2020-10-30 09:33:08.338458

p7fxdwiwxdi >> End >> 2020-10-30 09:33:08.559582

fvti2j3grmg >> Start >> 2020-10-30 09:41:35.851046

fvti2j3grmg >> Image Returned >> 2020-10-30 09:41:35.854222

fvti2j3grmg >> End >> 2020-10-30 09:41:36.035193

i34tfh5ninw >> Start >> 2020-10-30 09:41:45.471380

i34tfh5ninw >> Image Returned >> 2020-10-30 09:41:45.471662

i34tfh5ninw >> End >> 2020-10-30 09:41:45.657891

y7cf5wwkrsk >> Start >> 2020-10-30 09:42:13.181447

y7cf5wwkrsk >> Image Returned >> 2020-10-30 09:42:13.184366

y7cf5wwkrsk >> End >> 2020-10-30 09:42:13.367554

nza6gvn7ekk >> Start >> 2020-10-30 09:45:25.360430

nza6gvn7ekk >> Image Returned >> 2020-10-30 09:45:25.363802

nza6gvn7ekk >> End >> 2020-10-30 09:45:25.603632

0jh0nzq0jhx >> Start >> 2020-10-30 09:48:59.660798

0jh0nzq0jhx >> Image Returned >> 2020-10-30 09:48:59.664637

0jh0nzq0jhx >> End >> 2020-10-30 09:48:59.906687

pyxaxcckz5j >> Start >> 2020-10-30 10:07:21.545111

pyxaxcckz5j >> Image Returned >> 2020-10-30 10:07:21.549869

pyxaxcckz5j >> End >> 2020-10-30 10:07:21.741411

cywebn2e0at >> Start >> 2020-10-30 10:12:15.950674

cywebn2e0at >> Image Returned >> 2020-10-30 10:12:15.954256

cywebn2e0at >> End >> 2020-10-30 10:12:16.161379

bwd50fj4uzu >> Start >> 2020-10-30 10:12:46.093197

bwd50fj4uzu >> Image Returned >> 2020-10-30 10:12:46.096056

bwd50fj4uzu >> End >> 2020-10-30 10:12:46.277510

odb3oaqeyfn >> Start >> 2020-10-30 10:14:06.031608

odb3oaqeyfn >> Image Returned >> 2020-10-30 10:14:06.035155

odb3oaqeyfn >> End >> 2020-10-30 10:14:06.220938

i0d8y7a2ptx >> Start >> 2020-10-30 10:18:15.985548

i0d8y7a2ptx >> Image Returned >> 2020-10-30 10:18:15.988967

i0d8y7a2ptx >> End >> 2020-10-30 10:18:16.183044

izaoot7pj4u >> Start >> 2020-10-30 10:24:32.831674

izaoot7pj4u >> Image Returned >> 2020-10-30 10:24:32.835051

izaoot7pj4u >> End >> 2020-10-30 10:24:33.068011

ent3sids65p >> Start >> 2020-10-30 10:28:57.934778

ent3sids65p >> Image Returned >> 2020-10-30 10:28:57.939410

ent3sids65p >> End >> 2020-10-30 10:28:58.133893

rvz5mp8oq2b >> Start >> 2020-10-30 10:38:51.743364

rvz5mp8oq2b >> Image Returned >> 2020-10-30 10:38:51.746797

rvz5mp8oq2b >> End >> 2020-10-30 10:38:51.930468

r3cgsugvid4 >> Start >> 2020-10-30 10:39:23.173945

r3cgsugvid4 >> Image Returned >> 2020-10-30 10:39:23.177400

r3cgsugvid4 >> End >> 2020-10-30 10:39:23.359206

m2w3gv5s2a3 >> Start >> 2020-10-30 10:42:29.069258

m2w3gv5s2a3 >> Image Returned >> 2020-10-30 10:42:29.073776

m2w3gv5s2a3 >> End >> 2020-10-30 10:42:29.260946

y5b8avfv4po >> Start >> 2020-10-30 10:43:21.485826

y5b8avfv4po >> Image Returned >> 2020-10-30 10:43:21.489257

y5b8avfv4po >> End >> 2020-10-30 10:43:21.672812

6tahsufpsfo >> Start >> 2020-10-30 10:44:01.291677

6tahsufpsfo >> Image Returned >> 2020-10-30 10:44:01.294648

6tahsufpsfo >> End >> 2020-10-30 10:44:01.476314

tpsi5pkhpna >> Start >> 2020-10-30 10:45:25.558363

tpsi5pkhpna >> Image Returned >> 2020-10-30 10:45:25.561705

tpsi5pkhpna >> End >> 2020-10-30 10:45:25.761998

czy3yjahc2p >> Start >> 2020-10-30 10:46:31.561708

czy3yjahc2p >> Image Returned >> 2020-10-30 10:46:31.564631

czy3yjahc2p >> End >> 2020-10-30 10:46:31.755244

rz7bjmetgmo >> Start >> 2020-10-30 10:46:42.246387

rz7bjmetgmo >> Image Returned >> 2020-10-30 10:46:42.246678

rz7bjmetgmo >> End >> 2020-10-30 10:46:42.434238

dgogaqcduxo >> Start >> 2020-10-30 10:51:33.106825

dgogaqcduxo >> Image Returned >> 2020-10-30 10:51:33.110167

dgogaqcduxo >> End >> 2020-10-30 10:51:33.294713

ztmzj63xt0z >> Start >> 2020-10-30 10:52:35.714277

ztmzj63xt0z >> Image Returned >> 2020-10-30 10:52:35.717458

ztmzj63xt0z >> End >> 2020-10-30 10:52:35.905544

sn0uyc5kfor >> Start >> 2020-10-30 10:52:36.432770

sn0uyc5kfor >> Image Returned >> 2020-10-30 10:52:36.433063

sn0uyc5kfor >> End >> 2020-10-30 10:52:36.624952

2uwxc4j43x6 >> Start >> 2020-10-30 10:52:45.852241

2uwxc4j43x6 >> Image Returned >> 2020-10-30 10:52:45.852514

2uwxc4j43x6 >> End >> 2020-10-30 10:52:46.049756

c4xkstyo3z8 >> Start >> 2020-10-30 10:53:01.989131

c4xkstyo3z8 >> Image Returned >> 2020-10-30 10:53:01.992048

c4xkstyo3z8 >> End >> 2020-10-30 10:53:02.179328

uyaxcekvtoq >> Start >> 2020-10-30 10:53:37.424736

uyaxcekvtoq >> Image Returned >> 2020-10-30 10:53:37.428719

uyaxcekvtoq >> End >> 2020-10-30 10:53:37.610585

3c882wocymp >> Start >> 2020-10-30 10:53:45.867922

3c882wocymp >> Image Returned >> 2020-10-30 10:53:45.868202

3c882wocymp >> End >> 2020-10-30 10:53:46.048219

dt2rurvxvfw >> Start >> 2020-10-30 10:53:46.176103

dt2rurvxvfw >> Image Returned >> 2020-10-30 10:53:46.176382

dt2rurvxvfw >> End >> 2020-10-30 10:53:46.361943

gjbbxufp87x >> Start >> 2020-10-30 10:56:54.607309

gjbbxufp87x >> Image Returned >> 2020-10-30 10:56:54.611119

gjbbxufp87x >> End >> 2020-10-30 10:56:54.800972

n6jjapy5bmm >> Start >> 2020-10-30 10:57:29.756028

n6jjapy5bmm >> Image Returned >> 2020-10-30 10:57:29.759548

n6jjapy5bmm >> End >> 2020-10-30 10:57:29.951422

sdythxqrnsv >> Start >> 2020-10-30 11:00:27.724401

sdythxqrnsv >> Image Returned >> 2020-10-30 11:00:27.727551

sdythxqrnsv >> End >> 2020-10-30 11:00:27.934020

rfdg8srqm4r >> Start >> 2020-10-30 11:01:08.533814

rfdg8srqm4r >> Image Returned >> 2020-10-30 11:01:08.537141

rfdg8srqm4r >> End >> 2020-10-30 11:01:08.719223

z30fe0oz4k5 >> Start >> 2020-10-30 11:01:25.555717

z30fe0oz4k5 >> Image Returned >> 2020-10-30 11:01:25.558892

z30fe0oz4k5 >> End >> 2020-10-30 11:01:25.752065

6gv4ynac4ob >> Start >> 2020-10-30 11:09:26.383064

6gv4ynac4ob >> Image Returned >> 2020-10-30 11:09:26.386148

6gv4ynac4ob >> End >> 2020-10-30 11:09:26.619007

73yjpcb6wak >> Start >> 2020-10-30 11:09:46.582009

73yjpcb6wak >> Image Returned >> 2020-10-30 11:09:46.584678

73yjpcb6wak >> End >> 2020-10-30 11:09:46.817958

jmf68nugv4j >> Start >> 2020-10-30 11:20:07.014478

jmf68nugv4j >> Image Returned >> 2020-10-30 11:20:07.017529

jmf68nugv4j >> End >> 2020-10-30 11:20:07.223633

8c2ci675br8 >> Start >> 2020-10-30 11:21:26.337074

8c2ci675br8 >> Image Returned >> 2020-10-30 11:21:26.340303

8c2ci675br8 >> End >> 2020-10-30 11:21:26.560206

zqxbui8pjrs >> Start >> 2020-10-30 11:26:00.929918

zqxbui8pjrs >> Image Returned >> 2020-10-30 11:26:00.932693

zqxbui8pjrs >> End >> 2020-10-30 11:26:01.147269

6c3tvpbqbay >> Start >> 2020-10-30 11:26:58.897236

6c3tvpbqbay >> Image Returned >> 2020-10-30 11:26:58.900340

6c3tvpbqbay >> End >> 2020-10-30 11:26:59.095093

u63n2dv3awm >> Start >> 2020-10-30 11:27:33.060765

u63n2dv3awm >> Image Returned >> 2020-10-30 11:27:33.063895

u63n2dv3awm >> End >> 2020-10-30 11:27:33.251559

e0ymmjovuci >> Start >> 2020-10-30 11:28:51.399220

e0ymmjovuci >> Image Returned >> 2020-10-30 11:28:51.402128

e0ymmjovuci >> End >> 2020-10-30 11:28:51.592165

wkaw2k23ss8 >> Start >> 2020-10-30 11:30:49.090221

wkaw2k23ss8 >> Image Returned >> 2020-10-30 11:30:49.093070

wkaw2k23ss8 >> End >> 2020-10-30 11:30:49.279951

su8ttquiuor >> Start >> 2020-10-30 11:34:35.404339

su8ttquiuor >> Image Returned >> 2020-10-30 11:34:35.407421

su8ttquiuor >> End >> 2020-10-30 11:34:35.589615

ngv0n7y3s7v >> Start >> 2020-10-30 11:36:55.647418

ngv0n7y3s7v >> Image Returned >> 2020-10-30 11:36:55.650578

ngv0n7y3s7v >> End >> 2020-10-30 11:36:55.843847

m0g3z6t84ez >> Start >> 2020-10-30 11:42:41.010634

m0g3z6t84ez >> Image Returned >> 2020-10-30 11:42:41.013968

m0g3z6t84ez >> End >> 2020-10-30 11:42:41.204771

je3t7sz2p7e >> Start >> 2020-10-30 11:44:45.879168

je3t7sz2p7e >> Image Returned >> 2020-10-30 11:44:45.882138

je3t7sz2p7e >> End >> 2020-10-30 11:44:46.067183

wbrt5xxcoou >> Start >> 2020-10-30 11:47:17.785376

wbrt5xxcoou >> Image Returned >> 2020-10-30 11:47:17.790318

wbrt5xxcoou >> End >> 2020-10-30 11:47:17.918276

7a4euw0mg22 >> Start >> 2020-10-30 11:51:26.787899

7a4euw0mg22 >> Image Returned >> 2020-10-30 11:51:26.791472

7a4euw0mg22 >> End >> 2020-10-30 11:51:26.927707

ehqho6cuy4j >> Start >> 2020-10-30 11:55:17.679544

ehqho6cuy4j >> Image Returned >> 2020-10-30 11:55:17.683013

ehqho6cuy4j >> End >> 2020-10-30 11:55:17.873354

vztshjr00wm >> Start >> 2020-10-30 11:56:07.675753

vztshjr00wm >> Image Returned >> 2020-10-30 11:56:07.678443

vztshjr00wm >> End >> 2020-10-30 11:56:07.860385

zbmn6i35g3f >> Start >> 2020-10-30 11:58:09.682841

zbmn6i35g3f >> Image Returned >> 2020-10-30 11:58:09.686244

zbmn6i35g3f >> End >> 2020-10-30 11:58:09.945297

sbmt7ubmune >> Start >> 2020-10-30 11:58:24.434850

sbmt7ubmune >> Image Returned >> 2020-10-30 11:58:24.438334

sbmt7ubmune >> End >> 2020-10-30 11:58:24.719367

t0v6ma6zbw3 >> Start >> 2020-10-30 11:58:25.356178

t0v6ma6zbw3 >> Image Returned >> 2020-10-30 11:58:25.356456

t0v6ma6zbw3 >> End >> 2020-10-30 11:58:25.593262

r5bnf3ggz80 >> Start >> 2020-10-30 11:59:25.505336

r5bnf3ggz80 >> Image Returned >> 2020-10-30 11:59:25.508259

r5bnf3ggz80 >> End >> 2020-10-30 11:59:25.686295

wpthxod3g0z >> Start >> 2020-10-30 12:00:02.043725

wpthxod3g0z >> Image Returned >> 2020-10-30 12:00:02.046420

wpthxod3g0z >> End >> 2020-10-30 12:00:02.241321

070dfcs460i >> Start >> 2020-10-30 12:00:12.420830

070dfcs460i >> Image Returned >> 2020-10-30 12:00:12.421130

070dfcs460i >> End >> 2020-10-30 12:00:12.600768

a3vpo3wxrwg >> Start >> 2020-10-30 12:00:17.552464

a3vpo3wxrwg >> Image Returned >> 2020-10-30 12:00:17.552772

a3vpo3wxrwg >> End >> 2020-10-30 12:00:17.733593

s5egyxa83qy >> Start >> 2020-10-30 12:01:12.699812

s5egyxa83qy >> Image Returned >> 2020-10-30 12:01:12.702632

s5egyxa83qy >> End >> 2020-10-30 12:01:12.891128

tpjkexm4fuh >> Start >> 2020-10-30 12:04:04.501379

tpjkexm4fuh >> Image Returned >> 2020-10-30 12:04:04.504125

tpjkexm4fuh >> End >> 2020-10-30 12:04:04.692572

ojprdak7adg >> Start >> 2020-10-30 12:06:13.930912

ojprdak7adg >> Image Returned >> 2020-10-30 12:06:13.933610

ojprdak7adg >> End >> 2020-10-30 12:06:14.196930

e6gakjr67v6 >> Start >> 2020-10-30 12:09:34.629184

e6gakjr67v6 >> Image Returned >> 2020-10-30 12:09:34.632841

e6gakjr67v6 >> End >> 2020-10-30 12:09:34.819395

tu58v58eznf >> Start >> 2020-10-30 12:11:44.199281

tu58v58eznf >> Image Returned >> 2020-10-30 12:11:44.202404

tu58v58eznf >> End >> 2020-10-30 12:11:44.391330

cozhsrprcb8 >> Start >> 2020-10-30 12:12:10.779227

cozhsrprcb8 >> Image Returned >> 2020-10-30 12:12:10.782067

cozhsrprcb8 >> End >> 2020-10-30 12:12:10.976289

up5dsmrw8eb >> Start >> 2020-10-30 12:16:11.236079

up5dsmrw8eb >> Image Returned >> 2020-10-30 12:16:11.239114

up5dsmrw8eb >> End >> 2020-10-30 12:16:11.457992

j0mguz73ehm >> Start >> 2020-10-30 12:17:00.497438

j0mguz73ehm >> Image Returned >> 2020-10-30 12:17:00.500462

j0mguz73ehm >> End >> 2020-10-30 12:17:00.711635

gt3qxzmvoyg >> Start >> 2020-10-30 12:17:04.486787

gt3qxzmvoyg >> Image Returned >> 2020-10-30 12:17:04.487091

gt3qxzmvoyg >> End >> 2020-10-30 12:17:04.732597

hywq7t32d6w >> Start >> 2020-10-30 12:20:42.131187

hywq7t32d6w >> Image Returned >> 2020-10-30 12:20:42.134577

hywq7t32d6w >> End >> 2020-10-30 12:20:42.315448

8yhvzpbgosr >> Start >> 2020-10-30 12:27:37.101808

8yhvzpbgosr >> Image Returned >> 2020-10-30 12:27:37.104671

8yhvzpbgosr >> End >> 2020-10-30 12:27:37.291315

nhvnph5vnnv >> Start >> 2020-10-30 12:29:33.953929

nhvnph5vnnv >> Image Returned >> 2020-10-30 12:29:33.957040

nhvnph5vnnv >> End >> 2020-10-30 12:29:34.131580

scwatg8a5o5 >> Start >> 2020-10-30 12:30:12.974200

scwatg8a5o5 >> Image Returned >> 2020-10-30 12:30:12.976944

scwatg8a5o5 >> End >> 2020-10-30 12:30:13.157466

e3jixtnhfbb >> Start >> 2020-10-30 12:30:24.841413

e3jixtnhfbb >> Image Returned >> 2020-10-30 12:30:24.845494

e3jixtnhfbb >> End >> 2020-10-30 12:30:25.026637

6j4qd04gvv5 >> Start >> 2020-10-30 12:35:51.563258

6j4qd04gvv5 >> Image Returned >> 2020-10-30 12:35:51.566445

6j4qd04gvv5 >> End >> 2020-10-30 12:35:51.750587

cd022qdeqso >> Start >> 2020-10-30 12:38:49.074770

cd022qdeqso >> Image Returned >> 2020-10-30 12:38:49.078066

cd022qdeqso >> End >> 2020-10-30 12:38:49.297374

y76to30dwew >> Start >> 2020-10-30 12:39:31.664618

y76to30dwew >> Image Returned >> 2020-10-30 12:39:31.667943

y76to30dwew >> End >> 2020-10-30 12:39:31.848397

ud0r8rm5oed >> Start >> 2020-10-30 12:40:20.396085

ud0r8rm5oed >> Image Returned >> 2020-10-30 12:40:20.398804

ud0r8rm5oed >> End >> 2020-10-30 12:40:20.602309

z4r3saqg7ee >> Start >> 2020-10-30 12:41:17.179095

z4r3saqg7ee >> Image Returned >> 2020-10-30 12:41:17.181863

z4r3saqg7ee >> End >> 2020-10-30 12:41:17.369577

km08crpntix >> Start >> 2020-10-30 12:45:45.163295

km08crpntix >> Image Returned >> 2020-10-30 12:45:45.166731

km08crpntix >> End >> 2020-10-30 12:45:45.441215

pjxf7ywrgwa >> Start >> 2020-10-30 12:48:02.614326

pjxf7ywrgwa >> Image Returned >> 2020-10-30 12:48:02.617142

pjxf7ywrgwa >> End >> 2020-10-30 12:48:02.810071

qx2ko700y48 >> Start >> 2020-10-30 12:49:00.187798

qx2ko700y48 >> Image Returned >> 2020-10-30 12:49:00.190826

qx2ko700y48 >> End >> 2020-10-30 12:49:00.398030

pbisen60kao >> Start >> 2020-10-30 12:54:22.761466

pbisen60kao >> Image Returned >> 2020-10-30 12:54:22.764403

pbisen60kao >> End >> 2020-10-30 12:54:22.960633

a427fjc66fd >> Start >> 2020-10-30 12:55:39.173748

a427fjc66fd >> Image Returned >> 2020-10-30 12:55:39.177326

a427fjc66fd >> End >> 2020-10-30 12:55:39.444037

fdjawoq43c3 >> Start >> 2020-10-30 13:03:39.175208

fdjawoq43c3 >> Image Returned >> 2020-10-30 13:03:39.178813

fdjawoq43c3 >> End >> 2020-10-30 13:03:39.381350

832ytv2n8u4 >> Start >> 2020-10-30 13:05:26.776262

832ytv2n8u4 >> Image Returned >> 2020-10-30 13:05:26.781388

832ytv2n8u4 >> End >> 2020-10-30 13:05:26.964097

h3b50cxi7d6 >> Start >> 2020-10-30 13:05:46.295229

h3b50cxi7d6 >> Image Returned >> 2020-10-30 13:05:46.297987

h3b50cxi7d6 >> End >> 2020-10-30 13:05:46.480312

d5m507uwcbj >> Start >> 2020-10-30 13:09:26.668278

d5m507uwcbj >> Image Returned >> 2020-10-30 13:09:26.671364

d5m507uwcbj >> End >> 2020-10-30 13:09:26.908309

rftf83yuka2 >> Start >> 2020-10-30 13:11:11.794255

rftf83yuka2 >> Image Returned >> 2020-10-30 13:11:11.797602

rftf83yuka2 >> End >> 2020-10-30 13:11:12.047949

zx7wi6zkd07 >> Start >> 2020-10-30 13:13:11.944950

zx7wi6zkd07 >> Image Returned >> 2020-10-30 13:13:11.947957

zx7wi6zkd07 >> End >> 2020-10-30 13:13:12.137151

jcf7ujoamb5 >> Start >> 2020-10-30 13:15:08.768433

jcf7ujoamb5 >> Image Returned >> 2020-10-30 13:15:08.771852

jcf7ujoamb5 >> End >> 2020-10-30 13:15:08.958743

hrhyoafzet5 >> Start >> 2020-10-30 13:16:50.549356

hrhyoafzet5 >> Image Returned >> 2020-10-30 13:16:50.552819

hrhyoafzet5 >> End >> 2020-10-30 13:16:50.736908

s6wyv8fadgr >> Start >> 2020-10-30 13:18:17.951159

s6wyv8fadgr >> Image Returned >> 2020-10-30 13:18:17.954251

s6wyv8fadgr >> End >> 2020-10-30 13:18:18.135433

ujifsij60fo >> Start >> 2020-10-30 13:21:38.524791

ujifsij60fo >> Image Returned >> 2020-10-30 13:21:38.529079

ujifsij60fo >> End >> 2020-10-30 13:21:38.718055

rsmsnf04rvj >> Start >> 2020-10-30 13:23:08.088143

rsmsnf04rvj >> Image Returned >> 2020-10-30 13:23:08.090888

rsmsnf04rvj >> End >> 2020-10-30 13:23:08.271466

u0v7i63j05q >> Start >> 2020-10-30 13:23:16.227514

u0v7i63j05q >> Image Returned >> 2020-10-30 13:23:16.227797

u0v7i63j05q >> End >> 2020-10-30 13:23:16.401835

uxqnxteaz8z >> Start >> 2020-10-30 13:25:15.768734

uxqnxteaz8z >> Image Returned >> 2020-10-30 13:25:15.771821

uxqnxteaz8z >> End >> 2020-10-30 13:25:15.950196

8eeqn6tcjho >> Start >> 2020-10-30 13:26:23.222333

8eeqn6tcjho >> Image Returned >> 2020-10-30 13:26:23.226989

8eeqn6tcjho >> End >> 2020-10-30 13:26:23.411027

mr4bva7a5fa >> Start >> 2020-10-30 13:31:23.276559

mr4bva7a5fa >> Image Returned >> 2020-10-30 13:31:23.279407

mr4bva7a5fa >> End >> 2020-10-30 13:31:23.514940

up8nh2mdv33 >> Start >> 2020-10-30 13:33:42.891087

up8nh2mdv33 >> Image Returned >> 2020-10-30 13:33:42.893861

up8nh2mdv33 >> End >> 2020-10-30 13:33:43.027101

bttr3grnki2 >> Start >> 2020-10-30 13:34:47.114363

bttr3grnki2 >> Image Returned >> 2020-10-30 13:34:47.117574

bttr3grnki2 >> End >> 2020-10-30 13:34:47.299659

0caru8ee3ia >> Start >> 2020-10-30 13:37:24.838982

0caru8ee3ia >> Image Returned >> 2020-10-30 13:37:24.841681

0caru8ee3ia >> End >> 2020-10-30 13:37:25.043098

tr3qrr70k8v >> Start >> 2020-10-30 13:41:31.565212

tr3qrr70k8v >> Image Returned >> 2020-10-30 13:41:31.568264

tr3qrr70k8v >> End >> 2020-10-30 13:41:31.748603

uma82y7hwzb >> Start >> 2020-10-30 13:43:25.055973

uma82y7hwzb >> Image Returned >> 2020-10-30 13:43:25.059318

uma82y7hwzb >> End >> 2020-10-30 13:43:25.247782

ut3fwq7ak5m >> Start >> 2020-10-30 13:46:12.422734

ut3fwq7ak5m >> Image Returned >> 2020-10-30 13:46:12.425563

ut3fwq7ak5m >> End >> 2020-10-30 13:46:12.558387

vkzznjx76jt >> Start >> 2020-10-30 13:48:58.315792

vkzznjx76jt >> Image Returned >> 2020-10-30 13:48:58.319710

vkzznjx76jt >> End >> 2020-10-30 13:48:58.511075

vw2mpfnft5n >> Start >> 2020-10-30 13:51:40.623356

vw2mpfnft5n >> Image Returned >> 2020-10-30 13:51:40.627129

vw2mpfnft5n >> End >> 2020-10-30 13:51:40.813915

bhn2thffqze >> Start >> 2020-10-30 13:55:24.226377

bhn2thffqze >> Image Returned >> 2020-10-30 13:55:24.229715

bhn2thffqze >> End >> 2020-10-30 13:55:24.470784

v6pogze7kyo >> Start >> 2020-10-30 13:57:19.444854

v6pogze7kyo >> Image Returned >> 2020-10-30 13:57:19.449934

v6pogze7kyo >> End >> 2020-10-30 13:57:19.657994

2zye5guzaqq >> Start >> 2020-10-30 13:57:27.444792

2zye5guzaqq >> Image Returned >> 2020-10-30 13:57:27.445149

2zye5guzaqq >> End >> 2020-10-30 13:57:27.635797

tmtcrndvnrk >> Start >> 2020-10-30 14:00:59.153296

tmtcrndvnrk >> Image Returned >> 2020-10-30 14:00:59.156860

tmtcrndvnrk >> End >> 2020-10-30 14:00:59.355279

w7o2tjxe2ut >> Start >> 2020-10-30 14:01:14.057703

w7o2tjxe2ut >> Image Returned >> 2020-10-30 14:01:14.060533

w7o2tjxe2ut >> End >> 2020-10-30 14:01:14.253642

4i07qutdw2u >> Start >> 2020-10-30 14:07:07.050451

4i07qutdw2u >> Image Returned >> 2020-10-30 14:07:07.053240

4i07qutdw2u >> End >> 2020-10-30 14:07:07.299990

nusscqsho4o >> Start >> 2020-10-30 14:14:21.640242

nusscqsho4o >> Image Returned >> 2020-10-30 14:14:21.643718

nusscqsho4o >> End >> 2020-10-30 14:14:21.819855

ext02dvt7sd >> Start >> 2020-10-30 14:15:06.164927

ext02dvt7sd >> Image Returned >> 2020-10-30 14:15:06.168260

ext02dvt7sd >> End >> 2020-10-30 14:15:06.358333

dzj7er5kx00 >> Start >> 2020-10-30 14:16:41.150397

dzj7er5kx00 >> Image Returned >> 2020-10-30 14:16:41.153641

dzj7er5kx00 >> End >> 2020-10-30 14:16:41.332595

0x00tg8tjvh >> Start >> 2020-10-30 14:19:33.479584

0x00tg8tjvh >> Image Returned >> 2020-10-30 14:19:33.484529

0x00tg8tjvh >> End >> 2020-10-30 14:19:33.680242

pj7hf78y8dq >> Start >> 2020-10-30 14:21:37.660185

pj7hf78y8dq >> Image Returned >> 2020-10-30 14:21:37.663964

pj7hf78y8dq >> End >> 2020-10-30 14:21:37.897485

ec4m0drxhxg >> Start >> 2020-10-30 14:21:55.485439

ec4m0drxhxg >> Image Returned >> 2020-10-30 14:21:55.488492

ec4m0drxhxg >> End >> 2020-10-30 14:21:55.674498

kfggggvmhys >> Start >> 2020-10-30 14:24:25.176517

kfggggvmhys >> Image Returned >> 2020-10-30 14:24:25.179359

kfggggvmhys >> End >> 2020-10-30 14:24:25.389457

5udifkq0ee5 >> Start >> 2020-10-30 14:25:24.560789

5udifkq0ee5 >> Image Returned >> 2020-10-30 14:25:24.564058

5udifkq0ee5 >> End >> 2020-10-30 14:25:24.744591

55nq2ynkst6 >> Start >> 2020-10-30 14:25:46.572602

55nq2ynkst6 >> Image Returned >> 2020-10-30 14:25:46.576019

55nq2ynkst6 >> End >> 2020-10-30 14:25:46.771378

rtagzub4c2g >> Start >> 2020-10-30 14:27:09.323579

rtagzub4c2g >> Image Returned >> 2020-10-30 14:27:09.326719

rtagzub4c2g >> End >> 2020-10-30 14:27:09.520999

fk8yz8bwfsi >> Start >> 2020-10-30 14:27:35.890321

fk8yz8bwfsi >> Image Returned >> 2020-10-30 14:27:35.894143

fk8yz8bwfsi >> End >> 2020-10-30 14:27:36.071234

qbgwjh7bhk2 >> Start >> 2020-10-30 14:27:54.938255

qbgwjh7bhk2 >> Image Returned >> 2020-10-30 14:27:54.941204

qbgwjh7bhk2 >> End >> 2020-10-30 14:27:55.148283

ispqnhucn53 >> Start >> 2020-10-30 14:28:25.740555

ispqnhucn53 >> Image Returned >> 2020-10-30 14:28:25.743422

ispqnhucn53 >> End >> 2020-10-30 14:28:25.953979

wfmcv5oah2q >> Start >> 2020-10-30 14:28:52.699120

wfmcv5oah2q >> Image Returned >> 2020-10-30 14:28:52.702410

wfmcv5oah2q >> End >> 2020-10-30 14:28:52.901154

7q7rcu6utyg >> Start >> 2020-10-30 14:29:00.404237

7q7rcu6utyg >> Image Returned >> 2020-10-30 14:29:00.404596

7q7rcu6utyg >> End >> 2020-10-30 14:29:00.636473

5nxn4uxovqs >> Start >> 2020-10-30 14:29:36.931762

5nxn4uxovqs >> Image Returned >> 2020-10-30 14:29:36.934959

5nxn4uxovqs >> End >> 2020-10-30 14:29:37.146085

704e4krtmss >> Start >> 2020-10-30 14:30:29.865952

704e4krtmss >> Image Returned >> 2020-10-30 14:30:29.869537

704e4krtmss >> End >> 2020-10-30 14:30:30.059740

ibruwp4ryn7 >> Start >> 2020-10-30 14:30:40.525425

ibruwp4ryn7 >> Image Returned >> 2020-10-30 14:30:40.525706

ibruwp4ryn7 >> End >> 2020-10-30 14:30:40.718015

kcdk0rsmgwx >> Start >> 2020-10-30 14:31:18.131915

kcdk0rsmgwx >> Image Returned >> 2020-10-30 14:31:18.135021

kcdk0rsmgwx >> End >> 2020-10-30 14:31:18.319647

2ycw5ji0adt >> Start >> 2020-10-30 14:31:27.532942

2ycw5ji0adt >> Image Returned >> 2020-10-30 14:31:27.533230

2ycw5ji0adt >> End >> 2020-10-30 14:31:27.729222

ghod2xywbgm >> Start >> 2020-10-30 14:32:17.033181

ghod2xywbgm >> Image Returned >> 2020-10-30 14:32:17.038178

ghod2xywbgm >> End >> 2020-10-30 14:32:17.235594

d5m63br6oho >> Start >> 2020-10-30 14:37:17.222897

d5m63br6oho >> Image Returned >> 2020-10-30 14:37:17.225753

d5m63br6oho >> End >> 2020-10-30 14:37:17.362272

cxbo0kc3ntc >> Start >> 2020-10-30 14:38:07.016623

cxbo0kc3ntc >> Image Returned >> 2020-10-30 14:38:07.020307

cxbo0kc3ntc >> End >> 2020-10-30 14:38:07.197572

tw4mh0t0mm7 >> Start >> 2020-10-30 14:42:36.570106

tw4mh0t0mm7 >> Image Returned >> 2020-10-30 14:42:36.574351

tw4mh0t0mm7 >> End >> 2020-10-30 14:42:36.777362

fgreaaukq5v >> Start >> 2020-10-30 14:48:05.452384

fgreaaukq5v >> Image Returned >> 2020-10-30 14:48:05.457175

fgreaaukq5v >> End >> 2020-10-30 14:48:05.684231

3mv5qiom6ak >> Start >> 2020-10-30 14:50:36.976119

3mv5qiom6ak >> Image Returned >> 2020-10-30 14:50:36.979334

3mv5qiom6ak >> End >> 2020-10-30 14:50:37.174228

87vfrcgh848 >> Start >> 2020-10-30 14:54:49.680649

87vfrcgh848 >> Image Returned >> 2020-10-30 14:54:49.683902

87vfrcgh848 >> End >> 2020-10-30 14:54:49.880897

okpyqwvamc8 >> Start >> 2020-10-30 15:04:29.992052

okpyqwvamc8 >> Image Returned >> 2020-10-30 15:04:29.995482

okpyqwvamc8 >> End >> 2020-10-30 15:04:30.192910

0ym8vfh3s4n >> Start >> 2020-10-30 15:04:38.109667

0ym8vfh3s4n >> Image Returned >> 2020-10-30 15:04:38.109973

0ym8vfh3s4n >> End >> 2020-10-30 15:04:38.348634

4oop83e5v0p >> Start >> 2020-10-30 15:05:40.465632

4oop83e5v0p >> Image Returned >> 2020-10-30 15:05:40.468969

4oop83e5v0p >> End >> 2020-10-30 15:05:40.646064

8yhgk005cif >> Start >> 2020-10-30 15:10:35.128021

8yhgk005cif >> Image Returned >> 2020-10-30 15:10:35.131511

8yhgk005cif >> End >> 2020-10-30 15:10:35.350018

yqedgfhuwpm >> Start >> 2020-10-30 15:10:58.153023

yqedgfhuwpm >> Image Returned >> 2020-10-30 15:10:58.157028

yqedgfhuwpm >> End >> 2020-10-30 15:10:58.340761

daoax806nzx >> Start >> 2020-10-30 15:11:48.578025

daoax806nzx >> Image Returned >> 2020-10-30 15:11:48.581461

daoax806nzx >> End >> 2020-10-30 15:11:48.764390

b6bj0bkqr2g >> Start >> 2020-10-30 15:12:22.925808

b6bj0bkqr2g >> Image Returned >> 2020-10-30 15:12:22.930826

b6bj0bkqr2g >> End >> 2020-10-30 15:12:23.205602

vqftqoerryd >> Start >> 2020-10-30 15:14:32.304616

vqftqoerryd >> Image Returned >> 2020-10-30 15:14:32.308415

vqftqoerryd >> End >> 2020-10-30 15:14:32.667790

f4obyvrhy06 >> Start >> 2020-10-30 15:19:24.250718

f4obyvrhy06 >> Image Returned >> 2020-10-30 15:19:24.253547

f4obyvrhy06 >> End >> 2020-10-30 15:19:24.445667

tg76trood0m >> Start >> 2020-10-30 15:21:47.366369

tg76trood0m >> Image Returned >> 2020-10-30 15:21:47.370358

tg76trood0m >> End >> 2020-10-30 15:21:47.552783

7krx6ni4m4e >> Start >> 2020-10-30 15:22:05.428575

7krx6ni4m4e >> Image Returned >> 2020-10-30 15:22:05.431377

7krx6ni4m4e >> End >> 2020-10-30 15:22:05.632503

qxyb0w3jwzq >> Start >> 2020-10-30 15:22:53.485264

qxyb0w3jwzq >> Image Returned >> 2020-10-30 15:22:53.489716

qxyb0w3jwzq >> End >> 2020-10-30 15:22:53.684973

hwruhaofqn2 >> Start >> 2020-10-30 15:24:59.029107

hwruhaofqn2 >> Image Returned >> 2020-10-30 15:24:59.031924

hwruhaofqn2 >> End >> 2020-10-30 15:24:59.213280

nsu5f4zshev >> Start >> 2020-10-30 15:27:41.523828

nsu5f4zshev >> Image Returned >> 2020-10-30 15:27:41.527107

nsu5f4zshev >> End >> 2020-10-30 15:27:41.707844

m7njdfszbwb >> Start >> 2020-10-30 15:30:03.528199

m7njdfszbwb >> Image Returned >> 2020-10-30 15:30:03.531419

m7njdfszbwb >> End >> 2020-10-30 15:30:03.719132

rdvcncp0yfs >> Start >> 2020-10-30 15:34:34.027657

rdvcncp0yfs >> Image Returned >> 2020-10-30 15:34:34.031236

rdvcncp0yfs >> End >> 2020-10-30 15:34:34.228703

tu74prorxfy >> Start >> 2020-10-30 15:35:20.200802

tu74prorxfy >> Image Returned >> 2020-10-30 15:35:20.203619

tu74prorxfy >> End >> 2020-10-30 15:35:20.383563

sqo8ze4cpbk >> Start >> 2020-10-30 15:37:05.330843

sqo8ze4cpbk >> Image Returned >> 2020-10-30 15:37:05.334233

sqo8ze4cpbk >> End >> 2020-10-30 15:37:05.531136

hd5m84coyrz >> Start >> 2020-10-30 15:37:17.870621

hd5m84coyrz >> Image Returned >> 2020-10-30 15:37:17.873416

hd5m84coyrz >> End >> 2020-10-30 15:37:18.073587

6vz470ay8wg >> Start >> 2020-10-30 15:39:11.036243

6vz470ay8wg >> Image Returned >> 2020-10-30 15:39:11.039156

6vz470ay8wg >> End >> 2020-10-30 15:39:11.220158

3bqc44ycaoz >> Start >> 2020-10-30 15:42:40.004101

3bqc44ycaoz >> Image Returned >> 2020-10-30 15:42:40.007452

3bqc44ycaoz >> End >> 2020-10-30 15:42:40.209237

38gvfnhbyg3 >> Start >> 2020-10-30 15:48:42.486938

38gvfnhbyg3 >> Image Returned >> 2020-10-30 15:48:42.490926

38gvfnhbyg3 >> End >> 2020-10-30 15:48:42.670262

fnuub2na3ub >> Start >> 2020-10-30 15:52:24.229537

fnuub2na3ub >> Image Returned >> 2020-10-30 15:52:24.233640

fnuub2na3ub >> End >> 2020-10-30 15:52:24.441673

w8ixv2j42to >> Start >> 2020-10-30 15:54:45.106637

w8ixv2j42to >> Image Returned >> 2020-10-30 15:54:45.110162

w8ixv2j42to >> End >> 2020-10-30 15:54:45.320972

b0b4ys8nz27 >> Start >> 2020-10-30 15:56:58.224371

b0b4ys8nz27 >> Image Returned >> 2020-10-30 15:56:58.227636

b0b4ys8nz27 >> End >> 2020-10-30 15:56:58.405982

26fckcadbxg >> Start >> 2020-10-30 15:58:26.851114

26fckcadbxg >> Image Returned >> 2020-10-30 15:58:26.855247

26fckcadbxg >> End >> 2020-10-30 15:58:26.987067

877kf30mjqg >> Start >> 2020-10-30 15:58:42.305540

877kf30mjqg >> Image Returned >> 2020-10-30 15:58:42.309385

877kf30mjqg >> End >> 2020-10-30 15:58:42.504419

eh5jtb0i8pz >> Start >> 2020-10-30 16:02:01.836694

eh5jtb0i8pz >> Image Returned >> 2020-10-30 16:02:01.839626

eh5jtb0i8pz >> End >> 2020-10-30 16:02:02.067256

3fpkjhvg7xt >> Start >> 2020-10-30 16:06:02.426229

3fpkjhvg7xt >> Image Returned >> 2020-10-30 16:06:02.431294

3fpkjhvg7xt >> End >> 2020-10-30 16:06:02.607517

uvk2romgy36 >> Start >> 2020-10-30 16:08:27.215068

uvk2romgy36 >> Image Returned >> 2020-10-30 16:08:27.218713

uvk2romgy36 >> End >> 2020-10-30 16:08:27.395576

vraiv8y62xw >> Start >> 2020-10-30 16:14:24.659094

vraiv8y62xw >> Image Returned >> 2020-10-30 16:14:24.661952

vraiv8y62xw >> End >> 2020-10-30 16:14:24.863996

u5g8eedfieh >> Start >> 2020-10-30 16:15:19.936686

u5g8eedfieh >> Image Returned >> 2020-10-30 16:15:19.939928

u5g8eedfieh >> End >> 2020-10-30 16:15:20.111710

egpnn6j7vv6 >> Start >> 2020-10-30 16:19:42.630458

egpnn6j7vv6 >> Image Returned >> 2020-10-30 16:19:42.633858

egpnn6j7vv6 >> End >> 2020-10-30 16:19:42.849086

b4opax3sbw8 >> Start >> 2020-10-30 16:20:59.530390

b4opax3sbw8 >> Image Returned >> 2020-10-30 16:20:59.533896

b4opax3sbw8 >> End >> 2020-10-30 16:20:59.744740

cuymbi4f0pv >> Start >> 2020-10-30 16:21:30.684756

cuymbi4f0pv >> Image Returned >> 2020-10-30 16:21:30.687522

cuymbi4f0pv >> End >> 2020-10-30 16:21:30.881494

xtuax488rqr >> Start >> 2020-10-30 16:21:40.913017

xtuax488rqr >> Image Returned >> 2020-10-30 16:21:40.913335

xtuax488rqr >> End >> 2020-10-30 16:21:41.099478

yjg2aoguydq >> Start >> 2020-10-30 16:23:29.404360

yjg2aoguydq >> Image Returned >> 2020-10-30 16:23:29.408308

yjg2aoguydq >> End >> 2020-10-30 16:23:29.608927

sfr6deozh8o >> Start >> 2020-10-30 16:23:30.429292

sfr6deozh8o >> Image Returned >> 2020-10-30 16:23:30.429569

sfr6deozh8o >> End >> 2020-10-30 16:23:30.622606

pxjumpey8vh >> Start >> 2020-10-30 16:33:24.012934

pxjumpey8vh >> Image Returned >> 2020-10-30 16:33:24.016010

pxjumpey8vh >> End >> 2020-10-30 16:33:24.227070

3f4izk7bdrd >> Start >> 2020-10-30 16:33:52.343960

3f4izk7bdrd >> Image Returned >> 2020-10-30 16:33:52.347506

3f4izk7bdrd >> End >> 2020-10-30 16:33:52.533071

mhjt3x24v6d >> Start >> 2020-10-30 16:39:18.279783

mhjt3x24v6d >> Image Returned >> 2020-10-30 16:39:18.282727

mhjt3x24v6d >> End >> 2020-10-30 16:39:18.464766

xrqxwxj75z3 >> Start >> 2020-10-30 16:40:46.001768

xrqxwxj75z3 >> Image Returned >> 2020-10-30 16:40:46.005677

xrqxwxj75z3 >> End >> 2020-10-30 16:40:46.226507

8pwei7y66zy >> Start >> 2020-10-30 16:49:09.449340

8pwei7y66zy >> Image Returned >> 2020-10-30 16:49:09.452275

8pwei7y66zy >> End >> 2020-10-30 16:49:09.675241

oovisa7uxbc >> Start >> 2020-10-30 16:51:35.301239

oovisa7uxbc >> Image Returned >> 2020-10-30 16:51:35.305387

oovisa7uxbc >> End >> 2020-10-30 16:51:35.482657

2igcxtfabxx >> Start >> 2020-10-30 16:55:32.841614

2igcxtfabxx >> Image Returned >> 2020-10-30 16:55:32.846149

2igcxtfabxx >> End >> 2020-10-30 16:55:33.032479

hdtin2xvomc >> Start >> 2020-10-30 16:56:17.630858

hdtin2xvomc >> Image Returned >> 2020-10-30 16:56:17.633753

hdtin2xvomc >> End >> 2020-10-30 16:56:17.813977

paou5f608wm >> Start >> 2020-10-30 16:57:06.125628

paou5f608wm >> Image Returned >> 2020-10-30 16:57:06.128464

paou5f608wm >> End >> 2020-10-30 16:57:06.256330

wcqfc88pojg >> Start >> 2020-10-30 16:57:25.144992

wcqfc88pojg >> Image Returned >> 2020-10-30 16:57:25.148817

wcqfc88pojg >> End >> 2020-10-30 16:57:25.348315

vwu3aiajz80 >> Start >> 2020-10-30 16:58:23.764137

vwu3aiajz80 >> Image Returned >> 2020-10-30 16:58:23.767613

vwu3aiajz80 >> End >> 2020-10-30 16:58:23.998114

8te62huoe7o >> Start >> 2020-10-30 16:59:57.484709

8te62huoe7o >> Image Returned >> 2020-10-30 16:59:57.488389

8te62huoe7o >> End >> 2020-10-30 16:59:57.695072

pfz340iwjr3 >> Start >> 2020-10-30 17:01:33.427341

pfz340iwjr3 >> Image Returned >> 2020-10-30 17:01:33.430422

pfz340iwjr3 >> End >> 2020-10-30 17:01:33.638421

75jdia37d8v >> Start >> 2020-10-30 17:02:14.492862

75jdia37d8v >> Image Returned >> 2020-10-30 17:02:14.495832

75jdia37d8v >> End >> 2020-10-30 17:02:14.673254

oh6xtwxvb0o >> Start >> 2020-10-30 17:02:27.533910

oh6xtwxvb0o >> Image Returned >> 2020-10-30 17:02:27.536727

oh6xtwxvb0o >> End >> 2020-10-30 17:02:27.725233

sur3dxd2cty >> Start >> 2020-10-30 17:02:27.847461

sur3dxd2cty >> Image Returned >> 2020-10-30 17:02:27.847812

sur3dxd2cty >> End >> 2020-10-30 17:02:28.029900

rfgr8vp6vyj >> Start >> 2020-10-30 17:05:09.773186

rfgr8vp6vyj >> Image Returned >> 2020-10-30 17:05:09.777103

rfgr8vp6vyj >> End >> 2020-10-30 17:05:10.014652

rwy3hg4uyfu >> Start >> 2020-10-30 17:10:43.464710

rwy3hg4uyfu >> Image Returned >> 2020-10-30 17:10:43.468312

rwy3hg4uyfu >> End >> 2020-10-30 17:10:43.657201

cf3bm7x284j >> Start >> 2020-10-30 17:11:54.980992

cf3bm7x284j >> Image Returned >> 2020-10-30 17:11:54.984652

cf3bm7x284j >> End >> 2020-10-30 17:11:55.175050

ha0xkm85ohm >> Start >> 2020-10-30 17:16:24.519344

ha0xkm85ohm >> Image Returned >> 2020-10-30 17:16:24.522207

ha0xkm85ohm >> End >> 2020-10-30 17:16:24.701790

8xvr23r53dx >> Start >> 2020-10-30 17:18:46.217969

8xvr23r53dx >> Image Returned >> 2020-10-30 17:18:46.220824

8xvr23r53dx >> End >> 2020-10-30 17:18:46.393830

07scg0igp07 >> Start >> 2020-10-30 17:19:17.322680

07scg0igp07 >> Image Returned >> 2020-10-30 17:19:17.325479

07scg0igp07 >> End >> 2020-10-30 17:19:17.515321

ay54ynh5s3h >> Start >> 2020-10-30 17:20:51.980042

ay54ynh5s3h >> Image Returned >> 2020-10-30 17:20:51.985244

ay54ynh5s3h >> End >> 2020-10-30 17:20:52.171246

eyc47rnui6k >> Start >> 2020-10-30 17:22:26.457490

eyc47rnui6k >> Image Returned >> 2020-10-30 17:22:26.460308

eyc47rnui6k >> End >> 2020-10-30 17:22:26.644262

ke27go3totp >> Start >> 2020-10-30 17:22:47.141313

ke27go3totp >> Image Returned >> 2020-10-30 17:22:47.144773

ke27go3totp >> End >> 2020-10-30 17:22:47.350017

2c808jkjbcm >> Start >> 2020-10-30 17:26:15.089515

2c808jkjbcm >> Image Returned >> 2020-10-30 17:26:15.092605

2c808jkjbcm >> End >> 2020-10-30 17:26:15.270498

wzxc8ynys8z >> Start >> 2020-10-30 17:32:12.215522

wzxc8ynys8z >> Image Returned >> 2020-10-30 17:32:12.218466

wzxc8ynys8z >> End >> 2020-10-30 17:32:12.412451

3k3kfrfbd34 >> Start >> 2020-10-30 17:32:33.456316

3k3kfrfbd34 >> Image Returned >> 2020-10-30 17:32:33.459439

3k3kfrfbd34 >> End >> 2020-10-30 17:32:33.640021

83n0s3uf3x4 >> Start >> 2020-10-30 17:37:10.030729

83n0s3uf3x4 >> Image Returned >> 2020-10-30 17:37:10.034398

83n0s3uf3x4 >> End >> 2020-10-30 17:37:10.211939

uxnhmok2wxg >> Start >> 2020-10-30 17:38:38.928572

uxnhmok2wxg >> Image Returned >> 2020-10-30 17:38:38.932178

uxnhmok2wxg >> End >> 2020-10-30 17:38:39.135365

xwv6i8nr4p8 >> Start >> 2020-10-30 17:39:38.295694

xwv6i8nr4p8 >> Image Returned >> 2020-10-30 17:39:38.299086

xwv6i8nr4p8 >> End >> 2020-10-30 17:39:38.480751

idfmpr3jesb >> Start >> 2020-10-30 17:40:40.653928

idfmpr3jesb >> Image Returned >> 2020-10-30 17:40:40.657207

idfmpr3jesb >> End >> 2020-10-30 17:40:40.834969

2xefy7ynjws >> Start >> 2020-10-30 17:44:41.246627

2xefy7ynjws >> Image Returned >> 2020-10-30 17:44:41.250868

2xefy7ynjws >> End >> 2020-10-30 17:44:41.426212

m7o0a4z6y6f >> Start >> 2020-10-30 17:48:44.409559

m7o0a4z6y6f >> Image Returned >> 2020-10-30 17:48:44.413151

m7o0a4z6y6f >> End >> 2020-10-30 17:48:44.627444

ntvsy5tmrkb >> Start >> 2020-10-30 17:54:07.783842

ntvsy5tmrkb >> Image Returned >> 2020-10-30 17:54:07.786737

ntvsy5tmrkb >> End >> 2020-10-30 17:54:08.171478

0jyzf3tbope >> Start >> 2020-10-30 17:55:32.008955

0jyzf3tbope >> Image Returned >> 2020-10-30 17:55:32.012250

0jyzf3tbope >> End >> 2020-10-30 17:55:32.190706

crek5pe8nsc >> Start >> 2020-10-30 17:58:16.378953

crek5pe8nsc >> Image Returned >> 2020-10-30 17:58:16.383384

crek5pe8nsc >> End >> 2020-10-30 17:58:16.564105

ao4fwp7u4go >> Start >> 2020-10-30 18:00:29.298059

ao4fwp7u4go >> Image Returned >> 2020-10-30 18:00:29.301022

ao4fwp7u4go >> End >> 2020-10-30 18:00:29.505523

bjtg28xd02a >> Start >> 2020-10-30 18:02:10.087512

bjtg28xd02a >> Image Returned >> 2020-10-30 18:02:10.091078

bjtg28xd02a >> End >> 2020-10-30 18:02:10.268862

if6e5kjav0n >> Start >> 2020-10-30 18:05:25.521991

if6e5kjav0n >> Image Returned >> 2020-10-30 18:05:25.525814

if6e5kjav0n >> End >> 2020-10-30 18:05:25.710994

ms0g0ztc4or >> Start >> 2020-10-30 18:08:13.958497

ms0g0ztc4or >> Image Returned >> 2020-10-30 18:08:13.962733

ms0g0ztc4or >> End >> 2020-10-30 18:08:14.202450

5fgnv4d3sth >> Start >> 2020-10-30 18:08:30.958045

5fgnv4d3sth >> Image Returned >> 2020-10-30 18:08:30.961000

5fgnv4d3sth >> End >> 2020-10-30 18:08:31.210843

yufnw4xhacc >> Start >> 2020-10-30 18:09:20.122272

yufnw4xhacc >> Image Returned >> 2020-10-30 18:09:20.125381

yufnw4xhacc >> End >> 2020-10-30 18:09:20.316329

r2th74vbf6g >> Start >> 2020-10-30 18:10:57.630737

r2th74vbf6g >> Image Returned >> 2020-10-30 18:10:57.633858

r2th74vbf6g >> End >> 2020-10-30 18:10:57.899569

nhtmzbd2krk >> Start >> 2020-10-30 18:13:17.212738

nhtmzbd2krk >> Image Returned >> 2020-10-30 18:13:17.216660

nhtmzbd2krk >> End >> 2020-10-30 18:13:17.395227

e7itc87w86e >> Start >> 2020-10-30 18:13:27.665729

e7itc87w86e >> Image Returned >> 2020-10-30 18:13:27.666035

e7itc87w86e >> End >> 2020-10-30 18:13:27.843184

w30ejo3r88n >> Start >> 2020-10-30 18:16:35.148288

w30ejo3r88n >> Image Returned >> 2020-10-30 18:16:35.151283

w30ejo3r88n >> End >> 2020-10-30 18:16:35.349955

i7i7phag2nf >> Start >> 2020-10-30 18:19:53.320079

i7i7phag2nf >> Image Returned >> 2020-10-30 18:19:53.323841

i7i7phag2nf >> End >> 2020-10-30 18:19:53.505331

n26mk8uc6bv >> Start >> 2020-10-30 18:23:26.191118

n26mk8uc6bv >> Image Returned >> 2020-10-30 18:23:26.194751

n26mk8uc6bv >> End >> 2020-10-30 18:23:26.372464

dhdhrk74ajm >> Start >> 2020-10-30 18:24:38.808113

dhdhrk74ajm >> Image Returned >> 2020-10-30 18:24:38.812099

dhdhrk74ajm >> End >> 2020-10-30 18:24:38.999463

kiyrkz0jff4 >> Start >> 2020-10-30 18:26:02.518557

kiyrkz0jff4 >> Image Returned >> 2020-10-30 18:26:02.522000

kiyrkz0jff4 >> End >> 2020-10-30 18:26:02.699397

e6aiggresfy >> Start >> 2020-10-30 18:29:44.476583

e6aiggresfy >> Image Returned >> 2020-10-30 18:29:44.480173

e6aiggresfy >> End >> 2020-10-30 18:29:44.692341

4g3otk6ev55 >> Start >> 2020-10-30 18:31:49.017087

4g3otk6ev55 >> Image Returned >> 2020-10-30 18:31:49.020333

4g3otk6ev55 >> End >> 2020-10-30 18:31:49.208106

xgyyk7pp682 >> Start >> 2020-10-30 18:35:50.965579

xgyyk7pp682 >> Image Returned >> 2020-10-30 18:35:50.969013

xgyyk7pp682 >> End >> 2020-10-30 18:35:51.156968

e25bpvj0ymm >> Start >> 2020-10-30 18:36:14.649663

e25bpvj0ymm >> Image Returned >> 2020-10-30 18:36:14.652802

e25bpvj0ymm >> End >> 2020-10-30 18:36:14.837980

erndssfe077 >> Start >> 2020-10-30 18:36:27.370434

erndssfe077 >> Image Returned >> 2020-10-30 18:36:27.373472

erndssfe077 >> End >> 2020-10-30 18:36:27.556610

hnomsmvajvg >> Start >> 2020-10-30 18:38:27.775846

hnomsmvajvg >> Image Returned >> 2020-10-30 18:38:27.780067

hnomsmvajvg >> End >> 2020-10-30 18:38:27.966881

co2xcn3i3ee >> Start >> 2020-10-30 18:48:46.376826

co2xcn3i3ee >> Image Returned >> 2020-10-30 18:48:46.380389

co2xcn3i3ee >> End >> 2020-10-30 18:48:46.568749

zq4pptf80yz >> Start >> 2020-10-30 18:52:36.433768

zq4pptf80yz >> Image Returned >> 2020-10-30 18:52:36.437374

zq4pptf80yz >> End >> 2020-10-30 18:52:36.651226

sjjmded28g6 >> Start >> 2020-10-30 18:57:27.324345

sjjmded28g6 >> Image Returned >> 2020-10-30 18:57:27.329675

sjjmded28g6 >> End >> 2020-10-30 18:57:27.524863

im67awb6xeu >> Start >> 2020-10-30 18:58:44.880783

im67awb6xeu >> Image Returned >> 2020-10-30 18:58:44.884568

im67awb6xeu >> End >> 2020-10-30 18:58:45.077419

v8m3rx2ido4 >> Start >> 2020-10-30 18:58:47.425360

v8m3rx2ido4 >> Image Returned >> 2020-10-30 18:58:47.425648

v8m3rx2ido4 >> End >> 2020-10-30 18:58:47.629854

67wxcxnpof6 >> Start >> 2020-10-30 18:59:02.082556

67wxcxnpof6 >> Image Returned >> 2020-10-30 18:59:02.085532

67wxcxnpof6 >> End >> 2020-10-30 18:59:02.266614

x0ohmwtnbsy >> Start >> 2020-10-30 19:05:04.112607

x0ohmwtnbsy >> Image Returned >> 2020-10-30 19:05:04.117940

x0ohmwtnbsy >> End >> 2020-10-30 19:05:04.308856

o4sn8m4mbwz >> Start >> 2020-10-30 19:05:50.498481

o4sn8m4mbwz >> Image Returned >> 2020-10-30 19:05:50.502212

o4sn8m4mbwz >> End >> 2020-10-30 19:05:50.695594

tbarkh3q4yh >> Start >> 2020-10-30 19:15:19.158530

tbarkh3q4yh >> Image Returned >> 2020-10-30 19:15:19.161453

tbarkh3q4yh >> End >> 2020-10-30 19:15:19.344726

4raj45ovrn8 >> Start >> 2020-10-30 19:20:12.478967

4raj45ovrn8 >> Image Returned >> 2020-10-30 19:20:12.482184

4raj45ovrn8 >> End >> 2020-10-30 19:20:12.670058

ufkimyx36e7 >> Start >> 2020-10-30 19:24:09.471674

ufkimyx36e7 >> Image Returned >> 2020-10-30 19:24:09.475089

ufkimyx36e7 >> End >> 2020-10-30 19:24:09.667306

jdz7s3ea0qw >> Start >> 2020-10-30 19:28:02.907845

jdz7s3ea0qw >> Image Returned >> 2020-10-30 19:28:02.910851

jdz7s3ea0qw >> End >> 2020-10-30 19:28:03.098398

0hc0adwyhdf >> Start >> 2020-10-30 19:31:09.903609

0hc0adwyhdf >> Image Returned >> 2020-10-30 19:31:09.906676

0hc0adwyhdf >> End >> 2020-10-30 19:31:10.099225

ucigs3ueskh >> Start >> 2020-10-30 19:34:46.890324

ucigs3ueskh >> Image Returned >> 2020-10-30 19:34:46.893814

ucigs3ueskh >> End >> 2020-10-30 19:34:47.082519

fdoat0en5pq >> Start >> 2020-10-30 19:35:01.713252

fdoat0en5pq >> Image Returned >> 2020-10-30 19:35:01.716208

fdoat0en5pq >> End >> 2020-10-30 19:35:01.906027

k7m2a7vvpft >> Start >> 2020-10-30 19:35:54.744409

k7m2a7vvpft >> Image Returned >> 2020-10-30 19:35:54.747730

k7m2a7vvpft >> End >> 2020-10-30 19:35:54.928744

tqeyeoptz5b >> Start >> 2020-10-30 19:36:53.984122

tqeyeoptz5b >> Image Returned >> 2020-10-30 19:36:53.988265

tqeyeoptz5b >> End >> 2020-10-30 19:36:54.179703

ijgrn4nc4iy >> Start >> 2020-10-30 19:39:26.663007

ijgrn4nc4iy >> Image Returned >> 2020-10-30 19:39:26.665904

ijgrn4nc4iy >> End >> 2020-10-30 19:39:26.861013

eq2vbqqqexg >> Start >> 2020-10-30 19:39:31.458491

eq2vbqqqexg >> Image Returned >> 2020-10-30 19:39:31.458766

eq2vbqqqexg >> End >> 2020-10-30 19:39:31.665298

t6ysf7mf3xb >> Start >> 2020-10-30 19:41:16.283346

t6ysf7mf3xb >> Image Returned >> 2020-10-30 19:41:16.286165

t6ysf7mf3xb >> End >> 2020-10-30 19:41:16.469163

jfsn2ok5t8u >> Start >> 2020-10-30 19:41:33.552829

jfsn2ok5t8u >> Image Returned >> 2020-10-30 19:41:33.555804

jfsn2ok5t8u >> End >> 2020-10-30 19:41:33.735320

cogs8yponv7 >> Start >> 2020-10-30 19:41:40.612627

cogs8yponv7 >> Image Returned >> 2020-10-30 19:41:40.613084

cogs8yponv7 >> End >> 2020-10-30 19:41:40.793764

gta0face0ro >> Start >> 2020-10-30 19:47:43.436048

gta0face0ro >> Image Returned >> 2020-10-30 19:47:43.439894

gta0face0ro >> End >> 2020-10-30 19:47:43.618048

cfsxtb5728j >> Start >> 2020-10-30 19:49:37.634726

cfsxtb5728j >> Image Returned >> 2020-10-30 19:49:37.637720

cfsxtb5728j >> End >> 2020-10-30 19:49:37.818913

5ez752ttpcy >> Start >> 2020-10-30 19:51:54.716368

5ez752ttpcy >> Image Returned >> 2020-10-30 19:51:54.720510

5ez752ttpcy >> End >> 2020-10-30 19:51:54.895560

gax2f7j3obv >> Start >> 2020-10-30 19:52:36.799753

gax2f7j3obv >> Image Returned >> 2020-10-30 19:52:36.803085

gax2f7j3obv >> End >> 2020-10-30 19:52:36.986310

zck0ine6om0 >> Start >> 2020-10-30 19:56:13.531750

zck0ine6om0 >> Image Returned >> 2020-10-30 19:56:13.535587

zck0ine6om0 >> End >> 2020-10-30 19:56:13.728282

vtojsxkev25 >> Start >> 2020-10-30 19:57:59.084417

vtojsxkev25 >> Image Returned >> 2020-10-30 19:57:59.088006

vtojsxkev25 >> End >> 2020-10-30 19:57:59.271342

3g0qog7ohht >> Start >> 2020-10-30 20:03:45.343079

3g0qog7ohht >> Image Returned >> 2020-10-30 20:03:45.347192

3g0qog7ohht >> End >> 2020-10-30 20:03:45.554068

ewn75a7mwgx >> Start >> 2020-10-30 20:10:57.525935

ewn75a7mwgx >> Image Returned >> 2020-10-30 20:10:57.530376

ewn75a7mwgx >> End >> 2020-10-30 20:10:57.715167

onfke3mb6vt >> Start >> 2020-10-30 20:11:03.223129

onfke3mb6vt >> Image Returned >> 2020-10-30 20:11:03.223422

onfke3mb6vt >> End >> 2020-10-30 20:11:03.415304

4xkwdqv65hr >> Start >> 2020-10-30 20:11:15.277829

4xkwdqv65hr >> Image Returned >> 2020-10-30 20:11:15.280805

4xkwdqv65hr >> End >> 2020-10-30 20:11:15.455773

tok3r4n5f20 >> Start >> 2020-10-30 20:20:22.807903

tok3r4n5f20 >> Image Returned >> 2020-10-30 20:20:22.811356

tok3r4n5f20 >> End >> 2020-10-30 20:20:22.991199

zqc0yhwksg8 >> Start >> 2020-10-30 20:21:25.679548

zqc0yhwksg8 >> Image Returned >> 2020-10-30 20:21:25.683065

zqc0yhwksg8 >> End >> 2020-10-30 20:21:25.868427

wjggpd6moje >> Start >> 2020-10-30 20:21:41.642949

wjggpd6moje >> Image Returned >> 2020-10-30 20:21:41.646513

wjggpd6moje >> End >> 2020-10-30 20:21:41.836648

5mpb7ivfmu3 >> Start >> 2020-10-30 20:27:58.014211

5mpb7ivfmu3 >> Image Returned >> 2020-10-30 20:27:58.018706

5mpb7ivfmu3 >> End >> 2020-10-30 20:27:58.196944

iexmvxbc2po >> Start >> 2020-10-30 20:28:06.473273

iexmvxbc2po >> Image Returned >> 2020-10-30 20:28:06.473556

iexmvxbc2po >> End >> 2020-10-30 20:28:06.668747

u6ihsf2pnss >> Start >> 2020-10-30 20:28:20.765597

u6ihsf2pnss >> Image Returned >> 2020-10-30 20:28:20.768528

u6ihsf2pnss >> End >> 2020-10-30 20:28:20.953389

qfwsp3h7c6q >> Start >> 2020-10-30 20:34:38.321993

qfwsp3h7c6q >> Image Returned >> 2020-10-30 20:34:38.325097

qfwsp3h7c6q >> End >> 2020-10-30 20:34:38.504602

sgh2errtatu >> Start >> 2020-10-30 20:35:15.183054

sgh2errtatu >> Image Returned >> 2020-10-30 20:35:15.186316

sgh2errtatu >> End >> 2020-10-30 20:35:15.375108

uunjy72efxu >> Start >> 2020-10-30 20:35:18.254501

uunjy72efxu >> Image Returned >> 2020-10-30 20:35:18.254807

uunjy72efxu >> End >> 2020-10-30 20:35:18.391958

3m8xyc2ep06 >> Start >> 2020-10-30 20:36:50.564922

3m8xyc2ep06 >> Image Returned >> 2020-10-30 20:36:50.569056

3m8xyc2ep06 >> End >> 2020-10-30 20:36:50.757045

7scowo0u8o2 >> Start >> 2020-10-30 20:41:48.023901

7scowo0u8o2 >> Image Returned >> 2020-10-30 20:41:48.026977

7scowo0u8o2 >> End >> 2020-10-30 20:41:48.210093

ubex3wxgptg >> Start >> 2020-10-30 20:44:49.340466

ubex3wxgptg >> Image Returned >> 2020-10-30 20:44:49.344430

ubex3wxgptg >> End >> 2020-10-30 20:44:49.525441

xjsr4st7pnq >> Start >> 2020-10-30 20:46:05.719099

xjsr4st7pnq >> Image Returned >> 2020-10-30 20:46:05.722079

xjsr4st7pnq >> End >> 2020-10-30 20:46:05.903749

e3e8uhthmv3 >> Start >> 2020-10-30 20:49:09.200138

e3e8uhthmv3 >> Image Returned >> 2020-10-30 20:49:09.203310

e3e8uhthmv3 >> End >> 2020-10-30 20:49:09.393948

mp6fks4p2p7 >> Start >> 2020-10-30 20:58:23.275007

mp6fks4p2p7 >> Image Returned >> 2020-10-30 20:58:23.279438

mp6fks4p2p7 >> End >> 2020-10-30 20:58:23.463748

u2mwd76esja >> Start >> 2020-10-30 21:00:27.298769

u2mwd76esja >> Image Returned >> 2020-10-30 21:00:27.301846

u2mwd76esja >> End >> 2020-10-30 21:00:27.494751

qmw6zy88xod >> Start >> 2020-10-30 21:07:32.480099

qmw6zy88xod >> Image Returned >> 2020-10-30 21:07:32.483649

qmw6zy88xod >> End >> 2020-10-30 21:07:32.668061

irkhp3wrzz8 >> Start >> 2020-10-30 21:08:21.883806

irkhp3wrzz8 >> Image Returned >> 2020-10-30 21:08:21.886948

irkhp3wrzz8 >> End >> 2020-10-30 21:08:22.073812

qpv5vsvg0sn >> Start >> 2020-10-30 21:08:41.009952

qpv5vsvg0sn >> Image Returned >> 2020-10-30 21:08:41.013022

qpv5vsvg0sn >> End >> 2020-10-30 21:08:41.240844

6jbsah4eowq >> Start >> 2020-10-30 21:11:25.320671

6jbsah4eowq >> Image Returned >> 2020-10-30 21:11:25.324043

6jbsah4eowq >> End >> 2020-10-30 21:11:25.529448

4ntsqovxg7f >> Start >> 2020-10-30 21:12:26.527959

4ntsqovxg7f >> Image Returned >> 2020-10-30 21:12:26.531352

4ntsqovxg7f >> End >> 2020-10-30 21:12:26.712824

7yn28gzcdjw >> Start >> 2020-10-30 21:22:54.816622

7yn28gzcdjw >> Image Returned >> 2020-10-30 21:22:54.821576

7yn28gzcdjw >> End >> 2020-10-30 21:22:55.010040

t50odm850k0 >> Start >> 2020-10-30 21:27:07.853555

t50odm850k0 >> Image Returned >> 2020-10-30 21:27:07.857799

t50odm850k0 >> End >> 2020-10-30 21:27:08.078177

vgqn8uteaea >> Start >> 2020-10-30 21:27:31.877918

vgqn8uteaea >> Image Returned >> 2020-10-30 21:27:31.880953

vgqn8uteaea >> End >> 2020-10-30 21:27:32.078949

wpfv3wtx5oh >> Start >> 2020-10-30 21:32:36.140784

wpfv3wtx5oh >> Image Returned >> 2020-10-30 21:32:36.144185

wpfv3wtx5oh >> End >> 2020-10-30 21:32:36.326476

k87si32a7wj >> Start >> 2020-10-30 21:33:32.716922

k87si32a7wj >> Image Returned >> 2020-10-30 21:33:32.721638

k87si32a7wj >> End >> 2020-10-30 21:33:32.915374

5cbpm3evgp7 >> Start >> 2020-10-30 21:33:59.061664

5cbpm3evgp7 >> Image Returned >> 2020-10-30 21:33:59.065756

5cbpm3evgp7 >> End >> 2020-10-30 21:33:59.248503

tdb7jc5gxuw >> Start >> 2020-10-30 21:36:31.034086

tdb7jc5gxuw >> Image Returned >> 2020-10-30 21:36:31.037199

tdb7jc5gxuw >> End >> 2020-10-30 21:36:31.277546

wug0kyh7euh >> Start >> 2020-10-30 21:37:25.433368

wug0kyh7euh >> Image Returned >> 2020-10-30 21:37:25.436762

wug0kyh7euh >> End >> 2020-10-30 21:37:25.612349

i4tqxdbkr27 >> Start >> 2020-10-30 21:38:24.459041

i4tqxdbkr27 >> Image Returned >> 2020-10-30 21:38:24.462846

i4tqxdbkr27 >> End >> 2020-10-30 21:38:24.666389

60w5otq0e6v >> Start >> 2020-10-30 21:41:39.118426

60w5otq0e6v >> Image Returned >> 2020-10-30 21:41:39.121681

60w5otq0e6v >> End >> 2020-10-30 21:41:39.293926

fakx5hr2yio >> Start >> 2020-10-30 21:45:56.759424

fakx5hr2yio >> Image Returned >> 2020-10-30 21:45:56.762670

fakx5hr2yio >> End >> 2020-10-30 21:45:56.985965

ct0jbo3d6jm >> Start >> 2020-10-30 21:51:47.385050

ct0jbo3d6jm >> Image Returned >> 2020-10-30 21:51:47.388667

ct0jbo3d6jm >> End >> 2020-10-30 21:51:47.568922

iqc3sah7q25 >> Start >> 2020-10-30 21:52:34.460948

iqc3sah7q25 >> Image Returned >> 2020-10-30 21:52:34.465219

iqc3sah7q25 >> End >> 2020-10-30 21:52:34.648180

zgvih04wten >> Start >> 2020-10-30 22:06:31.702600

zgvih04wten >> Image Returned >> 2020-10-30 22:06:31.705634

zgvih04wten >> End >> 2020-10-30 22:06:31.888458

8vdz2tvqar8 >> Start >> 2020-10-30 22:10:52.569601

8vdz2tvqar8 >> Image Returned >> 2020-10-30 22:10:52.573966

8vdz2tvqar8 >> End >> 2020-10-30 22:10:52.751199

tnpudj6u4vc >> Start >> 2020-10-30 22:11:09.959317

tnpudj6u4vc >> Image Returned >> 2020-10-30 22:11:09.962342

tnpudj6u4vc >> End >> 2020-10-30 22:11:10.142323

cm0oq65uvqv >> Start >> 2020-10-30 22:11:15.098474

cm0oq65uvqv >> Image Returned >> 2020-10-30 22:11:15.098761

cm0oq65uvqv >> End >> 2020-10-30 22:11:15.279807

y2p7qnq22ho >> Start >> 2020-10-30 22:11:44.790783

y2p7qnq22ho >> Image Returned >> 2020-10-30 22:11:44.794259

y2p7qnq22ho >> End >> 2020-10-30 22:11:44.980359

qq8gkuhp0mm >> Start >> 2020-10-30 22:11:51.755240

qq8gkuhp0mm >> Image Returned >> 2020-10-30 22:11:51.755523

qq8gkuhp0mm >> End >> 2020-10-30 22:11:51.937618

ri2ihrhi078 >> Start >> 2020-10-30 22:13:21.069143

ri2ihrhi078 >> Image Returned >> 2020-10-30 22:13:21.072345

ri2ihrhi078 >> End >> 2020-10-30 22:13:21.253310

t03zf34cfxr >> Start >> 2020-10-30 22:19:28.749098

t03zf34cfxr >> Image Returned >> 2020-10-30 22:19:28.752186

t03zf34cfxr >> End >> 2020-10-30 22:19:28.927783

3umfcboxf2t >> Start >> 2020-10-30 22:19:34.203131

3umfcboxf2t >> Image Returned >> 2020-10-30 22:19:34.203435

3umfcboxf2t >> End >> 2020-10-30 22:19:34.411077

rreqwdz5a0e >> Start >> 2020-10-30 22:22:08.438718

rreqwdz5a0e >> Image Returned >> 2020-10-30 22:22:08.443892

rreqwdz5a0e >> End >> 2020-10-30 22:22:08.616478

niotvwdazkj >> Start >> 2020-10-30 22:26:41.562839

niotvwdazkj >> Image Returned >> 2020-10-30 22:26:41.565896

niotvwdazkj >> End >> 2020-10-30 22:26:41.755711

vw7ux0ifc2c >> Start >> 2020-10-30 22:27:05.938760

vw7ux0ifc2c >> Image Returned >> 2020-10-30 22:27:05.942235

vw7ux0ifc2c >> End >> 2020-10-30 22:27:06.145459

8iu2baetkth >> Start >> 2020-10-30 22:27:15.137303

8iu2baetkth >> Image Returned >> 2020-10-30 22:27:15.137583

8iu2baetkth >> End >> 2020-10-30 22:27:15.316948

xondnpp2tbv >> Start >> 2020-10-30 22:27:30.462527

xondnpp2tbv >> Image Returned >> 2020-10-30 22:27:30.465779

xondnpp2tbv >> End >> 2020-10-30 22:27:30.667572

aid8qyscrio >> Start >> 2020-10-30 22:31:26.780256

aid8qyscrio >> Image Returned >> 2020-10-30 22:31:26.783274

aid8qyscrio >> End >> 2020-10-30 22:31:26.968091

8wx7ix4vmau >> Start >> 2020-10-30 22:32:55.145210

8wx7ix4vmau >> Image Returned >> 2020-10-30 22:32:55.150309

8wx7ix4vmau >> End >> 2020-10-30 22:32:55.328397

zgdgme2expu >> Start >> 2020-10-30 22:33:07.872524

zgdgme2expu >> Image Returned >> 2020-10-30 22:33:07.875638

zgdgme2expu >> End >> 2020-10-30 22:33:08.056293

4ihni0q7j2i >> Start >> 2020-10-30 22:34:34.177155

4ihni0q7j2i >> Image Returned >> 2020-10-30 22:34:34.180176

4ihni0q7j2i >> End >> 2020-10-30 22:34:34.362548

ncrzop4fvmf >> Start >> 2020-10-30 22:42:57.348172

ncrzop4fvmf >> Image Returned >> 2020-10-30 22:42:57.351495

ncrzop4fvmf >> End >> 2020-10-30 22:42:57.532814

rgrpsmco3sg >> Start >> 2020-10-30 22:46:03.442459

rgrpsmco3sg >> Image Returned >> 2020-10-30 22:46:03.445543

rgrpsmco3sg >> End >> 2020-10-30 22:46:03.623452

gk4pff6ih76 >> Start >> 2020-10-30 22:47:22.817111

gk4pff6ih76 >> Image Returned >> 2020-10-30 22:47:22.820319

gk4pff6ih76 >> End >> 2020-10-30 22:47:23.009052

z8yh53nrs4j >> Start >> 2020-10-30 22:48:11.982676

z8yh53nrs4j >> Image Returned >> 2020-10-30 22:48:11.986216

z8yh53nrs4j >> End >> 2020-10-30 22:48:12.169117

0tq4yqq4srg >> Start >> 2020-10-30 22:48:39.969683

0tq4yqq4srg >> Image Returned >> 2020-10-30 22:48:39.972765

0tq4yqq4srg >> End >> 2020-10-30 22:48:40.151648

p2tmutjpcxn >> Start >> 2020-10-30 23:08:21.869565

p2tmutjpcxn >> Image Returned >> 2020-10-30 23:08:21.873241

p2tmutjpcxn >> End >> 2020-10-30 23:08:22.053564

j5vfpe8ue8i >> Start >> 2020-10-30 23:11:05.770998

j5vfpe8ue8i >> Image Returned >> 2020-10-30 23:11:05.775239

j5vfpe8ue8i >> End >> 2020-10-30 23:11:05.963396

zvj0a2vbxum >> Start >> 2020-10-30 23:11:19.367934

zvj0a2vbxum >> Image Returned >> 2020-10-30 23:11:19.371341

zvj0a2vbxum >> End >> 2020-10-30 23:11:19.564774

2nt25kp7ett >> Start >> 2020-10-30 23:11:30.382761

2nt25kp7ett >> Image Returned >> 2020-10-30 23:11:30.383308

2nt25kp7ett >> End >> 2020-10-30 23:11:30.630673

rx852aouqmc >> Start >> 2020-10-30 23:16:42.104218

rx852aouqmc >> Image Returned >> 2020-10-30 23:16:42.107227

rx852aouqmc >> End >> 2020-10-30 23:16:42.300251

6zvvijwt0pt >> Start >> 2020-10-30 23:22:57.403031

6zvvijwt0pt >> Image Returned >> 2020-10-30 23:22:57.407576

6zvvijwt0pt >> End >> 2020-10-30 23:22:57.585019

dwgjoxoszy2 >> Start >> 2020-10-30 23:25:03.104660

dwgjoxoszy2 >> Image Returned >> 2020-10-30 23:25:03.108488

dwgjoxoszy2 >> End >> 2020-10-30 23:25:03.297733

odi58vn6pu5 >> Start >> 2020-10-30 23:30:46.930691

odi58vn6pu5 >> Image Returned >> 2020-10-30 23:30:46.934472

odi58vn6pu5 >> End >> 2020-10-30 23:30:47.112302

688gr6hgj8x >> Start >> 2020-10-30 23:40:07.838624

688gr6hgj8x >> Image Returned >> 2020-10-30 23:40:07.842303

688gr6hgj8x >> End >> 2020-10-30 23:40:08.021534

w0nqi2aghwc >> Start >> 2020-10-30 23:43:26.187159

w0nqi2aghwc >> Image Returned >> 2020-10-30 23:43:26.191490

w0nqi2aghwc >> End >> 2020-10-30 23:43:26.382158

zzycow0jnqs >> Start >> 2020-10-30 23:55:09.788275

zzycow0jnqs >> Image Returned >> 2020-10-30 23:55:09.792722

zzycow0jnqs >> End >> 2020-10-30 23:55:09.975963

8ub6x30hrie >> Start >> 2020-10-30 23:57:37.969187

8ub6x30hrie >> Image Returned >> 2020-10-30 23:57:37.972421

8ub6x30hrie >> End >> 2020-10-30 23:57:38.194459

xjcnx5qix6j >> Start >> 2020-10-30 23:59:51.570154

xjcnx5qix6j >> Image Returned >> 2020-10-30 23:59:51.574086

xjcnx5qix6j >> End >> 2020-10-30 23:59:51.801737

