bztsjpwdr2p >> Start >> 2020-06-25 05:40:06.187659

bztsjpwdr2p >> Image Returned >> 2020-06-25 05:40:06.194039

bztsjpwdr2p >> End >> 2020-06-25 05:40:06.216594

775ycfu2thj >> Start >> 2020-06-25 06:39:55.943133

775ycfu2thj >> Image Returned >> 2020-06-25 06:39:55.946341

775ycfu2thj >> End >> 2020-06-25 06:39:55.959203

pckhfutv0mh >> Start >> 2020-06-25 07:49:56.126352

pckhfutv0mh >> Image Returned >> 2020-06-25 07:49:56.130227

pckhfutv0mh >> End >> 2020-06-25 07:49:56.142394

t3xjnrt6iuk >> Start >> 2020-06-25 08:37:53.428483

t3xjnrt6iuk >> Image Returned >> 2020-06-25 08:37:53.432281

t3xjnrt6iuk >> End >> 2020-06-25 08:37:53.445133

ebp8qd8swrb >> Start >> 2020-06-25 09:04:13.975502

ebp8qd8swrb >> Image Returned >> 2020-06-25 09:04:13.979103

ebp8qd8swrb >> End >> 2020-06-25 09:04:13.995249

cmm38nwg2x2 >> Start >> 2020-06-25 10:44:57.098926

cmm38nwg2x2 >> Image Returned >> 2020-06-25 10:44:57.103143

cmm38nwg2x2 >> End >> 2020-06-25 10:44:57.119489

h67bjwtagor >> Start >> 2020-06-25 11:11:47.664836

h67bjwtagor >> Image Returned >> 2020-06-25 11:11:47.670373

h67bjwtagor >> End >> 2020-06-25 11:11:47.689826

bpayfu3rt6y >> Start >> 2020-06-25 11:19:47.094002

bpayfu3rt6y >> Image Returned >> 2020-06-25 11:19:47.098185

bpayfu3rt6y >> End >> 2020-06-25 11:19:47.111418

3anucboqffe >> Start >> 2020-06-25 12:07:51.159416

3anucboqffe >> Image Returned >> 2020-06-25 12:07:51.163326

3anucboqffe >> End >> 2020-06-25 12:07:51.177386

5knxaynzvuk >> Start >> 2020-06-25 15:50:22.447374

5knxaynzvuk >> Image Returned >> 2020-06-25 15:50:22.450978

5knxaynzvuk >> End >> 2020-06-25 15:50:22.462543

iicmv0i2exz >> Start >> 2020-06-25 15:50:29.085197

iicmv0i2exz >> Image Returned >> 2020-06-25 15:50:29.085602

iicmv0i2exz >> End >> 2020-06-25 15:50:29.095861

pjvemr6okg2 >> Start >> 2020-06-25 15:50:50.424124

pjvemr6okg2 >> Image Returned >> 2020-06-25 15:50:50.427488

pjvemr6okg2 >> End >> 2020-06-25 15:50:50.439307

g8t6rud7f2i >> Start >> 2020-06-25 16:09:10.276237

g8t6rud7f2i >> Image Returned >> 2020-06-25 16:09:10.281279

g8t6rud7f2i >> End >> 2020-06-25 16:09:10.298187

65nbuciz3uo >> Start >> 2020-06-25 16:15:38.508086

65nbuciz3uo >> Image Returned >> 2020-06-25 16:15:38.512207

65nbuciz3uo >> End >> 2020-06-25 16:15:38.524385

jjmbkz8hqc5 >> Start >> 2020-06-25 16:20:31.204137

jjmbkz8hqc5 >> Image Returned >> 2020-06-25 16:20:31.207597

jjmbkz8hqc5 >> End >> 2020-06-25 16:20:31.219604

62jomfswgco >> Start >> 2020-06-25 16:41:19.235665

62jomfswgco >> Image Returned >> 2020-06-25 16:41:19.239792

62jomfswgco >> End >> 2020-06-25 16:41:19.253972

kbzxdj4evtz >> Start >> 2020-06-25 16:43:27.378829

kbzxdj4evtz >> Image Returned >> 2020-06-25 16:43:27.382735

kbzxdj4evtz >> End >> 2020-06-25 16:43:27.395399

2tynyv8i4qd >> Start >> 2020-06-25 16:58:12.019665

2tynyv8i4qd >> Image Returned >> 2020-06-25 16:58:12.020148

2tynyv8i4qd >> End >> 2020-06-25 16:58:12.031929

3e8kvptt8dr >> Start >> 2020-06-25 17:54:26.052947

3e8kvptt8dr >> Image Returned >> 2020-06-25 17:54:26.057626

3e8kvptt8dr >> End >> 2020-06-25 17:54:26.069744

bcduw0euxur >> Start >> 2020-06-25 19:08:34.291930

bcduw0euxur >> Image Returned >> 2020-06-25 19:08:34.295716

bcduw0euxur >> End >> 2020-06-25 19:08:34.307436

5yfpps5qmn7 >> Start >> 2020-06-25 19:46:43.511504

5yfpps5qmn7 >> Image Returned >> 2020-06-25 19:46:43.515151

5yfpps5qmn7 >> End >> 2020-06-25 19:46:43.527156

23r3auzr004 >> Start >> 2020-06-25 20:26:13.203731

23r3auzr004 >> Image Returned >> 2020-06-25 20:26:13.208194

23r3auzr004 >> End >> 2020-06-25 20:26:13.229181

rqawgjrb2fi >> Start >> 2020-06-25 20:50:58.033058

rqawgjrb2fi >> Image Returned >> 2020-06-25 20:50:58.037215

rqawgjrb2fi >> End >> 2020-06-25 20:50:58.048990

hchmgcdiyt3 >> Start >> 2020-06-25 22:03:36.463339

hchmgcdiyt3 >> Image Returned >> 2020-06-25 22:03:36.467166

hchmgcdiyt3 >> End >> 2020-06-25 22:03:36.479629

neicv6d8nzw >> Start >> 2020-06-25 23:06:03.275096

neicv6d8nzw >> Image Returned >> 2020-06-25 23:06:03.278454

neicv6d8nzw >> End >> 2020-06-25 23:06:03.292167

