eonrt7806gf >> Start >> 2020-10-26 00:18:57.770358

eonrt7806gf >> Image Returned >> 2020-10-26 00:18:57.774486

eonrt7806gf >> End >> 2020-10-26 00:18:57.971555

8ecrqgnp2ze >> Start >> 2020-10-26 00:22:52.363500

8ecrqgnp2ze >> Image Returned >> 2020-10-26 00:22:52.365808

8ecrqgnp2ze >> End >> 2020-10-26 00:22:52.547277

s07erw65nso >> Start >> 2020-10-26 00:50:14.189388

s07erw65nso >> Image Returned >> 2020-10-26 00:50:14.191780

s07erw65nso >> End >> 2020-10-26 00:50:14.367510

u7m4jjvgjak >> Start >> 2020-10-26 00:51:56.250252

u7m4jjvgjak >> Image Returned >> 2020-10-26 00:51:56.253640

u7m4jjvgjak >> End >> 2020-10-26 00:51:56.436995

jrdojbho6nb >> Start >> 2020-10-26 00:52:25.338665

jrdojbho6nb >> Image Returned >> 2020-10-26 00:52:25.340944

jrdojbho6nb >> End >> 2020-10-26 00:52:25.515553

57avfkic6yi >> Start >> 2020-10-26 01:06:06.214991

57avfkic6yi >> Image Returned >> 2020-10-26 01:06:06.217420

57avfkic6yi >> End >> 2020-10-26 01:06:06.397404

wqwjgug6brk >> Start >> 2020-10-26 01:10:46.871737

wqwjgug6brk >> Image Returned >> 2020-10-26 01:10:46.874209

wqwjgug6brk >> End >> 2020-10-26 01:10:47.053417

odxa75htzhv >> Start >> 2020-10-26 01:16:35.134942

odxa75htzhv >> Image Returned >> 2020-10-26 01:16:35.137303

odxa75htzhv >> End >> 2020-10-26 01:16:35.315238

kxx028x5oah >> Start >> 2020-10-26 01:16:37.965177

kxx028x5oah >> Image Returned >> 2020-10-26 01:16:37.965462

kxx028x5oah >> End >> 2020-10-26 01:16:38.140239

8p62xaxhn3o >> Start >> 2020-10-26 01:31:43.188209

8p62xaxhn3o >> Image Returned >> 2020-10-26 01:31:43.190711

8p62xaxhn3o >> End >> 2020-10-26 01:31:43.376000

744ynoq6fc0 >> Start >> 2020-10-26 01:36:34.761617

744ynoq6fc0 >> Image Returned >> 2020-10-26 01:36:34.764076

744ynoq6fc0 >> End >> 2020-10-26 01:36:34.943521

cvyb6f4orx7 >> Start >> 2020-10-26 01:51:20.519661

cvyb6f4orx7 >> Image Returned >> 2020-10-26 01:51:20.522330

cvyb6f4orx7 >> End >> 2020-10-26 01:51:20.700617

ffbuit55zwd >> Start >> 2020-10-26 02:04:03.847474

ffbuit55zwd >> Image Returned >> 2020-10-26 02:04:03.849826

ffbuit55zwd >> End >> 2020-10-26 02:04:04.051268

i27x0dyvqhd >> Start >> 2020-10-26 02:14:58.733246

i27x0dyvqhd >> Image Returned >> 2020-10-26 02:14:58.737210

i27x0dyvqhd >> End >> 2020-10-26 02:14:58.961843

z5bmoyi0fyr >> Start >> 2020-10-26 02:26:18.616780

z5bmoyi0fyr >> Image Returned >> 2020-10-26 02:26:18.619416

z5bmoyi0fyr >> End >> 2020-10-26 02:26:18.793854

s0dv2g6w3a8 >> Start >> 2020-10-26 02:58:57.713543

s0dv2g6w3a8 >> Image Returned >> 2020-10-26 02:58:57.716298

s0dv2g6w3a8 >> End >> 2020-10-26 02:58:57.897747

3yqoiy4247q >> Start >> 2020-10-26 02:59:23.768239

3yqoiy4247q >> Image Returned >> 2020-10-26 02:59:23.770915

3yqoiy4247q >> End >> 2020-10-26 02:59:23.969770

esvw5ojjhpi >> Start >> 2020-10-26 03:30:52.911465

esvw5ojjhpi >> Image Returned >> 2020-10-26 03:30:52.914577

esvw5ojjhpi >> End >> 2020-10-26 03:30:53.093719

3rnajakjrbt >> Start >> 2020-10-26 03:59:51.695208

3rnajakjrbt >> Image Returned >> 2020-10-26 03:59:51.697865

3rnajakjrbt >> End >> 2020-10-26 03:59:51.878778

tzoihmcyvmw >> Start >> 2020-10-26 04:13:52.818741

tzoihmcyvmw >> Image Returned >> 2020-10-26 04:13:52.821151

tzoihmcyvmw >> End >> 2020-10-26 04:13:53.012942

kvnw8d8tnm7 >> Start >> 2020-10-26 04:15:34.853440

kvnw8d8tnm7 >> Image Returned >> 2020-10-26 04:15:34.855895

kvnw8d8tnm7 >> End >> 2020-10-26 04:15:35.045315

gyypiv6xojd >> Start >> 2020-10-26 04:30:38.443679

gyypiv6xojd >> Image Returned >> 2020-10-26 04:30:38.446132

gyypiv6xojd >> End >> 2020-10-26 04:30:38.626662

44pv6vi88sb >> Start >> 2020-10-26 04:56:09.014221

44pv6vi88sb >> Image Returned >> 2020-10-26 04:56:09.016633

44pv6vi88sb >> End >> 2020-10-26 04:56:09.186469

0afsisrhroe >> Start >> 2020-10-26 04:56:49.839804

0afsisrhroe >> Image Returned >> 2020-10-26 04:56:49.842350

0afsisrhroe >> End >> 2020-10-26 04:56:50.038501

dhe376v50n7 >> Start >> 2020-10-26 05:23:06.366892

dhe376v50n7 >> Image Returned >> 2020-10-26 05:23:06.369673

dhe376v50n7 >> End >> 2020-10-26 05:23:06.548779

6prorqne6w5 >> Start >> 2020-10-26 05:33:27.484277

6prorqne6w5 >> Image Returned >> 2020-10-26 05:33:27.486605

6prorqne6w5 >> End >> 2020-10-26 05:33:27.656910

20f3bxauoao >> Start >> 2020-10-26 05:36:39.210920

20f3bxauoao >> Image Returned >> 2020-10-26 05:36:39.213356

20f3bxauoao >> End >> 2020-10-26 05:36:39.389286

0rune4em0fy >> Start >> 2020-10-26 05:56:43.243465

0rune4em0fy >> Image Returned >> 2020-10-26 05:56:43.245949

0rune4em0fy >> End >> 2020-10-26 05:56:43.432024

tu74pwwyiwp >> Start >> 2020-10-26 06:04:32.377721

tu74pwwyiwp >> Image Returned >> 2020-10-26 06:04:32.380326

tu74pwwyiwp >> End >> 2020-10-26 06:04:32.732702

2sshx07ojj2 >> Start >> 2020-10-26 06:04:44.409204

2sshx07ojj2 >> Image Returned >> 2020-10-26 06:04:44.411561

2sshx07ojj2 >> End >> 2020-10-26 06:04:44.760046

jxnkx6n7i27 >> Start >> 2020-10-26 06:04:44.878448

jxnkx6n7i27 >> Image Returned >> 2020-10-26 06:04:44.878712

jxnkx6n7i27 >> End >> 2020-10-26 06:04:45.226460

u6fn8buf5u8 >> Start >> 2020-10-26 06:05:09.797427

u6fn8buf5u8 >> Image Returned >> 2020-10-26 06:05:09.801578

u6fn8buf5u8 >> End >> 2020-10-26 06:05:10.158442

ctkmfybxsdv >> Start >> 2020-10-26 06:05:23.782562

ctkmfybxsdv >> Image Returned >> 2020-10-26 06:05:23.784889

ctkmfybxsdv >> End >> 2020-10-26 06:05:24.173496

5wxytdsbt0k >> Start >> 2020-10-26 06:05:24.399707

5wxytdsbt0k >> Image Returned >> 2020-10-26 06:05:24.399980

5wxytdsbt0k >> End >> 2020-10-26 06:05:24.736907

yepvv7izuk3 >> Start >> 2020-10-26 06:06:39.873076

yepvv7izuk3 >> Image Returned >> 2020-10-26 06:06:39.876147

yepvv7izuk3 >> End >> 2020-10-26 06:06:40.060106

xbampcrk2t4 >> Start >> 2020-10-26 06:21:22.510282

xbampcrk2t4 >> Image Returned >> 2020-10-26 06:21:22.512797

xbampcrk2t4 >> End >> 2020-10-26 06:21:22.685420

r60wjczk8dq >> Start >> 2020-10-26 06:32:45.813448

r60wjczk8dq >> Image Returned >> 2020-10-26 06:32:45.815927

r60wjczk8dq >> End >> 2020-10-26 06:32:45.945446

b0x6up4y73t >> Start >> 2020-10-26 06:40:07.965909

b0x6up4y73t >> Image Returned >> 2020-10-26 06:40:07.968436

b0x6up4y73t >> End >> 2020-10-26 06:40:08.147454

j4idkdgczki >> Start >> 2020-10-26 06:43:16.491209

j4idkdgczki >> Image Returned >> 2020-10-26 06:43:16.493607

j4idkdgczki >> End >> 2020-10-26 06:43:16.667407

hbf2f7r7pw0 >> Start >> 2020-10-26 06:43:36.172092

hbf2f7r7pw0 >> Image Returned >> 2020-10-26 06:43:36.174526

hbf2f7r7pw0 >> End >> 2020-10-26 06:43:36.354660

phg2tg2w3qs >> Start >> 2020-10-26 06:44:59.247601

phg2tg2w3qs >> Image Returned >> 2020-10-26 06:44:59.250381

phg2tg2w3qs >> End >> 2020-10-26 06:44:59.440530

xa6u5kf3umo >> Start >> 2020-10-26 06:45:18.333966

xa6u5kf3umo >> Image Returned >> 2020-10-26 06:45:18.336380

xa6u5kf3umo >> End >> 2020-10-26 06:45:18.518978

erjq3m08pae >> Start >> 2020-10-26 06:53:25.629353

erjq3m08pae >> Image Returned >> 2020-10-26 06:53:25.632916

erjq3m08pae >> End >> 2020-10-26 06:53:25.822691

bcm4wxwo7qx >> Start >> 2020-10-26 06:54:13.729693

bcm4wxwo7qx >> Image Returned >> 2020-10-26 06:54:13.732465

bcm4wxwo7qx >> End >> 2020-10-26 06:54:13.924947

dhhkkm8p7ax >> Start >> 2020-10-26 06:54:37.575151

dhhkkm8p7ax >> Image Returned >> 2020-10-26 06:54:37.577577

dhhkkm8p7ax >> End >> 2020-10-26 06:54:37.765319

6dyx3e6gh33 >> Start >> 2020-10-26 07:10:03.913897

6dyx3e6gh33 >> Image Returned >> 2020-10-26 07:10:03.916625

6dyx3e6gh33 >> End >> 2020-10-26 07:10:04.097027

3v7x8k8y0r7 >> Start >> 2020-10-26 07:32:35.751471

3v7x8k8y0r7 >> Image Returned >> 2020-10-26 07:32:35.754232

3v7x8k8y0r7 >> End >> 2020-10-26 07:32:35.927777

oav7wetzrq8 >> Start >> 2020-10-26 07:35:21.759994

oav7wetzrq8 >> Image Returned >> 2020-10-26 07:35:21.763273

oav7wetzrq8 >> End >> 2020-10-26 07:35:21.939146

32rjsciwg3h >> Start >> 2020-10-26 07:35:36.732103

32rjsciwg3h >> Image Returned >> 2020-10-26 07:35:36.734534

32rjsciwg3h >> End >> 2020-10-26 07:35:36.906765

ctn8qhosniu >> Start >> 2020-10-26 07:42:12.311489

ctn8qhosniu >> Image Returned >> 2020-10-26 07:42:12.314094

ctn8qhosniu >> End >> 2020-10-26 07:42:12.514621

ioe40e6znm3 >> Start >> 2020-10-26 07:47:23.184223

ioe40e6znm3 >> Image Returned >> 2020-10-26 07:47:23.187933

ioe40e6znm3 >> End >> 2020-10-26 07:47:23.361349

x7d2zutikiu >> Start >> 2020-10-26 07:47:39.183836

x7d2zutikiu >> Image Returned >> 2020-10-26 07:47:39.184114

x7d2zutikiu >> End >> 2020-10-26 07:47:39.360599

ki6j45fc4tz >> Start >> 2020-10-26 07:53:28.329673

ki6j45fc4tz >> Image Returned >> 2020-10-26 07:53:28.332389

ki6j45fc4tz >> End >> 2020-10-26 07:53:28.519154

kon5uf60e67 >> Start >> 2020-10-26 07:54:38.155510

kon5uf60e67 >> Image Returned >> 2020-10-26 07:54:38.158524

kon5uf60e67 >> End >> 2020-10-26 07:54:38.339196

yjhoi04543v >> Start >> 2020-10-26 07:54:56.735301

yjhoi04543v >> Image Returned >> 2020-10-26 07:54:56.738085

yjhoi04543v >> End >> 2020-10-26 07:54:56.913194

vcknaavo272 >> Start >> 2020-10-26 07:56:44.644306

vcknaavo272 >> Image Returned >> 2020-10-26 07:56:44.646953

6qri0kjncib >> Start >> 2020-10-26 07:56:44.710983

6qri0kjncib >> Image Returned >> 2020-10-26 07:56:44.713395

vcknaavo272 >> End >> 2020-10-26 07:56:44.837248

6qri0kjncib >> End >> 2020-10-26 07:56:44.895448

f8svxc52ykx >> Start >> 2020-10-26 07:57:01.570838

f8svxc52ykx >> Image Returned >> 2020-10-26 07:57:01.573266

f8svxc52ykx >> End >> 2020-10-26 07:57:01.748390

kr833wh2yhn >> Start >> 2020-10-26 07:58:05.362509

kr833wh2yhn >> Image Returned >> 2020-10-26 07:58:05.365231

kr833wh2yhn >> End >> 2020-10-26 07:58:05.552957

nikpcc3zvfq >> Start >> 2020-10-26 08:00:30.957686

nikpcc3zvfq >> Image Returned >> 2020-10-26 08:00:30.960522

nikpcc3zvfq >> End >> 2020-10-26 08:00:31.166024

2n48jag366a >> Start >> 2020-10-26 08:03:09.229693

2n48jag366a >> Image Returned >> 2020-10-26 08:03:09.233046

2n48jag366a >> End >> 2020-10-26 08:03:09.409362

z6mgkoyvczb >> Start >> 2020-10-26 08:07:06.728594

z6mgkoyvczb >> Image Returned >> 2020-10-26 08:07:06.731686

z6mgkoyvczb >> End >> 2020-10-26 08:07:06.919153

ij5ratbo0h3 >> Start >> 2020-10-26 08:10:36.195123

ij5ratbo0h3 >> Image Returned >> 2020-10-26 08:10:36.197612

ij5ratbo0h3 >> End >> 2020-10-26 08:10:36.380959

yra604kqjo4 >> Start >> 2020-10-26 08:12:22.512619

yra604kqjo4 >> Image Returned >> 2020-10-26 08:12:22.515366

yra604kqjo4 >> End >> 2020-10-26 08:12:22.688318

q0ujf42s3ut >> Start >> 2020-10-26 08:15:05.617033

q0ujf42s3ut >> Image Returned >> 2020-10-26 08:15:05.619750

q0ujf42s3ut >> End >> 2020-10-26 08:15:05.744743

wy4h5jdz06y >> Start >> 2020-10-26 08:17:31.464530

wy4h5jdz06y >> Image Returned >> 2020-10-26 08:17:31.467195

wy4h5jdz06y >> End >> 2020-10-26 08:17:31.650221

ujhj885izrm >> Start >> 2020-10-26 08:19:44.997476

ujhj885izrm >> Image Returned >> 2020-10-26 08:19:45.000027

ujhj885izrm >> End >> 2020-10-26 08:19:45.232664

2255na5kenp >> Start >> 2020-10-26 08:21:58.901272

2255na5kenp >> Image Returned >> 2020-10-26 08:21:58.904331

2255na5kenp >> End >> 2020-10-26 08:21:59.138959

4p28yuyiiya >> Start >> 2020-10-26 08:25:01.364784

4p28yuyiiya >> Image Returned >> 2020-10-26 08:25:01.367652

4p28yuyiiya >> End >> 2020-10-26 08:25:01.613392

0hbm4dwysq5 >> Start >> 2020-10-26 08:29:17.335184

0hbm4dwysq5 >> Image Returned >> 2020-10-26 08:29:17.337810

0hbm4dwysq5 >> End >> 2020-10-26 08:29:17.520241

gvj7rkfzmq7 >> Start >> 2020-10-26 08:31:10.017822

gvj7rkfzmq7 >> Image Returned >> 2020-10-26 08:31:10.020509

gvj7rkfzmq7 >> End >> 2020-10-26 08:31:10.210072

6kezzukfzjj >> Start >> 2020-10-26 08:31:56.904732

6kezzukfzjj >> Image Returned >> 2020-10-26 08:31:56.907716

6kezzukfzjj >> End >> 2020-10-26 08:31:57.101027

6xpojaafemq >> Start >> 2020-10-26 08:32:49.541280

6xpojaafemq >> Image Returned >> 2020-10-26 08:32:49.543731

6xpojaafemq >> End >> 2020-10-26 08:32:49.724102

vi6jafoav4i >> Start >> 2020-10-26 08:36:47.392776

vi6jafoav4i >> Image Returned >> 2020-10-26 08:36:47.396733

vi6jafoav4i >> End >> 2020-10-26 08:36:47.652939

aveu8fpnr0a >> Start >> 2020-10-26 08:40:29.502046

aveu8fpnr0a >> Image Returned >> 2020-10-26 08:40:29.504659

aveu8fpnr0a >> End >> 2020-10-26 08:40:29.681679

e8u8fcfw2q8 >> Start >> 2020-10-26 08:45:08.969451

e8u8fcfw2q8 >> Image Returned >> 2020-10-26 08:45:08.972819

e8u8fcfw2q8 >> End >> 2020-10-26 08:45:09.149693

ya2ijzs2e06 >> Start >> 2020-10-26 08:46:25.554692

ya2ijzs2e06 >> Image Returned >> 2020-10-26 08:46:25.557187

ya2ijzs2e06 >> End >> 2020-10-26 08:46:25.808150

c7jsf8j5z6u >> Start >> 2020-10-26 08:49:48.641983

c7jsf8j5z6u >> Image Returned >> 2020-10-26 08:49:48.644526

c7jsf8j5z6u >> End >> 2020-10-26 08:49:48.850364

d5ry5vn4drj >> Start >> 2020-10-26 08:50:35.900119

d5ry5vn4drj >> Image Returned >> 2020-10-26 08:50:35.902921

d5ry5vn4drj >> End >> 2020-10-26 08:50:36.094372

3wfwe5aftkt >> Start >> 2020-10-26 08:52:18.779815

3wfwe5aftkt >> Image Returned >> 2020-10-26 08:52:18.783411

3wfwe5aftkt >> End >> 2020-10-26 08:52:18.974123

78fep2z4ef8 >> Start >> 2020-10-26 08:52:37.214344

78fep2z4ef8 >> Image Returned >> 2020-10-26 08:52:37.216787

78fep2z4ef8 >> End >> 2020-10-26 08:52:37.412189

768uxooeo3p >> Start >> 2020-10-26 08:54:27.636157

768uxooeo3p >> Image Returned >> 2020-10-26 08:54:27.638695

768uxooeo3p >> End >> 2020-10-26 08:54:27.826010

hwobcu0xkjf >> Start >> 2020-10-26 08:54:37.195420

hwobcu0xkjf >> Image Returned >> 2020-10-26 08:54:37.195703

hwobcu0xkjf >> End >> 2020-10-26 08:54:37.402981

hv004vrxtoe >> Start >> 2020-10-26 08:59:01.385914

hv004vrxtoe >> Image Returned >> 2020-10-26 08:59:01.389482

hv004vrxtoe >> End >> 2020-10-26 08:59:01.716454

qg7hah5p4zz >> Start >> 2020-10-26 09:04:57.298285

qg7hah5p4zz >> Image Returned >> 2020-10-26 09:04:57.301721

qg7hah5p4zz >> End >> 2020-10-26 09:04:57.489840

q8v23p2uxi8 >> Start >> 2020-10-26 09:23:12.677623

q8v23p2uxi8 >> Image Returned >> 2020-10-26 09:23:12.680609

q8v23p2uxi8 >> End >> 2020-10-26 09:23:12.878137

8vtgtcqta82 >> Start >> 2020-10-26 09:23:23.864054

8vtgtcqta82 >> Image Returned >> 2020-10-26 09:23:23.864336

8vtgtcqta82 >> End >> 2020-10-26 09:23:24.057706

icnz5t0k506 >> Start >> 2020-10-26 09:23:27.648236

icnz5t0k506 >> Image Returned >> 2020-10-26 09:23:27.648547

icnz5t0k506 >> End >> 2020-10-26 09:23:27.827603

ub5roq5d5q5 >> Start >> 2020-10-26 09:27:00.915930

ub5roq5d5q5 >> Image Returned >> 2020-10-26 09:27:00.919295

ub5roq5d5q5 >> End >> 2020-10-26 09:27:01.101547

23h4htcpjt7 >> Start >> 2020-10-26 09:31:56.695703

23h4htcpjt7 >> Image Returned >> 2020-10-26 09:31:56.698645

23h4htcpjt7 >> End >> 2020-10-26 09:31:56.879403

i74cz4imgaf >> Start >> 2020-10-26 09:32:12.084800

i74cz4imgaf >> Image Returned >> 2020-10-26 09:32:12.087383

i74cz4imgaf >> End >> 2020-10-26 09:32:12.273638

ph4rw6e2fpw >> Start >> 2020-10-26 09:34:30.826946

ph4rw6e2fpw >> Image Returned >> 2020-10-26 09:34:30.831053

ph4rw6e2fpw >> End >> 2020-10-26 09:34:31.031723

gdmc078knrm >> Start >> 2020-10-26 09:36:20.803682

gdmc078knrm >> Image Returned >> 2020-10-26 09:36:20.806704

gdmc078knrm >> End >> 2020-10-26 09:36:21.077244

n4m0id7h8qg >> Start >> 2020-10-26 09:48:05.521133

n4m0id7h8qg >> Image Returned >> 2020-10-26 09:48:05.523902

n4m0id7h8qg >> End >> 2020-10-26 09:48:05.723306

xarunguecss >> Start >> 2020-10-26 09:49:24.032175

xarunguecss >> Image Returned >> 2020-10-26 09:49:24.034846

xarunguecss >> End >> 2020-10-26 09:49:24.229284

3wkwpf6yfkf >> Start >> 2020-10-26 09:52:30.913907

3wkwpf6yfkf >> Image Returned >> 2020-10-26 09:52:30.916732

3wkwpf6yfkf >> End >> 2020-10-26 09:52:31.109496

zb0n8hagaqk >> Start >> 2020-10-26 09:53:17.548089

zb0n8hagaqk >> Image Returned >> 2020-10-26 09:53:17.550908

zb0n8hagaqk >> End >> 2020-10-26 09:53:17.724905

nu82ee0n8fw >> Start >> 2020-10-26 09:54:39.212621

nu82ee0n8fw >> Image Returned >> 2020-10-26 09:54:39.215456

nu82ee0n8fw >> End >> 2020-10-26 09:54:39.391999

caxnuoeuaxa >> Start >> 2020-10-26 09:58:53.724112

caxnuoeuaxa >> Image Returned >> 2020-10-26 09:58:53.726773

caxnuoeuaxa >> End >> 2020-10-26 09:58:53.950448

vgk77vc8tsz >> Start >> 2020-10-26 09:59:10.231482

vgk77vc8tsz >> Image Returned >> 2020-10-26 09:59:10.234028

vgk77vc8tsz >> End >> 2020-10-26 09:59:10.615932

jtze2ppgty8 >> Start >> 2020-10-26 09:59:10.736800

jtze2ppgty8 >> Image Returned >> 2020-10-26 09:59:10.737092

jtze2ppgty8 >> End >> 2020-10-26 09:59:11.118021

zc8i0gjyffi >> Start >> 2020-10-26 10:00:31.042195

zc8i0gjyffi >> Image Returned >> 2020-10-26 10:00:31.045054

zc8i0gjyffi >> End >> 2020-10-26 10:00:31.232753

ofhkbkknwf6 >> Start >> 2020-10-26 10:03:44.920101

ofhkbkknwf6 >> Image Returned >> 2020-10-26 10:03:44.923151

ofhkbkknwf6 >> End >> 2020-10-26 10:03:45.113820

3h3xwg8qti6 >> Start >> 2020-10-26 10:04:00.646462

3h3xwg8qti6 >> Image Returned >> 2020-10-26 10:04:00.649334

3h3xwg8qti6 >> End >> 2020-10-26 10:04:00.825813

d777fufhem7 >> Start >> 2020-10-26 10:04:41.918530

d777fufhem7 >> Image Returned >> 2020-10-26 10:04:41.921072

d777fufhem7 >> End >> 2020-10-26 10:04:42.103945

3tadaqdyayb >> Start >> 2020-10-26 10:07:22.705817

3tadaqdyayb >> Image Returned >> 2020-10-26 10:07:22.708519

3tadaqdyayb >> End >> 2020-10-26 10:07:22.895592

uvmcruqcb3q >> Start >> 2020-10-26 10:11:52.596141

uvmcruqcb3q >> Image Returned >> 2020-10-26 10:11:52.598993

uvmcruqcb3q >> End >> 2020-10-26 10:11:52.815684

ebstjr4kwce >> Start >> 2020-10-26 10:13:49.803616

ebstjr4kwce >> Image Returned >> 2020-10-26 10:13:49.806247

ebstjr4kwce >> End >> 2020-10-26 10:13:49.997143

ag2z5cxq7z0 >> Start >> 2020-10-26 10:14:25.476691

ag2z5cxq7z0 >> Image Returned >> 2020-10-26 10:14:25.479466

ag2z5cxq7z0 >> End >> 2020-10-26 10:14:25.686726

u3xnakg5c2b >> Start >> 2020-10-26 10:17:26.053205

u3xnakg5c2b >> Image Returned >> 2020-10-26 10:17:26.055861

u3xnakg5c2b >> End >> 2020-10-26 10:17:26.242506

qs0i3tvazds >> Start >> 2020-10-26 10:21:20.706316

qs0i3tvazds >> Image Returned >> 2020-10-26 10:21:20.711775

qs0i3tvazds >> End >> 2020-10-26 10:21:20.910085

e6ym7gwwis8 >> Start >> 2020-10-26 10:21:49.943994

e6ym7gwwis8 >> Image Returned >> 2020-10-26 10:21:49.946856

e6ym7gwwis8 >> End >> 2020-10-26 10:21:50.131548

xyr4enni44k >> Start >> 2020-10-26 10:23:01.082267

xyr4enni44k >> Image Returned >> 2020-10-26 10:23:01.085493

xyr4enni44k >> End >> 2020-10-26 10:23:01.281128

44pg74nwtz0 >> Start >> 2020-10-26 10:25:35.173011

44pg74nwtz0 >> Image Returned >> 2020-10-26 10:25:35.175653

44pg74nwtz0 >> End >> 2020-10-26 10:25:35.351438

cg0nznzik2b >> Start >> 2020-10-26 10:28:44.253436

cg0nznzik2b >> Image Returned >> 2020-10-26 10:28:44.256412

cg0nznzik2b >> End >> 2020-10-26 10:28:44.488738

y80db3cefpb >> Start >> 2020-10-26 10:29:03.184550

y80db3cefpb >> Image Returned >> 2020-10-26 10:29:03.187251

y80db3cefpb >> End >> 2020-10-26 10:29:03.404469

5datvi6tp0y >> Start >> 2020-10-26 10:29:03.575706

5datvi6tp0y >> Image Returned >> 2020-10-26 10:29:03.576076

5datvi6tp0y >> End >> 2020-10-26 10:29:03.948734

f0xnskm8eyg >> Start >> 2020-10-26 10:33:49.307893

f0xnskm8eyg >> Image Returned >> 2020-10-26 10:33:49.310594

f0xnskm8eyg >> End >> 2020-10-26 10:33:49.438934

h07ocpgbpzv >> Start >> 2020-10-26 10:38:01.890242

h07ocpgbpzv >> Image Returned >> 2020-10-26 10:38:01.893275

h07ocpgbpzv >> End >> 2020-10-26 10:38:02.098153

vc0qjx2eeti >> Start >> 2020-10-26 10:38:23.194205

vc0qjx2eeti >> Image Returned >> 2020-10-26 10:38:23.196857

vc0qjx2eeti >> End >> 2020-10-26 10:38:23.374444

k5cnqyjdz5m >> Start >> 2020-10-26 10:39:05.094470

k5cnqyjdz5m >> Image Returned >> 2020-10-26 10:39:05.097254

k5cnqyjdz5m >> End >> 2020-10-26 10:39:05.286557

6xqvq03arru >> Start >> 2020-10-26 10:41:15.889177

6xqvq03arru >> Image Returned >> 2020-10-26 10:41:15.891937

6xqvq03arru >> End >> 2020-10-26 10:41:16.087074

w6rhww5om44 >> Start >> 2020-10-26 10:45:11.958015

w6rhww5om44 >> Image Returned >> 2020-10-26 10:45:11.960937

w6rhww5om44 >> End >> 2020-10-26 10:45:12.167115

rvnkoknqch6 >> Start >> 2020-10-26 10:45:20.921461

rvnkoknqch6 >> Image Returned >> 2020-10-26 10:45:20.921734

rvnkoknqch6 >> End >> 2020-10-26 10:45:21.132957

fva32660ona >> Start >> 2020-10-26 10:51:32.188258

fva32660ona >> Image Returned >> 2020-10-26 10:51:32.191112

fva32660ona >> End >> 2020-10-26 10:51:32.378421

cguvgbdeer7 >> Start >> 2020-10-26 10:59:51.285087

cguvgbdeer7 >> Image Returned >> 2020-10-26 10:59:51.287776

cguvgbdeer7 >> End >> 2020-10-26 10:59:51.477358

tf3gfznfnzc >> Start >> 2020-10-26 11:00:29.552098

tf3gfznfnzc >> Image Returned >> 2020-10-26 11:00:29.554732

tf3gfznfnzc >> End >> 2020-10-26 11:00:29.727998

j6w6skgdhs2 >> Start >> 2020-10-26 11:00:40.085086

j6w6skgdhs2 >> Image Returned >> 2020-10-26 11:00:40.085359

j6w6skgdhs2 >> End >> 2020-10-26 11:00:40.258666

vtm3cqzf2yy >> Start >> 2020-10-26 11:02:00.513596

vtm3cqzf2yy >> Image Returned >> 2020-10-26 11:02:00.516427

vtm3cqzf2yy >> End >> 2020-10-26 11:02:00.713464

idd3fks42tr >> Start >> 2020-10-26 11:02:43.253006

idd3fks42tr >> Image Returned >> 2020-10-26 11:02:43.255609

idd3fks42tr >> End >> 2020-10-26 11:02:43.456365

4wwmsu0wwr5 >> Start >> 2020-10-26 11:04:13.226531

4wwmsu0wwr5 >> Image Returned >> 2020-10-26 11:04:13.229762

4wwmsu0wwr5 >> End >> 2020-10-26 11:04:13.443739

hywka084bmr >> Start >> 2020-10-26 11:04:18.870311

hywka084bmr >> Image Returned >> 2020-10-26 11:04:18.870590

hywka084bmr >> End >> 2020-10-26 11:04:19.069063

swv6m27znnr >> Start >> 2020-10-26 11:04:34.373208

swv6m27znnr >> Image Returned >> 2020-10-26 11:04:34.375894

swv6m27znnr >> End >> 2020-10-26 11:04:34.580899

k63kuqqr6r3 >> Start >> 2020-10-26 11:07:03.886921

k63kuqqr6r3 >> Image Returned >> 2020-10-26 11:07:03.889817

k63kuqqr6r3 >> End >> 2020-10-26 11:07:04.082590

wj86gmr25zh >> Start >> 2020-10-26 11:07:24.805692

wj86gmr25zh >> Image Returned >> 2020-10-26 11:07:24.808410

wj86gmr25zh >> End >> 2020-10-26 11:07:24.989515

vk3zad6fbtb >> Start >> 2020-10-26 11:07:31.621283

vk3zad6fbtb >> Image Returned >> 2020-10-26 11:07:31.621551

vk3zad6fbtb >> End >> 2020-10-26 11:07:31.749824

08y76ipby4i >> Start >> 2020-10-26 11:08:26.697781

08y76ipby4i >> Image Returned >> 2020-10-26 11:08:26.700828

08y76ipby4i >> End >> 2020-10-26 11:08:26.884368

vst2mdstcyn >> Start >> 2020-10-26 11:16:21.784643

vst2mdstcyn >> Image Returned >> 2020-10-26 11:16:21.787755

vst2mdstcyn >> End >> 2020-10-26 11:16:21.977376

sguzugpwgop >> Start >> 2020-10-26 11:17:58.642911

sguzugpwgop >> Image Returned >> 2020-10-26 11:17:58.647191

sguzugpwgop >> End >> 2020-10-26 11:17:58.840291

a5kioxkqv3m >> Start >> 2020-10-26 11:19:27.236800

a5kioxkqv3m >> Image Returned >> 2020-10-26 11:19:27.241228

a5kioxkqv3m >> End >> 2020-10-26 11:19:27.467900

gk0ef2rapwq >> Start >> 2020-10-26 11:19:36.071165

gk0ef2rapwq >> Image Returned >> 2020-10-26 11:19:36.071460

gk0ef2rapwq >> End >> 2020-10-26 11:19:36.449337

r3gt3jstqr4 >> Start >> 2020-10-26 11:19:50.051315

r3gt3jstqr4 >> Image Returned >> 2020-10-26 11:19:50.054069

r3gt3jstqr4 >> End >> 2020-10-26 11:19:50.428190

43870byhu8b >> Start >> 2020-10-26 11:19:50.578731

43870byhu8b >> Image Returned >> 2020-10-26 11:19:50.579020

43870byhu8b >> End >> 2020-10-26 11:19:51.021107

ovwqfs7p7xr >> Start >> 2020-10-26 11:20:06.575593

ovwqfs7p7xr >> Image Returned >> 2020-10-26 11:20:06.579181

ovwqfs7p7xr >> End >> 2020-10-26 11:20:06.758550

wk5mk2ajnuo >> Start >> 2020-10-26 11:21:23.874396

wk5mk2ajnuo >> Image Returned >> 2020-10-26 11:21:23.877491

wk5mk2ajnuo >> End >> 2020-10-26 11:21:24.104924

dyqompxjacn >> Start >> 2020-10-26 11:22:57.859328

dyqompxjacn >> Image Returned >> 2020-10-26 11:22:57.862562

dyqompxjacn >> End >> 2020-10-26 11:22:58.064682

e8t5rsoz7ir >> Start >> 2020-10-26 11:25:33.290762

e8t5rsoz7ir >> Image Returned >> 2020-10-26 11:25:33.294313

e8t5rsoz7ir >> End >> 2020-10-26 11:25:33.798369

3jo6245wx74 >> Start >> 2020-10-26 11:28:29.163975

3jo6245wx74 >> Image Returned >> 2020-10-26 11:28:29.166862

3jo6245wx74 >> End >> 2020-10-26 11:28:29.419926

4w88gbmrkue >> Start >> 2020-10-26 11:29:41.312633

4w88gbmrkue >> Image Returned >> 2020-10-26 11:29:41.315386

4w88gbmrkue >> End >> 2020-10-26 11:29:41.665719

bkhrcvee2jp >> Start >> 2020-10-26 11:31:07.245743

bkhrcvee2jp >> Image Returned >> 2020-10-26 11:31:07.248409

bkhrcvee2jp >> End >> 2020-10-26 11:31:07.467572

je720m6dskd >> Start >> 2020-10-26 11:34:05.237179

je720m6dskd >> Image Returned >> 2020-10-26 11:34:05.240730

je720m6dskd >> End >> 2020-10-26 11:34:06.429718

r3uwgpvpesa >> Start >> 2020-10-26 11:38:16.731829

r3uwgpvpesa >> Image Returned >> 2020-10-26 11:38:16.735551

r3uwgpvpesa >> End >> 2020-10-26 11:38:19.630480

ncwrhkttnd7 >> Start >> 2020-10-26 11:40:10.871869

ncwrhkttnd7 >> Image Returned >> 2020-10-26 11:40:10.874799

ncwrhkttnd7 >> End >> 2020-10-26 11:40:12.033771

zxamoifu4ne >> Start >> 2020-10-26 11:41:20.438431

zxamoifu4ne >> Image Returned >> 2020-10-26 11:41:20.441179

zxamoifu4ne >> End >> 2020-10-26 11:41:22.222734

b66yn86dzfw >> Start >> 2020-10-26 11:44:20.780083

b66yn86dzfw >> Image Returned >> 2020-10-26 11:44:20.784255

b66yn86dzfw >> End >> 2020-10-26 11:44:22.447124

3jmbrwrm4iq >> Start >> 2020-10-26 11:51:40.821785

3jmbrwrm4iq >> Image Returned >> 2020-10-26 11:51:40.824672

3jmbrwrm4iq >> End >> 2020-10-26 11:51:42.638798

bqztdntyrdk >> Start >> 2020-10-26 11:57:29.305939

bqztdntyrdk >> Image Returned >> 2020-10-26 11:57:29.309314

bqztdntyrdk >> End >> 2020-10-26 11:57:30.834688

8jkv452e5s4 >> Start >> 2020-10-26 11:57:37.797837

8jkv452e5s4 >> Image Returned >> 2020-10-26 11:57:37.798130

8jkv452e5s4 >> End >> 2020-10-26 11:57:39.659060

nasu5s0m3gs >> Start >> 2020-10-26 12:00:22.394702

nasu5s0m3gs >> Image Returned >> 2020-10-26 12:00:22.397511

nasu5s0m3gs >> End >> 2020-10-26 12:00:23.372658

w5erff36pft >> Start >> 2020-10-26 12:01:10.728121

w5erff36pft >> Image Returned >> 2020-10-26 12:01:10.731637

w5erff36pft >> End >> 2020-10-26 12:01:11.524009

xd40b57770z >> Start >> 2020-10-26 12:02:16.978077

xd40b57770z >> Image Returned >> 2020-10-26 12:02:16.981487

xd40b57770z >> End >> 2020-10-26 12:02:17.892323

cdswt86qatj >> Start >> 2020-10-26 12:03:22.302500

cdswt86qatj >> Image Returned >> 2020-10-26 12:03:22.305324

cdswt86qatj >> End >> 2020-10-26 12:03:23.870064

ar2xc0mob3c >> Start >> 2020-10-26 12:03:47.125050

ar2xc0mob3c >> Image Returned >> 2020-10-26 12:03:47.127868

ar2xc0mob3c >> End >> 2020-10-26 12:03:48.504000

ipzivdsaa5o >> Start >> 2020-10-26 12:05:01.104324

ipzivdsaa5o >> Image Returned >> 2020-10-26 12:05:01.107736

ipzivdsaa5o >> End >> 2020-10-26 12:05:02.776302

ceocfr3bpjr >> Start >> 2020-10-26 12:05:53.999525

ceocfr3bpjr >> Image Returned >> 2020-10-26 12:05:54.002469

ceocfr3bpjr >> End >> 2020-10-26 12:05:57.289547

b3rk5pvuhep >> Start >> 2020-10-26 12:14:52.670182

b3rk5pvuhep >> Image Returned >> 2020-10-26 12:14:52.673090

b3rk5pvuhep >> End >> 2020-10-26 12:14:52.862215

vr67aonuezr >> Start >> 2020-10-26 12:19:08.992388

vr67aonuezr >> Image Returned >> 2020-10-26 12:19:08.995538

vr67aonuezr >> End >> 2020-10-26 12:19:09.172485

n3vbf5xztiv >> Start >> 2020-10-26 12:19:27.733226

n3vbf5xztiv >> Image Returned >> 2020-10-26 12:19:27.735941

n3vbf5xztiv >> End >> 2020-10-26 12:19:27.916053

qqj7qcpukab >> Start >> 2020-10-26 12:20:51.992012

qqj7qcpukab >> Image Returned >> 2020-10-26 12:20:51.994720

qqj7qcpukab >> End >> 2020-10-26 12:20:52.176399

2xmzobd2qca >> Start >> 2020-10-26 12:22:18.147854

2xmzobd2qca >> Image Returned >> 2020-10-26 12:22:18.150620

2xmzobd2qca >> End >> 2020-10-26 12:22:18.338246

2jvt02in8ut >> Start >> 2020-10-26 12:22:45.264025

2jvt02in8ut >> Image Returned >> 2020-10-26 12:22:45.266829

2jvt02in8ut >> End >> 2020-10-26 12:22:45.446695

bwngqueegn2 >> Start >> 2020-10-26 12:27:10.596882

bwngqueegn2 >> Image Returned >> 2020-10-26 12:27:10.599630

bwngqueegn2 >> End >> 2020-10-26 12:27:10.782229

ab50g8j5ntj >> Start >> 2020-10-26 12:35:02.942646

ab50g8j5ntj >> Image Returned >> 2020-10-26 12:35:02.948333

ab50g8j5ntj >> End >> 2020-10-26 12:35:03.132113

hdcgam3w3yh >> Start >> 2020-10-26 12:35:27.166145

hdcgam3w3yh >> Image Returned >> 2020-10-26 12:35:27.168953

hdcgam3w3yh >> End >> 2020-10-26 12:35:27.298320

zx6s63cwi6x >> Start >> 2020-10-26 12:35:57.296720

zx6s63cwi6x >> Image Returned >> 2020-10-26 12:35:57.299428

zx6s63cwi6x >> End >> 2020-10-26 12:35:57.477989

tjme8ggmd8n >> Start >> 2020-10-26 12:37:09.778351

tjme8ggmd8n >> Image Returned >> 2020-10-26 12:37:09.781800

tjme8ggmd8n >> End >> 2020-10-26 12:37:09.959964

a3mnja0pm24 >> Start >> 2020-10-26 12:43:56.254154

a3mnja0pm24 >> Image Returned >> 2020-10-26 12:43:56.257456

a3mnja0pm24 >> End >> 2020-10-26 12:43:56.451906

5kxwbsyrq4c >> Start >> 2020-10-26 12:46:31.290568

5kxwbsyrq4c >> Image Returned >> 2020-10-26 12:46:31.293786

5kxwbsyrq4c >> End >> 2020-10-26 12:46:31.480751

8s4wpf3f0ka >> Start >> 2020-10-26 12:46:39.129075

8s4wpf3f0ka >> Image Returned >> 2020-10-26 12:46:39.129388

8s4wpf3f0ka >> End >> 2020-10-26 12:46:39.304251

ksb48b8544b >> Start >> 2020-10-26 12:46:39.897803

ksb48b8544b >> Image Returned >> 2020-10-26 12:46:39.898096

ksb48b8544b >> End >> 2020-10-26 12:46:40.257523

pjcydbbzfzc >> Start >> 2020-10-26 12:47:02.833554

pjcydbbzfzc >> Image Returned >> 2020-10-26 12:47:02.836294

pjcydbbzfzc >> End >> 2020-10-26 12:47:03.036931

jf0ednphwnk >> Start >> 2020-10-26 12:53:59.804615

jf0ednphwnk >> Image Returned >> 2020-10-26 12:53:59.808553

jf0ednphwnk >> End >> 2020-10-26 12:54:00.024337

j0scrrfsu0p >> Start >> 2020-10-26 12:59:33.379111

j0scrrfsu0p >> Image Returned >> 2020-10-26 12:59:33.382740

j0scrrfsu0p >> End >> 2020-10-26 12:59:33.569030

3sy0nwbpf6d >> Start >> 2020-10-26 13:01:42.395597

3sy0nwbpf6d >> Image Returned >> 2020-10-26 13:01:42.398509

3sy0nwbpf6d >> End >> 2020-10-26 13:01:42.590002

x66hoegu734 >> Start >> 2020-10-26 13:02:49.035306

x66hoegu734 >> Image Returned >> 2020-10-26 13:02:49.038279

x66hoegu734 >> End >> 2020-10-26 13:02:49.223234

q8pz0nmk8bc >> Start >> 2020-10-26 13:03:53.095916

q8pz0nmk8bc >> Image Returned >> 2020-10-26 13:03:53.099314

q8pz0nmk8bc >> End >> 2020-10-26 13:03:53.230931

pu7sevibq0u >> Start >> 2020-10-26 13:06:02.264583

pu7sevibq0u >> Image Returned >> 2020-10-26 13:06:02.267968

pu7sevibq0u >> End >> 2020-10-26 13:06:02.467514

m34e2kiaf20 >> Start >> 2020-10-26 13:06:36.425146

m34e2kiaf20 >> Image Returned >> 2020-10-26 13:06:36.427855

m34e2kiaf20 >> End >> 2020-10-26 13:06:36.625499

sbiyci4dkux >> Start >> 2020-10-26 13:06:56.877597

sbiyci4dkux >> Image Returned >> 2020-10-26 13:06:56.880336

sbiyci4dkux >> End >> 2020-10-26 13:06:57.060575

jsq7a4h8rc4 >> Start >> 2020-10-26 13:08:01.164196

jsq7a4h8rc4 >> Image Returned >> 2020-10-26 13:08:01.168196

jsq7a4h8rc4 >> End >> 2020-10-26 13:08:01.352864

r03anee83wi >> Start >> 2020-10-26 13:08:05.039913

r03anee83wi >> Image Returned >> 2020-10-26 13:08:05.040196

r03anee83wi >> End >> 2020-10-26 13:08:05.226504

kvzpcsefm34 >> Start >> 2020-10-26 13:14:13.297530

kvzpcsefm34 >> Image Returned >> 2020-10-26 13:14:13.301101

kvzpcsefm34 >> End >> 2020-10-26 13:14:13.480541

h87yiu2z23m >> Start >> 2020-10-26 13:14:28.145390

h87yiu2z23m >> Image Returned >> 2020-10-26 13:14:28.148176

h87yiu2z23m >> End >> 2020-10-26 13:14:28.328485

bt34id43dwj >> Start >> 2020-10-26 13:16:08.205950

bt34id43dwj >> Image Returned >> 2020-10-26 13:16:08.208924

bt34id43dwj >> End >> 2020-10-26 13:16:08.427150

vfjnma042kx >> Start >> 2020-10-26 13:19:21.254265

vfjnma042kx >> Image Returned >> 2020-10-26 13:19:21.257703

vfjnma042kx >> End >> 2020-10-26 13:19:21.391489

vaidkuno2hv >> Start >> 2020-10-26 13:21:47.023443

vaidkuno2hv >> Image Returned >> 2020-10-26 13:21:47.026859

vaidkuno2hv >> End >> 2020-10-26 13:21:47.225318

zr76hyfxzur >> Start >> 2020-10-26 13:23:13.153292

zr76hyfxzur >> Image Returned >> 2020-10-26 13:23:13.156496

zr76hyfxzur >> End >> 2020-10-26 13:23:13.337102

giurz8ohgpc >> Start >> 2020-10-26 13:23:45.684596

giurz8ohgpc >> Image Returned >> 2020-10-26 13:23:45.687568

giurz8ohgpc >> End >> 2020-10-26 13:23:45.878633

4u8jcvaro40 >> Start >> 2020-10-26 13:28:02.109213

4u8jcvaro40 >> Image Returned >> 2020-10-26 13:28:02.111982

4u8jcvaro40 >> End >> 2020-10-26 13:28:02.308665

2ursgxxia7z >> Start >> 2020-10-26 13:28:14.778764

2ursgxxia7z >> Image Returned >> 2020-10-26 13:28:14.782263

2ursgxxia7z >> End >> 2020-10-26 13:28:14.964627

2irdwx7nsgr >> Start >> 2020-10-26 13:31:55.115978

2irdwx7nsgr >> Image Returned >> 2020-10-26 13:31:55.119085

2irdwx7nsgr >> End >> 2020-10-26 13:31:55.313570

k6we3gkpix5 >> Start >> 2020-10-26 13:32:42.393599

k6we3gkpix5 >> Image Returned >> 2020-10-26 13:32:42.396394

k6we3gkpix5 >> End >> 2020-10-26 13:32:42.579036

qqot64rig4m >> Start >> 2020-10-26 13:33:48.596312

qqot64rig4m >> Image Returned >> 2020-10-26 13:33:48.599129

qqot64rig4m >> End >> 2020-10-26 13:33:48.774478

ffy4g7qo0na >> Start >> 2020-10-26 13:34:52.113581

ffy4g7qo0na >> Image Returned >> 2020-10-26 13:34:52.117333

ffy4g7qo0na >> End >> 2020-10-26 13:34:52.310467

qb6wku4rskq >> Start >> 2020-10-26 13:38:29.143676

qb6wku4rskq >> Image Returned >> 2020-10-26 13:38:29.147789

qb6wku4rskq >> End >> 2020-10-26 13:38:29.329906

4d3intmub8n >> Start >> 2020-10-26 13:39:25.798630

4d3intmub8n >> Image Returned >> 2020-10-26 13:39:25.801892

4d3intmub8n >> End >> 2020-10-26 13:39:25.982131

gzzmy7r43vh >> Start >> 2020-10-26 13:45:11.745733

gzzmy7r43vh >> Image Returned >> 2020-10-26 13:45:11.749383

gzzmy7r43vh >> End >> 2020-10-26 13:45:11.945163

wcb35sisw2f >> Start >> 2020-10-26 13:46:21.803958

wcb35sisw2f >> Image Returned >> 2020-10-26 13:46:21.807099

wcb35sisw2f >> End >> 2020-10-26 13:46:21.986247

0j3hfzzih07 >> Start >> 2020-10-26 13:47:32.497921

0j3hfzzih07 >> Image Returned >> 2020-10-26 13:47:32.501451

0j3hfzzih07 >> End >> 2020-10-26 13:47:32.680238

8877np4u3yc >> Start >> 2020-10-26 13:50:19.252788

8877np4u3yc >> Image Returned >> 2020-10-26 13:50:19.256853

8877np4u3yc >> End >> 2020-10-26 13:50:19.429584

hun6inpu2sx >> Start >> 2020-10-26 13:51:45.084057

hun6inpu2sx >> Image Returned >> 2020-10-26 13:51:45.086849

hun6inpu2sx >> End >> 2020-10-26 13:51:45.264327

m2bbivxobm3 >> Start >> 2020-10-26 13:53:01.889503

m2bbivxobm3 >> Image Returned >> 2020-10-26 13:53:01.892296

m2bbivxobm3 >> End >> 2020-10-26 13:53:02.076370

vx7sk4uzngz >> Start >> 2020-10-26 13:54:00.162115

vx7sk4uzngz >> Image Returned >> 2020-10-26 13:54:00.164973

vx7sk4uzngz >> End >> 2020-10-26 13:54:00.343630

0nuwho5kwz3 >> Start >> 2020-10-26 13:56:01.584460

0nuwho5kwz3 >> Image Returned >> 2020-10-26 13:56:01.589291

0nuwho5kwz3 >> End >> 2020-10-26 13:56:01.766602

mniwenqhv80 >> Start >> 2020-10-26 13:57:23.446894

mniwenqhv80 >> Image Returned >> 2020-10-26 13:57:23.450551

mniwenqhv80 >> End >> 2020-10-26 13:57:23.623449

v062dhonggg >> Start >> 2020-10-26 13:58:41.093936

v062dhonggg >> Image Returned >> 2020-10-26 13:58:41.096740

v062dhonggg >> End >> 2020-10-26 13:58:41.276300

uismzi5kvis >> Start >> 2020-10-26 14:00:40.123172

uismzi5kvis >> Image Returned >> 2020-10-26 14:00:40.126184

uismzi5kvis >> End >> 2020-10-26 14:00:40.317567

svrvuy5hz6d >> Start >> 2020-10-26 14:01:00.645756

svrvuy5hz6d >> Image Returned >> 2020-10-26 14:01:00.648523

svrvuy5hz6d >> End >> 2020-10-26 14:01:00.828605

a0dqu4gxs75 >> Start >> 2020-10-26 14:02:36.145003

a0dqu4gxs75 >> Image Returned >> 2020-10-26 14:02:36.148402

a0dqu4gxs75 >> End >> 2020-10-26 14:02:36.530428

g74fkg0bygu >> Start >> 2020-10-26 14:05:27.008446

g74fkg0bygu >> Image Returned >> 2020-10-26 14:05:27.012516

g74fkg0bygu >> End >> 2020-10-26 14:05:27.198596

30qgigwtsuz >> Start >> 2020-10-26 14:07:54.118896

30qgigwtsuz >> Image Returned >> 2020-10-26 14:07:54.122492

30qgigwtsuz >> End >> 2020-10-26 14:07:54.307797

jar4uoo0u6f >> Start >> 2020-10-26 14:08:35.247890

jar4uoo0u6f >> Image Returned >> 2020-10-26 14:08:35.251108

jar4uoo0u6f >> End >> 2020-10-26 14:08:35.425750

j2wrdftgtec >> Start >> 2020-10-26 14:10:19.906297

j2wrdftgtec >> Image Returned >> 2020-10-26 14:10:19.909687

j2wrdftgtec >> End >> 2020-10-26 14:10:20.126781

ej4bt5ukt4e >> Start >> 2020-10-26 14:11:16.754993

ej4bt5ukt4e >> Image Returned >> 2020-10-26 14:11:16.760691

ej4bt5ukt4e >> End >> 2020-10-26 14:11:16.976824

k3zxc80xez4 >> Start >> 2020-10-26 14:12:53.055526

k3zxc80xez4 >> Image Returned >> 2020-10-26 14:12:53.060142

k3zxc80xez4 >> End >> 2020-10-26 14:12:53.235121

tte8ohaqqjo >> Start >> 2020-10-26 14:13:11.820389

tte8ohaqqjo >> Image Returned >> 2020-10-26 14:13:11.823287

tte8ohaqqjo >> End >> 2020-10-26 14:13:12.000004

27vngs5y8jt >> Start >> 2020-10-26 14:13:24.716259

27vngs5y8jt >> Image Returned >> 2020-10-26 14:13:24.719623

27vngs5y8jt >> End >> 2020-10-26 14:13:24.916239

nwdb3k7r5id >> Start >> 2020-10-26 14:23:09.768951

nwdb3k7r5id >> Image Returned >> 2020-10-26 14:23:09.773231

nwdb3k7r5id >> End >> 2020-10-26 14:23:09.957515

nqy6xcvxzef >> Start >> 2020-10-26 14:23:43.687285

nqy6xcvxzef >> Image Returned >> 2020-10-26 14:23:43.690350

nqy6xcvxzef >> End >> 2020-10-26 14:23:43.883785

z620sgm448q >> Start >> 2020-10-26 14:24:01.602444

z620sgm448q >> Image Returned >> 2020-10-26 14:24:01.605216

z620sgm448q >> End >> 2020-10-26 14:24:01.799592

z4j264na4ac >> Start >> 2020-10-26 14:27:14.852869

z4j264na4ac >> Image Returned >> 2020-10-26 14:27:14.856694

z4j264na4ac >> End >> 2020-10-26 14:27:15.040369

ba76yyiwqbq >> Start >> 2020-10-26 14:29:51.219497

ba76yyiwqbq >> Image Returned >> 2020-10-26 14:29:51.223232

ba76yyiwqbq >> End >> 2020-10-26 14:29:51.405741

ywg6vmwavfs >> Start >> 2020-10-26 14:30:20.680288

ywg6vmwavfs >> Image Returned >> 2020-10-26 14:30:20.683585

ywg6vmwavfs >> End >> 2020-10-26 14:30:20.869968

0uj77cuzgxj >> Start >> 2020-10-26 14:30:39.227941

0uj77cuzgxj >> Image Returned >> 2020-10-26 14:30:39.231236

0uj77cuzgxj >> End >> 2020-10-26 14:30:39.409111

08jgrzhry7n >> Start >> 2020-10-26 14:30:54.670053

08jgrzhry7n >> Image Returned >> 2020-10-26 14:30:54.673006

08jgrzhry7n >> End >> 2020-10-26 14:30:54.856592

o03ht6v3gpd >> Start >> 2020-10-26 14:31:30.619921

o03ht6v3gpd >> Image Returned >> 2020-10-26 14:31:30.623198

o03ht6v3gpd >> End >> 2020-10-26 14:31:30.805841

r0g5c35nnyg >> Start >> 2020-10-26 14:31:45.501041

r0g5c35nnyg >> Image Returned >> 2020-10-26 14:31:45.505065

r0g5c35nnyg >> End >> 2020-10-26 14:31:45.736747

m7oz3hejrt8 >> Start >> 2020-10-26 14:34:34.618156

m7oz3hejrt8 >> Image Returned >> 2020-10-26 14:34:34.621500

m7oz3hejrt8 >> End >> 2020-10-26 14:34:34.813458

6xsr54ep8vq >> Start >> 2020-10-26 14:37:20.969275

6xsr54ep8vq >> Image Returned >> 2020-10-26 14:37:20.972867

6xsr54ep8vq >> End >> 2020-10-26 14:37:21.156835

ciqtw23uhht >> Start >> 2020-10-26 14:41:19.477556

ciqtw23uhht >> Image Returned >> 2020-10-26 14:41:19.480699

ciqtw23uhht >> End >> 2020-10-26 14:41:19.699245

3ir8jexqprw >> Start >> 2020-10-26 14:41:48.569133

3ir8jexqprw >> Image Returned >> 2020-10-26 14:41:48.571947

3ir8jexqprw >> End >> 2020-10-26 14:41:48.786676

ejjnzqhbfu6 >> Start >> 2020-10-26 14:46:07.019555

ejjnzqhbfu6 >> Image Returned >> 2020-10-26 14:46:07.023705

ejjnzqhbfu6 >> End >> 2020-10-26 14:46:07.203435

tir8jundqk5 >> Start >> 2020-10-26 14:46:16.774600

tir8jundqk5 >> Image Returned >> 2020-10-26 14:46:16.774983

tir8jundqk5 >> End >> 2020-10-26 14:46:16.957015

zzs4h5fzoeb >> Start >> 2020-10-26 14:48:17.244308

zzs4h5fzoeb >> Image Returned >> 2020-10-26 14:48:17.247679

zzs4h5fzoeb >> End >> 2020-10-26 14:48:17.432202

38rme7238nu >> Start >> 2020-10-26 14:49:11.632553

38rme7238nu >> Image Returned >> 2020-10-26 14:49:11.635946

38rme7238nu >> End >> 2020-10-26 14:49:11.855648

ke5uhcdkkg8 >> Start >> 2020-10-26 14:51:39.145467

ke5uhcdkkg8 >> Image Returned >> 2020-10-26 14:51:39.148894

ke5uhcdkkg8 >> End >> 2020-10-26 14:51:39.343092

v4khqb3x7gb >> Start >> 2020-10-26 14:52:03.832604

v4khqb3x7gb >> Image Returned >> 2020-10-26 14:52:03.835618

v4khqb3x7gb >> End >> 2020-10-26 14:52:04.030924

gadpaa2gpnh >> Start >> 2020-10-26 14:52:28.504786

gadpaa2gpnh >> Image Returned >> 2020-10-26 14:52:28.508933

gadpaa2gpnh >> End >> 2020-10-26 14:52:28.685993

e7kx7ups8kf >> Start >> 2020-10-26 14:52:36.385915

e7kx7ups8kf >> Image Returned >> 2020-10-26 14:52:36.386194

e7kx7ups8kf >> End >> 2020-10-26 14:52:36.577341

dy5nzodezax >> Start >> 2020-10-26 14:59:32.122539

dy5nzodezax >> Image Returned >> 2020-10-26 14:59:32.125716

dy5nzodezax >> End >> 2020-10-26 14:59:32.314970

xsgj0ar0oyo >> Start >> 2020-10-26 14:59:47.717114

xsgj0ar0oyo >> Image Returned >> 2020-10-26 14:59:47.720043

xsgj0ar0oyo >> End >> 2020-10-26 14:59:47.948503

chayzheep8c >> Start >> 2020-10-26 15:10:26.779259

chayzheep8c >> Image Returned >> 2020-10-26 15:10:26.782573

chayzheep8c >> End >> 2020-10-26 15:10:27.219027

ci56ziejodk >> Start >> 2020-10-26 15:13:00.414149

ci56ziejodk >> Image Returned >> 2020-10-26 15:13:00.417527

ci56ziejodk >> End >> 2020-10-26 15:13:00.555216

rrdzoyyg5xe >> Start >> 2020-10-26 15:17:54.242580

rrdzoyyg5xe >> Image Returned >> 2020-10-26 15:17:54.245781

rrdzoyyg5xe >> End >> 2020-10-26 15:17:54.448990

p6axdt6rcsd >> Start >> 2020-10-26 15:20:18.069650

p6axdt6rcsd >> Image Returned >> 2020-10-26 15:20:18.073360

p6axdt6rcsd >> End >> 2020-10-26 15:20:18.318939

0k8ks5mbnkv >> Start >> 2020-10-26 15:21:50.868226

0k8ks5mbnkv >> Image Returned >> 2020-10-26 15:21:50.871221

0k8ks5mbnkv >> End >> 2020-10-26 15:21:51.052860

3i0oeyxmemv >> Start >> 2020-10-26 15:32:53.181564

3i0oeyxmemv >> Image Returned >> 2020-10-26 15:32:53.185235

3i0oeyxmemv >> End >> 2020-10-26 15:32:53.321130

6teqr3rbcio >> Start >> 2020-10-26 15:39:11.642405

6teqr3rbcio >> Image Returned >> 2020-10-26 15:39:11.645817

6teqr3rbcio >> End >> 2020-10-26 15:39:11.832211

wazsrouefnf >> Start >> 2020-10-26 15:39:53.582751

wazsrouefnf >> Image Returned >> 2020-10-26 15:39:53.587217

wazsrouefnf >> End >> 2020-10-26 15:39:53.774406

svagao664u3 >> Start >> 2020-10-26 15:39:57.978107

svagao664u3 >> Image Returned >> 2020-10-26 15:39:57.978389

svagao664u3 >> End >> 2020-10-26 15:39:58.174205

ow7xweiif6q >> Start >> 2020-10-26 15:42:39.380053

ow7xweiif6q >> Image Returned >> 2020-10-26 15:42:39.383953

ow7xweiif6q >> End >> 2020-10-26 15:42:39.571333

pjwfds4wahz >> Start >> 2020-10-26 15:51:04.810072

pjwfds4wahz >> Image Returned >> 2020-10-26 15:51:04.813465

pjwfds4wahz >> End >> 2020-10-26 15:51:05.022794

5xsohae6pj7 >> Start >> 2020-10-26 15:55:19.712399

5xsohae6pj7 >> Image Returned >> 2020-10-26 15:55:19.716845

vs5xv65q64r >> Start >> 2020-10-26 15:55:19.782099

vs5xv65q64r >> Image Returned >> 2020-10-26 15:55:19.785022

5xsohae6pj7 >> End >> 2020-10-26 15:55:19.894387

vs5xv65q64r >> End >> 2020-10-26 15:55:19.909549

frdv6qn4kwi >> Start >> 2020-10-26 15:55:42.259660

frdv6qn4kwi >> Image Returned >> 2020-10-26 15:55:42.262505

frdv6qn4kwi >> End >> 2020-10-26 15:55:42.447463

gjrwfujouts >> Start >> 2020-10-26 15:55:42.516896

gjrwfujouts >> Image Returned >> 2020-10-26 15:55:42.517168

gjrwfujouts >> End >> 2020-10-26 15:55:42.696995

tgbxoxqbi22 >> Start >> 2020-10-26 15:55:52.616782

tgbxoxqbi22 >> Image Returned >> 2020-10-26 15:55:52.617096

tgbxoxqbi22 >> End >> 2020-10-26 15:55:52.885484

kidq7uvkf48 >> Start >> 2020-10-26 15:57:14.581022

kidq7uvkf48 >> Image Returned >> 2020-10-26 15:57:14.584634

kidq7uvkf48 >> End >> 2020-10-26 15:57:14.771240

th0nvy8m2v2 >> Start >> 2020-10-26 15:58:51.309377

th0nvy8m2v2 >> Image Returned >> 2020-10-26 15:58:51.314225

th0nvy8m2v2 >> End >> 2020-10-26 15:58:51.508557

43jowrheib4 >> Start >> 2020-10-26 15:59:16.698894

43jowrheib4 >> Image Returned >> 2020-10-26 15:59:16.702559

43jowrheib4 >> End >> 2020-10-26 15:59:16.896603

e424mfcpqu3 >> Start >> 2020-10-26 16:05:07.387207

e424mfcpqu3 >> Image Returned >> 2020-10-26 16:05:07.390172

e424mfcpqu3 >> End >> 2020-10-26 16:05:07.567120

gbhm4t33z4q >> Start >> 2020-10-26 16:05:48.823044

gbhm4t33z4q >> Image Returned >> 2020-10-26 16:05:48.825896

gbhm4t33z4q >> End >> 2020-10-26 16:05:49.035089

8g7gax36cy2 >> Start >> 2020-10-26 16:15:19.913495

8g7gax36cy2 >> Image Returned >> 2020-10-26 16:15:19.916502

8g7gax36cy2 >> End >> 2020-10-26 16:15:20.127403

gspa4i3y63p >> Start >> 2020-10-26 16:18:56.540263

gspa4i3y63p >> Image Returned >> 2020-10-26 16:18:56.543807

gspa4i3y63p >> End >> 2020-10-26 16:18:56.726680

vu227mtrbxw >> Start >> 2020-10-26 16:20:23.262365

vu227mtrbxw >> Image Returned >> 2020-10-26 16:20:23.265707

vu227mtrbxw >> End >> 2020-10-26 16:20:23.444050

uod8c68cs4p >> Start >> 2020-10-26 16:25:14.718202

uod8c68cs4p >> Image Returned >> 2020-10-26 16:25:14.722093

uod8c68cs4p >> End >> 2020-10-26 16:25:14.902389

8xm6e27ah26 >> Start >> 2020-10-26 16:29:18.695736

8xm6e27ah26 >> Image Returned >> 2020-10-26 16:29:18.699131

8xm6e27ah26 >> End >> 2020-10-26 16:29:18.897536

8af8cpnnsbd >> Start >> 2020-10-26 16:29:32.912657

8af8cpnnsbd >> Image Returned >> 2020-10-26 16:29:32.915592

8af8cpnnsbd >> End >> 2020-10-26 16:29:33.090913

ckup5v2y0x4 >> Start >> 2020-10-26 16:30:31.466185

ckup5v2y0x4 >> Image Returned >> 2020-10-26 16:30:31.469472

ckup5v2y0x4 >> End >> 2020-10-26 16:30:31.650791

zmf08vvsaer >> Start >> 2020-10-26 16:32:32.061609

zmf08vvsaer >> Image Returned >> 2020-10-26 16:32:32.065082

zmf08vvsaer >> End >> 2020-10-26 16:32:32.251151

hg5x7avwev2 >> Start >> 2020-10-26 16:34:00.704229

hg5x7avwev2 >> Image Returned >> 2020-10-26 16:34:00.707602

hg5x7avwev2 >> End >> 2020-10-26 16:34:00.888351

sjbc8k2hama >> Start >> 2020-10-26 16:35:21.060563

sjbc8k2hama >> Image Returned >> 2020-10-26 16:35:21.064851

sjbc8k2hama >> End >> 2020-10-26 16:35:21.241982

w8ximjtsjdg >> Start >> 2020-10-26 16:36:49.435319

w8ximjtsjdg >> Image Returned >> 2020-10-26 16:36:49.438307

w8ximjtsjdg >> End >> 2020-10-26 16:36:49.627780

mcbqifh5n54 >> Start >> 2020-10-26 16:37:17.558629

mcbqifh5n54 >> Image Returned >> 2020-10-26 16:37:17.562349

mcbqifh5n54 >> End >> 2020-10-26 16:37:17.739217

x43dmdiifhk >> Start >> 2020-10-26 16:37:45.264826

x43dmdiifhk >> Image Returned >> 2020-10-26 16:37:45.267904

x43dmdiifhk >> End >> 2020-10-26 16:37:45.449347

5pbj50ga5e5 >> Start >> 2020-10-26 16:38:21.437694

5pbj50ga5e5 >> Image Returned >> 2020-10-26 16:38:21.441077

5pbj50ga5e5 >> End >> 2020-10-26 16:38:21.659444

nwtt0j8ovmx >> Start >> 2020-10-26 16:38:59.898710

nwtt0j8ovmx >> Image Returned >> 2020-10-26 16:38:59.901702

nwtt0j8ovmx >> End >> 2020-10-26 16:39:00.024902

uskq37spc7y >> Start >> 2020-10-26 16:42:40.387852

uskq37spc7y >> Image Returned >> 2020-10-26 16:42:40.392064

uskq37spc7y >> End >> 2020-10-26 16:42:40.515513

ek5ez3m24nr >> Start >> 2020-10-26 16:43:51.032949

ek5ez3m24nr >> Image Returned >> 2020-10-26 16:43:51.036268

ek5ez3m24nr >> End >> 2020-10-26 16:43:51.248857

2fbwi6x5it0 >> Start >> 2020-10-26 16:44:04.830137

2fbwi6x5it0 >> Image Returned >> 2020-10-26 16:44:04.834537

2fbwi6x5it0 >> End >> 2020-10-26 16:44:05.051340

205jxrjv5k0 >> Start >> 2020-10-26 16:44:05.649249

205jxrjv5k0 >> Image Returned >> 2020-10-26 16:44:05.649532

205jxrjv5k0 >> End >> 2020-10-26 16:44:05.865144

g4ggwgpkxut >> Start >> 2020-10-26 16:44:53.686954

g4ggwgpkxut >> Image Returned >> 2020-10-26 16:44:53.689961

g4ggwgpkxut >> End >> 2020-10-26 16:44:53.871530

a84kxcg0jyt >> Start >> 2020-10-26 16:46:52.693197

a84kxcg0jyt >> Image Returned >> 2020-10-26 16:46:52.696861

a84kxcg0jyt >> End >> 2020-10-26 16:46:52.885548

cjxikdgty8m >> Start >> 2020-10-26 16:49:21.705949

cjxikdgty8m >> Image Returned >> 2020-10-26 16:49:21.709842

cjxikdgty8m >> End >> 2020-10-26 16:49:21.905673

hwzrr2sztzi >> Start >> 2020-10-26 16:49:40.505003

hwzrr2sztzi >> Image Returned >> 2020-10-26 16:49:40.508265

hwzrr2sztzi >> End >> 2020-10-26 16:49:40.696641

30emz2cv30m >> Start >> 2020-10-26 16:49:42.009574

30emz2cv30m >> Image Returned >> 2020-10-26 16:49:42.009860

30emz2cv30m >> End >> 2020-10-26 16:49:42.226727

rf0cc7f3782 >> Start >> 2020-10-26 16:49:58.910806

rf0cc7f3782 >> Image Returned >> 2020-10-26 16:49:58.913891

rf0cc7f3782 >> End >> 2020-10-26 16:49:59.086833

e2rf84iaa0z >> Start >> 2020-10-26 16:50:53.566184

e2rf84iaa0z >> Image Returned >> 2020-10-26 16:50:53.569854

e2rf84iaa0z >> End >> 2020-10-26 16:50:53.749839

soonteb8nt4 >> Start >> 2020-10-26 16:52:51.667180

soonteb8nt4 >> Image Returned >> 2020-10-26 16:52:51.670150

soonteb8nt4 >> End >> 2020-10-26 16:52:51.878590

6tktriw7w8h >> Start >> 2020-10-26 16:53:14.509279

6tktriw7w8h >> Image Returned >> 2020-10-26 16:53:14.512734

6tktriw7w8h >> End >> 2020-10-26 16:53:14.724047

h0p7wvsk5ue >> Start >> 2020-10-26 16:53:26.200839

h0p7wvsk5ue >> Image Returned >> 2020-10-26 16:53:26.203865

h0p7wvsk5ue >> End >> 2020-10-26 16:53:26.387991

48xmi5kc4v7 >> Start >> 2020-10-26 16:54:54.923079

48xmi5kc4v7 >> Image Returned >> 2020-10-26 16:54:54.926094

48xmi5kc4v7 >> End >> 2020-10-26 16:54:55.104048

th53s8oe4ud >> Start >> 2020-10-26 16:55:32.835448

th53s8oe4ud >> Image Returned >> 2020-10-26 16:55:32.839324

th53s8oe4ud >> End >> 2020-10-26 16:55:33.028474

zyqh5oa5w6k >> Start >> 2020-10-26 16:56:57.133629

zyqh5oa5w6k >> Image Returned >> 2020-10-26 16:56:57.138375

zyqh5oa5w6k >> End >> 2020-10-26 16:56:57.324249

fasizxw6p6q >> Start >> 2020-10-26 17:00:24.529733

fasizxw6p6q >> Image Returned >> 2020-10-26 17:00:24.533564

fasizxw6p6q >> End >> 2020-10-26 17:00:24.715636

ri4mpbbi43x >> Start >> 2020-10-26 17:02:23.461188

ri4mpbbi43x >> Image Returned >> 2020-10-26 17:02:23.466480

ri4mpbbi43x >> End >> 2020-10-26 17:02:23.678826

n84ewejzeu3 >> Start >> 2020-10-26 17:04:35.291383

n84ewejzeu3 >> Image Returned >> 2020-10-26 17:04:35.294315

n84ewejzeu3 >> End >> 2020-10-26 17:04:35.472553

aky647msq8g >> Start >> 2020-10-26 17:06:04.226176

aky647msq8g >> Image Returned >> 2020-10-26 17:06:04.229206

aky647msq8g >> End >> 2020-10-26 17:06:04.413383

fqams327okm >> Start >> 2020-10-26 17:06:26.362404

fqams327okm >> Image Returned >> 2020-10-26 17:06:26.366101

fqams327okm >> End >> 2020-10-26 17:06:26.546933

yqwqs2f7cq5 >> Start >> 2020-10-26 17:06:39.641585

yqwqs2f7cq5 >> Image Returned >> 2020-10-26 17:06:39.644660

yqwqs2f7cq5 >> End >> 2020-10-26 17:06:39.830461

hxwnim0wgfp >> Start >> 2020-10-26 17:07:04.656071

hxwnim0wgfp >> Image Returned >> 2020-10-26 17:07:04.659300

hxwnim0wgfp >> End >> 2020-10-26 17:07:04.838507

8dkg8gst4mh >> Start >> 2020-10-26 17:08:16.080977

8dkg8gst4mh >> Image Returned >> 2020-10-26 17:08:16.084306

8dkg8gst4mh >> End >> 2020-10-26 17:08:16.256400

wuz3ubezme0 >> Start >> 2020-10-26 17:08:22.626157

wuz3ubezme0 >> Image Returned >> 2020-10-26 17:08:22.626440

wuz3ubezme0 >> End >> 2020-10-26 17:08:22.806411

xrk3imxmz4f >> Start >> 2020-10-26 17:08:57.797895

xrk3imxmz4f >> Image Returned >> 2020-10-26 17:08:57.800797

xrk3imxmz4f >> End >> 2020-10-26 17:08:57.975446

yc0jbdmrbgm >> Start >> 2020-10-26 17:13:01.262561

yc0jbdmrbgm >> Image Returned >> 2020-10-26 17:13:01.264991

yc0jbdmrbgm >> End >> 2020-10-26 17:13:01.477428

stp5kzrg5fz >> Start >> 2020-10-26 17:13:14.100682

stp5kzrg5fz >> Image Returned >> 2020-10-26 17:13:14.103173

stp5kzrg5fz >> End >> 2020-10-26 17:13:14.285268

4nuginytbhf >> Start >> 2020-10-26 17:13:29.971832

4nuginytbhf >> Image Returned >> 2020-10-26 17:13:29.974580

4nuginytbhf >> End >> 2020-10-26 17:13:30.155369

nhr5otspugm >> Start >> 2020-10-26 17:14:07.373564

nhr5otspugm >> Image Returned >> 2020-10-26 17:14:07.375956

nhr5otspugm >> End >> 2020-10-26 17:14:07.556557

s2gtc7hvpqo >> Start >> 2020-10-26 17:16:03.334768

s2gtc7hvpqo >> Image Returned >> 2020-10-26 17:16:03.337172

s2gtc7hvpqo >> End >> 2020-10-26 17:16:03.522085

fw6adyn7jjr >> Start >> 2020-10-26 17:16:37.623577

fw6adyn7jjr >> Image Returned >> 2020-10-26 17:16:37.625936

fw6adyn7jjr >> End >> 2020-10-26 17:16:37.812505

spmr7jdabdq >> Start >> 2020-10-26 17:17:31.821964

spmr7jdabdq >> Image Returned >> 2020-10-26 17:17:31.824421

spmr7jdabdq >> End >> 2020-10-26 17:17:32.000169

scdy62vyu36 >> Start >> 2020-10-26 17:19:32.820825

scdy62vyu36 >> Image Returned >> 2020-10-26 17:19:32.824498

scdy62vyu36 >> End >> 2020-10-26 17:19:32.958625

5mofye426kb >> Start >> 2020-10-26 17:20:18.743077

5mofye426kb >> Image Returned >> 2020-10-26 17:20:18.745487

5mofye426kb >> End >> 2020-10-26 17:20:18.939486

uapu86dv2rb >> Start >> 2020-10-26 17:20:45.986282

uapu86dv2rb >> Image Returned >> 2020-10-26 17:20:45.988744

uapu86dv2rb >> End >> 2020-10-26 17:20:46.164983

2tbfzyppncn >> Start >> 2020-10-26 17:21:02.306850

2tbfzyppncn >> Image Returned >> 2020-10-26 17:21:02.309371

2tbfzyppncn >> End >> 2020-10-26 17:21:02.872840

uqmy2py6p64 >> Start >> 2020-10-26 17:21:03.028398

uqmy2py6p64 >> Image Returned >> 2020-10-26 17:21:03.028697

uqmy2py6p64 >> End >> 2020-10-26 17:21:03.626749

2sqbh2mc7a2 >> Start >> 2020-10-26 17:21:15.281080

2sqbh2mc7a2 >> Image Returned >> 2020-10-26 17:21:15.283523

2sqbh2mc7a2 >> End >> 2020-10-26 17:21:15.463164

p3jxmptow43 >> Start >> 2020-10-26 17:22:22.932317

p3jxmptow43 >> Image Returned >> 2020-10-26 17:22:22.934799

p3jxmptow43 >> End >> 2020-10-26 17:22:23.143115

xtieyxw3eq2 >> Start >> 2020-10-26 17:22:24.833694

xtieyxw3eq2 >> Image Returned >> 2020-10-26 17:22:24.834009

xtieyxw3eq2 >> End >> 2020-10-26 17:22:25.024420

m5mcknwom2f >> Start >> 2020-10-26 17:23:52.091896

m5mcknwom2f >> Image Returned >> 2020-10-26 17:23:52.094261

m5mcknwom2f >> End >> 2020-10-26 17:23:52.270001

siq3ju5nxfb >> Start >> 2020-10-26 17:24:52.607604

siq3ju5nxfb >> Image Returned >> 2020-10-26 17:24:52.610112

siq3ju5nxfb >> End >> 2020-10-26 17:24:52.785449

5tedybtogzs >> Start >> 2020-10-26 17:26:23.723745

5tedybtogzs >> Image Returned >> 2020-10-26 17:26:23.726278

5tedybtogzs >> End >> 2020-10-26 17:26:23.914150

r7i7fqebh6h >> Start >> 2020-10-26 17:28:33.702455

r7i7fqebh6h >> Image Returned >> 2020-10-26 17:28:33.704967

r7i7fqebh6h >> End >> 2020-10-26 17:28:33.888654

m25sfe6eoge >> Start >> 2020-10-26 17:28:37.099967

m25sfe6eoge >> Image Returned >> 2020-10-26 17:28:37.100255

m25sfe6eoge >> End >> 2020-10-26 17:28:37.281559

ettxu6dqm6m >> Start >> 2020-10-26 17:29:59.629517

ettxu6dqm6m >> Image Returned >> 2020-10-26 17:29:59.631937

ettxu6dqm6m >> End >> 2020-10-26 17:30:00.026953

k2njtwzxkne >> Start >> 2020-10-26 17:30:29.152021

k2njtwzxkne >> Image Returned >> 2020-10-26 17:30:29.154495

k2njtwzxkne >> End >> 2020-10-26 17:30:29.618011

ioi0yvdzqqg >> Start >> 2020-10-26 17:39:21.725557

ioi0yvdzqqg >> Image Returned >> 2020-10-26 17:39:21.728069

ioi0yvdzqqg >> End >> 2020-10-26 17:39:21.906413

wgqqakemppi >> Start >> 2020-10-26 17:45:13.253323

wgqqakemppi >> Image Returned >> 2020-10-26 17:45:13.256226

wgqqakemppi >> End >> 2020-10-26 17:45:13.434338

ajh38n5s8ku >> Start >> 2020-10-26 17:48:00.389273

ajh38n5s8ku >> Image Returned >> 2020-10-26 17:48:00.391762

ajh38n5s8ku >> End >> 2020-10-26 17:48:00.588080

fhfksrshjwr >> Start >> 2020-10-26 17:48:35.569900

fhfksrshjwr >> Image Returned >> 2020-10-26 17:48:35.572457

fhfksrshjwr >> End >> 2020-10-26 17:48:35.747966

4qbvbhoymwa >> Start >> 2020-10-26 17:49:27.061288

4qbvbhoymwa >> Image Returned >> 2020-10-26 17:49:27.063797

4qbvbhoymwa >> End >> 2020-10-26 17:49:27.243674

s5s2tmb3vtb >> Start >> 2020-10-26 17:50:52.231040

s5s2tmb3vtb >> Image Returned >> 2020-10-26 17:50:52.233588

s5s2tmb3vtb >> End >> 2020-10-26 17:50:52.405668

gqemgmpemwj >> Start >> 2020-10-26 17:56:45.192958

gqemgmpemwj >> Image Returned >> 2020-10-26 17:56:45.195461

gqemgmpemwj >> End >> 2020-10-26 17:56:45.385624

gx05d88hts7 >> Start >> 2020-10-26 17:59:45.869668

gx05d88hts7 >> Image Returned >> 2020-10-26 17:59:45.872574

gx05d88hts7 >> End >> 2020-10-26 17:59:46.046135

q5sns2rtzvt >> Start >> 2020-10-26 18:02:35.644747

q5sns2rtzvt >> Image Returned >> 2020-10-26 18:02:35.647516

q5sns2rtzvt >> End >> 2020-10-26 18:02:35.825299

2tt5ywnzcxd >> Start >> 2020-10-26 18:03:30.844521

2tt5ywnzcxd >> Image Returned >> 2020-10-26 18:03:30.847642

2tt5ywnzcxd >> End >> 2020-10-26 18:03:31.100514

jfm4kuynxn8 >> Start >> 2020-10-26 18:03:46.885056

jfm4kuynxn8 >> Image Returned >> 2020-10-26 18:03:46.887629

jfm4kuynxn8 >> End >> 2020-10-26 18:03:47.094146

j4m2o5fjash >> Start >> 2020-10-26 18:04:38.449177

j4m2o5fjash >> Image Returned >> 2020-10-26 18:04:38.451693

j4m2o5fjash >> End >> 2020-10-26 18:04:38.644325

cuc4uwyc4gn >> Start >> 2020-10-26 18:06:40.052911

cuc4uwyc4gn >> Image Returned >> 2020-10-26 18:06:40.057064

cuc4uwyc4gn >> End >> 2020-10-26 18:06:40.242089

tkesche7yyb >> Start >> 2020-10-26 18:10:01.178586

tkesche7yyb >> Image Returned >> 2020-10-26 18:10:01.181205

tkesche7yyb >> End >> 2020-10-26 18:10:01.360230

2qf0zobyjsf >> Start >> 2020-10-26 18:10:14.366368

2qf0zobyjsf >> Image Returned >> 2020-10-26 18:10:14.369316

2qf0zobyjsf >> End >> 2020-10-26 18:10:14.556629

xdzbxjcyi3h >> Start >> 2020-10-26 18:11:16.896162

xdzbxjcyi3h >> Image Returned >> 2020-10-26 18:11:16.898648

xdzbxjcyi3h >> End >> 2020-10-26 18:11:17.098371

ys26220z6ip >> Start >> 2020-10-26 18:13:56.614332

ys26220z6ip >> Image Returned >> 2020-10-26 18:13:56.616818

ys26220z6ip >> End >> 2020-10-26 18:13:56.797564

3n0v0tz8nxh >> Start >> 2020-10-26 18:14:22.868549

3n0v0tz8nxh >> Image Returned >> 2020-10-26 18:14:22.871234

3n0v0tz8nxh >> End >> 2020-10-26 18:14:23.046061

sbsqgz5w4y2 >> Start >> 2020-10-26 18:20:14.152329

sbsqgz5w4y2 >> Image Returned >> 2020-10-26 18:20:14.154994

sbsqgz5w4y2 >> End >> 2020-10-26 18:20:14.363210

dkwie5e3gcu >> Start >> 2020-10-26 18:20:30.690623

dkwie5e3gcu >> Image Returned >> 2020-10-26 18:20:30.693214

dkwie5e3gcu >> End >> 2020-10-26 18:20:30.907284

35vbvpbevch >> Start >> 2020-10-26 18:20:31.023749

35vbvpbevch >> Image Returned >> 2020-10-26 18:20:31.024035

35vbvpbevch >> End >> 2020-10-26 18:20:31.247930

pbaqbe0eb23 >> Start >> 2020-10-26 18:20:32.481465

pbaqbe0eb23 >> Image Returned >> 2020-10-26 18:20:32.481738

pbaqbe0eb23 >> End >> 2020-10-26 18:20:32.693834

nq4krqeb3n8 >> Start >> 2020-10-26 18:21:14.583702

nq4krqeb3n8 >> Image Returned >> 2020-10-26 18:21:14.586262

nq4krqeb3n8 >> End >> 2020-10-26 18:21:14.879576

4eftzn4ocqf >> Start >> 2020-10-26 18:23:43.224625

4eftzn4ocqf >> Image Returned >> 2020-10-26 18:23:43.227168

4eftzn4ocqf >> End >> 2020-10-26 18:23:43.410954

vojd42iiybx >> Start >> 2020-10-26 18:25:30.728914

vojd42iiybx >> Image Returned >> 2020-10-26 18:25:30.731492

vojd42iiybx >> End >> 2020-10-26 18:25:30.929053

bagps67r8rc >> Start >> 2020-10-26 18:25:44.042201

bagps67r8rc >> Image Returned >> 2020-10-26 18:25:44.044711

bagps67r8rc >> End >> 2020-10-26 18:25:44.236735

noguf8gunki >> Start >> 2020-10-26 18:40:23.525305

noguf8gunki >> Image Returned >> 2020-10-26 18:40:23.528456

noguf8gunki >> End >> 2020-10-26 18:40:23.709250

dzvpaaiierj >> Start >> 2020-10-26 18:40:38.366779

dzvpaaiierj >> Image Returned >> 2020-10-26 18:40:38.370137

dzvpaaiierj >> End >> 2020-10-26 18:40:38.555160

cd0oquwzukg >> Start >> 2020-10-26 18:48:09.256123

cd0oquwzukg >> Image Returned >> 2020-10-26 18:48:09.258658

cd0oquwzukg >> End >> 2020-10-26 18:48:09.441982

40cm2tfsnrz >> Start >> 2020-10-26 18:48:17.460728

40cm2tfsnrz >> Image Returned >> 2020-10-26 18:48:17.461059

40cm2tfsnrz >> End >> 2020-10-26 18:48:17.640861

wb2xgz85p2t >> Start >> 2020-10-26 18:52:49.778251

wb2xgz85p2t >> Image Returned >> 2020-10-26 18:52:49.781687

wb2xgz85p2t >> End >> 2020-10-26 18:52:49.956372

6jtsb5tkjk0 >> Start >> 2020-10-26 18:53:37.104859

6jtsb5tkjk0 >> Image Returned >> 2020-10-26 18:53:37.107589

6jtsb5tkjk0 >> End >> 2020-10-26 18:53:37.289854

80ptz8tkdaq >> Start >> 2020-10-26 18:58:22.161168

80ptz8tkdaq >> Image Returned >> 2020-10-26 18:58:22.163995

80ptz8tkdaq >> End >> 2020-10-26 18:58:22.350321

rvnarnpo4v6 >> Start >> 2020-10-26 18:59:20.051487

rvnarnpo4v6 >> Image Returned >> 2020-10-26 18:59:20.054379

rvnarnpo4v6 >> End >> 2020-10-26 18:59:20.233136

7pxydei3jsy >> Start >> 2020-10-26 18:59:50.980551

7pxydei3jsy >> Image Returned >> 2020-10-26 18:59:50.983083

7pxydei3jsy >> End >> 2020-10-26 18:59:51.162657

ryi86wru0f4 >> Start >> 2020-10-26 19:00:46.134526

ryi86wru0f4 >> Image Returned >> 2020-10-26 19:00:46.137131

ryi86wru0f4 >> End >> 2020-10-26 19:00:46.313976

xrqzd76bxun >> Start >> 2020-10-26 19:02:56.574003

xrqzd76bxun >> Image Returned >> 2020-10-26 19:02:56.578324

xrqzd76bxun >> End >> 2020-10-26 19:02:56.799659

5m46hcsvprs >> Start >> 2020-10-26 19:04:44.060514

5m46hcsvprs >> Image Returned >> 2020-10-26 19:04:44.062684

5m46hcsvprs >> End >> 2020-10-26 19:04:44.240803

g0y5kscc44u >> Start >> 2020-10-26 19:07:57.016062

g0y5kscc44u >> Image Returned >> 2020-10-26 19:07:57.018927

g0y5kscc44u >> End >> 2020-10-26 19:07:57.201559

egf445t7f7x >> Start >> 2020-10-26 19:08:18.871702

egf445t7f7x >> Image Returned >> 2020-10-26 19:08:18.874788

egf445t7f7x >> End >> 2020-10-26 19:08:19.010288

bc46ikfe2x6 >> Start >> 2020-10-26 19:08:27.504617

bc46ikfe2x6 >> Image Returned >> 2020-10-26 19:08:27.504930

bc46ikfe2x6 >> End >> 2020-10-26 19:08:27.679678

guh0nzxrfny >> Start >> 2020-10-26 19:11:20.789474

guh0nzxrfny >> Image Returned >> 2020-10-26 19:11:20.792486

guh0nzxrfny >> End >> 2020-10-26 19:11:20.972817

sfqai2n8tos >> Start >> 2020-10-26 19:13:08.530169

sfqai2n8tos >> Image Returned >> 2020-10-26 19:13:08.533432

sfqai2n8tos >> End >> 2020-10-26 19:13:08.711461

amz54myn4i8 >> Start >> 2020-10-26 19:17:01.249208

amz54myn4i8 >> Image Returned >> 2020-10-26 19:17:01.251929

amz54myn4i8 >> End >> 2020-10-26 19:17:01.438311

8qucugi42pf >> Start >> 2020-10-26 19:17:05.855077

8qucugi42pf >> Image Returned >> 2020-10-26 19:17:05.855349

8qucugi42pf >> End >> 2020-10-26 19:17:06.037318

xgczmkaj7af >> Start >> 2020-10-26 19:17:08.571538

xgczmkaj7af >> Image Returned >> 2020-10-26 19:17:08.571819

xgczmkaj7af >> End >> 2020-10-26 19:17:08.770916

abkeunpixrj >> Start >> 2020-10-26 19:18:31.407958

abkeunpixrj >> Image Returned >> 2020-10-26 19:18:31.410500

abkeunpixrj >> End >> 2020-10-26 19:18:31.598423

bpm435oj4x0 >> Start >> 2020-10-26 19:19:03.907401

bpm435oj4x0 >> Image Returned >> 2020-10-26 19:19:03.910001

bpm435oj4x0 >> End >> 2020-10-26 19:19:04.092084

egvhb7bb4w7 >> Start >> 2020-10-26 19:19:21.748534

egvhb7bb4w7 >> Image Returned >> 2020-10-26 19:19:21.751116

egvhb7bb4w7 >> End >> 2020-10-26 19:19:22.124145

mvbc8dgsg7s >> Start >> 2020-10-26 19:21:56.407530

mvbc8dgsg7s >> Image Returned >> 2020-10-26 19:21:56.410093

mvbc8dgsg7s >> End >> 2020-10-26 19:21:56.812235

tbbuv22f7fi >> Start >> 2020-10-26 19:22:10.744601

tbbuv22f7fi >> Image Returned >> 2020-10-26 19:22:10.747154

tbbuv22f7fi >> End >> 2020-10-26 19:22:11.218307

f5moeno687i >> Start >> 2020-10-26 19:22:11.315538

f5moeno687i >> Image Returned >> 2020-10-26 19:22:11.315817

f5moeno687i >> End >> 2020-10-26 19:22:11.718190

0f8spgzmcve >> Start >> 2020-10-26 19:23:50.100264

0f8spgzmcve >> Image Returned >> 2020-10-26 19:23:50.103291

0f8spgzmcve >> End >> 2020-10-26 19:23:50.281353

xpc8yiczf56 >> Start >> 2020-10-26 19:27:47.621439

xpc8yiczf56 >> Image Returned >> 2020-10-26 19:27:47.624380

xpc8yiczf56 >> End >> 2020-10-26 19:27:47.795373

my6mr4cxajy >> Start >> 2020-10-26 19:28:08.278245

my6mr4cxajy >> Image Returned >> 2020-10-26 19:28:08.280807

my6mr4cxajy >> End >> 2020-10-26 19:28:08.466028

sk70i5an2d7 >> Start >> 2020-10-26 19:28:38.157411

sk70i5an2d7 >> Image Returned >> 2020-10-26 19:28:38.160052

sk70i5an2d7 >> End >> 2020-10-26 19:28:38.338238

6f7bix7bntt >> Start >> 2020-10-26 19:28:58.301254

6f7bix7bntt >> Image Returned >> 2020-10-26 19:28:58.303788

6f7bix7bntt >> End >> 2020-10-26 19:28:58.485980

zzvjvftqd40 >> Start >> 2020-10-26 19:29:31.516196

zzvjvftqd40 >> Image Returned >> 2020-10-26 19:29:31.518780

zzvjvftqd40 >> End >> 2020-10-26 19:29:31.711376

jjjkrggga7p >> Start >> 2020-10-26 19:30:52.222346

jjjkrggga7p >> Image Returned >> 2020-10-26 19:30:52.225147

jjjkrggga7p >> End >> 2020-10-26 19:30:52.397826

3kwpa7qveyk >> Start >> 2020-10-26 19:31:45.806340

3kwpa7qveyk >> Image Returned >> 2020-10-26 19:31:45.809859

3kwpa7qveyk >> End >> 2020-10-26 19:31:45.992475

rntr3ronzq2 >> Start >> 2020-10-26 19:38:05.572088

rntr3ronzq2 >> Image Returned >> 2020-10-26 19:38:05.575156

rntr3ronzq2 >> End >> 2020-10-26 19:38:05.755013

ta65hzhz7it >> Start >> 2020-10-26 19:39:46.906068

ta65hzhz7it >> Image Returned >> 2020-10-26 19:39:46.908658

ta65hzhz7it >> End >> 2020-10-26 19:39:47.086648

i3352n3dzyq >> Start >> 2020-10-26 19:40:36.415271

i3352n3dzyq >> Image Returned >> 2020-10-26 19:40:36.418277

i3352n3dzyq >> End >> 2020-10-26 19:40:36.543104

sgrob4x7fcm >> Start >> 2020-10-26 19:42:11.628607

sgrob4x7fcm >> Image Returned >> 2020-10-26 19:42:11.631239

sgrob4x7fcm >> End >> 2020-10-26 19:42:11.826802

0pzsefqhgmm >> Start >> 2020-10-26 19:43:35.783974

0pzsefqhgmm >> Image Returned >> 2020-10-26 19:43:35.786983

0pzsefqhgmm >> End >> 2020-10-26 19:43:35.964629

4q6b3o4nhvu >> Start >> 2020-10-26 19:43:36.373660

4q6b3o4nhvu >> Image Returned >> 2020-10-26 19:43:36.373955

4q6b3o4nhvu >> End >> 2020-10-26 19:43:36.547049

zn5t2hjqrm4 >> Start >> 2020-10-26 19:43:45.216145

zn5t2hjqrm4 >> Image Returned >> 2020-10-26 19:43:45.216428

zn5t2hjqrm4 >> End >> 2020-10-26 19:43:45.391793

rxwp0cznppr >> Start >> 2020-10-26 19:44:35.063148

rxwp0cznppr >> Image Returned >> 2020-10-26 19:44:35.065912

rxwp0cznppr >> End >> 2020-10-26 19:44:35.245032

3qtyx6ifq3g >> Start >> 2020-10-26 19:44:36.543272

3qtyx6ifq3g >> Image Returned >> 2020-10-26 19:44:36.543550

3qtyx6ifq3g >> End >> 2020-10-26 19:44:36.728168

274pbo6faa0 >> Start >> 2020-10-26 19:46:53.102332

274pbo6faa0 >> Image Returned >> 2020-10-26 19:46:53.105015

274pbo6faa0 >> End >> 2020-10-26 19:46:53.231071

dgbz63o6ixn >> Start >> 2020-10-26 19:47:03.611886

dgbz63o6ixn >> Image Returned >> 2020-10-26 19:47:03.612157

dgbz63o6ixn >> End >> 2020-10-26 19:47:03.785274

6xi3hhf6gs2 >> Start >> 2020-10-26 19:52:24.261775

6xi3hhf6gs2 >> Image Returned >> 2020-10-26 19:52:24.265539

6xi3hhf6gs2 >> End >> 2020-10-26 19:52:24.456451

hxn5bg8swkm >> Start >> 2020-10-26 19:53:35.749299

hxn5bg8swkm >> Image Returned >> 2020-10-26 19:53:35.752046

hxn5bg8swkm >> End >> 2020-10-26 19:53:35.931968

vmbncsys24a >> Start >> 2020-10-26 19:55:03.695594

vmbncsys24a >> Image Returned >> 2020-10-26 19:55:03.698227

vmbncsys24a >> End >> 2020-10-26 19:55:03.875190

ermmk5yh30n >> Start >> 2020-10-26 19:56:32.503560

ermmk5yh30n >> Image Returned >> 2020-10-26 19:56:32.506352

wbz856vg87z >> Start >> 2020-10-26 19:56:32.630337

wbz856vg87z >> Image Returned >> 2020-10-26 19:56:32.632927

ermmk5yh30n >> End >> 2020-10-26 19:56:32.694273

wbz856vg87z >> End >> 2020-10-26 19:56:32.849457

czatebk0jx7 >> Start >> 2020-10-26 20:02:29.797153

czatebk0jx7 >> Image Returned >> 2020-10-26 20:02:29.801434

czatebk0jx7 >> End >> 2020-10-26 20:02:30.030833

48yti2uhhap >> Start >> 2020-10-26 20:05:16.192739

48yti2uhhap >> Image Returned >> 2020-10-26 20:05:16.195786

48yti2uhhap >> End >> 2020-10-26 20:05:16.373184

jw5korwxnag >> Start >> 2020-10-26 20:06:30.857623

jw5korwxnag >> Image Returned >> 2020-10-26 20:06:30.860320

jw5korwxnag >> End >> 2020-10-26 20:06:31.044684

uqxymu6mtn3 >> Start >> 2020-10-26 20:08:34.355525

uqxymu6mtn3 >> Image Returned >> 2020-10-26 20:08:34.358427

uqxymu6mtn3 >> End >> 2020-10-26 20:08:34.544307

abu4g6tmqr5 >> Start >> 2020-10-26 20:09:07.096652

abu4g6tmqr5 >> Image Returned >> 2020-10-26 20:09:07.100627

abu4g6tmqr5 >> End >> 2020-10-26 20:09:07.343791

88bhcdvgnic >> Start >> 2020-10-26 20:09:21.608055

88bhcdvgnic >> Image Returned >> 2020-10-26 20:09:21.610939

88bhcdvgnic >> End >> 2020-10-26 20:09:21.792510

jppk2tacx65 >> Start >> 2020-10-26 20:18:01.292682

jppk2tacx65 >> Image Returned >> 2020-10-26 20:18:01.295377

jppk2tacx65 >> End >> 2020-10-26 20:18:01.478332

c4okr5pe06i >> Start >> 2020-10-26 20:22:33.727812

c4okr5pe06i >> Image Returned >> 2020-10-26 20:22:33.731575

c4okr5pe06i >> End >> 2020-10-26 20:22:33.927475

avd4n02rums >> Start >> 2020-10-26 20:26:28.446168

avd4n02rums >> Image Returned >> 2020-10-26 20:26:28.448719

avd4n02rums >> End >> 2020-10-26 20:26:28.627300

vykzm5ndo07 >> Start >> 2020-10-26 20:27:12.814246

vykzm5ndo07 >> Image Returned >> 2020-10-26 20:27:12.816951

vykzm5ndo07 >> End >> 2020-10-26 20:27:12.996618

uy6pr35t4ue >> Start >> 2020-10-26 20:31:41.824163

uy6pr35t4ue >> Image Returned >> 2020-10-26 20:31:41.827191

uy6pr35t4ue >> End >> 2020-10-26 20:31:42.007673

3obp72dhrzf >> Start >> 2020-10-26 20:33:57.977731

3obp72dhrzf >> Image Returned >> 2020-10-26 20:33:57.980307

3obp72dhrzf >> End >> 2020-10-26 20:33:58.183594

4h4r0d7fq2n >> Start >> 2020-10-26 20:42:13.746556

4h4r0d7fq2n >> Image Returned >> 2020-10-26 20:42:13.749406

4h4r0d7fq2n >> End >> 2020-10-26 20:42:13.947643

v2ami7e4zja >> Start >> 2020-10-26 20:51:42.076719

v2ami7e4zja >> Image Returned >> 2020-10-26 20:51:42.079461

v2ami7e4zja >> End >> 2020-10-26 20:51:42.276901

vgi0dxajifh >> Start >> 2020-10-26 20:51:55.824704

vgi0dxajifh >> Image Returned >> 2020-10-26 20:51:55.827302

vgi0dxajifh >> End >> 2020-10-26 20:51:56.003242

86ft6fwmeh6 >> Start >> 2020-10-26 20:57:58.328907

86ft6fwmeh6 >> Image Returned >> 2020-10-26 20:57:58.332101

86ft6fwmeh6 >> End >> 2020-10-26 20:57:58.517637

co2ejd37ra4 >> Start >> 2020-10-26 21:00:48.802639

co2ejd37ra4 >> Image Returned >> 2020-10-26 21:00:48.805391

co2ejd37ra4 >> End >> 2020-10-26 21:00:48.986577

wy6xckcur0t >> Start >> 2020-10-26 21:01:31.558221

wy6xckcur0t >> Image Returned >> 2020-10-26 21:01:31.561089

wy6xckcur0t >> End >> 2020-10-26 21:01:31.731333

vzgwvhuicxf >> Start >> 2020-10-26 21:01:47.564174

vzgwvhuicxf >> Image Returned >> 2020-10-26 21:01:47.566961

vzgwvhuicxf >> End >> 2020-10-26 21:01:47.746440

wvzrvsrvw3e >> Start >> 2020-10-26 21:05:10.364622

wvzrvsrvw3e >> Image Returned >> 2020-10-26 21:05:10.367335

wvzrvsrvw3e >> End >> 2020-10-26 21:05:10.543452

5co2npjxef5 >> Start >> 2020-10-26 21:07:10.853697

5co2npjxef5 >> Image Returned >> 2020-10-26 21:07:10.856558

5co2npjxef5 >> End >> 2020-10-26 21:07:11.062036

85cw740yfxq >> Start >> 2020-10-26 21:08:01.220896

85cw740yfxq >> Image Returned >> 2020-10-26 21:08:01.223654

85cw740yfxq >> End >> 2020-10-26 21:08:01.398801

qz4fjdohp46 >> Start >> 2020-10-26 21:11:39.777530

qz4fjdohp46 >> Image Returned >> 2020-10-26 21:11:39.780711

qz4fjdohp46 >> End >> 2020-10-26 21:11:39.961961

tn4c4f8sayx >> Start >> 2020-10-26 21:13:43.289594

tn4c4f8sayx >> Image Returned >> 2020-10-26 21:13:43.294078

tn4c4f8sayx >> End >> 2020-10-26 21:13:43.469147

kgfdpccb24i >> Start >> 2020-10-26 21:19:15.513184

kgfdpccb24i >> Image Returned >> 2020-10-26 21:19:15.516005

kgfdpccb24i >> End >> 2020-10-26 21:19:15.720109

g6o0tfk5gbd >> Start >> 2020-10-26 21:19:47.345290

g6o0tfk5gbd >> Image Returned >> 2020-10-26 21:19:47.348800

g6o0tfk5gbd >> End >> 2020-10-26 21:19:47.538151

f40af60j5jn >> Start >> 2020-10-26 21:29:28.983299

f40af60j5jn >> Image Returned >> 2020-10-26 21:29:28.986227

f40af60j5jn >> End >> 2020-10-26 21:29:29.165805

u8yhg5o5z4r >> Start >> 2020-10-26 21:33:14.226324

u8yhg5o5z4r >> Image Returned >> 2020-10-26 21:33:14.229090

u8yhg5o5z4r >> End >> 2020-10-26 21:33:14.408169

gydzyats5iy >> Start >> 2020-10-26 21:35:07.555466

gydzyats5iy >> Image Returned >> 2020-10-26 21:35:07.558600

gydzyats5iy >> End >> 2020-10-26 21:35:07.741900

ya2ve3fvupb >> Start >> 2020-10-26 21:41:09.168165

ya2ve3fvupb >> Image Returned >> 2020-10-26 21:41:09.170803

ya2ve3fvupb >> End >> 2020-10-26 21:41:09.346092

2xmmhff3w6k >> Start >> 2020-10-26 21:43:00.478247

2xmmhff3w6k >> Image Returned >> 2020-10-26 21:43:00.482336

2xmmhff3w6k >> End >> 2020-10-26 21:43:00.664660

a05y67qf4uw >> Start >> 2020-10-26 21:45:23.627096

a05y67qf4uw >> Image Returned >> 2020-10-26 21:45:23.631299

a05y67qf4uw >> End >> 2020-10-26 21:45:23.808634

q2xme23ah6h >> Start >> 2020-10-26 21:46:26.454138

q2xme23ah6h >> Image Returned >> 2020-10-26 21:46:26.456815

q2xme23ah6h >> End >> 2020-10-26 21:46:26.630075

64xxj4tdado >> Start >> 2020-10-26 21:48:22.518085

64xxj4tdado >> Image Returned >> 2020-10-26 21:48:22.520965

64xxj4tdado >> End >> 2020-10-26 21:48:22.700288

5mkcmdg436i >> Start >> 2020-10-26 21:51:14.674225

5mkcmdg436i >> Image Returned >> 2020-10-26 21:51:14.677258

5mkcmdg436i >> End >> 2020-10-26 21:51:14.858099

6whnah6ajky >> Start >> 2020-10-26 21:53:49.015110

6whnah6ajky >> Image Returned >> 2020-10-26 21:53:49.019781

6whnah6ajky >> End >> 2020-10-26 21:53:49.223076

vbwjadygbjd >> Start >> 2020-10-26 21:58:48.522718

vbwjadygbjd >> Image Returned >> 2020-10-26 21:58:48.525996

vbwjadygbjd >> End >> 2020-10-26 21:58:48.711159

ftvv0be7xb7 >> Start >> 2020-10-26 22:00:30.071203

ftvv0be7xb7 >> Image Returned >> 2020-10-26 22:00:30.075479

ftvv0be7xb7 >> End >> 2020-10-26 22:00:30.255045

kn0mwht5wc8 >> Start >> 2020-10-26 22:00:42.431978

kn0mwht5wc8 >> Image Returned >> 2020-10-26 22:00:42.434829

kn0mwht5wc8 >> End >> 2020-10-26 22:00:42.610590

oq4jxnkjzme >> Start >> 2020-10-26 22:01:00.560821

oq4jxnkjzme >> Image Returned >> 2020-10-26 22:01:00.563636

oq4jxnkjzme >> End >> 2020-10-26 22:01:00.743968

523mmbqw0ca >> Start >> 2020-10-26 22:01:32.982959

523mmbqw0ca >> Image Returned >> 2020-10-26 22:01:32.985742

523mmbqw0ca >> End >> 2020-10-26 22:01:33.163413

037s0n5vzg0 >> Start >> 2020-10-26 22:02:15.043539

037s0n5vzg0 >> Image Returned >> 2020-10-26 22:02:15.046324

037s0n5vzg0 >> End >> 2020-10-26 22:02:15.258127

5x6o35ovkz2 >> Start >> 2020-10-26 22:05:48.633847

5x6o35ovkz2 >> Image Returned >> 2020-10-26 22:05:48.636573

5x6o35ovkz2 >> End >> 2020-10-26 22:05:48.822280

bbzi580hyev >> Start >> 2020-10-26 22:06:18.877556

bbzi580hyev >> Image Returned >> 2020-10-26 22:06:18.880248

bbzi580hyev >> End >> 2020-10-26 22:06:19.053252

o8d3mrrcdwu >> Start >> 2020-10-26 22:07:29.249285

o8d3mrrcdwu >> Image Returned >> 2020-10-26 22:07:29.252228

o8d3mrrcdwu >> End >> 2020-10-26 22:07:29.451781

mju6eckkane >> Start >> 2020-10-26 22:10:57.937330

mju6eckkane >> Image Returned >> 2020-10-26 22:10:57.940563

mju6eckkane >> End >> 2020-10-26 22:10:58.123786

cbadi56d88n >> Start >> 2020-10-26 22:15:49.104898

cbadi56d88n >> Image Returned >> 2020-10-26 22:15:49.108007

cbadi56d88n >> End >> 2020-10-26 22:15:49.291939

8bh0bk7xqtk >> Start >> 2020-10-26 22:18:30.934218

8bh0bk7xqtk >> Image Returned >> 2020-10-26 22:18:30.937153

8bh0bk7xqtk >> End >> 2020-10-26 22:18:31.112641

rp8noo8qq7e >> Start >> 2020-10-26 22:19:05.399298

rp8noo8qq7e >> Image Returned >> 2020-10-26 22:19:05.402182

rp8noo8qq7e >> End >> 2020-10-26 22:19:05.580634

5rdi2smfa5o >> Start >> 2020-10-26 22:20:20.190507

5rdi2smfa5o >> Image Returned >> 2020-10-26 22:20:20.193336

5rdi2smfa5o >> End >> 2020-10-26 22:20:20.370557

3y3r7gqxezw >> Start >> 2020-10-26 22:24:26.049599

3y3r7gqxezw >> Image Returned >> 2020-10-26 22:24:26.052556

3y3r7gqxezw >> End >> 2020-10-26 22:24:26.233787

4uahk6w7tfi >> Start >> 2020-10-26 22:30:35.065085

4uahk6w7tfi >> Image Returned >> 2020-10-26 22:30:35.067939

4uahk6w7tfi >> End >> 2020-10-26 22:30:35.242990

z772vcqwdug >> Start >> 2020-10-26 22:32:35.659626

z772vcqwdug >> Image Returned >> 2020-10-26 22:32:35.662559

z772vcqwdug >> End >> 2020-10-26 22:32:35.850244

6tzw3ng6jje >> Start >> 2020-10-26 22:37:44.655611

6tzw3ng6jje >> Image Returned >> 2020-10-26 22:37:44.658386

6tzw3ng6jje >> End >> 2020-10-26 22:37:44.834280

aocnw2uo2qt >> Start >> 2020-10-26 22:43:29.887095

aocnw2uo2qt >> Image Returned >> 2020-10-26 22:43:29.889959

aocnw2uo2qt >> End >> 2020-10-26 22:43:30.065229

zhkujjnddj5 >> Start >> 2020-10-26 22:44:14.879343

zhkujjnddj5 >> Image Returned >> 2020-10-26 22:44:14.882091

zhkujjnddj5 >> End >> 2020-10-26 22:44:15.057686

q53h8xbfhrb >> Start >> 2020-10-26 22:44:59.525315

q53h8xbfhrb >> Image Returned >> 2020-10-26 22:44:59.528724

q53h8xbfhrb >> End >> 2020-10-26 22:44:59.704205

t8bmsq6aput >> Start >> 2020-10-26 22:45:41.685718

t8bmsq6aput >> Image Returned >> 2020-10-26 22:45:41.688402

t8bmsq6aput >> End >> 2020-10-26 22:45:41.879061

v7bvgen2wxo >> Start >> 2020-10-26 22:55:41.548479

v7bvgen2wxo >> Image Returned >> 2020-10-26 22:55:41.552388

v7bvgen2wxo >> End >> 2020-10-26 22:55:41.724948

2e5g67rkd5h >> Start >> 2020-10-26 22:55:48.207669

2e5g67rkd5h >> Image Returned >> 2020-10-26 22:55:48.207973

2e5g67rkd5h >> End >> 2020-10-26 22:55:48.380079

bzfechsqvef >> Start >> 2020-10-26 23:14:37.155349

bzfechsqvef >> Image Returned >> 2020-10-26 23:14:37.158171

bzfechsqvef >> End >> 2020-10-26 23:14:37.348269

t205odvik43 >> Start >> 2020-10-26 23:16:48.919261

t205odvik43 >> Image Returned >> 2020-10-26 23:16:48.922322

t205odvik43 >> End >> 2020-10-26 23:16:49.120546

g8ybx00eudk >> Start >> 2020-10-26 23:16:59.763133

g8ybx00eudk >> Image Returned >> 2020-10-26 23:16:59.766225

g8ybx00eudk >> End >> 2020-10-26 23:16:59.953282

m4txk5hcnoj >> Start >> 2020-10-26 23:17:03.449918

m4txk5hcnoj >> Image Returned >> 2020-10-26 23:17:03.450201

m4txk5hcnoj >> End >> 2020-10-26 23:17:06.084182

pjkzuiqp2oo >> Start >> 2020-10-26 23:17:20.417653

pjkzuiqp2oo >> Image Returned >> 2020-10-26 23:17:20.420397

pjkzuiqp2oo >> End >> 2020-10-26 23:17:20.600761

aur4njdvgas >> Start >> 2020-10-26 23:18:51.246845

aur4njdvgas >> Image Returned >> 2020-10-26 23:18:51.250479

aur4njdvgas >> End >> 2020-10-26 23:18:51.451535

xvzibocipm0 >> Start >> 2020-10-26 23:19:48.835154

xvzibocipm0 >> Image Returned >> 2020-10-26 23:19:48.838164

xvzibocipm0 >> End >> 2020-10-26 23:19:49.022345

ht60aviwgzv >> Start >> 2020-10-26 23:22:12.540318

ht60aviwgzv >> Image Returned >> 2020-10-26 23:22:12.543531

ht60aviwgzv >> End >> 2020-10-26 23:22:12.723990

vr3tvxbe7fw >> Start >> 2020-10-26 23:24:17.973442

vr3tvxbe7fw >> Image Returned >> 2020-10-26 23:24:17.976273

vr3tvxbe7fw >> End >> 2020-10-26 23:24:18.152434

ouigun2vtxo >> Start >> 2020-10-26 23:27:31.805124

ouigun2vtxo >> Image Returned >> 2020-10-26 23:27:31.808564

ouigun2vtxo >> End >> 2020-10-26 23:27:31.986960

tdjbf0q3uev >> Start >> 2020-10-26 23:30:39.119894

tdjbf0q3uev >> Image Returned >> 2020-10-26 23:30:39.122797

tdjbf0q3uev >> End >> 2020-10-26 23:30:39.302947

vscb7to38gn >> Start >> 2020-10-26 23:31:02.995016

vscb7to38gn >> Image Returned >> 2020-10-26 23:31:02.997881

vscb7to38gn >> End >> 2020-10-26 23:31:03.172197

n5hnjyxnefp >> Start >> 2020-10-26 23:32:46.111778

n5hnjyxnefp >> Image Returned >> 2020-10-26 23:32:46.115139

n5hnjyxnefp >> End >> 2020-10-26 23:32:46.295258

r44kbq8atss >> Start >> 2020-10-26 23:38:52.990448

r44kbq8atss >> Image Returned >> 2020-10-26 23:38:52.993967

r44kbq8atss >> End >> 2020-10-26 23:38:53.187433

ssy8m3em3kg >> Start >> 2020-10-26 23:47:13.121778

ssy8m3em3kg >> Image Returned >> 2020-10-26 23:47:13.124802

ssy8m3em3kg >> End >> 2020-10-26 23:47:13.300076

etv7hirptjd >> Start >> 2020-10-26 23:51:18.346626

etv7hirptjd >> Image Returned >> 2020-10-26 23:51:18.349406

etv7hirptjd >> End >> 2020-10-26 23:51:18.536791

kw4afuip2ar >> Start >> 2020-10-26 23:53:24.930701

kw4afuip2ar >> Image Returned >> 2020-10-26 23:53:24.934144

kw4afuip2ar >> End >> 2020-10-26 23:53:25.115309

trpji4p74v7 >> Start >> 2020-10-26 23:55:11.879098

trpji4p74v7 >> Image Returned >> 2020-10-26 23:55:11.881855

trpji4p74v7 >> End >> 2020-10-26 23:55:12.062510

agjkv3f3g25 >> Start >> 2020-10-26 23:59:23.930425

agjkv3f3g25 >> Image Returned >> 2020-10-26 23:59:23.933373

agjkv3f3g25 >> End >> 2020-10-26 23:59:24.118297

