o4wdwjsdzpd >> Start >> 2020-11-06 00:02:05.927288

o4wdwjsdzpd >> Image Returned >> 2020-11-06 00:02:05.932724

o4wdwjsdzpd >> End >> 2020-11-06 00:02:06.159960

4djptf6bztc >> Start >> 2020-11-06 00:06:28.586360

4djptf6bztc >> Image Returned >> 2020-11-06 00:06:28.590740

4djptf6bztc >> End >> 2020-11-06 00:06:28.792254

x57yxn26khz >> Start >> 2020-11-06 00:10:42.580468

x57yxn26khz >> Image Returned >> 2020-11-06 00:10:42.584970

x57yxn26khz >> End >> 2020-11-06 00:10:42.771994

wza87thnngw >> Start >> 2020-11-06 00:13:53.342093

wza87thnngw >> Image Returned >> 2020-11-06 00:13:53.346461

wza87thnngw >> End >> 2020-11-06 00:13:53.546339

ni8ne85i4eq >> Start >> 2020-11-06 00:14:34.273158

ni8ne85i4eq >> Image Returned >> 2020-11-06 00:14:34.276935

ni8ne85i4eq >> End >> 2020-11-06 00:14:34.460414

xajkoqdig57 >> Start >> 2020-11-06 00:15:05.365622

xajkoqdig57 >> Image Returned >> 2020-11-06 00:15:05.369273

xajkoqdig57 >> End >> 2020-11-06 00:15:05.567986

q5mdi0zfzim >> Start >> 2020-11-06 00:16:35.429723

q5mdi0zfzim >> Image Returned >> 2020-11-06 00:16:35.433952

q5mdi0zfzim >> End >> 2020-11-06 00:16:35.637749

yso3hmzzzsg >> Start >> 2020-11-06 00:18:54.540767

yso3hmzzzsg >> Image Returned >> 2020-11-06 00:18:54.545169

yso3hmzzzsg >> End >> 2020-11-06 00:18:54.728473

ge7s4xdqjsx >> Start >> 2020-11-06 00:31:45.449022

ge7s4xdqjsx >> Image Returned >> 2020-11-06 00:31:45.453087

ge7s4xdqjsx >> End >> 2020-11-06 00:31:45.645575

r7njfs38n5q >> Start >> 2020-11-06 00:49:33.771490

r7njfs38n5q >> Image Returned >> 2020-11-06 00:49:33.775840

r7njfs38n5q >> End >> 2020-11-06 00:49:33.974148

po2yysvnxwk >> Start >> 2020-11-06 01:08:52.514731

po2yysvnxwk >> Image Returned >> 2020-11-06 01:08:52.520118

po2yysvnxwk >> End >> 2020-11-06 01:08:52.717669

vcrtryi087z >> Start >> 2020-11-06 01:10:03.768038

vcrtryi087z >> Image Returned >> 2020-11-06 01:10:03.771724

vcrtryi087z >> End >> 2020-11-06 01:10:03.960020

ugxywm5q2i5 >> Start >> 2020-11-06 01:26:51.850735

ugxywm5q2i5 >> Image Returned >> 2020-11-06 01:26:51.854496

ugxywm5q2i5 >> End >> 2020-11-06 01:26:52.034142

fczp8w82y4p >> Start >> 2020-11-06 02:02:16.666908

fczp8w82y4p >> Image Returned >> 2020-11-06 02:02:16.671372

fczp8w82y4p >> End >> 2020-11-06 02:02:16.857814

fc2osdt4jco >> Start >> 2020-11-06 02:04:37.641571

fc2osdt4jco >> Image Returned >> 2020-11-06 02:04:37.646327

fc2osdt4jco >> End >> 2020-11-06 02:04:37.825654

qhbjyxif6cd >> Start >> 2020-11-06 02:08:33.699042

qhbjyxif6cd >> Image Returned >> 2020-11-06 02:08:33.704622

qhbjyxif6cd >> End >> 2020-11-06 02:08:33.920233

eae8rwgm24z >> Start >> 2020-11-06 02:24:53.758260

eae8rwgm24z >> Image Returned >> 2020-11-06 02:24:53.762748

eae8rwgm24z >> End >> 2020-11-06 02:24:53.942454

80640p63pu5 >> Start >> 2020-11-06 02:29:42.084851

80640p63pu5 >> Image Returned >> 2020-11-06 02:29:42.088906

80640p63pu5 >> End >> 2020-11-06 02:29:42.279707

ohvic3gekkk >> Start >> 2020-11-06 02:30:10.622693

ohvic3gekkk >> Image Returned >> 2020-11-06 02:30:10.627901

ohvic3gekkk >> End >> 2020-11-06 02:30:10.825783

ku032cn6qam >> Start >> 2020-11-06 02:43:51.976449

ku032cn6qam >> Image Returned >> 2020-11-06 02:43:51.983813

ku032cn6qam >> End >> 2020-11-06 02:43:52.176131

idce8cviz0p >> Start >> 2020-11-06 03:10:09.520046

idce8cviz0p >> Image Returned >> 2020-11-06 03:10:09.525417

idce8cviz0p >> End >> 2020-11-06 03:10:09.759373

g3wkzi0ewod >> Start >> 2020-11-06 03:10:29.759056

g3wkzi0ewod >> Image Returned >> 2020-11-06 03:10:29.763099

g3wkzi0ewod >> End >> 2020-11-06 03:10:29.949661

aakjsjqgh6b >> Start >> 2020-11-06 03:55:45.561109

aakjsjqgh6b >> Image Returned >> 2020-11-06 03:55:45.566200

aakjsjqgh6b >> End >> 2020-11-06 03:55:45.751665

u3xj5do50dg >> Start >> 2020-11-06 05:02:34.247102

u3xj5do50dg >> Image Returned >> 2020-11-06 05:02:34.250854

u3xj5do50dg >> End >> 2020-11-06 05:02:34.431492

6xw4yfaqmw3 >> Start >> 2020-11-06 05:03:58.127140

6xw4yfaqmw3 >> Image Returned >> 2020-11-06 05:03:58.132637

6xw4yfaqmw3 >> End >> 2020-11-06 05:03:58.320604

u02s24uinzq >> Start >> 2020-11-06 05:16:49.595890

u02s24uinzq >> Image Returned >> 2020-11-06 05:16:49.599286

u02s24uinzq >> End >> 2020-11-06 05:16:49.791615

6sqqydf6xxy >> Start >> 2020-11-06 05:23:04.889239

6sqqydf6xxy >> Image Returned >> 2020-11-06 05:23:04.892606

6sqqydf6xxy >> End >> 2020-11-06 05:23:05.014154

sqn23gpsmf0 >> Start >> 2020-11-06 05:24:10.661633

sqn23gpsmf0 >> Image Returned >> 2020-11-06 05:24:10.664972

sqn23gpsmf0 >> End >> 2020-11-06 05:24:10.845856

46fdrk3mop7 >> Start >> 2020-11-06 05:26:50.286669

46fdrk3mop7 >> Image Returned >> 2020-11-06 05:26:50.290086

46fdrk3mop7 >> End >> 2020-11-06 05:26:50.470612

ufm7dpq0yg4 >> Start >> 2020-11-06 05:44:15.440217

ufm7dpq0yg4 >> Image Returned >> 2020-11-06 05:44:15.444180

ufm7dpq0yg4 >> End >> 2020-11-06 05:44:15.632066

y7xtow3w4gw >> Start >> 2020-11-06 05:44:43.476427

y7xtow3w4gw >> Image Returned >> 2020-11-06 05:44:43.479886

y7xtow3w4gw >> End >> 2020-11-06 05:44:43.667243

pf0rmu4r5kp >> Start >> 2020-11-06 06:17:08.111530

pf0rmu4r5kp >> Image Returned >> 2020-11-06 06:17:08.115668

pf0rmu4r5kp >> End >> 2020-11-06 06:17:08.300971

a5cnznjddr8 >> Start >> 2020-11-06 06:33:32.611454

a5cnznjddr8 >> Image Returned >> 2020-11-06 06:33:32.616183

a5cnznjddr8 >> End >> 2020-11-06 06:33:32.807050

gjwg3xqpa6h >> Start >> 2020-11-06 06:41:27.332004

gjwg3xqpa6h >> Image Returned >> 2020-11-06 06:41:27.335347

gjwg3xqpa6h >> End >> 2020-11-06 06:41:27.514638

ory4dip5qy6 >> Start >> 2020-11-06 07:04:30.233180

ory4dip5qy6 >> Image Returned >> 2020-11-06 07:04:30.238492

ory4dip5qy6 >> End >> 2020-11-06 07:04:30.441540

vp47wpnnkwe >> Start >> 2020-11-06 07:12:06.187678

vp47wpnnkwe >> Image Returned >> 2020-11-06 07:12:06.191189

vp47wpnnkwe >> End >> 2020-11-06 07:12:06.421017

kxj0z5hib7a >> Start >> 2020-11-06 07:23:09.778285

kxj0z5hib7a >> Image Returned >> 2020-11-06 07:23:09.781769

kxj0z5hib7a >> End >> 2020-11-06 07:23:09.975131

keju53rn4gh >> Start >> 2020-11-06 07:30:50.280515

keju53rn4gh >> Image Returned >> 2020-11-06 07:30:50.285974

keju53rn4gh >> End >> 2020-11-06 07:30:50.525732

6dm00ztd3bh >> Start >> 2020-11-06 07:39:16.557636

6dm00ztd3bh >> Image Returned >> 2020-11-06 07:39:16.560925

6dm00ztd3bh >> End >> 2020-11-06 07:39:16.749780

3ejad5o7in4 >> Start >> 2020-11-06 07:42:54.099993

3ejad5o7in4 >> Image Returned >> 2020-11-06 07:42:54.103992

3ejad5o7in4 >> End >> 2020-11-06 07:42:54.289072

jmm2caij3ta >> Start >> 2020-11-06 07:48:36.518979

jmm2caij3ta >> Image Returned >> 2020-11-06 07:48:36.523848

jmm2caij3ta >> End >> 2020-11-06 07:48:36.706749

uaqdqrxx52d >> Start >> 2020-11-06 07:50:37.933279

uaqdqrxx52d >> Image Returned >> 2020-11-06 07:50:37.937195

uaqdqrxx52d >> End >> 2020-11-06 07:50:38.128774

uaw0st3e58v >> Start >> 2020-11-06 07:58:20.240289

uaw0st3e58v >> Image Returned >> 2020-11-06 07:58:20.244556

uaw0st3e58v >> End >> 2020-11-06 07:58:20.428136

zpcaj6qztnm >> Start >> 2020-11-06 08:06:47.970560

zpcaj6qztnm >> Image Returned >> 2020-11-06 08:06:47.974833

zpcaj6qztnm >> End >> 2020-11-06 08:06:48.157913

ds3hsw3nhmm >> Start >> 2020-11-06 08:12:02.972847

ds3hsw3nhmm >> Image Returned >> 2020-11-06 08:12:02.977029

ds3hsw3nhmm >> End >> 2020-11-06 08:12:03.161623

qzx7gzjc83e >> Start >> 2020-11-06 08:12:56.609714

qzx7gzjc83e >> Image Returned >> 2020-11-06 08:12:56.613465

qzx7gzjc83e >> End >> 2020-11-06 08:12:56.792956

an6uifuvtz7 >> Start >> 2020-11-06 08:14:05.475172

an6uifuvtz7 >> Image Returned >> 2020-11-06 08:14:05.480171

an6uifuvtz7 >> End >> 2020-11-06 08:14:05.668427

ro4srizddsw >> Start >> 2020-11-06 08:15:35.454292

ro4srizddsw >> Image Returned >> 2020-11-06 08:15:35.457998

ro4srizddsw >> End >> 2020-11-06 08:15:35.641288

0ha344ssgpo >> Start >> 2020-11-06 08:22:59.268347

0ha344ssgpo >> Image Returned >> 2020-11-06 08:22:59.271805

0ha344ssgpo >> End >> 2020-11-06 08:22:59.451419

2rgqp7crpbu >> Start >> 2020-11-06 08:23:39.821398

2rgqp7crpbu >> Image Returned >> 2020-11-06 08:23:39.825262

2rgqp7crpbu >> End >> 2020-11-06 08:23:40.013149

x07kfptdo80 >> Start >> 2020-11-06 08:24:14.762373

x07kfptdo80 >> Image Returned >> 2020-11-06 08:24:14.765656

x07kfptdo80 >> End >> 2020-11-06 08:24:14.891038

znjyfh6wsk5 >> Start >> 2020-11-06 08:26:53.513304

znjyfh6wsk5 >> Image Returned >> 2020-11-06 08:26:53.517646

znjyfh6wsk5 >> End >> 2020-11-06 08:26:53.702055

fcshhddj0f4 >> Start >> 2020-11-06 08:29:59.731797

fcshhddj0f4 >> Image Returned >> 2020-11-06 08:29:59.735368

fcshhddj0f4 >> End >> 2020-11-06 08:29:59.919624

mvt0hyr64ju >> Start >> 2020-11-06 08:30:47.249141

mvt0hyr64ju >> Image Returned >> 2020-11-06 08:30:47.252890

mvt0hyr64ju >> End >> 2020-11-06 08:30:47.438421

rtcdf4u8kdz >> Start >> 2020-11-06 08:31:48.281409

rtcdf4u8kdz >> Image Returned >> 2020-11-06 08:31:48.285556

rtcdf4u8kdz >> End >> 2020-11-06 08:31:48.495146

nfzkn86bn0m >> Start >> 2020-11-06 08:32:56.888778

nfzkn86bn0m >> Image Returned >> 2020-11-06 08:32:56.892771

nfzkn86bn0m >> End >> 2020-11-06 08:32:57.091706

3pz7a0hvxfy >> Start >> 2020-11-06 08:36:35.942047

3pz7a0hvxfy >> Image Returned >> 2020-11-06 08:36:35.946074

3pz7a0hvxfy >> End >> 2020-11-06 08:36:36.144417

5v632gf6k4m >> Start >> 2020-11-06 08:37:28.524084

5v632gf6k4m >> Image Returned >> 2020-11-06 08:37:28.527410

5v632gf6k4m >> End >> 2020-11-06 08:37:28.714057

5w4b2rpfp60 >> Start >> 2020-11-06 08:40:30.000024

5w4b2rpfp60 >> Image Returned >> 2020-11-06 08:40:30.003583

5w4b2rpfp60 >> End >> 2020-11-06 08:40:30.185403

8zmb2ead7vw >> Start >> 2020-11-06 08:44:03.351913

8zmb2ead7vw >> Image Returned >> 2020-11-06 08:44:03.355526

8zmb2ead7vw >> End >> 2020-11-06 08:44:03.542866

togkgvemjvt >> Start >> 2020-11-06 08:55:47.555785

togkgvemjvt >> Image Returned >> 2020-11-06 08:55:47.559712

togkgvemjvt >> End >> 2020-11-06 08:55:47.754519

5pp3rous77b >> Start >> 2020-11-06 08:57:52.078056

5pp3rous77b >> Image Returned >> 2020-11-06 08:57:52.081763

5pp3rous77b >> End >> 2020-11-06 08:57:52.291245

csqp4heock3 >> Start >> 2020-11-06 09:01:39.914135

csqp4heock3 >> Image Returned >> 2020-11-06 09:01:39.918097

csqp4heock3 >> End >> 2020-11-06 09:01:40.117820

ztzxc7rjfed >> Start >> 2020-11-06 09:05:17.770909

ztzxc7rjfed >> Image Returned >> 2020-11-06 09:05:17.774791

ztzxc7rjfed >> End >> 2020-11-06 09:05:17.966614

zrfj3pave33 >> Start >> 2020-11-06 09:25:47.521821

zrfj3pave33 >> Image Returned >> 2020-11-06 09:25:47.525966

zrfj3pave33 >> End >> 2020-11-06 09:25:47.707017

wn52g5ew38k >> Start >> 2020-11-06 09:27:06.087199

wn52g5ew38k >> Image Returned >> 2020-11-06 09:27:06.090915

wn52g5ew38k >> End >> 2020-11-06 09:27:06.272105

s4cf3h7n88b >> Start >> 2020-11-06 09:31:08.588546

s4cf3h7n88b >> Image Returned >> 2020-11-06 09:31:08.591911

s4cf3h7n88b >> End >> 2020-11-06 09:31:08.780324

8vzyx66svwd >> Start >> 2020-11-06 09:37:15.788794

8vzyx66svwd >> Image Returned >> 2020-11-06 09:37:15.792227

8vzyx66svwd >> End >> 2020-11-06 09:37:16.013226

bcz4bmc6jiv >> Start >> 2020-11-06 09:42:48.423571

bcz4bmc6jiv >> Image Returned >> 2020-11-06 09:42:48.427521

bcz4bmc6jiv >> End >> 2020-11-06 09:42:48.676107

ne0m7yaf76r >> Start >> 2020-11-06 09:43:53.249335

ne0m7yaf76r >> Image Returned >> 2020-11-06 09:43:53.253041

ne0m7yaf76r >> End >> 2020-11-06 09:43:53.447846

uj5dkvk8t2p >> Start >> 2020-11-06 09:51:22.322040

uj5dkvk8t2p >> Image Returned >> 2020-11-06 09:51:22.327168

uj5dkvk8t2p >> End >> 2020-11-06 09:51:22.509282

h3z6s45sha4 >> Start >> 2020-11-06 09:52:23.812623

h3z6s45sha4 >> Image Returned >> 2020-11-06 09:52:23.817176

h3z6s45sha4 >> End >> 2020-11-06 09:52:24.037169

yr82587ch3f >> Start >> 2020-11-06 09:57:46.807776

yr82587ch3f >> Image Returned >> 2020-11-06 09:57:46.812557

yr82587ch3f >> End >> 2020-11-06 09:57:46.996125

fhnar3vw6fc >> Start >> 2020-11-06 09:57:48.985569

fhnar3vw6fc >> Image Returned >> 2020-11-06 09:57:48.985847

fhnar3vw6fc >> End >> 2020-11-06 09:57:49.166758

e0qr56geqer >> Start >> 2020-11-06 10:03:50.907358

e0qr56geqer >> Image Returned >> 2020-11-06 10:03:50.910713

e0qr56geqer >> End >> 2020-11-06 10:03:51.096056

6h5onsivwwc >> Start >> 2020-11-06 10:04:02.987624

6h5onsivwwc >> Image Returned >> 2020-11-06 10:04:02.991027

6h5onsivwwc >> End >> 2020-11-06 10:04:03.180159

sgum2qfnwgp >> Start >> 2020-11-06 10:14:26.397952

sgum2qfnwgp >> Image Returned >> 2020-11-06 10:14:26.401532

sgum2qfnwgp >> End >> 2020-11-06 10:14:26.599003

uodqkk70fht >> Start >> 2020-11-06 10:15:11.496468

uodqkk70fht >> Image Returned >> 2020-11-06 10:15:11.499864

uodqkk70fht >> End >> 2020-11-06 10:15:11.696578

uj7t3pygchw >> Start >> 2020-11-06 10:16:12.553498

uj7t3pygchw >> Image Returned >> 2020-11-06 10:16:12.556935

uj7t3pygchw >> End >> 2020-11-06 10:16:12.737170

4fsd5wvy5bh >> Start >> 2020-11-06 10:17:41.018837

4fsd5wvy5bh >> Image Returned >> 2020-11-06 10:17:41.023957

4fsd5wvy5bh >> End >> 2020-11-06 10:17:41.210959

jnfonxfvqho >> Start >> 2020-11-06 10:18:54.581608

jnfonxfvqho >> Image Returned >> 2020-11-06 10:18:54.586153

jnfonxfvqho >> End >> 2020-11-06 10:18:54.793900

4cfyd2uihyn >> Start >> 2020-11-06 10:20:06.290472

4cfyd2uihyn >> Image Returned >> 2020-11-06 10:20:06.294099

4cfyd2uihyn >> End >> 2020-11-06 10:20:06.768295

hq2d4qqdmq7 >> Start >> 2020-11-06 10:21:43.839210

hq2d4qqdmq7 >> Image Returned >> 2020-11-06 10:21:43.843533

hq2d4qqdmq7 >> End >> 2020-11-06 10:21:44.052521

fiqnsabvw3p >> Start >> 2020-11-06 10:27:14.654298

fiqnsabvw3p >> Image Returned >> 2020-11-06 10:27:14.657746

fiqnsabvw3p >> End >> 2020-11-06 10:27:14.844858

ncb2a2ppn6g >> Start >> 2020-11-06 10:28:18.890244

ncb2a2ppn6g >> Image Returned >> 2020-11-06 10:28:18.894764

ncb2a2ppn6g >> End >> 2020-11-06 10:28:19.111562

2b3ek6s58a5 >> Start >> 2020-11-06 10:31:44.615725

2b3ek6s58a5 >> Image Returned >> 2020-11-06 10:31:44.620184

2b3ek6s58a5 >> End >> 2020-11-06 10:31:44.816417

k3bgd4kr3qx >> Start >> 2020-11-06 10:32:49.540291

k3bgd4kr3qx >> Image Returned >> 2020-11-06 10:32:49.544058

k3bgd4kr3qx >> End >> 2020-11-06 10:32:49.741022

vht6tqjcwv0 >> Start >> 2020-11-06 10:35:40.764343

vht6tqjcwv0 >> Image Returned >> 2020-11-06 10:35:40.768110

vht6tqjcwv0 >> End >> 2020-11-06 10:35:40.946887

enpnx5baain >> Start >> 2020-11-06 10:47:16.539175

enpnx5baain >> Image Returned >> 2020-11-06 10:47:16.543013

enpnx5baain >> End >> 2020-11-06 10:47:16.797825

gx2hq4qifvu >> Start >> 2020-11-06 10:47:23.674678

gx2hq4qifvu >> Image Returned >> 2020-11-06 10:47:23.674976

gx2hq4qifvu >> End >> 2020-11-06 10:47:23.927969

mipuct2khwz >> Start >> 2020-11-06 10:53:59.844732

mipuct2khwz >> Image Returned >> 2020-11-06 10:53:59.848153

mipuct2khwz >> End >> 2020-11-06 10:54:00.032622

wta8gxebgp5 >> Start >> 2020-11-06 10:54:35.175793

wta8gxebgp5 >> Image Returned >> 2020-11-06 10:54:35.179279

wta8gxebgp5 >> End >> 2020-11-06 10:54:35.395581

3bg5j03mbe4 >> Start >> 2020-11-06 10:57:18.274377

3bg5j03mbe4 >> Image Returned >> 2020-11-06 10:57:18.277785

3bg5j03mbe4 >> End >> 2020-11-06 10:57:18.471904

khprojo5oqu >> Start >> 2020-11-06 10:58:56.408921

khprojo5oqu >> Image Returned >> 2020-11-06 10:58:56.412427

khprojo5oqu >> End >> 2020-11-06 10:58:56.622143

kjmcqomxo34 >> Start >> 2020-11-06 10:59:31.799738

kjmcqomxo34 >> Image Returned >> 2020-11-06 10:59:31.804573

kjmcqomxo34 >> End >> 2020-11-06 10:59:32.069545

x4cjh8etsrp >> Start >> 2020-11-06 11:01:57.030334

x4cjh8etsrp >> Image Returned >> 2020-11-06 11:01:57.034348

x4cjh8etsrp >> End >> 2020-11-06 11:01:57.217525

pyk233zwen4 >> Start >> 2020-11-06 11:04:36.213715

pyk233zwen4 >> Image Returned >> 2020-11-06 11:04:36.217215

pyk233zwen4 >> End >> 2020-11-06 11:04:36.402225

33hprgs0z60 >> Start >> 2020-11-06 11:06:36.173717

33hprgs0z60 >> Image Returned >> 2020-11-06 11:06:36.177565

33hprgs0z60 >> End >> 2020-11-06 11:06:36.357287

fcqnwwgw5nm >> Start >> 2020-11-06 11:08:07.016554

fcqnwwgw5nm >> Image Returned >> 2020-11-06 11:08:07.020250

fcqnwwgw5nm >> End >> 2020-11-06 11:08:07.210119

2regg78jzca >> Start >> 2020-11-06 11:08:14.257483

2regg78jzca >> Image Returned >> 2020-11-06 11:08:14.257764

2regg78jzca >> End >> 2020-11-06 11:08:14.444503

m45vmjzp6jt >> Start >> 2020-11-06 11:15:14.682102

m45vmjzp6jt >> Image Returned >> 2020-11-06 11:15:14.686060

m45vmjzp6jt >> End >> 2020-11-06 11:15:14.909748

5fbnjhahhqi >> Start >> 2020-11-06 11:23:11.896044

5fbnjhahhqi >> Image Returned >> 2020-11-06 11:23:11.900774

5fbnjhahhqi >> End >> 2020-11-06 11:23:12.082077

jdicjzjpx47 >> Start >> 2020-11-06 11:24:30.621545

jdicjzjpx47 >> Image Returned >> 2020-11-06 11:24:30.624953

jdicjzjpx47 >> End >> 2020-11-06 11:24:30.811089

j8pvp00v6t5 >> Start >> 2020-11-06 11:25:20.777256

j8pvp00v6t5 >> Image Returned >> 2020-11-06 11:25:20.780860

j8pvp00v6t5 >> End >> 2020-11-06 11:25:20.971791

x665meduk6v >> Start >> 2020-11-06 11:35:07.131979

x665meduk6v >> Image Returned >> 2020-11-06 11:35:07.137231

x665meduk6v >> End >> 2020-11-06 11:35:07.375081

vm7pcxzsfr6 >> Start >> 2020-11-06 11:38:18.349756

vm7pcxzsfr6 >> Image Returned >> 2020-11-06 11:38:18.353739

vm7pcxzsfr6 >> End >> 2020-11-06 11:38:18.530513

sjkpzbhr7vq >> Start >> 2020-11-06 11:39:28.064394

sjkpzbhr7vq >> Image Returned >> 2020-11-06 11:39:28.067923

sjkpzbhr7vq >> End >> 2020-11-06 11:39:28.261115

mce2gunh0fq >> Start >> 2020-11-06 11:43:13.030402

mce2gunh0fq >> Image Returned >> 2020-11-06 11:43:13.034849

mce2gunh0fq >> End >> 2020-11-06 11:43:13.240567

5vudtpx6qi5 >> Start >> 2020-11-06 11:45:05.184379

5vudtpx6qi5 >> Image Returned >> 2020-11-06 11:45:05.188707

5vudtpx6qi5 >> End >> 2020-11-06 11:45:05.388751

pisourgj82x >> Start >> 2020-11-06 11:45:09.988765

pisourgj82x >> Image Returned >> 2020-11-06 11:45:09.989074

pisourgj82x >> End >> 2020-11-06 11:45:10.170279

7qemcgdew3r >> Start >> 2020-11-06 11:52:36.894212

7qemcgdew3r >> Image Returned >> 2020-11-06 11:52:36.897630

7qemcgdew3r >> End >> 2020-11-06 11:52:37.074460

zcp7i2hf5cj >> Start >> 2020-11-06 11:53:27.440057

zcp7i2hf5cj >> Image Returned >> 2020-11-06 11:53:27.443399

zcp7i2hf5cj >> End >> 2020-11-06 11:53:27.644036

rasy0njc4so >> Start >> 2020-11-06 11:57:11.551259

rasy0njc4so >> Image Returned >> 2020-11-06 11:57:11.555769

rasy0njc4so >> End >> 2020-11-06 11:57:11.779917

bkvnpd4iqwb >> Start >> 2020-11-06 11:57:59.570296

bkvnpd4iqwb >> Image Returned >> 2020-11-06 11:57:59.574563

bkvnpd4iqwb >> End >> 2020-11-06 11:57:59.700834

7s3v08neqr2 >> Start >> 2020-11-06 11:58:50.976574

7s3v08neqr2 >> Image Returned >> 2020-11-06 11:58:50.980323

7s3v08neqr2 >> End >> 2020-11-06 11:58:51.163054

ugiotm6m4zj >> Start >> 2020-11-06 12:02:04.181344

ugiotm6m4zj >> Image Returned >> 2020-11-06 12:02:04.185249

ugiotm6m4zj >> End >> 2020-11-06 12:02:04.367887

wsaum3mekf6 >> Start >> 2020-11-06 12:02:27.273082

wsaum3mekf6 >> Image Returned >> 2020-11-06 12:02:27.276551

wsaum3mekf6 >> End >> 2020-11-06 12:02:27.534039

s07uwfnwqoq >> Start >> 2020-11-06 12:05:33.470464

s07uwfnwqoq >> Image Returned >> 2020-11-06 12:05:33.473942

s07uwfnwqoq >> End >> 2020-11-06 12:05:33.661396

rv7vnigpyex >> Start >> 2020-11-06 12:07:13.225950

rv7vnigpyex >> Image Returned >> 2020-11-06 12:07:13.229815

rv7vnigpyex >> End >> 2020-11-06 12:07:13.414633

0wd7xypqwu0 >> Start >> 2020-11-06 12:07:14.678297

0wd7xypqwu0 >> Image Returned >> 2020-11-06 12:07:14.678570

0wd7xypqwu0 >> End >> 2020-11-06 12:07:14.858478

pcygs4aw3vr >> Start >> 2020-11-06 12:11:44.033124

pcygs4aw3vr >> Image Returned >> 2020-11-06 12:11:44.037039

pcygs4aw3vr >> End >> 2020-11-06 12:11:44.219532

t43ndtivtvb >> Start >> 2020-11-06 12:12:38.612787

t43ndtivtvb >> Image Returned >> 2020-11-06 12:12:38.617455

t43ndtivtvb >> End >> 2020-11-06 12:12:38.793724

ms0rxgm5t8o >> Start >> 2020-11-06 12:13:54.211422

ms0rxgm5t8o >> Image Returned >> 2020-11-06 12:13:54.214845

ms0rxgm5t8o >> End >> 2020-11-06 12:13:54.418808

b5epbzfixij >> Start >> 2020-11-06 12:13:59.572334

b5epbzfixij >> Image Returned >> 2020-11-06 12:13:59.572606

b5epbzfixij >> End >> 2020-11-06 12:13:59.761291

rjtegomdabp >> Start >> 2020-11-06 12:14:21.471266

rjtegomdabp >> Image Returned >> 2020-11-06 12:14:21.474622

rjtegomdabp >> End >> 2020-11-06 12:14:21.654782

dnxu0zchmkt >> Start >> 2020-11-06 12:19:30.679030

dnxu0zchmkt >> Image Returned >> 2020-11-06 12:19:30.682413

dnxu0zchmkt >> End >> 2020-11-06 12:19:30.865608

m6r7y8ydbuu >> Start >> 2020-11-06 12:20:11.049104

m6r7y8ydbuu >> Image Returned >> 2020-11-06 12:20:11.052831

m6r7y8ydbuu >> End >> 2020-11-06 12:20:11.232439

careipkifkn >> Start >> 2020-11-06 12:23:30.893589

careipkifkn >> Image Returned >> 2020-11-06 12:23:30.896399

careipkifkn >> End >> 2020-11-06 12:23:31.079950

r6t2aqpvrr7 >> Start >> 2020-11-06 12:25:08.714533

r6t2aqpvrr7 >> Image Returned >> 2020-11-06 12:25:08.717720

r6t2aqpvrr7 >> End >> 2020-11-06 12:25:08.898235

gmoq0ym0an0 >> Start >> 2020-11-06 12:25:38.870223

gmoq0ym0an0 >> Image Returned >> 2020-11-06 12:25:38.873049

gmoq0ym0an0 >> End >> 2020-11-06 12:25:39.051958

fmz4at76455 >> Start >> 2020-11-06 12:27:48.826447

fmz4at76455 >> Image Returned >> 2020-11-06 12:27:48.829648

fmz4at76455 >> End >> 2020-11-06 12:27:49.026360

vc6s3j6x3qz >> Start >> 2020-11-06 12:28:05.906610

vc6s3j6x3qz >> Image Returned >> 2020-11-06 12:28:05.909393

vc6s3j6x3qz >> End >> 2020-11-06 12:28:06.095133

7p48euqi26i >> Start >> 2020-11-06 12:38:35.667995

7p48euqi26i >> Image Returned >> 2020-11-06 12:38:35.670713

7p48euqi26i >> End >> 2020-11-06 12:38:35.856235

ijx6czviw0k >> Start >> 2020-11-06 12:39:46.101217

ijx6czviw0k >> Image Returned >> 2020-11-06 12:39:46.104511

ijx6czviw0k >> End >> 2020-11-06 12:39:46.314091

p57qi77vfep >> Start >> 2020-11-06 12:39:51.874705

p57qi77vfep >> Image Returned >> 2020-11-06 12:39:51.875025

p57qi77vfep >> End >> 2020-11-06 12:39:52.050981

bvju66f4tg5 >> Start >> 2020-11-06 12:40:39.397325

bvju66f4tg5 >> Image Returned >> 2020-11-06 12:40:39.400084

bvju66f4tg5 >> End >> 2020-11-06 12:40:39.593672

7bvduqtfzxa >> Start >> 2020-11-06 12:43:04.019130

7bvduqtfzxa >> Image Returned >> 2020-11-06 12:43:04.021868

7bvduqtfzxa >> End >> 2020-11-06 12:43:04.212604

f0p6ytrj35u >> Start >> 2020-11-06 12:47:15.998395

f0p6ytrj35u >> Image Returned >> 2020-11-06 12:47:16.001411

f0p6ytrj35u >> End >> 2020-11-06 12:47:16.199526

bc20fepwskh >> Start >> 2020-11-06 12:47:19.429533

bc20fepwskh >> Image Returned >> 2020-11-06 12:47:19.429811

bc20fepwskh >> End >> 2020-11-06 12:47:19.630983

vs3xya6gcvq >> Start >> 2020-11-06 12:50:41.469440

vs3xya6gcvq >> Image Returned >> 2020-11-06 12:50:41.472695

vs3xya6gcvq >> End >> 2020-11-06 12:50:41.663825

wvoyzznkxsc >> Start >> 2020-11-06 12:52:29.960901

wvoyzznkxsc >> Image Returned >> 2020-11-06 12:52:29.964109

wvoyzznkxsc >> End >> 2020-11-06 12:52:30.149251

6qc0t03jpt6 >> Start >> 2020-11-06 12:54:54.255274

6qc0t03jpt6 >> Image Returned >> 2020-11-06 12:54:54.258333

6qc0t03jpt6 >> End >> 2020-11-06 12:54:54.458182

j05gj0dswkh >> Start >> 2020-11-06 12:59:13.188960

j05gj0dswkh >> Image Returned >> 2020-11-06 12:59:13.192099

j05gj0dswkh >> End >> 2020-11-06 12:59:13.375350

mnz4u6m8dig >> Start >> 2020-11-06 13:02:12.111805

mnz4u6m8dig >> Image Returned >> 2020-11-06 13:02:12.115081

mnz4u6m8dig >> End >> 2020-11-06 13:02:12.297763

6son6xzigyp >> Start >> 2020-11-06 13:05:43.308047

6son6xzigyp >> Image Returned >> 2020-11-06 13:05:43.311602

6son6xzigyp >> End >> 2020-11-06 13:05:43.495801

27jeckxnkvk >> Start >> 2020-11-06 13:08:13.942836

27jeckxnkvk >> Image Returned >> 2020-11-06 13:08:13.945662

27jeckxnkvk >> End >> 2020-11-06 13:08:14.145026

ukyzmrm84nt >> Start >> 2020-11-06 13:09:16.611038

ukyzmrm84nt >> Image Returned >> 2020-11-06 13:09:16.613847

ukyzmrm84nt >> End >> 2020-11-06 13:09:16.798701

2gqwznz8xmz >> Start >> 2020-11-06 13:16:55.240313

2gqwznz8xmz >> Image Returned >> 2020-11-06 13:16:55.243633

2gqwznz8xmz >> End >> 2020-11-06 13:16:55.424937

tudzw744wy7 >> Start >> 2020-11-06 13:18:14.559231

tudzw744wy7 >> Image Returned >> 2020-11-06 13:18:14.564129

tudzw744wy7 >> End >> 2020-11-06 13:18:14.762387

fmh8tkfp5vz >> Start >> 2020-11-06 13:23:48.541542

fmh8tkfp5vz >> Image Returned >> 2020-11-06 13:23:48.544605

fmh8tkfp5vz >> End >> 2020-11-06 13:23:48.768838

tfgfrz04x62 >> Start >> 2020-11-06 13:24:15.209404

tfgfrz04x62 >> Image Returned >> 2020-11-06 13:24:15.212152

tfgfrz04x62 >> End >> 2020-11-06 13:24:15.413506

dek3ku2bkos >> Start >> 2020-11-06 13:25:16.577409

dek3ku2bkos >> Image Returned >> 2020-11-06 13:25:16.580174

dek3ku2bkos >> End >> 2020-11-06 13:25:16.769465

ghaa7pffp55 >> Start >> 2020-11-06 13:26:33.936430

ghaa7pffp55 >> Image Returned >> 2020-11-06 13:26:33.939079

ghaa7pffp55 >> End >> 2020-11-06 13:26:34.122389

wwj4bw2u7vi >> Start >> 2020-11-06 13:27:39.472721

wwj4bw2u7vi >> Image Returned >> 2020-11-06 13:27:39.475553

wwj4bw2u7vi >> End >> 2020-11-06 13:27:39.663161

jhrijhfzn4k >> Start >> 2020-11-06 13:35:55.622396

jhrijhfzn4k >> Image Returned >> 2020-11-06 13:35:55.626240

jhrijhfzn4k >> End >> 2020-11-06 13:35:55.815498

6pdp0dt5hav >> Start >> 2020-11-06 13:37:56.653903

6pdp0dt5hav >> Image Returned >> 2020-11-06 13:37:56.658601

6pdp0dt5hav >> End >> 2020-11-06 13:37:56.836406

txb2p84pqa2 >> Start >> 2020-11-06 13:43:44.125004

txb2p84pqa2 >> Image Returned >> 2020-11-06 13:43:44.128318

txb2p84pqa2 >> End >> 2020-11-06 13:43:44.253249

86yhsnx6nfo >> Start >> 2020-11-06 13:49:35.450340

86yhsnx6nfo >> Image Returned >> 2020-11-06 13:49:35.453265

86yhsnx6nfo >> End >> 2020-11-06 13:49:35.640305

ev6t7apvw7x >> Start >> 2020-11-06 13:50:16.214566

ev6t7apvw7x >> Image Returned >> 2020-11-06 13:50:16.217293

ev6t7apvw7x >> End >> 2020-11-06 13:50:16.410382

bozkse3egd4 >> Start >> 2020-11-06 13:50:59.390646

bozkse3egd4 >> Image Returned >> 2020-11-06 13:50:59.393420

bozkse3egd4 >> End >> 2020-11-06 13:50:59.581744

grnxoat8wcd >> Start >> 2020-11-06 13:53:20.425566

grnxoat8wcd >> Image Returned >> 2020-11-06 13:53:20.428774

grnxoat8wcd >> End >> 2020-11-06 13:53:20.610035

c8dzu48c8bd >> Start >> 2020-11-06 13:56:40.454057

c8dzu48c8bd >> Image Returned >> 2020-11-06 13:56:40.456899

c8dzu48c8bd >> End >> 2020-11-06 13:56:40.639273

8jfm0fwpfmx >> Start >> 2020-11-06 13:57:18.029036

8jfm0fwpfmx >> Image Returned >> 2020-11-06 13:57:18.031810

8jfm0fwpfmx >> End >> 2020-11-06 13:57:18.225764

k54eippb2h4 >> Start >> 2020-11-06 13:58:12.699690

k54eippb2h4 >> Image Returned >> 2020-11-06 13:58:12.703016

k54eippb2h4 >> End >> 2020-11-06 13:58:12.921457

etgmjb6iiqj >> Start >> 2020-11-06 13:58:49.955626

etgmjb6iiqj >> Image Returned >> 2020-11-06 13:58:49.959367

etgmjb6iiqj >> End >> 2020-11-06 13:58:50.138818

iugdfeois42 >> Start >> 2020-11-06 13:59:18.585405

iugdfeois42 >> Image Returned >> 2020-11-06 13:59:18.588390

iugdfeois42 >> End >> 2020-11-06 13:59:18.775990

kyzq3di4pwu >> Start >> 2020-11-06 14:01:18.321923

kyzq3di4pwu >> Image Returned >> 2020-11-06 14:01:18.325028

kyzq3di4pwu >> End >> 2020-11-06 14:01:18.505755

no5bykpdo48 >> Start >> 2020-11-06 14:01:59.404638

no5bykpdo48 >> Image Returned >> 2020-11-06 14:01:59.408943

no5bykpdo48 >> End >> 2020-11-06 14:01:59.592020

ov7p5amwi2h >> Start >> 2020-11-06 14:03:16.490973

ov7p5amwi2h >> Image Returned >> 2020-11-06 14:03:16.494580

ov7p5amwi2h >> End >> 2020-11-06 14:03:16.637909

uvc6k2e6myj >> Start >> 2020-11-06 14:06:36.289309

uvc6k2e6myj >> Image Returned >> 2020-11-06 14:06:36.292129

uvc6k2e6myj >> End >> 2020-11-06 14:06:36.485322

2etd36bpbky >> Start >> 2020-11-06 14:07:19.316239

2etd36bpbky >> Image Returned >> 2020-11-06 14:07:19.319546

2etd36bpbky >> End >> 2020-11-06 14:07:19.510838

wcdzw88aioa >> Start >> 2020-11-06 14:09:42.469752

wcdzw88aioa >> Image Returned >> 2020-11-06 14:09:42.473007

wcdzw88aioa >> End >> 2020-11-06 14:09:42.677664

za2xdfh4d60 >> Start >> 2020-11-06 14:10:30.873662

za2xdfh4d60 >> Image Returned >> 2020-11-06 14:10:30.876869

za2xdfh4d60 >> End >> 2020-11-06 14:10:31.062380

qfzjisbbt6r >> Start >> 2020-11-06 14:10:39.004895

qfzjisbbt6r >> Image Returned >> 2020-11-06 14:10:39.005181

qfzjisbbt6r >> End >> 2020-11-06 14:10:39.210977

5syzog24dp5 >> Start >> 2020-11-06 14:12:16.432970

5syzog24dp5 >> Image Returned >> 2020-11-06 14:12:16.435834

5syzog24dp5 >> End >> 2020-11-06 14:12:16.620381

icge48bw3o7 >> Start >> 2020-11-06 14:15:45.271586

icge48bw3o7 >> Image Returned >> 2020-11-06 14:15:45.274724

icge48bw3o7 >> End >> 2020-11-06 14:15:45.464593

h46d5hjuskj >> Start >> 2020-11-06 14:15:51.861421

h46d5hjuskj >> Image Returned >> 2020-11-06 14:15:51.861705

h46d5hjuskj >> End >> 2020-11-06 14:15:52.040787

msrx5rzsz88 >> Start >> 2020-11-06 14:18:24.153904

msrx5rzsz88 >> Image Returned >> 2020-11-06 14:18:24.157099

msrx5rzsz88 >> End >> 2020-11-06 14:18:24.281138

cq44h0y6h0w >> Start >> 2020-11-06 14:20:27.859982

cq44h0y6h0w >> Image Returned >> 2020-11-06 14:20:27.862765

cq44h0y6h0w >> End >> 2020-11-06 14:20:28.046030

4j3t4k8kx62 >> Start >> 2020-11-06 14:21:30.284683

4j3t4k8kx62 >> Image Returned >> 2020-11-06 14:21:30.288969

4j3t4k8kx62 >> End >> 2020-11-06 14:21:30.506275

e0f4t6nossm >> Start >> 2020-11-06 14:25:11.788233

e0f4t6nossm >> Image Returned >> 2020-11-06 14:25:11.791337

e0f4t6nossm >> End >> 2020-11-06 14:25:11.999252

583hn0nkn3b >> Start >> 2020-11-06 14:27:40.314583

583hn0nkn3b >> Image Returned >> 2020-11-06 14:27:40.318037

583hn0nkn3b >> End >> 2020-11-06 14:27:40.499340

cramkiruknr >> Start >> 2020-11-06 14:30:38.121978

cramkiruknr >> Image Returned >> 2020-11-06 14:30:38.126633

cramkiruknr >> End >> 2020-11-06 14:30:38.306763

62as74zjsmp >> Start >> 2020-11-06 14:31:34.105437

62as74zjsmp >> Image Returned >> 2020-11-06 14:31:34.108242

62as74zjsmp >> End >> 2020-11-06 14:31:34.308427

4yirfve3pcr >> Start >> 2020-11-06 14:31:44.567512

4yirfve3pcr >> Image Returned >> 2020-11-06 14:31:44.567912

4yirfve3pcr >> End >> 2020-11-06 14:31:44.763184

dja6g4f0ehy >> Start >> 2020-11-06 14:35:04.177949

dja6g4f0ehy >> Image Returned >> 2020-11-06 14:35:04.181240

dja6g4f0ehy >> End >> 2020-11-06 14:35:04.464241

jks5yfo6352 >> Start >> 2020-11-06 14:35:20.755049

jks5yfo6352 >> Image Returned >> 2020-11-06 14:35:20.757905

jks5yfo6352 >> End >> 2020-11-06 14:35:20.936556

qoug08bjio6 >> Start >> 2020-11-06 14:36:02.790833

qoug08bjio6 >> Image Returned >> 2020-11-06 14:36:02.794007

qoug08bjio6 >> End >> 2020-11-06 14:36:02.975651

zof4q7os4un >> Start >> 2020-11-06 14:37:00.101362

zof4q7os4un >> Image Returned >> 2020-11-06 14:37:00.104676

zof4q7os4un >> End >> 2020-11-06 14:37:00.287461

iu4jz0dvt0u >> Start >> 2020-11-06 14:43:34.308725

iu4jz0dvt0u >> Image Returned >> 2020-11-06 14:43:34.311604

iu4jz0dvt0u >> End >> 2020-11-06 14:43:34.501760

vhdw3ntq7yg >> Start >> 2020-11-06 14:44:37.870588

vhdw3ntq7yg >> Image Returned >> 2020-11-06 14:44:37.874073

vhdw3ntq7yg >> End >> 2020-11-06 14:44:38.061542

2jtwouu0sz0 >> Start >> 2020-11-06 14:47:08.281404

2jtwouu0sz0 >> Image Returned >> 2020-11-06 14:47:08.286436

2jtwouu0sz0 >> End >> 2020-11-06 14:47:08.510802

wm8gtdpy44p >> Start >> 2020-11-06 15:11:46.075387

wm8gtdpy44p >> Image Returned >> 2020-11-06 15:11:46.078260

wm8gtdpy44p >> End >> 2020-11-06 15:11:46.265453

vymq7auuh38 >> Start >> 2020-11-06 15:17:39.906102

vymq7auuh38 >> Image Returned >> 2020-11-06 15:17:39.909677

vymq7auuh38 >> End >> 2020-11-06 15:17:40.094732

iasqskbcgg5 >> Start >> 2020-11-06 15:17:56.704540

iasqskbcgg5 >> Image Returned >> 2020-11-06 15:17:56.708097

iasqskbcgg5 >> End >> 2020-11-06 15:17:56.906698

5d6ogivmdbb >> Start >> 2020-11-06 15:18:04.236464

5d6ogivmdbb >> Image Returned >> 2020-11-06 15:18:04.236769

5d6ogivmdbb >> End >> 2020-11-06 15:18:04.424941

gpupvqmqy7b >> Start >> 2020-11-06 15:27:42.705334

gpupvqmqy7b >> Image Returned >> 2020-11-06 15:27:42.708533

gpupvqmqy7b >> End >> 2020-11-06 15:27:42.905394

b48pi27r2fq >> Start >> 2020-11-06 15:28:21.128153

b48pi27r2fq >> Image Returned >> 2020-11-06 15:28:21.131072

b48pi27r2fq >> End >> 2020-11-06 15:28:21.332973

5hqj2emrw73 >> Start >> 2020-11-06 15:34:46.091351

5hqj2emrw73 >> Image Returned >> 2020-11-06 15:34:46.094237

5hqj2emrw73 >> End >> 2020-11-06 15:34:46.319627

e852nkxw2x3 >> Start >> 2020-11-06 15:35:08.498358

e852nkxw2x3 >> Image Returned >> 2020-11-06 15:35:08.502058

e852nkxw2x3 >> End >> 2020-11-06 15:35:08.738024

ji68hxqognd >> Start >> 2020-11-06 15:37:37.777306

ji68hxqognd >> Image Returned >> 2020-11-06 15:37:37.781019

ji68hxqognd >> End >> 2020-11-06 15:37:37.974309

ux8u8u8gk4a >> Start >> 2020-11-06 15:37:53.488567

ux8u8u8gk4a >> Image Returned >> 2020-11-06 15:37:53.492080

ux8u8u8gk4a >> End >> 2020-11-06 15:37:53.680660

02gycyevg3c >> Start >> 2020-11-06 15:42:18.516830

02gycyevg3c >> Image Returned >> 2020-11-06 15:42:18.520276

02gycyevg3c >> End >> 2020-11-06 15:42:18.704914

xxcureb40cz >> Start >> 2020-11-06 15:51:29.943782

xxcureb40cz >> Image Returned >> 2020-11-06 15:51:29.946665

xxcureb40cz >> End >> 2020-11-06 15:51:30.139417

xoo80ry6mwx >> Start >> 2020-11-06 15:51:36.946655

xoo80ry6mwx >> Image Returned >> 2020-11-06 15:51:36.946995

xoo80ry6mwx >> End >> 2020-11-06 15:51:37.203681

hjngeut0u5r >> Start >> 2020-11-06 15:52:02.059639

hjngeut0u5r >> Image Returned >> 2020-11-06 15:52:02.063040

hjngeut0u5r >> End >> 2020-11-06 15:52:02.283077

y4v7xzx3if0 >> Start >> 2020-11-06 15:52:09.648854

y4v7xzx3if0 >> Image Returned >> 2020-11-06 15:52:09.649147

y4v7xzx3if0 >> End >> 2020-11-06 15:52:09.774043

0xn3qf2pvih >> Start >> 2020-11-06 15:52:58.564593

0xn3qf2pvih >> Image Returned >> 2020-11-06 15:52:58.567955

0xn3qf2pvih >> End >> 2020-11-06 15:52:58.761121

j7ofg23rfgi >> Start >> 2020-11-06 15:53:16.325591

j7ofg23rfgi >> Image Returned >> 2020-11-06 15:53:16.328455

j7ofg23rfgi >> End >> 2020-11-06 15:53:16.516396

8tqe0qsmw0g >> Start >> 2020-11-06 15:53:27.408196

8tqe0qsmw0g >> Image Returned >> 2020-11-06 15:53:27.408498

8tqe0qsmw0g >> End >> 2020-11-06 15:53:27.595474

qtwsg8kpirq >> Start >> 2020-11-06 15:53:53.033678

qtwsg8kpirq >> Image Returned >> 2020-11-06 15:53:53.037921

qtwsg8kpirq >> End >> 2020-11-06 15:53:53.225946

46iy3pbggwp >> Start >> 2020-11-06 15:55:35.957990

46iy3pbggwp >> Image Returned >> 2020-11-06 15:55:35.961500

46iy3pbggwp >> End >> 2020-11-06 15:55:36.150757

kgjmwt23g34 >> Start >> 2020-11-06 15:56:32.169787

kgjmwt23g34 >> Image Returned >> 2020-11-06 15:56:32.173413

kgjmwt23g34 >> End >> 2020-11-06 15:56:32.360574

wsvyrgkuxzf >> Start >> 2020-11-06 15:58:48.915323

wsvyrgkuxzf >> Image Returned >> 2020-11-06 15:58:48.918764

wsvyrgkuxzf >> End >> 2020-11-06 15:58:49.138952

s3boo4dobg8 >> Start >> 2020-11-06 16:03:13.738594

s3boo4dobg8 >> Image Returned >> 2020-11-06 16:03:13.741744

s3boo4dobg8 >> End >> 2020-11-06 16:03:13.923015

fgjm5e6o2ix >> Start >> 2020-11-06 16:05:12.684098

fgjm5e6o2ix >> Image Returned >> 2020-11-06 16:05:12.687143

fgjm5e6o2ix >> End >> 2020-11-06 16:05:12.874985

cqcbm7svrdm >> Start >> 2020-11-06 16:05:28.406435

cqcbm7svrdm >> Image Returned >> 2020-11-06 16:05:28.409259

cqcbm7svrdm >> End >> 2020-11-06 16:05:28.539336

x5fwra0f78m >> Start >> 2020-11-06 16:12:11.627389

x5fwra0f78m >> Image Returned >> 2020-11-06 16:12:11.631186

x5fwra0f78m >> End >> 2020-11-06 16:12:11.811585

f6dfxtv03jf >> Start >> 2020-11-06 16:17:59.041301

f6dfxtv03jf >> Image Returned >> 2020-11-06 16:17:59.045846

f6dfxtv03jf >> End >> 2020-11-06 16:17:59.229463

0gx457proez >> Start >> 2020-11-06 16:23:13.967181

0gx457proez >> Image Returned >> 2020-11-06 16:23:13.971081

0gx457proez >> End >> 2020-11-06 16:23:14.158026

00ccx6g3ose >> Start >> 2020-11-06 16:36:51.530549

00ccx6g3ose >> Image Returned >> 2020-11-06 16:36:51.535779

00ccx6g3ose >> End >> 2020-11-06 16:36:51.736561

v2cyfx2sqxe >> Start >> 2020-11-06 16:40:30.753540

v2cyfx2sqxe >> Image Returned >> 2020-11-06 16:40:30.756865

v2cyfx2sqxe >> End >> 2020-11-06 16:40:30.936037

dr725hpfusw >> Start >> 2020-11-06 16:43:57.552023

dr725hpfusw >> Image Returned >> 2020-11-06 16:43:57.555694

dr725hpfusw >> End >> 2020-11-06 16:43:57.761456

kzjg2qkj2z4 >> Start >> 2020-11-06 16:48:43.541416

kzjg2qkj2z4 >> Image Returned >> 2020-11-06 16:48:43.544446

kzjg2qkj2z4 >> End >> 2020-11-06 16:48:43.733546

cyopdhze0qo >> Start >> 2020-11-06 16:50:13.487847

cyopdhze0qo >> Image Returned >> 2020-11-06 16:50:13.491561

cyopdhze0qo >> End >> 2020-11-06 16:50:13.624897

52fn54rweix >> Start >> 2020-11-06 16:52:35.755991

52fn54rweix >> Image Returned >> 2020-11-06 16:52:35.758912

52fn54rweix >> End >> 2020-11-06 16:52:35.884082

qzf7gxqjgfa >> Start >> 2020-11-06 16:53:04.287283

qzf7gxqjgfa >> Image Returned >> 2020-11-06 16:53:04.290894

qzf7gxqjgfa >> End >> 2020-11-06 16:53:04.479039

6v6fs0oq32i >> Start >> 2020-11-06 16:53:53.980195

6v6fs0oq32i >> Image Returned >> 2020-11-06 16:53:53.983496

6v6fs0oq32i >> End >> 2020-11-06 16:53:54.178725

2hii7dhto7h >> Start >> 2020-11-06 16:55:04.358213

2hii7dhto7h >> Image Returned >> 2020-11-06 16:55:04.361618

2hii7dhto7h >> End >> 2020-11-06 16:55:04.539784

vjuvzuhctsu >> Start >> 2020-11-06 16:55:58.743859

vjuvzuhctsu >> Image Returned >> 2020-11-06 16:55:58.747862

vjuvzuhctsu >> End >> 2020-11-06 16:55:58.972373

y8wyhjs77o7 >> Start >> 2020-11-06 17:03:43.680711

y8wyhjs77o7 >> Image Returned >> 2020-11-06 17:03:43.684386

y8wyhjs77o7 >> End >> 2020-11-06 17:03:43.866602

ibdhpmi76kg >> Start >> 2020-11-06 17:03:48.261539

ibdhpmi76kg >> Image Returned >> 2020-11-06 17:03:48.261830

ibdhpmi76kg >> End >> 2020-11-06 17:03:48.488135

dna8m6vhtij >> Start >> 2020-11-06 17:05:51.585146

dna8m6vhtij >> Image Returned >> 2020-11-06 17:05:51.590655

dna8m6vhtij >> End >> 2020-11-06 17:05:51.799649

hbwb7zpqeyd >> Start >> 2020-11-06 17:09:37.871778

hbwb7zpqeyd >> Image Returned >> 2020-11-06 17:09:37.874680

hbwb7zpqeyd >> End >> 2020-11-06 17:09:38.060767

8jrwyfbym4t >> Start >> 2020-11-06 17:10:59.308023

8jrwyfbym4t >> Image Returned >> 2020-11-06 17:10:59.312330

8jrwyfbym4t >> End >> 2020-11-06 17:10:59.492465

6ajyezdq4iu >> Start >> 2020-11-06 17:16:36.724584

6ajyezdq4iu >> Image Returned >> 2020-11-06 17:16:36.727473

6ajyezdq4iu >> End >> 2020-11-06 17:16:36.977035

yyspkxornme >> Start >> 2020-11-06 17:18:23.719887

yyspkxornme >> Image Returned >> 2020-11-06 17:18:23.724185

yyspkxornme >> End >> 2020-11-06 17:18:23.937483

gn8rqkrawb6 >> Start >> 2020-11-06 17:18:33.574937

gn8rqkrawb6 >> Image Returned >> 2020-11-06 17:18:33.575207

gn8rqkrawb6 >> End >> 2020-11-06 17:18:33.780467

k2fejpriewe >> Start >> 2020-11-06 17:18:34.446335

k2fejpriewe >> Image Returned >> 2020-11-06 17:18:34.446628

k2fejpriewe >> End >> 2020-11-06 17:18:34.645678

72t8mpaynr3 >> Start >> 2020-11-06 17:19:14.428189

72t8mpaynr3 >> Image Returned >> 2020-11-06 17:19:14.431046

72t8mpaynr3 >> End >> 2020-11-06 17:19:14.563944

qpw54cmwdad >> Start >> 2020-11-06 17:20:12.181652

qpw54cmwdad >> Image Returned >> 2020-11-06 17:20:12.184829

qpw54cmwdad >> End >> 2020-11-06 17:20:12.372164

yao3s6rkanp >> Start >> 2020-11-06 17:20:57.096323

yao3s6rkanp >> Image Returned >> 2020-11-06 17:20:57.100086

yao3s6rkanp >> End >> 2020-11-06 17:20:57.288650

4a8sg02zvtv >> Start >> 2020-11-06 17:34:32.354093

4a8sg02zvtv >> Image Returned >> 2020-11-06 17:34:32.357480

4a8sg02zvtv >> End >> 2020-11-06 17:34:32.547307

2b2vnq0cd0b >> Start >> 2020-11-06 17:35:53.639843

2b2vnq0cd0b >> Image Returned >> 2020-11-06 17:35:53.643009

2b2vnq0cd0b >> End >> 2020-11-06 17:35:53.828030

mo3cejcffh6 >> Start >> 2020-11-06 17:37:07.476820

mo3cejcffh6 >> Image Returned >> 2020-11-06 17:37:07.480276

mo3cejcffh6 >> End >> 2020-11-06 17:37:07.669905

23uedf6i7to >> Start >> 2020-11-06 17:38:17.765666

23uedf6i7to >> Image Returned >> 2020-11-06 17:38:17.768568

23uedf6i7to >> End >> 2020-11-06 17:38:18.183516

z5064c5cbbe >> Start >> 2020-11-06 17:38:21.362586

z5064c5cbbe >> Image Returned >> 2020-11-06 17:38:21.362924

z5064c5cbbe >> End >> 2020-11-06 17:38:21.701190

jygi6bdr8ba >> Start >> 2020-11-06 17:40:36.206056

jygi6bdr8ba >> Image Returned >> 2020-11-06 17:40:36.208961

jygi6bdr8ba >> End >> 2020-11-06 17:40:36.389019

g4yuv53jhh0 >> Start >> 2020-11-06 17:41:26.949496

g4yuv53jhh0 >> Image Returned >> 2020-11-06 17:41:26.953550

g4yuv53jhh0 >> End >> 2020-11-06 17:41:27.153429

zty78ihfy4y >> Start >> 2020-11-06 17:44:04.176270

zty78ihfy4y >> Image Returned >> 2020-11-06 17:44:04.179617

zty78ihfy4y >> End >> 2020-11-06 17:44:04.383076

vbug6jnkryn >> Start >> 2020-11-06 17:45:01.118006

vbug6jnkryn >> Image Returned >> 2020-11-06 17:45:01.121360

vbug6jnkryn >> End >> 2020-11-06 17:45:01.352138

7yws4h8yggg >> Start >> 2020-11-06 17:53:25.050766

7yws4h8yggg >> Image Returned >> 2020-11-06 17:53:25.053858

7yws4h8yggg >> End >> 2020-11-06 17:53:25.181581

o406qmjxcma >> Start >> 2020-11-06 17:53:41.760073

o406qmjxcma >> Image Returned >> 2020-11-06 17:53:41.762986

o406qmjxcma >> End >> 2020-11-06 17:53:41.949362

bhjymuiwvoy >> Start >> 2020-11-06 17:54:11.231892

bhjymuiwvoy >> Image Returned >> 2020-11-06 17:54:11.235398

bhjymuiwvoy >> End >> 2020-11-06 17:54:11.417516

pfjx46fie8o >> Start >> 2020-11-06 17:55:02.669146

pfjx46fie8o >> Image Returned >> 2020-11-06 17:55:02.672733

pfjx46fie8o >> End >> 2020-11-06 17:55:03.161070

rgomwz36fq6 >> Start >> 2020-11-06 17:57:13.997750

rgomwz36fq6 >> Image Returned >> 2020-11-06 17:57:14.001424

rgomwz36fq6 >> End >> 2020-11-06 17:57:14.194740

e4hsbo44ujb >> Start >> 2020-11-06 17:57:20.976434

e4hsbo44ujb >> Image Returned >> 2020-11-06 17:57:20.976706

e4hsbo44ujb >> End >> 2020-11-06 17:57:21.158785

sisxok5h7h4 >> Start >> 2020-11-06 17:59:32.935751

sisxok5h7h4 >> Image Returned >> 2020-11-06 17:59:32.938783

sisxok5h7h4 >> End >> 2020-11-06 17:59:33.121707

2prjk06zchn >> Start >> 2020-11-06 18:00:12.783950

2prjk06zchn >> Image Returned >> 2020-11-06 18:00:12.787991

2prjk06zchn >> End >> 2020-11-06 18:00:12.970063

ycoqajbhpqf >> Start >> 2020-11-06 18:00:29.967057

ycoqajbhpqf >> Image Returned >> 2020-11-06 18:00:29.971082

ycoqajbhpqf >> End >> 2020-11-06 18:00:30.171349

3ttamj8skin >> Start >> 2020-11-06 18:00:32.679215

3ttamj8skin >> Image Returned >> 2020-11-06 18:00:32.679656

3ttamj8skin >> End >> 2020-11-06 18:00:32.879544

qj5irj3jm34 >> Start >> 2020-11-06 18:01:13.205826

qj5irj3jm34 >> Image Returned >> 2020-11-06 18:01:13.209923

qj5irj3jm34 >> End >> 2020-11-06 18:01:13.399458

4kb3vmncvfd >> Start >> 2020-11-06 18:05:20.718720

4kb3vmncvfd >> Image Returned >> 2020-11-06 18:05:20.722327

4kb3vmncvfd >> End >> 2020-11-06 18:05:20.922410

c5yt44ndfsu >> Start >> 2020-11-06 18:15:11.263406

c5yt44ndfsu >> Image Returned >> 2020-11-06 18:15:11.267375

c5yt44ndfsu >> End >> 2020-11-06 18:15:11.468125

jp7c6aqx0fj >> Start >> 2020-11-06 18:17:34.480340

jp7c6aqx0fj >> Image Returned >> 2020-11-06 18:17:34.483637

jp7c6aqx0fj >> End >> 2020-11-06 18:17:34.667268

am5momvzodv >> Start >> 2020-11-06 18:19:10.241087

am5momvzodv >> Image Returned >> 2020-11-06 18:19:10.244079

am5momvzodv >> End >> 2020-11-06 18:19:10.448014

dcakj6ynkwe >> Start >> 2020-11-06 18:25:42.223455

dcakj6ynkwe >> Image Returned >> 2020-11-06 18:25:42.227394

dcakj6ynkwe >> End >> 2020-11-06 18:25:42.413060

k2wsxiykyk0 >> Start >> 2020-11-06 18:29:20.466801

k2wsxiykyk0 >> Image Returned >> 2020-11-06 18:29:20.470101

k2wsxiykyk0 >> End >> 2020-11-06 18:29:20.738835

0itwyjkuaf5 >> Start >> 2020-11-06 18:31:56.963583

0itwyjkuaf5 >> Image Returned >> 2020-11-06 18:31:56.966976

0itwyjkuaf5 >> End >> 2020-11-06 18:31:57.153605

hxwkihch3s8 >> Start >> 2020-11-06 18:37:19.161782

hxwkihch3s8 >> Image Returned >> 2020-11-06 18:37:19.167690

hxwkihch3s8 >> End >> 2020-11-06 18:37:19.425024

6urhvi8xgrc >> Start >> 2020-11-06 18:41:14.410496

6urhvi8xgrc >> Image Returned >> 2020-11-06 18:41:14.413598

6urhvi8xgrc >> End >> 2020-11-06 18:41:14.591195

pfebrz7yrou >> Start >> 2020-11-06 18:41:43.914377

pfebrz7yrou >> Image Returned >> 2020-11-06 18:41:43.917424

pfebrz7yrou >> End >> 2020-11-06 18:41:44.114198

mghtjs88ixw >> Start >> 2020-11-06 18:41:44.115339

mghtjs88ixw >> Image Returned >> 2020-11-06 18:41:44.115580

mghtjs88ixw >> End >> 2020-11-06 18:41:44.299623

xp82kg50wb8 >> Start >> 2020-11-06 18:51:12.113054

xp82kg50wb8 >> Image Returned >> 2020-11-06 18:51:12.117011

xp82kg50wb8 >> End >> 2020-11-06 18:51:12.298063

bo5584ququx >> Start >> 2020-11-06 18:52:37.172528

bo5584ququx >> Image Returned >> 2020-11-06 18:52:37.176001

bo5584ququx >> End >> 2020-11-06 18:52:37.357342

wrre3oybxc2 >> Start >> 2020-11-06 19:00:26.417381

wrre3oybxc2 >> Image Returned >> 2020-11-06 19:00:26.420444

wrre3oybxc2 >> End >> 2020-11-06 19:00:26.601670

ztrd8rt3ed6 >> Start >> 2020-11-06 19:02:38.324419

ztrd8rt3ed6 >> Image Returned >> 2020-11-06 19:02:38.327570

ztrd8rt3ed6 >> End >> 2020-11-06 19:02:38.505014

qxpci73d8r4 >> Start >> 2020-11-06 19:04:43.880635

qxpci73d8r4 >> Image Returned >> 2020-11-06 19:04:43.883868

qxpci73d8r4 >> End >> 2020-11-06 19:04:44.107649

mk7tujdefrr >> Start >> 2020-11-06 19:06:35.094577

mk7tujdefrr >> Image Returned >> 2020-11-06 19:06:35.097588

mk7tujdefrr >> End >> 2020-11-06 19:06:35.281671

3n83tmh2k2h >> Start >> 2020-11-06 19:06:46.991441

3n83tmh2k2h >> Image Returned >> 2020-11-06 19:06:46.994457

3n83tmh2k2h >> End >> 2020-11-06 19:06:47.185177

jw2k0nk6bbw >> Start >> 2020-11-06 19:07:40.685116

jw2k0nk6bbw >> Image Returned >> 2020-11-06 19:07:40.688611

jw2k0nk6bbw >> End >> 2020-11-06 19:07:40.869592

eif5f0j0evm >> Start >> 2020-11-06 19:08:56.233372

eif5f0j0evm >> Image Returned >> 2020-11-06 19:08:56.237166

eif5f0j0evm >> End >> 2020-11-06 19:08:56.423104

sy8yrho6jvb >> Start >> 2020-11-06 19:10:34.530317

sy8yrho6jvb >> Image Returned >> 2020-11-06 19:10:34.533272

sy8yrho6jvb >> End >> 2020-11-06 19:10:34.736110

5xi6jb823k5 >> Start >> 2020-11-06 19:12:58.555052

5xi6jb823k5 >> Image Returned >> 2020-11-06 19:12:58.559418

5xi6jb823k5 >> End >> 2020-11-06 19:12:58.777259

iy7eg7o0s3u >> Start >> 2020-11-06 19:14:32.738718

iy7eg7o0s3u >> Image Returned >> 2020-11-06 19:14:32.741674

iy7eg7o0s3u >> End >> 2020-11-06 19:14:32.929049

t8ick38yhwn >> Start >> 2020-11-06 19:14:45.576828

t8ick38yhwn >> Image Returned >> 2020-11-06 19:14:45.580029

t8ick38yhwn >> End >> 2020-11-06 19:14:45.766226

bu2mhi7h25p >> Start >> 2020-11-06 19:15:08.033027

bu2mhi7h25p >> Image Returned >> 2020-11-06 19:15:08.035967

bu2mhi7h25p >> End >> 2020-11-06 19:15:08.224289

ekxqwaq05to >> Start >> 2020-11-06 19:15:10.637473

ekxqwaq05to >> Image Returned >> 2020-11-06 19:15:10.637752

ekxqwaq05to >> End >> 2020-11-06 19:15:10.824970

i4gh36n6aa5 >> Start >> 2020-11-06 19:15:19.868221

i4gh36n6aa5 >> Image Returned >> 2020-11-06 19:15:19.868546

i4gh36n6aa5 >> End >> 2020-11-06 19:15:20.057441

2084iafx2iw >> Start >> 2020-11-06 19:18:31.823798

2084iafx2iw >> Image Returned >> 2020-11-06 19:18:31.827655

2084iafx2iw >> End >> 2020-11-06 19:18:32.031919

uvs2kad86go >> Start >> 2020-11-06 19:20:55.497679

uvs2kad86go >> Image Returned >> 2020-11-06 19:20:55.502008

uvs2kad86go >> End >> 2020-11-06 19:20:55.681456

40avdrbkg4j >> Start >> 2020-11-06 19:41:22.867811

40avdrbkg4j >> Image Returned >> 2020-11-06 19:41:22.870774

40avdrbkg4j >> End >> 2020-11-06 19:41:23.001173

aetjo8qmj8k >> Start >> 2020-11-06 19:42:37.643942

aetjo8qmj8k >> Image Returned >> 2020-11-06 19:42:37.648549

aetjo8qmj8k >> End >> 2020-11-06 19:42:37.845293

zikmaw7df66 >> Start >> 2020-11-06 19:43:05.457206

zikmaw7df66 >> Image Returned >> 2020-11-06 19:43:05.460218

zikmaw7df66 >> End >> 2020-11-06 19:43:05.644896

4m88gxdvtqm >> Start >> 2020-11-06 19:43:32.041358

4m88gxdvtqm >> Image Returned >> 2020-11-06 19:43:32.044632

4m88gxdvtqm >> End >> 2020-11-06 19:43:32.236985

z7xs2sdxqwg >> Start >> 2020-11-06 19:43:35.090008

z7xs2sdxqwg >> Image Returned >> 2020-11-06 19:43:35.090287

z7xs2sdxqwg >> End >> 2020-11-06 19:43:35.337838

5zppjhyuhit >> Start >> 2020-11-06 19:43:43.348330

5zppjhyuhit >> Image Returned >> 2020-11-06 19:43:43.348683

5zppjhyuhit >> End >> 2020-11-06 19:43:43.540153

7yzh3e8qgw0 >> Start >> 2020-11-06 19:45:52.467713

7yzh3e8qgw0 >> Image Returned >> 2020-11-06 19:45:52.470730

7yzh3e8qgw0 >> End >> 2020-11-06 19:45:52.711169

252h4zf4yby >> Start >> 2020-11-06 19:48:39.103729

252h4zf4yby >> Image Returned >> 2020-11-06 19:48:39.107800

252h4zf4yby >> End >> 2020-11-06 19:48:39.302591

83cjazmecva >> Start >> 2020-11-06 19:49:28.546104

83cjazmecva >> Image Returned >> 2020-11-06 19:49:28.549407

83cjazmecva >> End >> 2020-11-06 19:49:28.735974

mrupr228r7f >> Start >> 2020-11-06 19:55:39.880125

mrupr228r7f >> Image Returned >> 2020-11-06 19:55:39.884732

mrupr228r7f >> End >> 2020-11-06 19:55:40.066323

o7ampc56css >> Start >> 2020-11-06 19:57:20.333554

o7ampc56css >> Image Returned >> 2020-11-06 19:57:20.337306

o7ampc56css >> End >> 2020-11-06 19:57:20.518816

k8270zpx06p >> Start >> 2020-11-06 19:57:37.568082

k8270zpx06p >> Image Returned >> 2020-11-06 19:57:37.571104

k8270zpx06p >> End >> 2020-11-06 19:57:37.750994

2qn2zpu2yse >> Start >> 2020-11-06 19:58:17.425384

2qn2zpu2yse >> Image Returned >> 2020-11-06 19:58:17.429523

2qn2zpu2yse >> End >> 2020-11-06 19:58:17.616262

0mpx8scd62r >> Start >> 2020-11-06 20:01:29.178364

0mpx8scd62r >> Image Returned >> 2020-11-06 20:01:29.181900

0mpx8scd62r >> End >> 2020-11-06 20:01:29.366641

4h8z446zqoh >> Start >> 2020-11-06 20:02:03.352523

4h8z446zqoh >> Image Returned >> 2020-11-06 20:02:03.356034

4h8z446zqoh >> End >> 2020-11-06 20:02:03.539994

vsm2wm7tuyg >> Start >> 2020-11-06 20:03:24.688077

vsm2wm7tuyg >> Image Returned >> 2020-11-06 20:03:24.691487

vsm2wm7tuyg >> End >> 2020-11-06 20:03:24.893064

4ehjv6xer3h >> Start >> 2020-11-06 20:11:26.918545

4ehjv6xer3h >> Image Returned >> 2020-11-06 20:11:26.922319

4ehjv6xer3h >> End >> 2020-11-06 20:11:27.107496

xwsdzcpsiec >> Start >> 2020-11-06 20:12:47.183187

xwsdzcpsiec >> Image Returned >> 2020-11-06 20:12:47.186886

xwsdzcpsiec >> End >> 2020-11-06 20:12:47.370537

k6v4twuftkp >> Start >> 2020-11-06 20:14:09.221810

k6v4twuftkp >> Image Returned >> 2020-11-06 20:14:09.225368

k6v4twuftkp >> End >> 2020-11-06 20:14:09.412744

5foqkfts2fp >> Start >> 2020-11-06 20:14:18.060834

5foqkfts2fp >> Image Returned >> 2020-11-06 20:14:18.061148

5foqkfts2fp >> End >> 2020-11-06 20:14:18.249008

biwyr3i2gqd >> Start >> 2020-11-06 20:14:18.700653

biwyr3i2gqd >> Image Returned >> 2020-11-06 20:14:18.701026

biwyr3i2gqd >> End >> 2020-11-06 20:14:18.882777

a6j78egeoci >> Start >> 2020-11-06 20:16:44.277792

a6j78egeoci >> Image Returned >> 2020-11-06 20:16:44.281187

a6j78egeoci >> End >> 2020-11-06 20:16:44.457808

tip84rue7w0 >> Start >> 2020-11-06 20:26:20.049577

tip84rue7w0 >> Image Returned >> 2020-11-06 20:26:20.053442

tip84rue7w0 >> End >> 2020-11-06 20:26:20.239789

0hajf7jb5yp >> Start >> 2020-11-06 20:26:55.292360

0hajf7jb5yp >> Image Returned >> 2020-11-06 20:26:55.295393

0hajf7jb5yp >> End >> 2020-11-06 20:26:55.483556

ydta4ot2udt >> Start >> 2020-11-06 20:34:01.310432

ydta4ot2udt >> Image Returned >> 2020-11-06 20:34:01.314125

ydta4ot2udt >> End >> 2020-11-06 20:34:01.498524

b8bxb6kxnq5 >> Start >> 2020-11-06 20:36:25.761842

b8bxb6kxnq5 >> Image Returned >> 2020-11-06 20:36:25.765775

b8bxb6kxnq5 >> End >> 2020-11-06 20:36:26.003341

urrdfoyqkuy >> Start >> 2020-11-06 20:37:24.479017

urrdfoyqkuy >> Image Returned >> 2020-11-06 20:37:24.483153

urrdfoyqkuy >> End >> 2020-11-06 20:37:24.720055

hoqamfqch8s >> Start >> 2020-11-06 20:39:08.366360

hoqamfqch8s >> Image Returned >> 2020-11-06 20:39:08.369462

hoqamfqch8s >> End >> 2020-11-06 20:39:08.566899

wdh4iq00gik >> Start >> 2020-11-06 20:40:02.518724

wdh4iq00gik >> Image Returned >> 2020-11-06 20:40:02.523123

wdh4iq00gik >> End >> 2020-11-06 20:40:02.706080

us0imkzi2k6 >> Start >> 2020-11-06 20:41:32.903484

us0imkzi2k6 >> Image Returned >> 2020-11-06 20:41:32.906742

us0imkzi2k6 >> End >> 2020-11-06 20:41:33.094137

uziq77qfrpw >> Start >> 2020-11-06 20:42:26.296684

uziq77qfrpw >> Image Returned >> 2020-11-06 20:42:26.300272

uziq77qfrpw >> End >> 2020-11-06 20:42:26.477109

cu8zfgdzsjj >> Start >> 2020-11-06 20:46:33.895282

cu8zfgdzsjj >> Image Returned >> 2020-11-06 20:46:33.898591

cu8zfgdzsjj >> End >> 2020-11-06 20:46:34.085366

0xnahduufrk >> Start >> 2020-11-06 20:46:46.739896

0xnahduufrk >> Image Returned >> 2020-11-06 20:46:46.742969

0xnahduufrk >> End >> 2020-11-06 20:46:46.932631

htk7q4cdo2m >> Start >> 2020-11-06 20:46:59.946400

htk7q4cdo2m >> Image Returned >> 2020-11-06 20:46:59.949975

htk7q4cdo2m >> End >> 2020-11-06 20:47:00.148188

s65z8bek5c4 >> Start >> 2020-11-06 20:47:06.221455

s65z8bek5c4 >> Image Returned >> 2020-11-06 20:47:06.221735

s65z8bek5c4 >> End >> 2020-11-06 20:47:06.416990

akdqukpxtoj >> Start >> 2020-11-06 20:55:27.606533

akdqukpxtoj >> Image Returned >> 2020-11-06 20:55:27.609610

akdqukpxtoj >> End >> 2020-11-06 20:55:27.814574

uw4ec2bs6m6 >> Start >> 2020-11-06 20:55:42.584669

uw4ec2bs6m6 >> Image Returned >> 2020-11-06 20:55:42.587666

uw4ec2bs6m6 >> End >> 2020-11-06 20:55:42.766102

f2dk3dedjhs >> Start >> 2020-11-06 20:58:34.238828

f2dk3dedjhs >> Image Returned >> 2020-11-06 20:58:34.243035

f2dk3dedjhs >> End >> 2020-11-06 20:58:34.440506

t2gkjj0a3oh >> Start >> 2020-11-06 21:03:32.922101

t2gkjj0a3oh >> Image Returned >> 2020-11-06 21:03:32.926552

t2gkjj0a3oh >> End >> 2020-11-06 21:03:33.115259

cde6uqbr6u0 >> Start >> 2020-11-06 21:08:56.154882

cde6uqbr6u0 >> Image Returned >> 2020-11-06 21:08:56.159161

cde6uqbr6u0 >> End >> 2020-11-06 21:08:56.348670

hau6hwd8q28 >> Start >> 2020-11-06 21:12:23.096354

hau6hwd8q28 >> Image Returned >> 2020-11-06 21:12:23.100593

hau6hwd8q28 >> End >> 2020-11-06 21:12:23.289434

qdut00js303 >> Start >> 2020-11-06 21:14:53.490961

qdut00js303 >> Image Returned >> 2020-11-06 21:14:53.494369

qdut00js303 >> End >> 2020-11-06 21:14:53.673607

584q67byqws >> Start >> 2020-11-06 21:20:12.571954

584q67byqws >> Image Returned >> 2020-11-06 21:20:12.575541

584q67byqws >> End >> 2020-11-06 21:20:12.766928

vnh5o7sdqdk >> Start >> 2020-11-06 21:23:38.742796

vnh5o7sdqdk >> Image Returned >> 2020-11-06 21:23:38.746294

vnh5o7sdqdk >> End >> 2020-11-06 21:23:38.948934

jdsjughp03z >> Start >> 2020-11-06 21:26:32.587687

jdsjughp03z >> Image Returned >> 2020-11-06 21:26:32.591737

jdsjughp03z >> End >> 2020-11-06 21:26:32.777782

nhxdayavfto >> Start >> 2020-11-06 21:34:34.748250

nhxdayavfto >> Image Returned >> 2020-11-06 21:34:34.751246

nhxdayavfto >> End >> 2020-11-06 21:34:34.936285

nu8jj0omf7t >> Start >> 2020-11-06 21:38:17.427119

nu8jj0omf7t >> Image Returned >> 2020-11-06 21:38:17.430821

nu8jj0omf7t >> End >> 2020-11-06 21:38:17.634732

sdd26aektjc >> Start >> 2020-11-06 21:40:56.446171

sdd26aektjc >> Image Returned >> 2020-11-06 21:40:56.449942

sdd26aektjc >> End >> 2020-11-06 21:40:56.634747

xeqqrubkw2z >> Start >> 2020-11-06 21:42:25.893023

xeqqrubkw2z >> Image Returned >> 2020-11-06 21:42:25.896488

xeqqrubkw2z >> End >> 2020-11-06 21:42:26.081705

zdppzvaz5zw >> Start >> 2020-11-06 21:42:59.062675

zdppzvaz5zw >> Image Returned >> 2020-11-06 21:42:59.065766

zdppzvaz5zw >> End >> 2020-11-06 21:42:59.244965

hqkopztannn >> Start >> 2020-11-06 21:43:38.619096

hqkopztannn >> Image Returned >> 2020-11-06 21:43:38.622838

hqkopztannn >> End >> 2020-11-06 21:43:38.817889

27i0jpdb6jg >> Start >> 2020-11-06 21:45:28.496596

27i0jpdb6jg >> Image Returned >> 2020-11-06 21:45:28.500586

27i0jpdb6jg >> End >> 2020-11-06 21:45:28.692990

awnkcdj5upu >> Start >> 2020-11-06 21:46:19.433970

awnkcdj5upu >> Image Returned >> 2020-11-06 21:46:19.438505

awnkcdj5upu >> End >> 2020-11-06 21:46:19.645494

i7g6uknqiro >> Start >> 2020-11-06 21:47:12.792608

i7g6uknqiro >> Image Returned >> 2020-11-06 21:47:12.796184

i7g6uknqiro >> End >> 2020-11-06 21:47:12.992961

xkpdvnpn32y >> Start >> 2020-11-06 21:47:18.046248

xkpdvnpn32y >> Image Returned >> 2020-11-06 21:47:18.046542

xkpdvnpn32y >> End >> 2020-11-06 21:47:18.231396

kbvvupz5nmi >> Start >> 2020-11-06 21:48:41.412000

kbvvupz5nmi >> Image Returned >> 2020-11-06 21:48:41.415466

kbvvupz5nmi >> End >> 2020-11-06 21:48:41.597754

e0agj0wxtan >> Start >> 2020-11-06 21:48:58.287833

e0agj0wxtan >> Image Returned >> 2020-11-06 21:48:58.290931

e0agj0wxtan >> End >> 2020-11-06 21:48:58.486413

4g3gsh7ax8n >> Start >> 2020-11-06 21:49:59.550801

4g3gsh7ax8n >> Image Returned >> 2020-11-06 21:49:59.554254

4g3gsh7ax8n >> End >> 2020-11-06 21:49:59.744570

5m72cmkqjcs >> Start >> 2020-11-06 21:50:22.496627

5m72cmkqjcs >> Image Returned >> 2020-11-06 21:50:22.500756

5m72cmkqjcs >> End >> 2020-11-06 21:50:22.685857

ov3r4q5qpwk >> Start >> 2020-11-06 21:51:02.700357

ov3r4q5qpwk >> Image Returned >> 2020-11-06 21:51:02.703775

ov3r4q5qpwk >> End >> 2020-11-06 21:51:02.915345

pjn2wd0i4km >> Start >> 2020-11-06 21:56:00.073945

pjn2wd0i4km >> Image Returned >> 2020-11-06 21:56:00.078335

pjn2wd0i4km >> End >> 2020-11-06 21:56:00.261498

700qhymf3mn >> Start >> 2020-11-06 22:07:11.960041

700qhymf3mn >> Image Returned >> 2020-11-06 22:07:11.963762

700qhymf3mn >> End >> 2020-11-06 22:07:12.169054

zaha8vo7bfp >> Start >> 2020-11-06 22:10:36.750673

zaha8vo7bfp >> Image Returned >> 2020-11-06 22:10:36.753865

zaha8vo7bfp >> End >> 2020-11-06 22:10:36.985333

e0gqppewh4t >> Start >> 2020-11-06 22:11:24.908258

e0gqppewh4t >> Image Returned >> 2020-11-06 22:11:24.911693

e0gqppewh4t >> End >> 2020-11-06 22:11:25.090526

eqdvw8c54nt >> Start >> 2020-11-06 22:13:35.754511

eqdvw8c54nt >> Image Returned >> 2020-11-06 22:13:35.757524

eqdvw8c54nt >> End >> 2020-11-06 22:13:35.939707

6gc48dm7wz2 >> Start >> 2020-11-06 22:22:10.463016

6gc48dm7wz2 >> Image Returned >> 2020-11-06 22:22:10.466932

6gc48dm7wz2 >> End >> 2020-11-06 22:22:10.655635

zcstfp078j4 >> Start >> 2020-11-06 22:22:24.079216

zcstfp078j4 >> Image Returned >> 2020-11-06 22:22:24.082348

zcstfp078j4 >> End >> 2020-11-06 22:22:24.276051

kwyzj7zr8ui >> Start >> 2020-11-06 22:22:33.599241

kwyzj7zr8ui >> Image Returned >> 2020-11-06 22:22:33.599529

kwyzj7zr8ui >> End >> 2020-11-06 22:22:33.780101

mtf5b8dkmdy >> Start >> 2020-11-06 22:22:40.292762

mtf5b8dkmdy >> Image Returned >> 2020-11-06 22:22:40.293071

mtf5b8dkmdy >> End >> 2020-11-06 22:22:40.474948

jtcvfv0nybk >> Start >> 2020-11-06 22:23:15.271501

jtcvfv0nybk >> Image Returned >> 2020-11-06 22:23:15.275398

jtcvfv0nybk >> End >> 2020-11-06 22:23:15.456736

uvbtj2ve5xh >> Start >> 2020-11-06 22:24:37.583904

uvbtj2ve5xh >> Image Returned >> 2020-11-06 22:24:37.587213

uvbtj2ve5xh >> End >> 2020-11-06 22:24:37.772325

4w7vuk8r6ke >> Start >> 2020-11-06 22:29:03.671638

4w7vuk8r6ke >> Image Returned >> 2020-11-06 22:29:03.675327

4w7vuk8r6ke >> End >> 2020-11-06 22:29:03.853394

rphpk44uspb >> Start >> 2020-11-06 22:31:10.556385

rphpk44uspb >> Image Returned >> 2020-11-06 22:31:10.559500

rphpk44uspb >> End >> 2020-11-06 22:31:10.749243

hkvvg8s8yq6 >> Start >> 2020-11-06 22:36:51.745234

hkvvg8s8yq6 >> Image Returned >> 2020-11-06 22:36:51.749264

hkvvg8s8yq6 >> End >> 2020-11-06 22:36:52.108242

nh2vce0qc8n >> Start >> 2020-11-06 22:43:47.907711

nh2vce0qc8n >> Image Returned >> 2020-11-06 22:43:47.910896

nh2vce0qc8n >> End >> 2020-11-06 22:43:48.132929

rfwx706bbb2 >> Start >> 2020-11-06 22:48:02.887909

rfwx706bbb2 >> Image Returned >> 2020-11-06 22:48:02.892180

rfwx706bbb2 >> End >> 2020-11-06 22:48:03.077656

wegna2fqvhf >> Start >> 2020-11-06 22:51:29.953778

wegna2fqvhf >> Image Returned >> 2020-11-06 22:51:29.958579

wegna2fqvhf >> End >> 2020-11-06 22:51:30.169801

6wygwyvi2oa >> Start >> 2020-11-06 22:56:24.313344

6wygwyvi2oa >> Image Returned >> 2020-11-06 22:56:24.317089

6wygwyvi2oa >> End >> 2020-11-06 22:56:24.499648

7swrgeo20ke >> Start >> 2020-11-06 22:56:24.900511

7swrgeo20ke >> Image Returned >> 2020-11-06 22:56:24.900808

7swrgeo20ke >> End >> 2020-11-06 22:56:25.082357

4goucajbi5z >> Start >> 2020-11-06 22:57:00.550498

4goucajbi5z >> Image Returned >> 2020-11-06 22:57:00.553627

4goucajbi5z >> End >> 2020-11-06 22:57:00.731327

hfptwfuohwa >> Start >> 2020-11-06 22:58:53.780661

hfptwfuohwa >> Image Returned >> 2020-11-06 22:58:53.784636

hfptwfuohwa >> End >> 2020-11-06 22:58:53.967161

n4beevu6r3s >> Start >> 2020-11-06 23:02:44.446520

n4beevu6r3s >> Image Returned >> 2020-11-06 23:02:44.449672

n4beevu6r3s >> End >> 2020-11-06 23:02:44.633748

xzw7e3f5s35 >> Start >> 2020-11-06 23:15:32.679286

xzw7e3f5s35 >> Image Returned >> 2020-11-06 23:15:32.683264

xzw7e3f5s35 >> End >> 2020-11-06 23:15:32.864171

55vg73mffff >> Start >> 2020-11-06 23:16:17.731336

55vg73mffff >> Image Returned >> 2020-11-06 23:16:17.737026

55vg73mffff >> End >> 2020-11-06 23:16:17.927771

7wsty60m5eb >> Start >> 2020-11-06 23:23:58.780850

7wsty60m5eb >> Image Returned >> 2020-11-06 23:23:58.786087

7wsty60m5eb >> End >> 2020-11-06 23:23:58.994254

iq4d5y5b6kt >> Start >> 2020-11-06 23:33:13.688450

iq4d5y5b6kt >> Image Returned >> 2020-11-06 23:33:13.693466

iq4d5y5b6kt >> End >> 2020-11-06 23:33:13.918042

wnb0aoh72pf >> Start >> 2020-11-06 23:35:01.033940

wnb0aoh72pf >> Image Returned >> 2020-11-06 23:35:01.037405

wnb0aoh72pf >> End >> 2020-11-06 23:35:01.212475

5wvdrybdjgi >> Start >> 2020-11-06 23:42:22.348660

5wvdrybdjgi >> Image Returned >> 2020-11-06 23:42:22.352988

5wvdrybdjgi >> End >> 2020-11-06 23:42:22.596678

q8wijyyjmo6 >> Start >> 2020-11-06 23:43:40.996794

q8wijyyjmo6 >> Image Returned >> 2020-11-06 23:43:41.000250

q8wijyyjmo6 >> End >> 2020-11-06 23:43:41.186191

x3gbgeyfuxd >> Start >> 2020-11-06 23:49:42.537025

x3gbgeyfuxd >> Image Returned >> 2020-11-06 23:49:42.541309

x3gbgeyfuxd >> End >> 2020-11-06 23:49:42.725729

