vj42tm6u2do >> Start >> 2020-08-23 00:01:36.247986

vj42tm6u2do >> Image Returned >> 2020-08-23 00:01:36.252142

vj42tm6u2do >> End >> 2020-08-23 00:01:36.392788

t24eb8sgfic >> Start >> 2020-08-23 00:07:12.366924

t24eb8sgfic >> Image Returned >> 2020-08-23 00:07:12.373325

t24eb8sgfic >> End >> 2020-08-23 00:07:12.543142

xpkkdb8eot5 >> Start >> 2020-08-23 00:07:35.889753

xpkkdb8eot5 >> Image Returned >> 2020-08-23 00:07:35.893948

xpkkdb8eot5 >> End >> 2020-08-23 00:07:36.039313

nweebm3dbei >> Start >> 2020-08-23 00:11:19.674648

nweebm3dbei >> Image Returned >> 2020-08-23 00:11:19.678242

nweebm3dbei >> End >> 2020-08-23 00:11:19.826184

gi8855yh7si >> Start >> 2020-08-23 00:14:50.606090

gi8855yh7si >> Image Returned >> 2020-08-23 00:14:50.610654

gi8855yh7si >> End >> 2020-08-23 00:14:50.780973

f42b4w5z8tz >> Start >> 2020-08-23 00:16:26.145699

f42b4w5z8tz >> Image Returned >> 2020-08-23 00:16:26.149427

f42b4w5z8tz >> End >> 2020-08-23 00:16:26.314141

u4gq2ni6mbs >> Start >> 2020-08-23 00:39:33.747103

u4gq2ni6mbs >> Image Returned >> 2020-08-23 00:39:33.751305

u4gq2ni6mbs >> End >> 2020-08-23 00:39:33.897438

gtcjpz257qg >> Start >> 2020-08-23 00:41:39.590394

gtcjpz257qg >> Image Returned >> 2020-08-23 00:41:39.594369

gtcjpz257qg >> End >> 2020-08-23 00:41:39.737925

83s48iitgod >> Start >> 2020-08-23 01:01:22.953258

83s48iitgod >> Image Returned >> 2020-08-23 01:01:22.956828

83s48iitgod >> End >> 2020-08-23 01:01:23.107418

xfzm70684va >> Start >> 2020-08-23 01:51:08.131820

xfzm70684va >> Image Returned >> 2020-08-23 01:51:08.136107

xfzm70684va >> End >> 2020-08-23 01:51:08.276339

3ztde7hnyyb >> Start >> 2020-08-23 01:51:21.033066

3ztde7hnyyb >> Image Returned >> 2020-08-23 01:51:21.036557

3ztde7hnyyb >> End >> 2020-08-23 01:51:21.177479

oezxryrkg0j >> Start >> 2020-08-23 01:56:29.630119

oezxryrkg0j >> Image Returned >> 2020-08-23 01:56:29.634258

oezxryrkg0j >> End >> 2020-08-23 01:56:29.774123

p4eag2uvo8e >> Start >> 2020-08-23 02:50:56.952152

p4eag2uvo8e >> Image Returned >> 2020-08-23 02:50:56.957950

p4eag2uvo8e >> End >> 2020-08-23 02:50:57.101546

dunjg5jchnd >> Start >> 2020-08-23 02:51:10.816003

dunjg5jchnd >> Image Returned >> 2020-08-23 02:51:10.819487

dunjg5jchnd >> End >> 2020-08-23 02:51:10.963177

y8wubgj4s4t >> Start >> 2020-08-23 03:27:21.197627

y8wubgj4s4t >> Image Returned >> 2020-08-23 03:27:21.204551

y8wubgj4s4t >> End >> 2020-08-23 03:27:21.357886

xkuqekqdh3c >> Start >> 2020-08-23 03:58:46.304471

xkuqekqdh3c >> Image Returned >> 2020-08-23 03:58:46.307993

xkuqekqdh3c >> End >> 2020-08-23 03:58:46.492729

zky2o0c8ot8 >> Start >> 2020-08-23 04:39:52.894433

zky2o0c8ot8 >> Image Returned >> 2020-08-23 04:39:52.900023

zky2o0c8ot8 >> End >> 2020-08-23 04:39:53.042906

iu47at43ofr >> Start >> 2020-08-23 04:46:13.594258

iu47at43ofr >> Image Returned >> 2020-08-23 04:46:13.597589

iu47at43ofr >> End >> 2020-08-23 04:46:13.739471

bwj0ic6caao >> Start >> 2020-08-23 05:32:05.711468

bwj0ic6caao >> Image Returned >> 2020-08-23 05:32:05.715190

bwj0ic6caao >> End >> 2020-08-23 05:32:05.857793

qk0f8h0hpjs >> Start >> 2020-08-23 05:37:03.675438

qk0f8h0hpjs >> Image Returned >> 2020-08-23 05:37:03.680918

qk0f8h0hpjs >> End >> 2020-08-23 05:37:03.821858

2ow278cmxof >> Start >> 2020-08-23 06:08:28.445348

2ow278cmxof >> Image Returned >> 2020-08-23 06:08:28.450335

2ow278cmxof >> End >> 2020-08-23 06:08:28.601201

m7xg3ic0xr6 >> Start >> 2020-08-23 06:10:32.957884

m7xg3ic0xr6 >> Image Returned >> 2020-08-23 06:10:32.961285

m7xg3ic0xr6 >> End >> 2020-08-23 06:10:33.105518

8zzy6y3z3oi >> Start >> 2020-08-23 06:11:00.897411

8zzy6y3z3oi >> Image Returned >> 2020-08-23 06:11:00.901177

8zzy6y3z3oi >> End >> 2020-08-23 06:11:01.049081

brerko4qnfi >> Start >> 2020-08-23 06:15:45.841459

brerko4qnfi >> Image Returned >> 2020-08-23 06:15:45.846406

brerko4qnfi >> End >> 2020-08-23 06:15:45.986684

q4izsgq8tbk >> Start >> 2020-08-23 06:24:17.709130

q4izsgq8tbk >> Image Returned >> 2020-08-23 06:24:17.712557

q4izsgq8tbk >> End >> 2020-08-23 06:24:17.854418

ahxv4v6uefe >> Start >> 2020-08-23 06:29:23.497854

ahxv4v6uefe >> Image Returned >> 2020-08-23 06:29:23.502707

ahxv4v6uefe >> End >> 2020-08-23 06:29:23.654865

wu4iuxpvg3r >> Start >> 2020-08-23 07:29:56.992001

wu4iuxpvg3r >> Image Returned >> 2020-08-23 07:29:56.996371

wu4iuxpvg3r >> End >> 2020-08-23 07:29:57.141722

qmzz86s80iq >> Start >> 2020-08-23 07:36:03.488734

qmzz86s80iq >> Image Returned >> 2020-08-23 07:36:03.493261

qmzz86s80iq >> End >> 2020-08-23 07:36:03.700418

xtwqt437v7q >> Start >> 2020-08-23 08:24:46.239999

xtwqt437v7q >> Image Returned >> 2020-08-23 08:24:46.244723

xtwqt437v7q >> End >> 2020-08-23 08:24:46.391644

yqurjk25jku >> Start >> 2020-08-23 08:35:20.269593

yqurjk25jku >> Image Returned >> 2020-08-23 08:35:20.274035

yqurjk25jku >> End >> 2020-08-23 08:35:20.429955

rp2rgdcqojd >> Start >> 2020-08-23 08:55:42.132591

rp2rgdcqojd >> Image Returned >> 2020-08-23 08:55:42.138403

rp2rgdcqojd >> End >> 2020-08-23 08:55:42.283739

3pb6dqyqwxe >> Start >> 2020-08-23 09:02:51.109184

3pb6dqyqwxe >> Image Returned >> 2020-08-23 09:02:51.113707

3pb6dqyqwxe >> End >> 2020-08-23 09:02:51.287965

g6cywthwj6f >> Start >> 2020-08-23 09:04:26.086558

g6cywthwj6f >> Image Returned >> 2020-08-23 09:04:26.090920

g6cywthwj6f >> End >> 2020-08-23 09:04:26.231306

y7ni4m3ud4w >> Start >> 2020-08-23 09:07:41.138247

y7ni4m3ud4w >> Image Returned >> 2020-08-23 09:07:41.143106

y7ni4m3ud4w >> End >> 2020-08-23 09:07:41.322482

f3uq0krr3a0 >> Start >> 2020-08-23 09:29:25.928205

f3uq0krr3a0 >> Image Returned >> 2020-08-23 09:29:25.931751

f3uq0krr3a0 >> End >> 2020-08-23 09:29:26.072787

oh5ffsqvxqk >> Start >> 2020-08-23 09:55:16.810036

oh5ffsqvxqk >> Image Returned >> 2020-08-23 09:55:16.816534

oh5ffsqvxqk >> End >> 2020-08-23 09:55:16.957451

c4xkstyo3z8 >> Start >> 2020-08-23 10:22:38.989139

c4xkstyo3z8 >> Image Returned >> 2020-08-23 10:22:38.993964

c4xkstyo3z8 >> End >> 2020-08-23 10:22:39.139029

rmu8ieyo7aq >> Start >> 2020-08-23 10:24:57.927359

rmu8ieyo7aq >> Image Returned >> 2020-08-23 10:24:57.932269

rmu8ieyo7aq >> End >> 2020-08-23 10:24:58.076150

tg7uxthrhw0 >> Start >> 2020-08-23 10:47:41.460347

tg7uxthrhw0 >> Image Returned >> 2020-08-23 10:47:41.463985

tg7uxthrhw0 >> End >> 2020-08-23 10:47:41.611385

yy8x3v34wcz >> Start >> 2020-08-23 10:53:46.926841

yy8x3v34wcz >> Image Returned >> 2020-08-23 10:53:46.931762

yy8x3v34wcz >> End >> 2020-08-23 10:53:47.078824

eswga4wt5wm >> Start >> 2020-08-23 10:56:38.743202

eswga4wt5wm >> Image Returned >> 2020-08-23 10:56:38.747389

eswga4wt5wm >> End >> 2020-08-23 10:56:38.892303

ygaeqnczgg2 >> Start >> 2020-08-23 11:12:11.612942

ygaeqnczgg2 >> Image Returned >> 2020-08-23 11:12:11.616856

ygaeqnczgg2 >> End >> 2020-08-23 11:12:11.761995

pbuhvs2sv2k >> Start >> 2020-08-23 11:36:45.134344

pbuhvs2sv2k >> Image Returned >> 2020-08-23 11:36:45.139426

pbuhvs2sv2k >> End >> 2020-08-23 11:36:45.283988

w7552rygitp >> Start >> 2020-08-23 11:36:57.886452

w7552rygitp >> Image Returned >> 2020-08-23 11:36:57.890513

w7552rygitp >> End >> 2020-08-23 11:36:58.038775

k6due8xs7rd >> Start >> 2020-08-23 11:37:13.240766

k6due8xs7rd >> Image Returned >> 2020-08-23 11:37:13.244298

k6due8xs7rd >> End >> 2020-08-23 11:37:13.416708

rz0jp5eb4sw >> Start >> 2020-08-23 11:37:14.230082

rz0jp5eb4sw >> Image Returned >> 2020-08-23 11:37:14.230384

rz0jp5eb4sw >> End >> 2020-08-23 11:37:14.370933

aqtgrm8syy8 >> Start >> 2020-08-23 11:40:52.739545

aqtgrm8syy8 >> Image Returned >> 2020-08-23 11:40:52.744729

aqtgrm8syy8 >> End >> 2020-08-23 11:40:52.888793

qpzovj280ow >> Start >> 2020-08-23 11:51:56.235696

qpzovj280ow >> Image Returned >> 2020-08-23 11:51:56.242192

qpzovj280ow >> End >> 2020-08-23 11:51:56.391221

rcou5cmwkyt >> Start >> 2020-08-23 12:02:59.233788

rcou5cmwkyt >> Image Returned >> 2020-08-23 12:02:59.238140

rcou5cmwkyt >> End >> 2020-08-23 12:02:59.379688

qpw54cmwdad >> Start >> 2020-08-23 12:03:40.181654

qpw54cmwdad >> Image Returned >> 2020-08-23 12:03:40.185277

qpw54cmwdad >> End >> 2020-08-23 12:03:40.353645

tq0877ce0y3 >> Start >> 2020-08-23 12:07:38.266091

tq0877ce0y3 >> Image Returned >> 2020-08-23 12:07:38.271461

tq0877ce0y3 >> End >> 2020-08-23 12:07:38.417085

7i464wbryd0 >> Start >> 2020-08-23 12:07:49.911056

7i464wbryd0 >> Image Returned >> 2020-08-23 12:07:49.911366

7i464wbryd0 >> End >> 2020-08-23 12:07:50.084769

wfir0n40xee >> Start >> 2020-08-23 12:12:40.775715

wfir0n40xee >> Image Returned >> 2020-08-23 12:12:40.780492

wfir0n40xee >> End >> 2020-08-23 12:12:40.924079

8kwji7ova8z >> Start >> 2020-08-23 12:25:50.319638

8kwji7ova8z >> Image Returned >> 2020-08-23 12:25:50.324031

8kwji7ova8z >> End >> 2020-08-23 12:25:50.472822

w32s2s3w8tq >> Start >> 2020-08-23 12:41:30.654115

w32s2s3w8tq >> Image Returned >> 2020-08-23 12:41:30.658485

w32s2s3w8tq >> End >> 2020-08-23 12:41:30.807965

cnt3wmeqqj7 >> Start >> 2020-08-23 12:45:42.198096

cnt3wmeqqj7 >> Image Returned >> 2020-08-23 12:45:42.203080

cnt3wmeqqj7 >> End >> 2020-08-23 12:45:42.348512

etc46aq3roz >> Start >> 2020-08-23 13:03:29.906404

etc46aq3roz >> Image Returned >> 2020-08-23 13:03:29.910012

etc46aq3roz >> End >> 2020-08-23 13:03:30.038445

yd3odvi2zqh >> Start >> 2020-08-23 13:11:10.630229

yd3odvi2zqh >> Image Returned >> 2020-08-23 13:11:10.634715

yd3odvi2zqh >> End >> 2020-08-23 13:11:10.775664

pjoemdfmc22 >> Start >> 2020-08-23 13:18:31.130099

pjoemdfmc22 >> Image Returned >> 2020-08-23 13:18:31.134579

pjoemdfmc22 >> End >> 2020-08-23 13:18:31.272244

t68gv78ws7f >> Start >> 2020-08-23 13:18:40.508188

t68gv78ws7f >> Image Returned >> 2020-08-23 13:18:40.508496

t68gv78ws7f >> End >> 2020-08-23 13:18:40.651204

su8f0w2pizz >> Start >> 2020-08-23 13:19:57.655399

su8f0w2pizz >> Image Returned >> 2020-08-23 13:19:57.659420

su8f0w2pizz >> End >> 2020-08-23 13:19:57.798135

td80vbkacfj >> Start >> 2020-08-23 13:28:11.493938

td80vbkacfj >> Image Returned >> 2020-08-23 13:28:11.498471

td80vbkacfj >> End >> 2020-08-23 13:28:11.644594

efc50c5yp2c >> Start >> 2020-08-23 13:36:01.511619

efc50c5yp2c >> Image Returned >> 2020-08-23 13:36:01.515743

efc50c5yp2c >> End >> 2020-08-23 13:36:01.666980

yu03qf6zgxj >> Start >> 2020-08-23 13:45:51.922344

yu03qf6zgxj >> Image Returned >> 2020-08-23 13:45:51.927807

yu03qf6zgxj >> End >> 2020-08-23 13:45:52.078994

yi44qggwrg3 >> Start >> 2020-08-23 13:57:49.020251

yi44qggwrg3 >> Image Returned >> 2020-08-23 13:57:49.023719

yi44qggwrg3 >> End >> 2020-08-23 13:57:49.169064

aqahso626pk >> Start >> 2020-08-23 14:06:05.677138

aqahso626pk >> Image Returned >> 2020-08-23 14:06:05.682626

aqahso626pk >> End >> 2020-08-23 14:06:05.824362

e5khs577g4e >> Start >> 2020-08-23 14:13:28.561716

e5khs577g4e >> Image Returned >> 2020-08-23 14:13:28.565253

at6fmmw8yke >> Start >> 2020-08-23 14:13:28.688771

at6fmmw8yke >> Image Returned >> 2020-08-23 14:13:28.692259

e5khs577g4e >> End >> 2020-08-23 14:13:28.717189

at6fmmw8yke >> End >> 2020-08-23 14:13:28.840365

gvumywbgq6q >> Start >> 2020-08-23 14:23:15.034682

gvumywbgq6q >> Image Returned >> 2020-08-23 14:23:15.039316

gvumywbgq6q >> End >> 2020-08-23 14:23:15.185961

r7x64pwej0w >> Start >> 2020-08-23 14:25:52.730535

r7x64pwej0w >> Image Returned >> 2020-08-23 14:25:52.735114

r7x64pwej0w >> End >> 2020-08-23 14:25:52.876650

v8uc6qvkfrg >> Start >> 2020-08-23 14:26:06.715517

v8uc6qvkfrg >> Image Returned >> 2020-08-23 14:26:06.719008

v8uc6qvkfrg >> End >> 2020-08-23 14:26:06.864990

30zdx63mnvh >> Start >> 2020-08-23 14:26:07.524928

30zdx63mnvh >> Image Returned >> 2020-08-23 14:26:07.525237

30zdx63mnvh >> End >> 2020-08-23 14:26:07.673294

e55u2c2uoqd >> Start >> 2020-08-23 14:35:39.662714

e55u2c2uoqd >> Image Returned >> 2020-08-23 14:35:39.667021

e55u2c2uoqd >> End >> 2020-08-23 14:35:39.807965

wgp2hyqynq3 >> Start >> 2020-08-23 14:39:46.568290

wgp2hyqynq3 >> Image Returned >> 2020-08-23 14:39:46.572932

wgp2hyqynq3 >> End >> 2020-08-23 14:39:46.722284

qv5bd4qjqud >> Start >> 2020-08-23 14:43:19.239537

qv5bd4qjqud >> Image Returned >> 2020-08-23 14:43:19.243797

qv5bd4qjqud >> End >> 2020-08-23 14:43:19.390500

imnq80o5jxe >> Start >> 2020-08-23 14:44:57.135050

imnq80o5jxe >> Image Returned >> 2020-08-23 14:44:57.140054

imnq80o5jxe >> End >> 2020-08-23 14:44:57.286185

t4ezrbshazn >> Start >> 2020-08-23 14:45:06.854899

t4ezrbshazn >> Image Returned >> 2020-08-23 14:45:06.855207

t4ezrbshazn >> End >> 2020-08-23 14:45:06.993897

32ubo7wmdss >> Start >> 2020-08-23 14:45:21.063446

32ubo7wmdss >> Image Returned >> 2020-08-23 14:45:21.067013

32ubo7wmdss >> End >> 2020-08-23 14:45:21.210253

gtrkawezqfu >> Start >> 2020-08-23 14:45:49.628334

gtrkawezqfu >> Image Returned >> 2020-08-23 14:45:49.631767

gtrkawezqfu >> End >> 2020-08-23 14:45:49.780042

oijaiht4804 >> Start >> 2020-08-23 14:57:33.496177

oijaiht4804 >> Image Returned >> 2020-08-23 14:57:33.500190

oijaiht4804 >> End >> 2020-08-23 14:57:33.655344

r0ekbu65use >> Start >> 2020-08-23 15:09:11.856365

r0ekbu65use >> Image Returned >> 2020-08-23 15:09:11.862696

r0ekbu65use >> End >> 2020-08-23 15:09:12.002629

q7524hb5rs6 >> Start >> 2020-08-23 15:21:43.612917

q7524hb5rs6 >> Image Returned >> 2020-08-23 15:21:43.616548

q7524hb5rs6 >> End >> 2020-08-23 15:21:43.771943

5psgnfy7p46 >> Start >> 2020-08-23 15:31:11.209187

5psgnfy7p46 >> Image Returned >> 2020-08-23 15:31:11.213417

5psgnfy7p46 >> End >> 2020-08-23 15:31:11.356093

uesi5wetgce >> Start >> 2020-08-23 15:33:19.658957

uesi5wetgce >> Image Returned >> 2020-08-23 15:33:19.662564

uesi5wetgce >> End >> 2020-08-23 15:33:19.834595

5kaypnod2ry >> Start >> 2020-08-23 15:52:49.091593

5kaypnod2ry >> Image Returned >> 2020-08-23 15:52:49.096214

5kaypnod2ry >> End >> 2020-08-23 15:52:49.242082

bdxyy4xxvsy >> Start >> 2020-08-23 15:55:37.383626

bdxyy4xxvsy >> Image Returned >> 2020-08-23 15:55:37.389132

bdxyy4xxvsy >> End >> 2020-08-23 15:55:37.517474

6gkzqmuahg5 >> Start >> 2020-08-23 15:56:45.926693

6gkzqmuahg5 >> Image Returned >> 2020-08-23 15:56:45.930399

6gkzqmuahg5 >> End >> 2020-08-23 15:56:46.073261

g35jp5fkrc4 >> Start >> 2020-08-23 15:58:06.094980

g35jp5fkrc4 >> Image Returned >> 2020-08-23 15:58:06.099179

g35jp5fkrc4 >> End >> 2020-08-23 15:58:06.243468

gy88frc7e8k >> Start >> 2020-08-23 15:58:11.217533

gy88frc7e8k >> Image Returned >> 2020-08-23 15:58:11.217832

gy88frc7e8k >> End >> 2020-08-23 15:58:11.358419

tbpxfa6ghir >> Start >> 2020-08-23 16:01:52.535651

tbpxfa6ghir >> Image Returned >> 2020-08-23 16:01:52.539176

tbpxfa6ghir >> End >> 2020-08-23 16:01:52.682655

cnjdaut0a3n >> Start >> 2020-08-23 16:06:50.217797

cnjdaut0a3n >> Image Returned >> 2020-08-23 16:06:50.223473

cnjdaut0a3n >> End >> 2020-08-23 16:06:50.366472

zvyiimdc54u >> Start >> 2020-08-23 16:07:45.723715

zvyiimdc54u >> Image Returned >> 2020-08-23 16:07:45.727865

zvyiimdc54u >> End >> 2020-08-23 16:07:45.879589

s78uyi7rs6q >> Start >> 2020-08-23 16:14:24.291258

s78uyi7rs6q >> Image Returned >> 2020-08-23 16:14:24.295417

s78uyi7rs6q >> End >> 2020-08-23 16:14:24.446794

npmfgkgiu54 >> Start >> 2020-08-23 16:23:11.546818

npmfgkgiu54 >> Image Returned >> 2020-08-23 16:23:11.552978

npmfgkgiu54 >> End >> 2020-08-23 16:23:11.700335

z7672scs52p >> Start >> 2020-08-23 16:27:40.969692

z7672scs52p >> Image Returned >> 2020-08-23 16:27:40.975507

z7672scs52p >> End >> 2020-08-23 16:27:41.116745

ymjb8c28uqp >> Start >> 2020-08-23 16:34:24.620294

ymjb8c28uqp >> Image Returned >> 2020-08-23 16:34:24.623935

ymjb8c28uqp >> End >> 2020-08-23 16:34:24.771306

g4hq4g40tto >> Start >> 2020-08-23 16:52:45.372311

g4hq4g40tto >> Image Returned >> 2020-08-23 16:52:45.378055

g4hq4g40tto >> End >> 2020-08-23 16:52:45.522512

k5s24edncw6 >> Start >> 2020-08-23 16:53:33.629499

k5s24edncw6 >> Image Returned >> 2020-08-23 16:53:33.633069

k5s24edncw6 >> End >> 2020-08-23 16:53:33.790410

kev7foenjte >> Start >> 2020-08-23 16:55:17.916589

kev7foenjte >> Image Returned >> 2020-08-23 16:55:17.921408

kev7foenjte >> End >> 2020-08-23 16:55:18.060820

5tce2jikjwt >> Start >> 2020-08-23 16:59:31.034672

5tce2jikjwt >> Image Returned >> 2020-08-23 16:59:31.040194

5tce2jikjwt >> End >> 2020-08-23 16:59:31.184494

ratxmdgb34p >> Start >> 2020-08-23 17:01:16.181478

ratxmdgb34p >> Image Returned >> 2020-08-23 17:01:16.185317

ratxmdgb34p >> End >> 2020-08-23 17:01:16.336230

23xzipfnz2x >> Start >> 2020-08-23 17:03:29.861413

23xzipfnz2x >> Image Returned >> 2020-08-23 17:03:29.866343

23xzipfnz2x >> End >> 2020-08-23 17:03:30.017534

wibfq5i4v45 >> Start >> 2020-08-23 17:08:55.056859

wibfq5i4v45 >> Image Returned >> 2020-08-23 17:08:55.061062

wibfq5i4v45 >> End >> 2020-08-23 17:08:55.212416

y53hw4sy3pq >> Start >> 2020-08-23 17:18:15.193519

y53hw4sy3pq >> Image Returned >> 2020-08-23 17:18:15.197618

y53hw4sy3pq >> End >> 2020-08-23 17:18:15.348558

ikfi67zrvxm >> Start >> 2020-08-23 17:32:01.490962

ikfi67zrvxm >> Image Returned >> 2020-08-23 17:32:01.495342

ikfi67zrvxm >> End >> 2020-08-23 17:32:01.649549

jzzoctmrqhr >> Start >> 2020-08-23 17:56:50.732464

jzzoctmrqhr >> Image Returned >> 2020-08-23 17:56:50.736785

jzzoctmrqhr >> End >> 2020-08-23 17:56:50.885345

3uhzihdffg8 >> Start >> 2020-08-23 18:12:18.926711

3uhzihdffg8 >> Image Returned >> 2020-08-23 18:12:18.930941

3uhzihdffg8 >> End >> 2020-08-23 18:12:19.073762

8mhk378tpg6 >> Start >> 2020-08-23 18:12:37.107248

8mhk378tpg6 >> Image Returned >> 2020-08-23 18:12:37.110841

8mhk378tpg6 >> End >> 2020-08-23 18:12:37.258250

g5r280t8cgk >> Start >> 2020-08-23 18:23:26.522609

g5r280t8cgk >> Image Returned >> 2020-08-23 18:23:26.528532

g5r280t8cgk >> End >> 2020-08-23 18:23:26.674191

zts4tidyfy0 >> Start >> 2020-08-23 18:28:50.556915

zts4tidyfy0 >> Image Returned >> 2020-08-23 18:28:50.561469

zts4tidyfy0 >> End >> 2020-08-23 18:28:50.708781

yh47kqgxqp8 >> Start >> 2020-08-23 18:49:20.437557

yh47kqgxqp8 >> Image Returned >> 2020-08-23 18:49:20.442094

yh47kqgxqp8 >> End >> 2020-08-23 18:49:20.583456

edyzuvcuygs >> Start >> 2020-08-23 19:05:50.949561

edyzuvcuygs >> Image Returned >> 2020-08-23 19:05:50.953300

edyzuvcuygs >> End >> 2020-08-23 19:05:51.098947

zoatntya6x0 >> Start >> 2020-08-23 19:18:14.988032

zoatntya6x0 >> Image Returned >> 2020-08-23 19:18:14.993447

zoatntya6x0 >> End >> 2020-08-23 19:18:15.136584

05pmb0jdtnh >> Start >> 2020-08-23 19:41:55.582066

05pmb0jdtnh >> Image Returned >> 2020-08-23 19:41:55.585609

05pmb0jdtnh >> End >> 2020-08-23 19:41:55.727938

hkad5f40oxo >> Start >> 2020-08-23 19:43:22.326215

hkad5f40oxo >> Image Returned >> 2020-08-23 19:43:22.331085

hkad5f40oxo >> End >> 2020-08-23 19:43:22.481091

ihiumjxyks8 >> Start >> 2020-08-23 19:44:55.532692

ihiumjxyks8 >> Image Returned >> 2020-08-23 19:44:55.536462

ihiumjxyks8 >> End >> 2020-08-23 19:44:55.685036

0sqmdstevkv >> Start >> 2020-08-23 19:45:05.820471

0sqmdstevkv >> Image Returned >> 2020-08-23 19:45:05.820807

0sqmdstevkv >> End >> 2020-08-23 19:45:05.975086

mw6f8fdrygt >> Start >> 2020-08-23 19:45:29.327773

mw6f8fdrygt >> Image Returned >> 2020-08-23 19:45:29.331604

mw6f8fdrygt >> End >> 2020-08-23 19:45:29.480309

npvfhmtazr6 >> Start >> 2020-08-23 19:45:55.142190

npvfhmtazr6 >> Image Returned >> 2020-08-23 19:45:55.146605

npvfhmtazr6 >> End >> 2020-08-23 19:45:55.294564

y2y05e7uvt2 >> Start >> 2020-08-23 19:46:07.617527

y2y05e7uvt2 >> Image Returned >> 2020-08-23 19:46:07.621470

y2y05e7uvt2 >> End >> 2020-08-23 19:46:07.771847

hyba8xgdfwq >> Start >> 2020-08-23 19:47:20.431380

hyba8xgdfwq >> Image Returned >> 2020-08-23 19:47:20.437058

hyba8xgdfwq >> End >> 2020-08-23 19:47:20.585867

tgxh4xc8k8h >> Start >> 2020-08-23 19:48:36.487462

tgxh4xc8k8h >> Image Returned >> 2020-08-23 19:48:36.492178

tgxh4xc8k8h >> End >> 2020-08-23 19:48:36.634427

irhfw30zvnn >> Start >> 2020-08-23 19:49:40.845709

irhfw30zvnn >> Image Returned >> 2020-08-23 19:49:40.849456

irhfw30zvnn >> End >> 2020-08-23 19:49:40.995313

iiji7e8epc4 >> Start >> 2020-08-23 19:51:41.930308

iiji7e8epc4 >> Image Returned >> 2020-08-23 19:51:41.934185

iiji7e8epc4 >> End >> 2020-08-23 19:51:42.061414

m08dcomnhwf >> Start >> 2020-08-23 19:51:43.125847

m08dcomnhwf >> Image Returned >> 2020-08-23 19:51:43.126171

m08dcomnhwf >> End >> 2020-08-23 19:51:43.273411

35g58x8swvo >> Start >> 2020-08-23 19:53:26.524620

35g58x8swvo >> Image Returned >> 2020-08-23 19:53:26.528316

35g58x8swvo >> End >> 2020-08-23 19:53:26.674072

bxasm5nxmgq >> Start >> 2020-08-23 19:56:42.311007

bxasm5nxmgq >> Image Returned >> 2020-08-23 19:56:42.315829

bxasm5nxmgq >> End >> 2020-08-23 19:56:42.461385

zrxzyv5osui >> Start >> 2020-08-23 20:00:31.472449

zrxzyv5osui >> Image Returned >> 2020-08-23 20:00:31.478996

zrxzyv5osui >> End >> 2020-08-23 20:00:31.627922

v706tzywwsi >> Start >> 2020-08-23 20:09:03.322324

v706tzywwsi >> Image Returned >> 2020-08-23 20:09:03.328017

v706tzywwsi >> End >> 2020-08-23 20:09:03.478925

7azcmqo707p >> Start >> 2020-08-23 20:20:02.063112

7azcmqo707p >> Image Returned >> 2020-08-23 20:20:02.068222

7azcmqo707p >> End >> 2020-08-23 20:20:02.223654

eqc45hbdfth >> Start >> 2020-08-23 20:20:38.938328

eqc45hbdfth >> Image Returned >> 2020-08-23 20:20:38.943720

eqc45hbdfth >> End >> 2020-08-23 20:20:39.092268

e2xdcebgoai >> Start >> 2020-08-23 20:27:17.247818

e2xdcebgoai >> Image Returned >> 2020-08-23 20:27:17.251799

e2xdcebgoai >> End >> 2020-08-23 20:27:17.402983

4nmfqmfr2we >> Start >> 2020-08-23 20:30:24.626708

4nmfqmfr2we >> Image Returned >> 2020-08-23 20:30:24.632801

4nmfqmfr2we >> End >> 2020-08-23 20:30:24.772994

7etzisgnh7p >> Start >> 2020-08-23 20:35:07.443192

7etzisgnh7p >> Image Returned >> 2020-08-23 20:35:07.450057

7etzisgnh7p >> End >> 2020-08-23 20:35:07.593187

8aytaspfmby >> Start >> 2020-08-23 20:35:21.407748

8aytaspfmby >> Image Returned >> 2020-08-23 20:35:21.412269

8aytaspfmby >> End >> 2020-08-23 20:35:21.562037

pxpdtcghmpr >> Start >> 2020-08-23 20:38:50.373265

pxpdtcghmpr >> Image Returned >> 2020-08-23 20:38:50.376915

pxpdtcghmpr >> End >> 2020-08-23 20:38:50.524689

8biyndiutff >> Start >> 2020-08-23 20:39:25.139044

8biyndiutff >> Image Returned >> 2020-08-23 20:39:25.143579

8biyndiutff >> End >> 2020-08-23 20:39:25.292083

meqapmgedsr >> Start >> 2020-08-23 20:44:27.648437

meqapmgedsr >> Image Returned >> 2020-08-23 20:44:27.654629

meqapmgedsr >> End >> 2020-08-23 20:44:27.800018

dvqsz6pqv6w >> Start >> 2020-08-23 20:44:36.874324

dvqsz6pqv6w >> Image Returned >> 2020-08-23 20:44:36.874635

dvqsz6pqv6w >> End >> 2020-08-23 20:44:37.017514

w23o3zkmfev >> Start >> 2020-08-23 20:46:40.580630

w23o3zkmfev >> Image Returned >> 2020-08-23 20:46:40.585232

w23o3zkmfev >> End >> 2020-08-23 20:46:40.728535

j02wzuwi827 >> Start >> 2020-08-23 20:49:06.310131

j02wzuwi827 >> Image Returned >> 2020-08-23 20:49:06.314639

j02wzuwi827 >> End >> 2020-08-23 20:49:06.457144

uv48h67ynw7 >> Start >> 2020-08-23 20:49:52.332714

uv48h67ynw7 >> Image Returned >> 2020-08-23 20:49:52.336523

uv48h67ynw7 >> End >> 2020-08-23 20:49:52.479792

pddituwtnbr >> Start >> 2020-08-23 20:54:07.225894

pddituwtnbr >> Image Returned >> 2020-08-23 20:54:07.232274

pddituwtnbr >> End >> 2020-08-23 20:54:07.373447

vbejvmtma0s >> Start >> 2020-08-23 20:58:06.959006

vbejvmtma0s >> Image Returned >> 2020-08-23 20:58:06.963323

vbejvmtma0s >> End >> 2020-08-23 20:58:07.102251

m7wae0rpxvt >> Start >> 2020-08-23 21:03:09.701550

m7wae0rpxvt >> Image Returned >> 2020-08-23 21:03:09.707233

m7wae0rpxvt >> End >> 2020-08-23 21:03:09.848731

ptptfzvpixj >> Start >> 2020-08-23 21:15:53.572360

ptptfzvpixj >> Image Returned >> 2020-08-23 21:15:53.577291

ptptfzvpixj >> End >> 2020-08-23 21:15:53.721054

87ky5ytyria >> Start >> 2020-08-23 21:18:38.650379

87ky5ytyria >> Image Returned >> 2020-08-23 21:18:38.656563

87ky5ytyria >> End >> 2020-08-23 21:18:38.807290

kg8npxdvyri >> Start >> 2020-08-23 21:19:28.099240

kg8npxdvyri >> Image Returned >> 2020-08-23 21:19:28.104535

kg8npxdvyri >> End >> 2020-08-23 21:19:28.253777

8cb5z47mmec >> Start >> 2020-08-23 21:19:31.451061

8cb5z47mmec >> Image Returned >> 2020-08-23 21:19:31.451378

8cb5z47mmec >> End >> 2020-08-23 21:19:31.595240

u7u0tstk5h6 >> Start >> 2020-08-23 21:22:52.836126

u7u0tstk5h6 >> Image Returned >> 2020-08-23 21:22:52.841207

u7u0tstk5h6 >> End >> 2020-08-23 21:22:52.986011

355aoeggrb7 >> Start >> 2020-08-23 21:41:33.067616

355aoeggrb7 >> Image Returned >> 2020-08-23 21:41:33.071531

355aoeggrb7 >> End >> 2020-08-23 21:41:33.211899

hygx4pd8r3e >> Start >> 2020-08-23 21:42:46.172019

hygx4pd8r3e >> Image Returned >> 2020-08-23 21:42:46.177124

hygx4pd8r3e >> End >> 2020-08-23 21:42:46.323772

dhirf2fuiw6 >> Start >> 2020-08-23 21:42:59.412781

dhirf2fuiw6 >> Image Returned >> 2020-08-23 21:42:59.416544

dhirf2fuiw6 >> End >> 2020-08-23 21:42:59.558128

vq6ihbsnc3e >> Start >> 2020-08-23 21:47:07.753407

vq6ihbsnc3e >> Image Returned >> 2020-08-23 21:47:07.757992

vq6ihbsnc3e >> End >> 2020-08-23 21:47:07.905828

6850x6x6erp >> Start >> 2020-08-23 21:47:19.193500

6850x6x6erp >> Image Returned >> 2020-08-23 21:47:19.197237

6850x6x6erp >> End >> 2020-08-23 21:47:19.337488

eewq82kmh3u >> Start >> 2020-08-23 21:55:29.199428

eewq82kmh3u >> Image Returned >> 2020-08-23 21:55:29.207992

eewq82kmh3u >> End >> 2020-08-23 21:55:29.352252

k7cur4x52br >> Start >> 2020-08-23 22:07:03.543260

k7cur4x52br >> Image Returned >> 2020-08-23 22:07:03.549326

k7cur4x52br >> End >> 2020-08-23 22:07:03.695688

dtv4rr4fnwg >> Start >> 2020-08-23 22:23:09.015693

dtv4rr4fnwg >> Image Returned >> 2020-08-23 22:23:09.021009

dtv4rr4fnwg >> End >> 2020-08-23 22:23:09.164165

50mwtjrog33 >> Start >> 2020-08-23 22:29:23.837017

50mwtjrog33 >> Image Returned >> 2020-08-23 22:29:23.841284

50mwtjrog33 >> End >> 2020-08-23 22:29:23.992110

pm7265g3i2m >> Start >> 2020-08-23 22:39:26.985251

pm7265g3i2m >> Image Returned >> 2020-08-23 22:39:26.990533

pm7265g3i2m >> End >> 2020-08-23 22:39:27.137428

ipjei87am0o >> Start >> 2020-08-23 22:58:16.693491

ipjei87am0o >> Image Returned >> 2020-08-23 22:58:16.699805

ipjei87am0o >> End >> 2020-08-23 22:58:16.844141

z2kjywyuegr >> Start >> 2020-08-23 23:17:27.360656

z2kjywyuegr >> Image Returned >> 2020-08-23 23:17:27.366787

z2kjywyuegr >> End >> 2020-08-23 23:17:27.515146

rgfn8n2i8bm >> Start >> 2020-08-23 23:20:15.672019

rgfn8n2i8bm >> Image Returned >> 2020-08-23 23:20:15.676480

rgfn8n2i8bm >> End >> 2020-08-23 23:20:15.821332

2f3t3t580pw >> Start >> 2020-08-23 23:35:00.943017

2f3t3t580pw >> Image Returned >> 2020-08-23 23:35:00.947525

2f3t3t580pw >> End >> 2020-08-23 23:35:01.089283

mpznggquidb >> Start >> 2020-08-23 23:36:21.380191

mpznggquidb >> Image Returned >> 2020-08-23 23:36:21.385596

mpznggquidb >> End >> 2020-08-23 23:36:21.532974

gdzjuvupypr >> Start >> 2020-08-23 23:38:14.703814

gdzjuvupypr >> Image Returned >> 2020-08-23 23:38:14.708972

gdzjuvupypr >> End >> 2020-08-23 23:38:14.854728

bthb0jwcr6a >> Start >> 2020-08-23 23:40:03.862972

bthb0jwcr6a >> Image Returned >> 2020-08-23 23:40:03.867285

bthb0jwcr6a >> End >> 2020-08-23 23:40:04.011087

fjonm2gkoke >> Start >> 2020-08-23 23:49:37.949305

fjonm2gkoke >> Image Returned >> 2020-08-23 23:49:37.953644

fjonm2gkoke >> End >> 2020-08-23 23:49:38.095182

