c3ubaus3naw >> Start >> 2020-08-18 00:05:17.860155

c3ubaus3naw >> Image Returned >> 2020-08-18 00:05:17.863127

c3ubaus3naw >> End >> 2020-08-18 00:05:18.002811

qodpm5nrzt0 >> Start >> 2020-08-18 00:15:06.507260

qodpm5nrzt0 >> Image Returned >> 2020-08-18 00:15:06.510005

qodpm5nrzt0 >> End >> 2020-08-18 00:15:06.652462

ky02pmqoh6u >> Start >> 2020-08-18 00:29:21.246417

ky02pmqoh6u >> Image Returned >> 2020-08-18 00:29:21.249385

ky02pmqoh6u >> End >> 2020-08-18 00:29:21.388324

piwowpi0etb >> Start >> 2020-08-18 00:45:46.932269

piwowpi0etb >> Image Returned >> 2020-08-18 00:45:46.935359

piwowpi0etb >> End >> 2020-08-18 00:45:47.078047

6t4u5oxptmj >> Start >> 2020-08-18 00:46:23.711189

6t4u5oxptmj >> Image Returned >> 2020-08-18 00:46:23.713893

6t4u5oxptmj >> End >> 2020-08-18 00:46:23.851573

s7fg4rapgng >> Start >> 2020-08-18 00:46:24.462994

s7fg4rapgng >> Image Returned >> 2020-08-18 00:46:24.463375

s7fg4rapgng >> End >> 2020-08-18 00:46:24.605083

ftavgn34mme >> Start >> 2020-08-18 00:46:25.209698

ftavgn34mme >> Image Returned >> 2020-08-18 00:46:25.210045

ftavgn34mme >> End >> 2020-08-18 00:46:25.359935

hstvthtttax >> Start >> 2020-08-18 00:48:58.691201

hstvthtttax >> Image Returned >> 2020-08-18 00:48:58.694042

hstvthtttax >> End >> 2020-08-18 00:48:58.832267

gj22jvkfmbo >> Start >> 2020-08-18 00:52:34.945421

gj22jvkfmbo >> Image Returned >> 2020-08-18 00:52:34.948256

gj22jvkfmbo >> End >> 2020-08-18 00:52:35.092991

vnndftzj63m >> Start >> 2020-08-18 01:33:53.298734

vnndftzj63m >> Image Returned >> 2020-08-18 01:33:53.301800

vnndftzj63m >> End >> 2020-08-18 01:33:53.445971

x5fwra0f78m >> Start >> 2020-08-18 02:07:05.627378

x5fwra0f78m >> Image Returned >> 2020-08-18 02:07:05.630476

x5fwra0f78m >> End >> 2020-08-18 02:07:05.775316

x6os0oi00qd >> Start >> 2020-08-18 02:07:22.389410

x6os0oi00qd >> Image Returned >> 2020-08-18 02:07:22.392278

x6os0oi00qd >> End >> 2020-08-18 02:07:22.541429

7yysxfufhxw >> Start >> 2020-08-18 02:13:20.146934

7yysxfufhxw >> Image Returned >> 2020-08-18 02:13:20.149818

7yysxfufhxw >> End >> 2020-08-18 02:13:20.297682

tjdpdcofxja >> Start >> 2020-08-18 02:15:27.356363

tjdpdcofxja >> Image Returned >> 2020-08-18 02:15:27.359126

tjdpdcofxja >> End >> 2020-08-18 02:15:27.505672

fmyv2yzxywz >> Start >> 2020-08-18 02:15:46.774030

fmyv2yzxywz >> Image Returned >> 2020-08-18 02:15:46.776799

fmyv2yzxywz >> End >> 2020-08-18 02:15:46.923630

ydxzzne3b73 >> Start >> 2020-08-18 02:20:03.627609

ydxzzne3b73 >> Image Returned >> 2020-08-18 02:20:03.630548

ydxzzne3b73 >> End >> 2020-08-18 02:20:03.775895

uoajgvsctrj >> Start >> 2020-08-18 02:23:22.409867

uoajgvsctrj >> Image Returned >> 2020-08-18 02:23:22.412761

uoajgvsctrj >> End >> 2020-08-18 02:23:22.539663

yrtppo5mdfu >> Start >> 2020-08-18 02:24:34.779851

yrtppo5mdfu >> Image Returned >> 2020-08-18 02:24:34.782640

yrtppo5mdfu >> End >> 2020-08-18 02:24:34.928725

cvdwjpgu0qm >> Start >> 2020-08-18 02:27:47.004751

cvdwjpgu0qm >> Image Returned >> 2020-08-18 02:27:47.008815

cvdwjpgu0qm >> End >> 2020-08-18 02:27:47.158004

cckzx0u67a8 >> Start >> 2020-08-18 02:28:25.489043

cckzx0u67a8 >> Image Returned >> 2020-08-18 02:28:25.491864

cckzx0u67a8 >> End >> 2020-08-18 02:28:25.628570

zhqbw0s4nnp >> Start >> 2020-08-18 02:29:09.950782

zhqbw0s4nnp >> Image Returned >> 2020-08-18 02:29:09.953510

zhqbw0s4nnp >> End >> 2020-08-18 02:29:10.096133

dufh5wqccdq >> Start >> 2020-08-18 02:34:50.335808

dufh5wqccdq >> Image Returned >> 2020-08-18 02:34:50.339040

dufh5wqccdq >> End >> 2020-08-18 02:34:50.481861

0jzr0u3imei >> Start >> 2020-08-18 02:35:09.598139

0jzr0u3imei >> Image Returned >> 2020-08-18 02:35:09.600908

0jzr0u3imei >> End >> 2020-08-18 02:35:09.738974

dgccwjr84c8 >> Start >> 2020-08-18 02:47:51.340097

dgccwjr84c8 >> Image Returned >> 2020-08-18 02:47:51.343683

dgccwjr84c8 >> End >> 2020-08-18 02:47:51.497443

vwck58ebiad >> Start >> 2020-08-18 02:51:16.574002

vwck58ebiad >> Image Returned >> 2020-08-18 02:51:16.578155

vwck58ebiad >> End >> 2020-08-18 02:51:16.722300

bzz6bubasen >> Start >> 2020-08-18 03:12:26.376432

bzz6bubasen >> Image Returned >> 2020-08-18 03:12:26.379093

bzz6bubasen >> End >> 2020-08-18 03:12:26.528244

hprs7paxabb >> Start >> 2020-08-18 04:22:17.154046

hprs7paxabb >> Image Returned >> 2020-08-18 04:22:17.156817

hprs7paxabb >> End >> 2020-08-18 04:22:17.340524

j023xj0opjk >> Start >> 2020-08-18 04:22:32.005970

j023xj0opjk >> Image Returned >> 2020-08-18 04:22:32.008846

j023xj0opjk >> End >> 2020-08-18 04:22:32.153285

5rnme3i8vip >> Start >> 2020-08-18 04:32:10.556972

5rnme3i8vip >> Image Returned >> 2020-08-18 04:32:10.559912

5rnme3i8vip >> End >> 2020-08-18 04:32:10.708374

hnuw48xprds >> Start >> 2020-08-18 05:11:35.246485

hnuw48xprds >> Image Returned >> 2020-08-18 05:11:35.249475

hnuw48xprds >> End >> 2020-08-18 05:11:35.392545

6jr7tepprq7 >> Start >> 2020-08-18 05:37:53.586936

6jr7tepprq7 >> Image Returned >> 2020-08-18 05:37:53.589720

6jr7tepprq7 >> End >> 2020-08-18 05:37:53.730319

e2r6tcfrzw6 >> Start >> 2020-08-18 05:38:09.890563

e2r6tcfrzw6 >> Image Returned >> 2020-08-18 05:38:09.893220

e2r6tcfrzw6 >> End >> 2020-08-18 05:38:10.041650

anrbg5o8pba >> Start >> 2020-08-18 05:39:40.092530

anrbg5o8pba >> Image Returned >> 2020-08-18 05:39:40.095467

anrbg5o8pba >> End >> 2020-08-18 05:39:40.232994

bzg4id4nktz >> Start >> 2020-08-18 06:22:41.037615

bzg4id4nktz >> Image Returned >> 2020-08-18 06:22:41.040313

bzg4id4nktz >> End >> 2020-08-18 06:22:41.179595

mhkj8qnyxa8 >> Start >> 2020-08-18 06:27:51.442938

mhkj8qnyxa8 >> Image Returned >> 2020-08-18 06:27:51.445826

mhkj8qnyxa8 >> End >> 2020-08-18 06:27:51.587582

02vj5gdosjp >> Start >> 2020-08-18 06:30:22.923614

02vj5gdosjp >> Image Returned >> 2020-08-18 06:30:22.926623

02vj5gdosjp >> End >> 2020-08-18 06:30:23.070664

wsc3xrzwynv >> Start >> 2020-08-18 06:30:49.234906

wsc3xrzwynv >> Image Returned >> 2020-08-18 06:30:49.239041

wsc3xrzwynv >> End >> 2020-08-18 06:30:49.376391

npm36skgf7f >> Start >> 2020-08-18 06:31:16.271970

npm36skgf7f >> Image Returned >> 2020-08-18 06:31:16.274991

npm36skgf7f >> End >> 2020-08-18 06:31:16.428191

hner5vsbo6c >> Start >> 2020-08-18 06:38:04.468928

hner5vsbo6c >> Image Returned >> 2020-08-18 06:38:04.473087

hner5vsbo6c >> End >> 2020-08-18 06:38:04.616457

5ypsxwhsbp7 >> Start >> 2020-08-18 07:06:40.169743

5ypsxwhsbp7 >> Image Returned >> 2020-08-18 07:06:40.172487

5ypsxwhsbp7 >> End >> 2020-08-18 07:06:40.317681

hxdqkfcxxkk >> Start >> 2020-08-18 07:12:23.562011

hxdqkfcxxkk >> Image Returned >> 2020-08-18 07:12:23.564975

hxdqkfcxxkk >> End >> 2020-08-18 07:12:23.706190

tdmmd4esj42 >> Start >> 2020-08-18 07:21:33.821046

tdmmd4esj42 >> Image Returned >> 2020-08-18 07:21:33.824404

tdmmd4esj42 >> End >> 2020-08-18 07:21:33.965420

ndwaq2d3drp >> Start >> 2020-08-18 07:32:29.621154

ndwaq2d3drp >> Image Returned >> 2020-08-18 07:32:29.624581

ndwaq2d3drp >> End >> 2020-08-18 07:32:29.766139

fq4otffgwdv >> Start >> 2020-08-18 07:34:02.459031

fq4otffgwdv >> Image Returned >> 2020-08-18 07:34:02.462048

fq4otffgwdv >> End >> 2020-08-18 07:34:02.604684

esbucstk5vv >> Start >> 2020-08-18 07:34:03.409959

esbucstk5vv >> Image Returned >> 2020-08-18 07:34:03.410234

esbucstk5vv >> End >> 2020-08-18 07:34:03.546004

wfxei8zhn3m >> Start >> 2020-08-18 08:25:25.094168

wfxei8zhn3m >> Image Returned >> 2020-08-18 08:25:25.097235

wfxei8zhn3m >> End >> 2020-08-18 08:25:25.240825

c4mcbd45i4t >> Start >> 2020-08-18 08:27:10.488034

c4mcbd45i4t >> Image Returned >> 2020-08-18 08:27:10.490895

c4mcbd45i4t >> End >> 2020-08-18 08:27:10.631349

tgcijtismd7 >> Start >> 2020-08-18 08:27:39.151082

tgcijtismd7 >> Image Returned >> 2020-08-18 08:27:39.154206

tgcijtismd7 >> End >> 2020-08-18 08:27:39.298126

xx348su4iia >> Start >> 2020-08-18 08:30:03.729604

xx348su4iia >> Image Returned >> 2020-08-18 08:30:03.732337

xx348su4iia >> End >> 2020-08-18 08:30:03.895431

c2vrqruf3z0 >> Start >> 2020-08-18 08:40:54.275597

c2vrqruf3z0 >> Image Returned >> 2020-08-18 08:40:54.278553

c2vrqruf3z0 >> End >> 2020-08-18 08:40:54.434268

xohirsn6muw >> Start >> 2020-08-18 08:41:20.043135

xohirsn6muw >> Image Returned >> 2020-08-18 08:41:20.046236

xohirsn6muw >> End >> 2020-08-18 08:41:20.196723

0wqvnyyce0y >> Start >> 2020-08-18 08:41:21.649863

0wqvnyyce0y >> Image Returned >> 2020-08-18 08:41:21.650149

0wqvnyyce0y >> End >> 2020-08-18 08:41:21.793947

4i2eaz72jzj >> Start >> 2020-08-18 08:44:58.208374

4i2eaz72jzj >> Image Returned >> 2020-08-18 08:44:58.211298

4i2eaz72jzj >> End >> 2020-08-18 08:44:58.357458

v2qfcvgcebx >> Start >> 2020-08-18 08:45:46.217356

v2qfcvgcebx >> Image Returned >> 2020-08-18 08:45:46.220464

v2qfcvgcebx >> End >> 2020-08-18 08:45:46.366005

0mb4kc3rc0h >> Start >> 2020-08-18 08:54:20.654798

0mb4kc3rc0h >> Image Returned >> 2020-08-18 08:54:20.657891

0mb4kc3rc0h >> End >> 2020-08-18 08:54:20.803050

ugquhvs6eom >> Start >> 2020-08-18 08:55:17.353585

ugquhvs6eom >> Image Returned >> 2020-08-18 08:55:17.356312

ugquhvs6eom >> End >> 2020-08-18 08:55:17.495111

azuogz3vprt >> Start >> 2020-08-18 08:57:18.193291

azuogz3vprt >> Image Returned >> 2020-08-18 08:57:18.196413

azuogz3vprt >> End >> 2020-08-18 08:57:18.339144

zei4d70hucm >> Start >> 2020-08-18 08:57:38.546967

zei4d70hucm >> Image Returned >> 2020-08-18 08:57:38.550290

zei4d70hucm >> End >> 2020-08-18 08:57:38.689712

qfgg8jd8bfj >> Start >> 2020-08-18 09:00:59.102941

qfgg8jd8bfj >> Image Returned >> 2020-08-18 09:00:59.106111

qfgg8jd8bfj >> End >> 2020-08-18 09:00:59.271380

0wgwohos377 >> Start >> 2020-08-18 09:01:49.251864

0wgwohos377 >> Image Returned >> 2020-08-18 09:01:49.254854

0wgwohos377 >> End >> 2020-08-18 09:01:49.399290

piiob73saoy >> Start >> 2020-08-18 09:08:29.980927

piiob73saoy >> Image Returned >> 2020-08-18 09:08:29.984600

piiob73saoy >> End >> 2020-08-18 09:08:30.138581

kt46toa85ec >> Start >> 2020-08-18 09:09:32.496052

kt46toa85ec >> Image Returned >> 2020-08-18 09:09:32.499250

kt46toa85ec >> End >> 2020-08-18 09:09:32.641705

4uk4x2i3pbu >> Start >> 2020-08-18 09:10:10.271236

4uk4x2i3pbu >> Image Returned >> 2020-08-18 09:10:10.274076

4uk4x2i3pbu >> End >> 2020-08-18 09:10:10.421737

7xt44yzg8b6 >> Start >> 2020-08-18 09:16:17.409553

7xt44yzg8b6 >> Image Returned >> 2020-08-18 09:16:17.412384

7xt44yzg8b6 >> End >> 2020-08-18 09:16:17.556071

rykw3ud6kvi >> Start >> 2020-08-18 09:22:27.894540

rykw3ud6kvi >> Image Returned >> 2020-08-18 09:22:27.898040

rykw3ud6kvi >> End >> 2020-08-18 09:22:28.037900

crjpme5k0gs >> Start >> 2020-08-18 09:24:44.840209

crjpme5k0gs >> Image Returned >> 2020-08-18 09:24:44.844765

crjpme5k0gs >> End >> 2020-08-18 09:24:44.992662

6creu2operr >> Start >> 2020-08-18 09:33:37.774758

6creu2operr >> Image Returned >> 2020-08-18 09:33:37.777570

6creu2operr >> End >> 2020-08-18 09:33:37.919724

a8z5et643tb >> Start >> 2020-08-18 10:05:05.254010

a8z5et643tb >> Image Returned >> 2020-08-18 10:05:05.257144

a8z5et643tb >> End >> 2020-08-18 10:05:05.406624

wxd7szhfoh2 >> Start >> 2020-08-18 10:06:37.334084

wxd7szhfoh2 >> Image Returned >> 2020-08-18 10:06:37.337798

wxd7szhfoh2 >> End >> 2020-08-18 10:06:37.476404

yy280iu0uxg >> Start >> 2020-08-18 10:07:07.592746

yy280iu0uxg >> Image Returned >> 2020-08-18 10:07:07.595541

yy280iu0uxg >> End >> 2020-08-18 10:07:07.738476

zxru8pc2476 >> Start >> 2020-08-18 10:08:23.696681

zxru8pc2476 >> Image Returned >> 2020-08-18 10:08:23.700062

zxru8pc2476 >> End >> 2020-08-18 10:08:23.846903

mjxmypbkeex >> Start >> 2020-08-18 10:22:57.198512

mjxmypbkeex >> Image Returned >> 2020-08-18 10:22:57.201698

mjxmypbkeex >> End >> 2020-08-18 10:22:57.351483

i7oxdvbqfnx >> Start >> 2020-08-18 10:22:57.407700

i7oxdvbqfnx >> Image Returned >> 2020-08-18 10:22:57.407985

i7oxdvbqfnx >> End >> 2020-08-18 10:22:57.555254

zi7yvy6yyij >> Start >> 2020-08-18 10:32:58.371380

zi7yvy6yyij >> Image Returned >> 2020-08-18 10:32:58.374629

zi7yvy6yyij >> End >> 2020-08-18 10:32:58.523654

sx383q7zqd0 >> Start >> 2020-08-18 10:38:49.613001

sx383q7zqd0 >> Image Returned >> 2020-08-18 10:38:49.616641

sx383q7zqd0 >> End >> 2020-08-18 10:38:49.766830

sqi3fwtjkdc >> Start >> 2020-08-18 10:39:44.572232

sqi3fwtjkdc >> Image Returned >> 2020-08-18 10:39:44.575062

sqi3fwtjkdc >> End >> 2020-08-18 10:39:44.720868

unx8tncvtcs >> Start >> 2020-08-18 10:41:38.064023

unx8tncvtcs >> Image Returned >> 2020-08-18 10:41:38.067203

unx8tncvtcs >> End >> 2020-08-18 10:41:38.212315

chdqo7uj6bk >> Start >> 2020-08-18 10:44:26.596832

chdqo7uj6bk >> Image Returned >> 2020-08-18 10:44:26.600487

chdqo7uj6bk >> End >> 2020-08-18 10:44:26.722588

2d5fa7veebd >> Start >> 2020-08-18 10:47:19.616466

2d5fa7veebd >> Image Returned >> 2020-08-18 10:47:19.619719

2d5fa7veebd >> End >> 2020-08-18 10:47:19.770324

mjd37qwcpto >> Start >> 2020-08-18 10:53:12.227511

mjd37qwcpto >> Image Returned >> 2020-08-18 10:53:12.230612

mjd37qwcpto >> End >> 2020-08-18 10:53:12.370546

qttha5xcsrm >> Start >> 2020-08-18 10:54:59.810492

qttha5xcsrm >> Image Returned >> 2020-08-18 10:54:59.813826

qttha5xcsrm >> End >> 2020-08-18 10:54:59.955112

qvjrke62f5i >> Start >> 2020-08-18 10:55:32.690673

qvjrke62f5i >> Image Returned >> 2020-08-18 10:55:32.693804

qvjrke62f5i >> End >> 2020-08-18 10:55:32.846549

yc3ewbgk5a8 >> Start >> 2020-08-18 10:57:32.722510

yc3ewbgk5a8 >> Image Returned >> 2020-08-18 10:57:32.725972

yc3ewbgk5a8 >> End >> 2020-08-18 10:57:32.868686

5soi7njpnij >> Start >> 2020-08-18 11:02:01.982867

5soi7njpnij >> Image Returned >> 2020-08-18 11:02:01.985945

5soi7njpnij >> End >> 2020-08-18 11:02:02.140752

xbyy7v8x3uf >> Start >> 2020-08-18 11:02:11.871037

xbyy7v8x3uf >> Image Returned >> 2020-08-18 11:02:11.871490

xbyy7v8x3uf >> End >> 2020-08-18 11:02:12.039688

apjg8hrheqa >> Start >> 2020-08-18 11:04:07.390969

apjg8hrheqa >> Image Returned >> 2020-08-18 11:04:07.394079

apjg8hrheqa >> End >> 2020-08-18 11:04:07.540568

rtcnoqjvdza >> Start >> 2020-08-18 11:21:29.032311

rtcnoqjvdza >> Image Returned >> 2020-08-18 11:21:29.036211

rtcnoqjvdza >> End >> 2020-08-18 11:21:29.180299

q70fwn5nads >> Start >> 2020-08-18 11:27:32.394181

q70fwn5nads >> Image Returned >> 2020-08-18 11:27:32.397150

q70fwn5nads >> End >> 2020-08-18 11:27:32.547199

c54zp3osrjz >> Start >> 2020-08-18 11:32:11.389288

c54zp3osrjz >> Image Returned >> 2020-08-18 11:32:11.392191

c54zp3osrjz >> End >> 2020-08-18 11:32:11.532922

5dfawnmr4fg >> Start >> 2020-08-18 11:46:53.767649

5dfawnmr4fg >> Image Returned >> 2020-08-18 11:46:53.770675

5dfawnmr4fg >> End >> 2020-08-18 11:46:53.916589

sibp6ogkr6o >> Start >> 2020-08-18 11:48:29.614855

sibp6ogkr6o >> Image Returned >> 2020-08-18 11:48:29.618460

sibp6ogkr6o >> End >> 2020-08-18 11:48:29.767457

umfjgsoss26 >> Start >> 2020-08-18 11:56:36.208621

umfjgsoss26 >> Image Returned >> 2020-08-18 11:56:36.212203

umfjgsoss26 >> End >> 2020-08-18 11:56:36.358854

42xzmtabyxu >> Start >> 2020-08-18 11:56:36.559556

42xzmtabyxu >> Image Returned >> 2020-08-18 11:56:36.559824

42xzmtabyxu >> End >> 2020-08-18 11:56:36.704725

p24y3bykyy5 >> Start >> 2020-08-18 12:06:36.984602

p24y3bykyy5 >> Image Returned >> 2020-08-18 12:06:36.989176

p24y3bykyy5 >> End >> 2020-08-18 12:06:37.144963

muupez3hzsw >> Start >> 2020-08-18 12:07:34.032962

muupez3hzsw >> Image Returned >> 2020-08-18 12:07:34.036256

muupez3hzsw >> End >> 2020-08-18 12:07:34.188328

muztkx5x0tc >> Start >> 2020-08-18 12:10:05.849050

muztkx5x0tc >> Image Returned >> 2020-08-18 12:10:05.852278

muztkx5x0tc >> End >> 2020-08-18 12:10:05.998466

0dm673qz668 >> Start >> 2020-08-18 12:23:39.781742

0dm673qz668 >> Image Returned >> 2020-08-18 12:23:39.785543

0dm673qz668 >> End >> 2020-08-18 12:23:39.935807

anmht5h2psq >> Start >> 2020-08-18 12:24:24.151598

anmht5h2psq >> Image Returned >> 2020-08-18 12:24:24.154520

anmht5h2psq >> End >> 2020-08-18 12:24:24.296220

2m5hzpfqah8 >> Start >> 2020-08-18 12:24:36.034380

2m5hzpfqah8 >> Image Returned >> 2020-08-18 12:24:36.037517

2m5hzpfqah8 >> End >> 2020-08-18 12:24:36.189975

rv7ka6q4oac >> Start >> 2020-08-18 12:30:17.167049

rv7ka6q4oac >> Image Returned >> 2020-08-18 12:30:17.169949

rv7ka6q4oac >> End >> 2020-08-18 12:30:17.323208

0xpokwuj5ka >> Start >> 2020-08-18 12:57:48.494445

0xpokwuj5ka >> Image Returned >> 2020-08-18 12:57:48.498074

0xpokwuj5ka >> End >> 2020-08-18 12:57:48.649432

nb26iiumx6u >> Start >> 2020-08-18 13:07:57.557913

nb26iiumx6u >> Image Returned >> 2020-08-18 13:07:57.561508

nb26iiumx6u >> End >> 2020-08-18 13:07:57.705995

hwhw5j5t6nw >> Start >> 2020-08-18 13:10:35.919240

hwhw5j5t6nw >> Image Returned >> 2020-08-18 13:10:35.923010

hwhw5j5t6nw >> End >> 2020-08-18 13:10:36.067030

icvou5hcx0v >> Start >> 2020-08-18 13:11:44.928330

icvou5hcx0v >> Image Returned >> 2020-08-18 13:11:44.932054

icvou5hcx0v >> End >> 2020-08-18 13:11:45.079436

qhzwnigthg7 >> Start >> 2020-08-18 13:29:36.284518

qhzwnigthg7 >> Image Returned >> 2020-08-18 13:29:36.287945

qhzwnigthg7 >> End >> 2020-08-18 13:29:36.431781

c8h0x7hrxr0 >> Start >> 2020-08-18 13:33:12.566315

c8h0x7hrxr0 >> Image Returned >> 2020-08-18 13:33:12.569300

c8h0x7hrxr0 >> End >> 2020-08-18 13:33:12.724106

v5424tk2hf7 >> Start >> 2020-08-18 13:37:25.813886

v5424tk2hf7 >> Image Returned >> 2020-08-18 13:37:25.817389

v5424tk2hf7 >> End >> 2020-08-18 13:37:25.969132

f5gnctqkput >> Start >> 2020-08-18 13:48:36.356605

f5gnctqkput >> Image Returned >> 2020-08-18 13:48:36.360181

f5gnctqkput >> End >> 2020-08-18 13:48:36.509094

52xgbjuabcx >> Start >> 2020-08-18 13:48:56.196480

52xgbjuabcx >> Image Returned >> 2020-08-18 13:48:56.199434

52xgbjuabcx >> End >> 2020-08-18 13:48:56.338908

nu6p4u3h50d >> Start >> 2020-08-18 13:53:27.583940

nu6p4u3h50d >> Image Returned >> 2020-08-18 13:53:27.587004

nu6p4u3h50d >> End >> 2020-08-18 13:53:27.731825

k86doxnq5ux >> Start >> 2020-08-18 14:20:15.122973

k86doxnq5ux >> Image Returned >> 2020-08-18 14:20:15.126208

k86doxnq5ux >> End >> 2020-08-18 14:20:15.268510

s72m472kqgb >> Start >> 2020-08-18 14:20:15.663923

s72m472kqgb >> Image Returned >> 2020-08-18 14:20:15.664252

s72m472kqgb >> End >> 2020-08-18 14:20:15.804366

ppqv83hqwie >> Start >> 2020-08-18 14:48:42.092221

ppqv83hqwie >> Image Returned >> 2020-08-18 14:48:42.095237

ppqv83hqwie >> End >> 2020-08-18 14:48:42.266652

5hfzr70ay8g >> Start >> 2020-08-18 14:49:17.766789

5hfzr70ay8g >> Image Returned >> 2020-08-18 14:49:17.769942

5hfzr70ay8g >> End >> 2020-08-18 14:49:17.913183

6xd3vh5nfww >> Start >> 2020-08-18 14:55:00.509272

6xd3vh5nfww >> Image Returned >> 2020-08-18 14:55:00.513442

6xd3vh5nfww >> End >> 2020-08-18 14:55:00.676383

pnfp67uh0wq >> Start >> 2020-08-18 15:01:15.843218

pnfp67uh0wq >> Image Returned >> 2020-08-18 15:01:15.846245

pnfp67uh0wq >> End >> 2020-08-18 15:01:16.005996

4tu5ngohhev >> Start >> 2020-08-18 15:03:15.311002

4tu5ngohhev >> Image Returned >> 2020-08-18 15:03:15.314680

4tu5ngohhev >> End >> 2020-08-18 15:03:15.472932

7gqfi7ng8xf >> Start >> 2020-08-18 15:08:13.626461

7gqfi7ng8xf >> Image Returned >> 2020-08-18 15:08:13.632462

7gqfi7ng8xf >> End >> 2020-08-18 15:08:13.783574

j2ssy0ba0iv >> Start >> 2020-08-18 15:33:46.221956

j2ssy0ba0iv >> Image Returned >> 2020-08-18 15:33:46.225379

j2ssy0ba0iv >> End >> 2020-08-18 15:33:46.366663

vcqybkt0h6h >> Start >> 2020-08-18 15:41:27.675160

vcqybkt0h6h >> Image Returned >> 2020-08-18 15:41:27.678286

vcqybkt0h6h >> End >> 2020-08-18 15:41:27.825387

5re0g4wttjr >> Start >> 2020-08-18 15:41:50.794600

5re0g4wttjr >> Image Returned >> 2020-08-18 15:41:50.797982

5re0g4wttjr >> End >> 2020-08-18 15:41:50.953134

xjhf3cpwsgz >> Start >> 2020-08-18 15:49:19.650547

xjhf3cpwsgz >> Image Returned >> 2020-08-18 15:49:19.654527

xjhf3cpwsgz >> End >> 2020-08-18 15:49:19.804454

juqju7ytkm4 >> Start >> 2020-08-18 15:54:07.534790

juqju7ytkm4 >> Image Returned >> 2020-08-18 15:54:07.538289

juqju7ytkm4 >> End >> 2020-08-18 15:54:07.694155

44f0pwowaam >> Start >> 2020-08-18 16:03:11.468951

44f0pwowaam >> Image Returned >> 2020-08-18 16:03:11.474725

44f0pwowaam >> End >> 2020-08-18 16:03:11.620099

wegbar5qsk8 >> Start >> 2020-08-18 16:09:17.048105

wegbar5qsk8 >> Image Returned >> 2020-08-18 16:09:17.052515

wegbar5qsk8 >> End >> 2020-08-18 16:09:17.196005

ypykga345cu >> Start >> 2020-08-18 16:13:44.286393

ypykga345cu >> Image Returned >> 2020-08-18 16:13:44.289892

ypykga345cu >> End >> 2020-08-18 16:13:44.440897

07rhsmpehro >> Start >> 2020-08-18 16:20:51.218317

07rhsmpehro >> Image Returned >> 2020-08-18 16:20:51.223083

07rhsmpehro >> End >> 2020-08-18 16:20:51.368299

ta3z0oku6b7 >> Start >> 2020-08-18 16:30:58.071285

ta3z0oku6b7 >> Image Returned >> 2020-08-18 16:30:58.075510

ta3z0oku6b7 >> End >> 2020-08-18 16:30:58.238368

oztjnueu8t2 >> Start >> 2020-08-18 16:31:14.076833

oztjnueu8t2 >> Image Returned >> 2020-08-18 16:31:14.080095

oztjnueu8t2 >> End >> 2020-08-18 16:31:14.227783

kxpyot4ibdi >> Start >> 2020-08-18 16:32:46.251148

kxpyot4ibdi >> Image Returned >> 2020-08-18 16:32:46.254620

kxpyot4ibdi >> End >> 2020-08-18 16:32:46.399394

tusum6ngadt >> Start >> 2020-08-18 16:33:04.143462

tusum6ngadt >> Image Returned >> 2020-08-18 16:33:04.146522

tusum6ngadt >> End >> 2020-08-18 16:33:04.290963

o7jsryw5up2 >> Start >> 2020-08-18 16:34:05.888958

o7jsryw5up2 >> Image Returned >> 2020-08-18 16:34:05.891999

o7jsryw5up2 >> End >> 2020-08-18 16:34:06.034589

y55b2ytira6 >> Start >> 2020-08-18 16:34:31.405661

y55b2ytira6 >> Image Returned >> 2020-08-18 16:34:31.408752

y55b2ytira6 >> End >> 2020-08-18 16:34:31.547347

8sw0z0e077c >> Start >> 2020-08-18 16:34:47.359776

8sw0z0e077c >> Image Returned >> 2020-08-18 16:34:47.363106

8sw0z0e077c >> End >> 2020-08-18 16:34:47.491339

cbv8e5x0x52 >> Start >> 2020-08-18 16:44:10.911617

cbv8e5x0x52 >> Image Returned >> 2020-08-18 16:44:10.915668

cbv8e5x0x52 >> End >> 2020-08-18 16:44:11.064526

6asibipcmca >> Start >> 2020-08-18 16:54:23.659917

6asibipcmca >> Image Returned >> 2020-08-18 16:54:23.663333

6asibipcmca >> End >> 2020-08-18 16:54:23.817543

ycxao4yfgok >> Start >> 2020-08-18 17:07:34.869040

ycxao4yfgok >> Image Returned >> 2020-08-18 17:07:34.874041

ycxao4yfgok >> End >> 2020-08-18 17:07:35.032202

2hip5yqwocj >> Start >> 2020-08-18 17:07:57.605863

2hip5yqwocj >> Image Returned >> 2020-08-18 17:07:57.609142

2hip5yqwocj >> End >> 2020-08-18 17:07:57.749934

6kykostw7h8 >> Start >> 2020-08-18 17:22:23.646840

6kykostw7h8 >> Image Returned >> 2020-08-18 17:22:23.651604

6kykostw7h8 >> End >> 2020-08-18 17:22:23.800806

0dfocuaf3ej >> Start >> 2020-08-18 17:36:55.216615

0dfocuaf3ej >> Image Returned >> 2020-08-18 17:36:55.221096

0dfocuaf3ej >> End >> 2020-08-18 17:36:55.369039

nercj2nx5z3 >> Start >> 2020-08-18 17:46:56.349530

nercj2nx5z3 >> Image Returned >> 2020-08-18 17:46:56.352992

nercj2nx5z3 >> End >> 2020-08-18 17:46:56.476823

avimnw6uvo3 >> Start >> 2020-08-18 17:50:34.034495

avimnw6uvo3 >> Image Returned >> 2020-08-18 17:50:34.038444

avimnw6uvo3 >> End >> 2020-08-18 17:50:34.182104

aftj50mrye7 >> Start >> 2020-08-18 17:56:36.464643

aftj50mrye7 >> Image Returned >> 2020-08-18 17:56:36.468686

aftj50mrye7 >> End >> 2020-08-18 17:56:36.629604

67d2e2bceet >> Start >> 2020-08-18 17:59:34.090205

67d2e2bceet >> Image Returned >> 2020-08-18 17:59:34.093671

67d2e2bceet >> End >> 2020-08-18 17:59:34.253791

xp2gxtoi5tt >> Start >> 2020-08-18 18:00:37.328573

xp2gxtoi5tt >> Image Returned >> 2020-08-18 18:00:37.332029

xp2gxtoi5tt >> End >> 2020-08-18 18:00:37.477372

va6rh5qh3st >> Start >> 2020-08-18 18:27:15.261455

va6rh5qh3st >> Image Returned >> 2020-08-18 18:27:15.265263

va6rh5qh3st >> End >> 2020-08-18 18:27:15.418956

f6eau3a0vdk >> Start >> 2020-08-18 18:30:43.923234

f6eau3a0vdk >> Image Returned >> 2020-08-18 18:30:43.927206

f6eau3a0vdk >> End >> 2020-08-18 18:30:44.072175

e6vvvxh0gu8 >> Start >> 2020-08-18 18:35:33.947789

e6vvvxh0gu8 >> Image Returned >> 2020-08-18 18:35:33.951584

e6vvvxh0gu8 >> End >> 2020-08-18 18:35:34.081166

iiif62jhf8v >> Start >> 2020-08-18 18:36:36.060297

iiif62jhf8v >> Image Returned >> 2020-08-18 18:36:36.064542

iiif62jhf8v >> End >> 2020-08-18 18:36:36.201807

j07zyugpfps >> Start >> 2020-08-18 18:49:49.064286

j07zyugpfps >> Image Returned >> 2020-08-18 18:49:49.068768

j07zyugpfps >> End >> 2020-08-18 18:49:49.225821

n32byhb2zfo >> Start >> 2020-08-18 18:56:35.009681

n32byhb2zfo >> Image Returned >> 2020-08-18 18:56:35.014050

n32byhb2zfo >> End >> 2020-08-18 18:56:35.159729

khcjkeg7vag >> Start >> 2020-08-18 18:57:17.653145

khcjkeg7vag >> Image Returned >> 2020-08-18 18:57:17.657300

khcjkeg7vag >> End >> 2020-08-18 18:57:17.785866

us2zyzrfmtm >> Start >> 2020-08-18 19:04:27.476427

us2zyzrfmtm >> Image Returned >> 2020-08-18 19:04:27.481297

us2zyzrfmtm >> End >> 2020-08-18 19:04:27.628146

2j3sihgdium >> Start >> 2020-08-18 19:07:31.719250

2j3sihgdium >> Image Returned >> 2020-08-18 19:07:31.723490

88d07n4fxqw >> Start >> 2020-08-18 19:07:31.794342

88d07n4fxqw >> Image Returned >> 2020-08-18 19:07:31.797595

2j3sihgdium >> End >> 2020-08-18 19:07:31.878300

88d07n4fxqw >> End >> 2020-08-18 19:07:31.975970

edqugcoyhbq >> Start >> 2020-08-18 19:19:30.084331

edqugcoyhbq >> Image Returned >> 2020-08-18 19:19:30.087729

edqugcoyhbq >> End >> 2020-08-18 19:19:30.222163

5sqqg5shvnd >> Start >> 2020-08-18 19:19:56.590563

5sqqg5shvnd >> Image Returned >> 2020-08-18 19:19:56.594032

5sqqg5shvnd >> End >> 2020-08-18 19:19:56.733400

7cj2kr7rrbz >> Start >> 2020-08-18 19:24:43.537478

7cj2kr7rrbz >> Image Returned >> 2020-08-18 19:24:43.540817

7cj2kr7rrbz >> End >> 2020-08-18 19:24:43.684250

buy56ubuy5o >> Start >> 2020-08-18 19:25:02.830142

buy56ubuy5o >> Image Returned >> 2020-08-18 19:25:02.833535

buy56ubuy5o >> End >> 2020-08-18 19:25:02.978230

n3khurosgmg >> Start >> 2020-08-18 19:26:56.656272

n3khurosgmg >> Image Returned >> 2020-08-18 19:26:56.660315

n3khurosgmg >> End >> 2020-08-18 19:26:56.813018

7k364n4um8i >> Start >> 2020-08-18 19:28:39.578008

7k364n4um8i >> Image Returned >> 2020-08-18 19:28:39.581195

7k364n4um8i >> End >> 2020-08-18 19:28:39.726463

r552w0dar4q >> Start >> 2020-08-18 19:29:06.964483

r552w0dar4q >> Image Returned >> 2020-08-18 19:29:06.967861

r552w0dar4q >> End >> 2020-08-18 19:29:07.122471

j4dkknys6v7 >> Start >> 2020-08-18 19:30:20.809142

j4dkknys6v7 >> Image Returned >> 2020-08-18 19:30:20.812290

j4dkknys6v7 >> End >> 2020-08-18 19:30:20.961796

w0g44g72qfb >> Start >> 2020-08-18 19:30:29.424801

w0g44g72qfb >> Image Returned >> 2020-08-18 19:30:29.425101

w0g44g72qfb >> End >> 2020-08-18 19:30:29.567970

cms6wtcxbnv >> Start >> 2020-08-18 19:36:24.272330

cms6wtcxbnv >> Image Returned >> 2020-08-18 19:36:24.276670

cms6wtcxbnv >> End >> 2020-08-18 19:36:24.425721

23isjhmw57q >> Start >> 2020-08-18 19:37:21.194119

23isjhmw57q >> Image Returned >> 2020-08-18 19:37:21.197925

23isjhmw57q >> End >> 2020-08-18 19:37:21.345388

ztzdwz8gkd2 >> Start >> 2020-08-18 19:43:35.498084

ztzdwz8gkd2 >> Image Returned >> 2020-08-18 19:43:35.502618

ztzdwz8gkd2 >> End >> 2020-08-18 19:43:35.644407

7ncoun5t25v >> Start >> 2020-08-18 19:43:50.257343

7ncoun5t25v >> Image Returned >> 2020-08-18 19:43:50.261012

7ncoun5t25v >> End >> 2020-08-18 19:43:50.404917

zyer5dd3utk >> Start >> 2020-08-18 19:49:49.019227

zyer5dd3utk >> Image Returned >> 2020-08-18 19:49:49.023938

zyer5dd3utk >> End >> 2020-08-18 19:49:49.174060

i6k0afasg70 >> Start >> 2020-08-18 19:50:02.653111

i6k0afasg70 >> Image Returned >> 2020-08-18 19:50:02.656213

i6k0afasg70 >> End >> 2020-08-18 19:50:02.816807

nc7s7ax4ajy >> Start >> 2020-08-18 19:58:25.548495

nc7s7ax4ajy >> Image Returned >> 2020-08-18 19:58:25.552529

nc7s7ax4ajy >> End >> 2020-08-18 19:58:25.694634

zfkfqfmmarx >> Start >> 2020-08-18 20:09:06.155066

zfkfqfmmarx >> Image Returned >> 2020-08-18 20:09:06.158912

zfkfqfmmarx >> End >> 2020-08-18 20:09:06.308237

stfrys05ob3 >> Start >> 2020-08-18 20:22:26.482223

stfrys05ob3 >> Image Returned >> 2020-08-18 20:22:26.485763

stfrys05ob3 >> End >> 2020-08-18 20:22:26.633662

abrqsmefvcu >> Start >> 2020-08-18 20:34:55.114538

abrqsmefvcu >> Image Returned >> 2020-08-18 20:34:55.118181

abrqsmefvcu >> End >> 2020-08-18 20:34:55.265533

ie7skv34bdv >> Start >> 2020-08-18 20:50:03.217891

ie7skv34bdv >> Image Returned >> 2020-08-18 20:50:03.222059

ie7skv34bdv >> End >> 2020-08-18 20:50:03.367263

245u8by8n5m >> Start >> 2020-08-18 20:55:53.499543

245u8by8n5m >> Image Returned >> 2020-08-18 20:55:53.504781

245u8by8n5m >> End >> 2020-08-18 20:55:53.653635

ahywzq3xtwp >> Start >> 2020-08-18 21:01:44.782717

ahywzq3xtwp >> Image Returned >> 2020-08-18 21:01:44.785923

ahywzq3xtwp >> End >> 2020-08-18 21:01:44.930838

gxrij6tdjer >> Start >> 2020-08-18 21:11:01.213943

gxrij6tdjer >> Image Returned >> 2020-08-18 21:11:01.217544

gxrij6tdjer >> End >> 2020-08-18 21:11:01.369441

00v5pqc5dqn >> Start >> 2020-08-18 21:13:30.709774

00v5pqc5dqn >> Image Returned >> 2020-08-18 21:13:30.712996

00v5pqc5dqn >> End >> 2020-08-18 21:13:30.879297

mkrttet4nth >> Start >> 2020-08-18 21:14:23.990545

mkrttet4nth >> Image Returned >> 2020-08-18 21:14:23.993705

mkrttet4nth >> End >> 2020-08-18 21:14:24.145750

w2sr2hoxy5d >> Start >> 2020-08-18 21:17:52.417896

w2sr2hoxy5d >> Image Returned >> 2020-08-18 21:17:52.421925

w2sr2hoxy5d >> End >> 2020-08-18 21:17:52.550853

nb5s5g3juni >> Start >> 2020-08-18 21:18:20.464368

nb5s5g3juni >> Image Returned >> 2020-08-18 21:18:20.467600

nb5s5g3juni >> End >> 2020-08-18 21:18:20.598244

rsa84g3nz6b >> Start >> 2020-08-18 21:19:25.088052

rsa84g3nz6b >> Image Returned >> 2020-08-18 21:19:25.091423

rsa84g3nz6b >> End >> 2020-08-18 21:19:25.214740

a6cbm4x55xs >> Start >> 2020-08-18 21:19:51.464299

a6cbm4x55xs >> Image Returned >> 2020-08-18 21:19:51.467585

a6cbm4x55xs >> End >> 2020-08-18 21:19:51.611645

xobk735u48y >> Start >> 2020-08-18 21:20:48.700221

xobk735u48y >> Image Returned >> 2020-08-18 21:20:48.703970

xobk735u48y >> End >> 2020-08-18 21:20:48.857423

bn6wmbkitjv >> Start >> 2020-08-18 21:25:13.151026

bn6wmbkitjv >> Image Returned >> 2020-08-18 21:25:13.154184

bn6wmbkitjv >> End >> 2020-08-18 21:25:13.302428

op3us0bzzex >> Start >> 2020-08-18 21:41:07.436686

op3us0bzzex >> Image Returned >> 2020-08-18 21:41:07.440778

op3us0bzzex >> End >> 2020-08-18 21:41:07.583817

ygp5wp0yk6y >> Start >> 2020-08-18 22:15:26.088711

ygp5wp0yk6y >> Image Returned >> 2020-08-18 22:15:26.092024

ygp5wp0yk6y >> End >> 2020-08-18 22:15:26.238715

3zyyoqy36kf >> Start >> 2020-08-18 22:17:37.357765

3zyyoqy36kf >> Image Returned >> 2020-08-18 22:17:37.361231

3zyyoqy36kf >> End >> 2020-08-18 22:17:37.508071

eexpq8yvddg >> Start >> 2020-08-18 22:30:41.998003

eexpq8yvddg >> Image Returned >> 2020-08-18 22:30:42.001734

eexpq8yvddg >> End >> 2020-08-18 22:30:42.148739

i2njqpyp2t8 >> Start >> 2020-08-18 22:30:50.145699

i2njqpyp2t8 >> Image Returned >> 2020-08-18 22:30:50.145997

i2njqpyp2t8 >> End >> 2020-08-18 22:30:50.290591

4aguwyez7vr >> Start >> 2020-08-18 22:52:39.065574

4aguwyez7vr >> Image Returned >> 2020-08-18 22:52:39.071000

4aguwyez7vr >> End >> 2020-08-18 22:52:39.218950

exo6zmtr0fs >> Start >> 2020-08-18 23:04:24.122272

exo6zmtr0fs >> Image Returned >> 2020-08-18 23:04:24.128745

exo6zmtr0fs >> End >> 2020-08-18 23:04:24.277003

mgq5ckcrta0 >> Start >> 2020-08-18 23:12:24.965691

mgq5ckcrta0 >> Image Returned >> 2020-08-18 23:12:24.969933

mgq5ckcrta0 >> End >> 2020-08-18 23:12:25.119004

5ti2unrdy56 >> Start >> 2020-08-18 23:29:43.886986

5ti2unrdy56 >> Image Returned >> 2020-08-18 23:29:43.890304

5ti2unrdy56 >> End >> 2020-08-18 23:29:44.038094

zsp76ixjdm3 >> Start >> 2020-08-18 23:36:31.143280

zsp76ixjdm3 >> Image Returned >> 2020-08-18 23:36:31.147172

zsp76ixjdm3 >> End >> 2020-08-18 23:36:31.300421

5vsjp3s8jpw >> Start >> 2020-08-18 23:45:31.880821

5vsjp3s8jpw >> Image Returned >> 2020-08-18 23:45:31.885093

5vsjp3s8jpw >> End >> 2020-08-18 23:45:32.029661

onwxc6sht4k >> Start >> 2020-08-18 23:46:51.954566

onwxc6sht4k >> Image Returned >> 2020-08-18 23:46:51.957843

onwxc6sht4k >> End >> 2020-08-18 23:46:52.106787

