rm2e400kmau >> Start >> 2020-07-17 00:27:31.411432

rm2e400kmau >> Image Returned >> 2020-07-17 00:27:31.414197

rm2e400kmau >> End >> 2020-07-17 00:27:31.557867

vfvcrn5sisv >> Start >> 2020-07-17 00:27:44.219538

vfvcrn5sisv >> Image Returned >> 2020-07-17 00:27:44.221963

vfvcrn5sisv >> End >> 2020-07-17 00:27:44.358944

rv6pficaouy >> Start >> 2020-07-17 01:09:59.919847

rv6pficaouy >> Image Returned >> 2020-07-17 01:09:59.922597

rv6pficaouy >> End >> 2020-07-17 01:10:00.059259

vamyo4u65h6 >> Start >> 2020-07-17 01:31:00.131484

vamyo4u65h6 >> Image Returned >> 2020-07-17 01:31:00.134303

vamyo4u65h6 >> End >> 2020-07-17 01:31:00.291353

wad3icetbzw >> Start >> 2020-07-17 01:55:54.696271

wad3icetbzw >> Image Returned >> 2020-07-17 01:55:54.702022

wad3icetbzw >> End >> 2020-07-17 01:55:54.843113

x24cbhwoehd >> Start >> 2020-07-17 02:08:49.341202

x24cbhwoehd >> Image Returned >> 2020-07-17 02:08:49.344130

x24cbhwoehd >> End >> 2020-07-17 02:08:49.486916

cght8bm5eo8 >> Start >> 2020-07-17 03:40:21.180965

cght8bm5eo8 >> Image Returned >> 2020-07-17 03:40:21.184211

cght8bm5eo8 >> End >> 2020-07-17 03:40:21.326451

tqoa3wytpwd >> Start >> 2020-07-17 04:26:35.351973

tqoa3wytpwd >> Image Returned >> 2020-07-17 04:26:35.354958

tqoa3wytpwd >> End >> 2020-07-17 04:26:35.490569

76cn3acghro >> Start >> 2020-07-17 05:08:01.226991

76cn3acghro >> Image Returned >> 2020-07-17 05:08:01.229984

76cn3acghro >> End >> 2020-07-17 05:08:01.365101

jcd2xkdwajy >> Start >> 2020-07-17 06:02:57.449337

jcd2xkdwajy >> Image Returned >> 2020-07-17 06:02:57.452287

jcd2xkdwajy >> End >> 2020-07-17 06:02:57.589417

g4ekfr86brz >> Start >> 2020-07-17 06:16:10.495953

g4ekfr86brz >> Image Returned >> 2020-07-17 06:16:10.499047

g4ekfr86brz >> End >> 2020-07-17 06:16:10.632137

xeebkujzudd >> Start >> 2020-07-17 06:23:10.106519

xeebkujzudd >> Image Returned >> 2020-07-17 06:23:10.109477

xeebkujzudd >> End >> 2020-07-17 06:23:10.252811

bsuspnx37mx >> Start >> 2020-07-17 06:47:01.379463

bsuspnx37mx >> Image Returned >> 2020-07-17 06:47:01.382679

bsuspnx37mx >> End >> 2020-07-17 06:47:01.528429

3s5v0wwhifu >> Start >> 2020-07-17 07:47:32.658436

3s5v0wwhifu >> Image Returned >> 2020-07-17 07:47:32.661401

3s5v0wwhifu >> End >> 2020-07-17 07:47:32.798341

inmioqdb8yz >> Start >> 2020-07-17 08:42:56.029200

inmioqdb8yz >> Image Returned >> 2020-07-17 08:42:56.032777

inmioqdb8yz >> End >> 2020-07-17 08:42:56.175318

4852rdo5f7q >> Start >> 2020-07-17 08:52:26.667047

4852rdo5f7q >> Image Returned >> 2020-07-17 08:52:26.672260

4852rdo5f7q >> End >> 2020-07-17 08:52:26.819101

npnfudfkkf3 >> Start >> 2020-07-17 08:53:37.732784

npnfudfkkf3 >> Image Returned >> 2020-07-17 08:53:37.735862

npnfudfkkf3 >> End >> 2020-07-17 08:53:37.885313

25d7j24f0ga >> Start >> 2020-07-17 08:56:57.158544

25d7j24f0ga >> Image Returned >> 2020-07-17 08:56:57.161710

25d7j24f0ga >> End >> 2020-07-17 08:56:57.301117

i4wansi052a >> Start >> 2020-07-17 09:00:41.562429

i4wansi052a >> Image Returned >> 2020-07-17 09:00:41.565956

i4wansi052a >> End >> 2020-07-17 09:00:41.715447

3fsnvm53xba >> Start >> 2020-07-17 09:01:22.046514

3fsnvm53xba >> Image Returned >> 2020-07-17 09:01:22.049418

3fsnvm53xba >> End >> 2020-07-17 09:01:22.189208

mao6o5irqzm >> Start >> 2020-07-17 09:03:21.204196

mao6o5irqzm >> Image Returned >> 2020-07-17 09:03:21.207058

mao6o5irqzm >> End >> 2020-07-17 09:03:21.344290

xk7myoj0gf2 >> Start >> 2020-07-17 09:15:16.936763

xk7myoj0gf2 >> Image Returned >> 2020-07-17 09:15:16.940670

xk7myoj0gf2 >> End >> 2020-07-17 09:15:17.078907

p2eix5wrt7x >> Start >> 2020-07-17 09:19:02.810580

p2eix5wrt7x >> Image Returned >> 2020-07-17 09:19:02.813755

p2eix5wrt7x >> End >> 2020-07-17 09:19:02.958131

5ygfcnb4vmk >> Start >> 2020-07-17 09:35:19.494797

5ygfcnb4vmk >> Image Returned >> 2020-07-17 09:35:19.497986

5ygfcnb4vmk >> End >> 2020-07-17 09:35:19.635463

rxup6wo8qy8 >> Start >> 2020-07-17 09:40:18.359316

rxup6wo8qy8 >> Image Returned >> 2020-07-17 09:40:18.363090

rxup6wo8qy8 >> End >> 2020-07-17 09:40:18.507971

32nib4hkeuf >> Start >> 2020-07-17 09:40:35.884975

32nib4hkeuf >> Image Returned >> 2020-07-17 09:40:35.888762

32nib4hkeuf >> End >> 2020-07-17 09:40:36.031740

nz6o5wcswts >> Start >> 2020-07-17 09:57:59.177675

nz6o5wcswts >> Image Returned >> 2020-07-17 09:57:59.181124

nz6o5wcswts >> End >> 2020-07-17 09:57:59.320770

hr0uhtxqsff >> Start >> 2020-07-17 10:03:22.912760

hr0uhtxqsff >> Image Returned >> 2020-07-17 10:03:22.916265

hr0uhtxqsff >> End >> 2020-07-17 10:03:23.057645

gxv0d3g2ny3 >> Start >> 2020-07-17 10:13:21.156734

gxv0d3g2ny3 >> Image Returned >> 2020-07-17 10:13:21.159813

wwvjr0xdivn >> Start >> 2020-07-17 10:13:21.221827

wwvjr0xdivn >> Image Returned >> 2020-07-17 10:13:21.224695

gxv0d3g2ny3 >> End >> 2020-07-17 10:13:21.306123

wwvjr0xdivn >> End >> 2020-07-17 10:13:21.367121

e8jq4p2mc0c >> Start >> 2020-07-17 10:13:51.486274

e8jq4p2mc0c >> Image Returned >> 2020-07-17 10:13:51.489664

e8jq4p2mc0c >> End >> 2020-07-17 10:13:51.635289

siugw4ysc0d >> Start >> 2020-07-17 10:13:58.264398

siugw4ysc0d >> Image Returned >> 2020-07-17 10:13:58.264688

siugw4ysc0d >> End >> 2020-07-17 10:13:58.401957

rjgnsfvri8h >> Start >> 2020-07-17 10:35:52.680924

rjgnsfvri8h >> Image Returned >> 2020-07-17 10:35:52.685288

rjgnsfvri8h >> End >> 2020-07-17 10:35:52.828361

pacvbt4s2w7 >> Start >> 2020-07-17 10:37:45.131721

pacvbt4s2w7 >> Image Returned >> 2020-07-17 10:37:45.135051

pacvbt4s2w7 >> End >> 2020-07-17 10:37:45.279304

z5qz67fzm7m >> Start >> 2020-07-17 11:02:26.222142

z5qz67fzm7m >> Image Returned >> 2020-07-17 11:02:26.225127

z5qz67fzm7m >> End >> 2020-07-17 11:02:26.376517

uww4d6pst27 >> Start >> 2020-07-17 11:04:00.533374

uww4d6pst27 >> Image Returned >> 2020-07-17 11:04:00.537110

uww4d6pst27 >> End >> 2020-07-17 11:04:00.679116

k5b08n2j772 >> Start >> 2020-07-17 11:04:39.979239

k5b08n2j772 >> Image Returned >> 2020-07-17 11:04:39.982247

k5b08n2j772 >> End >> 2020-07-17 11:04:40.115843

534cz6wbii3 >> Start >> 2020-07-17 11:14:00.861500

534cz6wbii3 >> Image Returned >> 2020-07-17 11:14:00.865096

534cz6wbii3 >> End >> 2020-07-17 11:14:01.002830

eouaeahonn5 >> Start >> 2020-07-17 11:14:20.928497

eouaeahonn5 >> Image Returned >> 2020-07-17 11:14:20.931418

eouaeahonn5 >> End >> 2020-07-17 11:14:21.076602

b838hrkf2p6 >> Start >> 2020-07-17 11:15:02.099148

b838hrkf2p6 >> Image Returned >> 2020-07-17 11:15:02.104307

b838hrkf2p6 >> End >> 2020-07-17 11:15:02.232898

22nmxw3ucvh >> Start >> 2020-07-17 11:22:19.907900

22nmxw3ucvh >> Image Returned >> 2020-07-17 11:22:19.911151

22nmxw3ucvh >> End >> 2020-07-17 11:22:20.048644

hvv6vdak52a >> Start >> 2020-07-17 11:42:18.746922

hvv6vdak52a >> Image Returned >> 2020-07-17 11:42:18.749888

hvv6vdak52a >> End >> 2020-07-17 11:42:18.887943

zkbvas5peka >> Start >> 2020-07-17 11:52:10.474790

zkbvas5peka >> Image Returned >> 2020-07-17 11:52:10.477750

zkbvas5peka >> End >> 2020-07-17 11:52:10.616580

pv34m38f3of >> Start >> 2020-07-17 11:55:30.605748

pv34m38f3of >> Image Returned >> 2020-07-17 11:55:30.609014

pv34m38f3of >> End >> 2020-07-17 11:55:30.748956

oq4n8sihnfi >> Start >> 2020-07-17 12:03:59.505861

oq4n8sihnfi >> Image Returned >> 2020-07-17 12:03:59.509354

oq4n8sihnfi >> End >> 2020-07-17 12:03:59.651673

6skkigwejc3 >> Start >> 2020-07-17 12:16:21.937191

6skkigwejc3 >> Image Returned >> 2020-07-17 12:16:21.940356

6skkigwejc3 >> End >> 2020-07-17 12:16:22.106988

7nmn7mu28v6 >> Start >> 2020-07-17 12:21:18.967489

7nmn7mu28v6 >> Image Returned >> 2020-07-17 12:21:18.971590

7nmn7mu28v6 >> End >> 2020-07-17 12:21:19.110903

m0ixqmvjvbi >> Start >> 2020-07-17 12:23:24.201544

m0ixqmvjvbi >> Image Returned >> 2020-07-17 12:23:24.205863

m0ixqmvjvbi >> End >> 2020-07-17 12:23:24.342331

2o8ofjs3tmg >> Start >> 2020-07-17 12:34:26.108118

2o8ofjs3tmg >> Image Returned >> 2020-07-17 12:34:26.111156

2o8ofjs3tmg >> End >> 2020-07-17 12:34:26.254380

cc0fqkt2eyc >> Start >> 2020-07-17 12:42:53.577049

cc0fqkt2eyc >> Image Returned >> 2020-07-17 12:42:53.580104

cc0fqkt2eyc >> End >> 2020-07-17 12:42:53.725466

abamohaxc3r >> Start >> 2020-07-17 12:45:11.287096

abamohaxc3r >> Image Returned >> 2020-07-17 12:45:11.290815

abamohaxc3r >> End >> 2020-07-17 12:45:11.460189

7pa5u2q3faz >> Start >> 2020-07-17 13:42:46.669532

7pa5u2q3faz >> Image Returned >> 2020-07-17 13:42:46.672609

7pa5u2q3faz >> End >> 2020-07-17 13:42:46.818306

khm6yaodpxh >> Start >> 2020-07-17 13:52:06.345364

khm6yaodpxh >> Image Returned >> 2020-07-17 13:52:06.350809

khm6yaodpxh >> End >> 2020-07-17 13:52:06.494937

3dxd7knit6k >> Start >> 2020-07-17 13:53:19.026149

3dxd7knit6k >> Image Returned >> 2020-07-17 13:53:19.029361

3dxd7knit6k >> End >> 2020-07-17 13:53:19.200556

zm82hs602c0 >> Start >> 2020-07-17 14:07:08.622030

zm82hs602c0 >> Image Returned >> 2020-07-17 14:07:08.627374

zm82hs602c0 >> End >> 2020-07-17 14:07:08.773736

g7bcydr6dtt >> Start >> 2020-07-17 14:07:23.706358

g7bcydr6dtt >> Image Returned >> 2020-07-17 14:07:23.709443

g7bcydr6dtt >> End >> 2020-07-17 14:07:23.844661

gig0zrfjhqv >> Start >> 2020-07-17 14:12:25.241626

gig0zrfjhqv >> Image Returned >> 2020-07-17 14:12:25.247071

gig0zrfjhqv >> End >> 2020-07-17 14:12:25.385776

cktsmgxb4sq >> Start >> 2020-07-17 14:19:35.077730

cktsmgxb4sq >> Image Returned >> 2020-07-17 14:19:35.081079

cktsmgxb4sq >> End >> 2020-07-17 14:19:35.223666

seybwxp2cqu >> Start >> 2020-07-17 14:40:52.822932

seybwxp2cqu >> Image Returned >> 2020-07-17 14:40:52.826103

seybwxp2cqu >> End >> 2020-07-17 14:40:52.966423

4m5xex34je3 >> Start >> 2020-07-17 14:45:37.755975

4m5xex34je3 >> Image Returned >> 2020-07-17 14:45:37.759464

4m5xex34je3 >> End >> 2020-07-17 14:45:37.894274

hrwwjwg40k6 >> Start >> 2020-07-17 14:45:56.064183

hrwwjwg40k6 >> Image Returned >> 2020-07-17 14:45:56.067397

hrwwjwg40k6 >> End >> 2020-07-17 14:45:56.205940

fxhzjyurxmi >> Start >> 2020-07-17 14:53:28.884596

fxhzjyurxmi >> Image Returned >> 2020-07-17 14:53:28.887840

fxhzjyurxmi >> End >> 2020-07-17 14:53:29.026707

twpjdb0hxdp >> Start >> 2020-07-17 14:54:52.036705

twpjdb0hxdp >> Image Returned >> 2020-07-17 14:54:52.039729

twpjdb0hxdp >> End >> 2020-07-17 14:54:52.183092

e6awbr6m3na >> Start >> 2020-07-17 15:08:31.593108

e6awbr6m3na >> Image Returned >> 2020-07-17 15:08:31.596330

e6awbr6m3na >> End >> 2020-07-17 15:08:31.737102

f608pubpk3s >> Start >> 2020-07-17 15:37:11.851263

f608pubpk3s >> Image Returned >> 2020-07-17 15:37:11.855282

f608pubpk3s >> End >> 2020-07-17 15:37:11.981195

prtmv2i465k >> Start >> 2020-07-17 15:39:12.559433

prtmv2i465k >> Image Returned >> 2020-07-17 15:39:12.562524

prtmv2i465k >> End >> 2020-07-17 15:39:12.705732

33rfxfg64g7 >> Start >> 2020-07-17 15:49:55.676770

33rfxfg64g7 >> Image Returned >> 2020-07-17 15:49:55.681041

33rfxfg64g7 >> End >> 2020-07-17 15:49:55.817125

roswzoenobx >> Start >> 2020-07-17 16:11:53.152559

roswzoenobx >> Image Returned >> 2020-07-17 16:11:53.156263

roswzoenobx >> End >> 2020-07-17 16:11:53.294106

3fxrye2azdr >> Start >> 2020-07-17 16:21:58.287203

3fxrye2azdr >> Image Returned >> 2020-07-17 16:21:58.290445

3fxrye2azdr >> End >> 2020-07-17 16:21:58.427423

i8zbsranb3h >> Start >> 2020-07-17 16:25:28.417792

i8zbsranb3h >> Image Returned >> 2020-07-17 16:25:28.421698

i8zbsranb3h >> End >> 2020-07-17 16:25:28.563028

7738b3qqqw4 >> Start >> 2020-07-17 16:41:56.162435

7738b3qqqw4 >> Image Returned >> 2020-07-17 16:41:56.165961

7738b3qqqw4 >> End >> 2020-07-17 16:41:56.310714

o87xzz6dgqx >> Start >> 2020-07-17 16:46:31.176917

o87xzz6dgqx >> Image Returned >> 2020-07-17 16:46:31.180332

o87xzz6dgqx >> End >> 2020-07-17 16:46:31.326920

hjm28hhwgpn >> Start >> 2020-07-17 17:03:49.793520

hjm28hhwgpn >> Image Returned >> 2020-07-17 17:03:49.796696

hjm28hhwgpn >> End >> 2020-07-17 17:03:49.950381

w062fhmdxxy >> Start >> 2020-07-17 17:41:30.009926

w062fhmdxxy >> Image Returned >> 2020-07-17 17:41:30.014472

w062fhmdxxy >> End >> 2020-07-17 17:41:30.155330

wq6hsuwpkhq >> Start >> 2020-07-17 17:48:12.904649

wq6hsuwpkhq >> Image Returned >> 2020-07-17 17:48:12.908370

wq6hsuwpkhq >> End >> 2020-07-17 17:48:13.050714

h5zrqpfj3o3 >> Start >> 2020-07-17 17:50:24.633377

h5zrqpfj3o3 >> Image Returned >> 2020-07-17 17:50:24.637768

h5zrqpfj3o3 >> End >> 2020-07-17 17:50:24.764086

koefn8oxbi8 >> Start >> 2020-07-17 17:57:46.143408

koefn8oxbi8 >> Image Returned >> 2020-07-17 17:57:46.146795

koefn8oxbi8 >> End >> 2020-07-17 17:57:46.288719

ptr73twkrfz >> Start >> 2020-07-17 18:01:23.822202

ptr73twkrfz >> Image Returned >> 2020-07-17 18:01:23.825963

ptr73twkrfz >> End >> 2020-07-17 18:01:23.969535

yiza7fnpv5i >> Start >> 2020-07-17 18:25:56.551104

yiza7fnpv5i >> Image Returned >> 2020-07-17 18:25:56.555247

yiza7fnpv5i >> End >> 2020-07-17 18:25:56.693193

ipqm6akr4ch >> Start >> 2020-07-17 18:35:52.720206

ipqm6akr4ch >> Image Returned >> 2020-07-17 18:35:52.726785

ipqm6akr4ch >> End >> 2020-07-17 18:35:52.883430

2dtgmfyc26p >> Start >> 2020-07-17 18:39:06.861741

2dtgmfyc26p >> Image Returned >> 2020-07-17 18:39:06.865140

2dtgmfyc26p >> End >> 2020-07-17 18:39:07.013600

3qtiviitork >> Start >> 2020-07-17 18:43:21.036127

3qtiviitork >> Image Returned >> 2020-07-17 18:43:21.039722

3qtiviitork >> End >> 2020-07-17 18:43:21.185278

uzvzwyw23ok >> Start >> 2020-07-17 19:17:48.623975

uzvzwyw23ok >> Image Returned >> 2020-07-17 19:17:48.627788

uzvzwyw23ok >> End >> 2020-07-17 19:17:48.773041

njsevnhbuaw >> Start >> 2020-07-17 19:38:05.482356

njsevnhbuaw >> Image Returned >> 2020-07-17 19:38:05.485748

njsevnhbuaw >> End >> 2020-07-17 19:38:05.634299

ejiba5z6f5p >> Start >> 2020-07-17 19:39:02.271524

ejiba5z6f5p >> Image Returned >> 2020-07-17 19:39:02.275973

ejiba5z6f5p >> End >> 2020-07-17 19:39:02.417784

bfko6ciqixr >> Start >> 2020-07-17 20:00:05.777771

bfko6ciqixr >> Image Returned >> 2020-07-17 20:00:05.781615

bfko6ciqixr >> End >> 2020-07-17 20:00:05.929708

36do5wq00mz >> Start >> 2020-07-17 20:37:05.954310

36do5wq00mz >> Image Returned >> 2020-07-17 20:37:05.959261

36do5wq00mz >> End >> 2020-07-17 20:37:06.098381

q7m3miy74cx >> Start >> 2020-07-17 20:39:13.045351

q7m3miy74cx >> Image Returned >> 2020-07-17 20:39:13.049293

q7m3miy74cx >> End >> 2020-07-17 20:39:13.193324

dpjgs3ibct8 >> Start >> 2020-07-17 20:40:40.094293

dpjgs3ibct8 >> Image Returned >> 2020-07-17 20:40:40.098047

dpjgs3ibct8 >> End >> 2020-07-17 20:40:40.249098

rs5op3wcthn >> Start >> 2020-07-17 20:57:19.048074

rs5op3wcthn >> Image Returned >> 2020-07-17 20:57:19.052139

rs5op3wcthn >> End >> 2020-07-17 20:57:19.195771

y4inpz80qy6 >> Start >> 2020-07-17 21:05:56.402745

y4inpz80qy6 >> Image Returned >> 2020-07-17 21:05:56.406115

y4inpz80qy6 >> End >> 2020-07-17 21:05:56.533260

e0v6z8jkogg >> Start >> 2020-07-17 22:19:09.412408

e0v6z8jkogg >> Image Returned >> 2020-07-17 22:19:09.417527

e0v6z8jkogg >> End >> 2020-07-17 22:19:09.559401

2zqyy7kacmy >> Start >> 2020-07-17 22:51:30.193011

2zqyy7kacmy >> Image Returned >> 2020-07-17 22:51:30.198489

2zqyy7kacmy >> End >> 2020-07-17 22:51:30.338774

