mib8o7q5ufv >> Start >> 2020-07-31 00:12:05.129717

mib8o7q5ufv >> Image Returned >> 2020-07-31 00:12:05.133934

mib8o7q5ufv >> End >> 2020-07-31 00:12:05.264987

tq7f3wpizdj >> Start >> 2020-07-31 00:12:05.609603

tq7f3wpizdj >> Image Returned >> 2020-07-31 00:12:05.609903

tq7f3wpizdj >> End >> 2020-07-31 00:12:05.734550

26fxg0dmyw8 >> Start >> 2020-07-31 00:12:06.088547

26fxg0dmyw8 >> Image Returned >> 2020-07-31 00:12:06.088828

26fxg0dmyw8 >> End >> 2020-07-31 00:12:06.212682

qhxxieyr05p >> Start >> 2020-07-31 00:41:30.138211

qhxxieyr05p >> Image Returned >> 2020-07-31 00:41:30.144007

qhxxieyr05p >> End >> 2020-07-31 00:41:30.292545

kzstfxxikxf >> Start >> 2020-07-31 01:31:38.159921

kzstfxxikxf >> Image Returned >> 2020-07-31 01:31:38.164364

kzstfxxikxf >> End >> 2020-07-31 01:31:38.300329

s20s3r8ubyb >> Start >> 2020-07-31 01:46:29.960486

s20s3r8ubyb >> Image Returned >> 2020-07-31 01:46:29.965112

s20s3r8ubyb >> End >> 2020-07-31 01:46:30.104578

fgmu2ed4y6r >> Start >> 2020-07-31 02:16:12.792568

fgmu2ed4y6r >> Image Returned >> 2020-07-31 02:16:12.796252

fgmu2ed4y6r >> End >> 2020-07-31 02:16:12.935682

zkj0h8n72px >> Start >> 2020-07-31 02:35:50.419186

zkj0h8n72px >> Image Returned >> 2020-07-31 02:35:50.422620

zkj0h8n72px >> End >> 2020-07-31 02:35:50.555581

vczy8px75ip >> Start >> 2020-07-31 03:33:12.686705

vczy8px75ip >> Image Returned >> 2020-07-31 03:33:12.690363

vczy8px75ip >> End >> 2020-07-31 03:33:12.836508

deq3km6uy57 >> Start >> 2020-07-31 03:33:28.194760

deq3km6uy57 >> Image Returned >> 2020-07-31 03:33:28.198046

deq3km6uy57 >> End >> 2020-07-31 03:33:28.338526

5s54viiogvp >> Start >> 2020-07-31 03:33:28.447135

5s54viiogvp >> Image Returned >> 2020-07-31 03:33:28.447530

5s54viiogvp >> End >> 2020-07-31 03:33:28.582537

xcr0ck8by3m >> Start >> 2020-07-31 03:33:58.419361

xcr0ck8by3m >> Image Returned >> 2020-07-31 03:33:58.423228

xcr0ck8by3m >> End >> 2020-07-31 03:33:58.570096

zr3t2dhzd58 >> Start >> 2020-07-31 04:48:30.995253

zr3t2dhzd58 >> Image Returned >> 2020-07-31 04:48:30.998619

zr3t2dhzd58 >> End >> 2020-07-31 04:48:31.138102

f37xekvgytd >> Start >> 2020-07-31 07:08:49.641980

f37xekvgytd >> Image Returned >> 2020-07-31 07:08:49.646312

f37xekvgytd >> End >> 2020-07-31 07:08:49.868017

x65fdhrnn44 >> Start >> 2020-07-31 07:16:15.405065

x65fdhrnn44 >> Image Returned >> 2020-07-31 07:16:15.408946

x65fdhrnn44 >> End >> 2020-07-31 07:16:15.549938

oy6pnkipjir >> Start >> 2020-07-31 07:17:54.252084

oy6pnkipjir >> Image Returned >> 2020-07-31 07:17:54.256472

oy6pnkipjir >> End >> 2020-07-31 07:17:54.432204

vwsdbdjz48n >> Start >> 2020-07-31 07:35:45.338566

vwsdbdjz48n >> Image Returned >> 2020-07-31 07:35:45.342812

vwsdbdjz48n >> End >> 2020-07-31 07:35:45.482338

6dhmmy2bs0t >> Start >> 2020-07-31 07:48:45.826301

6dhmmy2bs0t >> Image Returned >> 2020-07-31 07:48:45.830881

6dhmmy2bs0t >> End >> 2020-07-31 07:48:45.967207

adn7wmnpyzy >> Start >> 2020-07-31 08:04:24.927722

adn7wmnpyzy >> Image Returned >> 2020-07-31 08:04:24.931770

adn7wmnpyzy >> End >> 2020-07-31 08:04:25.082220

dkgoj46bw60 >> Start >> 2020-07-31 08:28:26.560013

dkgoj46bw60 >> Image Returned >> 2020-07-31 08:28:26.564047

dkgoj46bw60 >> End >> 2020-07-31 08:28:26.706389

rhjx6qdime4 >> Start >> 2020-07-31 08:29:38.980025

rhjx6qdime4 >> Image Returned >> 2020-07-31 08:29:38.983463

rhjx6qdime4 >> End >> 2020-07-31 08:29:39.130202

qick28dsapa >> Start >> 2020-07-31 08:30:00.112593

qick28dsapa >> Image Returned >> 2020-07-31 08:30:00.116899

qick28dsapa >> End >> 2020-07-31 08:30:00.254539

nme45h3srek >> Start >> 2020-07-31 08:32:44.981235

nme45h3srek >> Image Returned >> 2020-07-31 08:32:44.985888

nme45h3srek >> End >> 2020-07-31 08:32:45.128334

7yrc6tnq6jj >> Start >> 2020-07-31 08:37:11.896962

7yrc6tnq6jj >> Image Returned >> 2020-07-31 08:37:11.900747

7yrc6tnq6jj >> End >> 2020-07-31 08:37:12.047307

r3gij6eafbg >> Start >> 2020-07-31 08:50:09.648766

r3gij6eafbg >> Image Returned >> 2020-07-31 08:50:09.653789

r3gij6eafbg >> End >> 2020-07-31 08:50:09.793080

27ce2tgv4e7 >> Start >> 2020-07-31 08:51:52.702584

27ce2tgv4e7 >> Image Returned >> 2020-07-31 08:51:52.706590

27ce2tgv4e7 >> End >> 2020-07-31 08:51:52.843952

qy748kdo2fc >> Start >> 2020-07-31 09:00:25.746828

qy748kdo2fc >> Image Returned >> 2020-07-31 09:00:25.752111

qy748kdo2fc >> End >> 2020-07-31 09:00:25.888293

6atnapz7e2h >> Start >> 2020-07-31 09:01:20.518668

6atnapz7e2h >> Image Returned >> 2020-07-31 09:01:20.522063

6atnapz7e2h >> End >> 2020-07-31 09:01:20.665672

v27recqb2d7 >> Start >> 2020-07-31 09:18:19.636353

v27recqb2d7 >> Image Returned >> 2020-07-31 09:18:19.639931

v27recqb2d7 >> End >> 2020-07-31 09:18:19.778785

6u64db8g62g >> Start >> 2020-07-31 09:18:49.798178

6u64db8g62g >> Image Returned >> 2020-07-31 09:18:49.802751

6u64db8g62g >> End >> 2020-07-31 09:18:49.941711

emcryvbycun >> Start >> 2020-07-31 09:24:43.512136

emcryvbycun >> Image Returned >> 2020-07-31 09:24:43.515683

emcryvbycun >> End >> 2020-07-31 09:24:43.658670

mymr2oikafk >> Start >> 2020-07-31 09:41:32.912389

mymr2oikafk >> Image Returned >> 2020-07-31 09:41:32.916697

mymr2oikafk >> End >> 2020-07-31 09:41:33.055572

drbc8opivgv >> Start >> 2020-07-31 09:41:35.136158

drbc8opivgv >> Image Returned >> 2020-07-31 09:41:35.136446

drbc8opivgv >> End >> 2020-07-31 09:41:35.277005

yn8ypjr0kku >> Start >> 2020-07-31 09:44:12.427018

yn8ypjr0kku >> Image Returned >> 2020-07-31 09:44:12.431792

yn8ypjr0kku >> End >> 2020-07-31 09:44:12.576807

di77qtpb57b >> Start >> 2020-07-31 10:00:38.535906

di77qtpb57b >> Image Returned >> 2020-07-31 10:00:38.539352

di77qtpb57b >> End >> 2020-07-31 10:00:38.679853

rth78ojrgif >> Start >> 2020-07-31 10:07:19.315596

rth78ojrgif >> Image Returned >> 2020-07-31 10:07:19.319224

rth78ojrgif >> End >> 2020-07-31 10:07:19.455543

0m22854c228 >> Start >> 2020-07-31 10:08:33.187911

0m22854c228 >> Image Returned >> 2020-07-31 10:08:33.191843

0m22854c228 >> End >> 2020-07-31 10:08:33.334083

if500i3vj8a >> Start >> 2020-07-31 10:11:59.257641

if500i3vj8a >> Image Returned >> 2020-07-31 10:11:59.263798

if500i3vj8a >> End >> 2020-07-31 10:11:59.409648

sbe5h2ik4if >> Start >> 2020-07-31 10:12:14.339823

sbe5h2ik4if >> Image Returned >> 2020-07-31 10:12:14.343436

sbe5h2ik4if >> End >> 2020-07-31 10:12:14.488246

onazarjrz4j >> Start >> 2020-07-31 10:12:14.997092

onazarjrz4j >> Image Returned >> 2020-07-31 10:12:14.997380

onazarjrz4j >> End >> 2020-07-31 10:12:15.144759

ebc3sbix3rc >> Start >> 2020-07-31 10:20:40.428858

ebc3sbix3rc >> Image Returned >> 2020-07-31 10:20:40.433620

ebc3sbix3rc >> End >> 2020-07-31 10:20:40.579925

2bpaanv2fxg >> Start >> 2020-07-31 10:20:51.153238

2bpaanv2fxg >> Image Returned >> 2020-07-31 10:20:51.153563

2bpaanv2fxg >> End >> 2020-07-31 10:20:51.288366

6dkcg7ft534 >> Start >> 2020-07-31 10:27:54.882005

6dkcg7ft534 >> Image Returned >> 2020-07-31 10:27:54.886185

6dkcg7ft534 >> End >> 2020-07-31 10:27:55.031527

vo5ax3pqmzu >> Start >> 2020-07-31 10:28:12.011794

vo5ax3pqmzu >> Image Returned >> 2020-07-31 10:28:12.015170

vo5ax3pqmzu >> End >> 2020-07-31 10:28:12.154583

5mbta7mpafg >> Start >> 2020-07-31 10:28:34.229835

5mbta7mpafg >> Image Returned >> 2020-07-31 10:28:34.234627

5mbta7mpafg >> End >> 2020-07-31 10:28:34.377135

mjobq2mddo3 >> Start >> 2020-07-31 10:29:29.890218

mjobq2mddo3 >> Image Returned >> 2020-07-31 10:29:29.894222

mjobq2mddo3 >> End >> 2020-07-31 10:29:30.031558

8bcxu6ijrng >> Start >> 2020-07-31 10:30:26.191303

8bcxu6ijrng >> Image Returned >> 2020-07-31 10:30:26.194739

8bcxu6ijrng >> End >> 2020-07-31 10:30:26.333347

5poaqyikagw >> Start >> 2020-07-31 10:44:18.789453

5poaqyikagw >> Image Returned >> 2020-07-31 10:44:18.793828

5poaqyikagw >> End >> 2020-07-31 10:44:18.935997

px2jkfbhpim >> Start >> 2020-07-31 10:45:17.135581

px2jkfbhpim >> Image Returned >> 2020-07-31 10:45:17.139668

px2jkfbhpim >> End >> 2020-07-31 10:45:17.279468

igugn0oix83 >> Start >> 2020-07-31 10:49:01.888087

igugn0oix83 >> Image Returned >> 2020-07-31 10:49:01.892340

igugn0oix83 >> End >> 2020-07-31 10:49:02.034710

80gz22d0x34 >> Start >> 2020-07-31 11:29:09.859329

80gz22d0x34 >> Image Returned >> 2020-07-31 11:29:09.863823

80gz22d0x34 >> End >> 2020-07-31 11:29:10.007179

fvw3wx2o7p3 >> Start >> 2020-07-31 11:39:56.381258

fvw3wx2o7p3 >> Image Returned >> 2020-07-31 11:39:56.386799

fvw3wx2o7p3 >> End >> 2020-07-31 11:39:56.558989

iq8swourw6k >> Start >> 2020-07-31 11:44:47.690812

iq8swourw6k >> Image Returned >> 2020-07-31 11:44:47.695399

iq8swourw6k >> End >> 2020-07-31 11:44:47.833087

sch3gzgauwf >> Start >> 2020-07-31 11:49:02.595694

sch3gzgauwf >> Image Returned >> 2020-07-31 11:49:02.600785

sch3gzgauwf >> End >> 2020-07-31 11:49:02.738152

cbim8mzwrvz >> Start >> 2020-07-31 11:50:04.341207

cbim8mzwrvz >> Image Returned >> 2020-07-31 11:50:04.345647

cbim8mzwrvz >> End >> 2020-07-31 11:50:04.479235

bj6skhsshxi >> Start >> 2020-07-31 11:53:29.732126

bj6skhsshxi >> Image Returned >> 2020-07-31 11:53:29.736629

bj6skhsshxi >> End >> 2020-07-31 11:53:29.872899

gzn7nofbjno >> Start >> 2020-07-31 11:54:19.512110

gzn7nofbjno >> Image Returned >> 2020-07-31 11:54:19.516153

gzn7nofbjno >> End >> 2020-07-31 11:54:19.662975

xb535fd43ez >> Start >> 2020-07-31 11:57:19.674104

xb535fd43ez >> Image Returned >> 2020-07-31 11:57:19.678013

xb535fd43ez >> End >> 2020-07-31 11:57:19.822704

sxnbd7bryy0 >> Start >> 2020-07-31 12:03:59.665484

sxnbd7bryy0 >> Image Returned >> 2020-07-31 12:03:59.668982

sxnbd7bryy0 >> End >> 2020-07-31 12:03:59.809287

zombpyi0whx >> Start >> 2020-07-31 12:04:39.160590

zombpyi0whx >> Image Returned >> 2020-07-31 12:04:39.163995

zombpyi0whx >> End >> 2020-07-31 12:04:39.300556

358tuxw4uao >> Start >> 2020-07-31 12:12:03.633229

358tuxw4uao >> Image Returned >> 2020-07-31 12:12:03.637907

358tuxw4uao >> End >> 2020-07-31 12:12:03.789706

a74y2i4xdh8 >> Start >> 2020-07-31 12:27:11.788233

a74y2i4xdh8 >> Image Returned >> 2020-07-31 12:27:11.792438

a74y2i4xdh8 >> End >> 2020-07-31 12:27:11.934969

rxmqwh86i8j >> Start >> 2020-07-31 12:28:56.219438

rxmqwh86i8j >> Image Returned >> 2020-07-31 12:28:56.223789

rxmqwh86i8j >> End >> 2020-07-31 12:28:56.373549

vuemfv2yu80 >> Start >> 2020-07-31 12:52:41.391531

vuemfv2yu80 >> Image Returned >> 2020-07-31 12:52:41.395798

vuemfv2yu80 >> End >> 2020-07-31 12:52:41.532167

2b4mi37jxfy >> Start >> 2020-07-31 12:53:40.126630

2b4mi37jxfy >> Image Returned >> 2020-07-31 12:53:40.130249

2b4mi37jxfy >> End >> 2020-07-31 12:53:40.256225

vgge0uaazja >> Start >> 2020-07-31 13:04:02.587971

vgge0uaazja >> Image Returned >> 2020-07-31 13:04:02.592226

vgge0uaazja >> End >> 2020-07-31 13:04:02.745029

uffvxjbhp78 >> Start >> 2020-07-31 13:17:31.980010

uffvxjbhp78 >> Image Returned >> 2020-07-31 13:17:31.983494

uffvxjbhp78 >> End >> 2020-07-31 13:17:32.126238

4krjdqq2w7f >> Start >> 2020-07-31 13:19:35.957524

4krjdqq2w7f >> Image Returned >> 2020-07-31 13:19:35.961168

4krjdqq2w7f >> End >> 2020-07-31 13:19:36.100656

enncewihsxn >> Start >> 2020-07-31 13:24:35.825193

enncewihsxn >> Image Returned >> 2020-07-31 13:24:35.829001

enncewihsxn >> End >> 2020-07-31 13:24:35.969620

d5ughd5np7s >> Start >> 2020-07-31 13:24:51.934815

d5ughd5np7s >> Image Returned >> 2020-07-31 13:24:51.938271

d5ughd5np7s >> End >> 2020-07-31 13:24:52.139588

tw2g8nnd6w5 >> Start >> 2020-07-31 13:24:52.596482

tw2g8nnd6w5 >> Image Returned >> 2020-07-31 13:24:52.596788

tw2g8nnd6w5 >> End >> 2020-07-31 13:24:52.787734

r7d7e405tx2 >> Start >> 2020-07-31 13:24:54.631766

r7d7e405tx2 >> Image Returned >> 2020-07-31 13:24:54.632080

r7d7e405tx2 >> End >> 2020-07-31 13:24:54.821516

rw3uiupv0b5 >> Start >> 2020-07-31 13:34:16.055490

rw3uiupv0b5 >> Image Returned >> 2020-07-31 13:34:16.059453

rw3uiupv0b5 >> End >> 2020-07-31 13:34:16.200380

ya04o4segqa >> Start >> 2020-07-31 13:37:00.268074

ya04o4segqa >> Image Returned >> 2020-07-31 13:37:00.272221

ya04o4segqa >> End >> 2020-07-31 13:37:00.416702

gdj4yy5jr4e >> Start >> 2020-07-31 13:42:25.939225

gdj4yy5jr4e >> Image Returned >> 2020-07-31 13:42:25.944709

gdj4yy5jr4e >> End >> 2020-07-31 13:42:26.091502

cn0hmm8ndp4 >> Start >> 2020-07-31 13:54:11.659298

cn0hmm8ndp4 >> Image Returned >> 2020-07-31 13:54:11.663459

cn0hmm8ndp4 >> End >> 2020-07-31 13:54:11.801840

5tk882ppa7y >> Start >> 2020-07-31 13:55:11.455214

5tk882ppa7y >> Image Returned >> 2020-07-31 13:55:11.461148

5tk882ppa7y >> End >> 2020-07-31 13:55:11.606278

2np07bbj2qh >> Start >> 2020-07-31 14:33:43.983453

2np07bbj2qh >> Image Returned >> 2020-07-31 14:33:43.986989

2np07bbj2qh >> End >> 2020-07-31 14:33:44.122247

8ys5304mh80 >> Start >> 2020-07-31 15:02:14.799279

8ys5304mh80 >> Image Returned >> 2020-07-31 15:02:14.802834

8ys5304mh80 >> End >> 2020-07-31 15:02:14.940257

vu0mcotww34 >> Start >> 2020-07-31 15:27:59.205291

vu0mcotww34 >> Image Returned >> 2020-07-31 15:27:59.209594

vu0mcotww34 >> End >> 2020-07-31 15:27:59.350492

ardsqyzrqum >> Start >> 2020-07-31 15:32:00.489371

ardsqyzrqum >> Image Returned >> 2020-07-31 15:32:00.492994

ardsqyzrqum >> End >> 2020-07-31 15:32:00.695925

7te7c6gn6rr >> Start >> 2020-07-31 15:32:15.585612

7te7c6gn6rr >> Image Returned >> 2020-07-31 15:32:15.589049

7te7c6gn6rr >> End >> 2020-07-31 15:32:15.783904

t28w6hhkr0c >> Start >> 2020-07-31 15:32:16.028079

t28w6hhkr0c >> Image Returned >> 2020-07-31 15:32:16.028373

t28w6hhkr0c >> End >> 2020-07-31 15:32:16.214596

0g5bfsvps6m >> Start >> 2020-07-31 15:49:02.554673

0g5bfsvps6m >> Image Returned >> 2020-07-31 15:49:02.559655

0g5bfsvps6m >> End >> 2020-07-31 15:49:02.696350

08acftohvo2 >> Start >> 2020-07-31 16:09:24.398525

08acftohvo2 >> Image Returned >> 2020-07-31 16:09:24.402395

08acftohvo2 >> End >> 2020-07-31 16:09:24.549587

yh2nztwtt0m >> Start >> 2020-07-31 16:10:11.719058

yh2nztwtt0m >> Image Returned >> 2020-07-31 16:10:11.722767

yh2nztwtt0m >> End >> 2020-07-31 16:10:11.869288

7dqznwvrj6o >> Start >> 2020-07-31 16:17:18.244045

7dqznwvrj6o >> Image Returned >> 2020-07-31 16:17:18.248255

7dqznwvrj6o >> End >> 2020-07-31 16:17:18.405152

8npencifu23 >> Start >> 2020-07-31 16:22:38.365281

8npencifu23 >> Image Returned >> 2020-07-31 16:22:38.368828

8npencifu23 >> End >> 2020-07-31 16:22:38.512137

446kqtfman7 >> Start >> 2020-07-31 16:37:08.169287

446kqtfman7 >> Image Returned >> 2020-07-31 16:37:08.172882

446kqtfman7 >> End >> 2020-07-31 16:37:08.318367

ky8r6p7wba4 >> Start >> 2020-07-31 16:43:35.965399

ky8r6p7wba4 >> Image Returned >> 2020-07-31 16:43:35.970657

ky8r6p7wba4 >> End >> 2020-07-31 16:43:36.111352

2uvcvnjdyeu >> Start >> 2020-07-31 16:43:46.660279

2uvcvnjdyeu >> Image Returned >> 2020-07-31 16:43:46.660568

2uvcvnjdyeu >> End >> 2020-07-31 16:43:46.800282

x8tagiajjgx >> Start >> 2020-07-31 16:44:31.471626

x8tagiajjgx >> Image Returned >> 2020-07-31 16:44:31.477507

x8tagiajjgx >> End >> 2020-07-31 16:44:31.628947

g5ibxu264ee >> Start >> 2020-07-31 16:45:05.170847

g5ibxu264ee >> Image Returned >> 2020-07-31 16:45:05.175856

g5ibxu264ee >> End >> 2020-07-31 16:45:05.323338

qqgbzq7h8wq >> Start >> 2020-07-31 17:07:09.980010

qqgbzq7h8wq >> Image Returned >> 2020-07-31 17:07:09.985352

qqgbzq7h8wq >> End >> 2020-07-31 17:07:10.128422

waoiqt7x4qu >> Start >> 2020-07-31 17:25:57.839452

waoiqt7x4qu >> Image Returned >> 2020-07-31 17:25:57.843974

waoiqt7x4qu >> End >> 2020-07-31 17:25:57.985637

grhz04fk24q >> Start >> 2020-07-31 17:56:45.508244

grhz04fk24q >> Image Returned >> 2020-07-31 17:56:45.512265

grhz04fk24q >> End >> 2020-07-31 17:56:45.654114

pyf3r0b3p4y >> Start >> 2020-07-31 18:00:31.399430

pyf3r0b3p4y >> Image Returned >> 2020-07-31 18:00:31.404763

pyf3r0b3p4y >> End >> 2020-07-31 18:00:31.541830

vh6ebb2nvqt >> Start >> 2020-07-31 18:36:59.936558

vh6ebb2nvqt >> Image Returned >> 2020-07-31 18:36:59.942039

vh6ebb2nvqt >> End >> 2020-07-31 18:37:00.090163

tye7k73ud2e >> Start >> 2020-07-31 18:41:31.676507

tye7k73ud2e >> Image Returned >> 2020-07-31 18:41:31.683825

tye7k73ud2e >> End >> 2020-07-31 18:41:31.827414

4b7ytmjh4bh >> Start >> 2020-07-31 18:41:53.883539

4b7ytmjh4bh >> Image Returned >> 2020-07-31 18:41:53.887181

4b7ytmjh4bh >> End >> 2020-07-31 18:41:54.032958

6rhk54z0s6p >> Start >> 2020-07-31 19:02:10.432353

6rhk54z0s6p >> Image Returned >> 2020-07-31 19:02:10.438064

6rhk54z0s6p >> End >> 2020-07-31 19:02:10.637015

dxazotywp2o >> Start >> 2020-07-31 19:02:26.676038

dxazotywp2o >> Image Returned >> 2020-07-31 19:02:26.679536

dxazotywp2o >> End >> 2020-07-31 19:02:26.876144

xsoujw0fzq8 >> Start >> 2020-07-31 19:02:27.114702

xsoujw0fzq8 >> Image Returned >> 2020-07-31 19:02:27.115035

xsoujw0fzq8 >> End >> 2020-07-31 19:02:27.310410

ij5555zvxvg >> Start >> 2020-07-31 19:08:25.494854

ij5555zvxvg >> Image Returned >> 2020-07-31 19:08:25.498941

ij5555zvxvg >> End >> 2020-07-31 19:08:25.734215

dbwptxqgfii >> Start >> 2020-07-31 19:11:20.300798

dbwptxqgfii >> Image Returned >> 2020-07-31 19:11:20.305636

dbwptxqgfii >> End >> 2020-07-31 19:11:20.456401

t8s6ry5roi6 >> Start >> 2020-07-31 19:12:39.629543

t8s6ry5roi6 >> Image Returned >> 2020-07-31 19:12:39.633099

t8s6ry5roi6 >> End >> 2020-07-31 19:12:39.770354

zgnmsqo4guz >> Start >> 2020-07-31 19:17:20.735137

zgnmsqo4guz >> Image Returned >> 2020-07-31 19:17:20.739775

zgnmsqo4guz >> End >> 2020-07-31 19:17:20.877017

turztjyef7w >> Start >> 2020-07-31 19:42:57.864006

turztjyef7w >> Image Returned >> 2020-07-31 19:42:57.867650

turztjyef7w >> End >> 2020-07-31 19:42:58.009506

xth7tvmqtaw >> Start >> 2020-07-31 19:56:50.093971

xth7tvmqtaw >> Image Returned >> 2020-07-31 19:56:50.098834

xth7tvmqtaw >> End >> 2020-07-31 19:56:50.243690

awxb4xv4k2y >> Start >> 2020-07-31 19:57:54.743146

awxb4xv4k2y >> Image Returned >> 2020-07-31 19:57:54.748245

awxb4xv4k2y >> End >> 2020-07-31 19:57:54.893337

p5pzxprnyy5 >> Start >> 2020-07-31 19:59:03.674288

p5pzxprnyy5 >> Image Returned >> 2020-07-31 19:59:03.678020

p5pzxprnyy5 >> End >> 2020-07-31 19:59:03.816941

0t2rkoenewq >> Start >> 2020-07-31 20:06:49.745259

0t2rkoenewq >> Image Returned >> 2020-07-31 20:06:49.750679

0t2rkoenewq >> End >> 2020-07-31 20:06:49.889636

iy5e78xcryw >> Start >> 2020-07-31 20:08:02.578991

iy5e78xcryw >> Image Returned >> 2020-07-31 20:08:02.582609

iy5e78xcryw >> End >> 2020-07-31 20:08:02.731204

b05rr707iz3 >> Start >> 2020-07-31 20:44:04.555130

b05rr707iz3 >> Image Returned >> 2020-07-31 20:44:04.559146

b05rr707iz3 >> End >> 2020-07-31 20:44:04.717838

ahe8u0a7u3j >> Start >> 2020-07-31 21:31:21.781857

ahe8u0a7u3j >> Image Returned >> 2020-07-31 21:31:21.786812

ahe8u0a7u3j >> End >> 2020-07-31 21:31:21.936000

4tdirob0y30 >> Start >> 2020-07-31 21:40:00.755522

4tdirob0y30 >> Image Returned >> 2020-07-31 21:40:00.759988

4tdirob0y30 >> End >> 2020-07-31 21:40:00.898240

eh67eq84pzt >> Start >> 2020-07-31 21:41:10.353302

eh67eq84pzt >> Image Returned >> 2020-07-31 21:41:10.357940

eh67eq84pzt >> End >> 2020-07-31 21:41:10.494906

55qvd4bfe6p >> Start >> 2020-07-31 21:41:12.108289

55qvd4bfe6p >> Image Returned >> 2020-07-31 21:41:12.108597

55qvd4bfe6p >> End >> 2020-07-31 21:41:12.245352

hnnv2frpjkr >> Start >> 2020-07-31 21:41:57.541946

hnnv2frpjkr >> Image Returned >> 2020-07-31 21:41:57.545510

hnnv2frpjkr >> End >> 2020-07-31 21:41:57.684789

xi4q6xhmm3a >> Start >> 2020-07-31 22:39:45.855741

xi4q6xhmm3a >> Image Returned >> 2020-07-31 22:39:45.863064

xi4q6xhmm3a >> End >> 2020-07-31 22:39:46.000992

w3y4vx4kj5v >> Start >> 2020-07-31 23:25:00.339339

w3y4vx4kj5v >> Image Returned >> 2020-07-31 23:25:00.344625

w3y4vx4kj5v >> End >> 2020-07-31 23:25:00.486773

0r80gfpczbn >> Start >> 2020-07-31 23:29:10.342737

0r80gfpczbn >> Image Returned >> 2020-07-31 23:29:10.349214

0r80gfpczbn >> End >> 2020-07-31 23:29:10.485040

