7nvtofyd588 >> Start >> 2020-07-14 00:00:05.677376

7nvtofyd588 >> Image Returned >> 2020-07-14 00:00:05.681898

7nvtofyd588 >> End >> 2020-07-14 00:00:05.825043

3pp3tjwxv0x >> Start >> 2020-07-14 00:33:59.019293

3pp3tjwxv0x >> Image Returned >> 2020-07-14 00:33:59.022764

3pp3tjwxv0x >> End >> 2020-07-14 00:33:59.155668

g474off2gvr >> Start >> 2020-07-14 00:34:07.039732

g474off2gvr >> Image Returned >> 2020-07-14 00:34:07.040055

g474off2gvr >> End >> 2020-07-14 00:34:07.173528

42pp7z4wbbr >> Start >> 2020-07-14 00:58:58.484460

42pp7z4wbbr >> Image Returned >> 2020-07-14 00:58:58.488293

42pp7z4wbbr >> End >> 2020-07-14 00:58:58.624361

xvrgezi043o >> Start >> 2020-07-14 03:13:10.468578

xvrgezi043o >> Image Returned >> 2020-07-14 03:13:10.471488

xvrgezi043o >> End >> 2020-07-14 03:13:10.611135

nss6wmnpq4a >> Start >> 2020-07-14 03:19:58.590745

nss6wmnpq4a >> Image Returned >> 2020-07-14 03:19:58.593154

nss6wmnpq4a >> End >> 2020-07-14 03:19:59.834511

xdi2r4x3yk6 >> Start >> 2020-07-14 04:46:28.493701

xdi2r4x3yk6 >> Image Returned >> 2020-07-14 04:46:28.496932

xdi2r4x3yk6 >> End >> 2020-07-14 04:46:28.636893

jq4bvut2x8d >> Start >> 2020-07-14 05:36:13.030241

jq4bvut2x8d >> Image Returned >> 2020-07-14 05:36:13.033451

jq4bvut2x8d >> End >> 2020-07-14 05:36:13.167187

55z4xr57gan >> Start >> 2020-07-14 07:10:32.219379

55z4xr57gan >> Image Returned >> 2020-07-14 07:10:32.222071

55z4xr57gan >> End >> 2020-07-14 07:10:32.354643

wtgj72y5rhg >> Start >> 2020-07-14 07:36:05.428783

wtgj72y5rhg >> Image Returned >> 2020-07-14 07:36:05.431387

wtgj72y5rhg >> End >> 2020-07-14 07:36:05.562233

d4uiymkxxr0 >> Start >> 2020-07-14 08:10:11.259794

d4uiymkxxr0 >> Image Returned >> 2020-07-14 08:10:11.262628

d4uiymkxxr0 >> End >> 2020-07-14 08:10:11.413196

swgw5gytwtx >> Start >> 2020-07-14 08:27:10.957104

swgw5gytwtx >> Image Returned >> 2020-07-14 08:27:10.960026

swgw5gytwtx >> End >> 2020-07-14 08:27:11.101972

qpubsq05nxa >> Start >> 2020-07-14 08:29:42.089479

qpubsq05nxa >> Image Returned >> 2020-07-14 08:29:42.094026

qpubsq05nxa >> End >> 2020-07-14 08:29:42.232666

t0bpnnqazhj >> Start >> 2020-07-14 08:35:50.502105

t0bpnnqazhj >> Image Returned >> 2020-07-14 08:35:50.504800

t0bpnnqazhj >> End >> 2020-07-14 08:35:50.636104

s5ymwvp5t73 >> Start >> 2020-07-14 08:48:47.301671

s5ymwvp5t73 >> Image Returned >> 2020-07-14 08:48:47.304471

s5ymwvp5t73 >> End >> 2020-07-14 08:48:47.445090

82huqwn3igw >> Start >> 2020-07-14 08:51:16.290915

82huqwn3igw >> Image Returned >> 2020-07-14 08:51:16.294214

82huqwn3igw >> End >> 2020-07-14 08:51:16.425847

4evca03megj >> Start >> 2020-07-14 09:32:29.388482

4evca03megj >> Image Returned >> 2020-07-14 09:32:29.391256

4evca03megj >> End >> 2020-07-14 09:32:29.528347

rkwpidytv5u >> Start >> 2020-07-14 09:32:40.536710

rkwpidytv5u >> Image Returned >> 2020-07-14 09:32:40.537024

rkwpidytv5u >> End >> 2020-07-14 09:32:40.676069

8dgkow0gybx >> Start >> 2020-07-14 09:48:36.401992

8dgkow0gybx >> Image Returned >> 2020-07-14 09:48:36.405410

8dgkow0gybx >> End >> 2020-07-14 09:48:36.542399

kioro5dtwwy >> Start >> 2020-07-14 09:53:12.650428

kioro5dtwwy >> Image Returned >> 2020-07-14 09:53:12.653219

kioro5dtwwy >> End >> 2020-07-14 09:53:12.788912

7hkyye0f5s0 >> Start >> 2020-07-14 09:55:34.216355

7hkyye0f5s0 >> Image Returned >> 2020-07-14 09:55:34.219000

7y80bmqf0nk >> Start >> 2020-07-14 09:55:34.351027

7y80bmqf0nk >> Image Returned >> 2020-07-14 09:55:34.353781

7hkyye0f5s0 >> End >> 2020-07-14 09:55:34.357131

7y80bmqf0nk >> End >> 2020-07-14 09:55:34.487106

xtej7u5h2na >> Start >> 2020-07-14 09:56:54.060846

xtej7u5h2na >> Image Returned >> 2020-07-14 09:56:54.063803

xtej7u5h2na >> End >> 2020-07-14 09:56:54.199115

ngcj4veujza >> Start >> 2020-07-14 09:57:20.557092

ngcj4veujza >> Image Returned >> 2020-07-14 09:57:20.560115

ngcj4veujza >> End >> 2020-07-14 09:57:20.694708

ygdt0w87grk >> Start >> 2020-07-14 09:58:40.199676

ygdt0w87grk >> Image Returned >> 2020-07-14 09:58:40.202532

ygdt0w87grk >> End >> 2020-07-14 09:58:40.336237

ezazdafiqvh >> Start >> 2020-07-14 10:17:56.253726

ezazdafiqvh >> Image Returned >> 2020-07-14 10:17:56.257077

ezazdafiqvh >> End >> 2020-07-14 10:17:56.396461

7ct6oea5ysx >> Start >> 2020-07-14 10:18:38.338485

7ct6oea5ysx >> Image Returned >> 2020-07-14 10:18:38.341506

7ct6oea5ysx >> End >> 2020-07-14 10:18:38.480020

mao8g5q3d6w >> Start >> 2020-07-14 10:18:46.769315

mao8g5q3d6w >> Image Returned >> 2020-07-14 10:18:46.769604

mao8g5q3d6w >> End >> 2020-07-14 10:18:46.903150

ksadsznee6p >> Start >> 2020-07-14 10:20:41.305576

ksadsznee6p >> Image Returned >> 2020-07-14 10:20:41.308684

ksadsznee6p >> End >> 2020-07-14 10:20:41.446002

4n8fhayr3bu >> Start >> 2020-07-14 10:21:25.695691

4n8fhayr3bu >> Image Returned >> 2020-07-14 10:21:25.698525

4n8fhayr3bu >> End >> 2020-07-14 10:21:25.845388

3pae45uiw5k >> Start >> 2020-07-14 10:24:59.891083

3pae45uiw5k >> Image Returned >> 2020-07-14 10:24:59.895267

3pae45uiw5k >> End >> 2020-07-14 10:25:00.035259

5ntpincnjjn >> Start >> 2020-07-14 10:25:35.461905

5ntpincnjjn >> Image Returned >> 2020-07-14 10:25:35.464853

5ntpincnjjn >> End >> 2020-07-14 10:25:35.610284

ekjnzyr5ptj >> Start >> 2020-07-14 10:35:20.858328

ekjnzyr5ptj >> Image Returned >> 2020-07-14 10:35:20.861536

ekjnzyr5ptj >> End >> 2020-07-14 10:35:20.996234

j4x7cibetyx >> Start >> 2020-07-14 10:36:32.029793

j4x7cibetyx >> Image Returned >> 2020-07-14 10:36:32.032979

j4x7cibetyx >> End >> 2020-07-14 10:36:32.171251

zodoy8568wa >> Start >> 2020-07-14 10:40:08.288922

zodoy8568wa >> Image Returned >> 2020-07-14 10:40:08.291919

zodoy8568wa >> End >> 2020-07-14 10:40:08.432090

b7k7kxhx5i3 >> Start >> 2020-07-14 10:44:06.157258

b7k7kxhx5i3 >> Image Returned >> 2020-07-14 10:44:06.159905

b7k7kxhx5i3 >> End >> 2020-07-14 10:44:06.301403

0nm4532eo42 >> Start >> 2020-07-14 10:49:09.093189

0nm4532eo42 >> Image Returned >> 2020-07-14 10:49:09.096255

0nm4532eo42 >> End >> 2020-07-14 10:49:09.233402

ah5m4py7qf3 >> Start >> 2020-07-14 10:57:44.039813

ah5m4py7qf3 >> Image Returned >> 2020-07-14 10:57:44.042586

ah5m4py7qf3 >> End >> 2020-07-14 10:57:44.179801

h24uj7f7vzd >> Start >> 2020-07-14 11:35:56.668931

h24uj7f7vzd >> Image Returned >> 2020-07-14 11:35:56.671809

h24uj7f7vzd >> End >> 2020-07-14 11:35:56.812108

bmg7hy38xrc >> Start >> 2020-07-14 11:46:26.371187

bmg7hy38xrc >> Image Returned >> 2020-07-14 11:46:26.374212

bmg7hy38xrc >> End >> 2020-07-14 11:46:26.509316

ne8t56heyus >> Start >> 2020-07-14 11:47:36.496087

ne8t56heyus >> Image Returned >> 2020-07-14 11:47:36.499072

ne8t56heyus >> End >> 2020-07-14 11:47:36.631058

z3if6bwfem4 >> Start >> 2020-07-14 11:51:22.003710

z3if6bwfem4 >> Image Returned >> 2020-07-14 11:51:22.006459

z3if6bwfem4 >> End >> 2020-07-14 11:51:22.146327

6ymrv58p2tq >> Start >> 2020-07-14 11:51:49.882353

6ymrv58p2tq >> Image Returned >> 2020-07-14 11:51:49.884993

6ymrv58p2tq >> End >> 2020-07-14 11:51:50.023128

ewc8cju5oau >> Start >> 2020-07-14 12:15:25.950906

ewc8cju5oau >> Image Returned >> 2020-07-14 12:15:25.954899

ewc8cju5oau >> End >> 2020-07-14 12:15:26.088982

vj3oq5zjwn8 >> Start >> 2020-07-14 12:16:07.966552

vj3oq5zjwn8 >> Image Returned >> 2020-07-14 12:16:07.970128

vj3oq5zjwn8 >> End >> 2020-07-14 12:16:08.113569

xivf8tqgao5 >> Start >> 2020-07-14 12:19:28.407057

xivf8tqgao5 >> Image Returned >> 2020-07-14 12:19:28.410121

xivf8tqgao5 >> End >> 2020-07-14 12:19:28.553725

b4b7hwfkwwm >> Start >> 2020-07-14 12:21:02.653593

b4b7hwfkwwm >> Image Returned >> 2020-07-14 12:21:02.656869

b4b7hwfkwwm >> End >> 2020-07-14 12:21:02.796132

zncg8awkh65 >> Start >> 2020-07-14 12:29:00.741427

zncg8awkh65 >> Image Returned >> 2020-07-14 12:29:00.744242

zncg8awkh65 >> End >> 2020-07-14 12:29:00.880451

ow3byn74yr5 >> Start >> 2020-07-14 12:29:25.557156

ow3byn74yr5 >> Image Returned >> 2020-07-14 12:29:25.560365

ow3byn74yr5 >> End >> 2020-07-14 12:29:25.683360

0ymoo0sffyn >> Start >> 2020-07-14 12:33:59.235466

0ymoo0sffyn >> Image Returned >> 2020-07-14 12:33:59.238261

0ymoo0sffyn >> End >> 2020-07-14 12:33:59.377536

tngyc6y3uun >> Start >> 2020-07-14 12:40:31.655915

tngyc6y3uun >> Image Returned >> 2020-07-14 12:40:31.659097

tngyc6y3uun >> End >> 2020-07-14 12:40:31.798784

67oszo6i7dm >> Start >> 2020-07-14 12:40:32.678555

67oszo6i7dm >> Image Returned >> 2020-07-14 12:40:32.678848

67oszo6i7dm >> End >> 2020-07-14 12:40:32.819706

i0g2kehf7au >> Start >> 2020-07-14 12:40:32.869415

i0g2kehf7au >> Image Returned >> 2020-07-14 12:40:32.869714

i0g2kehf7au >> End >> 2020-07-14 12:40:33.003114

4m0v6fqnv0g >> Start >> 2020-07-14 12:42:22.712953

4m0v6fqnv0g >> Image Returned >> 2020-07-14 12:42:22.715940

4m0v6fqnv0g >> End >> 2020-07-14 12:42:22.852435

tpvexjgwcsd >> Start >> 2020-07-14 12:44:40.425997

tpvexjgwcsd >> Image Returned >> 2020-07-14 12:44:40.429327

tpvexjgwcsd >> End >> 2020-07-14 12:44:40.566287

8j3vsh07mfe >> Start >> 2020-07-14 12:51:06.253621

8j3vsh07mfe >> Image Returned >> 2020-07-14 12:51:06.256679

8j3vsh07mfe >> End >> 2020-07-14 12:51:06.396006

sbkxw2yea58 >> Start >> 2020-07-14 12:53:02.524444

sbkxw2yea58 >> Image Returned >> 2020-07-14 12:53:02.527419

sbkxw2yea58 >> End >> 2020-07-14 12:53:02.663573

q0ujf42s3ut >> Start >> 2020-07-14 12:56:27.617037

q0ujf42s3ut >> Image Returned >> 2020-07-14 12:56:27.620702

q0ujf42s3ut >> End >> 2020-07-14 12:56:27.745440

ch8xedqjeaw >> Start >> 2020-07-14 12:59:54.550685

ch8xedqjeaw >> Image Returned >> 2020-07-14 12:59:54.554409

ch8xedqjeaw >> End >> 2020-07-14 12:59:54.690947

kmfghrv3tca >> Start >> 2020-07-14 13:30:40.145334

kmfghrv3tca >> Image Returned >> 2020-07-14 13:30:40.148499

kmfghrv3tca >> End >> 2020-07-14 13:30:40.288788

ta50nhzniig >> Start >> 2020-07-14 13:55:05.395291

ta50nhzniig >> Image Returned >> 2020-07-14 13:55:05.399363

ta50nhzniig >> End >> 2020-07-14 13:55:05.531445

tbubxefm7bc >> Start >> 2020-07-14 14:02:42.229953

tbubxefm7bc >> Image Returned >> 2020-07-14 14:02:42.235270

tbubxefm7bc >> End >> 2020-07-14 14:02:42.384409

du60gnsvnka >> Start >> 2020-07-14 14:02:42.882006

du60gnsvnka >> Image Returned >> 2020-07-14 14:02:42.882292

du60gnsvnka >> End >> 2020-07-14 14:02:43.008233

0cgpw2gts8c >> Start >> 2020-07-14 14:08:09.284392

0cgpw2gts8c >> Image Returned >> 2020-07-14 14:08:09.287410

0cgpw2gts8c >> End >> 2020-07-14 14:08:09.434207

wnv6vy4e5b4 >> Start >> 2020-07-14 14:16:20.801942

wnv6vy4e5b4 >> Image Returned >> 2020-07-14 14:16:20.806615

wnv6vy4e5b4 >> End >> 2020-07-14 14:16:20.942282

r7dzpfn6uqn >> Start >> 2020-07-14 14:22:49.824265

r7dzpfn6uqn >> Image Returned >> 2020-07-14 14:22:49.828550

r7dzpfn6uqn >> End >> 2020-07-14 14:22:49.965419

pkmbmqxkzkt >> Start >> 2020-07-14 14:35:30.726108

pkmbmqxkzkt >> Image Returned >> 2020-07-14 14:35:30.729696

pkmbmqxkzkt >> End >> 2020-07-14 14:35:30.866072

jmjj3f6m8r2 >> Start >> 2020-07-14 14:42:56.708543

jmjj3f6m8r2 >> Image Returned >> 2020-07-14 14:42:56.711462

jmjj3f6m8r2 >> End >> 2020-07-14 14:42:56.854274

t7xi633d4pq >> Start >> 2020-07-14 14:48:27.166053

t7xi633d4pq >> Image Returned >> 2020-07-14 14:48:27.169960

t7xi633d4pq >> End >> 2020-07-14 14:48:27.298566

taxw8gd8wb0 >> Start >> 2020-07-14 14:52:10.867332

taxw8gd8wb0 >> Image Returned >> 2020-07-14 14:52:10.870127

taxw8gd8wb0 >> End >> 2020-07-14 14:52:11.010915

qne5zjibsw7 >> Start >> 2020-07-14 14:59:16.060199

qne5zjibsw7 >> Image Returned >> 2020-07-14 14:59:16.064021

qne5zjibsw7 >> End >> 2020-07-14 14:59:16.209331

5q6q7eezp2j >> Start >> 2020-07-14 15:04:22.562104

5q6q7eezp2j >> Image Returned >> 2020-07-14 15:04:22.565764

5q6q7eezp2j >> End >> 2020-07-14 15:04:22.705183

6ppp72062du >> Start >> 2020-07-14 15:10:50.054244

6ppp72062du >> Image Returned >> 2020-07-14 15:10:50.057223

6ppp72062du >> End >> 2020-07-14 15:10:50.186511

nsg5hcyynp6 >> Start >> 2020-07-14 15:31:57.469830

nsg5hcyynp6 >> Image Returned >> 2020-07-14 15:31:57.473208

nsg5hcyynp6 >> End >> 2020-07-14 15:31:57.608702

nk8bqgppotk >> Start >> 2020-07-14 15:35:24.380589

nk8bqgppotk >> Image Returned >> 2020-07-14 15:35:24.384154

nk8bqgppotk >> End >> 2020-07-14 15:35:24.527201

jrsmzvh8wo8 >> Start >> 2020-07-14 15:43:11.332741

jrsmzvh8wo8 >> Image Returned >> 2020-07-14 15:43:11.336055

jrsmzvh8wo8 >> End >> 2020-07-14 15:43:11.477319

5gn3cmcdfmi >> Start >> 2020-07-14 15:43:23.717844

5gn3cmcdfmi >> Image Returned >> 2020-07-14 15:43:23.721276

5gn3cmcdfmi >> End >> 2020-07-14 15:43:23.860133

jwj52ssyas2 >> Start >> 2020-07-14 15:49:56.755412

jwj52ssyas2 >> Image Returned >> 2020-07-14 15:49:56.758625

jwj52ssyas2 >> End >> 2020-07-14 15:49:56.896838

mgcbxc5pfv6 >> Start >> 2020-07-14 15:57:04.294336

mgcbxc5pfv6 >> Image Returned >> 2020-07-14 15:57:04.297533

mgcbxc5pfv6 >> End >> 2020-07-14 15:57:04.436774

2iiyujo3tqo >> Start >> 2020-07-14 16:15:44.817025

2iiyujo3tqo >> Image Returned >> 2020-07-14 16:15:44.820013

2iiyujo3tqo >> End >> 2020-07-14 16:15:44.962697

d4r3qsj3pgz >> Start >> 2020-07-14 16:21:23.818190

d4r3qsj3pgz >> Image Returned >> 2020-07-14 16:21:23.822066

d4r3qsj3pgz >> End >> 2020-07-14 16:21:23.964416

mpcf86uhiit >> Start >> 2020-07-14 16:28:58.339181

mpcf86uhiit >> Image Returned >> 2020-07-14 16:28:58.342174

mpcf86uhiit >> End >> 2020-07-14 16:28:58.482371

w3vf52dx5xv >> Start >> 2020-07-14 16:29:17.498431

w3vf52dx5xv >> Image Returned >> 2020-07-14 16:29:17.501223

w3vf52dx5xv >> End >> 2020-07-14 16:29:17.648924

jvezwkk7gc0 >> Start >> 2020-07-14 16:35:05.645862

jvezwkk7gc0 >> Image Returned >> 2020-07-14 16:35:05.649363

jvezwkk7gc0 >> End >> 2020-07-14 16:35:05.787744

k27nffkh8pb >> Start >> 2020-07-14 16:40:03.067001

k27nffkh8pb >> Image Returned >> 2020-07-14 16:40:03.070324

k27nffkh8pb >> End >> 2020-07-14 16:40:03.212346

bwj0ic6caao >> Start >> 2020-07-14 17:17:58.711447

bwj0ic6caao >> Image Returned >> 2020-07-14 17:17:58.714432

bwj0ic6caao >> End >> 2020-07-14 17:17:58.858634

f2dyewznzrq >> Start >> 2020-07-14 17:43:37.208131

f2dyewznzrq >> Image Returned >> 2020-07-14 17:43:37.211720

f2dyewznzrq >> End >> 2020-07-14 17:43:37.346129

cfwa0eybm02 >> Start >> 2020-07-14 18:05:55.252159

cfwa0eybm02 >> Image Returned >> 2020-07-14 18:05:55.256198

cfwa0eybm02 >> End >> 2020-07-14 18:05:55.393568

e4yjhp2dyzq >> Start >> 2020-07-14 18:46:19.929656

e4yjhp2dyzq >> Image Returned >> 2020-07-14 18:46:19.932785

e4yjhp2dyzq >> End >> 2020-07-14 18:46:20.065570

tar2krw5esa >> Start >> 2020-07-14 18:46:53.322249

tar2krw5esa >> Image Returned >> 2020-07-14 18:46:53.325500

tar2krw5esa >> End >> 2020-07-14 18:46:53.467519

fx5ugpvpzkm >> Start >> 2020-07-14 18:51:04.171467

fx5ugpvpzkm >> Image Returned >> 2020-07-14 18:51:04.174362

fx5ugpvpzkm >> End >> 2020-07-14 18:51:04.333307

p2o68ix6mrg >> Start >> 2020-07-14 19:04:07.816930

p2o68ix6mrg >> Image Returned >> 2020-07-14 19:04:07.820419

p2o68ix6mrg >> End >> 2020-07-14 19:04:07.955950

rv63atibd0d >> Start >> 2020-07-14 19:07:55.307919

rv63atibd0d >> Image Returned >> 2020-07-14 19:07:55.312325

rv63atibd0d >> End >> 2020-07-14 19:07:55.482567

i0at48ns8ej >> Start >> 2020-07-14 19:16:45.018738

i0at48ns8ej >> Image Returned >> 2020-07-14 19:16:45.022790

i0at48ns8ej >> End >> 2020-07-14 19:16:45.168631

yy7aaj5zw22 >> Start >> 2020-07-14 19:41:50.292341

yy7aaj5zw22 >> Image Returned >> 2020-07-14 19:41:50.296140

yy7aaj5zw22 >> End >> 2020-07-14 19:41:50.435658

zgpscka4nxk >> Start >> 2020-07-14 19:47:32.414128

zgpscka4nxk >> Image Returned >> 2020-07-14 19:47:32.417390

zgpscka4nxk >> End >> 2020-07-14 19:47:32.552252

aajt5f4dnr0 >> Start >> 2020-07-14 19:48:56.957894

aajt5f4dnr0 >> Image Returned >> 2020-07-14 19:48:56.961282

aajt5f4dnr0 >> End >> 2020-07-14 19:48:57.101371

a2vk6pa6cqu >> Start >> 2020-07-14 19:49:50.358731

a2vk6pa6cqu >> Image Returned >> 2020-07-14 19:49:50.362787

a2vk6pa6cqu >> End >> 2020-07-14 19:49:50.499800

ihsxd3pre72 >> Start >> 2020-07-14 19:50:40.437104

ihsxd3pre72 >> Image Returned >> 2020-07-14 19:50:40.440655

ihsxd3pre72 >> End >> 2020-07-14 19:50:40.584203

esz4e3cj620 >> Start >> 2020-07-14 19:53:06.753595

esz4e3cj620 >> Image Returned >> 2020-07-14 19:53:06.756552

esz4e3cj620 >> End >> 2020-07-14 19:53:06.901582

xftc8w6gu3y >> Start >> 2020-07-14 20:03:28.380526

xftc8w6gu3y >> Image Returned >> 2020-07-14 20:03:28.383565

xftc8w6gu3y >> End >> 2020-07-14 20:03:28.521081

oj4gr4udg4x >> Start >> 2020-07-14 20:20:41.143611

oj4gr4udg4x >> Image Returned >> 2020-07-14 20:20:41.147922

oj4gr4udg4x >> End >> 2020-07-14 20:20:41.285979

zfa6azei4fr >> Start >> 2020-07-14 20:21:38.839795

zfa6azei4fr >> Image Returned >> 2020-07-14 20:21:38.843558

zfa6azei4fr >> End >> 2020-07-14 20:21:38.987205

frvjj55ncyq >> Start >> 2020-07-14 20:22:31.578195

frvjj55ncyq >> Image Returned >> 2020-07-14 20:22:31.582171

frvjj55ncyq >> End >> 2020-07-14 20:22:31.723635

8x5smztfc4q >> Start >> 2020-07-14 20:22:45.495734

8x5smztfc4q >> Image Returned >> 2020-07-14 20:22:45.498791

8x5smztfc4q >> End >> 2020-07-14 20:22:45.641211

3ossuybd0iv >> Start >> 2020-07-14 20:41:22.359378

3ossuybd0iv >> Image Returned >> 2020-07-14 20:41:22.363533

3ossuybd0iv >> End >> 2020-07-14 20:41:22.501961

zttemvzgt8m >> Start >> 2020-07-14 20:57:16.211839

zttemvzgt8m >> Image Returned >> 2020-07-14 20:57:16.216578

zttemvzgt8m >> End >> 2020-07-14 20:57:16.354123

47ht4ckwn04 >> Start >> 2020-07-14 21:25:45.467799

47ht4ckwn04 >> Image Returned >> 2020-07-14 21:25:45.472131

47ht4ckwn04 >> End >> 2020-07-14 21:25:45.613039

ikssvvx7pji >> Start >> 2020-07-14 21:31:59.624854

ikssvvx7pji >> Image Returned >> 2020-07-14 21:31:59.628607

ikssvvx7pji >> End >> 2020-07-14 21:31:59.763474

vmvtkmibvmm >> Start >> 2020-07-14 22:13:38.001497

vmvtkmibvmm >> Image Returned >> 2020-07-14 22:13:38.005542

vmvtkmibvmm >> End >> 2020-07-14 22:13:38.143435

ric53txwk6r >> Start >> 2020-07-14 22:50:24.539412

ric53txwk6r >> Image Returned >> 2020-07-14 22:50:24.543009

ric53txwk6r >> End >> 2020-07-14 22:50:24.679003

ud350vpugjm >> Start >> 2020-07-14 22:52:57.745832

ud350vpugjm >> Image Returned >> 2020-07-14 22:52:57.749764

ud350vpugjm >> End >> 2020-07-14 22:52:57.885205

erk5jwcq5he >> Start >> 2020-07-14 23:03:21.119452

erk5jwcq5he >> Image Returned >> 2020-07-14 23:03:21.124653

erk5jwcq5he >> End >> 2020-07-14 23:03:21.267038

0qx65xnfa0r >> Start >> 2020-07-14 23:03:31.998966

0qx65xnfa0r >> Image Returned >> 2020-07-14 23:03:31.999284

0qx65xnfa0r >> End >> 2020-07-14 23:03:32.130683

x6uw88kexqp >> Start >> 2020-07-14 23:05:08.015290

x6uw88kexqp >> Image Returned >> 2020-07-14 23:05:08.019753

x6uw88kexqp >> End >> 2020-07-14 23:05:08.160641

