sabrn6couxj >> Start >> 2020-06-20 00:00:13.274688

sabrn6couxj >> Image Returned >> 2020-06-20 00:00:13.278702

sabrn6couxj >> End >> 2020-06-20 00:00:13.292754

wpk5225gwsq >> Start >> 2020-06-20 00:04:50.814832

wpk5225gwsq >> Image Returned >> 2020-06-20 00:04:50.817619

wpk5225gwsq >> End >> 2020-06-20 00:04:50.829924

oy82vm5vc5f >> Start >> 2020-06-20 00:23:40.461836

oy82vm5vc5f >> Image Returned >> 2020-06-20 00:23:40.465997

oy82vm5vc5f >> End >> 2020-06-20 00:23:40.479177

iyhqamawye3 >> Start >> 2020-06-20 00:58:31.963705

iyhqamawye3 >> Image Returned >> 2020-06-20 00:58:31.966480

iyhqamawye3 >> End >> 2020-06-20 00:58:31.980015

0tt8hjcfa7z >> Start >> 2020-06-20 01:11:18.621572

0tt8hjcfa7z >> Image Returned >> 2020-06-20 01:11:18.626205

0tt8hjcfa7z >> End >> 2020-06-20 01:11:18.638578

qdc7jzj7f2d >> Start >> 2020-06-20 01:16:41.573398

qdc7jzj7f2d >> Image Returned >> 2020-06-20 01:16:41.576534

qdc7jzj7f2d >> End >> 2020-06-20 01:16:41.590396

adc3gxzkhur >> Start >> 2020-06-20 01:32:42.242059

adc3gxzkhur >> Image Returned >> 2020-06-20 01:32:42.245621

adc3gxzkhur >> End >> 2020-06-20 01:32:42.255052

5nfgmh7zhfh >> Start >> 2020-06-20 02:04:07.635340

5nfgmh7zhfh >> Image Returned >> 2020-06-20 02:04:07.639636

5nfgmh7zhfh >> End >> 2020-06-20 02:04:07.655962

w0v4867xrka >> Start >> 2020-06-20 04:35:43.345514

w0v4867xrka >> Image Returned >> 2020-06-20 04:35:43.355216

w0v4867xrka >> End >> 2020-06-20 04:35:43.371947

c2sf0u6eb4c >> Start >> 2020-06-20 06:29:50.541040

c2sf0u6eb4c >> Image Returned >> 2020-06-20 06:29:50.543936

c2sf0u6eb4c >> End >> 2020-06-20 06:29:50.554960

ubhzmqaviuy >> Start >> 2020-06-20 06:45:34.970756

ubhzmqaviuy >> Image Returned >> 2020-06-20 06:45:34.973666

ubhzmqaviuy >> End >> 2020-06-20 06:45:34.985673

ghqcnt2xmev >> Start >> 2020-06-20 07:19:00.244199

ghqcnt2xmev >> Image Returned >> 2020-06-20 07:19:00.247056

ghqcnt2xmev >> End >> 2020-06-20 07:19:00.284944

zgactsyzgna >> Start >> 2020-06-20 08:21:57.533915

zgactsyzgna >> Image Returned >> 2020-06-20 08:21:57.536516

zgactsyzgna >> End >> 2020-06-20 08:21:57.547187

i3jsq8nftoz >> Start >> 2020-06-20 09:28:54.309418

i3jsq8nftoz >> Image Returned >> 2020-06-20 09:28:54.312345

i3jsq8nftoz >> End >> 2020-06-20 09:28:54.323045

hchjs20fh3c >> Start >> 2020-06-20 10:21:53.170540

hchjs20fh3c >> Image Returned >> 2020-06-20 10:21:53.173094

hchjs20fh3c >> End >> 2020-06-20 10:21:53.185358

ao5grcfhrvk >> Start >> 2020-06-20 11:33:53.219603

ao5grcfhrvk >> Image Returned >> 2020-06-20 11:33:53.222470

ao5grcfhrvk >> End >> 2020-06-20 11:33:53.234299

jtnvio2nfz6 >> Start >> 2020-06-20 12:09:39.856069

jtnvio2nfz6 >> Image Returned >> 2020-06-20 12:09:39.858757

jtnvio2nfz6 >> End >> 2020-06-20 12:09:39.869946

7enoap27hpx >> Start >> 2020-06-20 12:10:47.719964

7enoap27hpx >> Image Returned >> 2020-06-20 12:10:47.722495

7enoap27hpx >> End >> 2020-06-20 12:10:47.733027

0quojh7nsg5 >> Start >> 2020-06-20 12:19:01.347485

0quojh7nsg5 >> Image Returned >> 2020-06-20 12:19:01.351151

0quojh7nsg5 >> End >> 2020-06-20 12:19:01.362781

0z7yop87ph4 >> Start >> 2020-06-20 12:26:51.606734

0z7yop87ph4 >> Image Returned >> 2020-06-20 12:26:51.610275

0z7yop87ph4 >> End >> 2020-06-20 12:26:51.622248

dobtcmsxfq2 >> Start >> 2020-06-20 13:41:04.237520

dobtcmsxfq2 >> Image Returned >> 2020-06-20 13:41:04.240837

dobtcmsxfq2 >> End >> 2020-06-20 13:41:04.254491

vmhnhawizmm >> Start >> 2020-06-20 13:54:00.691323

vmhnhawizmm >> Image Returned >> 2020-06-20 13:54:00.694643

vmhnhawizmm >> End >> 2020-06-20 13:54:00.706059

qy0racyo3ns >> Start >> 2020-06-20 14:10:49.148435

qy0racyo3ns >> Image Returned >> 2020-06-20 14:10:49.151938

qy0racyo3ns >> End >> 2020-06-20 14:10:49.166045

o4vbmdrf4ud >> Start >> 2020-06-20 14:56:51.668330

o4vbmdrf4ud >> Image Returned >> 2020-06-20 14:56:51.672184

o4vbmdrf4ud >> End >> 2020-06-20 14:56:51.686497

d48ocxuttw4 >> Start >> 2020-06-20 15:23:49.419310

d48ocxuttw4 >> Image Returned >> 2020-06-20 15:23:49.422306

d48ocxuttw4 >> End >> 2020-06-20 15:23:49.433532

eagvn4juaka >> Start >> 2020-06-20 15:49:24.187901

eagvn4juaka >> Image Returned >> 2020-06-20 15:49:24.192589

eagvn4juaka >> End >> 2020-06-20 15:49:24.203735

vrqe58imeuh >> Start >> 2020-06-20 16:02:48.996587

vrqe58imeuh >> Image Returned >> 2020-06-20 16:02:48.999543

vrqe58imeuh >> End >> 2020-06-20 16:02:49.011276

so0p4sbs3ag >> Start >> 2020-06-20 16:27:44.382348

so0p4sbs3ag >> Image Returned >> 2020-06-20 16:27:44.385478

so0p4sbs3ag >> End >> 2020-06-20 16:27:44.400371

tttdi80ixvj >> Start >> 2020-06-20 16:39:01.630126

tttdi80ixvj >> Image Returned >> 2020-06-20 16:39:01.632884

tttdi80ixvj >> End >> 2020-06-20 16:39:01.645364

ymf7iyn6hb3 >> Start >> 2020-06-20 16:41:15.671127

ymf7iyn6hb3 >> Image Returned >> 2020-06-20 16:41:15.674058

ymf7iyn6hb3 >> End >> 2020-06-20 16:41:15.686084

owac6pymizn >> Start >> 2020-06-20 16:44:20.645499

owac6pymizn >> Image Returned >> 2020-06-20 16:44:20.649092

owac6pymizn >> End >> 2020-06-20 16:44:20.659497

ptqbjqhau57 >> Start >> 2020-06-20 16:44:21.318732

ptqbjqhau57 >> Image Returned >> 2020-06-20 16:44:21.319039

ptqbjqhau57 >> End >> 2020-06-20 16:44:21.326637

p87bammgu30 >> Start >> 2020-06-20 17:14:09.143793

p87bammgu30 >> Image Returned >> 2020-06-20 17:14:09.146640

p87bammgu30 >> End >> 2020-06-20 17:14:09.157187

5s7s6sckb3d >> Start >> 2020-06-20 17:15:13.496962

5s7s6sckb3d >> Image Returned >> 2020-06-20 17:15:13.500674

5s7s6sckb3d >> End >> 2020-06-20 17:15:13.513191

4q3bbr5tias >> Start >> 2020-06-20 17:15:18.628680

4q3bbr5tias >> Image Returned >> 2020-06-20 17:15:18.628968

4q3bbr5tias >> End >> 2020-06-20 17:15:18.664309

666oo73cyyf >> Start >> 2020-06-20 17:17:02.694606

666oo73cyyf >> Image Returned >> 2020-06-20 17:17:02.698256

666oo73cyyf >> End >> 2020-06-20 17:17:02.707973

be7vhwa8bsu >> Start >> 2020-06-20 17:57:46.993033

be7vhwa8bsu >> Image Returned >> 2020-06-20 17:57:46.996356

be7vhwa8bsu >> End >> 2020-06-20 17:57:47.007108

nffg4zdn3xc >> Start >> 2020-06-20 18:15:47.144107

nffg4zdn3xc >> Image Returned >> 2020-06-20 18:15:47.146969

nffg4zdn3xc >> End >> 2020-06-20 18:15:47.156424

ne7yc46p8v7 >> Start >> 2020-06-20 18:19:41.775856

ne7yc46p8v7 >> Image Returned >> 2020-06-20 18:19:41.778704

ne7yc46p8v7 >> End >> 2020-06-20 18:19:41.789146

407wacqtak0 >> Start >> 2020-06-20 18:27:34.661952

407wacqtak0 >> Image Returned >> 2020-06-20 18:27:34.665731

407wacqtak0 >> End >> 2020-06-20 18:27:34.686381

o0fmzub5fi3 >> Start >> 2020-06-20 18:55:54.988593

o0fmzub5fi3 >> Image Returned >> 2020-06-20 18:55:54.991729

o0fmzub5fi3 >> End >> 2020-06-20 18:55:55.003736

34mnvono20w >> Start >> 2020-06-20 19:46:50.859724

34mnvono20w >> Image Returned >> 2020-06-20 19:46:50.862771

34mnvono20w >> End >> 2020-06-20 19:46:50.873708

rr3v4btqfcv >> Start >> 2020-06-20 20:04:05.733371

rr3v4btqfcv >> Image Returned >> 2020-06-20 20:04:05.736416

rr3v4btqfcv >> End >> 2020-06-20 20:04:05.751674

tkh05adtrzt >> Start >> 2020-06-20 20:10:57.726753

tkh05adtrzt >> Image Returned >> 2020-06-20 20:10:57.729790

tkh05adtrzt >> End >> 2020-06-20 20:10:57.747011

sawedi6pjso >> Start >> 2020-06-20 22:22:33.938416

sawedi6pjso >> Image Returned >> 2020-06-20 22:22:33.942133

sawedi6pjso >> End >> 2020-06-20 22:22:33.978168

gjqtqt58m8j >> Start >> 2020-06-20 22:24:55.398221

gjqtqt58m8j >> Image Returned >> 2020-06-20 22:24:55.401473

gjqtqt58m8j >> End >> 2020-06-20 22:24:55.419625

2ooju7bfgmx >> Start >> 2020-06-20 22:42:55.538100

2ooju7bfgmx >> Image Returned >> 2020-06-20 22:42:55.541733

2ooju7bfgmx >> End >> 2020-06-20 22:42:55.553097

on0whtni4t0 >> Start >> 2020-06-20 22:45:16.044205

on0whtni4t0 >> Image Returned >> 2020-06-20 22:45:16.047710

on0whtni4t0 >> End >> 2020-06-20 22:45:16.059751

c472z3jij3j >> Start >> 2020-06-20 23:10:06.008445

c472z3jij3j >> Image Returned >> 2020-06-20 23:10:06.011373

c472z3jij3j >> End >> 2020-06-20 23:10:06.026494

2w4pknwwbre >> Start >> 2020-06-20 23:25:38.631179

2w4pknwwbre >> Image Returned >> 2020-06-20 23:25:38.634516

2w4pknwwbre >> End >> 2020-06-20 23:25:38.646827

