ae5kt3vme64 >> Start >> 2020-11-05 00:01:04.435395

ae5kt3vme64 >> Image Returned >> 2020-11-05 00:01:04.438736

ae5kt3vme64 >> End >> 2020-11-05 00:01:04.626257

ti2bk6it0tk >> Start >> 2020-11-05 00:02:43.551265

ti2bk6it0tk >> Image Returned >> 2020-11-05 00:02:43.555330

ti2bk6it0tk >> End >> 2020-11-05 00:02:43.744477

qrb2b3nc46d >> Start >> 2020-11-05 00:07:42.394602

qrb2b3nc46d >> Image Returned >> 2020-11-05 00:07:42.399456

qrb2b3nc46d >> End >> 2020-11-05 00:07:42.600085

m2c83n6ki7d >> Start >> 2020-11-05 00:12:36.748306

m2c83n6ki7d >> Image Returned >> 2020-11-05 00:12:36.752748

m2c83n6ki7d >> End >> 2020-11-05 00:12:36.931680

6ns6qfnhvxc >> Start >> 2020-11-05 00:17:57.036401

6ns6qfnhvxc >> Image Returned >> 2020-11-05 00:17:57.040894

6ns6qfnhvxc >> End >> 2020-11-05 00:17:57.229973

wrti2g8pcyg >> Start >> 2020-11-05 00:24:04.237175

wrti2g8pcyg >> Image Returned >> 2020-11-05 00:24:04.240683

wrti2g8pcyg >> End >> 2020-11-05 00:24:04.423851

zsjh0f36juh >> Start >> 2020-11-05 00:25:27.966152

zsjh0f36juh >> Image Returned >> 2020-11-05 00:25:27.970323

zsjh0f36juh >> End >> 2020-11-05 00:25:28.156244

7ntxih02iuo >> Start >> 2020-11-05 00:33:04.971458

7ntxih02iuo >> Image Returned >> 2020-11-05 00:33:04.974967

7ntxih02iuo >> End >> 2020-11-05 00:33:05.162482

3wqkucm3yph >> Start >> 2020-11-05 00:33:57.344055

3wqkucm3yph >> Image Returned >> 2020-11-05 00:33:57.347951

3wqkucm3yph >> End >> 2020-11-05 00:33:57.526279

kgiv2ixjbkw >> Start >> 2020-11-05 00:34:45.276010

kgiv2ixjbkw >> Image Returned >> 2020-11-05 00:34:45.279820

kgiv2ixjbkw >> End >> 2020-11-05 00:34:45.464977

jd6qm83hz63 >> Start >> 2020-11-05 00:36:47.101727

jd6qm83hz63 >> Image Returned >> 2020-11-05 00:36:47.106272

jd6qm83hz63 >> End >> 2020-11-05 00:36:47.309701

zvuwftnj8c6 >> Start >> 2020-11-05 00:43:54.985179

zvuwftnj8c6 >> Image Returned >> 2020-11-05 00:43:54.990173

zvuwftnj8c6 >> End >> 2020-11-05 00:43:55.170586

3y57bn6er7m >> Start >> 2020-11-05 00:44:31.533813

3y57bn6er7m >> Image Returned >> 2020-11-05 00:44:31.537141

3y57bn6er7m >> End >> 2020-11-05 00:44:31.718435

bfkkbdvvmmm >> Start >> 2020-11-05 00:49:30.636554

bfkkbdvvmmm >> Image Returned >> 2020-11-05 00:49:30.641550

bfkkbdvvmmm >> End >> 2020-11-05 00:49:30.821125

b0tgajumf7u >> Start >> 2020-11-05 00:50:07.615684

b0tgajumf7u >> Image Returned >> 2020-11-05 00:50:07.619915

b0tgajumf7u >> End >> 2020-11-05 00:50:07.797632

yogidevi67t >> Start >> 2020-11-05 01:09:13.235357

yogidevi67t >> Image Returned >> 2020-11-05 01:09:13.238691

yogidevi67t >> End >> 2020-11-05 01:09:13.415175

ffr377hbk66 >> Start >> 2020-11-05 01:12:01.520246

ffr377hbk66 >> Image Returned >> 2020-11-05 01:12:01.524415

ffr377hbk66 >> End >> 2020-11-05 01:12:01.708479

i83u0cf27rx >> Start >> 2020-11-05 01:14:25.765667

i83u0cf27rx >> Image Returned >> 2020-11-05 01:14:25.769520

i83u0cf27rx >> End >> 2020-11-05 01:14:25.946454

34d8vbd35sd >> Start >> 2020-11-05 01:18:22.771214

34d8vbd35sd >> Image Returned >> 2020-11-05 01:18:22.775232

34d8vbd35sd >> End >> 2020-11-05 01:18:22.955111

pnnpdfhezg0 >> Start >> 2020-11-05 01:18:51.691498

pnnpdfhezg0 >> Image Returned >> 2020-11-05 01:18:51.695384

pnnpdfhezg0 >> End >> 2020-11-05 01:18:51.874758

j3zc4hhdh2g >> Start >> 2020-11-05 01:25:30.321623

j3zc4hhdh2g >> Image Returned >> 2020-11-05 01:25:30.325553

j3zc4hhdh2g >> End >> 2020-11-05 01:25:30.505477

wum7tzferut >> Start >> 2020-11-05 01:45:48.844261

wum7tzferut >> Image Returned >> 2020-11-05 01:45:48.848062

wum7tzferut >> End >> 2020-11-05 01:45:49.026057

qcviupme885 >> Start >> 2020-11-05 01:49:03.809405

qcviupme885 >> Image Returned >> 2020-11-05 01:49:03.812731

qcviupme885 >> End >> 2020-11-05 01:49:03.990917

bwzu5dtuymq >> Start >> 2020-11-05 01:50:31.995783

bwzu5dtuymq >> Image Returned >> 2020-11-05 01:50:31.999541

bwzu5dtuymq >> End >> 2020-11-05 01:50:32.179207

3a2d5hbrcsx >> Start >> 2020-11-05 01:53:57.567703

3a2d5hbrcsx >> Image Returned >> 2020-11-05 01:53:57.572922

3a2d5hbrcsx >> End >> 2020-11-05 01:53:57.751653

q450xfsymre >> Start >> 2020-11-05 01:54:45.746491

q450xfsymre >> Image Returned >> 2020-11-05 01:54:45.751074

q450xfsymre >> End >> 2020-11-05 01:54:45.932881

wvv46n6wbdw >> Start >> 2020-11-05 01:58:21.484920

wvv46n6wbdw >> Image Returned >> 2020-11-05 01:58:21.489484

wvv46n6wbdw >> End >> 2020-11-05 01:58:21.669297

qqt2vinwspn >> Start >> 2020-11-05 02:01:14.045129

qqt2vinwspn >> Image Returned >> 2020-11-05 02:01:14.048480

qqt2vinwspn >> End >> 2020-11-05 02:01:14.245299

s5p4gkicozm >> Start >> 2020-11-05 02:10:22.341562

s5p4gkicozm >> Image Returned >> 2020-11-05 02:10:22.345491

s5p4gkicozm >> End >> 2020-11-05 02:10:22.533107

pujxky7rpyg >> Start >> 2020-11-05 02:39:06.712893

pujxky7rpyg >> Image Returned >> 2020-11-05 02:39:06.717092

pujxky7rpyg >> End >> 2020-11-05 02:39:06.895523

3qv6s4pcos0 >> Start >> 2020-11-05 02:56:20.156917

3qv6s4pcos0 >> Image Returned >> 2020-11-05 02:56:20.161012

3qv6s4pcos0 >> End >> 2020-11-05 02:56:20.336368

o3d4opwnerh >> Start >> 2020-11-05 03:10:23.696636

o3d4opwnerh >> Image Returned >> 2020-11-05 03:10:23.700613

o3d4opwnerh >> End >> 2020-11-05 03:10:23.880909

6uhno5pp8uu >> Start >> 2020-11-05 03:24:21.723388

6uhno5pp8uu >> Image Returned >> 2020-11-05 03:24:21.726661

6uhno5pp8uu >> End >> 2020-11-05 03:24:21.904767

xyzst4v373f >> Start >> 2020-11-05 03:25:59.447221

xyzst4v373f >> Image Returned >> 2020-11-05 03:25:59.451303

xyzst4v373f >> End >> 2020-11-05 03:25:59.635396

nhysd3z57vc >> Start >> 2020-11-05 03:28:35.095916

nhysd3z57vc >> Image Returned >> 2020-11-05 03:28:35.099194

nhysd3z57vc >> End >> 2020-11-05 03:28:35.278769

73jqwqe3cqt >> Start >> 2020-11-05 03:51:45.178656

73jqwqe3cqt >> Image Returned >> 2020-11-05 03:51:45.182265

73jqwqe3cqt >> End >> 2020-11-05 03:51:45.363645

sv2ksr4q5e4 >> Start >> 2020-11-05 03:59:15.851155

sv2ksr4q5e4 >> Image Returned >> 2020-11-05 03:59:15.854460

sv2ksr4q5e4 >> End >> 2020-11-05 03:59:16.044220

4erxdh6mpob >> Start >> 2020-11-05 04:43:12.058825

4erxdh6mpob >> Image Returned >> 2020-11-05 04:43:12.062984

4erxdh6mpob >> End >> 2020-11-05 04:43:12.242779

8dyvn6bwd8z >> Start >> 2020-11-05 04:49:12.387473

8dyvn6bwd8z >> Image Returned >> 2020-11-05 04:49:12.392292

8dyvn6bwd8z >> End >> 2020-11-05 04:49:12.570930

3hn8w7qo6kc >> Start >> 2020-11-05 05:32:19.935060

3hn8w7qo6kc >> Image Returned >> 2020-11-05 05:32:19.938622

3hn8w7qo6kc >> End >> 2020-11-05 05:32:20.116766

8re6estvr0e >> Start >> 2020-11-05 05:44:11.821599

8re6estvr0e >> Image Returned >> 2020-11-05 05:44:11.825244

8re6estvr0e >> End >> 2020-11-05 05:44:12.002216

od8ewv8vppt >> Start >> 2020-11-05 05:49:24.110634

od8ewv8vppt >> Image Returned >> 2020-11-05 05:49:24.113811

od8ewv8vppt >> End >> 2020-11-05 05:49:24.288399

ah7e0i3zjv3 >> Start >> 2020-11-05 06:09:29.568069

ah7e0i3zjv3 >> Image Returned >> 2020-11-05 06:09:29.571470

ah7e0i3zjv3 >> End >> 2020-11-05 06:09:29.759349

ku444jguc03 >> Start >> 2020-11-05 06:25:56.672734

ku444jguc03 >> Image Returned >> 2020-11-05 06:25:56.676516

ku444jguc03 >> End >> 2020-11-05 06:25:56.940116

rqviyrbbczh >> Start >> 2020-11-05 06:37:07.902194

rqviyrbbczh >> Image Returned >> 2020-11-05 06:37:07.907509

rqviyrbbczh >> End >> 2020-11-05 06:37:08.086035

vu5ww7fum77 >> Start >> 2020-11-05 06:41:19.859911

vu5ww7fum77 >> Image Returned >> 2020-11-05 06:41:19.863415

vu5ww7fum77 >> End >> 2020-11-05 06:41:20.046648

jm3y2c6vppn >> Start >> 2020-11-05 07:02:04.559310

jm3y2c6vppn >> Image Returned >> 2020-11-05 07:02:04.563097

jm3y2c6vppn >> End >> 2020-11-05 07:02:04.832390

owoeb5uemnd >> Start >> 2020-11-05 07:05:37.485359

owoeb5uemnd >> Image Returned >> 2020-11-05 07:05:37.488898

owoeb5uemnd >> End >> 2020-11-05 07:05:37.900964

7848ooizudp >> Start >> 2020-11-05 07:05:49.394758

7848ooizudp >> Image Returned >> 2020-11-05 07:05:49.398472

7848ooizudp >> End >> 2020-11-05 07:05:49.814749

bhwwngxsxrp >> Start >> 2020-11-05 07:05:50.170654

bhwwngxsxrp >> Image Returned >> 2020-11-05 07:05:50.171094

bhwwngxsxrp >> End >> 2020-11-05 07:05:50.605565

7xxxskfr28o >> Start >> 2020-11-05 07:12:02.486609

7xxxskfr28o >> Image Returned >> 2020-11-05 07:12:02.489820

7xxxskfr28o >> End >> 2020-11-05 07:12:02.664957

d6ijz52ox4y >> Start >> 2020-11-05 07:15:24.632667

d6ijz52ox4y >> Image Returned >> 2020-11-05 07:15:24.636097

d6ijz52ox4y >> End >> 2020-11-05 07:15:24.818141

jxzroeivnyy >> Start >> 2020-11-05 07:29:19.900886

jxzroeivnyy >> Image Returned >> 2020-11-05 07:29:19.904135

jxzroeivnyy >> End >> 2020-11-05 07:29:20.119138

iqmfcptk5gt >> Start >> 2020-11-05 07:32:40.711703

iqmfcptk5gt >> Image Returned >> 2020-11-05 07:32:40.715346

iqmfcptk5gt >> End >> 2020-11-05 07:32:40.904412

0vkj4nsiwn5 >> Start >> 2020-11-05 07:32:41.667648

0vkj4nsiwn5 >> Image Returned >> 2020-11-05 07:32:41.667956

0vkj4nsiwn5 >> End >> 2020-11-05 07:32:41.842396

pr4hzdodxqw >> Start >> 2020-11-05 07:33:39.501226

pr4hzdodxqw >> Image Returned >> 2020-11-05 07:33:39.504457

pr4hzdodxqw >> End >> 2020-11-05 07:33:39.727618

6bjqrvyswyd >> Start >> 2020-11-05 07:39:20.835089

6bjqrvyswyd >> Image Returned >> 2020-11-05 07:39:20.838416

6bjqrvyswyd >> End >> 2020-11-05 07:39:21.016469

z0ivcia8vva >> Start >> 2020-11-05 07:51:14.589164

z0ivcia8vva >> Image Returned >> 2020-11-05 07:51:14.592921

z0ivcia8vva >> End >> 2020-11-05 07:51:14.769496

8phojxu6srx >> Start >> 2020-11-05 07:58:29.840625

8phojxu6srx >> Image Returned >> 2020-11-05 07:58:29.844331

8phojxu6srx >> End >> 2020-11-05 07:58:30.029956

cf05akgf2tq >> Start >> 2020-11-05 08:01:45.456912

cf05akgf2tq >> Image Returned >> 2020-11-05 08:01:45.460175

cf05akgf2tq >> End >> 2020-11-05 08:01:45.636521

h8x64ttjfwq >> Start >> 2020-11-05 08:03:56.069397

h8x64ttjfwq >> Image Returned >> 2020-11-05 08:03:56.074543

h8x64ttjfwq >> End >> 2020-11-05 08:03:56.450339

7jmitppv84u >> Start >> 2020-11-05 08:07:09.384705

7jmitppv84u >> Image Returned >> 2020-11-05 08:07:09.388557

7jmitppv84u >> End >> 2020-11-05 08:07:09.564842

4wwjaj4nziq >> Start >> 2020-11-05 08:22:36.636797

4wwjaj4nziq >> Image Returned >> 2020-11-05 08:22:36.640157

4wwjaj4nziq >> End >> 2020-11-05 08:22:36.818118

gwupw6ycd5m >> Start >> 2020-11-05 08:28:03.757782

gwupw6ycd5m >> Image Returned >> 2020-11-05 08:28:03.761075

gwupw6ycd5m >> End >> 2020-11-05 08:28:03.942902

xki0uhky3du >> Start >> 2020-11-05 08:31:23.765513

xki0uhky3du >> Image Returned >> 2020-11-05 08:31:23.768731

xki0uhky3du >> End >> 2020-11-05 08:31:23.959718

p3k87idbpwv >> Start >> 2020-11-05 08:38:11.425440

p3k87idbpwv >> Image Returned >> 2020-11-05 08:38:11.428932

p3k87idbpwv >> End >> 2020-11-05 08:38:11.614139

7skxq7o8e45 >> Start >> 2020-11-05 08:49:36.532126

7skxq7o8e45 >> Image Returned >> 2020-11-05 08:49:36.535420

7skxq7o8e45 >> End >> 2020-11-05 08:49:36.756155

4mc8o5hjrbg >> Start >> 2020-11-05 08:53:07.488822

4mc8o5hjrbg >> Image Returned >> 2020-11-05 08:53:07.492789

4mc8o5hjrbg >> End >> 2020-11-05 08:53:07.677360

azrqqn5nddv >> Start >> 2020-11-05 08:53:38.667363

azrqqn5nddv >> Image Returned >> 2020-11-05 08:53:38.670650

azrqqn5nddv >> End >> 2020-11-05 08:53:38.853338

x22siww5x8e >> Start >> 2020-11-05 08:53:38.854651

x22siww5x8e >> Image Returned >> 2020-11-05 08:53:38.854914

x22siww5x8e >> End >> 2020-11-05 08:53:39.304084

428r2aepw62 >> Start >> 2020-11-05 08:53:52.786783

428r2aepw62 >> Image Returned >> 2020-11-05 08:53:52.790868

428r2aepw62 >> End >> 2020-11-05 08:53:53.273067

gqhpyqfuz2b >> Start >> 2020-11-05 08:55:10.779886

gqhpyqfuz2b >> Image Returned >> 2020-11-05 08:55:10.783935

gqhpyqfuz2b >> End >> 2020-11-05 08:55:11.143013

nqcpqiq6kk6 >> Start >> 2020-11-05 09:05:14.588037

nqcpqiq6kk6 >> Image Returned >> 2020-11-05 09:05:14.591411

nqcpqiq6kk6 >> End >> 2020-11-05 09:05:14.769934

tvrc4637abb >> Start >> 2020-11-05 09:07:01.366969

tvrc4637abb >> Image Returned >> 2020-11-05 09:07:01.370609

tvrc4637abb >> End >> 2020-11-05 09:07:01.565690

ypsau4wd6aq >> Start >> 2020-11-05 09:09:18.677026

ypsau4wd6aq >> Image Returned >> 2020-11-05 09:09:18.680275

ypsau4wd6aq >> End >> 2020-11-05 09:09:18.857906

4bokn60mdtw >> Start >> 2020-11-05 09:09:54.330133

4bokn60mdtw >> Image Returned >> 2020-11-05 09:09:54.333811

4bokn60mdtw >> End >> 2020-11-05 09:09:54.457246

0n5och5ncnf >> Start >> 2020-11-05 09:14:16.427885

0n5och5ncnf >> Image Returned >> 2020-11-05 09:14:16.431457

0n5och5ncnf >> End >> 2020-11-05 09:14:16.608263

sdc6dapf7be >> Start >> 2020-11-05 09:15:59.046283

sdc6dapf7be >> Image Returned >> 2020-11-05 09:15:59.051495

sdc6dapf7be >> End >> 2020-11-05 09:15:59.233527

gwr3wsx3aej >> Start >> 2020-11-05 09:19:52.675904

gwr3wsx3aej >> Image Returned >> 2020-11-05 09:19:52.679768

gwr3wsx3aej >> End >> 2020-11-05 09:19:52.884325

x27mvdadvop >> Start >> 2020-11-05 09:22:08.444515

x27mvdadvop >> Image Returned >> 2020-11-05 09:22:08.449282

x27mvdadvop >> End >> 2020-11-05 09:22:08.627954

svwiqwx50if >> Start >> 2020-11-05 09:24:59.260998

svwiqwx50if >> Image Returned >> 2020-11-05 09:24:59.265697

svwiqwx50if >> End >> 2020-11-05 09:24:59.445075

aoepfpqiefa >> Start >> 2020-11-05 09:25:01.456165

aoepfpqiefa >> Image Returned >> 2020-11-05 09:25:01.456449

aoepfpqiefa >> End >> 2020-11-05 09:25:01.633543

tepwudxpwwb >> Start >> 2020-11-05 09:28:57.346788

tepwudxpwwb >> Image Returned >> 2020-11-05 09:28:57.350609

tepwudxpwwb >> End >> 2020-11-05 09:28:57.536058

25o33t7a3vx >> Start >> 2020-11-05 09:29:12.680793

25o33t7a3vx >> Image Returned >> 2020-11-05 09:29:12.684159

25o33t7a3vx >> End >> 2020-11-05 09:29:12.865417

jk6k2ckoyat >> Start >> 2020-11-05 09:29:58.025758

jk6k2ckoyat >> Image Returned >> 2020-11-05 09:29:58.029817

jk6k2ckoyat >> End >> 2020-11-05 09:29:58.213434

kk0x7ixayv8 >> Start >> 2020-11-05 09:33:59.270339

kk0x7ixayv8 >> Image Returned >> 2020-11-05 09:33:59.274219

kk0x7ixayv8 >> End >> 2020-11-05 09:33:59.453916

4556ty4kpzw >> Start >> 2020-11-05 09:34:43.388293

4556ty4kpzw >> Image Returned >> 2020-11-05 09:34:43.391518

4556ty4kpzw >> End >> 2020-11-05 09:34:43.515805

by7u25bvfk5 >> Start >> 2020-11-05 09:36:28.895107

by7u25bvfk5 >> Image Returned >> 2020-11-05 09:36:28.898705

by7u25bvfk5 >> End >> 2020-11-05 09:36:29.081607

s87wko8ehh2 >> Start >> 2020-11-05 09:36:43.758482

s87wko8ehh2 >> Image Returned >> 2020-11-05 09:36:43.762748

s87wko8ehh2 >> End >> 2020-11-05 09:36:43.942064

3r6852rwxkh >> Start >> 2020-11-05 09:37:24.065488

3r6852rwxkh >> Image Returned >> 2020-11-05 09:37:24.069216

3r6852rwxkh >> End >> 2020-11-05 09:37:24.265738

k53um5gnjvp >> Start >> 2020-11-05 09:39:17.588963

k53um5gnjvp >> Image Returned >> 2020-11-05 09:39:17.592291

k53um5gnjvp >> End >> 2020-11-05 09:39:17.773523

u7efrd32nhn >> Start >> 2020-11-05 09:39:51.479341

u7efrd32nhn >> Image Returned >> 2020-11-05 09:39:51.484060

u7efrd32nhn >> End >> 2020-11-05 09:39:51.716125

45v523iz46q >> Start >> 2020-11-05 09:40:02.051758

45v523iz46q >> Image Returned >> 2020-11-05 09:40:02.052197

45v523iz46q >> End >> 2020-11-05 09:40:02.232000

8bntzitexje >> Start >> 2020-11-05 09:46:14.160651

8bntzitexje >> Image Returned >> 2020-11-05 09:46:14.164057

8bntzitexje >> End >> 2020-11-05 09:46:14.341284

bkpq72p4nc7 >> Start >> 2020-11-05 09:47:26.927229

bkpq72p4nc7 >> Image Returned >> 2020-11-05 09:47:26.930937

bkpq72p4nc7 >> End >> 2020-11-05 09:47:27.112974

vmkb2bmrzg2 >> Start >> 2020-11-05 09:47:40.223367

vmkb2bmrzg2 >> Image Returned >> 2020-11-05 09:47:40.226787

vmkb2bmrzg2 >> End >> 2020-11-05 09:47:40.416656

khhrcsav2v4 >> Start >> 2020-11-05 09:50:02.404956

khhrcsav2v4 >> Image Returned >> 2020-11-05 09:50:02.408541

0xfacabx0aq >> Start >> 2020-11-05 09:50:02.551850

0xfacabx0aq >> Image Returned >> 2020-11-05 09:50:02.555098

khhrcsav2v4 >> End >> 2020-11-05 09:50:02.597049

0xfacabx0aq >> End >> 2020-11-05 09:50:02.735466

pk58x5zki0m >> Start >> 2020-11-05 09:58:29.474303

pk58x5zki0m >> Image Returned >> 2020-11-05 09:58:29.478415

pk58x5zki0m >> End >> 2020-11-05 09:58:29.694386

0z7x0wjk4fr >> Start >> 2020-11-05 10:04:19.990847

0z7x0wjk4fr >> Image Returned >> 2020-11-05 10:04:19.994564

0z7x0wjk4fr >> End >> 2020-11-05 10:04:20.175390

wi8dx8vikv4 >> Start >> 2020-11-05 10:08:20.594119

wi8dx8vikv4 >> Image Returned >> 2020-11-05 10:08:20.598526

wi8dx8vikv4 >> End >> 2020-11-05 10:08:20.785180

z3djbfwhbxo >> Start >> 2020-11-05 10:12:28.934006

z3djbfwhbxo >> Image Returned >> 2020-11-05 10:12:28.937339

z3djbfwhbxo >> End >> 2020-11-05 10:12:29.115663

x5ghq4qz5xw >> Start >> 2020-11-05 10:14:38.874067

x5ghq4qz5xw >> Image Returned >> 2020-11-05 10:14:38.877306

x5ghq4qz5xw >> End >> 2020-11-05 10:14:39.001177

bzfv8f20ktv >> Start >> 2020-11-05 10:19:28.864978

bzfv8f20ktv >> Image Returned >> 2020-11-05 10:19:28.868405

bzfv8f20ktv >> End >> 2020-11-05 10:19:29.109460

vbcd0za0m6g >> Start >> 2020-11-05 10:20:32.572927

vbcd0za0m6g >> Image Returned >> 2020-11-05 10:20:32.576925

vbcd0za0m6g >> End >> 2020-11-05 10:20:32.759349

phkiwsahprk >> Start >> 2020-11-05 10:20:39.538060

phkiwsahprk >> Image Returned >> 2020-11-05 10:20:39.538350

phkiwsahprk >> End >> 2020-11-05 10:20:39.722323

za72j0eq834 >> Start >> 2020-11-05 10:20:55.938293

za72j0eq834 >> Image Returned >> 2020-11-05 10:20:55.941987

za72j0eq834 >> End >> 2020-11-05 10:20:56.126903

a6dcdcybrah >> Start >> 2020-11-05 10:22:45.097910

a6dcdcybrah >> Image Returned >> 2020-11-05 10:22:45.101538

a6dcdcybrah >> End >> 2020-11-05 10:22:45.317368

itgc6fttnb7 >> Start >> 2020-11-05 10:37:17.972845

itgc6fttnb7 >> Image Returned >> 2020-11-05 10:37:17.976649

itgc6fttnb7 >> End >> 2020-11-05 10:37:18.159207

wtk7zrusw8x >> Start >> 2020-11-05 10:39:48.948077

wtk7zrusw8x >> Image Returned >> 2020-11-05 10:39:48.951426

wtk7zrusw8x >> End >> 2020-11-05 10:39:49.146356

rbbjq4bh6ic >> Start >> 2020-11-05 10:40:34.355109

rbbjq4bh6ic >> Image Returned >> 2020-11-05 10:40:34.358886

rbbjq4bh6ic >> End >> 2020-11-05 10:40:34.558927

tkhm7ok3xuu >> Start >> 2020-11-05 10:46:37.311939

tkhm7ok3xuu >> Image Returned >> 2020-11-05 10:46:37.315459

tkhm7ok3xuu >> End >> 2020-11-05 10:46:37.526463

nsvai08qpkj >> Start >> 2020-11-05 10:50:39.147599

nsvai08qpkj >> Image Returned >> 2020-11-05 10:50:39.151407

nsvai08qpkj >> End >> 2020-11-05 10:50:39.337337

jxfqpehysfi >> Start >> 2020-11-05 10:53:12.081263

jxfqpehysfi >> Image Returned >> 2020-11-05 10:53:12.085213

jxfqpehysfi >> End >> 2020-11-05 10:53:12.315413

3bfbmogmy2f >> Start >> 2020-11-05 10:56:30.989308

3bfbmogmy2f >> Image Returned >> 2020-11-05 10:56:30.993361

3bfbmogmy2f >> End >> 2020-11-05 10:56:31.167912

40qnt5t3p80 >> Start >> 2020-11-05 10:57:27.231486

40qnt5t3p80 >> Image Returned >> 2020-11-05 10:57:27.235075

40qnt5t3p80 >> End >> 2020-11-05 10:57:27.417273

hi775zdempz >> Start >> 2020-11-05 10:59:23.876118

hi775zdempz >> Image Returned >> 2020-11-05 10:59:23.880388

hi775zdempz >> End >> 2020-11-05 10:59:24.072391

a8m6b4cr8u7 >> Start >> 2020-11-05 11:00:26.635699

a8m6b4cr8u7 >> Image Returned >> 2020-11-05 11:00:26.639113

a8m6b4cr8u7 >> End >> 2020-11-05 11:00:26.821686

wope7aj7ap2 >> Start >> 2020-11-05 11:13:56.672101

wope7aj7ap2 >> Image Returned >> 2020-11-05 11:13:56.675926

wope7aj7ap2 >> End >> 2020-11-05 11:13:56.896627

yk772oarmbw >> Start >> 2020-11-05 11:18:41.960438

yk772oarmbw >> Image Returned >> 2020-11-05 11:18:41.964185

yk772oarmbw >> End >> 2020-11-05 11:18:42.154803

qig4urwvs2u >> Start >> 2020-11-05 11:22:06.188752

qig4urwvs2u >> Image Returned >> 2020-11-05 11:22:06.193028

qig4urwvs2u >> End >> 2020-11-05 11:22:06.382589

m7bbaiuk46g >> Start >> 2020-11-05 11:34:34.276966

m7bbaiuk46g >> Image Returned >> 2020-11-05 11:34:34.280312

m7bbaiuk46g >> End >> 2020-11-05 11:34:34.460709

c6kdzymrcqb >> Start >> 2020-11-05 11:39:56.434365

c6kdzymrcqb >> Image Returned >> 2020-11-05 11:39:56.437803

c6kdzymrcqb >> End >> 2020-11-05 11:39:56.615586

szyqgae32ep >> Start >> 2020-11-05 11:41:02.525511

szyqgae32ep >> Image Returned >> 2020-11-05 11:41:02.528960

szyqgae32ep >> End >> 2020-11-05 11:41:02.710364

wqijba6cx46 >> Start >> 2020-11-05 11:42:09.254645

wqijba6cx46 >> Image Returned >> 2020-11-05 11:42:09.258327

wqijba6cx46 >> End >> 2020-11-05 11:42:09.442296

mck2xt4zczm >> Start >> 2020-11-05 11:45:11.635008

mck2xt4zczm >> Image Returned >> 2020-11-05 11:45:11.639480

mck2xt4zczm >> End >> 2020-11-05 11:45:11.851674

rf5mc5uq76r >> Start >> 2020-11-05 11:52:42.512212

rf5mc5uq76r >> Image Returned >> 2020-11-05 11:52:42.516180

rf5mc5uq76r >> End >> 2020-11-05 11:52:42.708022

o3uqvh86uoj >> Start >> 2020-11-05 11:55:06.535006

o3uqvh86uoj >> Image Returned >> 2020-11-05 11:55:06.539031

o3uqvh86uoj >> End >> 2020-11-05 11:55:06.717504

yytoz8fric0 >> Start >> 2020-11-05 11:56:25.084783

yytoz8fric0 >> Image Returned >> 2020-11-05 11:56:25.088403

yytoz8fric0 >> End >> 2020-11-05 11:56:25.270807

y7xtow3w4gw >> Start >> 2020-11-05 11:56:34.476397

y7xtow3w4gw >> Image Returned >> 2020-11-05 11:56:34.476720

y7xtow3w4gw >> End >> 2020-11-05 11:56:34.659415

uqitp6j0c4v >> Start >> 2020-11-05 11:57:41.578099

uqitp6j0c4v >> Image Returned >> 2020-11-05 11:57:41.581963

uqitp6j0c4v >> End >> 2020-11-05 11:57:41.770957

day8y3ko3kw >> Start >> 2020-11-05 12:01:31.180641

day8y3ko3kw >> Image Returned >> 2020-11-05 12:01:31.184132

day8y3ko3kw >> End >> 2020-11-05 12:01:31.359205

hvw6jmsbn5b >> Start >> 2020-11-05 12:08:40.558633

hvw6jmsbn5b >> Image Returned >> 2020-11-05 12:08:40.562041

hvw6jmsbn5b >> End >> 2020-11-05 12:08:40.743576

5xprheg2emk >> Start >> 2020-11-05 12:10:52.720407

5xprheg2emk >> Image Returned >> 2020-11-05 12:10:52.723741

5xprheg2emk >> End >> 2020-11-05 12:10:52.904020

sayzeb6g2ah >> Start >> 2020-11-05 12:16:37.653307

sayzeb6g2ah >> Image Returned >> 2020-11-05 12:16:37.656589

sayzeb6g2ah >> End >> 2020-11-05 12:16:37.833694

mhnvn3p33oh >> Start >> 2020-11-05 12:20:00.097757

mhnvn3p33oh >> Image Returned >> 2020-11-05 12:20:00.101914

mhnvn3p33oh >> End >> 2020-11-05 12:20:00.287549

vtrsw2byeeq >> Start >> 2020-11-05 12:20:05.572294

vtrsw2byeeq >> Image Returned >> 2020-11-05 12:20:05.572583

vtrsw2byeeq >> End >> 2020-11-05 12:20:05.818214

0vd0smadv8m >> Start >> 2020-11-05 12:24:27.742531

0vd0smadv8m >> Image Returned >> 2020-11-05 12:24:27.745866

0vd0smadv8m >> End >> 2020-11-05 12:24:27.924524

7eknmza00zq >> Start >> 2020-11-05 12:33:52.725738

7eknmza00zq >> Image Returned >> 2020-11-05 12:33:52.729199

7eknmza00zq >> End >> 2020-11-05 12:33:52.904308

6c8wattbft8 >> Start >> 2020-11-05 12:34:45.420101

6c8wattbft8 >> Image Returned >> 2020-11-05 12:34:45.423446

6c8wattbft8 >> End >> 2020-11-05 12:34:45.625852

hbmrb6w30ng >> Start >> 2020-11-05 12:36:36.317819

hbmrb6w30ng >> Image Returned >> 2020-11-05 12:36:36.322016

hbmrb6w30ng >> End >> 2020-11-05 12:36:36.514830

tzwwtnde36p >> Start >> 2020-11-05 12:36:56.522392

tzwwtnde36p >> Image Returned >> 2020-11-05 12:36:56.525732

tzwwtnde36p >> End >> 2020-11-05 12:36:56.713978

jsyhrqhc30u >> Start >> 2020-11-05 12:37:09.393322

jsyhrqhc30u >> Image Returned >> 2020-11-05 12:37:09.397528

jsyhrqhc30u >> End >> 2020-11-05 12:37:09.584435

iy87cfiyb68 >> Start >> 2020-11-05 12:38:03.297283

iy87cfiyb68 >> Image Returned >> 2020-11-05 12:38:03.302062

iy87cfiyb68 >> End >> 2020-11-05 12:38:03.480408

jmnwjzmmt8n >> Start >> 2020-11-05 12:38:57.560761

jmnwjzmmt8n >> Image Returned >> 2020-11-05 12:38:57.564126

jmnwjzmmt8n >> End >> 2020-11-05 12:38:57.740312

qs7vpyt8mej >> Start >> 2020-11-05 12:40:29.802434

qs7vpyt8mej >> Image Returned >> 2020-11-05 12:40:29.806494

qs7vpyt8mej >> End >> 2020-11-05 12:40:29.988323

bjz3mn8ooiq >> Start >> 2020-11-05 12:44:54.457902

bjz3mn8ooiq >> Image Returned >> 2020-11-05 12:44:54.461990

bjz3mn8ooiq >> End >> 2020-11-05 12:44:54.641361

s0knfkdqn76 >> Start >> 2020-11-05 12:45:26.352229

s0knfkdqn76 >> Image Returned >> 2020-11-05 12:45:26.356446

s0knfkdqn76 >> End >> 2020-11-05 12:45:26.544344

nvz6vovf8v7 >> Start >> 2020-11-05 12:54:25.507987

nvz6vovf8v7 >> Image Returned >> 2020-11-05 12:54:25.513046

nvz6vovf8v7 >> End >> 2020-11-05 12:54:25.689836

tq8aegy6wgf >> Start >> 2020-11-05 12:58:14.946660

tq8aegy6wgf >> Image Returned >> 2020-11-05 12:58:14.951435

tq8aegy6wgf >> End >> 2020-11-05 12:58:15.131043

acxv7c8q2hs >> Start >> 2020-11-05 13:01:39.051922

acxv7c8q2hs >> Image Returned >> 2020-11-05 13:01:39.055520

acxv7c8q2hs >> End >> 2020-11-05 13:01:39.254627

kcymaoyybbc >> Start >> 2020-11-05 13:01:40.678602

kcymaoyybbc >> Image Returned >> 2020-11-05 13:01:40.678909

kcymaoyybbc >> End >> 2020-11-05 13:01:40.857283

2dvhthbshm5 >> Start >> 2020-11-05 13:02:48.242400

2dvhthbshm5 >> Image Returned >> 2020-11-05 13:02:48.246074

2dvhthbshm5 >> End >> 2020-11-05 13:02:48.440650

5fs6hgqdnab >> Start >> 2020-11-05 13:02:53.103697

5fs6hgqdnab >> Image Returned >> 2020-11-05 13:02:53.104017

5fs6hgqdnab >> End >> 2020-11-05 13:02:53.293675

z6eq2t4yhjw >> Start >> 2020-11-05 13:03:25.945009

z6eq2t4yhjw >> Image Returned >> 2020-11-05 13:03:25.950485

z6eq2t4yhjw >> End >> 2020-11-05 13:03:26.146445

0qn0d7fkqo3 >> Start >> 2020-11-05 13:07:03.111717

0qn0d7fkqo3 >> Image Returned >> 2020-11-05 13:07:03.117115

0qn0d7fkqo3 >> End >> 2020-11-05 13:07:03.304620

8godadyrspf >> Start >> 2020-11-05 13:09:37.414443

8godadyrspf >> Image Returned >> 2020-11-05 13:09:37.417804

8godadyrspf >> End >> 2020-11-05 13:09:37.614109

4mh0sh4akoc >> Start >> 2020-11-05 13:09:39.378938

4mh0sh4akoc >> Image Returned >> 2020-11-05 13:09:39.379260

4mh0sh4akoc >> End >> 2020-11-05 13:09:39.563599

488vj48v438 >> Start >> 2020-11-05 13:10:55.496464

488vj48v438 >> Image Returned >> 2020-11-05 13:10:55.499929

488vj48v438 >> End >> 2020-11-05 13:10:55.713831

fnr24ojfyo6 >> Start >> 2020-11-05 13:12:24.927993

fnr24ojfyo6 >> Image Returned >> 2020-11-05 13:12:24.931951

fnr24ojfyo6 >> End >> 2020-11-05 13:12:25.118702

28y6i7mhbh6 >> Start >> 2020-11-05 13:14:09.672271

28y6i7mhbh6 >> Image Returned >> 2020-11-05 13:14:09.676063

28y6i7mhbh6 >> End >> 2020-11-05 13:14:09.876755

ue2qfwj8d0x >> Start >> 2020-11-05 13:20:59.268275

ue2qfwj8d0x >> Image Returned >> 2020-11-05 13:20:59.271997

ue2qfwj8d0x >> End >> 2020-11-05 13:20:59.394419

sav068pvjfh >> Start >> 2020-11-05 13:24:51.968312

sav068pvjfh >> Image Returned >> 2020-11-05 13:24:51.971750

sav068pvjfh >> End >> 2020-11-05 13:24:52.152585

cuizq74aohs >> Start >> 2020-11-05 13:25:56.583740

cuizq74aohs >> Image Returned >> 2020-11-05 13:25:56.587821

cuizq74aohs >> End >> 2020-11-05 13:25:56.787337

0fvqqiiuaa5 >> Start >> 2020-11-05 13:29:05.315351

0fvqqiiuaa5 >> Image Returned >> 2020-11-05 13:29:05.318789

0fvqqiiuaa5 >> End >> 2020-11-05 13:29:05.506376

byq8xskyp26 >> Start >> 2020-11-05 13:32:27.172111

byq8xskyp26 >> Image Returned >> 2020-11-05 13:32:27.176467

byq8xskyp26 >> End >> 2020-11-05 13:32:27.400636

tyzn7w2k5sp >> Start >> 2020-11-05 13:33:51.319559

tyzn7w2k5sp >> Image Returned >> 2020-11-05 13:33:51.323169

tyzn7w2k5sp >> End >> 2020-11-05 13:33:51.522931

mn8m6htvh47 >> Start >> 2020-11-05 13:37:45.915179

mn8m6htvh47 >> Image Returned >> 2020-11-05 13:37:45.919447

mn8m6htvh47 >> End >> 2020-11-05 13:37:46.097774

pukvvc3vytr >> Start >> 2020-11-05 13:42:19.406626

pukvvc3vytr >> Image Returned >> 2020-11-05 13:42:19.410722

pukvvc3vytr >> End >> 2020-11-05 13:42:19.589112

zdvm5ipf7z8 >> Start >> 2020-11-05 13:43:12.265085

zdvm5ipf7z8 >> Image Returned >> 2020-11-05 13:43:12.269076

zdvm5ipf7z8 >> End >> 2020-11-05 13:43:12.492575

aozfpbnfvpr >> Start >> 2020-11-05 13:44:37.935707

aozfpbnfvpr >> Image Returned >> 2020-11-05 13:44:37.940536

aozfpbnfvpr >> End >> 2020-11-05 13:44:38.121520

cejsb8qu4eg >> Start >> 2020-11-05 13:46:27.498047

cejsb8qu4eg >> Image Returned >> 2020-11-05 13:46:27.502635

cejsb8qu4eg >> End >> 2020-11-05 13:46:27.686342

t455d7gbasi >> Start >> 2020-11-05 13:46:51.597976

t455d7gbasi >> Image Returned >> 2020-11-05 13:46:51.601385

t455d7gbasi >> End >> 2020-11-05 13:46:51.783906

27e32xn2d20 >> Start >> 2020-11-05 13:53:02.168780

27e32xn2d20 >> Image Returned >> 2020-11-05 13:53:02.173089

27e32xn2d20 >> End >> 2020-11-05 13:53:02.356131

hxj8hfv0w7h >> Start >> 2020-11-05 13:57:00.339886

hxj8hfv0w7h >> Image Returned >> 2020-11-05 13:57:00.343302

hxj8hfv0w7h >> End >> 2020-11-05 13:57:00.524221

w0a2i7vangq >> Start >> 2020-11-05 13:57:37.789048

w0a2i7vangq >> Image Returned >> 2020-11-05 13:57:37.793037

w0a2i7vangq >> End >> 2020-11-05 13:57:37.977176

xkinaee3a8y >> Start >> 2020-11-05 14:00:14.665539

xkinaee3a8y >> Image Returned >> 2020-11-05 14:00:14.669296

xkinaee3a8y >> End >> 2020-11-05 14:00:14.880103

yn6qt6nbcxv >> Start >> 2020-11-05 14:01:43.356998

yn6qt6nbcxv >> Image Returned >> 2020-11-05 14:01:43.360429

yn6qt6nbcxv >> End >> 2020-11-05 14:01:43.538047

z36mne8pmss >> Start >> 2020-11-05 14:02:07.254694

z36mne8pmss >> Image Returned >> 2020-11-05 14:02:07.258688

z36mne8pmss >> End >> 2020-11-05 14:02:07.440710

zy6zvqi7iyf >> Start >> 2020-11-05 14:08:44.342714

zy6zvqi7iyf >> Image Returned >> 2020-11-05 14:08:44.346724

zy6zvqi7iyf >> End >> 2020-11-05 14:08:44.525263

pa64ct0mbwk >> Start >> 2020-11-05 14:08:52.973401

pa64ct0mbwk >> Image Returned >> 2020-11-05 14:08:52.973745

pa64ct0mbwk >> End >> 2020-11-05 14:08:53.215449

qycvuy4jy5t >> Start >> 2020-11-05 14:14:02.538965

qycvuy4jy5t >> Image Returned >> 2020-11-05 14:14:02.543956

qycvuy4jy5t >> End >> 2020-11-05 14:14:02.724530

sxhd8mtkcxm >> Start >> 2020-11-05 14:15:47.640022

sxhd8mtkcxm >> Image Returned >> 2020-11-05 14:15:47.643784

sxhd8mtkcxm >> End >> 2020-11-05 14:15:47.864016

vzpuoq02082 >> Start >> 2020-11-05 14:19:52.841733

vzpuoq02082 >> Image Returned >> 2020-11-05 14:19:52.845952

vzpuoq02082 >> End >> 2020-11-05 14:19:53.036835

6kc8ub8qg3a >> Start >> 2020-11-05 14:23:05.898380

6kc8ub8qg3a >> Image Returned >> 2020-11-05 14:23:05.903665

6kc8ub8qg3a >> End >> 2020-11-05 14:23:06.086555

jy7urdhhymq >> Start >> 2020-11-05 14:26:30.978125

jy7urdhhymq >> Image Returned >> 2020-11-05 14:26:30.982243

jy7urdhhymq >> End >> 2020-11-05 14:26:31.196482

hfgg2rpw3dn >> Start >> 2020-11-05 14:27:04.677853

hfgg2rpw3dn >> Image Returned >> 2020-11-05 14:27:04.681638

hfgg2rpw3dn >> End >> 2020-11-05 14:27:04.862355

f8sbvoi3se7 >> Start >> 2020-11-05 14:29:08.356204

f8sbvoi3se7 >> Image Returned >> 2020-11-05 14:29:08.360838

f8sbvoi3se7 >> End >> 2020-11-05 14:29:08.542046

gnzo8xaja3w >> Start >> 2020-11-05 14:29:51.077832

gnzo8xaja3w >> Image Returned >> 2020-11-05 14:29:51.081151

gnzo8xaja3w >> End >> 2020-11-05 14:29:51.262676

i4pzpoqxce4 >> Start >> 2020-11-05 14:29:58.164917

i4pzpoqxce4 >> Image Returned >> 2020-11-05 14:29:58.165209

i4pzpoqxce4 >> End >> 2020-11-05 14:29:58.344635

46n5ryxvrxj >> Start >> 2020-11-05 14:32:09.672308

46n5ryxvrxj >> Image Returned >> 2020-11-05 14:32:09.676178

46n5ryxvrxj >> End >> 2020-11-05 14:32:09.859039

8eboiy5n8vt >> Start >> 2020-11-05 14:32:42.833275

8eboiy5n8vt >> Image Returned >> 2020-11-05 14:32:42.836985

8eboiy5n8vt >> End >> 2020-11-05 14:32:43.020015

ovpsukcr5i3 >> Start >> 2020-11-05 14:33:04.909643

ovpsukcr5i3 >> Image Returned >> 2020-11-05 14:33:04.913558

ovpsukcr5i3 >> End >> 2020-11-05 14:33:05.097142

reuxzfqezaw >> Start >> 2020-11-05 14:34:01.175162

reuxzfqezaw >> Image Returned >> 2020-11-05 14:34:01.178522

reuxzfqezaw >> End >> 2020-11-05 14:34:01.362222

f8bt8wkg5yg >> Start >> 2020-11-05 14:36:15.231123

f8bt8wkg5yg >> Image Returned >> 2020-11-05 14:36:15.235636

f8bt8wkg5yg >> End >> 2020-11-05 14:36:15.604182

qemu87fnupr >> Start >> 2020-11-05 14:38:04.725346

qemu87fnupr >> Image Returned >> 2020-11-05 14:38:04.729470

qemu87fnupr >> End >> 2020-11-05 14:38:04.963520

qy834ui8gkv >> Start >> 2020-11-05 14:38:39.139204

qy834ui8gkv >> Image Returned >> 2020-11-05 14:38:39.142606

qy834ui8gkv >> End >> 2020-11-05 14:38:39.330624

887dt47ffbd >> Start >> 2020-11-05 14:47:42.267154

887dt47ffbd >> Image Returned >> 2020-11-05 14:47:42.270549

887dt47ffbd >> End >> 2020-11-05 14:47:42.461715

e8hwdiognw8 >> Start >> 2020-11-05 14:50:14.267713

e8hwdiognw8 >> Image Returned >> 2020-11-05 14:50:14.271491

e8hwdiognw8 >> End >> 2020-11-05 14:50:14.453222

ofr5oteht2b >> Start >> 2020-11-05 14:53:16.323014

ofr5oteht2b >> Image Returned >> 2020-11-05 14:53:16.328366

ofr5oteht2b >> End >> 2020-11-05 14:53:16.544995

xrk5m0yhxnt >> Start >> 2020-11-05 14:58:52.094290

xrk5m0yhxnt >> Image Returned >> 2020-11-05 14:58:52.100528

xrk5m0yhxnt >> End >> 2020-11-05 14:58:52.329951

w4q0hz5wa2h >> Start >> 2020-11-05 14:59:12.776004

w4q0hz5wa2h >> Image Returned >> 2020-11-05 14:59:12.780205

w4q0hz5wa2h >> End >> 2020-11-05 14:59:12.963998

oqqhfyk3yq0 >> Start >> 2020-11-05 14:59:24.318522

oqqhfyk3yq0 >> Image Returned >> 2020-11-05 14:59:24.321960

oqqhfyk3yq0 >> End >> 2020-11-05 14:59:24.515362

je4yzozjart >> Start >> 2020-11-05 14:59:24.609280

je4yzozjart >> Image Returned >> 2020-11-05 14:59:24.609561

je4yzozjart >> End >> 2020-11-05 14:59:24.794862

8n4fbdmxc3n >> Start >> 2020-11-05 15:01:12.413048

8n4fbdmxc3n >> Image Returned >> 2020-11-05 15:01:12.416789

8n4fbdmxc3n >> End >> 2020-11-05 15:01:12.666162

8wbirq6fhus >> Start >> 2020-11-05 15:08:25.796283

8wbirq6fhus >> Image Returned >> 2020-11-05 15:08:25.801537

8wbirq6fhus >> End >> 2020-11-05 15:08:25.978924

mytyveptpks >> Start >> 2020-11-05 15:11:03.219732

mytyveptpks >> Image Returned >> 2020-11-05 15:11:03.226207

mytyveptpks >> End >> 2020-11-05 15:11:03.436588

2kwqgzfok7b >> Start >> 2020-11-05 15:19:49.758352

2kwqgzfok7b >> Image Returned >> 2020-11-05 15:19:49.762504

2kwqgzfok7b >> End >> 2020-11-05 15:19:49.886490

2j5a55mxr7s >> Start >> 2020-11-05 15:22:15.991833

2j5a55mxr7s >> Image Returned >> 2020-11-05 15:22:15.996300

2j5a55mxr7s >> End >> 2020-11-05 15:22:16.188854

mdr6vmkoebg >> Start >> 2020-11-05 15:27:13.508728

mdr6vmkoebg >> Image Returned >> 2020-11-05 15:27:13.513175

mdr6vmkoebg >> End >> 2020-11-05 15:27:13.690634

td8s0v43gqo >> Start >> 2020-11-05 15:28:49.805239

td8s0v43gqo >> Image Returned >> 2020-11-05 15:28:49.808588

td8s0v43gqo >> End >> 2020-11-05 15:28:49.992438

th6zu5vncxc >> Start >> 2020-11-05 15:30:27.471986

th6zu5vncxc >> Image Returned >> 2020-11-05 15:30:27.476548

th6zu5vncxc >> End >> 2020-11-05 15:30:27.660458

wz42ms7sbkx >> Start >> 2020-11-05 15:41:00.093213

wz42ms7sbkx >> Image Returned >> 2020-11-05 15:41:00.097565

wz42ms7sbkx >> End >> 2020-11-05 15:41:00.278711

z7douvshsp5 >> Start >> 2020-11-05 15:49:10.130800

z7douvshsp5 >> Image Returned >> 2020-11-05 15:49:10.134903

z7douvshsp5 >> End >> 2020-11-05 15:49:10.313064

xui63ef05t7 >> Start >> 2020-11-05 15:49:22.880065

xui63ef05t7 >> Image Returned >> 2020-11-05 15:49:22.883403

xui63ef05t7 >> End >> 2020-11-05 15:49:23.066941

2p8hi4hybkd >> Start >> 2020-11-05 15:50:44.598949

2p8hi4hybkd >> Image Returned >> 2020-11-05 15:50:44.602765

2p8hi4hybkd >> End >> 2020-11-05 15:50:44.784414

hjjpsrpkhc0 >> Start >> 2020-11-05 15:50:59.067260

hjjpsrpkhc0 >> Image Returned >> 2020-11-05 15:50:59.070847

hjjpsrpkhc0 >> End >> 2020-11-05 15:50:59.290003

vgv2okrceff >> Start >> 2020-11-05 15:56:46.545160

vgv2okrceff >> Image Returned >> 2020-11-05 15:56:46.549355

vgv2okrceff >> End >> 2020-11-05 15:56:46.729187

6uous3xfnku >> Start >> 2020-11-05 15:57:48.079586

6uous3xfnku >> Image Returned >> 2020-11-05 15:57:48.083532

6uous3xfnku >> End >> 2020-11-05 15:57:48.271009

prp54hoviuv >> Start >> 2020-11-05 15:57:55.138837

prp54hoviuv >> Image Returned >> 2020-11-05 15:57:55.139158

prp54hoviuv >> End >> 2020-11-05 15:57:55.365367

66aazbgsfh8 >> Start >> 2020-11-05 15:58:28.681788

66aazbgsfh8 >> Image Returned >> 2020-11-05 15:58:28.685234

66aazbgsfh8 >> End >> 2020-11-05 15:58:28.873569

x4ob56fzjjm >> Start >> 2020-11-05 16:04:18.019083

x4ob56fzjjm >> Image Returned >> 2020-11-05 16:04:18.026084

x4ob56fzjjm >> End >> 2020-11-05 16:04:18.206289

mgmms3ibj4z >> Start >> 2020-11-05 16:05:17.362509

mgmms3ibj4z >> Image Returned >> 2020-11-05 16:05:17.366806

mgmms3ibj4z >> End >> 2020-11-05 16:05:17.558737

r08dehdvimg >> Start >> 2020-11-05 16:07:51.235096

r08dehdvimg >> Image Returned >> 2020-11-05 16:07:51.241183

r08dehdvimg >> End >> 2020-11-05 16:07:51.470782

ksbsa53qgjv >> Start >> 2020-11-05 16:12:07.978128

ksbsa53qgjv >> Image Returned >> 2020-11-05 16:12:07.985265

ksbsa53qgjv >> End >> 2020-11-05 16:12:08.174125

2yuejtjymxh >> Start >> 2020-11-05 16:12:28.588994

2yuejtjymxh >> Image Returned >> 2020-11-05 16:12:28.593745

2yuejtjymxh >> End >> 2020-11-05 16:12:28.784737

inkkn28rxjk >> Start >> 2020-11-05 16:15:14.996849

inkkn28rxjk >> Image Returned >> 2020-11-05 16:15:15.001214

inkkn28rxjk >> End >> 2020-11-05 16:15:15.178652

0fuyc647u76 >> Start >> 2020-11-05 16:15:27.203219

0fuyc647u76 >> Image Returned >> 2020-11-05 16:15:27.206670

0fuyc647u76 >> End >> 2020-11-05 16:15:27.388307

bwrqrbcv37q >> Start >> 2020-11-05 16:20:08.714085

bwrqrbcv37q >> Image Returned >> 2020-11-05 16:20:08.718108

bwrqrbcv37q >> End >> 2020-11-05 16:20:08.902107

jkvmgdpvr2z >> Start >> 2020-11-05 16:20:26.002332

jkvmgdpvr2z >> Image Returned >> 2020-11-05 16:20:26.005788

jkvmgdpvr2z >> End >> 2020-11-05 16:20:26.185522

sawt47gtbvg >> Start >> 2020-11-05 16:21:23.665704

sawt47gtbvg >> Image Returned >> 2020-11-05 16:21:23.671799

sawt47gtbvg >> End >> 2020-11-05 16:21:23.889868

03y0xig3jqv >> Start >> 2020-11-05 16:22:05.002532

03y0xig3jqv >> Image Returned >> 2020-11-05 16:22:05.006869

03y0xig3jqv >> End >> 2020-11-05 16:22:05.184987

bm23rfznm2q >> Start >> 2020-11-05 16:22:28.604969

bm23rfznm2q >> Image Returned >> 2020-11-05 16:22:28.608374

bm23rfznm2q >> End >> 2020-11-05 16:22:28.793941

c4ypbkq5tta >> Start >> 2020-11-05 16:27:10.329243

c4ypbkq5tta >> Image Returned >> 2020-11-05 16:27:10.333602

c4ypbkq5tta >> End >> 2020-11-05 16:27:10.462315

f0y7yq8zx87 >> Start >> 2020-11-05 16:28:23.875082

f0y7yq8zx87 >> Image Returned >> 2020-11-05 16:28:23.879020

f0y7yq8zx87 >> End >> 2020-11-05 16:28:24.063118

zzee8njensn >> Start >> 2020-11-05 16:28:32.572093

zzee8njensn >> Image Returned >> 2020-11-05 16:28:32.572426

zzee8njensn >> End >> 2020-11-05 16:28:32.759766

bcbzezhxvr6 >> Start >> 2020-11-05 16:29:54.894216

bcbzezhxvr6 >> Image Returned >> 2020-11-05 16:29:54.899182

bcbzezhxvr6 >> End >> 2020-11-05 16:29:55.094397

jd0ftdpjdus >> Start >> 2020-11-05 16:34:36.965645

jd0ftdpjdus >> Image Returned >> 2020-11-05 16:34:36.969569

jd0ftdpjdus >> End >> 2020-11-05 16:34:37.151853

cfbkyj5cka7 >> Start >> 2020-11-05 16:34:51.139362

cfbkyj5cka7 >> Image Returned >> 2020-11-05 16:34:51.142817

cfbkyj5cka7 >> End >> 2020-11-05 16:34:51.331341

ak8ahj8r0fy >> Start >> 2020-11-05 16:34:51.461066

ak8ahj8r0fy >> Image Returned >> 2020-11-05 16:34:51.461393

ak8ahj8r0fy >> End >> 2020-11-05 16:34:51.851243

5ci7dnh6h4w >> Start >> 2020-11-05 16:35:44.949103

5ci7dnh6h4w >> Image Returned >> 2020-11-05 16:35:44.952527

5ci7dnh6h4w >> End >> 2020-11-05 16:35:45.132067

c6prx5ifzv5 >> Start >> 2020-11-05 16:37:39.832485

c6prx5ifzv5 >> Image Returned >> 2020-11-05 16:37:39.836472

c6prx5ifzv5 >> End >> 2020-11-05 16:37:40.017510

nui7opz5y4b >> Start >> 2020-11-05 16:39:00.846112

nui7opz5y4b >> Image Returned >> 2020-11-05 16:39:00.849610

nui7opz5y4b >> End >> 2020-11-05 16:39:01.027623

zd6dbrc70q6 >> Start >> 2020-11-05 16:47:21.939785

zd6dbrc70q6 >> Image Returned >> 2020-11-05 16:47:21.946170

zd6dbrc70q6 >> End >> 2020-11-05 16:47:22.145091

2odpzn3s3q5 >> Start >> 2020-11-05 16:47:38.067991

2odpzn3s3q5 >> Image Returned >> 2020-11-05 16:47:38.071619

2odpzn3s3q5 >> End >> 2020-11-05 16:47:38.263816

3t80shnq6su >> Start >> 2020-11-05 16:50:21.340282

3t80shnq6su >> Image Returned >> 2020-11-05 16:50:21.344305

3t80shnq6su >> End >> 2020-11-05 16:50:21.556606

bidmdp8adtw >> Start >> 2020-11-05 16:51:45.684715

bidmdp8adtw >> Image Returned >> 2020-11-05 16:51:45.688714

bidmdp8adtw >> End >> 2020-11-05 16:51:45.955472

xr0p60ef4nq >> Start >> 2020-11-05 16:55:27.876013

xr0p60ef4nq >> Image Returned >> 2020-11-05 16:55:27.879966

xr0p60ef4nq >> End >> 2020-11-05 16:55:28.060868

rzjhjsdbrkm >> Start >> 2020-11-05 16:56:47.315572

rzjhjsdbrkm >> Image Returned >> 2020-11-05 16:56:47.320167

rzjhjsdbrkm >> End >> 2020-11-05 16:56:47.503351

ejbdcbx5dpa >> Start >> 2020-11-05 16:57:17.928329

ejbdcbx5dpa >> Image Returned >> 2020-11-05 16:57:17.933188

ejbdcbx5dpa >> End >> 2020-11-05 16:57:18.109946

kak5d4ejsyx >> Start >> 2020-11-05 16:57:25.429868

kak5d4ejsyx >> Image Returned >> 2020-11-05 16:57:25.430188

kak5d4ejsyx >> End >> 2020-11-05 16:57:25.618328

zubg3u4m65p >> Start >> 2020-11-05 16:57:38.932174

zubg3u4m65p >> Image Returned >> 2020-11-05 16:57:38.935709

zubg3u4m65p >> End >> 2020-11-05 16:57:39.136320

yywqueufwk6 >> Start >> 2020-11-05 17:04:39.968643

yywqueufwk6 >> Image Returned >> 2020-11-05 17:04:39.973572

yywqueufwk6 >> End >> 2020-11-05 17:04:40.150329

vp2hdxf88pj >> Start >> 2020-11-05 17:08:53.020726

vp2hdxf88pj >> Image Returned >> 2020-11-05 17:08:53.024641

vp2hdxf88pj >> End >> 2020-11-05 17:08:53.206242

wga7akdxokd >> Start >> 2020-11-05 17:20:27.750715

wga7akdxokd >> Image Returned >> 2020-11-05 17:20:27.755034

wga7akdxokd >> End >> 2020-11-05 17:20:27.934557

pi7jmqh3eu4 >> Start >> 2020-11-05 17:28:15.003108

pi7jmqh3eu4 >> Image Returned >> 2020-11-05 17:28:15.007157

pi7jmqh3eu4 >> End >> 2020-11-05 17:28:15.189668

cz6n6mzqgfo >> Start >> 2020-11-05 17:32:27.079323

cz6n6mzqgfo >> Image Returned >> 2020-11-05 17:32:27.082740

cz6n6mzqgfo >> End >> 2020-11-05 17:32:27.274755

k5vuts7dydg >> Start >> 2020-11-05 17:35:16.537841

k5vuts7dydg >> Image Returned >> 2020-11-05 17:35:16.541554

k5vuts7dydg >> End >> 2020-11-05 17:35:16.757437

6avp8ui26an >> Start >> 2020-11-05 17:36:08.417623

6avp8ui26an >> Image Returned >> 2020-11-05 17:36:08.421730

6avp8ui26an >> End >> 2020-11-05 17:36:08.599694

0hsi6tuctu0 >> Start >> 2020-11-05 17:42:54.458268

0hsi6tuctu0 >> Image Returned >> 2020-11-05 17:42:54.461770

0hsi6tuctu0 >> End >> 2020-11-05 17:42:54.641608

uo0hpenjmr4 >> Start >> 2020-11-05 17:45:42.423803

uo0hpenjmr4 >> Image Returned >> 2020-11-05 17:45:42.427335

uo0hpenjmr4 >> End >> 2020-11-05 17:45:42.655371

36b0vzcznfi >> Start >> 2020-11-05 17:53:03.216902

36b0vzcznfi >> Image Returned >> 2020-11-05 17:53:03.220334

36b0vzcznfi >> End >> 2020-11-05 17:53:03.502613

8hu658otjm4 >> Start >> 2020-11-05 17:53:49.693352

8hu658otjm4 >> Image Returned >> 2020-11-05 17:53:49.697511

8hu658otjm4 >> End >> 2020-11-05 17:53:49.936325

tx7y6jkuwmv >> Start >> 2020-11-05 17:54:16.303992

tx7y6jkuwmv >> Image Returned >> 2020-11-05 17:54:16.307904

tx7y6jkuwmv >> End >> 2020-11-05 17:54:16.529930

xkeiqyafyca >> Start >> 2020-11-05 17:56:40.483144

xkeiqyafyca >> Image Returned >> 2020-11-05 17:56:40.487191

xkeiqyafyca >> End >> 2020-11-05 17:56:40.674382

ccvjh8t2poc >> Start >> 2020-11-05 17:58:33.392324

ccvjh8t2poc >> Image Returned >> 2020-11-05 17:58:33.396430

ccvjh8t2poc >> End >> 2020-11-05 17:58:33.587157

bwq6dj42hsp >> Start >> 2020-11-05 17:59:10.942909

bwq6dj42hsp >> Image Returned >> 2020-11-05 17:59:10.947355

bwq6dj42hsp >> End >> 2020-11-05 17:59:11.152309

mr0ranpcy3w >> Start >> 2020-11-05 17:59:32.480590

mr0ranpcy3w >> Image Returned >> 2020-11-05 17:59:32.484358

mr0ranpcy3w >> End >> 2020-11-05 17:59:32.685575

aw7xf8zwsje >> Start >> 2020-11-05 17:59:41.122570

aw7xf8zwsje >> Image Returned >> 2020-11-05 17:59:41.122852

aw7xf8zwsje >> End >> 2020-11-05 17:59:41.305537

iqrefc6b0xp >> Start >> 2020-11-05 18:03:25.402914

iqrefc6b0xp >> Image Returned >> 2020-11-05 18:03:25.407568

iqrefc6b0xp >> End >> 2020-11-05 18:03:25.601114

0744secg2yv >> Start >> 2020-11-05 18:06:21.909380

0744secg2yv >> Image Returned >> 2020-11-05 18:06:21.913352

0744secg2yv >> End >> 2020-11-05 18:06:22.110033

r2n4f2g86rb >> Start >> 2020-11-05 18:07:01.023036

r2n4f2g86rb >> Image Returned >> 2020-11-05 18:07:01.026523

r2n4f2g86rb >> End >> 2020-11-05 18:07:01.224307

rqs3znm74a5 >> Start >> 2020-11-05 18:08:11.265290

rqs3znm74a5 >> Image Returned >> 2020-11-05 18:08:11.269743

rqs3znm74a5 >> End >> 2020-11-05 18:08:11.456615

c5zstv0s3ym >> Start >> 2020-11-05 18:09:31.818262

c5zstv0s3ym >> Image Returned >> 2020-11-05 18:09:31.823842

c5zstv0s3ym >> End >> 2020-11-05 18:09:32.014635

pvqckh87ywg >> Start >> 2020-11-05 18:10:03.517815

pvqckh87ywg >> Image Returned >> 2020-11-05 18:10:03.521572

pvqckh87ywg >> End >> 2020-11-05 18:10:03.722053

e84i3g2d33m >> Start >> 2020-11-05 18:17:34.142189

e84i3g2d33m >> Image Returned >> 2020-11-05 18:17:34.145639

e84i3g2d33m >> End >> 2020-11-05 18:17:34.337517

nmoaxahrs3u >> Start >> 2020-11-05 18:22:18.536106

nmoaxahrs3u >> Image Returned >> 2020-11-05 18:22:18.540796

nmoaxahrs3u >> End >> 2020-11-05 18:22:18.723589

bc7hfzzviis >> Start >> 2020-11-05 18:24:08.884143

bc7hfzzviis >> Image Returned >> 2020-11-05 18:24:08.888870

bc7hfzzviis >> End >> 2020-11-05 18:24:09.074079

ssfjmf4cdum >> Start >> 2020-11-05 18:25:30.822230

ssfjmf4cdum >> Image Returned >> 2020-11-05 18:25:30.828325

ssfjmf4cdum >> End >> 2020-11-05 18:25:31.019213

mph4rohg4u4 >> Start >> 2020-11-05 18:29:51.881298

mph4rohg4u4 >> Image Returned >> 2020-11-05 18:29:51.885344

mph4rohg4u4 >> End >> 2020-11-05 18:29:52.068900

yezfjdmczvm >> Start >> 2020-11-05 18:32:05.939640

yezfjdmczvm >> Image Returned >> 2020-11-05 18:32:05.943707

yezfjdmczvm >> End >> 2020-11-05 18:32:06.125328

ms3yktagdtv >> Start >> 2020-11-05 18:40:41.777724

ms3yktagdtv >> Image Returned >> 2020-11-05 18:40:41.781454

ms3yktagdtv >> End >> 2020-11-05 18:40:41.992755

bjd5zmicmry >> Start >> 2020-11-05 18:56:45.227845

bjd5zmicmry >> Image Returned >> 2020-11-05 18:56:45.231930

bjd5zmicmry >> End >> 2020-11-05 18:56:45.411777

juwq8xg07nb >> Start >> 2020-11-05 19:02:47.785265

juwq8xg07nb >> Image Returned >> 2020-11-05 19:02:47.788856

juwq8xg07nb >> End >> 2020-11-05 19:02:48.156826

yz0no0vmfxz >> Start >> 2020-11-05 19:03:08.094145

yz0no0vmfxz >> Image Returned >> 2020-11-05 19:03:08.097748

yz0no0vmfxz >> End >> 2020-11-05 19:03:08.712976

vt5wxhut52p >> Start >> 2020-11-05 19:03:09.093615

vt5wxhut52p >> Image Returned >> 2020-11-05 19:03:09.093910

vt5wxhut52p >> End >> 2020-11-05 19:03:09.698705

4cu04eoo3ie >> Start >> 2020-11-05 19:03:16.832340

4cu04eoo3ie >> Image Returned >> 2020-11-05 19:03:16.832631

4cu04eoo3ie >> End >> 2020-11-05 19:03:17.023952

rmuyzee3vjr >> Start >> 2020-11-05 19:04:22.250396

rmuyzee3vjr >> Image Returned >> 2020-11-05 19:04:22.256102

rmuyzee3vjr >> End >> 2020-11-05 19:04:22.462352

t7m02egzbmv >> Start >> 2020-11-05 19:04:41.921895

t7m02egzbmv >> Image Returned >> 2020-11-05 19:04:41.925312

t7m02egzbmv >> End >> 2020-11-05 19:04:42.108349

3d5wa32z0db >> Start >> 2020-11-05 19:09:18.863765

3d5wa32z0db >> Image Returned >> 2020-11-05 19:09:18.867902

3d5wa32z0db >> End >> 2020-11-05 19:09:19.054141

v3e0mbsx3d3 >> Start >> 2020-11-05 19:17:53.791693

v3e0mbsx3d3 >> Image Returned >> 2020-11-05 19:17:53.796597

v3e0mbsx3d3 >> End >> 2020-11-05 19:17:53.980053

sdzmayepqxc >> Start >> 2020-11-05 19:20:55.535048

sdzmayepqxc >> Image Returned >> 2020-11-05 19:20:55.538646

sdzmayepqxc >> End >> 2020-11-05 19:20:55.726782

giar48dhz35 >> Start >> 2020-11-05 19:21:03.040328

giar48dhz35 >> Image Returned >> 2020-11-05 19:21:03.040625

giar48dhz35 >> End >> 2020-11-05 19:21:03.241585

c6rdsutpmqp >> Start >> 2020-11-05 19:23:57.168421

c6rdsutpmqp >> Image Returned >> 2020-11-05 19:23:57.173088

wxmb478appn >> Start >> 2020-11-05 19:23:57.285330

wxmb478appn >> Image Returned >> 2020-11-05 19:23:57.288805

c6rdsutpmqp >> End >> 2020-11-05 19:23:57.363935

wxmb478appn >> End >> 2020-11-05 19:23:57.477390

wiph7muez4x >> Start >> 2020-11-05 19:27:47.564696

wiph7muez4x >> Image Returned >> 2020-11-05 19:27:47.568332

wiph7muez4x >> End >> 2020-11-05 19:27:47.755670

4wgvc453wnq >> Start >> 2020-11-05 19:27:50.241307

4wgvc453wnq >> Image Returned >> 2020-11-05 19:27:50.241595

4wgvc453wnq >> End >> 2020-11-05 19:27:50.423227

bx4v00tejs5 >> Start >> 2020-11-05 19:29:30.548491

bx4v00tejs5 >> Image Returned >> 2020-11-05 19:29:30.552548

bx4v00tejs5 >> End >> 2020-11-05 19:29:30.729260

hmztzxkszt0 >> Start >> 2020-11-05 19:32:43.297398

hmztzxkszt0 >> Image Returned >> 2020-11-05 19:32:43.301529

hmztzxkszt0 >> End >> 2020-11-05 19:32:43.499141

hs0dwoozdoc >> Start >> 2020-11-05 19:36:03.495194

hs0dwoozdoc >> Image Returned >> 2020-11-05 19:36:03.498722

hs0dwoozdoc >> End >> 2020-11-05 19:36:03.713368

6bwopxc03zt >> Start >> 2020-11-05 19:43:43.786884

6bwopxc03zt >> Image Returned >> 2020-11-05 19:43:43.793447

6bwopxc03zt >> End >> 2020-11-05 19:43:43.972774

zprdtv4guuv >> Start >> 2020-11-05 19:47:27.609375

zprdtv4guuv >> Image Returned >> 2020-11-05 19:47:27.613332

zprdtv4guuv >> End >> 2020-11-05 19:47:27.846148

ec56ft3kugp >> Start >> 2020-11-05 19:54:50.187562

ec56ft3kugp >> Image Returned >> 2020-11-05 19:54:50.192008

ec56ft3kugp >> End >> 2020-11-05 19:54:50.371252

z4vfachjcz3 >> Start >> 2020-11-05 19:55:34.739643

z4vfachjcz3 >> Image Returned >> 2020-11-05 19:55:34.743156

z4vfachjcz3 >> End >> 2020-11-05 19:55:34.920780

a88ufoei4d6 >> Start >> 2020-11-05 20:03:36.320940

a88ufoei4d6 >> Image Returned >> 2020-11-05 20:03:36.325145

a88ufoei4d6 >> End >> 2020-11-05 20:03:36.519447

ecfmb8f8d8b >> Start >> 2020-11-05 20:04:36.465969

ecfmb8f8d8b >> Image Returned >> 2020-11-05 20:04:36.470129

ecfmb8f8d8b >> End >> 2020-11-05 20:04:36.653783

y7g40faxp4c >> Start >> 2020-11-05 20:04:38.448568

y7g40faxp4c >> Image Returned >> 2020-11-05 20:04:38.448862

y7g40faxp4c >> End >> 2020-11-05 20:04:38.665596

kvkbj5xd8xr >> Start >> 2020-11-05 20:11:34.275141

kvkbj5xd8xr >> Image Returned >> 2020-11-05 20:11:34.279782

kvkbj5xd8xr >> End >> 2020-11-05 20:11:34.473753

dkshc2mwigq >> Start >> 2020-11-05 20:15:05.043651

dkshc2mwigq >> Image Returned >> 2020-11-05 20:15:05.048758

dkshc2mwigq >> End >> 2020-11-05 20:15:05.242727

s0e87yran6o >> Start >> 2020-11-05 20:15:27.300843

s0e87yran6o >> Image Returned >> 2020-11-05 20:15:27.304938

s0e87yran6o >> End >> 2020-11-05 20:15:27.486978

mhsmx0ruant >> Start >> 2020-11-05 20:16:32.628248

mhsmx0ruant >> Image Returned >> 2020-11-05 20:16:32.631752

mhsmx0ruant >> End >> 2020-11-05 20:16:32.815280

emth4wwbszy >> Start >> 2020-11-05 20:16:38.337080

emth4wwbszy >> Image Returned >> 2020-11-05 20:16:38.337394

emth4wwbszy >> End >> 2020-11-05 20:16:38.513385

m3gfo6j7xnx >> Start >> 2020-11-05 20:23:28.208729

m3gfo6j7xnx >> Image Returned >> 2020-11-05 20:23:28.213784

m3gfo6j7xnx >> End >> 2020-11-05 20:23:28.394023

v8q3xoo6wcu >> Start >> 2020-11-05 20:30:14.416992

v8q3xoo6wcu >> Image Returned >> 2020-11-05 20:30:14.420954

v8q3xoo6wcu >> End >> 2020-11-05 20:30:14.668096

jtqcz0uyefa >> Start >> 2020-11-05 20:30:41.705609

jtqcz0uyefa >> Image Returned >> 2020-11-05 20:30:41.709176

jtqcz0uyefa >> End >> 2020-11-05 20:30:41.898945

z4rukj558ib >> Start >> 2020-11-05 20:31:28.845885

z4rukj558ib >> Image Returned >> 2020-11-05 20:31:28.849370

z4rukj558ib >> End >> 2020-11-05 20:31:29.036036

yisbf450384 >> Start >> 2020-11-05 20:35:51.456151

yisbf450384 >> Image Returned >> 2020-11-05 20:35:51.459758

yisbf450384 >> End >> 2020-11-05 20:35:51.643106

40g4oabbayz >> Start >> 2020-11-05 20:39:03.354202

40g4oabbayz >> Image Returned >> 2020-11-05 20:39:03.357707

40g4oabbayz >> End >> 2020-11-05 20:39:03.538506

pj2yg5ajtnc >> Start >> 2020-11-05 20:39:56.861361

pj2yg5ajtnc >> Image Returned >> 2020-11-05 20:39:56.865552

pj2yg5ajtnc >> End >> 2020-11-05 20:39:57.049087

xt34qs2nd7v >> Start >> 2020-11-05 20:40:18.721602

xt34qs2nd7v >> Image Returned >> 2020-11-05 20:40:18.727610

xt34qs2nd7v >> End >> 2020-11-05 20:40:18.937900

qr07betm4pm >> Start >> 2020-11-05 20:46:09.735694

qr07betm4pm >> Image Returned >> 2020-11-05 20:46:09.740237

qr07betm4pm >> End >> 2020-11-05 20:46:09.864418

vrmrnsarwuv >> Start >> 2020-11-05 20:50:41.304277

vrmrnsarwuv >> Image Returned >> 2020-11-05 20:50:41.309092

vrmrnsarwuv >> End >> 2020-11-05 20:50:41.486078

hvj4px7nccq >> Start >> 2020-11-05 20:52:38.643333

hvj4px7nccq >> Image Returned >> 2020-11-05 20:52:38.647453

hvj4px7nccq >> End >> 2020-11-05 20:52:38.826831

axnsytvuxsb >> Start >> 2020-11-05 20:57:47.071922

axnsytvuxsb >> Image Returned >> 2020-11-05 20:57:47.075598

axnsytvuxsb >> End >> 2020-11-05 20:57:47.257867

q6o5keesy7s >> Start >> 2020-11-05 21:04:06.702488

q6o5keesy7s >> Image Returned >> 2020-11-05 21:04:06.706068

q6o5keesy7s >> End >> 2020-11-05 21:04:06.886369

wt5e2das2pg >> Start >> 2020-11-05 21:05:10.551049

wt5e2das2pg >> Image Returned >> 2020-11-05 21:05:10.555135

wt5e2das2pg >> End >> 2020-11-05 21:05:10.740607

zytk2c4mcrg >> Start >> 2020-11-05 21:05:13.004487

zytk2c4mcrg >> Image Returned >> 2020-11-05 21:05:13.004853

zytk2c4mcrg >> End >> 2020-11-05 21:05:13.193756

orr8ryjiotr >> Start >> 2020-11-05 21:10:55.170700

orr8ryjiotr >> Image Returned >> 2020-11-05 21:10:55.175024

orr8ryjiotr >> End >> 2020-11-05 21:10:55.353471

h0r6g8owtnw >> Start >> 2020-11-05 21:11:07.771116

h0r6g8owtnw >> Image Returned >> 2020-11-05 21:11:07.774866

h0r6g8owtnw >> End >> 2020-11-05 21:11:07.986488

v8uw8zxfnvv >> Start >> 2020-11-05 21:22:02.345014

v8uw8zxfnvv >> Image Returned >> 2020-11-05 21:22:02.349559

v8uw8zxfnvv >> End >> 2020-11-05 21:22:02.595446

zaoya7o8gd3 >> Start >> 2020-11-05 21:22:12.546190

zaoya7o8gd3 >> Image Returned >> 2020-11-05 21:22:12.546482

zaoya7o8gd3 >> End >> 2020-11-05 21:22:12.736965

6ournqxt455 >> Start >> 2020-11-05 21:23:47.199717

6ournqxt455 >> Image Returned >> 2020-11-05 21:23:47.204180

6ournqxt455 >> End >> 2020-11-05 21:23:47.412297

zfw2jq23t3q >> Start >> 2020-11-05 21:30:59.671803

zfw2jq23t3q >> Image Returned >> 2020-11-05 21:30:59.675730

zfw2jq23t3q >> End >> 2020-11-05 21:30:59.880259

dxfnj0oja6m >> Start >> 2020-11-05 21:31:12.972210

dxfnj0oja6m >> Image Returned >> 2020-11-05 21:31:12.976238

dxfnj0oja6m >> End >> 2020-11-05 21:31:13.195436

dw73gscmxmq >> Start >> 2020-11-05 21:31:13.304650

dw73gscmxmq >> Image Returned >> 2020-11-05 21:31:13.304934

dw73gscmxmq >> End >> 2020-11-05 21:31:13.510958

g6256mp4few >> Start >> 2020-11-05 21:31:52.714196

g6256mp4few >> Image Returned >> 2020-11-05 21:31:52.717698

g6256mp4few >> End >> 2020-11-05 21:31:52.899835

aq04wnjez4o >> Start >> 2020-11-05 21:32:12.895193

aq04wnjez4o >> Image Returned >> 2020-11-05 21:32:12.899516

aq04wnjez4o >> End >> 2020-11-05 21:32:13.092922

rex0de3ybxe >> Start >> 2020-11-05 21:34:48.846702

rex0de3ybxe >> Image Returned >> 2020-11-05 21:34:48.851190

rex0de3ybxe >> End >> 2020-11-05 21:34:49.056535

rt6qtnrdid0 >> Start >> 2020-11-05 21:35:20.916695

rt6qtnrdid0 >> Image Returned >> 2020-11-05 21:35:20.921612

rt6qtnrdid0 >> End >> 2020-11-05 21:35:21.102619

e30i2g2jsvk >> Start >> 2020-11-05 21:36:03.341176

e30i2g2jsvk >> Image Returned >> 2020-11-05 21:36:03.344655

e30i2g2jsvk >> End >> 2020-11-05 21:36:03.528022

nkw2c25nd3o >> Start >> 2020-11-05 21:36:30.350145

nkw2c25nd3o >> Image Returned >> 2020-11-05 21:36:30.353636

nkw2c25nd3o >> End >> 2020-11-05 21:36:30.540678

d7esxet5644 >> Start >> 2020-11-05 21:37:04.908241

d7esxet5644 >> Image Returned >> 2020-11-05 21:37:04.911783

d7esxet5644 >> End >> 2020-11-05 21:37:05.092480

vmg4po2wxhy >> Start >> 2020-11-05 21:37:05.955945

vmg4po2wxhy >> Image Returned >> 2020-11-05 21:37:05.956235

vmg4po2wxhy >> End >> 2020-11-05 21:37:06.138571

52qcsu7s3yt >> Start >> 2020-11-05 21:42:35.623678

52qcsu7s3yt >> Image Returned >> 2020-11-05 21:42:35.627950

52qcsu7s3yt >> End >> 2020-11-05 21:42:35.811366

i5hhnp2ukej >> Start >> 2020-11-05 21:43:26.463694

i5hhnp2ukej >> Image Returned >> 2020-11-05 21:43:26.467653

i5hhnp2ukej >> End >> 2020-11-05 21:43:26.651825

wf5iw2sj53r >> Start >> 2020-11-05 21:43:37.719460

wf5iw2sj53r >> Image Returned >> 2020-11-05 21:43:37.719743

wf5iw2sj53r >> End >> 2020-11-05 21:43:37.905080

vmi2wvf28mt >> Start >> 2020-11-05 21:44:14.321348

vmi2wvf28mt >> Image Returned >> 2020-11-05 21:44:14.325839

vmi2wvf28mt >> End >> 2020-11-05 21:44:14.455529

szf7rowzbq2 >> Start >> 2020-11-05 21:45:00.974776

szf7rowzbq2 >> Image Returned >> 2020-11-05 21:45:00.978260

szf7rowzbq2 >> End >> 2020-11-05 21:45:01.167475

jeftph2di6v >> Start >> 2020-11-05 21:48:23.771923

jeftph2di6v >> Image Returned >> 2020-11-05 21:48:23.777971

jeftph2di6v >> End >> 2020-11-05 21:48:23.959182

b8nxjd44qfu >> Start >> 2020-11-05 21:49:59.895917

b8nxjd44qfu >> Image Returned >> 2020-11-05 21:49:59.899491

b8nxjd44qfu >> End >> 2020-11-05 21:50:00.082971

q67eiwi8ugn >> Start >> 2020-11-05 21:52:15.419348

q67eiwi8ugn >> Image Returned >> 2020-11-05 21:52:15.424125

q67eiwi8ugn >> End >> 2020-11-05 21:52:15.666254

7p7g3eecykt >> Start >> 2020-11-05 21:52:27.422662

7p7g3eecykt >> Image Returned >> 2020-11-05 21:52:27.426178

7p7g3eecykt >> End >> 2020-11-05 21:52:27.633008

xqkiqqxzf0w >> Start >> 2020-11-05 21:52:27.749254

xqkiqqxzf0w >> Image Returned >> 2020-11-05 21:52:27.749545

xqkiqqxzf0w >> End >> 2020-11-05 21:52:27.945611

f0qva4pdz7j >> Start >> 2020-11-05 21:54:33.535490

f0qva4pdz7j >> Image Returned >> 2020-11-05 21:54:33.539921

f0qva4pdz7j >> End >> 2020-11-05 21:54:33.725966

rcr2qqpeky0 >> Start >> 2020-11-05 21:56:48.802191

rcr2qqpeky0 >> Image Returned >> 2020-11-05 21:56:48.807444

rcr2qqpeky0 >> End >> 2020-11-05 21:56:48.991893

e45c28bgx7w >> Start >> 2020-11-05 21:58:42.474307

e45c28bgx7w >> Image Returned >> 2020-11-05 21:58:42.478924

e45c28bgx7w >> End >> 2020-11-05 21:58:42.712589

iy2zujo2n0q >> Start >> 2020-11-05 22:06:05.805104

iy2zujo2n0q >> Image Returned >> 2020-11-05 22:06:05.810237

iy2zujo2n0q >> End >> 2020-11-05 22:06:06.001573

yhp2ah2vxs3 >> Start >> 2020-11-05 22:17:52.764554

yhp2ah2vxs3 >> Image Returned >> 2020-11-05 22:17:52.768220

yhp2ah2vxs3 >> End >> 2020-11-05 22:17:52.993582

8g3odqx0gvx >> Start >> 2020-11-05 22:18:21.619349

8g3odqx0gvx >> Image Returned >> 2020-11-05 22:18:21.623667

8g3odqx0gvx >> End >> 2020-11-05 22:18:21.812047

otjz24wgznq >> Start >> 2020-11-05 22:18:42.811382

otjz24wgznq >> Image Returned >> 2020-11-05 22:18:42.814980

otjz24wgznq >> End >> 2020-11-05 22:18:42.991770

7pog2nnuotb >> Start >> 2020-11-05 22:18:46.457387

7pog2nnuotb >> Image Returned >> 2020-11-05 22:18:46.457674

7pog2nnuotb >> End >> 2020-11-05 22:18:46.637243

gh8ng6yk4wn >> Start >> 2020-11-05 22:19:10.777160

gh8ng6yk4wn >> Image Returned >> 2020-11-05 22:19:10.781069

gh8ng6yk4wn >> End >> 2020-11-05 22:19:10.972043

etzawmwwqra >> Start >> 2020-11-05 22:19:13.493681

etzawmwwqra >> Image Returned >> 2020-11-05 22:19:13.493987

etzawmwwqra >> End >> 2020-11-05 22:19:13.676903

u4fw0reckzw >> Start >> 2020-11-05 22:21:07.093668

u4fw0reckzw >> Image Returned >> 2020-11-05 22:21:07.099423

u4fw0reckzw >> End >> 2020-11-05 22:21:07.332214

zkbvas5peka >> Start >> 2020-11-05 22:21:28.474790

zkbvas5peka >> Image Returned >> 2020-11-05 22:21:28.478866

zkbvas5peka >> End >> 2020-11-05 22:21:28.664669

xujos3bbwz6 >> Start >> 2020-11-05 22:22:13.398648

xujos3bbwz6 >> Image Returned >> 2020-11-05 22:22:13.402237

xujos3bbwz6 >> End >> 2020-11-05 22:22:13.618942

h5dsj8nq457 >> Start >> 2020-11-05 22:23:29.214638

h5dsj8nq457 >> Image Returned >> 2020-11-05 22:23:29.219703

h5dsj8nq457 >> End >> 2020-11-05 22:23:29.439023

i4466zey3ta >> Start >> 2020-11-05 22:25:35.728420

i4466zey3ta >> Image Returned >> 2020-11-05 22:25:35.732554

i4466zey3ta >> End >> 2020-11-05 22:25:35.954425

gmik2stsgx7 >> Start >> 2020-11-05 22:28:31.293721

gmik2stsgx7 >> Image Returned >> 2020-11-05 22:28:31.298809

gmik2stsgx7 >> End >> 2020-11-05 22:28:31.478410

v2pmqkwmarj >> Start >> 2020-11-05 22:28:47.067933

v2pmqkwmarj >> Image Returned >> 2020-11-05 22:28:47.071896

v2pmqkwmarj >> End >> 2020-11-05 22:28:47.259452

nywcyib62wc >> Start >> 2020-11-05 22:30:28.580990

nywcyib62wc >> Image Returned >> 2020-11-05 22:30:28.587080

nywcyib62wc >> End >> 2020-11-05 22:30:28.765758

g4da26i5zs0 >> Start >> 2020-11-05 22:32:10.219607

g4da26i5zs0 >> Image Returned >> 2020-11-05 22:32:10.223126

g4da26i5zs0 >> End >> 2020-11-05 22:32:10.400943

4ewpgmuto7n >> Start >> 2020-11-05 22:34:34.207860

4ewpgmuto7n >> Image Returned >> 2020-11-05 22:34:34.212013

4ewpgmuto7n >> End >> 2020-11-05 22:34:34.389651

yfqjc3enz6a >> Start >> 2020-11-05 22:41:33.401670

yfqjc3enz6a >> Image Returned >> 2020-11-05 22:41:33.405746

yfqjc3enz6a >> End >> 2020-11-05 22:41:33.591512

400mx88uqto >> Start >> 2020-11-05 22:46:45.040601

400mx88uqto >> Image Returned >> 2020-11-05 22:46:45.044812

400mx88uqto >> End >> 2020-11-05 22:46:45.228846

iue6y3ubzqv >> Start >> 2020-11-05 22:50:34.880835

iue6y3ubzqv >> Image Returned >> 2020-11-05 22:50:34.885792

iue6y3ubzqv >> End >> 2020-11-05 22:50:35.063906

nu7gdsnt6bt >> Start >> 2020-11-05 22:52:46.058360

nu7gdsnt6bt >> Image Returned >> 2020-11-05 22:52:46.063113

nu7gdsnt6bt >> End >> 2020-11-05 22:52:46.242726

np5nnvb37h4 >> Start >> 2020-11-05 22:53:06.484258

np5nnvb37h4 >> Image Returned >> 2020-11-05 22:53:06.487955

np5nnvb37h4 >> End >> 2020-11-05 22:53:06.730865

y0uwennxm2v >> Start >> 2020-11-05 22:58:01.945813

y0uwennxm2v >> Image Returned >> 2020-11-05 22:58:01.949991

y0uwennxm2v >> End >> 2020-11-05 22:58:02.160356

6yitak3f7c4 >> Start >> 2020-11-05 22:58:33.738114

6yitak3f7c4 >> Image Returned >> 2020-11-05 22:58:33.742681

6yitak3f7c4 >> End >> 2020-11-05 22:58:33.932075

q0ckxwdtjfa >> Start >> 2020-11-05 22:59:25.412667

q0ckxwdtjfa >> Image Returned >> 2020-11-05 22:59:25.417222

q0ckxwdtjfa >> End >> 2020-11-05 22:59:25.598032

xv3atdqip6a >> Start >> 2020-11-05 23:09:04.827627

xv3atdqip6a >> Image Returned >> 2020-11-05 23:09:04.831250

xv3atdqip6a >> End >> 2020-11-05 23:09:05.013602

cheratukewt >> Start >> 2020-11-05 23:11:15.411417

cheratukewt >> Image Returned >> 2020-11-05 23:11:15.416074

cheratukewt >> End >> 2020-11-05 23:11:15.604105

86mrheex3w6 >> Start >> 2020-11-05 23:12:06.814088

86mrheex3w6 >> Image Returned >> 2020-11-05 23:12:06.817975

86mrheex3w6 >> End >> 2020-11-05 23:12:07.000931

03rsczvucda >> Start >> 2020-11-05 23:17:10.896434

03rsczvucda >> Image Returned >> 2020-11-05 23:17:10.902488

03rsczvucda >> End >> 2020-11-05 23:17:11.083445

205kaat5wy4 >> Start >> 2020-11-05 23:19:22.341203

205kaat5wy4 >> Image Returned >> 2020-11-05 23:19:22.345572

205kaat5wy4 >> End >> 2020-11-05 23:19:22.532411

8yn7nftgxcs >> Start >> 2020-11-05 23:22:42.300127

8yn7nftgxcs >> Image Returned >> 2020-11-05 23:22:42.304291

8yn7nftgxcs >> End >> 2020-11-05 23:22:42.485357

oohx4tdrghm >> Start >> 2020-11-05 23:23:11.135951

oohx4tdrghm >> Image Returned >> 2020-11-05 23:23:11.139532

oohx4tdrghm >> End >> 2020-11-05 23:23:11.323735

aqqo26fckoa >> Start >> 2020-11-05 23:33:13.894817

aqqo26fckoa >> Image Returned >> 2020-11-05 23:33:13.898595

aqqo26fckoa >> End >> 2020-11-05 23:33:14.103075

yzkjcsbinmi >> Start >> 2020-11-05 23:38:10.387015

yzkjcsbinmi >> Image Returned >> 2020-11-05 23:38:10.390568

yzkjcsbinmi >> End >> 2020-11-05 23:38:10.586539

iwwspumnqaa >> Start >> 2020-11-05 23:38:35.525002

iwwspumnqaa >> Image Returned >> 2020-11-05 23:38:35.531491

iwwspumnqaa >> End >> 2020-11-05 23:38:40.715806

nqc5ttotf5g >> Start >> 2020-11-05 23:46:05.886334

nqc5ttotf5g >> Image Returned >> 2020-11-05 23:46:05.890078

nqc5ttotf5g >> End >> 2020-11-05 23:46:06.074191

ivj6gjxmzbv >> Start >> 2020-11-05 23:49:33.819931

ivj6gjxmzbv >> Image Returned >> 2020-11-05 23:49:33.823859

ivj6gjxmzbv >> End >> 2020-11-05 23:49:34.013937

rb0escai78m >> Start >> 2020-11-05 23:53:07.875489

rb0escai78m >> Image Returned >> 2020-11-05 23:53:07.880081

rb0escai78m >> End >> 2020-11-05 23:53:08.059447

