5hyr4kt2ajz >> Start >> 2020-10-20 00:37:33.998516

5hyr4kt2ajz >> Image Returned >> 2020-10-20 00:37:34.002197

5hyr4kt2ajz >> End >> 2020-10-20 00:37:34.171583

pkfmqka4yqt >> Start >> 2020-10-20 00:44:37.664097

pkfmqka4yqt >> Image Returned >> 2020-10-20 00:44:37.666743

pkfmqka4yqt >> End >> 2020-10-20 00:44:37.791965

eb3ex2us3jr >> Start >> 2020-10-20 00:45:41.993681

eb3ex2us3jr >> Image Returned >> 2020-10-20 00:45:41.996277

eb3ex2us3jr >> End >> 2020-10-20 00:45:42.175954

8u6kpidq53f >> Start >> 2020-10-20 00:57:04.972855

8u6kpidq53f >> Image Returned >> 2020-10-20 00:57:04.975889

8u6kpidq53f >> End >> 2020-10-20 00:57:05.153192

akow0vw2r6v >> Start >> 2020-10-20 01:10:24.232772

akow0vw2r6v >> Image Returned >> 2020-10-20 01:10:24.235601

akow0vw2r6v >> End >> 2020-10-20 01:10:24.423753

g0wfbdxsnur >> Start >> 2020-10-20 01:11:07.009454

g0wfbdxsnur >> Image Returned >> 2020-10-20 01:11:07.012054

g0wfbdxsnur >> End >> 2020-10-20 01:11:07.200426

iyn7on3h88f >> Start >> 2020-10-20 01:12:27.271958

iyn7on3h88f >> Image Returned >> 2020-10-20 01:12:27.275845

iyn7on3h88f >> End >> 2020-10-20 01:12:27.474982

ujnt3yfom87 >> Start >> 2020-10-20 01:18:41.257802

ujnt3yfom87 >> Image Returned >> 2020-10-20 01:18:41.260397

ujnt3yfom87 >> End >> 2020-10-20 01:18:41.435509

g6gosh7bwdv >> Start >> 2020-10-20 02:01:24.114923

g6gosh7bwdv >> Image Returned >> 2020-10-20 02:01:24.117748

g6gosh7bwdv >> End >> 2020-10-20 02:01:24.306862

3omosfps25x >> Start >> 2020-10-20 02:01:34.225792

3omosfps25x >> Image Returned >> 2020-10-20 02:01:34.226202

3omosfps25x >> End >> 2020-10-20 02:01:34.410597

mp0vhduph55 >> Start >> 2020-10-20 02:22:08.738804

mp0vhduph55 >> Image Returned >> 2020-10-20 02:22:08.741544

mp0vhduph55 >> End >> 2020-10-20 02:22:08.914330

70sfctma54g >> Start >> 2020-10-20 02:29:46.349488

70sfctma54g >> Image Returned >> 2020-10-20 02:29:46.363420

70sfctma54g >> End >> 2020-10-20 02:29:46.551462

ixxex4osswx >> Start >> 2020-10-20 02:49:27.941288

ixxex4osswx >> Image Returned >> 2020-10-20 02:49:27.944267

ixxex4osswx >> End >> 2020-10-20 02:49:28.116228

6e6bfps3axk >> Start >> 2020-10-20 03:15:31.466612

6e6bfps3axk >> Image Returned >> 2020-10-20 03:15:31.469413

6e6bfps3axk >> End >> 2020-10-20 03:15:31.644898

etfwswuh5fj >> Start >> 2020-10-20 03:22:18.517322

etfwswuh5fj >> Image Returned >> 2020-10-20 03:22:18.520308

etfwswuh5fj >> End >> 2020-10-20 03:22:18.685822

yas7d4szszo >> Start >> 2020-10-20 03:36:28.534981

yas7d4szszo >> Image Returned >> 2020-10-20 03:36:28.537970

yas7d4szszo >> End >> 2020-10-20 03:36:28.701803

scptrwfkz5a >> Start >> 2020-10-20 03:40:38.256520

scptrwfkz5a >> Image Returned >> 2020-10-20 03:40:38.259361

scptrwfkz5a >> End >> 2020-10-20 03:40:38.435822

au4vmn26gde >> Start >> 2020-10-20 03:41:02.723959

au4vmn26gde >> Image Returned >> 2020-10-20 03:41:02.726774

au4vmn26gde >> End >> 2020-10-20 03:41:02.912128

mb5m2d77isa >> Start >> 2020-10-20 04:03:54.668670

mb5m2d77isa >> Image Returned >> 2020-10-20 04:03:54.672086

mb5m2d77isa >> End >> 2020-10-20 04:03:54.841984

ava2x5tujbt >> Start >> 2020-10-20 04:04:12.829035

ava2x5tujbt >> Image Returned >> 2020-10-20 04:04:12.831892

ava2x5tujbt >> End >> 2020-10-20 04:04:13.002734

05dodtfcz67 >> Start >> 2020-10-20 04:13:57.141585

05dodtfcz67 >> Image Returned >> 2020-10-20 04:13:57.145962

05dodtfcz67 >> End >> 2020-10-20 04:13:57.318094

cuucm825kzt >> Start >> 2020-10-20 04:21:12.250642

cuucm825kzt >> Image Returned >> 2020-10-20 04:21:12.253707

cuucm825kzt >> End >> 2020-10-20 04:21:12.425334

0kcghiku4pk >> Start >> 2020-10-20 04:25:07.535224

0kcghiku4pk >> Image Returned >> 2020-10-20 04:25:07.538217

0kcghiku4pk >> End >> 2020-10-20 04:25:07.731550

8qucugi42pf >> Start >> 2020-10-20 04:29:17.855134

8qucugi42pf >> Image Returned >> 2020-10-20 04:29:17.858169

8qucugi42pf >> End >> 2020-10-20 04:29:18.031847

rkudw0zcax7 >> Start >> 2020-10-20 04:51:24.997416

rkudw0zcax7 >> Image Returned >> 2020-10-20 04:51:25.000623

rkudw0zcax7 >> End >> 2020-10-20 04:51:25.182121

wydi36e0gxe >> Start >> 2020-10-20 05:14:42.929199

wydi36e0gxe >> Image Returned >> 2020-10-20 05:14:42.932518

wydi36e0gxe >> End >> 2020-10-20 05:14:43.224414

nxh5mbcjq88 >> Start >> 2020-10-20 05:15:14.055573

nxh5mbcjq88 >> Image Returned >> 2020-10-20 05:15:14.058430

nxh5mbcjq88 >> End >> 2020-10-20 05:15:14.356244

uz8fbqr7qj7 >> Start >> 2020-10-20 05:15:14.357394

uz8fbqr7qj7 >> Image Returned >> 2020-10-20 05:15:14.357630

uz8fbqr7qj7 >> End >> 2020-10-20 05:15:14.648597

qh0p4g0vkwq >> Start >> 2020-10-20 05:24:00.980566

qh0p4g0vkwq >> Image Returned >> 2020-10-20 05:24:00.983669

qh0p4g0vkwq >> End >> 2020-10-20 05:24:01.160149

ct2wm7mizgw >> Start >> 2020-10-20 05:28:53.026659

ct2wm7mizgw >> Image Returned >> 2020-10-20 05:28:53.029674

ct2wm7mizgw >> End >> 2020-10-20 05:28:53.242942

znuzigqjhed >> Start >> 2020-10-20 05:34:29.974040

znuzigqjhed >> Image Returned >> 2020-10-20 05:34:29.977241

znuzigqjhed >> End >> 2020-10-20 05:34:30.185211

7obakrqsc54 >> Start >> 2020-10-20 05:34:33.214689

7obakrqsc54 >> Image Returned >> 2020-10-20 05:34:33.215037

7obakrqsc54 >> End >> 2020-10-20 05:34:33.388010

vrtemqmgngg >> Start >> 2020-10-20 05:54:05.979432

vrtemqmgngg >> Image Returned >> 2020-10-20 05:54:05.983066

vrtemqmgngg >> End >> 2020-10-20 05:54:06.272841

7xppe62xgxu >> Start >> 2020-10-20 06:04:08.546504

7xppe62xgxu >> Image Returned >> 2020-10-20 06:04:08.549676

7xppe62xgxu >> End >> 2020-10-20 06:04:08.719441

bptqiztr7n0 >> Start >> 2020-10-20 06:14:29.942866

bptqiztr7n0 >> Image Returned >> 2020-10-20 06:14:29.946203

bptqiztr7n0 >> End >> 2020-10-20 06:14:30.121515

m5hb06hkq0n >> Start >> 2020-10-20 06:16:02.590279

m5hb06hkq0n >> Image Returned >> 2020-10-20 06:16:02.594949

m5hb06hkq0n >> End >> 2020-10-20 06:16:02.773960

0jr2gja5hon >> Start >> 2020-10-20 06:16:30.098968

0jr2gja5hon >> Image Returned >> 2020-10-20 06:16:30.102013

0jr2gja5hon >> End >> 2020-10-20 06:16:30.282996

0nut3aqhht8 >> Start >> 2020-10-20 06:25:27.268862

0nut3aqhht8 >> Image Returned >> 2020-10-20 06:25:27.272231

0nut3aqhht8 >> End >> 2020-10-20 06:25:27.444780

0qip5r0dn3x >> Start >> 2020-10-20 06:37:25.401149

0qip5r0dn3x >> Image Returned >> 2020-10-20 06:37:25.404537

0qip5r0dn3x >> End >> 2020-10-20 06:37:25.590846

u4e8efgsgd7 >> Start >> 2020-10-20 06:58:55.566647

u4e8efgsgd7 >> Image Returned >> 2020-10-20 06:58:55.570312

u4e8efgsgd7 >> End >> 2020-10-20 06:58:55.870342

p5ba2fs7ee8 >> Start >> 2020-10-20 07:02:45.095431

p5ba2fs7ee8 >> Image Returned >> 2020-10-20 07:02:45.098347

p5ba2fs7ee8 >> End >> 2020-10-20 07:02:45.292280

037pipbk78c >> Start >> 2020-10-20 07:07:51.218049

037pipbk78c >> Image Returned >> 2020-10-20 07:07:51.221265

037pipbk78c >> End >> 2020-10-20 07:07:51.414738

k8eopy3xnto >> Start >> 2020-10-20 07:09:06.882968

k8eopy3xnto >> Image Returned >> 2020-10-20 07:09:06.886034

k8eopy3xnto >> End >> 2020-10-20 07:09:07.067332

0hddoo0anca >> Start >> 2020-10-20 07:14:51.254329

0hddoo0anca >> Image Returned >> 2020-10-20 07:14:51.259159

0hddoo0anca >> End >> 2020-10-20 07:14:51.441200

6hgv2et65bu >> Start >> 2020-10-20 07:17:27.467164

6hgv2et65bu >> Image Returned >> 2020-10-20 07:17:27.470558

6hgv2et65bu >> End >> 2020-10-20 07:17:27.653337

xf8x7rf3u75 >> Start >> 2020-10-20 07:19:41.822706

xf8x7rf3u75 >> Image Returned >> 2020-10-20 07:19:41.825741

xf8x7rf3u75 >> End >> 2020-10-20 07:19:42.035691

3hv6qa330jp >> Start >> 2020-10-20 07:20:23.419855

3hv6qa330jp >> Image Returned >> 2020-10-20 07:20:23.423109

3hv6qa330jp >> End >> 2020-10-20 07:20:23.630682

5z50hfgip4e >> Start >> 2020-10-20 07:21:58.812443

5z50hfgip4e >> Image Returned >> 2020-10-20 07:21:58.815558

5z50hfgip4e >> End >> 2020-10-20 07:21:58.992355

7fsm65wp4t2 >> Start >> 2020-10-20 07:32:21.727241

7fsm65wp4t2 >> Image Returned >> 2020-10-20 07:32:21.730185

7fsm65wp4t2 >> End >> 2020-10-20 07:32:21.943973

m0u7kugdbpw >> Start >> 2020-10-20 07:32:35.634931

m0u7kugdbpw >> Image Returned >> 2020-10-20 07:32:35.638406

m0u7kugdbpw >> End >> 2020-10-20 07:32:35.761840

s2safpxicrb >> Start >> 2020-10-20 07:33:20.956795

s2safpxicrb >> Image Returned >> 2020-10-20 07:33:20.959716

s2safpxicrb >> End >> 2020-10-20 07:33:21.136847

p6zd3adh843 >> Start >> 2020-10-20 07:34:58.336272

p6zd3adh843 >> Image Returned >> 2020-10-20 07:34:58.339339

p6zd3adh843 >> End >> 2020-10-20 07:34:58.588625

53h0afn87q5 >> Start >> 2020-10-20 07:35:28.846796

53h0afn87q5 >> Image Returned >> 2020-10-20 07:35:28.850043

53h0afn87q5 >> End >> 2020-10-20 07:35:28.976974

2oxppnqufwa >> Start >> 2020-10-20 07:38:09.914833

2oxppnqufwa >> Image Returned >> 2020-10-20 07:38:09.917855

2oxppnqufwa >> End >> 2020-10-20 07:38:10.139560

xaqy5rxw54v >> Start >> 2020-10-20 07:44:40.085583

xaqy5rxw54v >> Image Returned >> 2020-10-20 07:44:40.088680

xaqy5rxw54v >> End >> 2020-10-20 07:44:40.267574

4r8avsa45i3 >> Start >> 2020-10-20 07:48:01.642487

4r8avsa45i3 >> Image Returned >> 2020-10-20 07:48:01.645785

4r8avsa45i3 >> End >> 2020-10-20 07:48:01.768982

qyereji6iqb >> Start >> 2020-10-20 07:53:47.278968

qyereji6iqb >> Image Returned >> 2020-10-20 07:53:47.282677

qyereji6iqb >> End >> 2020-10-20 07:53:47.487061

4iiq2ofzphg >> Start >> 2020-10-20 07:57:23.717590

4iiq2ofzphg >> Image Returned >> 2020-10-20 07:57:23.722709

4iiq2ofzphg >> End >> 2020-10-20 07:57:23.909440

gjbu7x5c6x6 >> Start >> 2020-10-20 07:57:47.258434

gjbu7x5c6x6 >> Image Returned >> 2020-10-20 07:57:47.261770

gjbu7x5c6x6 >> End >> 2020-10-20 07:57:47.445709

nu4ydy7igoi >> Start >> 2020-10-20 07:57:58.184627

nu4ydy7igoi >> Image Returned >> 2020-10-20 07:57:58.184920

nu4ydy7igoi >> End >> 2020-10-20 07:57:58.367856

p8e2ehbwqf2 >> Start >> 2020-10-20 08:06:33.914655

p8e2ehbwqf2 >> Image Returned >> 2020-10-20 08:06:33.918839

p8e2ehbwqf2 >> End >> 2020-10-20 08:06:34.100528

2ph0ga5ydsb >> Start >> 2020-10-20 08:12:43.934119

2ph0ga5ydsb >> Image Returned >> 2020-10-20 08:12:43.939223

2ph0ga5ydsb >> End >> 2020-10-20 08:12:44.138526

hnti2mgq4wi >> Start >> 2020-10-20 08:17:55.699459

hnti2mgq4wi >> Image Returned >> 2020-10-20 08:17:55.702704

hnti2mgq4wi >> End >> 2020-10-20 08:17:55.905810

0h7ffii86u6 >> Start >> 2020-10-20 08:18:58.864407

0h7ffii86u6 >> Image Returned >> 2020-10-20 08:18:58.867698

0h7ffii86u6 >> End >> 2020-10-20 08:18:59.063503

2nz2sfbgvpd >> Start >> 2020-10-20 08:19:28.583758

2nz2sfbgvpd >> Image Returned >> 2020-10-20 08:19:28.587398

2nz2sfbgvpd >> End >> 2020-10-20 08:19:28.788171

03hern4pyh7 >> Start >> 2020-10-20 08:32:05.406310

03hern4pyh7 >> Image Returned >> 2020-10-20 08:32:05.409818

03hern4pyh7 >> End >> 2020-10-20 08:32:05.586678

0ibxcv450m4 >> Start >> 2020-10-20 08:32:42.876682

0ibxcv450m4 >> Image Returned >> 2020-10-20 08:32:42.880249

0ibxcv450m4 >> End >> 2020-10-20 08:32:43.056987

n67fbbv66pk >> Start >> 2020-10-20 08:42:39.270296

n67fbbv66pk >> Image Returned >> 2020-10-20 08:42:39.275067

n67fbbv66pk >> End >> 2020-10-20 08:42:39.460299

b4fypmwn8wp >> Start >> 2020-10-20 08:51:44.761132

b4fypmwn8wp >> Image Returned >> 2020-10-20 08:51:44.764899

b4fypmwn8wp >> End >> 2020-10-20 08:51:44.939138

bx8wtgovo8n >> Start >> 2020-10-20 08:51:49.580179

bx8wtgovo8n >> Image Returned >> 2020-10-20 08:51:49.580487

bx8wtgovo8n >> End >> 2020-10-20 08:51:49.747675

zovnsetnf0n >> Start >> 2020-10-20 09:02:47.841151

zovnsetnf0n >> Image Returned >> 2020-10-20 09:02:47.844628

zovnsetnf0n >> End >> 2020-10-20 09:02:48.017251

cd5tiyr06qa >> Start >> 2020-10-20 09:03:20.373917

cd5tiyr06qa >> Image Returned >> 2020-10-20 09:03:20.376976

cd5tiyr06qa >> End >> 2020-10-20 09:03:20.551687

gijgvzi2cek >> Start >> 2020-10-20 09:05:18.575072

gijgvzi2cek >> Image Returned >> 2020-10-20 09:05:18.578253

gijgvzi2cek >> End >> 2020-10-20 09:05:18.745104

mkbby6yk7kg >> Start >> 2020-10-20 09:13:51.979252

mkbby6yk7kg >> Image Returned >> 2020-10-20 09:13:51.982662

mkbby6yk7kg >> End >> 2020-10-20 09:13:52.156729

vcuocvcba7o >> Start >> 2020-10-20 09:15:06.777901

vcuocvcba7o >> Image Returned >> 2020-10-20 09:15:06.781471

vcuocvcba7o >> End >> 2020-10-20 09:15:06.981345

z5tbs6hw6uw >> Start >> 2020-10-20 09:18:58.181463

z5tbs6hw6uw >> Image Returned >> 2020-10-20 09:18:58.184500

z5tbs6hw6uw >> End >> 2020-10-20 09:18:58.359422

afe8s6g02ti >> Start >> 2020-10-20 09:18:59.024998

afe8s6g02ti >> Image Returned >> 2020-10-20 09:18:59.025289

afe8s6g02ti >> End >> 2020-10-20 09:18:59.195899

5fp4e2g54sz >> Start >> 2020-10-20 09:20:49.816271

5fp4e2g54sz >> Image Returned >> 2020-10-20 09:20:49.819360

5fp4e2g54sz >> End >> 2020-10-20 09:20:50.005723

ws47k44uji8 >> Start >> 2020-10-20 09:30:54.321265

ws47k44uji8 >> Image Returned >> 2020-10-20 09:30:54.324914

ws47k44uji8 >> End >> 2020-10-20 09:30:54.532712

pus6gtsi0da >> Start >> 2020-10-20 09:32:45.645951

pus6gtsi0da >> Image Returned >> 2020-10-20 09:32:45.649257

pus6gtsi0da >> End >> 2020-10-20 09:32:45.839515

cacycyv3fxb >> Start >> 2020-10-20 09:35:08.371885

cacycyv3fxb >> Image Returned >> 2020-10-20 09:35:08.375195

cacycyv3fxb >> End >> 2020-10-20 09:35:08.547238

2v3wnaz7euq >> Start >> 2020-10-20 09:43:07.502177

2v3wnaz7euq >> Image Returned >> 2020-10-20 09:43:07.505613

2v3wnaz7euq >> End >> 2020-10-20 09:43:07.707658

vouaxafb8tj >> Start >> 2020-10-20 09:46:54.842456

vouaxafb8tj >> Image Returned >> 2020-10-20 09:46:54.845993

vouaxafb8tj >> End >> 2020-10-20 09:46:55.027492

6prjd8kyqah >> Start >> 2020-10-20 09:48:44.841058

6prjd8kyqah >> Image Returned >> 2020-10-20 09:48:44.844822

6prjd8kyqah >> End >> 2020-10-20 09:48:45.015285

5u3wdg6x0ez >> Start >> 2020-10-20 09:52:34.087033

5u3wdg6x0ez >> Image Returned >> 2020-10-20 09:52:34.091284

5u3wdg6x0ez >> End >> 2020-10-20 09:52:34.281682

twej0aas5je >> Start >> 2020-10-20 09:55:27.460263

twej0aas5je >> Image Returned >> 2020-10-20 09:55:27.464070

twej0aas5je >> End >> 2020-10-20 09:55:27.653614

ap05gvrnwiz >> Start >> 2020-10-20 09:55:31.232667

ap05gvrnwiz >> Image Returned >> 2020-10-20 09:55:31.232963

ap05gvrnwiz >> End >> 2020-10-20 09:55:31.416498

e2nwu6sqrkh >> Start >> 2020-10-20 09:59:33.391063

e2nwu6sqrkh >> Image Returned >> 2020-10-20 09:59:33.394577

e2nwu6sqrkh >> End >> 2020-10-20 09:59:33.576531

2j5yyh8uq2x >> Start >> 2020-10-20 09:59:39.546461

2j5yyh8uq2x >> Image Returned >> 2020-10-20 09:59:39.546747

2j5yyh8uq2x >> End >> 2020-10-20 09:59:39.722623

sakudpzft3u >> Start >> 2020-10-20 10:00:48.939870

sakudpzft3u >> Image Returned >> 2020-10-20 10:00:48.943365

sakudpzft3u >> End >> 2020-10-20 10:00:49.111838

8r03fokjyhe >> Start >> 2020-10-20 10:01:11.528568

8r03fokjyhe >> Image Returned >> 2020-10-20 10:01:11.531594

8r03fokjyhe >> End >> 2020-10-20 10:01:11.699929

k4guxmexzpj >> Start >> 2020-10-20 10:01:54.699614

k4guxmexzpj >> Image Returned >> 2020-10-20 10:01:54.703250

k4guxmexzpj >> End >> 2020-10-20 10:01:54.871764

auzt7iivo8s >> Start >> 2020-10-20 10:03:24.063210

auzt7iivo8s >> Image Returned >> 2020-10-20 10:03:24.067820

auzt7iivo8s >> End >> 2020-10-20 10:03:24.243609

gnqkocf55gp >> Start >> 2020-10-20 10:04:34.345412

gnqkocf55gp >> Image Returned >> 2020-10-20 10:04:34.348701

gnqkocf55gp >> End >> 2020-10-20 10:04:34.522555

62e406et672 >> Start >> 2020-10-20 10:11:45.502851

62e406et672 >> Image Returned >> 2020-10-20 10:11:45.506587

62e406et672 >> End >> 2020-10-20 10:11:45.722214

offz0d2hgqf >> Start >> 2020-10-20 10:11:52.282710

offz0d2hgqf >> Image Returned >> 2020-10-20 10:11:52.283040

offz0d2hgqf >> End >> 2020-10-20 10:11:52.452656

sir4rfhf2oq >> Start >> 2020-10-20 10:14:17.782414

sir4rfhf2oq >> Image Returned >> 2020-10-20 10:14:17.785552

sir4rfhf2oq >> End >> 2020-10-20 10:14:17.962747

737p5jqoadv >> Start >> 2020-10-20 10:14:25.717742

737p5jqoadv >> Image Returned >> 2020-10-20 10:14:25.718060

737p5jqoadv >> End >> 2020-10-20 10:14:25.890551

5jkfqtuebuh >> Start >> 2020-10-20 10:14:28.536828

5jkfqtuebuh >> Image Returned >> 2020-10-20 10:14:28.537137

5jkfqtuebuh >> End >> 2020-10-20 10:14:28.716960

hrv06tcsguj >> Start >> 2020-10-20 10:18:31.837251

hrv06tcsguj >> Image Returned >> 2020-10-20 10:18:31.841666

hrv06tcsguj >> End >> 2020-10-20 10:18:32.018856

44xkhgom57z >> Start >> 2020-10-20 10:20:37.575684

44xkhgom57z >> Image Returned >> 2020-10-20 10:20:37.579324

44xkhgom57z >> End >> 2020-10-20 10:20:37.708128

2eo6pj768k2 >> Start >> 2020-10-20 10:21:43.156212

2eo6pj768k2 >> Image Returned >> 2020-10-20 10:21:43.159291

2eo6pj768k2 >> End >> 2020-10-20 10:21:43.343264

kwayuio5qxh >> Start >> 2020-10-20 10:25:32.572546

kwayuio5qxh >> Image Returned >> 2020-10-20 10:25:32.577378

62nw7u46ocr >> Start >> 2020-10-20 10:25:32.654814

62nw7u46ocr >> Image Returned >> 2020-10-20 10:25:32.658010

kwayuio5qxh >> End >> 2020-10-20 10:25:32.754300

62nw7u46ocr >> End >> 2020-10-20 10:25:32.835263

yfce5hdcir2 >> Start >> 2020-10-20 10:26:32.310385

yfce5hdcir2 >> Image Returned >> 2020-10-20 10:26:32.314014

yfce5hdcir2 >> End >> 2020-10-20 10:26:32.524920

t7qo54oshz6 >> Start >> 2020-10-20 10:27:13.771933

t7qo54oshz6 >> Image Returned >> 2020-10-20 10:27:13.775062

t7qo54oshz6 >> End >> 2020-10-20 10:27:13.974026

eiikq5noffh >> Start >> 2020-10-20 10:28:01.650432

eiikq5noffh >> Image Returned >> 2020-10-20 10:28:01.653769

eiikq5noffh >> End >> 2020-10-20 10:28:01.838892

jnvfzayqycw >> Start >> 2020-10-20 10:35:31.587852

jnvfzayqycw >> Image Returned >> 2020-10-20 10:35:31.592776

jnvfzayqycw >> End >> 2020-10-20 10:35:31.776597

fqazr63ukty >> Start >> 2020-10-20 10:36:23.293663

fqazr63ukty >> Image Returned >> 2020-10-20 10:36:23.296711

fqazr63ukty >> End >> 2020-10-20 10:36:23.506143

yrnaita4rqv >> Start >> 2020-10-20 10:36:33.090455

yrnaita4rqv >> Image Returned >> 2020-10-20 10:36:33.090744

yrnaita4rqv >> End >> 2020-10-20 10:36:33.260071

dwx0yp7e5sa >> Start >> 2020-10-20 10:42:57.866822

dwx0yp7e5sa >> Image Returned >> 2020-10-20 10:42:57.871357

dwx0yp7e5sa >> End >> 2020-10-20 10:42:57.995311

oadsf7nmtgw >> Start >> 2020-10-20 10:46:14.831763

oadsf7nmtgw >> Image Returned >> 2020-10-20 10:46:14.835011

oadsf7nmtgw >> End >> 2020-10-20 10:46:15.015284

wy0as8hz7is >> Start >> 2020-10-20 10:46:15.203208

wy0as8hz7is >> Image Returned >> 2020-10-20 10:46:15.203490

wy0as8hz7is >> End >> 2020-10-20 10:46:15.412610

aeq4k6nb356 >> Start >> 2020-10-20 10:52:03.418363

aeq4k6nb356 >> Image Returned >> 2020-10-20 10:52:03.422771

aeq4k6nb356 >> End >> 2020-10-20 10:52:03.610306

xjynm6s5hrk >> Start >> 2020-10-20 10:55:38.104260

xjynm6s5hrk >> Image Returned >> 2020-10-20 10:55:38.108565

xjynm6s5hrk >> End >> 2020-10-20 10:55:38.292560

kfs3fqz57mf >> Start >> 2020-10-20 11:03:02.141161

kfs3fqz57mf >> Image Returned >> 2020-10-20 11:03:02.144273

kfs3fqz57mf >> End >> 2020-10-20 11:03:02.321912

4pgevo6f0nh >> Start >> 2020-10-20 11:03:26.253294

4pgevo6f0nh >> Image Returned >> 2020-10-20 11:03:26.256372

4pgevo6f0nh >> End >> 2020-10-20 11:03:26.434335

7fvmcuebnku >> Start >> 2020-10-20 11:04:14.256835

7fvmcuebnku >> Image Returned >> 2020-10-20 11:04:14.262196

7fvmcuebnku >> End >> 2020-10-20 11:04:14.437189

fypafe5y8pd >> Start >> 2020-10-20 11:12:43.861411

fypafe5y8pd >> Image Returned >> 2020-10-20 11:12:43.866856

fypafe5y8pd >> End >> 2020-10-20 11:12:44.036474

hooa2iik278 >> Start >> 2020-10-20 11:15:18.248375

hooa2iik278 >> Image Returned >> 2020-10-20 11:15:18.252142

hooa2iik278 >> End >> 2020-10-20 11:15:18.428751

a4hphufhgn3 >> Start >> 2020-10-20 11:15:45.929294

a4hphufhgn3 >> Image Returned >> 2020-10-20 11:15:45.932375

a4hphufhgn3 >> End >> 2020-10-20 11:15:46.128654

30w6qfqv4c6 >> Start >> 2020-10-20 11:21:18.234425

30w6qfqv4c6 >> Image Returned >> 2020-10-20 11:21:18.237560

30w6qfqv4c6 >> End >> 2020-10-20 11:21:18.420011

v74ovigjrsy >> Start >> 2020-10-20 11:21:28.078501

v74ovigjrsy >> Image Returned >> 2020-10-20 11:21:28.078783

v74ovigjrsy >> End >> 2020-10-20 11:21:28.244452

hvbhf67n74u >> Start >> 2020-10-20 11:21:33.947185

hvbhf67n74u >> Image Returned >> 2020-10-20 11:21:33.950592

hvbhf67n74u >> End >> 2020-10-20 11:21:34.246100

y5u0qbi7sug >> Start >> 2020-10-20 11:21:36.663283

y5u0qbi7sug >> Image Returned >> 2020-10-20 11:21:36.663549

y5u0qbi7sug >> End >> 2020-10-20 11:21:36.949666

aa870rqmobf >> Start >> 2020-10-20 11:21:48.309902

aa870rqmobf >> Image Returned >> 2020-10-20 11:21:48.310177

aa870rqmobf >> End >> 2020-10-20 11:21:48.483233

vguh07dzbme >> Start >> 2020-10-20 11:22:19.331435

vguh07dzbme >> Image Returned >> 2020-10-20 11:22:19.334646

vguh07dzbme >> End >> 2020-10-20 11:22:19.560992

i5p54b7i0rr >> Start >> 2020-10-20 11:23:02.979887

i5p54b7i0rr >> Image Returned >> 2020-10-20 11:23:02.983341

i5p54b7i0rr >> End >> 2020-10-20 11:23:03.155344

ydiedswqsjp >> Start >> 2020-10-20 11:30:05.729434

ydiedswqsjp >> Image Returned >> 2020-10-20 11:30:05.733112

ydiedswqsjp >> End >> 2020-10-20 11:30:05.904366

uz5ad0vz8v2 >> Start >> 2020-10-20 11:45:40.203944

uz5ad0vz8v2 >> Image Returned >> 2020-10-20 11:45:40.207664

uz5ad0vz8v2 >> End >> 2020-10-20 11:45:40.380052

urkgcrz5ir6 >> Start >> 2020-10-20 11:45:50.850703

urkgcrz5ir6 >> Image Returned >> 2020-10-20 11:45:50.850989

urkgcrz5ir6 >> End >> 2020-10-20 11:45:51.023102

a4ka6g4yiw5 >> Start >> 2020-10-20 11:54:02.633691

a4ka6g4yiw5 >> Image Returned >> 2020-10-20 11:54:02.636838

a4ka6g4yiw5 >> End >> 2020-10-20 11:54:02.822423

k2qd5a875wm >> Start >> 2020-10-20 11:54:15.194102

k2qd5a875wm >> Image Returned >> 2020-10-20 11:54:15.197233

k2qd5a875wm >> End >> 2020-10-20 11:54:15.384947

brzwbg0twq6 >> Start >> 2020-10-20 11:55:10.145018

brzwbg0twq6 >> Image Returned >> 2020-10-20 11:55:10.148865

brzwbg0twq6 >> End >> 2020-10-20 11:55:10.352463

60i2wcjdt62 >> Start >> 2020-10-20 12:00:27.985781

60i2wcjdt62 >> Image Returned >> 2020-10-20 12:00:27.989008

60i2wcjdt62 >> End >> 2020-10-20 12:00:28.161000

wig3oms3okd >> Start >> 2020-10-20 12:02:00.040757

wig3oms3okd >> Image Returned >> 2020-10-20 12:02:00.044516

wig3oms3okd >> End >> 2020-10-20 12:02:00.239906

2r4xg54ukt0 >> Start >> 2020-10-20 12:06:02.293942

2r4xg54ukt0 >> Image Returned >> 2020-10-20 12:06:02.298491

2r4xg54ukt0 >> End >> 2020-10-20 12:06:02.483239

bykaqtp52op >> Start >> 2020-10-20 12:06:18.900736

bykaqtp52op >> Image Returned >> 2020-10-20 12:06:18.904092

bykaqtp52op >> End >> 2020-10-20 12:06:19.079286

eaybtpqqiu5 >> Start >> 2020-10-20 12:10:12.884639

eaybtpqqiu5 >> Image Returned >> 2020-10-20 12:10:12.888077

eaybtpqqiu5 >> End >> 2020-10-20 12:10:13.080368

ggwrn752kir >> Start >> 2020-10-20 12:10:20.216981

ggwrn752kir >> Image Returned >> 2020-10-20 12:10:20.217266

ggwrn752kir >> End >> 2020-10-20 12:10:20.394032

kvsw6svdk28 >> Start >> 2020-10-20 12:15:13.945862

kvsw6svdk28 >> Image Returned >> 2020-10-20 12:15:13.949079

kvsw6svdk28 >> End >> 2020-10-20 12:15:14.121496

mqbaf5fvyzj >> Start >> 2020-10-20 12:16:39.105674

mqbaf5fvyzj >> Image Returned >> 2020-10-20 12:16:39.109163

mqbaf5fvyzj >> End >> 2020-10-20 12:16:39.349638

zqvscmgyutz >> Start >> 2020-10-20 12:19:10.206906

zqvscmgyutz >> Image Returned >> 2020-10-20 12:19:10.210037

zqvscmgyutz >> End >> 2020-10-20 12:19:10.397380

q54sdiyhdcu >> Start >> 2020-10-20 12:21:56.628540

q54sdiyhdcu >> Image Returned >> 2020-10-20 12:21:56.632153

q54sdiyhdcu >> End >> 2020-10-20 12:21:56.807435

w6ykzfw8v58 >> Start >> 2020-10-20 12:26:23.824088

w6ykzfw8v58 >> Image Returned >> 2020-10-20 12:26:23.827363

w6ykzfw8v58 >> End >> 2020-10-20 12:26:24.006043

ovish20ey0t >> Start >> 2020-10-20 12:31:14.328159

ovish20ey0t >> Image Returned >> 2020-10-20 12:31:14.331351

ovish20ey0t >> End >> 2020-10-20 12:31:14.510565

8fkm5cjppfo >> Start >> 2020-10-20 12:36:00.425357

8fkm5cjppfo >> Image Returned >> 2020-10-20 12:36:00.429124

8fkm5cjppfo >> End >> 2020-10-20 12:36:00.603425

rggamxrwoux >> Start >> 2020-10-20 12:36:18.821439

rggamxrwoux >> Image Returned >> 2020-10-20 12:36:18.824738

rggamxrwoux >> End >> 2020-10-20 12:36:19.000087

evadrpz6fdz >> Start >> 2020-10-20 12:37:07.657426

evadrpz6fdz >> Image Returned >> 2020-10-20 12:37:07.660938

evadrpz6fdz >> End >> 2020-10-20 12:37:07.868280

pyoyn4cv6vd >> Start >> 2020-10-20 12:38:19.332912

pyoyn4cv6vd >> Image Returned >> 2020-10-20 12:38:19.336384

pyoyn4cv6vd >> End >> 2020-10-20 12:38:19.540796

at3haua48bj >> Start >> 2020-10-20 12:44:06.697439

at3haua48bj >> Image Returned >> 2020-10-20 12:44:06.701581

at3haua48bj >> End >> 2020-10-20 12:44:06.876574

nsjp4mdo3nc >> Start >> 2020-10-20 12:47:33.223956

nsjp4mdo3nc >> Image Returned >> 2020-10-20 12:47:33.228718

nsjp4mdo3nc >> End >> 2020-10-20 12:47:33.403738

4qxvzdpzivi >> Start >> 2020-10-20 12:49:37.621575

4qxvzdpzivi >> Image Returned >> 2020-10-20 12:49:37.625266

4qxvzdpzivi >> End >> 2020-10-20 12:49:37.795314

6zwr83kaw8x >> Start >> 2020-10-20 12:49:39.810326

6zwr83kaw8x >> Image Returned >> 2020-10-20 12:49:39.810630

6zwr83kaw8x >> End >> 2020-10-20 12:49:40.210943

7mc0fagknis >> Start >> 2020-10-20 12:52:38.675045

7mc0fagknis >> Image Returned >> 2020-10-20 12:52:38.678600

7mc0fagknis >> End >> 2020-10-20 12:52:38.800972

3bq2hd4czwv >> Start >> 2020-10-20 12:57:10.744930

3bq2hd4czwv >> Image Returned >> 2020-10-20 12:57:10.748073

3bq2hd4czwv >> End >> 2020-10-20 12:57:10.936202

pswb7q8uoq3 >> Start >> 2020-10-20 13:17:33.592541

pswb7q8uoq3 >> Image Returned >> 2020-10-20 13:17:33.596229

pswb7q8uoq3 >> End >> 2020-10-20 13:17:33.769608

z6x037cdm5v >> Start >> 2020-10-20 13:21:22.625883

z6x037cdm5v >> Image Returned >> 2020-10-20 13:21:22.629146

z6x037cdm5v >> End >> 2020-10-20 13:21:22.806061

apzh62n4078 >> Start >> 2020-10-20 13:23:45.730695

apzh62n4078 >> Image Returned >> 2020-10-20 13:23:45.734648

apzh62n4078 >> End >> 2020-10-20 13:23:45.934953

oagxi7q68yw >> Start >> 2020-10-20 13:24:56.770797

oagxi7q68yw >> Image Returned >> 2020-10-20 13:24:56.774410

oagxi7q68yw >> End >> 2020-10-20 13:24:56.972126

08fsys5q5ux >> Start >> 2020-10-20 13:29:17.326471

08fsys5q5ux >> Image Returned >> 2020-10-20 13:29:17.329746

08fsys5q5ux >> End >> 2020-10-20 13:29:17.515741

rfcgyoskddi >> Start >> 2020-10-20 13:29:38.731506

rfcgyoskddi >> Image Returned >> 2020-10-20 13:29:38.735637

rfcgyoskddi >> End >> 2020-10-20 13:29:38.957376

x78gezn2u2a >> Start >> 2020-10-20 13:29:56.557544

x78gezn2u2a >> Image Returned >> 2020-10-20 13:29:56.560991

x78gezn2u2a >> End >> 2020-10-20 13:29:56.732916

eew58pqnprt >> Start >> 2020-10-20 13:34:53.220953

eew58pqnprt >> Image Returned >> 2020-10-20 13:34:53.224633

eew58pqnprt >> End >> 2020-10-20 13:34:53.403498

sd26b6obofm >> Start >> 2020-10-20 13:35:11.113842

sd26b6obofm >> Image Returned >> 2020-10-20 13:35:11.117069

sd26b6obofm >> End >> 2020-10-20 13:35:11.296372

qoz5jjorv4o >> Start >> 2020-10-20 13:39:57.915100

qoz5jjorv4o >> Image Returned >> 2020-10-20 13:39:57.919006

qoz5jjorv4o >> End >> 2020-10-20 13:39:58.099549

xwqrea42a4v >> Start >> 2020-10-20 13:54:03.320352

xwqrea42a4v >> Image Returned >> 2020-10-20 13:54:03.324107

xwqrea42a4v >> End >> 2020-10-20 13:54:03.450714

p0vj77z86kd >> Start >> 2020-10-20 14:01:23.036077

p0vj77z86kd >> Image Returned >> 2020-10-20 14:01:23.039324

p0vj77z86kd >> End >> 2020-10-20 14:01:23.219994

x0s6u7kjhud >> Start >> 2020-10-20 14:03:51.402831

x0s6u7kjhud >> Image Returned >> 2020-10-20 14:03:51.407068

x0s6u7kjhud >> End >> 2020-10-20 14:03:51.615493

qef8ve3vieh >> Start >> 2020-10-20 14:07:21.134382

qef8ve3vieh >> Image Returned >> 2020-10-20 14:07:21.138825

qef8ve3vieh >> End >> 2020-10-20 14:07:21.316158

s5nbjkednpc >> Start >> 2020-10-20 14:08:57.704042

s5nbjkednpc >> Image Returned >> 2020-10-20 14:08:57.708025

s5nbjkednpc >> End >> 2020-10-20 14:08:57.891448

rf6gq5hapti >> Start >> 2020-10-20 14:10:47.596060

rf6gq5hapti >> Image Returned >> 2020-10-20 14:10:47.600152

rf6gq5hapti >> End >> 2020-10-20 14:10:47.787307

ht24ku4mcx0 >> Start >> 2020-10-20 14:12:25.046675

ht24ku4mcx0 >> Image Returned >> 2020-10-20 14:12:25.049973

ht24ku4mcx0 >> End >> 2020-10-20 14:12:25.250231

hfupi8wt557 >> Start >> 2020-10-20 14:14:18.806003

hfupi8wt557 >> Image Returned >> 2020-10-20 14:14:18.809474

hfupi8wt557 >> End >> 2020-10-20 14:14:18.986249

qqyxttpw6tv >> Start >> 2020-10-20 14:15:44.958482

qqyxttpw6tv >> Image Returned >> 2020-10-20 14:15:44.962733

qqyxttpw6tv >> End >> 2020-10-20 14:15:45.145070

jgo4d036nhu >> Start >> 2020-10-20 14:16:31.838007

jgo4d036nhu >> Image Returned >> 2020-10-20 14:16:31.841487

jgo4d036nhu >> End >> 2020-10-20 14:16:32.021787

yej3pgvfp8t >> Start >> 2020-10-20 14:18:29.137433

yej3pgvfp8t >> Image Returned >> 2020-10-20 14:18:29.141282

yej3pgvfp8t >> End >> 2020-10-20 14:18:29.319045

hpymcg5ogb8 >> Start >> 2020-10-20 14:19:32.094902

hpymcg5ogb8 >> Image Returned >> 2020-10-20 14:19:32.098200

hpymcg5ogb8 >> End >> 2020-10-20 14:19:32.279618

70t50td3q0t >> Start >> 2020-10-20 14:20:17.372649

70t50td3q0t >> Image Returned >> 2020-10-20 14:20:17.376274

70t50td3q0t >> End >> 2020-10-20 14:20:17.618513

uec00cdpt0m >> Start >> 2020-10-20 14:21:21.825074

uec00cdpt0m >> Image Returned >> 2020-10-20 14:21:21.828967

uec00cdpt0m >> End >> 2020-10-20 14:21:22.007296

qmygbrngu88 >> Start >> 2020-10-20 14:21:39.411333

qmygbrngu88 >> Image Returned >> 2020-10-20 14:21:39.415321

qmygbrngu88 >> End >> 2020-10-20 14:21:39.587959

xvpgopiobpp >> Start >> 2020-10-20 14:28:45.021950

xvpgopiobpp >> Image Returned >> 2020-10-20 14:28:45.025620

xvpgopiobpp >> End >> 2020-10-20 14:28:45.242646

m7hmme2z0ga >> Start >> 2020-10-20 14:28:59.907234

m7hmme2z0ga >> Image Returned >> 2020-10-20 14:28:59.910540

m7hmme2z0ga >> End >> 2020-10-20 14:29:00.131840

t48sn78fvpr >> Start >> 2020-10-20 14:30:57.560858

t48sn78fvpr >> Image Returned >> 2020-10-20 14:30:57.564702

t48sn78fvpr >> End >> 2020-10-20 14:30:57.743664

h3660q4gzky >> Start >> 2020-10-20 14:31:46.500556

h3660q4gzky >> Image Returned >> 2020-10-20 14:31:46.504091

h3660q4gzky >> End >> 2020-10-20 14:31:46.678214

aek8d6cn0j5 >> Start >> 2020-10-20 14:33:28.795192

aek8d6cn0j5 >> Image Returned >> 2020-10-20 14:33:28.798557

aek8d6cn0j5 >> End >> 2020-10-20 14:33:28.969084

w2q3d2ihcy6 >> Start >> 2020-10-20 14:33:48.753041

w2q3d2ihcy6 >> Image Returned >> 2020-10-20 14:33:48.756716

w2q3d2ihcy6 >> End >> 2020-10-20 14:33:48.937181

xxgpr0uq2rx >> Start >> 2020-10-20 14:34:02.751058

xxgpr0uq2rx >> Image Returned >> 2020-10-20 14:34:02.754249

xxgpr0uq2rx >> End >> 2020-10-20 14:34:02.936973

q44d8y4jyfe >> Start >> 2020-10-20 14:39:24.692286

q44d8y4jyfe >> Image Returned >> 2020-10-20 14:39:24.695540

q44d8y4jyfe >> End >> 2020-10-20 14:39:24.867634

bikbozhexpz >> Start >> 2020-10-20 14:39:36.158370

bikbozhexpz >> Image Returned >> 2020-10-20 14:39:36.162086

bikbozhexpz >> End >> 2020-10-20 14:39:36.341672

78i3at5ui4u >> Start >> 2020-10-20 14:41:42.174793

78i3at5ui4u >> Image Returned >> 2020-10-20 14:41:42.178374

78i3at5ui4u >> End >> 2020-10-20 14:41:42.517236

vuajvci6bxc >> Start >> 2020-10-20 14:44:44.297466

vuajvci6bxc >> Image Returned >> 2020-10-20 14:44:44.302275

oxjytns8tcm >> Start >> 2020-10-20 14:44:44.445887

oxjytns8tcm >> Image Returned >> 2020-10-20 14:44:44.449170

vuajvci6bxc >> End >> 2020-10-20 14:44:44.529700

oxjytns8tcm >> End >> 2020-10-20 14:44:44.640130

vmfvq2pozpq >> Start >> 2020-10-20 15:01:54.859730

vmfvq2pozpq >> Image Returned >> 2020-10-20 15:01:54.863564

vmfvq2pozpq >> End >> 2020-10-20 15:01:55.037381

3ipnhtwu556 >> Start >> 2020-10-20 15:06:54.463778

3ipnhtwu556 >> Image Returned >> 2020-10-20 15:06:54.467792

3ipnhtwu556 >> End >> 2020-10-20 15:06:54.657984

gf7wjfieofq >> Start >> 2020-10-20 15:11:26.513690

gf7wjfieofq >> Image Returned >> 2020-10-20 15:11:26.516392

gf7wjfieofq >> End >> 2020-10-20 15:11:26.689202

vkexjg05esj >> Start >> 2020-10-20 15:13:24.142822

vkexjg05esj >> Image Returned >> 2020-10-20 15:13:24.145731

vkexjg05esj >> End >> 2020-10-20 15:13:24.319570

bqnqfhtvv6a >> Start >> 2020-10-20 15:18:40.228349

bqnqfhtvv6a >> Image Returned >> 2020-10-20 15:18:40.231168

bqnqfhtvv6a >> End >> 2020-10-20 15:18:40.409153

76erodts5yi >> Start >> 2020-10-20 15:20:39.703231

76erodts5yi >> Image Returned >> 2020-10-20 15:20:39.706032

76erodts5yi >> End >> 2020-10-20 15:20:39.904920

3ocnojuei7m >> Start >> 2020-10-20 15:20:46.485527

3ocnojuei7m >> Image Returned >> 2020-10-20 15:20:46.485795

3ocnojuei7m >> End >> 2020-10-20 15:20:46.651159

uwxriv6ebhk >> Start >> 2020-10-20 15:24:04.469619

uwxriv6ebhk >> Image Returned >> 2020-10-20 15:24:04.472393

uwxriv6ebhk >> End >> 2020-10-20 15:24:04.655704

sxh25woi0en >> Start >> 2020-10-20 15:30:22.266792

sxh25woi0en >> Image Returned >> 2020-10-20 15:30:22.269546

sxh25woi0en >> End >> 2020-10-20 15:30:22.449657

38bogwr33ek >> Start >> 2020-10-20 15:31:32.457417

38bogwr33ek >> Image Returned >> 2020-10-20 15:31:32.460216

38bogwr33ek >> End >> 2020-10-20 15:31:32.585968

4ugom7a2n05 >> Start >> 2020-10-20 15:36:32.943531

4ugom7a2n05 >> Image Returned >> 2020-10-20 15:36:32.946291

4ugom7a2n05 >> End >> 2020-10-20 15:36:33.122613

jhuufirmzeb >> Start >> 2020-10-20 15:39:44.293661

jhuufirmzeb >> Image Returned >> 2020-10-20 15:39:44.296453

jhuufirmzeb >> End >> 2020-10-20 15:39:44.484020

kzhbi6ctkbv >> Start >> 2020-10-20 15:40:01.558262

kzhbi6ctkbv >> Image Returned >> 2020-10-20 15:40:01.560970

kzhbi6ctkbv >> End >> 2020-10-20 15:40:01.736502

5pxys4mppzw >> Start >> 2020-10-20 15:42:21.225625

5pxys4mppzw >> Image Returned >> 2020-10-20 15:42:21.228558

5pxys4mppzw >> End >> 2020-10-20 15:42:21.409296

0cef6ds6xja >> Start >> 2020-10-20 15:48:21.398583

0cef6ds6xja >> Image Returned >> 2020-10-20 15:48:21.401367

0cef6ds6xja >> End >> 2020-10-20 15:48:21.573993

pz2gxkfw77i >> Start >> 2020-10-20 15:48:34.537420

pz2gxkfw77i >> Image Returned >> 2020-10-20 15:48:34.540153

pz2gxkfw77i >> End >> 2020-10-20 15:48:34.708276

bodtr4d6y0x >> Start >> 2020-10-20 15:49:43.601425

bodtr4d6y0x >> Image Returned >> 2020-10-20 15:49:43.604118

bodtr4d6y0x >> End >> 2020-10-20 15:49:43.788137

nt8yw20h4v2 >> Start >> 2020-10-20 15:53:01.343636

nt8yw20h4v2 >> Image Returned >> 2020-10-20 15:53:01.346455

nt8yw20h4v2 >> End >> 2020-10-20 15:53:01.535515

i76wdivnypi >> Start >> 2020-10-20 15:54:09.477083

i76wdivnypi >> Image Returned >> 2020-10-20 15:54:09.480391

i76wdivnypi >> End >> 2020-10-20 15:54:09.655627

znomn6u2ih4 >> Start >> 2020-10-20 15:54:20.104859

znomn6u2ih4 >> Image Returned >> 2020-10-20 15:54:20.105168

znomn6u2ih4 >> End >> 2020-10-20 15:54:20.283726

jwtiugdxrrg >> Start >> 2020-10-20 15:54:32.453300

jwtiugdxrrg >> Image Returned >> 2020-10-20 15:54:32.456089

jwtiugdxrrg >> End >> 2020-10-20 15:54:32.629025

55yxmuvdyu2 >> Start >> 2020-10-20 15:54:46.600997

55yxmuvdyu2 >> Image Returned >> 2020-10-20 15:54:46.603703

55yxmuvdyu2 >> End >> 2020-10-20 15:54:46.779813

nee0zmbyfp0 >> Start >> 2020-10-20 15:56:43.663554

nee0zmbyfp0 >> Image Returned >> 2020-10-20 15:56:43.666279

nee0zmbyfp0 >> End >> 2020-10-20 15:56:43.849364

ac632t2wqt6 >> Start >> 2020-10-20 15:57:46.085685

ac632t2wqt6 >> Image Returned >> 2020-10-20 15:57:46.088495

ac632t2wqt6 >> End >> 2020-10-20 15:57:46.257778

qzpq8mqagmx >> Start >> 2020-10-20 16:06:12.179729

qzpq8mqagmx >> Image Returned >> 2020-10-20 16:06:12.184010

qzpq8mqagmx >> End >> 2020-10-20 16:06:12.370059

ftt28232x6f >> Start >> 2020-10-20 16:06:57.832521

ftt28232x6f >> Image Returned >> 2020-10-20 16:06:57.835412

ftt28232x6f >> End >> 2020-10-20 16:06:58.024941

6qna3kptdsx >> Start >> 2020-10-20 16:07:14.050395

6qna3kptdsx >> Image Returned >> 2020-10-20 16:07:14.053421

6qna3kptdsx >> End >> 2020-10-20 16:07:14.354715

qab2rjd6caj >> Start >> 2020-10-20 16:07:14.411627

qab2rjd6caj >> Image Returned >> 2020-10-20 16:07:14.411921

qab2rjd6caj >> End >> 2020-10-20 16:07:14.730139

bpfp38rqs62 >> Start >> 2020-10-20 16:17:49.928102

bpfp38rqs62 >> Image Returned >> 2020-10-20 16:17:49.931148

bpfp38rqs62 >> End >> 2020-10-20 16:17:50.164087

37xsfqxehuu >> Start >> 2020-10-20 16:25:09.926848

37xsfqxehuu >> Image Returned >> 2020-10-20 16:25:09.930943

37xsfqxehuu >> End >> 2020-10-20 16:25:10.104731

84xtzy50f8t >> Start >> 2020-10-20 16:35:29.416470

84xtzy50f8t >> Image Returned >> 2020-10-20 16:35:29.419294

84xtzy50f8t >> End >> 2020-10-20 16:35:29.608093

jsyntefpggn >> Start >> 2020-10-20 16:39:04.838534

jsyntefpggn >> Image Returned >> 2020-10-20 16:39:04.841579

jsyntefpggn >> End >> 2020-10-20 16:39:05.018660

d08kuviqcx0 >> Start >> 2020-10-20 16:39:42.847788

d08kuviqcx0 >> Image Returned >> 2020-10-20 16:39:42.850763

d08kuviqcx0 >> End >> 2020-10-20 16:39:43.027656

pai2cdx34hj >> Start >> 2020-10-20 16:39:49.097716

pai2cdx34hj >> Image Returned >> 2020-10-20 16:39:49.098032

pai2cdx34hj >> End >> 2020-10-20 16:39:49.268445

r48z4w37aua >> Start >> 2020-10-20 16:42:56.123814

r48z4w37aua >> Image Returned >> 2020-10-20 16:42:56.126857

r48z4w37aua >> End >> 2020-10-20 16:42:56.348958

zdjd3hp2g36 >> Start >> 2020-10-20 16:44:39.095376

zdjd3hp2g36 >> Image Returned >> 2020-10-20 16:44:39.098571

zdjd3hp2g36 >> End >> 2020-10-20 16:44:39.277862

afhwdv6u2ej >> Start >> 2020-10-20 16:45:04.449325

afhwdv6u2ej >> Image Returned >> 2020-10-20 16:45:04.452131

afhwdv6u2ej >> End >> 2020-10-20 16:45:04.638179

yyyc3okknz0 >> Start >> 2020-10-20 16:46:33.945008

yyyc3okknz0 >> Image Returned >> 2020-10-20 16:46:33.947824

yyyc3okknz0 >> End >> 2020-10-20 16:46:34.141443

8r4bbjto56c >> Start >> 2020-10-20 16:46:40.421278

8r4bbjto56c >> Image Returned >> 2020-10-20 16:46:40.421561

8r4bbjto56c >> End >> 2020-10-20 16:46:40.624572

tt26nsw4gkc >> Start >> 2020-10-20 16:46:56.401375

tt26nsw4gkc >> Image Returned >> 2020-10-20 16:46:56.404629

tt26nsw4gkc >> End >> 2020-10-20 16:46:56.622466

4apygh4niaq >> Start >> 2020-10-20 16:47:07.728698

4apygh4niaq >> Image Returned >> 2020-10-20 16:47:07.732594

4apygh4niaq >> End >> 2020-10-20 16:47:07.925929

nezu33u0tbc >> Start >> 2020-10-20 16:48:48.901597

nezu33u0tbc >> Image Returned >> 2020-10-20 16:48:48.904670

nezu33u0tbc >> End >> 2020-10-20 16:48:49.084589

e5hbfkvuo54 >> Start >> 2020-10-20 16:49:06.071463

e5hbfkvuo54 >> Image Returned >> 2020-10-20 16:49:06.074542

e5hbfkvuo54 >> End >> 2020-10-20 16:49:06.246001

8qftsrxfppw >> Start >> 2020-10-20 16:54:00.209685

8qftsrxfppw >> Image Returned >> 2020-10-20 16:54:00.212656

8qftsrxfppw >> End >> 2020-10-20 16:54:00.385952

c704mx0j0ch >> Start >> 2020-10-20 17:03:26.071674

c704mx0j0ch >> Image Returned >> 2020-10-20 17:03:26.074728

c704mx0j0ch >> End >> 2020-10-20 17:03:26.249921

sw4r76g4cdz >> Start >> 2020-10-20 17:04:16.965326

sw4r76g4cdz >> Image Returned >> 2020-10-20 17:04:16.968271

sw4r76g4cdz >> End >> 2020-10-20 17:04:17.160645

zpvnpd0k2vn >> Start >> 2020-10-20 17:05:36.231126

zpvnpd0k2vn >> Image Returned >> 2020-10-20 17:05:36.234044

zpvnpd0k2vn >> End >> 2020-10-20 17:05:36.418979

qgq4mk47thr >> Start >> 2020-10-20 17:06:07.815908

qgq4mk47thr >> Image Returned >> 2020-10-20 17:06:07.819986

qgq4mk47thr >> End >> 2020-10-20 17:06:07.947360

8mdn6xg5yxr >> Start >> 2020-10-20 17:07:26.221193

8mdn6xg5yxr >> Image Returned >> 2020-10-20 17:07:26.225326

8mdn6xg5yxr >> End >> 2020-10-20 17:07:26.409440

yu2am8xng04 >> Start >> 2020-10-20 17:07:38.105607

yu2am8xng04 >> Image Returned >> 2020-10-20 17:07:38.108664

yu2am8xng04 >> End >> 2020-10-20 17:07:38.303158

x0ygtebe4s6 >> Start >> 2020-10-20 17:07:51.802767

x0ygtebe4s6 >> Image Returned >> 2020-10-20 17:07:51.805552

x0ygtebe4s6 >> End >> 2020-10-20 17:07:51.982302

ejxwazr8kfd >> Start >> 2020-10-20 17:14:07.153623

ejxwazr8kfd >> Image Returned >> 2020-10-20 17:14:07.156553

ejxwazr8kfd >> End >> 2020-10-20 17:14:07.327307

yqerogserz2 >> Start >> 2020-10-20 17:14:14.599071

yqerogserz2 >> Image Returned >> 2020-10-20 17:14:14.599359

yqerogserz2 >> End >> 2020-10-20 17:14:14.765618

dhccjdbbbtz >> Start >> 2020-10-20 17:14:39.521326

dhccjdbbbtz >> Image Returned >> 2020-10-20 17:14:39.524327

dhccjdbbbtz >> End >> 2020-10-20 17:14:39.706770

upzedhgddp7 >> Start >> 2020-10-20 17:16:33.492324

upzedhgddp7 >> Image Returned >> 2020-10-20 17:16:33.495304

upzedhgddp7 >> End >> 2020-10-20 17:16:33.669378

sw6hfqt3r5m >> Start >> 2020-10-20 17:16:47.255532

sw6hfqt3r5m >> Image Returned >> 2020-10-20 17:16:47.258423

sw6hfqt3r5m >> End >> 2020-10-20 17:16:47.444555

c8toi8stzxt >> Start >> 2020-10-20 17:16:53.597096

c8toi8stzxt >> Image Returned >> 2020-10-20 17:16:53.597496

c8toi8stzxt >> End >> 2020-10-20 17:16:53.790337

8rhvp78cz5d >> Start >> 2020-10-20 17:16:57.182461

8rhvp78cz5d >> Image Returned >> 2020-10-20 17:16:57.182732

8rhvp78cz5d >> End >> 2020-10-20 17:16:57.380325

cm2hxzgppp5 >> Start >> 2020-10-20 17:16:57.512425

cm2hxzgppp5 >> Image Returned >> 2020-10-20 17:16:57.512741

cm2hxzgppp5 >> End >> 2020-10-20 17:16:57.710673

jy87ypv7szg >> Start >> 2020-10-20 17:17:50.415501

jy87ypv7szg >> Image Returned >> 2020-10-20 17:17:50.418397

jy87ypv7szg >> End >> 2020-10-20 17:17:50.612812

j4o0f5ai4xy >> Start >> 2020-10-20 17:18:31.612673

j4o0f5ai4xy >> Image Returned >> 2020-10-20 17:18:31.615515

j4o0f5ai4xy >> End >> 2020-10-20 17:18:31.790658

poijpn5ckmv >> Start >> 2020-10-20 17:22:22.798248

poijpn5ckmv >> Image Returned >> 2020-10-20 17:22:22.801215

poijpn5ckmv >> End >> 2020-10-20 17:22:22.985985

6rmb8ik0h8r >> Start >> 2020-10-20 17:27:45.303952

6rmb8ik0h8r >> Image Returned >> 2020-10-20 17:27:45.307204

6rmb8ik0h8r >> End >> 2020-10-20 17:27:45.480374

cc5u4jubx4x >> Start >> 2020-10-20 17:29:58.934541

cc5u4jubx4x >> Image Returned >> 2020-10-20 17:29:58.937733

cc5u4jubx4x >> End >> 2020-10-20 17:29:59.113023

ejcmkvwz56b >> Start >> 2020-10-20 17:30:09.683044

ejcmkvwz56b >> Image Returned >> 2020-10-20 17:30:09.683320

ejcmkvwz56b >> End >> 2020-10-20 17:30:09.891470

zvbayi8zgag >> Start >> 2020-10-20 17:31:34.075989

zvbayi8zgag >> Image Returned >> 2020-10-20 17:31:34.078869

zvbayi8zgag >> End >> 2020-10-20 17:31:34.205729

0dab633t05a >> Start >> 2020-10-20 17:35:14.493355

0dab633t05a >> Image Returned >> 2020-10-20 17:35:14.496179

0dab633t05a >> End >> 2020-10-20 17:35:14.682827

eapwijz4fgc >> Start >> 2020-10-20 17:44:38.489259

eapwijz4fgc >> Image Returned >> 2020-10-20 17:44:38.492189

eapwijz4fgc >> End >> 2020-10-20 17:44:38.658885

xxhq5dsm68p >> Start >> 2020-10-20 17:45:10.466182

xxhq5dsm68p >> Image Returned >> 2020-10-20 17:45:10.469379

xxhq5dsm68p >> End >> 2020-10-20 17:45:10.657419

2odzkfhypk6 >> Start >> 2020-10-20 17:45:26.541706

2odzkfhypk6 >> Image Returned >> 2020-10-20 17:45:26.544543

2odzkfhypk6 >> End >> 2020-10-20 17:45:26.752109

k02fnh3zfgh >> Start >> 2020-10-20 17:45:55.880177

k02fnh3zfgh >> Image Returned >> 2020-10-20 17:45:55.883126

k02fnh3zfgh >> End >> 2020-10-20 17:45:56.054250

vcbs4z4k60q >> Start >> 2020-10-20 17:49:49.246424

vcbs4z4k60q >> Image Returned >> 2020-10-20 17:49:49.249407

vcbs4z4k60q >> End >> 2020-10-20 17:49:49.418754

f85d6qtzzbo >> Start >> 2020-10-20 17:49:52.684284

f85d6qtzzbo >> Image Returned >> 2020-10-20 17:49:52.684556

f85d6qtzzbo >> End >> 2020-10-20 17:49:52.871654

jyrj7y2ug25 >> Start >> 2020-10-20 17:50:36.315360

jyrj7y2ug25 >> Image Returned >> 2020-10-20 17:50:36.318224

jyrj7y2ug25 >> End >> 2020-10-20 17:50:36.500292

kue63m7s2vj >> Start >> 2020-10-20 17:51:26.054457

kue63m7s2vj >> Image Returned >> 2020-10-20 17:51:26.057360

kue63m7s2vj >> End >> 2020-10-20 17:51:26.256913

jfy42x2xn2c >> Start >> 2020-10-20 17:51:47.770231

jfy42x2xn2c >> Image Returned >> 2020-10-20 17:51:47.773277

jfy42x2xn2c >> End >> 2020-10-20 17:51:47.981060

370fqoekepg >> Start >> 2020-10-20 17:56:24.952450

370fqoekepg >> Image Returned >> 2020-10-20 17:56:24.955442

370fqoekepg >> End >> 2020-10-20 17:56:25.129123

3msi0r30gbf >> Start >> 2020-10-20 17:56:52.907113

3msi0r30gbf >> Image Returned >> 2020-10-20 17:56:52.910701

3msi0r30gbf >> End >> 2020-10-20 17:56:53.080857

rbis5hq54uc >> Start >> 2020-10-20 18:03:39.976377

rbis5hq54uc >> Image Returned >> 2020-10-20 18:03:39.979907

rbis5hq54uc >> End >> 2020-10-20 18:03:40.150260

zwj8ydzk5sd >> Start >> 2020-10-20 18:05:33.347611

zwj8ydzk5sd >> Image Returned >> 2020-10-20 18:05:33.350537

zwj8ydzk5sd >> End >> 2020-10-20 18:05:33.536063

z06rgjbppw4 >> Start >> 2020-10-20 18:08:24.277568

z06rgjbppw4 >> Image Returned >> 2020-10-20 18:08:24.280695

z06rgjbppw4 >> End >> 2020-10-20 18:08:24.461359

b4kf8uqa4cx >> Start >> 2020-10-20 18:10:13.421586

b4kf8uqa4cx >> Image Returned >> 2020-10-20 18:10:13.424455

b4kf8uqa4cx >> End >> 2020-10-20 18:10:13.596473

te5mzhds686 >> Start >> 2020-10-20 18:19:12.532459

te5mzhds686 >> Image Returned >> 2020-10-20 18:19:12.535446

te5mzhds686 >> End >> 2020-10-20 18:19:12.711468

vi8c3fjemsi >> Start >> 2020-10-20 18:21:38.857300

vi8c3fjemsi >> Image Returned >> 2020-10-20 18:21:38.860430

vi8c3fjemsi >> End >> 2020-10-20 18:21:39.031949

rzm5nhfzknf >> Start >> 2020-10-20 18:23:59.056229

rzm5nhfzknf >> Image Returned >> 2020-10-20 18:23:59.060458

rzm5nhfzknf >> End >> 2020-10-20 18:23:59.392942

unq2wxre774 >> Start >> 2020-10-20 18:24:44.534271

unq2wxre774 >> Image Returned >> 2020-10-20 18:24:44.537287

unq2wxre774 >> End >> 2020-10-20 18:24:44.709189

tds4qsig732 >> Start >> 2020-10-20 18:25:48.319120

tds4qsig732 >> Image Returned >> 2020-10-20 18:25:48.322388

tds4qsig732 >> End >> 2020-10-20 18:25:48.492620

vwfm2sj5yfk >> Start >> 2020-10-20 18:28:21.200321

vwfm2sj5yfk >> Image Returned >> 2020-10-20 18:28:21.203237

vwfm2sj5yfk >> End >> 2020-10-20 18:28:21.373313

kuejdzf2xv8 >> Start >> 2020-10-20 18:31:58.628271

kuejdzf2xv8 >> Image Returned >> 2020-10-20 18:31:58.632885

kuejdzf2xv8 >> End >> 2020-10-20 18:31:58.807718

npyaqub27hz >> Start >> 2020-10-20 18:32:49.057202

npyaqub27hz >> Image Returned >> 2020-10-20 18:32:49.060198

npyaqub27hz >> End >> 2020-10-20 18:32:49.264205

fcu44qozsam >> Start >> 2020-10-20 18:34:47.765450

fcu44qozsam >> Image Returned >> 2020-10-20 18:34:47.768481

fcu44qozsam >> End >> 2020-10-20 18:34:47.958889

4krc748gdmg >> Start >> 2020-10-20 18:35:29.832258

4krc748gdmg >> Image Returned >> 2020-10-20 18:35:29.835242

4krc748gdmg >> End >> 2020-10-20 18:35:30.012075

047pckd6jy6 >> Start >> 2020-10-20 18:49:13.326601

047pckd6jy6 >> Image Returned >> 2020-10-20 18:49:13.329582

047pckd6jy6 >> End >> 2020-10-20 18:49:13.503072

qpzbajd2tv4 >> Start >> 2020-10-20 18:54:44.758794

qpzbajd2tv4 >> Image Returned >> 2020-10-20 18:54:44.762221

qpzbajd2tv4 >> End >> 2020-10-20 18:54:44.934564

784j3ixeh7n >> Start >> 2020-10-20 18:55:53.795826

784j3ixeh7n >> Image Returned >> 2020-10-20 18:55:53.798855

784j3ixeh7n >> End >> 2020-10-20 18:55:53.969559

887jck6ikp5 >> Start >> 2020-10-20 19:01:53.841454

887jck6ikp5 >> Image Returned >> 2020-10-20 19:01:53.846353

887jck6ikp5 >> End >> 2020-10-20 19:01:54.025751

vt2jiz77uzj >> Start >> 2020-10-20 19:13:06.380986

vt2jiz77uzj >> Image Returned >> 2020-10-20 19:13:06.383935

vt2jiz77uzj >> End >> 2020-10-20 19:13:06.564189

7o3fytvcmm7 >> Start >> 2020-10-20 19:13:10.575443

7o3fytvcmm7 >> Image Returned >> 2020-10-20 19:13:10.575721

7o3fytvcmm7 >> End >> 2020-10-20 19:13:10.747560

rnwd70d2xqd >> Start >> 2020-10-20 19:14:51.476485

rnwd70d2xqd >> Image Returned >> 2020-10-20 19:14:51.479624

rnwd70d2xqd >> End >> 2020-10-20 19:14:51.656554

3wyov5m5zbm >> Start >> 2020-10-20 19:17:06.204849

3wyov5m5zbm >> Image Returned >> 2020-10-20 19:17:06.207947

3wyov5m5zbm >> End >> 2020-10-20 19:17:06.381599

tbp5m0aaxi3 >> Start >> 2020-10-20 19:18:13.439076

tbp5m0aaxi3 >> Image Returned >> 2020-10-20 19:18:13.442188

tbp5m0aaxi3 >> End >> 2020-10-20 19:18:13.614525

dbkibq6ezx6 >> Start >> 2020-10-20 19:30:10.817509

dbkibq6ezx6 >> Image Returned >> 2020-10-20 19:30:10.820699

dbkibq6ezx6 >> End >> 2020-10-20 19:30:10.993866

hf08ay2kuok >> Start >> 2020-10-20 19:38:51.661366

hf08ay2kuok >> Image Returned >> 2020-10-20 19:38:51.664391

hf08ay2kuok >> End >> 2020-10-20 19:38:51.851635

aftq7wkazbt >> Start >> 2020-10-20 19:40:16.688505

aftq7wkazbt >> Image Returned >> 2020-10-20 19:40:16.691446

aftq7wkazbt >> End >> 2020-10-20 19:40:16.867707

x8de5np70mv >> Start >> 2020-10-20 19:40:46.941313

x8de5np70mv >> Image Returned >> 2020-10-20 19:40:46.944432

x8de5np70mv >> End >> 2020-10-20 19:40:47.116210

j7bdspm5c4d >> Start >> 2020-10-20 19:40:48.243227

j7bdspm5c4d >> Image Returned >> 2020-10-20 19:40:48.243499

j7bdspm5c4d >> End >> 2020-10-20 19:40:48.429408

teaxen4wkys >> Start >> 2020-10-20 19:41:12.025361

teaxen4wkys >> Image Returned >> 2020-10-20 19:41:12.028383

teaxen4wkys >> End >> 2020-10-20 19:41:12.197985

0mf2xjteyu4 >> Start >> 2020-10-20 19:43:14.127803

0mf2xjteyu4 >> Image Returned >> 2020-10-20 19:43:14.131019

0mf2xjteyu4 >> End >> 2020-10-20 19:43:14.308163

2okijrdow4g >> Start >> 2020-10-20 19:46:53.576023

2okijrdow4g >> Image Returned >> 2020-10-20 19:46:53.579227

2okijrdow4g >> End >> 2020-10-20 19:46:53.755755

ehfja7fb3vj >> Start >> 2020-10-20 19:47:37.660212

ehfja7fb3vj >> Image Returned >> 2020-10-20 19:47:37.663158

ehfja7fb3vj >> End >> 2020-10-20 19:47:37.851542

ie0r344x64p >> Start >> 2020-10-20 19:50:00.132420

ie0r344x64p >> Image Returned >> 2020-10-20 19:50:00.135807

ie0r344x64p >> End >> 2020-10-20 19:50:00.316610

sbu0qbyxw00 >> Start >> 2020-10-20 19:50:02.368294

sbu0qbyxw00 >> Image Returned >> 2020-10-20 19:50:02.368699

sbu0qbyxw00 >> End >> 2020-10-20 19:50:02.580852

wnvbpnseh3e >> Start >> 2020-10-20 19:52:41.216053

wnvbpnseh3e >> Image Returned >> 2020-10-20 19:52:41.219384

wnvbpnseh3e >> End >> 2020-10-20 19:52:41.347378

77yoh7a3qti >> Start >> 2020-10-20 19:54:22.743963

77yoh7a3qti >> Image Returned >> 2020-10-20 19:54:22.747172

77yoh7a3qti >> End >> 2020-10-20 19:54:22.919106

h87fb2r246v >> Start >> 2020-10-20 19:56:31.888441

h87fb2r246v >> Image Returned >> 2020-10-20 19:56:31.891669

h87fb2r246v >> End >> 2020-10-20 19:56:32.062959

t2uob7bpxmn >> Start >> 2020-10-20 19:58:59.028696

t2uob7bpxmn >> Image Returned >> 2020-10-20 19:58:59.031857

t2uob7bpxmn >> End >> 2020-10-20 19:58:59.215943

f8miqoutktw >> Start >> 2020-10-20 20:06:14.145742

f8miqoutktw >> Image Returned >> 2020-10-20 20:06:14.149077

f8miqoutktw >> End >> 2020-10-20 20:06:14.337255

nc6j3mnvpwd >> Start >> 2020-10-20 20:07:30.936393

nc6j3mnvpwd >> Image Returned >> 2020-10-20 20:07:30.940145

nc6j3mnvpwd >> End >> 2020-10-20 20:07:31.135258

7vs7shtgzbn >> Start >> 2020-10-20 20:08:48.571598

7vs7shtgzbn >> Image Returned >> 2020-10-20 20:08:48.575022

7vs7shtgzbn >> End >> 2020-10-20 20:08:48.752942

ehbkzfuc5w5 >> Start >> 2020-10-20 20:10:24.495110

ehbkzfuc5w5 >> Image Returned >> 2020-10-20 20:10:24.498344

ehbkzfuc5w5 >> End >> 2020-10-20 20:10:24.678847

octwpx5gkrp >> Start >> 2020-10-20 20:13:11.930361

octwpx5gkrp >> Image Returned >> 2020-10-20 20:13:11.933459

octwpx5gkrp >> End >> 2020-10-20 20:13:12.116234

zdstz4nfr5h >> Start >> 2020-10-20 20:15:01.255827

zdstz4nfr5h >> Image Returned >> 2020-10-20 20:15:01.258795

zdstz4nfr5h >> End >> 2020-10-20 20:15:01.452470

jndfio4ugdh >> Start >> 2020-10-20 20:15:21.265804

jndfio4ugdh >> Image Returned >> 2020-10-20 20:15:21.268815

jndfio4ugdh >> End >> 2020-10-20 20:15:21.460362

nuqdmvewuid >> Start >> 2020-10-20 20:18:07.945664

nuqdmvewuid >> Image Returned >> 2020-10-20 20:18:07.948999

nuqdmvewuid >> End >> 2020-10-20 20:18:08.192326

74p06bxspcw >> Start >> 2020-10-20 20:21:07.758339

74p06bxspcw >> Image Returned >> 2020-10-20 20:21:07.761703

74p06bxspcw >> End >> 2020-10-20 20:21:07.892676

032hduhon4r >> Start >> 2020-10-20 20:21:41.198339

032hduhon4r >> Image Returned >> 2020-10-20 20:21:41.201351

032hduhon4r >> End >> 2020-10-20 20:21:41.387299

ijrqpjmba02 >> Start >> 2020-10-20 20:25:16.645003

ijrqpjmba02 >> Image Returned >> 2020-10-20 20:25:16.649380

ijrqpjmba02 >> End >> 2020-10-20 20:25:16.838632

77sboyryn3m >> Start >> 2020-10-20 20:27:32.421484

77sboyryn3m >> Image Returned >> 2020-10-20 20:27:32.424848

77sboyryn3m >> End >> 2020-10-20 20:27:32.607471

oaewx7fwnsx >> Start >> 2020-10-20 20:30:41.190337

oaewx7fwnsx >> Image Returned >> 2020-10-20 20:30:41.194583

oaewx7fwnsx >> End >> 2020-10-20 20:30:41.361128

pwgjbtotsh8 >> Start >> 2020-10-20 20:31:58.394593

pwgjbtotsh8 >> Image Returned >> 2020-10-20 20:31:58.398063

pwgjbtotsh8 >> End >> 2020-10-20 20:31:58.578727

3s82epmkyft >> Start >> 2020-10-20 20:32:15.943799

3s82epmkyft >> Image Returned >> 2020-10-20 20:32:15.946779

3s82epmkyft >> End >> 2020-10-20 20:32:16.130261

s75og08u2gc >> Start >> 2020-10-20 20:36:48.436526

s75og08u2gc >> Image Returned >> 2020-10-20 20:36:48.439863

s75og08u2gc >> End >> 2020-10-20 20:36:48.608263

xi675y4emoy >> Start >> 2020-10-20 20:38:13.048055

xi675y4emoy >> Image Returned >> 2020-10-20 20:38:13.051147

xi675y4emoy >> End >> 2020-10-20 20:38:13.229645

qbisz5vxtp0 >> Start >> 2020-10-20 20:38:38.295901

qbisz5vxtp0 >> Image Returned >> 2020-10-20 20:38:38.298940

qbisz5vxtp0 >> End >> 2020-10-20 20:38:38.477971

o7742hfnucj >> Start >> 2020-10-20 20:41:06.672051

o7742hfnucj >> Image Returned >> 2020-10-20 20:41:06.675067

o7742hfnucj >> End >> 2020-10-20 20:41:06.846591

4d7nb0tpwz0 >> Start >> 2020-10-20 20:46:58.547174

4d7nb0tpwz0 >> Image Returned >> 2020-10-20 20:46:58.552118

4d7nb0tpwz0 >> End >> 2020-10-20 20:46:58.724972

uenxffbh5mj >> Start >> 2020-10-20 20:47:12.342216

uenxffbh5mj >> Image Returned >> 2020-10-20 20:47:12.345377

uenxffbh5mj >> End >> 2020-10-20 20:47:12.530550

z5ncc8iv0tt >> Start >> 2020-10-20 20:52:46.684648

z5ncc8iv0tt >> Image Returned >> 2020-10-20 20:52:46.688172

z5ncc8iv0tt >> End >> 2020-10-20 20:52:46.860730

qke4gnium8q >> Start >> 2020-10-20 21:00:47.154896

qke4gnium8q >> Image Returned >> 2020-10-20 21:00:47.158294

qke4gnium8q >> End >> 2020-10-20 21:00:47.331053

evr4335i34t >> Start >> 2020-10-20 21:01:12.789820

evr4335i34t >> Image Returned >> 2020-10-20 21:01:12.794477

evr4335i34t >> End >> 2020-10-20 21:01:12.983063

jwkm3ufd77m >> Start >> 2020-10-20 21:01:49.710241

jwkm3ufd77m >> Image Returned >> 2020-10-20 21:01:49.713520

jwkm3ufd77m >> End >> 2020-10-20 21:01:49.902406

shrxmhtpkyq >> Start >> 2020-10-20 21:10:49.748450

shrxmhtpkyq >> Image Returned >> 2020-10-20 21:10:49.751854

shrxmhtpkyq >> End >> 2020-10-20 21:10:49.928200

hu73d7wpvxj >> Start >> 2020-10-20 21:11:25.321227

hu73d7wpvxj >> Image Returned >> 2020-10-20 21:11:25.324378

hu73d7wpvxj >> End >> 2020-10-20 21:11:25.494559

ufr5q34e00h >> Start >> 2020-10-20 21:35:32.373579

ufr5q34e00h >> Image Returned >> 2020-10-20 21:35:32.376733

ufr5q34e00h >> End >> 2020-10-20 21:35:32.602627

vkuhbkzwpqh >> Start >> 2020-10-20 21:35:50.253345

vkuhbkzwpqh >> Image Returned >> 2020-10-20 21:35:50.256449

vkuhbkzwpqh >> End >> 2020-10-20 21:35:50.486955

nfhz2qjifna >> Start >> 2020-10-20 21:35:50.569263

nfhz2qjifna >> Image Returned >> 2020-10-20 21:35:50.569534

nfhz2qjifna >> End >> 2020-10-20 21:35:50.844851

4sygu20b6ng >> Start >> 2020-10-20 21:36:42.480056

4sygu20b6ng >> Image Returned >> 2020-10-20 21:36:42.483169

4sygu20b6ng >> End >> 2020-10-20 21:36:42.661183

n3meovhd5e7 >> Start >> 2020-10-20 21:40:30.802786

n3meovhd5e7 >> Image Returned >> 2020-10-20 21:40:30.806263

n3meovhd5e7 >> End >> 2020-10-20 21:40:30.997904

uzrim6ppscw >> Start >> 2020-10-20 21:43:17.107672

uzrim6ppscw >> Image Returned >> 2020-10-20 21:43:17.111262

uzrim6ppscw >> End >> 2020-10-20 21:43:17.284543

dohd7ypmwvc >> Start >> 2020-10-20 21:45:23.886403

dohd7ypmwvc >> Image Returned >> 2020-10-20 21:45:23.889504

dohd7ypmwvc >> End >> 2020-10-20 21:45:24.058268

0kviarm7k4d >> Start >> 2020-10-20 21:45:53.102894

0kviarm7k4d >> Image Returned >> 2020-10-20 21:45:53.107822

0kviarm7k4d >> End >> 2020-10-20 21:45:53.292902

su8zwaoqu67 >> Start >> 2020-10-20 21:47:53.680962

su8zwaoqu67 >> Image Returned >> 2020-10-20 21:47:53.684215

su8zwaoqu67 >> End >> 2020-10-20 21:47:53.867844

rs36ka2wtjh >> Start >> 2020-10-20 21:55:32.335783

rs36ka2wtjh >> Image Returned >> 2020-10-20 21:55:32.340046

rs36ka2wtjh >> End >> 2020-10-20 21:55:32.544083

ajwvitk2648 >> Start >> 2020-10-20 21:56:08.798898

ajwvitk2648 >> Image Returned >> 2020-10-20 21:56:08.802227

ajwvitk2648 >> End >> 2020-10-20 21:56:09.005183

zhvqk6zq2s7 >> Start >> 2020-10-20 21:56:21.828861

zhvqk6zq2s7 >> Image Returned >> 2020-10-20 21:56:21.832096

zhvqk6zq2s7 >> End >> 2020-10-20 21:56:22.010546

8kg46fs4vp7 >> Start >> 2020-10-20 21:56:53.441977

8kg46fs4vp7 >> Image Returned >> 2020-10-20 21:56:53.445410

8kg46fs4vp7 >> End >> 2020-10-20 21:56:53.630110

wgaz3egnwoh >> Start >> 2020-10-20 21:58:00.011212

wgaz3egnwoh >> Image Returned >> 2020-10-20 21:58:00.014404

wgaz3egnwoh >> End >> 2020-10-20 21:58:00.182380

gfnee38qu6y >> Start >> 2020-10-20 22:03:07.590900

gfnee38qu6y >> Image Returned >> 2020-10-20 22:03:07.594400

gfnee38qu6y >> End >> 2020-10-20 22:03:07.767291

ncf3upykbvd >> Start >> 2020-10-20 22:03:07.954096

ncf3upykbvd >> Image Returned >> 2020-10-20 22:03:07.954423

ncf3upykbvd >> End >> 2020-10-20 22:03:08.123091

2uh7mbmi6bf >> Start >> 2020-10-20 22:12:13.906063

2uh7mbmi6bf >> Image Returned >> 2020-10-20 22:12:13.909650

2uh7mbmi6bf >> End >> 2020-10-20 22:12:14.093403

n8whrqr2hgc >> Start >> 2020-10-20 22:15:29.376106

n8whrqr2hgc >> Image Returned >> 2020-10-20 22:15:29.379606

n8whrqr2hgc >> End >> 2020-10-20 22:15:29.561393

dtnr0qohe2h >> Start >> 2020-10-20 22:17:17.496814

dtnr0qohe2h >> Image Returned >> 2020-10-20 22:17:17.499979

dtnr0qohe2h >> End >> 2020-10-20 22:17:17.683531

s2v25majxdm >> Start >> 2020-10-20 22:18:38.710937

s2v25majxdm >> Image Returned >> 2020-10-20 22:18:38.714027

s2v25majxdm >> End >> 2020-10-20 22:18:38.926687

ud8oh2brei4 >> Start >> 2020-10-20 22:20:07.539866

ud8oh2brei4 >> Image Returned >> 2020-10-20 22:20:07.543234

ud8oh2brei4 >> End >> 2020-10-20 22:20:07.721961

m3axb2gvvcc >> Start >> 2020-10-20 22:20:16.456584

m3axb2gvvcc >> Image Returned >> 2020-10-20 22:20:16.456912

m3axb2gvvcc >> End >> 2020-10-20 22:20:16.673464

s2m7vfxv0of >> Start >> 2020-10-20 22:27:18.363764

s2m7vfxv0of >> Image Returned >> 2020-10-20 22:27:18.368314

s2m7vfxv0of >> End >> 2020-10-20 22:27:18.562177

occq2p05uia >> Start >> 2020-10-20 22:27:56.078282

occq2p05uia >> Image Returned >> 2020-10-20 22:27:56.081741

occq2p05uia >> End >> 2020-10-20 22:27:56.283370

0urx3fhp7k0 >> Start >> 2020-10-20 22:30:09.719491

0urx3fhp7k0 >> Image Returned >> 2020-10-20 22:30:09.722841

0urx3fhp7k0 >> End >> 2020-10-20 22:30:09.930526

w4zm6twsz7a >> Start >> 2020-10-20 22:31:56.733426

w4zm6twsz7a >> Image Returned >> 2020-10-20 22:31:56.736814

w4zm6twsz7a >> End >> 2020-10-20 22:31:56.921312

rp03xhn6wxy >> Start >> 2020-10-20 22:33:30.538813

rp03xhn6wxy >> Image Returned >> 2020-10-20 22:33:30.541994

rp03xhn6wxy >> End >> 2020-10-20 22:33:30.727063

rdcdwa23x0c >> Start >> 2020-10-20 22:33:32.625385

rdcdwa23x0c >> Image Returned >> 2020-10-20 22:33:32.625667

rdcdwa23x0c >> End >> 2020-10-20 22:33:32.813230

n8gvfneijhh >> Start >> 2020-10-20 22:38:29.103586

n8gvfneijhh >> Image Returned >> 2020-10-20 22:38:29.108443

n8gvfneijhh >> End >> 2020-10-20 22:38:29.282525

uqt5ts68t46 >> Start >> 2020-10-20 22:48:21.837663

uqt5ts68t46 >> Image Returned >> 2020-10-20 22:48:21.841368

uqt5ts68t46 >> End >> 2020-10-20 22:48:21.968997

gw52u235xe2 >> Start >> 2020-10-20 22:48:23.962387

gw52u235xe2 >> Image Returned >> 2020-10-20 22:48:23.962670

gw52u235xe2 >> End >> 2020-10-20 22:48:24.136698

fmiqzswopxq >> Start >> 2020-10-20 22:49:48.467365

fmiqzswopxq >> Image Returned >> 2020-10-20 22:49:48.470782

fmiqzswopxq >> End >> 2020-10-20 22:49:48.646667

j0ueziicx3f >> Start >> 2020-10-20 22:50:15.585928

j0ueziicx3f >> Image Returned >> 2020-10-20 22:50:15.589124

j0ueziicx3f >> End >> 2020-10-20 22:50:15.764863

qso77ygrjrg >> Start >> 2020-10-20 23:03:55.378906

qso77ygrjrg >> Image Returned >> 2020-10-20 23:03:55.382683

qso77ygrjrg >> End >> 2020-10-20 23:03:55.565210

ibyvfukubx4 >> Start >> 2020-10-20 23:12:49.707755

ibyvfukubx4 >> Image Returned >> 2020-10-20 23:12:49.711190

ibyvfukubx4 >> End >> 2020-10-20 23:12:49.879827

gxti4nqdg72 >> Start >> 2020-10-20 23:13:15.413675

gxti4nqdg72 >> Image Returned >> 2020-10-20 23:13:15.416796

gxti4nqdg72 >> End >> 2020-10-20 23:13:15.588606

e8a3f6gerdu >> Start >> 2020-10-20 23:20:59.260194

e8a3f6gerdu >> Image Returned >> 2020-10-20 23:20:59.263670

e8a3f6gerdu >> End >> 2020-10-20 23:20:59.440583

7shkzcxtd5n >> Start >> 2020-10-20 23:33:47.941732

7shkzcxtd5n >> Image Returned >> 2020-10-20 23:33:47.945972

7shkzcxtd5n >> End >> 2020-10-20 23:33:48.118429

8gcrrj5pfpo >> Start >> 2020-10-20 23:37:20.262204

8gcrrj5pfpo >> Image Returned >> 2020-10-20 23:37:20.265743

8gcrrj5pfpo >> End >> 2020-10-20 23:37:20.499517

m8katjnpcpe >> Start >> 2020-10-20 23:37:37.131349

m8katjnpcpe >> Image Returned >> 2020-10-20 23:37:37.135833

m8katjnpcpe >> End >> 2020-10-20 23:37:37.374128

4fjjjy8xus4 >> Start >> 2020-10-20 23:37:38.692611

4fjjjy8xus4 >> Image Returned >> 2020-10-20 23:37:38.692913

4fjjjy8xus4 >> End >> 2020-10-20 23:37:38.938024

qtd50xe7oye >> Start >> 2020-10-20 23:53:10.178180

qtd50xe7oye >> Image Returned >> 2020-10-20 23:53:10.182401

qtd50xe7oye >> End >> 2020-10-20 23:53:10.361520

mc8jm50q263 >> Start >> 2020-10-20 23:55:28.039836

mc8jm50q263 >> Image Returned >> 2020-10-20 23:55:28.043294

mc8jm50q263 >> End >> 2020-10-20 23:55:28.213148

