ni0aen36d5b >> Start >> 2020-07-09 00:23:32.220834

ni0aen36d5b >> Image Returned >> 2020-07-09 00:23:32.226217

ni0aen36d5b >> End >> 2020-07-09 00:23:32.365442

jmazosj8xap >> Start >> 2020-07-09 00:46:48.225907

jmazosj8xap >> Image Returned >> 2020-07-09 00:46:48.230145

jmazosj8xap >> End >> 2020-07-09 00:46:48.367292

w86fujynjsn >> Start >> 2020-07-09 00:47:49.668951

w86fujynjsn >> Image Returned >> 2020-07-09 00:47:49.671747

w86fujynjsn >> End >> 2020-07-09 00:47:49.805064

7edhis7diws >> Start >> 2020-07-09 02:30:15.216530

7edhis7diws >> Image Returned >> 2020-07-09 02:30:15.219376

7edhis7diws >> End >> 2020-07-09 02:30:15.358393

uk66t3m8v7i >> Start >> 2020-07-09 02:59:02.175085

uk66t3m8v7i >> Image Returned >> 2020-07-09 02:59:02.178963

uk66t3m8v7i >> End >> 2020-07-09 02:59:02.319677

p4phgqxiqfj >> Start >> 2020-07-09 03:28:03.859034

p4phgqxiqfj >> Image Returned >> 2020-07-09 03:28:03.862899

p4phgqxiqfj >> End >> 2020-07-09 03:28:04.008099

uj2xcsjjdtm >> Start >> 2020-07-09 04:31:13.013833

uj2xcsjjdtm >> Image Returned >> 2020-07-09 04:31:13.016886

uj2xcsjjdtm >> End >> 2020-07-09 04:31:13.147520

7w2i5xws5mz >> Start >> 2020-07-09 04:44:45.786034

7w2i5xws5mz >> Image Returned >> 2020-07-09 04:44:45.790005

7w2i5xws5mz >> End >> 2020-07-09 04:44:45.920768

qsyc62r0b37 >> Start >> 2020-07-09 05:00:03.121902

qsyc62r0b37 >> Image Returned >> 2020-07-09 05:00:03.126714

qsyc62r0b37 >> End >> 2020-07-09 05:00:03.262996

y3oxfupuatb >> Start >> 2020-07-09 05:38:46.460220

y3oxfupuatb >> Image Returned >> 2020-07-09 05:38:46.463326

y3oxfupuatb >> End >> 2020-07-09 05:38:46.599060

8375cqqgfks >> Start >> 2020-07-09 05:48:04.186629

8375cqqgfks >> Image Returned >> 2020-07-09 05:48:04.190697

8375cqqgfks >> End >> 2020-07-09 05:48:04.327608

e4tgaea62pr >> Start >> 2020-07-09 05:51:23.083580

e4tgaea62pr >> Image Returned >> 2020-07-09 05:51:23.087035

e4tgaea62pr >> End >> 2020-07-09 05:51:23.219166

uf4ng7im52j >> Start >> 2020-07-09 05:55:08.040700

uf4ng7im52j >> Image Returned >> 2020-07-09 05:55:08.044542

uf4ng7im52j >> End >> 2020-07-09 05:55:08.180336

ot55xjivcc8 >> Start >> 2020-07-09 05:55:16.726716

ot55xjivcc8 >> Image Returned >> 2020-07-09 05:55:16.727035

ot55xjivcc8 >> End >> 2020-07-09 05:55:16.861754

hxn0izvisr2 >> Start >> 2020-07-09 05:55:46.283308

hxn0izvisr2 >> Image Returned >> 2020-07-09 05:55:46.286962

hxn0izvisr2 >> End >> 2020-07-09 05:55:46.426930

ezn2qhzccq8 >> Start >> 2020-07-09 06:30:24.325676

ezn2qhzccq8 >> Image Returned >> 2020-07-09 06:30:24.328819

ezn2qhzccq8 >> End >> 2020-07-09 06:30:24.463114

jgd7y8v8702 >> Start >> 2020-07-09 06:39:11.506155

jgd7y8v8702 >> Image Returned >> 2020-07-09 06:39:11.510818

jgd7y8v8702 >> End >> 2020-07-09 06:39:11.646033

sjtg2a4p6zb >> Start >> 2020-07-09 06:42:13.406985

sjtg2a4p6zb >> Image Returned >> 2020-07-09 06:42:13.411652

sjtg2a4p6zb >> End >> 2020-07-09 06:42:13.544327

ahab4jdwyyz >> Start >> 2020-07-09 06:43:02.375165

ahab4jdwyyz >> Image Returned >> 2020-07-09 06:43:02.378768

ahab4jdwyyz >> End >> 2020-07-09 06:43:02.507414

xeqta26xb0k >> Start >> 2020-07-09 06:48:45.946243

xeqta26xb0k >> Image Returned >> 2020-07-09 06:48:45.951412

xeqta26xb0k >> End >> 2020-07-09 06:48:46.133750

j8bw3hnahhh >> Start >> 2020-07-09 06:49:10.948645

j8bw3hnahhh >> Image Returned >> 2020-07-09 06:49:10.951616

j8bw3hnahhh >> End >> 2020-07-09 06:49:11.086163

widboirxdcz >> Start >> 2020-07-09 06:52:18.713511

widboirxdcz >> Image Returned >> 2020-07-09 06:52:18.717816

widboirxdcz >> End >> 2020-07-09 06:52:18.868227

fys05emwy7h >> Start >> 2020-07-09 07:11:10.836781

fys05emwy7h >> Image Returned >> 2020-07-09 07:11:10.840058

fys05emwy7h >> End >> 2020-07-09 07:11:10.970474

c66nmdhmoas >> Start >> 2020-07-09 07:24:19.033349

c66nmdhmoas >> Image Returned >> 2020-07-09 07:24:19.036465

c66nmdhmoas >> End >> 2020-07-09 07:24:19.193001

7t7g2ik5p0y >> Start >> 2020-07-09 07:39:55.805681

7t7g2ik5p0y >> Image Returned >> 2020-07-09 07:39:55.808732

7t7g2ik5p0y >> End >> 2020-07-09 07:39:55.977179

7kem5xe6nr3 >> Start >> 2020-07-09 07:44:16.780404

7kem5xe6nr3 >> Image Returned >> 2020-07-09 07:44:16.784162

7kem5xe6nr3 >> End >> 2020-07-09 07:44:16.917671

ymtw58wchnk >> Start >> 2020-07-09 07:59:19.381248

ymtw58wchnk >> Image Returned >> 2020-07-09 07:59:19.385472

ymtw58wchnk >> End >> 2020-07-09 07:59:19.519525

efdb8jvigsr >> Start >> 2020-07-09 07:59:46.991926

efdb8jvigsr >> Image Returned >> 2020-07-09 07:59:46.995645

efdb8jvigsr >> End >> 2020-07-09 07:59:47.132781

3td4p7s3dh7 >> Start >> 2020-07-09 08:02:19.214140

3td4p7s3dh7 >> Image Returned >> 2020-07-09 08:02:19.217633

3td4p7s3dh7 >> End >> 2020-07-09 08:02:19.350970

7xee0rpg650 >> Start >> 2020-07-09 08:14:45.983571

7xee0rpg650 >> Image Returned >> 2020-07-09 08:14:45.988110

7xee0rpg650 >> End >> 2020-07-09 08:14:46.141925

ckhjmcbgjfk >> Start >> 2020-07-09 08:49:56.984318

ckhjmcbgjfk >> Image Returned >> 2020-07-09 08:49:56.988348

ckhjmcbgjfk >> End >> 2020-07-09 08:49:57.125046

2wq445jx2fu >> Start >> 2020-07-09 08:53:32.939271

2wq445jx2fu >> Image Returned >> 2020-07-09 08:53:32.943622

2wq445jx2fu >> End >> 2020-07-09 08:53:33.106806

8eixvrk8wsr >> Start >> 2020-07-09 09:17:03.276906

8eixvrk8wsr >> Image Returned >> 2020-07-09 09:17:03.280272

8eixvrk8wsr >> End >> 2020-07-09 09:17:03.480053

qr8td0yivpe >> Start >> 2020-07-09 09:17:05.636948

qr8td0yivpe >> Image Returned >> 2020-07-09 09:17:05.637244

qr8td0yivpe >> End >> 2020-07-09 09:17:05.774200

mxpv07mcsfu >> Start >> 2020-07-09 09:22:13.227729

mxpv07mcsfu >> Image Returned >> 2020-07-09 09:22:13.231637

mxpv07mcsfu >> End >> 2020-07-09 09:22:13.367736

fk5kdscnydb >> Start >> 2020-07-09 09:39:01.144166

fk5kdscnydb >> Image Returned >> 2020-07-09 09:39:01.147331

fk5kdscnydb >> End >> 2020-07-09 09:39:01.285767

zmzztb5stjo >> Start >> 2020-07-09 09:44:11.610778

zmzztb5stjo >> Image Returned >> 2020-07-09 09:44:11.614584

zmzztb5stjo >> End >> 2020-07-09 09:44:11.751518

a8htaxoaxp2 >> Start >> 2020-07-09 09:45:01.010837

a8htaxoaxp2 >> Image Returned >> 2020-07-09 09:45:01.014739

a8htaxoaxp2 >> End >> 2020-07-09 09:45:01.175344

noww0i3rcbj >> Start >> 2020-07-09 09:45:58.052557

noww0i3rcbj >> Image Returned >> 2020-07-09 09:45:58.056277

noww0i3rcbj >> End >> 2020-07-09 09:45:58.189585

jjov6vuqu07 >> Start >> 2020-07-09 09:48:28.018969

jjov6vuqu07 >> Image Returned >> 2020-07-09 09:48:28.022453

jjov6vuqu07 >> End >> 2020-07-09 09:48:28.162869

0cr0opbbesv >> Start >> 2020-07-09 09:48:46.578296

0cr0opbbesv >> Image Returned >> 2020-07-09 09:48:46.581674

0cr0opbbesv >> End >> 2020-07-09 09:48:46.757953

iq2w7gkfa7t >> Start >> 2020-07-09 09:49:03.079758

iq2w7gkfa7t >> Image Returned >> 2020-07-09 09:49:03.083350

iq2w7gkfa7t >> End >> 2020-07-09 09:49:03.225812

i0a4624q3k6 >> Start >> 2020-07-09 09:55:51.868391

i0a4624q3k6 >> Image Returned >> 2020-07-09 09:55:51.872360

i0a4624q3k6 >> End >> 2020-07-09 09:55:52.005527

hmkyy602zzf >> Start >> 2020-07-09 09:55:57.941083

hmkyy602zzf >> Image Returned >> 2020-07-09 09:55:57.941404

hmkyy602zzf >> End >> 2020-07-09 09:55:58.074604

qvi2earuwra >> Start >> 2020-07-09 10:16:28.437339

qvi2earuwra >> Image Returned >> 2020-07-09 10:16:28.440473

qvi2earuwra >> End >> 2020-07-09 10:16:28.580360

htty0m8d0g2 >> Start >> 2020-07-09 10:17:53.898005

htty0m8d0g2 >> Image Returned >> 2020-07-09 10:17:53.901230

htty0m8d0g2 >> End >> 2020-07-09 10:17:54.033426

s7jcdhk4v5z >> Start >> 2020-07-09 10:19:30.532021

s7jcdhk4v5z >> Image Returned >> 2020-07-09 10:19:30.535173

s7jcdhk4v5z >> End >> 2020-07-09 10:19:30.678379

np6gxqxnrhu >> Start >> 2020-07-09 10:29:35.119136

np6gxqxnrhu >> Image Returned >> 2020-07-09 10:29:35.122370

np6gxqxnrhu >> End >> 2020-07-09 10:29:35.261728

iagghd74c6e >> Start >> 2020-07-09 11:00:07.469856

iagghd74c6e >> Image Returned >> 2020-07-09 11:00:07.473787

iagghd74c6e >> End >> 2020-07-09 11:00:07.620680

gcgxnttxda8 >> Start >> 2020-07-09 11:20:51.234091

gcgxnttxda8 >> Image Returned >> 2020-07-09 11:20:51.238147

gcgxnttxda8 >> End >> 2020-07-09 11:20:51.376943

84ag4vovh7i >> Start >> 2020-07-09 11:22:27.458362

84ag4vovh7i >> Image Returned >> 2020-07-09 11:22:27.461560

84ag4vovh7i >> End >> 2020-07-09 11:22:27.598984

gods54u7jap >> Start >> 2020-07-09 11:35:41.499587

gods54u7jap >> Image Returned >> 2020-07-09 11:35:41.503467

gods54u7jap >> End >> 2020-07-09 11:35:41.692435

hfs40z5shyx >> Start >> 2020-07-09 11:35:48.630105

hfs40z5shyx >> Image Returned >> 2020-07-09 11:35:48.630551

hfs40z5shyx >> End >> 2020-07-09 11:35:48.782581

8wg6ey23zpy >> Start >> 2020-07-09 11:48:32.399362

8wg6ey23zpy >> Image Returned >> 2020-07-09 11:48:32.402621

8wg6ey23zpy >> End >> 2020-07-09 11:48:32.575472

pzxvm2wgq5h >> Start >> 2020-07-09 11:51:58.309228

pzxvm2wgq5h >> Image Returned >> 2020-07-09 11:51:58.312416

pzxvm2wgq5h >> End >> 2020-07-09 11:51:58.450424

tnjb4hrc66p >> Start >> 2020-07-09 12:02:27.491039

tnjb4hrc66p >> Image Returned >> 2020-07-09 12:02:27.494776

tnjb4hrc66p >> End >> 2020-07-09 12:02:27.623863

z8u3oy4cqsj >> Start >> 2020-07-09 12:14:43.909156

z8u3oy4cqsj >> Image Returned >> 2020-07-09 12:14:43.911717

z8u3oy4cqsj >> End >> 2020-07-09 12:14:44.083620

5qafemw7sr3 >> Start >> 2020-07-09 12:44:01.871299

5qafemw7sr3 >> Image Returned >> 2020-07-09 12:44:01.874537

5qafemw7sr3 >> End >> 2020-07-09 12:44:02.018711

t2q3v78h2pu >> Start >> 2020-07-09 12:45:45.168817

t2q3v78h2pu >> Image Returned >> 2020-07-09 12:45:45.171343

t2q3v78h2pu >> End >> 2020-07-09 12:45:45.318753

82e5m844pyd >> Start >> 2020-07-09 12:46:31.786869

82e5m844pyd >> Image Returned >> 2020-07-09 12:46:31.789458

82e5m844pyd >> End >> 2020-07-09 12:46:31.927730

ozwre56d4jo >> Start >> 2020-07-09 12:56:07.697109

ozwre56d4jo >> Image Returned >> 2020-07-09 12:56:07.699974

ozwre56d4jo >> End >> 2020-07-09 12:56:07.838845

35ga4v73h4k >> Start >> 2020-07-09 13:31:47.585046

35ga4v73h4k >> Image Returned >> 2020-07-09 13:31:47.587734

35ga4v73h4k >> End >> 2020-07-09 13:31:47.724647

susb40yxgmo >> Start >> 2020-07-09 13:43:43.697953

susb40yxgmo >> Image Returned >> 2020-07-09 13:43:43.700537

susb40yxgmo >> End >> 2020-07-09 13:43:43.845345

dg3783yn8ks >> Start >> 2020-07-09 13:59:01.211615

dg3783yn8ks >> Image Returned >> 2020-07-09 13:59:01.214323

dg3783yn8ks >> End >> 2020-07-09 13:59:01.359698

gciqm7z30u8 >> Start >> 2020-07-09 13:59:43.731420

gciqm7z30u8 >> Image Returned >> 2020-07-09 13:59:43.733966

gciqm7z30u8 >> End >> 2020-07-09 13:59:43.879933

znig3f3etdg >> Start >> 2020-07-09 14:03:15.582195

znig3f3etdg >> Image Returned >> 2020-07-09 14:03:15.586168

znig3f3etdg >> End >> 2020-07-09 14:03:15.722357

3mfdy3n5qrv >> Start >> 2020-07-09 14:07:56.486732

3mfdy3n5qrv >> Image Returned >> 2020-07-09 14:07:56.489343

3mfdy3n5qrv >> End >> 2020-07-09 14:07:56.660084

quj06vfwr5p >> Start >> 2020-07-09 14:22:11.299361

quj06vfwr5p >> Image Returned >> 2020-07-09 14:22:11.302027

quj06vfwr5p >> End >> 2020-07-09 14:22:11.441009

y87c6o6oxoi >> Start >> 2020-07-09 14:31:17.288569

y87c6o6oxoi >> Image Returned >> 2020-07-09 14:31:17.291207

y87c6o6oxoi >> End >> 2020-07-09 14:31:17.430304

j2cqmqht5bv >> Start >> 2020-07-09 15:03:09.773371

j2cqmqht5bv >> Image Returned >> 2020-07-09 15:03:09.776248

j2cqmqht5bv >> End >> 2020-07-09 15:03:09.918230

ytnxqw6iyc3 >> Start >> 2020-07-09 16:14:17.027945

ytnxqw6iyc3 >> Image Returned >> 2020-07-09 16:14:17.030925

ytnxqw6iyc3 >> End >> 2020-07-09 16:14:17.169862

qn4iwqckkkc >> Start >> 2020-07-09 16:19:10.763736

qn4iwqckkkc >> Image Returned >> 2020-07-09 16:19:10.766683

qn4iwqckkkc >> End >> 2020-07-09 16:19:10.923043

i4grraz72y3 >> Start >> 2020-07-09 16:22:27.712331

i4grraz72y3 >> Image Returned >> 2020-07-09 16:22:27.716336

i4grraz72y3 >> End >> 2020-07-09 16:22:27.864351

ow86mshcpu6 >> Start >> 2020-07-09 16:23:23.801651

ow86mshcpu6 >> Image Returned >> 2020-07-09 16:23:23.804349

ow86mshcpu6 >> End >> 2020-07-09 16:23:23.958595

bceuj8a57j0 >> Start >> 2020-07-09 16:43:09.314405

bceuj8a57j0 >> Image Returned >> 2020-07-09 16:43:09.317347

bceuj8a57j0 >> End >> 2020-07-09 16:43:09.461934

77rbc8cs8ui >> Start >> 2020-07-09 17:19:37.014533

77rbc8cs8ui >> Image Returned >> 2020-07-09 17:19:37.017595

77rbc8cs8ui >> End >> 2020-07-09 17:19:37.155924

256zzumacux >> Start >> 2020-07-09 17:29:25.253731

256zzumacux >> Image Returned >> 2020-07-09 17:29:25.256999

256zzumacux >> End >> 2020-07-09 17:29:25.392484

nvdtoo7ff3k >> Start >> 2020-07-09 17:29:48.116122

nvdtoo7ff3k >> Image Returned >> 2020-07-09 17:29:48.118843

nvdtoo7ff3k >> End >> 2020-07-09 17:29:48.258800

jyqctjsybdb >> Start >> 2020-07-09 17:33:17.208414

jyqctjsybdb >> Image Returned >> 2020-07-09 17:33:17.211234

jyqctjsybdb >> End >> 2020-07-09 17:33:17.356592

bsd4wjrjwak >> Start >> 2020-07-09 17:34:07.801135

bsd4wjrjwak >> Image Returned >> 2020-07-09 17:34:07.804183

bsd4wjrjwak >> End >> 2020-07-09 17:34:07.979316

6s2cd0k2tqt >> Start >> 2020-07-09 17:34:29.727474

6s2cd0k2tqt >> Image Returned >> 2020-07-09 17:34:29.730144

6s2cd0k2tqt >> End >> 2020-07-09 17:34:29.871768

dm3pmy424nu >> Start >> 2020-07-09 17:35:09.719598

dm3pmy424nu >> Image Returned >> 2020-07-09 17:35:09.722578

dm3pmy424nu >> End >> 2020-07-09 17:35:09.863008

2dbsfutu5ga >> Start >> 2020-07-09 17:35:43.673281

2dbsfutu5ga >> Image Returned >> 2020-07-09 17:35:43.676043

2dbsfutu5ga >> End >> 2020-07-09 17:35:43.817504

xfaqjut5jtt >> Start >> 2020-07-09 17:37:25.499826

xfaqjut5jtt >> Image Returned >> 2020-07-09 17:37:25.502574

xfaqjut5jtt >> End >> 2020-07-09 17:37:25.634568

67nj0t2sb4o >> Start >> 2020-07-09 17:52:23.619219

67nj0t2sb4o >> Image Returned >> 2020-07-09 17:52:23.622037

67nj0t2sb4o >> End >> 2020-07-09 17:52:23.754306

yxvz36rdvxe >> Start >> 2020-07-09 17:52:50.274861

yxvz36rdvxe >> Image Returned >> 2020-07-09 17:52:50.277594

yxvz36rdvxe >> End >> 2020-07-09 17:52:50.426243

5yuysvqisih >> Start >> 2020-07-09 17:54:08.968130

5yuysvqisih >> Image Returned >> 2020-07-09 17:54:08.971290

5yuysvqisih >> End >> 2020-07-09 17:54:09.109910

cgw7obb7hrx >> Start >> 2020-07-09 18:17:50.505388

cgw7obb7hrx >> Image Returned >> 2020-07-09 18:17:50.508976

cgw7obb7hrx >> End >> 2020-07-09 18:17:50.656774

8hcf28ab4c0 >> Start >> 2020-07-09 18:21:01.880832

8hcf28ab4c0 >> Image Returned >> 2020-07-09 18:21:01.884244

8hcf28ab4c0 >> End >> 2020-07-09 18:21:02.020736

ftx3d7yjb56 >> Start >> 2020-07-09 18:22:14.397607

ftx3d7yjb56 >> Image Returned >> 2020-07-09 18:22:14.400835

ftx3d7yjb56 >> End >> 2020-07-09 18:22:14.555974

io6swwyg6dg >> Start >> 2020-07-09 18:30:52.364022

io6swwyg6dg >> Image Returned >> 2020-07-09 18:30:52.367774

io6swwyg6dg >> End >> 2020-07-09 18:30:52.513122

8n66qjwjdwa >> Start >> 2020-07-09 18:50:07.968576

8n66qjwjdwa >> Image Returned >> 2020-07-09 18:50:07.972397

8n66qjwjdwa >> End >> 2020-07-09 18:50:08.142829

keud8r5p7vn >> Start >> 2020-07-09 18:57:23.285186

keud8r5p7vn >> Image Returned >> 2020-07-09 18:57:23.289041

keud8r5p7vn >> End >> 2020-07-09 18:57:23.422959

en2p3k6cj0d >> Start >> 2020-07-09 19:03:40.679718

en2p3k6cj0d >> Image Returned >> 2020-07-09 19:03:40.683049

en2p3k6cj0d >> End >> 2020-07-09 19:03:40.821966

yqg7o3eqbrm >> Start >> 2020-07-09 19:11:03.806211

yqg7o3eqbrm >> Image Returned >> 2020-07-09 19:11:03.809446

yqg7o3eqbrm >> End >> 2020-07-09 19:11:03.953217

mcxrfqektao >> Start >> 2020-07-09 19:13:38.544857

mcxrfqektao >> Image Returned >> 2020-07-09 19:13:38.548949

mcxrfqektao >> End >> 2020-07-09 19:13:38.688893

h4nqt42zxve >> Start >> 2020-07-09 19:22:37.474095

h4nqt42zxve >> Image Returned >> 2020-07-09 19:22:37.477375

h4nqt42zxve >> End >> 2020-07-09 19:22:37.621988

vc685jbkbuw >> Start >> 2020-07-09 19:28:05.285260

vc685jbkbuw >> Image Returned >> 2020-07-09 19:28:05.288152

vc685jbkbuw >> End >> 2020-07-09 19:28:05.431307

m0vjyk3sjxi >> Start >> 2020-07-09 19:29:49.238605

m0vjyk3sjxi >> Image Returned >> 2020-07-09 19:29:49.241404

m0vjyk3sjxi >> End >> 2020-07-09 19:29:49.378910

jadzf0sy5q7 >> Start >> 2020-07-09 19:45:26.326349

jadzf0sy5q7 >> Image Returned >> 2020-07-09 19:45:26.329534

jadzf0sy5q7 >> End >> 2020-07-09 19:45:26.474035

f62fvfa8pmk >> Start >> 2020-07-09 19:48:55.451395

f62fvfa8pmk >> Image Returned >> 2020-07-09 19:48:55.455231

f62fvfa8pmk >> End >> 2020-07-09 19:48:55.603087

3cpiybgpbgq >> Start >> 2020-07-09 20:06:32.698683

3cpiybgpbgq >> Image Returned >> 2020-07-09 20:06:32.701766

3cpiybgpbgq >> End >> 2020-07-09 20:06:32.842401

ffk2yy884rx >> Start >> 2020-07-09 20:07:15.580331

ffk2yy884rx >> Image Returned >> 2020-07-09 20:07:15.583540

ffk2yy884rx >> End >> 2020-07-09 20:07:15.719572

hb0xqtz0px3 >> Start >> 2020-07-09 20:24:13.499505

hb0xqtz0px3 >> Image Returned >> 2020-07-09 20:24:13.503583

hb0xqtz0px3 >> End >> 2020-07-09 20:24:13.641920

50765iahgsa >> Start >> 2020-07-09 20:36:08.032460

50765iahgsa >> Image Returned >> 2020-07-09 20:36:08.035902

50765iahgsa >> End >> 2020-07-09 20:36:08.176930

7u4h3h4ohvb >> Start >> 2020-07-09 20:40:30.208796

7u4h3h4ohvb >> Image Returned >> 2020-07-09 20:40:30.212203

7u4h3h4ohvb >> End >> 2020-07-09 20:40:30.356988

day3rqcssyr >> Start >> 2020-07-09 20:50:55.505548

day3rqcssyr >> Image Returned >> 2020-07-09 20:50:55.508418

day3rqcssyr >> End >> 2020-07-09 20:50:55.647555

dobv4phzedi >> Start >> 2020-07-09 20:51:57.077028

dobv4phzedi >> Image Returned >> 2020-07-09 20:51:57.081614

dobv4phzedi >> End >> 2020-07-09 20:51:57.224121

4bctmnxu6qu >> Start >> 2020-07-09 20:56:51.823760

4bctmnxu6qu >> Image Returned >> 2020-07-09 20:56:51.827039

4bctmnxu6qu >> End >> 2020-07-09 20:56:51.972527

fi7qeva4mdz >> Start >> 2020-07-09 20:57:04.937190

fi7qeva4mdz >> Image Returned >> 2020-07-09 20:57:04.940582

fi7qeva4mdz >> End >> 2020-07-09 20:57:05.099152

t6nhv30yc2w >> Start >> 2020-07-09 20:58:31.526304

t6nhv30yc2w >> Image Returned >> 2020-07-09 20:58:31.529933

t6nhv30yc2w >> End >> 2020-07-09 20:58:31.673156

e404cbrpqrf >> Start >> 2020-07-09 21:04:09.478028

e404cbrpqrf >> Image Returned >> 2020-07-09 21:04:09.481822

e404cbrpqrf >> End >> 2020-07-09 21:04:09.615576

pxgm2oa2uxg >> Start >> 2020-07-09 21:10:09.394823

pxgm2oa2uxg >> Image Returned >> 2020-07-09 21:10:09.398010

pxgm2oa2uxg >> End >> 2020-07-09 21:10:09.539941

yp5zbnj6j4b >> Start >> 2020-07-09 21:35:46.000965

yp5zbnj6j4b >> Image Returned >> 2020-07-09 21:35:46.004806

yp5zbnj6j4b >> End >> 2020-07-09 21:35:46.147588

44gq26r8fei >> Start >> 2020-07-09 21:37:32.527637

44gq26r8fei >> Image Returned >> 2020-07-09 21:37:32.531297

44gq26r8fei >> End >> 2020-07-09 21:37:32.667967

3soh2bknhkq >> Start >> 2020-07-09 22:08:19.664216

3soh2bknhkq >> Image Returned >> 2020-07-09 22:08:19.668731

3soh2bknhkq >> End >> 2020-07-09 22:08:19.813178

zco5ts5tw4j >> Start >> 2020-07-09 22:43:26.824198

zco5ts5tw4j >> Image Returned >> 2020-07-09 22:43:26.829771

zco5ts5tw4j >> End >> 2020-07-09 22:43:26.972312

