c33pvbgumns >> Start >> 2020-06-26 00:33:12.157634

c33pvbgumns >> Image Returned >> 2020-06-26 00:33:12.161128

c33pvbgumns >> End >> 2020-06-26 00:33:12.175910

nk0sfaokdbg >> Start >> 2020-06-26 02:27:01.528337

nk0sfaokdbg >> Image Returned >> 2020-06-26 02:27:01.532131

nk0sfaokdbg >> End >> 2020-06-26 02:27:01.546430

y653uwp2ceg >> Start >> 2020-06-26 03:40:34.170850

y653uwp2ceg >> Image Returned >> 2020-06-26 03:40:34.175462

y653uwp2ceg >> End >> 2020-06-26 03:40:34.196499

uhaea8j6xc3 >> Start >> 2020-06-26 04:20:50.775264

uhaea8j6xc3 >> Image Returned >> 2020-06-26 04:20:50.779293

uhaea8j6xc3 >> End >> 2020-06-26 04:20:50.792916

jccgarb53wk >> Start >> 2020-06-26 07:01:47.451425

jccgarb53wk >> Image Returned >> 2020-06-26 07:01:47.454587

jccgarb53wk >> End >> 2020-06-26 07:01:47.466932

txe3m0byva3 >> Start >> 2020-06-26 07:42:19.077900

txe3m0byva3 >> Image Returned >> 2020-06-26 07:42:19.081135

txe3m0byva3 >> End >> 2020-06-26 07:42:19.095140

wwb0wzj4ayd >> Start >> 2020-06-26 07:54:44.864685

wwb0wzj4ayd >> Image Returned >> 2020-06-26 07:54:44.867811

wwb0wzj4ayd >> End >> 2020-06-26 07:54:44.884366

8nm2rzb6rfo >> Start >> 2020-06-26 07:58:53.090774

8nm2rzb6rfo >> Image Returned >> 2020-06-26 07:58:53.093596

8nm2rzb6rfo >> End >> 2020-06-26 07:58:53.114259

8iggu0kmamd >> Start >> 2020-06-26 09:44:10.078830

8iggu0kmamd >> Image Returned >> 2020-06-26 09:44:10.081753

8iggu0kmamd >> End >> 2020-06-26 09:44:10.093044

d448cjizt0i >> Start >> 2020-06-26 09:44:10.112587

d448cjizt0i >> Image Returned >> 2020-06-26 09:44:10.112891

d448cjizt0i >> End >> 2020-06-26 09:44:10.121043

t4fcdah8oa8 >> Start >> 2020-06-26 10:05:48.211612

t4fcdah8oa8 >> Image Returned >> 2020-06-26 10:05:48.215223

t4fcdah8oa8 >> End >> 2020-06-26 10:05:48.227765

ansx5r4yyeh >> Start >> 2020-06-26 10:38:05.213097

ansx5r4yyeh >> Image Returned >> 2020-06-26 10:38:05.215985

ansx5r4yyeh >> End >> 2020-06-26 10:38:05.227905

ntb7keonx4y >> Start >> 2020-06-26 10:49:45.045758

ntb7keonx4y >> Image Returned >> 2020-06-26 10:49:45.049103

ntb7keonx4y >> End >> 2020-06-26 10:49:45.060411

ghz6sjco5h5 >> Start >> 2020-06-26 11:01:56.364674

ghz6sjco5h5 >> Image Returned >> 2020-06-26 11:01:56.367893

ghz6sjco5h5 >> End >> 2020-06-26 11:01:56.381007

kw73hyn5oma >> Start >> 2020-06-26 11:02:07.641079

kw73hyn5oma >> Image Returned >> 2020-06-26 11:02:07.645030

kw73hyn5oma >> End >> 2020-06-26 11:02:07.655160

pdkd8rnegq0 >> Start >> 2020-06-26 11:02:25.211483

pdkd8rnegq0 >> Image Returned >> 2020-06-26 11:02:25.216104

pdkd8rnegq0 >> End >> 2020-06-26 11:02:25.226824

z0d2m8utths >> Start >> 2020-06-26 11:04:46.371340

z0d2m8utths >> Image Returned >> 2020-06-26 11:04:46.375053

z0d2m8utths >> End >> 2020-06-26 11:04:46.389523

025xjbavjj6 >> Start >> 2020-06-26 11:05:06.561968

025xjbavjj6 >> Image Returned >> 2020-06-26 11:05:06.564908

025xjbavjj6 >> End >> 2020-06-26 11:05:06.627294

kkqjhzr5t0e >> Start >> 2020-06-26 11:10:58.602893

kkqjhzr5t0e >> Image Returned >> 2020-06-26 11:10:58.606290

kkqjhzr5t0e >> End >> 2020-06-26 11:10:58.665055

haua4i3evj5 >> Start >> 2020-06-26 11:43:05.731201

haua4i3evj5 >> Image Returned >> 2020-06-26 11:43:05.734107

haua4i3evj5 >> End >> 2020-06-26 11:43:05.747100

h33u54qw4mx >> Start >> 2020-06-26 11:58:19.921339

h33u54qw4mx >> Image Returned >> 2020-06-26 11:58:19.924341

h33u54qw4mx >> End >> 2020-06-26 11:58:19.977118

kn86tba6syh >> Start >> 2020-06-26 12:04:48.112498

kn86tba6syh >> Image Returned >> 2020-06-26 12:04:48.115644

kn86tba6syh >> End >> 2020-06-26 12:04:48.119429

ekpr8gidpz0 >> Start >> 2020-06-26 12:06:21.227896

ekpr8gidpz0 >> Image Returned >> 2020-06-26 12:06:21.231096

ekpr8gidpz0 >> End >> 2020-06-26 12:06:21.234560

jgyegnytdym >> Start >> 2020-06-26 12:26:25.544995

jgyegnytdym >> Image Returned >> 2020-06-26 12:26:25.548402

jgyegnytdym >> End >> 2020-06-26 12:26:25.563736

mnezpqes2hy >> Start >> 2020-06-26 12:53:57.943563

mnezpqes2hy >> Image Returned >> 2020-06-26 12:53:57.946676

mnezpqes2hy >> End >> 2020-06-26 12:53:57.958297

jaycz0s2p8u >> Start >> 2020-06-26 12:59:27.384080

jaycz0s2p8u >> Image Returned >> 2020-06-26 12:59:27.387777

jaycz0s2p8u >> End >> 2020-06-26 12:59:27.400372

fcbfevacft0 >> Start >> 2020-06-26 13:02:52.736306

fcbfevacft0 >> Image Returned >> 2020-06-26 13:02:52.739226

fcbfevacft0 >> End >> 2020-06-26 13:02:52.751705

bhbwmpk8fgv >> Start >> 2020-06-26 13:08:44.742048

bhbwmpk8fgv >> Image Returned >> 2020-06-26 13:08:44.746196

bhbwmpk8fgv >> End >> 2020-06-26 13:08:44.757744

ckivmh30n3f >> Start >> 2020-06-26 13:25:49.123493

ckivmh30n3f >> Image Returned >> 2020-06-26 13:25:49.126853

ckivmh30n3f >> End >> 2020-06-26 13:25:49.140116

sixewf3r3ma >> Start >> 2020-06-26 13:29:58.206566

sixewf3r3ma >> Image Returned >> 2020-06-26 13:29:58.209990

sixewf3r3ma >> End >> 2020-06-26 13:29:58.221555

fnuxmsvujs5 >> Start >> 2020-06-26 13:43:52.878586

fnuxmsvujs5 >> Image Returned >> 2020-06-26 13:43:52.883414

fnuxmsvujs5 >> End >> 2020-06-26 13:43:52.894397

bo6u533nbki >> Start >> 2020-06-26 13:45:29.515717

bo6u533nbki >> Image Returned >> 2020-06-26 13:45:29.519114

bo6u533nbki >> End >> 2020-06-26 13:45:29.531346

cib5xkh7yre >> Start >> 2020-06-26 14:20:25.827336

cib5xkh7yre >> Image Returned >> 2020-06-26 14:20:25.830410

cib5xkh7yre >> End >> 2020-06-26 14:20:25.842768

3ofv2hxd48f >> Start >> 2020-06-26 14:30:27.798638

3ofv2hxd48f >> Image Returned >> 2020-06-26 14:30:27.802037

3ofv2hxd48f >> End >> 2020-06-26 14:30:27.814937

dia8wxum0u0 >> Start >> 2020-06-26 14:38:38.528393

dia8wxum0u0 >> Image Returned >> 2020-06-26 14:38:38.532208

dia8wxum0u0 >> End >> 2020-06-26 14:38:38.543349

uvkm8pqfewb >> Start >> 2020-06-26 14:44:33.693644

uvkm8pqfewb >> Image Returned >> 2020-06-26 14:44:33.697208

uvkm8pqfewb >> End >> 2020-06-26 14:44:33.708555

knz77jbnjgj >> Start >> 2020-06-26 14:45:40.790112

knz77jbnjgj >> Image Returned >> 2020-06-26 14:45:40.790489

knz77jbnjgj >> End >> 2020-06-26 14:45:40.799295

jhzjd3m6hoo >> Start >> 2020-06-26 14:46:28.136832

jhzjd3m6hoo >> Image Returned >> 2020-06-26 14:46:28.140292

jhzjd3m6hoo >> End >> 2020-06-26 14:46:28.152523

7kn4m8p8r3t >> Start >> 2020-06-26 14:49:13.426949

7kn4m8p8r3t >> Image Returned >> 2020-06-26 14:49:13.429831

7kn4m8p8r3t >> End >> 2020-06-26 14:49:13.441936

5ym7573kcyp >> Start >> 2020-06-26 14:49:38.802802

5ym7573kcyp >> Image Returned >> 2020-06-26 14:49:38.805967

5ym7573kcyp >> End >> 2020-06-26 14:49:38.818655

c3ahe7wgx8x >> Start >> 2020-06-26 14:50:24.098845

c3ahe7wgx8x >> Image Returned >> 2020-06-26 14:50:24.103032

c3ahe7wgx8x >> End >> 2020-06-26 14:50:24.114952

r0gtmf0ko5k >> Start >> 2020-06-26 14:51:07.289834

r0gtmf0ko5k >> Image Returned >> 2020-06-26 14:51:07.292640

r0gtmf0ko5k >> End >> 2020-06-26 14:51:07.297648

45suascqfc4 >> Start >> 2020-06-26 14:51:36.654015

45suascqfc4 >> Image Returned >> 2020-06-26 14:51:36.657382

45suascqfc4 >> End >> 2020-06-26 14:51:36.660999

hjaurrqz04d >> Start >> 2020-06-26 15:24:17.921818

hjaurrqz04d >> Image Returned >> 2020-06-26 15:24:17.924765

hjaurrqz04d >> End >> 2020-06-26 15:24:17.936556

m2cnw8xtb2j >> Start >> 2020-06-26 15:29:44.152930

m2cnw8xtb2j >> Image Returned >> 2020-06-26 15:29:44.156969

m2cnw8xtb2j >> End >> 2020-06-26 15:29:44.166699

xdwm7izpxi6 >> Start >> 2020-06-26 15:36:00.035432

xdwm7izpxi6 >> Image Returned >> 2020-06-26 15:36:00.039437

xdwm7izpxi6 >> End >> 2020-06-26 15:36:00.050139

rt42g0fvb2u >> Start >> 2020-06-26 15:51:02.001421

rt42g0fvb2u >> Image Returned >> 2020-06-26 15:51:02.004662

rt42g0fvb2u >> End >> 2020-06-26 15:51:02.061681

nzqnbjgp2f0 >> Start >> 2020-06-26 16:06:42.385534

nzqnbjgp2f0 >> Image Returned >> 2020-06-26 16:06:42.388823

nzqnbjgp2f0 >> End >> 2020-06-26 16:06:42.403429

8q0i6fq7snx >> Start >> 2020-06-26 16:13:41.658991

8q0i6fq7snx >> Image Returned >> 2020-06-26 16:13:41.662384

8q0i6fq7snx >> End >> 2020-06-26 16:13:41.674313

hpinkyf3rru >> Start >> 2020-06-26 16:13:59.489622

hpinkyf3rru >> Image Returned >> 2020-06-26 16:13:59.492464

hpinkyf3rru >> End >> 2020-06-26 16:13:59.509000

oavrzkz0yv2 >> Start >> 2020-06-26 16:38:46.911673

oavrzkz0yv2 >> Image Returned >> 2020-06-26 16:38:46.915158

oavrzkz0yv2 >> End >> 2020-06-26 16:38:46.927649

tq8qop76i2w >> Start >> 2020-06-26 16:39:12.981481

tq8qop76i2w >> Image Returned >> 2020-06-26 16:39:12.984977

tq8qop76i2w >> End >> 2020-06-26 16:39:13.000765

nhc54brsbrh >> Start >> 2020-06-26 16:53:50.696567

nhc54brsbrh >> Image Returned >> 2020-06-26 16:53:50.700743

nhc54brsbrh >> End >> 2020-06-26 16:53:50.714389

35xst4zfwdy >> Start >> 2020-06-26 17:00:18.391434

35xst4zfwdy >> Image Returned >> 2020-06-26 17:00:18.395210

35xst4zfwdy >> End >> 2020-06-26 17:00:18.429280

b80e802dd3e >> Start >> 2020-06-26 17:09:53.935328

b80e802dd3e >> Image Returned >> 2020-06-26 17:09:53.938672

b80e802dd3e >> End >> 2020-06-26 17:09:53.953830

u4f7t0k4t3q >> Start >> 2020-06-26 17:12:06.786026

u4f7t0k4t3q >> Image Returned >> 2020-06-26 17:12:06.789273

u4f7t0k4t3q >> End >> 2020-06-26 17:12:06.803790

bvfqju3b3ja >> Start >> 2020-06-26 17:12:36.607800

bvfqju3b3ja >> Image Returned >> 2020-06-26 17:12:36.611211

bvfqju3b3ja >> End >> 2020-06-26 17:12:36.623794

37sqejdxhm7 >> Start >> 2020-06-26 17:12:51.567128

37sqejdxhm7 >> Image Returned >> 2020-06-26 17:12:51.570090

zdz50za05gk >> Start >> 2020-06-26 17:12:51.569716

zdz50za05gk >> Image Returned >> 2020-06-26 17:12:51.573077

zdz50za05gk >> End >> 2020-06-26 17:12:51.580307

37sqejdxhm7 >> End >> 2020-06-26 17:12:51.586225

yfpv28a68sq >> Start >> 2020-06-26 17:38:00.646694

yfpv28a68sq >> Image Returned >> 2020-06-26 17:38:00.651762

yfpv28a68sq >> End >> 2020-06-26 17:38:00.709256

4tk43r2xc66 >> Start >> 2020-06-26 18:28:55.383634

4tk43r2xc66 >> Image Returned >> 2020-06-26 18:28:55.387018

4tk43r2xc66 >> End >> 2020-06-26 18:28:55.397099

oyks6px857j >> Start >> 2020-06-26 18:32:48.056179

oyks6px857j >> Image Returned >> 2020-06-26 18:32:48.059097

oyks6px857j >> End >> 2020-06-26 18:32:48.082293

sdkskhtym0w >> Start >> 2020-06-26 18:33:12.828512

sdkskhtym0w >> Image Returned >> 2020-06-26 18:33:12.831459

sdkskhtym0w >> End >> 2020-06-26 18:33:12.842724

3edy5cygeha >> Start >> 2020-06-26 18:41:08.466839

3edy5cygeha >> Image Returned >> 2020-06-26 18:41:08.469801

3edy5cygeha >> End >> 2020-06-26 18:41:08.481688

5hphqit5bep >> Start >> 2020-06-26 19:23:53.679137

5hphqit5bep >> Image Returned >> 2020-06-26 19:23:53.682796

5hphqit5bep >> End >> 2020-06-26 19:23:53.695175

2sqft2ude8s >> Start >> 2020-06-26 19:38:30.392646

2sqft2ude8s >> Image Returned >> 2020-06-26 19:38:30.395756

2sqft2ude8s >> End >> 2020-06-26 19:38:30.408052

gj6pbrfq8hw >> Start >> 2020-06-26 19:56:45.431308

gj6pbrfq8hw >> Image Returned >> 2020-06-26 19:56:45.436934

gj6pbrfq8hw >> End >> 2020-06-26 19:56:45.449234

d3btp7u5pnj >> Start >> 2020-06-26 20:21:46.458340

d3btp7u5pnj >> Image Returned >> 2020-06-26 20:21:46.462488

d3btp7u5pnj >> End >> 2020-06-26 20:21:46.474788

8k5kspbczgj >> Start >> 2020-06-26 20:27:18.501511

8k5kspbczgj >> Image Returned >> 2020-06-26 20:27:18.504476

8k5kspbczgj >> End >> 2020-06-26 20:27:18.511318

cjopqqnx62t >> Start >> 2020-06-26 20:36:20.937693

cjopqqnx62t >> Image Returned >> 2020-06-26 20:36:20.941704

cjopqqnx62t >> End >> 2020-06-26 20:36:20.954014

cgzuqhiuezq >> Start >> 2020-06-26 20:38:29.421617

cgzuqhiuezq >> Image Returned >> 2020-06-26 20:38:29.425599

cgzuqhiuezq >> End >> 2020-06-26 20:38:29.437143

iokrrbyxano >> Start >> 2020-06-26 20:41:08.267096

iokrrbyxano >> Image Returned >> 2020-06-26 20:41:08.270571

iokrrbyxano >> End >> 2020-06-26 20:41:08.303000

xm4q38825pm >> Start >> 2020-06-26 20:59:44.329210

xm4q38825pm >> Image Returned >> 2020-06-26 20:59:44.332305

xm4q38825pm >> End >> 2020-06-26 20:59:44.344741

hyz5nkzrz7z >> Start >> 2020-06-26 21:04:18.227443

hyz5nkzrz7z >> Image Returned >> 2020-06-26 21:04:18.230540

hyz5nkzrz7z >> End >> 2020-06-26 21:04:18.246434

3ak3jp542ao >> Start >> 2020-06-26 21:27:59.290764

3ak3jp542ao >> Image Returned >> 2020-06-26 21:27:59.295305

3ak3jp542ao >> End >> 2020-06-26 21:27:59.307626

nhybahocq6k >> Start >> 2020-06-26 21:35:06.265336

nhybahocq6k >> Image Returned >> 2020-06-26 21:35:06.268980

nhybahocq6k >> End >> 2020-06-26 21:35:06.286978

py0guitnisg >> Start >> 2020-06-26 21:41:00.347948

py0guitnisg >> Image Returned >> 2020-06-26 21:41:00.351402

py0guitnisg >> End >> 2020-06-26 21:41:00.362930

mmgk0o35xx8 >> Start >> 2020-06-26 22:03:14.409130

mmgk0o35xx8 >> Image Returned >> 2020-06-26 22:03:14.412688

mmgk0o35xx8 >> End >> 2020-06-26 22:03:14.425616

swbpmr8zo3c >> Start >> 2020-06-26 22:48:05.149605

swbpmr8zo3c >> Image Returned >> 2020-06-26 22:48:05.153390

swbpmr8zo3c >> End >> 2020-06-26 22:48:05.163481

fdcmtmeyqjn >> Start >> 2020-06-26 23:33:43.584805

fdcmtmeyqjn >> Image Returned >> 2020-06-26 23:33:43.588562

fdcmtmeyqjn >> End >> 2020-06-26 23:33:43.599023

