qv8j5p7undk >> Start >> 2020-11-20 00:08:24.770946

qv8j5p7undk >> Image Returned >> 2020-11-20 00:08:24.778029

qv8j5p7undk >> End >> 2020-11-20 00:08:24.981561

qgy6yzvwjur >> Start >> 2020-11-20 00:11:58.035224

qgy6yzvwjur >> Image Returned >> 2020-11-20 00:11:58.039796

qgy6yzvwjur >> End >> 2020-11-20 00:11:58.235726

e07maqfb862 >> Start >> 2020-11-20 00:12:55.887620

e07maqfb862 >> Image Returned >> 2020-11-20 00:12:55.892167

e07maqfb862 >> End >> 2020-11-20 00:12:56.107723

wupp7nh2r0w >> Start >> 2020-11-20 00:16:49.851805

wupp7nh2r0w >> Image Returned >> 2020-11-20 00:16:49.855492

wupp7nh2r0w >> End >> 2020-11-20 00:16:50.056318

e3r0fiusbog >> Start >> 2020-11-20 00:20:22.190253

e3r0fiusbog >> Image Returned >> 2020-11-20 00:20:22.194140

e3r0fiusbog >> End >> 2020-11-20 00:20:22.324800

be6x0cymn2v >> Start >> 2020-11-20 00:21:05.354723

be6x0cymn2v >> Image Returned >> 2020-11-20 00:21:05.357939

be6x0cymn2v >> End >> 2020-11-20 00:21:05.605401

qvp8pcgbjhr >> Start >> 2020-11-20 00:21:33.288180

qvp8pcgbjhr >> Image Returned >> 2020-11-20 00:21:33.292067

qvp8pcgbjhr >> End >> 2020-11-20 00:21:33.490842

ho8vxffvi4e >> Start >> 2020-11-20 00:24:53.334789

ho8vxffvi4e >> Image Returned >> 2020-11-20 00:24:53.338624

ho8vxffvi4e >> End >> 2020-11-20 00:24:53.540790

8j5wsvffgc7 >> Start >> 2020-11-20 00:26:41.632709

8j5wsvffgc7 >> Image Returned >> 2020-11-20 00:26:41.636339

8j5wsvffgc7 >> End >> 2020-11-20 00:26:41.842130

vcffsxywmme >> Start >> 2020-11-20 00:28:33.446144

vcffsxywmme >> Image Returned >> 2020-11-20 00:28:33.449567

vcffsxywmme >> End >> 2020-11-20 00:28:33.647964

doxd3dvvedh >> Start >> 2020-11-20 00:29:09.746176

doxd3dvvedh >> Image Returned >> 2020-11-20 00:29:09.749620

doxd3dvvedh >> End >> 2020-11-20 00:29:09.956444

t7tuxnqshrp >> Start >> 2020-11-20 00:30:08.762003

t7tuxnqshrp >> Image Returned >> 2020-11-20 00:30:08.765620

t7tuxnqshrp >> End >> 2020-11-20 00:30:08.963305

7ghvnopjtju >> Start >> 2020-11-20 00:31:48.681305

7ghvnopjtju >> Image Returned >> 2020-11-20 00:31:48.684957

7ghvnopjtju >> End >> 2020-11-20 00:31:48.914024

f85757vtgaj >> Start >> 2020-11-20 00:34:57.836260

f85757vtgaj >> Image Returned >> 2020-11-20 00:34:57.839498

f85757vtgaj >> End >> 2020-11-20 00:34:58.075570

o02wrg2i70o >> Start >> 2020-11-20 00:45:24.842149

o02wrg2i70o >> Image Returned >> 2020-11-20 00:45:24.848208

o02wrg2i70o >> End >> 2020-11-20 00:45:25.072724

5m2r6vcy3m7 >> Start >> 2020-11-20 00:49:16.880112

5m2r6vcy3m7 >> Image Returned >> 2020-11-20 00:49:16.884407

5m2r6vcy3m7 >> End >> 2020-11-20 00:49:17.072679

2mi4aui80tv >> Start >> 2020-11-20 00:50:32.526839

2mi4aui80tv >> Image Returned >> 2020-11-20 00:50:32.530484

2mi4aui80tv >> End >> 2020-11-20 00:50:32.726618

yg4nj7csndk >> Start >> 2020-11-20 00:50:37.418919

yg4nj7csndk >> Image Returned >> 2020-11-20 00:50:37.419209

yg4nj7csndk >> End >> 2020-11-20 00:50:37.621889

zv3ddf0uk25 >> Start >> 2020-11-20 00:55:41.322843

zv3ddf0uk25 >> Image Returned >> 2020-11-20 00:55:41.327581

zv3ddf0uk25 >> End >> 2020-11-20 00:55:41.548332

c8yihfev5z8 >> Start >> 2020-11-20 00:55:41.883111

c8yihfev5z8 >> Image Returned >> 2020-11-20 00:55:41.883395

c8yihfev5z8 >> End >> 2020-11-20 00:55:42.104116

5etit4buxwo >> Start >> 2020-11-20 00:55:42.458969

5etit4buxwo >> Image Returned >> 2020-11-20 00:55:42.459254

5etit4buxwo >> End >> 2020-11-20 00:55:42.677588

cwdfnco0had >> Start >> 2020-11-20 00:55:43.014899

cwdfnco0had >> Image Returned >> 2020-11-20 00:55:43.015188

cwdfnco0had >> End >> 2020-11-20 00:55:43.234940

hd5j4urejds >> Start >> 2020-11-20 00:55:57.145811

hd5j4urejds >> Image Returned >> 2020-11-20 00:55:57.149382

hd5j4urejds >> End >> 2020-11-20 00:55:57.362236

ogp37u5wqho >> Start >> 2020-11-20 00:57:48.792686

ogp37u5wqho >> Image Returned >> 2020-11-20 00:57:48.798562

ogp37u5wqho >> End >> 2020-11-20 00:57:49.018117

aroc8gtdcbw >> Start >> 2020-11-20 00:58:41.258527

aroc8gtdcbw >> Image Returned >> 2020-11-20 00:58:41.262240

aroc8gtdcbw >> End >> 2020-11-20 00:58:41.482466

iz3gnjxj7wj >> Start >> 2020-11-20 01:02:24.889667

iz3gnjxj7wj >> Image Returned >> 2020-11-20 01:02:24.892925

iz3gnjxj7wj >> End >> 2020-11-20 01:02:25.101533

dsb877zfzgf >> Start >> 2020-11-20 01:08:17.488737

dsb877zfzgf >> Image Returned >> 2020-11-20 01:08:17.493650

dsb877zfzgf >> End >> 2020-11-20 01:08:17.714385

drpnkts7mr4 >> Start >> 2020-11-20 01:09:08.426934

drpnkts7mr4 >> Image Returned >> 2020-11-20 01:09:08.431638

drpnkts7mr4 >> End >> 2020-11-20 01:09:08.656505

m8v3kon64yk >> Start >> 2020-11-20 01:09:46.901794

m8v3kon64yk >> Image Returned >> 2020-11-20 01:09:46.905137

m8v3kon64yk >> End >> 2020-11-20 01:09:47.125144

6smw6buuae5 >> Start >> 2020-11-20 01:13:51.036132

6smw6buuae5 >> Image Returned >> 2020-11-20 01:13:51.039741

6smw6buuae5 >> End >> 2020-11-20 01:13:51.268831

apht7u27oxa >> Start >> 2020-11-20 01:16:44.796432

apht7u27oxa >> Image Returned >> 2020-11-20 01:16:44.800179

apht7u27oxa >> End >> 2020-11-20 01:16:45.036448

otse6rj8eop >> Start >> 2020-11-20 01:21:43.920865

otse6rj8eop >> Image Returned >> 2020-11-20 01:21:43.925491

otse6rj8eop >> End >> 2020-11-20 01:21:44.126329

ymxjim5acqw >> Start >> 2020-11-20 01:22:07.998056

ymxjim5acqw >> Image Returned >> 2020-11-20 01:22:08.001645

ymxjim5acqw >> End >> 2020-11-20 01:22:08.200309

adiujms47rv >> Start >> 2020-11-20 01:26:00.300662

adiujms47rv >> Image Returned >> 2020-11-20 01:26:00.305108

adiujms47rv >> End >> 2020-11-20 01:26:00.516758

rg8ifkt7fax >> Start >> 2020-11-20 01:50:36.883507

rg8ifkt7fax >> Image Returned >> 2020-11-20 01:50:36.888051

rg8ifkt7fax >> End >> 2020-11-20 01:50:37.083070

jdpiyk2rh57 >> Start >> 2020-11-20 02:34:57.319967

jdpiyk2rh57 >> Image Returned >> 2020-11-20 02:34:57.324052

jdpiyk2rh57 >> End >> 2020-11-20 02:34:57.533741

37gwhag5pau >> Start >> 2020-11-20 02:46:57.942051

37gwhag5pau >> Image Returned >> 2020-11-20 02:46:57.947350

37gwhag5pau >> End >> 2020-11-20 02:46:58.187973

ihdix7wwamp >> Start >> 2020-11-20 02:57:40.846726

ihdix7wwamp >> Image Returned >> 2020-11-20 02:57:40.850681

ihdix7wwamp >> End >> 2020-11-20 02:57:41.059042

aegfknhxqnm >> Start >> 2020-11-20 02:58:25.762815

aegfknhxqnm >> Image Returned >> 2020-11-20 02:58:25.766979

aegfknhxqnm >> End >> 2020-11-20 02:58:26.024146

54r4hq77saj >> Start >> 2020-11-20 03:03:44.958107

54r4hq77saj >> Image Returned >> 2020-11-20 03:03:44.962549

54r4hq77saj >> End >> 2020-11-20 03:03:45.178750

mpchnuxvy3d >> Start >> 2020-11-20 03:03:49.927758

mpchnuxvy3d >> Image Returned >> 2020-11-20 03:03:49.928065

mpchnuxvy3d >> End >> 2020-11-20 03:03:50.124190

8fsp0xmfu5y >> Start >> 2020-11-20 03:15:13.216149

8fsp0xmfu5y >> Image Returned >> 2020-11-20 03:15:13.220233

8fsp0xmfu5y >> End >> 2020-11-20 03:15:13.428133

i4fyzfrgn3f >> Start >> 2020-11-20 03:19:40.886677

i4fyzfrgn3f >> Image Returned >> 2020-11-20 03:19:40.890110

i4fyzfrgn3f >> End >> 2020-11-20 03:19:41.119294

jngtmigg0z4 >> Start >> 2020-11-20 03:52:46.507198

jngtmigg0z4 >> Image Returned >> 2020-11-20 03:52:46.510164

jngtmigg0z4 >> End >> 2020-11-20 03:52:46.711220

ffd5a27fetx >> Start >> 2020-11-20 03:58:32.790494

ffd5a27fetx >> Image Returned >> 2020-11-20 03:58:32.793359

ffd5a27fetx >> End >> 2020-11-20 03:58:32.989748

4tgegzamctt >> Start >> 2020-11-20 03:58:53.623507

4tgegzamctt >> Image Returned >> 2020-11-20 03:58:53.626427

4tgegzamctt >> End >> 2020-11-20 03:58:53.816431

qvwo6jofuzp >> Start >> 2020-11-20 04:11:49.045748

qvwo6jofuzp >> Image Returned >> 2020-11-20 04:11:49.048661

qvwo6jofuzp >> End >> 2020-11-20 04:11:49.243475

ahutwz5zkfs >> Start >> 2020-11-20 04:31:48.326627

ahutwz5zkfs >> Image Returned >> 2020-11-20 04:31:48.329586

ahutwz5zkfs >> End >> 2020-11-20 04:31:48.523957

k6hyk33ey2k >> Start >> 2020-11-20 04:36:16.438143

k6hyk33ey2k >> Image Returned >> 2020-11-20 04:36:16.441154

k6hyk33ey2k >> End >> 2020-11-20 04:36:16.639269

gua7s46nqv5 >> Start >> 2020-11-20 04:39:41.960498

gua7s46nqv5 >> Image Returned >> 2020-11-20 04:39:41.963368

gua7s46nqv5 >> End >> 2020-11-20 04:39:42.158313

6n2zjry5ow8 >> Start >> 2020-11-20 04:40:49.281855

6n2zjry5ow8 >> Image Returned >> 2020-11-20 04:40:49.284614

6n2zjry5ow8 >> End >> 2020-11-20 04:40:49.493213

gk63ha5hweo >> Start >> 2020-11-20 04:42:38.811238

gk63ha5hweo >> Image Returned >> 2020-11-20 04:42:38.814265

gk63ha5hweo >> End >> 2020-11-20 04:42:39.027267

fy2qdzbwa5v >> Start >> 2020-11-20 05:38:54.642584

fy2qdzbwa5v >> Image Returned >> 2020-11-20 05:38:54.645462

fy2qdzbwa5v >> End >> 2020-11-20 05:38:54.889666

52sc0zr66g5 >> Start >> 2020-11-20 05:42:24.554819

52sc0zr66g5 >> Image Returned >> 2020-11-20 05:42:24.557715

52sc0zr66g5 >> End >> 2020-11-20 05:42:24.769021

vq2bke47dop >> Start >> 2020-11-20 05:51:30.145158

vq2bke47dop >> Image Returned >> 2020-11-20 05:51:30.148590

vq2bke47dop >> End >> 2020-11-20 05:51:30.683963

hgi83jh7js6 >> Start >> 2020-11-20 06:01:17.598422

hgi83jh7js6 >> Image Returned >> 2020-11-20 06:01:17.601464

hgi83jh7js6 >> End >> 2020-11-20 06:01:17.859940

repxzzgsmcm >> Start >> 2020-11-20 06:19:49.488666

repxzzgsmcm >> Image Returned >> 2020-11-20 06:19:49.491714

repxzzgsmcm >> End >> 2020-11-20 06:19:49.724349

c6cx5sbbpgr >> Start >> 2020-11-20 06:26:11.148732

c6cx5sbbpgr >> Image Returned >> 2020-11-20 06:26:11.152139

c6cx5sbbpgr >> End >> 2020-11-20 06:26:11.364190

qi6fagugw06 >> Start >> 2020-11-20 06:27:24.637298

qi6fagugw06 >> Image Returned >> 2020-11-20 06:27:24.640453

qi6fagugw06 >> End >> 2020-11-20 06:27:24.837658

hho8nmikdxz >> Start >> 2020-11-20 06:31:32.296647

hho8nmikdxz >> Image Returned >> 2020-11-20 06:31:32.299588

hho8nmikdxz >> End >> 2020-11-20 06:31:32.510997

zdn6hxd4b0j >> Start >> 2020-11-20 06:38:06.945285

zdn6hxd4b0j >> Image Returned >> 2020-11-20 06:38:06.948524

zdn6hxd4b0j >> End >> 2020-11-20 06:38:07.161179

upqxumi0i8s >> Start >> 2020-11-20 06:49:13.473519

upqxumi0i8s >> Image Returned >> 2020-11-20 06:49:13.476414

upqxumi0i8s >> End >> 2020-11-20 06:49:13.679223

w2ucjg23mcc >> Start >> 2020-11-20 06:53:05.283576

w2ucjg23mcc >> Image Returned >> 2020-11-20 06:53:05.287843

w2ucjg23mcc >> End >> 2020-11-20 06:53:05.491590

tg5prtcqeqz >> Start >> 2020-11-20 06:53:29.054244

tg5prtcqeqz >> Image Returned >> 2020-11-20 06:53:29.057379

tg5prtcqeqz >> End >> 2020-11-20 06:53:29.282566

jccqthfcj7f >> Start >> 2020-11-20 06:56:37.798167

jccqthfcj7f >> Image Returned >> 2020-11-20 06:56:37.801835

jccqthfcj7f >> End >> 2020-11-20 06:56:38.009299

xiciyuoi46r >> Start >> 2020-11-20 06:56:50.580444

xiciyuoi46r >> Image Returned >> 2020-11-20 06:56:50.584845

xiciyuoi46r >> End >> 2020-11-20 06:56:50.802926

a4yc2czz2eu >> Start >> 2020-11-20 06:56:50.867141

a4yc2czz2eu >> Image Returned >> 2020-11-20 06:56:50.867553

a4yc2czz2eu >> End >> 2020-11-20 06:56:51.101505

ykcsm3gf2sq >> Start >> 2020-11-20 06:58:23.342322

ykcsm3gf2sq >> Image Returned >> 2020-11-20 06:58:23.345652

ykcsm3gf2sq >> End >> 2020-11-20 06:58:23.638891

dsduy3acw80 >> Start >> 2020-11-20 06:59:10.184422

dsduy3acw80 >> Image Returned >> 2020-11-20 06:59:10.187402

dsduy3acw80 >> End >> 2020-11-20 06:59:10.423224

42jti8vzy4b >> Start >> 2020-11-20 07:00:30.827471

42jti8vzy4b >> Image Returned >> 2020-11-20 07:00:30.830511

42jti8vzy4b >> End >> 2020-11-20 07:00:31.067055

b0chfkhjz4h >> Start >> 2020-11-20 07:08:04.789407

b0chfkhjz4h >> Image Returned >> 2020-11-20 07:08:04.792599

b0chfkhjz4h >> End >> 2020-11-20 07:08:04.925383

3inoua2w5ev >> Start >> 2020-11-20 07:08:37.829277

3inoua2w5ev >> Image Returned >> 2020-11-20 07:08:37.832201

3inoua2w5ev >> End >> 2020-11-20 07:08:38.053066

xfqqq0bs5io >> Start >> 2020-11-20 07:10:20.184086

xfqqq0bs5io >> Image Returned >> 2020-11-20 07:10:20.187288

xfqqq0bs5io >> End >> 2020-11-20 07:10:20.392307

kaqo8dgmfdm >> Start >> 2020-11-20 07:19:42.403815

kaqo8dgmfdm >> Image Returned >> 2020-11-20 07:19:42.407080

kaqo8dgmfdm >> End >> 2020-11-20 07:19:42.602523

oaci8bypp5u >> Start >> 2020-11-20 07:25:55.521166

oaci8bypp5u >> Image Returned >> 2020-11-20 07:25:55.524616

oaci8bypp5u >> End >> 2020-11-20 07:25:55.713371

ek0qn2tjfnh >> Start >> 2020-11-20 07:31:47.651521

ek0qn2tjfnh >> Image Returned >> 2020-11-20 07:31:47.654581

ek0qn2tjfnh >> End >> 2020-11-20 07:31:47.871223

a5yr8pbrkb5 >> Start >> 2020-11-20 07:35:29.860207

a5yr8pbrkb5 >> Image Returned >> 2020-11-20 07:35:29.863301

a5yr8pbrkb5 >> End >> 2020-11-20 07:35:30.097666

nu7kux203uz >> Start >> 2020-11-20 07:38:00.564651

nu7kux203uz >> Image Returned >> 2020-11-20 07:38:00.568792

nu7kux203uz >> End >> 2020-11-20 07:38:00.762269

j2bp3ox3npi >> Start >> 2020-11-20 07:38:43.827789

j2bp3ox3npi >> Image Returned >> 2020-11-20 07:38:43.831340

j2bp3ox3npi >> End >> 2020-11-20 07:38:44.023745

goz5ynpr2gv >> Start >> 2020-11-20 07:39:01.185914

goz5ynpr2gv >> Image Returned >> 2020-11-20 07:39:01.189265

goz5ynpr2gv >> End >> 2020-11-20 07:39:01.379796

go5quwtpjw4 >> Start >> 2020-11-20 07:51:52.261693

go5quwtpjw4 >> Image Returned >> 2020-11-20 07:51:52.265145

go5quwtpjw4 >> End >> 2020-11-20 07:51:52.452291

nxdqs0v0qye >> Start >> 2020-11-20 07:56:28.500255

nxdqs0v0qye >> Image Returned >> 2020-11-20 07:56:28.503504

nxdqs0v0qye >> End >> 2020-11-20 07:56:28.693928

3rf0mxzw7wd >> Start >> 2020-11-20 07:56:38.468900

3rf0mxzw7wd >> Image Returned >> 2020-11-20 07:56:38.469185

3rf0mxzw7wd >> End >> 2020-11-20 07:56:38.661842

isq4v733a8f >> Start >> 2020-11-20 07:57:15.847857

isq4v733a8f >> Image Returned >> 2020-11-20 07:57:15.850843

isq4v733a8f >> End >> 2020-11-20 07:57:16.047187

d3iha4o4mw8 >> Start >> 2020-11-20 07:57:41.043055

d3iha4o4mw8 >> Image Returned >> 2020-11-20 07:57:41.046430

d3iha4o4mw8 >> End >> 2020-11-20 07:57:41.250617

5e024mnpt5r >> Start >> 2020-11-20 07:59:09.088418

5e024mnpt5r >> Image Returned >> 2020-11-20 07:59:09.091332

5e024mnpt5r >> End >> 2020-11-20 07:59:09.283647

iqv7q0s2wz5 >> Start >> 2020-11-20 07:59:51.577179

iqv7q0s2wz5 >> Image Returned >> 2020-11-20 07:59:51.580806

iqv7q0s2wz5 >> End >> 2020-11-20 07:59:51.769824

pqxn0ih7mxt >> Start >> 2020-11-20 08:03:25.457146

pqxn0ih7mxt >> Image Returned >> 2020-11-20 08:03:25.460547

pqxn0ih7mxt >> End >> 2020-11-20 08:03:25.652010

nz5jx5q2nps >> Start >> 2020-11-20 08:08:46.574395

nz5jx5q2nps >> Image Returned >> 2020-11-20 08:08:46.578078

nz5jx5q2nps >> End >> 2020-11-20 08:08:46.828011

pinuy3ofm8p >> Start >> 2020-11-20 08:15:40.581033

pinuy3ofm8p >> Image Returned >> 2020-11-20 08:15:40.584383

pinuy3ofm8p >> End >> 2020-11-20 08:15:40.798851

ag6k7s7kqsk >> Start >> 2020-11-20 08:28:48.051393

ag6k7s7kqsk >> Image Returned >> 2020-11-20 08:28:48.054723

ag6k7s7kqsk >> End >> 2020-11-20 08:28:48.247781

6wxhzgaz8wu >> Start >> 2020-11-20 08:30:43.813591

6wxhzgaz8wu >> Image Returned >> 2020-11-20 08:30:43.816643

6wxhzgaz8wu >> End >> 2020-11-20 08:30:43.943356

au4wh4ozvin >> Start >> 2020-11-20 08:30:54.835144

au4wh4ozvin >> Image Returned >> 2020-11-20 08:30:54.838082

au4wh4ozvin >> End >> 2020-11-20 08:30:55.035145

8godadyrspf >> Start >> 2020-11-20 08:35:09.414448

8godadyrspf >> Image Returned >> 2020-11-20 08:35:09.418190

8godadyrspf >> End >> 2020-11-20 08:35:09.544576

tzk4k8sawxp >> Start >> 2020-11-20 08:37:11.488172

tzk4k8sawxp >> Image Returned >> 2020-11-20 08:37:11.491441

tzk4k8sawxp >> End >> 2020-11-20 08:37:11.724127

r6bx6j5ko38 >> Start >> 2020-11-20 08:38:44.390160

r6bx6j5ko38 >> Image Returned >> 2020-11-20 08:38:44.393135

r6bx6j5ko38 >> End >> 2020-11-20 08:38:44.593108

54kzmisz2ku >> Start >> 2020-11-20 08:48:20.950669

54kzmisz2ku >> Image Returned >> 2020-11-20 08:48:20.954163

54kzmisz2ku >> End >> 2020-11-20 08:48:21.173629

ccyx4j65i3m >> Start >> 2020-11-20 08:54:27.461920

ccyx4j65i3m >> Image Returned >> 2020-11-20 08:54:27.466023

ccyx4j65i3m >> End >> 2020-11-20 08:54:27.653942

zxcayqucyoi >> Start >> 2020-11-20 09:00:49.516088

zxcayqucyoi >> Image Returned >> 2020-11-20 09:00:49.520803

zxcayqucyoi >> End >> 2020-11-20 09:00:49.727478

xsd5nboc0o8 >> Start >> 2020-11-20 09:01:23.410540

xsd5nboc0o8 >> Image Returned >> 2020-11-20 09:01:23.414589

xsd5nboc0o8 >> End >> 2020-11-20 09:01:23.605132

6g63yh5icmy >> Start >> 2020-11-20 09:04:37.890456

6g63yh5icmy >> Image Returned >> 2020-11-20 09:04:37.893667

6g63yh5icmy >> End >> 2020-11-20 09:04:38.082427

vqy572zhpfe >> Start >> 2020-11-20 09:06:07.200350

vqy572zhpfe >> Image Returned >> 2020-11-20 09:06:07.203449

vqy572zhpfe >> End >> 2020-11-20 09:06:07.396435

3wo4zp03k8z >> Start >> 2020-11-20 09:06:22.363482

3wo4zp03k8z >> Image Returned >> 2020-11-20 09:06:22.366919

3wo4zp03k8z >> End >> 2020-11-20 09:06:22.569731

mitctubpxg4 >> Start >> 2020-11-20 09:07:10.621897

mitctubpxg4 >> Image Returned >> 2020-11-20 09:07:10.624993

mitctubpxg4 >> End >> 2020-11-20 09:07:10.814122

gxrv02jwrbd >> Start >> 2020-11-20 09:08:08.487385

gxrv02jwrbd >> Image Returned >> 2020-11-20 09:08:08.490536

gxrv02jwrbd >> End >> 2020-11-20 09:08:08.695318

fztynvrp236 >> Start >> 2020-11-20 09:08:28.335207

fztynvrp236 >> Image Returned >> 2020-11-20 09:08:28.338692

fztynvrp236 >> End >> 2020-11-20 09:08:28.535367

z8rq6oha6q0 >> Start >> 2020-11-20 09:11:04.995135

z8rq6oha6q0 >> Image Returned >> 2020-11-20 09:11:04.998430

z8rq6oha6q0 >> End >> 2020-11-20 09:11:05.195085

trugtnrsjoc >> Start >> 2020-11-20 09:20:00.087426

trugtnrsjoc >> Image Returned >> 2020-11-20 09:20:00.090636

trugtnrsjoc >> End >> 2020-11-20 09:20:00.284794

nedt0m2jart >> Start >> 2020-11-20 09:20:03.123966

nedt0m2jart >> Image Returned >> 2020-11-20 09:20:03.124260

nedt0m2jart >> End >> 2020-11-20 09:20:03.318044

eg584h50ju7 >> Start >> 2020-11-20 09:26:19.721338

eg584h50ju7 >> Image Returned >> 2020-11-20 09:26:19.724472

eg584h50ju7 >> End >> 2020-11-20 09:26:19.960135

3npg367oe24 >> Start >> 2020-11-20 09:28:02.562525

3npg367oe24 >> Image Returned >> 2020-11-20 09:28:02.565645

3npg367oe24 >> End >> 2020-11-20 09:28:02.755310

y2iw8f0krwz >> Start >> 2020-11-20 09:29:27.097167

y2iw8f0krwz >> Image Returned >> 2020-11-20 09:29:27.100944

y2iw8f0krwz >> End >> 2020-11-20 09:29:27.295990

v207g066xtn >> Start >> 2020-11-20 09:29:35.209343

v207g066xtn >> Image Returned >> 2020-11-20 09:29:35.209641

v207g066xtn >> End >> 2020-11-20 09:29:35.401458

p5u8s0xdpmu >> Start >> 2020-11-20 09:32:11.590909

p5u8s0xdpmu >> Image Returned >> 2020-11-20 09:32:11.594274

p5u8s0xdpmu >> End >> 2020-11-20 09:32:11.794817

6d8irpgod3h >> Start >> 2020-11-20 09:32:26.352689

6d8irpgod3h >> Image Returned >> 2020-11-20 09:32:26.355993

6d8irpgod3h >> End >> 2020-11-20 09:32:26.556087

46bffa0n53u >> Start >> 2020-11-20 09:33:22.832214

46bffa0n53u >> Image Returned >> 2020-11-20 09:33:22.835447

46bffa0n53u >> End >> 2020-11-20 09:33:23.025115

vtndvh7ntgz >> Start >> 2020-11-20 09:34:08.196073

vtndvh7ntgz >> Image Returned >> 2020-11-20 09:34:08.199398

vtndvh7ntgz >> End >> 2020-11-20 09:34:08.387317

t6bjqwuie85 >> Start >> 2020-11-20 09:38:41.895819

t6bjqwuie85 >> Image Returned >> 2020-11-20 09:38:41.899818

t6bjqwuie85 >> End >> 2020-11-20 09:38:42.099942

2ogw8aid2py >> Start >> 2020-11-20 09:49:52.305898

2ogw8aid2py >> Image Returned >> 2020-11-20 09:49:52.309150

2ogw8aid2py >> End >> 2020-11-20 09:49:52.503175

qb7krms5nu3 >> Start >> 2020-11-20 09:52:34.546143

qb7krms5nu3 >> Image Returned >> 2020-11-20 09:52:34.549303

qb7krms5nu3 >> End >> 2020-11-20 09:52:34.779325

tc0vk6s6o8k >> Start >> 2020-11-20 09:54:11.928261

tc0vk6s6o8k >> Image Returned >> 2020-11-20 09:54:11.931792

tc0vk6s6o8k >> End >> 2020-11-20 09:54:12.133977

t32brjbkah3 >> Start >> 2020-11-20 09:54:20.937670

t32brjbkah3 >> Image Returned >> 2020-11-20 09:54:20.937982

t32brjbkah3 >> End >> 2020-11-20 09:54:21.135587

7mw3ebcgr0d >> Start >> 2020-11-20 09:55:25.591784

7mw3ebcgr0d >> Image Returned >> 2020-11-20 09:55:25.595381

7mw3ebcgr0d >> End >> 2020-11-20 09:55:25.789947

n0wnpomd2ry >> Start >> 2020-11-20 09:58:37.674427

n0wnpomd2ry >> Image Returned >> 2020-11-20 09:58:37.679444

n0wnpomd2ry >> End >> 2020-11-20 09:58:37.880397

taipmt8jhmo >> Start >> 2020-11-20 09:59:06.744271

taipmt8jhmo >> Image Returned >> 2020-11-20 09:59:06.747484

taipmt8jhmo >> End >> 2020-11-20 09:59:06.877044

t263jvta28u >> Start >> 2020-11-20 10:01:32.018047

t263jvta28u >> Image Returned >> 2020-11-20 10:01:32.021831

t263jvta28u >> End >> 2020-11-20 10:01:32.233706

5awmgqia3hf >> Start >> 2020-11-20 10:04:07.253300

5awmgqia3hf >> Image Returned >> 2020-11-20 10:04:07.256450

5awmgqia3hf >> End >> 2020-11-20 10:04:07.471751

vge834bw530 >> Start >> 2020-11-20 10:06:21.201505

vge834bw530 >> Image Returned >> 2020-11-20 10:06:21.204798

vge834bw530 >> End >> 2020-11-20 10:06:21.405683

7qebb6ygsqh >> Start >> 2020-11-20 10:06:38.562294

7qebb6ygsqh >> Image Returned >> 2020-11-20 10:06:38.566982

7qebb6ygsqh >> End >> 2020-11-20 10:06:38.778783

6sowupbh3jp >> Start >> 2020-11-20 10:06:48.811600

6sowupbh3jp >> Image Returned >> 2020-11-20 10:06:48.811899

6sowupbh3jp >> End >> 2020-11-20 10:06:49.010431

8m5vr4ia45x >> Start >> 2020-11-20 10:08:36.763623

8m5vr4ia45x >> Image Returned >> 2020-11-20 10:08:36.767208

8m5vr4ia45x >> End >> 2020-11-20 10:08:36.956387

2bjgma80th5 >> Start >> 2020-11-20 10:14:11.260744

2bjgma80th5 >> Image Returned >> 2020-11-20 10:14:11.264377

2bjgma80th5 >> End >> 2020-11-20 10:14:11.479336

geswbmopqwv >> Start >> 2020-11-20 10:21:32.954336

geswbmopqwv >> Image Returned >> 2020-11-20 10:21:32.958663

geswbmopqwv >> End >> 2020-11-20 10:21:33.155411

pr32zugyw48 >> Start >> 2020-11-20 10:25:53.398581

pr32zugyw48 >> Image Returned >> 2020-11-20 10:25:53.402134

pr32zugyw48 >> End >> 2020-11-20 10:25:53.592077

q5ida5vjyw4 >> Start >> 2020-11-20 10:27:35.176429

q5ida5vjyw4 >> Image Returned >> 2020-11-20 10:27:35.180228

q5ida5vjyw4 >> End >> 2020-11-20 10:27:35.394236

5zmmciaxdae >> Start >> 2020-11-20 10:29:50.077295

5zmmciaxdae >> Image Returned >> 2020-11-20 10:29:50.080529

5zmmciaxdae >> End >> 2020-11-20 10:29:50.277930

uh6m67vv2up >> Start >> 2020-11-20 10:32:36.153664

uh6m67vv2up >> Image Returned >> 2020-11-20 10:32:36.157119

uh6m67vv2up >> End >> 2020-11-20 10:32:36.365051

53sc8craspa >> Start >> 2020-11-20 10:33:10.780313

53sc8craspa >> Image Returned >> 2020-11-20 10:33:10.783514

53sc8craspa >> End >> 2020-11-20 10:33:10.978091

bz0mttyhq0h >> Start >> 2020-11-20 10:33:13.188890

bz0mttyhq0h >> Image Returned >> 2020-11-20 10:33:13.189172

bz0mttyhq0h >> End >> 2020-11-20 10:33:13.373143

3r58ive5ocn >> Start >> 2020-11-20 10:35:24.713845

3r58ive5ocn >> Image Returned >> 2020-11-20 10:35:24.717288

3r58ive5ocn >> End >> 2020-11-20 10:35:24.909930

jiw48jieab4 >> Start >> 2020-11-20 10:36:03.347193

jiw48jieab4 >> Image Returned >> 2020-11-20 10:36:03.350708

jiw48jieab4 >> End >> 2020-11-20 10:36:03.552921

ueeeysqscii >> Start >> 2020-11-20 10:37:52.668822

ueeeysqscii >> Image Returned >> 2020-11-20 10:37:52.673029

ueeeysqscii >> End >> 2020-11-20 10:37:52.875842

q5i0s2ycnn7 >> Start >> 2020-11-20 10:38:06.341567

q5i0s2ycnn7 >> Image Returned >> 2020-11-20 10:38:06.344971

q5i0s2ycnn7 >> End >> 2020-11-20 10:38:06.533719

cier33jbnu3 >> Start >> 2020-11-20 10:38:19.210695

cier33jbnu3 >> Image Returned >> 2020-11-20 10:38:19.213840

cier33jbnu3 >> End >> 2020-11-20 10:38:19.416646

h4sdny0ienj >> Start >> 2020-11-20 10:39:32.750850

h4sdny0ienj >> Image Returned >> 2020-11-20 10:39:32.754122

h4sdny0ienj >> End >> 2020-11-20 10:39:32.955768

8eaoo43gk7d >> Start >> 2020-11-20 10:39:44.402753

8eaoo43gk7d >> Image Returned >> 2020-11-20 10:39:44.405843

8eaoo43gk7d >> End >> 2020-11-20 10:39:44.601895

vra7y7dyzfe >> Start >> 2020-11-20 10:44:25.395361

vra7y7dyzfe >> Image Returned >> 2020-11-20 10:44:25.399019

vra7y7dyzfe >> End >> 2020-11-20 10:44:25.587729

ovvume047wk >> Start >> 2020-11-20 10:45:06.102432

ovvume047wk >> Image Returned >> 2020-11-20 10:45:06.105573

ovvume047wk >> End >> 2020-11-20 10:45:06.337121

xdqh6yx5rqc >> Start >> 2020-11-20 10:47:04.748472

xdqh6yx5rqc >> Image Returned >> 2020-11-20 10:47:04.751836

xdqh6yx5rqc >> End >> 2020-11-20 10:47:04.945452

tk6hv8oy8xh >> Start >> 2020-11-20 10:48:26.665321

tk6hv8oy8xh >> Image Returned >> 2020-11-20 10:48:26.668896

tk6hv8oy8xh >> End >> 2020-11-20 10:48:26.860409

bqeayjz75kp >> Start >> 2020-11-20 10:51:44.123253

bqeayjz75kp >> Image Returned >> 2020-11-20 10:51:44.126477

bqeayjz75kp >> End >> 2020-11-20 10:51:44.316688

b5majx5mi5s >> Start >> 2020-11-20 10:52:56.034069

b5majx5mi5s >> Image Returned >> 2020-11-20 10:52:56.037324

b5majx5mi5s >> End >> 2020-11-20 10:52:56.234458

cwt5x4mry0q >> Start >> 2020-11-20 10:54:26.833828

cwt5x4mry0q >> Image Returned >> 2020-11-20 10:54:26.837481

cwt5x4mry0q >> End >> 2020-11-20 10:54:27.044382

irkunv02c85 >> Start >> 2020-11-20 10:55:58.620568

irkunv02c85 >> Image Returned >> 2020-11-20 10:55:58.624697

irkunv02c85 >> End >> 2020-11-20 10:55:58.850089

uordy865yge >> Start >> 2020-11-20 10:58:21.309290

uordy865yge >> Image Returned >> 2020-11-20 10:58:21.312755

uordy865yge >> End >> 2020-11-20 10:58:21.582601

ajot4zqny0i >> Start >> 2020-11-20 11:05:28.070893

ajot4zqny0i >> Image Returned >> 2020-11-20 11:05:28.075952

ajot4zqny0i >> End >> 2020-11-20 11:05:28.270175

3wmpzhncnmk >> Start >> 2020-11-20 11:05:51.071444

3wmpzhncnmk >> Image Returned >> 2020-11-20 11:05:51.074553

3wmpzhncnmk >> End >> 2020-11-20 11:05:51.199368

2x8q2pfohk3 >> Start >> 2020-11-20 11:07:05.443416

2x8q2pfohk3 >> Image Returned >> 2020-11-20 11:07:05.446739

2x8q2pfohk3 >> End >> 2020-11-20 11:07:05.658298

g5axj8h7s7r >> Start >> 2020-11-20 11:07:19.811175

g5axj8h7s7r >> Image Returned >> 2020-11-20 11:07:19.814310

g5axj8h7s7r >> End >> 2020-11-20 11:07:20.008116

grjs6rwv2yb >> Start >> 2020-11-20 11:09:51.777339

grjs6rwv2yb >> Image Returned >> 2020-11-20 11:09:51.780589

grjs6rwv2yb >> End >> 2020-11-20 11:09:51.977385

zopsmhudr2r >> Start >> 2020-11-20 11:18:28.598622

zopsmhudr2r >> Image Returned >> 2020-11-20 11:18:28.602200

zopsmhudr2r >> End >> 2020-11-20 11:18:28.845432

u8558uww447 >> Start >> 2020-11-20 11:18:39.955038

u8558uww447 >> Image Returned >> 2020-11-20 11:18:39.958245

u8558uww447 >> End >> 2020-11-20 11:18:40.209815

mt30rv3wigt >> Start >> 2020-11-20 11:21:04.858586

mt30rv3wigt >> Image Returned >> 2020-11-20 11:21:04.862075

mt30rv3wigt >> End >> 2020-11-20 11:21:05.061053

38rtomfmr4k >> Start >> 2020-11-20 11:21:20.031538

38rtomfmr4k >> Image Returned >> 2020-11-20 11:21:20.034749

38rtomfmr4k >> End >> 2020-11-20 11:21:20.229449

kr0oc7arusn >> Start >> 2020-11-20 11:22:19.892071

kr0oc7arusn >> Image Returned >> 2020-11-20 11:22:19.895478

kr0oc7arusn >> End >> 2020-11-20 11:22:20.104990

c2kp85qtvez >> Start >> 2020-11-20 11:29:58.711479

c2kp85qtvez >> Image Returned >> 2020-11-20 11:29:58.714889

c2kp85qtvez >> End >> 2020-11-20 11:29:58.925252

35fx075xxpv >> Start >> 2020-11-20 11:30:23.184576

35fx075xxpv >> Image Returned >> 2020-11-20 11:30:23.187884

35fx075xxpv >> End >> 2020-11-20 11:30:23.378432

xo8fjixc5di >> Start >> 2020-11-20 11:31:00.861392

xo8fjixc5di >> Image Returned >> 2020-11-20 11:31:00.864658

xo8fjixc5di >> End >> 2020-11-20 11:31:01.094213

mow5n355sj5 >> Start >> 2020-11-20 11:32:26.476254

mow5n355sj5 >> Image Returned >> 2020-11-20 11:32:26.479760

mow5n355sj5 >> End >> 2020-11-20 11:32:26.691751

k5cs7tgpcx6 >> Start >> 2020-11-20 11:38:18.920159

k5cs7tgpcx6 >> Image Returned >> 2020-11-20 11:38:18.923417

k5cs7tgpcx6 >> End >> 2020-11-20 11:38:19.048780

onn56k67ydr >> Start >> 2020-11-20 11:39:53.792062

onn56k67ydr >> Image Returned >> 2020-11-20 11:39:53.795504

onn56k67ydr >> End >> 2020-11-20 11:39:53.995675

5xtt8ctf3tn >> Start >> 2020-11-20 11:40:46.858865

5xtt8ctf3tn >> Image Returned >> 2020-11-20 11:40:46.862211

5xtt8ctf3tn >> End >> 2020-11-20 11:40:47.057039

xxpavkao8sj >> Start >> 2020-11-20 11:41:17.746563

xxpavkao8sj >> Image Returned >> 2020-11-20 11:41:17.749727

xxpavkao8sj >> End >> 2020-11-20 11:41:17.973581

nkmnkpcfr5h >> Start >> 2020-11-20 11:41:43.783895

nkmnkpcfr5h >> Image Returned >> 2020-11-20 11:41:43.787403

nkmnkpcfr5h >> End >> 2020-11-20 11:41:43.996026

zyvkvnimioe >> Start >> 2020-11-20 11:49:05.460076

zyvkvnimioe >> Image Returned >> 2020-11-20 11:49:05.463551

zyvkvnimioe >> End >> 2020-11-20 11:49:05.691637

vwb0tnp3mho >> Start >> 2020-11-20 11:52:00.501527

vwb0tnp3mho >> Image Returned >> 2020-11-20 11:52:00.505217

vwb0tnp3mho >> End >> 2020-11-20 11:52:00.695426

st28kxfrf5e >> Start >> 2020-11-20 11:52:19.424132

st28kxfrf5e >> Image Returned >> 2020-11-20 11:52:19.427386

st28kxfrf5e >> End >> 2020-11-20 11:52:19.629888

nxi6m4aozat >> Start >> 2020-11-20 11:52:28.859502

nxi6m4aozat >> Image Returned >> 2020-11-20 11:52:28.859782

nxi6m4aozat >> End >> 2020-11-20 11:52:29.060497

jmb2jcgfgyh >> Start >> 2020-11-20 11:54:14.203422

jmb2jcgfgyh >> Image Returned >> 2020-11-20 11:54:14.207011

jmb2jcgfgyh >> End >> 2020-11-20 11:54:14.445632

ininrtuhozn >> Start >> 2020-11-20 11:56:17.871809

ininrtuhozn >> Image Returned >> 2020-11-20 11:56:17.875346

ininrtuhozn >> End >> 2020-11-20 11:56:18.082751

zygfryhu30q >> Start >> 2020-11-20 11:56:30.773365

zygfryhu30q >> Image Returned >> 2020-11-20 11:56:30.777092

zygfryhu30q >> End >> 2020-11-20 11:56:30.973633

iavd2b4r8t6 >> Start >> 2020-11-20 11:57:26.821171

iavd2b4r8t6 >> Image Returned >> 2020-11-20 11:57:26.824986

iavd2b4r8t6 >> End >> 2020-11-20 11:57:27.015583

4ghtzcj3jyo >> Start >> 2020-11-20 11:58:20.935436

4ghtzcj3jyo >> Image Returned >> 2020-11-20 11:58:20.938630

4ghtzcj3jyo >> End >> 2020-11-20 11:58:21.130189

5oe0yudgwqp >> Start >> 2020-11-20 11:59:08.053141

5oe0yudgwqp >> Image Returned >> 2020-11-20 11:59:08.056327

5oe0yudgwqp >> End >> 2020-11-20 11:59:08.245668

2k8674cy0ir >> Start >> 2020-11-20 11:59:40.783729

2k8674cy0ir >> Image Returned >> 2020-11-20 11:59:40.787297

2k8674cy0ir >> End >> 2020-11-20 11:59:41.034077

5n25qzgfpzs >> Start >> 2020-11-20 12:00:05.555300

5n25qzgfpzs >> Image Returned >> 2020-11-20 12:00:05.558603

5n25qzgfpzs >> End >> 2020-11-20 12:00:05.814667

t2g5gugkno0 >> Start >> 2020-11-20 12:00:36.016690

t2g5gugkno0 >> Image Returned >> 2020-11-20 12:00:36.021853

t2g5gugkno0 >> End >> 2020-11-20 12:00:36.274864

3cqekrfd8p6 >> Start >> 2020-11-20 12:04:42.655049

3cqekrfd8p6 >> Image Returned >> 2020-11-20 12:04:42.658910

3cqekrfd8p6 >> End >> 2020-11-20 12:04:42.787544

cerh7endbrt >> Start >> 2020-11-20 12:06:49.751643

cerh7endbrt >> Image Returned >> 2020-11-20 12:06:49.755125

cerh7endbrt >> End >> 2020-11-20 12:06:49.941554

e0567yz648z >> Start >> 2020-11-20 12:08:22.595036

e0567yz648z >> Image Returned >> 2020-11-20 12:08:22.598606

e0567yz648z >> End >> 2020-11-20 12:08:22.732688

rj6xd07zgxh >> Start >> 2020-11-20 12:08:25.719628

rj6xd07zgxh >> Image Returned >> 2020-11-20 12:08:25.719938

rj6xd07zgxh >> End >> 2020-11-20 12:08:25.873680

ncjpi8hc4yg >> Start >> 2020-11-20 12:09:05.474944

ncjpi8hc4yg >> Image Returned >> 2020-11-20 12:09:05.478153

ncjpi8hc4yg >> End >> 2020-11-20 12:09:05.663765

biyybnyjvn2 >> Start >> 2020-11-20 12:12:44.304265

biyybnyjvn2 >> Image Returned >> 2020-11-20 12:12:44.308022

biyybnyjvn2 >> End >> 2020-11-20 12:12:44.800456

5gk3xo8rdj5 >> Start >> 2020-11-20 12:16:34.984714

5gk3xo8rdj5 >> Image Returned >> 2020-11-20 12:16:34.988867

5gk3xo8rdj5 >> End >> 2020-11-20 12:16:35.193355

o0mymdohwid >> Start >> 2020-11-20 12:21:34.817451

o0mymdohwid >> Image Returned >> 2020-11-20 12:21:34.821405

o0mymdohwid >> End >> 2020-11-20 12:21:35.018105

iyb5qu4t7j7 >> Start >> 2020-11-20 12:22:03.713342

iyb5qu4t7j7 >> Image Returned >> 2020-11-20 12:22:03.716516

iyb5qu4t7j7 >> End >> 2020-11-20 12:22:03.928632

vtnadxq0pyd >> Start >> 2020-11-20 12:23:17.332145

vtnadxq0pyd >> Image Returned >> 2020-11-20 12:23:17.335439

vtnadxq0pyd >> End >> 2020-11-20 12:23:17.465743

27n5swvha7p >> Start >> 2020-11-20 12:26:15.145654

27n5swvha7p >> Image Returned >> 2020-11-20 12:26:15.149264

27n5swvha7p >> End >> 2020-11-20 12:26:15.344327

4etosvzdi6d >> Start >> 2020-11-20 12:26:43.274162

4etosvzdi6d >> Image Returned >> 2020-11-20 12:26:43.277606

4etosvzdi6d >> End >> 2020-11-20 12:26:43.476526

2qr44shx277 >> Start >> 2020-11-20 12:30:12.521325

2qr44shx277 >> Image Returned >> 2020-11-20 12:30:12.525049

2qr44shx277 >> End >> 2020-11-20 12:30:12.715073

7p42dm8tacq >> Start >> 2020-11-20 12:31:16.854203

7p42dm8tacq >> Image Returned >> 2020-11-20 12:31:16.857522

7p42dm8tacq >> End >> 2020-11-20 12:31:17.044843

yfimoqypcqr >> Start >> 2020-11-20 12:31:33.333013

yfimoqypcqr >> Image Returned >> 2020-11-20 12:31:33.336385

yfimoqypcqr >> End >> 2020-11-20 12:31:33.557914

m3hh46k77vz >> Start >> 2020-11-20 12:31:41.645009

m3hh46k77vz >> Image Returned >> 2020-11-20 12:31:41.645296

m3hh46k77vz >> End >> 2020-11-20 12:31:41.831104

iisnymppw3b >> Start >> 2020-11-20 12:31:55.923094

iisnymppw3b >> Image Returned >> 2020-11-20 12:31:55.926295

iisnymppw3b >> End >> 2020-11-20 12:31:56.114584

vses5y7dq6c >> Start >> 2020-11-20 12:32:33.313785

vses5y7dq6c >> Image Returned >> 2020-11-20 12:32:33.317097

vses5y7dq6c >> End >> 2020-11-20 12:32:33.500822

5qieoh6drop >> Start >> 2020-11-20 12:33:49.500499

5qieoh6drop >> Image Returned >> 2020-11-20 12:33:49.503906

5qieoh6drop >> End >> 2020-11-20 12:33:49.697719

0jsbrdge2t8 >> Start >> 2020-11-20 12:35:55.138853

0jsbrdge2t8 >> Image Returned >> 2020-11-20 12:35:55.144057

0jsbrdge2t8 >> End >> 2020-11-20 12:35:55.391896

p5mac764bou >> Start >> 2020-11-20 12:36:01.950087

p5mac764bou >> Image Returned >> 2020-11-20 12:36:01.950367

p5mac764bou >> End >> 2020-11-20 12:36:02.150253

273gkeadjpb >> Start >> 2020-11-20 12:36:42.272053

273gkeadjpb >> Image Returned >> 2020-11-20 12:36:42.275568

273gkeadjpb >> End >> 2020-11-20 12:36:42.497865

bp4bp06awdm >> Start >> 2020-11-20 12:36:59.262473

bp4bp06awdm >> Image Returned >> 2020-11-20 12:36:59.265698

bp4bp06awdm >> End >> 2020-11-20 12:36:59.447468

moxb7y2cdv0 >> Start >> 2020-11-20 12:43:07.638802

moxb7y2cdv0 >> Image Returned >> 2020-11-20 12:43:07.642081

moxb7y2cdv0 >> End >> 2020-11-20 12:43:07.834852

u32k4unimh4 >> Start >> 2020-11-20 12:51:26.609939

u32k4unimh4 >> Image Returned >> 2020-11-20 12:51:26.613379

u32k4unimh4 >> End >> 2020-11-20 12:51:26.796829

54u0ji0vpxm >> Start >> 2020-11-20 12:53:44.854713

54u0ji0vpxm >> Image Returned >> 2020-11-20 12:53:44.858328

54u0ji0vpxm >> End >> 2020-11-20 12:53:45.077326

ita5fozopz0 >> Start >> 2020-11-20 12:54:04.500523

ita5fozopz0 >> Image Returned >> 2020-11-20 12:54:04.503985

ita5fozopz0 >> End >> 2020-11-20 12:54:04.693152

umfvvawzk5m >> Start >> 2020-11-20 12:55:45.013134

umfvvawzk5m >> Image Returned >> 2020-11-20 12:55:45.016576

umfvvawzk5m >> End >> 2020-11-20 12:55:45.212517

axnv7m4hhed >> Start >> 2020-11-20 12:56:06.222495

axnv7m4hhed >> Image Returned >> 2020-11-20 12:56:06.225790

axnv7m4hhed >> End >> 2020-11-20 12:56:06.420851

z0guuv3xt5k >> Start >> 2020-11-20 12:56:33.004065

z0guuv3xt5k >> Image Returned >> 2020-11-20 12:56:33.007529

z0guuv3xt5k >> End >> 2020-11-20 12:56:33.261725

qtmcp6g0n8a >> Start >> 2020-11-20 12:56:42.675522

qtmcp6g0n8a >> Image Returned >> 2020-11-20 12:56:42.675816

qtmcp6g0n8a >> End >> 2020-11-20 12:56:42.871494

es4ufjqnnio >> Start >> 2020-11-20 12:58:15.524251

es4ufjqnnio >> Image Returned >> 2020-11-20 12:58:15.527761

es4ufjqnnio >> End >> 2020-11-20 12:58:15.733408

v2rt2grh083 >> Start >> 2020-11-20 12:58:20.219024

v2rt2grh083 >> Image Returned >> 2020-11-20 12:58:20.219475

v2rt2grh083 >> End >> 2020-11-20 12:58:20.420206

ssv0s4obk8h >> Start >> 2020-11-20 13:04:59.055265

ssv0s4obk8h >> Image Returned >> 2020-11-20 13:04:59.059328

ssv0s4obk8h >> End >> 2020-11-20 13:04:59.264673

fi4f5k87xkz >> Start >> 2020-11-20 13:05:05.734966

fi4f5k87xkz >> Image Returned >> 2020-11-20 13:05:05.735302

fi4f5k87xkz >> End >> 2020-11-20 13:05:05.940814

2xor27yjact >> Start >> 2020-11-20 13:09:46.930099

2xor27yjact >> Image Returned >> 2020-11-20 13:09:46.935064

2xor27yjact >> End >> 2020-11-20 13:09:47.126208

n4bsb8aikgw >> Start >> 2020-11-20 13:10:02.873925

n4bsb8aikgw >> Image Returned >> 2020-11-20 13:10:02.878190

n4bsb8aikgw >> End >> 2020-11-20 13:10:03.258936

04esunm5wty >> Start >> 2020-11-20 13:12:45.285299

04esunm5wty >> Image Returned >> 2020-11-20 13:12:45.290060

04esunm5wty >> End >> 2020-11-20 13:12:45.552288

sdv0jffv4uu >> Start >> 2020-11-20 13:19:58.146212

sdv0jffv4uu >> Image Returned >> 2020-11-20 13:19:58.149928

sdv0jffv4uu >> End >> 2020-11-20 13:19:58.347404

be75m08225d >> Start >> 2020-11-20 13:20:23.844036

be75m08225d >> Image Returned >> 2020-11-20 13:20:23.847280

be75m08225d >> End >> 2020-11-20 13:20:24.050792

twyaqhi2htk >> Start >> 2020-11-20 13:26:38.915772

twyaqhi2htk >> Image Returned >> 2020-11-20 13:26:38.919651

twyaqhi2htk >> End >> 2020-11-20 13:26:39.108413

gxtfwsz8nap >> Start >> 2020-11-20 13:29:39.615350

gxtfwsz8nap >> Image Returned >> 2020-11-20 13:29:39.618989

gxtfwsz8nap >> End >> 2020-11-20 13:29:39.809190

6ojgnp4uf67 >> Start >> 2020-11-20 13:32:21.347937

6ojgnp4uf67 >> Image Returned >> 2020-11-20 13:32:21.351444

6ojgnp4uf67 >> End >> 2020-11-20 13:32:21.747103

ec383y2hphf >> Start >> 2020-11-20 13:32:35.843461

ec383y2hphf >> Image Returned >> 2020-11-20 13:32:35.847048

ec383y2hphf >> End >> 2020-11-20 13:32:36.247467

tn430wdxuhp >> Start >> 2020-11-20 13:32:37.868638

tn430wdxuhp >> Image Returned >> 2020-11-20 13:32:37.868936

tn430wdxuhp >> End >> 2020-11-20 13:32:38.269083

zgwuw3ikcso >> Start >> 2020-11-20 13:32:49.649365

zgwuw3ikcso >> Image Returned >> 2020-11-20 13:32:49.649676

zgwuw3ikcso >> End >> 2020-11-20 13:32:49.845539

o8jjoyekxsq >> Start >> 2020-11-20 13:34:22.859674

o8jjoyekxsq >> Image Returned >> 2020-11-20 13:34:22.862986

o8jjoyekxsq >> End >> 2020-11-20 13:34:23.059895

s2ogr8ez4xt >> Start >> 2020-11-20 13:36:48.708743

s2ogr8ez4xt >> Image Returned >> 2020-11-20 13:36:48.712397

s2ogr8ez4xt >> End >> 2020-11-20 13:36:48.907778

8dupnhgevb8 >> Start >> 2020-11-20 13:38:09.933557

8dupnhgevb8 >> Image Returned >> 2020-11-20 13:38:09.937407

8dupnhgevb8 >> End >> 2020-11-20 13:38:10.178011

gt22thxowg3 >> Start >> 2020-11-20 13:38:43.003344

gt22thxowg3 >> Image Returned >> 2020-11-20 13:38:43.006623

gt22thxowg3 >> End >> 2020-11-20 13:38:43.204186

e5cy3cmwj04 >> Start >> 2020-11-20 13:39:50.265161

e5cy3cmwj04 >> Image Returned >> 2020-11-20 13:39:50.268579

e5cy3cmwj04 >> End >> 2020-11-20 13:39:50.462904

sqnq8ify2f5 >> Start >> 2020-11-20 13:44:45.781233

sqnq8ify2f5 >> Image Returned >> 2020-11-20 13:44:45.784704

sqnq8ify2f5 >> End >> 2020-11-20 13:44:45.977865

baksdxz4oyz >> Start >> 2020-11-20 13:48:05.600594

baksdxz4oyz >> Image Returned >> 2020-11-20 13:48:05.605424

baksdxz4oyz >> End >> 2020-11-20 13:48:05.803626

x3b5enq6eo7 >> Start >> 2020-11-20 13:49:59.026545

x3b5enq6eo7 >> Image Returned >> 2020-11-20 13:49:59.030087

x3b5enq6eo7 >> End >> 2020-11-20 13:49:59.257705

ts854rvvqqj >> Start >> 2020-11-20 13:51:05.563512

ts854rvvqqj >> Image Returned >> 2020-11-20 13:51:05.567101

ts854rvvqqj >> End >> 2020-11-20 13:51:05.771539

eot2zrkmo5d >> Start >> 2020-11-20 13:51:41.511993

eot2zrkmo5d >> Image Returned >> 2020-11-20 13:51:41.515491

eot2zrkmo5d >> End >> 2020-11-20 13:51:41.734352

qthu7jjte5g >> Start >> 2020-11-20 13:52:40.952716

qthu7jjte5g >> Image Returned >> 2020-11-20 13:52:40.958189

qthu7jjte5g >> End >> 2020-11-20 13:52:41.166405

pwax8wy6ptx >> Start >> 2020-11-20 13:52:54.280613

pwax8wy6ptx >> Image Returned >> 2020-11-20 13:52:54.283936

pwax8wy6ptx >> End >> 2020-11-20 13:52:54.468950

ekydkj3uymj >> Start >> 2020-11-20 13:54:38.108694

ekydkj3uymj >> Image Returned >> 2020-11-20 13:54:38.112458

ekydkj3uymj >> End >> 2020-11-20 13:54:38.307765

ahqf33zvgys >> Start >> 2020-11-20 13:55:00.146318

ahqf33zvgys >> Image Returned >> 2020-11-20 13:55:00.149705

ahqf33zvgys >> End >> 2020-11-20 13:55:00.348098

bisoqcvdph0 >> Start >> 2020-11-20 13:55:11.936703

bisoqcvdph0 >> Image Returned >> 2020-11-20 13:55:11.940062

bisoqcvdph0 >> End >> 2020-11-20 13:55:12.150069

sz4730drxpq >> Start >> 2020-11-20 13:55:31.314392

sz4730drxpq >> Image Returned >> 2020-11-20 13:55:31.317842

sz4730drxpq >> End >> 2020-11-20 13:55:31.501970

wojwwzqshdm >> Start >> 2020-11-20 13:58:18.793559

wojwwzqshdm >> Image Returned >> 2020-11-20 13:58:18.797120

wojwwzqshdm >> End >> 2020-11-20 13:58:19.034490

6rh3fnufwnh >> Start >> 2020-11-20 14:09:48.551201

6rh3fnufwnh >> Image Returned >> 2020-11-20 14:09:48.554815

6rh3fnufwnh >> End >> 2020-11-20 14:09:48.752752

hdhqohric0v >> Start >> 2020-11-20 14:10:03.109924

hdhqohric0v >> Image Returned >> 2020-11-20 14:10:03.113636

hdhqohric0v >> End >> 2020-11-20 14:10:03.433527

cfsjasp44b7 >> Start >> 2020-11-20 14:12:14.178575

cfsjasp44b7 >> Image Returned >> 2020-11-20 14:12:14.181462

cfsjasp44b7 >> End >> 2020-11-20 14:12:14.395026

ak5jzkerxgk >> Start >> 2020-11-20 14:12:53.765949

ak5jzkerxgk >> Image Returned >> 2020-11-20 14:12:53.768904

ak5jzkerxgk >> End >> 2020-11-20 14:12:53.962795

kvz6znkyyhc >> Start >> 2020-11-20 14:14:13.991453

kvz6znkyyhc >> Image Returned >> 2020-11-20 14:14:13.994555

kvz6znkyyhc >> End >> 2020-11-20 14:14:14.216994

db3kuhwtiqk >> Start >> 2020-11-20 14:21:31.976258

db3kuhwtiqk >> Image Returned >> 2020-11-20 14:21:31.979490

db3kuhwtiqk >> End >> 2020-11-20 14:21:32.177160

dtumzv5dnxm >> Start >> 2020-11-20 14:22:05.877084

dtumzv5dnxm >> Image Returned >> 2020-11-20 14:22:05.880503

dtumzv5dnxm >> End >> 2020-11-20 14:22:06.073194

idrtdxwqws6 >> Start >> 2020-11-20 14:22:32.860611

idrtdxwqws6 >> Image Returned >> 2020-11-20 14:22:32.863548

idrtdxwqws6 >> End >> 2020-11-20 14:22:33.074088

obu4wg5644i >> Start >> 2020-11-20 14:22:37.633114

obu4wg5644i >> Image Returned >> 2020-11-20 14:22:37.633390

obu4wg5644i >> End >> 2020-11-20 14:22:37.830960

5oykoyck3xp >> Start >> 2020-11-20 14:23:36.997075

5oykoyck3xp >> Image Returned >> 2020-11-20 14:23:37.000176

5oykoyck3xp >> End >> 2020-11-20 14:23:37.194044

w5uopiwnhde >> Start >> 2020-11-20 14:23:55.568095

w5uopiwnhde >> Image Returned >> 2020-11-20 14:23:55.570992

w5uopiwnhde >> End >> 2020-11-20 14:23:55.768704

48vurnp05zr >> Start >> 2020-11-20 14:26:34.819406

48vurnp05zr >> Image Returned >> 2020-11-20 14:26:34.822737

48vurnp05zr >> End >> 2020-11-20 14:26:35.013053

6f0nrrvg58k >> Start >> 2020-11-20 14:28:32.997589

6f0nrrvg58k >> Image Returned >> 2020-11-20 14:28:33.000646

6f0nrrvg58k >> End >> 2020-11-20 14:28:33.194799

ggju5crcjqc >> Start >> 2020-11-20 14:30:23.779572

ggju5crcjqc >> Image Returned >> 2020-11-20 14:30:23.782522

ggju5crcjqc >> End >> 2020-11-20 14:30:23.994163

dabdbni6orq >> Start >> 2020-11-20 14:31:08.920197

dabdbni6orq >> Image Returned >> 2020-11-20 14:31:08.923142

dabdbni6orq >> End >> 2020-11-20 14:31:09.200786

40yfbjb4dmg >> Start >> 2020-11-20 14:33:56.435514

40yfbjb4dmg >> Image Returned >> 2020-11-20 14:33:56.438865

40yfbjb4dmg >> End >> 2020-11-20 14:33:56.625504

ucou227f83p >> Start >> 2020-11-20 14:35:59.505656

ucou227f83p >> Image Returned >> 2020-11-20 14:35:59.508655

ucou227f83p >> End >> 2020-11-20 14:35:59.704188

mkv5dnwmxb8 >> Start >> 2020-11-20 14:37:53.184926

mkv5dnwmxb8 >> Image Returned >> 2020-11-20 14:37:53.188076

mkv5dnwmxb8 >> End >> 2020-11-20 14:37:53.383074

ckdskrci00y >> Start >> 2020-11-20 14:39:33.803148

ckdskrci00y >> Image Returned >> 2020-11-20 14:39:33.806365

ckdskrci00y >> End >> 2020-11-20 14:39:33.999357

7ixypkcnnwt >> Start >> 2020-11-20 14:41:05.202254

7ixypkcnnwt >> Image Returned >> 2020-11-20 14:41:05.205210

7ixypkcnnwt >> End >> 2020-11-20 14:41:05.398231

3z533pyqqvp >> Start >> 2020-11-20 14:42:33.354342

3z533pyqqvp >> Image Returned >> 2020-11-20 14:42:33.357564

3z533pyqqvp >> End >> 2020-11-20 14:42:33.553842

3y7u7engqmv >> Start >> 2020-11-20 14:43:16.316576

3y7u7engqmv >> Image Returned >> 2020-11-20 14:43:16.319489

3y7u7engqmv >> End >> 2020-11-20 14:43:16.519782

fh28aox7sdn >> Start >> 2020-11-20 14:43:54.469942

fh28aox7sdn >> Image Returned >> 2020-11-20 14:43:54.473037

fh28aox7sdn >> End >> 2020-11-20 14:43:54.666137

5x5kc4fx3g0 >> Start >> 2020-11-20 14:52:29.812134

5x5kc4fx3g0 >> Image Returned >> 2020-11-20 14:52:29.815349

5x5kc4fx3g0 >> End >> 2020-11-20 14:52:30.011395

zugmy3ghdcf >> Start >> 2020-11-20 14:54:45.292156

zugmy3ghdcf >> Image Returned >> 2020-11-20 14:54:45.295461

zugmy3ghdcf >> End >> 2020-11-20 14:54:45.494195

7zgm4483apy >> Start >> 2020-11-20 14:56:45.821808

7zgm4483apy >> Image Returned >> 2020-11-20 14:56:45.825192

7zgm4483apy >> End >> 2020-11-20 14:56:46.024857

o4rrsvgifhe >> Start >> 2020-11-20 14:57:14.630295

o4rrsvgifhe >> Image Returned >> 2020-11-20 14:57:14.633449

o4rrsvgifhe >> End >> 2020-11-20 14:57:14.842005

5m2so00pv8d >> Start >> 2020-11-20 14:57:41.719332

5m2so00pv8d >> Image Returned >> 2020-11-20 14:57:41.722666

5m2so00pv8d >> End >> 2020-11-20 14:57:41.911106

opjwrfswyiu >> Start >> 2020-11-20 14:57:49.398602

opjwrfswyiu >> Image Returned >> 2020-11-20 14:57:49.398952

opjwrfswyiu >> End >> 2020-11-20 14:57:49.592735

pbjshrwb082 >> Start >> 2020-11-20 14:57:51.682632

pbjshrwb082 >> Image Returned >> 2020-11-20 14:57:51.682938

pbjshrwb082 >> End >> 2020-11-20 14:57:51.878947

keznv4h8xnu >> Start >> 2020-11-20 15:00:21.191556

keznv4h8xnu >> Image Returned >> 2020-11-20 15:00:21.194478

keznv4h8xnu >> End >> 2020-11-20 15:00:21.385068

k8u56gixjbj >> Start >> 2020-11-20 15:02:44.248595

k8u56gixjbj >> Image Returned >> 2020-11-20 15:02:44.251709

k8u56gixjbj >> End >> 2020-11-20 15:02:44.447448

hjheprizhxd >> Start >> 2020-11-20 15:03:01.778958

hjheprizhxd >> Image Returned >> 2020-11-20 15:03:01.783370

hjheprizhxd >> End >> 2020-11-20 15:03:02.033489

wqooxk886mm >> Start >> 2020-11-20 15:03:30.197134

wqooxk886mm >> Image Returned >> 2020-11-20 15:03:30.200059

wqooxk886mm >> End >> 2020-11-20 15:03:30.413038

pr4wuh8x258 >> Start >> 2020-11-20 15:04:02.017147

pr4wuh8x258 >> Image Returned >> 2020-11-20 15:04:02.020231

pr4wuh8x258 >> End >> 2020-11-20 15:04:02.228357

s0xxvy538mc >> Start >> 2020-11-20 15:08:20.097388

s0xxvy538mc >> Image Returned >> 2020-11-20 15:08:20.101120

s0xxvy538mc >> End >> 2020-11-20 15:08:20.296262

ykds32e48ef >> Start >> 2020-11-20 15:08:30.677695

ykds32e48ef >> Image Returned >> 2020-11-20 15:08:30.677997

ykds32e48ef >> End >> 2020-11-20 15:08:30.869956

dfm3mdaetdm >> Start >> 2020-11-20 15:10:03.711637

dfm3mdaetdm >> Image Returned >> 2020-11-20 15:10:03.715008

dfm3mdaetdm >> End >> 2020-11-20 15:10:03.917403

0zuhtkb7k86 >> Start >> 2020-11-20 15:10:29.976051

0zuhtkb7k86 >> Image Returned >> 2020-11-20 15:10:29.978965

0zuhtkb7k86 >> End >> 2020-11-20 15:10:30.170835

hsujcnde65m >> Start >> 2020-11-20 15:10:47.588133

hsujcnde65m >> Image Returned >> 2020-11-20 15:10:47.591291

hsujcnde65m >> End >> 2020-11-20 15:10:47.812860

zzqu2i6iq54 >> Start >> 2020-11-20 15:11:45.435384

zzqu2i6iq54 >> Image Returned >> 2020-11-20 15:11:45.438497

zzqu2i6iq54 >> End >> 2020-11-20 15:11:45.645546

yci5sjsqxqt >> Start >> 2020-11-20 15:12:09.687939

yci5sjsqxqt >> Image Returned >> 2020-11-20 15:12:09.690850

yci5sjsqxqt >> End >> 2020-11-20 15:12:09.882164

od0tdc5jusk >> Start >> 2020-11-20 15:16:27.836891

od0tdc5jusk >> Image Returned >> 2020-11-20 15:16:27.839799

od0tdc5jusk >> End >> 2020-11-20 15:16:28.033199

bk7rknnodsy >> Start >> 2020-11-20 15:25:30.344182

bk7rknnodsy >> Image Returned >> 2020-11-20 15:25:30.347244

bk7rknnodsy >> End >> 2020-11-20 15:25:30.541661

3jmvqri03js >> Start >> 2020-11-20 15:28:33.166151

3jmvqri03js >> Image Returned >> 2020-11-20 15:28:33.169276

3jmvqri03js >> End >> 2020-11-20 15:28:33.360958

xfhc6pz40gt >> Start >> 2020-11-20 15:30:50.612909

xfhc6pz40gt >> Image Returned >> 2020-11-20 15:30:50.616039

xfhc6pz40gt >> End >> 2020-11-20 15:30:50.810142

33kbwin4xow >> Start >> 2020-11-20 15:33:35.420890

33kbwin4xow >> Image Returned >> 2020-11-20 15:33:35.424098

33kbwin4xow >> End >> 2020-11-20 15:33:35.617177

req2w6dyv56 >> Start >> 2020-11-20 15:34:55.350176

req2w6dyv56 >> Image Returned >> 2020-11-20 15:34:55.353187

req2w6dyv56 >> End >> 2020-11-20 15:34:55.546268

shfpg0rqf85 >> Start >> 2020-11-20 15:37:19.543041

shfpg0rqf85 >> Image Returned >> 2020-11-20 15:37:19.543685

shfpg0rqf85 >> End >> 2020-11-20 15:37:19.790950

yipinm7ef8b >> Start >> 2020-11-20 15:39:12.338114

yipinm7ef8b >> Image Returned >> 2020-11-20 15:39:12.341233

yipinm7ef8b >> End >> 2020-11-20 15:39:12.531425

h8ucj3kayb5 >> Start >> 2020-11-20 15:52:12.464463

h8ucj3kayb5 >> Image Returned >> 2020-11-20 15:52:12.467647

h8ucj3kayb5 >> End >> 2020-11-20 15:52:12.702616

6rm8qo0qqdz >> Start >> 2020-11-20 15:54:34.851099

6rm8qo0qqdz >> Image Returned >> 2020-11-20 15:54:34.854254

6rm8qo0qqdz >> End >> 2020-11-20 15:54:35.051513

ejypb6gd5x5 >> Start >> 2020-11-20 16:05:13.424653

ejypb6gd5x5 >> Image Returned >> 2020-11-20 16:05:13.427813

ejypb6gd5x5 >> End >> 2020-11-20 16:05:13.550857

koqzcm42j20 >> Start >> 2020-11-20 16:05:47.615727

koqzcm42j20 >> Image Returned >> 2020-11-20 16:05:47.620337

koqzcm42j20 >> End >> 2020-11-20 16:05:47.812808

bscfvcn52br >> Start >> 2020-11-20 16:05:52.509536

bscfvcn52br >> Image Returned >> 2020-11-20 16:05:52.509840

bscfvcn52br >> End >> 2020-11-20 16:05:52.704287

iypmwy7wgqv >> Start >> 2020-11-20 16:06:13.400666

iypmwy7wgqv >> Image Returned >> 2020-11-20 16:06:13.403704

iypmwy7wgqv >> End >> 2020-11-20 16:06:13.590020

0or4pwchutc >> Start >> 2020-11-20 16:06:35.571815

0or4pwchutc >> Image Returned >> 2020-11-20 16:06:35.575021

0or4pwchutc >> End >> 2020-11-20 16:06:35.771810

npgtpdnc54f >> Start >> 2020-11-20 16:11:44.176088

npgtpdnc54f >> Image Returned >> 2020-11-20 16:11:44.179582

npgtpdnc54f >> End >> 2020-11-20 16:11:44.369394

vtvocbsgz0z >> Start >> 2020-11-20 16:12:17.083153

vtvocbsgz0z >> Image Returned >> 2020-11-20 16:12:17.086093

vtvocbsgz0z >> End >> 2020-11-20 16:12:17.276038

k02sddaoo77 >> Start >> 2020-11-20 16:12:18.659739

k02sddaoo77 >> Image Returned >> 2020-11-20 16:12:18.660044

k02sddaoo77 >> End >> 2020-11-20 16:12:18.855695

fkyt6kouuu6 >> Start >> 2020-11-20 16:12:30.647984

fkyt6kouuu6 >> Image Returned >> 2020-11-20 16:12:30.650943

fkyt6kouuu6 >> End >> 2020-11-20 16:12:30.849008

m4tg3g8qh45 >> Start >> 2020-11-20 16:13:00.995140

m4tg3g8qh45 >> Image Returned >> 2020-11-20 16:13:00.998239

m4tg3g8qh45 >> End >> 2020-11-20 16:13:01.194665

5wazd0z4872 >> Start >> 2020-11-20 16:13:24.280963

5wazd0z4872 >> Image Returned >> 2020-11-20 16:13:24.284212

kp47sh533jz >> Start >> 2020-11-20 16:13:24.387370

kp47sh533jz >> Image Returned >> 2020-11-20 16:13:24.390346

5wazd0z4872 >> End >> 2020-11-20 16:13:24.488851

kp47sh533jz >> End >> 2020-11-20 16:13:24.589389

7c3vtjgtvgo >> Start >> 2020-11-20 16:13:48.827279

7c3vtjgtvgo >> Image Returned >> 2020-11-20 16:13:48.830359

7c3vtjgtvgo >> End >> 2020-11-20 16:13:49.044073

st70ew8kk5x >> Start >> 2020-11-20 16:14:15.709142

st70ew8kk5x >> Image Returned >> 2020-11-20 16:14:15.712125

st70ew8kk5x >> End >> 2020-11-20 16:14:15.922699

3uuf7dvbs0u >> Start >> 2020-11-20 16:15:59.972093

3uuf7dvbs0u >> Image Returned >> 2020-11-20 16:15:59.975049

3uuf7dvbs0u >> End >> 2020-11-20 16:16:00.162627

6q08nvcwsz7 >> Start >> 2020-11-20 16:18:37.644680

6q08nvcwsz7 >> Image Returned >> 2020-11-20 16:18:37.648751

6q08nvcwsz7 >> End >> 2020-11-20 16:18:37.843346

ajterg2kvbx >> Start >> 2020-11-20 16:20:44.974328

ajterg2kvbx >> Image Returned >> 2020-11-20 16:20:44.977511

ajterg2kvbx >> End >> 2020-11-20 16:20:45.169440

ve4rfh5kjo4 >> Start >> 2020-11-20 16:20:50.345230

ve4rfh5kjo4 >> Image Returned >> 2020-11-20 16:20:50.345510

ve4rfh5kjo4 >> End >> 2020-11-20 16:20:50.536540

4dezqbhx4ip >> Start >> 2020-11-20 16:23:26.480654

4dezqbhx4ip >> Image Returned >> 2020-11-20 16:23:26.483757

4dezqbhx4ip >> End >> 2020-11-20 16:23:26.670418

yid76sqogyo >> Start >> 2020-11-20 16:25:58.263818

yid76sqogyo >> Image Returned >> 2020-11-20 16:25:58.266782

yid76sqogyo >> End >> 2020-11-20 16:25:58.473804

m6n43gogxp3 >> Start >> 2020-11-20 16:29:47.759716

m6n43gogxp3 >> Image Returned >> 2020-11-20 16:29:47.763192

m6n43gogxp3 >> End >> 2020-11-20 16:29:47.963598

p4cg670pqmz >> Start >> 2020-11-20 16:29:59.000130

p4cg670pqmz >> Image Returned >> 2020-11-20 16:29:59.003233

p4cg670pqmz >> End >> 2020-11-20 16:29:59.200506

e0x0qv6urbd >> Start >> 2020-11-20 16:31:12.488719

e0x0qv6urbd >> Image Returned >> 2020-11-20 16:31:12.491774

e0x0qv6urbd >> End >> 2020-11-20 16:31:12.986365

sx06pc0yriv >> Start >> 2020-11-20 16:32:38.859760

sx06pc0yriv >> Image Returned >> 2020-11-20 16:32:38.862905

sx06pc0yriv >> End >> 2020-11-20 16:32:39.058790

5e8d4acbe5e >> Start >> 2020-11-20 16:33:10.176625

5e8d4acbe5e >> Image Returned >> 2020-11-20 16:33:10.179641

5e8d4acbe5e >> End >> 2020-11-20 16:33:10.374908

jtkbeyiuq0q >> Start >> 2020-11-20 16:33:37.218194

jtkbeyiuq0q >> Image Returned >> 2020-11-20 16:33:37.222968

jtkbeyiuq0q >> End >> 2020-11-20 16:33:37.422542

xxqy8gs734k >> Start >> 2020-11-20 16:35:07.303003

xxqy8gs734k >> Image Returned >> 2020-11-20 16:35:07.306513

xxqy8gs734k >> End >> 2020-11-20 16:35:07.730915

tqrqoa43zuz >> Start >> 2020-11-20 16:35:27.172092

tqrqoa43zuz >> Image Returned >> 2020-11-20 16:35:27.175097

tqrqoa43zuz >> End >> 2020-11-20 16:35:27.382191

4s2iifrvv32 >> Start >> 2020-11-20 16:36:01.477246

4s2iifrvv32 >> Image Returned >> 2020-11-20 16:36:01.480505

4s2iifrvv32 >> End >> 2020-11-20 16:36:01.680562

szjmd7ojiqp >> Start >> 2020-11-20 16:38:23.302304

szjmd7ojiqp >> Image Returned >> 2020-11-20 16:38:23.305402

szjmd7ojiqp >> End >> 2020-11-20 16:38:23.532610

7ykq3rq5uyx >> Start >> 2020-11-20 16:38:55.283185

7ykq3rq5uyx >> Image Returned >> 2020-11-20 16:38:55.286174

7ykq3rq5uyx >> End >> 2020-11-20 16:38:55.477210

5o2eup4e2wc >> Start >> 2020-11-20 16:39:19.364614

5o2eup4e2wc >> Image Returned >> 2020-11-20 16:39:19.367626

5o2eup4e2wc >> End >> 2020-11-20 16:39:19.564249

kbnnmrsj2wo >> Start >> 2020-11-20 16:39:34.784590

kbnnmrsj2wo >> Image Returned >> 2020-11-20 16:39:34.787817

kbnnmrsj2wo >> End >> 2020-11-20 16:39:35.034552

r5ez6ksqfqg >> Start >> 2020-11-20 16:39:35.152162

r5ez6ksqfqg >> Image Returned >> 2020-11-20 16:39:35.152456

r5ez6ksqfqg >> End >> 2020-11-20 16:39:35.524971

g8po32jhzeb >> Start >> 2020-11-20 16:40:22.210504

g8po32jhzeb >> Image Returned >> 2020-11-20 16:40:22.213522

g8po32jhzeb >> End >> 2020-11-20 16:40:22.564199

f5748t4pjzr >> Start >> 2020-11-20 16:40:41.153636

f5748t4pjzr >> Image Returned >> 2020-11-20 16:40:41.156770

f5748t4pjzr >> End >> 2020-11-20 16:40:41.506006

rjjpnx3mexk >> Start >> 2020-11-20 16:41:19.295454

rjjpnx3mexk >> Image Returned >> 2020-11-20 16:41:19.298413

rjjpnx3mexk >> End >> 2020-11-20 16:41:19.648675

n7zu8xgh4ys >> Start >> 2020-11-20 16:41:20.537614

n7zu8xgh4ys >> Image Returned >> 2020-11-20 16:41:20.537929

n7zu8xgh4ys >> End >> 2020-11-20 16:41:20.892314

2ze2jkf7xnh >> Start >> 2020-11-20 16:47:28.271986

2ze2jkf7xnh >> Image Returned >> 2020-11-20 16:47:28.275099

2ze2jkf7xnh >> End >> 2020-11-20 16:47:28.474272

v3ztmzfw80a >> Start >> 2020-11-20 16:50:10.150279

v3ztmzfw80a >> Image Returned >> 2020-11-20 16:50:10.153628

v3ztmzfw80a >> End >> 2020-11-20 16:50:10.360605

6sy3mn84hqy >> Start >> 2020-11-20 16:51:02.940190

6sy3mn84hqy >> Image Returned >> 2020-11-20 16:51:02.943295

6sy3mn84hqy >> End >> 2020-11-20 16:51:03.165184

fsirs5ie3ds >> Start >> 2020-11-20 16:52:59.644293

fsirs5ie3ds >> Image Returned >> 2020-11-20 16:52:59.647789

fsirs5ie3ds >> End >> 2020-11-20 16:52:59.842613

auqa4dn0mzq >> Start >> 2020-11-20 17:03:38.457981

auqa4dn0mzq >> Image Returned >> 2020-11-20 17:03:38.461152

auqa4dn0mzq >> End >> 2020-11-20 17:03:38.655353

d77sptcvb40 >> Start >> 2020-11-20 17:05:29.171190

d77sptcvb40 >> Image Returned >> 2020-11-20 17:05:29.174354

d77sptcvb40 >> End >> 2020-11-20 17:05:29.367286

u3pv3s05kex >> Start >> 2020-11-20 17:05:36.941477

u3pv3s05kex >> Image Returned >> 2020-11-20 17:05:36.941785

u3pv3s05kex >> End >> 2020-11-20 17:05:37.281709

78styqo5rre >> Start >> 2020-11-20 17:06:42.918037

78styqo5rre >> Image Returned >> 2020-11-20 17:06:42.921112

78styqo5rre >> End >> 2020-11-20 17:06:43.114588

mribhaceyc5 >> Start >> 2020-11-20 17:07:51.010864

mribhaceyc5 >> Image Returned >> 2020-11-20 17:07:51.014023

mribhaceyc5 >> End >> 2020-11-20 17:07:51.291059

w7nmikokwqo >> Start >> 2020-11-20 17:10:59.092468

w7nmikokwqo >> Image Returned >> 2020-11-20 17:10:59.095511

w7nmikokwqo >> End >> 2020-11-20 17:10:59.302777

4thaqbs7pf5 >> Start >> 2020-11-20 17:25:08.676604

4thaqbs7pf5 >> Image Returned >> 2020-11-20 17:25:08.681924

4thaqbs7pf5 >> End >> 2020-11-20 17:25:08.924163

cfbyh6vs2kb >> Start >> 2020-11-20 17:34:08.428714

cfbyh6vs2kb >> Image Returned >> 2020-11-20 17:34:08.431816

cfbyh6vs2kb >> End >> 2020-11-20 17:34:08.644711

70oyx026okz >> Start >> 2020-11-20 17:36:34.467070

70oyx026okz >> Image Returned >> 2020-11-20 17:36:34.470304

70oyx026okz >> End >> 2020-11-20 17:36:34.663722

wotrp8f36ji >> Start >> 2020-11-20 17:38:13.879627

wotrp8f36ji >> Image Returned >> 2020-11-20 17:38:13.882631

wotrp8f36ji >> End >> 2020-11-20 17:38:14.104099

4ynp3v0qhzg >> Start >> 2020-11-20 17:38:52.427439

4ynp3v0qhzg >> Image Returned >> 2020-11-20 17:38:52.430556

4ynp3v0qhzg >> End >> 2020-11-20 17:38:52.642544

fx4cgqrrtd8 >> Start >> 2020-11-20 17:38:57.968476

fx4cgqrrtd8 >> Image Returned >> 2020-11-20 17:38:57.968755

fx4cgqrrtd8 >> End >> 2020-11-20 17:38:58.152945

3fw25sog0pc >> Start >> 2020-11-20 17:40:31.426037

3fw25sog0pc >> Image Returned >> 2020-11-20 17:40:31.429095

3fw25sog0pc >> End >> 2020-11-20 17:40:31.633778

vweokaj4tfe >> Start >> 2020-11-20 17:43:48.492028

vweokaj4tfe >> Image Returned >> 2020-11-20 17:43:48.495289

vweokaj4tfe >> End >> 2020-11-20 17:43:48.698987

paaxdtiwnoe >> Start >> 2020-11-20 17:49:16.270126

paaxdtiwnoe >> Image Returned >> 2020-11-20 17:49:16.273147

paaxdtiwnoe >> End >> 2020-11-20 17:49:16.485006

hnwwy6vhb4x >> Start >> 2020-11-20 17:51:34.932516

hnwwy6vhb4x >> Image Returned >> 2020-11-20 17:51:34.935693

hnwwy6vhb4x >> End >> 2020-11-20 17:51:35.131644

ujucvybrvg8 >> Start >> 2020-11-20 17:54:19.653050

ujucvybrvg8 >> Image Returned >> 2020-11-20 17:54:19.656447

ujucvybrvg8 >> End >> 2020-11-20 17:54:19.857295

c2affqvf28d >> Start >> 2020-11-20 17:54:36.533055

c2affqvf28d >> Image Returned >> 2020-11-20 17:54:36.537923

c2affqvf28d >> End >> 2020-11-20 17:54:36.732758

rj3rjz0xxpq >> Start >> 2020-11-20 17:54:46.425760

rj3rjz0xxpq >> Image Returned >> 2020-11-20 17:54:46.426182

rj3rjz0xxpq >> End >> 2020-11-20 17:54:46.682151

t3yrin3dgc3 >> Start >> 2020-11-20 17:55:32.730253

t3yrin3dgc3 >> Image Returned >> 2020-11-20 17:55:32.733485

t3yrin3dgc3 >> End >> 2020-11-20 17:55:32.926103

3o2xffevdg3 >> Start >> 2020-11-20 17:57:55.374470

3o2xffevdg3 >> Image Returned >> 2020-11-20 17:57:55.377628

3o2xffevdg3 >> End >> 2020-11-20 17:57:55.585827

s343ikbtojw >> Start >> 2020-11-20 18:00:22.649224

s343ikbtojw >> Image Returned >> 2020-11-20 18:00:22.652400

s343ikbtojw >> End >> 2020-11-20 18:00:22.846477

ndxdtxsh8ib >> Start >> 2020-11-20 18:01:20.364500

ndxdtxsh8ib >> Image Returned >> 2020-11-20 18:01:20.367573

ndxdtxsh8ib >> End >> 2020-11-20 18:01:20.575388

wk8qw84xgyu >> Start >> 2020-11-20 18:01:25.790004

wk8qw84xgyu >> Image Returned >> 2020-11-20 18:01:25.790425

wk8qw84xgyu >> End >> 2020-11-20 18:01:25.983669

x8yervkg2gb >> Start >> 2020-11-20 18:01:27.348860

x8yervkg2gb >> Image Returned >> 2020-11-20 18:01:27.349164

x8yervkg2gb >> End >> 2020-11-20 18:01:27.550156

vso5dzyn5vs >> Start >> 2020-11-20 18:01:49.630676

vso5dzyn5vs >> Image Returned >> 2020-11-20 18:01:49.633855

vso5dzyn5vs >> End >> 2020-11-20 18:01:49.841706

k2vy7zs2nks >> Start >> 2020-11-20 18:04:35.344542

k2vy7zs2nks >> Image Returned >> 2020-11-20 18:04:35.347903

k2vy7zs2nks >> End >> 2020-11-20 18:04:35.549973

qedxqrai36q >> Start >> 2020-11-20 18:06:25.390094

qedxqrai36q >> Image Returned >> 2020-11-20 18:06:25.393146

qedxqrai36q >> End >> 2020-11-20 18:06:25.587620

za3va3xmdhn >> Start >> 2020-11-20 18:09:14.646269

za3va3xmdhn >> Image Returned >> 2020-11-20 18:09:14.649698

za3va3xmdhn >> End >> 2020-11-20 18:09:14.842554

qqik5fypot3 >> Start >> 2020-11-20 18:09:27.833678

qqik5fypot3 >> Image Returned >> 2020-11-20 18:09:27.836833

qqik5fypot3 >> End >> 2020-11-20 18:09:28.033962

ku5uphuqjx0 >> Start >> 2020-11-20 18:10:26.681412

ku5uphuqjx0 >> Image Returned >> 2020-11-20 18:10:26.684721

ku5uphuqjx0 >> End >> 2020-11-20 18:10:26.894994

7iv24njmtse >> Start >> 2020-11-20 18:11:56.169704

7iv24njmtse >> Image Returned >> 2020-11-20 18:11:56.173523

7iv24njmtse >> End >> 2020-11-20 18:11:56.368297

o5a4q78zu0x >> Start >> 2020-11-20 18:13:44.860316

o5a4q78zu0x >> Image Returned >> 2020-11-20 18:13:44.863636

o5a4q78zu0x >> End >> 2020-11-20 18:13:45.078975

nmrjchbk3ui >> Start >> 2020-11-20 18:18:20.538034

nmrjchbk3ui >> Image Returned >> 2020-11-20 18:18:20.541348

nmrjchbk3ui >> End >> 2020-11-20 18:18:20.734324

ytuhzzri52u >> Start >> 2020-11-20 18:20:03.342566

ytuhzzri52u >> Image Returned >> 2020-11-20 18:20:03.345839

ytuhzzri52u >> End >> 2020-11-20 18:20:03.554308

0axwcurixbf >> Start >> 2020-11-20 18:20:35.203355

0axwcurixbf >> Image Returned >> 2020-11-20 18:20:35.206491

0axwcurixbf >> End >> 2020-11-20 18:20:35.406902

izxh63gqtf6 >> Start >> 2020-11-20 18:21:46.395802

izxh63gqtf6 >> Image Returned >> 2020-11-20 18:21:46.399084

izxh63gqtf6 >> End >> 2020-11-20 18:21:46.610147

p4fwa6o04sx >> Start >> 2020-11-20 18:22:16.556117

p4fwa6o04sx >> Image Returned >> 2020-11-20 18:22:16.559247

p4fwa6o04sx >> End >> 2020-11-20 18:22:16.835515

47akxsd2cf0 >> Start >> 2020-11-20 18:25:05.362484

47akxsd2cf0 >> Image Returned >> 2020-11-20 18:25:05.366051

47akxsd2cf0 >> End >> 2020-11-20 18:25:05.560708

bkkgcct0uhp >> Start >> 2020-11-20 18:27:35.167319

bkkgcct0uhp >> Image Returned >> 2020-11-20 18:27:35.170605

bkkgcct0uhp >> End >> 2020-11-20 18:27:35.369165

djdg78dy3vz >> Start >> 2020-11-20 18:28:48.483325

djdg78dy3vz >> Image Returned >> 2020-11-20 18:28:48.486740

djdg78dy3vz >> End >> 2020-11-20 18:28:48.676595

pdd6fp6ivny >> Start >> 2020-11-20 18:31:55.741560

pdd6fp6ivny >> Image Returned >> 2020-11-20 18:31:55.744932

pdd6fp6ivny >> End >> 2020-11-20 18:31:55.945820

yp45thqfe6r >> Start >> 2020-11-20 18:32:27.956235

yp45thqfe6r >> Image Returned >> 2020-11-20 18:32:27.959368

yp45thqfe6r >> End >> 2020-11-20 18:32:28.149578

dmkuwx5a7ag >> Start >> 2020-11-20 18:35:07.885895

dmkuwx5a7ag >> Image Returned >> 2020-11-20 18:35:07.889535

dmkuwx5a7ag >> End >> 2020-11-20 18:35:08.104439

v0m66oi72vw >> Start >> 2020-11-20 18:39:42.712001

v0m66oi72vw >> Image Returned >> 2020-11-20 18:39:42.715553

v0m66oi72vw >> End >> 2020-11-20 18:39:42.915494

4esquc23bkm >> Start >> 2020-11-20 18:42:44.853446

4esquc23bkm >> Image Returned >> 2020-11-20 18:42:44.857459

4esquc23bkm >> End >> 2020-11-20 18:42:45.047776

q0wztfz0585 >> Start >> 2020-11-20 18:43:21.609500

q0wztfz0585 >> Image Returned >> 2020-11-20 18:43:21.612684

q0wztfz0585 >> End >> 2020-11-20 18:43:21.802989

xhdognc57w4 >> Start >> 2020-11-20 18:47:27.656477

xhdognc57w4 >> Image Returned >> 2020-11-20 18:47:27.660963

xhdognc57w4 >> End >> 2020-11-20 18:47:27.853557

es5zjrs63rs >> Start >> 2020-11-20 18:47:43.280966

es5zjrs63rs >> Image Returned >> 2020-11-20 18:47:43.284475

es5zjrs63rs >> End >> 2020-11-20 18:47:43.483093

vivmnjoh0ma >> Start >> 2020-11-20 18:47:46.257638

vivmnjoh0ma >> Image Returned >> 2020-11-20 18:47:46.258009

vivmnjoh0ma >> End >> 2020-11-20 18:47:46.456949

vf3hcqvk2gp >> Start >> 2020-11-20 18:49:51.338963

vf3hcqvk2gp >> Image Returned >> 2020-11-20 18:49:51.342142

vf3hcqvk2gp >> End >> 2020-11-20 18:49:51.541986

8cwtnmqv6rq >> Start >> 2020-11-20 18:53:10.657004

8cwtnmqv6rq >> Image Returned >> 2020-11-20 18:53:10.660809

8cwtnmqv6rq >> End >> 2020-11-20 18:53:10.851665

cxsvxx4jzic >> Start >> 2020-11-20 18:55:29.100006

cxsvxx4jzic >> Image Returned >> 2020-11-20 18:55:29.103319

cxsvxx4jzic >> End >> 2020-11-20 18:55:29.309390

c30gjueaxu3 >> Start >> 2020-11-20 18:59:21.148164

c30gjueaxu3 >> Image Returned >> 2020-11-20 18:59:21.151316

c30gjueaxu3 >> End >> 2020-11-20 18:59:21.357706

fz6v7633zcs >> Start >> 2020-11-20 19:04:22.774718

fz6v7633zcs >> Image Returned >> 2020-11-20 19:04:22.778594

fz6v7633zcs >> End >> 2020-11-20 19:04:22.969821

iw8edjf2y5e >> Start >> 2020-11-20 19:08:21.922826

iw8edjf2y5e >> Image Returned >> 2020-11-20 19:08:21.926450

iw8edjf2y5e >> End >> 2020-11-20 19:08:22.129831

wzcjrrhedap >> Start >> 2020-11-20 19:09:25.627659

wzcjrrhedap >> Image Returned >> 2020-11-20 19:09:25.630884

wzcjrrhedap >> End >> 2020-11-20 19:09:25.836095

k68ghrtjfb3 >> Start >> 2020-11-20 19:10:55.240287

k68ghrtjfb3 >> Image Returned >> 2020-11-20 19:10:55.243566

k68ghrtjfb3 >> End >> 2020-11-20 19:10:55.431468

y2po2h75mv8 >> Start >> 2020-11-20 19:13:50.502855

y2po2h75mv8 >> Image Returned >> 2020-11-20 19:13:50.506187

y2po2h75mv8 >> End >> 2020-11-20 19:13:50.722479

sjdfi7c8d2j >> Start >> 2020-11-20 19:14:35.793112

sjdfi7c8d2j >> Image Returned >> 2020-11-20 19:14:35.796202

sjdfi7c8d2j >> End >> 2020-11-20 19:14:35.983616

kg6wppf5h3o >> Start >> 2020-11-20 19:14:47.677006

kg6wppf5h3o >> Image Returned >> 2020-11-20 19:14:47.680200

kg6wppf5h3o >> End >> 2020-11-20 19:14:47.877525

4mr8winmust >> Start >> 2020-11-20 19:17:17.365294

4mr8winmust >> Image Returned >> 2020-11-20 19:17:17.368486

4mr8winmust >> End >> 2020-11-20 19:17:17.571007

qnc43xy73ge >> Start >> 2020-11-20 19:19:57.502350

qnc43xy73ge >> Image Returned >> 2020-11-20 19:19:57.506803

qnc43xy73ge >> End >> 2020-11-20 19:19:57.693830

zk4e0ggev8a >> Start >> 2020-11-20 19:22:37.667181

zk4e0ggev8a >> Image Returned >> 2020-11-20 19:22:37.670516

zk4e0ggev8a >> End >> 2020-11-20 19:22:37.862370

zj07kux6z0k >> Start >> 2020-11-20 19:23:00.987453

zj07kux6z0k >> Image Returned >> 2020-11-20 19:23:00.990942

zj07kux6z0k >> End >> 2020-11-20 19:23:01.190715

kxm647hewpb >> Start >> 2020-11-20 19:24:26.686407

kxm647hewpb >> Image Returned >> 2020-11-20 19:24:26.689584

kxm647hewpb >> End >> 2020-11-20 19:24:26.875170

5dkssrmbv2u >> Start >> 2020-11-20 19:28:40.036998

5dkssrmbv2u >> Image Returned >> 2020-11-20 19:28:40.040621

5dkssrmbv2u >> End >> 2020-11-20 19:28:40.239132

vn0b0d48r7v >> Start >> 2020-11-20 19:32:51.625787

vn0b0d48r7v >> Image Returned >> 2020-11-20 19:32:51.629180

vn0b0d48r7v >> End >> 2020-11-20 19:32:51.760525

xvo7tnywi62 >> Start >> 2020-11-20 19:34:25.282252

xvo7tnywi62 >> Image Returned >> 2020-11-20 19:34:25.285645

xvo7tnywi62 >> End >> 2020-11-20 19:34:25.476866

zryoie5asqq >> Start >> 2020-11-20 19:38:13.998250

zryoie5asqq >> Image Returned >> 2020-11-20 19:38:14.001574

zryoie5asqq >> End >> 2020-11-20 19:38:14.198076

8n0svf4i8hq >> Start >> 2020-11-20 19:39:21.214395

8n0svf4i8hq >> Image Returned >> 2020-11-20 19:39:21.217588

8n0svf4i8hq >> End >> 2020-11-20 19:39:21.477611

cgihz2hqsdk >> Start >> 2020-11-20 19:40:55.119594

cgihz2hqsdk >> Image Returned >> 2020-11-20 19:40:55.122782

cgihz2hqsdk >> End >> 2020-11-20 19:40:55.320966

0576iy8o5wv >> Start >> 2020-11-20 19:42:16.071014

0576iy8o5wv >> Image Returned >> 2020-11-20 19:42:16.074285

0576iy8o5wv >> End >> 2020-11-20 19:42:16.261486

g8o8gzygi0c >> Start >> 2020-11-20 19:49:29.116560

g8o8gzygi0c >> Image Returned >> 2020-11-20 19:49:29.119832

g8o8gzygi0c >> End >> 2020-11-20 19:49:29.309966

jrgrh66ic6u >> Start >> 2020-11-20 19:52:40.303296

jrgrh66ic6u >> Image Returned >> 2020-11-20 19:52:40.306864

jrgrh66ic6u >> End >> 2020-11-20 19:52:40.509036

ws78e4pj3uo >> Start >> 2020-11-20 19:53:58.697999

ws78e4pj3uo >> Image Returned >> 2020-11-20 19:53:58.701271

ws78e4pj3uo >> End >> 2020-11-20 19:53:58.889952

axxqrag3h84 >> Start >> 2020-11-20 19:56:44.888986

axxqrag3h84 >> Image Returned >> 2020-11-20 19:56:44.892558

axxqrag3h84 >> End >> 2020-11-20 19:56:45.083986

34puw57b3rr >> Start >> 2020-11-20 19:58:56.605540

34puw57b3rr >> Image Returned >> 2020-11-20 19:58:56.608630

34puw57b3rr >> End >> 2020-11-20 19:58:56.807137

crbhxbm7jhm >> Start >> 2020-11-20 20:05:15.427771

crbhxbm7jhm >> Image Returned >> 2020-11-20 20:05:15.431193

crbhxbm7jhm >> End >> 2020-11-20 20:05:15.629688

yugfcebw4yq >> Start >> 2020-11-20 20:11:33.992981

yugfcebw4yq >> Image Returned >> 2020-11-20 20:11:33.996151

yugfcebw4yq >> End >> 2020-11-20 20:11:34.190924

fbitntv0is7 >> Start >> 2020-11-20 20:12:30.462949

fbitntv0is7 >> Image Returned >> 2020-11-20 20:12:30.466135

fbitntv0is7 >> End >> 2020-11-20 20:12:30.674232

xdfzjgydc2m >> Start >> 2020-11-20 20:16:02.272538

xdfzjgydc2m >> Image Returned >> 2020-11-20 20:16:02.275691

xdfzjgydc2m >> End >> 2020-11-20 20:16:02.472103

wd3kznxgtbw >> Start >> 2020-11-20 20:16:04.213154

wd3kznxgtbw >> Image Returned >> 2020-11-20 20:16:04.213434

wd3kznxgtbw >> End >> 2020-11-20 20:16:04.402781

zod2haddxwt >> Start >> 2020-11-20 20:17:20.128809

zod2haddxwt >> Image Returned >> 2020-11-20 20:17:20.131987

zod2haddxwt >> End >> 2020-11-20 20:17:20.321791

gjub25ksdz2 >> Start >> 2020-11-20 20:18:14.545289

gjub25ksdz2 >> Image Returned >> 2020-11-20 20:18:14.548645

gjub25ksdz2 >> End >> 2020-11-20 20:18:14.819413

z0suu0umbr5 >> Start >> 2020-11-20 20:19:15.247843

z0suu0umbr5 >> Image Returned >> 2020-11-20 20:19:15.251065

z0suu0umbr5 >> End >> 2020-11-20 20:19:15.440351

2cadcrhhm37 >> Start >> 2020-11-20 20:19:19.902329

2cadcrhhm37 >> Image Returned >> 2020-11-20 20:19:19.902614

2cadcrhhm37 >> End >> 2020-11-20 20:19:20.098648

oc760jewecm >> Start >> 2020-11-20 20:20:12.455797

oc760jewecm >> Image Returned >> 2020-11-20 20:20:12.459327

oc760jewecm >> End >> 2020-11-20 20:20:12.652911

pyqhdw4t7v7 >> Start >> 2020-11-20 20:22:13.037930

pyqhdw4t7v7 >> Image Returned >> 2020-11-20 20:22:13.041363

pyqhdw4t7v7 >> End >> 2020-11-20 20:22:13.241729

5wygts23ecw >> Start >> 2020-11-20 20:27:08.986038

5wygts23ecw >> Image Returned >> 2020-11-20 20:27:08.989510

5wygts23ecw >> End >> 2020-11-20 20:27:09.179666

nrxxs25kw3s >> Start >> 2020-11-20 20:27:09.285948

nrxxs25kw3s >> Image Returned >> 2020-11-20 20:27:09.286236

nrxxs25kw3s >> End >> 2020-11-20 20:27:09.482656

fb27pxjb87w >> Start >> 2020-11-20 20:27:40.452464

fb27pxjb87w >> Image Returned >> 2020-11-20 20:27:40.456192

fb27pxjb87w >> End >> 2020-11-20 20:27:40.583452

cs2etoso32c >> Start >> 2020-11-20 20:31:03.751857

cs2etoso32c >> Image Returned >> 2020-11-20 20:31:03.755261

cs2etoso32c >> End >> 2020-11-20 20:31:03.947045

3baz0etxmds >> Start >> 2020-11-20 20:32:39.453419

3baz0etxmds >> Image Returned >> 2020-11-20 20:32:39.456918

3baz0etxmds >> End >> 2020-11-20 20:32:39.649983

4mfs8dgo7m6 >> Start >> 2020-11-20 20:33:07.541846

4mfs8dgo7m6 >> Image Returned >> 2020-11-20 20:33:07.545063

4mfs8dgo7m6 >> End >> 2020-11-20 20:33:07.792103

fd0aieep6fo >> Start >> 2020-11-20 20:34:26.365156

fd0aieep6fo >> Image Returned >> 2020-11-20 20:34:26.368449

fd0aieep6fo >> End >> 2020-11-20 20:34:26.558193

gmcw2qwvbfk >> Start >> 2020-11-20 20:38:14.774130

gmcw2qwvbfk >> Image Returned >> 2020-11-20 20:38:14.777514

gmcw2qwvbfk >> End >> 2020-11-20 20:38:14.964709

i6oya4taioy >> Start >> 2020-11-20 20:39:12.398993

i6oya4taioy >> Image Returned >> 2020-11-20 20:39:12.402643

obz52p5m75e >> Start >> 2020-11-20 20:39:12.412148

obz52p5m75e >> Image Returned >> 2020-11-20 20:39:12.415357

obz52p5m75e >> End >> 2020-11-20 20:39:12.615189

i6oya4taioy >> End >> 2020-11-20 20:39:12.633436

woyvkoms3mt >> Start >> 2020-11-20 20:48:44.775510

woyvkoms3mt >> Image Returned >> 2020-11-20 20:48:44.779203

woyvkoms3mt >> End >> 2020-11-20 20:48:44.975670

2bcygzjjrjh >> Start >> 2020-11-20 20:49:46.947594

2bcygzjjrjh >> Image Returned >> 2020-11-20 20:49:46.951072

2bcygzjjrjh >> End >> 2020-11-20 20:49:47.194073

j4yzf4s0mey >> Start >> 2020-11-20 20:53:51.798146

j4yzf4s0mey >> Image Returned >> 2020-11-20 20:53:51.801604

j4yzf4s0mey >> End >> 2020-11-20 20:53:51.991797

p08yutzdus7 >> Start >> 2020-11-20 20:59:05.730647

p08yutzdus7 >> Image Returned >> 2020-11-20 20:59:05.733928

p08yutzdus7 >> End >> 2020-11-20 20:59:05.955848

h3fuxrpgexa >> Start >> 2020-11-20 21:00:42.869174

h3fuxrpgexa >> Image Returned >> 2020-11-20 21:00:42.872626

h3fuxrpgexa >> End >> 2020-11-20 21:00:43.167694

rgoy52urx8s >> Start >> 2020-11-20 21:03:35.211622

rgoy52urx8s >> Image Returned >> 2020-11-20 21:03:35.214915

rgoy52urx8s >> End >> 2020-11-20 21:03:35.405167

edbr6zi0bfe >> Start >> 2020-11-20 21:04:10.669171

edbr6zi0bfe >> Image Returned >> 2020-11-20 21:04:10.672678

edbr6zi0bfe >> End >> 2020-11-20 21:04:10.881722

avtwnr5bk33 >> Start >> 2020-11-20 21:07:42.036945

avtwnr5bk33 >> Image Returned >> 2020-11-20 21:07:42.040632

avtwnr5bk33 >> End >> 2020-11-20 21:07:42.239708

2b6iasuh83e >> Start >> 2020-11-20 21:07:52.120762

2b6iasuh83e >> Image Returned >> 2020-11-20 21:07:52.121113

2b6iasuh83e >> End >> 2020-11-20 21:07:52.315005

ugagvnz3zaj >> Start >> 2020-11-20 21:11:12.380563

ugagvnz3zaj >> Image Returned >> 2020-11-20 21:11:12.383934

ugagvnz3zaj >> End >> 2020-11-20 21:11:12.587219

zoau2csw5xd >> Start >> 2020-11-20 21:11:12.774477

zoau2csw5xd >> Image Returned >> 2020-11-20 21:11:12.774774

zoau2csw5xd >> End >> 2020-11-20 21:11:12.962605

vq3pawaprgr >> Start >> 2020-11-20 21:12:47.125199

vq3pawaprgr >> Image Returned >> 2020-11-20 21:12:47.128923

vq3pawaprgr >> End >> 2020-11-20 21:12:47.327729

kofz6332ee8 >> Start >> 2020-11-20 21:13:34.915738

kofz6332ee8 >> Image Returned >> 2020-11-20 21:13:34.919125

kofz6332ee8 >> End >> 2020-11-20 21:13:35.107901

j0ax5qknpxx >> Start >> 2020-11-20 21:17:31.574357

j0ax5qknpxx >> Image Returned >> 2020-11-20 21:17:31.577605

j0ax5qknpxx >> End >> 2020-11-20 21:17:31.775021

dgubv25efsh >> Start >> 2020-11-20 21:19:40.186037

dgubv25efsh >> Image Returned >> 2020-11-20 21:19:40.189449

dgubv25efsh >> End >> 2020-11-20 21:19:40.378566

i52zdbovvuw >> Start >> 2020-11-20 21:22:49.418783

i52zdbovvuw >> Image Returned >> 2020-11-20 21:22:49.422625

i52zdbovvuw >> End >> 2020-11-20 21:22:49.611665

wbp4hpypzyv >> Start >> 2020-11-20 21:23:43.521455

wbp4hpypzyv >> Image Returned >> 2020-11-20 21:23:43.524961

wbp4hpypzyv >> End >> 2020-11-20 21:23:43.723063

2jrzdpiee0o >> Start >> 2020-11-20 21:24:55.656068

2jrzdpiee0o >> Image Returned >> 2020-11-20 21:24:55.659581

2jrzdpiee0o >> End >> 2020-11-20 21:24:55.857772

m5vay7b6663 >> Start >> 2020-11-20 21:29:35.195482

m5vay7b6663 >> Image Returned >> 2020-11-20 21:29:35.198707

m5vay7b6663 >> End >> 2020-11-20 21:29:35.403906

nasfv3b5qmm >> Start >> 2020-11-20 21:29:53.363902

nasfv3b5qmm >> Image Returned >> 2020-11-20 21:29:53.367345

nasfv3b5qmm >> End >> 2020-11-20 21:29:53.559205

ixtpujkdw36 >> Start >> 2020-11-20 21:31:22.728188

ixtpujkdw36 >> Image Returned >> 2020-11-20 21:31:22.731523

ixtpujkdw36 >> End >> 2020-11-20 21:31:22.932615

vtyn7pmox7i >> Start >> 2020-11-20 21:31:48.854721

vtyn7pmox7i >> Image Returned >> 2020-11-20 21:31:48.858414

vtyn7pmox7i >> End >> 2020-11-20 21:31:49.055826

in6d034tfkt >> Start >> 2020-11-20 21:35:01.066085

in6d034tfkt >> Image Returned >> 2020-11-20 21:35:01.069780

in6d034tfkt >> End >> 2020-11-20 21:35:01.265208

6nkfpqz0ofe >> Start >> 2020-11-20 21:38:57.811371

6nkfpqz0ofe >> Image Returned >> 2020-11-20 21:38:57.814944

6nkfpqz0ofe >> End >> 2020-11-20 21:38:58.012727

njqboiddro4 >> Start >> 2020-11-20 21:46:32.438939

njqboiddro4 >> Image Returned >> 2020-11-20 21:46:32.442256

njqboiddro4 >> End >> 2020-11-20 21:46:32.630825

xbyy7v8x3uf >> Start >> 2020-11-20 21:46:57.871071

xbyy7v8x3uf >> Image Returned >> 2020-11-20 21:46:57.874660

xbyy7v8x3uf >> End >> 2020-11-20 21:46:58.063417

mbeuhjsgti5 >> Start >> 2020-11-20 21:50:43.529668

mbeuhjsgti5 >> Image Returned >> 2020-11-20 21:50:43.533055

mbeuhjsgti5 >> End >> 2020-11-20 21:50:43.726142

pn44ou4pcfj >> Start >> 2020-11-20 21:51:00.338036

pn44ou4pcfj >> Image Returned >> 2020-11-20 21:51:00.341840

pn44ou4pcfj >> End >> 2020-11-20 21:51:00.535785

aqkxmyypfw7 >> Start >> 2020-11-20 21:58:51.447458

aqkxmyypfw7 >> Image Returned >> 2020-11-20 21:58:51.451466

aqkxmyypfw7 >> End >> 2020-11-20 21:58:51.654504

ac7mxntk0f3 >> Start >> 2020-11-20 22:08:13.392608

ac7mxntk0f3 >> Image Returned >> 2020-11-20 22:08:13.397339

ac7mxntk0f3 >> End >> 2020-11-20 22:08:13.531462

jup3ufuzxwr >> Start >> 2020-11-20 22:09:31.172168

jup3ufuzxwr >> Image Returned >> 2020-11-20 22:09:31.175474

jup3ufuzxwr >> End >> 2020-11-20 22:09:31.374759

ox4zqqb6aaa >> Start >> 2020-11-20 22:10:09.571006

ox4zqqb6aaa >> Image Returned >> 2020-11-20 22:10:09.574449

ox4zqqb6aaa >> End >> 2020-11-20 22:10:09.769349

zqv7jx6i0os >> Start >> 2020-11-20 22:12:49.066606

zqv7jx6i0os >> Image Returned >> 2020-11-20 22:12:49.070139

zqv7jx6i0os >> End >> 2020-11-20 22:12:49.265181

zbi037sxqmb >> Start >> 2020-11-20 22:13:00.232163

zbi037sxqmb >> Image Returned >> 2020-11-20 22:13:00.232450

zbi037sxqmb >> End >> 2020-11-20 22:13:00.490843

4mr8ezfsdya >> Start >> 2020-11-20 22:13:00.606528

4mr8ezfsdya >> Image Returned >> 2020-11-20 22:13:00.606803

4mr8ezfsdya >> End >> 2020-11-20 22:13:00.886820

zhs8vz8zsg5 >> Start >> 2020-11-20 22:13:27.139625

zhs8vz8zsg5 >> Image Returned >> 2020-11-20 22:13:27.142955

zhs8vz8zsg5 >> End >> 2020-11-20 22:13:27.335426

wicqat7w33j >> Start >> 2020-11-20 22:15:08.690238

wicqat7w33j >> Image Returned >> 2020-11-20 22:15:08.693851

wicqat7w33j >> End >> 2020-11-20 22:15:08.889285

20ajooqz005 >> Start >> 2020-11-20 22:16:23.490000

20ajooqz005 >> Image Returned >> 2020-11-20 22:16:23.493340

20ajooqz005 >> End >> 2020-11-20 22:16:23.686374

3fbxorxi3xg >> Start >> 2020-11-20 22:17:26.523507

3fbxorxi3xg >> Image Returned >> 2020-11-20 22:17:26.526936

3fbxorxi3xg >> End >> 2020-11-20 22:17:26.724526

cuw7pda2wbk >> Start >> 2020-11-20 22:18:02.890145

cuw7pda2wbk >> Image Returned >> 2020-11-20 22:18:02.893609

cuw7pda2wbk >> End >> 2020-11-20 22:18:03.121303

if0jo5m876h >> Start >> 2020-11-20 22:18:20.135345

if0jo5m876h >> Image Returned >> 2020-11-20 22:18:20.138683

if0jo5m876h >> End >> 2020-11-20 22:18:20.335236

jui2rmda3ef >> Start >> 2020-11-20 22:20:11.229465

jui2rmda3ef >> Image Returned >> 2020-11-20 22:20:11.232911

jui2rmda3ef >> End >> 2020-11-20 22:20:11.425947

azhdbmnfn2b >> Start >> 2020-11-20 22:20:37.959377

azhdbmnfn2b >> Image Returned >> 2020-11-20 22:20:37.962692

azhdbmnfn2b >> End >> 2020-11-20 22:20:38.155364

bmat0r0zra2 >> Start >> 2020-11-20 22:20:51.100307

bmat0r0zra2 >> Image Returned >> 2020-11-20 22:20:51.103785

bmat0r0zra2 >> End >> 2020-11-20 22:20:51.295291

46cawwp8yc7 >> Start >> 2020-11-20 22:23:49.341010

46cawwp8yc7 >> Image Returned >> 2020-11-20 22:23:49.345037

46cawwp8yc7 >> End >> 2020-11-20 22:23:49.546686

wucq6ft52sj >> Start >> 2020-11-20 22:23:59.309132

wucq6ft52sj >> Image Returned >> 2020-11-20 22:23:59.309413

wucq6ft52sj >> End >> 2020-11-20 22:23:59.514655

zptsv3dysw5 >> Start >> 2020-11-20 22:24:28.827456

zptsv3dysw5 >> Image Returned >> 2020-11-20 22:24:28.830748

zptsv3dysw5 >> End >> 2020-11-20 22:24:29.038367

4sp66fwzepx >> Start >> 2020-11-20 22:27:15.436788

4sp66fwzepx >> Image Returned >> 2020-11-20 22:27:15.440105

4sp66fwzepx >> End >> 2020-11-20 22:27:15.635775

na8r03etsub >> Start >> 2020-11-20 22:36:34.717178

na8r03etsub >> Image Returned >> 2020-11-20 22:36:34.721261

na8r03etsub >> End >> 2020-11-20 22:36:34.914992

jnk6jx7uryq >> Start >> 2020-11-20 22:37:08.995918

jnk6jx7uryq >> Image Returned >> 2020-11-20 22:37:08.999422

jnk6jx7uryq >> End >> 2020-11-20 22:37:09.188405

rh7okmifjyo >> Start >> 2020-11-20 22:39:25.477648

rh7okmifjyo >> Image Returned >> 2020-11-20 22:39:25.481024

rh7okmifjyo >> End >> 2020-11-20 22:39:25.676362

bdjefimuptz >> Start >> 2020-11-20 22:45:36.970527

bdjefimuptz >> Image Returned >> 2020-11-20 22:45:36.974391

bdjefimuptz >> End >> 2020-11-20 22:45:37.158107

4y0p2z3eqdu >> Start >> 2020-11-20 22:48:00.615339

4y0p2z3eqdu >> Image Returned >> 2020-11-20 22:48:00.618956

4y0p2z3eqdu >> End >> 2020-11-20 22:48:00.827044

j7ve2x8t202 >> Start >> 2020-11-20 22:50:03.309868

j7ve2x8t202 >> Image Returned >> 2020-11-20 22:50:03.313637

j7ve2x8t202 >> End >> 2020-11-20 22:50:03.535445

pnvqewjc74m >> Start >> 2020-11-20 22:50:35.910914

pnvqewjc74m >> Image Returned >> 2020-11-20 22:50:35.914294

pnvqewjc74m >> End >> 2020-11-20 22:50:36.111119

dq3hrrt4yru >> Start >> 2020-11-20 22:51:03.267512

dq3hrrt4yru >> Image Returned >> 2020-11-20 22:51:03.270937

ts6j5cxc4z0 >> Start >> 2020-11-20 22:51:03.453476

ts6j5cxc4z0 >> Image Returned >> 2020-11-20 22:51:03.456868

dq3hrrt4yru >> End >> 2020-11-20 22:51:03.484263

ts6j5cxc4z0 >> End >> 2020-11-20 22:51:03.682946

sjgaeaawtfh >> Start >> 2020-11-20 22:51:37.254935

sjgaeaawtfh >> Image Returned >> 2020-11-20 22:51:37.258243

sjgaeaawtfh >> End >> 2020-11-20 22:51:37.527848

ur4x782gr7e >> Start >> 2020-11-20 22:52:15.543706

ur4x782gr7e >> Image Returned >> 2020-11-20 22:52:15.547213

ur4x782gr7e >> End >> 2020-11-20 22:52:15.763298

8qdzihhdogt >> Start >> 2020-11-20 22:56:48.375611

8qdzihhdogt >> Image Returned >> 2020-11-20 22:56:48.380436

8qdzihhdogt >> End >> 2020-11-20 22:56:48.578614

d462yy4ozm2 >> Start >> 2020-11-20 22:58:58.223675

d462yy4ozm2 >> Image Returned >> 2020-11-20 22:58:58.227547

d462yy4ozm2 >> End >> 2020-11-20 22:58:58.418100

4cpxxmkdvgf >> Start >> 2020-11-20 22:59:08.640917

4cpxxmkdvgf >> Image Returned >> 2020-11-20 22:59:08.641247

4cpxxmkdvgf >> End >> 2020-11-20 22:59:08.835352

mvy82ppbcvp >> Start >> 2020-11-20 23:01:50.131694

mvy82ppbcvp >> Image Returned >> 2020-11-20 23:01:50.135421

mvy82ppbcvp >> End >> 2020-11-20 23:01:50.329684

8a5moxugiy0 >> Start >> 2020-11-20 23:04:50.253443

8a5moxugiy0 >> Image Returned >> 2020-11-20 23:04:50.256979

8a5moxugiy0 >> End >> 2020-11-20 23:04:50.449507

zcz34iuhv3n >> Start >> 2020-11-20 23:05:52.812783

zcz34iuhv3n >> Image Returned >> 2020-11-20 23:05:52.816857

zcz34iuhv3n >> End >> 2020-11-20 23:05:53.026304

c7rmqp5fq30 >> Start >> 2020-11-20 23:11:18.979918

c7rmqp5fq30 >> Image Returned >> 2020-11-20 23:11:18.983561

c7rmqp5fq30 >> End >> 2020-11-20 23:11:19.219252

s06mztyvxue >> Start >> 2020-11-20 23:13:07.457174

s06mztyvxue >> Image Returned >> 2020-11-20 23:13:07.460510

s06mztyvxue >> End >> 2020-11-20 23:13:07.665144

6vm333s2h48 >> Start >> 2020-11-20 23:15:19.154009

6vm333s2h48 >> Image Returned >> 2020-11-20 23:15:19.157807

6vm333s2h48 >> End >> 2020-11-20 23:15:19.351042

roubpv4akpo >> Start >> 2020-11-20 23:21:26.583683

roubpv4akpo >> Image Returned >> 2020-11-20 23:21:26.587481

roubpv4akpo >> End >> 2020-11-20 23:21:26.779505

fq60e6zmre2 >> Start >> 2020-11-20 23:23:02.739821

fq60e6zmre2 >> Image Returned >> 2020-11-20 23:23:02.745054

fq60e6zmre2 >> End >> 2020-11-20 23:23:02.949029

nf0j7ggrpw8 >> Start >> 2020-11-20 23:24:36.716829

nf0j7ggrpw8 >> Image Returned >> 2020-11-20 23:24:36.720228

nf0j7ggrpw8 >> End >> 2020-11-20 23:24:36.914321

xzjkk7so3au >> Start >> 2020-11-20 23:25:27.484486

xzjkk7so3au >> Image Returned >> 2020-11-20 23:25:27.487912

xzjkk7so3au >> End >> 2020-11-20 23:25:27.682069

nmij0sycoss >> Start >> 2020-11-20 23:27:50.928013

nmij0sycoss >> Image Returned >> 2020-11-20 23:27:50.931852

nmij0sycoss >> End >> 2020-11-20 23:27:51.146987

kcxafv7jj2w >> Start >> 2020-11-20 23:36:54.277597

kcxafv7jj2w >> Image Returned >> 2020-11-20 23:36:54.281680

kcxafv7jj2w >> End >> 2020-11-20 23:36:54.504749

7xnu3xon0f7 >> Start >> 2020-11-20 23:37:12.751533

7xnu3xon0f7 >> Image Returned >> 2020-11-20 23:37:12.754914

7xnu3xon0f7 >> End >> 2020-11-20 23:37:12.971992

m4o2qqkm7sz >> Start >> 2020-11-20 23:37:46.119573

m4o2qqkm7sz >> Image Returned >> 2020-11-20 23:37:46.122967

m4o2qqkm7sz >> End >> 2020-11-20 23:37:46.307216

cuq6p5i4we2 >> Start >> 2020-11-20 23:39:42.684854

cuq6p5i4we2 >> Image Returned >> 2020-11-20 23:39:42.688241

cuq6p5i4we2 >> End >> 2020-11-20 23:39:42.930248

k0crmfjh4mp >> Start >> 2020-11-20 23:46:13.705348

k0crmfjh4mp >> Image Returned >> 2020-11-20 23:46:13.708777

k0crmfjh4mp >> End >> 2020-11-20 23:46:13.933303

gxzryqn4o28 >> Start >> 2020-11-20 23:54:00.134064

gxzryqn4o28 >> Image Returned >> 2020-11-20 23:54:00.136708

gxzryqn4o28 >> End >> 2020-11-20 23:54:00.329699

4tuet0ud288 >> Start >> 2020-11-20 23:57:19.049726

4tuet0ud288 >> Image Returned >> 2020-11-20 23:57:19.053736

4tuet0ud288 >> End >> 2020-11-20 23:57:19.245959

