4khq0y3ggnt >> Start >> 2020-09-03 00:02:44.431042

4khq0y3ggnt >> Image Returned >> 2020-09-03 00:02:44.435121

4khq0y3ggnt >> End >> 2020-09-03 00:02:44.588222

2gh4d4eidug >> Start >> 2020-09-03 00:34:48.388325

2gh4d4eidug >> Image Returned >> 2020-09-03 00:34:48.392141

2gh4d4eidug >> End >> 2020-09-03 00:34:48.548075

iyhwp4ipiiv >> Start >> 2020-09-03 00:49:21.426496

iyhwp4ipiiv >> Image Returned >> 2020-09-03 00:49:21.430597

iyhwp4ipiiv >> End >> 2020-09-03 00:49:21.575805

nzqo24pqmzd >> Start >> 2020-09-03 00:50:47.828567

nzqo24pqmzd >> Image Returned >> 2020-09-03 00:50:47.832523

nzqo24pqmzd >> End >> 2020-09-03 00:50:47.981359

tkm3ti7ivm6 >> Start >> 2020-09-03 00:51:35.904711

tkm3ti7ivm6 >> Image Returned >> 2020-09-03 00:51:35.908703

tkm3ti7ivm6 >> End >> 2020-09-03 00:51:36.052700

3fwbvuzmwzw >> Start >> 2020-09-03 00:54:13.006248

3fwbvuzmwzw >> Image Returned >> 2020-09-03 00:54:13.010708

3fwbvuzmwzw >> End >> 2020-09-03 00:54:13.157427

nh8kozki7qr >> Start >> 2020-09-03 01:11:37.325154

nh8kozki7qr >> Image Returned >> 2020-09-03 01:11:37.329118

nh8kozki7qr >> End >> 2020-09-03 01:11:37.482594

7cty8adg65c >> Start >> 2020-09-03 01:14:19.818030

7cty8adg65c >> Image Returned >> 2020-09-03 01:14:19.821471

7cty8adg65c >> End >> 2020-09-03 01:14:19.971179

5ksbhhtmuxz >> Start >> 2020-09-03 02:24:52.105839

5ksbhhtmuxz >> Image Returned >> 2020-09-03 02:24:52.110449

5ksbhhtmuxz >> End >> 2020-09-03 02:24:52.271915

26an4056e5s >> Start >> 2020-09-03 02:28:14.784934

26an4056e5s >> Image Returned >> 2020-09-03 02:28:14.788456

26an4056e5s >> End >> 2020-09-03 02:28:14.935981

70357zni2xy >> Start >> 2020-09-03 02:59:55.599165

70357zni2xy >> Image Returned >> 2020-09-03 02:59:55.603049

70357zni2xy >> End >> 2020-09-03 02:59:55.765613

mg0z55tuisw >> Start >> 2020-09-03 03:34:46.499167

mg0z55tuisw >> Image Returned >> 2020-09-03 03:34:46.504178

mg0z55tuisw >> End >> 2020-09-03 03:34:46.657269

m8cod24y8j7 >> Start >> 2020-09-03 03:45:02.478909

m8cod24y8j7 >> Image Returned >> 2020-09-03 03:45:02.482841

m8cod24y8j7 >> End >> 2020-09-03 03:45:02.631103

k0q6nwfzzev >> Start >> 2020-09-03 03:48:00.712733

k0q6nwfzzev >> Image Returned >> 2020-09-03 03:48:00.716023

k0q6nwfzzev >> End >> 2020-09-03 03:48:00.873826

yqvuai27pw5 >> Start >> 2020-09-03 03:49:13.135426

yqvuai27pw5 >> Image Returned >> 2020-09-03 03:49:13.139153

yqvuai27pw5 >> End >> 2020-09-03 03:49:13.292340

f5f34tsv22x >> Start >> 2020-09-03 04:33:40.715420

f5f34tsv22x >> Image Returned >> 2020-09-03 04:33:40.719261

f5f34tsv22x >> End >> 2020-09-03 04:33:40.867638

6or5uv0uzo6 >> Start >> 2020-09-03 04:35:38.742948

6or5uv0uzo6 >> Image Returned >> 2020-09-03 04:35:38.747606

6or5uv0uzo6 >> End >> 2020-09-03 04:35:38.895569

iwh0j7gnuct >> Start >> 2020-09-03 04:37:27.042027

iwh0j7gnuct >> Image Returned >> 2020-09-03 04:37:27.045253

iwh0j7gnuct >> End >> 2020-09-03 04:37:27.198908

5j2b4m7jvjh >> Start >> 2020-09-03 05:04:57.509721

5j2b4m7jvjh >> Image Returned >> 2020-09-03 05:04:57.514128

5j2b4m7jvjh >> End >> 2020-09-03 05:04:57.687581

oau206847ox >> Start >> 2020-09-03 05:11:55.937932

oau206847ox >> Image Returned >> 2020-09-03 05:11:55.941380

oau206847ox >> End >> 2020-09-03 05:11:56.091207

i6kshfb5zbn >> Start >> 2020-09-03 05:16:40.483042

i6kshfb5zbn >> Image Returned >> 2020-09-03 05:16:40.486598

i6kshfb5zbn >> End >> 2020-09-03 05:16:40.636231

8uuf2fx4csv >> Start >> 2020-09-03 05:17:53.028260

8uuf2fx4csv >> Image Returned >> 2020-09-03 05:17:53.032455

8uuf2fx4csv >> End >> 2020-09-03 05:17:53.190488

n8x56xahssf >> Start >> 2020-09-03 05:18:12.871795

n8x56xahssf >> Image Returned >> 2020-09-03 05:18:12.875005

n8x56xahssf >> End >> 2020-09-03 05:18:13.021959

ndruhydt7z5 >> Start >> 2020-09-03 05:24:15.404620

ndruhydt7z5 >> Image Returned >> 2020-09-03 05:24:15.408193

ndruhydt7z5 >> End >> 2020-09-03 05:24:15.561001

0dbekrmzqwv >> Start >> 2020-09-03 05:24:33.429819

0dbekrmzqwv >> Image Returned >> 2020-09-03 05:24:33.433326

0dbekrmzqwv >> End >> 2020-09-03 05:24:33.585402

65kt08rpo7d >> Start >> 2020-09-03 05:24:48.975275

65kt08rpo7d >> Image Returned >> 2020-09-03 05:24:48.978574

65kt08rpo7d >> End >> 2020-09-03 05:24:49.134438

wq0brmgfuup >> Start >> 2020-09-03 05:41:58.510962

wq0brmgfuup >> Image Returned >> 2020-09-03 05:41:58.515382

wq0brmgfuup >> End >> 2020-09-03 05:41:58.675645

begxsee7u7d >> Start >> 2020-09-03 05:51:43.262481

begxsee7u7d >> Image Returned >> 2020-09-03 05:51:43.266412

begxsee7u7d >> End >> 2020-09-03 05:51:43.417572

j37tzbgxo27 >> Start >> 2020-09-03 05:55:39.947170

j37tzbgxo27 >> Image Returned >> 2020-09-03 05:55:39.950644

j37tzbgxo27 >> End >> 2020-09-03 05:55:40.106271

hek3jnzgtmh >> Start >> 2020-09-03 05:56:24.648513

hek3jnzgtmh >> Image Returned >> 2020-09-03 05:56:24.652271

hek3jnzgtmh >> End >> 2020-09-03 05:56:24.804792

50utw2bd2do >> Start >> 2020-09-03 05:57:38.219486

50utw2bd2do >> Image Returned >> 2020-09-03 05:57:38.223030

50utw2bd2do >> End >> 2020-09-03 05:57:38.355420

mtken8qqw2r >> Start >> 2020-09-03 06:04:43.850406

mtken8qqw2r >> Image Returned >> 2020-09-03 06:04:43.854708

mtken8qqw2r >> End >> 2020-09-03 06:04:44.011895

0rzv48vh0m3 >> Start >> 2020-09-03 06:06:31.073101

0rzv48vh0m3 >> Image Returned >> 2020-09-03 06:06:31.076332

0rzv48vh0m3 >> End >> 2020-09-03 06:06:31.227533

i3eqm7b0v0h >> Start >> 2020-09-03 06:08:23.860507

i3eqm7b0v0h >> Image Returned >> 2020-09-03 06:08:23.865104

i3eqm7b0v0h >> End >> 2020-09-03 06:08:24.016616

w5fvahkiwhw >> Start >> 2020-09-03 06:18:02.463588

w5fvahkiwhw >> Image Returned >> 2020-09-03 06:18:02.468036

w5fvahkiwhw >> End >> 2020-09-03 06:18:02.658369

z2608z2dt56 >> Start >> 2020-09-03 06:18:22.985249

z2608z2dt56 >> Image Returned >> 2020-09-03 06:18:22.988410

z2608z2dt56 >> End >> 2020-09-03 06:18:23.146650

3nm5b36udfi >> Start >> 2020-09-03 06:35:32.581558

3nm5b36udfi >> Image Returned >> 2020-09-03 06:35:32.585211

3nm5b36udfi >> End >> 2020-09-03 06:35:32.743906

bieac7w6po6 >> Start >> 2020-09-03 06:51:07.136709

bieac7w6po6 >> Image Returned >> 2020-09-03 06:51:07.140230

bieac7w6po6 >> End >> 2020-09-03 06:51:07.314615

6up8bp5iuho >> Start >> 2020-09-03 06:55:52.881562

6up8bp5iuho >> Image Returned >> 2020-09-03 06:55:52.886392

6up8bp5iuho >> End >> 2020-09-03 06:55:53.052187

f7aeyi4xyb8 >> Start >> 2020-09-03 06:56:25.656038

f7aeyi4xyb8 >> Image Returned >> 2020-09-03 06:56:25.659198

f7aeyi4xyb8 >> End >> 2020-09-03 06:56:25.814476

0rmenws8ggs >> Start >> 2020-09-03 07:01:20.261924

0rmenws8ggs >> Image Returned >> 2020-09-03 07:01:20.265126

0rmenws8ggs >> End >> 2020-09-03 07:01:20.424838

irdkra20m5b >> Start >> 2020-09-03 07:01:36.060071

irdkra20m5b >> Image Returned >> 2020-09-03 07:01:36.063282

irdkra20m5b >> End >> 2020-09-03 07:01:36.219557

0z757wtraez >> Start >> 2020-09-03 07:02:30.155678

0z757wtraez >> Image Returned >> 2020-09-03 07:02:30.159147

0z757wtraez >> End >> 2020-09-03 07:02:30.313046

z7t8o8ctha2 >> Start >> 2020-09-03 07:07:04.530713

z7t8o8ctha2 >> Image Returned >> 2020-09-03 07:07:04.537059

z7t8o8ctha2 >> End >> 2020-09-03 07:07:04.694035

ih06ue68brv >> Start >> 2020-09-03 07:07:48.642697

ih06ue68brv >> Image Returned >> 2020-09-03 07:07:48.646635

ih06ue68brv >> End >> 2020-09-03 07:07:48.798928

kabbw3w6w75 >> Start >> 2020-09-03 07:10:27.129667

kabbw3w6w75 >> Image Returned >> 2020-09-03 07:10:27.132915

kabbw3w6w75 >> End >> 2020-09-03 07:10:27.297563

2zdo4hrz38a >> Start >> 2020-09-03 07:18:12.679646

2zdo4hrz38a >> Image Returned >> 2020-09-03 07:18:12.684535

5juzhukbrdn >> Start >> 2020-09-03 07:18:12.804241

5juzhukbrdn >> Image Returned >> 2020-09-03 07:18:12.807435

2zdo4hrz38a >> End >> 2020-09-03 07:18:12.840816

5juzhukbrdn >> End >> 2020-09-03 07:18:12.966227

ozxckkx3xyt >> Start >> 2020-09-03 07:22:11.644074

ozxckkx3xyt >> Image Returned >> 2020-09-03 07:22:11.647839

ozxckkx3xyt >> End >> 2020-09-03 07:22:11.805505

oyy8y80hdx3 >> Start >> 2020-09-03 07:24:37.124264

oyy8y80hdx3 >> Image Returned >> 2020-09-03 07:24:37.127597

oyy8y80hdx3 >> End >> 2020-09-03 07:24:37.277899

8yyj75awwno >> Start >> 2020-09-03 07:30:07.437803

8yyj75awwno >> Image Returned >> 2020-09-03 07:30:07.442035

8yyj75awwno >> End >> 2020-09-03 07:30:07.593591

hun55j22rx6 >> Start >> 2020-09-03 07:33:48.427989

hun55j22rx6 >> Image Returned >> 2020-09-03 07:33:48.431905

hun55j22rx6 >> End >> 2020-09-03 07:33:48.585705

kewrcnoit63 >> Start >> 2020-09-03 07:41:21.097060

kewrcnoit63 >> Image Returned >> 2020-09-03 07:41:21.101785

kewrcnoit63 >> End >> 2020-09-03 07:41:21.256232

kh6j8gk48nd >> Start >> 2020-09-03 07:44:02.390042

kh6j8gk48nd >> Image Returned >> 2020-09-03 07:44:02.393318

kh6j8gk48nd >> End >> 2020-09-03 07:44:02.547008

pjt2vuco4f4 >> Start >> 2020-09-03 07:45:14.049796

pjt2vuco4f4 >> Image Returned >> 2020-09-03 07:45:14.053709

pjt2vuco4f4 >> End >> 2020-09-03 07:45:14.204387

zut3vpqgrc3 >> Start >> 2020-09-03 07:46:05.816414

zut3vpqgrc3 >> Image Returned >> 2020-09-03 07:46:05.819775

zut3vpqgrc3 >> End >> 2020-09-03 07:46:05.973711

78qw054frfx >> Start >> 2020-09-03 07:49:01.066987

78qw054frfx >> Image Returned >> 2020-09-03 07:49:01.071680

78qw054frfx >> End >> 2020-09-03 07:49:01.224551

h2b5ez70c74 >> Start >> 2020-09-03 07:49:40.012474

h2b5ez70c74 >> Image Returned >> 2020-09-03 07:49:40.015748

h2b5ez70c74 >> End >> 2020-09-03 07:49:40.168087

fnfjvjvf5g6 >> Start >> 2020-09-03 07:52:00.066417

fnfjvjvf5g6 >> Image Returned >> 2020-09-03 07:52:00.069703

fnfjvjvf5g6 >> End >> 2020-09-03 07:52:00.217941

76azixn5jzv >> Start >> 2020-09-03 07:55:39.557827

76azixn5jzv >> Image Returned >> 2020-09-03 07:55:39.561178

76azixn5jzv >> End >> 2020-09-03 07:55:39.710397

kys4yktrte2 >> Start >> 2020-09-03 07:55:49.846112

kys4yktrte2 >> Image Returned >> 2020-09-03 07:55:49.846415

kys4yktrte2 >> End >> 2020-09-03 07:55:49.997565

y005yrid2bm >> Start >> 2020-09-03 08:05:40.404304

y005yrid2bm >> Image Returned >> 2020-09-03 08:05:40.408225

y005yrid2bm >> End >> 2020-09-03 08:05:40.580446

pdwkutyuhmv >> Start >> 2020-09-03 08:09:06.886687

pdwkutyuhmv >> Image Returned >> 2020-09-03 08:09:06.890480

pdwkutyuhmv >> End >> 2020-09-03 08:09:07.065382

xivk3erzpuc >> Start >> 2020-09-03 08:12:05.982978

xivk3erzpuc >> Image Returned >> 2020-09-03 08:12:05.987318

xivk3erzpuc >> End >> 2020-09-03 08:12:06.149842

3rb7eftjcvj >> Start >> 2020-09-03 08:18:17.091535

3rb7eftjcvj >> Image Returned >> 2020-09-03 08:18:17.095777

3rb7eftjcvj >> End >> 2020-09-03 08:18:17.266253

u3kf7ph63sf >> Start >> 2020-09-03 08:22:15.683638

u3kf7ph63sf >> Image Returned >> 2020-09-03 08:22:15.687077

u3kf7ph63sf >> End >> 2020-09-03 08:22:15.839016

3cbd4xwh77g >> Start >> 2020-09-03 08:24:50.583832

3cbd4xwh77g >> Image Returned >> 2020-09-03 08:24:50.587575

3cbd4xwh77g >> End >> 2020-09-03 08:24:50.736079

u3wemgjrgw0 >> Start >> 2020-09-03 08:26:15.460222

u3wemgjrgw0 >> Image Returned >> 2020-09-03 08:26:15.463491

u3wemgjrgw0 >> End >> 2020-09-03 08:26:15.617219

xbds5xniser >> Start >> 2020-09-03 08:27:23.927865

xbds5xniser >> Image Returned >> 2020-09-03 08:27:23.931168

xbds5xniser >> End >> 2020-09-03 08:27:24.077707

thndo7irxy5 >> Start >> 2020-09-03 08:27:46.497915

thndo7irxy5 >> Image Returned >> 2020-09-03 08:27:46.503755

thndo7irxy5 >> End >> 2020-09-03 08:27:46.658943

ssyvjbiz7fj >> Start >> 2020-09-03 08:28:27.452289

ssyvjbiz7fj >> Image Returned >> 2020-09-03 08:28:27.455598

ssyvjbiz7fj >> End >> 2020-09-03 08:28:27.604821

if72wpoc5xb >> Start >> 2020-09-03 08:32:34.267338

if72wpoc5xb >> Image Returned >> 2020-09-03 08:32:34.270786

if72wpoc5xb >> End >> 2020-09-03 08:32:34.420869

2r5grpuskps >> Start >> 2020-09-03 08:34:52.188059

2r5grpuskps >> Image Returned >> 2020-09-03 08:34:52.192975

2r5grpuskps >> End >> 2020-09-03 08:34:52.377660

o2kiqv206eq >> Start >> 2020-09-03 08:41:58.073903

o2kiqv206eq >> Image Returned >> 2020-09-03 08:41:58.078735

o2kiqv206eq >> End >> 2020-09-03 08:41:58.232531

dcexnijva5v >> Start >> 2020-09-03 08:46:16.451389

dcexnijva5v >> Image Returned >> 2020-09-03 08:46:16.454643

dcexnijva5v >> End >> 2020-09-03 08:46:16.614069

ragdxja3m6w >> Start >> 2020-09-03 08:47:08.521482

ragdxja3m6w >> Image Returned >> 2020-09-03 08:47:08.525357

ragdxja3m6w >> End >> 2020-09-03 08:47:08.673382

ocb7uwfr87h >> Start >> 2020-09-03 08:48:48.532737

ocb7uwfr87h >> Image Returned >> 2020-09-03 08:48:48.536684

ocb7uwfr87h >> End >> 2020-09-03 08:48:48.696367

djfh4m47obj >> Start >> 2020-09-03 08:49:28.677686

djfh4m47obj >> Image Returned >> 2020-09-03 08:49:28.681271

djfh4m47obj >> End >> 2020-09-03 08:49:28.839478

f6ty837u2rb >> Start >> 2020-09-03 08:50:52.291501

f6ty837u2rb >> Image Returned >> 2020-09-03 08:50:52.295835

f6ty837u2rb >> End >> 2020-09-03 08:50:52.442321

j40y0voxfbo >> Start >> 2020-09-03 08:54:18.150480

j40y0voxfbo >> Image Returned >> 2020-09-03 08:54:18.154153

j40y0voxfbo >> End >> 2020-09-03 08:54:18.303134

necfrhmev7h >> Start >> 2020-09-03 08:58:47.282731

necfrhmev7h >> Image Returned >> 2020-09-03 08:58:47.287596

necfrhmev7h >> End >> 2020-09-03 08:58:47.456372

epsbcwr62wv >> Start >> 2020-09-03 08:59:11.709888

epsbcwr62wv >> Image Returned >> 2020-09-03 08:59:11.713635

epsbcwr62wv >> End >> 2020-09-03 08:59:11.861680

am8bjzutpqs >> Start >> 2020-09-03 08:59:19.268748

am8bjzutpqs >> Image Returned >> 2020-09-03 08:59:19.269108

am8bjzutpqs >> End >> 2020-09-03 08:59:19.418802

d2vinitt4sk >> Start >> 2020-09-03 09:00:10.726094

d2vinitt4sk >> Image Returned >> 2020-09-03 09:00:10.729319

d2vinitt4sk >> End >> 2020-09-03 09:00:10.883174

fe5its5irvp >> Start >> 2020-09-03 09:02:43.275518

fe5its5irvp >> Image Returned >> 2020-09-03 09:02:43.279665

fe5its5irvp >> End >> 2020-09-03 09:02:43.444979

hdzmcbpc6vb >> Start >> 2020-09-03 09:08:36.689078

hdzmcbpc6vb >> Image Returned >> 2020-09-03 09:08:36.693870

hdzmcbpc6vb >> End >> 2020-09-03 09:08:36.852991

gwfypctzey8 >> Start >> 2020-09-03 09:16:26.513402

gwfypctzey8 >> Image Returned >> 2020-09-03 09:16:26.516815

gwfypctzey8 >> End >> 2020-09-03 09:16:26.672254

i3zk87ch78i >> Start >> 2020-09-03 09:23:27.109730

i3zk87ch78i >> Image Returned >> 2020-09-03 09:23:27.114128

i3zk87ch78i >> End >> 2020-09-03 09:23:27.270212

oty8gj3ip2p >> Start >> 2020-09-03 09:36:32.923777

oty8gj3ip2p >> Image Returned >> 2020-09-03 09:36:32.928198

oty8gj3ip2p >> End >> 2020-09-03 09:36:33.055279

3p8griyq2kk >> Start >> 2020-09-03 09:46:16.231698

3p8griyq2kk >> Image Returned >> 2020-09-03 09:46:16.234951

3p8griyq2kk >> End >> 2020-09-03 09:46:16.392601

244u4wrrnao >> Start >> 2020-09-03 09:47:59.709636

244u4wrrnao >> Image Returned >> 2020-09-03 09:47:59.715075

244u4wrrnao >> End >> 2020-09-03 09:47:59.869029

kggg0g0ybc5 >> Start >> 2020-09-03 09:53:30.690229

kggg0g0ybc5 >> Image Returned >> 2020-09-03 09:53:30.693556

kggg0g0ybc5 >> End >> 2020-09-03 09:53:30.841722

jwp8tdqfo3e >> Start >> 2020-09-03 09:54:10.800206

jwp8tdqfo3e >> Image Returned >> 2020-09-03 09:54:10.803994

jwp8tdqfo3e >> End >> 2020-09-03 09:54:10.952076

iuku4wcitxs >> Start >> 2020-09-03 10:00:05.261698

iuku4wcitxs >> Image Returned >> 2020-09-03 10:00:05.265028

iuku4wcitxs >> End >> 2020-09-03 10:00:05.423108

mxztkrggkj2 >> Start >> 2020-09-03 10:05:17.246156

mxztkrggkj2 >> Image Returned >> 2020-09-03 10:05:17.249988

mxztkrggkj2 >> End >> 2020-09-03 10:05:17.405477

os4mtbfzij5 >> Start >> 2020-09-03 10:09:07.093310

os4mtbfzij5 >> Image Returned >> 2020-09-03 10:09:07.098970

os4mtbfzij5 >> End >> 2020-09-03 10:09:07.245398

3ry7khf2shq >> Start >> 2020-09-03 10:12:39.984133

3ry7khf2shq >> Image Returned >> 2020-09-03 10:12:39.987339

3ry7khf2shq >> End >> 2020-09-03 10:12:40.147612

vbrn6s03k3f >> Start >> 2020-09-03 10:17:48.288328

vbrn6s03k3f >> Image Returned >> 2020-09-03 10:17:48.292433

vbrn6s03k3f >> End >> 2020-09-03 10:17:48.445652

5oz27xcsfgn >> Start >> 2020-09-03 10:24:11.164640

5oz27xcsfgn >> Image Returned >> 2020-09-03 10:24:11.168081

5oz27xcsfgn >> End >> 2020-09-03 10:24:11.325036

tss0xrm62yd >> Start >> 2020-09-03 10:24:21.989295

tss0xrm62yd >> Image Returned >> 2020-09-03 10:24:21.989608

tss0xrm62yd >> End >> 2020-09-03 10:24:22.153400

40wvswsuydz >> Start >> 2020-09-03 10:25:25.144643

40wvswsuydz >> Image Returned >> 2020-09-03 10:25:25.148761

40wvswsuydz >> End >> 2020-09-03 10:25:25.303920

yda5i0o7phw >> Start >> 2020-09-03 10:26:02.179398

yda5i0o7phw >> Image Returned >> 2020-09-03 10:26:02.183264

yda5i0o7phw >> End >> 2020-09-03 10:26:02.340030

2nhf0iym3on >> Start >> 2020-09-03 10:28:54.204402

2nhf0iym3on >> Image Returned >> 2020-09-03 10:28:54.208759

2nhf0iym3on >> End >> 2020-09-03 10:28:54.375340

uyiaaf37trx >> Start >> 2020-09-03 10:30:21.082185

uyiaaf37trx >> Image Returned >> 2020-09-03 10:30:21.088607

uyiaaf37trx >> End >> 2020-09-03 10:30:21.251910

4naoz6weixi >> Start >> 2020-09-03 10:30:34.272315

4naoz6weixi >> Image Returned >> 2020-09-03 10:30:34.272794

4naoz6weixi >> End >> 2020-09-03 10:30:34.421144

erhceafeabb >> Start >> 2020-09-03 10:30:34.522299

erhceafeabb >> Image Returned >> 2020-09-03 10:30:34.522603

erhceafeabb >> End >> 2020-09-03 10:30:34.699667

po2y6v0qtch >> Start >> 2020-09-03 10:35:16.785002

po2y6v0qtch >> Image Returned >> 2020-09-03 10:35:16.788566

po2y6v0qtch >> End >> 2020-09-03 10:35:16.946854

naeghf3ogv3 >> Start >> 2020-09-03 10:40:37.911829

naeghf3ogv3 >> Image Returned >> 2020-09-03 10:40:37.915234

naeghf3ogv3 >> End >> 2020-09-03 10:40:38.068103

es8ocjh4800 >> Start >> 2020-09-03 10:40:42.977458

es8ocjh4800 >> Image Returned >> 2020-09-03 10:40:42.977772

es8ocjh4800 >> End >> 2020-09-03 10:40:43.135504

0u646u0rbdj >> Start >> 2020-09-03 10:41:37.330168

0u646u0rbdj >> Image Returned >> 2020-09-03 10:41:37.333987

0u646u0rbdj >> End >> 2020-09-03 10:41:37.483474

sohirjysgih >> Start >> 2020-09-03 10:43:32.219717

sohirjysgih >> Image Returned >> 2020-09-03 10:43:32.224266

sohirjysgih >> End >> 2020-09-03 10:43:32.370311

6vqunr703jx >> Start >> 2020-09-03 10:47:54.294481

6vqunr703jx >> Image Returned >> 2020-09-03 10:47:54.297993

6vqunr703jx >> End >> 2020-09-03 10:47:54.450288

p3ume3kkebm >> Start >> 2020-09-03 10:48:01.605508

p3ume3kkebm >> Image Returned >> 2020-09-03 10:48:01.605809

p3ume3kkebm >> End >> 2020-09-03 10:48:01.770231

k2igoebyoiu >> Start >> 2020-09-03 10:51:39.078766

k2igoebyoiu >> Image Returned >> 2020-09-03 10:51:39.082190

k2igoebyoiu >> End >> 2020-09-03 10:51:39.241312

3ebmaroxdzj >> Start >> 2020-09-03 10:51:45.361655

3ebmaroxdzj >> Image Returned >> 2020-09-03 10:51:45.361968

3ebmaroxdzj >> End >> 2020-09-03 10:51:45.508270

wri8chkan00 >> Start >> 2020-09-03 10:55:51.261368

wri8chkan00 >> Image Returned >> 2020-09-03 10:55:51.265213

wri8chkan00 >> End >> 2020-09-03 10:55:51.430887

4cmj8s364y3 >> Start >> 2020-09-03 10:55:53.585726

4cmj8s364y3 >> Image Returned >> 2020-09-03 10:55:53.586050

4cmj8s364y3 >> End >> 2020-09-03 10:55:53.718972

beawkafvw8w >> Start >> 2020-09-03 11:01:34.199796

beawkafvw8w >> Image Returned >> 2020-09-03 11:01:34.203500

beawkafvw8w >> End >> 2020-09-03 11:01:34.362224

n2ytnow80dh >> Start >> 2020-09-03 11:04:26.086411

n2ytnow80dh >> Image Returned >> 2020-09-03 11:04:26.091500

n2ytnow80dh >> End >> 2020-09-03 11:04:26.226356

f7gqnzmk8dp >> Start >> 2020-09-03 11:06:00.010184

f7gqnzmk8dp >> Image Returned >> 2020-09-03 11:06:00.015686

f7gqnzmk8dp >> End >> 2020-09-03 11:06:00.145765

kk8jogyrmyv >> Start >> 2020-09-03 11:07:50.160223

kk8jogyrmyv >> Image Returned >> 2020-09-03 11:07:50.164108

kk8jogyrmyv >> End >> 2020-09-03 11:07:50.315613

a30acnq780r >> Start >> 2020-09-03 11:15:39.332346

a30acnq780r >> Image Returned >> 2020-09-03 11:15:39.336617

a30acnq780r >> End >> 2020-09-03 11:15:39.498348

gg8kpnoxtoa >> Start >> 2020-09-03 11:21:31.841038

gg8kpnoxtoa >> Image Returned >> 2020-09-03 11:21:31.844810

gg8kpnoxtoa >> End >> 2020-09-03 11:21:32.008698

btijowr5wwf >> Start >> 2020-09-03 11:30:54.118254

btijowr5wwf >> Image Returned >> 2020-09-03 11:30:54.122782

btijowr5wwf >> End >> 2020-09-03 11:30:54.271090

mveykfrsjts >> Start >> 2020-09-03 11:32:40.116626

mveykfrsjts >> Image Returned >> 2020-09-03 11:32:40.120157

mveykfrsjts >> End >> 2020-09-03 11:32:40.281271

skrhvy4bpxt >> Start >> 2020-09-03 11:35:38.618257

skrhvy4bpxt >> Image Returned >> 2020-09-03 11:35:38.622427

skrhvy4bpxt >> End >> 2020-09-03 11:35:38.778563

h8mdu5650g6 >> Start >> 2020-09-03 11:55:40.984741

h8mdu5650g6 >> Image Returned >> 2020-09-03 11:55:40.988296

h8mdu5650g6 >> End >> 2020-09-03 11:55:41.138567

aeje35y04ai >> Start >> 2020-09-03 11:55:53.394979

aeje35y04ai >> Image Returned >> 2020-09-03 11:55:53.399331

aeje35y04ai >> End >> 2020-09-03 11:55:53.549284

j7pkg0nga4c >> Start >> 2020-09-03 11:58:01.241600

j7pkg0nga4c >> Image Returned >> 2020-09-03 11:58:01.246970

j7pkg0nga4c >> End >> 2020-09-03 11:58:01.403213

gjcc8yz5bsc >> Start >> 2020-09-03 12:00:53.779495

gjcc8yz5bsc >> Image Returned >> 2020-09-03 12:00:53.783629

gjcc8yz5bsc >> End >> 2020-09-03 12:00:53.936789

67gdqy3fvok >> Start >> 2020-09-03 12:04:49.463320

67gdqy3fvok >> Image Returned >> 2020-09-03 12:04:49.467994

67gdqy3fvok >> End >> 2020-09-03 12:04:49.623060

z4uddf0kc4n >> Start >> 2020-09-03 12:07:10.482345

z4uddf0kc4n >> Image Returned >> 2020-09-03 12:07:10.486692

z4uddf0kc4n >> End >> 2020-09-03 12:07:10.659248

k7oz5aywt3v >> Start >> 2020-09-03 12:07:24.979007

k7oz5aywt3v >> Image Returned >> 2020-09-03 12:07:24.982320

k7oz5aywt3v >> End >> 2020-09-03 12:07:25.133505

unwve4ka3ft >> Start >> 2020-09-03 12:09:17.286897

unwve4ka3ft >> Image Returned >> 2020-09-03 12:09:17.291007

unwve4ka3ft >> End >> 2020-09-03 12:09:17.455568

4jsdrvejcvm >> Start >> 2020-09-03 12:16:56.823539

4jsdrvejcvm >> Image Returned >> 2020-09-03 12:16:56.827601

4jsdrvejcvm >> End >> 2020-09-03 12:16:56.998070

340c7xq7bmn >> Start >> 2020-09-03 12:24:13.659496

340c7xq7bmn >> Image Returned >> 2020-09-03 12:24:13.662959

340c7xq7bmn >> End >> 2020-09-03 12:24:13.833044

ma0wwohznhk >> Start >> 2020-09-03 12:25:17.533735

ma0wwohznhk >> Image Returned >> 2020-09-03 12:25:17.537142

ma0wwohznhk >> End >> 2020-09-03 12:25:17.684802

xatqjiwa3nk >> Start >> 2020-09-03 12:25:51.367158

xatqjiwa3nk >> Image Returned >> 2020-09-03 12:25:51.370377

xatqjiwa3nk >> End >> 2020-09-03 12:25:51.499397

76xdg2kx0wa >> Start >> 2020-09-03 12:28:00.492866

76xdg2kx0wa >> Image Returned >> 2020-09-03 12:28:00.496952

76xdg2kx0wa >> End >> 2020-09-03 12:28:00.657146

ny8zmktzxnq >> Start >> 2020-09-03 12:31:13.280787

ny8zmktzxnq >> Image Returned >> 2020-09-03 12:31:13.284168

ny8zmktzxnq >> End >> 2020-09-03 12:31:13.444932

ouiaxfyh8xu >> Start >> 2020-09-03 12:33:02.341979

ouiaxfyh8xu >> Image Returned >> 2020-09-03 12:33:02.345288

ouiaxfyh8xu >> End >> 2020-09-03 12:33:02.500329

tkecaf66oyx >> Start >> 2020-09-03 12:34:54.167253

tkecaf66oyx >> Image Returned >> 2020-09-03 12:34:54.171343

tkecaf66oyx >> End >> 2020-09-03 12:34:54.320847

be2g7iw0c6f >> Start >> 2020-09-03 12:36:07.243284

be2g7iw0c6f >> Image Returned >> 2020-09-03 12:36:07.247057

be2g7iw0c6f >> End >> 2020-09-03 12:36:07.402399

2uwgrbh7pmw >> Start >> 2020-09-03 12:36:36.939173

2uwgrbh7pmw >> Image Returned >> 2020-09-03 12:36:36.942425

2uwgrbh7pmw >> End >> 2020-09-03 12:36:37.093964

w0vae6hr4uk >> Start >> 2020-09-03 12:37:34.309144

w0vae6hr4uk >> Image Returned >> 2020-09-03 12:37:34.312978

w0vae6hr4uk >> End >> 2020-09-03 12:37:34.465537

5j8xe7k4hee >> Start >> 2020-09-03 12:43:27.935427

5j8xe7k4hee >> Image Returned >> 2020-09-03 12:43:27.939384

5j8xe7k4hee >> End >> 2020-09-03 12:43:28.089266

vrmni3trhji >> Start >> 2020-09-03 12:44:41.398096

vrmni3trhji >> Image Returned >> 2020-09-03 12:44:41.402116

vrmni3trhji >> End >> 2020-09-03 12:44:41.558609

h5yj4nojyze >> Start >> 2020-09-03 12:45:18.681768

h5yj4nojyze >> Image Returned >> 2020-09-03 12:45:18.685667

h5yj4nojyze >> End >> 2020-09-03 12:45:18.839981

7i4jkizdm5d >> Start >> 2020-09-03 12:54:25.915206

7i4jkizdm5d >> Image Returned >> 2020-09-03 12:54:25.918453

7i4jkizdm5d >> End >> 2020-09-03 12:54:26.075509

enrige5ceiq >> Start >> 2020-09-03 12:54:41.058330

enrige5ceiq >> Image Returned >> 2020-09-03 12:54:41.061736

enrige5ceiq >> End >> 2020-09-03 12:54:41.213731

god6xccp5ah >> Start >> 2020-09-03 12:57:14.489203

god6xccp5ah >> Image Returned >> 2020-09-03 12:57:14.492553

god6xccp5ah >> End >> 2020-09-03 12:57:14.648792

j56so2su7vg >> Start >> 2020-09-03 12:59:58.897115

j56so2su7vg >> Image Returned >> 2020-09-03 12:59:58.901037

j56so2su7vg >> End >> 2020-09-03 12:59:59.024744

z6kes8g5tej >> Start >> 2020-09-03 13:01:55.933779

z6kes8g5tej >> Image Returned >> 2020-09-03 13:01:55.937757

z6kes8g5tej >> End >> 2020-09-03 13:01:56.089654

gh4oujpkm83 >> Start >> 2020-09-03 13:21:28.770291

gh4oujpkm83 >> Image Returned >> 2020-09-03 13:21:28.773756

gh4oujpkm83 >> End >> 2020-09-03 13:21:28.931046

g5n3uz528qz >> Start >> 2020-09-03 13:22:26.566313

g5n3uz528qz >> Image Returned >> 2020-09-03 13:22:26.570061

g5n3uz528qz >> End >> 2020-09-03 13:22:26.722011

bz8zpnd8i6j >> Start >> 2020-09-03 13:28:00.265816

bz8zpnd8i6j >> Image Returned >> 2020-09-03 13:28:00.270414

bz8zpnd8i6j >> End >> 2020-09-03 13:28:00.444855

nuyc0ngp8ra >> Start >> 2020-09-03 13:30:52.189332

nuyc0ngp8ra >> Image Returned >> 2020-09-03 13:30:52.193365

nuyc0ngp8ra >> End >> 2020-09-03 13:30:52.354048

pvaztc8tebe >> Start >> 2020-09-03 13:39:57.190452

pvaztc8tebe >> Image Returned >> 2020-09-03 13:39:57.194798

pvaztc8tebe >> End >> 2020-09-03 13:39:57.354949

hzksmctwiwo >> Start >> 2020-09-03 13:41:58.063853

hzksmctwiwo >> Image Returned >> 2020-09-03 13:41:58.068058

hzksmctwiwo >> End >> 2020-09-03 13:41:58.229250

sv3tr6qzgvn >> Start >> 2020-09-03 13:43:35.050827

sv3tr6qzgvn >> Image Returned >> 2020-09-03 13:43:35.054594

sv3tr6qzgvn >> End >> 2020-09-03 13:43:35.230947

2f7bck6qf65 >> Start >> 2020-09-03 13:51:18.441401

2f7bck6qf65 >> Image Returned >> 2020-09-03 13:51:18.446042

2f7bck6qf65 >> End >> 2020-09-03 13:51:18.599225

cjpwpndhtm2 >> Start >> 2020-09-03 13:52:18.634294

cjpwpndhtm2 >> Image Returned >> 2020-09-03 13:52:18.638145

cjpwpndhtm2 >> End >> 2020-09-03 13:52:18.801631

csfbaqxx37c >> Start >> 2020-09-03 14:01:30.258929

csfbaqxx37c >> Image Returned >> 2020-09-03 14:01:30.262248

csfbaqxx37c >> End >> 2020-09-03 14:01:30.419847

sbeagv3qxet >> Start >> 2020-09-03 14:01:43.274096

sbeagv3qxet >> Image Returned >> 2020-09-03 14:01:43.277549

sbeagv3qxet >> End >> 2020-09-03 14:01:43.435758

r6bwo0gyh87 >> Start >> 2020-09-03 14:02:08.601304

r6bwo0gyh87 >> Image Returned >> 2020-09-03 14:02:08.601706

r6bwo0gyh87 >> End >> 2020-09-03 14:02:08.771796

cohftjtstgg >> Start >> 2020-09-03 14:03:46.653168

cohftjtstgg >> Image Returned >> 2020-09-03 14:03:46.657521

cohftjtstgg >> End >> 2020-09-03 14:03:46.817358

nn0pq6crtwg >> Start >> 2020-09-03 14:04:35.653440

nn0pq6crtwg >> Image Returned >> 2020-09-03 14:04:35.657238

nn0pq6crtwg >> End >> 2020-09-03 14:04:35.821289

2meqfzxpzjp >> Start >> 2020-09-03 14:04:37.007498

2meqfzxpzjp >> Image Returned >> 2020-09-03 14:04:37.007843

2meqfzxpzjp >> End >> 2020-09-03 14:04:37.173593

yrxnpykyjjw >> Start >> 2020-09-03 14:07:08.177306

yrxnpykyjjw >> Image Returned >> 2020-09-03 14:07:08.180777

yrxnpykyjjw >> End >> 2020-09-03 14:07:08.345968

zuhwyyfw3h6 >> Start >> 2020-09-03 14:10:59.955468

zuhwyyfw3h6 >> Image Returned >> 2020-09-03 14:10:59.959609

zuhwyyfw3h6 >> End >> 2020-09-03 14:11:00.179387

yk6yjg5byhp >> Start >> 2020-09-03 14:14:27.063587

yk6yjg5byhp >> Image Returned >> 2020-09-03 14:14:27.066903

yk6yjg5byhp >> End >> 2020-09-03 14:14:27.217616

2hcipw3bz5c >> Start >> 2020-09-03 14:15:13.541409

2hcipw3bz5c >> Image Returned >> 2020-09-03 14:15:13.545418

2hcipw3bz5c >> End >> 2020-09-03 14:15:13.730484

c6bkq5ddhg8 >> Start >> 2020-09-03 14:25:11.984818

c6bkq5ddhg8 >> Image Returned >> 2020-09-03 14:25:11.988677

c6bkq5ddhg8 >> End >> 2020-09-03 14:25:12.143228

3qo3jqbsp05 >> Start >> 2020-09-03 14:29:08.903800

3qo3jqbsp05 >> Image Returned >> 2020-09-03 14:29:08.907219

3qo3jqbsp05 >> End >> 2020-09-03 14:29:09.064969

7q7g2kwmywc >> Start >> 2020-09-03 14:30:14.981983

7q7g2kwmywc >> Image Returned >> 2020-09-03 14:30:14.985276

7q7g2kwmywc >> End >> 2020-09-03 14:30:15.139651

0gi54wkxp05 >> Start >> 2020-09-03 14:30:16.189392

0gi54wkxp05 >> Image Returned >> 2020-09-03 14:30:16.189750

0gi54wkxp05 >> End >> 2020-09-03 14:30:16.374219

uohi2o4uuvw >> Start >> 2020-09-03 14:31:02.610796

uohi2o4uuvw >> Image Returned >> 2020-09-03 14:31:02.614100

uohi2o4uuvw >> End >> 2020-09-03 14:31:02.770226

ms0mc80dud6 >> Start >> 2020-09-03 14:32:08.392061

ms0mc80dud6 >> Image Returned >> 2020-09-03 14:32:08.396867

ms0mc80dud6 >> End >> 2020-09-03 14:32:08.529393

xh5x5bpc83h >> Start >> 2020-09-03 14:34:38.124028

xh5x5bpc83h >> Image Returned >> 2020-09-03 14:34:38.127438

xh5x5bpc83h >> End >> 2020-09-03 14:34:38.283679

iste46rhrow >> Start >> 2020-09-03 14:40:29.518126

iste46rhrow >> Image Returned >> 2020-09-03 14:40:29.521547

iste46rhrow >> End >> 2020-09-03 14:40:29.681452

gr744js56xo >> Start >> 2020-09-03 14:41:10.095252

gr744js56xo >> Image Returned >> 2020-09-03 14:41:10.098738

gr744js56xo >> End >> 2020-09-03 14:41:10.257420

q8ibynovk7k >> Start >> 2020-09-03 14:41:34.071480

q8ibynovk7k >> Image Returned >> 2020-09-03 14:41:34.074830

q8ibynovk7k >> End >> 2020-09-03 14:41:34.229964

2mbwkjgj0r4 >> Start >> 2020-09-03 14:41:48.614381

2mbwkjgj0r4 >> Image Returned >> 2020-09-03 14:41:48.617666

2mbwkjgj0r4 >> End >> 2020-09-03 14:41:48.774485

diq42pe6xjb >> Start >> 2020-09-03 14:44:10.352305

diq42pe6xjb >> Image Returned >> 2020-09-03 14:44:10.356933

diq42pe6xjb >> End >> 2020-09-03 14:44:10.545952

x6vvzgu53rj >> Start >> 2020-09-03 14:48:16.092212

x6vvzgu53rj >> Image Returned >> 2020-09-03 14:48:16.096522

x6vvzgu53rj >> End >> 2020-09-03 14:48:16.278573

48hb55hmt0n >> Start >> 2020-09-03 14:50:27.015019

48hb55hmt0n >> Image Returned >> 2020-09-03 14:50:27.018912

48hb55hmt0n >> End >> 2020-09-03 14:50:27.171571

6n5zr86dqyi >> Start >> 2020-09-03 14:51:09.434818

6n5zr86dqyi >> Image Returned >> 2020-09-03 14:51:09.440228

6n5zr86dqyi >> End >> 2020-09-03 14:51:09.629086

o4ezbry57nk >> Start >> 2020-09-03 14:52:58.574923

o4ezbry57nk >> Image Returned >> 2020-09-03 14:52:58.579389

o4ezbry57nk >> End >> 2020-09-03 14:52:58.735501

buj6vuri4zb >> Start >> 2020-09-03 14:59:17.794692

buj6vuri4zb >> Image Returned >> 2020-09-03 14:59:17.798142

buj6vuri4zb >> End >> 2020-09-03 14:59:17.965950

y8tit6auapv >> Start >> 2020-09-03 15:02:45.430942

y8tit6auapv >> Image Returned >> 2020-09-03 15:02:45.435167

y8tit6auapv >> End >> 2020-09-03 15:02:45.590958

nzc8ha4y26x >> Start >> 2020-09-03 15:06:53.113323

nzc8ha4y26x >> Image Returned >> 2020-09-03 15:06:53.116657

nzc8ha4y26x >> End >> 2020-09-03 15:06:53.283616

v2bz7xwiczj >> Start >> 2020-09-03 15:09:31.770540

v2bz7xwiczj >> Image Returned >> 2020-09-03 15:09:31.775165

v2bz7xwiczj >> End >> 2020-09-03 15:09:31.930164

tsi02ukofto >> Start >> 2020-09-03 15:10:10.659966

tsi02ukofto >> Image Returned >> 2020-09-03 15:10:10.663290

tsi02ukofto >> End >> 2020-09-03 15:10:10.818083

3e2uma6knpu >> Start >> 2020-09-03 15:10:58.010766

3e2uma6knpu >> Image Returned >> 2020-09-03 15:10:58.014883

3e2uma6knpu >> End >> 2020-09-03 15:10:58.164999

ujbiswumf3k >> Start >> 2020-09-03 15:11:19.765258

ujbiswumf3k >> Image Returned >> 2020-09-03 15:11:19.768570

ujbiswumf3k >> End >> 2020-09-03 15:11:19.920834

nh0fuw0o0b8 >> Start >> 2020-09-03 15:17:08.388083

nh0fuw0o0b8 >> Image Returned >> 2020-09-03 15:17:08.391938

nh0fuw0o0b8 >> End >> 2020-09-03 15:17:08.543025

gw5a75o48o2 >> Start >> 2020-09-03 15:25:06.760795

gw5a75o48o2 >> Image Returned >> 2020-09-03 15:25:06.764812

gw5a75o48o2 >> End >> 2020-09-03 15:25:06.929634

tdnwi2hee8f >> Start >> 2020-09-03 15:27:33.988347

tdnwi2hee8f >> Image Returned >> 2020-09-03 15:27:33.991705

tdnwi2hee8f >> End >> 2020-09-03 15:27:34.154212

nnj7ap87xnq >> Start >> 2020-09-03 15:31:54.846647

nnj7ap87xnq >> Image Returned >> 2020-09-03 15:31:54.850085

nnj7ap87xnq >> End >> 2020-09-03 15:31:55.012734

gi4wrqaovkh >> Start >> 2020-09-03 15:33:17.924006

gi4wrqaovkh >> Image Returned >> 2020-09-03 15:33:17.927395

gi4wrqaovkh >> End >> 2020-09-03 15:33:18.087318

jwohhpm3qi0 >> Start >> 2020-09-03 15:37:00.384574

jwohhpm3qi0 >> Image Returned >> 2020-09-03 15:37:00.389185

jwohhpm3qi0 >> End >> 2020-09-03 15:37:00.544517

t8cswrzdi6o >> Start >> 2020-09-03 15:37:24.513951

t8cswrzdi6o >> Image Returned >> 2020-09-03 15:37:24.517327

t8cswrzdi6o >> End >> 2020-09-03 15:37:24.676336

oun7a3qansy >> Start >> 2020-09-03 15:37:45.347945

oun7a3qansy >> Image Returned >> 2020-09-03 15:37:45.351401

oun7a3qansy >> End >> 2020-09-03 15:37:45.507005

kba22zy2dpm >> Start >> 2020-09-03 15:37:48.895411

kba22zy2dpm >> Image Returned >> 2020-09-03 15:37:48.895706

kba22zy2dpm >> End >> 2020-09-03 15:37:49.046538

zirazdefcfx >> Start >> 2020-09-03 15:40:14.690248

zirazdefcfx >> Image Returned >> 2020-09-03 15:40:14.693837

zirazdefcfx >> End >> 2020-09-03 15:40:14.849180

67ozt6qdmge >> Start >> 2020-09-03 15:42:21.417623

67ozt6qdmge >> Image Returned >> 2020-09-03 15:42:21.422149

67ozt6qdmge >> End >> 2020-09-03 15:42:21.569927

h06ed6zvofs >> Start >> 2020-09-03 15:47:39.858908

h06ed6zvofs >> Image Returned >> 2020-09-03 15:47:39.862482

h06ed6zvofs >> End >> 2020-09-03 15:47:40.017085

tippktowcbh >> Start >> 2020-09-03 15:47:53.569955

tippktowcbh >> Image Returned >> 2020-09-03 15:47:53.573445

tippktowcbh >> End >> 2020-09-03 15:47:53.721435

u4gpeifed8b >> Start >> 2020-09-03 15:50:49.123430

u4gpeifed8b >> Image Returned >> 2020-09-03 15:50:49.128464

u4gpeifed8b >> End >> 2020-09-03 15:50:49.281266

eoty2jyfgdf >> Start >> 2020-09-03 15:52:23.251775

eoty2jyfgdf >> Image Returned >> 2020-09-03 15:52:23.255772

eoty2jyfgdf >> End >> 2020-09-03 15:52:23.410278

t6gwavpumxi >> Start >> 2020-09-03 15:55:05.524823

t6gwavpumxi >> Image Returned >> 2020-09-03 15:55:05.530603

t6gwavpumxi >> End >> 2020-09-03 15:55:05.719084

8gswwpsfk2g >> Start >> 2020-09-03 15:57:02.717663

8gswwpsfk2g >> Image Returned >> 2020-09-03 15:57:02.722635

8gswwpsfk2g >> End >> 2020-09-03 15:57:02.872273

w5wcwqqi0y6 >> Start >> 2020-09-03 16:02:09.126557

w5wcwqqi0y6 >> Image Returned >> 2020-09-03 16:02:09.130702

w5wcwqqi0y6 >> End >> 2020-09-03 16:02:09.281303

qo3xdubhsjb >> Start >> 2020-09-03 16:02:32.473990

qo3xdubhsjb >> Image Returned >> 2020-09-03 16:02:32.477421

qo3xdubhsjb >> End >> 2020-09-03 16:02:32.631808

c5wg8z8q22n >> Start >> 2020-09-03 16:04:09.516508

c5wg8z8q22n >> Image Returned >> 2020-09-03 16:04:09.520899

c5wg8z8q22n >> End >> 2020-09-03 16:04:09.671263

qrviycohuwr >> Start >> 2020-09-03 16:09:56.671122

qrviycohuwr >> Image Returned >> 2020-09-03 16:09:56.674509

qrviycohuwr >> End >> 2020-09-03 16:09:56.832925

c64awyxqchs >> Start >> 2020-09-03 16:11:49.624464

c64awyxqchs >> Image Returned >> 2020-09-03 16:11:49.628374

c64awyxqchs >> End >> 2020-09-03 16:11:49.780678

fbntyv6e3d3 >> Start >> 2020-09-03 16:13:32.010828

fbntyv6e3d3 >> Image Returned >> 2020-09-03 16:13:32.014153

fbntyv6e3d3 >> End >> 2020-09-03 16:13:32.169783

my0qm3ne48z >> Start >> 2020-09-03 16:15:45.353661

my0qm3ne48z >> Image Returned >> 2020-09-03 16:15:45.357418

my0qm3ne48z >> End >> 2020-09-03 16:15:45.508274

ueqwaqj5ew4 >> Start >> 2020-09-03 16:18:28.309839

ueqwaqj5ew4 >> Image Returned >> 2020-09-03 16:18:28.313684

ueqwaqj5ew4 >> End >> 2020-09-03 16:18:28.468975

it06dibqxic >> Start >> 2020-09-03 16:22:21.911501

it06dibqxic >> Image Returned >> 2020-09-03 16:22:21.915066

it06dibqxic >> End >> 2020-09-03 16:22:22.051924

uzwo34chsww >> Start >> 2020-09-03 16:23:08.890110

uzwo34chsww >> Image Returned >> 2020-09-03 16:23:08.894556

uzwo34chsww >> End >> 2020-09-03 16:23:09.048278

pukod4h8p7y >> Start >> 2020-09-03 16:26:05.157102

pukod4h8p7y >> Image Returned >> 2020-09-03 16:26:05.160861

pukod4h8p7y >> End >> 2020-09-03 16:26:05.314948

7nhj58z5syg >> Start >> 2020-09-03 16:27:18.192244

7nhj58z5syg >> Image Returned >> 2020-09-03 16:27:18.196588

7nhj58z5syg >> End >> 2020-09-03 16:27:18.361403

fdqjo5ihwnm >> Start >> 2020-09-03 16:37:25.556586

fdqjo5ihwnm >> Image Returned >> 2020-09-03 16:37:25.560544

fdqjo5ihwnm >> End >> 2020-09-03 16:37:25.718270

qs8v5qwb2ks >> Start >> 2020-09-03 16:48:20.855699

qs8v5qwb2ks >> Image Returned >> 2020-09-03 16:48:20.860325

qs8v5qwb2ks >> End >> 2020-09-03 16:48:21.008085

6rtur4aq5o6 >> Start >> 2020-09-03 16:49:02.655286

6rtur4aq5o6 >> Image Returned >> 2020-09-03 16:49:02.659557

6rtur4aq5o6 >> End >> 2020-09-03 16:49:02.816390

jdu6pqv3oqi >> Start >> 2020-09-03 16:49:24.402297

jdu6pqv3oqi >> Image Returned >> 2020-09-03 16:49:24.405647

jdu6pqv3oqi >> End >> 2020-09-03 16:49:24.554044

jaros3p3rxh >> Start >> 2020-09-03 16:51:24.619664

jaros3p3rxh >> Image Returned >> 2020-09-03 16:51:24.624212

jaros3p3rxh >> End >> 2020-09-03 16:51:24.782937

ygoqvk6pfpc >> Start >> 2020-09-03 16:52:43.413120

ygoqvk6pfpc >> Image Returned >> 2020-09-03 16:52:43.416696

ygoqvk6pfpc >> End >> 2020-09-03 16:52:43.570957

655m5m6aw7e >> Start >> 2020-09-03 16:53:43.023365

655m5m6aw7e >> Image Returned >> 2020-09-03 16:53:43.026699

655m5m6aw7e >> End >> 2020-09-03 16:53:43.178822

wrw73x25oav >> Start >> 2020-09-03 16:59:19.409418

wrw73x25oav >> Image Returned >> 2020-09-03 16:59:19.413995

wrw73x25oav >> End >> 2020-09-03 16:59:19.568507

wnf0xdkt8hk >> Start >> 2020-09-03 17:05:04.762846

wnf0xdkt8hk >> Image Returned >> 2020-09-03 17:05:04.768138

wnf0xdkt8hk >> End >> 2020-09-03 17:05:04.924734

hvxia78x4mw >> Start >> 2020-09-03 17:14:25.325366

hvxia78x4mw >> Image Returned >> 2020-09-03 17:14:25.329899

hvxia78x4mw >> End >> 2020-09-03 17:14:25.488147

2aqyw8jpmr3 >> Start >> 2020-09-03 17:17:38.472548

2aqyw8jpmr3 >> Image Returned >> 2020-09-03 17:17:38.476759

2aqyw8jpmr3 >> End >> 2020-09-03 17:17:38.633397

p47i5ooijsg >> Start >> 2020-09-03 17:19:22.278058

p47i5ooijsg >> Image Returned >> 2020-09-03 17:19:22.282582

p47i5ooijsg >> End >> 2020-09-03 17:19:22.436944

28idxn2hqmi >> Start >> 2020-09-03 17:19:45.409317

28idxn2hqmi >> Image Returned >> 2020-09-03 17:19:45.412678

28idxn2hqmi >> End >> 2020-09-03 17:19:45.561145

eahk8hqwiqd >> Start >> 2020-09-03 17:21:28.022113

eahk8hqwiqd >> Image Returned >> 2020-09-03 17:21:28.026257

eahk8hqwiqd >> End >> 2020-09-03 17:21:28.178857

nndk2x74fg5 >> Start >> 2020-09-03 17:27:36.479095

nndk2x74fg5 >> Image Returned >> 2020-09-03 17:27:36.483378

nndk2x74fg5 >> End >> 2020-09-03 17:27:36.613043

ichbffd4u5j >> Start >> 2020-09-03 17:27:49.665893

ichbffd4u5j >> Image Returned >> 2020-09-03 17:27:49.669205

ichbffd4u5j >> End >> 2020-09-03 17:27:49.823369

bs7qjbxgcxh >> Start >> 2020-09-03 17:29:01.401724

bs7qjbxgcxh >> Image Returned >> 2020-09-03 17:29:01.405515

bs7qjbxgcxh >> End >> 2020-09-03 17:29:01.557619

m8fatj3x8zm >> Start >> 2020-09-03 17:37:36.826411

m8fatj3x8zm >> Image Returned >> 2020-09-03 17:37:36.830471

m8fatj3x8zm >> End >> 2020-09-03 17:37:36.983290

k5xs85fpkf4 >> Start >> 2020-09-03 17:39:19.810364

k5xs85fpkf4 >> Image Returned >> 2020-09-03 17:39:19.814379

k5xs85fpkf4 >> End >> 2020-09-03 17:39:19.969232

kaah2nm2ghi >> Start >> 2020-09-03 17:39:55.331969

kaah2nm2ghi >> Image Returned >> 2020-09-03 17:39:55.335330

kaah2nm2ghi >> End >> 2020-09-03 17:39:55.491311

aawpuw84m7s >> Start >> 2020-09-03 17:41:50.238632

aawpuw84m7s >> Image Returned >> 2020-09-03 17:41:50.242407

aawpuw84m7s >> End >> 2020-09-03 17:41:50.407546

rip8od7xdmd >> Start >> 2020-09-03 17:56:01.584711

rip8od7xdmd >> Image Returned >> 2020-09-03 17:56:01.588656

rip8od7xdmd >> End >> 2020-09-03 17:56:01.778165

4evjcxkre5u >> Start >> 2020-09-03 17:56:25.060344

4evjcxkre5u >> Image Returned >> 2020-09-03 17:56:25.064084

4evjcxkre5u >> End >> 2020-09-03 17:56:25.227727

m0nb0t6howo >> Start >> 2020-09-03 17:57:40.002248

m0nb0t6howo >> Image Returned >> 2020-09-03 17:57:40.005568

m0nb0t6howo >> End >> 2020-09-03 17:57:40.158023

e0u6ywbkkjz >> Start >> 2020-09-03 17:58:58.183454

e0u6ywbkkjz >> Image Returned >> 2020-09-03 17:58:58.187138

e0u6ywbkkjz >> End >> 2020-09-03 17:58:58.460174

mpxyhee83oi >> Start >> 2020-09-03 17:59:37.691051

mpxyhee83oi >> Image Returned >> 2020-09-03 17:59:37.695029

mpxyhee83oi >> End >> 2020-09-03 17:59:37.857826

57a7cj50kwz >> Start >> 2020-09-03 18:04:13.435964

57a7cj50kwz >> Image Returned >> 2020-09-03 18:04:13.439728

57a7cj50kwz >> End >> 2020-09-03 18:04:13.598522

ts2pxo67tpw >> Start >> 2020-09-03 18:05:33.788150

ts2pxo67tpw >> Image Returned >> 2020-09-03 18:05:33.792967

ts2pxo67tpw >> End >> 2020-09-03 18:05:33.953288

853awvupx7d >> Start >> 2020-09-03 18:09:44.107502

853awvupx7d >> Image Returned >> 2020-09-03 18:09:44.110857

853awvupx7d >> End >> 2020-09-03 18:09:44.267153

xefe80tipzo >> Start >> 2020-09-03 18:23:25.146325

xefe80tipzo >> Image Returned >> 2020-09-03 18:23:25.150187

xefe80tipzo >> End >> 2020-09-03 18:23:25.310807

nggo6ka8ouf >> Start >> 2020-09-03 18:27:57.174335

nggo6ka8ouf >> Image Returned >> 2020-09-03 18:27:57.177817

nggo6ka8ouf >> End >> 2020-09-03 18:27:57.364537

tbi6eh4knuu >> Start >> 2020-09-03 18:29:32.240997

tbi6eh4knuu >> Image Returned >> 2020-09-03 18:29:32.245068

tbi6eh4knuu >> End >> 2020-09-03 18:29:32.399889

5aiprcr35qy >> Start >> 2020-09-03 18:31:05.703553

5aiprcr35qy >> Image Returned >> 2020-09-03 18:31:05.708322

5aiprcr35qy >> End >> 2020-09-03 18:31:05.866772

wbrk33wmv33 >> Start >> 2020-09-03 18:40:08.868145

wbrk33wmv33 >> Image Returned >> 2020-09-03 18:40:08.872085

wbrk33wmv33 >> End >> 2020-09-03 18:40:09.039977

a6rqn72ai33 >> Start >> 2020-09-03 18:46:09.606538

a6rqn72ai33 >> Image Returned >> 2020-09-03 18:46:09.610536

a6rqn72ai33 >> End >> 2020-09-03 18:46:09.776936

r5pyh3xpoec >> Start >> 2020-09-03 18:52:53.970459

r5pyh3xpoec >> Image Returned >> 2020-09-03 18:52:53.976536

r5pyh3xpoec >> End >> 2020-09-03 18:52:54.132118

6egoen6oggg >> Start >> 2020-09-03 18:53:18.442114

6egoen6oggg >> Image Returned >> 2020-09-03 18:53:18.445986

6egoen6oggg >> End >> 2020-09-03 18:53:18.616851

3w366yjf4gz >> Start >> 2020-09-03 18:56:12.082442

3w366yjf4gz >> Image Returned >> 2020-09-03 18:56:12.086743

3w366yjf4gz >> End >> 2020-09-03 18:56:12.220398

xbei7tyc4ue >> Start >> 2020-09-03 18:59:29.459134

xbei7tyc4ue >> Image Returned >> 2020-09-03 18:59:29.464318

xbei7tyc4ue >> End >> 2020-09-03 18:59:29.593405

r3rbt0vcsnb >> Start >> 2020-09-03 18:59:56.550144

r3rbt0vcsnb >> Image Returned >> 2020-09-03 18:59:56.555766

r3rbt0vcsnb >> End >> 2020-09-03 18:59:56.717576

mw35s2hvz52 >> Start >> 2020-09-03 19:01:28.818454

mw35s2hvz52 >> Image Returned >> 2020-09-03 19:01:28.823579

mw35s2hvz52 >> End >> 2020-09-03 19:01:28.999798

ytw72wtb6ik >> Start >> 2020-09-03 19:01:38.823991

ytw72wtb6ik >> Image Returned >> 2020-09-03 19:01:38.824296

ytw72wtb6ik >> End >> 2020-09-03 19:01:39.002211

a0uygzmb5eu >> Start >> 2020-09-03 19:01:39.122678

a0uygzmb5eu >> Image Returned >> 2020-09-03 19:01:39.122996

a0uygzmb5eu >> End >> 2020-09-03 19:01:39.296165

bgnts6mkmsv >> Start >> 2020-09-03 19:02:15.448709

bgnts6mkmsv >> Image Returned >> 2020-09-03 19:02:15.452680

bgnts6mkmsv >> End >> 2020-09-03 19:02:15.606976

p3sowdkyr46 >> Start >> 2020-09-03 19:04:09.215554

p3sowdkyr46 >> Image Returned >> 2020-09-03 19:04:09.219666

p3sowdkyr46 >> End >> 2020-09-03 19:04:09.374488

33fwbitxo4i >> Start >> 2020-09-03 19:06:03.145020

33fwbitxo4i >> Image Returned >> 2020-09-03 19:06:03.149014

33fwbitxo4i >> End >> 2020-09-03 19:06:03.309349

4rt7cxcmp43 >> Start >> 2020-09-03 19:14:20.578583

4rt7cxcmp43 >> Image Returned >> 2020-09-03 19:14:20.582221

4rt7cxcmp43 >> End >> 2020-09-03 19:14:20.733690

objktwq3afy >> Start >> 2020-09-03 19:14:30.413862

objktwq3afy >> Image Returned >> 2020-09-03 19:14:30.414186

objktwq3afy >> End >> 2020-09-03 19:14:30.580621

fitcztp5zbx >> Start >> 2020-09-03 19:21:14.021478

fitcztp5zbx >> Image Returned >> 2020-09-03 19:21:14.025580

fitcztp5zbx >> End >> 2020-09-03 19:21:14.181807

ikwncxghjuy >> Start >> 2020-09-03 19:21:23.074176

ikwncxghjuy >> Image Returned >> 2020-09-03 19:21:23.074470

ikwncxghjuy >> End >> 2020-09-03 19:21:23.223264

0fxunghyugz >> Start >> 2020-09-03 19:31:11.473948

0fxunghyugz >> Image Returned >> 2020-09-03 19:31:11.477931

0fxunghyugz >> End >> 2020-09-03 19:31:11.633788

e6gvhzjsxrr >> Start >> 2020-09-03 19:32:31.565687

e6gvhzjsxrr >> Image Returned >> 2020-09-03 19:32:31.569814

e6gvhzjsxrr >> End >> 2020-09-03 19:32:31.728327

ehki8nm0bos >> Start >> 2020-09-03 19:36:11.522440

ehki8nm0bos >> Image Returned >> 2020-09-03 19:36:11.526287

ehki8nm0bos >> End >> 2020-09-03 19:36:11.682770

2pmb2ggu7yq >> Start >> 2020-09-03 19:38:11.539236

2pmb2ggu7yq >> Image Returned >> 2020-09-03 19:38:11.544193

2pmb2ggu7yq >> End >> 2020-09-03 19:38:11.705764

dcfm5zpymi8 >> Start >> 2020-09-03 19:46:28.412219

dcfm5zpymi8 >> Image Returned >> 2020-09-03 19:46:28.415647

dcfm5zpymi8 >> End >> 2020-09-03 19:46:28.568121

y52q4su6ia2 >> Start >> 2020-09-03 19:48:39.761893

y52q4su6ia2 >> Image Returned >> 2020-09-03 19:48:39.766407

y52q4su6ia2 >> End >> 2020-09-03 19:48:39.923217

54r4hq77saj >> Start >> 2020-09-03 19:49:28.958101

54r4hq77saj >> Image Returned >> 2020-09-03 19:49:28.961987

54r4hq77saj >> End >> 2020-09-03 19:49:29.115601

ttxaddw24hu >> Start >> 2020-09-03 19:51:21.372762

ttxaddw24hu >> Image Returned >> 2020-09-03 19:51:21.377123

ttxaddw24hu >> End >> 2020-09-03 19:51:21.532624

2jve8w4worm >> Start >> 2020-09-03 19:52:53.369421

2jve8w4worm >> Image Returned >> 2020-09-03 19:52:53.374358

2jve8w4worm >> End >> 2020-09-03 19:52:53.551316

w4hwyzobbe2 >> Start >> 2020-09-03 20:00:49.534233

w4hwyzobbe2 >> Image Returned >> 2020-09-03 20:00:49.540402

w4hwyzobbe2 >> End >> 2020-09-03 20:00:49.704792

v0nrr83cj03 >> Start >> 2020-09-03 20:00:54.687747

v0nrr83cj03 >> Image Returned >> 2020-09-03 20:00:54.688102

v0nrr83cj03 >> End >> 2020-09-03 20:00:54.851587

2dpscwkdd6a >> Start >> 2020-09-03 20:01:25.655142

2dpscwkdd6a >> Image Returned >> 2020-09-03 20:01:25.659110

2dpscwkdd6a >> End >> 2020-09-03 20:01:25.822194

776j0780zgz >> Start >> 2020-09-03 20:02:05.088777

776j0780zgz >> Image Returned >> 2020-09-03 20:02:05.092214

776j0780zgz >> End >> 2020-09-03 20:02:05.280697

dhgmtn40664 >> Start >> 2020-09-03 20:04:06.520785

dhgmtn40664 >> Image Returned >> 2020-09-03 20:04:06.525068

dhgmtn40664 >> End >> 2020-09-03 20:04:06.681704

qckeaeaj4wi >> Start >> 2020-09-03 20:04:30.155123

qckeaeaj4wi >> Image Returned >> 2020-09-03 20:04:30.158545

qckeaeaj4wi >> End >> 2020-09-03 20:04:30.315077

n7vesa0kcpj >> Start >> 2020-09-03 20:10:09.237440

n7vesa0kcpj >> Image Returned >> 2020-09-03 20:10:09.241355

n7vesa0kcpj >> End >> 2020-09-03 20:10:09.393995

ynuudy487v5 >> Start >> 2020-09-03 20:10:22.069827

ynuudy487v5 >> Image Returned >> 2020-09-03 20:10:22.073416

ynuudy487v5 >> End >> 2020-09-03 20:10:22.260459

3pmiococgu6 >> Start >> 2020-09-03 20:14:02.817796

3pmiococgu6 >> Image Returned >> 2020-09-03 20:14:02.821959

3pmiococgu6 >> End >> 2020-09-03 20:14:02.974551

z7qhh6qj0ew >> Start >> 2020-09-03 20:15:49.413863

z7qhh6qj0ew >> Image Returned >> 2020-09-03 20:15:49.417396

z7qhh6qj0ew >> End >> 2020-09-03 20:15:49.583951

minew3o3mqd >> Start >> 2020-09-03 20:17:00.585407

minew3o3mqd >> Image Returned >> 2020-09-03 20:17:00.589157

minew3o3mqd >> End >> 2020-09-03 20:17:00.772445

3ajwygv0nr0 >> Start >> 2020-09-03 20:22:58.784754

3ajwygv0nr0 >> Image Returned >> 2020-09-03 20:22:58.788489

3ajwygv0nr0 >> End >> 2020-09-03 20:22:58.942285

qmryag7zrsk >> Start >> 2020-09-03 20:23:07.323951

qmryag7zrsk >> Image Returned >> 2020-09-03 20:23:07.324273

qmryag7zrsk >> End >> 2020-09-03 20:23:07.513099

wimyckj7ib8 >> Start >> 2020-09-03 20:41:54.231452

wimyckj7ib8 >> Image Returned >> 2020-09-03 20:41:54.235850

wimyckj7ib8 >> End >> 2020-09-03 20:41:54.395652

pmni2xu64a0 >> Start >> 2020-09-03 20:43:14.007946

pmni2xu64a0 >> Image Returned >> 2020-09-03 20:43:14.012285

pmni2xu64a0 >> End >> 2020-09-03 20:43:14.174163

228r7uijcjf >> Start >> 2020-09-03 20:47:17.153240

228r7uijcjf >> Image Returned >> 2020-09-03 20:47:17.157603

228r7uijcjf >> End >> 2020-09-03 20:47:17.313076

jr5z2uqnf7a >> Start >> 2020-09-03 21:00:38.437649

jr5z2uqnf7a >> Image Returned >> 2020-09-03 21:00:38.441905

jr5z2uqnf7a >> End >> 2020-09-03 21:00:38.605956

65oj3ic8cpn >> Start >> 2020-09-03 21:06:33.185393

65oj3ic8cpn >> Image Returned >> 2020-09-03 21:06:33.189584

65oj3ic8cpn >> End >> 2020-09-03 21:06:33.349406

7y3c5b8nwfr >> Start >> 2020-09-03 21:08:03.226191

7y3c5b8nwfr >> Image Returned >> 2020-09-03 21:08:03.230571

7y3c5b8nwfr >> End >> 2020-09-03 21:08:03.386436

murba6f24ym >> Start >> 2020-09-03 21:09:02.137084

murba6f24ym >> Image Returned >> 2020-09-03 21:09:02.141282

murba6f24ym >> End >> 2020-09-03 21:09:02.292936

ddtrnxh7rwm >> Start >> 2020-09-03 21:11:08.676676

ddtrnxh7rwm >> Image Returned >> 2020-09-03 21:11:08.680603

ddtrnxh7rwm >> End >> 2020-09-03 21:11:08.849246

z3mz8rofuhz >> Start >> 2020-09-03 21:14:23.555362

z3mz8rofuhz >> Image Returned >> 2020-09-03 21:14:23.559329

z3mz8rofuhz >> End >> 2020-09-03 21:14:23.704586

neoxc0kc7yw >> Start >> 2020-09-03 21:16:33.198427

neoxc0kc7yw >> Image Returned >> 2020-09-03 21:16:33.201930

neoxc0kc7yw >> End >> 2020-09-03 21:16:33.366723

xneuz2jxvyw >> Start >> 2020-09-03 21:23:13.509016

xneuz2jxvyw >> Image Returned >> 2020-09-03 21:23:13.513767

xneuz2jxvyw >> End >> 2020-09-03 21:23:13.682528

d8fdyw253gu >> Start >> 2020-09-03 21:23:28.842278

d8fdyw253gu >> Image Returned >> 2020-09-03 21:23:28.845743

d8fdyw253gu >> End >> 2020-09-03 21:23:29.018476

6wuhezb224z >> Start >> 2020-09-03 21:23:40.768985

6wuhezb224z >> Image Returned >> 2020-09-03 21:23:40.772408

6wuhezb224z >> End >> 2020-09-03 21:23:40.935631

ohj737nern0 >> Start >> 2020-09-03 21:37:50.500390

ohj737nern0 >> Image Returned >> 2020-09-03 21:37:50.505788

ohj737nern0 >> End >> 2020-09-03 21:37:50.698673

cpgsknfgvot >> Start >> 2020-09-03 21:38:22.999464

cpgsknfgvot >> Image Returned >> 2020-09-03 21:38:23.003756

cpgsknfgvot >> End >> 2020-09-03 21:38:23.164817

sx0eofpdp7c >> Start >> 2020-09-03 21:38:40.772649

sx0eofpdp7c >> Image Returned >> 2020-09-03 21:38:40.776232

sx0eofpdp7c >> End >> 2020-09-03 21:38:40.941967

xptw0q8gipz >> Start >> 2020-09-03 21:41:33.536036

xptw0q8gipz >> Image Returned >> 2020-09-03 21:41:33.540915

xptw0q8gipz >> End >> 2020-09-03 21:41:33.671801

26n4nu4ss77 >> Start >> 2020-09-03 21:44:55.607400

26n4nu4ss77 >> Image Returned >> 2020-09-03 21:44:55.611099

26n4nu4ss77 >> End >> 2020-09-03 21:44:55.757777

jcjpnt8u8ch >> Start >> 2020-09-03 21:45:44.026500

jcjpnt8u8ch >> Image Returned >> 2020-09-03 21:45:44.030520

jcjpnt8u8ch >> End >> 2020-09-03 21:45:44.177352

mg636d42pri >> Start >> 2020-09-03 21:45:57.326265

mg636d42pri >> Image Returned >> 2020-09-03 21:45:57.329705

mg636d42pri >> End >> 2020-09-03 21:45:57.479105

o35ruoztsnj >> Start >> 2020-09-03 21:46:42.416241

o35ruoztsnj >> Image Returned >> 2020-09-03 21:46:42.420339

o35ruoztsnj >> End >> 2020-09-03 21:46:42.577807

z2u3g6czjzy >> Start >> 2020-09-03 21:51:57.264130

z2u3g6czjzy >> Image Returned >> 2020-09-03 21:51:57.268254

z2u3g6czjzy >> End >> 2020-09-03 21:51:57.422904

moqnnnsysbq >> Start >> 2020-09-03 21:52:15.666906

moqnnnsysbq >> Image Returned >> 2020-09-03 21:52:15.671334

moqnnnsysbq >> End >> 2020-09-03 21:52:15.816663

iadaagupaxb >> Start >> 2020-09-03 21:56:28.801091

iadaagupaxb >> Image Returned >> 2020-09-03 21:56:28.805090

iadaagupaxb >> End >> 2020-09-03 21:56:28.958277

zxro8veqbvg >> Start >> 2020-09-03 21:56:49.800345

zxro8veqbvg >> Image Returned >> 2020-09-03 21:56:49.803915

zxro8veqbvg >> End >> 2020-09-03 21:56:49.949398

vd0w8gy00z8 >> Start >> 2020-09-03 21:57:12.416522

vd0w8gy00z8 >> Image Returned >> 2020-09-03 21:57:12.420433

vd0w8gy00z8 >> End >> 2020-09-03 21:57:12.577956

ddg2yrffs63 >> Start >> 2020-09-03 22:00:13.346669

ddg2yrffs63 >> Image Returned >> 2020-09-03 22:00:13.350708

ddg2yrffs63 >> End >> 2020-09-03 22:00:13.510746

gybys6p7wmk >> Start >> 2020-09-03 22:00:22.779501

gybys6p7wmk >> Image Returned >> 2020-09-03 22:00:22.779813

gybys6p7wmk >> End >> 2020-09-03 22:00:22.937283

ngraxfigrso >> Start >> 2020-09-03 22:00:23.069708

ngraxfigrso >> Image Returned >> 2020-09-03 22:00:23.070003

ngraxfigrso >> End >> 2020-09-03 22:00:23.222692

wsnrx6gmhut >> Start >> 2020-09-03 22:17:03.893624

wsnrx6gmhut >> Image Returned >> 2020-09-03 22:17:03.897684

wsnrx6gmhut >> End >> 2020-09-03 22:17:04.068351

0n8ugyqhe02 >> Start >> 2020-09-03 22:26:10.119231

0n8ugyqhe02 >> Image Returned >> 2020-09-03 22:26:10.123852

0n8ugyqhe02 >> End >> 2020-09-03 22:26:10.279858

iuq4ougm2zc >> Start >> 2020-09-03 22:27:27.329128

iuq4ougm2zc >> Image Returned >> 2020-09-03 22:27:27.332776

iuq4ougm2zc >> End >> 2020-09-03 22:27:27.487374

nbe7ewncdb5 >> Start >> 2020-09-03 23:04:39.387999

nbe7ewncdb5 >> Image Returned >> 2020-09-03 23:04:39.392127

nbe7ewncdb5 >> End >> 2020-09-03 23:04:39.552552

hiaoosg4d5s >> Start >> 2020-09-03 23:06:22.025517

hiaoosg4d5s >> Image Returned >> 2020-09-03 23:06:22.029464

hiaoosg4d5s >> End >> 2020-09-03 23:06:22.180382

ka37u0prksu >> Start >> 2020-09-03 23:13:12.951050

ka37u0prksu >> Image Returned >> 2020-09-03 23:13:12.955224

ka37u0prksu >> End >> 2020-09-03 23:13:13.115845

v750mrzs3vn >> Start >> 2020-09-03 23:28:04.954231

v750mrzs3vn >> Image Returned >> 2020-09-03 23:28:04.958934

v750mrzs3vn >> End >> 2020-09-03 23:28:05.121234

qc2as7wqjjy >> Start >> 2020-09-03 23:36:49.473593

qc2as7wqjjy >> Image Returned >> 2020-09-03 23:36:49.478522

qc2as7wqjjy >> End >> 2020-09-03 23:36:49.656742

jhanc7dgc0m >> Start >> 2020-09-03 23:57:10.456147

jhanc7dgc0m >> Image Returned >> 2020-09-03 23:57:10.460105

jhanc7dgc0m >> End >> 2020-09-03 23:57:10.621396

