24asiu53quv >> Start >> 2020-10-27 00:07:12.804155

24asiu53quv >> Image Returned >> 2020-10-27 00:07:12.807959

24asiu53quv >> End >> 2020-10-27 00:07:13.028424

sfdid050s4t >> Start >> 2020-10-27 00:08:11.450668

sfdid050s4t >> Image Returned >> 2020-10-27 00:08:11.454310

sfdid050s4t >> End >> 2020-10-27 00:08:11.659193

fkq0imxfxhs >> Start >> 2020-10-27 00:09:16.366190

fkq0imxfxhs >> Image Returned >> 2020-10-27 00:09:16.369026

fkq0imxfxhs >> End >> 2020-10-27 00:09:16.553267

2fbf5jnyojq >> Start >> 2020-10-27 00:09:20.659010

2fbf5jnyojq >> Image Returned >> 2020-10-27 00:09:20.659323

2fbf5jnyojq >> End >> 2020-10-27 00:09:20.783793

fa0jeggt5jd >> Start >> 2020-10-27 00:12:53.694083

fa0jeggt5jd >> Image Returned >> 2020-10-27 00:12:53.696990

fa0jeggt5jd >> End >> 2020-10-27 00:12:53.873898

htdp8yq7brb >> Start >> 2020-10-27 00:23:54.235496

htdp8yq7brb >> Image Returned >> 2020-10-27 00:23:54.238313

htdp8yq7brb >> End >> 2020-10-27 00:23:54.444317

8xkp4vfp3v5 >> Start >> 2020-10-27 00:27:20.284321

8xkp4vfp3v5 >> Image Returned >> 2020-10-27 00:27:20.287585

8xkp4vfp3v5 >> End >> 2020-10-27 00:27:20.471604

8tceey7c57s >> Start >> 2020-10-27 00:47:01.491699

8tceey7c57s >> Image Returned >> 2020-10-27 00:47:01.494967

8tceey7c57s >> End >> 2020-10-27 00:47:01.756902

gdpnhoi7fnz >> Start >> 2020-10-27 00:58:31.113691

gdpnhoi7fnz >> Image Returned >> 2020-10-27 00:58:31.116863

gdpnhoi7fnz >> End >> 2020-10-27 00:58:31.323298

07hpeoym5mc >> Start >> 2020-10-27 00:59:18.945177

07hpeoym5mc >> Image Returned >> 2020-10-27 00:59:18.948012

07hpeoym5mc >> End >> 2020-10-27 00:59:19.154110

ym3qfhios7t >> Start >> 2020-10-27 01:03:12.678611

ym3qfhios7t >> Image Returned >> 2020-10-27 01:03:12.681683

ym3qfhios7t >> End >> 2020-10-27 01:03:12.853745

0guv7553idm >> Start >> 2020-10-27 01:03:45.515799

0guv7553idm >> Image Returned >> 2020-10-27 01:03:45.518963

0guv7553idm >> End >> 2020-10-27 01:03:45.693051

jqyivekiwkm >> Start >> 2020-10-27 01:30:34.705676

jqyivekiwkm >> Image Returned >> 2020-10-27 01:30:34.709050

jqyivekiwkm >> End >> 2020-10-27 01:30:34.890582

i87qcw6unnx >> Start >> 2020-10-27 01:35:24.890451

i87qcw6unnx >> Image Returned >> 2020-10-27 01:35:24.893665

i87qcw6unnx >> End >> 2020-10-27 01:35:25.070979

ceccc0mafit >> Start >> 2020-10-27 01:50:57.220638

ceccc0mafit >> Image Returned >> 2020-10-27 01:50:57.223778

ceccc0mafit >> End >> 2020-10-27 01:50:57.399570

64ibcyuzd2c >> Start >> 2020-10-27 01:55:15.676791

64ibcyuzd2c >> Image Returned >> 2020-10-27 01:55:15.680644

64ibcyuzd2c >> End >> 2020-10-27 01:55:15.938913

gr2acpstoqr >> Start >> 2020-10-27 01:57:43.704853

gr2acpstoqr >> Image Returned >> 2020-10-27 01:57:43.708020

gr2acpstoqr >> End >> 2020-10-27 01:57:43.911010

gmixkw730ex >> Start >> 2020-10-27 02:05:56.927628

gmixkw730ex >> Image Returned >> 2020-10-27 02:05:56.930906

gmixkw730ex >> End >> 2020-10-27 02:05:57.110061

h0v38hrzsd8 >> Start >> 2020-10-27 02:08:24.146866

h0v38hrzsd8 >> Image Returned >> 2020-10-27 02:08:24.150680

h0v38hrzsd8 >> End >> 2020-10-27 02:08:24.364097

oojym6xm8xp >> Start >> 2020-10-27 02:18:09.778717

oojym6xm8xp >> Image Returned >> 2020-10-27 02:18:09.782303

oojym6xm8xp >> End >> 2020-10-27 02:18:09.972888

amxu20r8our >> Start >> 2020-10-27 02:32:54.413127

amxu20r8our >> Image Returned >> 2020-10-27 02:32:54.417118

amxu20r8our >> End >> 2020-10-27 02:32:54.596234

z5txhw7jur4 >> Start >> 2020-10-27 02:58:38.664715

z5txhw7jur4 >> Image Returned >> 2020-10-27 02:58:38.668116

z5txhw7jur4 >> End >> 2020-10-27 02:58:38.849442

cjxf8vxaaf6 >> Start >> 2020-10-27 03:28:19.541768

cjxf8vxaaf6 >> Image Returned >> 2020-10-27 03:28:19.544847

cjxf8vxaaf6 >> End >> 2020-10-27 03:28:19.721760

csqpyqiac34 >> Start >> 2020-10-27 03:36:50.523233

csqpyqiac34 >> Image Returned >> 2020-10-27 03:36:50.526271

csqpyqiac34 >> End >> 2020-10-27 03:36:50.708358

kioge4yr4ok >> Start >> 2020-10-27 03:37:40.753468

kioge4yr4ok >> Image Returned >> 2020-10-27 03:37:40.756777

kioge4yr4ok >> End >> 2020-10-27 03:37:40.931667

2r0t2ucdgzs >> Start >> 2020-10-27 03:40:10.838723

2r0t2ucdgzs >> Image Returned >> 2020-10-27 03:40:10.841792

2r0t2ucdgzs >> End >> 2020-10-27 03:40:11.032720

szsib2s80gy >> Start >> 2020-10-27 05:19:36.927720

szsib2s80gy >> Image Returned >> 2020-10-27 05:19:36.934190

szsib2s80gy >> End >> 2020-10-27 05:19:37.118495

udg8bkgufor >> Start >> 2020-10-27 05:31:22.947175

udg8bkgufor >> Image Returned >> 2020-10-27 05:31:22.950051

udg8bkgufor >> End >> 2020-10-27 05:31:23.131072

gh0ubebhw3t >> Start >> 2020-10-27 05:34:06.418382

gh0ubebhw3t >> Image Returned >> 2020-10-27 05:34:06.421027

gh0ubebhw3t >> End >> 2020-10-27 05:34:06.645107

302k2tvpwcv >> Start >> 2020-10-27 05:43:25.808520

302k2tvpwcv >> Image Returned >> 2020-10-27 05:43:25.811191

302k2tvpwcv >> End >> 2020-10-27 05:43:25.991837

mef5a3zm2y8 >> Start >> 2020-10-27 06:09:51.802825

mef5a3zm2y8 >> Image Returned >> 2020-10-27 06:09:51.805660

mef5a3zm2y8 >> End >> 2020-10-27 06:09:51.987926

zb7oyj3kok6 >> Start >> 2020-10-27 06:30:16.424935

zb7oyj3kok6 >> Image Returned >> 2020-10-27 06:30:16.427953

zb7oyj3kok6 >> End >> 2020-10-27 06:30:16.610622

5zarodoeuw2 >> Start >> 2020-10-27 06:32:59.023041

5zarodoeuw2 >> Image Returned >> 2020-10-27 06:32:59.026410

5zarodoeuw2 >> End >> 2020-10-27 06:32:59.201971

h5swy5kzfmc >> Start >> 2020-10-27 06:36:10.520517

h5swy5kzfmc >> Image Returned >> 2020-10-27 06:36:10.523293

h5swy5kzfmc >> End >> 2020-10-27 06:36:10.709410

54ci8qj88kf >> Start >> 2020-10-27 06:52:59.252923

54ci8qj88kf >> Image Returned >> 2020-10-27 06:52:59.255767

54ci8qj88kf >> End >> 2020-10-27 06:52:59.431972

2yjk4ciw0kd >> Start >> 2020-10-27 06:53:44.317842

2yjk4ciw0kd >> Image Returned >> 2020-10-27 06:53:44.320559

2yjk4ciw0kd >> End >> 2020-10-27 06:53:44.499567

0umj5b6pmj7 >> Start >> 2020-10-27 06:59:20.727142

0umj5b6pmj7 >> Image Returned >> 2020-10-27 06:59:20.729775

0umj5b6pmj7 >> End >> 2020-10-27 06:59:20.911375

ba3a3u83ahk >> Start >> 2020-10-27 07:04:04.303685

ba3a3u83ahk >> Image Returned >> 2020-10-27 07:04:04.306479

ba3a3u83ahk >> End >> 2020-10-27 07:04:04.557296

ymnbacgx8xm >> Start >> 2020-10-27 07:04:05.485182

ymnbacgx8xm >> Image Returned >> 2020-10-27 07:04:05.485464

ymnbacgx8xm >> End >> 2020-10-27 07:04:05.662266

0obyvyhx3q8 >> Start >> 2020-10-27 07:04:43.438350

0obyvyhx3q8 >> Image Returned >> 2020-10-27 07:04:43.441354

0obyvyhx3q8 >> End >> 2020-10-27 07:04:43.619353

ounhg2azwvk >> Start >> 2020-10-27 07:04:43.679554

ounhg2azwvk >> Image Returned >> 2020-10-27 07:04:43.679842

ounhg2azwvk >> End >> 2020-10-27 07:04:43.895911

h0bvpjyahq2 >> Start >> 2020-10-27 07:11:11.854921

h0bvpjyahq2 >> Image Returned >> 2020-10-27 07:11:11.858094

h0bvpjyahq2 >> End >> 2020-10-27 07:11:12.047564

iyhsavtoqbn >> Start >> 2020-10-27 07:16:26.302345

iyhsavtoqbn >> Image Returned >> 2020-10-27 07:16:26.305062

iyhsavtoqbn >> End >> 2020-10-27 07:16:26.483141

ebstce0b2qb >> Start >> 2020-10-27 07:17:52.662367

ebstce0b2qb >> Image Returned >> 2020-10-27 07:17:52.665199

ebstce0b2qb >> End >> 2020-10-27 07:17:52.852909

2pymptewmt6 >> Start >> 2020-10-27 07:28:37.002021

2pymptewmt6 >> Image Returned >> 2020-10-27 07:28:37.004704

2pymptewmt6 >> End >> 2020-10-27 07:28:37.197483

2x4bkqmnqcc >> Start >> 2020-10-27 07:34:02.033868

2x4bkqmnqcc >> Image Returned >> 2020-10-27 07:34:02.036631

2x4bkqmnqcc >> End >> 2020-10-27 07:34:02.210928

xyo5kufdqzf >> Start >> 2020-10-27 07:36:24.369565

xyo5kufdqzf >> Image Returned >> 2020-10-27 07:36:24.372400

xyo5kufdqzf >> End >> 2020-10-27 07:36:24.569188

48s3sde0g3j >> Start >> 2020-10-27 07:38:43.207644

48s3sde0g3j >> Image Returned >> 2020-10-27 07:38:43.212177

48s3sde0g3j >> End >> 2020-10-27 07:38:43.399102

o74rc8s784t >> Start >> 2020-10-27 07:44:26.988157

o74rc8s784t >> Image Returned >> 2020-10-27 07:44:26.990986

o74rc8s784t >> End >> 2020-10-27 07:44:27.162230

4jwn4eiypi4 >> Start >> 2020-10-27 07:47:32.742535

4jwn4eiypi4 >> Image Returned >> 2020-10-27 07:47:32.746247

4jwn4eiypi4 >> End >> 2020-10-27 07:47:32.937983

cc0h7dp8anx >> Start >> 2020-10-27 07:53:51.415432

cc0h7dp8anx >> Image Returned >> 2020-10-27 07:53:51.418344

cc0h7dp8anx >> End >> 2020-10-27 07:53:51.594285

g7dqmfd6g66 >> Start >> 2020-10-27 07:57:29.838146

g7dqmfd6g66 >> Image Returned >> 2020-10-27 07:57:29.840862

g7dqmfd6g66 >> End >> 2020-10-27 07:57:30.023591

c3cgpfjc7f0 >> Start >> 2020-10-27 08:04:15.739070

c3cgpfjc7f0 >> Image Returned >> 2020-10-27 08:04:15.741955

c3cgpfjc7f0 >> End >> 2020-10-27 08:04:15.939512

66f5esk4fjx >> Start >> 2020-10-27 08:06:10.306129

66f5esk4fjx >> Image Returned >> 2020-10-27 08:06:10.310156

66f5esk4fjx >> End >> 2020-10-27 08:06:10.489039

z48jw0kuadh >> Start >> 2020-10-27 08:06:12.953233

z48jw0kuadh >> Image Returned >> 2020-10-27 08:06:12.953525

z48jw0kuadh >> End >> 2020-10-27 08:06:13.133308

opnxkh8q5jk >> Start >> 2020-10-27 08:06:54.684760

opnxkh8q5jk >> Image Returned >> 2020-10-27 08:06:54.688246

opnxkh8q5jk >> End >> 2020-10-27 08:06:54.872488

0rtrcmgzqwe >> Start >> 2020-10-27 08:07:23.176404

0rtrcmgzqwe >> Image Returned >> 2020-10-27 08:07:23.180627

0rtrcmgzqwe >> End >> 2020-10-27 08:07:23.546972

88pgs2af7oe >> Start >> 2020-10-27 08:07:35.971072

88pgs2af7oe >> Image Returned >> 2020-10-27 08:07:35.973779

88pgs2af7oe >> End >> 2020-10-27 08:07:36.334434

m2s8ora4a54 >> Start >> 2020-10-27 08:07:36.393332

m2s8ora4a54 >> Image Returned >> 2020-10-27 08:07:36.393606

r5gever7iq7 >> Start >> 2020-10-27 08:07:36.461616

r5gever7iq7 >> Image Returned >> 2020-10-27 08:07:36.464452

m2s8ora4a54 >> End >> 2020-10-27 08:07:36.573911

r5gever7iq7 >> End >> 2020-10-27 08:07:36.798485

pw3znmshhzd >> Start >> 2020-10-27 08:17:15.368953

pw3znmshhzd >> Image Returned >> 2020-10-27 08:17:15.372095

pw3znmshhzd >> End >> 2020-10-27 08:17:15.548990

rawcv2ukmso >> Start >> 2020-10-27 08:23:37.221373

rawcv2ukmso >> Image Returned >> 2020-10-27 08:23:37.224200

rawcv2ukmso >> End >> 2020-10-27 08:23:37.418946

a4w6wj2qayg >> Start >> 2020-10-27 08:23:58.466641

a4w6wj2qayg >> Image Returned >> 2020-10-27 08:23:58.469619

a4w6wj2qayg >> End >> 2020-10-27 08:23:58.662240

228r7uijcjf >> Start >> 2020-10-27 08:27:40.153240

228r7uijcjf >> Image Returned >> 2020-10-27 08:27:40.155986

228r7uijcjf >> End >> 2020-10-27 08:27:40.338257

mzziyh72cpt >> Start >> 2020-10-27 08:31:39.467061

mzziyh72cpt >> Image Returned >> 2020-10-27 08:31:39.469825

mzziyh72cpt >> End >> 2020-10-27 08:31:39.657987

5mwb6c0mkc0 >> Start >> 2020-10-27 08:33:11.572534

5mwb6c0mkc0 >> Image Returned >> 2020-10-27 08:33:11.575344

5mwb6c0mkc0 >> End >> 2020-10-27 08:33:11.753289

v7ac8ezcnr0 >> Start >> 2020-10-27 08:34:17.589636

v7ac8ezcnr0 >> Image Returned >> 2020-10-27 08:34:17.592442

v7ac8ezcnr0 >> End >> 2020-10-27 08:34:17.780023

rediehr4qd2 >> Start >> 2020-10-27 08:34:36.163105

rediehr4qd2 >> Image Returned >> 2020-10-27 08:34:36.165900

rediehr4qd2 >> End >> 2020-10-27 08:34:36.347018

y5ntaed3v0q >> Start >> 2020-10-27 08:35:21.368711

y5ntaed3v0q >> Image Returned >> 2020-10-27 08:35:21.371551

y5ntaed3v0q >> End >> 2020-10-27 08:35:21.570008

84a0ngwtja3 >> Start >> 2020-10-27 08:44:31.261190

84a0ngwtja3 >> Image Returned >> 2020-10-27 08:44:31.264089

84a0ngwtja3 >> End >> 2020-10-27 08:44:31.465225

0xp575437gm >> Start >> 2020-10-27 08:48:46.207503

0xp575437gm >> Image Returned >> 2020-10-27 08:48:46.210839

0xp575437gm >> End >> 2020-10-27 08:48:46.392608

ejqa4vf2ktw >> Start >> 2020-10-27 08:50:56.809796

ejqa4vf2ktw >> Image Returned >> 2020-10-27 08:50:56.812943

ejqa4vf2ktw >> End >> 2020-10-27 08:50:57.021365

fxuwh45yji4 >> Start >> 2020-10-27 08:51:13.842684

fxuwh45yji4 >> Image Returned >> 2020-10-27 08:51:13.845418

fxuwh45yji4 >> End >> 2020-10-27 08:51:14.028284

48ojau4fah3 >> Start >> 2020-10-27 08:51:28.067312

48ojau4fah3 >> Image Returned >> 2020-10-27 08:51:28.071650

48ojau4fah3 >> End >> 2020-10-27 08:51:28.286016

78vntqz76yb >> Start >> 2020-10-27 08:51:33.666384

78vntqz76yb >> Image Returned >> 2020-10-27 08:51:33.666827

78vntqz76yb >> End >> 2020-10-27 08:51:33.895776

hk3j55f54ns >> Start >> 2020-10-27 08:56:12.395626

hk3j55f54ns >> Image Returned >> 2020-10-27 08:56:12.399293

hk3j55f54ns >> End >> 2020-10-27 08:56:12.593560

y0qmcxtff3c >> Start >> 2020-10-27 08:57:35.031925

y0qmcxtff3c >> Image Returned >> 2020-10-27 08:57:35.034807

y0qmcxtff3c >> End >> 2020-10-27 08:57:35.218841

0crc5xrdptk >> Start >> 2020-10-27 09:03:47.637146

0crc5xrdptk >> Image Returned >> 2020-10-27 09:03:47.640619

0crc5xrdptk >> End >> 2020-10-27 09:03:47.812658

u0h8nn8qgwn >> Start >> 2020-10-27 09:07:07.180953

u0h8nn8qgwn >> Image Returned >> 2020-10-27 09:07:07.184077

u0h8nn8qgwn >> End >> 2020-10-27 09:07:07.394892

oa6o3mnkvqh >> Start >> 2020-10-27 09:09:20.232481

oa6o3mnkvqh >> Image Returned >> 2020-10-27 09:09:20.235337

oa6o3mnkvqh >> End >> 2020-10-27 09:09:20.410612

vtgd8xxzzdt >> Start >> 2020-10-27 09:12:06.992400

vtgd8xxzzdt >> Image Returned >> 2020-10-27 09:12:06.995281

vtgd8xxzzdt >> End >> 2020-10-27 09:12:07.207765

vw68finx04x >> Start >> 2020-10-27 09:12:14.771039

vw68finx04x >> Image Returned >> 2020-10-27 09:12:14.771325

vw68finx04x >> End >> 2020-10-27 09:12:14.950227

40r7pgx5k56 >> Start >> 2020-10-27 09:13:51.319775

40r7pgx5k56 >> Image Returned >> 2020-10-27 09:13:51.322977

40r7pgx5k56 >> End >> 2020-10-27 09:13:51.525320

6ac3vahhow2 >> Start >> 2020-10-27 09:14:53.115462

6ac3vahhow2 >> Image Returned >> 2020-10-27 09:14:53.118643

6ac3vahhow2 >> End >> 2020-10-27 09:14:53.300101

nacnshvwf3t >> Start >> 2020-10-27 09:18:29.488336

nacnshvwf3t >> Image Returned >> 2020-10-27 09:18:29.491611

nacnshvwf3t >> End >> 2020-10-27 09:18:29.750665

d0zrogy3ues >> Start >> 2020-10-27 09:23:47.492800

d0zrogy3ues >> Image Returned >> 2020-10-27 09:23:47.496267

d0zrogy3ues >> End >> 2020-10-27 09:23:47.713438

c0msuod44ci >> Start >> 2020-10-27 09:25:53.404625

c0msuod44ci >> Image Returned >> 2020-10-27 09:25:53.407428

c0msuod44ci >> End >> 2020-10-27 09:25:53.689038

itb3dzm8uby >> Start >> 2020-10-27 09:29:13.583830

itb3dzm8uby >> Image Returned >> 2020-10-27 09:29:13.586684

itb3dzm8uby >> End >> 2020-10-27 09:29:13.856378

h3c8borz6o6 >> Start >> 2020-10-27 09:40:04.509954

h3c8borz6o6 >> Image Returned >> 2020-10-27 09:40:04.512767

h3c8borz6o6 >> End >> 2020-10-27 09:40:04.700968

68uwd86tp68 >> Start >> 2020-10-27 09:40:55.325999

68uwd86tp68 >> Image Returned >> 2020-10-27 09:40:55.329147

68uwd86tp68 >> End >> 2020-10-27 09:40:55.532526

s7b2gumuzva >> Start >> 2020-10-27 09:41:28.652707

s7b2gumuzva >> Image Returned >> 2020-10-27 09:41:28.655504

s7b2gumuzva >> End >> 2020-10-27 09:41:28.950422

0ir3dra7abs >> Start >> 2020-10-27 09:51:56.254477

0ir3dra7abs >> Image Returned >> 2020-10-27 09:51:56.257944

0ir3dra7abs >> End >> 2020-10-27 09:51:56.467621

vc43tspvsvi >> Start >> 2020-10-27 09:54:29.203972

vc43tspvsvi >> Image Returned >> 2020-10-27 09:54:29.206832

vc43tspvsvi >> End >> 2020-10-27 09:54:29.384249

zdx37og6nsr >> Start >> 2020-10-27 10:00:03.178862

zdx37og6nsr >> Image Returned >> 2020-10-27 10:00:03.181859

zdx37og6nsr >> End >> 2020-10-27 10:00:03.367815

mfh5mm5nqk8 >> Start >> 2020-10-27 10:01:09.807729

mfh5mm5nqk8 >> Image Returned >> 2020-10-27 10:01:09.810607

mfh5mm5nqk8 >> End >> 2020-10-27 10:01:09.984932

zyp2ukkkz23 >> Start >> 2020-10-27 10:03:16.559760

zyp2ukkkz23 >> Image Returned >> 2020-10-27 10:03:16.562817

zyp2ukkkz23 >> End >> 2020-10-27 10:03:16.744674

vwcgo0phn44 >> Start >> 2020-10-27 10:03:45.350986

vwcgo0phn44 >> Image Returned >> 2020-10-27 10:03:45.353848

vwcgo0phn44 >> End >> 2020-10-27 10:03:45.533248

5bjj3igu4jm >> Start >> 2020-10-27 10:03:50.670810

5bjj3igu4jm >> Image Returned >> 2020-10-27 10:03:50.671150

5bjj3igu4jm >> End >> 2020-10-27 10:03:50.850068

wdwnsaaserf >> Start >> 2020-10-27 10:03:57.232053

wdwnsaaserf >> Image Returned >> 2020-10-27 10:03:57.232327

wdwnsaaserf >> End >> 2020-10-27 10:03:57.411202

8zj5788fib6 >> Start >> 2020-10-27 10:04:16.971904

8zj5788fib6 >> Image Returned >> 2020-10-27 10:04:16.975213

8zj5788fib6 >> End >> 2020-10-27 10:04:17.163855

0ihsvgg2n3p >> Start >> 2020-10-27 10:04:32.693615

0ihsvgg2n3p >> Image Returned >> 2020-10-27 10:04:32.696738

0ihsvgg2n3p >> End >> 2020-10-27 10:04:32.892860

pimvyno0ejm >> Start >> 2020-10-27 10:04:40.575138

pimvyno0ejm >> Image Returned >> 2020-10-27 10:04:40.575419

pimvyno0ejm >> End >> 2020-10-27 10:04:40.761846

qaj28x6v3aj >> Start >> 2020-10-27 10:08:37.462770

qaj28x6v3aj >> Image Returned >> 2020-10-27 10:08:37.465776

qaj28x6v3aj >> End >> 2020-10-27 10:08:37.670221

zawjsgw3ktx >> Start >> 2020-10-27 10:08:52.184236

zawjsgw3ktx >> Image Returned >> 2020-10-27 10:08:52.187438

zawjsgw3ktx >> End >> 2020-10-27 10:08:52.391017

jjtkykex7cu >> Start >> 2020-10-27 10:10:28.772429

jjtkykex7cu >> Image Returned >> 2020-10-27 10:10:28.775432

jjtkykex7cu >> End >> 2020-10-27 10:10:29.047053

kverhd70bd4 >> Start >> 2020-10-27 10:13:13.990581

kverhd70bd4 >> Image Returned >> 2020-10-27 10:13:13.993717

kverhd70bd4 >> End >> 2020-10-27 10:13:14.208312

w54qtesofep >> Start >> 2020-10-27 10:14:53.397641

w54qtesofep >> Image Returned >> 2020-10-27 10:14:53.401279

w54qtesofep >> End >> 2020-10-27 10:14:53.571007

3y4pvxnaoz3 >> Start >> 2020-10-27 10:25:05.790353

3y4pvxnaoz3 >> Image Returned >> 2020-10-27 10:25:05.793682

3y4pvxnaoz3 >> End >> 2020-10-27 10:25:05.967783

75gm62okmgi >> Start >> 2020-10-27 10:36:57.746470

75gm62okmgi >> Image Returned >> 2020-10-27 10:36:57.749563

75gm62okmgi >> End >> 2020-10-27 10:36:57.923408

gpvae6d78ss >> Start >> 2020-10-27 10:40:51.048789

gpvae6d78ss >> Image Returned >> 2020-10-27 10:40:51.052685

gpvae6d78ss >> End >> 2020-10-27 10:40:51.229808

5x4p6upgvgp >> Start >> 2020-10-27 10:43:11.858444

5x4p6upgvgp >> Image Returned >> 2020-10-27 10:43:11.861922

5x4p6upgvgp >> End >> 2020-10-27 10:43:12.040924

eaw84zrt8sm >> Start >> 2020-10-27 10:43:22.340274

eaw84zrt8sm >> Image Returned >> 2020-10-27 10:43:22.340559

eaw84zrt8sm >> End >> 2020-10-27 10:43:22.521315

suhz0ydybsd >> Start >> 2020-10-27 10:43:49.795404

suhz0ydybsd >> Image Returned >> 2020-10-27 10:43:49.798260

suhz0ydybsd >> End >> 2020-10-27 10:43:49.930242

wnmffz36rcq >> Start >> 2020-10-27 10:46:11.991617

wnmffz36rcq >> Image Returned >> 2020-10-27 10:46:11.994985

wnmffz36rcq >> End >> 2020-10-27 10:46:12.189229

xaqcye3jpd6 >> Start >> 2020-10-27 10:47:26.672724

xaqcye3jpd6 >> Image Returned >> 2020-10-27 10:47:26.675889

xaqcye3jpd6 >> End >> 2020-10-27 10:47:26.872796

5kmtffz3fah >> Start >> 2020-10-27 10:48:25.179106

5kmtffz3fah >> Image Returned >> 2020-10-27 10:48:25.182405

5kmtffz3fah >> End >> 2020-10-27 10:48:25.361923

xqmqiv3yobt >> Start >> 2020-10-27 10:51:11.252729

xqmqiv3yobt >> Image Returned >> 2020-10-27 10:51:11.255970

xqmqiv3yobt >> End >> 2020-10-27 10:51:11.440426

nt5m2eygyiy >> Start >> 2020-10-27 10:55:06.055897

nt5m2eygyiy >> Image Returned >> 2020-10-27 10:55:06.058815

nt5m2eygyiy >> End >> 2020-10-27 10:55:06.244797

7gkp6ezq5zn >> Start >> 2020-10-27 10:56:44.511184

7gkp6ezq5zn >> Image Returned >> 2020-10-27 10:56:44.514337

7gkp6ezq5zn >> End >> 2020-10-27 10:56:44.698242

pfm5gahwr8y >> Start >> 2020-10-27 10:57:29.675617

pfm5gahwr8y >> Image Returned >> 2020-10-27 10:57:29.678767

pfm5gahwr8y >> End >> 2020-10-27 10:57:29.856355

jhz7f2hh4mj >> Start >> 2020-10-27 10:57:49.672204

jhz7f2hh4mj >> Image Returned >> 2020-10-27 10:57:49.675255

jhz7f2hh4mj >> End >> 2020-10-27 10:57:49.857768

xpyva0rzukr >> Start >> 2020-10-27 10:58:00.138076

xpyva0rzukr >> Image Returned >> 2020-10-27 10:58:00.138417

xpyva0rzukr >> End >> 2020-10-27 10:58:00.315382

pov6t67uz6z >> Start >> 2020-10-27 11:00:03.278616

pov6t67uz6z >> Image Returned >> 2020-10-27 11:00:03.282005

pov6t67uz6z >> End >> 2020-10-27 11:00:03.539156

rctr6ffjncr >> Start >> 2020-10-27 11:01:30.782924

rctr6ffjncr >> Image Returned >> 2020-10-27 11:01:30.786087

rctr6ffjncr >> End >> 2020-10-27 11:01:30.975743

7vy6xx3ygf4 >> Start >> 2020-10-27 11:02:44.011612

7vy6xx3ygf4 >> Image Returned >> 2020-10-27 11:02:44.014508

7vy6xx3ygf4 >> End >> 2020-10-27 11:02:44.211267

rzuze5khicq >> Start >> 2020-10-27 11:02:52.435517

rzuze5khicq >> Image Returned >> 2020-10-27 11:02:52.435796

rzuze5khicq >> End >> 2020-10-27 11:02:52.620563

yuu4ycnrppo >> Start >> 2020-10-27 11:07:29.243937

yuu4ycnrppo >> Image Returned >> 2020-10-27 11:07:29.248914

yuu4ycnrppo >> End >> 2020-10-27 11:07:29.448796

5wo48oqfjg7 >> Start >> 2020-10-27 11:16:37.008562

5wo48oqfjg7 >> Image Returned >> 2020-10-27 11:16:37.012837

5wo48oqfjg7 >> End >> 2020-10-27 11:16:37.287236

ph44taas5b0 >> Start >> 2020-10-27 11:18:22.218697

ph44taas5b0 >> Image Returned >> 2020-10-27 11:18:22.221693

ph44taas5b0 >> End >> 2020-10-27 11:18:22.407567

7zeg25qur32 >> Start >> 2020-10-27 11:20:06.495891

7zeg25qur32 >> Image Returned >> 2020-10-27 11:20:06.499186

7zeg25qur32 >> End >> 2020-10-27 11:20:06.688244

u0snqc5abzi >> Start >> 2020-10-27 11:22:44.180983

u0snqc5abzi >> Image Returned >> 2020-10-27 11:22:44.183926

u0snqc5abzi >> End >> 2020-10-27 11:22:44.384562

2vto0g73mhc >> Start >> 2020-10-27 11:24:44.191622

2vto0g73mhc >> Image Returned >> 2020-10-27 11:24:44.194545

2vto0g73mhc >> End >> 2020-10-27 11:24:44.377338

e2yc2n24yzu >> Start >> 2020-10-27 11:27:52.995177

e2yc2n24yzu >> Image Returned >> 2020-10-27 11:27:52.998583

e2yc2n24yzu >> End >> 2020-10-27 11:27:53.172545

2w28tk47zq7 >> Start >> 2020-10-27 11:41:33.155774

2w28tk47zq7 >> Image Returned >> 2020-10-27 11:41:33.160331

2w28tk47zq7 >> End >> 2020-10-27 11:41:33.386856

26zh5u2aorx >> Start >> 2020-10-27 11:41:53.207108

26zh5u2aorx >> Image Returned >> 2020-10-27 11:41:53.210047

26zh5u2aorx >> End >> 2020-10-27 11:41:53.398379

43q0tynewc5 >> Start >> 2020-10-27 11:42:52.870691

43q0tynewc5 >> Image Returned >> 2020-10-27 11:42:52.874093

43q0tynewc5 >> End >> 2020-10-27 11:42:53.064699

vr8g6y8c0as >> Start >> 2020-10-27 11:44:27.005835

vr8g6y8c0as >> Image Returned >> 2020-10-27 11:44:27.009397

vr8g6y8c0as >> End >> 2020-10-27 11:44:27.193006

3sk80tcwzzy >> Start >> 2020-10-27 11:44:42.845261

3sk80tcwzzy >> Image Returned >> 2020-10-27 11:44:42.848191

3sk80tcwzzy >> End >> 2020-10-27 11:44:43.055001

cah32qw3id3 >> Start >> 2020-10-27 11:44:50.421430

cah32qw3id3 >> Image Returned >> 2020-10-27 11:44:50.421715

cah32qw3id3 >> End >> 2020-10-27 11:44:50.614617

smwiaqkorxd >> Start >> 2020-10-27 11:47:01.502022

smwiaqkorxd >> Image Returned >> 2020-10-27 11:47:01.505422

smwiaqkorxd >> End >> 2020-10-27 11:47:01.680469

pgyrfajrgfo >> Start >> 2020-10-27 11:51:37.776331

pgyrfajrgfo >> Image Returned >> 2020-10-27 11:51:37.781215

pgyrfajrgfo >> End >> 2020-10-27 11:51:37.983000

jzhhdaqt7a5 >> Start >> 2020-10-27 11:55:50.193315

jzhhdaqt7a5 >> Image Returned >> 2020-10-27 11:55:50.197190

jzhhdaqt7a5 >> End >> 2020-10-27 11:55:50.412666

eejezjsnw86 >> Start >> 2020-10-27 11:59:24.863590

eejezjsnw86 >> Image Returned >> 2020-10-27 11:59:24.866617

eejezjsnw86 >> End >> 2020-10-27 11:59:25.062649

f4f8utpwj0j >> Start >> 2020-10-27 12:04:18.740581

f4f8utpwj0j >> Image Returned >> 2020-10-27 12:04:18.745282

f4f8utpwj0j >> End >> 2020-10-27 12:04:18.947452

4za2u3fs23z >> Start >> 2020-10-27 12:04:43.106950

4za2u3fs23z >> Image Returned >> 2020-10-27 12:04:43.109899

4za2u3fs23z >> End >> 2020-10-27 12:04:43.292855

huo5eppumhs >> Start >> 2020-10-27 12:05:11.365720

huo5eppumhs >> Image Returned >> 2020-10-27 12:05:11.369009

huo5eppumhs >> End >> 2020-10-27 12:05:11.552211

oa4odibev24 >> Start >> 2020-10-27 12:05:31.474687

oa4odibev24 >> Image Returned >> 2020-10-27 12:05:31.477689

oa4odibev24 >> End >> 2020-10-27 12:05:31.658118

8nkaj3s8ujx >> Start >> 2020-10-27 12:06:32.632354

8nkaj3s8ujx >> Image Returned >> 2020-10-27 12:06:32.635947

8nkaj3s8ujx >> End >> 2020-10-27 12:06:32.811929

2d7qbrqpcgw >> Start >> 2020-10-27 12:08:56.838711

2d7qbrqpcgw >> Image Returned >> 2020-10-27 12:08:56.842547

2d7qbrqpcgw >> End >> 2020-10-27 12:08:57.019408

qiquyfwkicm >> Start >> 2020-10-27 12:12:51.990432

qiquyfwkicm >> Image Returned >> 2020-10-27 12:12:51.993943

qiquyfwkicm >> End >> 2020-10-27 12:12:52.165833

fp0hhm2e76x >> Start >> 2020-10-27 12:22:20.232301

fp0hhm2e76x >> Image Returned >> 2020-10-27 12:22:20.236037

fp0hhm2e76x >> End >> 2020-10-27 12:22:20.417078

yx4xaji2zpf >> Start >> 2020-10-27 12:22:37.836684

yx4xaji2zpf >> Image Returned >> 2020-10-27 12:22:37.839607

yx4xaji2zpf >> End >> 2020-10-27 12:22:38.022608

af7ia8totmo >> Start >> 2020-10-27 12:23:15.327960

af7ia8totmo >> Image Returned >> 2020-10-27 12:23:15.331265

af7ia8totmo >> End >> 2020-10-27 12:23:15.526046

8ufocic7xgk >> Start >> 2020-10-27 12:23:55.340369

8ufocic7xgk >> Image Returned >> 2020-10-27 12:23:55.343626

8ufocic7xgk >> End >> 2020-10-27 12:23:55.537497

n4kzns6m0y2 >> Start >> 2020-10-27 12:24:48.791110

n4kzns6m0y2 >> Image Returned >> 2020-10-27 12:24:48.794162

n4kzns6m0y2 >> End >> 2020-10-27 12:24:48.977071

aobhotaefgd >> Start >> 2020-10-27 12:25:21.350445

aobhotaefgd >> Image Returned >> 2020-10-27 12:25:21.353400

aobhotaefgd >> End >> 2020-10-27 12:25:21.540744

mqq6z8fsjyv >> Start >> 2020-10-27 12:27:08.404905

mqq6z8fsjyv >> Image Returned >> 2020-10-27 12:27:08.408354

mqq6z8fsjyv >> End >> 2020-10-27 12:27:08.593795

a6ym435qne0 >> Start >> 2020-10-27 12:30:59.279280

a6ym435qne0 >> Image Returned >> 2020-10-27 12:30:59.283008

a6ym435qne0 >> End >> 2020-10-27 12:30:59.479814

wrwidddaeub >> Start >> 2020-10-27 12:31:42.636727

wrwidddaeub >> Image Returned >> 2020-10-27 12:31:42.640413

wrwidddaeub >> End >> 2020-10-27 12:31:42.821631

zxvy6rmp6bp >> Start >> 2020-10-27 12:34:45.398890

zxvy6rmp6bp >> Image Returned >> 2020-10-27 12:34:45.401895

zxvy6rmp6bp >> End >> 2020-10-27 12:34:45.583067

k7v560x2ig6 >> Start >> 2020-10-27 12:42:40.347541

k7v560x2ig6 >> Image Returned >> 2020-10-27 12:42:40.350636

k7v560x2ig6 >> End >> 2020-10-27 12:42:40.534414

chsaknirn2c >> Start >> 2020-10-27 12:43:18.930035

chsaknirn2c >> Image Returned >> 2020-10-27 12:43:18.934777

chsaknirn2c >> End >> 2020-10-27 12:43:19.120012

0ydz7gbkzwq >> Start >> 2020-10-27 12:44:54.989804

0ydz7gbkzwq >> Image Returned >> 2020-10-27 12:44:54.992777

0ydz7gbkzwq >> End >> 2020-10-27 12:44:55.243566

zbtzkd26ggz >> Start >> 2020-10-27 12:47:23.324605

zbtzkd26ggz >> Image Returned >> 2020-10-27 12:47:23.327728

zbtzkd26ggz >> End >> 2020-10-27 12:47:23.508085

y44papswcuk >> Start >> 2020-10-27 12:50:02.686114

y44papswcuk >> Image Returned >> 2020-10-27 12:50:02.690783

y44papswcuk >> End >> 2020-10-27 12:50:02.873183

yn5xo2nenw4 >> Start >> 2020-10-27 12:53:43.522742

yn5xo2nenw4 >> Image Returned >> 2020-10-27 12:53:43.525710

yn5xo2nenw4 >> End >> 2020-10-27 12:53:43.710165

gyf5825yuia >> Start >> 2020-10-27 12:55:11.205578

gyf5825yuia >> Image Returned >> 2020-10-27 12:55:11.208884

gyf5825yuia >> End >> 2020-10-27 12:55:11.393271

6ymoi4rmppo >> Start >> 2020-10-27 12:56:27.154905

6ymoi4rmppo >> Image Returned >> 2020-10-27 12:56:27.158389

6ymoi4rmppo >> End >> 2020-10-27 12:56:27.345217

e4pkmfq5aup >> Start >> 2020-10-27 12:57:49.675486

e4pkmfq5aup >> Image Returned >> 2020-10-27 12:57:49.678484

e4pkmfq5aup >> End >> 2020-10-27 12:57:49.851598

eq7fbkveq5f >> Start >> 2020-10-27 13:00:46.259839

eq7fbkveq5f >> Image Returned >> 2020-10-27 13:00:46.262806

eq7fbkveq5f >> End >> 2020-10-27 13:00:46.447246

myxheh3e0tr >> Start >> 2020-10-27 13:01:24.682435

myxheh3e0tr >> Image Returned >> 2020-10-27 13:01:24.685653

myxheh3e0tr >> End >> 2020-10-27 13:01:24.887443

iyx0tqzawc0 >> Start >> 2020-10-27 13:02:21.335655

iyx0tqzawc0 >> Image Returned >> 2020-10-27 13:02:21.339045

iyx0tqzawc0 >> End >> 2020-10-27 13:02:21.524749

qiwypeectq2 >> Start >> 2020-10-27 13:08:31.841962

qiwypeectq2 >> Image Returned >> 2020-10-27 13:08:31.845025

qiwypeectq2 >> End >> 2020-10-27 13:08:32.025837

6id7yychycj >> Start >> 2020-10-27 13:09:07.716167

6id7yychycj >> Image Returned >> 2020-10-27 13:09:07.719902

6id7yychycj >> End >> 2020-10-27 13:09:07.898418

fxsk4zwkciv >> Start >> 2020-10-27 13:14:18.908708

fxsk4zwkciv >> Image Returned >> 2020-10-27 13:14:18.912265

fxsk4zwkciv >> End >> 2020-10-27 13:14:19.103701

dm3zocbxdym >> Start >> 2020-10-27 13:15:17.729479

dm3zocbxdym >> Image Returned >> 2020-10-27 13:15:17.733298

dm3zocbxdym >> End >> 2020-10-27 13:15:17.940459

ctpmkbg5s5y >> Start >> 2020-10-27 13:15:30.894057

ctpmkbg5s5y >> Image Returned >> 2020-10-27 13:15:30.897159

ctpmkbg5s5y >> End >> 2020-10-27 13:15:31.094784

ch2gqnim5fz >> Start >> 2020-10-27 13:15:44.558649

ch2gqnim5fz >> Image Returned >> 2020-10-27 13:15:44.562860

ch2gqnim5fz >> End >> 2020-10-27 13:15:44.769612

irdgxgcnb7a >> Start >> 2020-10-27 13:22:25.192898

irdgxgcnb7a >> Image Returned >> 2020-10-27 13:22:25.196557

irdgxgcnb7a >> End >> 2020-10-27 13:22:25.393836

bm66a28tvbu >> Start >> 2020-10-27 13:23:40.364464

bm66a28tvbu >> Image Returned >> 2020-10-27 13:23:40.367516

bm66a28tvbu >> End >> 2020-10-27 13:23:40.495598

jdnmokkx27n >> Start >> 2020-10-27 13:28:01.396445

jdnmokkx27n >> Image Returned >> 2020-10-27 13:28:01.400463

jdnmokkx27n >> End >> 2020-10-27 13:28:01.589015

66e7w7hpdqt >> Start >> 2020-10-27 13:31:20.761166

66e7w7hpdqt >> Image Returned >> 2020-10-27 13:31:20.764297

66e7w7hpdqt >> End >> 2020-10-27 13:31:20.954962

pfotgdjx6i3 >> Start >> 2020-10-27 13:32:05.701220

pfotgdjx6i3 >> Image Returned >> 2020-10-27 13:32:05.704423

pfotgdjx6i3 >> End >> 2020-10-27 13:32:05.896542

q0y6abix5ue >> Start >> 2020-10-27 13:36:33.213603

q0y6abix5ue >> Image Returned >> 2020-10-27 13:36:33.217053

q0y6abix5ue >> End >> 2020-10-27 13:36:33.394238

c8t2232ir5v >> Start >> 2020-10-27 13:38:19.505208

c8t2232ir5v >> Image Returned >> 2020-10-27 13:38:19.508918

c8t2232ir5v >> End >> 2020-10-27 13:38:19.700267

o3fmcxcjpi7 >> Start >> 2020-10-27 13:46:07.965542

o3fmcxcjpi7 >> Image Returned >> 2020-10-27 13:46:07.968791

o3fmcxcjpi7 >> End >> 2020-10-27 13:46:08.146194

ysaquw2208s >> Start >> 2020-10-27 13:47:26.219202

ysaquw2208s >> Image Returned >> 2020-10-27 13:47:26.222944

ysaquw2208s >> End >> 2020-10-27 13:47:26.408890

ws2uwvixzwu >> Start >> 2020-10-27 13:47:34.473686

ws2uwvixzwu >> Image Returned >> 2020-10-27 13:47:34.473980

ws2uwvixzwu >> End >> 2020-10-27 13:47:34.655236

zc6gvgqxndq >> Start >> 2020-10-27 13:48:13.002536

zc6gvgqxndq >> Image Returned >> 2020-10-27 13:48:13.005611

zc6gvgqxndq >> End >> 2020-10-27 13:48:13.200824

rwbuyneirb0 >> Start >> 2020-10-27 13:48:39.605304

rwbuyneirb0 >> Image Returned >> 2020-10-27 13:48:39.608429

rwbuyneirb0 >> End >> 2020-10-27 13:48:39.784347

6qy7qomdomt >> Start >> 2020-10-27 13:50:36.024956

6qy7qomdomt >> Image Returned >> 2020-10-27 13:50:36.028042

6qy7qomdomt >> End >> 2020-10-27 13:50:36.226711

tu34wy8853s >> Start >> 2020-10-27 13:51:58.955822

tu34wy8853s >> Image Returned >> 2020-10-27 13:51:58.959160

tu34wy8853s >> End >> 2020-10-27 13:51:59.130127

eakmn7dwy06 >> Start >> 2020-10-27 13:54:15.102400

eakmn7dwy06 >> Image Returned >> 2020-10-27 13:54:15.106370

eakmn7dwy06 >> End >> 2020-10-27 13:54:15.313256

rzydnusz6pv >> Start >> 2020-10-27 14:03:36.242949

rzydnusz6pv >> Image Returned >> 2020-10-27 14:03:36.246397

rzydnusz6pv >> End >> 2020-10-27 14:03:36.456819

vue4kw7d66e >> Start >> 2020-10-27 14:10:28.616482

vue4kw7d66e >> Image Returned >> 2020-10-27 14:10:28.620120

vue4kw7d66e >> End >> 2020-10-27 14:10:28.800683

xxvtqqbsb8u >> Start >> 2020-10-27 14:14:16.233660

xxvtqqbsb8u >> Image Returned >> 2020-10-27 14:14:16.237657

xxvtqqbsb8u >> End >> 2020-10-27 14:14:16.415549

cpokbi8pumo >> Start >> 2020-10-27 14:20:10.537972

cpokbi8pumo >> Image Returned >> 2020-10-27 14:20:10.542299

cpokbi8pumo >> End >> 2020-10-27 14:20:10.733916

t2e0fujiup0 >> Start >> 2020-10-27 14:20:41.409986

t2e0fujiup0 >> Image Returned >> 2020-10-27 14:20:41.413187

t2e0fujiup0 >> End >> 2020-10-27 14:20:41.589706

cmn4fnr4kmj >> Start >> 2020-10-27 14:20:46.551095

cmn4fnr4kmj >> Image Returned >> 2020-10-27 14:20:46.551377

cmn4fnr4kmj >> End >> 2020-10-27 14:20:46.752296

krqwhn4zfr8 >> Start >> 2020-10-27 14:26:18.152371

krqwhn4zfr8 >> Image Returned >> 2020-10-27 14:26:18.155652

krqwhn4zfr8 >> End >> 2020-10-27 14:26:18.395066

7p4e7tgisjq >> Start >> 2020-10-27 14:26:27.844368

7p4e7tgisjq >> Image Returned >> 2020-10-27 14:26:27.844652

7p4e7tgisjq >> End >> 2020-10-27 14:26:28.037636

sda7b8cird4 >> Start >> 2020-10-27 14:28:10.957073

sda7b8cird4 >> Image Returned >> 2020-10-27 14:28:10.960594

sda7b8cird4 >> End >> 2020-10-27 14:28:11.145243

fmx4hpq8dyn >> Start >> 2020-10-27 14:29:03.909224

fmx4hpq8dyn >> Image Returned >> 2020-10-27 14:29:03.914235

fmx4hpq8dyn >> End >> 2020-10-27 14:29:04.105094

dgap2vvegsg >> Start >> 2020-10-27 14:30:49.177561

dgap2vvegsg >> Image Returned >> 2020-10-27 14:30:49.181104

dgap2vvegsg >> End >> 2020-10-27 14:30:49.361274

6fvm6om0sdd >> Start >> 2020-10-27 14:32:23.226519

6fvm6om0sdd >> Image Returned >> 2020-10-27 14:32:23.229940

6fvm6om0sdd >> End >> 2020-10-27 14:32:23.407073

i4v0h4cdzu6 >> Start >> 2020-10-27 14:33:09.207129

i4v0h4cdzu6 >> Image Returned >> 2020-10-27 14:33:09.210232

i4v0h4cdzu6 >> End >> 2020-10-27 14:33:09.392853

d86y5spskgg >> Start >> 2020-10-27 14:33:24.748363

d86y5spskgg >> Image Returned >> 2020-10-27 14:33:24.751600

d86y5spskgg >> End >> 2020-10-27 14:33:24.932770

yxabgrr3aq7 >> Start >> 2020-10-27 14:35:27.844171

yxabgrr3aq7 >> Image Returned >> 2020-10-27 14:35:27.847671

yxabgrr3aq7 >> End >> 2020-10-27 14:35:28.052310

ijfdpj4tda4 >> Start >> 2020-10-27 14:38:53.299062

ijfdpj4tda4 >> Image Returned >> 2020-10-27 14:38:53.302238

ijfdpj4tda4 >> End >> 2020-10-27 14:38:53.484302

a5vanimu850 >> Start >> 2020-10-27 14:41:28.445944

a5vanimu850 >> Image Returned >> 2020-10-27 14:41:28.450601

a5vanimu850 >> End >> 2020-10-27 14:41:28.645216

g2wcswd3cg7 >> Start >> 2020-10-27 14:43:46.975647

g2wcswd3cg7 >> Image Returned >> 2020-10-27 14:43:46.979429

g2wcswd3cg7 >> End >> 2020-10-27 14:43:47.160260

r7hfa0w8nmc >> Start >> 2020-10-27 14:44:04.021150

r7hfa0w8nmc >> Image Returned >> 2020-10-27 14:44:04.024810

r7hfa0w8nmc >> End >> 2020-10-27 14:44:04.209923

udxykzgvn2o >> Start >> 2020-10-27 14:52:01.929997

udxykzgvn2o >> Image Returned >> 2020-10-27 14:52:01.933758

udxykzgvn2o >> End >> 2020-10-27 14:52:02.112848

45u7odpeacu >> Start >> 2020-10-27 14:52:13.388303

45u7odpeacu >> Image Returned >> 2020-10-27 14:52:13.391443

45u7odpeacu >> End >> 2020-10-27 14:52:13.579144

fy4fjgscknn >> Start >> 2020-10-27 14:56:39.152827

fy4fjgscknn >> Image Returned >> 2020-10-27 14:56:39.156066

fy4fjgscknn >> End >> 2020-10-27 14:56:39.333985

szkv0mm3sjd >> Start >> 2020-10-27 14:57:50.537481

szkv0mm3sjd >> Image Returned >> 2020-10-27 14:57:50.541018

szkv0mm3sjd >> End >> 2020-10-27 14:57:50.735981

5sxvd8ia0fi >> Start >> 2020-10-27 15:00:39.323108

5sxvd8ia0fi >> Image Returned >> 2020-10-27 15:00:39.327801

5sxvd8ia0fi >> End >> 2020-10-27 15:00:39.550769

3axka40bs0c >> Start >> 2020-10-27 15:02:03.696322

3axka40bs0c >> Image Returned >> 2020-10-27 15:02:03.700522

3axka40bs0c >> End >> 2020-10-27 15:02:03.878664

ziad48ogqkx >> Start >> 2020-10-27 15:09:57.185537

ziad48ogqkx >> Image Returned >> 2020-10-27 15:09:57.188714

ziad48ogqkx >> End >> 2020-10-27 15:09:57.379384

gq3z85mcu0c >> Start >> 2020-10-27 15:10:17.973778

gq3z85mcu0c >> Image Returned >> 2020-10-27 15:10:17.977215

gq3z85mcu0c >> End >> 2020-10-27 15:10:18.178631

zzmzyk8vwqk >> Start >> 2020-10-27 15:14:30.568748

zzmzyk8vwqk >> Image Returned >> 2020-10-27 15:14:30.572422

zzmzyk8vwqk >> End >> 2020-10-27 15:14:30.759278

m0rvchnmcay >> Start >> 2020-10-27 15:17:35.332164

m0rvchnmcay >> Image Returned >> 2020-10-27 15:17:35.335793

m0rvchnmcay >> End >> 2020-10-27 15:17:35.523082

wzfd85q5cka >> Start >> 2020-10-27 15:21:46.480906

wzfd85q5cka >> Image Returned >> 2020-10-27 15:21:46.484585

wzfd85q5cka >> End >> 2020-10-27 15:21:46.664506

7vuqiytk5rb >> Start >> 2020-10-27 15:23:37.405520

7vuqiytk5rb >> Image Returned >> 2020-10-27 15:23:37.409571

7vuqiytk5rb >> End >> 2020-10-27 15:23:37.624561

a2dbeonenr6 >> Start >> 2020-10-27 15:25:04.304186

a2dbeonenr6 >> Image Returned >> 2020-10-27 15:25:04.308167

a2dbeonenr6 >> End >> 2020-10-27 15:25:04.543807

nua5qn0ao7d >> Start >> 2020-10-27 15:28:48.820542

nua5qn0ao7d >> Image Returned >> 2020-10-27 15:28:48.824068

nua5qn0ao7d >> End >> 2020-10-27 15:28:49.023797

8zcgq5s2qt5 >> Start >> 2020-10-27 15:35:02.448054

8zcgq5s2qt5 >> Image Returned >> 2020-10-27 15:35:02.451945

8zcgq5s2qt5 >> End >> 2020-10-27 15:35:02.648354

xm7xuz8qupx >> Start >> 2020-10-27 15:42:44.168423

xm7xuz8qupx >> Image Returned >> 2020-10-27 15:42:44.171735

xm7xuz8qupx >> End >> 2020-10-27 15:42:44.362390

irur7skwpr3 >> Start >> 2020-10-27 15:50:56.074469

irur7skwpr3 >> Image Returned >> 2020-10-27 15:50:56.077645

irur7skwpr3 >> End >> 2020-10-27 15:50:56.268400

miy6a0cxk6b >> Start >> 2020-10-27 15:52:26.493190

miy6a0cxk6b >> Image Returned >> 2020-10-27 15:52:26.497014

miy6a0cxk6b >> End >> 2020-10-27 15:52:26.679653

vr34oakiouy >> Start >> 2020-10-27 15:53:41.146583

vr34oakiouy >> Image Returned >> 2020-10-27 15:53:41.150042

vr34oakiouy >> End >> 2020-10-27 15:53:41.329919

vmzkesgevk6 >> Start >> 2020-10-27 15:54:43.376126

vmzkesgevk6 >> Image Returned >> 2020-10-27 15:54:43.380145

vmzkesgevk6 >> End >> 2020-10-27 15:54:43.600594

hkf7nxvpbzk >> Start >> 2020-10-27 15:57:46.478018

hkf7nxvpbzk >> Image Returned >> 2020-10-27 15:57:46.481513

hkf7nxvpbzk >> End >> 2020-10-27 15:57:46.654033

0nm4532eo42 >> Start >> 2020-10-27 16:07:47.093206

0nm4532eo42 >> Image Returned >> 2020-10-27 16:07:47.096896

0nm4532eo42 >> End >> 2020-10-27 16:07:47.281963

3jq6ct3pcu5 >> Start >> 2020-10-27 16:13:49.719223

3jq6ct3pcu5 >> Image Returned >> 2020-10-27 16:13:49.722342

3jq6ct3pcu5 >> End >> 2020-10-27 16:13:49.908113

48icjrtcpbo >> Start >> 2020-10-27 16:14:28.182668

48icjrtcpbo >> Image Returned >> 2020-10-27 16:14:28.186167

48icjrtcpbo >> End >> 2020-10-27 16:14:28.374041

5ggn5dn2uka >> Start >> 2020-10-27 16:25:27.869054

5ggn5dn2uka >> Image Returned >> 2020-10-27 16:25:27.872900

5ggn5dn2uka >> End >> 2020-10-27 16:25:28.102189

vgd0x8y6yhc >> Start >> 2020-10-27 16:27:14.065088

vgd0x8y6yhc >> Image Returned >> 2020-10-27 16:27:14.068311

vgd0x8y6yhc >> End >> 2020-10-27 16:27:14.295639

uaeekxr8v43 >> Start >> 2020-10-27 16:28:00.738481

uaeekxr8v43 >> Image Returned >> 2020-10-27 16:28:00.741964

uaeekxr8v43 >> End >> 2020-10-27 16:28:00.871397

uzgze3hkdhu >> Start >> 2020-10-27 16:28:19.343159

uzgze3hkdhu >> Image Returned >> 2020-10-27 16:28:19.347856

uzgze3hkdhu >> End >> 2020-10-27 16:28:19.576273

68c5g30pw36 >> Start >> 2020-10-27 16:28:19.990298

68c5g30pw36 >> Image Returned >> 2020-10-27 16:28:19.990571

68c5g30pw36 >> End >> 2020-10-27 16:28:20.215042

ydyuxu2sq4s >> Start >> 2020-10-27 16:31:08.523050

ydyuxu2sq4s >> Image Returned >> 2020-10-27 16:31:08.526772

ydyuxu2sq4s >> End >> 2020-10-27 16:31:08.655091

7ygakbrmq2s >> Start >> 2020-10-27 16:31:47.560152

7ygakbrmq2s >> Image Returned >> 2020-10-27 16:31:47.563370

7ygakbrmq2s >> End >> 2020-10-27 16:31:47.755199

ukg8qfk8qso >> Start >> 2020-10-27 16:31:59.119903

ukg8qfk8qso >> Image Returned >> 2020-10-27 16:31:59.123101

ukg8qfk8qso >> End >> 2020-10-27 16:31:59.306915

ho7vct63k4d >> Start >> 2020-10-27 16:33:29.582017

ho7vct63k4d >> Image Returned >> 2020-10-27 16:33:29.585345

ho7vct63k4d >> End >> 2020-10-27 16:33:29.772202

kfoxan08nbw >> Start >> 2020-10-27 16:48:59.685512

kfoxan08nbw >> Image Returned >> 2020-10-27 16:48:59.689163

kfoxan08nbw >> End >> 2020-10-27 16:48:59.890507

kzyma0uvqo8 >> Start >> 2020-10-27 16:51:08.442642

kzyma0uvqo8 >> Image Returned >> 2020-10-27 16:51:08.446813

kzyma0uvqo8 >> End >> 2020-10-27 16:51:08.633816

yqccpopevoj >> Start >> 2020-10-27 16:51:14.954936

yqccpopevoj >> Image Returned >> 2020-10-27 16:51:14.955226

yqccpopevoj >> End >> 2020-10-27 16:51:15.138698

sd688gtrq46 >> Start >> 2020-10-27 16:51:15.583641

sd688gtrq46 >> Image Returned >> 2020-10-27 16:51:15.583971

sd688gtrq46 >> End >> 2020-10-27 16:51:15.760763

h88i3c4gcvu >> Start >> 2020-10-27 16:51:20.991975

h88i3c4gcvu >> Image Returned >> 2020-10-27 16:51:20.992269

h88i3c4gcvu >> End >> 2020-10-27 16:51:21.185880

k6mn2d76o6c >> Start >> 2020-10-27 16:52:01.023719

k6mn2d76o6c >> Image Returned >> 2020-10-27 16:52:01.026882

k6mn2d76o6c >> End >> 2020-10-27 16:52:01.219562

e0ck2wm0u4t >> Start >> 2020-10-27 16:55:09.304924

e0ck2wm0u4t >> Image Returned >> 2020-10-27 16:55:09.308640

e0ck2wm0u4t >> End >> 2020-10-27 16:55:09.510003

r7ygsa5bzzd >> Start >> 2020-10-27 16:56:04.931766

r7ygsa5bzzd >> Image Returned >> 2020-10-27 16:56:04.935601

r7ygsa5bzzd >> End >> 2020-10-27 16:56:05.146539

dkwuxzvmxze >> Start >> 2020-10-27 16:58:14.131643

dkwuxzvmxze >> Image Returned >> 2020-10-27 16:58:14.134944

dkwuxzvmxze >> End >> 2020-10-27 16:58:14.326339

52kv3kozzad >> Start >> 2020-10-27 17:00:33.129616

52kv3kozzad >> Image Returned >> 2020-10-27 17:00:33.133142

52kv3kozzad >> End >> 2020-10-27 17:00:33.312793

uc6wy6y0v6m >> Start >> 2020-10-27 17:00:56.129223

uc6wy6y0v6m >> Image Returned >> 2020-10-27 17:00:56.132611

uc6wy6y0v6m >> End >> 2020-10-27 17:00:56.345060

ajna320przm >> Start >> 2020-10-27 17:04:01.212663

ajna320przm >> Image Returned >> 2020-10-27 17:04:01.216974

ajna320przm >> End >> 2020-10-27 17:04:01.391233

hx0v5s4dhsa >> Start >> 2020-10-27 17:20:24.458619

hx0v5s4dhsa >> Image Returned >> 2020-10-27 17:20:24.462996

hx0v5s4dhsa >> End >> 2020-10-27 17:20:24.654519

5o3jph624sy >> Start >> 2020-10-27 17:29:59.908684

5o3jph624sy >> Image Returned >> 2020-10-27 17:29:59.913525

5o3jph624sy >> End >> 2020-10-27 17:30:00.114525

37of36i7eii >> Start >> 2020-10-27 17:30:51.876585

37of36i7eii >> Image Returned >> 2020-10-27 17:30:51.879997

37of36i7eii >> End >> 2020-10-27 17:30:52.056461

q6xqws2i5bv >> Start >> 2020-10-27 17:30:56.685554

q6xqws2i5bv >> Image Returned >> 2020-10-27 17:30:56.685858

q6xqws2i5bv >> End >> 2020-10-27 17:30:56.863744

e77qxvwyz76 >> Start >> 2020-10-27 17:31:30.734966

e77qxvwyz76 >> Image Returned >> 2020-10-27 17:31:30.738255

e77qxvwyz76 >> End >> 2020-10-27 17:31:30.916033

p0fam5mn6my >> Start >> 2020-10-27 17:31:52.685430

p0fam5mn6my >> Image Returned >> 2020-10-27 17:31:52.688671

p0fam5mn6my >> End >> 2020-10-27 17:31:52.870450

t5enhqx7qow >> Start >> 2020-10-27 17:33:52.856416

t5enhqx7qow >> Image Returned >> 2020-10-27 17:33:52.860068

t5enhqx7qow >> End >> 2020-10-27 17:33:53.192709

4pmmhh0sam7 >> Start >> 2020-10-27 17:35:46.111176

4pmmhh0sam7 >> Image Returned >> 2020-10-27 17:35:46.114931

4pmmhh0sam7 >> End >> 2020-10-27 17:35:46.291166

gftrb2yyjcp >> Start >> 2020-10-27 17:36:33.470429

gftrb2yyjcp >> Image Returned >> 2020-10-27 17:36:33.473620

gftrb2yyjcp >> End >> 2020-10-27 17:36:33.689585

gkmpx77xr2o >> Start >> 2020-10-27 17:42:59.626198

gkmpx77xr2o >> Image Returned >> 2020-10-27 17:42:59.630496

gkmpx77xr2o >> End >> 2020-10-27 17:42:59.811933

7cj8dvnrpsy >> Start >> 2020-10-27 17:50:29.156775

7cj8dvnrpsy >> Image Returned >> 2020-10-27 17:50:29.160137

7cj8dvnrpsy >> End >> 2020-10-27 17:50:29.345518

owbd3tf3psj >> Start >> 2020-10-27 17:51:08.775943

owbd3tf3psj >> Image Returned >> 2020-10-27 17:51:08.779999

owbd3tf3psj >> End >> 2020-10-27 17:51:08.983149

jm5xpkkuyuq >> Start >> 2020-10-27 18:02:18.085299

jm5xpkkuyuq >> Image Returned >> 2020-10-27 18:02:18.089051

jm5xpkkuyuq >> End >> 2020-10-27 18:02:18.278707

bnobdzae6zj >> Start >> 2020-10-27 18:02:40.238419

bnobdzae6zj >> Image Returned >> 2020-10-27 18:02:40.241688

bnobdzae6zj >> End >> 2020-10-27 18:02:40.423650

pcqi33p2iin >> Start >> 2020-10-27 18:03:49.700139

pcqi33p2iin >> Image Returned >> 2020-10-27 18:03:49.703706

pcqi33p2iin >> End >> 2020-10-27 18:03:49.890825

u7yvpnpuzmt >> Start >> 2020-10-27 18:06:41.545403

u7yvpnpuzmt >> Image Returned >> 2020-10-27 18:06:41.549474

u7yvpnpuzmt >> End >> 2020-10-27 18:06:41.737453

ci7ns67q5km >> Start >> 2020-10-27 18:10:04.401156

ci7ns67q5km >> Image Returned >> 2020-10-27 18:10:04.404386

ci7ns67q5km >> End >> 2020-10-27 18:10:04.623992

esbzoco5c0k >> Start >> 2020-10-27 18:15:31.430469

esbzoco5c0k >> Image Returned >> 2020-10-27 18:15:31.435316

esbzoco5c0k >> End >> 2020-10-27 18:15:31.625397

o6cswqg53qb >> Start >> 2020-10-27 18:16:21.976092

o6cswqg53qb >> Image Returned >> 2020-10-27 18:16:21.979751

o6cswqg53qb >> End >> 2020-10-27 18:16:22.179814

k6qkesmsnbp >> Start >> 2020-10-27 18:20:54.732604

k6qkesmsnbp >> Image Returned >> 2020-10-27 18:20:54.736288

k6qkesmsnbp >> End >> 2020-10-27 18:20:54.916788

t7vwb448jax >> Start >> 2020-10-27 18:21:31.594430

t7vwb448jax >> Image Returned >> 2020-10-27 18:21:31.599478

t7vwb448jax >> End >> 2020-10-27 18:21:31.779428

es56azf757f >> Start >> 2020-10-27 18:23:37.221071

es56azf757f >> Image Returned >> 2020-10-27 18:23:37.224749

es56azf757f >> End >> 2020-10-27 18:23:37.404973

u4rfemi3gcq >> Start >> 2020-10-27 18:25:13.231580

u4rfemi3gcq >> Image Returned >> 2020-10-27 18:25:13.235730

u4rfemi3gcq >> End >> 2020-10-27 18:25:13.412018

fxm20rm5a6n >> Start >> 2020-10-27 18:28:24.881000

fxm20rm5a6n >> Image Returned >> 2020-10-27 18:28:24.884336

fxm20rm5a6n >> End >> 2020-10-27 18:28:25.081191

3ow4siukbgs >> Start >> 2020-10-27 18:30:08.711433

3ow4siukbgs >> Image Returned >> 2020-10-27 18:30:08.715271

3ow4siukbgs >> End >> 2020-10-27 18:30:08.917936

afvf4u2ueqp >> Start >> 2020-10-27 18:30:36.296627

afvf4u2ueqp >> Image Returned >> 2020-10-27 18:30:36.300014

afvf4u2ueqp >> End >> 2020-10-27 18:30:36.503777

zzc2hwjbsn8 >> Start >> 2020-10-27 18:31:09.587884

zzc2hwjbsn8 >> Image Returned >> 2020-10-27 18:31:09.591609

zzc2hwjbsn8 >> End >> 2020-10-27 18:31:09.769222

f2tt0cftym8 >> Start >> 2020-10-27 18:31:10.875854

f2tt0cftym8 >> Image Returned >> 2020-10-27 18:31:10.876157

f2tt0cftym8 >> End >> 2020-10-27 18:31:11.048422

grpo2jjfk6a >> Start >> 2020-10-27 18:33:54.108098

grpo2jjfk6a >> Image Returned >> 2020-10-27 18:33:54.111946

grpo2jjfk6a >> End >> 2020-10-27 18:33:54.325970

g0onauph6p6 >> Start >> 2020-10-27 18:36:06.523919

g0onauph6p6 >> Image Returned >> 2020-10-27 18:36:06.528150

g0onauph6p6 >> End >> 2020-10-27 18:36:06.706674

q3the7jefry >> Start >> 2020-10-27 18:37:53.651398

q3the7jefry >> Image Returned >> 2020-10-27 18:37:53.655509

q3the7jefry >> End >> 2020-10-27 18:37:53.852391

7rwz3eysxkj >> Start >> 2020-10-27 18:40:56.289040

7rwz3eysxkj >> Image Returned >> 2020-10-27 18:40:56.292723

7rwz3eysxkj >> End >> 2020-10-27 18:40:56.474327

ntirh3w2vq5 >> Start >> 2020-10-27 18:44:14.182764

ntirh3w2vq5 >> Image Returned >> 2020-10-27 18:44:14.189038

ntirh3w2vq5 >> End >> 2020-10-27 18:44:14.422806

f3ijeob78wp >> Start >> 2020-10-27 18:54:16.953795

f3ijeob78wp >> Image Returned >> 2020-10-27 18:54:16.957840

f3ijeob78wp >> End >> 2020-10-27 18:54:17.141694

u4trmqddi53 >> Start >> 2020-10-27 18:56:02.732703

u4trmqddi53 >> Image Returned >> 2020-10-27 18:56:02.736102

u4trmqddi53 >> End >> 2020-10-27 18:56:03.212076

ytf3vpnr20s >> Start >> 2020-10-27 18:59:01.281447

ytf3vpnr20s >> Image Returned >> 2020-10-27 18:59:01.285907

ytf3vpnr20s >> End >> 2020-10-27 18:59:01.480175

h5wkwohrms3 >> Start >> 2020-10-27 18:59:58.359033

h5wkwohrms3 >> Image Returned >> 2020-10-27 18:59:58.362726

h5wkwohrms3 >> End >> 2020-10-27 18:59:58.535798

f2o8xb5edk6 >> Start >> 2020-10-27 19:00:09.933366

f2o8xb5edk6 >> Image Returned >> 2020-10-27 19:00:09.939518

f2o8xb5edk6 >> End >> 2020-10-27 19:00:10.138734

504fkfn3jc3 >> Start >> 2020-10-27 19:08:50.210967

504fkfn3jc3 >> Image Returned >> 2020-10-27 19:08:50.216027

504fkfn3jc3 >> End >> 2020-10-27 19:08:50.401237

znb2ogjc82i >> Start >> 2020-10-27 19:09:06.026273

znb2ogjc82i >> Image Returned >> 2020-10-27 19:09:06.031075

znb2ogjc82i >> End >> 2020-10-27 19:09:06.264544

3cxp5kgpd57 >> Start >> 2020-10-27 19:12:13.269520

3cxp5kgpd57 >> Image Returned >> 2020-10-27 19:12:13.273663

3cxp5kgpd57 >> End >> 2020-10-27 19:12:13.456619

s2gseu70id5 >> Start >> 2020-10-27 19:14:25.328126

s2gseu70id5 >> Image Returned >> 2020-10-27 19:14:25.331471

s2gseu70id5 >> End >> 2020-10-27 19:14:25.519968

ivmeww7reeq >> Start >> 2020-10-27 19:15:11.678910

ivmeww7reeq >> Image Returned >> 2020-10-27 19:15:11.683003

ivmeww7reeq >> End >> 2020-10-27 19:15:11.900724

ca6bpvzow32 >> Start >> 2020-10-27 19:15:25.014118

ca6bpvzow32 >> Image Returned >> 2020-10-27 19:15:25.017446

ca6bpvzow32 >> End >> 2020-10-27 19:15:25.410316

0wroqb8v7nk >> Start >> 2020-10-27 19:15:25.572088

0wroqb8v7nk >> Image Returned >> 2020-10-27 19:15:25.572361

0wroqb8v7nk >> End >> 2020-10-27 19:15:25.963084

veii0ey5csd >> Start >> 2020-10-27 19:18:20.403176

veii0ey5csd >> Image Returned >> 2020-10-27 19:18:20.406554

veii0ey5csd >> End >> 2020-10-27 19:18:20.595837

utrqxsfydye >> Start >> 2020-10-27 19:21:34.300275

utrqxsfydye >> Image Returned >> 2020-10-27 19:21:34.304347

utrqxsfydye >> End >> 2020-10-27 19:21:34.484781

zhv22d6rnun >> Start >> 2020-10-27 19:22:31.771198

zhv22d6rnun >> Image Returned >> 2020-10-27 19:22:31.774920

zhv22d6rnun >> End >> 2020-10-27 19:22:31.960556

hbnzgdcsfon >> Start >> 2020-10-27 19:33:51.110584

hbnzgdcsfon >> Image Returned >> 2020-10-27 19:33:51.114268

hbnzgdcsfon >> End >> 2020-10-27 19:33:51.311280

my0zh3axx8p >> Start >> 2020-10-27 19:35:03.205558

my0zh3axx8p >> Image Returned >> 2020-10-27 19:35:03.209028

my0zh3axx8p >> End >> 2020-10-27 19:35:03.394057

0ryku6xeex0 >> Start >> 2020-10-27 19:35:14.706089

0ryku6xeex0 >> Image Returned >> 2020-10-27 19:35:14.706377

0ryku6xeex0 >> End >> 2020-10-27 19:35:14.925988

zso83kpof6r >> Start >> 2020-10-27 19:39:11.067080

zso83kpof6r >> Image Returned >> 2020-10-27 19:39:11.073013

zso83kpof6r >> End >> 2020-10-27 19:39:11.266385

onetrfj0ick >> Start >> 2020-10-27 19:39:20.331286

onetrfj0ick >> Image Returned >> 2020-10-27 19:39:20.331648

onetrfj0ick >> End >> 2020-10-27 19:39:20.519349

vzoobojdx30 >> Start >> 2020-10-27 19:39:21.625456

vzoobojdx30 >> Image Returned >> 2020-10-27 19:39:21.625793

vzoobojdx30 >> End >> 2020-10-27 19:39:21.808862

24iao7ag5wm >> Start >> 2020-10-27 19:42:56.895498

24iao7ag5wm >> Image Returned >> 2020-10-27 19:42:56.898920

24iao7ag5wm >> End >> 2020-10-27 19:42:57.075468

t6cuk4te3yh >> Start >> 2020-10-27 19:45:02.040297

t6cuk4te3yh >> Image Returned >> 2020-10-27 19:45:02.044125

t6cuk4te3yh >> End >> 2020-10-27 19:45:02.247975

r2i4exrup35 >> Start >> 2020-10-27 19:45:09.141297

r2i4exrup35 >> Image Returned >> 2020-10-27 19:45:09.141582

r2i4exrup35 >> End >> 2020-10-27 19:45:09.327908

fehuhaqtw62 >> Start >> 2020-10-27 19:49:15.763653

fehuhaqtw62 >> Image Returned >> 2020-10-27 19:49:15.767668

fehuhaqtw62 >> End >> 2020-10-27 19:49:15.902956

m3oxyxonxcw >> Start >> 2020-10-27 19:51:45.531090

m3oxyxonxcw >> Image Returned >> 2020-10-27 19:51:45.535207

m3oxyxonxcw >> End >> 2020-10-27 19:51:45.735369

ww3mdzqq7dc >> Start >> 2020-10-27 19:51:50.763722

ww3mdzqq7dc >> Image Returned >> 2020-10-27 19:51:50.764018

ww3mdzqq7dc >> End >> 2020-10-27 19:51:50.993948

rk83gukr4es >> Start >> 2020-10-27 19:58:29.255856

rk83gukr4es >> Image Returned >> 2020-10-27 19:58:29.260550

rk83gukr4es >> End >> 2020-10-27 19:58:29.387415

rk6gjin232t >> Start >> 2020-10-27 20:01:37.082283

rk6gjin232t >> Image Returned >> 2020-10-27 20:01:37.086262

rk6gjin232t >> End >> 2020-10-27 20:01:37.281141

a3gpzupb7pa >> Start >> 2020-10-27 20:03:08.196573

a3gpzupb7pa >> Image Returned >> 2020-10-27 20:03:08.200169

a3gpzupb7pa >> End >> 2020-10-27 20:03:08.405529

c5uc45yy2wn >> Start >> 2020-10-27 20:08:15.365894

c5uc45yy2wn >> Image Returned >> 2020-10-27 20:08:15.370481

c5uc45yy2wn >> End >> 2020-10-27 20:08:15.553021

xzxw7xcuvji >> Start >> 2020-10-27 20:10:32.317771

xzxw7xcuvji >> Image Returned >> 2020-10-27 20:10:32.321100

xzxw7xcuvji >> End >> 2020-10-27 20:10:32.507754

x5njgiddv74 >> Start >> 2020-10-27 20:11:56.593723

x5njgiddv74 >> Image Returned >> 2020-10-27 20:11:56.596678

x5njgiddv74 >> End >> 2020-10-27 20:11:56.783863

06k05o3fy4b >> Start >> 2020-10-27 20:12:53.015672

06k05o3fy4b >> Image Returned >> 2020-10-27 20:12:53.018742

06k05o3fy4b >> End >> 2020-10-27 20:12:53.199657

aay3b0wfbuj >> Start >> 2020-10-27 20:13:50.789942

aay3b0wfbuj >> Image Returned >> 2020-10-27 20:13:50.792893

aay3b0wfbuj >> End >> 2020-10-27 20:13:51.067419

03dzoonwah6 >> Start >> 2020-10-27 20:20:21.062084

03dzoonwah6 >> Image Returned >> 2020-10-27 20:20:21.065054

03dzoonwah6 >> End >> 2020-10-27 20:20:21.256428

hdx3geynynr >> Start >> 2020-10-27 20:21:13.804421

hdx3geynynr >> Image Returned >> 2020-10-27 20:21:13.807358

hdx3geynynr >> End >> 2020-10-27 20:21:13.995660

ntqzyd8v7fq >> Start >> 2020-10-27 20:21:28.767493

ntqzyd8v7fq >> Image Returned >> 2020-10-27 20:21:28.770289

ntqzyd8v7fq >> End >> 2020-10-27 20:21:28.955332

86pfi3acxfh >> Start >> 2020-10-27 20:21:42.937958

86pfi3acxfh >> Image Returned >> 2020-10-27 20:21:42.940677

86pfi3acxfh >> End >> 2020-10-27 20:21:43.125019

nfpw80h6vqf >> Start >> 2020-10-27 20:22:58.767487

nfpw80h6vqf >> Image Returned >> 2020-10-27 20:22:58.770468

nfpw80h6vqf >> End >> 2020-10-27 20:22:58.954420

eahkncn5mjt >> Start >> 2020-10-27 20:26:37.595638

eahkncn5mjt >> Image Returned >> 2020-10-27 20:26:37.600542

eahkncn5mjt >> End >> 2020-10-27 20:26:37.776035

zr360ar5h0q >> Start >> 2020-10-27 20:29:10.709209

zr360ar5h0q >> Image Returned >> 2020-10-27 20:29:10.712049

zr360ar5h0q >> End >> 2020-10-27 20:29:10.888219

v0cg5gdsy22 >> Start >> 2020-10-27 20:30:54.463001

v0cg5gdsy22 >> Image Returned >> 2020-10-27 20:30:54.465893

v0cg5gdsy22 >> End >> 2020-10-27 20:30:54.673526

ph7pnf2wtfk >> Start >> 2020-10-27 20:34:31.676048

ph7pnf2wtfk >> Image Returned >> 2020-10-27 20:34:31.679008

ph7pnf2wtfk >> End >> 2020-10-27 20:34:31.873698

ohpyfjbgin5 >> Start >> 2020-10-27 20:34:51.988270

ohpyfjbgin5 >> Image Returned >> 2020-10-27 20:34:51.991034

ohpyfjbgin5 >> End >> 2020-10-27 20:34:52.169795

b2u8fdde4bq >> Start >> 2020-10-27 20:36:05.676071

b2u8fdde4bq >> Image Returned >> 2020-10-27 20:36:05.680486

b2u8fdde4bq >> End >> 2020-10-27 20:36:05.874825

fio4fbjnzhv >> Start >> 2020-10-27 20:36:15.645167

fio4fbjnzhv >> Image Returned >> 2020-10-27 20:36:15.645473

fio4fbjnzhv >> End >> 2020-10-27 20:36:15.826926

3qh0d48tour >> Start >> 2020-10-27 20:36:47.903898

3qh0d48tour >> Image Returned >> 2020-10-27 20:36:47.907144

3qh0d48tour >> End >> 2020-10-27 20:36:48.083415

cndxcnt6vge >> Start >> 2020-10-27 20:38:16.628374

cndxcnt6vge >> Image Returned >> 2020-10-27 20:38:16.632828

cndxcnt6vge >> End >> 2020-10-27 20:38:16.816977

kpks5i0gc00 >> Start >> 2020-10-27 20:42:04.202334

kpks5i0gc00 >> Image Returned >> 2020-10-27 20:42:04.205141

kpks5i0gc00 >> End >> 2020-10-27 20:42:04.411257

ns67nray3f8 >> Start >> 2020-10-27 20:45:23.212687

ns67nray3f8 >> Image Returned >> 2020-10-27 20:45:23.215956

ns67nray3f8 >> End >> 2020-10-27 20:45:23.402463

b2s30jcjtv3 >> Start >> 2020-10-27 20:49:44.812052

b2s30jcjtv3 >> Image Returned >> 2020-10-27 20:49:44.815043

b2s30jcjtv3 >> End >> 2020-10-27 20:49:44.992986

2uk558xizjh >> Start >> 2020-10-27 20:53:15.094012

2uk558xizjh >> Image Returned >> 2020-10-27 20:53:15.097098

2uk558xizjh >> End >> 2020-10-27 20:53:15.290900

vvy7j3rvt3u >> Start >> 2020-10-27 21:02:45.878732

vvy7j3rvt3u >> Image Returned >> 2020-10-27 21:02:45.881664

vvy7j3rvt3u >> End >> 2020-10-27 21:02:46.060156

wso6tc2bidg >> Start >> 2020-10-27 21:05:07.114895

wso6tc2bidg >> Image Returned >> 2020-10-27 21:05:07.117940

wso6tc2bidg >> End >> 2020-10-27 21:05:07.309391

q4ykfv40ikb >> Start >> 2020-10-27 21:06:51.981287

q4ykfv40ikb >> Image Returned >> 2020-10-27 21:06:51.984318

q4ykfv40ikb >> End >> 2020-10-27 21:06:52.179487

mf75vnonvyn >> Start >> 2020-10-27 21:07:29.938441

mf75vnonvyn >> Image Returned >> 2020-10-27 21:07:29.941348

mf75vnonvyn >> End >> 2020-10-27 21:07:30.117508

75d5t74htx5 >> Start >> 2020-10-27 21:16:41.020576

75d5t74htx5 >> Image Returned >> 2020-10-27 21:16:41.023734

75d5t74htx5 >> End >> 2020-10-27 21:16:41.208705

nbqfeuo44x4 >> Start >> 2020-10-27 21:18:15.563469

nbqfeuo44x4 >> Image Returned >> 2020-10-27 21:18:15.566528

nbqfeuo44x4 >> End >> 2020-10-27 21:18:15.742383

ph0i7yhbne6 >> Start >> 2020-10-27 21:19:44.926470

ph0i7yhbne6 >> Image Returned >> 2020-10-27 21:19:44.929497

ph0i7yhbne6 >> End >> 2020-10-27 21:19:45.111954

3xtpaddamu8 >> Start >> 2020-10-27 21:23:44.003150

3xtpaddamu8 >> Image Returned >> 2020-10-27 21:23:44.007224

3xtpaddamu8 >> End >> 2020-10-27 21:23:44.190838

3z8zths4fh2 >> Start >> 2020-10-27 21:29:02.604819

3z8zths4fh2 >> Image Returned >> 2020-10-27 21:29:02.607798

3z8zths4fh2 >> End >> 2020-10-27 21:29:02.787831

a7yi8hqteoh >> Start >> 2020-10-27 21:34:48.999337

a7yi8hqteoh >> Image Returned >> 2020-10-27 21:34:49.002343

a7yi8hqteoh >> End >> 2020-10-27 21:34:49.204989

ghbt5tqko4q >> Start >> 2020-10-27 21:42:25.560993

ghbt5tqko4q >> Image Returned >> 2020-10-27 21:42:25.564275

ghbt5tqko4q >> End >> 2020-10-27 21:42:25.748234

7aqgdcesj2p >> Start >> 2020-10-27 21:45:58.483021

7aqgdcesj2p >> Image Returned >> 2020-10-27 21:45:58.486077

7aqgdcesj2p >> End >> 2020-10-27 21:45:58.680829

6ywbznyspha >> Start >> 2020-10-27 21:48:59.677912

6ywbznyspha >> Image Returned >> 2020-10-27 21:48:59.680995

6ywbznyspha >> End >> 2020-10-27 21:48:59.862128

tuzc5ztoenm >> Start >> 2020-10-27 21:49:46.124716

tuzc5ztoenm >> Image Returned >> 2020-10-27 21:49:46.127660

tuzc5ztoenm >> End >> 2020-10-27 21:49:46.300503

vvjzijr2hd6 >> Start >> 2020-10-27 21:50:19.873349

vvjzijr2hd6 >> Image Returned >> 2020-10-27 21:50:19.876415

vvjzijr2hd6 >> End >> 2020-10-27 21:50:20.062360

nn6jxxbxw02 >> Start >> 2020-10-27 21:52:17.684864

nn6jxxbxw02 >> Image Returned >> 2020-10-27 21:52:17.688132

nn6jxxbxw02 >> End >> 2020-10-27 21:52:17.873383

c4b5kfp8swe >> Start >> 2020-10-27 21:57:00.347050

c4b5kfp8swe >> Image Returned >> 2020-10-27 21:57:00.350028

c4b5kfp8swe >> End >> 2020-10-27 21:57:00.530814

0wuscifdftf >> Start >> 2020-10-27 21:57:08.033448

0wuscifdftf >> Image Returned >> 2020-10-27 21:57:08.033726

0wuscifdftf >> End >> 2020-10-27 21:57:08.213870

6gu0x6ryuc6 >> Start >> 2020-10-27 22:05:52.427751

6gu0x6ryuc6 >> Image Returned >> 2020-10-27 22:05:52.431207

6gu0x6ryuc6 >> End >> 2020-10-27 22:05:52.630270

7phqs24qqw0 >> Start >> 2020-10-27 22:06:26.505850

7phqs24qqw0 >> Image Returned >> 2020-10-27 22:06:26.508898

7phqs24qqw0 >> End >> 2020-10-27 22:06:26.698673

fgojadfmf3s >> Start >> 2020-10-27 22:07:30.730915

fgojadfmf3s >> Image Returned >> 2020-10-27 22:07:30.733923

fgojadfmf3s >> End >> 2020-10-27 22:07:30.913675

ch67aenskrq >> Start >> 2020-10-27 22:09:03.822967

ch67aenskrq >> Image Returned >> 2020-10-27 22:09:03.825984

ch67aenskrq >> End >> 2020-10-27 22:09:04.020889

fuu2johohyj >> Start >> 2020-10-27 22:10:29.405102

fuu2johohyj >> Image Returned >> 2020-10-27 22:10:29.409394

fuu2johohyj >> End >> 2020-10-27 22:10:29.611973

bn40aj7fp33 >> Start >> 2020-10-27 22:11:26.634459

bn40aj7fp33 >> Image Returned >> 2020-10-27 22:11:26.637515

bn40aj7fp33 >> End >> 2020-10-27 22:11:26.816606

tf6727bpji7 >> Start >> 2020-10-27 22:11:31.217410

tf6727bpji7 >> Image Returned >> 2020-10-27 22:11:31.217734

tf6727bpji7 >> End >> 2020-10-27 22:11:31.427036

kqwxxgvdjsw >> Start >> 2020-10-27 22:13:12.148088

kqwxxgvdjsw >> Image Returned >> 2020-10-27 22:13:12.151098

kqwxxgvdjsw >> End >> 2020-10-27 22:13:12.382102

hqbegfcnxpv >> Start >> 2020-10-27 22:14:29.414392

hqbegfcnxpv >> Image Returned >> 2020-10-27 22:14:29.417566

hqbegfcnxpv >> End >> 2020-10-27 22:14:29.597780

v84tz8pmddx >> Start >> 2020-10-27 22:20:11.946170

v84tz8pmddx >> Image Returned >> 2020-10-27 22:20:11.949462

v84tz8pmddx >> End >> 2020-10-27 22:20:12.091278

iygmta628vw >> Start >> 2020-10-27 22:20:39.658864

iygmta628vw >> Image Returned >> 2020-10-27 22:20:39.663535

iygmta628vw >> End >> 2020-10-27 22:20:39.839152

wrrds46pqoh >> Start >> 2020-10-27 22:21:47.343290

wrrds46pqoh >> Image Returned >> 2020-10-27 22:21:47.348133

wrrds46pqoh >> End >> 2020-10-27 22:21:47.539762

nc7kme73guh >> Start >> 2020-10-27 22:22:17.152457

nc7kme73guh >> Image Returned >> 2020-10-27 22:22:17.155591

nc7kme73guh >> End >> 2020-10-27 22:22:17.351039

ymuv7ghw2of >> Start >> 2020-10-27 22:23:20.638451

ymuv7ghw2of >> Image Returned >> 2020-10-27 22:23:20.641609

ymuv7ghw2of >> End >> 2020-10-27 22:23:20.831427

bczyt675v2o >> Start >> 2020-10-27 22:24:18.627473

bczyt675v2o >> Image Returned >> 2020-10-27 22:24:18.630637

bczyt675v2o >> End >> 2020-10-27 22:24:18.848484

si6iyjixn4i >> Start >> 2020-10-27 22:26:22.076656

si6iyjixn4i >> Image Returned >> 2020-10-27 22:26:22.080135

si6iyjixn4i >> End >> 2020-10-27 22:26:22.262840

z6npby6e2a3 >> Start >> 2020-10-27 22:27:56.214128

z6npby6e2a3 >> Image Returned >> 2020-10-27 22:27:56.217051

z6npby6e2a3 >> End >> 2020-10-27 22:27:56.395975

5n40d63bweg >> Start >> 2020-10-27 22:27:59.101387

5n40d63bweg >> Image Returned >> 2020-10-27 22:27:59.101810

5n40d63bweg >> End >> 2020-10-27 22:27:59.316061

pssjxfzn8az >> Start >> 2020-10-27 22:31:58.680150

pssjxfzn8az >> Image Returned >> 2020-10-27 22:31:58.683242

pssjxfzn8az >> End >> 2020-10-27 22:31:58.857956

mwebw5zwsn7 >> Start >> 2020-10-27 22:32:07.706507

mwebw5zwsn7 >> Image Returned >> 2020-10-27 22:32:07.706801

mwebw5zwsn7 >> End >> 2020-10-27 22:32:07.883209

i52cbdwnh8r >> Start >> 2020-10-27 22:32:25.298178

i52cbdwnh8r >> Image Returned >> 2020-10-27 22:32:25.301470

i52cbdwnh8r >> End >> 2020-10-27 22:32:25.474174

05vijos4x78 >> Start >> 2020-10-27 22:34:04.967724

05vijos4x78 >> Image Returned >> 2020-10-27 22:34:04.970784

05vijos4x78 >> End >> 2020-10-27 22:34:05.163341

48fidxdth06 >> Start >> 2020-10-27 22:34:05.901329

48fidxdth06 >> Image Returned >> 2020-10-27 22:34:05.901619

48fidxdth06 >> End >> 2020-10-27 22:34:06.094753

y3obpfrsiz2 >> Start >> 2020-10-27 22:34:32.582233

y3obpfrsiz2 >> Image Returned >> 2020-10-27 22:34:32.585707

y3obpfrsiz2 >> End >> 2020-10-27 22:34:32.776160

dxo5rk6innk >> Start >> 2020-10-27 22:37:38.514889

dxo5rk6innk >> Image Returned >> 2020-10-27 22:37:38.519736

dxo5rk6innk >> End >> 2020-10-27 22:37:38.708353

hpqfz23ao7c >> Start >> 2020-10-27 22:39:02.389281

hpqfz23ao7c >> Image Returned >> 2020-10-27 22:39:02.392287

hpqfz23ao7c >> End >> 2020-10-27 22:39:02.568500

zdy43gtei2g >> Start >> 2020-10-27 22:43:27.285245

zdy43gtei2g >> Image Returned >> 2020-10-27 22:43:27.288294

zdy43gtei2g >> End >> 2020-10-27 22:43:27.495270

occ247tzedc >> Start >> 2020-10-27 22:43:29.173157

occ247tzedc >> Image Returned >> 2020-10-27 22:43:29.173439

occ247tzedc >> End >> 2020-10-27 22:43:29.346144

i0w7x6j8q5e >> Start >> 2020-10-27 22:44:31.950216

i0w7x6j8q5e >> Image Returned >> 2020-10-27 22:44:31.953908

i0w7x6j8q5e >> End >> 2020-10-27 22:44:32.143295

k0veq4amww4 >> Start >> 2020-10-27 22:51:08.412220

k0veq4amww4 >> Image Returned >> 2020-10-27 22:51:08.415652

k0veq4amww4 >> End >> 2020-10-27 22:51:08.651240

ejb2wvphizw >> Start >> 2020-10-27 22:51:34.601722

ejb2wvphizw >> Image Returned >> 2020-10-27 22:51:34.605040

ejb2wvphizw >> End >> 2020-10-27 22:51:34.780229

hznh7midqtr >> Start >> 2020-10-27 22:59:49.096148

hznh7midqtr >> Image Returned >> 2020-10-27 22:59:49.099416

hznh7midqtr >> End >> 2020-10-27 22:59:49.281677

wjnp7gi7nxq >> Start >> 2020-10-27 23:12:44.190376

wjnp7gi7nxq >> Image Returned >> 2020-10-27 23:12:44.193779

wjnp7gi7nxq >> End >> 2020-10-27 23:12:44.369329

hbh5afnsy2o >> Start >> 2020-10-27 23:21:41.844161

hbh5afnsy2o >> Image Returned >> 2020-10-27 23:21:41.849024

hbh5afnsy2o >> End >> 2020-10-27 23:21:42.033432

meb2cfjseqz >> Start >> 2020-10-27 23:23:47.146488

meb2cfjseqz >> Image Returned >> 2020-10-27 23:23:47.150131

meb2cfjseqz >> End >> 2020-10-27 23:23:47.343918

i7bwic33j4d >> Start >> 2020-10-27 23:25:15.877545

i7bwic33j4d >> Image Returned >> 2020-10-27 23:25:15.880667

i7bwic33j4d >> End >> 2020-10-27 23:25:16.060215

e473cmx6eem >> Start >> 2020-10-27 23:25:18.056266

e473cmx6eem >> Image Returned >> 2020-10-27 23:25:18.056565

e473cmx6eem >> End >> 2020-10-27 23:25:18.233540

nerau6tizfa >> Start >> 2020-10-27 23:27:00.198628

nerau6tizfa >> Image Returned >> 2020-10-27 23:27:00.201689

nerau6tizfa >> End >> 2020-10-27 23:27:00.375524

7g2zeek46s7 >> Start >> 2020-10-27 23:29:43.162303

7g2zeek46s7 >> Image Returned >> 2020-10-27 23:29:43.165488

7g2zeek46s7 >> End >> 2020-10-27 23:29:43.361438

g03fd6rekf0 >> Start >> 2020-10-27 23:31:40.652520

g03fd6rekf0 >> Image Returned >> 2020-10-27 23:31:40.655790

g03fd6rekf0 >> End >> 2020-10-27 23:31:40.856949

6exhtbtgnez >> Start >> 2020-10-27 23:33:26.208489

6exhtbtgnez >> Image Returned >> 2020-10-27 23:33:26.211663

6exhtbtgnez >> End >> 2020-10-27 23:33:26.396768

iqb5dzbvz7n >> Start >> 2020-10-27 23:33:36.112198

iqb5dzbvz7n >> Image Returned >> 2020-10-27 23:33:36.112485

iqb5dzbvz7n >> End >> 2020-10-27 23:33:36.297667

rspddarj5et >> Start >> 2020-10-27 23:33:44.650373

rspddarj5et >> Image Returned >> 2020-10-27 23:33:44.650682

rspddarj5et >> End >> 2020-10-27 23:33:44.851803

2zkqfavne7k >> Start >> 2020-10-27 23:38:44.245346

2zkqfavne7k >> Image Returned >> 2020-10-27 23:38:44.248492

2zkqfavne7k >> End >> 2020-10-27 23:38:44.430922

cfwhf4m8r6a >> Start >> 2020-10-27 23:44:33.596991

cfwhf4m8r6a >> Image Returned >> 2020-10-27 23:44:33.600362

cfwhf4m8r6a >> End >> 2020-10-27 23:44:33.784662

ywgv87v4xb8 >> Start >> 2020-10-27 23:45:36.949347

ywgv87v4xb8 >> Image Returned >> 2020-10-27 23:45:36.952713

ywgv87v4xb8 >> End >> 2020-10-27 23:45:37.134783

ixoef6evak2 >> Start >> 2020-10-27 23:54:30.849991

ixoef6evak2 >> Image Returned >> 2020-10-27 23:54:30.853159

ixoef6evak2 >> End >> 2020-10-27 23:54:31.075217

ruf5avyj48k >> Start >> 2020-10-27 23:59:26.826493

ruf5avyj48k >> Image Returned >> 2020-10-27 23:59:26.829936

ruf5avyj48k >> End >> 2020-10-27 23:59:27.021641

