mtx3xm7gxda >> Start >> 2020-09-07 00:20:58.523013

mtx3xm7gxda >> Image Returned >> 2020-09-07 00:20:58.527563

mtx3xm7gxda >> End >> 2020-09-07 00:20:58.673630

7ix5m5txybv >> Start >> 2020-09-07 00:52:56.229322

7ix5m5txybv >> Image Returned >> 2020-09-07 00:52:56.234390

7ix5m5txybv >> End >> 2020-09-07 00:52:56.386400

nnpvb6poefr >> Start >> 2020-09-07 01:12:34.545819

nnpvb6poefr >> Image Returned >> 2020-09-07 01:12:34.550179

nnpvb6poefr >> End >> 2020-09-07 01:12:34.709742

ya0o6kq23h2 >> Start >> 2020-09-07 01:35:01.946724

ya0o6kq23h2 >> Image Returned >> 2020-09-07 01:35:01.950383

ya0o6kq23h2 >> End >> 2020-09-07 01:35:02.100109

h3m337g4dig >> Start >> 2020-09-07 01:39:24.531519

h3m337g4dig >> Image Returned >> 2020-09-07 01:39:24.535721

h3m337g4dig >> End >> 2020-09-07 01:39:24.692523

n3jgr6ox4rd >> Start >> 2020-09-07 01:46:05.338372

n3jgr6ox4rd >> Image Returned >> 2020-09-07 01:46:05.342396

n3jgr6ox4rd >> End >> 2020-09-07 01:46:05.496534

e58v5ne4qhk >> Start >> 2020-09-07 01:57:55.704948

e58v5ne4qhk >> Image Returned >> 2020-09-07 01:57:55.709398

e58v5ne4qhk >> End >> 2020-09-07 01:57:55.854322

0dr73rr84wf >> Start >> 2020-09-07 02:01:19.652710

0dr73rr84wf >> Image Returned >> 2020-09-07 02:01:19.656404

0dr73rr84wf >> End >> 2020-09-07 02:01:19.805747

s3ugeau4pbu >> Start >> 2020-09-07 02:13:53.649338

s3ugeau4pbu >> Image Returned >> 2020-09-07 02:13:53.653364

s3ugeau4pbu >> End >> 2020-09-07 02:13:53.848438

xmuxsbnqkqt >> Start >> 2020-09-07 02:16:26.234335

xmuxsbnqkqt >> Image Returned >> 2020-09-07 02:16:26.237930

xmuxsbnqkqt >> End >> 2020-09-07 02:16:26.396398

e0x0qv6urbd >> Start >> 2020-09-07 03:06:08.488734

e0x0qv6urbd >> Image Returned >> 2020-09-07 03:06:08.494975

e0x0qv6urbd >> End >> 2020-09-07 03:06:08.654932

6oavr2y2wrd >> Start >> 2020-09-07 04:06:31.582393

6oavr2y2wrd >> Image Returned >> 2020-09-07 04:06:31.587465

6oavr2y2wrd >> End >> 2020-09-07 04:06:31.743145

v3360f6go4m >> Start >> 2020-09-07 04:11:43.867695

v3360f6go4m >> Image Returned >> 2020-09-07 04:11:43.873428

v3360f6go4m >> End >> 2020-09-07 04:11:44.025474

5jzhudjqwzu >> Start >> 2020-09-07 04:34:59.904120

5jzhudjqwzu >> Image Returned >> 2020-09-07 04:34:59.910320

5jzhudjqwzu >> End >> 2020-09-07 04:35:00.064780

uamqzspc8cr >> Start >> 2020-09-07 04:36:50.229070

uamqzspc8cr >> Image Returned >> 2020-09-07 04:36:50.232511

uamqzspc8cr >> End >> 2020-09-07 04:36:50.380702

qchkgk27a0g >> Start >> 2020-09-07 04:37:08.714994

qchkgk27a0g >> Image Returned >> 2020-09-07 04:37:08.718575

qchkgk27a0g >> End >> 2020-09-07 04:37:08.876735

a584bsewqk0 >> Start >> 2020-09-07 04:46:48.618215

a584bsewqk0 >> Image Returned >> 2020-09-07 04:46:48.623116

a584bsewqk0 >> End >> 2020-09-07 04:46:48.781436

5urmzygd07u >> Start >> 2020-09-07 05:28:05.607472

5urmzygd07u >> Image Returned >> 2020-09-07 05:28:05.612662

5urmzygd07u >> End >> 2020-09-07 05:28:05.785455

kj40kc7cz3u >> Start >> 2020-09-07 05:40:25.458722

kj40kc7cz3u >> Image Returned >> 2020-09-07 05:40:25.462225

kj40kc7cz3u >> End >> 2020-09-07 05:40:25.622065

fdjgpjfzjcw >> Start >> 2020-09-07 05:43:38.559186

fdjgpjfzjcw >> Image Returned >> 2020-09-07 05:43:38.563543

xtsshoae5i8 >> Start >> 2020-09-07 05:43:38.649821

xtsshoae5i8 >> Image Returned >> 2020-09-07 05:43:38.653254

fdjgpjfzjcw >> End >> 2020-09-07 05:43:38.711093

xtsshoae5i8 >> End >> 2020-09-07 05:43:38.799063

zkgj7zhphja >> Start >> 2020-09-07 05:44:59.020173

zkgj7zhphja >> Image Returned >> 2020-09-07 05:44:59.024024

zkgj7zhphja >> End >> 2020-09-07 05:44:59.203902

rv7kdu4xeiv >> Start >> 2020-09-07 05:45:36.586604

rv7kdu4xeiv >> Image Returned >> 2020-09-07 05:45:36.590014

rv7kdu4xeiv >> End >> 2020-09-07 05:45:36.743735

bkxpsqs08z5 >> Start >> 2020-09-07 05:45:59.162311

bkxpsqs08z5 >> Image Returned >> 2020-09-07 05:45:59.166003

bkxpsqs08z5 >> End >> 2020-09-07 05:45:59.308455

faopvyivuis >> Start >> 2020-09-07 06:01:15.718820

faopvyivuis >> Image Returned >> 2020-09-07 06:01:15.722671

faopvyivuis >> End >> 2020-09-07 06:01:15.882011

pwitu7d3yf7 >> Start >> 2020-09-07 06:06:24.736066

pwitu7d3yf7 >> Image Returned >> 2020-09-07 06:06:24.740077

pwitu7d3yf7 >> End >> 2020-09-07 06:06:24.913326

x4qs4zgr6kz >> Start >> 2020-09-07 06:06:41.136590

x4qs4zgr6kz >> Image Returned >> 2020-09-07 06:06:41.140599

x4qs4zgr6kz >> End >> 2020-09-07 06:06:41.310100

pgt020xsnma >> Start >> 2020-09-07 06:10:51.020931

pgt020xsnma >> Image Returned >> 2020-09-07 06:10:51.024853

pgt020xsnma >> End >> 2020-09-07 06:10:51.191381

s0dj2j4epwp >> Start >> 2020-09-07 06:21:53.711913

s0dj2j4epwp >> Image Returned >> 2020-09-07 06:21:53.715599

s0dj2j4epwp >> End >> 2020-09-07 06:21:53.895287

ybpmpftq5vu >> Start >> 2020-09-07 06:23:51.690192

ybpmpftq5vu >> Image Returned >> 2020-09-07 06:23:51.694683

ybpmpftq5vu >> End >> 2020-09-07 06:23:51.846992

cb8ddurhczh >> Start >> 2020-09-07 06:29:26.419223

cb8ddurhczh >> Image Returned >> 2020-09-07 06:29:26.423950

cb8ddurhczh >> End >> 2020-09-07 06:29:26.570153

6y04baevhyc >> Start >> 2020-09-07 06:34:10.926662

6y04baevhyc >> Image Returned >> 2020-09-07 06:34:10.930227

6y04baevhyc >> End >> 2020-09-07 06:34:11.094726

xedkkp5fh3n >> Start >> 2020-09-07 06:47:05.001177

xedkkp5fh3n >> Image Returned >> 2020-09-07 06:47:05.005121

xedkkp5fh3n >> End >> 2020-09-07 06:47:05.161079

aaqowx8drjb >> Start >> 2020-09-07 06:49:52.717093

aaqowx8drjb >> Image Returned >> 2020-09-07 06:49:52.721307

aaqowx8drjb >> End >> 2020-09-07 06:49:52.889149

tguaupub5sg >> Start >> 2020-09-07 06:49:59.814265

tguaupub5sg >> Image Returned >> 2020-09-07 06:49:59.814568

tguaupub5sg >> End >> 2020-09-07 06:49:59.995203

okayqbhwk3g >> Start >> 2020-09-07 06:50:53.852700

okayqbhwk3g >> Image Returned >> 2020-09-07 06:50:53.857865

okayqbhwk3g >> End >> 2020-09-07 06:50:54.014287

s8cy5xp7k36 >> Start >> 2020-09-07 06:53:16.460314

s8cy5xp7k36 >> Image Returned >> 2020-09-07 06:53:16.463807

s8cy5xp7k36 >> End >> 2020-09-07 06:53:16.616121

f78zg7avnww >> Start >> 2020-09-07 06:56:41.389746

f78zg7avnww >> Image Returned >> 2020-09-07 06:56:41.395550

f78zg7avnww >> End >> 2020-09-07 06:56:41.567369

zvkgm677dot >> Start >> 2020-09-07 06:56:55.612437

zvkgm677dot >> Image Returned >> 2020-09-07 06:56:55.616619

zvkgm677dot >> End >> 2020-09-07 06:56:55.774966

am7nmh77h3b >> Start >> 2020-09-07 07:00:37.815155

am7nmh77h3b >> Image Returned >> 2020-09-07 07:00:37.818619

am7nmh77h3b >> End >> 2020-09-07 07:00:37.970011

z53zyf6rux3 >> Start >> 2020-09-07 07:03:24.909440

z53zyf6rux3 >> Image Returned >> 2020-09-07 07:03:24.913916

z53zyf6rux3 >> End >> 2020-09-07 07:03:25.069190

fsh4ak4amix >> Start >> 2020-09-07 07:04:24.074204

fsh4ak4amix >> Image Returned >> 2020-09-07 07:04:24.078373

fsh4ak4amix >> End >> 2020-09-07 07:04:24.227797

nq75e0rop76 >> Start >> 2020-09-07 07:07:03.949248

nq75e0rop76 >> Image Returned >> 2020-09-07 07:07:03.953811

nq75e0rop76 >> End >> 2020-09-07 07:07:04.101315

db2brivnk70 >> Start >> 2020-09-07 07:07:52.840317

db2brivnk70 >> Image Returned >> 2020-09-07 07:07:52.844444

db2brivnk70 >> End >> 2020-09-07 07:07:52.995970

qmhywhco3xo >> Start >> 2020-09-07 07:14:39.636132

qmhywhco3xo >> Image Returned >> 2020-09-07 07:14:39.640172

qmhywhco3xo >> End >> 2020-09-07 07:14:39.795274

zkt6k5pr4fc >> Start >> 2020-09-07 07:22:28.044497

zkt6k5pr4fc >> Image Returned >> 2020-09-07 07:22:28.048404

zkt6k5pr4fc >> End >> 2020-09-07 07:22:28.213526

4yy076jbat0 >> Start >> 2020-09-07 07:23:12.926153

4yy076jbat0 >> Image Returned >> 2020-09-07 07:23:12.930094

4yy076jbat0 >> End >> 2020-09-07 07:23:13.083980

xwnaihsqbyg >> Start >> 2020-09-07 07:28:29.083703

xwnaihsqbyg >> Image Returned >> 2020-09-07 07:28:29.088984

xwnaihsqbyg >> End >> 2020-09-07 07:28:29.259526

pmpghpixvv5 >> Start >> 2020-09-07 07:29:10.059056

pmpghpixvv5 >> Image Returned >> 2020-09-07 07:29:10.063215

pmpghpixvv5 >> End >> 2020-09-07 07:29:10.210093

updp2dq5fuz >> Start >> 2020-09-07 07:29:25.198105

updp2dq5fuz >> Image Returned >> 2020-09-07 07:29:25.201798

updp2dq5fuz >> End >> 2020-09-07 07:29:25.354568

q2qufrk6vgn >> Start >> 2020-09-07 07:29:43.458803

q2qufrk6vgn >> Image Returned >> 2020-09-07 07:29:43.463514

q2qufrk6vgn >> End >> 2020-09-07 07:29:43.613368

xcxm8v3jw7p >> Start >> 2020-09-07 07:36:00.734786

xcxm8v3jw7p >> Image Returned >> 2020-09-07 07:36:00.738718

xcxm8v3jw7p >> End >> 2020-09-07 07:36:00.916960

zdxx27nnoww >> Start >> 2020-09-07 07:57:00.067044

zdxx27nnoww >> Image Returned >> 2020-09-07 07:57:00.070703

zdxx27nnoww >> End >> 2020-09-07 07:57:00.220566

ji2if8betvs >> Start >> 2020-09-07 08:05:24.311373

ji2if8betvs >> Image Returned >> 2020-09-07 08:05:24.315047

ji2if8betvs >> End >> 2020-09-07 08:05:24.483724

25dfktu0hzc >> Start >> 2020-09-07 08:11:40.948281

25dfktu0hzc >> Image Returned >> 2020-09-07 08:11:40.951919

25dfktu0hzc >> End >> 2020-09-07 08:11:41.112971

mk864gpn4vw >> Start >> 2020-09-07 08:24:31.089478

mk864gpn4vw >> Image Returned >> 2020-09-07 08:24:31.093051

mk864gpn4vw >> End >> 2020-09-07 08:24:31.262797

bq73xw2xohe >> Start >> 2020-09-07 08:29:10.396146

bq73xw2xohe >> Image Returned >> 2020-09-07 08:29:10.400768

bq73xw2xohe >> End >> 2020-09-07 08:29:10.553339

jkhqf20nvgx >> Start >> 2020-09-07 08:48:55.649836

jkhqf20nvgx >> Image Returned >> 2020-09-07 08:48:55.653961

jkhqf20nvgx >> End >> 2020-09-07 08:48:55.811966

he42aw0g8os >> Start >> 2020-09-07 08:49:48.812453

he42aw0g8os >> Image Returned >> 2020-09-07 08:49:48.817836

he42aw0g8os >> End >> 2020-09-07 08:49:48.991677

6yo67ku24to >> Start >> 2020-09-07 08:51:33.099467

6yo67ku24to >> Image Returned >> 2020-09-07 08:51:33.103615

6yo67ku24to >> End >> 2020-09-07 08:51:33.253273

vpmz0ajxj86 >> Start >> 2020-09-07 09:01:32.915963

vpmz0ajxj86 >> Image Returned >> 2020-09-07 09:01:32.919833

vpmz0ajxj86 >> End >> 2020-09-07 09:01:33.084505

n73aiuswf64 >> Start >> 2020-09-07 09:02:56.145136

n73aiuswf64 >> Image Returned >> 2020-09-07 09:02:56.148808

n73aiuswf64 >> End >> 2020-09-07 09:02:56.305258

7n3bu46iwtw >> Start >> 2020-09-07 09:13:13.607449

7n3bu46iwtw >> Image Returned >> 2020-09-07 09:13:13.611073

7n3bu46iwtw >> End >> 2020-09-07 09:13:13.766256

ko0bormkncp >> Start >> 2020-09-07 09:15:41.813745

ko0bormkncp >> Image Returned >> 2020-09-07 09:15:41.817858

ko0bormkncp >> End >> 2020-09-07 09:15:41.977485

fnqyv5ipfcm >> Start >> 2020-09-07 09:18:01.509391

fnqyv5ipfcm >> Image Returned >> 2020-09-07 09:18:01.514553

fnqyv5ipfcm >> End >> 2020-09-07 09:18:01.668386

dhaeapcvqv6 >> Start >> 2020-09-07 09:18:49.435451

dhaeapcvqv6 >> Image Returned >> 2020-09-07 09:18:49.439763

dhaeapcvqv6 >> End >> 2020-09-07 09:18:49.596555

eip76vfnwdv >> Start >> 2020-09-07 09:24:33.828073

eip76vfnwdv >> Image Returned >> 2020-09-07 09:24:33.831667

eip76vfnwdv >> End >> 2020-09-07 09:24:33.997517

3qvuf6v6rg3 >> Start >> 2020-09-07 09:30:07.153224

3qvuf6v6rg3 >> Image Returned >> 2020-09-07 09:30:07.158010

3qvuf6v6rg3 >> End >> 2020-09-07 09:30:07.335086

ms2j8insoou >> Start >> 2020-09-07 09:37:38.688947

ms2j8insoou >> Image Returned >> 2020-09-07 09:37:38.693860

ms2j8insoou >> End >> 2020-09-07 09:37:38.849513

vzq3xdrow2d >> Start >> 2020-09-07 09:38:58.399130

vzq3xdrow2d >> Image Returned >> 2020-09-07 09:38:58.402712

vzq3xdrow2d >> End >> 2020-09-07 09:38:58.548317

z5chnv0fmpo >> Start >> 2020-09-07 09:43:40.018115

z5chnv0fmpo >> Image Returned >> 2020-09-07 09:43:40.023632

z5chnv0fmpo >> End >> 2020-09-07 09:43:40.202676

zpf3ogfrfoh >> Start >> 2020-09-07 09:44:03.893994

zpf3ogfrfoh >> Image Returned >> 2020-09-07 09:44:03.898211

zpf3ogfrfoh >> End >> 2020-09-07 09:44:04.052994

6h0rchqv3r3 >> Start >> 2020-09-07 09:48:03.047570

6h0rchqv3r3 >> Image Returned >> 2020-09-07 09:48:03.054045

6h0rchqv3r3 >> End >> 2020-09-07 09:48:03.204729

24xmdvz48w3 >> Start >> 2020-09-07 09:48:33.051534

24xmdvz48w3 >> Image Returned >> 2020-09-07 09:48:33.055167

24xmdvz48w3 >> End >> 2020-09-07 09:48:33.218151

usfjrwhx7tx >> Start >> 2020-09-07 09:49:21.121200

usfjrwhx7tx >> Image Returned >> 2020-09-07 09:49:21.124800

usfjrwhx7tx >> End >> 2020-09-07 09:49:21.289798

b8co566dd02 >> Start >> 2020-09-07 09:55:58.779624

b8co566dd02 >> Image Returned >> 2020-09-07 09:55:58.785619

b8co566dd02 >> End >> 2020-09-07 09:55:58.936654

v5oa5gubjyj >> Start >> 2020-09-07 09:58:16.935822

v5oa5gubjyj >> Image Returned >> 2020-09-07 09:58:16.939615

v5oa5gubjyj >> End >> 2020-09-07 09:58:17.089452

028pkjn04p8 >> Start >> 2020-09-07 10:03:44.031476

028pkjn04p8 >> Image Returned >> 2020-09-07 10:03:44.036303

028pkjn04p8 >> End >> 2020-09-07 10:03:44.197923

uiob884zvz3 >> Start >> 2020-09-07 10:07:53.096868

uiob884zvz3 >> Image Returned >> 2020-09-07 10:07:53.101411

uiob884zvz3 >> End >> 2020-09-07 10:07:53.266360

aeckbamrgf5 >> Start >> 2020-09-07 10:08:22.178850

aeckbamrgf5 >> Image Returned >> 2020-09-07 10:08:22.182323

aeckbamrgf5 >> End >> 2020-09-07 10:08:22.344253

kdp526042fu >> Start >> 2020-09-07 10:18:22.155107

kdp526042fu >> Image Returned >> 2020-09-07 10:18:22.159451

kdp526042fu >> End >> 2020-09-07 10:18:22.315675

fynaehndzbb >> Start >> 2020-09-07 10:33:24.416346

fynaehndzbb >> Image Returned >> 2020-09-07 10:33:24.419920

fynaehndzbb >> End >> 2020-09-07 10:33:24.586554

nvxr3k8jmzb >> Start >> 2020-09-07 10:34:53.204238

nvxr3k8jmzb >> Image Returned >> 2020-09-07 10:34:53.208962

nvxr3k8jmzb >> End >> 2020-09-07 10:34:53.361102

7suoxxnnivw >> Start >> 2020-09-07 10:37:47.443931

7suoxxnnivw >> Image Returned >> 2020-09-07 10:37:47.448337

7suoxxnnivw >> End >> 2020-09-07 10:37:47.594024

7pavkepuxm0 >> Start >> 2020-09-07 10:40:21.850039

7pavkepuxm0 >> Image Returned >> 2020-09-07 10:40:21.854188

7pavkepuxm0 >> End >> 2020-09-07 10:40:22.042025

z3apa3qpbtq >> Start >> 2020-09-07 10:49:26.331378

z3apa3qpbtq >> Image Returned >> 2020-09-07 10:49:26.338923

z3apa3qpbtq >> End >> 2020-09-07 10:49:26.498158

s3sk0kpxza6 >> Start >> 2020-09-07 10:53:51.890943

s3sk0kpxza6 >> Image Returned >> 2020-09-07 10:53:51.895834

s3sk0kpxza6 >> End >> 2020-09-07 10:53:52.053086

rdh5niabhbb >> Start >> 2020-09-07 10:57:26.799657

rdh5niabhbb >> Image Returned >> 2020-09-07 10:57:26.803805

rdh5niabhbb >> End >> 2020-09-07 10:57:26.956892

2oqvp5gqgsu >> Start >> 2020-09-07 10:58:24.955636

2oqvp5gqgsu >> Image Returned >> 2020-09-07 10:58:24.959652

2oqvp5gqgsu >> End >> 2020-09-07 10:58:25.116231

f0dbwvi8rap >> Start >> 2020-09-07 10:59:28.491075

f0dbwvi8rap >> Image Returned >> 2020-09-07 10:59:28.495191

f0dbwvi8rap >> End >> 2020-09-07 10:59:28.651751

p8kh02p68i6 >> Start >> 2020-09-07 11:02:25.674985

p8kh02p68i6 >> Image Returned >> 2020-09-07 11:02:25.679749

p8kh02p68i6 >> End >> 2020-09-07 11:02:25.840579

vxhgkocf3cp >> Start >> 2020-09-07 11:21:55.729423

vxhgkocf3cp >> Image Returned >> 2020-09-07 11:21:55.735551

vxhgkocf3cp >> End >> 2020-09-07 11:21:55.910578

ncpzdhua6o2 >> Start >> 2020-09-07 11:26:20.009922

ncpzdhua6o2 >> Image Returned >> 2020-09-07 11:26:20.014800

ncpzdhua6o2 >> End >> 2020-09-07 11:26:20.164975

bk4t7ktdxck >> Start >> 2020-09-07 11:31:32.275126

bk4t7ktdxck >> Image Returned >> 2020-09-07 11:31:32.278825

bk4t7ktdxck >> End >> 2020-09-07 11:31:32.439827

o4n8fatj0kn >> Start >> 2020-09-07 11:33:57.851933

o4n8fatj0kn >> Image Returned >> 2020-09-07 11:33:57.856187

o4n8fatj0kn >> End >> 2020-09-07 11:33:58.006984

bya07a77j45 >> Start >> 2020-09-07 11:36:10.646775

bya07a77j45 >> Image Returned >> 2020-09-07 11:36:10.650475

bya07a77j45 >> End >> 2020-09-07 11:36:10.810621

a28to2dck5r >> Start >> 2020-09-07 11:45:11.129693

a28to2dck5r >> Image Returned >> 2020-09-07 11:45:11.133980

a28to2dck5r >> End >> 2020-09-07 11:45:11.287420

nijtw6z33t8 >> Start >> 2020-09-07 11:45:59.469058

nijtw6z33t8 >> Image Returned >> 2020-09-07 11:45:59.473145

nijtw6z33t8 >> End >> 2020-09-07 11:45:59.649604

k8rt4bpth6e >> Start >> 2020-09-07 11:46:22.617573

k8rt4bpth6e >> Image Returned >> 2020-09-07 11:46:22.621252

k8rt4bpth6e >> End >> 2020-09-07 11:46:22.777021

rywr8mhc8d8 >> Start >> 2020-09-07 11:46:28.599910

rywr8mhc8d8 >> Image Returned >> 2020-09-07 11:46:28.600220

rywr8mhc8d8 >> End >> 2020-09-07 11:46:28.758271

3u8t4m46pcc >> Start >> 2020-09-07 11:46:58.001429

3u8t4m46pcc >> Image Returned >> 2020-09-07 11:46:58.005608

3u8t4m46pcc >> End >> 2020-09-07 11:46:58.168474

kwtsfjeezcg >> Start >> 2020-09-07 11:49:21.102428

kwtsfjeezcg >> Image Returned >> 2020-09-07 11:49:21.106096

kwtsfjeezcg >> End >> 2020-09-07 11:49:21.260448

z4rjoospg00 >> Start >> 2020-09-07 11:50:16.278446

z4rjoospg00 >> Image Returned >> 2020-09-07 11:50:16.282375

z4rjoospg00 >> End >> 2020-09-07 11:50:16.452685

cwx3v5z27kz >> Start >> 2020-09-07 11:53:36.345012

cwx3v5z27kz >> Image Returned >> 2020-09-07 11:53:36.349729

cwx3v5z27kz >> End >> 2020-09-07 11:53:36.512840

byuc26gvrw5 >> Start >> 2020-09-07 11:53:56.999082

byuc26gvrw5 >> Image Returned >> 2020-09-07 11:53:57.006057

byuc26gvrw5 >> End >> 2020-09-07 11:53:57.172403

6ovzui0txu6 >> Start >> 2020-09-07 11:58:26.050776

6ovzui0txu6 >> Image Returned >> 2020-09-07 11:58:26.054369

6ovzui0txu6 >> End >> 2020-09-07 11:58:26.207737

mbtw8px47am >> Start >> 2020-09-07 12:06:00.558162

mbtw8px47am >> Image Returned >> 2020-09-07 12:06:00.564812

mbtw8px47am >> End >> 2020-09-07 12:06:00.721856

3io0v25xoff >> Start >> 2020-09-07 12:06:26.203387

3io0v25xoff >> Image Returned >> 2020-09-07 12:06:26.207015

3io0v25xoff >> End >> 2020-09-07 12:06:26.356399

kvs4mip8ng4 >> Start >> 2020-09-07 12:07:59.074224

kvs4mip8ng4 >> Image Returned >> 2020-09-07 12:07:59.080430

kvs4mip8ng4 >> End >> 2020-09-07 12:07:59.235574

ijbdtwh8rfh >> Start >> 2020-09-07 12:08:13.012156

ijbdtwh8rfh >> Image Returned >> 2020-09-07 12:08:13.015822

ijbdtwh8rfh >> End >> 2020-09-07 12:08:13.167931

hji87du3rum >> Start >> 2020-09-07 12:09:56.424619

hji87du3rum >> Image Returned >> 2020-09-07 12:09:56.429577

hji87du3rum >> End >> 2020-09-07 12:09:56.605673

ncfpyp5etbr >> Start >> 2020-09-07 12:11:17.246073

ncfpyp5etbr >> Image Returned >> 2020-09-07 12:11:17.250087

ncfpyp5etbr >> End >> 2020-09-07 12:11:17.399713

gh0dn50e7cd >> Start >> 2020-09-07 12:12:08.978866

gh0dn50e7cd >> Image Returned >> 2020-09-07 12:12:08.983042

gh0dn50e7cd >> End >> 2020-09-07 12:12:09.137989

xqvawjuz6c5 >> Start >> 2020-09-07 12:13:55.571455

xqvawjuz6c5 >> Image Returned >> 2020-09-07 12:13:55.575769

xqvawjuz6c5 >> End >> 2020-09-07 12:13:55.732834

xryw3qvieb4 >> Start >> 2020-09-07 12:17:35.449018

xryw3qvieb4 >> Image Returned >> 2020-09-07 12:17:35.453035

xryw3qvieb4 >> End >> 2020-09-07 12:17:35.610186

384d50fhcwc >> Start >> 2020-09-07 12:18:11.291973

384d50fhcwc >> Image Returned >> 2020-09-07 12:18:11.296312

384d50fhcwc >> End >> 2020-09-07 12:18:11.454952

hb4m6fssoq7 >> Start >> 2020-09-07 12:19:06.093497

hb4m6fssoq7 >> Image Returned >> 2020-09-07 12:19:06.097856

hb4m6fssoq7 >> End >> 2020-09-07 12:19:06.259244

jdww6b6yfve >> Start >> 2020-09-07 12:24:26.737334

jdww6b6yfve >> Image Returned >> 2020-09-07 12:24:26.741265

jdww6b6yfve >> End >> 2020-09-07 12:24:26.903671

ngaaxivexbr >> Start >> 2020-09-07 12:24:39.064030

ngaaxivexbr >> Image Returned >> 2020-09-07 12:24:39.067573

ngaaxivexbr >> End >> 2020-09-07 12:24:39.218981

qjdnti5uehz >> Start >> 2020-09-07 12:29:40.459639

qjdnti5uehz >> Image Returned >> 2020-09-07 12:29:40.464679

qjdnti5uehz >> End >> 2020-09-07 12:29:40.623750

57g3a82kinn >> Start >> 2020-09-07 12:31:45.225533

57g3a82kinn >> Image Returned >> 2020-09-07 12:31:45.229239

57g3a82kinn >> End >> 2020-09-07 12:31:45.375140

754ed8uam2k >> Start >> 2020-09-07 12:34:05.097383

754ed8uam2k >> Image Returned >> 2020-09-07 12:34:05.101192

754ed8uam2k >> End >> 2020-09-07 12:34:05.262115

2f4m2co55uz >> Start >> 2020-09-07 12:43:05.280241

2f4m2co55uz >> Image Returned >> 2020-09-07 12:43:05.285123

2f4m2co55uz >> End >> 2020-09-07 12:43:05.448163

zq8keii30a7 >> Start >> 2020-09-07 12:44:52.173837

zq8keii30a7 >> Image Returned >> 2020-09-07 12:44:52.178199

zq8keii30a7 >> End >> 2020-09-07 12:44:52.338907

bcyhcqqui5w >> Start >> 2020-09-07 12:45:08.750474

bcyhcqqui5w >> Image Returned >> 2020-09-07 12:45:08.754273

bcyhcqqui5w >> End >> 2020-09-07 12:45:08.907989

iscabbzhfku >> Start >> 2020-09-07 12:54:32.620189

iscabbzhfku >> Image Returned >> 2020-09-07 12:54:32.626008

iscabbzhfku >> End >> 2020-09-07 12:54:32.781913

h8taiiwftsa >> Start >> 2020-09-07 12:54:52.420383

h8taiiwftsa >> Image Returned >> 2020-09-07 12:54:52.424839

h8taiiwftsa >> End >> 2020-09-07 12:54:52.575335

e0e07wz6d07 >> Start >> 2020-09-07 12:56:54.611761

e0e07wz6d07 >> Image Returned >> 2020-09-07 12:56:54.616765

e0e07wz6d07 >> End >> 2020-09-07 12:56:54.782815

jjrn22i8jsd >> Start >> 2020-09-07 12:57:30.998440

jjrn22i8jsd >> Image Returned >> 2020-09-07 12:57:31.002008

jjrn22i8jsd >> End >> 2020-09-07 12:57:31.156836

bza7sw5ufty >> Start >> 2020-09-07 12:58:16.013518

bza7sw5ufty >> Image Returned >> 2020-09-07 12:58:16.017137

bza7sw5ufty >> End >> 2020-09-07 12:58:16.176955

qh2m3vrvrk7 >> Start >> 2020-09-07 12:58:23.254115

qh2m3vrvrk7 >> Image Returned >> 2020-09-07 12:58:23.254431

qh2m3vrvrk7 >> End >> 2020-09-07 12:58:23.405086

zbv4ae4icm7 >> Start >> 2020-09-07 12:59:01.198347

zbv4ae4icm7 >> Image Returned >> 2020-09-07 12:59:01.201946

zbv4ae4icm7 >> End >> 2020-09-07 12:59:01.358079

wv3t8274rdo >> Start >> 2020-09-07 12:59:03.607625

wv3t8274rdo >> Image Returned >> 2020-09-07 12:59:03.607964

wv3t8274rdo >> End >> 2020-09-07 12:59:03.765573

ux2fmzw07jp >> Start >> 2020-09-07 12:59:31.264627

ux2fmzw07jp >> Image Returned >> 2020-09-07 12:59:31.268459

ux2fmzw07jp >> End >> 2020-09-07 12:59:31.443264

d62rinumv0z >> Start >> 2020-09-07 13:02:19.183238

d62rinumv0z >> Image Returned >> 2020-09-07 13:02:19.188525

d62rinumv0z >> End >> 2020-09-07 13:02:19.345549

6tiyuvh0jby >> Start >> 2020-09-07 13:02:56.727176

6tiyuvh0jby >> Image Returned >> 2020-09-07 13:02:56.731512

6tiyuvh0jby >> End >> 2020-09-07 13:02:56.909969

0oocxdsk3tu >> Start >> 2020-09-07 13:04:58.714121

0oocxdsk3tu >> Image Returned >> 2020-09-07 13:04:58.718535

0oocxdsk3tu >> End >> 2020-09-07 13:04:58.870903

mnrroq0igib >> Start >> 2020-09-07 13:12:11.736217

mnrroq0igib >> Image Returned >> 2020-09-07 13:12:11.741198

mnrroq0igib >> End >> 2020-09-07 13:12:11.893495

m3umdeqy6rs >> Start >> 2020-09-07 13:17:45.394830

m3umdeqy6rs >> Image Returned >> 2020-09-07 13:17:45.399086

m3umdeqy6rs >> End >> 2020-09-07 13:17:45.562429

f3bv0dv4tix >> Start >> 2020-09-07 13:18:14.993532

f3bv0dv4tix >> Image Returned >> 2020-09-07 13:18:14.997781

f3bv0dv4tix >> End >> 2020-09-07 13:18:15.153084

r366z5srfxw >> Start >> 2020-09-07 13:21:45.701163

r366z5srfxw >> Image Returned >> 2020-09-07 13:21:45.706810

r366z5srfxw >> End >> 2020-09-07 13:21:45.868294

0agsxkcstu8 >> Start >> 2020-09-07 13:28:53.921485

0agsxkcstu8 >> Image Returned >> 2020-09-07 13:28:53.925760

0agsxkcstu8 >> End >> 2020-09-07 13:28:54.075170

hrvcs0dxnho >> Start >> 2020-09-07 13:29:51.386746

hrvcs0dxnho >> Image Returned >> 2020-09-07 13:29:51.390544

hrvcs0dxnho >> End >> 2020-09-07 13:29:51.544949

yzybi2aeub3 >> Start >> 2020-09-07 13:31:19.524086

yzybi2aeub3 >> Image Returned >> 2020-09-07 13:31:19.527988

yzybi2aeub3 >> End >> 2020-09-07 13:31:19.677270

gy7jeqrzxo2 >> Start >> 2020-09-07 13:32:01.654719

gy7jeqrzxo2 >> Image Returned >> 2020-09-07 13:32:01.659220

gy7jeqrzxo2 >> End >> 2020-09-07 13:32:01.819521

eze3w3m2i0s >> Start >> 2020-09-07 13:33:59.152606

eze3w3m2i0s >> Image Returned >> 2020-09-07 13:33:59.156378

eze3w3m2i0s >> End >> 2020-09-07 13:33:59.322446

6c4hs4hf3bk >> Start >> 2020-09-07 13:36:02.262633

6c4hs4hf3bk >> Image Returned >> 2020-09-07 13:36:02.267122

6c4hs4hf3bk >> End >> 2020-09-07 13:36:02.425420

yz7ih7bt34k >> Start >> 2020-09-07 13:48:04.788667

yz7ih7bt34k >> Image Returned >> 2020-09-07 13:48:04.793521

yz7ih7bt34k >> End >> 2020-09-07 13:48:04.959243

eve4mjh2jqy >> Start >> 2020-09-07 13:49:01.297180

eve4mjh2jqy >> Image Returned >> 2020-09-07 13:49:01.302118

eve4mjh2jqy >> End >> 2020-09-07 13:49:01.475187

3whpvhvzxo0 >> Start >> 2020-09-07 13:50:42.340172

3whpvhvzxo0 >> Image Returned >> 2020-09-07 13:50:42.344059

3whpvhvzxo0 >> End >> 2020-09-07 13:50:42.497775

6gu8aioxbi3 >> Start >> 2020-09-07 13:57:02.434333

6gu8aioxbi3 >> Image Returned >> 2020-09-07 13:57:02.439167

6gu8aioxbi3 >> End >> 2020-09-07 13:57:02.613862

58mpowi2ngu >> Start >> 2020-09-07 13:58:31.911557

58mpowi2ngu >> Image Returned >> 2020-09-07 13:58:31.916251

58mpowi2ngu >> End >> 2020-09-07 13:58:32.097352

5i30w3mhgsx >> Start >> 2020-09-07 13:59:04.822719

5i30w3mhgsx >> Image Returned >> 2020-09-07 13:59:04.827363

5i30w3mhgsx >> End >> 2020-09-07 13:59:05.007353

ndjqb3zzjs2 >> Start >> 2020-09-07 14:00:07.702389

ndjqb3zzjs2 >> Image Returned >> 2020-09-07 14:00:07.706455

ndjqb3zzjs2 >> End >> 2020-09-07 14:00:07.867547

27cidk7iipn >> Start >> 2020-09-07 14:03:52.882091

27cidk7iipn >> Image Returned >> 2020-09-07 14:03:52.886307

27cidk7iipn >> End >> 2020-09-07 14:03:53.050252

b2swcicob6r >> Start >> 2020-09-07 14:05:56.023618

b2swcicob6r >> Image Returned >> 2020-09-07 14:05:56.028372

b2swcicob6r >> End >> 2020-09-07 14:05:56.182641

esbghdu02av >> Start >> 2020-09-07 14:06:29.798253

esbghdu02av >> Image Returned >> 2020-09-07 14:06:29.802556

esbghdu02av >> End >> 2020-09-07 14:06:29.959650

7up7grhq5m5 >> Start >> 2020-09-07 14:10:50.285101

7up7grhq5m5 >> Image Returned >> 2020-09-07 14:10:50.288898

7up7grhq5m5 >> End >> 2020-09-07 14:10:50.465940

x2m6xwduqgg >> Start >> 2020-09-07 14:13:32.359464

x2m6xwduqgg >> Image Returned >> 2020-09-07 14:13:32.363396

x2m6xwduqgg >> End >> 2020-09-07 14:13:32.526344

adzymuvzzpq >> Start >> 2020-09-07 14:14:51.994704

adzymuvzzpq >> Image Returned >> 2020-09-07 14:14:52.000174

adzymuvzzpq >> End >> 2020-09-07 14:14:52.154058

ukwabvvocfh >> Start >> 2020-09-07 14:17:27.263123

ukwabvvocfh >> Image Returned >> 2020-09-07 14:17:27.267533

ukwabvvocfh >> End >> 2020-09-07 14:17:27.418304

ncu55v26i3w >> Start >> 2020-09-07 14:19:05.123476

ncu55v26i3w >> Image Returned >> 2020-09-07 14:19:05.129146

ncu55v26i3w >> End >> 2020-09-07 14:19:05.263386

sqki073727p >> Start >> 2020-09-07 14:27:22.647730

sqki073727p >> Image Returned >> 2020-09-07 14:27:22.653275

sqki073727p >> End >> 2020-09-07 14:27:22.812402

mtqg5jj43hz >> Start >> 2020-09-07 14:27:58.580051

mtqg5jj43hz >> Image Returned >> 2020-09-07 14:27:58.584522

mtqg5jj43hz >> End >> 2020-09-07 14:27:58.730060

4syoy2sux4z >> Start >> 2020-09-07 14:31:12.733048

4syoy2sux4z >> Image Returned >> 2020-09-07 14:31:12.736592

4syoy2sux4z >> End >> 2020-09-07 14:31:12.891277

zim6axkyb4b >> Start >> 2020-09-07 14:31:13.217142

zim6axkyb4b >> Image Returned >> 2020-09-07 14:31:13.217433

zim6axkyb4b >> End >> 2020-09-07 14:31:13.376490

xyf0ypfsf5d >> Start >> 2020-09-07 14:35:25.070736

xyf0ypfsf5d >> Image Returned >> 2020-09-07 14:35:25.074845

xyf0ypfsf5d >> End >> 2020-09-07 14:35:25.240132

3wfnktxyijg >> Start >> 2020-09-07 14:35:41.568223

3wfnktxyijg >> Image Returned >> 2020-09-07 14:35:41.572082

3wfnktxyijg >> End >> 2020-09-07 14:35:41.732431

by3t58rkdj7 >> Start >> 2020-09-07 14:35:41.791450

by3t58rkdj7 >> Image Returned >> 2020-09-07 14:35:41.791754

by3t58rkdj7 >> End >> 2020-09-07 14:35:41.939238

g70w5saw67o >> Start >> 2020-09-07 14:38:01.698328

g70w5saw67o >> Image Returned >> 2020-09-07 14:38:01.702851

g70w5saw67o >> End >> 2020-09-07 14:38:01.877634

vaa7cfg4w3m >> Start >> 2020-09-07 14:50:22.932630

vaa7cfg4w3m >> Image Returned >> 2020-09-07 14:50:22.939932

vaa7cfg4w3m >> End >> 2020-09-07 14:50:23.106597

7ynvjszv4ve >> Start >> 2020-09-07 14:54:15.005491

7ynvjszv4ve >> Image Returned >> 2020-09-07 14:54:15.011435

7ynvjszv4ve >> End >> 2020-09-07 14:54:15.171180

5x6fgs7kqcu >> Start >> 2020-09-07 14:54:15.422068

5x6fgs7kqcu >> Image Returned >> 2020-09-07 14:54:15.422385

5x6fgs7kqcu >> End >> 2020-09-07 14:54:15.582623

kyj67tmcpmw >> Start >> 2020-09-07 14:54:25.810471

kyj67tmcpmw >> Image Returned >> 2020-09-07 14:54:25.810823

kyj67tmcpmw >> End >> 2020-09-07 14:54:25.987648

zdc74oxognp >> Start >> 2020-09-07 14:54:26.132165

zdc74oxognp >> Image Returned >> 2020-09-07 14:54:26.132581

zdc74oxognp >> End >> 2020-09-07 14:54:26.295304

z5ajctfamf6 >> Start >> 2020-09-07 14:59:01.733510

z5ajctfamf6 >> Image Returned >> 2020-09-07 14:59:01.740787

z5ajctfamf6 >> End >> 2020-09-07 14:59:01.947695

5rad5ocaeau >> Start >> 2020-09-07 15:11:28.230108

5rad5ocaeau >> Image Returned >> 2020-09-07 15:11:28.234263

5rad5ocaeau >> End >> 2020-09-07 15:11:28.397834

jzneystb70q >> Start >> 2020-09-07 15:12:24.753256

jzneystb70q >> Image Returned >> 2020-09-07 15:12:24.757554

jzneystb70q >> End >> 2020-09-07 15:12:24.935838

oo36pvwcvpd >> Start >> 2020-09-07 15:16:28.190414

oo36pvwcvpd >> Image Returned >> 2020-09-07 15:16:28.194542

oo36pvwcvpd >> End >> 2020-09-07 15:16:28.351236

jgexvsbkfwd >> Start >> 2020-09-07 15:24:02.911011

jgexvsbkfwd >> Image Returned >> 2020-09-07 15:24:02.915393

jgexvsbkfwd >> End >> 2020-09-07 15:24:03.063467

ecrbszjebdz >> Start >> 2020-09-07 15:29:32.524271

ecrbszjebdz >> Image Returned >> 2020-09-07 15:29:32.529225

ecrbszjebdz >> End >> 2020-09-07 15:29:32.695060

grgexaqqcz3 >> Start >> 2020-09-07 15:30:31.831149

grgexaqqcz3 >> Image Returned >> 2020-09-07 15:30:31.836319

grgexaqqcz3 >> End >> 2020-09-07 15:30:31.997442

3s5r8i56a3f >> Start >> 2020-09-07 15:34:51.484024

3s5r8i56a3f >> Image Returned >> 2020-09-07 15:34:51.487989

3s5r8i56a3f >> End >> 2020-09-07 15:34:51.656924

f7qsykcj7dq >> Start >> 2020-09-07 15:35:12.164624

f7qsykcj7dq >> Image Returned >> 2020-09-07 15:35:12.168591

f7qsykcj7dq >> End >> 2020-09-07 15:35:12.316134

unv8w60wm8c >> Start >> 2020-09-07 15:36:04.360177

unv8w60wm8c >> Image Returned >> 2020-09-07 15:36:04.364300

unv8w60wm8c >> End >> 2020-09-07 15:36:04.525685

kzgi5jddyqn >> Start >> 2020-09-07 15:38:37.774687

kzgi5jddyqn >> Image Returned >> 2020-09-07 15:38:37.778526

kzgi5jddyqn >> End >> 2020-09-07 15:38:37.951052

o0zok4ws6u7 >> Start >> 2020-09-07 15:43:57.256146

o0zok4ws6u7 >> Image Returned >> 2020-09-07 15:43:57.260428

o0zok4ws6u7 >> End >> 2020-09-07 15:43:57.419821

05vwbvq0v3v >> Start >> 2020-09-07 15:46:05.263817

05vwbvq0v3v >> Image Returned >> 2020-09-07 15:46:05.269073

05vwbvq0v3v >> End >> 2020-09-07 15:46:05.421083

0soy8ff8zno >> Start >> 2020-09-07 15:49:37.828825

0soy8ff8zno >> Image Returned >> 2020-09-07 15:49:37.834379

0soy8ff8zno >> End >> 2020-09-07 15:49:37.987222

wry5fncp2gr >> Start >> 2020-09-07 15:50:03.688731

wry5fncp2gr >> Image Returned >> 2020-09-07 15:50:03.692656

wry5fncp2gr >> End >> 2020-09-07 15:50:03.855462

pwcmr6rafw0 >> Start >> 2020-09-07 15:51:13.833615

pwcmr6rafw0 >> Image Returned >> 2020-09-07 15:51:13.838123

pwcmr6rafw0 >> End >> 2020-09-07 15:51:13.988693

s882a7iz4rt >> Start >> 2020-09-07 15:52:17.222029

s882a7iz4rt >> Image Returned >> 2020-09-07 15:52:17.226246

s882a7iz4rt >> End >> 2020-09-07 15:52:17.376605

v2um4ucqr35 >> Start >> 2020-09-07 15:57:25.855207

v2um4ucqr35 >> Image Returned >> 2020-09-07 15:57:25.859302

v2um4ucqr35 >> End >> 2020-09-07 15:57:26.022649

gzzggxxiiq8 >> Start >> 2020-09-07 15:57:48.804667

gzzggxxiiq8 >> Image Returned >> 2020-09-07 15:57:48.808367

gzzggxxiiq8 >> End >> 2020-09-07 15:57:48.967194

7czatg5a5qf >> Start >> 2020-09-07 16:03:00.839438

7czatg5a5qf >> Image Returned >> 2020-09-07 16:03:00.843839

7czatg5a5qf >> End >> 2020-09-07 16:03:01.004235

k3j8ph266xo >> Start >> 2020-09-07 16:07:22.354422

k3j8ph266xo >> Image Returned >> 2020-09-07 16:07:22.358223

k3j8ph266xo >> End >> 2020-09-07 16:07:22.521833

j6sbbjgeq3n >> Start >> 2020-09-07 16:07:37.308962

j6sbbjgeq3n >> Image Returned >> 2020-09-07 16:07:37.312735

j6sbbjgeq3n >> End >> 2020-09-07 16:07:37.465682

ay4p7umy5qb >> Start >> 2020-09-07 16:07:37.668032

ay4p7umy5qb >> Image Returned >> 2020-09-07 16:07:37.668322

ay4p7umy5qb >> End >> 2020-09-07 16:07:37.819475

tup5uf7jjgm >> Start >> 2020-09-07 16:13:26.047302

tup5uf7jjgm >> Image Returned >> 2020-09-07 16:13:26.051085

tup5uf7jjgm >> End >> 2020-09-07 16:13:26.202244

deahap4054o >> Start >> 2020-09-07 16:14:51.205192

deahap4054o >> Image Returned >> 2020-09-07 16:14:51.209297

deahap4054o >> End >> 2020-09-07 16:14:51.361195

2utynk5jrjy >> Start >> 2020-09-07 16:21:59.835526

2utynk5jrjy >> Image Returned >> 2020-09-07 16:21:59.840643

2utynk5jrjy >> End >> 2020-09-07 16:21:59.998225

bk3vwjhj8f8 >> Start >> 2020-09-07 16:22:52.038491

bk3vwjhj8f8 >> Image Returned >> 2020-09-07 16:22:52.042155

bk3vwjhj8f8 >> End >> 2020-09-07 16:22:52.191086

w0rq6p3oehr >> Start >> 2020-09-07 16:27:18.143870

w0rq6p3oehr >> Image Returned >> 2020-09-07 16:27:18.147677

w0rq6p3oehr >> End >> 2020-09-07 16:27:18.301418

3ghwb0r6n7y >> Start >> 2020-09-07 16:28:28.709496

3ghwb0r6n7y >> Image Returned >> 2020-09-07 16:28:28.713625

3ghwb0r6n7y >> End >> 2020-09-07 16:28:28.875066

6vndkpb6jtv >> Start >> 2020-09-07 16:29:49.913435

6vndkpb6jtv >> Image Returned >> 2020-09-07 16:29:49.919080

6vndkpb6jtv >> End >> 2020-09-07 16:29:50.071008

nnzn6pcb7gu >> Start >> 2020-09-07 16:36:49.421741

nnzn6pcb7gu >> Image Returned >> 2020-09-07 16:36:49.426513

nnzn6pcb7gu >> End >> 2020-09-07 16:36:49.595160

zigwiwjq3jn >> Start >> 2020-09-07 16:37:34.092919

zigwiwjq3jn >> Image Returned >> 2020-09-07 16:37:34.096504

zigwiwjq3jn >> End >> 2020-09-07 16:37:34.249133

60dbfr5nyuf >> Start >> 2020-09-07 16:40:15.108033

60dbfr5nyuf >> Image Returned >> 2020-09-07 16:40:15.111867

60dbfr5nyuf >> End >> 2020-09-07 16:40:15.268347

5pwykc6reb4 >> Start >> 2020-09-07 16:44:01.662107

5pwykc6reb4 >> Image Returned >> 2020-09-07 16:44:01.666564

5pwykc6reb4 >> End >> 2020-09-07 16:44:01.824220

5t8sbgt3407 >> Start >> 2020-09-07 16:46:48.638271

5t8sbgt3407 >> Image Returned >> 2020-09-07 16:46:48.642158

5t8sbgt3407 >> End >> 2020-09-07 16:46:48.819067

mu7wawq68eg >> Start >> 2020-09-07 16:50:44.743436

mu7wawq68eg >> Image Returned >> 2020-09-07 16:50:44.749039

mu7wawq68eg >> End >> 2020-09-07 16:50:44.901591

wjh073jdg3d >> Start >> 2020-09-07 16:54:48.573194

wjh073jdg3d >> Image Returned >> 2020-09-07 16:54:48.579581

wjh073jdg3d >> End >> 2020-09-07 16:54:48.739346

cvbju76q02a >> Start >> 2020-09-07 16:57:24.173485

cvbju76q02a >> Image Returned >> 2020-09-07 16:57:24.179240

cvbju76q02a >> End >> 2020-09-07 16:57:24.334532

b6vfo7smfbm >> Start >> 2020-09-07 17:01:28.398396

b6vfo7smfbm >> Image Returned >> 2020-09-07 17:01:28.402407

b6vfo7smfbm >> End >> 2020-09-07 17:01:28.550057

6qzp2e60bro >> Start >> 2020-09-07 17:02:02.768857

6qzp2e60bro >> Image Returned >> 2020-09-07 17:02:02.773662

6qzp2e60bro >> End >> 2020-09-07 17:02:02.930028

anjp7by0y4s >> Start >> 2020-09-07 17:02:30.104024

anjp7by0y4s >> Image Returned >> 2020-09-07 17:02:30.107676

anjp7by0y4s >> End >> 2020-09-07 17:02:30.263362

i3j5uyxaymc >> Start >> 2020-09-07 17:11:19.397507

i3j5uyxaymc >> Image Returned >> 2020-09-07 17:11:19.401783

i3j5uyxaymc >> End >> 2020-09-07 17:11:19.566354

h2obs6bzows >> Start >> 2020-09-07 17:20:49.514739

h2obs6bzows >> Image Returned >> 2020-09-07 17:20:49.519325

h2obs6bzows >> End >> 2020-09-07 17:20:49.677067

np0bg7maqfj >> Start >> 2020-09-07 17:26:38.481065

np0bg7maqfj >> Image Returned >> 2020-09-07 17:26:38.486619

np0bg7maqfj >> End >> 2020-09-07 17:26:38.637808

apfpxrxcagp >> Start >> 2020-09-07 17:27:01.178661

apfpxrxcagp >> Image Returned >> 2020-09-07 17:27:01.182276

apfpxrxcagp >> End >> 2020-09-07 17:27:01.351814

wymmhvwtkf6 >> Start >> 2020-09-07 17:30:08.432712

wymmhvwtkf6 >> Image Returned >> 2020-09-07 17:30:08.436897

wymmhvwtkf6 >> End >> 2020-09-07 17:30:08.599690

gkhbmsfq8p0 >> Start >> 2020-09-07 17:36:00.706942

gkhbmsfq8p0 >> Image Returned >> 2020-09-07 17:36:00.711646

gkhbmsfq8p0 >> End >> 2020-09-07 17:36:00.875519

w6q43qpd3nu >> Start >> 2020-09-07 17:37:03.613425

w6q43qpd3nu >> Image Returned >> 2020-09-07 17:37:03.617728

w6q43qpd3nu >> End >> 2020-09-07 17:37:03.774552

ecsx7tiprii >> Start >> 2020-09-07 17:38:31.910548

ecsx7tiprii >> Image Returned >> 2020-09-07 17:38:31.914581

ecsx7tiprii >> End >> 2020-09-07 17:38:32.075367

efsph0emyzv >> Start >> 2020-09-07 17:40:45.516032

efsph0emyzv >> Image Returned >> 2020-09-07 17:40:45.520276

efsph0emyzv >> End >> 2020-09-07 17:40:45.674967

sz8jg7xnnvq >> Start >> 2020-09-07 17:40:52.739061

sz8jg7xnnvq >> Image Returned >> 2020-09-07 17:40:52.739449

sz8jg7xnnvq >> End >> 2020-09-07 17:40:52.904489

xg4iwzp28od >> Start >> 2020-09-07 17:42:02.647480

xg4iwzp28od >> Image Returned >> 2020-09-07 17:42:02.652471

xg4iwzp28od >> End >> 2020-09-07 17:42:02.833022

setprbevit8 >> Start >> 2020-09-07 17:42:29.076288

setprbevit8 >> Image Returned >> 2020-09-07 17:42:29.079957

setprbevit8 >> End >> 2020-09-07 17:42:29.228190

y7t3zhgcdum >> Start >> 2020-09-07 17:42:47.186533

y7t3zhgcdum >> Image Returned >> 2020-09-07 17:42:47.190223

y7t3zhgcdum >> End >> 2020-09-07 17:42:47.335840

qusa3gt03fg >> Start >> 2020-09-07 17:43:17.702058

qusa3gt03fg >> Image Returned >> 2020-09-07 17:43:17.706121

qusa3gt03fg >> End >> 2020-09-07 17:43:17.868490

r3ugz0gm5jw >> Start >> 2020-09-07 17:45:29.780368

r3ugz0gm5jw >> Image Returned >> 2020-09-07 17:45:29.785307

r3ugz0gm5jw >> End >> 2020-09-07 17:45:29.933412

0u86sa0qfj5 >> Start >> 2020-09-07 17:47:38.613159

0u86sa0qfj5 >> Image Returned >> 2020-09-07 17:47:38.618313

0u86sa0qfj5 >> End >> 2020-09-07 17:47:38.774529

q7ebobb437p >> Start >> 2020-09-07 17:48:27.533754

q7ebobb437p >> Image Returned >> 2020-09-07 17:48:27.538866

q7ebobb437p >> End >> 2020-09-07 17:48:27.704148

oo3pjsz5dau >> Start >> 2020-09-07 17:49:06.425348

oo3pjsz5dau >> Image Returned >> 2020-09-07 17:49:06.429776

oo3pjsz5dau >> End >> 2020-09-07 17:49:06.593310

gsgvvuyxwip >> Start >> 2020-09-07 17:52:55.703794

gsgvvuyxwip >> Image Returned >> 2020-09-07 17:52:55.707452

gsgvvuyxwip >> End >> 2020-09-07 17:52:55.863575

okrep23xxpc >> Start >> 2020-09-07 17:53:32.636615

okrep23xxpc >> Image Returned >> 2020-09-07 17:53:32.641372

okrep23xxpc >> End >> 2020-09-07 17:53:32.804282

cxrsqjbx5kg >> Start >> 2020-09-07 17:55:42.846128

cxrsqjbx5kg >> Image Returned >> 2020-09-07 17:55:42.850771

cxrsqjbx5kg >> End >> 2020-09-07 17:55:43.003499

rd6m77nvfzq >> Start >> 2020-09-07 17:56:53.452373

rd6m77nvfzq >> Image Returned >> 2020-09-07 17:56:53.456401

rd6m77nvfzq >> End >> 2020-09-07 17:56:53.616698

wk0mb0he602 >> Start >> 2020-09-07 17:57:10.368868

wk0mb0he602 >> Image Returned >> 2020-09-07 17:57:10.373023

wk0mb0he602 >> End >> 2020-09-07 17:57:10.534904

mfdfzoxsohc >> Start >> 2020-09-07 17:57:32.387819

mfdfzoxsohc >> Image Returned >> 2020-09-07 17:57:32.391611

mfdfzoxsohc >> End >> 2020-09-07 17:57:32.568233

b6yanrxvhqs >> Start >> 2020-09-07 18:02:36.344623

b6yanrxvhqs >> Image Returned >> 2020-09-07 18:02:36.348587

b6yanrxvhqs >> End >> 2020-09-07 18:02:36.480143

kkdkguwshoy >> Start >> 2020-09-07 18:03:41.134334

kkdkguwshoy >> Image Returned >> 2020-09-07 18:03:41.138026

kkdkguwshoy >> End >> 2020-09-07 18:03:41.295057

4ekrxt8soqx >> Start >> 2020-09-07 18:04:06.629096

4ekrxt8soqx >> Image Returned >> 2020-09-07 18:04:06.633239

4ekrxt8soqx >> End >> 2020-09-07 18:04:06.794770

m0nph5gviho >> Start >> 2020-09-07 18:08:51.198503

m0nph5gviho >> Image Returned >> 2020-09-07 18:08:51.203345

m0nph5gviho >> End >> 2020-09-07 18:08:51.355376

zz8rosx2pti >> Start >> 2020-09-07 18:10:38.026751

zz8rosx2pti >> Image Returned >> 2020-09-07 18:10:38.031582

zz8rosx2pti >> End >> 2020-09-07 18:10:38.185462

4amnua6b583 >> Start >> 2020-09-07 18:10:45.925534

4amnua6b583 >> Image Returned >> 2020-09-07 18:10:45.925827

4amnua6b583 >> End >> 2020-09-07 18:10:46.077076

83swc6dtmyq >> Start >> 2020-09-07 18:18:14.747993

83swc6dtmyq >> Image Returned >> 2020-09-07 18:18:14.752768

83swc6dtmyq >> End >> 2020-09-07 18:18:14.914599

7monohviiva >> Start >> 2020-09-07 18:19:57.724720

7monohviiva >> Image Returned >> 2020-09-07 18:19:57.729182

7monohviiva >> End >> 2020-09-07 18:19:57.874851

h23ysfe2o5w >> Start >> 2020-09-07 18:20:35.113028

h23ysfe2o5w >> Image Returned >> 2020-09-07 18:20:35.117268

h23ysfe2o5w >> End >> 2020-09-07 18:20:35.271184

qgtkzr07zst >> Start >> 2020-09-07 18:20:48.374597

qgtkzr07zst >> Image Returned >> 2020-09-07 18:20:48.378495

qgtkzr07zst >> End >> 2020-09-07 18:20:48.536334

ynn5xhuhr24 >> Start >> 2020-09-07 18:20:50.483402

ynn5xhuhr24 >> Image Returned >> 2020-09-07 18:20:50.483700

ynn5xhuhr24 >> End >> 2020-09-07 18:20:50.637450

d83gmw30z7b >> Start >> 2020-09-07 18:26:09.258486

d83gmw30z7b >> Image Returned >> 2020-09-07 18:26:09.263535

d83gmw30z7b >> End >> 2020-09-07 18:26:09.416853

xa07fa5hzkt >> Start >> 2020-09-07 18:33:49.401937

xa07fa5hzkt >> Image Returned >> 2020-09-07 18:33:49.405601

xa07fa5hzkt >> End >> 2020-09-07 18:33:49.562153

2iuqhrw3r2q >> Start >> 2020-09-07 18:36:48.769279

2iuqhrw3r2q >> Image Returned >> 2020-09-07 18:36:48.773962

2iuqhrw3r2q >> End >> 2020-09-07 18:36:48.923146

dh0qkzouaut >> Start >> 2020-09-07 18:39:57.173490

dh0qkzouaut >> Image Returned >> 2020-09-07 18:39:57.178639

dh0qkzouaut >> End >> 2020-09-07 18:39:57.338437

ynzdyb25rug >> Start >> 2020-09-07 18:40:42.397231

ynzdyb25rug >> Image Returned >> 2020-09-07 18:40:42.401346

ynzdyb25rug >> End >> 2020-09-07 18:40:42.554644

kq2t7nzq0e4 >> Start >> 2020-09-07 18:41:02.042965

kq2t7nzq0e4 >> Image Returned >> 2020-09-07 18:41:02.046603

kq2t7nzq0e4 >> End >> 2020-09-07 18:41:02.199455

vws77d7njk4 >> Start >> 2020-09-07 18:41:22.385423

vws77d7njk4 >> Image Returned >> 2020-09-07 18:41:22.390235

vws77d7njk4 >> End >> 2020-09-07 18:41:22.543962

nfe5bzuibu3 >> Start >> 2020-09-07 18:44:26.128092

nfe5bzuibu3 >> Image Returned >> 2020-09-07 18:44:26.131831

nfe5bzuibu3 >> End >> 2020-09-07 18:44:26.284446

wnrd5hnr4mq >> Start >> 2020-09-07 18:52:34.621259

wnrd5hnr4mq >> Image Returned >> 2020-09-07 18:52:34.629842

wnrd5hnr4mq >> End >> 2020-09-07 18:52:34.756340

qhxpgxgu4ub >> Start >> 2020-09-07 18:54:38.768589

qhxpgxgu4ub >> Image Returned >> 2020-09-07 18:54:38.773075

qhxpgxgu4ub >> End >> 2020-09-07 18:54:38.931246

o8ki4nxtk6c >> Start >> 2020-09-07 18:57:16.717200

o8ki4nxtk6c >> Image Returned >> 2020-09-07 18:57:16.722534

o8ki4nxtk6c >> End >> 2020-09-07 18:57:16.886864

jpfd60si8wp >> Start >> 2020-09-07 19:00:38.156858

jpfd60si8wp >> Image Returned >> 2020-09-07 19:00:38.161324

jpfd60si8wp >> End >> 2020-09-07 19:00:38.323677

yjpinxozgqa >> Start >> 2020-09-07 19:01:47.576407

yjpinxozgqa >> Image Returned >> 2020-09-07 19:01:47.580426

yjpinxozgqa >> End >> 2020-09-07 19:01:47.730030

xi2wrcd8xut >> Start >> 2020-09-07 19:05:28.047328

xi2wrcd8xut >> Image Returned >> 2020-09-07 19:05:28.051506

xi2wrcd8xut >> End >> 2020-09-07 19:05:28.200300

qv0jzqo8r7c >> Start >> 2020-09-07 19:09:48.637273

qv0jzqo8r7c >> Image Returned >> 2020-09-07 19:09:48.642383

qv0jzqo8r7c >> End >> 2020-09-07 19:09:48.796672

gqbqnmdsvw7 >> Start >> 2020-09-07 19:11:01.163315

gqbqnmdsvw7 >> Image Returned >> 2020-09-07 19:11:01.167604

gqbqnmdsvw7 >> End >> 2020-09-07 19:11:01.328039

qrrube4pujq >> Start >> 2020-09-07 19:12:07.854899

qrrube4pujq >> Image Returned >> 2020-09-07 19:12:07.859606

qrrube4pujq >> End >> 2020-09-07 19:12:08.013441

hgmyosdyaow >> Start >> 2020-09-07 19:17:09.812503

hgmyosdyaow >> Image Returned >> 2020-09-07 19:17:09.817293

hgmyosdyaow >> End >> 2020-09-07 19:17:09.971414

ohuf3d34vtu >> Start >> 2020-09-07 19:17:49.806643

ohuf3d34vtu >> Image Returned >> 2020-09-07 19:17:49.812134

ohuf3d34vtu >> End >> 2020-09-07 19:17:49.965403

x5hh02xwgg8 >> Start >> 2020-09-07 19:23:33.976700

x5hh02xwgg8 >> Image Returned >> 2020-09-07 19:23:33.982664

x5hh02xwgg8 >> End >> 2020-09-07 19:23:34.139245

4y8vf5kt86g >> Start >> 2020-09-07 19:26:03.236609

4y8vf5kt86g >> Image Returned >> 2020-09-07 19:26:03.241144

4y8vf5kt86g >> End >> 2020-09-07 19:26:03.405033

c5q0dm5eoc6 >> Start >> 2020-09-07 19:30:11.585376

c5q0dm5eoc6 >> Image Returned >> 2020-09-07 19:30:11.589562

c5q0dm5eoc6 >> End >> 2020-09-07 19:30:11.745619

fo7pzedbprp >> Start >> 2020-09-07 19:30:40.241411

fo7pzedbprp >> Image Returned >> 2020-09-07 19:30:40.245111

fo7pzedbprp >> End >> 2020-09-07 19:30:40.401560

h3ivd2raaqq >> Start >> 2020-09-07 19:35:01.883405

h3ivd2raaqq >> Image Returned >> 2020-09-07 19:35:01.887546

h3ivd2raaqq >> End >> 2020-09-07 19:35:02.044518

qtaogtrwmhy >> Start >> 2020-09-07 19:35:36.100759

qtaogtrwmhy >> Image Returned >> 2020-09-07 19:35:36.105047

qtaogtrwmhy >> End >> 2020-09-07 19:35:36.264858

u5xeye0pjka >> Start >> 2020-09-07 19:42:10.455986

u5xeye0pjka >> Image Returned >> 2020-09-07 19:42:10.461056

u5xeye0pjka >> End >> 2020-09-07 19:42:10.614420

28yeqf6gixf >> Start >> 2020-09-07 19:47:13.883114

28yeqf6gixf >> Image Returned >> 2020-09-07 19:47:13.887784

28yeqf6gixf >> End >> 2020-09-07 19:47:14.036336

a8getqqyf4p >> Start >> 2020-09-07 19:50:08.362469

a8getqqyf4p >> Image Returned >> 2020-09-07 19:50:08.368159

a8getqqyf4p >> End >> 2020-09-07 19:50:08.522749

wzhspuph3j7 >> Start >> 2020-09-07 20:04:10.707698

wzhspuph3j7 >> Image Returned >> 2020-09-07 20:04:10.712606

wzhspuph3j7 >> End >> 2020-09-07 20:04:10.870835

es65sdifzva >> Start >> 2020-09-07 20:07:08.640949

es65sdifzva >> Image Returned >> 2020-09-07 20:07:08.644956

es65sdifzva >> End >> 2020-09-07 20:07:08.803061

sy54bzptjvk >> Start >> 2020-09-07 20:07:48.047071

sy54bzptjvk >> Image Returned >> 2020-09-07 20:07:48.050817

sy54bzptjvk >> End >> 2020-09-07 20:07:48.205308

bztgxi0dqay >> Start >> 2020-09-07 20:08:19.349276

bztgxi0dqay >> Image Returned >> 2020-09-07 20:08:19.353657

bztgxi0dqay >> End >> 2020-09-07 20:08:19.517247

nxnv64nah4a >> Start >> 2020-09-07 20:08:20.763343

nxnv64nah4a >> Image Returned >> 2020-09-07 20:08:20.763633

nxnv64nah4a >> End >> 2020-09-07 20:08:20.933866

vbgt7b0tq6m >> Start >> 2020-09-07 20:08:21.303097

vbgt7b0tq6m >> Image Returned >> 2020-09-07 20:08:21.303389

vbgt7b0tq6m >> End >> 2020-09-07 20:08:21.464867

cxiwigneykv >> Start >> 2020-09-07 20:08:51.515507

cxiwigneykv >> Image Returned >> 2020-09-07 20:08:51.519130

cxiwigneykv >> End >> 2020-09-07 20:08:51.674971

udi5wcownmc >> Start >> 2020-09-07 20:17:17.595323

udi5wcownmc >> Image Returned >> 2020-09-07 20:17:17.600312

udi5wcownmc >> End >> 2020-09-07 20:17:17.759306

gchagzy6okd >> Start >> 2020-09-07 20:17:47.568949

gchagzy6okd >> Image Returned >> 2020-09-07 20:17:47.572747

gchagzy6okd >> End >> 2020-09-07 20:17:47.740992

dx26cba2bus >> Start >> 2020-09-07 20:32:22.675651

dx26cba2bus >> Image Returned >> 2020-09-07 20:32:22.680382

dx26cba2bus >> End >> 2020-09-07 20:32:22.828234

f8ex4mzyjbp >> Start >> 2020-09-07 20:32:38.482507

f8ex4mzyjbp >> Image Returned >> 2020-09-07 20:32:38.486813

f8ex4mzyjbp >> End >> 2020-09-07 20:32:38.645864

wvrfd6ooyyc >> Start >> 2020-09-07 20:35:42.260008

wvrfd6ooyyc >> Image Returned >> 2020-09-07 20:35:42.264952

wvrfd6ooyyc >> End >> 2020-09-07 20:35:42.414408

68axtpmxx6w >> Start >> 2020-09-07 20:38:15.697035

68axtpmxx6w >> Image Returned >> 2020-09-07 20:38:15.701441

68axtpmxx6w >> End >> 2020-09-07 20:38:15.868036

n67nqazm53s >> Start >> 2020-09-07 20:46:48.687932

n67nqazm53s >> Image Returned >> 2020-09-07 20:46:48.692568

n67nqazm53s >> End >> 2020-09-07 20:46:48.851759

qcxbozv05b3 >> Start >> 2020-09-07 20:49:39.595300

qcxbozv05b3 >> Image Returned >> 2020-09-07 20:49:39.600539

qcxbozv05b3 >> End >> 2020-09-07 20:49:39.755702

k2wdrph54jr >> Start >> 2020-09-07 20:53:27.220544

k2wdrph54jr >> Image Returned >> 2020-09-07 20:53:27.225455

k2wdrph54jr >> End >> 2020-09-07 20:53:27.380076

zjkzkxjweg2 >> Start >> 2020-09-07 20:53:56.158610

zjkzkxjweg2 >> Image Returned >> 2020-09-07 20:53:56.162403

zjkzkxjweg2 >> End >> 2020-09-07 20:53:56.309747

c0hf24b4x48 >> Start >> 2020-09-07 20:54:21.515122

c0hf24b4x48 >> Image Returned >> 2020-09-07 20:54:21.520077

c0hf24b4x48 >> End >> 2020-09-07 20:54:21.685599

tpeqf5hjvhq >> Start >> 2020-09-07 20:54:27.528223

tpeqf5hjvhq >> Image Returned >> 2020-09-07 20:54:27.528537

tpeqf5hjvhq >> End >> 2020-09-07 20:54:27.690731

jfpnah7ugvc >> Start >> 2020-09-07 20:54:42.871576

jfpnah7ugvc >> Image Returned >> 2020-09-07 20:54:42.875340

jfpnah7ugvc >> End >> 2020-09-07 20:54:43.038494

4v3hr0h0er0 >> Start >> 2020-09-07 21:05:49.220808

4v3hr0h0er0 >> Image Returned >> 2020-09-07 21:05:49.227029

4v3hr0h0er0 >> End >> 2020-09-07 21:05:49.375389

csjtd2ej3my >> Start >> 2020-09-07 21:10:53.847786

csjtd2ej3my >> Image Returned >> 2020-09-07 21:10:53.851994

csjtd2ej3my >> End >> 2020-09-07 21:10:54.008404

sn7r5ykd83b >> Start >> 2020-09-07 21:11:08.676342

sn7r5ykd83b >> Image Returned >> 2020-09-07 21:11:08.680286

sn7r5ykd83b >> End >> 2020-09-07 21:11:08.886203

3i6xtvn7qko >> Start >> 2020-09-07 21:12:16.501599

3i6xtvn7qko >> Image Returned >> 2020-09-07 21:12:16.506411

3i6xtvn7qko >> End >> 2020-09-07 21:12:16.655544

riodod7i6xr >> Start >> 2020-09-07 21:15:17.350797

riodod7i6xr >> Image Returned >> 2020-09-07 21:15:17.355799

riodod7i6xr >> End >> 2020-09-07 21:15:17.507869

om84h4nqzce >> Start >> 2020-09-07 21:20:46.257384

om84h4nqzce >> Image Returned >> 2020-09-07 21:20:46.261106

om84h4nqzce >> End >> 2020-09-07 21:20:46.425770

astxeu8uurr >> Start >> 2020-09-07 21:26:41.623775

astxeu8uurr >> Image Returned >> 2020-09-07 21:26:41.628170

astxeu8uurr >> End >> 2020-09-07 21:26:41.780795

306m2n885w0 >> Start >> 2020-09-07 21:27:49.707320

306m2n885w0 >> Image Returned >> 2020-09-07 21:27:49.711419

306m2n885w0 >> End >> 2020-09-07 21:27:49.865304

kd7qojzjbd4 >> Start >> 2020-09-07 21:37:02.777215

kd7qojzjbd4 >> Image Returned >> 2020-09-07 21:37:02.782161

kd7qojzjbd4 >> End >> 2020-09-07 21:37:02.946634

bydh2t5cjdv >> Start >> 2020-09-07 21:41:43.917145

bydh2t5cjdv >> Image Returned >> 2020-09-07 21:41:43.923253

bydh2t5cjdv >> End >> 2020-09-07 21:41:44.094623

ivqc5x7ieex >> Start >> 2020-09-07 21:50:46.243711

ivqc5x7ieex >> Image Returned >> 2020-09-07 21:50:46.247602

ivqc5x7ieex >> End >> 2020-09-07 21:50:46.423363

sgswbmq6n2p >> Start >> 2020-09-07 21:51:00.758466

sgswbmq6n2p >> Image Returned >> 2020-09-07 21:51:00.762135

sgswbmq6n2p >> End >> 2020-09-07 21:51:00.919868

tq05k560smc >> Start >> 2020-09-07 21:53:26.399718

tq05k560smc >> Image Returned >> 2020-09-07 21:53:26.406416

tq05k560smc >> End >> 2020-09-07 21:53:26.569106

f26i6sux0nm >> Start >> 2020-09-07 21:56:40.326139

f26i6sux0nm >> Image Returned >> 2020-09-07 21:56:40.332210

f26i6sux0nm >> End >> 2020-09-07 21:56:40.486947

xpvwke3pqu7 >> Start >> 2020-09-07 21:56:55.541296

xpvwke3pqu7 >> Image Returned >> 2020-09-07 21:56:55.545094

xpvwke3pqu7 >> End >> 2020-09-07 21:56:55.671653

swv2ouvnp6t >> Start >> 2020-09-07 21:57:12.216867

swv2ouvnp6t >> Image Returned >> 2020-09-07 21:57:12.220597

swv2ouvnp6t >> End >> 2020-09-07 21:57:12.371731

ipb3esrohmm >> Start >> 2020-09-07 21:59:19.345551

ipb3esrohmm >> Image Returned >> 2020-09-07 21:59:19.350779

ipb3esrohmm >> End >> 2020-09-07 21:59:19.509222

wq8ug4f68kn >> Start >> 2020-09-07 22:10:30.306257

wq8ug4f68kn >> Image Returned >> 2020-09-07 22:10:30.311254

wq8ug4f68kn >> End >> 2020-09-07 22:10:30.442713

v2yve5g4q6d >> Start >> 2020-09-07 22:18:27.610184

v2yve5g4q6d >> Image Returned >> 2020-09-07 22:18:27.615899

v2yve5g4q6d >> End >> 2020-09-07 22:18:27.770733

uhf3mohm5ug >> Start >> 2020-09-07 22:28:27.578222

uhf3mohm5ug >> Image Returned >> 2020-09-07 22:28:27.584008

uhf3mohm5ug >> End >> 2020-09-07 22:28:27.736669

dqyf337f8qn >> Start >> 2020-09-07 22:45:12.650120

dqyf337f8qn >> Image Returned >> 2020-09-07 22:45:12.655942

dqyf337f8qn >> End >> 2020-09-07 22:45:12.837229

3zrxeouogf2 >> Start >> 2020-09-07 22:45:30.509277

3zrxeouogf2 >> Image Returned >> 2020-09-07 22:45:30.513544

3zrxeouogf2 >> End >> 2020-09-07 22:45:30.673763

22ti3rmqh8v >> Start >> 2020-09-07 22:48:12.719974

22ti3rmqh8v >> Image Returned >> 2020-09-07 22:48:12.723728

22ti3rmqh8v >> End >> 2020-09-07 22:48:12.877474

uyyixs0o355 >> Start >> 2020-09-07 22:51:08.477776

uyyixs0o355 >> Image Returned >> 2020-09-07 22:51:08.482171

uyyixs0o355 >> End >> 2020-09-07 22:51:08.637074

xf6ky8vg6su >> Start >> 2020-09-07 23:01:16.565980

xf6ky8vg6su >> Image Returned >> 2020-09-07 23:01:16.570519

xf6ky8vg6su >> End >> 2020-09-07 23:01:16.697328

dc7pmkkyt76 >> Start >> 2020-09-07 23:08:40.118236

dc7pmkkyt76 >> Image Returned >> 2020-09-07 23:08:40.123631

dc7pmkkyt76 >> End >> 2020-09-07 23:08:40.286247

u8odh53yex6 >> Start >> 2020-09-07 23:11:05.830858

u8odh53yex6 >> Image Returned >> 2020-09-07 23:11:05.835899

u8odh53yex6 >> End >> 2020-09-07 23:11:05.997931

4b3i470mhqk >> Start >> 2020-09-07 23:17:48.009713

4b3i470mhqk >> Image Returned >> 2020-09-07 23:17:48.014578

4b3i470mhqk >> End >> 2020-09-07 23:17:48.165525

ittc3oa3ktr >> Start >> 2020-09-07 23:18:11.790591

ittc3oa3ktr >> Image Returned >> 2020-09-07 23:18:11.794362

ittc3oa3ktr >> End >> 2020-09-07 23:18:11.946199

5b20oz0mwwc >> Start >> 2020-09-07 23:24:07.784188

5b20oz0mwwc >> Image Returned >> 2020-09-07 23:24:07.787930

5b20oz0mwwc >> End >> 2020-09-07 23:24:07.943578

2wyq7ggvdqf >> Start >> 2020-09-07 23:25:56.517561

2wyq7ggvdqf >> Image Returned >> 2020-09-07 23:25:56.521933

2wyq7ggvdqf >> End >> 2020-09-07 23:25:56.673299

brymdubzhfp >> Start >> 2020-09-07 23:27:30.612091

brymdubzhfp >> Image Returned >> 2020-09-07 23:27:30.615835

brymdubzhfp >> End >> 2020-09-07 23:27:30.767045

i5jbg3c6ymi >> Start >> 2020-09-07 23:42:09.881462

i5jbg3c6ymi >> Image Returned >> 2020-09-07 23:42:09.887285

i5jbg3c6ymi >> End >> 2020-09-07 23:42:10.045137

j0eutkousbj >> Start >> 2020-09-07 23:43:14.179343

j0eutkousbj >> Image Returned >> 2020-09-07 23:43:14.183094

j0eutkousbj >> End >> 2020-09-07 23:43:14.327236

w4ivg86chs0 >> Start >> 2020-09-07 23:47:19.687051

w4ivg86chs0 >> Image Returned >> 2020-09-07 23:47:19.692667

w4ivg86chs0 >> End >> 2020-09-07 23:47:19.844680

d47iqpan5n3 >> Start >> 2020-09-07 23:50:01.897974

d47iqpan5n3 >> Image Returned >> 2020-09-07 23:50:01.903040

d47iqpan5n3 >> End >> 2020-09-07 23:50:02.065581

2b87x6v0zqt >> Start >> 2020-09-07 23:51:18.519172

2b87x6v0zqt >> Image Returned >> 2020-09-07 23:51:18.523626

2b87x6v0zqt >> End >> 2020-09-07 23:51:18.681004

fpgsk5mx0du >> Start >> 2020-09-07 23:57:43.742296

fpgsk5mx0du >> Image Returned >> 2020-09-07 23:57:43.748523

fpgsk5mx0du >> End >> 2020-09-07 23:57:43.898680

ifm8mwj08or >> Start >> 2020-09-07 23:58:23.563859

ifm8mwj08or >> Image Returned >> 2020-09-07 23:58:23.568185

ifm8mwj08or >> End >> 2020-09-07 23:58:23.726949

