7t5urkjtkwg >> Start >> 2020-08-29 00:02:23.490782

7t5urkjtkwg >> Image Returned >> 2020-08-29 00:02:23.495903

7t5urkjtkwg >> End >> 2020-08-29 00:02:23.636935

mye6qpqctrj >> Start >> 2020-08-29 00:02:49.349044

mye6qpqctrj >> Image Returned >> 2020-08-29 00:02:49.352319

mye6qpqctrj >> End >> 2020-08-29 00:02:49.505727

2s260trfk86 >> Start >> 2020-08-29 00:30:42.340445

2s260trfk86 >> Image Returned >> 2020-08-29 00:30:42.344790

2s260trfk86 >> End >> 2020-08-29 00:30:42.522003

5mcau7pjhw5 >> Start >> 2020-08-29 00:52:47.107387

5mcau7pjhw5 >> Image Returned >> 2020-08-29 00:52:47.111545

5mcau7pjhw5 >> End >> 2020-08-29 00:52:47.252969

ngdpchikbz2 >> Start >> 2020-08-29 01:07:18.936610

ngdpchikbz2 >> Image Returned >> 2020-08-29 01:07:18.942029

ngdpchikbz2 >> End >> 2020-08-29 01:07:19.086769

khc5v4tktad >> Start >> 2020-08-29 01:30:08.705456

khc5v4tktad >> Image Returned >> 2020-08-29 01:30:08.710115

khc5v4tktad >> End >> 2020-08-29 01:30:08.853996

bhz8aa3hdsd >> Start >> 2020-08-29 01:31:01.952334

bhz8aa3hdsd >> Image Returned >> 2020-08-29 01:31:01.955826

bhz8aa3hdsd >> End >> 2020-08-29 01:31:02.103533

xgwzynsxwn6 >> Start >> 2020-08-29 01:35:32.252362

xgwzynsxwn6 >> Image Returned >> 2020-08-29 01:35:32.255973

xgwzynsxwn6 >> End >> 2020-08-29 01:35:32.403892

cxkh72egjfx >> Start >> 2020-08-29 02:10:35.831711

cxkh72egjfx >> Image Returned >> 2020-08-29 02:10:35.835249

cxkh72egjfx >> End >> 2020-08-29 02:10:35.996999

7iozrka4zw3 >> Start >> 2020-08-29 02:16:02.478573

7iozrka4zw3 >> Image Returned >> 2020-08-29 02:16:02.481821

7iozrka4zw3 >> End >> 2020-08-29 02:16:02.642941

gr06jochzxf >> Start >> 2020-08-29 02:28:08.331772

gr06jochzxf >> Image Returned >> 2020-08-29 02:28:08.335110

gr06jochzxf >> End >> 2020-08-29 02:28:08.480377

v7iopb54fkj >> Start >> 2020-08-29 02:41:27.471441

v7iopb54fkj >> Image Returned >> 2020-08-29 02:41:27.475233

v7iopb54fkj >> End >> 2020-08-29 02:41:27.682893

md0g26g686p >> Start >> 2020-08-29 03:13:53.627644

md0g26g686p >> Image Returned >> 2020-08-29 03:13:53.630403

md0g26g686p >> End >> 2020-08-29 03:13:53.778309

2g4u8azs06j >> Start >> 2020-08-29 03:28:10.152483

2g4u8azs06j >> Image Returned >> 2020-08-29 03:28:10.155289

2g4u8azs06j >> End >> 2020-08-29 03:28:10.320852

r8kd7xt60sj >> Start >> 2020-08-29 03:46:30.862453

r8kd7xt60sj >> Image Returned >> 2020-08-29 03:46:30.865427

r8kd7xt60sj >> End >> 2020-08-29 03:46:31.072601

ocjkbe5r7ha >> Start >> 2020-08-29 03:55:01.205713

ocjkbe5r7ha >> Image Returned >> 2020-08-29 03:55:01.208666

ocjkbe5r7ha >> End >> 2020-08-29 03:55:01.350486

om4k8c6xxpe >> Start >> 2020-08-29 04:27:35.099113

om4k8c6xxpe >> Image Returned >> 2020-08-29 04:27:35.102070

om4k8c6xxpe >> End >> 2020-08-29 04:27:35.243814

dqrgaepoogh >> Start >> 2020-08-29 04:56:14.035449

dqrgaepoogh >> Image Returned >> 2020-08-29 04:56:14.038655

dqrgaepoogh >> End >> 2020-08-29 04:56:14.176834

djdwuyx3fvw >> Start >> 2020-08-29 04:57:16.537744

djdwuyx3fvw >> Image Returned >> 2020-08-29 04:57:16.540702

djdwuyx3fvw >> End >> 2020-08-29 04:57:16.700283

n8z5y5r5jxi >> Start >> 2020-08-29 05:13:00.669898

n8z5y5r5jxi >> Image Returned >> 2020-08-29 05:13:00.672764

n8z5y5r5jxi >> End >> 2020-08-29 05:13:00.813653

gxytyghhyq5 >> Start >> 2020-08-29 05:19:16.469402

gxytyghhyq5 >> Image Returned >> 2020-08-29 05:19:16.472512

gxytyghhyq5 >> End >> 2020-08-29 05:19:16.614033

f0tewxqo65d >> Start >> 2020-08-29 05:39:12.976316

f0tewxqo65d >> Image Returned >> 2020-08-29 05:39:12.979532

f0tewxqo65d >> End >> 2020-08-29 05:39:13.158312

265fcumq6oj >> Start >> 2020-08-29 06:08:28.497126

265fcumq6oj >> Image Returned >> 2020-08-29 06:08:28.500634

265fcumq6oj >> End >> 2020-08-29 06:08:28.642899

cpvupkopcpq >> Start >> 2020-08-29 06:33:36.883508

cpvupkopcpq >> Image Returned >> 2020-08-29 06:33:36.887172

cpvupkopcpq >> End >> 2020-08-29 06:33:37.032326

zpn8zqjpym3 >> Start >> 2020-08-29 06:33:44.163793

zpn8zqjpym3 >> Image Returned >> 2020-08-29 06:33:44.164102

zpn8zqjpym3 >> End >> 2020-08-29 06:33:44.310121

hpb7znys4o3 >> Start >> 2020-08-29 06:48:14.225708

hpb7znys4o3 >> Image Returned >> 2020-08-29 06:48:14.228702

hpb7znys4o3 >> End >> 2020-08-29 06:48:14.372669

qxah0y6bcdo >> Start >> 2020-08-29 06:48:44.271212

qxah0y6bcdo >> Image Returned >> 2020-08-29 06:48:44.274337

qxah0y6bcdo >> End >> 2020-08-29 06:48:44.415642

w0kntwedrp6 >> Start >> 2020-08-29 06:48:58.970721

w0kntwedrp6 >> Image Returned >> 2020-08-29 06:48:58.974766

w0kntwedrp6 >> End >> 2020-08-29 06:48:59.113552

hkgdeq7qpup >> Start >> 2020-08-29 07:14:58.508584

hkgdeq7qpup >> Image Returned >> 2020-08-29 07:14:58.512070

hkgdeq7qpup >> End >> 2020-08-29 07:14:58.659543

tpkq5gqxtqm >> Start >> 2020-08-29 07:21:05.106825

tpkq5gqxtqm >> Image Returned >> 2020-08-29 07:21:05.109905

tpkq5gqxtqm >> End >> 2020-08-29 07:21:05.253084

dvt5jgbbjv8 >> Start >> 2020-08-29 07:31:19.855740

dvt5jgbbjv8 >> Image Returned >> 2020-08-29 07:31:19.858643

dvt5jgbbjv8 >> End >> 2020-08-29 07:31:20.005794

pybsagbsf02 >> Start >> 2020-08-29 07:42:06.491085

pybsagbsf02 >> Image Returned >> 2020-08-29 07:42:06.494210

pybsagbsf02 >> End >> 2020-08-29 07:42:06.646040

w3c5ci46chx >> Start >> 2020-08-29 07:43:37.143168

w3c5ci46chx >> Image Returned >> 2020-08-29 07:43:37.147267

w3c5ci46chx >> End >> 2020-08-29 07:43:37.295789

5vebcryf56x >> Start >> 2020-08-29 07:47:33.757922

5vebcryf56x >> Image Returned >> 2020-08-29 07:47:33.761106

5vebcryf56x >> End >> 2020-08-29 07:47:33.904179

gns0sgcc8rb >> Start >> 2020-08-29 07:56:18.942090

gns0sgcc8rb >> Image Returned >> 2020-08-29 07:56:18.945760

gns0sgcc8rb >> End >> 2020-08-29 07:56:19.087840

aqyvzmdvrdt >> Start >> 2020-08-29 07:57:52.445265

aqyvzmdvrdt >> Image Returned >> 2020-08-29 07:57:52.448462

aqyvzmdvrdt >> End >> 2020-08-29 07:57:52.591972

x7bpg0gvke0 >> Start >> 2020-08-29 08:00:21.066909

x7bpg0gvke0 >> Image Returned >> 2020-08-29 08:00:21.069832

x7bpg0gvke0 >> End >> 2020-08-29 08:00:21.218441

238rcwx767e >> Start >> 2020-08-29 08:04:24.304574

238rcwx767e >> Image Returned >> 2020-08-29 08:04:24.307972

238rcwx767e >> End >> 2020-08-29 08:04:24.455622

kwmi6zq4hns >> Start >> 2020-08-29 08:08:49.015136

kwmi6zq4hns >> Image Returned >> 2020-08-29 08:08:49.018721

kwmi6zq4hns >> End >> 2020-08-29 08:08:49.186157

4jzrs24o03x >> Start >> 2020-08-29 08:09:15.977063

4jzrs24o03x >> Image Returned >> 2020-08-29 08:09:15.980058

4jzrs24o03x >> End >> 2020-08-29 08:09:16.131685

5rnqi8uqoks >> Start >> 2020-08-29 08:16:54.033663

5rnqi8uqoks >> Image Returned >> 2020-08-29 08:16:54.034091

5rnqi8uqoks >> End >> 2020-08-29 08:16:54.182681

8j3r8tvdvhm >> Start >> 2020-08-29 08:22:25.136573

8j3r8tvdvhm >> Image Returned >> 2020-08-29 08:22:25.139815

8j3r8tvdvhm >> End >> 2020-08-29 08:22:25.297480

eue6adt58rz >> Start >> 2020-08-29 08:28:16.311613

eue6adt58rz >> Image Returned >> 2020-08-29 08:28:16.316209

eue6adt58rz >> End >> 2020-08-29 08:28:16.486768

oigssnpjcc2 >> Start >> 2020-08-29 08:28:17.459919

oigssnpjcc2 >> Image Returned >> 2020-08-29 08:28:17.460211

oigssnpjcc2 >> End >> 2020-08-29 08:28:17.618164

xe8xoux8hdj >> Start >> 2020-08-29 08:28:20.864497

xe8xoux8hdj >> Image Returned >> 2020-08-29 08:28:20.864826

z4b4ug47nfb >> Start >> 2020-08-29 08:28:20.972023

z4b4ug47nfb >> Image Returned >> 2020-08-29 08:28:20.975074

xe8xoux8hdj >> End >> 2020-08-29 08:28:21.021459

z4b4ug47nfb >> End >> 2020-08-29 08:28:21.137450

nw3qr2guv4q >> Start >> 2020-08-29 08:28:37.086513

nw3qr2guv4q >> Image Returned >> 2020-08-29 08:28:37.089497

nw3qr2guv4q >> End >> 2020-08-29 08:28:37.248702

si435i7jtia >> Start >> 2020-08-29 08:29:07.021663

si435i7jtia >> Image Returned >> 2020-08-29 08:29:07.024709

si435i7jtia >> End >> 2020-08-29 08:29:07.185667

u7do67wqurc >> Start >> 2020-08-29 08:29:37.706442

u7do67wqurc >> Image Returned >> 2020-08-29 08:29:37.709661

u7do67wqurc >> End >> 2020-08-29 08:29:37.873930

facxtp4k4ou >> Start >> 2020-08-29 08:30:07.023654

facxtp4k4ou >> Image Returned >> 2020-08-29 08:30:07.026715

facxtp4k4ou >> End >> 2020-08-29 08:30:07.188340

oazsqhh05ig >> Start >> 2020-08-29 08:30:37.030457

oazsqhh05ig >> Image Returned >> 2020-08-29 08:30:37.033655

oazsqhh05ig >> End >> 2020-08-29 08:30:37.197103

88nqzgzr0jz >> Start >> 2020-08-29 08:30:55.785698

88nqzgzr0jz >> Image Returned >> 2020-08-29 08:30:55.788659

88nqzgzr0jz >> End >> 2020-08-29 08:30:55.960187

p6xxosdyzc3 >> Start >> 2020-08-29 08:30:57.301779

p6xxosdyzc3 >> Image Returned >> 2020-08-29 08:30:57.302093

br0hnv24z8h >> Start >> 2020-08-29 08:30:57.306184

br0hnv24z8h >> Image Returned >> 2020-08-29 08:30:57.309233

p6xxosdyzc3 >> End >> 2020-08-29 08:30:57.462120

br0hnv24z8h >> End >> 2020-08-29 08:30:57.504017

vc68aijhs3e >> Start >> 2020-08-29 08:31:02.065279

vc68aijhs3e >> Image Returned >> 2020-08-29 08:31:02.065596

vc68aijhs3e >> End >> 2020-08-29 08:31:02.212304

v0b8tjcqyty >> Start >> 2020-08-29 08:31:29.098920

v0b8tjcqyty >> Image Returned >> 2020-08-29 08:31:29.102008

v0b8tjcqyty >> End >> 2020-08-29 08:31:29.243385

kiwbdrvyyuj >> Start >> 2020-08-29 08:34:30.382957

kiwbdrvyyuj >> Image Returned >> 2020-08-29 08:34:30.387134

kiwbdrvyyuj >> End >> 2020-08-29 08:34:30.530982

4px82546yxm >> Start >> 2020-08-29 08:37:52.550802

4px82546yxm >> Image Returned >> 2020-08-29 08:37:52.553867

4px82546yxm >> End >> 2020-08-29 08:37:52.696806

jvnp2tfucyc >> Start >> 2020-08-29 08:39:00.726862

jvnp2tfucyc >> Image Returned >> 2020-08-29 08:39:00.729995

jvnp2tfucyc >> End >> 2020-08-29 08:39:00.877844

nmq83dwhdgv >> Start >> 2020-08-29 08:40:47.717425

nmq83dwhdgv >> Image Returned >> 2020-08-29 08:40:47.720566

nmq83dwhdgv >> End >> 2020-08-29 08:40:47.849639

bn6qmyuhvfh >> Start >> 2020-08-29 08:40:55.233324

bn6qmyuhvfh >> Image Returned >> 2020-08-29 08:40:55.233603

bn6qmyuhvfh >> End >> 2020-08-29 08:40:55.376111

ip4oumw0ibs >> Start >> 2020-08-29 08:45:49.022402

ip4oumw0ibs >> Image Returned >> 2020-08-29 08:45:49.025507

ip4oumw0ibs >> End >> 2020-08-29 08:45:49.174021

ecr2bq7myyd >> Start >> 2020-08-29 08:49:38.192075

ecr2bq7myyd >> Image Returned >> 2020-08-29 08:49:38.195560

ecr2bq7myyd >> End >> 2020-08-29 08:49:38.340054

mp0rumu5652 >> Start >> 2020-08-29 08:49:44.756201

mp0rumu5652 >> Image Returned >> 2020-08-29 08:49:44.756550

mp0rumu5652 >> End >> 2020-08-29 08:49:44.883306

bjqbirb55f0 >> Start >> 2020-08-29 09:00:01.914303

bjqbirb55f0 >> Image Returned >> 2020-08-29 09:00:01.917515

bjqbirb55f0 >> End >> 2020-08-29 09:00:02.060264

dqeoet3o4s3 >> Start >> 2020-08-29 09:00:56.732925

dqeoet3o4s3 >> Image Returned >> 2020-08-29 09:00:56.736155

dqeoet3o4s3 >> End >> 2020-08-29 09:00:56.882455

ooqm8eszpx8 >> Start >> 2020-08-29 09:05:47.705318

ooqm8eszpx8 >> Image Returned >> 2020-08-29 09:05:47.708544

ooqm8eszpx8 >> End >> 2020-08-29 09:05:47.853395

fukicwjm7y4 >> Start >> 2020-08-29 09:08:31.321216

fukicwjm7y4 >> Image Returned >> 2020-08-29 09:08:31.324331

fukicwjm7y4 >> End >> 2020-08-29 09:08:31.468317

8g63thbgrxz >> Start >> 2020-08-29 09:15:16.353753

8g63thbgrxz >> Image Returned >> 2020-08-29 09:15:16.357182

8g63thbgrxz >> End >> 2020-08-29 09:15:16.501635

sh888ixjqsn >> Start >> 2020-08-29 09:23:12.960469

sh888ixjqsn >> Image Returned >> 2020-08-29 09:23:12.964891

sh888ixjqsn >> End >> 2020-08-29 09:23:13.116702

78qy6a2cd5r >> Start >> 2020-08-29 09:23:22.356828

78qy6a2cd5r >> Image Returned >> 2020-08-29 09:23:22.357157

78qy6a2cd5r >> End >> 2020-08-29 09:23:22.497289

0w2dprcjfd8 >> Start >> 2020-08-29 09:23:22.620923

0w2dprcjfd8 >> Image Returned >> 2020-08-29 09:23:22.621246

0w2dprcjfd8 >> End >> 2020-08-29 09:23:22.768738

vyy0uwiwqrm >> Start >> 2020-08-29 09:23:36.589570

vyy0uwiwqrm >> Image Returned >> 2020-08-29 09:23:36.594150

vyy0uwiwqrm >> End >> 2020-08-29 09:23:36.741172

tv54pxcs8me >> Start >> 2020-08-29 09:27:31.412004

tv54pxcs8me >> Image Returned >> 2020-08-29 09:27:31.415091

tv54pxcs8me >> End >> 2020-08-29 09:27:31.575423

88c0o7gko8g >> Start >> 2020-08-29 09:34:10.022838

88c0o7gko8g >> Image Returned >> 2020-08-29 09:34:10.026401

88c0o7gko8g >> End >> 2020-08-29 09:34:10.181076

5kr6g6a280o >> Start >> 2020-08-29 09:36:03.000775

5kr6g6a280o >> Image Returned >> 2020-08-29 09:36:03.003948

5kr6g6a280o >> End >> 2020-08-29 09:36:03.149470

85te88dsow3 >> Start >> 2020-08-29 09:36:20.308765

85te88dsow3 >> Image Returned >> 2020-08-29 09:36:20.311866

85te88dsow3 >> End >> 2020-08-29 09:36:20.458156

2qyyoeewq2q >> Start >> 2020-08-29 09:43:29.635293

2qyyoeewq2q >> Image Returned >> 2020-08-29 09:43:29.638322

2qyyoeewq2q >> End >> 2020-08-29 09:43:29.779242

r8totk00mu4 >> Start >> 2020-08-29 09:47:16.127737

r8totk00mu4 >> Image Returned >> 2020-08-29 09:47:16.130760

r8totk00mu4 >> End >> 2020-08-29 09:47:16.275065

m8phvjtzxvh >> Start >> 2020-08-29 09:48:19.641578

m8phvjtzxvh >> Image Returned >> 2020-08-29 09:48:19.644609

m8phvjtzxvh >> End >> 2020-08-29 09:48:19.791225

8cpzszmei3t >> Start >> 2020-08-29 09:50:42.061916

8cpzszmei3t >> Image Returned >> 2020-08-29 09:50:42.065175

8cpzszmei3t >> End >> 2020-08-29 09:50:42.255449

g6idx77ah0z >> Start >> 2020-08-29 09:51:11.068478

g6idx77ah0z >> Image Returned >> 2020-08-29 09:51:11.071490

g6idx77ah0z >> End >> 2020-08-29 09:51:11.220510

pv03zxix8pw >> Start >> 2020-08-29 09:56:29.113854

pv03zxix8pw >> Image Returned >> 2020-08-29 09:56:29.117469

pv03zxix8pw >> End >> 2020-08-29 09:56:29.281630

20pjrc2qtg7 >> Start >> 2020-08-29 10:01:20.858222

20pjrc2qtg7 >> Image Returned >> 2020-08-29 10:01:20.861329

20pjrc2qtg7 >> End >> 2020-08-29 10:01:21.006962

24qo5ujh04g >> Start >> 2020-08-29 10:06:07.727147

24qo5ujh04g >> Image Returned >> 2020-08-29 10:06:07.730256

24qo5ujh04g >> End >> 2020-08-29 10:06:07.878412

ai2pp2guz5c >> Start >> 2020-08-29 10:14:56.317157

ai2pp2guz5c >> Image Returned >> 2020-08-29 10:14:56.320322

ai2pp2guz5c >> End >> 2020-08-29 10:14:56.465917

hiq5xf8bd3v >> Start >> 2020-08-29 10:15:21.597495

hiq5xf8bd3v >> Image Returned >> 2020-08-29 10:15:21.600595

hiq5xf8bd3v >> End >> 2020-08-29 10:15:21.748085

5d2wjwak25m >> Start >> 2020-08-29 10:21:30.752101

5d2wjwak25m >> Image Returned >> 2020-08-29 10:21:30.755299

5d2wjwak25m >> End >> 2020-08-29 10:21:30.914586

s7upkwedazw >> Start >> 2020-08-29 10:39:14.579493

s7upkwedazw >> Image Returned >> 2020-08-29 10:39:14.583245

s7upkwedazw >> End >> 2020-08-29 10:39:14.729588

4osy8zykzua >> Start >> 2020-08-29 10:43:08.144741

4osy8zykzua >> Image Returned >> 2020-08-29 10:43:08.147747

4osy8zykzua >> End >> 2020-08-29 10:43:08.293593

4ufhe5tj66w >> Start >> 2020-08-29 10:45:38.767498

4ufhe5tj66w >> Image Returned >> 2020-08-29 10:45:38.772202

4ufhe5tj66w >> End >> 2020-08-29 10:45:38.923716

7vvtfk2hsqu >> Start >> 2020-08-29 10:51:07.177423

7vvtfk2hsqu >> Image Returned >> 2020-08-29 10:51:07.180597

7vvtfk2hsqu >> End >> 2020-08-29 10:51:07.325527

5gxmubk0zap >> Start >> 2020-08-29 10:53:02.012518

5gxmubk0zap >> Image Returned >> 2020-08-29 10:53:02.015825

5gxmubk0zap >> End >> 2020-08-29 10:53:02.181282

yccarg5fc0g >> Start >> 2020-08-29 11:00:08.892842

yccarg5fc0g >> Image Returned >> 2020-08-29 11:00:08.896079

yccarg5fc0g >> End >> 2020-08-29 11:00:09.039853

zzm8mzkkfgu >> Start >> 2020-08-29 11:00:19.224047

zzm8mzkkfgu >> Image Returned >> 2020-08-29 11:00:19.224332

zzm8mzkkfgu >> End >> 2020-08-29 11:00:19.366264

pxpqmxmc766 >> Start >> 2020-08-29 11:00:24.732053

pxpqmxmc766 >> Image Returned >> 2020-08-29 11:00:24.732335

pxpqmxmc766 >> End >> 2020-08-29 11:00:24.873198

8j3tqrnadse >> Start >> 2020-08-29 11:00:27.896336

8j3tqrnadse >> Image Returned >> 2020-08-29 11:00:27.896764

8j3tqrnadse >> End >> 2020-08-29 11:00:28.039537

gpeyhj4ysza >> Start >> 2020-08-29 11:11:53.890669

gpeyhj4ysza >> Image Returned >> 2020-08-29 11:11:53.893493

gpeyhj4ysza >> End >> 2020-08-29 11:11:54.048422

vr2qoyxwdan >> Start >> 2020-08-29 11:31:39.883739

vr2qoyxwdan >> Image Returned >> 2020-08-29 11:31:39.886348

vr2qoyxwdan >> End >> 2020-08-29 11:31:40.043035

pkkekn2sedn >> Start >> 2020-08-29 11:36:35.082377

pkkekn2sedn >> Image Returned >> 2020-08-29 11:36:35.084960

pkkekn2sedn >> End >> 2020-08-29 11:36:35.231059

yeezhi8azoq >> Start >> 2020-08-29 11:37:28.093599

yeezhi8azoq >> Image Returned >> 2020-08-29 11:37:28.097466

yeezhi8azoq >> End >> 2020-08-29 11:37:28.242327

76kg45zqfe0 >> Start >> 2020-08-29 11:39:58.096606

76kg45zqfe0 >> Image Returned >> 2020-08-29 11:39:58.099126

76kg45zqfe0 >> End >> 2020-08-29 11:39:58.245961

keejz4c7zpb >> Start >> 2020-08-29 11:40:23.970665

keejz4c7zpb >> Image Returned >> 2020-08-29 11:40:23.973128

keejz4c7zpb >> End >> 2020-08-29 11:40:24.120068

2xnm5zq4mwy >> Start >> 2020-08-29 11:46:02.934665

2xnm5zq4mwy >> Image Returned >> 2020-08-29 11:46:02.937339

2xnm5zq4mwy >> End >> 2020-08-29 11:46:03.080971

qm5vuxug6zv >> Start >> 2020-08-29 11:51:25.990148

qm5vuxug6zv >> Image Returned >> 2020-08-29 11:51:25.994189

qm5vuxug6zv >> End >> 2020-08-29 11:51:26.141988

so5vwfu6oev >> Start >> 2020-08-29 11:51:54.505404

so5vwfu6oev >> Image Returned >> 2020-08-29 11:51:54.508107

so5vwfu6oev >> End >> 2020-08-29 11:51:54.689681

iavi6kghtmu >> Start >> 2020-08-29 11:55:39.690723

iavi6kghtmu >> Image Returned >> 2020-08-29 11:55:39.694411

iavi6kghtmu >> End >> 2020-08-29 11:55:39.840039

k33eriftkdh >> Start >> 2020-08-29 11:58:11.461770

k33eriftkdh >> Image Returned >> 2020-08-29 11:58:11.464801

k33eriftkdh >> End >> 2020-08-29 11:58:11.604187

p78ahotyes0 >> Start >> 2020-08-29 12:10:06.987308

p78ahotyes0 >> Image Returned >> 2020-08-29 12:10:06.989902

p78ahotyes0 >> End >> 2020-08-29 12:10:07.133994

r3wvwu6c2ye >> Start >> 2020-08-29 12:11:07.985810

r3wvwu6c2ye >> Image Returned >> 2020-08-29 12:11:07.988378

r3wvwu6c2ye >> End >> 2020-08-29 12:11:08.134023

chax5zkyaz7 >> Start >> 2020-08-29 12:11:24.136261

chax5zkyaz7 >> Image Returned >> 2020-08-29 12:11:24.138766

chax5zkyaz7 >> End >> 2020-08-29 12:11:24.283942

ypyoi6zcw5n >> Start >> 2020-08-29 12:12:02.434922

ypyoi6zcw5n >> Image Returned >> 2020-08-29 12:12:02.437437

ypyoi6zcw5n >> End >> 2020-08-29 12:12:02.585113

zducqi6kwnh >> Start >> 2020-08-29 12:13:14.053551

zducqi6kwnh >> Image Returned >> 2020-08-29 12:13:14.056502

zducqi6kwnh >> End >> 2020-08-29 12:13:14.206206

jsfgxchcgqk >> Start >> 2020-08-29 12:14:22.432233

jsfgxchcgqk >> Image Returned >> 2020-08-29 12:14:22.434758

jsfgxchcgqk >> End >> 2020-08-29 12:14:22.583487

wxocps2tnhw >> Start >> 2020-08-29 12:14:44.943301

wxocps2tnhw >> Image Returned >> 2020-08-29 12:14:44.946126

wxocps2tnhw >> End >> 2020-08-29 12:14:45.091173

of2sk2by4qo >> Start >> 2020-08-29 12:21:01.475218

of2sk2by4qo >> Image Returned >> 2020-08-29 12:21:01.478050

of2sk2by4qo >> End >> 2020-08-29 12:21:01.620608

0kpygoemzjy >> Start >> 2020-08-29 12:21:25.313787

0kpygoemzjy >> Image Returned >> 2020-08-29 12:21:25.316289

0kpygoemzjy >> End >> 2020-08-29 12:21:25.465867

qzhgbjob3zh >> Start >> 2020-08-29 12:23:10.688793

qzhgbjob3zh >> Image Returned >> 2020-08-29 12:23:10.691660

qzhgbjob3zh >> End >> 2020-08-29 12:23:10.841635

p2euzk3give >> Start >> 2020-08-29 12:23:16.290735

p2euzk3give >> Image Returned >> 2020-08-29 12:23:16.291078

p2euzk3give >> End >> 2020-08-29 12:23:16.434577

6oc5j46rnh8 >> Start >> 2020-08-29 12:23:50.634345

6oc5j46rnh8 >> Image Returned >> 2020-08-29 12:23:50.637074

6oc5j46rnh8 >> End >> 2020-08-29 12:23:50.790306

cw6iaoryrem >> Start >> 2020-08-29 12:31:15.997035

cw6iaoryrem >> Image Returned >> 2020-08-29 12:31:16.001091

cw6iaoryrem >> End >> 2020-08-29 12:31:16.155055

oxqkx7e5cai >> Start >> 2020-08-29 12:32:05.037035

oxqkx7e5cai >> Image Returned >> 2020-08-29 12:32:05.039812

oxqkx7e5cai >> End >> 2020-08-29 12:32:05.193895

oxico5rjepq >> Start >> 2020-08-29 12:32:11.044765

oxico5rjepq >> Image Returned >> 2020-08-29 12:32:11.045080

oxico5rjepq >> End >> 2020-08-29 12:32:11.192358

ohgr0tk7mwr >> Start >> 2020-08-29 12:39:47.942892

ohgr0tk7mwr >> Image Returned >> 2020-08-29 12:39:47.947314

ohgr0tk7mwr >> End >> 2020-08-29 12:39:48.103352

q78hn2yxzsa >> Start >> 2020-08-29 12:42:29.302611

q78hn2yxzsa >> Image Returned >> 2020-08-29 12:42:29.305341

q78hn2yxzsa >> End >> 2020-08-29 12:42:29.458467

tuy5y4p5jxf >> Start >> 2020-08-29 12:50:02.231468

tuy5y4p5jxf >> Image Returned >> 2020-08-29 12:50:02.234816

tuy5y4p5jxf >> End >> 2020-08-29 12:50:02.385901

zkaa3rjybh2 >> Start >> 2020-08-29 12:51:48.473335

zkaa3rjybh2 >> Image Returned >> 2020-08-29 12:51:48.476246

zkaa3rjybh2 >> End >> 2020-08-29 12:51:48.622584

2y24icyei8r >> Start >> 2020-08-29 12:52:58.908279

2y24icyei8r >> Image Returned >> 2020-08-29 12:52:58.911036

2y24icyei8r >> End >> 2020-08-29 12:52:59.059489

2bw28p5y6pu >> Start >> 2020-08-29 12:57:47.502281

2bw28p5y6pu >> Image Returned >> 2020-08-29 12:57:47.505121

2bw28p5y6pu >> End >> 2020-08-29 12:57:47.653951

mafsyvkkiqs >> Start >> 2020-08-29 13:02:50.289967

mafsyvkkiqs >> Image Returned >> 2020-08-29 13:02:50.293663

mafsyvkkiqs >> End >> 2020-08-29 13:02:50.442699

yfbuptmh7oj >> Start >> 2020-08-29 13:02:53.313410

yfbuptmh7oj >> Image Returned >> 2020-08-29 13:02:53.313707

yfbuptmh7oj >> End >> 2020-08-29 13:02:53.458833

mom0ctgxaft >> Start >> 2020-08-29 13:03:15.444806

mom0ctgxaft >> Image Returned >> 2020-08-29 13:03:15.447588

mom0ctgxaft >> End >> 2020-08-29 13:03:15.596009

vjov6z5abf3 >> Start >> 2020-08-29 13:17:44.114533

vjov6z5abf3 >> Image Returned >> 2020-08-29 13:17:44.118190

vjov6z5abf3 >> End >> 2020-08-29 13:17:44.265409

numykr04jxb >> Start >> 2020-08-29 13:21:25.074603

numykr04jxb >> Image Returned >> 2020-08-29 13:21:25.077843

numykr04jxb >> End >> 2020-08-29 13:21:25.223148

co66r3vmg3r >> Start >> 2020-08-29 13:21:55.361407

co66r3vmg3r >> Image Returned >> 2020-08-29 13:21:55.364168

co66r3vmg3r >> End >> 2020-08-29 13:21:55.515029

gmoq0ym0an0 >> Start >> 2020-08-29 13:26:16.870248

gmoq0ym0an0 >> Image Returned >> 2020-08-29 13:26:16.873226

gmoq0ym0an0 >> End >> 2020-08-29 13:26:17.017147

kxasftj03r6 >> Start >> 2020-08-29 13:26:27.901771

kxasftj03r6 >> Image Returned >> 2020-08-29 13:26:27.902096

kxasftj03r6 >> End >> 2020-08-29 13:26:28.045367

p0rskx8ogtt >> Start >> 2020-08-29 13:43:21.795571

p0rskx8ogtt >> Image Returned >> 2020-08-29 13:43:21.798535

p0rskx8ogtt >> End >> 2020-08-29 13:43:21.947105

2pc840d5wdh >> Start >> 2020-08-29 13:44:56.533092

2pc840d5wdh >> Image Returned >> 2020-08-29 13:44:56.536264

2pc840d5wdh >> End >> 2020-08-29 13:44:56.686913

48mcpkrinm6 >> Start >> 2020-08-29 13:45:10.230750

48mcpkrinm6 >> Image Returned >> 2020-08-29 13:45:10.233377

48mcpkrinm6 >> End >> 2020-08-29 13:45:10.381680

wvtonpyvwcg >> Start >> 2020-08-29 13:45:11.051243

wvtonpyvwcg >> Image Returned >> 2020-08-29 13:45:11.051537

wvtonpyvwcg >> End >> 2020-08-29 13:45:11.198120

qz3wrvz7uca >> Start >> 2020-08-29 13:46:31.491174

qz3wrvz7uca >> Image Returned >> 2020-08-29 13:46:31.493823

qz3wrvz7uca >> End >> 2020-08-29 13:46:31.640821

qib5rezar8w >> Start >> 2020-08-29 13:58:18.169147

qib5rezar8w >> Image Returned >> 2020-08-29 13:58:18.171952

qib5rezar8w >> End >> 2020-08-29 13:58:18.319092

73yhvxt3xv0 >> Start >> 2020-08-29 13:58:38.786606

73yhvxt3xv0 >> Image Returned >> 2020-08-29 13:58:38.789211

73yhvxt3xv0 >> End >> 2020-08-29 13:58:38.934386

gop80xhxkr4 >> Start >> 2020-08-29 14:00:02.908690

gop80xhxkr4 >> Image Returned >> 2020-08-29 14:00:02.911343

gop80xhxkr4 >> End >> 2020-08-29 14:00:03.061188

czw6kn7bm0r >> Start >> 2020-08-29 14:02:32.731894

czw6kn7bm0r >> Image Returned >> 2020-08-29 14:02:32.734528

czw6kn7bm0r >> End >> 2020-08-29 14:02:32.879082

xewdp5etydv >> Start >> 2020-08-29 14:06:27.484174

xewdp5etydv >> Image Returned >> 2020-08-29 14:06:27.488151

xewdp5etydv >> End >> 2020-08-29 14:06:27.637851

8wyt6psb7nk >> Start >> 2020-08-29 14:07:33.105781

8wyt6psb7nk >> Image Returned >> 2020-08-29 14:07:33.108520

8wyt6psb7nk >> End >> 2020-08-29 14:07:33.251629

aajjndzsnbw >> Start >> 2020-08-29 14:10:02.964759

aajjndzsnbw >> Image Returned >> 2020-08-29 14:10:02.967379

aajjndzsnbw >> End >> 2020-08-29 14:10:03.124100

okqsk5xy3m8 >> Start >> 2020-08-29 14:10:12.493776

okqsk5xy3m8 >> Image Returned >> 2020-08-29 14:10:12.494092

okqsk5xy3m8 >> End >> 2020-08-29 14:10:12.647465

3jw747fgg7g >> Start >> 2020-08-29 14:14:58.362802

3jw747fgg7g >> Image Returned >> 2020-08-29 14:14:58.365402

3jw747fgg7g >> End >> 2020-08-29 14:14:58.544277

xwoextxcutr >> Start >> 2020-08-29 14:15:12.162933

xwoextxcutr >> Image Returned >> 2020-08-29 14:15:12.165447

xwoextxcutr >> End >> 2020-08-29 14:15:12.321701

s2ex6sir0o6 >> Start >> 2020-08-29 14:18:15.886640

s2ex6sir0o6 >> Image Returned >> 2020-08-29 14:18:15.889802

s2ex6sir0o6 >> End >> 2020-08-29 14:18:16.037759

4kvp6aitxsz >> Start >> 2020-08-29 14:18:52.715708

4kvp6aitxsz >> Image Returned >> 2020-08-29 14:18:52.718338

4kvp6aitxsz >> End >> 2020-08-29 14:18:52.858625

i7pooqzykp7 >> Start >> 2020-08-29 14:19:24.649750

i7pooqzykp7 >> Image Returned >> 2020-08-29 14:19:24.652369

i7pooqzykp7 >> End >> 2020-08-29 14:19:24.798280

8hj3uzutqvj >> Start >> 2020-08-29 14:19:31.011919

8hj3uzutqvj >> Image Returned >> 2020-08-29 14:19:31.012213

8hj3uzutqvj >> End >> 2020-08-29 14:19:31.157342

5wskmniwxci >> Start >> 2020-08-29 14:25:09.446980

5wskmniwxci >> Image Returned >> 2020-08-29 14:25:09.449656

5wskmniwxci >> End >> 2020-08-29 14:25:09.599327

4znrjyhzh8x >> Start >> 2020-08-29 14:25:30.605802

4znrjyhzh8x >> Image Returned >> 2020-08-29 14:25:30.608414

4znrjyhzh8x >> End >> 2020-08-29 14:25:30.754822

0whw6uy0s3n >> Start >> 2020-08-29 14:28:32.578500

0whw6uy0s3n >> Image Returned >> 2020-08-29 14:28:32.581376

0whw6uy0s3n >> End >> 2020-08-29 14:28:32.730540

80wnbcmwitg >> Start >> 2020-08-29 14:35:33.853749

80wnbcmwitg >> Image Returned >> 2020-08-29 14:35:33.856352

80wnbcmwitg >> End >> 2020-08-29 14:35:34.005959

utyxi8s7scf >> Start >> 2020-08-29 14:42:00.403167

utyxi8s7scf >> Image Returned >> 2020-08-29 14:42:00.406060

utyxi8s7scf >> End >> 2020-08-29 14:42:00.552678

edxdoytxyyv >> Start >> 2020-08-29 14:42:42.289865

edxdoytxyyv >> Image Returned >> 2020-08-29 14:42:42.292506

edxdoytxyyv >> End >> 2020-08-29 14:42:42.439418

ma4w0aijmjq >> Start >> 2020-08-29 14:44:18.257539

ma4w0aijmjq >> Image Returned >> 2020-08-29 14:44:18.260494

ma4w0aijmjq >> End >> 2020-08-29 14:44:18.413829

mt60cgx88bc >> Start >> 2020-08-29 14:47:55.126028

mt60cgx88bc >> Image Returned >> 2020-08-29 14:47:55.128938

mt60cgx88bc >> End >> 2020-08-29 14:47:55.270864

2apa5bancjf >> Start >> 2020-08-29 14:48:01.017887

2apa5bancjf >> Image Returned >> 2020-08-29 14:48:01.018173

2apa5bancjf >> End >> 2020-08-29 14:48:01.163172

w3gzdfkoy3y >> Start >> 2020-08-29 14:50:11.230082

w3gzdfkoy3y >> Image Returned >> 2020-08-29 14:50:11.232909

w3gzdfkoy3y >> End >> 2020-08-29 14:50:11.374331

8kiynx6w2cj >> Start >> 2020-08-29 14:51:58.085015

8kiynx6w2cj >> Image Returned >> 2020-08-29 14:51:58.087915

8kiynx6w2cj >> End >> 2020-08-29 14:51:58.246176

sbdpqxmga58 >> Start >> 2020-08-29 15:01:14.608272

sbdpqxmga58 >> Image Returned >> 2020-08-29 15:01:14.610852

sbdpqxmga58 >> End >> 2020-08-29 15:01:14.754726

4wedpbi6pnk >> Start >> 2020-08-29 15:09:00.174443

4wedpbi6pnk >> Image Returned >> 2020-08-29 15:09:00.178114

4wedpbi6pnk >> End >> 2020-08-29 15:09:00.324271

ntctsbgjeqo >> Start >> 2020-08-29 15:09:38.946794

ntctsbgjeqo >> Image Returned >> 2020-08-29 15:09:38.949479

ntctsbgjeqo >> End >> 2020-08-29 15:09:39.431648

xpxfw7uiya4 >> Start >> 2020-08-29 15:11:01.151851

xpxfw7uiya4 >> Image Returned >> 2020-08-29 15:11:01.154860

xpxfw7uiya4 >> End >> 2020-08-29 15:11:01.303420

xrn4skzuii6 >> Start >> 2020-08-29 15:12:07.429384

xrn4skzuii6 >> Image Returned >> 2020-08-29 15:12:07.432363

xrn4skzuii6 >> End >> 2020-08-29 15:12:07.579495

s350vif2i5f >> Start >> 2020-08-29 15:17:21.537858

s350vif2i5f >> Image Returned >> 2020-08-29 15:17:21.540792

s350vif2i5f >> End >> 2020-08-29 15:17:21.684700

d2t6ypc6sp0 >> Start >> 2020-08-29 15:20:40.471328

d2t6ypc6sp0 >> Image Returned >> 2020-08-29 15:20:40.473989

d2t6ypc6sp0 >> End >> 2020-08-29 15:20:40.651207

dd4okrrmjd0 >> Start >> 2020-08-29 15:21:58.044131

dd4okrrmjd0 >> Image Returned >> 2020-08-29 15:21:58.047063

dd4okrrmjd0 >> End >> 2020-08-29 15:21:58.197633

4r2kn2ig73p >> Start >> 2020-08-29 15:28:15.763252

4r2kn2ig73p >> Image Returned >> 2020-08-29 15:28:15.765889

4r2kn2ig73p >> End >> 2020-08-29 15:28:15.913867

jk0t6soww45 >> Start >> 2020-08-29 15:37:59.390558

jk0t6soww45 >> Image Returned >> 2020-08-29 15:37:59.393446

jk0t6soww45 >> End >> 2020-08-29 15:37:59.543462

cojv0h3hce8 >> Start >> 2020-08-29 15:38:07.365401

cojv0h3hce8 >> Image Returned >> 2020-08-29 15:38:07.365686

cojv0h3hce8 >> End >> 2020-08-29 15:38:07.514708

orxpynf877p >> Start >> 2020-08-29 15:45:03.764358

orxpynf877p >> Image Returned >> 2020-08-29 15:45:03.767304

orxpynf877p >> End >> 2020-08-29 15:45:03.922468

6ti7yhsyy7w >> Start >> 2020-08-29 15:45:47.229652

6ti7yhsyy7w >> Image Returned >> 2020-08-29 15:45:47.233707

6ti7yhsyy7w >> End >> 2020-08-29 15:45:47.387551

oj76fy0aekh >> Start >> 2020-08-29 15:46:24.004945

oj76fy0aekh >> Image Returned >> 2020-08-29 15:46:24.007576

oj76fy0aekh >> End >> 2020-08-29 15:46:24.157382

sfgrcwb348w >> Start >> 2020-08-29 15:46:33.122864

sfgrcwb348w >> Image Returned >> 2020-08-29 15:46:33.123176

sfgrcwb348w >> End >> 2020-08-29 15:46:33.269355

a4xm057e8du >> Start >> 2020-08-29 15:48:35.306976

a4xm057e8du >> Image Returned >> 2020-08-29 15:48:35.311094

a4xm057e8du >> End >> 2020-08-29 15:48:35.455714

ksfxkjw8umw >> Start >> 2020-08-29 15:50:57.006483

ksfxkjw8umw >> Image Returned >> 2020-08-29 15:50:57.009546

ksfxkjw8umw >> End >> 2020-08-29 15:50:57.155930

nkf8w3yf0k7 >> Start >> 2020-08-29 15:55:08.217669

nkf8w3yf0k7 >> Image Returned >> 2020-08-29 15:55:08.222141

nkf8w3yf0k7 >> End >> 2020-08-29 15:55:08.368663

m5y2fj5sxn0 >> Start >> 2020-08-29 15:56:24.433957

m5y2fj5sxn0 >> Image Returned >> 2020-08-29 15:56:24.436563

m5y2fj5sxn0 >> End >> 2020-08-29 15:56:24.562093

ufakpzyrgry >> Start >> 2020-08-29 15:57:54.667136

ufakpzyrgry >> Image Returned >> 2020-08-29 15:57:54.670433

ufakpzyrgry >> End >> 2020-08-29 15:57:54.814718

eynd5f83xki >> Start >> 2020-08-29 16:04:53.984138

eynd5f83xki >> Image Returned >> 2020-08-29 16:04:53.987118

eynd5f83xki >> End >> 2020-08-29 16:04:54.152725

rrayweqicgr >> Start >> 2020-08-29 16:05:41.683600

rrayweqicgr >> Image Returned >> 2020-08-29 16:05:41.687442

rrayweqicgr >> End >> 2020-08-29 16:05:41.833744

253fgnhjidn >> Start >> 2020-08-29 16:17:35.305002

253fgnhjidn >> Image Returned >> 2020-08-29 16:17:35.307656

253fgnhjidn >> End >> 2020-08-29 16:17:35.458913

vi7dio4rrqy >> Start >> 2020-08-29 16:18:22.590337

vi7dio4rrqy >> Image Returned >> 2020-08-29 16:18:22.592953

vi7dio4rrqy >> End >> 2020-08-29 16:18:22.740292

k37pppva0nv >> Start >> 2020-08-29 16:22:22.043081

k37pppva0nv >> Image Returned >> 2020-08-29 16:22:22.046078

k37pppva0nv >> End >> 2020-08-29 16:22:22.196537

p44ujvnkma7 >> Start >> 2020-08-29 16:22:36.830085

p44ujvnkma7 >> Image Returned >> 2020-08-29 16:22:36.832725

p44ujvnkma7 >> End >> 2020-08-29 16:22:36.979186

c4du4zavxz8 >> Start >> 2020-08-29 16:22:47.947436

c4du4zavxz8 >> Image Returned >> 2020-08-29 16:22:47.950622

c4du4zavxz8 >> End >> 2020-08-29 16:22:48.098751

xgau46kx3z4 >> Start >> 2020-08-29 16:22:51.187498

xgau46kx3z4 >> Image Returned >> 2020-08-29 16:22:51.187793

xgau46kx3z4 >> End >> 2020-08-29 16:22:51.330024

z6kr78qiwxo >> Start >> 2020-08-29 16:22:51.353349

z6kr78qiwxo >> Image Returned >> 2020-08-29 16:22:51.353595

z6kr78qiwxo >> End >> 2020-08-29 16:22:51.506110

72ia6sgprvo >> Start >> 2020-08-29 16:23:41.662976

72ia6sgprvo >> Image Returned >> 2020-08-29 16:23:41.665585

72ia6sgprvo >> End >> 2020-08-29 16:23:41.811297

a4j45tr7zca >> Start >> 2020-08-29 16:26:15.299736

a4j45tr7zca >> Image Returned >> 2020-08-29 16:26:15.302735

a4j45tr7zca >> End >> 2020-08-29 16:26:15.448652

r7oj234wsfb >> Start >> 2020-08-29 16:29:28.707493

r7oj234wsfb >> Image Returned >> 2020-08-29 16:29:28.710182

r7oj234wsfb >> End >> 2020-08-29 16:29:28.859015

sxvq7k36sx4 >> Start >> 2020-08-29 16:38:43.579751

sxvq7k36sx4 >> Image Returned >> 2020-08-29 16:38:43.582492

sxvq7k36sx4 >> End >> 2020-08-29 16:38:43.740502

fr72wumubxc >> Start >> 2020-08-29 16:39:45.231149

fr72wumubxc >> Image Returned >> 2020-08-29 16:39:45.234128

fr72wumubxc >> End >> 2020-08-29 16:39:45.390201

me33nq0ktji >> Start >> 2020-08-29 16:42:38.157640

me33nq0ktji >> Image Returned >> 2020-08-29 16:42:38.160312

me33nq0ktji >> End >> 2020-08-29 16:42:38.310614

gjc45fw6fjs >> Start >> 2020-08-29 16:49:22.519468

gjc45fw6fjs >> Image Returned >> 2020-08-29 16:49:22.522252

gjc45fw6fjs >> End >> 2020-08-29 16:49:22.667624

5hfddnbxvzp >> Start >> 2020-08-29 16:51:27.113373

5hfddnbxvzp >> Image Returned >> 2020-08-29 16:51:27.115989

5hfddnbxvzp >> End >> 2020-08-29 16:51:27.260968

zeagofzyx6w >> Start >> 2020-08-29 16:56:19.689934

zeagofzyx6w >> Image Returned >> 2020-08-29 16:56:19.693011

zeagofzyx6w >> End >> 2020-08-29 16:56:19.821345

pdj34qaxdwx >> Start >> 2020-08-29 17:01:05.542386

pdj34qaxdwx >> Image Returned >> 2020-08-29 17:01:05.545135

pdj34qaxdwx >> End >> 2020-08-29 17:01:05.699464

ccabavyk44m >> Start >> 2020-08-29 17:01:38.787168

ccabavyk44m >> Image Returned >> 2020-08-29 17:01:38.789891

ccabavyk44m >> End >> 2020-08-29 17:01:38.939053

2yovtadvu5d >> Start >> 2020-08-29 17:11:57.375904

2yovtadvu5d >> Image Returned >> 2020-08-29 17:11:57.378895

2yovtadvu5d >> End >> 2020-08-29 17:11:57.532381

zmtjuorrw83 >> Start >> 2020-08-29 17:16:37.142868

zmtjuorrw83 >> Image Returned >> 2020-08-29 17:16:37.145692

zmtjuorrw83 >> End >> 2020-08-29 17:16:37.298974

b7ptgfxwkfy >> Start >> 2020-08-29 17:16:54.334629

b7ptgfxwkfy >> Image Returned >> 2020-08-29 17:16:54.337656

b7ptgfxwkfy >> End >> 2020-08-29 17:16:54.489954

n8a32eckb8j >> Start >> 2020-08-29 17:17:02.070832

n8a32eckb8j >> Image Returned >> 2020-08-29 17:17:02.071136

n8a32eckb8j >> End >> 2020-08-29 17:17:02.224564

7527vfziggn >> Start >> 2020-08-29 17:17:22.791925

7527vfziggn >> Image Returned >> 2020-08-29 17:17:22.794533

7527vfziggn >> End >> 2020-08-29 17:17:22.943123

bnw2ycpdhfg >> Start >> 2020-08-29 17:17:23.907938

bnw2ycpdhfg >> Image Returned >> 2020-08-29 17:17:23.908229

bnw2ycpdhfg >> End >> 2020-08-29 17:17:24.066695

avm67c46sag >> Start >> 2020-08-29 17:17:40.068459

avm67c46sag >> Image Returned >> 2020-08-29 17:17:40.071185

avm67c46sag >> End >> 2020-08-29 17:17:40.224632

5ioadhezqhx >> Start >> 2020-08-29 17:37:14.183403

5ioadhezqhx >> Image Returned >> 2020-08-29 17:37:14.186357

5ioadhezqhx >> End >> 2020-08-29 17:37:14.355804

fdsknrtbfnq >> Start >> 2020-08-29 17:48:11.349029

fdsknrtbfnq >> Image Returned >> 2020-08-29 17:48:11.352123

fdsknrtbfnq >> End >> 2020-08-29 17:48:11.497970

wjb7vhmf0ky >> Start >> 2020-08-29 17:48:31.175771

wjb7vhmf0ky >> Image Returned >> 2020-08-29 17:48:31.178495

wjb7vhmf0ky >> End >> 2020-08-29 17:48:31.328803

drv322hjde4 >> Start >> 2020-08-29 17:50:15.088629

drv322hjde4 >> Image Returned >> 2020-08-29 17:50:15.091772

drv322hjde4 >> End >> 2020-08-29 17:50:15.231404

iv2qfdtr8kz >> Start >> 2020-08-29 17:52:24.455852

iv2qfdtr8kz >> Image Returned >> 2020-08-29 17:52:24.458827

iv2qfdtr8kz >> End >> 2020-08-29 17:52:24.607836

nuswp4rf6jk >> Start >> 2020-08-29 17:59:35.148309

nuswp4rf6jk >> Image Returned >> 2020-08-29 17:59:35.151098

nuswp4rf6jk >> End >> 2020-08-29 17:59:35.297914

qe0qt4wu7oe >> Start >> 2020-08-29 18:01:22.484802

qe0qt4wu7oe >> Image Returned >> 2020-08-29 18:01:22.489253

qe0qt4wu7oe >> End >> 2020-08-29 18:01:22.633496

wqbokuxn0dt >> Start >> 2020-08-29 18:04:44.439430

wqbokuxn0dt >> Image Returned >> 2020-08-29 18:04:44.442178

wqbokuxn0dt >> End >> 2020-08-29 18:04:44.594438

wipq48p5e5m >> Start >> 2020-08-29 18:06:33.318042

wipq48p5e5m >> Image Returned >> 2020-08-29 18:06:33.320741

wipq48p5e5m >> End >> 2020-08-29 18:06:33.468125

kojnxrpfi30 >> Start >> 2020-08-29 18:07:45.416030

kojnxrpfi30 >> Image Returned >> 2020-08-29 18:07:45.418834

kojnxrpfi30 >> End >> 2020-08-29 18:07:45.559166

imgdycvchmz >> Start >> 2020-08-29 18:09:23.745289

imgdycvchmz >> Image Returned >> 2020-08-29 18:09:23.748009

imgdycvchmz >> End >> 2020-08-29 18:09:23.894900

djrzkztn7ue >> Start >> 2020-08-29 18:13:54.227582

djrzkztn7ue >> Image Returned >> 2020-08-29 18:13:54.230732

djrzkztn7ue >> End >> 2020-08-29 18:13:54.394479

2o0y4cvwcob >> Start >> 2020-08-29 18:14:02.656721

2o0y4cvwcob >> Image Returned >> 2020-08-29 18:14:02.657028

2o0y4cvwcob >> End >> 2020-08-29 18:14:02.818837

63y4a6ddp0q >> Start >> 2020-08-29 18:19:04.208451

63y4a6ddp0q >> Image Returned >> 2020-08-29 18:19:04.211524

63y4a6ddp0q >> End >> 2020-08-29 18:19:04.361624

0etae22wh77 >> Start >> 2020-08-29 18:24:06.022007

0etae22wh77 >> Image Returned >> 2020-08-29 18:24:06.025949

0etae22wh77 >> End >> 2020-08-29 18:24:06.174283

xrhm0xmpbos >> Start >> 2020-08-29 18:24:26.400465

xrhm0xmpbos >> Image Returned >> 2020-08-29 18:24:26.403563

xrhm0xmpbos >> End >> 2020-08-29 18:24:26.553972

55cn3dgvs2m >> Start >> 2020-08-29 18:24:40.032301

55cn3dgvs2m >> Image Returned >> 2020-08-29 18:24:40.036197

55cn3dgvs2m >> End >> 2020-08-29 18:24:40.181021

y2j4gdafn8t >> Start >> 2020-08-29 18:39:17.484188

y2j4gdafn8t >> Image Returned >> 2020-08-29 18:39:17.487409

y2j4gdafn8t >> End >> 2020-08-29 18:39:17.642131

wo5cevgvav2 >> Start >> 2020-08-29 18:44:28.444274

wo5cevgvav2 >> Image Returned >> 2020-08-29 18:44:28.447635

wo5cevgvav2 >> End >> 2020-08-29 18:44:28.621119

zcbvux83k2g >> Start >> 2020-08-29 19:01:01.963460

zcbvux83k2g >> Image Returned >> 2020-08-29 19:01:01.966154

zcbvux83k2g >> End >> 2020-08-29 19:01:02.145081

ukqy3rkqm0n >> Start >> 2020-08-29 19:02:26.194230

ukqy3rkqm0n >> Image Returned >> 2020-08-29 19:02:26.197192

ukqy3rkqm0n >> End >> 2020-08-29 19:02:26.342140

ordc5dwmntw >> Start >> 2020-08-29 19:11:54.553174

ordc5dwmntw >> Image Returned >> 2020-08-29 19:11:54.557051

ordc5dwmntw >> End >> 2020-08-29 19:11:54.701069

a3b8og5kc2o >> Start >> 2020-08-29 19:15:21.786256

a3b8og5kc2o >> Image Returned >> 2020-08-29 19:15:21.789069

a3b8og5kc2o >> End >> 2020-08-29 19:15:21.940819

wcsv3tnwyuw >> Start >> 2020-08-29 19:31:11.573216

wcsv3tnwyuw >> Image Returned >> 2020-08-29 19:31:11.576018

wcsv3tnwyuw >> End >> 2020-08-29 19:31:11.730393

4rzamfgob8x >> Start >> 2020-08-29 19:39:14.261502

4rzamfgob8x >> Image Returned >> 2020-08-29 19:39:14.264283

4rzamfgob8x >> End >> 2020-08-29 19:39:14.415688

xm3dn6wng3i >> Start >> 2020-08-29 19:40:38.641952

xm3dn6wng3i >> Image Returned >> 2020-08-29 19:40:38.644917

xm3dn6wng3i >> End >> 2020-08-29 19:40:38.792630

2wjuy2xrkem >> Start >> 2020-08-29 19:42:47.721014

2wjuy2xrkem >> Image Returned >> 2020-08-29 19:42:47.723814

2wjuy2xrkem >> End >> 2020-08-29 19:42:47.871248

7iardou0qj8 >> Start >> 2020-08-29 19:50:41.009413

7iardou0qj8 >> Image Returned >> 2020-08-29 19:50:41.013164

7iardou0qj8 >> End >> 2020-08-29 19:50:41.167126

t4vzbxcu3k4 >> Start >> 2020-08-29 20:11:59.332110

t4vzbxcu3k4 >> Image Returned >> 2020-08-29 20:11:59.335422

t4vzbxcu3k4 >> End >> 2020-08-29 20:11:59.486315

cbot7d78uvc >> Start >> 2020-08-29 20:18:52.237174

cbot7d78uvc >> Image Returned >> 2020-08-29 20:18:52.242032

cbot7d78uvc >> End >> 2020-08-29 20:18:52.407244

i7w55q23mv8 >> Start >> 2020-08-29 20:27:53.190979

i7w55q23mv8 >> Image Returned >> 2020-08-29 20:27:53.198613

i7w55q23mv8 >> End >> 2020-08-29 20:27:53.355071

4fmmxxeufe3 >> Start >> 2020-08-29 20:37:03.620954

4fmmxxeufe3 >> Image Returned >> 2020-08-29 20:37:03.624547

4fmmxxeufe3 >> End >> 2020-08-29 20:37:03.770740

uvm274amq6e >> Start >> 2020-08-29 20:41:51.471589

uvm274amq6e >> Image Returned >> 2020-08-29 20:41:51.478547

uvm274amq6e >> End >> 2020-08-29 20:41:51.626702

bp8oqdb3rm2 >> Start >> 2020-08-29 20:42:20.380389

bp8oqdb3rm2 >> Image Returned >> 2020-08-29 20:42:20.383445

bp8oqdb3rm2 >> End >> 2020-08-29 20:42:20.525309

7tdsa7c05sp >> Start >> 2020-08-29 20:52:25.279731

7tdsa7c05sp >> Image Returned >> 2020-08-29 20:52:25.284393

7tdsa7c05sp >> End >> 2020-08-29 20:52:25.431907

n3axv0ky6vu >> Start >> 2020-08-29 20:59:53.996556

n3axv0ky6vu >> Image Returned >> 2020-08-29 20:59:54.000932

n3axv0ky6vu >> End >> 2020-08-29 20:59:54.147680

qtsoehtz8zj >> Start >> 2020-08-29 21:22:34.391103

qtsoehtz8zj >> Image Returned >> 2020-08-29 21:22:34.395267

qtsoehtz8zj >> End >> 2020-08-29 21:22:34.541817

qvnmd4oaz8f >> Start >> 2020-08-29 21:28:52.717329

qvnmd4oaz8f >> Image Returned >> 2020-08-29 21:28:52.720777

qvnmd4oaz8f >> End >> 2020-08-29 21:28:52.870574

gvravogofw2 >> Start >> 2020-08-29 21:35:27.917309

gvravogofw2 >> Image Returned >> 2020-08-29 21:35:27.920564

gvravogofw2 >> End >> 2020-08-29 21:35:28.090707

8ksvx0uuhbt >> Start >> 2020-08-29 21:45:05.734128

8ksvx0uuhbt >> Image Returned >> 2020-08-29 21:45:05.738636

8ksvx0uuhbt >> End >> 2020-08-29 21:45:05.884716

vff6uh7dowx >> Start >> 2020-08-29 21:48:20.120459

vff6uh7dowx >> Image Returned >> 2020-08-29 21:48:20.123290

vff6uh7dowx >> End >> 2020-08-29 21:48:20.285713

a70t0hcbxgm >> Start >> 2020-08-29 21:50:24.155775

a70t0hcbxgm >> Image Returned >> 2020-08-29 21:50:24.158935

a70t0hcbxgm >> End >> 2020-08-29 21:50:24.302028

n43a5ndqppo >> Start >> 2020-08-29 21:52:06.614886

n43a5ndqppo >> Image Returned >> 2020-08-29 21:52:06.618195

n43a5ndqppo >> End >> 2020-08-29 21:52:06.761379

dock43bi6dg >> Start >> 2020-08-29 21:54:55.418746

dock43bi6dg >> Image Returned >> 2020-08-29 21:54:55.422434

dock43bi6dg >> End >> 2020-08-29 21:54:55.571315

kzos7ig6uyq >> Start >> 2020-08-29 21:57:29.085650

kzos7ig6uyq >> Image Returned >> 2020-08-29 21:57:29.089148

kzos7ig6uyq >> End >> 2020-08-29 21:57:29.215615

500cqoqguz8 >> Start >> 2020-08-29 22:06:40.684541

500cqoqguz8 >> Image Returned >> 2020-08-29 22:06:40.688040

500cqoqguz8 >> End >> 2020-08-29 22:06:40.848433

ms5wy4nejt2 >> Start >> 2020-08-29 22:18:54.461221

ms5wy4nejt2 >> Image Returned >> 2020-08-29 22:18:54.464469

ms5wy4nejt2 >> End >> 2020-08-29 22:18:54.610043

p43podjyvf7 >> Start >> 2020-08-29 22:22:08.428812

p43podjyvf7 >> Image Returned >> 2020-08-29 22:22:08.433415

p43podjyvf7 >> End >> 2020-08-29 22:22:08.582089

v7bic4ptcrk >> Start >> 2020-08-29 22:40:23.868300

v7bic4ptcrk >> Image Returned >> 2020-08-29 22:40:23.874126

v7bic4ptcrk >> End >> 2020-08-29 22:40:24.024132

kcvcxjry3he >> Start >> 2020-08-29 22:44:33.953969

kcvcxjry3he >> Image Returned >> 2020-08-29 22:44:33.957201

kcvcxjry3he >> End >> 2020-08-29 22:44:34.125663

mt6abvtskwb >> Start >> 2020-08-29 22:54:01.281088

mt6abvtskwb >> Image Returned >> 2020-08-29 22:54:01.286621

mt6abvtskwb >> End >> 2020-08-29 22:54:01.458225

satsqbmjdqv >> Start >> 2020-08-29 22:55:28.184273

satsqbmjdqv >> Image Returned >> 2020-08-29 22:55:28.189343

satsqbmjdqv >> End >> 2020-08-29 22:55:28.329418

ma6rm4unx3i >> Start >> 2020-08-29 23:08:06.803961

ma6rm4unx3i >> Image Returned >> 2020-08-29 23:08:06.807739

ma6rm4unx3i >> End >> 2020-08-29 23:08:06.957633

fokqsgnbtkp >> Start >> 2020-08-29 23:20:30.851155

fokqsgnbtkp >> Image Returned >> 2020-08-29 23:20:30.854377

fokqsgnbtkp >> End >> 2020-08-29 23:20:31.004262

utuv3y5swoq >> Start >> 2020-08-29 23:22:10.498574

utuv3y5swoq >> Image Returned >> 2020-08-29 23:22:10.502502

utuv3y5swoq >> End >> 2020-08-29 23:22:10.649262

okjdu625tbo >> Start >> 2020-08-29 23:22:28.272473

okjdu625tbo >> Image Returned >> 2020-08-29 23:22:28.276616

okjdu625tbo >> End >> 2020-08-29 23:22:28.431134

iafq52mymyu >> Start >> 2020-08-29 23:26:04.337193

iafq52mymyu >> Image Returned >> 2020-08-29 23:26:04.340809

iafq52mymyu >> End >> 2020-08-29 23:26:04.485261

vxexffj0y2w >> Start >> 2020-08-29 23:26:21.597512

vxexffj0y2w >> Image Returned >> 2020-08-29 23:26:21.600416

vxexffj0y2w >> End >> 2020-08-29 23:26:21.746135

rkvqtyf4p38 >> Start >> 2020-08-29 23:30:49.746700

rkvqtyf4p38 >> Image Returned >> 2020-08-29 23:30:49.749972

rkvqtyf4p38 >> End >> 2020-08-29 23:30:49.891310

ox4sdey083b >> Start >> 2020-08-29 23:35:42.304176

ox4sdey083b >> Image Returned >> 2020-08-29 23:35:42.307373

ox4sdey083b >> End >> 2020-08-29 23:35:42.449629

3vk7b4byxrt >> Start >> 2020-08-29 23:36:08.140129

3vk7b4byxrt >> Image Returned >> 2020-08-29 23:36:08.143510

3vk7b4byxrt >> End >> 2020-08-29 23:36:08.286278

h26pauhhxtp >> Start >> 2020-08-29 23:38:50.002888

h26pauhhxtp >> Image Returned >> 2020-08-29 23:38:50.007019

h26pauhhxtp >> End >> 2020-08-29 23:38:50.185812

