tjdsza0zgqn >> Start >> 2020-08-30 00:32:31.904392

tjdsza0zgqn >> Image Returned >> 2020-08-30 00:32:31.908536

tjdsza0zgqn >> End >> 2020-08-30 00:32:32.054451

fiesc4v34bc >> Start >> 2020-08-30 00:57:00.566024

fiesc4v34bc >> Image Returned >> 2020-08-30 00:57:00.571695

fiesc4v34bc >> End >> 2020-08-30 00:57:00.725132

a7ecnejecz3 >> Start >> 2020-08-30 00:58:10.782305

a7ecnejecz3 >> Image Returned >> 2020-08-30 00:58:10.785995

a7ecnejecz3 >> End >> 2020-08-30 00:58:10.927598

w8626eqen6r >> Start >> 2020-08-30 01:19:07.742763

w8626eqen6r >> Image Returned >> 2020-08-30 01:19:07.746370

w8626eqen6r >> End >> 2020-08-30 01:19:07.897777

a7hghy5wj46 >> Start >> 2020-08-30 01:52:56.847243

a7hghy5wj46 >> Image Returned >> 2020-08-30 01:52:56.851098

a7hghy5wj46 >> End >> 2020-08-30 01:52:56.995794

pbdjiu6nn3b >> Start >> 2020-08-30 01:54:10.605410

pbdjiu6nn3b >> Image Returned >> 2020-08-30 01:54:10.609061

pbdjiu6nn3b >> End >> 2020-08-30 01:54:10.759366

c22odftkr48 >> Start >> 2020-08-30 01:56:00.386539

c22odftkr48 >> Image Returned >> 2020-08-30 01:56:00.391324

c22odftkr48 >> End >> 2020-08-30 01:56:00.538767

ww06amxwnzp >> Start >> 2020-08-30 02:38:37.683130

ww06amxwnzp >> Image Returned >> 2020-08-30 02:38:37.690414

ww06amxwnzp >> End >> 2020-08-30 02:38:37.838828

6ztqs4xutct >> Start >> 2020-08-30 02:53:37.450448

6ztqs4xutct >> Image Returned >> 2020-08-30 02:53:37.453573

6ztqs4xutct >> End >> 2020-08-30 02:53:37.599131

0mkpw6xyvnt >> Start >> 2020-08-30 02:54:18.281265

0mkpw6xyvnt >> Image Returned >> 2020-08-30 02:54:18.285115

0mkpw6xyvnt >> End >> 2020-08-30 02:54:18.428308

x3ogtw34t8r >> Start >> 2020-08-30 03:21:50.132407

x3ogtw34t8r >> Image Returned >> 2020-08-30 03:21:50.135621

x3ogtw34t8r >> End >> 2020-08-30 03:21:50.288007

mqezsmqywiv >> Start >> 2020-08-30 03:21:58.955404

mqezsmqywiv >> Image Returned >> 2020-08-30 03:21:58.955688

mqezsmqywiv >> End >> 2020-08-30 03:21:59.101356

cp3rp34qpr8 >> Start >> 2020-08-30 03:23:24.189928

cp3rp34qpr8 >> Image Returned >> 2020-08-30 03:23:24.193759

cp3rp34qpr8 >> End >> 2020-08-30 03:23:24.336498

4bw0ipmi3xz >> Start >> 2020-08-30 03:38:24.534385

4bw0ipmi3xz >> Image Returned >> 2020-08-30 03:38:24.540405

4bw0ipmi3xz >> End >> 2020-08-30 03:38:24.667459

bukbm7ohgkx >> Start >> 2020-08-30 04:06:55.294416

bukbm7ohgkx >> Image Returned >> 2020-08-30 04:06:55.299679

bukbm7ohgkx >> End >> 2020-08-30 04:06:55.456830

c3kfuxr2pn0 >> Start >> 2020-08-30 04:37:57.817827

c3kfuxr2pn0 >> Image Returned >> 2020-08-30 04:37:57.820935

c3kfuxr2pn0 >> End >> 2020-08-30 04:37:57.966927

mvztt5ekeyv >> Start >> 2020-08-30 04:58:44.780391

mvztt5ekeyv >> Image Returned >> 2020-08-30 04:58:44.783579

mvztt5ekeyv >> End >> 2020-08-30 04:58:44.925383

qfj7mwpib0n >> Start >> 2020-08-30 06:44:04.362685

qfj7mwpib0n >> Image Returned >> 2020-08-30 06:44:04.365777

qfj7mwpib0n >> End >> 2020-08-30 06:44:04.491837

dhd3rhp6075 >> Start >> 2020-08-30 07:08:32.345338

dhd3rhp6075 >> Image Returned >> 2020-08-30 07:08:32.350128

dhd3rhp6075 >> End >> 2020-08-30 07:08:32.508192

8zwcv22tzvw >> Start >> 2020-08-30 07:31:11.392366

8zwcv22tzvw >> Image Returned >> 2020-08-30 07:31:11.397550

8zwcv22tzvw >> End >> 2020-08-30 07:31:11.520659

x4vjshypb6y >> Start >> 2020-08-30 07:33:44.309833

x4vjshypb6y >> Image Returned >> 2020-08-30 07:33:44.313802

x4vjshypb6y >> End >> 2020-08-30 07:33:44.460263

72rmbjb7azj >> Start >> 2020-08-30 07:37:43.823930

72rmbjb7azj >> Image Returned >> 2020-08-30 07:37:43.829864

72rmbjb7azj >> End >> 2020-08-30 07:37:43.984357

656khhhyzv7 >> Start >> 2020-08-30 07:38:20.034975

656khhhyzv7 >> Image Returned >> 2020-08-30 07:38:20.038192

656khhhyzv7 >> End >> 2020-08-30 07:38:20.182821

7dvydd6h6k5 >> Start >> 2020-08-30 07:38:35.663847

7dvydd6h6k5 >> Image Returned >> 2020-08-30 07:38:35.667162

7dvydd6h6k5 >> End >> 2020-08-30 07:38:35.823455

n7j5d0cuv2h >> Start >> 2020-08-30 07:40:45.850688

n7j5d0cuv2h >> Image Returned >> 2020-08-30 07:40:45.854334

n7j5d0cuv2h >> End >> 2020-08-30 07:40:46.003307

spankpp6ksi >> Start >> 2020-08-30 07:40:57.075762

spankpp6ksi >> Image Returned >> 2020-08-30 07:40:57.078891

spankpp6ksi >> End >> 2020-08-30 07:40:57.221676

7yy2dneitqt >> Start >> 2020-08-30 07:43:56.540832

7yy2dneitqt >> Image Returned >> 2020-08-30 07:43:56.546611

7yy2dneitqt >> End >> 2020-08-30 07:43:56.708478

mnaxcw6u8j2 >> Start >> 2020-08-30 07:45:13.758197

mnaxcw6u8j2 >> Image Returned >> 2020-08-30 07:45:13.761892

mnaxcw6u8j2 >> End >> 2020-08-30 07:45:13.908081

tmdvrhgshnx >> Start >> 2020-08-30 07:51:45.113960

tmdvrhgshnx >> Image Returned >> 2020-08-30 07:51:45.119298

tmdvrhgshnx >> End >> 2020-08-30 07:51:45.267549

6pxqgbvbws4 >> Start >> 2020-08-30 07:52:24.275974

6pxqgbvbws4 >> Image Returned >> 2020-08-30 07:52:24.280632

6pxqgbvbws4 >> End >> 2020-08-30 07:52:24.429527

w55pyqcqfvk >> Start >> 2020-08-30 07:54:57.183705

w55pyqcqfvk >> Image Returned >> 2020-08-30 07:54:57.187391

w55pyqcqfvk >> End >> 2020-08-30 07:54:57.332556

pp4c6pz7kmm >> Start >> 2020-08-30 07:57:16.709305

pp4c6pz7kmm >> Image Returned >> 2020-08-30 07:57:16.713501

pp4c6pz7kmm >> End >> 2020-08-30 07:57:16.858026

uei7i5rvmsd >> Start >> 2020-08-30 07:57:26.476244

uei7i5rvmsd >> Image Returned >> 2020-08-30 07:57:26.476535

uei7i5rvmsd >> End >> 2020-08-30 07:57:26.634493

r35afas4rms >> Start >> 2020-08-30 08:01:21.580130

r35afas4rms >> Image Returned >> 2020-08-30 08:01:21.584013

r35afas4rms >> End >> 2020-08-30 08:01:21.736686

ojvp534mwhc >> Start >> 2020-08-30 08:11:32.643769

ojvp534mwhc >> Image Returned >> 2020-08-30 08:11:32.648046

ojvp534mwhc >> End >> 2020-08-30 08:11:32.795330

h8sytnx3id2 >> Start >> 2020-08-30 08:13:09.930217

h8sytnx3id2 >> Image Returned >> 2020-08-30 08:13:09.934437

h8sytnx3id2 >> End >> 2020-08-30 08:13:10.080921

367mpnz50yh >> Start >> 2020-08-30 08:30:46.347409

367mpnz50yh >> Image Returned >> 2020-08-30 08:30:46.351169

367mpnz50yh >> End >> 2020-08-30 08:30:46.501431

6mcasc244se >> Start >> 2020-08-30 08:30:57.084976

6mcasc244se >> Image Returned >> 2020-08-30 08:30:57.085258

6mcasc244se >> End >> 2020-08-30 08:30:57.231046

5w44mxfvoku >> Start >> 2020-08-30 08:31:09.441329

5w44mxfvoku >> Image Returned >> 2020-08-30 08:31:09.444858

5w44mxfvoku >> End >> 2020-08-30 08:31:09.593696

mqkfwa7is2m >> Start >> 2020-08-30 08:33:02.804627

mqkfwa7is2m >> Image Returned >> 2020-08-30 08:33:02.807795

mqkfwa7is2m >> End >> 2020-08-30 08:33:02.964780

35fpcaghuij >> Start >> 2020-08-30 08:39:12.817271

35fpcaghuij >> Image Returned >> 2020-08-30 08:39:12.821412

35fpcaghuij >> End >> 2020-08-30 08:39:12.971991

nrr680iw3vz >> Start >> 2020-08-30 08:39:20.431154

nrr680iw3vz >> Image Returned >> 2020-08-30 08:39:20.431442

nrr680iw3vz >> End >> 2020-08-30 08:39:20.576273

mboja84k3sy >> Start >> 2020-08-30 08:44:09.233061

mboja84k3sy >> Image Returned >> 2020-08-30 08:44:09.238217

mboja84k3sy >> End >> 2020-08-30 08:44:09.391594

62agiy8ug4x >> Start >> 2020-08-30 08:54:49.198050

62agiy8ug4x >> Image Returned >> 2020-08-30 08:54:49.201981

62agiy8ug4x >> End >> 2020-08-30 08:54:49.347744

mfar6c8odkk >> Start >> 2020-08-30 08:56:52.862991

mfar6c8odkk >> Image Returned >> 2020-08-30 08:56:52.867193

mfar6c8odkk >> End >> 2020-08-30 08:56:53.013325

f7mxq04aud2 >> Start >> 2020-08-30 08:58:29.486546

f7mxq04aud2 >> Image Returned >> 2020-08-30 08:58:29.490487

f7mxq04aud2 >> End >> 2020-08-30 08:58:29.634248

qkmxd2gufx4 >> Start >> 2020-08-30 09:19:23.652908

qkmxd2gufx4 >> Image Returned >> 2020-08-30 09:19:23.657041

qkmxd2gufx4 >> End >> 2020-08-30 09:19:23.784821

sv4u8ecgufj >> Start >> 2020-08-30 09:23:37.507016

sv4u8ecgufj >> Image Returned >> 2020-08-30 09:23:37.511521

sv4u8ecgufj >> End >> 2020-08-30 09:23:37.659934

8sc307tcb8o >> Start >> 2020-08-30 09:24:31.919785

8sc307tcb8o >> Image Returned >> 2020-08-30 09:24:31.923021

8sc307tcb8o >> End >> 2020-08-30 09:24:32.071151

syy6meyiauj >> Start >> 2020-08-30 09:24:47.747811

syy6meyiauj >> Image Returned >> 2020-08-30 09:24:47.752230

syy6meyiauj >> End >> 2020-08-30 09:24:47.917027

yah84a88535 >> Start >> 2020-08-30 09:28:17.842708

yah84a88535 >> Image Returned >> 2020-08-30 09:28:17.846487

yah84a88535 >> End >> 2020-08-30 09:28:17.990896

taracrxt6u5 >> Start >> 2020-08-30 09:31:55.935295

taracrxt6u5 >> Image Returned >> 2020-08-30 09:31:55.939457

taracrxt6u5 >> End >> 2020-08-30 09:31:56.085273

bjvizth3wax >> Start >> 2020-08-30 09:36:49.729523

bjvizth3wax >> Image Returned >> 2020-08-30 09:36:49.733258

bjvizth3wax >> End >> 2020-08-30 09:36:49.882389

iso2mcc8ck0 >> Start >> 2020-08-30 09:41:20.919014

iso2mcc8ck0 >> Image Returned >> 2020-08-30 09:41:20.923182

iso2mcc8ck0 >> End >> 2020-08-30 09:41:21.070904

m0nnb3kevp0 >> Start >> 2020-08-30 09:43:57.139646

m0nnb3kevp0 >> Image Returned >> 2020-08-30 09:43:57.142816

m0nnb3kevp0 >> End >> 2020-08-30 09:43:57.289171

y3otuovczhi >> Start >> 2020-08-30 09:56:32.212414

y3otuovczhi >> Image Returned >> 2020-08-30 09:56:32.216414

y3otuovczhi >> End >> 2020-08-30 09:56:32.361836

4hqfe4fy66f >> Start >> 2020-08-30 10:10:35.368349

4hqfe4fy66f >> Image Returned >> 2020-08-30 10:10:35.372016

4hqfe4fy66f >> End >> 2020-08-30 10:10:35.534364

bn6sg3ds8az >> Start >> 2020-08-30 10:13:16.848133

bn6sg3ds8az >> Image Returned >> 2020-08-30 10:13:16.852444

bn6sg3ds8az >> End >> 2020-08-30 10:13:17.004575

usx5gkgr7qj >> Start >> 2020-08-30 10:19:05.114785

usx5gkgr7qj >> Image Returned >> 2020-08-30 10:19:05.119095

usx5gkgr7qj >> End >> 2020-08-30 10:19:05.267261

4teswpunzqi >> Start >> 2020-08-30 10:19:21.067925

4teswpunzqi >> Image Returned >> 2020-08-30 10:19:21.071634

4teswpunzqi >> End >> 2020-08-30 10:19:21.212591

i28ra63e7hn >> Start >> 2020-08-30 10:19:23.523288

i28ra63e7hn >> Image Returned >> 2020-08-30 10:19:23.523669

i28ra63e7hn >> End >> 2020-08-30 10:19:23.668864

r8rccxqywvg >> Start >> 2020-08-30 10:24:32.416867

r8rccxqywvg >> Image Returned >> 2020-08-30 10:24:32.420511

r8rccxqywvg >> End >> 2020-08-30 10:24:32.567116

6v46yt0xkfd >> Start >> 2020-08-30 10:25:15.705288

6v46yt0xkfd >> Image Returned >> 2020-08-30 10:25:15.710772

6v46yt0xkfd >> End >> 2020-08-30 10:25:15.858201

4kzgbt0vcvk >> Start >> 2020-08-30 10:34:44.154900

4kzgbt0vcvk >> Image Returned >> 2020-08-30 10:34:44.159563

4kzgbt0vcvk >> End >> 2020-08-30 10:34:44.306432

khdw6xemq2g >> Start >> 2020-08-30 10:41:16.010786

khdw6xemq2g >> Image Returned >> 2020-08-30 10:41:16.015275

khdw6xemq2g >> End >> 2020-08-30 10:41:16.162322

jycb4ssfiw5 >> Start >> 2020-08-30 10:47:53.584943

jycb4ssfiw5 >> Image Returned >> 2020-08-30 10:47:53.590161

jycb4ssfiw5 >> End >> 2020-08-30 10:47:53.736598

ov378imtut0 >> Start >> 2020-08-30 10:48:28.255676

ov378imtut0 >> Image Returned >> 2020-08-30 10:48:28.259174

ov378imtut0 >> End >> 2020-08-30 10:48:28.412391

vyyry8wfu6u >> Start >> 2020-08-30 10:48:55.643229

vyyry8wfu6u >> Image Returned >> 2020-08-30 10:48:55.646399

vyyry8wfu6u >> End >> 2020-08-30 10:48:55.801042

tsrb4wz3cc3 >> Start >> 2020-08-30 10:52:04.420430

tsrb4wz3cc3 >> Image Returned >> 2020-08-30 10:52:04.426476

tsrb4wz3cc3 >> End >> 2020-08-30 10:52:04.575184

6sh6rkb3wy2 >> Start >> 2020-08-30 10:54:44.266140

6sh6rkb3wy2 >> Image Returned >> 2020-08-30 10:54:44.270598

6sh6rkb3wy2 >> End >> 2020-08-30 10:54:44.422384

qsz48jye3sn >> Start >> 2020-08-30 11:05:16.554230

qsz48jye3sn >> Image Returned >> 2020-08-30 11:05:16.558520

qsz48jye3sn >> End >> 2020-08-30 11:05:16.701339

62qdq6py43t >> Start >> 2020-08-30 11:06:13.619949

62qdq6py43t >> Image Returned >> 2020-08-30 11:06:13.623519

62qdq6py43t >> End >> 2020-08-30 11:06:13.768194

gpqn66iaamm >> Start >> 2020-08-30 11:12:12.719522

gpqn66iaamm >> Image Returned >> 2020-08-30 11:12:12.723521

gpqn66iaamm >> End >> 2020-08-30 11:12:12.892353

av8m0arbvmr >> Start >> 2020-08-30 11:16:31.710165

av8m0arbvmr >> Image Returned >> 2020-08-30 11:16:31.714771

av8m0arbvmr >> End >> 2020-08-30 11:16:31.865972

0z4737o20i7 >> Start >> 2020-08-30 11:21:18.756845

0z4737o20i7 >> Image Returned >> 2020-08-30 11:21:18.760952

0z4737o20i7 >> End >> 2020-08-30 11:21:18.934653

mqoss2y88w6 >> Start >> 2020-08-30 11:25:46.508176

mqoss2y88w6 >> Image Returned >> 2020-08-30 11:25:46.512554

mqoss2y88w6 >> End >> 2020-08-30 11:25:46.654773

7rq3r0vpynm >> Start >> 2020-08-30 11:25:58.816716

7rq3r0vpynm >> Image Returned >> 2020-08-30 11:25:58.820246

7rq3r0vpynm >> End >> 2020-08-30 11:25:58.964793

s0che0jakb6 >> Start >> 2020-08-30 11:30:51.225315

s0che0jakb6 >> Image Returned >> 2020-08-30 11:30:51.228602

s0che0jakb6 >> End >> 2020-08-30 11:30:51.373531

rgy8jtgfvyh >> Start >> 2020-08-30 11:45:42.748728

rgy8jtgfvyh >> Image Returned >> 2020-08-30 11:45:42.752939

rgy8jtgfvyh >> End >> 2020-08-30 11:45:42.899213

2krijutju7w >> Start >> 2020-08-30 11:51:45.320821

2krijutju7w >> Image Returned >> 2020-08-30 11:51:45.324820

2krijutju7w >> End >> 2020-08-30 11:51:45.468652

egzd042nwmz >> Start >> 2020-08-30 11:53:31.943635

egzd042nwmz >> Image Returned >> 2020-08-30 11:53:31.948038

egzd042nwmz >> End >> 2020-08-30 11:53:32.096246

m3hcwuu0ik8 >> Start >> 2020-08-30 12:06:38.462923

m3hcwuu0ik8 >> Image Returned >> 2020-08-30 12:06:38.466336

m3hcwuu0ik8 >> End >> 2020-08-30 12:06:38.612517

jas5b2eaunu >> Start >> 2020-08-30 12:08:00.473690

jas5b2eaunu >> Image Returned >> 2020-08-30 12:08:00.477392

jas5b2eaunu >> End >> 2020-08-30 12:08:00.619246

wq34widxtfd >> Start >> 2020-08-30 12:12:44.949863

wq34widxtfd >> Image Returned >> 2020-08-30 12:12:44.953042

wq34widxtfd >> End >> 2020-08-30 12:12:45.099806

hmd77nq2t4g >> Start >> 2020-08-30 12:13:00.120928

hmd77nq2t4g >> Image Returned >> 2020-08-30 12:13:00.124039

hmd77nq2t4g >> End >> 2020-08-30 12:13:00.264086

bgw2mur6qms >> Start >> 2020-08-30 12:17:57.035753

bgw2mur6qms >> Image Returned >> 2020-08-30 12:17:57.040009

bgw2mur6qms >> End >> 2020-08-30 12:17:57.189704

bwxg3rk7sos >> Start >> 2020-08-30 12:21:04.021147

bwxg3rk7sos >> Image Returned >> 2020-08-30 12:21:04.026288

bwxg3rk7sos >> End >> 2020-08-30 12:21:04.171119

k25sd736mwt >> Start >> 2020-08-30 12:26:44.506594

k25sd736mwt >> Image Returned >> 2020-08-30 12:26:44.511656

k25sd736mwt >> End >> 2020-08-30 12:26:44.694441

5hsrpp4n0y6 >> Start >> 2020-08-30 12:30:20.976803

5hsrpp4n0y6 >> Image Returned >> 2020-08-30 12:30:20.981242

5hsrpp4n0y6 >> End >> 2020-08-30 12:30:21.141587

jegxg23bbqz >> Start >> 2020-08-30 12:44:00.959418

jegxg23bbqz >> Image Returned >> 2020-08-30 12:44:00.964624

jegxg23bbqz >> End >> 2020-08-30 12:44:01.147856

58ufwoc7cc3 >> Start >> 2020-08-30 12:44:38.524074

58ufwoc7cc3 >> Image Returned >> 2020-08-30 12:44:38.527739

58ufwoc7cc3 >> End >> 2020-08-30 12:44:38.674581

kcaf25fmnj7 >> Start >> 2020-08-30 12:45:02.416830

kcaf25fmnj7 >> Image Returned >> 2020-08-30 12:45:02.420044

kcaf25fmnj7 >> End >> 2020-08-30 12:45:02.570293

2ihvxyieyyz >> Start >> 2020-08-30 12:45:16.946855

2ihvxyieyyz >> Image Returned >> 2020-08-30 12:45:16.950149

2ihvxyieyyz >> End >> 2020-08-30 12:45:17.102680

8f8uohroy3d >> Start >> 2020-08-30 12:57:55.929918

8f8uohroy3d >> Image Returned >> 2020-08-30 12:57:55.935152

8f8uohroy3d >> End >> 2020-08-30 12:57:56.082890

wicqxbfgte6 >> Start >> 2020-08-30 13:02:26.325577

wicqxbfgte6 >> Image Returned >> 2020-08-30 13:02:26.329322

wicqxbfgte6 >> End >> 2020-08-30 13:02:26.481589

uiuiixhhvcn >> Start >> 2020-08-30 13:03:24.269798

uiuiixhhvcn >> Image Returned >> 2020-08-30 13:03:24.273520

uiuiixhhvcn >> End >> 2020-08-30 13:03:24.427195

nmste43gbyy >> Start >> 2020-08-30 13:03:44.847780

nmste43gbyy >> Image Returned >> 2020-08-30 13:03:44.851094

nmste43gbyy >> End >> 2020-08-30 13:03:45.002590

rznorvn38ow >> Start >> 2020-08-30 13:06:18.437608

rznorvn38ow >> Image Returned >> 2020-08-30 13:06:18.443361

rznorvn38ow >> End >> 2020-08-30 13:06:18.599576

ocw4oapxxhk >> Start >> 2020-08-30 13:08:46.481741

ocw4oapxxhk >> Image Returned >> 2020-08-30 13:08:46.485351

ocw4oapxxhk >> End >> 2020-08-30 13:08:46.616640

d6ezm77h47u >> Start >> 2020-08-30 13:15:31.591626

d6ezm77h47u >> Image Returned >> 2020-08-30 13:15:31.595856

d6ezm77h47u >> End >> 2020-08-30 13:15:31.738442

cs803fekiix >> Start >> 2020-08-30 13:18:27.281500

cs803fekiix >> Image Returned >> 2020-08-30 13:18:27.286514

cs803fekiix >> End >> 2020-08-30 13:18:27.414962

sfbzaorpsit >> Start >> 2020-08-30 13:19:34.162317

sfbzaorpsit >> Image Returned >> 2020-08-30 13:19:34.166147

sfbzaorpsit >> End >> 2020-08-30 13:19:34.290518

eep2u4cqwu0 >> Start >> 2020-08-30 13:44:28.126924

eep2u4cqwu0 >> Image Returned >> 2020-08-30 13:44:28.132414

eep2u4cqwu0 >> End >> 2020-08-30 13:44:28.280256

mmpgw7qzft0 >> Start >> 2020-08-30 13:46:56.248272

mmpgw7qzft0 >> Image Returned >> 2020-08-30 13:46:56.251985

mmpgw7qzft0 >> End >> 2020-08-30 13:46:56.404895

ye8df7bbqut >> Start >> 2020-08-30 13:47:03.355401

ye8df7bbqut >> Image Returned >> 2020-08-30 13:47:03.355693

ye8df7bbqut >> End >> 2020-08-30 13:47:03.503905

ndbh8dys3o4 >> Start >> 2020-08-30 13:47:23.816900

ndbh8dys3o4 >> Image Returned >> 2020-08-30 13:47:23.820725

ndbh8dys3o4 >> End >> 2020-08-30 13:47:23.964977

butaw2ydicf >> Start >> 2020-08-30 13:53:09.078387

butaw2ydicf >> Image Returned >> 2020-08-30 13:53:09.081545

butaw2ydicf >> End >> 2020-08-30 13:53:09.228971

4n084co0r08 >> Start >> 2020-08-30 14:07:18.397866

4n084co0r08 >> Image Returned >> 2020-08-30 14:07:18.401509

4n084co0r08 >> End >> 2020-08-30 14:07:18.559472

ibeaannz8ay >> Start >> 2020-08-30 14:17:55.663714

ibeaannz8ay >> Image Returned >> 2020-08-30 14:17:55.667000

ibeaannz8ay >> End >> 2020-08-30 14:17:55.816293

cjcf0xocgeu >> Start >> 2020-08-30 14:29:01.232469

cjcf0xocgeu >> Image Returned >> 2020-08-30 14:29:01.235757

cjcf0xocgeu >> End >> 2020-08-30 14:29:02.933156

o6y06ywaafe >> Start >> 2020-08-30 14:29:35.032044

o6y06ywaafe >> Image Returned >> 2020-08-30 14:29:35.036026

o6y06ywaafe >> End >> 2020-08-30 14:29:35.188121

ksp4vk05xt7 >> Start >> 2020-08-30 14:30:27.926728

ksp4vk05xt7 >> Image Returned >> 2020-08-30 14:30:27.930562

ksp4vk05xt7 >> End >> 2020-08-30 14:30:28.075504

7gkydiyfufz >> Start >> 2020-08-30 14:41:06.756567

7gkydiyfufz >> Image Returned >> 2020-08-30 14:41:06.762353

7gkydiyfufz >> End >> 2020-08-30 14:41:06.913628

t6m8g5aw076 >> Start >> 2020-08-30 14:41:32.474158

t6m8g5aw076 >> Image Returned >> 2020-08-30 14:41:32.477957

t6m8g5aw076 >> End >> 2020-08-30 14:41:32.628998

qtpquq7ejtf >> Start >> 2020-08-30 14:47:06.122034

qtpquq7ejtf >> Image Returned >> 2020-08-30 14:47:06.125257

qtpquq7ejtf >> End >> 2020-08-30 14:47:06.274424

riisoin8rbh >> Start >> 2020-08-30 14:56:21.812642

riisoin8rbh >> Image Returned >> 2020-08-30 14:56:21.817624

riisoin8rbh >> End >> 2020-08-30 14:56:21.972527

oqvvcfant04 >> Start >> 2020-08-30 14:57:00.727574

oqvvcfant04 >> Image Returned >> 2020-08-30 14:57:00.730722

oqvvcfant04 >> End >> 2020-08-30 14:57:00.892226

8i6tvxdruid >> Start >> 2020-08-30 15:08:56.602130

8i6tvxdruid >> Image Returned >> 2020-08-30 15:08:56.606678

8i6tvxdruid >> End >> 2020-08-30 15:08:56.751188

ufrm5kba02z >> Start >> 2020-08-30 15:17:28.608916

ufrm5kba02z >> Image Returned >> 2020-08-30 15:17:28.613087

ufrm5kba02z >> End >> 2020-08-30 15:17:28.764327

sfewppeg2t8 >> Start >> 2020-08-30 15:17:41.750590

sfewppeg2t8 >> Image Returned >> 2020-08-30 15:17:41.755362

sfewppeg2t8 >> End >> 2020-08-30 15:17:41.911811

jookq7omtzz >> Start >> 2020-08-30 15:20:35.109446

jookq7omtzz >> Image Returned >> 2020-08-30 15:20:35.115586

jookq7omtzz >> End >> 2020-08-30 15:20:35.258630

ngraxfigrso >> Start >> 2020-08-30 15:27:32.069786

ngraxfigrso >> Image Returned >> 2020-08-30 15:27:32.075484

ngraxfigrso >> End >> 2020-08-30 15:27:32.226763

vwgnov0rsu5 >> Start >> 2020-08-30 15:44:01.049923

vwgnov0rsu5 >> Image Returned >> 2020-08-30 15:44:01.053869

vwgnov0rsu5 >> End >> 2020-08-30 15:44:01.243518

f7krv2eswcp >> Start >> 2020-08-30 15:56:31.399662

f7krv2eswcp >> Image Returned >> 2020-08-30 15:56:31.404273

f7krv2eswcp >> End >> 2020-08-30 15:56:31.554183

f4zrr03yyfj >> Start >> 2020-08-30 16:01:16.835356

f4zrr03yyfj >> Image Returned >> 2020-08-30 16:01:16.839448

f4zrr03yyfj >> End >> 2020-08-30 16:01:16.992589

f320wnpyna0 >> Start >> 2020-08-30 17:00:29.480597

f320wnpyna0 >> Image Returned >> 2020-08-30 17:00:29.483952

f320wnpyna0 >> End >> 2020-08-30 17:00:29.637285

ei54c4q05cz >> Start >> 2020-08-30 17:09:57.692540

ei54c4q05cz >> Image Returned >> 2020-08-30 17:09:57.697575

ei54c4q05cz >> End >> 2020-08-30 17:09:57.843031

he5zedpy8xv >> Start >> 2020-08-30 17:10:55.587491

he5zedpy8xv >> Image Returned >> 2020-08-30 17:10:55.591547

he5zedpy8xv >> End >> 2020-08-30 17:10:55.756048

frb8d4uipag >> Start >> 2020-08-30 17:21:31.438765

frb8d4uipag >> Image Returned >> 2020-08-30 17:21:31.442737

frb8d4uipag >> End >> 2020-08-30 17:21:31.604592

eem7xrbnge8 >> Start >> 2020-08-30 17:41:50.996311

eem7xrbnge8 >> Image Returned >> 2020-08-30 17:41:50.999593

eem7xrbnge8 >> End >> 2020-08-30 17:41:51.133671

82evnbwyn4b >> Start >> 2020-08-30 17:52:24.420269

82evnbwyn4b >> Image Returned >> 2020-08-30 17:52:24.423672

82evnbwyn4b >> End >> 2020-08-30 17:52:24.563882

5q4kipvzuqw >> Start >> 2020-08-30 17:54:43.822087

5q4kipvzuqw >> Image Returned >> 2020-08-30 17:54:43.826955

5q4kipvzuqw >> End >> 2020-08-30 17:54:43.992855

5k4cyzqyqpo >> Start >> 2020-08-30 18:09:25.608869

5k4cyzqyqpo >> Image Returned >> 2020-08-30 18:09:25.612237

5k4cyzqyqpo >> End >> 2020-08-30 18:09:25.790424

iqynpvoyvkq >> Start >> 2020-08-30 18:12:34.277906

iqynpvoyvkq >> Image Returned >> 2020-08-30 18:12:34.281568

iqynpvoyvkq >> End >> 2020-08-30 18:12:34.432777

4uiesydrb22 >> Start >> 2020-08-30 18:13:24.833822

4uiesydrb22 >> Image Returned >> 2020-08-30 18:13:24.837162

4uiesydrb22 >> End >> 2020-08-30 18:13:24.984066

vi2c4d7b0tp >> Start >> 2020-08-30 18:13:40.641726

vi2c4d7b0tp >> Image Returned >> 2020-08-30 18:13:40.646035

vi2c4d7b0tp >> End >> 2020-08-30 18:13:40.791733

0cvf5exyt6r >> Start >> 2020-08-30 18:13:44.117221

0cvf5exyt6r >> Image Returned >> 2020-08-30 18:13:44.117508

0cvf5exyt6r >> End >> 2020-08-30 18:13:44.263343

amdgcyq7zxy >> Start >> 2020-08-30 18:22:46.630409

amdgcyq7zxy >> Image Returned >> 2020-08-30 18:22:46.634325

amdgcyq7zxy >> End >> 2020-08-30 18:22:46.830641

4q6wis2mi8c >> Start >> 2020-08-30 18:26:54.330854

4q6wis2mi8c >> Image Returned >> 2020-08-30 18:26:54.335697

4q6wis2mi8c >> End >> 2020-08-30 18:26:54.480894

twr88eqcjp8 >> Start >> 2020-08-30 18:27:46.711724

twr88eqcjp8 >> Image Returned >> 2020-08-30 18:27:46.716099

twr88eqcjp8 >> End >> 2020-08-30 18:27:46.874733

0x0ezjcpmy0 >> Start >> 2020-08-30 18:34:57.007746

0x0ezjcpmy0 >> Image Returned >> 2020-08-30 18:34:57.011053

0x0ezjcpmy0 >> End >> 2020-08-30 18:34:57.163244

5ddicitys4g >> Start >> 2020-08-30 18:41:24.917956

5ddicitys4g >> Image Returned >> 2020-08-30 18:41:24.918344

5ddicitys4g >> End >> 2020-08-30 18:41:25.068938

25633f00h2x >> Start >> 2020-08-30 18:43:30.893901

25633f00h2x >> Image Returned >> 2020-08-30 18:43:30.897833

25633f00h2x >> End >> 2020-08-30 18:43:31.050983

rssbvqzb72r >> Start >> 2020-08-30 18:44:37.790510

rssbvqzb72r >> Image Returned >> 2020-08-30 18:44:37.794318

rssbvqzb72r >> End >> 2020-08-30 18:44:37.946055

ss0mrbdvvka >> Start >> 2020-08-30 18:46:09.501651

ss0mrbdvvka >> Image Returned >> 2020-08-30 18:46:09.505108

ss0mrbdvvka >> End >> 2020-08-30 18:46:09.667422

sd5hhre5xky >> Start >> 2020-08-30 18:47:01.648457

sd5hhre5xky >> Image Returned >> 2020-08-30 18:47:01.651689

sd5hhre5xky >> End >> 2020-08-30 18:47:01.801346

nevhs4i5uku >> Start >> 2020-08-30 18:47:04.810952

nevhs4i5uku >> Image Returned >> 2020-08-30 18:47:04.811247

nevhs4i5uku >> End >> 2020-08-30 18:47:04.977792

3qnqkh2it4m >> Start >> 2020-08-30 18:47:40.051840

3qnqkh2it4m >> Image Returned >> 2020-08-30 18:47:40.055563

3qnqkh2it4m >> End >> 2020-08-30 18:47:40.204113

omxzbtvcwwf >> Start >> 2020-08-30 18:53:35.586036

omxzbtvcwwf >> Image Returned >> 2020-08-30 18:53:35.590066

omxzbtvcwwf >> End >> 2020-08-30 18:53:35.739995

jpdghxgn4v0 >> Start >> 2020-08-30 18:58:32.683129

jpdghxgn4v0 >> Image Returned >> 2020-08-30 18:58:32.688364

jpdghxgn4v0 >> End >> 2020-08-30 18:58:32.843247

kq8bnhzn5d5 >> Start >> 2020-08-30 18:59:28.403980

kq8bnhzn5d5 >> Image Returned >> 2020-08-30 18:59:28.408797

kq8bnhzn5d5 >> End >> 2020-08-30 18:59:28.555331

7ijzg36so4m >> Start >> 2020-08-30 19:00:11.585405

7ijzg36so4m >> Image Returned >> 2020-08-30 19:00:11.588658

7ijzg36so4m >> End >> 2020-08-30 19:00:11.756638

p7nwbusq6gu >> Start >> 2020-08-30 19:00:31.446072

p7nwbusq6gu >> Image Returned >> 2020-08-30 19:00:31.450148

p7nwbusq6gu >> End >> 2020-08-30 19:00:31.619977

5d0ninpd4ys >> Start >> 2020-08-30 19:01:11.068553

5d0ninpd4ys >> Image Returned >> 2020-08-30 19:01:11.071891

5d0ninpd4ys >> End >> 2020-08-30 19:01:11.224302

r3aj2i7fjdf >> Start >> 2020-08-30 19:03:02.008074

r3aj2i7fjdf >> Image Returned >> 2020-08-30 19:03:02.011599

r3aj2i7fjdf >> End >> 2020-08-30 19:03:02.183028

v2yv0euuv4y >> Start >> 2020-08-30 19:04:02.290615

v2yv0euuv4y >> Image Returned >> 2020-08-30 19:04:02.294440

v2yv0euuv4y >> End >> 2020-08-30 19:04:02.448621

oggzp5h0j3b >> Start >> 2020-08-30 19:22:36.818835

oggzp5h0j3b >> Image Returned >> 2020-08-30 19:22:36.822777

oggzp5h0j3b >> End >> 2020-08-30 19:22:36.986640

wak84tv4d3b >> Start >> 2020-08-30 19:26:35.081619

wak84tv4d3b >> Image Returned >> 2020-08-30 19:26:35.086990

wak84tv4d3b >> End >> 2020-08-30 19:26:35.239042

d8d3800viq0 >> Start >> 2020-08-30 19:33:22.536770

d8d3800viq0 >> Image Returned >> 2020-08-30 19:33:22.540230

d8d3800viq0 >> End >> 2020-08-30 19:33:22.686853

ztjxgneqr0p >> Start >> 2020-08-30 19:35:31.901350

ztjxgneqr0p >> Image Returned >> 2020-08-30 19:35:31.906733

ztjxgneqr0p >> End >> 2020-08-30 19:35:32.061702

vpr4bn0sdhk >> Start >> 2020-08-30 19:35:51.827930

vpr4bn0sdhk >> Image Returned >> 2020-08-30 19:35:51.831821

vpr4bn0sdhk >> End >> 2020-08-30 19:35:51.960809

rjvsfihexgr >> Start >> 2020-08-30 19:39:00.899272

rjvsfihexgr >> Image Returned >> 2020-08-30 19:39:00.905953

rjvsfihexgr >> End >> 2020-08-30 19:39:01.283417

3mq7wok46wz >> Start >> 2020-08-30 19:51:00.394125

3mq7wok46wz >> Image Returned >> 2020-08-30 19:51:00.398730

3mq7wok46wz >> End >> 2020-08-30 19:51:00.558792

f585063q2ba >> Start >> 2020-08-30 20:02:23.571268

f585063q2ba >> Image Returned >> 2020-08-30 20:02:23.575031

f585063q2ba >> End >> 2020-08-30 20:02:23.722199

sqsgtzx2o7g >> Start >> 2020-08-30 20:04:00.563566

sqsgtzx2o7g >> Image Returned >> 2020-08-30 20:04:00.567673

sqsgtzx2o7g >> End >> 2020-08-30 20:04:00.728837

kjiym573qna >> Start >> 2020-08-30 20:05:42.660065

kjiym573qna >> Image Returned >> 2020-08-30 20:05:42.663441

kjiym573qna >> End >> 2020-08-30 20:05:42.825783

oe0xiyd6ewd >> Start >> 2020-08-30 20:08:11.084521

oe0xiyd6ewd >> Image Returned >> 2020-08-30 20:08:11.088852

oe0xiyd6ewd >> End >> 2020-08-30 20:08:11.248684

rqukjiyjmmr >> Start >> 2020-08-30 20:08:18.857215

rqukjiyjmmr >> Image Returned >> 2020-08-30 20:08:18.857561

rqukjiyjmmr >> End >> 2020-08-30 20:08:19.015014

k6v348q3dip >> Start >> 2020-08-30 20:08:22.410520

k6v348q3dip >> Image Returned >> 2020-08-30 20:08:22.410854

k6v348q3dip >> End >> 2020-08-30 20:08:22.559633

2jaqcqapyg7 >> Start >> 2020-08-30 20:11:54.324117

2jaqcqapyg7 >> Image Returned >> 2020-08-30 20:11:54.327510

2jaqcqapyg7 >> End >> 2020-08-30 20:11:54.478132

ra0mbx843eh >> Start >> 2020-08-30 20:28:28.878314

ra0mbx843eh >> Image Returned >> 2020-08-30 20:28:28.883999

ra0mbx843eh >> End >> 2020-08-30 20:28:29.031574

7a0sir2fi5y >> Start >> 2020-08-30 20:33:12.900727

7a0sir2fi5y >> Image Returned >> 2020-08-30 20:33:12.904181

7a0sir2fi5y >> End >> 2020-08-30 20:33:13.046484

gc0vjg6gc6k >> Start >> 2020-08-30 20:35:53.408632

gc0vjg6gc6k >> Image Returned >> 2020-08-30 20:35:53.413805

gc0vjg6gc6k >> End >> 2020-08-30 20:35:53.567683

g68dhgxjuh4 >> Start >> 2020-08-30 20:37:30.194204

g68dhgxjuh4 >> Image Returned >> 2020-08-30 20:37:30.198227

g68dhgxjuh4 >> End >> 2020-08-30 20:37:30.347424

z8xuo0q6upe >> Start >> 2020-08-30 20:45:28.165221

z8xuo0q6upe >> Image Returned >> 2020-08-30 20:45:28.170105

z8xuo0q6upe >> End >> 2020-08-30 20:45:28.335483

x6f5wsus6nf >> Start >> 2020-08-30 20:47:44.617829

x6f5wsus6nf >> Image Returned >> 2020-08-30 20:47:44.622479

x6f5wsus6nf >> End >> 2020-08-30 20:47:44.774494

cy0nibx00ts >> Start >> 2020-08-30 20:48:39.385760

cy0nibx00ts >> Image Returned >> 2020-08-30 20:48:39.391313

cy0nibx00ts >> End >> 2020-08-30 20:48:39.539751

jjt8duuetje >> Start >> 2020-08-30 21:05:47.067608

jjt8duuetje >> Image Returned >> 2020-08-30 21:05:47.072967

jjt8duuetje >> End >> 2020-08-30 21:05:47.217236

53rigb6g42z >> Start >> 2020-08-30 21:07:32.158660

53rigb6g42z >> Image Returned >> 2020-08-30 21:07:32.162812

53rigb6g42z >> End >> 2020-08-30 21:07:32.317333

j3fjyptxgt8 >> Start >> 2020-08-30 21:08:05.105048

j3fjyptxgt8 >> Image Returned >> 2020-08-30 21:08:05.109078

j3fjyptxgt8 >> End >> 2020-08-30 21:08:05.274389

poeukjiei0n >> Start >> 2020-08-30 21:08:07.189090

poeukjiei0n >> Image Returned >> 2020-08-30 21:08:07.189424

poeukjiei0n >> End >> 2020-08-30 21:08:07.334026

a5strp04bck >> Start >> 2020-08-30 21:14:04.275141

a5strp04bck >> Image Returned >> 2020-08-30 21:14:04.279385

a5strp04bck >> End >> 2020-08-30 21:14:04.431066

q76et0igaq8 >> Start >> 2020-08-30 21:14:11.845144

q76et0igaq8 >> Image Returned >> 2020-08-30 21:14:11.845434

q76et0igaq8 >> End >> 2020-08-30 21:14:11.989430

3iy5rnzve5n >> Start >> 2020-08-30 21:23:14.796663

3iy5rnzve5n >> Image Returned >> 2020-08-30 21:23:14.801048

3iy5rnzve5n >> End >> 2020-08-30 21:23:14.949903

stacxmxfsq4 >> Start >> 2020-08-30 21:24:51.386909

stacxmxfsq4 >> Image Returned >> 2020-08-30 21:24:51.391022

stacxmxfsq4 >> End >> 2020-08-30 21:24:51.540194

hy6524ospty >> Start >> 2020-08-30 21:29:46.339694

hy6524ospty >> Image Returned >> 2020-08-30 21:29:46.344027

hy6524ospty >> End >> 2020-08-30 21:29:46.490242

zvdxf4q270b >> Start >> 2020-08-30 21:30:02.279406

zvdxf4q270b >> Image Returned >> 2020-08-30 21:30:02.282819

zvdxf4q270b >> End >> 2020-08-30 21:30:02.431438

gi76r5osnpi >> Start >> 2020-08-30 21:33:11.373016

gi76r5osnpi >> Image Returned >> 2020-08-30 21:33:11.376455

gi76r5osnpi >> End >> 2020-08-30 21:33:11.521286

ohqhi5rskti >> Start >> 2020-08-30 21:38:33.093401

ohqhi5rskti >> Image Returned >> 2020-08-30 21:38:33.097042

ohqhi5rskti >> End >> 2020-08-30 21:38:33.255671

mupmxxqhfsm >> Start >> 2020-08-30 21:39:49.460059

mupmxxqhfsm >> Image Returned >> 2020-08-30 21:39:49.465045

mupmxxqhfsm >> End >> 2020-08-30 21:39:49.619399

00t4wp5vody >> Start >> 2020-08-30 21:50:40.796972

00t4wp5vody >> Image Returned >> 2020-08-30 21:50:40.802831

00t4wp5vody >> End >> 2020-08-30 21:50:40.989625

f53u5rrupn5 >> Start >> 2020-08-30 21:56:49.827909

f53u5rrupn5 >> Image Returned >> 2020-08-30 21:56:49.833368

f53u5rrupn5 >> End >> 2020-08-30 21:56:49.981645

zwdq5rqzx2o >> Start >> 2020-08-30 22:01:02.365154

zwdq5rqzx2o >> Image Returned >> 2020-08-30 22:01:02.368757

zwdq5rqzx2o >> End >> 2020-08-30 22:01:02.522182

nxiks4zoyun >> Start >> 2020-08-30 22:01:08.355639

nxiks4zoyun >> Image Returned >> 2020-08-30 22:01:08.355982

nxiks4zoyun >> End >> 2020-08-30 22:01:08.503525

bi02wj5h7jf >> Start >> 2020-08-30 22:13:27.507282

bi02wj5h7jf >> Image Returned >> 2020-08-30 22:13:27.510926

bi02wj5h7jf >> End >> 2020-08-30 22:13:27.658765

5mcbugcxku8 >> Start >> 2020-08-30 22:13:36.844460

5mcbugcxku8 >> Image Returned >> 2020-08-30 22:13:36.844743

5mcbugcxku8 >> End >> 2020-08-30 22:13:37.000791

i5mi3sanfiu >> Start >> 2020-08-30 22:16:04.591850

i5mi3sanfiu >> Image Returned >> 2020-08-30 22:16:04.595243

i5mi3sanfiu >> End >> 2020-08-30 22:16:04.716548

zryzuxiptvo >> Start >> 2020-08-30 22:30:20.126167

zryzuxiptvo >> Image Returned >> 2020-08-30 22:30:20.130311

zryzuxiptvo >> End >> 2020-08-30 22:30:20.280291

5hhc3pjttmu >> Start >> 2020-08-30 22:30:29.082598

5hhc3pjttmu >> Image Returned >> 2020-08-30 22:30:29.082906

5hhc3pjttmu >> End >> 2020-08-30 22:30:29.229090

0zkyxzktb2d >> Start >> 2020-08-30 22:31:45.110513

0zkyxzktb2d >> Image Returned >> 2020-08-30 22:31:45.114603

0zkyxzktb2d >> End >> 2020-08-30 22:31:45.256728

8urwpoopery >> Start >> 2020-08-30 22:33:39.040940

8urwpoopery >> Image Returned >> 2020-08-30 22:33:39.044296

8urwpoopery >> End >> 2020-08-30 22:33:39.191123

dbm3vexdodk >> Start >> 2020-08-30 22:39:40.521470

dbm3vexdodk >> Image Returned >> 2020-08-30 22:39:40.524863

dbm3vexdodk >> End >> 2020-08-30 22:39:40.670357

4x4w3pk3pbr >> Start >> 2020-08-30 22:39:53.534518

4x4w3pk3pbr >> Image Returned >> 2020-08-30 22:39:53.538563

4x4w3pk3pbr >> End >> 2020-08-30 22:39:53.680352

xxut4tppkyx >> Start >> 2020-08-30 22:41:26.633125

xxut4tppkyx >> Image Returned >> 2020-08-30 22:41:26.637113

xxut4tppkyx >> End >> 2020-08-30 22:41:26.790554

musej6bp7ug >> Start >> 2020-08-30 22:50:26.189723

musej6bp7ug >> Image Returned >> 2020-08-30 22:50:26.194519

musej6bp7ug >> End >> 2020-08-30 22:50:26.339452

wo4p7btsw80 >> Start >> 2020-08-30 22:50:43.778177

wo4p7btsw80 >> Image Returned >> 2020-08-30 22:50:43.782116

wo4p7btsw80 >> End >> 2020-08-30 22:50:43.929210

2mx57eiouq8 >> Start >> 2020-08-30 22:56:17.844444

2mx57eiouq8 >> Image Returned >> 2020-08-30 22:56:17.847889

2mx57eiouq8 >> End >> 2020-08-30 22:56:17.996711

xs7gyaqjk0x >> Start >> 2020-08-30 23:02:43.786037

xs7gyaqjk0x >> Image Returned >> 2020-08-30 23:02:43.792078

xs7gyaqjk0x >> End >> 2020-08-30 23:02:43.960535

7tudry8ha6q >> Start >> 2020-08-30 23:03:57.307333

7tudry8ha6q >> Image Returned >> 2020-08-30 23:03:57.312618

7tudry8ha6q >> End >> 2020-08-30 23:03:57.458595

v6jzg6tyrk2 >> Start >> 2020-08-30 23:04:12.816903

v6jzg6tyrk2 >> Image Returned >> 2020-08-30 23:04:12.820548

v6jzg6tyrk2 >> End >> 2020-08-30 23:04:12.979132

fdfzqpiimay >> Start >> 2020-08-30 23:28:03.211689

fdfzqpiimay >> Image Returned >> 2020-08-30 23:28:03.216897

fdfzqpiimay >> End >> 2020-08-30 23:28:03.368804

g8n8kv5g4bf >> Start >> 2020-08-30 23:34:32.786952

g8n8kv5g4bf >> Image Returned >> 2020-08-30 23:34:32.790518

g8n8kv5g4bf >> End >> 2020-08-30 23:34:32.933511

2o4xi50nb0m >> Start >> 2020-08-30 23:43:27.960503

2o4xi50nb0m >> Image Returned >> 2020-08-30 23:43:27.964946

2o4xi50nb0m >> End >> 2020-08-30 23:43:28.111377

js6heh7uafo >> Start >> 2020-08-30 23:43:28.365617

js6heh7uafo >> Image Returned >> 2020-08-30 23:43:28.365931

js6heh7uafo >> End >> 2020-08-30 23:43:28.511745

