sd0tmkyc5b3 >> Start >> 2020-11-09 00:07:02.256424

sd0tmkyc5b3 >> Image Returned >> 2020-11-09 00:07:02.261552

sd0tmkyc5b3 >> End >> 2020-11-09 00:07:02.447834

jom5rafdyf0 >> Start >> 2020-11-09 00:08:08.372355

jom5rafdyf0 >> Image Returned >> 2020-11-09 00:08:08.377682

jom5rafdyf0 >> End >> 2020-11-09 00:08:08.563292

e5sadr28uez >> Start >> 2020-11-09 00:09:01.025475

e5sadr28uez >> Image Returned >> 2020-11-09 00:09:01.029252

e5sadr28uez >> End >> 2020-11-09 00:09:01.222227

4cjqqjpastt >> Start >> 2020-11-09 00:10:49.424339

4cjqqjpastt >> Image Returned >> 2020-11-09 00:10:49.429195

4cjqqjpastt >> End >> 2020-11-09 00:10:49.612102

q7tsf2ucazh >> Start >> 2020-11-09 00:17:58.405378

q7tsf2ucazh >> Image Returned >> 2020-11-09 00:17:58.409149

q7tsf2ucazh >> End >> 2020-11-09 00:17:58.596395

c2uyvad38kv >> Start >> 2020-11-09 00:21:40.062719

c2uyvad38kv >> Image Returned >> 2020-11-09 00:21:40.066724

c2uyvad38kv >> End >> 2020-11-09 00:21:40.253974

m7pgxi2yirt >> Start >> 2020-11-09 00:24:41.174671

m7pgxi2yirt >> Image Returned >> 2020-11-09 00:24:41.178348

m7pgxi2yirt >> End >> 2020-11-09 00:24:41.362068

vbppccmywfi >> Start >> 2020-11-09 00:31:11.118218

vbppccmywfi >> Image Returned >> 2020-11-09 00:31:11.122683

vbppccmywfi >> End >> 2020-11-09 00:31:11.505036

3bwahoi5hcj >> Start >> 2020-11-09 00:31:34.633681

3bwahoi5hcj >> Image Returned >> 2020-11-09 00:31:34.637598

3bwahoi5hcj >> End >> 2020-11-09 00:31:34.828722

bgu3g08opj7 >> Start >> 2020-11-09 00:51:42.769581

bgu3g08opj7 >> Image Returned >> 2020-11-09 00:51:42.774122

bgu3g08opj7 >> End >> 2020-11-09 00:51:42.970501

bxuhmqpbv0f >> Start >> 2020-11-09 00:59:50.081666

bxuhmqpbv0f >> Image Returned >> 2020-11-09 00:59:50.087800

bxuhmqpbv0f >> End >> 2020-11-09 00:59:50.283725

2g4gxzhqo64 >> Start >> 2020-11-09 02:06:51.358573

2g4gxzhqo64 >> Image Returned >> 2020-11-09 02:06:51.364808

2g4gxzhqo64 >> End >> 2020-11-09 02:06:51.555511

6wdnwkcz8vs >> Start >> 2020-11-09 02:17:51.169327

6wdnwkcz8vs >> Image Returned >> 2020-11-09 02:17:51.173444

6wdnwkcz8vs >> End >> 2020-11-09 02:17:51.367257

m5fkbmdmdso >> Start >> 2020-11-09 02:25:06.793709

m5fkbmdmdso >> Image Returned >> 2020-11-09 02:25:06.800358

m5fkbmdmdso >> End >> 2020-11-09 02:25:06.983225

d70dprpp5tr >> Start >> 2020-11-09 03:29:16.303730

d70dprpp5tr >> Image Returned >> 2020-11-09 03:29:16.308048

d70dprpp5tr >> End >> 2020-11-09 03:29:16.514992

btjpzmeuva7 >> Start >> 2020-11-09 03:33:01.573224

btjpzmeuva7 >> Image Returned >> 2020-11-09 03:33:01.577927

btjpzmeuva7 >> End >> 2020-11-09 03:33:01.759735

i33334yscq5 >> Start >> 2020-11-09 03:44:17.079353

i33334yscq5 >> Image Returned >> 2020-11-09 03:44:17.083616

i33334yscq5 >> End >> 2020-11-09 03:44:17.267121

bhsg3t5mrgw >> Start >> 2020-11-09 03:48:35.184890

bhsg3t5mrgw >> Image Returned >> 2020-11-09 03:48:35.189620

bhsg3t5mrgw >> End >> 2020-11-09 03:48:35.402075

g2dnsod368p >> Start >> 2020-11-09 03:50:23.383619

g2dnsod368p >> Image Returned >> 2020-11-09 03:50:23.387590

g2dnsod368p >> End >> 2020-11-09 03:50:23.574847

0yiungoc02x >> Start >> 2020-11-09 04:02:21.432219

0yiungoc02x >> Image Returned >> 2020-11-09 04:02:21.436923

0yiungoc02x >> End >> 2020-11-09 04:02:21.621927

527cupu8gnw >> Start >> 2020-11-09 04:21:23.110016

527cupu8gnw >> Image Returned >> 2020-11-09 04:21:23.114242

527cupu8gnw >> End >> 2020-11-09 04:21:23.300923

krorajpkymx >> Start >> 2020-11-09 04:44:16.477535

krorajpkymx >> Image Returned >> 2020-11-09 04:44:16.481556

krorajpkymx >> End >> 2020-11-09 04:44:16.669954

24tsjjh54m5 >> Start >> 2020-11-09 04:56:25.614959

24tsjjh54m5 >> Image Returned >> 2020-11-09 04:56:25.617445

24tsjjh54m5 >> End >> 2020-11-09 04:56:25.858824

ie4tnhbrbbb >> Start >> 2020-11-09 05:05:53.367774

ie4tnhbrbbb >> Image Returned >> 2020-11-09 05:05:53.371651

ie4tnhbrbbb >> End >> 2020-11-09 05:05:53.559458

w6kuxv46uu7 >> Start >> 2020-11-09 05:07:59.720340

w6kuxv46uu7 >> Image Returned >> 2020-11-09 05:07:59.723543

w6kuxv46uu7 >> End >> 2020-11-09 05:07:59.904288

7ou50xiac57 >> Start >> 2020-11-09 05:28:59.158823

7ou50xiac57 >> Image Returned >> 2020-11-09 05:28:59.161976

7ou50xiac57 >> End >> 2020-11-09 05:28:59.348645

hpm3hs7xa5f >> Start >> 2020-11-09 05:29:47.413389

hpm3hs7xa5f >> Image Returned >> 2020-11-09 05:29:47.417053

hpm3hs7xa5f >> End >> 2020-11-09 05:29:47.603404

yx3bmzs62pv >> Start >> 2020-11-09 05:30:12.656258

yx3bmzs62pv >> Image Returned >> 2020-11-09 05:30:12.659137

yx3bmzs62pv >> End >> 2020-11-09 05:30:12.848121

vye35qeaaeq >> Start >> 2020-11-09 05:31:00.427665

vye35qeaaeq >> Image Returned >> 2020-11-09 05:31:00.430620

vye35qeaaeq >> End >> 2020-11-09 05:31:00.618017

gvcdivg04kg >> Start >> 2020-11-09 05:45:09.638505

gvcdivg04kg >> Image Returned >> 2020-11-09 05:45:09.641990

gvcdivg04kg >> End >> 2020-11-09 05:45:09.829771

eomuipdiqh3 >> Start >> 2020-11-09 06:22:58.278434

eomuipdiqh3 >> Image Returned >> 2020-11-09 06:22:58.281785

eomuipdiqh3 >> End >> 2020-11-09 06:22:58.498336

mfwftncy5mz >> Start >> 2020-11-09 06:49:59.833388

mfwftncy5mz >> Image Returned >> 2020-11-09 06:49:59.836745

mfwftncy5mz >> End >> 2020-11-09 06:50:00.041007

a6gpxj0k8w2 >> Start >> 2020-11-09 06:52:26.630405

a6gpxj0k8w2 >> Image Returned >> 2020-11-09 06:52:26.634316

a6gpxj0k8w2 >> End >> 2020-11-09 06:52:26.902766

ezifs2ad5b8 >> Start >> 2020-11-09 07:10:37.790292

ezifs2ad5b8 >> Image Returned >> 2020-11-09 07:10:37.794245

ezifs2ad5b8 >> End >> 2020-11-09 07:10:37.986032

4h3tweds0y7 >> Start >> 2020-11-09 07:20:34.571068

4h3tweds0y7 >> Image Returned >> 2020-11-09 07:20:34.573930

4h3tweds0y7 >> End >> 2020-11-09 07:20:34.756779

3nfzdxot4fb >> Start >> 2020-11-09 07:24:27.213017

3nfzdxot4fb >> Image Returned >> 2020-11-09 07:24:27.216299

3nfzdxot4fb >> End >> 2020-11-09 07:24:27.422113

pessy8asxbo >> Start >> 2020-11-09 07:29:27.097193

pessy8asxbo >> Image Returned >> 2020-11-09 07:29:27.100476

pessy8asxbo >> End >> 2020-11-09 07:29:27.291379

uotqiofn6ye >> Start >> 2020-11-09 07:29:43.030052

uotqiofn6ye >> Image Returned >> 2020-11-09 07:29:43.032973

uotqiofn6ye >> End >> 2020-11-09 07:29:43.235981

axh5hmrszkz >> Start >> 2020-11-09 07:30:31.679636

axh5hmrszkz >> Image Returned >> 2020-11-09 07:30:31.682578

axh5hmrszkz >> End >> 2020-11-09 07:30:31.863842

03q0zhkvwgr >> Start >> 2020-11-09 07:31:36.121459

03q0zhkvwgr >> Image Returned >> 2020-11-09 07:31:36.124339

03q0zhkvwgr >> End >> 2020-11-09 07:31:36.302849

adk578xato5 >> Start >> 2020-11-09 07:34:52.412231

adk578xato5 >> Image Returned >> 2020-11-09 07:34:52.415535

adk578xato5 >> End >> 2020-11-09 07:34:52.612221

8srocxpi8pq >> Start >> 2020-11-09 07:42:08.249171

8srocxpi8pq >> Image Returned >> 2020-11-09 07:42:08.252511

8srocxpi8pq >> End >> 2020-11-09 07:42:08.509746

7ggd3ztedrq >> Start >> 2020-11-09 07:42:42.039961

7ggd3ztedrq >> Image Returned >> 2020-11-09 07:42:42.043293

7ggd3ztedrq >> End >> 2020-11-09 07:42:42.231272

xziekin4msh >> Start >> 2020-11-09 07:49:36.903775

xziekin4msh >> Image Returned >> 2020-11-09 07:49:36.906743

xziekin4msh >> End >> 2020-11-09 07:49:37.095371

3pmrnjn8ijd >> Start >> 2020-11-09 07:49:39.546035

3pmrnjn8ijd >> Image Returned >> 2020-11-09 07:49:39.546379

3pmrnjn8ijd >> End >> 2020-11-09 07:49:39.732490

6o6eshyb6ae >> Start >> 2020-11-09 07:51:59.938105

6o6eshyb6ae >> Image Returned >> 2020-11-09 07:51:59.941026

6o6eshyb6ae >> End >> 2020-11-09 07:52:00.123331

6pnbtqnazoa >> Start >> 2020-11-09 07:58:49.523489

6pnbtqnazoa >> Image Returned >> 2020-11-09 07:58:49.527523

6pnbtqnazoa >> End >> 2020-11-09 07:58:49.722307

qoy0bx77p3h >> Start >> 2020-11-09 08:00:36.751183

qoy0bx77p3h >> Image Returned >> 2020-11-09 08:00:36.754414

qoy0bx77p3h >> End >> 2020-11-09 08:00:36.935746

s40x32iqkw7 >> Start >> 2020-11-09 08:09:07.227267

s40x32iqkw7 >> Image Returned >> 2020-11-09 08:09:07.230308

s40x32iqkw7 >> End >> 2020-11-09 08:09:07.413038

i4zzji7jr8a >> Start >> 2020-11-09 08:16:09.466908

i4zzji7jr8a >> Image Returned >> 2020-11-09 08:16:09.469993

i4zzji7jr8a >> End >> 2020-11-09 08:16:09.661374

4xeyf88nqgt >> Start >> 2020-11-09 08:17:14.176863

4xeyf88nqgt >> Image Returned >> 2020-11-09 08:17:14.180054

4xeyf88nqgt >> End >> 2020-11-09 08:17:14.373297

tuyt6o8bans >> Start >> 2020-11-09 08:17:15.138374

tuyt6o8bans >> Image Returned >> 2020-11-09 08:17:15.138662

tuyt6o8bans >> End >> 2020-11-09 08:17:15.352793

5hymsw24jqf >> Start >> 2020-11-09 08:17:53.914959

5hymsw24jqf >> Image Returned >> 2020-11-09 08:17:53.917891

5hymsw24jqf >> End >> 2020-11-09 08:17:54.104403

xxxnsyz5dxt >> Start >> 2020-11-09 08:18:31.928102

xxxnsyz5dxt >> Image Returned >> 2020-11-09 08:18:31.931375

xxxnsyz5dxt >> End >> 2020-11-09 08:18:32.111500

zoq27mazt2h >> Start >> 2020-11-09 08:23:10.217593

zoq27mazt2h >> Image Returned >> 2020-11-09 08:23:10.220544

zoq27mazt2h >> End >> 2020-11-09 08:23:10.410819

2rkrkf6hmwf >> Start >> 2020-11-09 08:33:25.513533

2rkrkf6hmwf >> Image Returned >> 2020-11-09 08:33:25.517564

2rkrkf6hmwf >> End >> 2020-11-09 08:33:25.704236

ofzqybfkgfw >> Start >> 2020-11-09 08:44:10.355389

ofzqybfkgfw >> Image Returned >> 2020-11-09 08:44:10.358652

ofzqybfkgfw >> End >> 2020-11-09 08:44:10.541977

wkqpnq0bkvr >> Start >> 2020-11-09 08:49:31.586774

wkqpnq0bkvr >> Image Returned >> 2020-11-09 08:49:31.590068

wkqpnq0bkvr >> End >> 2020-11-09 08:49:31.786587

7mbc25ewyh7 >> Start >> 2020-11-09 08:49:47.173450

7mbc25ewyh7 >> Image Returned >> 2020-11-09 08:49:47.176345

7mbc25ewyh7 >> End >> 2020-11-09 08:49:47.357656

e3p2d86i080 >> Start >> 2020-11-09 08:49:58.183521

e3p2d86i080 >> Image Returned >> 2020-11-09 08:49:58.183814

e3p2d86i080 >> End >> 2020-11-09 08:49:58.380930

brv5u8kb5yr >> Start >> 2020-11-09 08:53:58.714358

brv5u8kb5yr >> Image Returned >> 2020-11-09 08:53:58.717749

brv5u8kb5yr >> End >> 2020-11-09 08:53:58.913237

nxwzoeukkdt >> Start >> 2020-11-09 08:58:16.217593

nxwzoeukkdt >> Image Returned >> 2020-11-09 08:58:16.220594

nxwzoeukkdt >> End >> 2020-11-09 08:58:16.404691

6d05kv5q5y4 >> Start >> 2020-11-09 08:59:29.119929

6d05kv5q5y4 >> Image Returned >> 2020-11-09 08:59:29.123281

6d05kv5q5y4 >> End >> 2020-11-09 08:59:29.313734

aosytmj72et >> Start >> 2020-11-09 08:59:45.628437

aosytmj72et >> Image Returned >> 2020-11-09 08:59:45.632838

aosytmj72et >> End >> 2020-11-09 08:59:45.828974

jwvfivpbm63 >> Start >> 2020-11-09 09:00:51.593046

jwvfivpbm63 >> Image Returned >> 2020-11-09 09:00:51.596055

jwvfivpbm63 >> End >> 2020-11-09 09:00:51.777789

untoqrwchmh >> Start >> 2020-11-09 09:02:45.534135

untoqrwchmh >> Image Returned >> 2020-11-09 09:02:45.537520

untoqrwchmh >> End >> 2020-11-09 09:02:45.722774

3b5jic6yf4v >> Start >> 2020-11-09 09:02:49.372128

3b5jic6yf4v >> Image Returned >> 2020-11-09 09:02:49.372522

3b5jic6yf4v >> End >> 2020-11-09 09:02:49.566627

wr870qm3k7a >> Start >> 2020-11-09 09:11:18.690033

wr870qm3k7a >> Image Returned >> 2020-11-09 09:11:18.694243

wr870qm3k7a >> End >> 2020-11-09 09:11:18.896850

xrawv6egxti >> Start >> 2020-11-09 09:16:28.863475

xrawv6egxti >> Image Returned >> 2020-11-09 09:16:28.866506

xrawv6egxti >> End >> 2020-11-09 09:16:29.075232

v3rubonn43r >> Start >> 2020-11-09 09:18:16.465981

v3rubonn43r >> Image Returned >> 2020-11-09 09:18:16.469006

v3rubonn43r >> End >> 2020-11-09 09:18:16.719449

jiu6xyjnb8z >> Start >> 2020-11-09 09:18:49.401416

jiu6xyjnb8z >> Image Returned >> 2020-11-09 09:18:49.404597

jiu6xyjnb8z >> End >> 2020-11-09 09:18:49.614280

5snx47ar84u >> Start >> 2020-11-09 09:23:56.783823

5snx47ar84u >> Image Returned >> 2020-11-09 09:23:56.786905

5snx47ar84u >> End >> 2020-11-09 09:23:56.969500

wb5t5fosvpn >> Start >> 2020-11-09 09:24:12.447160

wb5t5fosvpn >> Image Returned >> 2020-11-09 09:24:12.450187

wb5t5fosvpn >> End >> 2020-11-09 09:24:12.649758

auko73cwwv2 >> Start >> 2020-11-09 09:25:20.074755

auko73cwwv2 >> Image Returned >> 2020-11-09 09:25:20.077816

auko73cwwv2 >> End >> 2020-11-09 09:25:20.268598

5xqhoau5i6p >> Start >> 2020-11-09 09:30:16.951194

5xqhoau5i6p >> Image Returned >> 2020-11-09 09:30:16.954302

5xqhoau5i6p >> End >> 2020-11-09 09:30:17.148693

v4xoxzi0een >> Start >> 2020-11-09 09:36:12.209218

v4xoxzi0een >> Image Returned >> 2020-11-09 09:36:12.212223

v4xoxzi0een >> End >> 2020-11-09 09:36:12.399190

a8ewujf8vup >> Start >> 2020-11-09 09:36:49.983658

a8ewujf8vup >> Image Returned >> 2020-11-09 09:36:49.987001

a8ewujf8vup >> End >> 2020-11-09 09:36:50.176132

0ney58qqzgg >> Start >> 2020-11-09 09:39:10.150705

0ney58qqzgg >> Image Returned >> 2020-11-09 09:39:10.153693

0ney58qqzgg >> End >> 2020-11-09 09:39:10.345837

rrgdex2gyia >> Start >> 2020-11-09 09:39:37.117953

rrgdex2gyia >> Image Returned >> 2020-11-09 09:39:37.121499

rrgdex2gyia >> End >> 2020-11-09 09:39:37.306906

wwn57a3ettr >> Start >> 2020-11-09 09:42:36.548868

wwn57a3ettr >> Image Returned >> 2020-11-09 09:42:36.552728

wwn57a3ettr >> End >> 2020-11-09 09:42:36.736192

osap43offw5 >> Start >> 2020-11-09 09:43:07.812246

osap43offw5 >> Image Returned >> 2020-11-09 09:43:07.815306

osap43offw5 >> End >> 2020-11-09 09:43:07.997076

ad56xxtjymp >> Start >> 2020-11-09 09:43:16.433537

ad56xxtjymp >> Image Returned >> 2020-11-09 09:43:16.433826

ad56xxtjymp >> End >> 2020-11-09 09:43:16.615685

ve4s8nh7wjg >> Start >> 2020-11-09 09:43:42.211654

ve4s8nh7wjg >> Image Returned >> 2020-11-09 09:43:42.215168

ve4s8nh7wjg >> End >> 2020-11-09 09:43:42.395293

eke03yxxzid >> Start >> 2020-11-09 09:49:19.800443

eke03yxxzid >> Image Returned >> 2020-11-09 09:49:19.803561

eke03yxxzid >> End >> 2020-11-09 09:49:19.990375

rtcnygjwog0 >> Start >> 2020-11-09 09:49:30.752607

rtcnygjwog0 >> Image Returned >> 2020-11-09 09:49:30.756130

rtcnygjwog0 >> End >> 2020-11-09 09:49:30.942867

vrtpcfayskr >> Start >> 2020-11-09 09:51:04.018171

vrtpcfayskr >> Image Returned >> 2020-11-09 09:51:04.022100

vrtpcfayskr >> End >> 2020-11-09 09:51:04.219827

tzpqeh37dpo >> Start >> 2020-11-09 10:02:42.334660

tzpqeh37dpo >> Image Returned >> 2020-11-09 10:02:42.338603

tzpqeh37dpo >> End >> 2020-11-09 10:02:42.526298

cfb0sz4hkwj >> Start >> 2020-11-09 10:08:00.861629

cfb0sz4hkwj >> Image Returned >> 2020-11-09 10:08:00.867249

cfb0sz4hkwj >> End >> 2020-11-09 10:08:01.074516

fk3bbt262hg >> Start >> 2020-11-09 10:08:28.628501

fk3bbt262hg >> Image Returned >> 2020-11-09 10:08:28.631941

fk3bbt262hg >> End >> 2020-11-09 10:08:28.817502

53o5z35hky6 >> Start >> 2020-11-09 10:09:30.498393

53o5z35hky6 >> Image Returned >> 2020-11-09 10:09:30.501698

53o5z35hky6 >> End >> 2020-11-09 10:09:30.683512

6pewr2xitp4 >> Start >> 2020-11-09 10:10:55.057085

6pewr2xitp4 >> Image Returned >> 2020-11-09 10:10:55.060605

6pewr2xitp4 >> End >> 2020-11-09 10:10:55.291924

a4xqkcfk08p >> Start >> 2020-11-09 10:11:37.129945

a4xqkcfk08p >> Image Returned >> 2020-11-09 10:11:37.133332

a4xqkcfk08p >> End >> 2020-11-09 10:11:37.318907

ddeinq4ea5r >> Start >> 2020-11-09 10:13:01.773678

ddeinq4ea5r >> Image Returned >> 2020-11-09 10:13:01.776684

ddeinq4ea5r >> End >> 2020-11-09 10:13:01.959168

6ydwave8drb >> Start >> 2020-11-09 10:15:51.471915

6ydwave8drb >> Image Returned >> 2020-11-09 10:15:51.475684

6ydwave8drb >> End >> 2020-11-09 10:15:51.598501

ws3jo7wrtif >> Start >> 2020-11-09 10:16:27.193691

ws3jo7wrtif >> Image Returned >> 2020-11-09 10:16:27.197290

ws3jo7wrtif >> End >> 2020-11-09 10:16:27.446753

uue7c2ggmrp >> Start >> 2020-11-09 10:16:36.561320

uue7c2ggmrp >> Image Returned >> 2020-11-09 10:16:36.561615

uue7c2ggmrp >> End >> 2020-11-09 10:16:36.816242

cj3koox5fp7 >> Start >> 2020-11-09 10:19:41.943849

cj3koox5fp7 >> Image Returned >> 2020-11-09 10:19:41.947017

cj3koox5fp7 >> End >> 2020-11-09 10:19:42.135720

o7ethsekoyv >> Start >> 2020-11-09 10:22:40.703262

o7ethsekoyv >> Image Returned >> 2020-11-09 10:22:40.707448

o7ethsekoyv >> End >> 2020-11-09 10:22:40.899002

mqxniidkxhz >> Start >> 2020-11-09 10:26:17.445822

mqxniidkxhz >> Image Returned >> 2020-11-09 10:26:17.448853

mqxniidkxhz >> End >> 2020-11-09 10:26:17.636168

fzd07pmzpu6 >> Start >> 2020-11-09 10:27:21.223370

fzd07pmzpu6 >> Image Returned >> 2020-11-09 10:27:21.226479

fzd07pmzpu6 >> End >> 2020-11-09 10:27:21.502764

zww4mxfu03r >> Start >> 2020-11-09 10:31:56.175417

zww4mxfu03r >> Image Returned >> 2020-11-09 10:31:56.178713

zww4mxfu03r >> End >> 2020-11-09 10:31:56.387207

f0ztchkbqpe >> Start >> 2020-11-09 10:37:27.817774

f0ztchkbqpe >> Image Returned >> 2020-11-09 10:37:27.821080

f0ztchkbqpe >> End >> 2020-11-09 10:37:28.010309

vcee6xkv58q >> Start >> 2020-11-09 10:47:07.956656

vcee6xkv58q >> Image Returned >> 2020-11-09 10:47:07.960401

vcee6xkv58q >> End >> 2020-11-09 10:47:08.150890

r080sydhczc >> Start >> 2020-11-09 10:49:24.068568

r080sydhczc >> Image Returned >> 2020-11-09 10:49:24.072067

r080sydhczc >> End >> 2020-11-09 10:49:24.273582

zkgonv2ixag >> Start >> 2020-11-09 10:54:29.826201

zkgonv2ixag >> Image Returned >> 2020-11-09 10:54:29.829665

zkgonv2ixag >> End >> 2020-11-09 10:54:30.034398

hp8abka6hfe >> Start >> 2020-11-09 10:54:55.886926

hp8abka6hfe >> Image Returned >> 2020-11-09 10:54:55.889966

hp8abka6hfe >> End >> 2020-11-09 10:54:56.079427

j82esfaadqu >> Start >> 2020-11-09 10:56:29.389120

j82esfaadqu >> Image Returned >> 2020-11-09 10:56:29.392657

j82esfaadqu >> End >> 2020-11-09 10:56:29.575601

8afckxh2omp >> Start >> 2020-11-09 10:58:04.555888

8afckxh2omp >> Image Returned >> 2020-11-09 10:58:04.558952

8afckxh2omp >> End >> 2020-11-09 10:58:04.686749

xk8g786zzph >> Start >> 2020-11-09 10:59:20.133301

xk8g786zzph >> Image Returned >> 2020-11-09 10:59:20.136378

xk8g786zzph >> End >> 2020-11-09 10:59:20.333163

bmvvgc043p4 >> Start >> 2020-11-09 11:00:18.525753

bmvvgc043p4 >> Image Returned >> 2020-11-09 11:00:18.528734

bmvvgc043p4 >> End >> 2020-11-09 11:00:18.717714

73ufqvvs0au >> Start >> 2020-11-09 11:01:00.233750

73ufqvvs0au >> Image Returned >> 2020-11-09 11:01:00.237107

73ufqvvs0au >> End >> 2020-11-09 11:01:00.425887

cggzwseip67 >> Start >> 2020-11-09 11:03:41.904556

cggzwseip67 >> Image Returned >> 2020-11-09 11:03:41.909298

cggzwseip67 >> End >> 2020-11-09 11:03:42.092225

5i88g3ewrcu >> Start >> 2020-11-09 11:10:50.626205

5i88g3ewrcu >> Image Returned >> 2020-11-09 11:10:50.629702

5i88g3ewrcu >> End >> 2020-11-09 11:10:50.821408

bzrycr4s4iu >> Start >> 2020-11-09 11:12:43.271996

bzrycr4s4iu >> Image Returned >> 2020-11-09 11:12:43.277630

bzrycr4s4iu >> End >> 2020-11-09 11:12:43.463129

gfhi4atm3md >> Start >> 2020-11-09 11:21:39.595805

gfhi4atm3md >> Image Returned >> 2020-11-09 11:21:39.599658

gfhi4atm3md >> End >> 2020-11-09 11:21:39.784243

y5ymemz4z8x >> Start >> 2020-11-09 11:23:12.766537

y5ymemz4z8x >> Image Returned >> 2020-11-09 11:23:12.770045

y5ymemz4z8x >> End >> 2020-11-09 11:23:12.959278

bahqmjkhi58 >> Start >> 2020-11-09 11:26:31.184951

bahqmjkhi58 >> Image Returned >> 2020-11-09 11:26:31.188226

bahqmjkhi58 >> End >> 2020-11-09 11:26:31.408508

r6bji5i0xsm >> Start >> 2020-11-09 11:27:40.291631

r6bji5i0xsm >> Image Returned >> 2020-11-09 11:27:40.295133

r6bji5i0xsm >> End >> 2020-11-09 11:27:40.479623

yzdngqr2cir >> Start >> 2020-11-09 11:28:13.813330

yzdngqr2cir >> Image Returned >> 2020-11-09 11:28:13.816353

yzdngqr2cir >> End >> 2020-11-09 11:28:13.998414

dymk28tjxsp >> Start >> 2020-11-09 11:30:58.137516

dymk28tjxsp >> Image Returned >> 2020-11-09 11:30:58.141119

dymk28tjxsp >> End >> 2020-11-09 11:30:58.335448

5czgjm5td68 >> Start >> 2020-11-09 11:34:02.263468

5czgjm5td68 >> Image Returned >> 2020-11-09 11:34:02.266556

5czgjm5td68 >> End >> 2020-11-09 11:34:02.457266

jonfee8k43u >> Start >> 2020-11-09 11:34:10.125895

jonfee8k43u >> Image Returned >> 2020-11-09 11:34:10.126199

jonfee8k43u >> End >> 2020-11-09 11:34:10.310647

uorgznbkzt2 >> Start >> 2020-11-09 11:34:58.507775

uorgznbkzt2 >> Image Returned >> 2020-11-09 11:34:58.511002

uorgznbkzt2 >> End >> 2020-11-09 11:34:58.690763

4fpvro3rpyt >> Start >> 2020-11-09 11:36:28.527230

4fpvro3rpyt >> Image Returned >> 2020-11-09 11:36:28.530232

4fpvro3rpyt >> End >> 2020-11-09 11:36:28.716811

yqjdoucg0zh >> Start >> 2020-11-09 11:36:40.362803

yqjdoucg0zh >> Image Returned >> 2020-11-09 11:36:40.366637

yqjdoucg0zh >> End >> 2020-11-09 11:36:40.576570

3dyqqqnfnzc >> Start >> 2020-11-09 11:38:26.989883

3dyqqqnfnzc >> Image Returned >> 2020-11-09 11:38:26.992908

3dyqqqnfnzc >> End >> 2020-11-09 11:38:27.180771

66fuch2bg5s >> Start >> 2020-11-09 11:40:26.853574

66fuch2bg5s >> Image Returned >> 2020-11-09 11:40:26.856698

66fuch2bg5s >> End >> 2020-11-09 11:40:27.051475

xe8px5k8s7t >> Start >> 2020-11-09 11:40:40.620827

xe8px5k8s7t >> Image Returned >> 2020-11-09 11:40:40.624392

xe8px5k8s7t >> End >> 2020-11-09 11:40:40.809000

3h4cogp8kes >> Start >> 2020-11-09 11:41:34.291498

3h4cogp8kes >> Image Returned >> 2020-11-09 11:41:34.294987

3h4cogp8kes >> End >> 2020-11-09 11:41:34.480964

k622kqst0k5 >> Start >> 2020-11-09 11:46:25.062971

k622kqst0k5 >> Image Returned >> 2020-11-09 11:46:25.066171

k622kqst0k5 >> End >> 2020-11-09 11:46:25.267127

zcbn0dx0jtw >> Start >> 2020-11-09 11:46:44.798831

zcbn0dx0jtw >> Image Returned >> 2020-11-09 11:46:44.801908

zcbn0dx0jtw >> End >> 2020-11-09 11:46:45.047583

xnifqsqupdh >> Start >> 2020-11-09 11:48:57.218157

xnifqsqupdh >> Image Returned >> 2020-11-09 11:48:57.221231

xnifqsqupdh >> End >> 2020-11-09 11:48:57.423945

bsyqarsbayw >> Start >> 2020-11-09 11:51:32.243688

bsyqarsbayw >> Image Returned >> 2020-11-09 11:51:32.247262

bsyqarsbayw >> End >> 2020-11-09 11:51:32.459713

66t4pv5whyt >> Start >> 2020-11-09 11:52:55.902452

66t4pv5whyt >> Image Returned >> 2020-11-09 11:52:55.905571

66t4pv5whyt >> End >> 2020-11-09 11:52:56.129396

axa0u7m6uf8 >> Start >> 2020-11-09 11:53:44.514662

axa0u7m6uf8 >> Image Returned >> 2020-11-09 11:53:44.518076

axa0u7m6uf8 >> End >> 2020-11-09 11:53:44.708453

iu5p0epy8gx >> Start >> 2020-11-09 11:58:31.345545

iu5p0epy8gx >> Image Returned >> 2020-11-09 11:58:31.349244

iu5p0epy8gx >> End >> 2020-11-09 11:58:31.529172

oas0kpr5zf2 >> Start >> 2020-11-09 12:00:04.557785

oas0kpr5zf2 >> Image Returned >> 2020-11-09 12:00:04.560834

oas0kpr5zf2 >> End >> 2020-11-09 12:00:04.773766

bsoghtyejn7 >> Start >> 2020-11-09 12:07:54.219732

bsoghtyejn7 >> Image Returned >> 2020-11-09 12:07:54.224205

bsoghtyejn7 >> End >> 2020-11-09 12:07:54.412051

r6wxeewf4iw >> Start >> 2020-11-09 12:10:35.337542

r6wxeewf4iw >> Image Returned >> 2020-11-09 12:10:35.341058

r6wxeewf4iw >> End >> 2020-11-09 12:10:35.531078

5bjygnqxzkv >> Start >> 2020-11-09 12:11:04.510514

5bjygnqxzkv >> Image Returned >> 2020-11-09 12:11:04.513566

5bjygnqxzkv >> End >> 2020-11-09 12:11:04.790766

nsx84gbgu64 >> Start >> 2020-11-09 12:17:25.690198

nsx84gbgu64 >> Image Returned >> 2020-11-09 12:17:25.693337

nsx84gbgu64 >> End >> 2020-11-09 12:17:26.045216

iwxqgrnknz4 >> Start >> 2020-11-09 12:17:33.429229

iwxqgrnknz4 >> Image Returned >> 2020-11-09 12:17:33.429589

iwxqgrnknz4 >> End >> 2020-11-09 12:17:33.628952

cohr77krykg >> Start >> 2020-11-09 12:18:45.009799

cohr77krykg >> Image Returned >> 2020-11-09 12:18:45.013686

cohr77krykg >> End >> 2020-11-09 12:18:45.206531

hfjcpmvi6zq >> Start >> 2020-11-09 12:18:54.874903

hfjcpmvi6zq >> Image Returned >> 2020-11-09 12:18:54.875193

hfjcpmvi6zq >> End >> 2020-11-09 12:18:55.090487

pvt7xp0shnp >> Start >> 2020-11-09 12:19:54.005683

pvt7xp0shnp >> Image Returned >> 2020-11-09 12:19:54.009289

pvt7xp0shnp >> End >> 2020-11-09 12:19:54.202967

5scaz8b488p >> Start >> 2020-11-09 12:20:21.801614

5scaz8b488p >> Image Returned >> 2020-11-09 12:20:21.804733

5scaz8b488p >> End >> 2020-11-09 12:20:22.158039

h0poekgbuuc >> Start >> 2020-11-09 12:20:35.647387

h0poekgbuuc >> Image Returned >> 2020-11-09 12:20:35.650958

h0poekgbuuc >> End >> 2020-11-09 12:20:35.840673

uhuw83kk0yy >> Start >> 2020-11-09 12:21:56.909588

uhuw83kk0yy >> Image Returned >> 2020-11-09 12:21:56.915460

uhuw83kk0yy >> End >> 2020-11-09 12:21:57.106453

8qewqiqvrms >> Start >> 2020-11-09 12:21:58.839927

8qewqiqvrms >> Image Returned >> 2020-11-09 12:21:58.840322

8qewqiqvrms >> End >> 2020-11-09 12:21:59.040219

oee0m5hdsyb >> Start >> 2020-11-09 12:23:38.466361

oee0m5hdsyb >> Image Returned >> 2020-11-09 12:23:38.469947

oee0m5hdsyb >> End >> 2020-11-09 12:23:38.600135

c8t8bmytrm6 >> Start >> 2020-11-09 12:23:41.503914

c8t8bmytrm6 >> Image Returned >> 2020-11-09 12:23:41.504237

c8t8bmytrm6 >> End >> 2020-11-09 12:23:41.629980

hwt7ksnbm3o >> Start >> 2020-11-09 12:23:58.332228

hwt7ksnbm3o >> Image Returned >> 2020-11-09 12:23:58.335217

hwt7ksnbm3o >> End >> 2020-11-09 12:23:58.518290

daka78hg0i8 >> Start >> 2020-11-09 12:24:38.014348

daka78hg0i8 >> Image Returned >> 2020-11-09 12:24:38.017755

daka78hg0i8 >> End >> 2020-11-09 12:24:38.202048

2qhzibce70a >> Start >> 2020-11-09 12:24:53.975290

2qhzibce70a >> Image Returned >> 2020-11-09 12:24:53.978763

2qhzibce70a >> End >> 2020-11-09 12:24:54.190642

m0pjvyxp6gp >> Start >> 2020-11-09 12:25:11.388411

m0pjvyxp6gp >> Image Returned >> 2020-11-09 12:25:11.391695

m0pjvyxp6gp >> End >> 2020-11-09 12:25:11.595180

hgbzbtwu4ux >> Start >> 2020-11-09 12:29:30.180104

hgbzbtwu4ux >> Image Returned >> 2020-11-09 12:29:30.185025

hgbzbtwu4ux >> End >> 2020-11-09 12:29:30.371612

3pvw7shiu6p >> Start >> 2020-11-09 12:32:07.233689

3pvw7shiu6p >> Image Returned >> 2020-11-09 12:32:07.237315

3pvw7shiu6p >> End >> 2020-11-09 12:32:07.425858

5pbytw6x7nc >> Start >> 2020-11-09 12:32:58.562678

5pbytw6x7nc >> Image Returned >> 2020-11-09 12:32:58.566087

5pbytw6x7nc >> End >> 2020-11-09 12:32:58.763851

473od76ztdr >> Start >> 2020-11-09 12:33:23.660202

473od76ztdr >> Image Returned >> 2020-11-09 12:33:23.663240

473od76ztdr >> End >> 2020-11-09 12:33:23.854285

345kjmxqjey >> Start >> 2020-11-09 12:33:46.035729

345kjmxqjey >> Image Returned >> 2020-11-09 12:33:46.038832

345kjmxqjey >> End >> 2020-11-09 12:33:46.228308

enfcjptckcj >> Start >> 2020-11-09 12:39:07.231272

enfcjptckcj >> Image Returned >> 2020-11-09 12:39:07.234409

enfcjptckcj >> End >> 2020-11-09 12:39:07.418602

f5rbq30xft6 >> Start >> 2020-11-09 12:43:14.576685

f5rbq30xft6 >> Image Returned >> 2020-11-09 12:43:14.582695

f5rbq30xft6 >> End >> 2020-11-09 12:43:14.761940

5sy4fnasaer >> Start >> 2020-11-09 12:43:45.834481

5sy4fnasaer >> Image Returned >> 2020-11-09 12:43:45.838090

5sy4fnasaer >> End >> 2020-11-09 12:43:46.024139

w3qo0yj038z >> Start >> 2020-11-09 12:44:14.744144

w3qo0yj038z >> Image Returned >> 2020-11-09 12:44:14.747386

w3qo0yj038z >> End >> 2020-11-09 12:44:14.936288

7w0p8iqgeg3 >> Start >> 2020-11-09 12:44:33.984651

7w0p8iqgeg3 >> Image Returned >> 2020-11-09 12:44:33.988188

7w0p8iqgeg3 >> End >> 2020-11-09 12:44:34.172410

nt8fajtohn3 >> Start >> 2020-11-09 12:45:42.045203

nt8fajtohn3 >> Image Returned >> 2020-11-09 12:45:42.048223

nt8fajtohn3 >> End >> 2020-11-09 12:45:42.234781

5wxsh7ht8mm >> Start >> 2020-11-09 12:46:46.162369

5wxsh7ht8mm >> Image Returned >> 2020-11-09 12:46:46.166718

ebr8pfsvtho >> Start >> 2020-11-09 12:46:46.305135

ebr8pfsvtho >> Image Returned >> 2020-11-09 12:46:46.308263

5wxsh7ht8mm >> End >> 2020-11-09 12:46:46.364171

ebr8pfsvtho >> End >> 2020-11-09 12:46:46.497390

7au8nceuhxm >> Start >> 2020-11-09 12:48:45.935830

7au8nceuhxm >> Image Returned >> 2020-11-09 12:48:45.939014

7au8nceuhxm >> End >> 2020-11-09 12:48:46.162060

qvse57pf70i >> Start >> 2020-11-09 12:49:07.994273

qvse57pf70i >> Image Returned >> 2020-11-09 12:49:07.997329

qvse57pf70i >> End >> 2020-11-09 12:49:08.214991

kgdykzc8rej >> Start >> 2020-11-09 12:54:02.513644

kgdykzc8rej >> Image Returned >> 2020-11-09 12:54:02.518291

kgdykzc8rej >> End >> 2020-11-09 12:54:02.705609

gbjbrojd482 >> Start >> 2020-11-09 12:54:52.615375

gbjbrojd482 >> Image Returned >> 2020-11-09 12:54:52.618984

gbjbrojd482 >> End >> 2020-11-09 12:54:52.810257

4vyavvbmba0 >> Start >> 2020-11-09 12:55:54.761951

4vyavvbmba0 >> Image Returned >> 2020-11-09 12:55:54.765822

4vyavvbmba0 >> End >> 2020-11-09 12:55:54.949512

k4ohmfkrtcy >> Start >> 2020-11-09 12:56:18.455710

k4ohmfkrtcy >> Image Returned >> 2020-11-09 12:56:18.458758

k4ohmfkrtcy >> End >> 2020-11-09 12:56:18.669240

es8gwppf752 >> Start >> 2020-11-09 12:58:23.341530

es8gwppf752 >> Image Returned >> 2020-11-09 12:58:23.345081

es8gwppf752 >> End >> 2020-11-09 12:58:23.532263

z8hmwmrxqtr >> Start >> 2020-11-09 12:58:33.342410

z8hmwmrxqtr >> Image Returned >> 2020-11-09 12:58:33.342788

z8hmwmrxqtr >> End >> 2020-11-09 12:58:33.554855

8gwk2r6abhn >> Start >> 2020-11-09 13:05:27.272507

8gwk2r6abhn >> Image Returned >> 2020-11-09 13:05:27.275638

8gwk2r6abhn >> End >> 2020-11-09 13:05:27.460654

xfx8yvhtnk8 >> Start >> 2020-11-09 13:09:30.674969

xfx8yvhtnk8 >> Image Returned >> 2020-11-09 13:09:30.679455

xfx8yvhtnk8 >> End >> 2020-11-09 13:09:30.890424

3vhn57irazb >> Start >> 2020-11-09 13:11:33.290234

3vhn57irazb >> Image Returned >> 2020-11-09 13:11:33.293333

3vhn57irazb >> End >> 2020-11-09 13:11:33.475936

i0s40a0ov03 >> Start >> 2020-11-09 13:11:49.041388

i0s40a0ov03 >> Image Returned >> 2020-11-09 13:11:49.045144

i0s40a0ov03 >> End >> 2020-11-09 13:11:49.234025

58hs87qrsh8 >> Start >> 2020-11-09 13:11:53.447573

58hs87qrsh8 >> Image Returned >> 2020-11-09 13:11:53.447881

58hs87qrsh8 >> End >> 2020-11-09 13:11:53.653913

sh3opat47nt >> Start >> 2020-11-09 13:12:13.925128

sh3opat47nt >> Image Returned >> 2020-11-09 13:12:13.928204

sh3opat47nt >> End >> 2020-11-09 13:12:14.286655

gtdtvzwkbqf >> Start >> 2020-11-09 13:12:40.424401

gtdtvzwkbqf >> Image Returned >> 2020-11-09 13:12:40.428575

gtdtvzwkbqf >> End >> 2020-11-09 13:12:40.556565

idougbnavhu >> Start >> 2020-11-09 13:13:25.384181

idougbnavhu >> Image Returned >> 2020-11-09 13:13:25.387350

idougbnavhu >> End >> 2020-11-09 13:13:25.622317

nn6ekxehonf >> Start >> 2020-11-09 13:13:38.518537

nn6ekxehonf >> Image Returned >> 2020-11-09 13:13:38.522300

nn6ekxehonf >> End >> 2020-11-09 13:13:38.714416

kpd077patzv >> Start >> 2020-11-09 13:14:01.587549

kpd077patzv >> Image Returned >> 2020-11-09 13:14:01.590665

kpd077patzv >> End >> 2020-11-09 13:14:01.776236

ge28p0di4fe >> Start >> 2020-11-09 13:17:02.604955

ge28p0di4fe >> Image Returned >> 2020-11-09 13:17:02.608041

ge28p0di4fe >> End >> 2020-11-09 13:17:02.800966

wffm5scsxad >> Start >> 2020-11-09 13:19:11.353477

wffm5scsxad >> Image Returned >> 2020-11-09 13:19:11.356702

wffm5scsxad >> End >> 2020-11-09 13:19:11.543976

xsj260x8m7s >> Start >> 2020-11-09 13:24:05.494534

xsj260x8m7s >> Image Returned >> 2020-11-09 13:24:05.497726

xsj260x8m7s >> End >> 2020-11-09 13:24:05.688667

bd4ujvtthyr >> Start >> 2020-11-09 13:29:19.417342

bd4ujvtthyr >> Image Returned >> 2020-11-09 13:29:19.420567

bd4ujvtthyr >> End >> 2020-11-09 13:29:19.599482

rokxnkeko7r >> Start >> 2020-11-09 13:30:22.186974

rokxnkeko7r >> Image Returned >> 2020-11-09 13:30:22.190211

rokxnkeko7r >> End >> 2020-11-09 13:30:22.373804

db2k5jcszh3 >> Start >> 2020-11-09 13:30:40.141545

db2k5jcszh3 >> Image Returned >> 2020-11-09 13:30:40.145217

db2k5jcszh3 >> End >> 2020-11-09 13:30:40.341995

y7vd2b00aqn >> Start >> 2020-11-09 13:31:40.448626

y7vd2b00aqn >> Image Returned >> 2020-11-09 13:31:40.452522

y7vd2b00aqn >> End >> 2020-11-09 13:31:40.662117

mkr87fva7m0 >> Start >> 2020-11-09 13:34:59.985469

mkr87fva7m0 >> Image Returned >> 2020-11-09 13:34:59.988616

mkr87fva7m0 >> End >> 2020-11-09 13:35:00.193905

5c4otuc6g58 >> Start >> 2020-11-09 13:38:36.856111

5c4otuc6g58 >> Image Returned >> 2020-11-09 13:38:36.859688

5c4otuc6g58 >> End >> 2020-11-09 13:38:37.051117

zrikdnmbcdn >> Start >> 2020-11-09 13:44:37.877130

zrikdnmbcdn >> Image Returned >> 2020-11-09 13:44:37.880706

zrikdnmbcdn >> End >> 2020-11-09 13:44:38.066343

umr2o6wpaxx >> Start >> 2020-11-09 13:45:23.234345

umr2o6wpaxx >> Image Returned >> 2020-11-09 13:45:23.237478

umr2o6wpaxx >> End >> 2020-11-09 13:45:23.452301

2mkr888rgsu >> Start >> 2020-11-09 13:46:42.643059

2mkr888rgsu >> Image Returned >> 2020-11-09 13:46:42.648330

2mkr888rgsu >> End >> 2020-11-09 13:46:42.832921

52i0do4iq0z >> Start >> 2020-11-09 13:53:13.238306

52i0do4iq0z >> Image Returned >> 2020-11-09 13:53:13.242058

52i0do4iq0z >> End >> 2020-11-09 13:53:13.422354

f7c6iwjrif3 >> Start >> 2020-11-09 13:53:25.217391

f7c6iwjrif3 >> Image Returned >> 2020-11-09 13:53:25.220568

f7c6iwjrif3 >> End >> 2020-11-09 13:53:25.408868

hwic8xvc3w0 >> Start >> 2020-11-09 13:54:46.415920

hwic8xvc3w0 >> Image Returned >> 2020-11-09 13:54:46.419672

hwic8xvc3w0 >> End >> 2020-11-09 13:54:46.686419

wq3bmz6xu8f >> Start >> 2020-11-09 13:59:54.921077

wq3bmz6xu8f >> Image Returned >> 2020-11-09 13:59:54.924345

wq3bmz6xu8f >> End >> 2020-11-09 13:59:55.107069

4epzw0u6i5q >> Start >> 2020-11-09 14:02:07.186104

4epzw0u6i5q >> Image Returned >> 2020-11-09 14:02:07.189258

4epzw0u6i5q >> End >> 2020-11-09 14:02:07.379537

8kjda7awrqh >> Start >> 2020-11-09 14:05:27.162936

8kjda7awrqh >> Image Returned >> 2020-11-09 14:05:27.167033

8kjda7awrqh >> End >> 2020-11-09 14:05:27.435297

fzhi7h3tzv0 >> Start >> 2020-11-09 14:05:28.200421

fzhi7h3tzv0 >> Image Returned >> 2020-11-09 14:05:28.200716

fzhi7h3tzv0 >> End >> 2020-11-09 14:05:28.388520

f387c8un72e >> Start >> 2020-11-09 14:06:56.876562

f387c8un72e >> Image Returned >> 2020-11-09 14:06:56.880951

f387c8un72e >> End >> 2020-11-09 14:06:57.090260

2kai0yjdjeo >> Start >> 2020-11-09 14:15:18.483534

2kai0yjdjeo >> Image Returned >> 2020-11-09 14:15:18.487308

2kai0yjdjeo >> End >> 2020-11-09 14:15:18.668143

4i848dj6bgj >> Start >> 2020-11-09 14:15:39.317099

4i848dj6bgj >> Image Returned >> 2020-11-09 14:15:39.320816

4i848dj6bgj >> End >> 2020-11-09 14:15:39.533816

475qejkt07f >> Start >> 2020-11-09 14:17:02.682261

475qejkt07f >> Image Returned >> 2020-11-09 14:17:02.686086

475qejkt07f >> End >> 2020-11-09 14:17:02.878444

st24rjevhb7 >> Start >> 2020-11-09 14:18:42.478446

st24rjevhb7 >> Image Returned >> 2020-11-09 14:18:42.481595

st24rjevhb7 >> End >> 2020-11-09 14:18:42.664879

80gewkvgamn >> Start >> 2020-11-09 14:20:02.778456

80gewkvgamn >> Image Returned >> 2020-11-09 14:20:02.782402

80gewkvgamn >> End >> 2020-11-09 14:20:02.969650

wds3x770ob7 >> Start >> 2020-11-09 14:21:59.213987

wds3x770ob7 >> Image Returned >> 2020-11-09 14:21:59.218396

wds3x770ob7 >> End >> 2020-11-09 14:21:59.403026

kx34jf6zgkw >> Start >> 2020-11-09 14:22:00.894542

kx34jf6zgkw >> Image Returned >> 2020-11-09 14:22:00.894828

kx34jf6zgkw >> End >> 2020-11-09 14:22:01.073436

s40ommc7obu >> Start >> 2020-11-09 14:23:00.671644

s40ommc7obu >> Image Returned >> 2020-11-09 14:23:00.675203

s40ommc7obu >> End >> 2020-11-09 14:23:00.876734

8qx7ki04cwr >> Start >> 2020-11-09 14:24:16.823081

8qx7ki04cwr >> Image Returned >> 2020-11-09 14:24:16.826237

8qx7ki04cwr >> End >> 2020-11-09 14:24:17.005255

843pyfxqsor >> Start >> 2020-11-09 14:25:21.529561

843pyfxqsor >> Image Returned >> 2020-11-09 14:25:21.533025

843pyfxqsor >> End >> 2020-11-09 14:25:21.715961

n8bqap6hxtd >> Start >> 2020-11-09 14:26:33.864073

n8bqap6hxtd >> Image Returned >> 2020-11-09 14:26:33.867584

n8bqap6hxtd >> End >> 2020-11-09 14:26:34.064410

a6k6i4j6d0t >> Start >> 2020-11-09 14:26:41.236697

a6k6i4j6d0t >> Image Returned >> 2020-11-09 14:26:41.237036

a6k6i4j6d0t >> End >> 2020-11-09 14:26:41.428728

miim7neub0b >> Start >> 2020-11-09 14:26:44.764149

miim7neub0b >> Image Returned >> 2020-11-09 14:26:44.764455

miim7neub0b >> End >> 2020-11-09 14:26:44.948791

u4memb6n8fb >> Start >> 2020-11-09 14:26:53.705127

u4memb6n8fb >> Image Returned >> 2020-11-09 14:26:53.705431

u4memb6n8fb >> End >> 2020-11-09 14:26:53.892971

hmvdz5t5xrf >> Start >> 2020-11-09 14:29:09.761827

hmvdz5t5xrf >> Image Returned >> 2020-11-09 14:29:09.765038

hmvdz5t5xrf >> End >> 2020-11-09 14:29:09.961245

kc0owp8nkf3 >> Start >> 2020-11-09 14:29:21.504055

kc0owp8nkf3 >> Image Returned >> 2020-11-09 14:29:21.507220

kc0owp8nkf3 >> End >> 2020-11-09 14:29:21.695630

vrbrftq6tb7 >> Start >> 2020-11-09 14:31:39.208112

vrbrftq6tb7 >> Image Returned >> 2020-11-09 14:31:39.212980

vrbrftq6tb7 >> End >> 2020-11-09 14:31:39.417646

6d3rqeg5fem >> Start >> 2020-11-09 14:31:59.487859

6d3rqeg5fem >> Image Returned >> 2020-11-09 14:31:59.491133

6d3rqeg5fem >> End >> 2020-11-09 14:31:59.682387

3fop8gun20y >> Start >> 2020-11-09 14:34:05.048964

3fop8gun20y >> Image Returned >> 2020-11-09 14:34:05.052144

3fop8gun20y >> End >> 2020-11-09 14:34:05.239974

mechm2ajgm8 >> Start >> 2020-11-09 14:35:45.786809

mechm2ajgm8 >> Image Returned >> 2020-11-09 14:35:45.792659

mechm2ajgm8 >> End >> 2020-11-09 14:35:45.985572

cz0boeh7u6y >> Start >> 2020-11-09 14:35:58.551985

cz0boeh7u6y >> Image Returned >> 2020-11-09 14:35:58.555170

cz0boeh7u6y >> End >> 2020-11-09 14:35:58.734972

0un27pmy5rz >> Start >> 2020-11-09 14:36:48.875237

0un27pmy5rz >> Image Returned >> 2020-11-09 14:36:48.879093

0un27pmy5rz >> End >> 2020-11-09 14:36:49.065613

v0v8a6pst4v >> Start >> 2020-11-09 14:40:25.568370

v0v8a6pst4v >> Image Returned >> 2020-11-09 14:40:25.572402

v0v8a6pst4v >> End >> 2020-11-09 14:40:25.763984

zjqsibyxjxr >> Start >> 2020-11-09 14:44:15.688494

zjqsibyxjxr >> Image Returned >> 2020-11-09 14:44:15.693833

zjqsibyxjxr >> End >> 2020-11-09 14:44:15.937149

uo7d3338w0q >> Start >> 2020-11-09 14:44:28.131515

uo7d3338w0q >> Image Returned >> 2020-11-09 14:44:28.134704

uo7d3338w0q >> End >> 2020-11-09 14:44:28.355420

xw4846xyxi7 >> Start >> 2020-11-09 14:48:34.215477

xw4846xyxi7 >> Image Returned >> 2020-11-09 14:48:34.219480

xw4846xyxi7 >> End >> 2020-11-09 14:48:34.407468

onqhq6df0te >> Start >> 2020-11-09 14:50:08.967421

onqhq6df0te >> Image Returned >> 2020-11-09 14:50:08.971065

onqhq6df0te >> End >> 2020-11-09 14:50:09.152008

gso3baka3h6 >> Start >> 2020-11-09 14:51:04.011153

gso3baka3h6 >> Image Returned >> 2020-11-09 14:51:04.015209

gso3baka3h6 >> End >> 2020-11-09 14:51:04.202183

bt4fg63eurt >> Start >> 2020-11-09 14:56:36.876379

bt4fg63eurt >> Image Returned >> 2020-11-09 14:56:36.882047

bt4fg63eurt >> End >> 2020-11-09 14:56:37.065850

fcycf0mku20 >> Start >> 2020-11-09 14:57:48.128916

fcycf0mku20 >> Image Returned >> 2020-11-09 14:57:48.134464

fcycf0mku20 >> End >> 2020-11-09 14:57:48.321945

awoac7qsrrb >> Start >> 2020-11-09 15:02:55.210275

awoac7qsrrb >> Image Returned >> 2020-11-09 15:02:55.214543

awoac7qsrrb >> End >> 2020-11-09 15:02:55.401974

ap0buufiqep >> Start >> 2020-11-09 15:07:15.531367

ap0buufiqep >> Image Returned >> 2020-11-09 15:07:15.536031

ap0buufiqep >> End >> 2020-11-09 15:07:15.721942

sq6d47u67sf >> Start >> 2020-11-09 15:13:54.721757

sq6d47u67sf >> Image Returned >> 2020-11-09 15:13:54.725593

sq6d47u67sf >> End >> 2020-11-09 15:13:54.910597

isek62bof7e >> Start >> 2020-11-09 15:14:48.494637

isek62bof7e >> Image Returned >> 2020-11-09 15:14:48.498291

isek62bof7e >> End >> 2020-11-09 15:14:48.694355

2dnomh0d78q >> Start >> 2020-11-09 15:15:20.452276

2dnomh0d78q >> Image Returned >> 2020-11-09 15:15:20.457237

2dnomh0d78q >> End >> 2020-11-09 15:15:20.641159

kv6xt2f4myf >> Start >> 2020-11-09 15:17:41.109924

kv6xt2f4myf >> Image Returned >> 2020-11-09 15:17:41.113948

kv6xt2f4myf >> End >> 2020-11-09 15:17:41.320641

3oqrtwdxm30 >> Start >> 2020-11-09 15:18:05.252294

3oqrtwdxm30 >> Image Returned >> 2020-11-09 15:18:05.257302

3oqrtwdxm30 >> End >> 2020-11-09 15:18:05.484240

ook0zqp3ee3 >> Start >> 2020-11-09 15:18:10.917599

ook0zqp3ee3 >> Image Returned >> 2020-11-09 15:18:10.917902

ook0zqp3ee3 >> End >> 2020-11-09 15:18:11.118927

a0z5evocwrv >> Start >> 2020-11-09 15:18:56.358757

a0z5evocwrv >> Image Returned >> 2020-11-09 15:18:56.362715

a0z5evocwrv >> End >> 2020-11-09 15:18:56.549001

ybbkpajh53f >> Start >> 2020-11-09 15:24:26.216128

ybbkpajh53f >> Image Returned >> 2020-11-09 15:24:26.219358

ybbkpajh53f >> End >> 2020-11-09 15:24:26.411329

ygy37shn8oz >> Start >> 2020-11-09 15:25:31.663377

ygy37shn8oz >> Image Returned >> 2020-11-09 15:25:31.667181

ygy37shn8oz >> End >> 2020-11-09 15:25:31.852195

r3rr0m4m78g >> Start >> 2020-11-09 15:26:05.592077

r3rr0m4m78g >> Image Returned >> 2020-11-09 15:26:05.595844

r3rr0m4m78g >> End >> 2020-11-09 15:26:05.793231

te5imsjz87j >> Start >> 2020-11-09 15:29:56.659440

te5imsjz87j >> Image Returned >> 2020-11-09 15:29:56.663209

te5imsjz87j >> End >> 2020-11-09 15:29:56.850584

2mvvfo47awe >> Start >> 2020-11-09 15:41:09.087038

2mvvfo47awe >> Image Returned >> 2020-11-09 15:41:09.090358

2mvvfo47awe >> End >> 2020-11-09 15:41:09.365927

h67wm6xneye >> Start >> 2020-11-09 15:43:27.259090

h67wm6xneye >> Image Returned >> 2020-11-09 15:43:27.263231

h67wm6xneye >> End >> 2020-11-09 15:43:27.442462

xr30rb7mjvi >> Start >> 2020-11-09 15:43:43.194833

xr30rb7mjvi >> Image Returned >> 2020-11-09 15:43:43.198559

xr30rb7mjvi >> End >> 2020-11-09 15:43:43.400626

yx3sdreeqcj >> Start >> 2020-11-09 15:43:55.201297

yx3sdreeqcj >> Image Returned >> 2020-11-09 15:43:55.204699

yx3sdreeqcj >> End >> 2020-11-09 15:43:55.411088

vkxem5rg3ak >> Start >> 2020-11-09 15:47:54.360203

vkxem5rg3ak >> Image Returned >> 2020-11-09 15:47:54.364414

vkxem5rg3ak >> End >> 2020-11-09 15:47:54.557701

twzdrvfum06 >> Start >> 2020-11-09 15:49:50.966897

twzdrvfum06 >> Image Returned >> 2020-11-09 15:49:50.970949

twzdrvfum06 >> End >> 2020-11-09 15:49:51.184174

wvobtzntfcw >> Start >> 2020-11-09 15:49:55.384443

wvobtzntfcw >> Image Returned >> 2020-11-09 15:49:55.384752

wvobtzntfcw >> End >> 2020-11-09 15:49:55.581799

oxmybdpq2g8 >> Start >> 2020-11-09 15:53:14.167845

oxmybdpq2g8 >> Image Returned >> 2020-11-09 15:53:14.172396

oxmybdpq2g8 >> End >> 2020-11-09 15:53:14.360018

x4dgevuq84m >> Start >> 2020-11-09 16:00:11.733454

x4dgevuq84m >> Image Returned >> 2020-11-09 16:00:11.736790

x4dgevuq84m >> End >> 2020-11-09 16:00:11.927153

q70uph54xf3 >> Start >> 2020-11-09 16:00:37.021785

q70uph54xf3 >> Image Returned >> 2020-11-09 16:00:37.025151

q70uph54xf3 >> End >> 2020-11-09 16:00:37.228972

i36avbkpy5p >> Start >> 2020-11-09 16:01:09.103111

i36avbkpy5p >> Image Returned >> 2020-11-09 16:01:09.106379

i36avbkpy5p >> End >> 2020-11-09 16:01:09.327507

4aazoc3g0ap >> Start >> 2020-11-09 16:01:46.627954

4aazoc3g0ap >> Image Returned >> 2020-11-09 16:01:46.631664

4aazoc3g0ap >> End >> 2020-11-09 16:01:46.817795

r0oatagdnuf >> Start >> 2020-11-09 16:02:07.956998

r0oatagdnuf >> Image Returned >> 2020-11-09 16:02:07.960269

r0oatagdnuf >> End >> 2020-11-09 16:02:08.150063

kxd4qp7fthj >> Start >> 2020-11-09 16:03:16.590847

kxd4qp7fthj >> Image Returned >> 2020-11-09 16:03:16.594755

kxd4qp7fthj >> End >> 2020-11-09 16:03:16.791337

kr4t6g7o2mn >> Start >> 2020-11-09 16:03:27.863687

kr4t6g7o2mn >> Image Returned >> 2020-11-09 16:03:27.867018

kr4t6g7o2mn >> End >> 2020-11-09 16:03:28.060415

5us0s238wko >> Start >> 2020-11-09 16:04:38.552829

5us0s238wko >> Image Returned >> 2020-11-09 16:04:38.556051

5us0s238wko >> End >> 2020-11-09 16:04:38.776268

wh768pfd5eb >> Start >> 2020-11-09 16:05:38.325026

wh768pfd5eb >> Image Returned >> 2020-11-09 16:05:38.328811

wh768pfd5eb >> End >> 2020-11-09 16:05:38.524548

ij3zova5x5z >> Start >> 2020-11-09 16:06:31.170687

ij3zova5x5z >> Image Returned >> 2020-11-09 16:06:31.174000

ij3zova5x5z >> End >> 2020-11-09 16:06:31.355240

bidvp0ymetq >> Start >> 2020-11-09 16:08:52.791923

bidvp0ymetq >> Image Returned >> 2020-11-09 16:08:52.796478

bidvp0ymetq >> End >> 2020-11-09 16:08:52.985124

zirqyks8utr >> Start >> 2020-11-09 16:14:28.783961

zirqyks8utr >> Image Returned >> 2020-11-09 16:14:28.788660

zirqyks8utr >> End >> 2020-11-09 16:14:28.972244

tqhvcbnwbuh >> Start >> 2020-11-09 16:20:27.812912

tqhvcbnwbuh >> Image Returned >> 2020-11-09 16:20:27.816128

tqhvcbnwbuh >> End >> 2020-11-09 16:20:27.995935

80nca7hbkfk >> Start >> 2020-11-09 16:25:16.352353

80nca7hbkfk >> Image Returned >> 2020-11-09 16:25:16.355614

80nca7hbkfk >> End >> 2020-11-09 16:25:16.552551

qsfdnf8fck4 >> Start >> 2020-11-09 16:32:41.464637

qsfdnf8fck4 >> Image Returned >> 2020-11-09 16:32:41.468939

qsfdnf8fck4 >> End >> 2020-11-09 16:32:41.656759

kj3hw33jj4u >> Start >> 2020-11-09 16:35:06.751502

kj3hw33jj4u >> Image Returned >> 2020-11-09 16:35:06.755414

kj3hw33jj4u >> End >> 2020-11-09 16:35:07.029474

f2rg2bs8ffd >> Start >> 2020-11-09 16:35:25.083028

f2rg2bs8ffd >> Image Returned >> 2020-11-09 16:35:25.086153

f2rg2bs8ffd >> End >> 2020-11-09 16:35:25.264942

vdjosiag6qk >> Start >> 2020-11-09 16:44:15.114341

vdjosiag6qk >> Image Returned >> 2020-11-09 16:44:15.118765

vdjosiag6qk >> End >> 2020-11-09 16:44:15.300591

7n8cvgewb2i >> Start >> 2020-11-09 16:44:27.237076

7n8cvgewb2i >> Image Returned >> 2020-11-09 16:44:27.240709

7n8cvgewb2i >> End >> 2020-11-09 16:44:27.428205

bigf4nwjvm8 >> Start >> 2020-11-09 16:44:53.914244

bigf4nwjvm8 >> Image Returned >> 2020-11-09 16:44:53.918515

bigf4nwjvm8 >> End >> 2020-11-09 16:44:54.116401

h3md8a3ghwx >> Start >> 2020-11-09 16:46:41.693520

h3md8a3ghwx >> Image Returned >> 2020-11-09 16:46:41.697700

h3md8a3ghwx >> End >> 2020-11-09 16:46:41.901679

so7vhcshrak >> Start >> 2020-11-09 16:46:49.360095

so7vhcshrak >> Image Returned >> 2020-11-09 16:46:49.360388

so7vhcshrak >> End >> 2020-11-09 16:46:49.539385

yhvh75sotty >> Start >> 2020-11-09 16:47:38.311634

yhvh75sotty >> Image Returned >> 2020-11-09 16:47:38.315068

yhvh75sotty >> End >> 2020-11-09 16:47:38.526359

o6mm3qopy8a >> Start >> 2020-11-09 16:47:43.149085

o6mm3qopy8a >> Image Returned >> 2020-11-09 16:47:43.149396

o6mm3qopy8a >> End >> 2020-11-09 16:47:43.371841

dfqggwpinn7 >> Start >> 2020-11-09 16:51:03.203957

dfqggwpinn7 >> Image Returned >> 2020-11-09 16:51:03.208236

dfqggwpinn7 >> End >> 2020-11-09 16:51:03.409843

uqi3ygxz5xa >> Start >> 2020-11-09 16:52:03.822268

uqi3ygxz5xa >> Image Returned >> 2020-11-09 16:52:03.826195

uqi3ygxz5xa >> End >> 2020-11-09 16:52:04.022690

42yntydavj4 >> Start >> 2020-11-09 16:52:18.646732

42yntydavj4 >> Image Returned >> 2020-11-09 16:52:18.650005

42yntydavj4 >> End >> 2020-11-09 16:52:18.892208

0s22s7yzfo3 >> Start >> 2020-11-09 16:52:22.780940

0s22s7yzfo3 >> Image Returned >> 2020-11-09 16:52:22.781239

0s22s7yzfo3 >> End >> 2020-11-09 16:52:23.012635

b8gw47r6tiv >> Start >> 2020-11-09 16:53:20.771956

b8gw47r6tiv >> Image Returned >> 2020-11-09 16:53:20.775254

b8gw47r6tiv >> End >> 2020-11-09 16:53:20.967015

zgyjw58z4gu >> Start >> 2020-11-09 16:54:38.308936

zgyjw58z4gu >> Image Returned >> 2020-11-09 16:54:38.312180

zgyjw58z4gu >> End >> 2020-11-09 16:54:38.563097

zjhi0e33c8u >> Start >> 2020-11-09 16:57:35.097722

zjhi0e33c8u >> Image Returned >> 2020-11-09 16:57:35.100961

zjhi0e33c8u >> End >> 2020-11-09 16:57:35.286911

jomszvrt740 >> Start >> 2020-11-09 17:00:27.142159

jomszvrt740 >> Image Returned >> 2020-11-09 17:00:27.145454

jomszvrt740 >> End >> 2020-11-09 17:00:27.338545

idq3dfygt0a >> Start >> 2020-11-09 17:00:38.043807

idq3dfygt0a >> Image Returned >> 2020-11-09 17:00:38.044136

idq3dfygt0a >> End >> 2020-11-09 17:00:38.227745

askf4miwcd0 >> Start >> 2020-11-09 17:01:06.705838

askf4miwcd0 >> Image Returned >> 2020-11-09 17:01:06.709070

askf4miwcd0 >> End >> 2020-11-09 17:01:06.894491

jfxzje3idgq >> Start >> 2020-11-09 17:04:48.767035

jfxzje3idgq >> Image Returned >> 2020-11-09 17:04:48.770984

jfxzje3idgq >> End >> 2020-11-09 17:04:48.950750

5w2yetra8ir >> Start >> 2020-11-09 17:05:09.139158

5w2yetra8ir >> Image Returned >> 2020-11-09 17:05:09.142549

5w2yetra8ir >> End >> 2020-11-09 17:05:09.331187

btt7w37fd05 >> Start >> 2020-11-09 17:06:24.143377

btt7w37fd05 >> Image Returned >> 2020-11-09 17:06:24.146594

btt7w37fd05 >> End >> 2020-11-09 17:06:24.332868

yo0ongafs00 >> Start >> 2020-11-09 17:07:32.456365

yo0ongafs00 >> Image Returned >> 2020-11-09 17:07:32.459547

yo0ongafs00 >> End >> 2020-11-09 17:07:32.643843

gmm65xs52wc >> Start >> 2020-11-09 17:07:33.561328

gmm65xs52wc >> Image Returned >> 2020-11-09 17:07:33.561625

gmm65xs52wc >> End >> 2020-11-09 17:07:33.754085

z6tdekb6qg3 >> Start >> 2020-11-09 17:13:02.104526

z6tdekb6qg3 >> Image Returned >> 2020-11-09 17:13:02.107753

z6tdekb6qg3 >> End >> 2020-11-09 17:13:02.297482

0yjanms557m >> Start >> 2020-11-09 17:14:15.993622

0yjanms557m >> Image Returned >> 2020-11-09 17:14:15.997241

0yjanms557m >> End >> 2020-11-09 17:14:16.184032

xx2fqsq8r6b >> Start >> 2020-11-09 17:18:13.000751

xx2fqsq8r6b >> Image Returned >> 2020-11-09 17:18:13.004009

xx2fqsq8r6b >> End >> 2020-11-09 17:18:13.183969

xkck6iqcyiq >> Start >> 2020-11-09 17:19:05.937190

xkck6iqcyiq >> Image Returned >> 2020-11-09 17:19:05.940510

xkck6iqcyiq >> End >> 2020-11-09 17:19:06.172508

mhcmmf7uggc >> Start >> 2020-11-09 17:21:39.244273

mhcmmf7uggc >> Image Returned >> 2020-11-09 17:21:39.247792

mhcmmf7uggc >> End >> 2020-11-09 17:21:39.439671

od64f7op02q >> Start >> 2020-11-09 17:22:21.484363

od64f7op02q >> Image Returned >> 2020-11-09 17:22:21.488179

od64f7op02q >> End >> 2020-11-09 17:22:21.738660

5b2egim6cvm >> Start >> 2020-11-09 17:23:06.121211

5b2egim6cvm >> Image Returned >> 2020-11-09 17:23:06.125051

5b2egim6cvm >> End >> 2020-11-09 17:23:06.308161

40evjks5ohn >> Start >> 2020-11-09 17:23:23.596309

40evjks5ohn >> Image Returned >> 2020-11-09 17:23:23.599531

40evjks5ohn >> End >> 2020-11-09 17:23:23.784961

xp27s8u3mq0 >> Start >> 2020-11-09 17:24:39.707376

xp27s8u3mq0 >> Image Returned >> 2020-11-09 17:24:39.710628

xp27s8u3mq0 >> End >> 2020-11-09 17:24:39.900101

scp7vikypwz >> Start >> 2020-11-09 17:24:55.884090

scp7vikypwz >> Image Returned >> 2020-11-09 17:24:55.887902

scp7vikypwz >> End >> 2020-11-09 17:24:56.071553

oyw7x3tvhbx >> Start >> 2020-11-09 17:26:53.286946

oyw7x3tvhbx >> Image Returned >> 2020-11-09 17:26:53.290942

oyw7x3tvhbx >> End >> 2020-11-09 17:26:53.491307

6qrreaf3j2q >> Start >> 2020-11-09 17:28:54.981066

6qrreaf3j2q >> Image Returned >> 2020-11-09 17:28:54.984884

6qrreaf3j2q >> End >> 2020-11-09 17:28:55.172945

eh2mtkfxvei >> Start >> 2020-11-09 17:32:44.656461

eh2mtkfxvei >> Image Returned >> 2020-11-09 17:32:44.662218

eh2mtkfxvei >> End >> 2020-11-09 17:32:44.864609

gkmpzb6btpx >> Start >> 2020-11-09 17:33:55.582320

gkmpzb6btpx >> Image Returned >> 2020-11-09 17:33:55.586112

gkmpzb6btpx >> End >> 2020-11-09 17:33:55.772366

tojc5yc2a2x >> Start >> 2020-11-09 17:34:10.666949

tojc5yc2a2x >> Image Returned >> 2020-11-09 17:34:10.670238

tojc5yc2a2x >> End >> 2020-11-09 17:34:10.851663

q5qs0sv83si >> Start >> 2020-11-09 17:36:08.875552

q5qs0sv83si >> Image Returned >> 2020-11-09 17:36:08.879690

q5qs0sv83si >> End >> 2020-11-09 17:36:09.063339

ns85pkfeeyg >> Start >> 2020-11-09 17:36:25.743779

ns85pkfeeyg >> Image Returned >> 2020-11-09 17:36:25.747060

ns85pkfeeyg >> End >> 2020-11-09 17:36:25.927587

x5rzdp570mi >> Start >> 2020-11-09 17:37:26.138489

x5rzdp570mi >> Image Returned >> 2020-11-09 17:37:26.142306

x5rzdp570mi >> End >> 2020-11-09 17:37:26.337785

3znedz8hrwu >> Start >> 2020-11-09 17:40:15.449034

3znedz8hrwu >> Image Returned >> 2020-11-09 17:40:15.452398

3znedz8hrwu >> End >> 2020-11-09 17:40:15.638756

7aoquvxp60m >> Start >> 2020-11-09 17:40:46.963949

7aoquvxp60m >> Image Returned >> 2020-11-09 17:40:46.967955

7aoquvxp60m >> End >> 2020-11-09 17:40:47.159403

28vtnarvw4w >> Start >> 2020-11-09 17:40:55.315666

28vtnarvw4w >> Image Returned >> 2020-11-09 17:40:55.315996

28vtnarvw4w >> End >> 2020-11-09 17:40:55.502368

j87toq70fec >> Start >> 2020-11-09 17:47:52.552916

j87toq70fec >> Image Returned >> 2020-11-09 17:47:52.556725

j87toq70fec >> End >> 2020-11-09 17:47:52.774092

o5s2f2utov3 >> Start >> 2020-11-09 17:48:30.352739

o5s2f2utov3 >> Image Returned >> 2020-11-09 17:48:30.356021

o5s2f2utov3 >> End >> 2020-11-09 17:48:30.739787

57fyf87sahg >> Start >> 2020-11-09 17:48:37.262294

57fyf87sahg >> Image Returned >> 2020-11-09 17:48:37.262739

57fyf87sahg >> End >> 2020-11-09 17:48:37.448595

6yuju4yxaou >> Start >> 2020-11-09 17:48:45.095444

6yuju4yxaou >> Image Returned >> 2020-11-09 17:48:45.095757

6yuju4yxaou >> End >> 2020-11-09 17:48:45.316416

arrh8npvmqi >> Start >> 2020-11-09 17:48:46.539213

arrh8npvmqi >> Image Returned >> 2020-11-09 17:48:46.539488

arrh8npvmqi >> End >> 2020-11-09 17:48:46.922198

6en68gdpjmy >> Start >> 2020-11-09 17:48:47.083076

6en68gdpjmy >> Image Returned >> 2020-11-09 17:48:47.083384

ywnnk48dn25 >> Start >> 2020-11-09 17:48:47.087865

ywnnk48dn25 >> Image Returned >> 2020-11-09 17:48:47.091130

6en68gdpjmy >> End >> 2020-11-09 17:48:47.284008

ywnnk48dn25 >> End >> 2020-11-09 17:48:47.486536

q23gofd28sn >> Start >> 2020-11-09 17:53:14.115861

q23gofd28sn >> Image Returned >> 2020-11-09 17:53:14.119477

q23gofd28sn >> End >> 2020-11-09 17:53:14.308682

6gcn67kd3i4 >> Start >> 2020-11-09 17:53:57.312566

6gcn67kd3i4 >> Image Returned >> 2020-11-09 17:53:57.315888

6gcn67kd3i4 >> End >> 2020-11-09 17:53:57.512687

7uz68sdpoek >> Start >> 2020-11-09 17:55:11.843950

7uz68sdpoek >> Image Returned >> 2020-11-09 17:55:11.847177

7uz68sdpoek >> End >> 2020-11-09 17:55:12.052573

7fngnsusxni >> Start >> 2020-11-09 17:55:13.758573

7fngnsusxni >> Image Returned >> 2020-11-09 17:55:13.758902

7fngnsusxni >> End >> 2020-11-09 17:55:14.147954

uf2nmbsgtwc >> Start >> 2020-11-09 17:55:24.950267

uf2nmbsgtwc >> Image Returned >> 2020-11-09 17:55:24.950583

uf2nmbsgtwc >> End >> 2020-11-09 17:55:25.310606

4wf0zs8d58d >> Start >> 2020-11-09 17:55:25.368536

4wf0zs8d58d >> Image Returned >> 2020-11-09 17:55:25.368827

4wf0zs8d58d >> End >> 2020-11-09 17:55:25.697690

f4j3kk54abi >> Start >> 2020-11-09 17:56:46.868453

f4j3kk54abi >> Image Returned >> 2020-11-09 17:56:46.872437

f4j3kk54abi >> End >> 2020-11-09 17:56:47.052128

ha5p0s8kchj >> Start >> 2020-11-09 18:00:41.254349

ha5p0s8kchj >> Image Returned >> 2020-11-09 18:00:41.258057

ha5p0s8kchj >> End >> 2020-11-09 18:00:41.445772

5hpmuwusdqg >> Start >> 2020-11-09 18:00:51.407613

5hpmuwusdqg >> Image Returned >> 2020-11-09 18:00:51.407948

5hpmuwusdqg >> End >> 2020-11-09 18:00:51.594683

y3624sq6a3p >> Start >> 2020-11-09 18:01:00.559869

y3624sq6a3p >> Image Returned >> 2020-11-09 18:01:00.560137

y3624sq6a3p >> End >> 2020-11-09 18:01:00.740376

uocf2y7c0oe >> Start >> 2020-11-09 18:05:41.523324

uocf2y7c0oe >> Image Returned >> 2020-11-09 18:05:41.527152

uocf2y7c0oe >> End >> 2020-11-09 18:05:41.717107

p8b72ynupd2 >> Start >> 2020-11-09 18:09:03.600030

p8b72ynupd2 >> Image Returned >> 2020-11-09 18:09:03.603439

p8b72ynupd2 >> End >> 2020-11-09 18:09:03.796912

be6py47xg4i >> Start >> 2020-11-09 18:09:54.934402

be6py47xg4i >> Image Returned >> 2020-11-09 18:09:54.938642

be6py47xg4i >> End >> 2020-11-09 18:09:55.125363

4yxbznfszu6 >> Start >> 2020-11-09 18:10:15.212466

4yxbznfszu6 >> Image Returned >> 2020-11-09 18:10:15.215734

4yxbznfszu6 >> End >> 2020-11-09 18:10:15.406277

xvn450zorix >> Start >> 2020-11-09 18:10:36.947613

xvn450zorix >> Image Returned >> 2020-11-09 18:10:36.952366

xvn450zorix >> End >> 2020-11-09 18:10:37.147213

nvcp5dyycjr >> Start >> 2020-11-09 18:12:43.871023

nvcp5dyycjr >> Image Returned >> 2020-11-09 18:12:43.874855

nvcp5dyycjr >> End >> 2020-11-09 18:12:44.069165

vz2yvzevp4d >> Start >> 2020-11-09 18:14:45.800697

vz2yvzevp4d >> Image Returned >> 2020-11-09 18:14:45.804533

vz2yvzevp4d >> End >> 2020-11-09 18:14:45.992799

53dtzyz60x3 >> Start >> 2020-11-09 18:18:04.416248

53dtzyz60x3 >> Image Returned >> 2020-11-09 18:18:04.419922

53dtzyz60x3 >> End >> 2020-11-09 18:18:04.601254

du6pbkqa2oh >> Start >> 2020-11-09 18:19:01.186168

du6pbkqa2oh >> Image Returned >> 2020-11-09 18:19:01.190521

du6pbkqa2oh >> End >> 2020-11-09 18:19:01.371251

dooyh040rwc >> Start >> 2020-11-09 18:19:07.485991

dooyh040rwc >> Image Returned >> 2020-11-09 18:19:07.486282

hn7dsa2p7se >> Start >> 2020-11-09 18:19:07.540513

hn7dsa2p7se >> Image Returned >> 2020-11-09 18:19:07.543895

dooyh040rwc >> End >> 2020-11-09 18:19:07.668688

hn7dsa2p7se >> End >> 2020-11-09 18:19:07.754550

irqtecwcx6x >> Start >> 2020-11-09 18:19:19.571862

irqtecwcx6x >> Image Returned >> 2020-11-09 18:19:19.575243

irqtecwcx6x >> End >> 2020-11-09 18:19:19.768726

y006qw68ato >> Start >> 2020-11-09 18:21:26.226018

y006qw68ato >> Image Returned >> 2020-11-09 18:21:26.229298

y006qw68ato >> End >> 2020-11-09 18:21:26.430118

g6ny2s7qfwc >> Start >> 2020-11-09 18:21:50.070976

g6ny2s7qfwc >> Image Returned >> 2020-11-09 18:21:50.074685

g6ny2s7qfwc >> End >> 2020-11-09 18:21:50.260704

m0i0esohb6i >> Start >> 2020-11-09 18:28:38.784589

m0i0esohb6i >> Image Returned >> 2020-11-09 18:28:38.787925

m0i0esohb6i >> End >> 2020-11-09 18:28:38.980470

z7srrcdedwa >> Start >> 2020-11-09 18:28:47.138416

z7srrcdedwa >> Image Returned >> 2020-11-09 18:28:47.138725

z7srrcdedwa >> End >> 2020-11-09 18:28:47.329763

qba47jvyiwd >> Start >> 2020-11-09 18:30:14.978035

qba47jvyiwd >> Image Returned >> 2020-11-09 18:30:14.982306

qba47jvyiwd >> End >> 2020-11-09 18:30:15.169226

etop53ka3ys >> Start >> 2020-11-09 18:30:16.982616

etop53ka3ys >> Image Returned >> 2020-11-09 18:30:16.982933

etop53ka3ys >> End >> 2020-11-09 18:30:17.166157

bkorzmymipv >> Start >> 2020-11-09 18:30:37.502866

bkorzmymipv >> Image Returned >> 2020-11-09 18:30:37.506206

bkorzmymipv >> End >> 2020-11-09 18:30:37.695628

kcn5xv5doq8 >> Start >> 2020-11-09 18:34:01.077635

kcn5xv5doq8 >> Image Returned >> 2020-11-09 18:34:01.080980

kcn5xv5doq8 >> End >> 2020-11-09 18:34:01.262346

c2nau4m50ho >> Start >> 2020-11-09 18:37:17.987396

c2nau4m50ho >> Image Returned >> 2020-11-09 18:37:17.992113

c2nau4m50ho >> End >> 2020-11-09 18:37:18.179073

5pc4v40kcrc >> Start >> 2020-11-09 18:38:49.869807

5pc4v40kcrc >> Image Returned >> 2020-11-09 18:38:49.874610

5pc4v40kcrc >> End >> 2020-11-09 18:38:50.077851

ar6hroohdmh >> Start >> 2020-11-09 18:39:09.709100

ar6hroohdmh >> Image Returned >> 2020-11-09 18:39:09.712312

ar6hroohdmh >> End >> 2020-11-09 18:39:09.927306

3rsd5upxbzj >> Start >> 2020-11-09 18:41:28.098747

3rsd5upxbzj >> Image Returned >> 2020-11-09 18:41:28.102140

3rsd5upxbzj >> End >> 2020-11-09 18:41:28.295538

fdukjy0ciqj >> Start >> 2020-11-09 18:48:51.654027

fdukjy0ciqj >> Image Returned >> 2020-11-09 18:48:51.658627

fdukjy0ciqj >> End >> 2020-11-09 18:48:51.899172

npyiy6ugcnk >> Start >> 2020-11-09 18:53:36.134569

npyiy6ugcnk >> Image Returned >> 2020-11-09 18:53:36.138946

npyiy6ugcnk >> End >> 2020-11-09 18:53:36.321682

n433ui8ng5h >> Start >> 2020-11-09 18:53:47.060415

n433ui8ng5h >> Image Returned >> 2020-11-09 18:53:47.060743

n433ui8ng5h >> End >> 2020-11-09 18:53:47.242408

8y6ep5nx7wu >> Start >> 2020-11-09 18:54:00.079889

8y6ep5nx7wu >> Image Returned >> 2020-11-09 18:54:00.083756

8y6ep5nx7wu >> End >> 2020-11-09 18:54:00.268435

36o7o3ek75f >> Start >> 2020-11-09 18:58:31.595159

36o7o3ek75f >> Image Returned >> 2020-11-09 18:58:31.600239

36o7o3ek75f >> End >> 2020-11-09 18:58:31.790143

piape5dgvrg >> Start >> 2020-11-09 18:59:27.541563

piape5dgvrg >> Image Returned >> 2020-11-09 18:59:27.544832

piape5dgvrg >> End >> 2020-11-09 18:59:27.733079

kysfqka7b8m >> Start >> 2020-11-09 19:00:01.173353

kysfqka7b8m >> Image Returned >> 2020-11-09 19:00:01.176533

kysfqka7b8m >> End >> 2020-11-09 19:00:01.555687

yjee6ksmyjr >> Start >> 2020-11-09 19:01:58.267590

yjee6ksmyjr >> Image Returned >> 2020-11-09 19:01:58.273324

yjee6ksmyjr >> End >> 2020-11-09 19:01:58.475936

shc4eznn3ti >> Start >> 2020-11-09 19:02:19.846831

shc4eznn3ti >> Image Returned >> 2020-11-09 19:02:19.850368

shc4eznn3ti >> End >> 2020-11-09 19:02:20.054905

twr88eqcjp8 >> Start >> 2020-11-09 19:09:35.711711

twr88eqcjp8 >> Image Returned >> 2020-11-09 19:09:35.714998

twr88eqcjp8 >> End >> 2020-11-09 19:09:35.902350

g64gwqkonpm >> Start >> 2020-11-09 19:11:33.297576

g64gwqkonpm >> Image Returned >> 2020-11-09 19:11:33.301151

g64gwqkonpm >> End >> 2020-11-09 19:11:33.490699

47aieejpr8z >> Start >> 2020-11-09 19:13:13.762845

47aieejpr8z >> Image Returned >> 2020-11-09 19:13:13.766130

47aieejpr8z >> End >> 2020-11-09 19:13:13.953922

6jjvi5do0c7 >> Start >> 2020-11-09 19:13:33.846853

6jjvi5do0c7 >> Image Returned >> 2020-11-09 19:13:33.850084

6jjvi5do0c7 >> End >> 2020-11-09 19:13:34.036756

hbex3a4ynnj >> Start >> 2020-11-09 19:24:05.386048

hbex3a4ynnj >> Image Returned >> 2020-11-09 19:24:05.389316

hbex3a4ynnj >> End >> 2020-11-09 19:24:05.570820

3ara8zeq3v2 >> Start >> 2020-11-09 19:24:44.235564

3ara8zeq3v2 >> Image Returned >> 2020-11-09 19:24:44.238887

3ara8zeq3v2 >> End >> 2020-11-09 19:24:44.419419

wfvu4qa54qt >> Start >> 2020-11-09 19:25:48.038729

wfvu4qa54qt >> Image Returned >> 2020-11-09 19:25:48.043258

wfvu4qa54qt >> End >> 2020-11-09 19:25:48.233443

pisourgj82x >> Start >> 2020-11-09 19:26:17.988795

pisourgj82x >> Image Returned >> 2020-11-09 19:26:17.992135

pisourgj82x >> End >> 2020-11-09 19:26:18.204539

ms72zk5wh6f >> Start >> 2020-11-09 19:30:22.950773

ms72zk5wh6f >> Image Returned >> 2020-11-09 19:30:22.954447

ms72zk5wh6f >> End >> 2020-11-09 19:30:23.164356

pw7yfigndsw >> Start >> 2020-11-09 19:32:45.465882

pw7yfigndsw >> Image Returned >> 2020-11-09 19:32:45.470347

pw7yfigndsw >> End >> 2020-11-09 19:32:45.669028

hm4w2wt8od5 >> Start >> 2020-11-09 19:33:42.631002

hm4w2wt8od5 >> Image Returned >> 2020-11-09 19:33:42.634274

hm4w2wt8od5 >> End >> 2020-11-09 19:33:42.822012

nckwkzkabnd >> Start >> 2020-11-09 19:35:54.271055

nckwkzkabnd >> Image Returned >> 2020-11-09 19:35:54.274666

nckwkzkabnd >> End >> 2020-11-09 19:35:54.459579

6v77v37onge >> Start >> 2020-11-09 19:38:04.892450

6v77v37onge >> Image Returned >> 2020-11-09 19:38:04.896791

6v77v37onge >> End >> 2020-11-09 19:38:05.080868

sbjhwd6qume >> Start >> 2020-11-09 19:39:44.827460

sbjhwd6qume >> Image Returned >> 2020-11-09 19:39:44.832118

sbjhwd6qume >> End >> 2020-11-09 19:39:45.018451

kdieoc004yv >> Start >> 2020-11-09 19:40:07.217370

kdieoc004yv >> Image Returned >> 2020-11-09 19:40:07.220647

kdieoc004yv >> End >> 2020-11-09 19:40:07.407038

7q7siv68fdd >> Start >> 2020-11-09 19:40:40.263497

7q7siv68fdd >> Image Returned >> 2020-11-09 19:40:40.266724

7q7siv68fdd >> End >> 2020-11-09 19:40:40.464159

bjgkutqnjin >> Start >> 2020-11-09 19:40:59.719261

bjgkutqnjin >> Image Returned >> 2020-11-09 19:40:59.723077

bjgkutqnjin >> End >> 2020-11-09 19:40:59.912288

ovsd045qayc >> Start >> 2020-11-09 19:41:42.954998

ovsd045qayc >> Image Returned >> 2020-11-09 19:41:42.958281

ovsd045qayc >> End >> 2020-11-09 19:41:43.147183

us8vpt40ibo >> Start >> 2020-11-09 19:43:21.645778

us8vpt40ibo >> Image Returned >> 2020-11-09 19:43:21.649544

us8vpt40ibo >> End >> 2020-11-09 19:43:21.831413

7capxr2zfe6 >> Start >> 2020-11-09 19:44:07.439129

7capxr2zfe6 >> Image Returned >> 2020-11-09 19:44:07.442931

7capxr2zfe6 >> End >> 2020-11-09 19:44:07.688194

mftpfztw72q >> Start >> 2020-11-09 19:45:01.621613

mftpfztw72q >> Image Returned >> 2020-11-09 19:45:01.625457

mftpfztw72q >> End >> 2020-11-09 19:45:01.809752

c0jqp2brwt6 >> Start >> 2020-11-09 19:46:58.113516

c0jqp2brwt6 >> Image Returned >> 2020-11-09 19:46:58.117697

c0jqp2brwt6 >> End >> 2020-11-09 19:46:58.301105

rc75gzv766x >> Start >> 2020-11-09 19:47:34.797979

rc75gzv766x >> Image Returned >> 2020-11-09 19:47:34.801358

rc75gzv766x >> End >> 2020-11-09 19:47:34.994277

qtfznexkcyf >> Start >> 2020-11-09 19:47:59.046854

qtfznexkcyf >> Image Returned >> 2020-11-09 19:47:59.050596

qtfznexkcyf >> End >> 2020-11-09 19:47:59.239461

juyiwhyk7p4 >> Start >> 2020-11-09 19:49:49.956551

juyiwhyk7p4 >> Image Returned >> 2020-11-09 19:49:49.960449

juyiwhyk7p4 >> End >> 2020-11-09 19:49:50.157082

7h4w0v8w6m8 >> Start >> 2020-11-09 19:52:00.987612

7h4w0v8w6m8 >> Image Returned >> 2020-11-09 19:52:00.992146

7h4w0v8w6m8 >> End >> 2020-11-09 19:52:01.181562

irhb2jybzuz >> Start >> 2020-11-09 19:52:49.587960

irhb2jybzuz >> Image Returned >> 2020-11-09 19:52:49.591764

irhb2jybzuz >> End >> 2020-11-09 19:52:49.774007

6hxvw6tqh6p >> Start >> 2020-11-09 19:52:57.143203

6hxvw6tqh6p >> Image Returned >> 2020-11-09 19:52:57.143515

6hxvw6tqh6p >> End >> 2020-11-09 19:52:57.390420

4sua6qcanfz >> Start >> 2020-11-09 19:53:48.671030

4sua6qcanfz >> Image Returned >> 2020-11-09 19:53:48.675148

4sua6qcanfz >> End >> 2020-11-09 19:53:48.857095

y7km0n8n8tr >> Start >> 2020-11-09 19:57:03.022785

y7km0n8n8tr >> Image Returned >> 2020-11-09 19:57:03.027211

y7km0n8n8tr >> End >> 2020-11-09 19:57:03.208822

zez6ksmryuk >> Start >> 2020-11-09 19:57:25.028048

zez6ksmryuk >> Image Returned >> 2020-11-09 19:57:25.031716

zez6ksmryuk >> End >> 2020-11-09 19:57:25.218446

hdbepdvcw8q >> Start >> 2020-11-09 19:57:55.104171

hdbepdvcw8q >> Image Returned >> 2020-11-09 19:57:55.108020

hdbepdvcw8q >> End >> 2020-11-09 19:57:55.313114

dnfugczouco >> Start >> 2020-11-09 19:59:15.554517

dnfugczouco >> Image Returned >> 2020-11-09 19:59:15.557919

dnfugczouco >> End >> 2020-11-09 19:59:15.746124

ejifxoxex8k >> Start >> 2020-11-09 20:05:35.052022

ejifxoxex8k >> Image Returned >> 2020-11-09 20:05:35.055382

ejifxoxex8k >> End >> 2020-11-09 20:05:35.253783

228mshxc3dt >> Start >> 2020-11-09 20:07:10.801125

228mshxc3dt >> Image Returned >> 2020-11-09 20:07:10.805026

228mshxc3dt >> End >> 2020-11-09 20:07:11.028670

64f2pm3wvxr >> Start >> 2020-11-09 20:09:50.055023

64f2pm3wvxr >> Image Returned >> 2020-11-09 20:09:50.060256

64f2pm3wvxr >> End >> 2020-11-09 20:09:50.249497

w2ywfmg7hcq >> Start >> 2020-11-09 20:10:17.597377

w2ywfmg7hcq >> Image Returned >> 2020-11-09 20:10:17.600733

w2ywfmg7hcq >> End >> 2020-11-09 20:10:17.798031

3et2844d66o >> Start >> 2020-11-09 20:10:46.180834

3et2844d66o >> Image Returned >> 2020-11-09 20:10:46.186063

3et2844d66o >> End >> 2020-11-09 20:10:46.380798

0ejs7jsk8ow >> Start >> 2020-11-09 20:11:51.724282

0ejs7jsk8ow >> Image Returned >> 2020-11-09 20:11:51.731408

0ejs7jsk8ow >> End >> 2020-11-09 20:11:51.920903

6uoxjrzd0vp >> Start >> 2020-11-09 20:13:38.636467

6uoxjrzd0vp >> Image Returned >> 2020-11-09 20:13:38.639756

6uoxjrzd0vp >> End >> 2020-11-09 20:13:38.824521

os35ug0nvrx >> Start >> 2020-11-09 20:15:35.723440

os35ug0nvrx >> Image Returned >> 2020-11-09 20:15:35.727068

os35ug0nvrx >> End >> 2020-11-09 20:15:35.932432

8yktcfg7iwd >> Start >> 2020-11-09 20:16:23.114806

8yktcfg7iwd >> Image Returned >> 2020-11-09 20:16:23.118662

8yktcfg7iwd >> End >> 2020-11-09 20:16:23.314815

n3jj86mm7dz >> Start >> 2020-11-09 20:16:53.269184

n3jj86mm7dz >> Image Returned >> 2020-11-09 20:16:53.273052

n3jj86mm7dz >> End >> 2020-11-09 20:16:53.461623

ap4bj2t3ecv >> Start >> 2020-11-09 20:17:37.948473

ap4bj2t3ecv >> Image Returned >> 2020-11-09 20:17:37.951821

ap4bj2t3ecv >> End >> 2020-11-09 20:17:38.157244

v6snog68arp >> Start >> 2020-11-09 20:19:06.889228

v6snog68arp >> Image Returned >> 2020-11-09 20:19:06.893501

v6snog68arp >> End >> 2020-11-09 20:19:07.077234

zufynmf6fek >> Start >> 2020-11-09 20:25:43.167459

zufynmf6fek >> Image Returned >> 2020-11-09 20:25:43.172130

zufynmf6fek >> End >> 2020-11-09 20:25:43.361475

ifc5d84bp5f >> Start >> 2020-11-09 20:26:54.916764

ifc5d84bp5f >> Image Returned >> 2020-11-09 20:26:54.921183

ifc5d84bp5f >> End >> 2020-11-09 20:26:55.129545

cjskguwa868 >> Start >> 2020-11-09 20:28:00.646044

cjskguwa868 >> Image Returned >> 2020-11-09 20:28:00.649411

cjskguwa868 >> End >> 2020-11-09 20:28:00.828536

0of48znys4t >> Start >> 2020-11-09 20:28:54.399801

0of48znys4t >> Image Returned >> 2020-11-09 20:28:54.404645

0of48znys4t >> End >> 2020-11-09 20:28:54.589052

jr6xi472krc >> Start >> 2020-11-09 20:32:21.817111

jr6xi472krc >> Image Returned >> 2020-11-09 20:32:21.821151

jr6xi472krc >> End >> 2020-11-09 20:32:22.011676

0x8f0ynkbni >> Start >> 2020-11-09 20:35:04.775722

0x8f0ynkbni >> Image Returned >> 2020-11-09 20:35:04.779480

0x8f0ynkbni >> End >> 2020-11-09 20:35:04.975404

n5aombj5c0v >> Start >> 2020-11-09 20:36:42.223396

n5aombj5c0v >> Image Returned >> 2020-11-09 20:36:42.226738

n5aombj5c0v >> End >> 2020-11-09 20:36:42.413702

eyjycy8xava >> Start >> 2020-11-09 20:36:59.784085

eyjycy8xava >> Image Returned >> 2020-11-09 20:36:59.787889

eyjycy8xava >> End >> 2020-11-09 20:36:59.922224

i5qnkwv8pzx >> Start >> 2020-11-09 20:43:57.516488

i5qnkwv8pzx >> Image Returned >> 2020-11-09 20:43:57.520226

i5qnkwv8pzx >> End >> 2020-11-09 20:43:57.720113

tde4y32mp0t >> Start >> 2020-11-09 20:44:16.060745

tde4y32mp0t >> Image Returned >> 2020-11-09 20:44:16.064213

tde4y32mp0t >> End >> 2020-11-09 20:44:16.263683

8h5qsk433zg >> Start >> 2020-11-09 20:44:20.297784

8h5qsk433zg >> Image Returned >> 2020-11-09 20:44:20.298104

8h5qsk433zg >> End >> 2020-11-09 20:44:20.476758

i7k7rgivqvn >> Start >> 2020-11-09 20:45:05.594038

i7k7rgivqvn >> Image Returned >> 2020-11-09 20:45:05.597915

i7k7rgivqvn >> End >> 2020-11-09 20:45:05.725517

oqpb4gwqck6 >> Start >> 2020-11-09 20:47:39.390440

oqpb4gwqck6 >> Image Returned >> 2020-11-09 20:47:39.394409

oqpb4gwqck6 >> End >> 2020-11-09 20:47:39.584064

nodcj3wu8h3 >> Start >> 2020-11-09 20:47:44.285676

nodcj3wu8h3 >> Image Returned >> 2020-11-09 20:47:44.286000

nodcj3wu8h3 >> End >> 2020-11-09 20:47:44.468133

7j4oqbrsweu >> Start >> 2020-11-09 20:49:45.690300

7j4oqbrsweu >> Image Returned >> 2020-11-09 20:49:45.693705

7j4oqbrsweu >> End >> 2020-11-09 20:49:45.880817

5f35b6tmdnn >> Start >> 2020-11-09 20:49:53.593790

5f35b6tmdnn >> Image Returned >> 2020-11-09 20:49:53.594116

5f35b6tmdnn >> End >> 2020-11-09 20:49:53.776989

3jciehfu373 >> Start >> 2020-11-09 20:52:57.530288

3jciehfu373 >> Image Returned >> 2020-11-09 20:52:57.534370

3jciehfu373 >> End >> 2020-11-09 20:52:57.722834

mrb6fw86maw >> Start >> 2020-11-09 20:55:42.760621

mrb6fw86maw >> Image Returned >> 2020-11-09 20:55:42.764106

mrb6fw86maw >> End >> 2020-11-09 20:55:42.944612

2dn7hsscdm7 >> Start >> 2020-11-09 20:57:44.723803

2dn7hsscdm7 >> Image Returned >> 2020-11-09 20:57:44.727124

2dn7hsscdm7 >> End >> 2020-11-09 20:57:44.910974

53xsftgid5m >> Start >> 2020-11-09 20:57:45.773478

53xsftgid5m >> Image Returned >> 2020-11-09 20:57:45.773936

53xsftgid5m >> End >> 2020-11-09 20:57:45.958204

g7ets4qcxs5 >> Start >> 2020-11-09 20:58:05.871692

g7ets4qcxs5 >> Image Returned >> 2020-11-09 20:58:05.878525

g7ets4qcxs5 >> End >> 2020-11-09 20:58:06.074054

47ue3jjerkk >> Start >> 2020-11-09 20:58:34.917097

47ue3jjerkk >> Image Returned >> 2020-11-09 20:58:34.920419

47ue3jjerkk >> End >> 2020-11-09 20:58:35.129669

tec0i8th0bo >> Start >> 2020-11-09 20:59:52.432615

tec0i8th0bo >> Image Returned >> 2020-11-09 20:59:52.435971

tec0i8th0bo >> End >> 2020-11-09 20:59:52.622478

cfooqbjpd6p >> Start >> 2020-11-09 21:00:58.656861

cfooqbjpd6p >> Image Returned >> 2020-11-09 21:00:58.660824

cfooqbjpd6p >> End >> 2020-11-09 21:00:58.906121

wvagkzm4x6g >> Start >> 2020-11-09 21:02:00.356338

wvagkzm4x6g >> Image Returned >> 2020-11-09 21:02:00.360497

wvagkzm4x6g >> End >> 2020-11-09 21:02:00.597429

3aphpfz2v6v >> Start >> 2020-11-09 21:09:07.940243

3aphpfz2v6v >> Image Returned >> 2020-11-09 21:09:07.943752

3aphpfz2v6v >> End >> 2020-11-09 21:09:08.125536

mumh0osof5o >> Start >> 2020-11-09 21:10:17.044332

mumh0osof5o >> Image Returned >> 2020-11-09 21:10:17.047944

mumh0osof5o >> End >> 2020-11-09 21:10:17.265136

mwzcsb8f845 >> Start >> 2020-11-09 21:12:06.505582

mwzcsb8f845 >> Image Returned >> 2020-11-09 21:12:06.509375

mwzcsb8f845 >> End >> 2020-11-09 21:12:06.771744

oj8tvmmtpwn >> Start >> 2020-11-09 21:16:39.017169

oj8tvmmtpwn >> Image Returned >> 2020-11-09 21:16:39.020575

oj8tvmmtpwn >> End >> 2020-11-09 21:16:39.208744

gwaj4gztq4g >> Start >> 2020-11-09 21:19:10.296457

gwaj4gztq4g >> Image Returned >> 2020-11-09 21:19:10.300024

gwaj4gztq4g >> End >> 2020-11-09 21:19:10.488462

ufggrwre8jb >> Start >> 2020-11-09 21:20:03.444253

ufggrwre8jb >> Image Returned >> 2020-11-09 21:20:03.448164

ufggrwre8jb >> End >> 2020-11-09 21:20:03.644191

pifg2pk0foe >> Start >> 2020-11-09 21:20:23.156219

pifg2pk0foe >> Image Returned >> 2020-11-09 21:20:23.159564

pifg2pk0foe >> End >> 2020-11-09 21:20:23.346786

dobtcmsxfq2 >> Start >> 2020-11-09 21:24:39.237490

dobtcmsxfq2 >> Image Returned >> 2020-11-09 21:24:39.241019

dobtcmsxfq2 >> End >> 2020-11-09 21:24:39.426047

zyo6cnkkwzx >> Start >> 2020-11-09 21:26:21.796264

zyo6cnkkwzx >> Image Returned >> 2020-11-09 21:26:21.803194

zyo6cnkkwzx >> End >> 2020-11-09 21:26:21.988193

w0f63itbsh3 >> Start >> 2020-11-09 21:26:43.104058

w0f63itbsh3 >> Image Returned >> 2020-11-09 21:26:43.107580

w0f63itbsh3 >> End >> 2020-11-09 21:26:43.303806

7bqkau0imkx >> Start >> 2020-11-09 21:27:08.920939

7bqkau0imkx >> Image Returned >> 2020-11-09 21:27:08.925411

7bqkau0imkx >> End >> 2020-11-09 21:27:09.115525

mawfn07m0te >> Start >> 2020-11-09 21:27:23.925652

mawfn07m0te >> Image Returned >> 2020-11-09 21:27:23.929080

mawfn07m0te >> End >> 2020-11-09 21:27:24.118033

7i4ptigqrj5 >> Start >> 2020-11-09 21:27:40.629656

7i4ptigqrj5 >> Image Returned >> 2020-11-09 21:27:40.633136

7i4ptigqrj5 >> End >> 2020-11-09 21:27:40.821738

3n5t0zdw6oi >> Start >> 2020-11-09 21:27:57.202102

3n5t0zdw6oi >> Image Returned >> 2020-11-09 21:27:57.205949

3n5t0zdw6oi >> End >> 2020-11-09 21:27:57.398885

d6s7dv8ivvj >> Start >> 2020-11-09 21:29:37.433172

d6s7dv8ivvj >> Image Returned >> 2020-11-09 21:29:37.436609

d6s7dv8ivvj >> End >> 2020-11-09 21:29:37.691308

qw66djkkzxg >> Start >> 2020-11-09 21:34:48.021977

qw66djkkzxg >> Image Returned >> 2020-11-09 21:34:48.025428

qw66djkkzxg >> End >> 2020-11-09 21:34:48.210287

yq4gtfr0nz0 >> Start >> 2020-11-09 21:35:00.502659

yq4gtfr0nz0 >> Image Returned >> 2020-11-09 21:35:00.506779

yq4gtfr0nz0 >> End >> 2020-11-09 21:35:00.721836

pmjekpavfus >> Start >> 2020-11-09 21:35:20.146070

pmjekpavfus >> Image Returned >> 2020-11-09 21:35:20.149471

pmjekpavfus >> End >> 2020-11-09 21:35:20.339617

ayv5h6a6zeq >> Start >> 2020-11-09 21:36:57.442629

ayv5h6a6zeq >> Image Returned >> 2020-11-09 21:36:57.446568

ayv5h6a6zeq >> End >> 2020-11-09 21:36:57.639430

sz4r5k6i87r >> Start >> 2020-11-09 21:37:49.210474

sz4r5k6i87r >> Image Returned >> 2020-11-09 21:37:49.214451

sz4r5k6i87r >> End >> 2020-11-09 21:37:49.413069

tkhhxzr8wy5 >> Start >> 2020-11-09 21:38:24.192679

tkhhxzr8wy5 >> Image Returned >> 2020-11-09 21:38:24.197670

tkhhxzr8wy5 >> End >> 2020-11-09 21:38:24.397268

hh7kjx33pmv >> Start >> 2020-11-09 21:39:20.203444

hh7kjx33pmv >> Image Returned >> 2020-11-09 21:39:20.206816

hh7kjx33pmv >> End >> 2020-11-09 21:39:20.403333

kfpqns588bc >> Start >> 2020-11-09 21:39:37.394423

kfpqns588bc >> Image Returned >> 2020-11-09 21:39:37.397862

kfpqns588bc >> End >> 2020-11-09 21:39:37.600758

xmcxx647yx0 >> Start >> 2020-11-09 21:40:50.960084

xmcxx647yx0 >> Image Returned >> 2020-11-09 21:40:50.964138

xmcxx647yx0 >> End >> 2020-11-09 21:40:51.159993

yrisbu3m6rz >> Start >> 2020-11-09 21:44:09.433245

yrisbu3m6rz >> Image Returned >> 2020-11-09 21:44:09.437269

yrisbu3m6rz >> End >> 2020-11-09 21:44:09.634063

rt83fzqi26t >> Start >> 2020-11-09 21:44:36.816518

rt83fzqi26t >> Image Returned >> 2020-11-09 21:44:36.820118

rt83fzqi26t >> End >> 2020-11-09 21:44:37.004367

wbh8o25heox >> Start >> 2020-11-09 21:51:50.711221

wbh8o25heox >> Image Returned >> 2020-11-09 21:51:50.716512

wbh8o25heox >> End >> 2020-11-09 21:51:50.908435

oe6m46ps27i >> Start >> 2020-11-09 21:53:15.188304

oe6m46ps27i >> Image Returned >> 2020-11-09 21:53:15.194523

oe6m46ps27i >> End >> 2020-11-09 21:53:15.396231

jzyqx6xcgvr >> Start >> 2020-11-09 21:58:02.569972

jzyqx6xcgvr >> Image Returned >> 2020-11-09 21:58:02.574537

jzyqx6xcgvr >> End >> 2020-11-09 21:58:02.762311

ykgn588sumd >> Start >> 2020-11-09 21:59:01.321398

ykgn588sumd >> Image Returned >> 2020-11-09 21:59:01.325145

ykgn588sumd >> End >> 2020-11-09 21:59:01.514833

f4uc7nrumq7 >> Start >> 2020-11-09 22:09:08.191977

f4uc7nrumq7 >> Image Returned >> 2020-11-09 22:09:08.195763

f4uc7nrumq7 >> End >> 2020-11-09 22:09:08.384898

uj6j3wnxyeo >> Start >> 2020-11-09 22:09:44.306864

uj6j3wnxyeo >> Image Returned >> 2020-11-09 22:09:44.310367

uj6j3wnxyeo >> End >> 2020-11-09 22:09:44.508232

z7dj47k5vxs >> Start >> 2020-11-09 22:11:49.609783

z7dj47k5vxs >> Image Returned >> 2020-11-09 22:11:49.615792

z7dj47k5vxs >> End >> 2020-11-09 22:11:49.797291

7atxq3vnwzg >> Start >> 2020-11-09 22:14:02.514415

7atxq3vnwzg >> Image Returned >> 2020-11-09 22:14:02.518238

7atxq3vnwzg >> End >> 2020-11-09 22:14:02.719360

wiuvkeqk7mj >> Start >> 2020-11-09 22:14:24.843116

wiuvkeqk7mj >> Image Returned >> 2020-11-09 22:14:24.847343

wiuvkeqk7mj >> End >> 2020-11-09 22:14:25.037781

cqq46iobi0d >> Start >> 2020-11-09 22:17:33.043476

cqq46iobi0d >> Image Returned >> 2020-11-09 22:17:33.047907

cqq46iobi0d >> End >> 2020-11-09 22:17:33.240998

zzm26ez6ibw >> Start >> 2020-11-09 22:18:57.113645

zzm26ez6ibw >> Image Returned >> 2020-11-09 22:18:57.118036

zzm26ez6ibw >> End >> 2020-11-09 22:18:57.312000

vfrodaem43f >> Start >> 2020-11-09 22:19:20.842856

vfrodaem43f >> Image Returned >> 2020-11-09 22:19:20.846308

vfrodaem43f >> End >> 2020-11-09 22:19:21.034110

07odexr7yjg >> Start >> 2020-11-09 22:19:30.414119

07odexr7yjg >> Image Returned >> 2020-11-09 22:19:30.414417

07odexr7yjg >> End >> 2020-11-09 22:19:30.610965

hwnj23py4xg >> Start >> 2020-11-09 22:19:46.662317

hwnj23py4xg >> Image Returned >> 2020-11-09 22:19:46.665755

hwnj23py4xg >> End >> 2020-11-09 22:19:46.859570

xgnnd3crqk3 >> Start >> 2020-11-09 22:22:57.046256

xgnnd3crqk3 >> Image Returned >> 2020-11-09 22:22:57.050122

xgnnd3crqk3 >> End >> 2020-11-09 22:22:57.239325

g3s7k2zgscx >> Start >> 2020-11-09 22:27:35.045844

g3s7k2zgscx >> Image Returned >> 2020-11-09 22:27:35.049849

g3s7k2zgscx >> End >> 2020-11-09 22:27:35.232739

0v45yous8nj >> Start >> 2020-11-09 22:30:42.170437

0v45yous8nj >> Image Returned >> 2020-11-09 22:30:42.174278

0v45yous8nj >> End >> 2020-11-09 22:30:42.379333

4zaow4fuehc >> Start >> 2020-11-09 22:35:35.559915

4zaow4fuehc >> Image Returned >> 2020-11-09 22:35:35.564053

4zaow4fuehc >> End >> 2020-11-09 22:35:35.748344

mdw0od2hvsr >> Start >> 2020-11-09 22:37:36.363693

mdw0od2hvsr >> Image Returned >> 2020-11-09 22:37:36.367544

mdw0od2hvsr >> End >> 2020-11-09 22:37:36.552414

8oc7otip54d >> Start >> 2020-11-09 22:42:36.053468

8oc7otip54d >> Image Returned >> 2020-11-09 22:42:36.057435

8oc7otip54d >> End >> 2020-11-09 22:42:36.242857

7rvj38gzzqb >> Start >> 2020-11-09 22:46:42.173098

7rvj38gzzqb >> Image Returned >> 2020-11-09 22:46:42.176718

7rvj38gzzqb >> End >> 2020-11-09 22:46:42.362505

4prcmawiodz >> Start >> 2020-11-09 22:49:43.038733

4prcmawiodz >> Image Returned >> 2020-11-09 22:49:43.043620

4prcmawiodz >> End >> 2020-11-09 22:49:43.260318

5tkcqe6ziw0 >> Start >> 2020-11-09 22:56:07.751183

5tkcqe6ziw0 >> Image Returned >> 2020-11-09 22:56:07.755561

5tkcqe6ziw0 >> End >> 2020-11-09 22:56:07.944432

xp02mou052h >> Start >> 2020-11-09 22:56:18.612651

xp02mou052h >> Image Returned >> 2020-11-09 22:56:18.616069

xp02mou052h >> End >> 2020-11-09 22:56:18.972587

n3hvpcpoboc >> Start >> 2020-11-09 22:56:19.029261

n3hvpcpoboc >> Image Returned >> 2020-11-09 22:56:19.029550

n3hvpcpoboc >> End >> 2020-11-09 22:56:19.376715

745bffju4dh >> Start >> 2020-11-09 22:57:50.133523

745bffju4dh >> Image Returned >> 2020-11-09 22:57:50.137558

745bffju4dh >> End >> 2020-11-09 22:57:50.324502

m7zpet77ydr >> Start >> 2020-11-09 23:04:15.705658

m7zpet77ydr >> Image Returned >> 2020-11-09 23:04:15.709995

m7zpet77ydr >> End >> 2020-11-09 23:04:15.914912

3qi74vc6ssj >> Start >> 2020-11-09 23:05:06.878451

3qi74vc6ssj >> Image Returned >> 2020-11-09 23:05:06.882826

3qi74vc6ssj >> End >> 2020-11-09 23:05:07.068001

zroe3spfse8 >> Start >> 2020-11-09 23:05:41.254578

zroe3spfse8 >> Image Returned >> 2020-11-09 23:05:41.258107

zroe3spfse8 >> End >> 2020-11-09 23:05:41.451003

d2wrq43j55t >> Start >> 2020-11-09 23:06:49.181066

d2wrq43j55t >> Image Returned >> 2020-11-09 23:06:49.185957

d2wrq43j55t >> End >> 2020-11-09 23:06:49.427041

unkyqzat0nq >> Start >> 2020-11-09 23:22:14.326066

unkyqzat0nq >> Image Returned >> 2020-11-09 23:22:14.329679

unkyqzat0nq >> End >> 2020-11-09 23:22:14.515990

a7nmubxmynp >> Start >> 2020-11-09 23:24:33.140425

a7nmubxmynp >> Image Returned >> 2020-11-09 23:24:33.145466

a7nmubxmynp >> End >> 2020-11-09 23:24:33.347549

05ekeigc3e3 >> Start >> 2020-11-09 23:24:58.835607

05ekeigc3e3 >> Image Returned >> 2020-11-09 23:24:58.841025

05ekeigc3e3 >> End >> 2020-11-09 23:24:59.072079

hb25xx02sjj >> Start >> 2020-11-09 23:36:42.221815

hb25xx02sjj >> Image Returned >> 2020-11-09 23:36:42.226531

hb25xx02sjj >> End >> 2020-11-09 23:36:42.408237

y7mb558rfez >> Start >> 2020-11-09 23:38:19.285326

y7mb558rfez >> Image Returned >> 2020-11-09 23:38:19.290141

y7mb558rfez >> End >> 2020-11-09 23:38:19.415793

tdeb7upqyn0 >> Start >> 2020-11-09 23:40:55.363353

tdeb7upqyn0 >> Image Returned >> 2020-11-09 23:40:55.368125

tdeb7upqyn0 >> End >> 2020-11-09 23:40:55.551296

hutham2nuxw >> Start >> 2020-11-09 23:45:05.844105

hutham2nuxw >> Image Returned >> 2020-11-09 23:45:05.848176

hutham2nuxw >> End >> 2020-11-09 23:45:06.031380

jzdtxfjy6mv >> Start >> 2020-11-09 23:45:08.802012

jzdtxfjy6mv >> Image Returned >> 2020-11-09 23:45:08.802409

jzdtxfjy6mv >> End >> 2020-11-09 23:45:08.990330

0fd6sswhh0h >> Start >> 2020-11-09 23:49:34.761905

0fd6sswhh0h >> Image Returned >> 2020-11-09 23:49:34.765467

0fd6sswhh0h >> End >> 2020-11-09 23:49:34.951596

