dggrdepjxkz >> Start >> 2020-09-20 00:00:40.353651

dggrdepjxkz >> Image Returned >> 2020-09-20 00:00:40.358952

dggrdepjxkz >> End >> 2020-09-20 00:00:40.528075

cmofojzjhjt >> Start >> 2020-09-20 00:02:30.222035

cmofojzjhjt >> Image Returned >> 2020-09-20 00:02:30.226583

cmofojzjhjt >> End >> 2020-09-20 00:02:30.386096

0h8kb24yy0p >> Start >> 2020-09-20 00:03:41.036545

0h8kb24yy0p >> Image Returned >> 2020-09-20 00:03:41.040164

0h8kb24yy0p >> End >> 2020-09-20 00:03:41.198695

4cqt3afr4w6 >> Start >> 2020-09-20 00:29:52.650079

4cqt3afr4w6 >> Image Returned >> 2020-09-20 00:29:52.655729

4cqt3afr4w6 >> End >> 2020-09-20 00:29:52.816713

8kvrkoxu2p6 >> Start >> 2020-09-20 00:44:04.844125

8kvrkoxu2p6 >> Image Returned >> 2020-09-20 00:44:04.848891

8kvrkoxu2p6 >> End >> 2020-09-20 00:44:05.000577

swyy4q7hr2t >> Start >> 2020-09-20 00:51:54.541780

swyy4q7hr2t >> Image Returned >> 2020-09-20 00:51:54.547605

swyy4q7hr2t >> End >> 2020-09-20 00:51:54.700253

p4vkrxkrgdi >> Start >> 2020-09-20 00:56:44.680577

p4vkrxkrgdi >> Image Returned >> 2020-09-20 00:56:44.685343

p4vkrxkrgdi >> End >> 2020-09-20 00:56:44.850994

55ykjxz3npj >> Start >> 2020-09-20 00:57:14.505234

55ykjxz3npj >> Image Returned >> 2020-09-20 00:57:14.508570

55ykjxz3npj >> End >> 2020-09-20 00:57:14.662142

pxz7e5zivsq >> Start >> 2020-09-20 01:06:17.644181

pxz7e5zivsq >> Image Returned >> 2020-09-20 01:06:17.649384

pxz7e5zivsq >> End >> 2020-09-20 01:06:17.813215

z4p6gid2zxt >> Start >> 2020-09-20 01:08:02.408096

z4p6gid2zxt >> Image Returned >> 2020-09-20 01:08:02.411340

z4p6gid2zxt >> End >> 2020-09-20 01:08:02.569376

hu0rza66xho >> Start >> 2020-09-20 01:14:53.086721

hu0rza66xho >> Image Returned >> 2020-09-20 01:14:53.090642

hu0rza66xho >> End >> 2020-09-20 01:14:53.259001

t27nxnw8uoc >> Start >> 2020-09-20 01:29:19.047430

t27nxnw8uoc >> Image Returned >> 2020-09-20 01:29:19.052695

t27nxnw8uoc >> End >> 2020-09-20 01:29:19.212668

d2csdks0ipy >> Start >> 2020-09-20 01:47:49.239892

d2csdks0ipy >> Image Returned >> 2020-09-20 01:47:49.244141

d2csdks0ipy >> End >> 2020-09-20 01:47:49.400779

n3foj2zqc2o >> Start >> 2020-09-20 02:05:11.745668

n3foj2zqc2o >> Image Returned >> 2020-09-20 02:05:11.749074

n3foj2zqc2o >> End >> 2020-09-20 02:05:11.905715

84god0wruod >> Start >> 2020-09-20 02:06:07.118987

84god0wruod >> Image Returned >> 2020-09-20 02:06:07.123781

84god0wruod >> End >> 2020-09-20 02:06:07.315521

i8rh2chpymj >> Start >> 2020-09-20 02:07:32.290287

i8rh2chpymj >> Image Returned >> 2020-09-20 02:07:32.294811

i8rh2chpymj >> End >> 2020-09-20 02:07:32.450889

geszyiyffmd >> Start >> 2020-09-20 02:26:45.588238

geszyiyffmd >> Image Returned >> 2020-09-20 02:26:45.592418

geszyiyffmd >> End >> 2020-09-20 02:26:45.745378

tmwf26qqefd >> Start >> 2020-09-20 02:35:08.246673

tmwf26qqefd >> Image Returned >> 2020-09-20 02:35:08.250207

tmwf26qqefd >> End >> 2020-09-20 02:35:08.405517

48aadte0irq >> Start >> 2020-09-20 02:37:28.363821

48aadte0irq >> Image Returned >> 2020-09-20 02:37:28.367964

48aadte0irq >> End >> 2020-09-20 02:37:28.528634

dkopb26d0fa >> Start >> 2020-09-20 03:35:18.622404

dkopb26d0fa >> Image Returned >> 2020-09-20 03:35:18.626971

dkopb26d0fa >> End >> 2020-09-20 03:35:18.777473

02w5gpmq76u >> Start >> 2020-09-20 04:26:39.432790

02w5gpmq76u >> Image Returned >> 2020-09-20 04:26:39.436341

02w5gpmq76u >> End >> 2020-09-20 04:26:39.623647

pqj24gtxdz0 >> Start >> 2020-09-20 04:33:48.416927

pqj24gtxdz0 >> Image Returned >> 2020-09-20 04:33:48.420588

pqj24gtxdz0 >> End >> 2020-09-20 04:33:48.577434

6ax2akn2wmn >> Start >> 2020-09-20 04:44:38.841514

6ax2akn2wmn >> Image Returned >> 2020-09-20 04:44:38.845804

6ax2akn2wmn >> End >> 2020-09-20 04:44:39.007421

rszho4005cg >> Start >> 2020-09-20 04:44:52.651940

rszho4005cg >> Image Returned >> 2020-09-20 04:44:52.655356

rszho4005cg >> End >> 2020-09-20 04:44:52.820558

soxi6rrbcr7 >> Start >> 2020-09-20 04:44:52.853992

soxi6rrbcr7 >> Image Returned >> 2020-09-20 04:44:52.854269

soxi6rrbcr7 >> End >> 2020-09-20 04:44:53.015032

echsbyosmxc >> Start >> 2020-09-20 04:46:34.582353

echsbyosmxc >> Image Returned >> 2020-09-20 04:46:34.586060

echsbyosmxc >> End >> 2020-09-20 04:46:34.744107

xbqmfk3cpgw >> Start >> 2020-09-20 04:47:48.340184

xbqmfk3cpgw >> Image Returned >> 2020-09-20 04:47:48.343846

xbqmfk3cpgw >> End >> 2020-09-20 04:47:48.499335

arogf6pfupa >> Start >> 2020-09-20 04:59:18.633619

arogf6pfupa >> Image Returned >> 2020-09-20 04:59:18.638324

arogf6pfupa >> End >> 2020-09-20 04:59:18.794645

xwi4po4tk6p >> Start >> 2020-09-20 05:02:50.812998

xwi4po4tk6p >> Image Returned >> 2020-09-20 05:02:50.817331

xwi4po4tk6p >> End >> 2020-09-20 05:02:50.987041

7fokr6t4055 >> Start >> 2020-09-20 05:08:59.537391

7fokr6t4055 >> Image Returned >> 2020-09-20 05:08:59.540963

7fokr6t4055 >> End >> 2020-09-20 05:08:59.711178

bjgchvyc47a >> Start >> 2020-09-20 05:10:14.680423

bjgchvyc47a >> Image Returned >> 2020-09-20 05:10:14.683687

bjgchvyc47a >> End >> 2020-09-20 05:10:14.841841

ugt2at02233 >> Start >> 2020-09-20 05:24:18.578044

ugt2at02233 >> Image Returned >> 2020-09-20 05:24:18.581861

ugt2at02233 >> End >> 2020-09-20 05:24:18.745006

nuwc6dtkb5m >> Start >> 2020-09-20 05:25:44.605721

nuwc6dtkb5m >> Image Returned >> 2020-09-20 05:25:44.609494

nuwc6dtkb5m >> End >> 2020-09-20 05:25:44.775135

y4vce28wp3s >> Start >> 2020-09-20 05:58:33.871139

y4vce28wp3s >> Image Returned >> 2020-09-20 05:58:33.876507

y4vce28wp3s >> End >> 2020-09-20 05:58:34.060892

57rpjrgwrqc >> Start >> 2020-09-20 06:02:39.943840

57rpjrgwrqc >> Image Returned >> 2020-09-20 06:02:39.948079

57rpjrgwrqc >> End >> 2020-09-20 06:02:40.186693

6jvuw4fzqxn >> Start >> 2020-09-20 06:03:49.412996

6jvuw4fzqxn >> Image Returned >> 2020-09-20 06:03:49.417721

6jvuw4fzqxn >> End >> 2020-09-20 06:03:49.615343

6uewuiu2vcr >> Start >> 2020-09-20 06:03:55.251075

6uewuiu2vcr >> Image Returned >> 2020-09-20 06:03:55.251363

6uewuiu2vcr >> End >> 2020-09-20 06:03:55.441932

s5rvdohmr7o >> Start >> 2020-09-20 06:23:36.508439

s5rvdohmr7o >> Image Returned >> 2020-09-20 06:23:36.512154

s5rvdohmr7o >> End >> 2020-09-20 06:23:36.666560

frwygsqpwap >> Start >> 2020-09-20 06:31:25.468950

frwygsqpwap >> Image Returned >> 2020-09-20 06:31:25.474626

frwygsqpwap >> End >> 2020-09-20 06:31:25.632766

h46x7mgaoxz >> Start >> 2020-09-20 06:41:17.298943

h46x7mgaoxz >> Image Returned >> 2020-09-20 06:41:17.302895

h46x7mgaoxz >> End >> 2020-09-20 06:41:17.460397

i72nzvvp6dc >> Start >> 2020-09-20 06:47:35.911746

i72nzvvp6dc >> Image Returned >> 2020-09-20 06:47:35.915947

i72nzvvp6dc >> End >> 2020-09-20 06:47:36.079519

3h47b2kimv5 >> Start >> 2020-09-20 07:01:38.427000

3h47b2kimv5 >> Image Returned >> 2020-09-20 07:01:38.430706

3h47b2kimv5 >> End >> 2020-09-20 07:01:38.607661

j3zod2bcah8 >> Start >> 2020-09-20 07:01:39.372687

j3zod2bcah8 >> Image Returned >> 2020-09-20 07:01:39.373008

j3zod2bcah8 >> End >> 2020-09-20 07:01:39.556801

qqk05zazugm >> Start >> 2020-09-20 07:01:55.858345

qqk05zazugm >> Image Returned >> 2020-09-20 07:01:55.861752

qqk05zazugm >> End >> 2020-09-20 07:01:56.024817

6gy6duodffq >> Start >> 2020-09-20 07:02:35.630712

6gy6duodffq >> Image Returned >> 2020-09-20 07:02:35.634563

6gy6duodffq >> End >> 2020-09-20 07:02:35.785156

vy7zaftgb44 >> Start >> 2020-09-20 07:08:56.250531

vy7zaftgb44 >> Image Returned >> 2020-09-20 07:08:56.256165

vy7zaftgb44 >> End >> 2020-09-20 07:08:56.456165

v5d8t44bhgt >> Start >> 2020-09-20 07:09:23.996922

v5d8t44bhgt >> Image Returned >> 2020-09-20 07:09:24.000838

v5d8t44bhgt >> End >> 2020-09-20 07:09:24.169991

uo78s200k43 >> Start >> 2020-09-20 07:10:24.800251

uo78s200k43 >> Image Returned >> 2020-09-20 07:10:24.804415

uo78s200k43 >> End >> 2020-09-20 07:10:24.962748

8rfs7gc7af8 >> Start >> 2020-09-20 07:25:10.771321

8rfs7gc7af8 >> Image Returned >> 2020-09-20 07:25:10.775357

8rfs7gc7af8 >> End >> 2020-09-20 07:25:10.927994

bh46kp0ngwt >> Start >> 2020-09-20 07:25:34.175237

bh46kp0ngwt >> Image Returned >> 2020-09-20 07:25:34.178971

bh46kp0ngwt >> End >> 2020-09-20 07:25:34.333350

ox0b2c8o7ux >> Start >> 2020-09-20 07:38:56.838455

ox0b2c8o7ux >> Image Returned >> 2020-09-20 07:38:56.843760

ox0b2c8o7ux >> End >> 2020-09-20 07:38:57.002268

3mt3qs8ci6k >> Start >> 2020-09-20 07:48:32.513855

3mt3qs8ci6k >> Image Returned >> 2020-09-20 07:48:32.517209

3mt3qs8ci6k >> End >> 2020-09-20 07:48:32.670310

mfn5jcgmbdt >> Start >> 2020-09-20 08:06:27.821608

mfn5jcgmbdt >> Image Returned >> 2020-09-20 08:06:27.826414

mfn5jcgmbdt >> End >> 2020-09-20 08:06:28.007836

03s6ctfgkpi >> Start >> 2020-09-20 08:08:02.089436

03s6ctfgkpi >> Image Returned >> 2020-09-20 08:08:02.092833

03s6ctfgkpi >> End >> 2020-09-20 08:08:02.253556

2mb53rissoe >> Start >> 2020-09-20 08:10:26.057501

2mb53rissoe >> Image Returned >> 2020-09-20 08:10:26.062335

2mb53rissoe >> End >> 2020-09-20 08:10:26.241782

f0o0tz3tmux >> Start >> 2020-09-20 08:11:08.712934

f0o0tz3tmux >> Image Returned >> 2020-09-20 08:11:08.716350

f0o0tz3tmux >> End >> 2020-09-20 08:11:08.881937

8w5x2gzocxy >> Start >> 2020-09-20 08:16:49.649023

8w5x2gzocxy >> Image Returned >> 2020-09-20 08:16:49.652818

8w5x2gzocxy >> End >> 2020-09-20 08:16:49.818254

ui8zu6qs4vz >> Start >> 2020-09-20 08:17:03.263061

ui8zu6qs4vz >> Image Returned >> 2020-09-20 08:17:03.267952

ui8zu6qs4vz >> End >> 2020-09-20 08:17:03.424525

ujz87jxhsr6 >> Start >> 2020-09-20 08:17:12.860441

ujz87jxhsr6 >> Image Returned >> 2020-09-20 08:17:12.860738

ujz87jxhsr6 >> End >> 2020-09-20 08:17:13.015563

dtqxdyi7r23 >> Start >> 2020-09-20 08:21:57.113506

dtqxdyi7r23 >> Image Returned >> 2020-09-20 08:21:57.116194

dtqxdyi7r23 >> End >> 2020-09-20 08:21:57.298728

5sv5oy7igoq >> Start >> 2020-09-20 08:37:21.126791

5sv5oy7igoq >> Image Returned >> 2020-09-20 08:37:21.130424

5sv5oy7igoq >> End >> 2020-09-20 08:37:21.291928

3ci2tr5w4y4 >> Start >> 2020-09-20 08:55:11.092528

3ci2tr5w4y4 >> Image Returned >> 2020-09-20 08:55:11.095438

3ci2tr5w4y4 >> End >> 2020-09-20 08:55:11.250461

madyj6vrjcd >> Start >> 2020-09-20 09:05:05.134906

madyj6vrjcd >> Image Returned >> 2020-09-20 09:05:05.138057

madyj6vrjcd >> End >> 2020-09-20 09:05:05.329066

q64t8tqaxwd >> Start >> 2020-09-20 09:08:22.805471

q64t8tqaxwd >> Image Returned >> 2020-09-20 09:08:22.808547

q64t8tqaxwd >> End >> 2020-09-20 09:08:22.960499

onst3xwcukq >> Start >> 2020-09-20 09:20:46.968019

onst3xwcukq >> Image Returned >> 2020-09-20 09:20:46.970954

onst3xwcukq >> End >> 2020-09-20 09:20:47.122168

de7ykkp7ib4 >> Start >> 2020-09-20 09:24:48.340059

de7ykkp7ib4 >> Image Returned >> 2020-09-20 09:24:48.342916

de7ykkp7ib4 >> End >> 2020-09-20 09:24:48.501498

o2j8ak7hote >> Start >> 2020-09-20 09:27:19.429600

o2j8ak7hote >> Image Returned >> 2020-09-20 09:27:19.432313

o2j8ak7hote >> End >> 2020-09-20 09:27:19.587941

ukramtz464k >> Start >> 2020-09-20 09:27:28.192073

ukramtz464k >> Image Returned >> 2020-09-20 09:27:28.192563

ukramtz464k >> End >> 2020-09-20 09:27:28.345113

3b0i2u8kkgi >> Start >> 2020-09-20 09:29:55.372980

3b0i2u8kkgi >> Image Returned >> 2020-09-20 09:29:55.375731

3b0i2u8kkgi >> End >> 2020-09-20 09:29:55.542964

bhykcs2538n >> Start >> 2020-09-20 09:30:12.585335

bhykcs2538n >> Image Returned >> 2020-09-20 09:30:12.588051

bhykcs2538n >> End >> 2020-09-20 09:30:12.781475

jfpv7gosxfh >> Start >> 2020-09-20 09:30:12.878129

jfpv7gosxfh >> Image Returned >> 2020-09-20 09:30:12.878420

jfpv7gosxfh >> End >> 2020-09-20 09:30:13.037372

xgggc7jvg4o >> Start >> 2020-09-20 09:55:45.073988

xgggc7jvg4o >> Image Returned >> 2020-09-20 09:55:45.076678

xgggc7jvg4o >> End >> 2020-09-20 09:55:45.231172

qigvtexoe8k >> Start >> 2020-09-20 09:57:56.231656

qigvtexoe8k >> Image Returned >> 2020-09-20 09:57:56.234782

qigvtexoe8k >> End >> 2020-09-20 09:57:56.398825

q5nogzhdezf >> Start >> 2020-09-20 10:10:52.430407

q5nogzhdezf >> Image Returned >> 2020-09-20 10:10:52.433280

q5nogzhdezf >> End >> 2020-09-20 10:10:52.605535

e6nn000kc5j >> Start >> 2020-09-20 10:11:07.743674

e6nn000kc5j >> Image Returned >> 2020-09-20 10:11:07.746443

e6nn000kc5j >> End >> 2020-09-20 10:11:07.912040

fhkq7jzs4hx >> Start >> 2020-09-20 10:11:14.634387

fhkq7jzs4hx >> Image Returned >> 2020-09-20 10:11:14.634663

fhkq7jzs4hx >> End >> 2020-09-20 10:11:14.783792

e3t67w00g7b >> Start >> 2020-09-20 10:22:15.185512

e3t67w00g7b >> Image Returned >> 2020-09-20 10:22:15.188508

e3t67w00g7b >> End >> 2020-09-20 10:22:15.340200

yeksymbqt0q >> Start >> 2020-09-20 10:26:07.677736

yeksymbqt0q >> Image Returned >> 2020-09-20 10:26:07.680978

yeksymbqt0q >> End >> 2020-09-20 10:26:07.838686

2uy3os5dqtw >> Start >> 2020-09-20 10:28:31.562203

2uy3os5dqtw >> Image Returned >> 2020-09-20 10:28:31.565095

2uy3os5dqtw >> End >> 2020-09-20 10:28:31.731213

qctk85enc6b >> Start >> 2020-09-20 10:29:11.830682

qctk85enc6b >> Image Returned >> 2020-09-20 10:29:11.833580

qctk85enc6b >> End >> 2020-09-20 10:29:11.985182

mtbbhpdc3cb >> Start >> 2020-09-20 10:29:26.640316

mtbbhpdc3cb >> Image Returned >> 2020-09-20 10:29:26.643098

mtbbhpdc3cb >> End >> 2020-09-20 10:29:26.811774

g4kggnbpimp >> Start >> 2020-09-20 10:38:42.090531

g4kggnbpimp >> Image Returned >> 2020-09-20 10:38:42.093735

g4kggnbpimp >> End >> 2020-09-20 10:38:42.273096

yb0ypdvdd3v >> Start >> 2020-09-20 10:47:43.466357

yb0ypdvdd3v >> Image Returned >> 2020-09-20 10:47:43.469690

yb0ypdvdd3v >> End >> 2020-09-20 10:47:43.623950

pfnfykvk4aa >> Start >> 2020-09-20 10:58:59.049309

pfnfykvk4aa >> Image Returned >> 2020-09-20 10:58:59.052476

pfnfykvk4aa >> End >> 2020-09-20 10:58:59.221847

hn28q3u8wao >> Start >> 2020-09-20 11:08:41.602539

hn28q3u8wao >> Image Returned >> 2020-09-20 11:08:41.605954

hn28q3u8wao >> End >> 2020-09-20 11:08:41.794980

eev6c4rewim >> Start >> 2020-09-20 11:10:52.525631

eev6c4rewim >> Image Returned >> 2020-09-20 11:10:52.530236

eev6c4rewim >> End >> 2020-09-20 11:10:52.721528

q5rrv8qo4z7 >> Start >> 2020-09-20 11:18:12.790971

q5rrv8qo4z7 >> Image Returned >> 2020-09-20 11:18:12.793930

q5rrv8qo4z7 >> End >> 2020-09-20 11:18:12.972714

88u2bk73ei6 >> Start >> 2020-09-20 11:31:05.071587

88u2bk73ei6 >> Image Returned >> 2020-09-20 11:31:05.075800

88u2bk73ei6 >> End >> 2020-09-20 11:31:05.234281

vjpovwjm7fo >> Start >> 2020-09-20 11:31:46.992103

vjpovwjm7fo >> Image Returned >> 2020-09-20 11:31:46.995006

vjpovwjm7fo >> End >> 2020-09-20 11:31:47.163402

485r6gkrd66 >> Start >> 2020-09-20 11:55:07.275657

485r6gkrd66 >> Image Returned >> 2020-09-20 11:55:07.279476

485r6gkrd66 >> End >> 2020-09-20 11:55:07.461616

rs5mrsyduph >> Start >> 2020-09-20 11:57:54.269795

rs5mrsyduph >> Image Returned >> 2020-09-20 11:57:54.273056

rs5mrsyduph >> End >> 2020-09-20 11:57:54.433948

6eqgwojmcoz >> Start >> 2020-09-20 11:59:16.821168

6eqgwojmcoz >> Image Returned >> 2020-09-20 11:59:16.823947

6eqgwojmcoz >> End >> 2020-09-20 11:59:17.001454

p65a5i58mbf >> Start >> 2020-09-20 11:59:19.758708

p65a5i58mbf >> Image Returned >> 2020-09-20 11:59:19.759020

p65a5i58mbf >> End >> 2020-09-20 11:59:19.933024

eisozmv5hh0 >> Start >> 2020-09-20 12:00:03.288499

eisozmv5hh0 >> Image Returned >> 2020-09-20 12:00:03.291400

eisozmv5hh0 >> End >> 2020-09-20 12:00:03.484280

snc5rfhvumb >> Start >> 2020-09-20 12:01:45.024290

snc5rfhvumb >> Image Returned >> 2020-09-20 12:01:45.027342

snc5rfhvumb >> End >> 2020-09-20 12:01:45.186361

0yv8ctvttqd >> Start >> 2020-09-20 12:06:34.401814

0yv8ctvttqd >> Image Returned >> 2020-09-20 12:06:34.405057

0yv8ctvttqd >> End >> 2020-09-20 12:06:34.537159

u8bv8du3pr5 >> Start >> 2020-09-20 12:11:12.629177

u8bv8du3pr5 >> Image Returned >> 2020-09-20 12:11:12.632071

u8bv8du3pr5 >> End >> 2020-09-20 12:11:12.816411

ximxwqjdmbq >> Start >> 2020-09-20 12:13:15.461862

ximxwqjdmbq >> Image Returned >> 2020-09-20 12:13:15.465188

ximxwqjdmbq >> End >> 2020-09-20 12:13:15.651017

nomhgf4gxi3 >> Start >> 2020-09-20 12:25:00.427162

nomhgf4gxi3 >> Image Returned >> 2020-09-20 12:25:00.430408

nomhgf4gxi3 >> End >> 2020-09-20 12:25:00.587210

phsddfbd747 >> Start >> 2020-09-20 12:40:18.957591

phsddfbd747 >> Image Returned >> 2020-09-20 12:40:18.960535

phsddfbd747 >> End >> 2020-09-20 12:40:19.168653

qb2i7mb8syc >> Start >> 2020-09-20 12:43:52.072218

qb2i7mb8syc >> Image Returned >> 2020-09-20 12:43:52.075257

qb2i7mb8syc >> End >> 2020-09-20 12:43:52.273623

d8jovz7y8cv >> Start >> 2020-09-20 12:44:08.539458

d8jovz7y8cv >> Image Returned >> 2020-09-20 12:44:08.543709

d8jovz7y8cv >> End >> 2020-09-20 12:44:08.726747

nfqgt4pyt3x >> Start >> 2020-09-20 12:44:08.851329

nfqgt4pyt3x >> Image Returned >> 2020-09-20 12:44:08.851607

nfqgt4pyt3x >> End >> 2020-09-20 12:44:09.032979

ou0qbhb0zhz >> Start >> 2020-09-20 12:48:45.850740

ou0qbhb0zhz >> Image Returned >> 2020-09-20 12:48:45.854999

ou0qbhb0zhz >> End >> 2020-09-20 12:48:46.017714

pkn78evhban >> Start >> 2020-09-20 12:48:56.878343

pkn78evhban >> Image Returned >> 2020-09-20 12:48:56.881139

pkn78evhban >> End >> 2020-09-20 12:48:57.039951

g6esr4yrrxm >> Start >> 2020-09-20 12:48:57.173520

g6esr4yrrxm >> Image Returned >> 2020-09-20 12:48:57.173794

g6esr4yrrxm >> End >> 2020-09-20 12:48:57.336285

jb5s3n3ypvz >> Start >> 2020-09-20 12:49:07.790703

jb5s3n3ypvz >> Image Returned >> 2020-09-20 12:49:07.791007

jb5s3n3ypvz >> End >> 2020-09-20 12:49:07.953254

0pxz7dkcj3o >> Start >> 2020-09-20 12:51:48.442228

0pxz7dkcj3o >> Image Returned >> 2020-09-20 12:51:48.445267

0pxz7dkcj3o >> End >> 2020-09-20 12:51:48.622462

q8vttw5vw3r >> Start >> 2020-09-20 12:59:25.314554

q8vttw5vw3r >> Image Returned >> 2020-09-20 12:59:25.317496

q8vttw5vw3r >> End >> 2020-09-20 12:59:25.480833

otsktt65szm >> Start >> 2020-09-20 13:03:13.881122

otsktt65szm >> Image Returned >> 2020-09-20 13:03:13.885529

otsktt65szm >> End >> 2020-09-20 13:03:14.045943

gu38qqytd6i >> Start >> 2020-09-20 13:04:47.965012

gu38qqytd6i >> Image Returned >> 2020-09-20 13:04:47.967928

gu38qqytd6i >> End >> 2020-09-20 13:04:48.123541

drhnnagquur >> Start >> 2020-09-20 13:06:44.146673

drhnnagquur >> Image Returned >> 2020-09-20 13:06:44.150239

drhnnagquur >> End >> 2020-09-20 13:06:44.311058

de55dsqej7i >> Start >> 2020-09-20 13:09:28.426258

de55dsqej7i >> Image Returned >> 2020-09-20 13:09:28.429167

de55dsqej7i >> End >> 2020-09-20 13:09:28.592314

2dizm5myacc >> Start >> 2020-09-20 13:11:14.409317

2dizm5myacc >> Image Returned >> 2020-09-20 13:11:14.412377

2dizm5myacc >> End >> 2020-09-20 13:11:14.575221

ytmd5uestdz >> Start >> 2020-09-20 13:12:14.186568

ytmd5uestdz >> Image Returned >> 2020-09-20 13:12:14.189912

ytmd5uestdz >> End >> 2020-09-20 13:12:14.349071

gudf2hjtbhx >> Start >> 2020-09-20 13:13:03.737133

gudf2hjtbhx >> Image Returned >> 2020-09-20 13:13:03.739972

gudf2hjtbhx >> End >> 2020-09-20 13:13:03.918379

h7zcinde6pz >> Start >> 2020-09-20 13:14:24.008845

h7zcinde6pz >> Image Returned >> 2020-09-20 13:14:24.012104

h7zcinde6pz >> End >> 2020-09-20 13:14:24.166090

2dz4dejhcnr >> Start >> 2020-09-20 13:22:12.644464

2dz4dejhcnr >> Image Returned >> 2020-09-20 13:22:12.648091

2dz4dejhcnr >> End >> 2020-09-20 13:22:12.836605

bm5hc835jsy >> Start >> 2020-09-20 13:25:37.503400

bm5hc835jsy >> Image Returned >> 2020-09-20 13:25:37.506570

bm5hc835jsy >> End >> 2020-09-20 13:25:37.666502

o7bhr58awm5 >> Start >> 2020-09-20 13:27:45.278517

o7bhr58awm5 >> Image Returned >> 2020-09-20 13:27:45.281801

o7bhr58awm5 >> End >> 2020-09-20 13:27:45.492683

uw37z80ephg >> Start >> 2020-09-20 13:28:12.028809

uw37z80ephg >> Image Returned >> 2020-09-20 13:28:12.031862

uw37z80ephg >> End >> 2020-09-20 13:28:12.210844

0sofb0tz00m >> Start >> 2020-09-20 13:29:27.398575

0sofb0tz00m >> Image Returned >> 2020-09-20 13:29:27.401465

0sofb0tz00m >> End >> 2020-09-20 13:29:27.567538

jq7nae4rij3 >> Start >> 2020-09-20 13:30:57.074815

jq7nae4rij3 >> Image Returned >> 2020-09-20 13:30:57.077955

jq7nae4rij3 >> End >> 2020-09-20 13:30:57.241296

hjgh77m0akt >> Start >> 2020-09-20 13:31:59.550029

hjgh77m0akt >> Image Returned >> 2020-09-20 13:31:59.553850

hjgh77m0akt >> End >> 2020-09-20 13:31:59.714843

eqzk4zy4uv3 >> Start >> 2020-09-20 13:36:18.332792

eqzk4zy4uv3 >> Image Returned >> 2020-09-20 13:36:18.335843

eqzk4zy4uv3 >> End >> 2020-09-20 13:36:18.498996

oewtpaehccx >> Start >> 2020-09-20 13:38:37.388539

oewtpaehccx >> Image Returned >> 2020-09-20 13:38:37.392234

oewtpaehccx >> End >> 2020-09-20 13:38:37.562284

x3cruu45dau >> Start >> 2020-09-20 13:38:46.793065

x3cruu45dau >> Image Returned >> 2020-09-20 13:38:46.793353

x3cruu45dau >> End >> 2020-09-20 13:38:46.952594

rcg46t3diqd >> Start >> 2020-09-20 13:42:03.689153

rcg46t3diqd >> Image Returned >> 2020-09-20 13:42:03.692624

rcg46t3diqd >> End >> 2020-09-20 13:42:03.846698

er62da4yvxq >> Start >> 2020-09-20 13:42:20.908940

er62da4yvxq >> Image Returned >> 2020-09-20 13:42:20.911947

er62da4yvxq >> End >> 2020-09-20 13:42:21.071232

rkyauahhnj2 >> Start >> 2020-09-20 13:47:21.600145

rkyauahhnj2 >> Image Returned >> 2020-09-20 13:47:21.603033

rkyauahhnj2 >> End >> 2020-09-20 13:47:21.761941

wt7it57u565 >> Start >> 2020-09-20 13:47:21.768554

wt7it57u565 >> Image Returned >> 2020-09-20 13:47:21.768788

wt7it57u565 >> End >> 2020-09-20 13:47:21.941344

k55dqvhw7f4 >> Start >> 2020-09-20 13:50:11.268754

k55dqvhw7f4 >> Image Returned >> 2020-09-20 13:50:11.271769

k55dqvhw7f4 >> End >> 2020-09-20 13:50:11.436466

qijix6akgzd >> Start >> 2020-09-20 13:52:48.682506

qijix6akgzd >> Image Returned >> 2020-09-20 13:52:48.685797

qijix6akgzd >> End >> 2020-09-20 13:52:48.842812

idrucdpb3a8 >> Start >> 2020-09-20 14:00:05.661277

idrucdpb3a8 >> Image Returned >> 2020-09-20 14:00:05.664186

idrucdpb3a8 >> End >> 2020-09-20 14:00:05.829466

pwtquc80e7c >> Start >> 2020-09-20 14:00:05.916188

pwtquc80e7c >> Image Returned >> 2020-09-20 14:00:05.916486

pwtquc80e7c >> End >> 2020-09-20 14:00:06.071322

qvtxjdv48nk >> Start >> 2020-09-20 14:02:51.016542

qvtxjdv48nk >> Image Returned >> 2020-09-20 14:02:51.019731

qvtxjdv48nk >> End >> 2020-09-20 14:02:51.184854

gopnsqpdtpu >> Start >> 2020-09-20 14:04:27.981358

gopnsqpdtpu >> Image Returned >> 2020-09-20 14:04:27.985934

gopnsqpdtpu >> End >> 2020-09-20 14:04:28.147672

704ch4xfw8x >> Start >> 2020-09-20 14:07:39.716820

704ch4xfw8x >> Image Returned >> 2020-09-20 14:07:39.720752

704ch4xfw8x >> End >> 2020-09-20 14:07:41.026767

nyg4422r4vr >> Start >> 2020-09-20 14:07:57.659477

nyg4422r4vr >> Image Returned >> 2020-09-20 14:07:57.662389

nyg4422r4vr >> End >> 2020-09-20 14:07:57.816991

ogyrt830dgc >> Start >> 2020-09-20 14:12:10.342353

ogyrt830dgc >> Image Returned >> 2020-09-20 14:12:10.345571

ogyrt830dgc >> End >> 2020-09-20 14:12:10.559071

ryib2yarb6b >> Start >> 2020-09-20 14:12:56.296188

ryib2yarb6b >> Image Returned >> 2020-09-20 14:12:56.299057

ryib2yarb6b >> End >> 2020-09-20 14:12:56.512801

yprqtvvx5hh >> Start >> 2020-09-20 14:13:59.630737

yprqtvvx5hh >> Image Returned >> 2020-09-20 14:13:59.634267

yprqtvvx5hh >> End >> 2020-09-20 14:13:59.828936

fv7j4m6e2dm >> Start >> 2020-09-20 14:15:59.554938

fv7j4m6e2dm >> Image Returned >> 2020-09-20 14:15:59.558247

fv7j4m6e2dm >> End >> 2020-09-20 14:15:59.784039

ff0b7ym3bj2 >> Start >> 2020-09-20 14:17:55.997438

ff0b7ym3bj2 >> Image Returned >> 2020-09-20 14:17:56.000799

ff0b7ym3bj2 >> End >> 2020-09-20 14:17:56.190788

0yte3x3737y >> Start >> 2020-09-20 14:22:53.199727

0yte3x3737y >> Image Returned >> 2020-09-20 14:22:53.202738

0yte3x3737y >> End >> 2020-09-20 14:22:53.412223

pckx2k8hwxk >> Start >> 2020-09-20 14:24:45.094700

pckx2k8hwxk >> Image Returned >> 2020-09-20 14:24:45.098706

pckx2k8hwxk >> End >> 2020-09-20 14:24:45.287322

8fksq6z6x8j >> Start >> 2020-09-20 14:27:22.012176

8fksq6z6x8j >> Image Returned >> 2020-09-20 14:27:22.015129

8fksq6z6x8j >> End >> 2020-09-20 14:27:22.175988

vqevr2ztvo0 >> Start >> 2020-09-20 14:31:11.151506

vqevr2ztvo0 >> Image Returned >> 2020-09-20 14:31:11.154381

vqevr2ztvo0 >> End >> 2020-09-20 14:31:11.313108

2z7yf82ui78 >> Start >> 2020-09-20 14:33:03.731367

2z7yf82ui78 >> Image Returned >> 2020-09-20 14:33:03.734270

2z7yf82ui78 >> End >> 2020-09-20 14:33:03.897032

7nkheyxcien >> Start >> 2020-09-20 14:36:38.548610

7nkheyxcien >> Image Returned >> 2020-09-20 14:36:38.552671

7nkheyxcien >> End >> 2020-09-20 14:36:38.708260

2axdybecdic >> Start >> 2020-09-20 14:38:33.849750

2axdybecdic >> Image Returned >> 2020-09-20 14:38:33.853243

2axdybecdic >> End >> 2020-09-20 14:38:34.026335

s8mzhyw87se >> Start >> 2020-09-20 14:42:03.762146

s8mzhyw87se >> Image Returned >> 2020-09-20 14:42:03.765275

s8mzhyw87se >> End >> 2020-09-20 14:42:04.264090

g2dci0mcgfw >> Start >> 2020-09-20 14:43:20.823178

g2dci0mcgfw >> Image Returned >> 2020-09-20 14:43:20.826204

g2dci0mcgfw >> End >> 2020-09-20 14:43:20.986633

eskrjkwvwuj >> Start >> 2020-09-20 14:43:38.669701

eskrjkwvwuj >> Image Returned >> 2020-09-20 14:43:38.672947

eskrjkwvwuj >> End >> 2020-09-20 14:43:38.825659

vg60034jhpi >> Start >> 2020-09-20 14:47:17.895021

vg60034jhpi >> Image Returned >> 2020-09-20 14:47:17.898097

vg60034jhpi >> End >> 2020-09-20 14:47:18.057481

nzdrspo0jvh >> Start >> 2020-09-20 14:50:50.340511

nzdrspo0jvh >> Image Returned >> 2020-09-20 14:50:50.343638

nzdrspo0jvh >> End >> 2020-09-20 14:50:50.497971

e7vqcs2jvbs >> Start >> 2020-09-20 14:52:00.450056

e7vqcs2jvbs >> Image Returned >> 2020-09-20 14:52:00.453147

e7vqcs2jvbs >> End >> 2020-09-20 14:52:00.611264

7h4zm8tsar6 >> Start >> 2020-09-20 14:54:01.811995

7h4zm8tsar6 >> Image Returned >> 2020-09-20 14:54:01.816838

7h4zm8tsar6 >> End >> 2020-09-20 14:54:01.978707

765da6nd7rb >> Start >> 2020-09-20 14:55:41.079345

765da6nd7rb >> Image Returned >> 2020-09-20 14:55:41.082890

765da6nd7rb >> End >> 2020-09-20 14:55:41.250694

gvi7icq8set >> Start >> 2020-09-20 15:01:48.982647

gvi7icq8set >> Image Returned >> 2020-09-20 15:01:48.985750

gvi7icq8set >> End >> 2020-09-20 15:01:49.142707

y6pv2jmsz8n >> Start >> 2020-09-20 15:03:14.120884

y6pv2jmsz8n >> Image Returned >> 2020-09-20 15:03:14.123976

y6pv2jmsz8n >> End >> 2020-09-20 15:03:14.282345

swftfar23o8 >> Start >> 2020-09-20 15:03:26.832093

swftfar23o8 >> Image Returned >> 2020-09-20 15:03:26.834965

swftfar23o8 >> End >> 2020-09-20 15:03:26.993247

kiiixn5a3ep >> Start >> 2020-09-20 15:03:56.263847

kiiixn5a3ep >> Image Returned >> 2020-09-20 15:03:56.266794

kiiixn5a3ep >> End >> 2020-09-20 15:03:56.420958

mrgeechtnqe >> Start >> 2020-09-20 15:04:15.620126

mrgeechtnqe >> Image Returned >> 2020-09-20 15:04:15.623107

mrgeechtnqe >> End >> 2020-09-20 15:04:15.778734

gup45pqhggb >> Start >> 2020-09-20 15:05:31.493547

gup45pqhggb >> Image Returned >> 2020-09-20 15:05:31.496725

gup45pqhggb >> End >> 2020-09-20 15:05:31.659472

ntohdy4amxz >> Start >> 2020-09-20 15:08:27.004432

ntohdy4amxz >> Image Returned >> 2020-09-20 15:08:27.007529

ntohdy4amxz >> End >> 2020-09-20 15:08:27.171542

3ziuxp5am6d >> Start >> 2020-09-20 15:13:50.296572

3ziuxp5am6d >> Image Returned >> 2020-09-20 15:13:50.299601

3ziuxp5am6d >> End >> 2020-09-20 15:13:50.461010

ij0237npp22 >> Start >> 2020-09-20 15:13:59.384669

ij0237npp22 >> Image Returned >> 2020-09-20 15:13:59.385010

ij0237npp22 >> End >> 2020-09-20 15:13:59.549498

mx57udn3cpz >> Start >> 2020-09-20 15:15:21.129856

mx57udn3cpz >> Image Returned >> 2020-09-20 15:15:21.133029

mx57udn3cpz >> End >> 2020-09-20 15:15:21.291409

2mueusymice >> Start >> 2020-09-20 15:18:16.331553

2mueusymice >> Image Returned >> 2020-09-20 15:18:16.334613

2mueusymice >> End >> 2020-09-20 15:18:16.495697

v3o5n647f22 >> Start >> 2020-09-20 15:19:10.600235

v3o5n647f22 >> Image Returned >> 2020-09-20 15:19:10.603431

v3o5n647f22 >> End >> 2020-09-20 15:19:10.763977

nz3kis2i7yc >> Start >> 2020-09-20 15:21:24.846867

nz3kis2i7yc >> Image Returned >> 2020-09-20 15:21:24.850419

nz3kis2i7yc >> End >> 2020-09-20 15:21:25.014399

6jhrw0z84wz >> Start >> 2020-09-20 15:25:12.799025

6jhrw0z84wz >> Image Returned >> 2020-09-20 15:25:12.801990

6jhrw0z84wz >> End >> 2020-09-20 15:25:12.959212

nxqz5cpovb0 >> Start >> 2020-09-20 15:29:10.951998

nxqz5cpovb0 >> Image Returned >> 2020-09-20 15:29:10.954894

nxqz5cpovb0 >> End >> 2020-09-20 15:29:11.113142

2dumcgd63fb >> Start >> 2020-09-20 15:31:21.336050

2dumcgd63fb >> Image Returned >> 2020-09-20 15:31:21.338979

2dumcgd63fb >> End >> 2020-09-20 15:31:21.500428

o5homtfdk6c >> Start >> 2020-09-20 15:32:06.607584

o5homtfdk6c >> Image Returned >> 2020-09-20 15:32:06.610768

o5homtfdk6c >> End >> 2020-09-20 15:32:06.770786

fyfa4diqw7z >> Start >> 2020-09-20 15:33:23.186085

fyfa4diqw7z >> Image Returned >> 2020-09-20 15:33:23.189392

fyfa4diqw7z >> End >> 2020-09-20 15:33:23.347194

fhmirdw5xcg >> Start >> 2020-09-20 15:34:59.754515

fhmirdw5xcg >> Image Returned >> 2020-09-20 15:34:59.760049

fhmirdw5xcg >> End >> 2020-09-20 15:34:59.916165

borz0bp3ura >> Start >> 2020-09-20 15:35:48.646950

borz0bp3ura >> Image Returned >> 2020-09-20 15:35:48.650321

borz0bp3ura >> End >> 2020-09-20 15:35:48.827753

h0528bpcwwv >> Start >> 2020-09-20 15:38:19.347978

h0528bpcwwv >> Image Returned >> 2020-09-20 15:38:19.350827

h0528bpcwwv >> End >> 2020-09-20 15:38:19.503842

o6dp6gyy6t7 >> Start >> 2020-09-20 15:38:44.826817

o6dp6gyy6t7 >> Image Returned >> 2020-09-20 15:38:44.829891

o6dp6gyy6t7 >> End >> 2020-09-20 15:38:44.985351

2zndzfiu42y >> Start >> 2020-09-20 15:39:34.382492

2zndzfiu42y >> Image Returned >> 2020-09-20 15:39:34.385363

2zndzfiu42y >> End >> 2020-09-20 15:39:34.548577

y2pttptiaew >> Start >> 2020-09-20 15:41:21.035339

y2pttptiaew >> Image Returned >> 2020-09-20 15:41:21.038471

y2pttptiaew >> End >> 2020-09-20 15:41:21.200387

8rdhsrbuzym >> Start >> 2020-09-20 15:41:42.993026

8rdhsrbuzym >> Image Returned >> 2020-09-20 15:41:42.996507

8rdhsrbuzym >> End >> 2020-09-20 15:41:43.160552

c04vbnxgknq >> Start >> 2020-09-20 15:42:04.302625

c04vbnxgknq >> Image Returned >> 2020-09-20 15:42:04.305530

c04vbnxgknq >> End >> 2020-09-20 15:42:04.456198

wtz5iqibff5 >> Start >> 2020-09-20 15:44:07.807410

wtz5iqibff5 >> Image Returned >> 2020-09-20 15:44:07.810439

wtz5iqibff5 >> End >> 2020-09-20 15:44:07.968847

i70pj6ry04z >> Start >> 2020-09-20 15:44:23.667651

i70pj6ry04z >> Image Returned >> 2020-09-20 15:44:23.670507

i70pj6ry04z >> End >> 2020-09-20 15:44:23.825158

c6fzub6e0ck >> Start >> 2020-09-20 15:44:26.134438

c6fzub6e0ck >> Image Returned >> 2020-09-20 15:44:26.134720

c6fzub6e0ck >> End >> 2020-09-20 15:44:26.300569

xj6srw5ehg2 >> Start >> 2020-09-20 15:46:09.574052

xj6srw5ehg2 >> Image Returned >> 2020-09-20 15:46:09.576960

xj6srw5ehg2 >> End >> 2020-09-20 15:46:09.788537

4dkjghp4evr >> Start >> 2020-09-20 15:46:16.232018

4dkjghp4evr >> Image Returned >> 2020-09-20 15:46:16.232356

4dkjghp4evr >> End >> 2020-09-20 15:46:16.420495

ii02uuxfyna >> Start >> 2020-09-20 15:49:11.020288

ii02uuxfyna >> Image Returned >> 2020-09-20 15:49:11.023144

ii02uuxfyna >> End >> 2020-09-20 15:49:11.242495

8hd2ixds8zs >> Start >> 2020-09-20 15:56:38.406451

8hd2ixds8zs >> Image Returned >> 2020-09-20 15:56:38.409647

8hd2ixds8zs >> End >> 2020-09-20 15:56:38.677737

0nqwpsbi56d >> Start >> 2020-09-20 15:56:45.065617

0nqwpsbi56d >> Image Returned >> 2020-09-20 15:56:45.066011

0nqwpsbi56d >> End >> 2020-09-20 15:56:45.287574

rnn6m4ixw45 >> Start >> 2020-09-20 15:56:51.064115

rnn6m4ixw45 >> Image Returned >> 2020-09-20 15:56:51.064399

rnn6m4ixw45 >> End >> 2020-09-20 15:56:51.284086

pzi4gdb864a >> Start >> 2020-09-20 15:57:52.133125

pzi4gdb864a >> Image Returned >> 2020-09-20 15:57:52.136245

pzi4gdb864a >> End >> 2020-09-20 15:57:52.400521

r258enuf5jh >> Start >> 2020-09-20 15:59:20.368906

r258enuf5jh >> Image Returned >> 2020-09-20 15:59:20.372288

r258enuf5jh >> End >> 2020-09-20 15:59:20.571964

nw0j0c340pb >> Start >> 2020-09-20 15:59:46.177167

nw0j0c340pb >> Image Returned >> 2020-09-20 15:59:46.180329

nw0j0c340pb >> End >> 2020-09-20 15:59:46.371109

r56fcgc4myp >> Start >> 2020-09-20 16:01:04.857425

r56fcgc4myp >> Image Returned >> 2020-09-20 16:01:04.860256

r56fcgc4myp >> End >> 2020-09-20 16:01:05.049515

4hrw58jwno2 >> Start >> 2020-09-20 16:02:27.920335

4hrw58jwno2 >> Image Returned >> 2020-09-20 16:02:27.924947

4hrw58jwno2 >> End >> 2020-09-20 16:02:28.134763

h0aipawmth7 >> Start >> 2020-09-20 16:03:20.968164

h0aipawmth7 >> Image Returned >> 2020-09-20 16:03:20.973102

h0aipawmth7 >> End >> 2020-09-20 16:03:21.154994

ysapn0gu57d >> Start >> 2020-09-20 16:03:33.578536

ysapn0gu57d >> Image Returned >> 2020-09-20 16:03:33.581645

ysapn0gu57d >> End >> 2020-09-20 16:03:33.764976

rzjhjsdbrkm >> Start >> 2020-09-20 16:05:40.315565

rzjhjsdbrkm >> Image Returned >> 2020-09-20 16:05:40.318989

rzjhjsdbrkm >> End >> 2020-09-20 16:05:40.494967

rei3ix52sgq >> Start >> 2020-09-20 16:06:54.580760

rei3ix52sgq >> Image Returned >> 2020-09-20 16:06:54.583981

rei3ix52sgq >> End >> 2020-09-20 16:06:54.750513

p3bnbvp7vwf >> Start >> 2020-09-20 16:07:37.911799

p3bnbvp7vwf >> Image Returned >> 2020-09-20 16:07:37.914676

p3bnbvp7vwf >> End >> 2020-09-20 16:07:38.089453

e6i8stmy33p >> Start >> 2020-09-20 16:11:07.024362

e6i8stmy33p >> Image Returned >> 2020-09-20 16:11:07.027486

e6i8stmy33p >> End >> 2020-09-20 16:11:07.180207

jhiawxv6kzb >> Start >> 2020-09-20 16:12:42.153769

jhiawxv6kzb >> Image Returned >> 2020-09-20 16:12:42.156944

jhiawxv6kzb >> End >> 2020-09-20 16:12:42.336380

sca55zko50m >> Start >> 2020-09-20 16:12:55.268065

sca55zko50m >> Image Returned >> 2020-09-20 16:12:55.271007

sca55zko50m >> End >> 2020-09-20 16:12:55.434153

0oqc40f37ds >> Start >> 2020-09-20 16:13:07.419594

0oqc40f37ds >> Image Returned >> 2020-09-20 16:13:07.422512

0oqc40f37ds >> End >> 2020-09-20 16:13:07.665977

ffmnn3b7nuk >> Start >> 2020-09-20 16:13:55.541332

ffmnn3b7nuk >> Image Returned >> 2020-09-20 16:13:55.544320

ffmnn3b7nuk >> End >> 2020-09-20 16:13:55.706305

f6axofp0tcg >> Start >> 2020-09-20 16:16:27.628204

f6axofp0tcg >> Image Returned >> 2020-09-20 16:16:27.631213

f6axofp0tcg >> End >> 2020-09-20 16:16:27.790848

vnumo7crjse >> Start >> 2020-09-20 16:16:37.485527

vnumo7crjse >> Image Returned >> 2020-09-20 16:16:37.485802

vnumo7crjse >> End >> 2020-09-20 16:16:37.647491

v8vwoeic22r >> Start >> 2020-09-20 16:18:29.449271

v8vwoeic22r >> Image Returned >> 2020-09-20 16:18:29.452455

v8vwoeic22r >> End >> 2020-09-20 16:18:29.615103

qmu3y7d5zqg >> Start >> 2020-09-20 16:18:31.120018

qmu3y7d5zqg >> Image Returned >> 2020-09-20 16:18:31.120316

qmu3y7d5zqg >> End >> 2020-09-20 16:18:31.277839

zwqz73dvx4z >> Start >> 2020-09-20 16:19:03.554908

zwqz73dvx4z >> Image Returned >> 2020-09-20 16:19:03.557986

zwqz73dvx4z >> End >> 2020-09-20 16:19:03.723561

6c67w7fgchw >> Start >> 2020-09-20 16:21:17.352035

6c67w7fgchw >> Image Returned >> 2020-09-20 16:21:17.356707

6c67w7fgchw >> End >> 2020-09-20 16:21:17.522130

obhxkws0esp >> Start >> 2020-09-20 16:21:30.656697

obhxkws0esp >> Image Returned >> 2020-09-20 16:21:30.659663

obhxkws0esp >> End >> 2020-09-20 16:21:30.829098

i47vy6ktft6 >> Start >> 2020-09-20 16:22:21.792325

i47vy6ktft6 >> Image Returned >> 2020-09-20 16:22:21.795300

i47vy6ktft6 >> End >> 2020-09-20 16:22:21.956794

hiorygxfp4a >> Start >> 2020-09-20 16:22:24.617913

hiorygxfp4a >> Image Returned >> 2020-09-20 16:22:24.618187

hiorygxfp4a >> End >> 2020-09-20 16:22:24.775383

efv40ofatni >> Start >> 2020-09-20 16:22:44.962718

efv40ofatni >> Image Returned >> 2020-09-20 16:22:44.966098

efv40ofatni >> End >> 2020-09-20 16:22:45.120743

gamsgcxt2sa >> Start >> 2020-09-20 16:23:28.372817

gamsgcxt2sa >> Image Returned >> 2020-09-20 16:23:28.376983

gamsgcxt2sa >> End >> 2020-09-20 16:23:28.539434

tjmossxpr04 >> Start >> 2020-09-20 16:23:48.379968

tjmossxpr04 >> Image Returned >> 2020-09-20 16:23:48.382993

tjmossxpr04 >> End >> 2020-09-20 16:23:48.552573

7r2gqrxy7ri >> Start >> 2020-09-20 16:28:56.363600

7r2gqrxy7ri >> Image Returned >> 2020-09-20 16:28:56.366679

7r2gqrxy7ri >> End >> 2020-09-20 16:28:56.523720

hyiwjzaqai7 >> Start >> 2020-09-20 16:34:36.807379

hyiwjzaqai7 >> Image Returned >> 2020-09-20 16:34:36.810338

hyiwjzaqai7 >> End >> 2020-09-20 16:34:36.980947

iz5q0xdgji0 >> Start >> 2020-09-20 16:35:29.314097

iz5q0xdgji0 >> Image Returned >> 2020-09-20 16:35:29.317133

iz5q0xdgji0 >> End >> 2020-09-20 16:35:29.478040

scpiebmbsic >> Start >> 2020-09-20 16:36:47.989546

scpiebmbsic >> Image Returned >> 2020-09-20 16:36:47.993534

scpiebmbsic >> End >> 2020-09-20 16:36:48.155392

eiji2gj3ha0 >> Start >> 2020-09-20 16:38:57.760099

eiji2gj3ha0 >> Image Returned >> 2020-09-20 16:38:57.763308

eiji2gj3ha0 >> End >> 2020-09-20 16:38:57.925729

whdo2jif50u >> Start >> 2020-09-20 16:40:49.473298

whdo2jif50u >> Image Returned >> 2020-09-20 16:40:49.476330

whdo2jif50u >> End >> 2020-09-20 16:40:49.639836

cwzi04uz7x0 >> Start >> 2020-09-20 16:42:13.650629

cwzi04uz7x0 >> Image Returned >> 2020-09-20 16:42:13.653724

cwzi04uz7x0 >> End >> 2020-09-20 16:42:13.813043

t6eejyewdbs >> Start >> 2020-09-20 16:52:54.688750

t6eejyewdbs >> Image Returned >> 2020-09-20 16:52:54.692565

t6eejyewdbs >> End >> 2020-09-20 16:52:54.856019

tty8g376zou >> Start >> 2020-09-20 16:55:52.361663

tty8g376zou >> Image Returned >> 2020-09-20 16:55:52.364984

tty8g376zou >> End >> 2020-09-20 16:55:52.533890

giow77iesm8 >> Start >> 2020-09-20 16:57:34.272664

giow77iesm8 >> Image Returned >> 2020-09-20 16:57:34.275963

giow77iesm8 >> End >> 2020-09-20 16:57:34.444566

5osqc3pj44a >> Start >> 2020-09-20 16:58:20.188199

5osqc3pj44a >> Image Returned >> 2020-09-20 16:58:20.191729

5osqc3pj44a >> End >> 2020-09-20 16:58:20.361219

y5ntk58o4p4 >> Start >> 2020-09-20 16:58:56.514142

y5ntk58o4p4 >> Image Returned >> 2020-09-20 16:58:56.517256

y5ntk58o4p4 >> End >> 2020-09-20 16:58:56.674526

aiud2gkm4b4 >> Start >> 2020-09-20 16:59:54.597949

aiud2gkm4b4 >> Image Returned >> 2020-09-20 16:59:54.601155

aiud2gkm4b4 >> End >> 2020-09-20 16:59:54.765113

m0cw7irbogk >> Start >> 2020-09-20 17:04:05.592655

m0cw7irbogk >> Image Returned >> 2020-09-20 17:04:05.596328

m0cw7irbogk >> End >> 2020-09-20 17:04:05.761527

io3gcfnkijx >> Start >> 2020-09-20 17:09:50.404552

io3gcfnkijx >> Image Returned >> 2020-09-20 17:09:50.407697

io3gcfnkijx >> End >> 2020-09-20 17:09:50.587325

7e2adn64phs >> Start >> 2020-09-20 17:12:16.243339

7e2adn64phs >> Image Returned >> 2020-09-20 17:12:16.246767

7e2adn64phs >> End >> 2020-09-20 17:12:16.406831

f8usethw0jm >> Start >> 2020-09-20 17:12:33.058124

f8usethw0jm >> Image Returned >> 2020-09-20 17:12:33.061127

f8usethw0jm >> End >> 2020-09-20 17:12:33.216470

guwy3y524tx >> Start >> 2020-09-20 17:28:48.205384

guwy3y524tx >> Image Returned >> 2020-09-20 17:28:48.208903

guwy3y524tx >> End >> 2020-09-20 17:28:48.399060

bv43difpyrr >> Start >> 2020-09-20 17:28:59.648566

bv43difpyrr >> Image Returned >> 2020-09-20 17:28:59.648845

bv43difpyrr >> End >> 2020-09-20 17:28:59.829814

is5ay7k87yg >> Start >> 2020-09-20 17:36:31.235838

is5ay7k87yg >> Image Returned >> 2020-09-20 17:36:31.239324

is5ay7k87yg >> End >> 2020-09-20 17:36:31.432459

0x8irg2fuzw >> Start >> 2020-09-20 17:48:39.726722

0x8irg2fuzw >> Image Returned >> 2020-09-20 17:48:39.730204

0x8irg2fuzw >> End >> 2020-09-20 17:48:39.929733

2u7q558qgij >> Start >> 2020-09-20 17:50:20.480967

2u7q558qgij >> Image Returned >> 2020-09-20 17:50:20.484144

2u7q558qgij >> End >> 2020-09-20 17:50:20.652770

tswiby4vvpc >> Start >> 2020-09-20 18:00:03.702239

tswiby4vvpc >> Image Returned >> 2020-09-20 18:00:03.705316

tswiby4vvpc >> End >> 2020-09-20 18:00:03.875257

s5uz4afyere >> Start >> 2020-09-20 18:05:36.907340

s5uz4afyere >> Image Returned >> 2020-09-20 18:05:36.910587

s5uz4afyere >> End >> 2020-09-20 18:05:37.101207

tw20noggqhg >> Start >> 2020-09-20 18:08:04.001317

tw20noggqhg >> Image Returned >> 2020-09-20 18:08:04.004717

tw20noggqhg >> End >> 2020-09-20 18:08:04.204124

k8ngp2qb4vv >> Start >> 2020-09-20 18:08:55.706373

k8ngp2qb4vv >> Image Returned >> 2020-09-20 18:08:55.709671

k8ngp2qb4vv >> End >> 2020-09-20 18:08:55.915282

6fnt3nk8n7d >> Start >> 2020-09-20 18:13:30.649142

6fnt3nk8n7d >> Image Returned >> 2020-09-20 18:13:30.652420

6fnt3nk8n7d >> End >> 2020-09-20 18:13:30.849229

8b3r4268szz >> Start >> 2020-09-20 18:21:53.416662

8b3r4268szz >> Image Returned >> 2020-09-20 18:21:53.420564

8b3r4268szz >> End >> 2020-09-20 18:21:53.605925

nsw0f2j3r4a >> Start >> 2020-09-20 18:27:00.492995

nsw0f2j3r4a >> Image Returned >> 2020-09-20 18:27:00.496350

nsw0f2j3r4a >> End >> 2020-09-20 18:27:00.684890

vmdq8h8rz0d >> Start >> 2020-09-20 18:30:55.915700

vmdq8h8rz0d >> Image Returned >> 2020-09-20 18:30:55.919195

vmdq8h8rz0d >> End >> 2020-09-20 18:30:56.089997

g6zjxmjx24i >> Start >> 2020-09-20 18:33:01.863704

g6zjxmjx24i >> Image Returned >> 2020-09-20 18:33:01.866758

g6zjxmjx24i >> End >> 2020-09-20 18:33:02.022644

jfxo8fgjjdn >> Start >> 2020-09-20 18:34:23.877612

jfxo8fgjjdn >> Image Returned >> 2020-09-20 18:34:23.880630

jfxo8fgjjdn >> End >> 2020-09-20 18:34:24.042941

3fdncmjvf4m >> Start >> 2020-09-20 18:42:27.678452

3fdncmjvf4m >> Image Returned >> 2020-09-20 18:42:27.681541

3fdncmjvf4m >> End >> 2020-09-20 18:42:27.866117

0bfqfdgr3f5 >> Start >> 2020-09-20 18:43:11.255625

0bfqfdgr3f5 >> Image Returned >> 2020-09-20 18:43:11.259123

0bfqfdgr3f5 >> End >> 2020-09-20 18:43:11.470417

q4drnwum5ae >> Start >> 2020-09-20 18:45:12.665215

q4drnwum5ae >> Image Returned >> 2020-09-20 18:45:12.669260

q4drnwum5ae >> End >> 2020-09-20 18:45:12.843988

tsoidz54rtp >> Start >> 2020-09-20 18:47:45.359250

tsoidz54rtp >> Image Returned >> 2020-09-20 18:47:45.362407

tsoidz54rtp >> End >> 2020-09-20 18:47:45.522495

poo0dfwwg25 >> Start >> 2020-09-20 18:49:35.737365

poo0dfwwg25 >> Image Returned >> 2020-09-20 18:49:35.740638

poo0dfwwg25 >> End >> 2020-09-20 18:49:35.906332

gsckquo8bqt >> Start >> 2020-09-20 18:52:05.807825

gsckquo8bqt >> Image Returned >> 2020-09-20 18:52:05.812979

gsckquo8bqt >> End >> 2020-09-20 18:52:05.971113

j5a52g8a0dv >> Start >> 2020-09-20 18:53:00.928344

j5a52g8a0dv >> Image Returned >> 2020-09-20 18:53:00.931679

j5a52g8a0dv >> End >> 2020-09-20 18:53:01.097760

mby7ygwnyu4 >> Start >> 2020-09-20 18:55:18.706907

mby7ygwnyu4 >> Image Returned >> 2020-09-20 18:55:18.710480

mby7ygwnyu4 >> End >> 2020-09-20 18:55:18.878896

07t82trmd26 >> Start >> 2020-09-20 19:07:38.678306

07t82trmd26 >> Image Returned >> 2020-09-20 19:07:38.681606

07t82trmd26 >> End >> 2020-09-20 19:07:38.843592

dc3xiom7aim >> Start >> 2020-09-20 19:16:11.366595

dc3xiom7aim >> Image Returned >> 2020-09-20 19:16:11.369576

dc3xiom7aim >> End >> 2020-09-20 19:16:11.529310

p8r4a8nbzq8 >> Start >> 2020-09-20 19:19:02.821541

p8r4a8nbzq8 >> Image Returned >> 2020-09-20 19:19:02.825052

p8r4a8nbzq8 >> End >> 2020-09-20 19:19:03.029093

o4rrsvgifhe >> Start >> 2020-09-20 19:21:17.630217

o4rrsvgifhe >> Image Returned >> 2020-09-20 19:21:17.633265

o4rrsvgifhe >> End >> 2020-09-20 19:21:17.814888

f6wokoybyxf >> Start >> 2020-09-20 19:22:36.050297

f6wokoybyxf >> Image Returned >> 2020-09-20 19:22:36.053462

f6wokoybyxf >> End >> 2020-09-20 19:22:36.217616

eo8eodkhm5k >> Start >> 2020-09-20 19:33:57.957319

eo8eodkhm5k >> Image Returned >> 2020-09-20 19:33:57.960652

eo8eodkhm5k >> End >> 2020-09-20 19:33:58.114820

bkgefgviwx3 >> Start >> 2020-09-20 19:35:06.761265

bkgefgviwx3 >> Image Returned >> 2020-09-20 19:35:06.764581

bkgefgviwx3 >> End >> 2020-09-20 19:35:06.940215

e3u8f8rdgu4 >> Start >> 2020-09-20 19:40:02.188380

e3u8f8rdgu4 >> Image Returned >> 2020-09-20 19:40:02.191601

e3u8f8rdgu4 >> End >> 2020-09-20 19:40:02.358728

h67b7ymhqax >> Start >> 2020-09-20 19:58:57.088207

h67b7ymhqax >> Image Returned >> 2020-09-20 19:58:57.092031

h67b7ymhqax >> End >> 2020-09-20 19:58:57.252979

shhyf8uvwix >> Start >> 2020-09-20 19:59:59.871282

shhyf8uvwix >> Image Returned >> 2020-09-20 19:59:59.874650

shhyf8uvwix >> End >> 2020-09-20 20:00:00.035286

77udffz55je >> Start >> 2020-09-20 20:00:09.958909

77udffz55je >> Image Returned >> 2020-09-20 20:00:09.959348

77udffz55je >> End >> 2020-09-20 20:00:10.121393

aybvuqwk27c >> Start >> 2020-09-20 20:05:01.667844

aybvuqwk27c >> Image Returned >> 2020-09-20 20:05:01.671952

aybvuqwk27c >> End >> 2020-09-20 20:05:01.857064

arirbozadoh >> Start >> 2020-09-20 20:06:43.930968

arirbozadoh >> Image Returned >> 2020-09-20 20:06:43.934015

arirbozadoh >> End >> 2020-09-20 20:06:44.107709

wvam2055o0s >> Start >> 2020-09-20 20:08:11.411670

wvam2055o0s >> Image Returned >> 2020-09-20 20:08:11.415767

wvam2055o0s >> End >> 2020-09-20 20:08:11.594302

p2nrrs5k73p >> Start >> 2020-09-20 20:09:02.398076

p2nrrs5k73p >> Image Returned >> 2020-09-20 20:09:02.401387

p2nrrs5k73p >> End >> 2020-09-20 20:09:02.582144

2pscr8fqf0j >> Start >> 2020-09-20 20:12:09.401279

2pscr8fqf0j >> Image Returned >> 2020-09-20 20:12:09.406147

2pscr8fqf0j >> End >> 2020-09-20 20:12:09.588773

p7azxt58c7d >> Start >> 2020-09-20 20:14:50.892527

p7azxt58c7d >> Image Returned >> 2020-09-20 20:14:50.895840

p7azxt58c7d >> End >> 2020-09-20 20:14:51.062571

inw2zbs0h7c >> Start >> 2020-09-20 20:15:06.752327

inw2zbs0h7c >> Image Returned >> 2020-09-20 20:15:06.755388

inw2zbs0h7c >> End >> 2020-09-20 20:15:06.925126

dah4fpuh74y >> Start >> 2020-09-20 20:21:14.918589

dah4fpuh74y >> Image Returned >> 2020-09-20 20:21:14.922159

dah4fpuh74y >> End >> 2020-09-20 20:21:15.103480

ccby5cecabc >> Start >> 2020-09-20 20:21:31.979955

ccby5cecabc >> Image Returned >> 2020-09-20 20:21:31.982973

ccby5cecabc >> End >> 2020-09-20 20:21:32.142503

pea2700ihy3 >> Start >> 2020-09-20 20:24:17.144078

pea2700ihy3 >> Image Returned >> 2020-09-20 20:24:17.147197

pea2700ihy3 >> End >> 2020-09-20 20:24:17.305840

va5b50uk4au >> Start >> 2020-09-20 20:27:33.483596

va5b50uk4au >> Image Returned >> 2020-09-20 20:27:33.487221

va5b50uk4au >> End >> 2020-09-20 20:27:33.658772

r6dg633pbcg >> Start >> 2020-09-20 20:29:55.560856

r6dg633pbcg >> Image Returned >> 2020-09-20 20:29:55.564026

r6dg633pbcg >> End >> 2020-09-20 20:29:55.736722

6365d0tghff >> Start >> 2020-09-20 20:34:41.275952

6365d0tghff >> Image Returned >> 2020-09-20 20:34:41.279408

6365d0tghff >> End >> 2020-09-20 20:34:41.455898

nfwpea4ie5a >> Start >> 2020-09-20 20:37:06.258934

nfwpea4ie5a >> Image Returned >> 2020-09-20 20:37:06.261689

nfwpea4ie5a >> End >> 2020-09-20 20:37:06.423352

52cs8o374f2 >> Start >> 2020-09-20 20:49:32.307060

52cs8o374f2 >> Image Returned >> 2020-09-20 20:49:32.310316

52cs8o374f2 >> End >> 2020-09-20 20:49:32.477773

cyhkoivask0 >> Start >> 2020-09-20 21:05:01.050024

cyhkoivask0 >> Image Returned >> 2020-09-20 21:05:01.053329

cyhkoivask0 >> End >> 2020-09-20 21:05:01.234323

gcs263u3hmu >> Start >> 2020-09-20 21:05:16.476605

gcs263u3hmu >> Image Returned >> 2020-09-20 21:05:16.479669

gcs263u3hmu >> End >> 2020-09-20 21:05:16.956856

a2erivnt8vi >> Start >> 2020-09-20 21:37:16.282620

a2erivnt8vi >> Image Returned >> 2020-09-20 21:37:16.286510

a2erivnt8vi >> End >> 2020-09-20 21:37:16.457222

222zxx3jyng >> Start >> 2020-09-20 21:41:54.981622

222zxx3jyng >> Image Returned >> 2020-09-20 21:41:54.985769

222zxx3jyng >> End >> 2020-09-20 21:41:55.153023

ebrqdebeft0 >> Start >> 2020-09-20 21:46:54.906936

ebrqdebeft0 >> Image Returned >> 2020-09-20 21:46:54.911056

ebrqdebeft0 >> End >> 2020-09-20 21:46:55.069897

ybhurr33gur >> Start >> 2020-09-20 21:52:37.343354

ybhurr33gur >> Image Returned >> 2020-09-20 21:52:37.346941

ybhurr33gur >> End >> 2020-09-20 21:52:37.533363

exhv7m0d5vb >> Start >> 2020-09-20 21:54:22.097121

exhv7m0d5vb >> Image Returned >> 2020-09-20 21:54:22.100905

exhv7m0d5vb >> End >> 2020-09-20 21:54:22.531745

csa848f3jyy >> Start >> 2020-09-20 21:56:32.253442

csa848f3jyy >> Image Returned >> 2020-09-20 21:56:32.256964

csa848f3jyy >> End >> 2020-09-20 21:56:32.418540

0nox6u0nw3p >> Start >> 2020-09-20 22:18:43.307660

0nox6u0nw3p >> Image Returned >> 2020-09-20 22:18:43.312498

0nox6u0nw3p >> End >> 2020-09-20 22:18:43.469579

x0wgii8q5fn >> Start >> 2020-09-20 22:21:51.079652

x0wgii8q5fn >> Image Returned >> 2020-09-20 22:21:51.083280

x0wgii8q5fn >> End >> 2020-09-20 22:21:51.244410

muadnefwnsn >> Start >> 2020-09-20 22:29:30.652360

muadnefwnsn >> Image Returned >> 2020-09-20 22:29:30.655539

muadnefwnsn >> End >> 2020-09-20 22:29:30.814631

t2gtw4kim0y >> Start >> 2020-09-20 22:41:08.228061

t2gtw4kim0y >> Image Returned >> 2020-09-20 22:41:08.231631

t2gtw4kim0y >> End >> 2020-09-20 22:41:08.389107

zvuwftnj8c6 >> Start >> 2020-09-20 22:42:20.985173

zvuwftnj8c6 >> Image Returned >> 2020-09-20 22:42:20.988512

zvuwftnj8c6 >> End >> 2020-09-20 22:42:21.145255

bqac3gh38hb >> Start >> 2020-09-20 22:45:05.761224

bqac3gh38hb >> Image Returned >> 2020-09-20 22:45:05.765383

bqac3gh38hb >> End >> 2020-09-20 22:45:05.923119

ck5hsii6yq2 >> Start >> 2020-09-20 22:48:50.028453

ck5hsii6yq2 >> Image Returned >> 2020-09-20 22:48:50.031649

ck5hsii6yq2 >> End >> 2020-09-20 22:48:50.192099

cciuqpzm32v >> Start >> 2020-09-20 22:56:56.503335

cciuqpzm32v >> Image Returned >> 2020-09-20 22:56:56.507633

cciuqpzm32v >> End >> 2020-09-20 22:56:56.664484

ty4ibu3rexg >> Start >> 2020-09-20 23:01:20.939950

ty4ibu3rexg >> Image Returned >> 2020-09-20 23:01:20.943208

ty4ibu3rexg >> End >> 2020-09-20 23:01:21.117897

jf3585zrted >> Start >> 2020-09-20 23:24:59.183671

jf3585zrted >> Image Returned >> 2020-09-20 23:24:59.187529

jf3585zrted >> End >> 2020-09-20 23:24:59.356204

qs02vcf46h3 >> Start >> 2020-09-20 23:25:42.746510

qs02vcf46h3 >> Image Returned >> 2020-09-20 23:25:42.749655

qs02vcf46h3 >> End >> 2020-09-20 23:25:42.902776

