aywzvxrgq0f >> Start >> 2020-06-08 01:16:52.396857

aywzvxrgq0f >> Image Returned >> 2020-06-08 01:16:52.400015

aywzvxrgq0f >> End >> 2020-06-08 01:16:52.410933

xhhfg5h7rgh >> Start >> 2020-06-08 05:33:16.121361

xhhfg5h7rgh >> Image Returned >> 2020-06-08 05:33:16.125154

xhhfg5h7rgh >> End >> 2020-06-08 05:33:16.143285

zq04iw4wzcy >> Start >> 2020-06-08 05:41:18.902493

zq04iw4wzcy >> Image Returned >> 2020-06-08 05:41:18.905483

zq04iw4wzcy >> End >> 2020-06-08 05:41:18.917212

o078yoggwaw >> Start >> 2020-06-08 06:41:55.574035

o078yoggwaw >> Image Returned >> 2020-06-08 06:41:55.578847

o078yoggwaw >> End >> 2020-06-08 06:41:55.590631

04qujboyso0 >> Start >> 2020-06-08 09:00:52.041980

04qujboyso0 >> Image Returned >> 2020-06-08 09:00:52.045234

04qujboyso0 >> End >> 2020-06-08 09:00:52.055886

mg7tddruqt7 >> Start >> 2020-06-08 09:05:01.639249

mg7tddruqt7 >> Image Returned >> 2020-06-08 09:05:01.639664

mg7tddruqt7 >> End >> 2020-06-08 09:05:01.652373

j7n2ucayt5m >> Start >> 2020-06-08 10:14:08.633559

j7n2ucayt5m >> Image Returned >> 2020-06-08 10:14:08.637278

j7n2ucayt5m >> End >> 2020-06-08 10:14:08.649276

0u3ar6m68d0 >> Start >> 2020-06-08 11:26:21.661802

0u3ar6m68d0 >> Image Returned >> 2020-06-08 11:26:21.665024

0u3ar6m68d0 >> End >> 2020-06-08 11:26:21.678586

i6in8vtpktu >> Start >> 2020-06-08 12:15:27.190999

i6in8vtpktu >> Image Returned >> 2020-06-08 12:15:27.194561

i6in8vtpktu >> End >> 2020-06-08 12:15:27.203012

p8yxreqpogb >> Start >> 2020-06-08 12:54:34.965249

p8yxreqpogb >> Image Returned >> 2020-06-08 12:54:34.968425

p8yxreqpogb >> End >> 2020-06-08 12:54:34.986186

ur7ninbjwwv >> Start >> 2020-06-08 13:08:03.342698

ur7ninbjwwv >> Image Returned >> 2020-06-08 13:08:03.345788

ur7ninbjwwv >> End >> 2020-06-08 13:08:03.360631

cjcijepa3ce >> Start >> 2020-06-08 13:09:39.493160

cjcijepa3ce >> Image Returned >> 2020-06-08 13:09:39.496570

cjcijepa3ce >> End >> 2020-06-08 13:09:39.506963

uy870qbm2yx >> Start >> 2020-06-08 13:14:24.382200

uy870qbm2yx >> Image Returned >> 2020-06-08 13:14:24.385464

uy870qbm2yx >> End >> 2020-06-08 13:14:24.395432

tfzvgrrpycp >> Start >> 2020-06-08 16:31:26.811480

tfzvgrrpycp >> Image Returned >> 2020-06-08 16:31:26.815148

tfzvgrrpycp >> End >> 2020-06-08 16:31:26.825949

wbmbb5taw5g >> Start >> 2020-06-08 16:35:29.389781

wbmbb5taw5g >> Image Returned >> 2020-06-08 16:35:29.393713

wbmbb5taw5g >> End >> 2020-06-08 16:35:29.405486

h2jqb7kw2e2 >> Start >> 2020-06-08 16:55:47.566811

h2jqb7kw2e2 >> Image Returned >> 2020-06-08 16:55:47.570504

h2jqb7kw2e2 >> End >> 2020-06-08 16:55:47.580758

30d24it7ee4 >> Start >> 2020-06-08 17:03:29.832669

30d24it7ee4 >> Image Returned >> 2020-06-08 17:03:29.835956

30d24it7ee4 >> End >> 2020-06-08 17:03:29.851003

oe3jm8hmedn >> Start >> 2020-06-08 17:19:30.637518

oe3jm8hmedn >> Image Returned >> 2020-06-08 17:19:30.640738

oe3jm8hmedn >> End >> 2020-06-08 17:19:30.657237

3tvp5g8ru75 >> Start >> 2020-06-08 18:23:03.730139

3tvp5g8ru75 >> Image Returned >> 2020-06-08 18:23:03.733905

3tvp5g8ru75 >> End >> 2020-06-08 18:23:03.745455

8efm0xe04qj >> Start >> 2020-06-08 19:06:28.418037

8efm0xe04qj >> Image Returned >> 2020-06-08 19:06:28.421551

8efm0xe04qj >> End >> 2020-06-08 19:06:28.432698

wxypnhmc8rv >> Start >> 2020-06-08 19:44:12.670824

wxypnhmc8rv >> Image Returned >> 2020-06-08 19:44:12.675595

wxypnhmc8rv >> End >> 2020-06-08 19:44:12.689801

gk5aa6q5bxt >> Start >> 2020-06-08 19:52:29.066627

gk5aa6q5bxt >> Image Returned >> 2020-06-08 19:52:29.070274

gk5aa6q5bxt >> End >> 2020-06-08 19:52:29.081253

t48vjd6c26k >> Start >> 2020-06-08 21:07:51.235105

t48vjd6c26k >> Image Returned >> 2020-06-08 21:07:51.238944

t48vjd6c26k >> End >> 2020-06-08 21:07:51.249618

4i48hyq62wh >> Start >> 2020-06-08 21:11:45.816791

4i48hyq62wh >> Image Returned >> 2020-06-08 21:11:45.821827

4i48hyq62wh >> End >> 2020-06-08 21:11:45.841706

462ra84vjju >> Start >> 2020-06-08 21:30:54.242059

462ra84vjju >> Image Returned >> 2020-06-08 21:30:54.246378

462ra84vjju >> End >> 2020-06-08 21:30:54.257560

pgnau80geh3 >> Start >> 2020-06-08 22:18:47.007246

pgnau80geh3 >> Image Returned >> 2020-06-08 22:18:47.011528

pgnau80geh3 >> End >> 2020-06-08 22:18:47.023030

