nq2gydong2d >> Start >> 2020-08-15 00:31:24.518310

nq2gydong2d >> Image Returned >> 2020-08-15 00:31:24.522042

nq2gydong2d >> End >> 2020-08-15 00:31:24.668194

g6qsmupb535 >> Start >> 2020-08-15 00:40:25.419795

g6qsmupb535 >> Image Returned >> 2020-08-15 00:40:25.424194

g6qsmupb535 >> End >> 2020-08-15 00:40:25.570899

gaaeibrvoiq >> Start >> 2020-08-15 01:00:01.493014

gaaeibrvoiq >> Image Returned >> 2020-08-15 01:00:01.497446

gaaeibrvoiq >> End >> 2020-08-15 01:00:01.645792

5pqsvrevk7t >> Start >> 2020-08-15 01:32:46.084479

5pqsvrevk7t >> Image Returned >> 2020-08-15 01:32:46.088390

5pqsvrevk7t >> End >> 2020-08-15 01:32:46.235532

3ryhxyhfoy6 >> Start >> 2020-08-15 01:37:50.241241

3ryhxyhfoy6 >> Image Returned >> 2020-08-15 01:37:50.246476

3ryhxyhfoy6 >> End >> 2020-08-15 01:37:50.403584

84wmkd58w5v >> Start >> 2020-08-15 01:54:20.333429

84wmkd58w5v >> Image Returned >> 2020-08-15 01:54:20.338815

84wmkd58w5v >> End >> 2020-08-15 01:54:20.477019

zssdo7v7fav >> Start >> 2020-08-15 02:03:29.229770

zssdo7v7fav >> Image Returned >> 2020-08-15 02:03:29.233827

zssdo7v7fav >> End >> 2020-08-15 02:03:29.383097

i2bsbu26e4e >> Start >> 2020-08-15 02:05:47.814487

i2bsbu26e4e >> Image Returned >> 2020-08-15 02:05:47.818526

i2bsbu26e4e >> End >> 2020-08-15 02:05:47.963196

zebpcxefroa >> Start >> 2020-08-15 02:31:34.041188

zebpcxefroa >> Image Returned >> 2020-08-15 02:31:34.045603

zebpcxefroa >> End >> 2020-08-15 02:31:34.196229

igmpwarwkyv >> Start >> 2020-08-15 02:42:56.495126

igmpwarwkyv >> Image Returned >> 2020-08-15 02:42:56.498449

igmpwarwkyv >> End >> 2020-08-15 02:42:56.642185

osutzu6gwo0 >> Start >> 2020-08-15 02:45:39.316726

osutzu6gwo0 >> Image Returned >> 2020-08-15 02:45:39.321862

osutzu6gwo0 >> End >> 2020-08-15 02:45:39.467643

a0kixkxiusm >> Start >> 2020-08-15 02:47:40.129471

a0kixkxiusm >> Image Returned >> 2020-08-15 02:47:40.134121

a0kixkxiusm >> End >> 2020-08-15 02:47:40.275090

8u3dznsx3a0 >> Start >> 2020-08-15 03:44:44.277769

8u3dznsx3a0 >> Image Returned >> 2020-08-15 03:44:44.282339

8u3dznsx3a0 >> End >> 2020-08-15 03:44:44.421431

i8u2n7ctqc7 >> Start >> 2020-08-15 03:54:00.904676

i8u2n7ctqc7 >> Image Returned >> 2020-08-15 03:54:00.910434

i8u2n7ctqc7 >> End >> 2020-08-15 03:54:01.051170

zgfbqx5ydqx >> Start >> 2020-08-15 04:26:11.001158

zgfbqx5ydqx >> Image Returned >> 2020-08-15 04:26:11.004925

zgfbqx5ydqx >> End >> 2020-08-15 04:26:11.160759

fc8m4vktd8k >> Start >> 2020-08-15 04:53:42.040354

fc8m4vktd8k >> Image Returned >> 2020-08-15 04:53:42.046231

fc8m4vktd8k >> End >> 2020-08-15 04:53:42.188947

tjfy7yuas6u >> Start >> 2020-08-15 05:16:41.309055

tjfy7yuas6u >> Image Returned >> 2020-08-15 05:16:41.311671

tjfy7yuas6u >> End >> 2020-08-15 05:16:41.452630

5ovre6irzr7 >> Start >> 2020-08-15 05:32:16.938730

5ovre6irzr7 >> Image Returned >> 2020-08-15 05:32:16.942257

5ovre6irzr7 >> End >> 2020-08-15 05:32:17.175739

tawngfffkac >> Start >> 2020-08-15 06:04:17.789037

tawngfffkac >> Image Returned >> 2020-08-15 06:04:17.791927

tawngfffkac >> End >> 2020-08-15 06:04:17.944031

atmy72utxqs >> Start >> 2020-08-15 06:20:04.900003

atmy72utxqs >> Image Returned >> 2020-08-15 06:20:04.903353

atmy72utxqs >> End >> 2020-08-15 06:20:05.071038

z67vvwix6ya >> Start >> 2020-08-15 07:00:32.357002

z67vvwix6ya >> Image Returned >> 2020-08-15 07:00:32.360232

z67vvwix6ya >> End >> 2020-08-15 07:00:32.504281

he0crt726f4 >> Start >> 2020-08-15 07:46:00.825275

he0crt726f4 >> Image Returned >> 2020-08-15 07:46:00.828377

he0crt726f4 >> End >> 2020-08-15 07:46:00.974802

wuda3nvwoce >> Start >> 2020-08-15 08:03:45.753298

wuda3nvwoce >> Image Returned >> 2020-08-15 08:03:45.756463

wuda3nvwoce >> End >> 2020-08-15 08:03:45.917129

eino8hor4pz >> Start >> 2020-08-15 08:08:51.682176

eino8hor4pz >> Image Returned >> 2020-08-15 08:08:51.685066

eino8hor4pz >> End >> 2020-08-15 08:08:51.866843

f8bmpahqthx >> Start >> 2020-08-15 08:10:08.863666

f8bmpahqthx >> Image Returned >> 2020-08-15 08:10:08.866472

f8bmpahqthx >> End >> 2020-08-15 08:10:09.004790

fgkn4z7app5 >> Start >> 2020-08-15 08:14:41.768114

fgkn4z7app5 >> Image Returned >> 2020-08-15 08:14:41.771719

fgkn4z7app5 >> End >> 2020-08-15 08:14:41.910671

22nkrftnczs >> Start >> 2020-08-15 08:36:37.830797

22nkrftnczs >> Image Returned >> 2020-08-15 08:36:37.833560

22nkrftnczs >> End >> 2020-08-15 08:36:37.973941

2g3paczz4vg >> Start >> 2020-08-15 09:06:51.823999

2g3paczz4vg >> Image Returned >> 2020-08-15 09:06:51.827061

2g3paczz4vg >> End >> 2020-08-15 09:06:51.967520

mjpixu0k3ct >> Start >> 2020-08-15 10:00:26.368840

mjpixu0k3ct >> Image Returned >> 2020-08-15 10:00:26.371834

mjpixu0k3ct >> End >> 2020-08-15 10:00:26.517050

yqjknk6ebqf >> Start >> 2020-08-15 10:58:21.076419

yqjknk6ebqf >> Image Returned >> 2020-08-15 10:58:21.080157

yqjknk6ebqf >> End >> 2020-08-15 10:58:21.219415

hamx8ss7vbx >> Start >> 2020-08-15 10:59:58.803071

hamx8ss7vbx >> Image Returned >> 2020-08-15 10:59:58.806397

hamx8ss7vbx >> End >> 2020-08-15 10:59:58.943860

ewndwzakfkh >> Start >> 2020-08-15 11:02:50.830837

ewndwzakfkh >> Image Returned >> 2020-08-15 11:02:50.834300

ewndwzakfkh >> End >> 2020-08-15 11:02:50.982201

rke7t0qd7r2 >> Start >> 2020-08-15 11:12:29.539105

rke7t0qd7r2 >> Image Returned >> 2020-08-15 11:12:29.542499

rke7t0qd7r2 >> End >> 2020-08-15 11:12:29.682645

x5it2e3zcid >> Start >> 2020-08-15 11:16:18.348730

x5it2e3zcid >> Image Returned >> 2020-08-15 11:16:18.351602

x5it2e3zcid >> End >> 2020-08-15 11:16:18.488898

ksru2netjn5 >> Start >> 2020-08-15 11:16:36.045017

ksru2netjn5 >> Image Returned >> 2020-08-15 11:16:36.047823

ksru2netjn5 >> End >> 2020-08-15 11:16:36.185954

0yzpr7seeti >> Start >> 2020-08-15 11:22:48.416167

0yzpr7seeti >> Image Returned >> 2020-08-15 11:22:48.419030

0yzpr7seeti >> End >> 2020-08-15 11:22:48.568068

baksdxz4oyz >> Start >> 2020-08-15 12:07:23.600589

baksdxz4oyz >> Image Returned >> 2020-08-15 12:07:23.604365

baksdxz4oyz >> End >> 2020-08-15 12:07:23.741954

wn5oqonz8dz >> Start >> 2020-08-15 12:13:14.584067

wn5oqonz8dz >> Image Returned >> 2020-08-15 12:13:14.586967

wn5oqonz8dz >> End >> 2020-08-15 12:13:14.728748

3eujaph4zys >> Start >> 2020-08-15 12:21:09.919955

3eujaph4zys >> Image Returned >> 2020-08-15 12:21:09.923800

3eujaph4zys >> End >> 2020-08-15 12:21:10.065690

o0dpt5z0nhv >> Start >> 2020-08-15 12:23:29.324450

o0dpt5z0nhv >> Image Returned >> 2020-08-15 12:23:29.328156

o0dpt5z0nhv >> End >> 2020-08-15 12:23:29.473925

gbeozpe4r2n >> Start >> 2020-08-15 12:34:08.923821

gbeozpe4r2n >> Image Returned >> 2020-08-15 12:34:08.926733

gbeozpe4r2n >> End >> 2020-08-15 12:34:09.069962

5k3a6xixtek >> Start >> 2020-08-15 12:39:40.186510

5k3a6xixtek >> Image Returned >> 2020-08-15 12:39:40.189959

5k3a6xixtek >> End >> 2020-08-15 12:39:40.337291

t0ckyrx78nz >> Start >> 2020-08-15 12:40:54.558553

t0ckyrx78nz >> Image Returned >> 2020-08-15 12:40:54.562156

t0ckyrx78nz >> End >> 2020-08-15 12:40:54.701392

m7ku20qf22k >> Start >> 2020-08-15 12:43:50.408351

m7ku20qf22k >> Image Returned >> 2020-08-15 12:43:50.411892

m7ku20qf22k >> End >> 2020-08-15 12:43:51.555382

u4ejogo2jui >> Start >> 2020-08-15 12:55:03.320712

u4ejogo2jui >> Image Returned >> 2020-08-15 12:55:03.324651

u4ejogo2jui >> End >> 2020-08-15 12:55:03.464601

3wumagezd2z >> Start >> 2020-08-15 12:55:52.706912

3wumagezd2z >> Image Returned >> 2020-08-15 12:55:52.709780

3wumagezd2z >> End >> 2020-08-15 12:55:52.852977

4x3eafnpz4r >> Start >> 2020-08-15 12:58:55.836052

4x3eafnpz4r >> Image Returned >> 2020-08-15 12:58:55.840738

4x3eafnpz4r >> End >> 2020-08-15 12:58:55.983834

3nvk7yj4jfx >> Start >> 2020-08-15 13:01:05.650329

3nvk7yj4jfx >> Image Returned >> 2020-08-15 13:01:05.653251

3nvk7yj4jfx >> End >> 2020-08-15 13:01:05.799473

n5e0ch2fp5z >> Start >> 2020-08-15 13:06:10.441293

n5e0ch2fp5z >> Image Returned >> 2020-08-15 13:06:10.445719

n5e0ch2fp5z >> End >> 2020-08-15 13:06:10.603347

jgc2jubq5f6 >> Start >> 2020-08-15 13:18:35.238797

jgc2jubq5f6 >> Image Returned >> 2020-08-15 13:18:35.241687

jgc2jubq5f6 >> End >> 2020-08-15 13:18:35.388323

nkjx4bar0nf >> Start >> 2020-08-15 13:29:54.731489

nkjx4bar0nf >> Image Returned >> 2020-08-15 13:29:54.735121

nkjx4bar0nf >> End >> 2020-08-15 13:29:54.876151

psozkf8r26u >> Start >> 2020-08-15 13:30:18.429797

psozkf8r26u >> Image Returned >> 2020-08-15 13:30:18.434010

psozkf8r26u >> End >> 2020-08-15 13:30:18.582528

567x47ovu34 >> Start >> 2020-08-15 13:37:38.874274

567x47ovu34 >> Image Returned >> 2020-08-15 13:37:38.877185

567x47ovu34 >> End >> 2020-08-15 13:37:39.026328

qe2iswgqgyc >> Start >> 2020-08-15 13:38:03.375909

qe2iswgqgyc >> Image Returned >> 2020-08-15 13:38:03.379126

qe2iswgqgyc >> End >> 2020-08-15 13:38:03.519938

h6pn528ju5q >> Start >> 2020-08-15 13:46:07.368123

h6pn528ju5q >> Image Returned >> 2020-08-15 13:46:07.371457

h6pn528ju5q >> End >> 2020-08-15 13:46:07.517651

5edq3wzyu0c >> Start >> 2020-08-15 13:55:51.787148

5edq3wzyu0c >> Image Returned >> 2020-08-15 13:55:51.790811

5edq3wzyu0c >> End >> 2020-08-15 13:55:51.931794

o7okmud04ga >> Start >> 2020-08-15 13:56:19.190845

o7okmud04ga >> Image Returned >> 2020-08-15 13:56:19.193965

o7okmud04ga >> End >> 2020-08-15 13:56:19.335635

zqo5rf7dcop >> Start >> 2020-08-15 14:04:45.768551

zqo5rf7dcop >> Image Returned >> 2020-08-15 14:04:45.773200

zqo5rf7dcop >> End >> 2020-08-15 14:04:45.918545

iskbzyhyrzt >> Start >> 2020-08-15 14:19:18.192826

iskbzyhyrzt >> Image Returned >> 2020-08-15 14:19:18.196223

iskbzyhyrzt >> End >> 2020-08-15 14:19:18.342339

n05ekh5t02c >> Start >> 2020-08-15 14:21:37.003703

n05ekh5t02c >> Image Returned >> 2020-08-15 14:21:37.007199

n05ekh5t02c >> End >> 2020-08-15 14:21:37.168231

wqb6gijp0wh >> Start >> 2020-08-15 14:41:02.834892

wqb6gijp0wh >> Image Returned >> 2020-08-15 14:41:02.838238

wqb6gijp0wh >> End >> 2020-08-15 14:41:03.001852

z3czgeb5wqv >> Start >> 2020-08-15 14:43:03.384546

z3czgeb5wqv >> Image Returned >> 2020-08-15 14:43:03.387784

z3czgeb5wqv >> End >> 2020-08-15 14:43:03.532123

cff4g6wc8jj >> Start >> 2020-08-15 15:20:51.633837

cff4g6wc8jj >> Image Returned >> 2020-08-15 15:20:51.637116

cff4g6wc8jj >> End >> 2020-08-15 15:20:51.797667

q8tn6rjnp6t >> Start >> 2020-08-15 15:21:20.314795

q8tn6rjnp6t >> Image Returned >> 2020-08-15 15:21:20.319613

q8tn6rjnp6t >> End >> 2020-08-15 15:21:20.450725

riytkhobunx >> Start >> 2020-08-15 15:22:10.590795

riytkhobunx >> Image Returned >> 2020-08-15 15:22:10.594202

riytkhobunx >> End >> 2020-08-15 15:22:10.748388

52to8k3wm5h >> Start >> 2020-08-15 15:29:45.108949

52to8k3wm5h >> Image Returned >> 2020-08-15 15:29:45.112014

52to8k3wm5h >> End >> 2020-08-15 15:29:45.259556

vfyh8jvmk5w >> Start >> 2020-08-15 15:52:11.416448

vfyh8jvmk5w >> Image Returned >> 2020-08-15 15:52:11.420658

vfyh8jvmk5w >> End >> 2020-08-15 15:52:11.561183

acbms6zy2em >> Start >> 2020-08-15 16:06:24.522914

acbms6zy2em >> Image Returned >> 2020-08-15 16:06:24.527213

acbms6zy2em >> End >> 2020-08-15 16:06:24.691292

hjbtvjo3n7g >> Start >> 2020-08-15 16:07:38.705940

hjbtvjo3n7g >> Image Returned >> 2020-08-15 16:07:38.709043

hjbtvjo3n7g >> End >> 2020-08-15 16:07:38.853813

wrn4h2ocjkn >> Start >> 2020-08-15 16:10:24.515501

wrn4h2ocjkn >> Image Returned >> 2020-08-15 16:10:24.518608

wrn4h2ocjkn >> End >> 2020-08-15 16:10:24.666960

4edxt670h3v >> Start >> 2020-08-15 16:17:09.691374

4edxt670h3v >> Image Returned >> 2020-08-15 16:17:09.694715

4edxt670h3v >> End >> 2020-08-15 16:17:09.837866

gxbu50ced36 >> Start >> 2020-08-15 16:27:52.551642

gxbu50ced36 >> Image Returned >> 2020-08-15 16:27:52.554729

gxbu50ced36 >> End >> 2020-08-15 16:27:52.698744

4h6dsrzvmyu >> Start >> 2020-08-15 16:36:41.473706

4h6dsrzvmyu >> Image Returned >> 2020-08-15 16:36:41.477446

4h6dsrzvmyu >> End >> 2020-08-15 16:36:41.631390

pbb26bhhwuw >> Start >> 2020-08-15 16:38:36.430723

pbb26bhhwuw >> Image Returned >> 2020-08-15 16:38:36.433701

pbb26bhhwuw >> End >> 2020-08-15 16:38:36.576105

jsbvuuafja2 >> Start >> 2020-08-15 17:07:07.621052

jsbvuuafja2 >> Image Returned >> 2020-08-15 17:07:07.624947

jsbvuuafja2 >> End >> 2020-08-15 17:07:07.768831

o4rg0sxh6xf >> Start >> 2020-08-15 17:15:25.538049

o4rg0sxh6xf >> Image Returned >> 2020-08-15 17:15:25.541790

o4rg0sxh6xf >> End >> 2020-08-15 17:15:25.686839

7hodquea4jx >> Start >> 2020-08-15 17:16:19.657809

7hodquea4jx >> Image Returned >> 2020-08-15 17:16:19.661287

7hodquea4jx >> End >> 2020-08-15 17:16:19.806149

jext8wkdhgb >> Start >> 2020-08-15 17:16:56.963614

jext8wkdhgb >> Image Returned >> 2020-08-15 17:16:56.966595

jext8wkdhgb >> End >> 2020-08-15 17:16:57.119152

465srmt0jqw >> Start >> 2020-08-15 17:17:39.694307

465srmt0jqw >> Image Returned >> 2020-08-15 17:17:39.697374

465srmt0jqw >> End >> 2020-08-15 17:17:39.843111

enizuy8mtz6 >> Start >> 2020-08-15 17:19:17.694839

enizuy8mtz6 >> Image Returned >> 2020-08-15 17:19:17.699431

enizuy8mtz6 >> End >> 2020-08-15 17:19:17.836474

a2ztih3ai5k >> Start >> 2020-08-15 17:28:56.153723

a2ztih3ai5k >> Image Returned >> 2020-08-15 17:28:56.157865

a2ztih3ai5k >> End >> 2020-08-15 17:28:56.302181

ojs7do6e30j >> Start >> 2020-08-15 17:36:35.318612

ojs7do6e30j >> Image Returned >> 2020-08-15 17:36:35.322143

ojs7do6e30j >> End >> 2020-08-15 17:36:35.489651

0gorvutyisf >> Start >> 2020-08-15 17:44:51.002039

0gorvutyisf >> Image Returned >> 2020-08-15 17:44:51.005090

0gorvutyisf >> End >> 2020-08-15 17:44:51.151560

n5560knk4nc >> Start >> 2020-08-15 17:49:36.073507

n5560knk4nc >> Image Returned >> 2020-08-15 17:49:36.077255

n5560knk4nc >> End >> 2020-08-15 17:49:36.224693

vu65s7n7q7v >> Start >> 2020-08-15 17:51:39.076226

vu65s7n7q7v >> Image Returned >> 2020-08-15 17:51:39.079972

vu65s7n7q7v >> End >> 2020-08-15 17:51:39.227174

4fxg7kxz2d3 >> Start >> 2020-08-15 18:14:18.237730

4fxg7kxz2d3 >> Image Returned >> 2020-08-15 18:14:18.241235

4fxg7kxz2d3 >> End >> 2020-08-15 18:14:18.388206

3zach748u6x >> Start >> 2020-08-15 18:37:54.172101

3zach748u6x >> Image Returned >> 2020-08-15 18:37:54.176450

3zach748u6x >> End >> 2020-08-15 18:37:54.327789

bi70yaoo0vm >> Start >> 2020-08-15 18:46:30.248148

bi70yaoo0vm >> Image Returned >> 2020-08-15 18:46:30.251698

bi70yaoo0vm >> End >> 2020-08-15 18:46:30.422341

yexec3cipww >> Start >> 2020-08-15 18:56:42.765911

yexec3cipww >> Image Returned >> 2020-08-15 18:56:42.769581

yexec3cipww >> End >> 2020-08-15 18:56:42.911382

pgq8c5psgwz >> Start >> 2020-08-15 19:57:11.578608

pgq8c5psgwz >> Image Returned >> 2020-08-15 19:57:11.582289

pgq8c5psgwz >> End >> 2020-08-15 19:57:11.745625

dx7o2zsnweq >> Start >> 2020-08-15 20:05:07.772969

dx7o2zsnweq >> Image Returned >> 2020-08-15 20:05:07.777586

dx7o2zsnweq >> End >> 2020-08-15 20:05:07.920212

2cze0xedo57 >> Start >> 2020-08-15 20:34:00.776520

2cze0xedo57 >> Image Returned >> 2020-08-15 20:34:00.780471

2cze0xedo57 >> End >> 2020-08-15 20:34:00.924384

4oh2uado3nb >> Start >> 2020-08-15 20:35:49.784531

4oh2uado3nb >> Image Returned >> 2020-08-15 20:35:49.788532

4oh2uado3nb >> End >> 2020-08-15 20:35:49.935884

s2nqcxmnkop >> Start >> 2020-08-15 22:29:59.087471

s2nqcxmnkop >> Image Returned >> 2020-08-15 22:29:59.093202

s2nqcxmnkop >> End >> 2020-08-15 22:29:59.240030

a3v7my2t0i2 >> Start >> 2020-08-15 22:30:16.971153

a3v7my2t0i2 >> Image Returned >> 2020-08-15 22:30:16.975106

a3v7my2t0i2 >> End >> 2020-08-15 22:30:17.127651

exmb23zi6v7 >> Start >> 2020-08-15 22:40:45.895159

exmb23zi6v7 >> Image Returned >> 2020-08-15 22:40:45.899852

exmb23zi6v7 >> End >> 2020-08-15 22:40:46.051027

r66ys5yddja >> Start >> 2020-08-15 23:29:43.635616

r66ys5yddja >> Image Returned >> 2020-08-15 23:29:43.641716

r66ys5yddja >> End >> 2020-08-15 23:29:43.785474

xonncdz6rcr >> Start >> 2020-08-15 23:54:54.616627

xonncdz6rcr >> Image Returned >> 2020-08-15 23:54:54.620457

xonncdz6rcr >> End >> 2020-08-15 23:54:54.783793

d7y6htsvy56 >> Start >> 2020-08-15 23:59:48.522470

d7y6htsvy56 >> Image Returned >> 2020-08-15 23:59:48.527672

d7y6htsvy56 >> End >> 2020-08-15 23:59:48.666574

