h3wadj7habh >> Start >> 2020-06-15 00:23:28.319494

h3wadj7habh >> Image Returned >> 2020-06-15 00:23:28.323982

h3wadj7habh >> End >> 2020-06-15 00:23:28.342087

uzj54od3z2f >> Start >> 2020-06-15 01:06:06.062764

uzj54od3z2f >> Image Returned >> 2020-06-15 01:06:06.068043

uzj54od3z2f >> End >> 2020-06-15 01:06:06.082165

4vsds2vopjx >> Start >> 2020-06-15 01:08:20.685897

4vsds2vopjx >> Image Returned >> 2020-06-15 01:08:20.690021

4vsds2vopjx >> End >> 2020-06-15 01:08:20.705084

qn26yfrkvwq >> Start >> 2020-06-15 02:13:08.255434

qn26yfrkvwq >> Image Returned >> 2020-06-15 02:13:08.258976

qn26yfrkvwq >> End >> 2020-06-15 02:13:08.274677

mks2bjbamdu >> Start >> 2020-06-15 04:32:18.142379

mks2bjbamdu >> Image Returned >> 2020-06-15 04:32:18.147888

mks2bjbamdu >> End >> 2020-06-15 04:32:18.163404

ucbive62d2v >> Start >> 2020-06-15 08:58:42.166105

ucbive62d2v >> Image Returned >> 2020-06-15 08:58:42.168821

ucbive62d2v >> End >> 2020-06-15 08:58:42.179483

ip68qqi7cfg >> Start >> 2020-06-15 09:28:21.365829

ip68qqi7cfg >> Image Returned >> 2020-06-15 09:28:21.368536

ip68qqi7cfg >> End >> 2020-06-15 09:28:21.379093

8r6aku8h8gw >> Start >> 2020-06-15 10:24:36.852601

8r6aku8h8gw >> Image Returned >> 2020-06-15 10:24:36.855402

8r6aku8h8gw >> End >> 2020-06-15 10:24:36.866997

pi6nwkvfrxt >> Start >> 2020-06-15 10:25:52.348468

pi6nwkvfrxt >> Image Returned >> 2020-06-15 10:25:52.351480

pi6nwkvfrxt >> End >> 2020-06-15 10:25:52.362139

wi82cirp2ko >> Start >> 2020-06-15 11:15:36.176671

wi82cirp2ko >> Image Returned >> 2020-06-15 11:15:36.179472

wi82cirp2ko >> End >> 2020-06-15 11:15:36.205898

myp34gco47r >> Start >> 2020-06-15 13:00:15.095750

myp34gco47r >> Image Returned >> 2020-06-15 13:00:15.100297

myp34gco47r >> End >> 2020-06-15 13:00:15.111078

prn2igffts5 >> Start >> 2020-06-15 13:16:29.503520

prn2igffts5 >> Image Returned >> 2020-06-15 13:16:29.506362

prn2igffts5 >> End >> 2020-06-15 13:16:29.517752

voxy436hoqv >> Start >> 2020-06-15 15:52:40.580154

voxy436hoqv >> Image Returned >> 2020-06-15 15:52:40.583120

voxy436hoqv >> End >> 2020-06-15 15:52:40.593765

t6t7t2qh8n3 >> Start >> 2020-06-15 16:00:06.430821

t6t7t2qh8n3 >> Image Returned >> 2020-06-15 16:00:06.434645

t6t7t2qh8n3 >> End >> 2020-06-15 16:00:06.455133

jufi742qobg >> Start >> 2020-06-15 19:40:40.248075

jufi742qobg >> Image Returned >> 2020-06-15 19:40:40.251720

jufi742qobg >> End >> 2020-06-15 19:40:40.263029

nzvfonyk426 >> Start >> 2020-06-15 20:27:36.370537

nzvfonyk426 >> Image Returned >> 2020-06-15 20:27:36.374953

nzvfonyk426 >> End >> 2020-06-15 20:27:36.386230

hz2tweggdfw >> Start >> 2020-06-15 21:41:26.219301

hz2tweggdfw >> Image Returned >> 2020-06-15 21:41:26.222095

hz2tweggdfw >> End >> 2020-06-15 21:41:26.233589

5t087nkhwb0 >> Start >> 2020-06-15 22:35:21.226542

5t087nkhwb0 >> Image Returned >> 2020-06-15 22:35:21.229573

5t087nkhwb0 >> End >> 2020-06-15 22:35:21.241578

r0g6qajr7oi >> Start >> 2020-06-15 23:20:48.689968

r0g6qajr7oi >> Image Returned >> 2020-06-15 23:20:48.693259

r0g6qajr7oi >> End >> 2020-06-15 23:20:48.708760

