hzzr76hgu2e >> Start >> 2020-10-01 00:06:23.259785

hzzr76hgu2e >> Image Returned >> 2020-10-01 00:06:23.264296

hzzr76hgu2e >> End >> 2020-10-01 00:06:23.425833

huumjutgyku >> Start >> 2020-10-01 00:19:43.567291

huumjutgyku >> Image Returned >> 2020-10-01 00:19:43.572294

huumjutgyku >> End >> 2020-10-01 00:19:43.730489

4tf82hj36un >> Start >> 2020-10-01 00:22:14.818059

4tf82hj36un >> Image Returned >> 2020-10-01 00:22:14.821897

4tf82hj36un >> End >> 2020-10-01 00:22:14.987180

kjvqg30n6su >> Start >> 2020-10-01 00:22:37.490135

kjvqg30n6su >> Image Returned >> 2020-10-01 00:22:37.496423

kjvqg30n6su >> End >> 2020-10-01 00:22:37.657311

6cdz8qjfsw7 >> Start >> 2020-10-01 00:29:42.070074

6cdz8qjfsw7 >> Image Returned >> 2020-10-01 00:29:42.075768

6cdz8qjfsw7 >> End >> 2020-10-01 00:29:42.231967

6zidda02xjr >> Start >> 2020-10-01 00:29:46.888968

6zidda02xjr >> Image Returned >> 2020-10-01 00:29:46.889324

6zidda02xjr >> End >> 2020-10-01 00:29:47.048965

3vuf5uy4dz0 >> Start >> 2020-10-01 00:35:27.069056

3vuf5uy4dz0 >> Image Returned >> 2020-10-01 00:35:27.072710

3vuf5uy4dz0 >> End >> 2020-10-01 00:35:27.244685

t2e84bg7zin >> Start >> 2020-10-01 00:37:57.316591

t2e84bg7zin >> Image Returned >> 2020-10-01 00:37:57.320628

t2e84bg7zin >> End >> 2020-10-01 00:37:57.481688

jorp4232kyw >> Start >> 2020-10-01 00:56:37.242758

jorp4232kyw >> Image Returned >> 2020-10-01 00:56:37.247165

jorp4232kyw >> End >> 2020-10-01 00:56:37.407418

rgb6n6f7ciy >> Start >> 2020-10-01 00:57:52.254431

rgb6n6f7ciy >> Image Returned >> 2020-10-01 00:57:52.258821

rgb6n6f7ciy >> End >> 2020-10-01 00:57:52.417551

dfw8dobm6d2 >> Start >> 2020-10-01 01:10:27.283787

dfw8dobm6d2 >> Image Returned >> 2020-10-01 01:10:27.287729

dfw8dobm6d2 >> End >> 2020-10-01 01:10:27.448704

cnq808ncu2q >> Start >> 2020-10-01 01:26:00.265598

cnq808ncu2q >> Image Returned >> 2020-10-01 01:26:00.270754

cnq808ncu2q >> End >> 2020-10-01 01:26:00.433532

v3gm5dk2jwx >> Start >> 2020-10-01 01:54:56.847505

v3gm5dk2jwx >> Image Returned >> 2020-10-01 01:54:56.852608

v3gm5dk2jwx >> End >> 2020-10-01 01:54:57.008434

orzni2dceoj >> Start >> 2020-10-01 01:55:42.279311

orzni2dceoj >> Image Returned >> 2020-10-01 01:55:42.283704

orzni2dceoj >> End >> 2020-10-01 01:55:42.443335

du4qwhastm2 >> Start >> 2020-10-01 01:56:07.658314

du4qwhastm2 >> Image Returned >> 2020-10-01 01:56:07.662095

du4qwhastm2 >> End >> 2020-10-01 01:56:07.817935

a028y76qp2j >> Start >> 2020-10-01 01:59:58.947966

a028y76qp2j >> Image Returned >> 2020-10-01 01:59:58.951634

a028y76qp2j >> End >> 2020-10-01 01:59:59.110320

5t2itn33juz >> Start >> 2020-10-01 02:05:13.135585

5t2itn33juz >> Image Returned >> 2020-10-01 02:05:13.140698

5t2itn33juz >> End >> 2020-10-01 02:05:13.306706

y6izwmgbd2x >> Start >> 2020-10-01 02:53:03.959539

y6izwmgbd2x >> Image Returned >> 2020-10-01 02:53:03.965456

y6izwmgbd2x >> End >> 2020-10-01 02:53:04.133946

kg5jbi8hocf >> Start >> 2020-10-01 02:53:12.324551

kg5jbi8hocf >> Image Returned >> 2020-10-01 02:53:12.324867

kg5jbi8hocf >> End >> 2020-10-01 02:53:12.484267

unryrx5mfae >> Start >> 2020-10-01 02:53:25.470037

unryrx5mfae >> Image Returned >> 2020-10-01 02:53:25.473716

unryrx5mfae >> End >> 2020-10-01 02:53:25.646034

zni433dqf7s >> Start >> 2020-10-01 02:54:43.292567

zni433dqf7s >> Image Returned >> 2020-10-01 02:54:43.296612

zni433dqf7s >> End >> 2020-10-01 02:54:43.452069

6745marysaw >> Start >> 2020-10-01 03:07:11.146450

6745marysaw >> Image Returned >> 2020-10-01 03:07:11.150217

6745marysaw >> End >> 2020-10-01 03:07:11.320346

c4synibm0x3 >> Start >> 2020-10-01 03:07:21.936984

c4synibm0x3 >> Image Returned >> 2020-10-01 03:07:21.937266

c4synibm0x3 >> End >> 2020-10-01 03:07:22.101773

w85xambxv0j >> Start >> 2020-10-01 03:21:13.115617

w85xambxv0j >> Image Returned >> 2020-10-01 03:21:13.119112

w85xambxv0j >> End >> 2020-10-01 03:21:13.308916

v8f8za3vne4 >> Start >> 2020-10-01 03:23:37.779859

v8f8za3vne4 >> Image Returned >> 2020-10-01 03:23:37.783457

v8f8za3vne4 >> End >> 2020-10-01 03:23:37.956204

o4wpimcckac >> Start >> 2020-10-01 03:25:46.138453

o4wpimcckac >> Image Returned >> 2020-10-01 03:25:46.142209

o4wpimcckac >> End >> 2020-10-01 03:25:46.298176

7knxqygaiax >> Start >> 2020-10-01 03:41:50.048686

7knxqygaiax >> Image Returned >> 2020-10-01 03:41:50.053158

7knxqygaiax >> End >> 2020-10-01 03:41:50.220941

ywz4dgaigcz >> Start >> 2020-10-01 03:48:29.968799

ywz4dgaigcz >> Image Returned >> 2020-10-01 03:48:29.974136

ywz4dgaigcz >> End >> 2020-10-01 03:48:30.204091

8wewrby5rpn >> Start >> 2020-10-01 03:57:14.985907

8wewrby5rpn >> Image Returned >> 2020-10-01 03:57:14.990190

8wewrby5rpn >> End >> 2020-10-01 03:57:15.156394

28nidb6sr5x >> Start >> 2020-10-01 04:33:44.155385

28nidb6sr5x >> Image Returned >> 2020-10-01 04:33:44.159384

28nidb6sr5x >> End >> 2020-10-01 04:33:44.320035

00sd28b4nxu >> Start >> 2020-10-01 05:09:01.288038

00sd28b4nxu >> Image Returned >> 2020-10-01 05:09:01.291080

00sd28b4nxu >> End >> 2020-10-01 05:09:01.454427

f3eqh006ukc >> Start >> 2020-10-01 05:09:19.054493

f3eqh006ukc >> Image Returned >> 2020-10-01 05:09:19.057199

f3eqh006ukc >> End >> 2020-10-01 05:09:19.214953

gf5jzchctif >> Start >> 2020-10-01 05:09:30.270206

gf5jzchctif >> Image Returned >> 2020-10-01 05:09:30.270484

gf5jzchctif >> End >> 2020-10-01 05:09:30.391035

t4mzx6io3zn >> Start >> 2020-10-01 05:11:08.698137

t4mzx6io3zn >> Image Returned >> 2020-10-01 05:11:08.702271

t4mzx6io3zn >> End >> 2020-10-01 05:11:08.898633

rwofscqjq7b >> Start >> 2020-10-01 05:19:34.273289

rwofscqjq7b >> Image Returned >> 2020-10-01 05:19:34.276336

rwofscqjq7b >> End >> 2020-10-01 05:19:34.403865

rfr4rp5e4bc >> Start >> 2020-10-01 05:30:19.005240

rfr4rp5e4bc >> Image Returned >> 2020-10-01 05:30:19.008160

rfr4rp5e4bc >> End >> 2020-10-01 05:30:19.189234

g4i4rcnh6tw >> Start >> 2020-10-01 05:30:29.288146

g4i4rcnh6tw >> Image Returned >> 2020-10-01 05:30:29.288428

g4i4rcnh6tw >> End >> 2020-10-01 05:30:29.464144

rshvmngfsyc >> Start >> 2020-10-01 05:41:02.530340

rshvmngfsyc >> Image Returned >> 2020-10-01 05:41:02.533065

rshvmngfsyc >> End >> 2020-10-01 05:41:02.692991

zu6c54gwnhy >> Start >> 2020-10-01 05:43:30.788038

zu6c54gwnhy >> Image Returned >> 2020-10-01 05:43:30.791460

zu6c54gwnhy >> End >> 2020-10-01 05:43:31.025793

vs7uoo3vij4 >> Start >> 2020-10-01 05:43:44.573461

vs7uoo3vij4 >> Image Returned >> 2020-10-01 05:43:44.576569

vs7uoo3vij4 >> End >> 2020-10-01 05:43:44.812357

p7fm4jig54z >> Start >> 2020-10-01 05:43:44.894761

p7fm4jig54z >> Image Returned >> 2020-10-01 05:43:44.895056

p7fm4jig54z >> End >> 2020-10-01 05:43:45.147022

gvjyzy5t53h >> Start >> 2020-10-01 05:43:53.056437

gvjyzy5t53h >> Image Returned >> 2020-10-01 05:43:53.056715

gvjyzy5t53h >> End >> 2020-10-01 05:43:53.285936

kibdzbravb6 >> Start >> 2020-10-01 05:44:06.897891

kibdzbravb6 >> Image Returned >> 2020-10-01 05:44:06.900544

kibdzbravb6 >> End >> 2020-10-01 05:44:07.137553

wrmhdsf3tyh >> Start >> 2020-10-01 05:44:07.179512

wrmhdsf3tyh >> Image Returned >> 2020-10-01 05:44:07.179785

wrmhdsf3tyh >> End >> 2020-10-01 05:44:07.416960

zpddsdazgxx >> Start >> 2020-10-01 05:50:47.946403

zpddsdazgxx >> Image Returned >> 2020-10-01 05:50:47.949660

zpddsdazgxx >> End >> 2020-10-01 05:50:48.108242

yanu22twrsf >> Start >> 2020-10-01 06:16:50.439105

yanu22twrsf >> Image Returned >> 2020-10-01 06:16:50.442831

yanu22twrsf >> End >> 2020-10-01 06:16:50.598385

weg6fs4g4jq >> Start >> 2020-10-01 06:17:35.583664

weg6fs4g4jq >> Image Returned >> 2020-10-01 06:17:35.586296

weg6fs4g4jq >> End >> 2020-10-01 06:17:35.742794

q7a67grbiwd >> Start >> 2020-10-01 06:23:17.723562

q7a67grbiwd >> Image Returned >> 2020-10-01 06:23:17.726510

q7a67grbiwd >> End >> 2020-10-01 06:23:17.882672

meu4nvnk287 >> Start >> 2020-10-01 06:23:34.698934

meu4nvnk287 >> Image Returned >> 2020-10-01 06:23:34.701579

meu4nvnk287 >> End >> 2020-10-01 06:23:34.857264

zdc74oxognp >> Start >> 2020-10-01 06:26:37.132205

zdc74oxognp >> Image Returned >> 2020-10-01 06:26:37.135338

zdc74oxognp >> End >> 2020-10-01 06:26:37.300177

zgo6bxqc3iy >> Start >> 2020-10-01 06:27:33.357693

zgo6bxqc3iy >> Image Returned >> 2020-10-01 06:27:33.360421

zgo6bxqc3iy >> End >> 2020-10-01 06:27:33.519902

ciocxgmhvyi >> Start >> 2020-10-01 06:30:38.610575

ciocxgmhvyi >> Image Returned >> 2020-10-01 06:30:38.614556

ciocxgmhvyi >> End >> 2020-10-01 06:30:38.812693

883d4fxd7yj >> Start >> 2020-10-01 06:38:27.925831

883d4fxd7yj >> Image Returned >> 2020-10-01 06:38:27.928556

883d4fxd7yj >> End >> 2020-10-01 06:38:28.093939

6nec6zanmgt >> Start >> 2020-10-01 06:38:43.834270

6nec6zanmgt >> Image Returned >> 2020-10-01 06:38:43.837029

6nec6zanmgt >> End >> 2020-10-01 06:38:44.003212

8hmdc6ek7to >> Start >> 2020-10-01 06:41:24.455658

8hmdc6ek7to >> Image Returned >> 2020-10-01 06:41:24.458515

8hmdc6ek7to >> End >> 2020-10-01 06:41:24.637835

z8wyuif3wpd >> Start >> 2020-10-01 06:42:54.182215

z8wyuif3wpd >> Image Returned >> 2020-10-01 06:42:54.185976

z8wyuif3wpd >> End >> 2020-10-01 06:42:54.429258

m46s773bi6p >> Start >> 2020-10-01 06:44:12.666353

m46s773bi6p >> Image Returned >> 2020-10-01 06:44:12.669302

m46s773bi6p >> End >> 2020-10-01 06:44:12.838361

70vn37jofaa >> Start >> 2020-10-01 06:47:06.829193

70vn37jofaa >> Image Returned >> 2020-10-01 06:47:06.832086

70vn37jofaa >> End >> 2020-10-01 06:47:07.007906

qyyedgeszsq >> Start >> 2020-10-01 06:48:59.820624

qyyedgeszsq >> Image Returned >> 2020-10-01 06:48:59.824080

qyyedgeszsq >> End >> 2020-10-01 06:49:00.039395

6h00mcrg8a3 >> Start >> 2020-10-01 06:59:43.065917

6h00mcrg8a3 >> Image Returned >> 2020-10-01 06:59:43.068696

6h00mcrg8a3 >> End >> 2020-10-01 06:59:43.229250

uk7jsxskx22 >> Start >> 2020-10-01 06:59:51.076859

uk7jsxskx22 >> Image Returned >> 2020-10-01 06:59:51.077182

uk7jsxskx22 >> End >> 2020-10-01 06:59:51.238480

3jt43b0r32z >> Start >> 2020-10-01 07:05:53.865463

3jt43b0r32z >> Image Returned >> 2020-10-01 07:05:53.868721

3jt43b0r32z >> End >> 2020-10-01 07:05:54.039833

imasksidwqz >> Start >> 2020-10-01 07:12:09.718713

imasksidwqz >> Image Returned >> 2020-10-01 07:12:09.721556

imasksidwqz >> End >> 2020-10-01 07:12:09.878966

gjrjdvo4zoa >> Start >> 2020-10-01 07:12:38.363337

gjrjdvo4zoa >> Image Returned >> 2020-10-01 07:12:38.366009

gjrjdvo4zoa >> End >> 2020-10-01 07:12:38.528184

6rd6xzt6top >> Start >> 2020-10-01 07:13:30.142152

6rd6xzt6top >> Image Returned >> 2020-10-01 07:13:30.144951

6rd6xzt6top >> End >> 2020-10-01 07:13:30.336023

m4ugp2jrb5x >> Start >> 2020-10-01 07:19:43.231478

m4ugp2jrb5x >> Image Returned >> 2020-10-01 07:19:43.234217

m4ugp2jrb5x >> End >> 2020-10-01 07:19:43.391015

c3n04d2qv65 >> Start >> 2020-10-01 07:20:05.790298

c3n04d2qv65 >> Image Returned >> 2020-10-01 07:20:05.793592

c3n04d2qv65 >> End >> 2020-10-01 07:20:05.968911

47bzd0s8ica >> Start >> 2020-10-01 07:21:15.818133

47bzd0s8ica >> Image Returned >> 2020-10-01 07:21:15.821036

47bzd0s8ica >> End >> 2020-10-01 07:21:15.993928

xmc3jck0rhm >> Start >> 2020-10-01 07:23:35.066178

xmc3jck0rhm >> Image Returned >> 2020-10-01 07:23:35.069152

xmc3jck0rhm >> End >> 2020-10-01 07:23:35.227076

0edd4hz5g8q >> Start >> 2020-10-01 07:23:43.099531

0edd4hz5g8q >> Image Returned >> 2020-10-01 07:23:43.099821

0edd4hz5g8q >> End >> 2020-10-01 07:23:43.258502

sgt00ue58b6 >> Start >> 2020-10-01 07:23:57.478622

sgt00ue58b6 >> Image Returned >> 2020-10-01 07:23:57.481333

sgt00ue58b6 >> End >> 2020-10-01 07:23:57.642860

emj8i7hqrt5 >> Start >> 2020-10-01 07:27:34.974863

emj8i7hqrt5 >> Image Returned >> 2020-10-01 07:27:34.977586

emj8i7hqrt5 >> End >> 2020-10-01 07:27:35.139210

tvam6spzwoq >> Start >> 2020-10-01 07:28:29.963696

tvam6spzwoq >> Image Returned >> 2020-10-01 07:28:29.966447

tvam6spzwoq >> End >> 2020-10-01 07:28:30.153358

vdovcddz3ke >> Start >> 2020-10-01 07:31:49.010277

vdovcddz3ke >> Image Returned >> 2020-10-01 07:31:49.013389

vdovcddz3ke >> End >> 2020-10-01 07:31:49.179559

2r4fxbnfxts >> Start >> 2020-10-01 07:32:05.515060

2r4fxbnfxts >> Image Returned >> 2020-10-01 07:32:05.517827

2r4fxbnfxts >> End >> 2020-10-01 07:32:05.677700

3ou7vvoyude >> Start >> 2020-10-01 07:32:20.660115

3ou7vvoyude >> Image Returned >> 2020-10-01 07:32:20.662921

3ou7vvoyude >> End >> 2020-10-01 07:32:20.824959

vsr6ewpmmth >> Start >> 2020-10-01 07:44:08.521564

vsr6ewpmmth >> Image Returned >> 2020-10-01 07:44:08.524766

vsr6ewpmmth >> End >> 2020-10-01 07:44:08.698174

qtk36moagwp >> Start >> 2020-10-01 07:45:55.761077

qtk36moagwp >> Image Returned >> 2020-10-01 07:45:55.764045

qtk36moagwp >> End >> 2020-10-01 07:45:55.928332

6pbdybuukfa >> Start >> 2020-10-01 07:47:34.454910

6pbdybuukfa >> Image Returned >> 2020-10-01 07:47:34.457606

6pbdybuukfa >> End >> 2020-10-01 07:47:34.625314

3udxnkmrm2r >> Start >> 2020-10-01 07:50:38.321494

3udxnkmrm2r >> Image Returned >> 2020-10-01 07:50:38.324207

3udxnkmrm2r >> End >> 2020-10-01 07:50:38.504599

5uvvo0660wd >> Start >> 2020-10-01 07:52:04.854376

5uvvo0660wd >> Image Returned >> 2020-10-01 07:52:04.857453

5uvvo0660wd >> End >> 2020-10-01 07:52:05.020397

pbo082hbb4b >> Start >> 2020-10-01 07:57:42.578620

pbo082hbb4b >> Image Returned >> 2020-10-01 07:57:42.581331

pbo082hbb4b >> End >> 2020-10-01 07:57:42.742755

xgj52wr40na >> Start >> 2020-10-01 07:57:57.431617

xgj52wr40na >> Image Returned >> 2020-10-01 07:57:57.434722

xgj52wr40na >> End >> 2020-10-01 07:57:57.596075

bcmwsqrjpw2 >> Start >> 2020-10-01 07:58:26.782735

bcmwsqrjpw2 >> Image Returned >> 2020-10-01 07:58:26.785450

bcmwsqrjpw2 >> End >> 2020-10-01 07:58:26.940651

pgfq86ge7qa >> Start >> 2020-10-01 07:59:37.370096

pgfq86ge7qa >> Image Returned >> 2020-10-01 07:59:37.372823

pgfq86ge7qa >> End >> 2020-10-01 07:59:37.542594

yx0v8umb6ik >> Start >> 2020-10-01 08:00:23.336572

yx0v8umb6ik >> Image Returned >> 2020-10-01 08:00:23.339353

yx0v8umb6ik >> End >> 2020-10-01 08:00:23.499919

d2pwhm77s4j >> Start >> 2020-10-01 08:06:05.448682

d2pwhm77s4j >> Image Returned >> 2020-10-01 08:06:05.452174

d2pwhm77s4j >> End >> 2020-10-01 08:06:05.618379

zxmukxahtka >> Start >> 2020-10-01 08:13:49.900674

zxmukxahtka >> Image Returned >> 2020-10-01 08:13:49.904253

zxmukxahtka >> End >> 2020-10-01 08:13:50.081132

85zih0d4rai >> Start >> 2020-10-01 08:22:00.750195

85zih0d4rai >> Image Returned >> 2020-10-01 08:22:00.753011

85zih0d4rai >> End >> 2020-10-01 08:22:00.913868

5sgufdkj5md >> Start >> 2020-10-01 08:22:37.890239

5sgufdkj5md >> Image Returned >> 2020-10-01 08:22:37.893080

5sgufdkj5md >> End >> 2020-10-01 08:22:38.054244

vm43q6yeow2 >> Start >> 2020-10-01 08:22:50.344252

vm43q6yeow2 >> Image Returned >> 2020-10-01 08:22:50.347451

vm43q6yeow2 >> End >> 2020-10-01 08:22:50.510955

d5vvuzeiqbd >> Start >> 2020-10-01 08:26:58.232639

d5vvuzeiqbd >> Image Returned >> 2020-10-01 08:26:58.235903

d5vvuzeiqbd >> End >> 2020-10-01 08:26:58.405585

3d6y2rc6njd >> Start >> 2020-10-01 08:27:27.164855

3d6y2rc6njd >> Image Returned >> 2020-10-01 08:27:27.168842

3d6y2rc6njd >> End >> 2020-10-01 08:27:27.324994

qz7ye7juyxt >> Start >> 2020-10-01 08:27:34.961184

qz7ye7juyxt >> Image Returned >> 2020-10-01 08:27:34.961600

qz7ye7juyxt >> End >> 2020-10-01 08:27:35.127830

vtev6sao5d7 >> Start >> 2020-10-01 08:29:39.563368

vtev6sao5d7 >> Image Returned >> 2020-10-01 08:29:39.566131

vtev6sao5d7 >> End >> 2020-10-01 08:29:39.722126

y7ngds34bqg >> Start >> 2020-10-01 08:33:39.133733

y7ngds34bqg >> Image Returned >> 2020-10-01 08:33:39.136436

y7ngds34bqg >> End >> 2020-10-01 08:33:39.298767

4t6evj84uw8 >> Start >> 2020-10-01 08:33:57.219963

4t6evj84uw8 >> Image Returned >> 2020-10-01 08:33:57.222672

4t6evj84uw8 >> End >> 2020-10-01 08:33:57.377952

tuenafnverm >> Start >> 2020-10-01 08:36:59.129280

tuenafnverm >> Image Returned >> 2020-10-01 08:36:59.132172

tuenafnverm >> End >> 2020-10-01 08:36:59.293519

nw37ot4b0a4 >> Start >> 2020-10-01 08:38:09.023535

nw37ot4b0a4 >> Image Returned >> 2020-10-01 08:38:09.026488

nw37ot4b0a4 >> End >> 2020-10-01 08:38:09.200238

g4gn0vesm6d >> Start >> 2020-10-01 08:38:35.848447

g4gn0vesm6d >> Image Returned >> 2020-10-01 08:38:35.851196

g4gn0vesm6d >> End >> 2020-10-01 08:38:36.018454

a5a8wzpheep >> Start >> 2020-10-01 08:39:23.242568

a5a8wzpheep >> Image Returned >> 2020-10-01 08:39:23.245415

a5a8wzpheep >> End >> 2020-10-01 08:39:23.407511

t0bx73yhgc4 >> Start >> 2020-10-01 08:44:07.887123

t0bx73yhgc4 >> Image Returned >> 2020-10-01 08:44:07.890481

t0bx73yhgc4 >> End >> 2020-10-01 08:44:08.059967

0xtm7ok62ba >> Start >> 2020-10-01 08:51:04.693502

0xtm7ok62ba >> Image Returned >> 2020-10-01 08:51:04.697035

0xtm7ok62ba >> End >> 2020-10-01 08:51:04.875232

wsnzynr2g3s >> Start >> 2020-10-01 08:52:58.867294

wsnzynr2g3s >> Image Returned >> 2020-10-01 08:52:58.871783

wsnzynr2g3s >> End >> 2020-10-01 08:52:59.045985

ymaup47spca >> Start >> 2020-10-01 08:54:46.416810

ymaup47spca >> Image Returned >> 2020-10-01 08:54:46.419586

ymaup47spca >> End >> 2020-10-01 08:54:46.588715

ke0ccg5knhu >> Start >> 2020-10-01 08:56:20.094750

ke0ccg5knhu >> Image Returned >> 2020-10-01 08:56:20.097573

ke0ccg5knhu >> End >> 2020-10-01 08:56:20.263240

8xuu5yjszkz >> Start >> 2020-10-01 08:57:33.109745

8xuu5yjszkz >> Image Returned >> 2020-10-01 08:57:33.112456

8xuu5yjszkz >> End >> 2020-10-01 08:57:33.278122

wtvs4hqhojd >> Start >> 2020-10-01 08:58:55.372193

wtvs4hqhojd >> Image Returned >> 2020-10-01 08:58:55.375502

wtvs4hqhojd >> End >> 2020-10-01 08:58:55.569746

4dj3fuy7bih >> Start >> 2020-10-01 08:59:23.448700

4dj3fuy7bih >> Image Returned >> 2020-10-01 08:59:23.451456

4dj3fuy7bih >> End >> 2020-10-01 08:59:23.614173

qmjjufuypxk >> Start >> 2020-10-01 09:01:00.321609

qmjjufuypxk >> Image Returned >> 2020-10-01 09:01:00.324593

qmjjufuypxk >> End >> 2020-10-01 09:01:00.482043

zhi3xizpi7p >> Start >> 2020-10-01 09:11:48.799690

zhi3xizpi7p >> Image Returned >> 2020-10-01 09:11:48.802994

zhi3xizpi7p >> End >> 2020-10-01 09:11:48.961047

6ct4xgmnyr8 >> Start >> 2020-10-01 09:11:56.349185

6ct4xgmnyr8 >> Image Returned >> 2020-10-01 09:11:56.349481

6ct4xgmnyr8 >> End >> 2020-10-01 09:11:56.504978

f74tag7j25g >> Start >> 2020-10-01 09:25:33.819317

f74tag7j25g >> Image Returned >> 2020-10-01 09:25:33.822130

f74tag7j25g >> End >> 2020-10-01 09:25:34.004564

q3k4tqdx64x >> Start >> 2020-10-01 09:26:29.097975

q3k4tqdx64x >> Image Returned >> 2020-10-01 09:26:29.101937

q3k4tqdx64x >> End >> 2020-10-01 09:26:29.306855

0xhzxyp8e7y >> Start >> 2020-10-01 09:31:14.853563

0xhzxyp8e7y >> Image Returned >> 2020-10-01 09:31:14.856575

0xhzxyp8e7y >> End >> 2020-10-01 09:31:15.024370

hjem5ztt7hb >> Start >> 2020-10-01 09:35:32.026108

hjem5ztt7hb >> Image Returned >> 2020-10-01 09:35:32.028934

hjem5ztt7hb >> End >> 2020-10-01 09:35:32.202430

8yzyfidvzuq >> Start >> 2020-10-01 09:39:12.069953

8yzyfidvzuq >> Image Returned >> 2020-10-01 09:39:12.072904

8yzyfidvzuq >> End >> 2020-10-01 09:39:12.283987

nta3oo820u4 >> Start >> 2020-10-01 09:49:04.090728

nta3oo820u4 >> Image Returned >> 2020-10-01 09:49:04.093717

nta3oo820u4 >> End >> 2020-10-01 09:49:04.349905

acyp5axwrtr >> Start >> 2020-10-01 09:51:38.644893

acyp5axwrtr >> Image Returned >> 2020-10-01 09:51:38.648241

acyp5axwrtr >> End >> 2020-10-01 09:51:38.807300

35yxtk6q0es >> Start >> 2020-10-01 09:53:59.450005

35yxtk6q0es >> Image Returned >> 2020-10-01 09:53:59.452863

35yxtk6q0es >> End >> 2020-10-01 09:53:59.620814

c67e7xhmbuu >> Start >> 2020-10-01 10:03:21.020809

c67e7xhmbuu >> Image Returned >> 2020-10-01 10:03:21.024636

c67e7xhmbuu >> End >> 2020-10-01 10:03:21.186816

0to7imnjhm0 >> Start >> 2020-10-01 10:03:50.710220

0to7imnjhm0 >> Image Returned >> 2020-10-01 10:03:50.713411

0to7imnjhm0 >> End >> 2020-10-01 10:03:50.888396

twjjimq0tzb >> Start >> 2020-10-01 10:05:28.233711

twjjimq0tzb >> Image Returned >> 2020-10-01 10:05:28.236545

twjjimq0tzb >> End >> 2020-10-01 10:05:28.399591

zfb30k77rp0 >> Start >> 2020-10-01 10:06:01.283582

zfb30k77rp0 >> Image Returned >> 2020-10-01 10:06:01.286849

zfb30k77rp0 >> End >> 2020-10-01 10:06:01.445910

h4puzfkpbow >> Start >> 2020-10-01 10:07:45.467371

h4puzfkpbow >> Image Returned >> 2020-10-01 10:07:45.470113

h4puzfkpbow >> End >> 2020-10-01 10:07:45.646295

uj0tufjjq8j >> Start >> 2020-10-01 10:07:55.667649

uj0tufjjq8j >> Image Returned >> 2020-10-01 10:07:55.667952

uj0tufjjq8j >> End >> 2020-10-01 10:07:55.846940

k6cw5ijjcj5 >> Start >> 2020-10-01 10:10:54.804341

k6cw5ijjcj5 >> Image Returned >> 2020-10-01 10:10:54.808612

k6cw5ijjcj5 >> End >> 2020-10-01 10:10:54.973257

pi6nwkvfrxt >> Start >> 2020-10-01 10:11:25.348500

pi6nwkvfrxt >> Image Returned >> 2020-10-01 10:11:25.352991

pi6nwkvfrxt >> End >> 2020-10-01 10:11:25.533549

xoxq0c52fj7 >> Start >> 2020-10-01 10:14:57.934400

xoxq0c52fj7 >> Image Returned >> 2020-10-01 10:14:57.937690

xoxq0c52fj7 >> End >> 2020-10-01 10:14:58.110397

puh3i5wv2ga >> Start >> 2020-10-01 10:16:47.907800

puh3i5wv2ga >> Image Returned >> 2020-10-01 10:16:47.910540

puh3i5wv2ga >> End >> 2020-10-01 10:16:48.074959

cp0izgorka4 >> Start >> 2020-10-01 10:17:00.564898

cp0izgorka4 >> Image Returned >> 2020-10-01 10:17:00.567925

cp0izgorka4 >> End >> 2020-10-01 10:17:00.723303

tncor6iikkz >> Start >> 2020-10-01 10:17:01.676052

tncor6iikkz >> Image Returned >> 2020-10-01 10:17:01.676323

tncor6iikkz >> End >> 2020-10-01 10:17:01.836905

a34k868w5x6 >> Start >> 2020-10-01 10:17:21.283699

a34k868w5x6 >> Image Returned >> 2020-10-01 10:17:21.286437

a34k868w5x6 >> End >> 2020-10-01 10:17:21.454480

gjm5gjnsdsq >> Start >> 2020-10-01 10:23:25.532125

gjm5gjnsdsq >> Image Returned >> 2020-10-01 10:23:25.535227

gjm5gjnsdsq >> End >> 2020-10-01 10:23:25.705256

eyvsu2g6e3a >> Start >> 2020-10-01 10:23:57.420672

eyvsu2g6e3a >> Image Returned >> 2020-10-01 10:23:57.423652

eyvsu2g6e3a >> End >> 2020-10-01 10:23:57.590544

7tv4oiiqd4r >> Start >> 2020-10-01 10:24:10.813041

7tv4oiiqd4r >> Image Returned >> 2020-10-01 10:24:10.815716

7tv4oiiqd4r >> End >> 2020-10-01 10:24:10.974252

rnm2fbygypk >> Start >> 2020-10-01 10:24:29.857228

rnm2fbygypk >> Image Returned >> 2020-10-01 10:24:29.860029

rnm2fbygypk >> End >> 2020-10-01 10:24:30.020684

cwicqr3z4jp >> Start >> 2020-10-01 10:27:30.106559

cwicqr3z4jp >> Image Returned >> 2020-10-01 10:27:30.109345

cwicqr3z4jp >> End >> 2020-10-01 10:27:30.232805

ytvd0adq8wh >> Start >> 2020-10-01 10:28:13.104135

ytvd0adq8wh >> Image Returned >> 2020-10-01 10:28:13.106859

ytvd0adq8wh >> End >> 2020-10-01 10:28:13.273204

n02mp78ckao >> Start >> 2020-10-01 10:28:25.084531

n02mp78ckao >> Image Returned >> 2020-10-01 10:28:25.087192

n02mp78ckao >> End >> 2020-10-01 10:28:25.250777

55gidxr0n67 >> Start >> 2020-10-01 10:28:42.463805

55gidxr0n67 >> Image Returned >> 2020-10-01 10:28:42.466574

55gidxr0n67 >> End >> 2020-10-01 10:28:42.644282

7miimt2wdud >> Start >> 2020-10-01 10:29:56.507637

7miimt2wdud >> Image Returned >> 2020-10-01 10:29:56.510760

7miimt2wdud >> End >> 2020-10-01 10:29:56.677654

czhoztogbn7 >> Start >> 2020-10-01 10:33:22.576097

czhoztogbn7 >> Image Returned >> 2020-10-01 10:33:22.578860

czhoztogbn7 >> End >> 2020-10-01 10:33:22.736001

ikugrddkdrw >> Start >> 2020-10-01 10:35:57.736152

ikugrddkdrw >> Image Returned >> 2020-10-01 10:35:57.739489

ikugrddkdrw >> End >> 2020-10-01 10:35:57.908665

5wtqdjt7pmw >> Start >> 2020-10-01 10:37:24.147202

5wtqdjt7pmw >> Image Returned >> 2020-10-01 10:37:24.149903

5wtqdjt7pmw >> End >> 2020-10-01 10:37:24.309092

z324dqu4kpv >> Start >> 2020-10-01 10:42:05.941975

z324dqu4kpv >> Image Returned >> 2020-10-01 10:42:05.945375

z324dqu4kpv >> End >> 2020-10-01 10:42:06.108144

vcmfgeqhgra >> Start >> 2020-10-01 10:43:24.588758

vcmfgeqhgra >> Image Returned >> 2020-10-01 10:43:24.591769

vcmfgeqhgra >> End >> 2020-10-01 10:43:24.756659

hfibdift0ng >> Start >> 2020-10-01 10:46:06.182329

hfibdift0ng >> Image Returned >> 2020-10-01 10:46:06.185133

hfibdift0ng >> End >> 2020-10-01 10:46:06.347996

agu8teaek7r >> Start >> 2020-10-01 10:47:05.242930

agu8teaek7r >> Image Returned >> 2020-10-01 10:47:05.246083

agu8teaek7r >> End >> 2020-10-01 10:47:05.422843

kxrfmxdbvwr >> Start >> 2020-10-01 10:49:48.868772

kxrfmxdbvwr >> Image Returned >> 2020-10-01 10:49:48.871576

kxrfmxdbvwr >> End >> 2020-10-01 10:49:49.051081

ahfjga8nofc >> Start >> 2020-10-01 10:52:02.690551

ahfjga8nofc >> Image Returned >> 2020-10-01 10:52:02.693779

ahfjga8nofc >> End >> 2020-10-01 10:52:02.869834

k7q037psfe6 >> Start >> 2020-10-01 10:53:04.372157

k7q037psfe6 >> Image Returned >> 2020-10-01 10:53:04.375247

k7q037psfe6 >> End >> 2020-10-01 10:53:04.543414

q5jxmm5g44y >> Start >> 2020-10-01 10:53:28.909807

q5jxmm5g44y >> Image Returned >> 2020-10-01 10:53:28.912516

q5jxmm5g44y >> End >> 2020-10-01 10:53:29.090064

kifun7gjz6b >> Start >> 2020-10-01 10:53:39.310734

kifun7gjz6b >> Image Returned >> 2020-10-01 10:53:39.311036

kifun7gjz6b >> End >> 2020-10-01 10:53:39.493916

q6s20upwmsg >> Start >> 2020-10-01 10:53:43.847295

q6s20upwmsg >> Image Returned >> 2020-10-01 10:53:43.847634

q6s20upwmsg >> End >> 2020-10-01 10:53:44.003550

aq4fd6hr57e >> Start >> 2020-10-01 10:54:03.983524

aq4fd6hr57e >> Image Returned >> 2020-10-01 10:54:03.986684

aq4fd6hr57e >> End >> 2020-10-01 10:54:04.162580

zxdizeqbhxe >> Start >> 2020-10-01 10:54:29.606508

zxdizeqbhxe >> Image Returned >> 2020-10-01 10:54:29.610162

zxdizeqbhxe >> End >> 2020-10-01 10:54:29.782099

sq8snibpxag >> Start >> 2020-10-01 11:01:17.600263

sq8snibpxag >> Image Returned >> 2020-10-01 11:01:17.603022

sq8snibpxag >> End >> 2020-10-01 11:01:17.777868

j6o0jie08wu >> Start >> 2020-10-01 11:03:00.179794

j6o0jie08wu >> Image Returned >> 2020-10-01 11:03:00.182838

j6o0jie08wu >> End >> 2020-10-01 11:03:00.347110

zh57dpycdbx >> Start >> 2020-10-01 11:04:06.062227

zh57dpycdbx >> Image Returned >> 2020-10-01 11:04:06.065553

zh57dpycdbx >> End >> 2020-10-01 11:04:06.239090

q5zdtmufy62 >> Start >> 2020-10-01 11:10:32.608833

q5zdtmufy62 >> Image Returned >> 2020-10-01 11:10:32.613044

q5zdtmufy62 >> End >> 2020-10-01 11:10:32.779048

kpvky3kqo4t >> Start >> 2020-10-01 11:10:49.564726

kpvky3kqo4t >> Image Returned >> 2020-10-01 11:10:49.567450

kpvky3kqo4t >> End >> 2020-10-01 11:10:49.746191

vnwmkzkrr7a >> Start >> 2020-10-01 11:14:43.311330

vnwmkzkrr7a >> Image Returned >> 2020-10-01 11:14:43.314047

vnwmkzkrr7a >> End >> 2020-10-01 11:14:43.511502

2qm7hrsddak >> Start >> 2020-10-01 11:15:17.451488

2qm7hrsddak >> Image Returned >> 2020-10-01 11:15:17.454505

2qm7hrsddak >> End >> 2020-10-01 11:15:17.622483

t5anucvrkvh >> Start >> 2020-10-01 11:16:15.688020

t5anucvrkvh >> Image Returned >> 2020-10-01 11:16:15.690946

t5anucvrkvh >> End >> 2020-10-01 11:16:15.854953

gsfr5yfcvfk >> Start >> 2020-10-01 11:16:19.307929

gsfr5yfcvfk >> Image Returned >> 2020-10-01 11:16:19.308208

gsfr5yfcvfk >> End >> 2020-10-01 11:16:19.462737

mttdky8wbaa >> Start >> 2020-10-01 11:16:43.907896

mttdky8wbaa >> Image Returned >> 2020-10-01 11:16:43.910686

mttdky8wbaa >> End >> 2020-10-01 11:16:44.071602

267qzmsxiun >> Start >> 2020-10-01 11:17:35.963306

267qzmsxiun >> Image Returned >> 2020-10-01 11:17:35.966037

267qzmsxiun >> End >> 2020-10-01 11:17:36.126945

206xhnuhm5t >> Start >> 2020-10-01 11:19:46.879010

206xhnuhm5t >> Image Returned >> 2020-10-01 11:19:46.881711

206xhnuhm5t >> End >> 2020-10-01 11:19:47.049510

3rtjp8bfzgh >> Start >> 2020-10-01 11:20:19.042397

3rtjp8bfzgh >> Image Returned >> 2020-10-01 11:20:19.045552

3rtjp8bfzgh >> End >> 2020-10-01 11:20:19.217998

gwai7vafwz5 >> Start >> 2020-10-01 11:20:28.162682

gwai7vafwz5 >> Image Returned >> 2020-10-01 11:20:28.162980

gwai7vafwz5 >> End >> 2020-10-01 11:20:28.338593

86so0nkuhrr >> Start >> 2020-10-01 11:25:29.730576

86so0nkuhrr >> Image Returned >> 2020-10-01 11:25:29.734534

86so0nkuhrr >> End >> 2020-10-01 11:25:29.894634

z3zd86dmhw7 >> Start >> 2020-10-01 11:27:24.412372

z3zd86dmhw7 >> Image Returned >> 2020-10-01 11:27:24.415163

z3zd86dmhw7 >> End >> 2020-10-01 11:27:24.591095

p0hotcs8gds >> Start >> 2020-10-01 11:29:55.144721

p0hotcs8gds >> Image Returned >> 2020-10-01 11:29:55.147870

p0hotcs8gds >> End >> 2020-10-01 11:29:55.311311

7dvmyxjyub6 >> Start >> 2020-10-01 11:30:07.798485

7dvmyxjyub6 >> Image Returned >> 2020-10-01 11:30:07.801284

7dvmyxjyub6 >> End >> 2020-10-01 11:30:07.969230

3sykn4quz4n >> Start >> 2020-10-01 11:30:48.295579

3sykn4quz4n >> Image Returned >> 2020-10-01 11:30:48.298513

3sykn4quz4n >> End >> 2020-10-01 11:30:48.460279

kcdswukb3de >> Start >> 2020-10-01 11:33:04.750919

kcdswukb3de >> Image Returned >> 2020-10-01 11:33:04.753762

kcdswukb3de >> End >> 2020-10-01 11:33:04.921679

pmvmmwisfny >> Start >> 2020-10-01 11:38:13.809571

pmvmmwisfny >> Image Returned >> 2020-10-01 11:38:13.812385

pmvmmwisfny >> End >> 2020-10-01 11:38:13.975195

b6m8pzpc5qi >> Start >> 2020-10-01 11:40:46.891398

b6m8pzpc5qi >> Image Returned >> 2020-10-01 11:40:46.894984

b6m8pzpc5qi >> End >> 2020-10-01 11:40:47.054954

8srze7ad3uz >> Start >> 2020-10-01 11:44:59.047362

8srze7ad3uz >> Image Returned >> 2020-10-01 11:44:59.050772

8srze7ad3uz >> End >> 2020-10-01 11:44:59.207209

bqwe4okv24j >> Start >> 2020-10-01 11:46:06.058763

bqwe4okv24j >> Image Returned >> 2020-10-01 11:46:06.061528

bqwe4okv24j >> End >> 2020-10-01 11:46:06.229768

zf2d7ny650g >> Start >> 2020-10-01 11:47:53.265928

zf2d7ny650g >> Image Returned >> 2020-10-01 11:47:53.268670

zf2d7ny650g >> End >> 2020-10-01 11:47:53.433125

ihouqmke3nm >> Start >> 2020-10-01 11:48:54.074404

ihouqmke3nm >> Image Returned >> 2020-10-01 11:48:54.077254

ihouqmke3nm >> End >> 2020-10-01 11:48:54.238785

p5irv0c7pdp >> Start >> 2020-10-01 11:50:13.795444

p5irv0c7pdp >> Image Returned >> 2020-10-01 11:50:13.799922

p5irv0c7pdp >> End >> 2020-10-01 11:50:13.971410

if3o2puznet >> Start >> 2020-10-01 11:51:59.712162

if3o2puznet >> Image Returned >> 2020-10-01 11:51:59.715619

if3o2puznet >> End >> 2020-10-01 11:51:59.879237

assvqe06urc >> Start >> 2020-10-01 11:54:44.002598

assvqe06urc >> Image Returned >> 2020-10-01 11:54:44.005862

assvqe06urc >> End >> 2020-10-01 11:54:44.198863

3agpeino83i >> Start >> 2020-10-01 11:55:41.969234

3agpeino83i >> Image Returned >> 2020-10-01 11:55:41.972409

3agpeino83i >> End >> 2020-10-01 11:55:42.131201

jjt2qxstst0 >> Start >> 2020-10-01 11:58:03.086236

jjt2qxstst0 >> Image Returned >> 2020-10-01 11:58:03.089276

jjt2qxstst0 >> End >> 2020-10-01 11:58:03.254122

z45w4t7j5tx >> Start >> 2020-10-01 11:59:19.229809

z45w4t7j5tx >> Image Returned >> 2020-10-01 11:59:19.233010

z45w4t7j5tx >> End >> 2020-10-01 11:59:19.388938

dckha03eqom >> Start >> 2020-10-01 11:59:38.888710

dckha03eqom >> Image Returned >> 2020-10-01 11:59:38.891500

dckha03eqom >> End >> 2020-10-01 11:59:39.049093

xdmosq8bmmq >> Start >> 2020-10-01 12:02:47.455292

xdmosq8bmmq >> Image Returned >> 2020-10-01 12:02:47.458103

xdmosq8bmmq >> End >> 2020-10-01 12:02:47.620989

mhh08mu7830 >> Start >> 2020-10-01 12:02:52.829243

mhh08mu7830 >> Image Returned >> 2020-10-01 12:02:52.829529

mhh08mu7830 >> End >> 2020-10-01 12:02:52.986996

4rt8xrd5rav >> Start >> 2020-10-01 12:04:46.068437

4rt8xrd5rav >> Image Returned >> 2020-10-01 12:04:46.071868

4rt8xrd5rav >> End >> 2020-10-01 12:04:46.227901

aaewg3627rn >> Start >> 2020-10-01 12:06:38.662425

aaewg3627rn >> Image Returned >> 2020-10-01 12:06:38.665368

aaewg3627rn >> End >> 2020-10-01 12:06:38.843643

6guw4fbwgkh >> Start >> 2020-10-01 12:07:49.882570

6guw4fbwgkh >> Image Returned >> 2020-10-01 12:07:49.885334

6guw4fbwgkh >> End >> 2020-10-01 12:07:50.042236

v2pgenwyh67 >> Start >> 2020-10-01 12:08:24.341701

v2pgenwyh67 >> Image Returned >> 2020-10-01 12:08:24.344613

v2pgenwyh67 >> End >> 2020-10-01 12:08:24.502398

wy0mkkmje7m >> Start >> 2020-10-01 12:11:41.981523

wy0mkkmje7m >> Image Returned >> 2020-10-01 12:11:41.985421

wy0mkkmje7m >> End >> 2020-10-01 12:11:42.164511

e0kmyn3kvyb >> Start >> 2020-10-01 12:14:35.736205

e0kmyn3kvyb >> Image Returned >> 2020-10-01 12:14:35.739036

e0kmyn3kvyb >> End >> 2020-10-01 12:14:35.898833

60yyoyipyzo >> Start >> 2020-10-01 12:14:55.546578

60yyoyipyzo >> Image Returned >> 2020-10-01 12:14:55.549515

60yyoyipyzo >> End >> 2020-10-01 12:14:55.714124

unm7cjuce2e >> Start >> 2020-10-01 12:15:06.812666

unm7cjuce2e >> Image Returned >> 2020-10-01 12:15:06.812968

k2u7zerqxb3 >> Start >> 2020-10-01 12:15:06.816121

k2u7zerqxb3 >> Image Returned >> 2020-10-01 12:15:06.818839

unm7cjuce2e >> End >> 2020-10-01 12:15:06.933696

k2u7zerqxb3 >> End >> 2020-10-01 12:15:06.988046

8wfo6b574dv >> Start >> 2020-10-01 12:15:22.489989

8wfo6b574dv >> Image Returned >> 2020-10-01 12:15:22.492856

8wfo6b574dv >> End >> 2020-10-01 12:15:22.655277

vkg6bqsd2gy >> Start >> 2020-10-01 12:17:31.128997

vkg6bqsd2gy >> Image Returned >> 2020-10-01 12:17:31.132142

vkg6bqsd2gy >> End >> 2020-10-01 12:17:31.299098

8cubhpsbyqj >> Start >> 2020-10-01 12:17:46.751862

8cubhpsbyqj >> Image Returned >> 2020-10-01 12:17:46.754611

8cubhpsbyqj >> End >> 2020-10-01 12:17:46.913013

pbn5pwmedxi >> Start >> 2020-10-01 12:23:16.084304

pbn5pwmedxi >> Image Returned >> 2020-10-01 12:23:16.087394

pbn5pwmedxi >> End >> 2020-10-01 12:23:16.256237

gwh4f44xwxs >> Start >> 2020-10-01 12:23:45.539567

gwh4f44xwxs >> Image Returned >> 2020-10-01 12:23:45.542433

gwh4f44xwxs >> End >> 2020-10-01 12:23:45.711957

vpsi0ynsoan >> Start >> 2020-10-01 12:26:05.415376

vpsi0ynsoan >> Image Returned >> 2020-10-01 12:26:05.418798

vpsi0ynsoan >> End >> 2020-10-01 12:26:05.608841

dsf3za5eocq >> Start >> 2020-10-01 12:28:27.256467

dsf3za5eocq >> Image Returned >> 2020-10-01 12:28:27.259257

dsf3za5eocq >> End >> 2020-10-01 12:28:27.420146

53ujbyovyfd >> Start >> 2020-10-01 12:29:32.661717

53ujbyovyfd >> Image Returned >> 2020-10-01 12:29:32.664489

53ujbyovyfd >> End >> 2020-10-01 12:29:32.830769

fakahs57c3p >> Start >> 2020-10-01 12:30:18.049848

fakahs57c3p >> Image Returned >> 2020-10-01 12:30:18.054001

fakahs57c3p >> End >> 2020-10-01 12:30:18.216186

jbkich7eyq0 >> Start >> 2020-10-01 12:32:32.298527

jbkich7eyq0 >> Image Returned >> 2020-10-01 12:32:32.301426

jbkich7eyq0 >> End >> 2020-10-01 12:32:32.460928

esi60h67smg >> Start >> 2020-10-01 12:35:12.985462

esi60h67smg >> Image Returned >> 2020-10-01 12:35:12.988727

esi60h67smg >> End >> 2020-10-01 12:35:13.159254

mxrgd0z3mvt >> Start >> 2020-10-01 12:39:38.756550

mxrgd0z3mvt >> Image Returned >> 2020-10-01 12:39:38.759341

mxrgd0z3mvt >> End >> 2020-10-01 12:39:38.938559

ztfpxcvwfzr >> Start >> 2020-10-01 12:40:16.800349

ztfpxcvwfzr >> Image Returned >> 2020-10-01 12:40:16.803242

ztfpxcvwfzr >> End >> 2020-10-01 12:40:16.971103

t3q5oyjboyt >> Start >> 2020-10-01 12:43:23.241389

t3q5oyjboyt >> Image Returned >> 2020-10-01 12:43:23.244427

t3q5oyjboyt >> End >> 2020-10-01 12:43:23.415251

0a3bnivovk6 >> Start >> 2020-10-01 12:43:37.217762

0a3bnivovk6 >> Image Returned >> 2020-10-01 12:43:37.220731

0a3bnivovk6 >> End >> 2020-10-01 12:43:37.388557

3rujfrw4bgr >> Start >> 2020-10-01 12:46:35.294822

3rujfrw4bgr >> Image Returned >> 2020-10-01 12:46:35.297601

3rujfrw4bgr >> End >> 2020-10-01 12:46:35.458283

88ppmga6p36 >> Start >> 2020-10-01 12:52:48.007409

88ppmga6p36 >> Image Returned >> 2020-10-01 12:52:48.010462

88ppmga6p36 >> End >> 2020-10-01 12:52:48.206165

ppeg8x4y4is >> Start >> 2020-10-01 12:59:59.640505

ppeg8x4y4is >> Image Returned >> 2020-10-01 12:59:59.643971

ppeg8x4y4is >> End >> 2020-10-01 12:59:59.805638

3p75uuxoxvv >> Start >> 2020-10-01 13:04:17.388993

3p75uuxoxvv >> Image Returned >> 2020-10-01 13:04:17.392210

3p75uuxoxvv >> End >> 2020-10-01 13:04:17.551589

oxwzjx0dg5e >> Start >> 2020-10-01 13:04:20.920907

oxwzjx0dg5e >> Image Returned >> 2020-10-01 13:04:20.921185

oxwzjx0dg5e >> End >> 2020-10-01 13:04:21.095937

v2bwmiudtt6 >> Start >> 2020-10-01 13:07:49.997431

v2bwmiudtt6 >> Image Returned >> 2020-10-01 13:07:50.000374

v2bwmiudtt6 >> End >> 2020-10-01 13:07:50.195199

qanapna55tk >> Start >> 2020-10-01 13:08:20.961528

qanapna55tk >> Image Returned >> 2020-10-01 13:08:20.964818

qanapna55tk >> End >> 2020-10-01 13:08:21.135432

r8qr50odasm >> Start >> 2020-10-01 13:14:48.604588

r8qr50odasm >> Image Returned >> 2020-10-01 13:14:48.607610

r8qr50odasm >> End >> 2020-10-01 13:14:48.770920

koxb6ofrb4x >> Start >> 2020-10-01 13:23:31.800571

koxb6ofrb4x >> Image Returned >> 2020-10-01 13:23:31.803638

koxb6ofrb4x >> End >> 2020-10-01 13:23:31.969115

fisoc2v762s >> Start >> 2020-10-01 13:24:04.095268

fisoc2v762s >> Image Returned >> 2020-10-01 13:24:04.098138

fisoc2v762s >> End >> 2020-10-01 13:24:04.255636

d3hhhi5u7t6 >> Start >> 2020-10-01 13:31:53.910017

d3hhhi5u7t6 >> Image Returned >> 2020-10-01 13:31:53.914026

d3hhhi5u7t6 >> End >> 2020-10-01 13:31:54.078371

qe2f0z2vdys >> Start >> 2020-10-01 13:34:08.290488

qe2f0z2vdys >> Image Returned >> 2020-10-01 13:34:08.294773

qe2f0z2vdys >> End >> 2020-10-01 13:34:08.453085

5wd56tfh2da >> Start >> 2020-10-01 13:34:14.276278

5wd56tfh2da >> Image Returned >> 2020-10-01 13:34:14.276566

5wd56tfh2da >> End >> 2020-10-01 13:34:14.438926

i7bt267guu5 >> Start >> 2020-10-01 13:34:40.556216

i7bt267guu5 >> Image Returned >> 2020-10-01 13:34:40.559421

i7bt267guu5 >> End >> 2020-10-01 13:34:40.722230

4dyzxrbqmj8 >> Start >> 2020-10-01 13:35:20.234579

4dyzxrbqmj8 >> Image Returned >> 2020-10-01 13:35:20.238286

4dyzxrbqmj8 >> End >> 2020-10-01 13:35:20.443643

np2rjrcy4qp >> Start >> 2020-10-01 13:38:55.346494

np2rjrcy4qp >> Image Returned >> 2020-10-01 13:38:55.349613

np2rjrcy4qp >> End >> 2020-10-01 13:38:55.532800

ei2ts7amah8 >> Start >> 2020-10-01 13:40:45.162602

ei2ts7amah8 >> Image Returned >> 2020-10-01 13:40:45.166048

ei2ts7amah8 >> End >> 2020-10-01 13:40:45.351517

krjeaenvyqw >> Start >> 2020-10-01 13:41:28.643187

krjeaenvyqw >> Image Returned >> 2020-10-01 13:41:28.646083

krjeaenvyqw >> End >> 2020-10-01 13:41:28.807329

gyfgfsuye3c >> Start >> 2020-10-01 13:48:10.053265

gyfgfsuye3c >> Image Returned >> 2020-10-01 13:48:10.056551

gyfgfsuye3c >> End >> 2020-10-01 13:48:10.221472

pfk04pktpbn >> Start >> 2020-10-01 13:50:35.180293

pfk04pktpbn >> Image Returned >> 2020-10-01 13:50:35.183168

pfk04pktpbn >> End >> 2020-10-01 13:50:35.341749

7h3nywe2iph >> Start >> 2020-10-01 13:50:51.781724

7h3nywe2iph >> Image Returned >> 2020-10-01 13:50:51.784543

7h3nywe2iph >> End >> 2020-10-01 13:50:51.944171

aidhet5w52f >> Start >> 2020-10-01 13:52:02.514925

aidhet5w52f >> Image Returned >> 2020-10-01 13:52:02.518162

aidhet5w52f >> End >> 2020-10-01 13:52:02.680602

cqro2b6yxy0 >> Start >> 2020-10-01 13:52:08.498909

cqro2b6yxy0 >> Image Returned >> 2020-10-01 13:52:08.499201

cqro2b6yxy0 >> End >> 2020-10-01 13:52:08.672935

nvacj3jdan5 >> Start >> 2020-10-01 13:54:23.031188

nvacj3jdan5 >> Image Returned >> 2020-10-01 13:54:23.034301

nvacj3jdan5 >> End >> 2020-10-01 13:54:23.194231

85wjxy4twm2 >> Start >> 2020-10-01 13:56:17.105952

85wjxy4twm2 >> Image Returned >> 2020-10-01 13:56:17.109133

85wjxy4twm2 >> End >> 2020-10-01 13:56:17.275401

0nxnpsf7seh >> Start >> 2020-10-01 13:56:18.662273

0nxnpsf7seh >> Image Returned >> 2020-10-01 13:56:18.662554

0nxnpsf7seh >> End >> 2020-10-01 13:56:18.820241

yazihxtja0n >> Start >> 2020-10-01 13:57:59.724078

yazihxtja0n >> Image Returned >> 2020-10-01 13:57:59.727906

yazihxtja0n >> End >> 2020-10-01 13:57:59.890408

oismbp7cq0t >> Start >> 2020-10-01 13:58:53.845148

oismbp7cq0t >> Image Returned >> 2020-10-01 13:58:53.847995

oismbp7cq0t >> End >> 2020-10-01 13:58:54.010426

vkr7z2pr6pn >> Start >> 2020-10-01 14:00:12.457856

vkr7z2pr6pn >> Image Returned >> 2020-10-01 14:00:12.460686

vkr7z2pr6pn >> End >> 2020-10-01 14:00:12.626785

aik68c4ewfi >> Start >> 2020-10-01 14:02:11.571139

aik68c4ewfi >> Image Returned >> 2020-10-01 14:02:11.574048

aik68c4ewfi >> End >> 2020-10-01 14:02:11.783582

xxqy8gs734k >> Start >> 2020-10-01 14:03:13.302994

xxqy8gs734k >> Image Returned >> 2020-10-01 14:03:13.306216

xxqy8gs734k >> End >> 2020-10-01 14:03:13.473084

tyx6kcp20hg >> Start >> 2020-10-01 14:05:41.160264

tyx6kcp20hg >> Image Returned >> 2020-10-01 14:05:41.163810

tyx6kcp20hg >> End >> 2020-10-01 14:05:41.331207

arf2pknbodo >> Start >> 2020-10-01 14:06:50.107846

arf2pknbodo >> Image Returned >> 2020-10-01 14:06:50.110620

arf2pknbodo >> End >> 2020-10-01 14:06:50.277770

u6dr8u7f3iy >> Start >> 2020-10-01 14:09:10.503901

u6dr8u7f3iy >> Image Returned >> 2020-10-01 14:09:10.506673

u6dr8u7f3iy >> End >> 2020-10-01 14:09:10.676222

htoh4txt4yb >> Start >> 2020-10-01 14:12:21.567136

htoh4txt4yb >> Image Returned >> 2020-10-01 14:12:21.570595

htoh4txt4yb >> End >> 2020-10-01 14:12:21.738836

ov2yz04ehww >> Start >> 2020-10-01 14:14:51.631453

ov2yz04ehww >> Image Returned >> 2020-10-01 14:14:51.634845

ov2yz04ehww >> End >> 2020-10-01 14:14:51.796154

peyfsdpw3vc >> Start >> 2020-10-01 14:17:03.504173

peyfsdpw3vc >> Image Returned >> 2020-10-01 14:17:03.507323

peyfsdpw3vc >> End >> 2020-10-01 14:17:03.670758

rdsbqhcnm2y >> Start >> 2020-10-01 14:17:05.638684

rdsbqhcnm2y >> Image Returned >> 2020-10-01 14:17:05.638983

rdsbqhcnm2y >> End >> 2020-10-01 14:17:05.807658

gziqdexg74s >> Start >> 2020-10-01 14:17:29.493453

gziqdexg74s >> Image Returned >> 2020-10-01 14:17:29.497921

gziqdexg74s >> End >> 2020-10-01 14:17:29.674623

54qxf3uygbp >> Start >> 2020-10-01 14:18:08.473261

54qxf3uygbp >> Image Returned >> 2020-10-01 14:18:08.476747

54qxf3uygbp >> End >> 2020-10-01 14:18:08.655679

yd8jkegociv >> Start >> 2020-10-01 14:18:23.442905

yd8jkegociv >> Image Returned >> 2020-10-01 14:18:23.445631

yd8jkegociv >> End >> 2020-10-01 14:18:23.605710

qg446o5nohf >> Start >> 2020-10-01 14:19:14.766469

qg446o5nohf >> Image Returned >> 2020-10-01 14:19:14.769740

qg446o5nohf >> End >> 2020-10-01 14:19:14.939225

yq7bvxh5riu >> Start >> 2020-10-01 14:20:21.774888

yq7bvxh5riu >> Image Returned >> 2020-10-01 14:20:21.778193

yq7bvxh5riu >> End >> 2020-10-01 14:20:21.941096

gj4y5ycayhr >> Start >> 2020-10-01 14:21:32.964564

gj4y5ycayhr >> Image Returned >> 2020-10-01 14:21:32.967942

gj4y5ycayhr >> End >> 2020-10-01 14:21:33.126503

hpxj6q6ie0w >> Start >> 2020-10-01 14:21:58.009479

hpxj6q6ie0w >> Image Returned >> 2020-10-01 14:21:58.012247

hpxj6q6ie0w >> End >> 2020-10-01 14:21:58.174144

45upfd2uyi5 >> Start >> 2020-10-01 14:22:23.149434

45upfd2uyi5 >> Image Returned >> 2020-10-01 14:22:23.152553

45upfd2uyi5 >> End >> 2020-10-01 14:22:23.311728

f74pwsxakqg >> Start >> 2020-10-01 14:22:28.139728

f74pwsxakqg >> Image Returned >> 2020-10-01 14:22:28.140074

f74pwsxakqg >> End >> 2020-10-01 14:22:28.317363

un53pahfgm5 >> Start >> 2020-10-01 14:22:30.344019

un53pahfgm5 >> Image Returned >> 2020-10-01 14:22:30.344316

un53pahfgm5 >> End >> 2020-10-01 14:22:30.505466

def3d7f6p76 >> Start >> 2020-10-01 14:22:48.275906

def3d7f6p76 >> Image Returned >> 2020-10-01 14:22:48.278645

def3d7f6p76 >> End >> 2020-10-01 14:22:48.439563

fi42yst8dov >> Start >> 2020-10-01 14:25:06.989789

fi42yst8dov >> Image Returned >> 2020-10-01 14:25:06.993316

fi42yst8dov >> End >> 2020-10-01 14:25:07.155153

8sgkadvhg7x >> Start >> 2020-10-01 14:31:17.064464

8sgkadvhg7x >> Image Returned >> 2020-10-01 14:31:17.067270

8sgkadvhg7x >> End >> 2020-10-01 14:31:17.237477

z3iqshcqk0k >> Start >> 2020-10-01 14:32:22.494759

z3iqshcqk0k >> Image Returned >> 2020-10-01 14:32:22.498222

z3iqshcqk0k >> End >> 2020-10-01 14:32:22.667052

4kfipgmavqm >> Start >> 2020-10-01 14:33:58.030632

4kfipgmavqm >> Image Returned >> 2020-10-01 14:33:58.033797

4kfipgmavqm >> End >> 2020-10-01 14:33:58.189459

ow3xq2u8r7q >> Start >> 2020-10-01 14:34:07.563114

ow3xq2u8r7q >> Image Returned >> 2020-10-01 14:34:07.563441

ow3xq2u8r7q >> End >> 2020-10-01 14:34:07.727650

3gvwpkxm2z4 >> Start >> 2020-10-01 14:35:29.251238

3gvwpkxm2z4 >> Image Returned >> 2020-10-01 14:35:29.254398

3gvwpkxm2z4 >> End >> 2020-10-01 14:35:29.415613

qnuzik0x0s0 >> Start >> 2020-10-01 14:35:32.977193

qnuzik0x0s0 >> Image Returned >> 2020-10-01 14:35:32.977473

qnuzik0x0s0 >> End >> 2020-10-01 14:35:33.139342

bebetvcbvho >> Start >> 2020-10-01 14:38:03.914833

bebetvcbvho >> Image Returned >> 2020-10-01 14:38:03.918591

bebetvcbvho >> End >> 2020-10-01 14:38:04.079420

cz3b3odtmxm >> Start >> 2020-10-01 14:41:10.686315

cz3b3odtmxm >> Image Returned >> 2020-10-01 14:41:10.689274

cz3b3odtmxm >> End >> 2020-10-01 14:41:10.854217

f7d3i8y7ppi >> Start >> 2020-10-01 14:41:31.114067

f7d3i8y7ppi >> Image Returned >> 2020-10-01 14:41:31.116892

f7d3i8y7ppi >> End >> 2020-10-01 14:41:31.279957

u8jhoiio2vn >> Start >> 2020-10-01 14:41:55.649487

u8jhoiio2vn >> Image Returned >> 2020-10-01 14:41:55.652287

u8jhoiio2vn >> End >> 2020-10-01 14:41:55.819943

fduv3n7qx40 >> Start >> 2020-10-01 14:42:09.253596

fduv3n7qx40 >> Image Returned >> 2020-10-01 14:42:09.256568

fduv3n7qx40 >> End >> 2020-10-01 14:42:09.391815

jhtjktsxipn >> Start >> 2020-10-01 14:42:58.430629

jhtjktsxipn >> Image Returned >> 2020-10-01 14:42:58.433450

jhtjktsxipn >> End >> 2020-10-01 14:42:58.589466

q6zxchgyj6m >> Start >> 2020-10-01 14:43:36.496738

q6zxchgyj6m >> Image Returned >> 2020-10-01 14:43:36.500190

q6zxchgyj6m >> End >> 2020-10-01 14:43:36.665175

3vhbrfyyfit >> Start >> 2020-10-01 14:46:27.181241

3vhbrfyyfit >> Image Returned >> 2020-10-01 14:46:27.184024

3vhbrfyyfit >> End >> 2020-10-01 14:46:27.360371

iv2i8242vb3 >> Start >> 2020-10-01 14:46:40.033813

iv2i8242vb3 >> Image Returned >> 2020-10-01 14:46:40.036591

iv2i8242vb3 >> End >> 2020-10-01 14:46:40.215993

zo35kp7cc38 >> Start >> 2020-10-01 14:47:10.192734

zo35kp7cc38 >> Image Returned >> 2020-10-01 14:47:10.196108

zo35kp7cc38 >> End >> 2020-10-01 14:47:10.351815

g7xq8oh4fbv >> Start >> 2020-10-01 14:47:33.623107

g7xq8oh4fbv >> Image Returned >> 2020-10-01 14:47:33.625922

g7xq8oh4fbv >> End >> 2020-10-01 14:47:33.794542

52p266ke7a0 >> Start >> 2020-10-01 14:52:26.114231

52p266ke7a0 >> Image Returned >> 2020-10-01 14:52:26.118447

52p266ke7a0 >> End >> 2020-10-01 14:52:26.293982

cdx2bmxxmon >> Start >> 2020-10-01 14:58:36.975768

cdx2bmxxmon >> Image Returned >> 2020-10-01 14:58:36.979132

cdx2bmxxmon >> End >> 2020-10-01 14:58:37.139486

y2dcchhuxxg >> Start >> 2020-10-01 14:59:31.969578

y2dcchhuxxg >> Image Returned >> 2020-10-01 14:59:31.972451

y2dcchhuxxg >> End >> 2020-10-01 14:59:32.130089

y0qv7nzqotc >> Start >> 2020-10-01 14:59:43.838058

y0qv7nzqotc >> Image Returned >> 2020-10-01 14:59:43.840938

y0qv7nzqotc >> End >> 2020-10-01 14:59:44.008683

8odd73s04fi >> Start >> 2020-10-01 14:59:57.454011

8odd73s04fi >> Image Returned >> 2020-10-01 14:59:57.456948

8odd73s04fi >> End >> 2020-10-01 14:59:57.610280

igy6efvb5wr >> Start >> 2020-10-01 15:02:09.057626

igy6efvb5wr >> Image Returned >> 2020-10-01 15:02:09.060904

igy6efvb5wr >> End >> 2020-10-01 15:02:09.232414

rxsex522ahy >> Start >> 2020-10-01 15:02:15.491354

rxsex522ahy >> Image Returned >> 2020-10-01 15:02:15.491733

rxsex522ahy >> End >> 2020-10-01 15:02:15.648147

cpf78rq8iv0 >> Start >> 2020-10-01 15:06:59.820488

cpf78rq8iv0 >> Image Returned >> 2020-10-01 15:06:59.824965

cpf78rq8iv0 >> End >> 2020-10-01 15:06:59.993941

smtn25nd8ax >> Start >> 2020-10-01 15:10:24.581111

smtn25nd8ax >> Image Returned >> 2020-10-01 15:10:24.583980

smtn25nd8ax >> End >> 2020-10-01 15:10:24.741280

fn60ctqm67m >> Start >> 2020-10-01 15:11:21.796019

fn60ctqm67m >> Image Returned >> 2020-10-01 15:11:21.799227

fn60ctqm67m >> End >> 2020-10-01 15:11:21.960948

sseaj0nmu3e >> Start >> 2020-10-01 15:15:03.920511

sseaj0nmu3e >> Image Returned >> 2020-10-01 15:15:03.923799

sseaj0nmu3e >> End >> 2020-10-01 15:15:04.129964

6tpvjx0vx4j >> Start >> 2020-10-01 15:15:38.266920

6tpvjx0vx4j >> Image Returned >> 2020-10-01 15:15:38.269738

6tpvjx0vx4j >> End >> 2020-10-01 15:15:38.473153

oxj78tqqq67 >> Start >> 2020-10-01 15:20:25.003845

oxj78tqqq67 >> Image Returned >> 2020-10-01 15:20:25.007700

oxj78tqqq67 >> End >> 2020-10-01 15:20:25.176256

g68fdv2kck2 >> Start >> 2020-10-01 15:22:58.507833

g68fdv2kck2 >> Image Returned >> 2020-10-01 15:22:58.512978

g68fdv2kck2 >> End >> 2020-10-01 15:22:58.676901

nmxsz7jd8a5 >> Start >> 2020-10-01 15:24:59.154633

nmxsz7jd8a5 >> Image Returned >> 2020-10-01 15:24:59.157402

nmxsz7jd8a5 >> End >> 2020-10-01 15:24:59.312832

o6nr3xaxyd7 >> Start >> 2020-10-01 15:31:39.964832

o6nr3xaxyd7 >> Image Returned >> 2020-10-01 15:31:39.968065

o6nr3xaxyd7 >> End >> 2020-10-01 15:31:40.128153

7xykk83ajz7 >> Start >> 2020-10-01 15:34:02.863625

7xykk83ajz7 >> Image Returned >> 2020-10-01 15:34:02.866463

7xykk83ajz7 >> End >> 2020-10-01 15:34:03.030405

7x8awgrs5wc >> Start >> 2020-10-01 15:34:42.223689

7x8awgrs5wc >> Image Returned >> 2020-10-01 15:34:42.226457

7x8awgrs5wc >> End >> 2020-10-01 15:34:42.389763

xd36r56g4sv >> Start >> 2020-10-01 15:35:36.882304

xd36r56g4sv >> Image Returned >> 2020-10-01 15:35:36.885138

xd36r56g4sv >> End >> 2020-10-01 15:35:37.048469

tdrx3wncd0r >> Start >> 2020-10-01 15:36:53.948472

tdrx3wncd0r >> Image Returned >> 2020-10-01 15:36:53.951296

tdrx3wncd0r >> End >> 2020-10-01 15:36:54.108942

nmwzpor25sp >> Start >> 2020-10-01 15:39:39.303560

nmwzpor25sp >> Image Returned >> 2020-10-01 15:39:39.306714

nmwzpor25sp >> End >> 2020-10-01 15:39:39.466298

uhk8uxs5oyu >> Start >> 2020-10-01 15:42:58.469975

uhk8uxs5oyu >> Image Returned >> 2020-10-01 15:42:58.474467

uhk8uxs5oyu >> End >> 2020-10-01 15:42:58.638786

x28qfmy0g5t >> Start >> 2020-10-01 15:43:38.873517

x28qfmy0g5t >> Image Returned >> 2020-10-01 15:43:38.878390

x28qfmy0g5t >> End >> 2020-10-01 15:43:39.045003

juiajh3r8rj >> Start >> 2020-10-01 15:50:44.821677

juiajh3r8rj >> Image Returned >> 2020-10-01 15:50:44.824534

juiajh3r8rj >> End >> 2020-10-01 15:50:44.991986

0e48c5b0mmd >> Start >> 2020-10-01 15:51:14.506459

0e48c5b0mmd >> Image Returned >> 2020-10-01 15:51:14.509584

0e48c5b0mmd >> End >> 2020-10-01 15:51:14.664577

r8ty5c8q3ej >> Start >> 2020-10-01 16:02:13.345735

r8ty5c8q3ej >> Image Returned >> 2020-10-01 16:02:13.349514

r8ty5c8q3ej >> End >> 2020-10-01 16:02:13.519449

mxk73unieo6 >> Start >> 2020-10-01 16:02:20.848908

mxk73unieo6 >> Image Returned >> 2020-10-01 16:02:20.849189

mxk73unieo6 >> End >> 2020-10-01 16:02:21.002984

e3k68krs8qu >> Start >> 2020-10-01 16:06:53.186786

e3k68krs8qu >> Image Returned >> 2020-10-01 16:06:53.190634

e3k68krs8qu >> End >> 2020-10-01 16:06:53.352533

gnjmmy30mo4 >> Start >> 2020-10-01 16:13:13.112020

gnjmmy30mo4 >> Image Returned >> 2020-10-01 16:13:13.114869

gnjmmy30mo4 >> End >> 2020-10-01 16:13:13.287755

d0umeui8jbx >> Start >> 2020-10-01 16:15:58.905225

d0umeui8jbx >> Image Returned >> 2020-10-01 16:15:58.908267

d0umeui8jbx >> End >> 2020-10-01 16:15:59.065845

bcntki3y7da >> Start >> 2020-10-01 16:19:51.973119

bcntki3y7da >> Image Returned >> 2020-10-01 16:19:51.976298

bcntki3y7da >> End >> 2020-10-01 16:19:52.142246

tanovy8n4ym >> Start >> 2020-10-01 16:27:38.930485

tanovy8n4ym >> Image Returned >> 2020-10-01 16:27:38.933677

tanovy8n4ym >> End >> 2020-10-01 16:27:39.094384

gxagogwt2jh >> Start >> 2020-10-01 16:31:00.436538

gxagogwt2jh >> Image Returned >> 2020-10-01 16:31:00.439461

gxagogwt2jh >> End >> 2020-10-01 16:31:00.599905

z3grtgrgpr2 >> Start >> 2020-10-01 16:33:10.863468

z3grtgrgpr2 >> Image Returned >> 2020-10-01 16:33:10.868428

z3grtgrgpr2 >> End >> 2020-10-01 16:33:11.031622

vzqoh3d652w >> Start >> 2020-10-01 16:33:39.175900

vzqoh3d652w >> Image Returned >> 2020-10-01 16:33:39.178967

vzqoh3d652w >> End >> 2020-10-01 16:33:39.355762

wuaouursqj7 >> Start >> 2020-10-01 16:35:23.513125

wuaouursqj7 >> Image Returned >> 2020-10-01 16:35:23.515959

wuaouursqj7 >> End >> 2020-10-01 16:35:23.673409

0we0oyp7rg2 >> Start >> 2020-10-01 16:36:44.088026

0we0oyp7rg2 >> Image Returned >> 2020-10-01 16:36:44.091826

0we0oyp7rg2 >> End >> 2020-10-01 16:36:44.251986

aiuvy6pxh0j >> Start >> 2020-10-01 16:38:54.717102

aiuvy6pxh0j >> Image Returned >> 2020-10-01 16:38:54.720020

aiuvy6pxh0j >> End >> 2020-10-01 16:38:54.878341

miy3mnwg4fk >> Start >> 2020-10-01 16:40:29.842720

miy3mnwg4fk >> Image Returned >> 2020-10-01 16:40:29.845617

miy3mnwg4fk >> End >> 2020-10-01 16:40:30.029359

nzpw7jxu26p >> Start >> 2020-10-01 16:41:30.642117

nzpw7jxu26p >> Image Returned >> 2020-10-01 16:41:30.645667

nzpw7jxu26p >> End >> 2020-10-01 16:41:30.809279

dmkh03mn2ue >> Start >> 2020-10-01 16:47:29.128503

dmkh03mn2ue >> Image Returned >> 2020-10-01 16:47:29.132317

dmkh03mn2ue >> End >> 2020-10-01 16:47:29.297588

xafbefvzhts >> Start >> 2020-10-01 16:53:32.913368

xafbefvzhts >> Image Returned >> 2020-10-01 16:53:32.916747

xafbefvzhts >> End >> 2020-10-01 16:53:33.088346

dzrkbvznugm >> Start >> 2020-10-01 16:57:37.650522

dzrkbvznugm >> Image Returned >> 2020-10-01 16:57:37.654329

dzrkbvznugm >> End >> 2020-10-01 16:57:37.814203

5vd5ns3dhja >> Start >> 2020-10-01 17:01:56.111516

5vd5ns3dhja >> Image Returned >> 2020-10-01 17:01:56.114953

5vd5ns3dhja >> End >> 2020-10-01 17:01:56.293782

h0xpe5dhn4c >> Start >> 2020-10-01 17:03:34.650298

h0xpe5dhn4c >> Image Returned >> 2020-10-01 17:03:34.653544

h0xpe5dhn4c >> End >> 2020-10-01 17:03:34.827768

oes3rvcwgvr >> Start >> 2020-10-01 17:04:26.290154

oes3rvcwgvr >> Image Returned >> 2020-10-01 17:04:26.293400

oes3rvcwgvr >> End >> 2020-10-01 17:04:26.460030

6fabymh05pd >> Start >> 2020-10-01 17:04:40.762983

6fabymh05pd >> Image Returned >> 2020-10-01 17:04:40.766494

6fabymh05pd >> End >> 2020-10-01 17:04:40.931679

058h2ewt64m >> Start >> 2020-10-01 17:07:03.219764

058h2ewt64m >> Image Returned >> 2020-10-01 17:07:03.222629

058h2ewt64m >> End >> 2020-10-01 17:07:03.401007

5474gndzv6g >> Start >> 2020-10-01 17:09:24.275844

5474gndzv6g >> Image Returned >> 2020-10-01 17:09:24.280704

5474gndzv6g >> End >> 2020-10-01 17:09:24.451580

pmk6bphd2jp >> Start >> 2020-10-01 17:09:31.543694

pmk6bphd2jp >> Image Returned >> 2020-10-01 17:09:31.544003

pmk6bphd2jp >> End >> 2020-10-01 17:09:31.702992

sgj4urozts8 >> Start >> 2020-10-01 17:16:47.127315

sgj4urozts8 >> Image Returned >> 2020-10-01 17:16:47.130333

sgj4urozts8 >> End >> 2020-10-01 17:16:47.300275

p7pj5iypp8c >> Start >> 2020-10-01 17:18:38.891094

p7pj5iypp8c >> Image Returned >> 2020-10-01 17:18:38.895463

p7pj5iypp8c >> End >> 2020-10-01 17:18:39.064208

0a6ohy2suwg >> Start >> 2020-10-01 17:19:23.856461

0a6ohy2suwg >> Image Returned >> 2020-10-01 17:19:23.859626

0a6ohy2suwg >> End >> 2020-10-01 17:19:24.021920

xf828iqrogz >> Start >> 2020-10-01 17:19:24.114166

xf828iqrogz >> Image Returned >> 2020-10-01 17:19:24.114439

xf828iqrogz >> End >> 2020-10-01 17:19:24.274976

mshwhshwvfu >> Start >> 2020-10-01 17:25:42.429673

mshwhshwvfu >> Image Returned >> 2020-10-01 17:25:42.432585

mshwhshwvfu >> End >> 2020-10-01 17:25:42.595998

2or4omc4s7p >> Start >> 2020-10-01 17:26:16.164279

2or4omc4s7p >> Image Returned >> 2020-10-01 17:26:16.169100

2or4omc4s7p >> End >> 2020-10-01 17:26:16.340369

osh4z42u0rn >> Start >> 2020-10-01 17:26:59.601428

osh4z42u0rn >> Image Returned >> 2020-10-01 17:26:59.604305

osh4z42u0rn >> End >> 2020-10-01 17:26:59.762964

kjqcw2xeq7n >> Start >> 2020-10-01 17:27:46.932233

kjqcw2xeq7n >> Image Returned >> 2020-10-01 17:27:46.935188

kjqcw2xeq7n >> End >> 2020-10-01 17:27:47.114792

4f3mekq2o4g >> Start >> 2020-10-01 17:30:10.125590

4f3mekq2o4g >> Image Returned >> 2020-10-01 17:30:10.129087

4f3mekq2o4g >> End >> 2020-10-01 17:30:10.294538

m2ngnvqp4cd >> Start >> 2020-10-01 17:30:52.321381

m2ngnvqp4cd >> Image Returned >> 2020-10-01 17:30:52.324186

m2ngnvqp4cd >> End >> 2020-10-01 17:30:52.497543

gisvjg5z6jv >> Start >> 2020-10-01 17:31:04.824790

gisvjg5z6jv >> Image Returned >> 2020-10-01 17:31:04.827961

gisvjg5z6jv >> End >> 2020-10-01 17:31:05.014267

jf328jaimcg >> Start >> 2020-10-01 17:36:27.146572

jf328jaimcg >> Image Returned >> 2020-10-01 17:36:27.150229

jf328jaimcg >> End >> 2020-10-01 17:36:27.320174

eq7ikc2nhwe >> Start >> 2020-10-01 17:40:58.835751

eq7ikc2nhwe >> Image Returned >> 2020-10-01 17:40:58.839451

eq7ikc2nhwe >> End >> 2020-10-01 17:40:59.000051

h45kr42o8jh >> Start >> 2020-10-01 17:41:41.487710

h45kr42o8jh >> Image Returned >> 2020-10-01 17:41:41.490850

h45kr42o8jh >> End >> 2020-10-01 17:41:41.650660

fckbajhv0wc >> Start >> 2020-10-01 17:44:21.751195

fckbajhv0wc >> Image Returned >> 2020-10-01 17:44:21.755589

fckbajhv0wc >> End >> 2020-10-01 17:44:21.917416

5h6zhft3ma8 >> Start >> 2020-10-01 17:44:55.124869

5h6zhft3ma8 >> Image Returned >> 2020-10-01 17:44:55.127779

5h6zhft3ma8 >> End >> 2020-10-01 17:44:55.290189

8jh7iscg5qe >> Start >> 2020-10-01 17:54:08.060163

8jh7iscg5qe >> Image Returned >> 2020-10-01 17:54:08.063561

8jh7iscg5qe >> End >> 2020-10-01 17:54:08.228012

sotvmankoca >> Start >> 2020-10-01 17:54:47.052639

sotvmankoca >> Image Returned >> 2020-10-01 17:54:47.055525

sotvmankoca >> End >> 2020-10-01 17:54:47.241466

vby55e08bvk >> Start >> 2020-10-01 17:56:13.079941

vby55e08bvk >> Image Returned >> 2020-10-01 17:56:13.083410

vby55e08bvk >> End >> 2020-10-01 17:56:13.245527

ngg8fgsov6a >> Start >> 2020-10-01 17:56:23.936007

ngg8fgsov6a >> Image Returned >> 2020-10-01 17:56:23.936290

ngg8fgsov6a >> End >> 2020-10-01 17:56:24.091727

cp7xbpvy0zk >> Start >> 2020-10-01 17:57:43.623764

cp7xbpvy0zk >> Image Returned >> 2020-10-01 17:57:43.626929

cp7xbpvy0zk >> End >> 2020-10-01 17:57:43.790293

dv4yfgky5iv >> Start >> 2020-10-01 18:07:42.880512

dv4yfgky5iv >> Image Returned >> 2020-10-01 18:07:42.884027

dv4yfgky5iv >> End >> 2020-10-01 18:07:43.054331

m8ytw7ipga0 >> Start >> 2020-10-01 18:07:48.462146

m8ytw7ipga0 >> Image Returned >> 2020-10-01 18:07:48.462472

m8ytw7ipga0 >> End >> 2020-10-01 18:07:48.628411

5hve2gc0xav >> Start >> 2020-10-01 18:08:17.470484

5hve2gc0xav >> Image Returned >> 2020-10-01 18:08:17.473952

5hve2gc0xav >> End >> 2020-10-01 18:08:17.636965

0vw3fjzgt36 >> Start >> 2020-10-01 18:10:39.507117

0vw3fjzgt36 >> Image Returned >> 2020-10-01 18:10:39.510184

0vw3fjzgt36 >> End >> 2020-10-01 18:10:39.672017

ogcw33qcc2o >> Start >> 2020-10-01 18:14:34.088046

ogcw33qcc2o >> Image Returned >> 2020-10-01 18:14:34.091176

ogcw33qcc2o >> End >> 2020-10-01 18:14:34.255976

oti3fefwafa >> Start >> 2020-10-01 18:16:00.858530

oti3fefwafa >> Image Returned >> 2020-10-01 18:16:00.861449

oti3fefwafa >> End >> 2020-10-01 18:16:01.019448

3iwcrnfivb4 >> Start >> 2020-10-01 18:16:20.918073

3iwcrnfivb4 >> Image Returned >> 2020-10-01 18:16:20.921310

3iwcrnfivb4 >> End >> 2020-10-01 18:16:21.044440

kzoiq4uewxc >> Start >> 2020-10-01 18:16:33.443412

kzoiq4uewxc >> Image Returned >> 2020-10-01 18:16:33.446289

kzoiq4uewxc >> End >> 2020-10-01 18:16:33.618813

nmxuchyff40 >> Start >> 2020-10-01 18:20:28.756565

nmxuchyff40 >> Image Returned >> 2020-10-01 18:20:28.760098

nmxuchyff40 >> End >> 2020-10-01 18:20:28.922559

e68qsbrht00 >> Start >> 2020-10-01 18:22:49.115781

e68qsbrht00 >> Image Returned >> 2020-10-01 18:22:49.118772

e68qsbrht00 >> End >> 2020-10-01 18:22:49.335412

7sy5wb08s4h >> Start >> 2020-10-01 18:24:26.437540

7sy5wb08s4h >> Image Returned >> 2020-10-01 18:24:26.440395

7sy5wb08s4h >> End >> 2020-10-01 18:24:26.601234

2jyapi3xhso >> Start >> 2020-10-01 18:36:31.655769

2jyapi3xhso >> Image Returned >> 2020-10-01 18:36:31.659132

2jyapi3xhso >> End >> 2020-10-01 18:36:31.833220

m0xwgn8pok2 >> Start >> 2020-10-01 18:36:34.004968

m0xwgn8pok2 >> Image Returned >> 2020-10-01 18:36:34.005254

m0xwgn8pok2 >> End >> 2020-10-01 18:36:34.179507

tna0pzs20y4 >> Start >> 2020-10-01 18:40:15.016038

tna0pzs20y4 >> Image Returned >> 2020-10-01 18:40:15.020148

tna0pzs20y4 >> End >> 2020-10-01 18:40:15.191173

xit206zqr5h >> Start >> 2020-10-01 18:41:00.911190

xit206zqr5h >> Image Returned >> 2020-10-01 18:41:00.914097

xit206zqr5h >> End >> 2020-10-01 18:41:01.072068

8ad4vjtp8hw >> Start >> 2020-10-01 18:41:15.136991

8ad4vjtp8hw >> Image Returned >> 2020-10-01 18:41:15.140345

8ad4vjtp8hw >> End >> 2020-10-01 18:41:15.327462

cs5o3xdkox7 >> Start >> 2020-10-01 18:42:50.834681

cs5o3xdkox7 >> Image Returned >> 2020-10-01 18:42:50.837629

cs5o3xdkox7 >> End >> 2020-10-01 18:42:51.028557

h3dmobhqmq4 >> Start >> 2020-10-01 18:48:37.255295

h3dmobhqmq4 >> Image Returned >> 2020-10-01 18:48:37.259277

h3dmobhqmq4 >> End >> 2020-10-01 18:48:37.450004

3ubennknd0s >> Start >> 2020-10-01 18:49:24.115246

3ubennknd0s >> Image Returned >> 2020-10-01 18:49:24.118655

3ubennknd0s >> End >> 2020-10-01 18:49:24.285903

4f6r52km8o8 >> Start >> 2020-10-01 18:49:37.575598

4f6r52km8o8 >> Image Returned >> 2020-10-01 18:49:37.578607

4f6r52km8o8 >> End >> 2020-10-01 18:49:37.750330

y0s3q7scvau >> Start >> 2020-10-01 18:50:55.562992

y0s3q7scvau >> Image Returned >> 2020-10-01 18:50:55.566710

y0s3q7scvau >> End >> 2020-10-01 18:50:55.729476

rs8z28oqycd >> Start >> 2020-10-01 18:55:58.750411

rs8z28oqycd >> Image Returned >> 2020-10-01 18:55:58.754617

rs8z28oqycd >> End >> 2020-10-01 18:55:58.926968

u2pqtd2mukh >> Start >> 2020-10-01 18:57:28.465712

u2pqtd2mukh >> Image Returned >> 2020-10-01 18:57:28.470029

u2pqtd2mukh >> End >> 2020-10-01 18:57:28.939182

sr06dspmija >> Start >> 2020-10-01 19:01:10.128401

sr06dspmija >> Image Returned >> 2020-10-01 19:01:10.131644

sr06dspmija >> End >> 2020-10-01 19:01:10.302001

pjpqos4q4yj >> Start >> 2020-10-01 19:09:07.801404

pjpqos4q4yj >> Image Returned >> 2020-10-01 19:09:07.804327

pjpqos4q4yj >> End >> 2020-10-01 19:09:07.967111

7nzu4hebe33 >> Start >> 2020-10-01 19:09:47.707561

7nzu4hebe33 >> Image Returned >> 2020-10-01 19:09:47.710946

7nzu4hebe33 >> End >> 2020-10-01 19:09:47.875324

oyoxh3dubcb >> Start >> 2020-10-01 19:11:32.444797

oyoxh3dubcb >> Image Returned >> 2020-10-01 19:11:32.445231

oyoxh3dubcb >> End >> 2020-10-01 19:11:32.607326

ajzvxpzvrk6 >> Start >> 2020-10-01 19:15:36.732733

ajzvxpzvrk6 >> Image Returned >> 2020-10-01 19:15:36.736279

ajzvxpzvrk6 >> End >> 2020-10-01 19:15:36.899637

j54pbq5w5ux >> Start >> 2020-10-01 19:17:36.013130

j54pbq5w5ux >> Image Returned >> 2020-10-01 19:17:36.016316

j54pbq5w5ux >> End >> 2020-10-01 19:17:36.180933

aimihwkx584 >> Start >> 2020-10-01 19:18:57.741821

aimihwkx584 >> Image Returned >> 2020-10-01 19:18:57.745098

aimihwkx584 >> End >> 2020-10-01 19:18:57.904973

5ukvidcjqox >> Start >> 2020-10-01 19:24:59.087547

5ukvidcjqox >> Image Returned >> 2020-10-01 19:24:59.090912

5ukvidcjqox >> End >> 2020-10-01 19:24:59.256923

xgjxgpp6pfc >> Start >> 2020-10-01 19:31:30.945476

xgjxgpp6pfc >> Image Returned >> 2020-10-01 19:31:30.949038

xgjxgpp6pfc >> End >> 2020-10-01 19:31:31.117506

8zto20get2g >> Start >> 2020-10-01 19:32:14.479701

8zto20get2g >> Image Returned >> 2020-10-01 19:32:14.482956

8zto20get2g >> End >> 2020-10-01 19:32:14.642038

iorqh6035gu >> Start >> 2020-10-01 19:34:48.728169

iorqh6035gu >> Image Returned >> 2020-10-01 19:34:48.731139

iorqh6035gu >> End >> 2020-10-01 19:34:48.910394

2iztm2auuow >> Start >> 2020-10-01 19:36:17.499442

2iztm2auuow >> Image Returned >> 2020-10-01 19:36:17.502857

2iztm2auuow >> End >> 2020-10-01 19:36:17.665796

jwi6wug2auj >> Start >> 2020-10-01 19:39:59.265964

jwi6wug2auj >> Image Returned >> 2020-10-01 19:39:59.269197

jwi6wug2auj >> End >> 2020-10-01 19:39:59.435307

2rtmj73740k >> Start >> 2020-10-01 19:40:39.866127

2rtmj73740k >> Image Returned >> 2020-10-01 19:40:39.869376

2rtmj73740k >> End >> 2020-10-01 19:40:40.028803

s82rk70k5sn >> Start >> 2020-10-01 19:40:41.244755

s82rk70k5sn >> Image Returned >> 2020-10-01 19:40:41.245059

s82rk70k5sn >> End >> 2020-10-01 19:40:41.423230

5keqqkqp7ci >> Start >> 2020-10-01 19:42:04.864243

5keqqkqp7ci >> Image Returned >> 2020-10-01 19:42:04.867464

5keqqkqp7ci >> End >> 2020-10-01 19:42:05.027364

tba0xn30dk8 >> Start >> 2020-10-01 19:42:12.992842

tba0xn30dk8 >> Image Returned >> 2020-10-01 19:42:12.993149

tba0xn30dk8 >> End >> 2020-10-01 19:42:13.159058

2adkf0de0gv >> Start >> 2020-10-01 19:46:51.626002

2adkf0de0gv >> Image Returned >> 2020-10-01 19:46:51.629291

2adkf0de0gv >> End >> 2020-10-01 19:46:51.804964

8ie5i4u3kmr >> Start >> 2020-10-01 19:48:03.370641

8ie5i4u3kmr >> Image Returned >> 2020-10-01 19:48:03.374567

8ie5i4u3kmr >> End >> 2020-10-01 19:48:03.552809

2s4t4dujyq0 >> Start >> 2020-10-01 19:48:22.962429

2s4t4dujyq0 >> Image Returned >> 2020-10-01 19:48:22.966175

2s4t4dujyq0 >> End >> 2020-10-01 19:48:23.162811

mtvie8fjqec >> Start >> 2020-10-01 19:48:44.885216

mtvie8fjqec >> Image Returned >> 2020-10-01 19:48:44.888113

mtvie8fjqec >> End >> 2020-10-01 19:48:45.057293

5zprkkckvf4 >> Start >> 2020-10-01 19:50:09.970613

5zprkkckvf4 >> Image Returned >> 2020-10-01 19:50:09.974534

5zprkkckvf4 >> End >> 2020-10-01 19:50:10.137656

poniota2fqh >> Start >> 2020-10-01 19:50:23.714426

poniota2fqh >> Image Returned >> 2020-10-01 19:50:23.717335

poniota2fqh >> End >> 2020-10-01 19:50:23.876079

xm4hwcz4uf4 >> Start >> 2020-10-01 19:51:04.543164

xm4hwcz4uf4 >> Image Returned >> 2020-10-01 19:51:04.546109

xm4hwcz4uf4 >> End >> 2020-10-01 19:51:04.713270

2gjrihesypd >> Start >> 2020-10-01 19:53:36.970865

2gjrihesypd >> Image Returned >> 2020-10-01 19:53:36.974462

2gjrihesypd >> End >> 2020-10-01 19:53:37.146596

ojqjxq5mjaa >> Start >> 2020-10-01 19:58:24.089066

ojqjxq5mjaa >> Image Returned >> 2020-10-01 19:58:24.093409

ojqjxq5mjaa >> End >> 2020-10-01 19:58:24.266964

baqg4cxecj2 >> Start >> 2020-10-01 19:59:02.405235

baqg4cxecj2 >> Image Returned >> 2020-10-01 19:59:02.408190

baqg4cxecj2 >> End >> 2020-10-01 19:59:02.570957

bv7e38xocyd >> Start >> 2020-10-01 19:59:16.919706

bv7e38xocyd >> Image Returned >> 2020-10-01 19:59:16.923075

bv7e38xocyd >> End >> 2020-10-01 19:59:17.095185

k7va8j0ypax >> Start >> 2020-10-01 20:00:05.710625

k7va8j0ypax >> Image Returned >> 2020-10-01 20:00:05.713512

k7va8j0ypax >> End >> 2020-10-01 20:00:05.878412

56sb5kbo0gy >> Start >> 2020-10-01 20:02:52.099687

56sb5kbo0gy >> Image Returned >> 2020-10-01 20:02:52.102691

56sb5kbo0gy >> End >> 2020-10-01 20:02:52.277995

4nrcj8obvnk >> Start >> 2020-10-01 20:03:06.221060

4nrcj8obvnk >> Image Returned >> 2020-10-01 20:03:06.223951

4nrcj8obvnk >> End >> 2020-10-01 20:03:06.720767

7gf8ujdak6x >> Start >> 2020-10-01 20:05:41.235166

7gf8ujdak6x >> Image Returned >> 2020-10-01 20:05:41.238755

7gf8ujdak6x >> End >> 2020-10-01 20:05:41.402893

btis826j85o >> Start >> 2020-10-01 20:05:42.039091

btis826j85o >> Image Returned >> 2020-10-01 20:05:42.039377

btis826j85o >> End >> 2020-10-01 20:05:42.198046

j3ogj5pcqaz >> Start >> 2020-10-01 20:05:57.509251

j3ogj5pcqaz >> Image Returned >> 2020-10-01 20:05:57.513025

j3ogj5pcqaz >> End >> 2020-10-01 20:05:57.672187

m5x74dmo0s5 >> Start >> 2020-10-01 20:07:35.063666

m5x74dmo0s5 >> Image Returned >> 2020-10-01 20:07:35.066984

m5x74dmo0s5 >> End >> 2020-10-01 20:07:35.230573

n3x4j4x2vo2 >> Start >> 2020-10-01 20:08:11.436265

n3x4j4x2vo2 >> Image Returned >> 2020-10-01 20:08:11.439654

n3x4j4x2vo2 >> End >> 2020-10-01 20:08:11.600339

8bbng5chn27 >> Start >> 2020-10-01 20:09:15.192801

8bbng5chn27 >> Image Returned >> 2020-10-01 20:09:15.196295

8bbng5chn27 >> End >> 2020-10-01 20:09:15.360775

6ij0zgixa3e >> Start >> 2020-10-01 20:11:35.669281

6ij0zgixa3e >> Image Returned >> 2020-10-01 20:11:35.672158

6ij0zgixa3e >> End >> 2020-10-01 20:11:35.838807

uf0wb4vjrv4 >> Start >> 2020-10-01 20:12:35.241378

uf0wb4vjrv4 >> Image Returned >> 2020-10-01 20:12:35.244815

uf0wb4vjrv4 >> End >> 2020-10-01 20:12:35.409068

ywp365bsjjm >> Start >> 2020-10-01 20:12:44.457071

ywp365bsjjm >> Image Returned >> 2020-10-01 20:12:44.457356

ywp365bsjjm >> End >> 2020-10-01 20:12:44.619141

rsi24x7rdaf >> Start >> 2020-10-01 20:12:45.562623

rsi24x7rdaf >> Image Returned >> 2020-10-01 20:12:45.562931

rsi24x7rdaf >> End >> 2020-10-01 20:12:45.749140

xaj5uwxsu4e >> Start >> 2020-10-01 20:13:02.860177

xaj5uwxsu4e >> Image Returned >> 2020-10-01 20:13:02.863101

xaj5uwxsu4e >> End >> 2020-10-01 20:13:03.029598

akx2v6xv8j0 >> Start >> 2020-10-01 20:21:14.009386

akx2v6xv8j0 >> Image Returned >> 2020-10-01 20:21:14.013250

akx2v6xv8j0 >> End >> 2020-10-01 20:21:14.177918

2berokq7a2p >> Start >> 2020-10-01 20:25:03.856206

2berokq7a2p >> Image Returned >> 2020-10-01 20:25:03.860719

2berokq7a2p >> End >> 2020-10-01 20:25:04.054430

zoopvvmnw0p >> Start >> 2020-10-01 20:25:46.260864

zoopvvmnw0p >> Image Returned >> 2020-10-01 20:25:46.263830

zoopvvmnw0p >> End >> 2020-10-01 20:25:46.431919

2bi0pw57ucg >> Start >> 2020-10-01 20:29:19.715337

2bi0pw57ucg >> Image Returned >> 2020-10-01 20:29:19.718667

2bi0pw57ucg >> End >> 2020-10-01 20:29:19.884253

yizvax5qjj6 >> Start >> 2020-10-01 20:29:30.415611

yizvax5qjj6 >> Image Returned >> 2020-10-01 20:29:30.416157

yizvax5qjj6 >> End >> 2020-10-01 20:29:30.577384

aqg4w0uzh0y >> Start >> 2020-10-01 20:30:16.267903

aqg4w0uzh0y >> Image Returned >> 2020-10-01 20:30:16.271359

aqg4w0uzh0y >> End >> 2020-10-01 20:30:16.440741

tghivb4nc3n >> Start >> 2020-10-01 20:30:48.326322

tghivb4nc3n >> Image Returned >> 2020-10-01 20:30:48.329238

tghivb4nc3n >> End >> 2020-10-01 20:30:48.503846

gd5iw4atkh8 >> Start >> 2020-10-01 20:32:43.682681

gd5iw4atkh8 >> Image Returned >> 2020-10-01 20:32:43.685942

gd5iw4atkh8 >> End >> 2020-10-01 20:32:43.865040

wc6nxaxhand >> Start >> 2020-10-01 20:32:50.356170

wc6nxaxhand >> Image Returned >> 2020-10-01 20:32:50.356451

wc6nxaxhand >> End >> 2020-10-01 20:32:50.519686

ogs6scdzrf6 >> Start >> 2020-10-01 20:43:02.685252

ogs6scdzrf6 >> Image Returned >> 2020-10-01 20:43:02.689091

ogs6scdzrf6 >> End >> 2020-10-01 20:43:02.856395

mmd2s0thvf3 >> Start >> 2020-10-01 20:45:01.575269

mmd2s0thvf3 >> Image Returned >> 2020-10-01 20:45:01.578787

mmd2s0thvf3 >> End >> 2020-10-01 20:45:01.774384

okhot667oi6 >> Start >> 2020-10-01 20:45:12.707799

okhot667oi6 >> Image Returned >> 2020-10-01 20:45:12.711587

okhot667oi6 >> End >> 2020-10-01 20:45:12.871643

yrpxrsexcdp >> Start >> 2020-10-01 20:45:38.696611

yrpxrsexcdp >> Image Returned >> 2020-10-01 20:45:38.699507

yrpxrsexcdp >> End >> 2020-10-01 20:45:38.861758

fxatvtwe8p2 >> Start >> 2020-10-01 20:47:33.847990

fxatvtwe8p2 >> Image Returned >> 2020-10-01 20:47:33.851295

fxatvtwe8p2 >> End >> 2020-10-01 20:47:34.033761

rnaouhyimh2 >> Start >> 2020-10-01 20:47:41.912838

rnaouhyimh2 >> Image Returned >> 2020-10-01 20:47:41.913137

rnaouhyimh2 >> End >> 2020-10-01 20:47:42.077699

3ftjqfb4fmk >> Start >> 2020-10-01 20:48:40.227710

3ftjqfb4fmk >> Image Returned >> 2020-10-01 20:48:40.230942

3ftjqfb4fmk >> End >> 2020-10-01 20:48:40.407485

am60vftnmx4 >> Start >> 2020-10-01 20:51:53.841245

am60vftnmx4 >> Image Returned >> 2020-10-01 20:51:53.845285

am60vftnmx4 >> End >> 2020-10-01 20:51:54.010344

zj63ob2vn3w >> Start >> 2020-10-01 20:52:06.941380

zj63ob2vn3w >> Image Returned >> 2020-10-01 20:52:06.945998

zj63ob2vn3w >> End >> 2020-10-01 20:52:07.105284

kpr5tvp0ir5 >> Start >> 2020-10-01 20:52:08.728444

kpr5tvp0ir5 >> Image Returned >> 2020-10-01 20:52:08.728730

kpr5tvp0ir5 >> End >> 2020-10-01 20:52:08.915143

edh0jk58qym >> Start >> 2020-10-01 20:53:03.134457

edh0jk58qym >> Image Returned >> 2020-10-01 20:53:03.137377

edh0jk58qym >> End >> 2020-10-01 20:53:03.299916

gtecmd3vwma >> Start >> 2020-10-01 20:53:10.321671

gtecmd3vwma >> Image Returned >> 2020-10-01 20:53:10.321985

gtecmd3vwma >> End >> 2020-10-01 20:53:10.477199

yqradto5io4 >> Start >> 2020-10-01 20:53:35.806138

yqradto5io4 >> Image Returned >> 2020-10-01 20:53:35.809438

yqradto5io4 >> End >> 2020-10-01 20:53:35.968331

k7izgaav2ph >> Start >> 2020-10-01 20:56:18.411235

k7izgaav2ph >> Image Returned >> 2020-10-01 20:56:18.414849

k7izgaav2ph >> End >> 2020-10-01 20:56:18.574284

j3wrz0c2yhv >> Start >> 2020-10-01 20:57:28.488569

j3wrz0c2yhv >> Image Returned >> 2020-10-01 20:57:28.491780

j3wrz0c2yhv >> End >> 2020-10-01 20:57:28.677398

iy8ju8nfcnd >> Start >> 2020-10-01 21:00:22.168484

iy8ju8nfcnd >> Image Returned >> 2020-10-01 21:00:22.171964

iy8ju8nfcnd >> End >> 2020-10-01 21:00:22.340472

dxkfn0re0hg >> Start >> 2020-10-01 21:01:23.257992

dxkfn0re0hg >> Image Returned >> 2020-10-01 21:01:23.261245

dxkfn0re0hg >> End >> 2020-10-01 21:01:23.428930

x2yvpsngp4r >> Start >> 2020-10-01 21:02:10.917473

x2yvpsngp4r >> Image Returned >> 2020-10-01 21:02:10.920389

x2yvpsngp4r >> End >> 2020-10-01 21:02:11.100451

nmt2evusycg >> Start >> 2020-10-01 21:04:40.755841

nmt2evusycg >> Image Returned >> 2020-10-01 21:04:40.758943

nmt2evusycg >> End >> 2020-10-01 21:04:40.932581

w36z0gocny8 >> Start >> 2020-10-01 21:09:33.099334

w36z0gocny8 >> Image Returned >> 2020-10-01 21:09:33.102895

w36z0gocny8 >> End >> 2020-10-01 21:09:33.278975

nhyivxxrzkw >> Start >> 2020-10-01 21:13:25.143091

nhyivxxrzkw >> Image Returned >> 2020-10-01 21:13:25.146462

nhyivxxrzkw >> End >> 2020-10-01 21:13:25.309775

rpc5x5tceny >> Start >> 2020-10-01 21:14:58.538419

rpc5x5tceny >> Image Returned >> 2020-10-01 21:14:58.541867

rpc5x5tceny >> End >> 2020-10-01 21:14:58.722312

njdt8qcrvwx >> Start >> 2020-10-01 21:15:31.321321

njdt8qcrvwx >> Image Returned >> 2020-10-01 21:15:31.324408

njdt8qcrvwx >> End >> 2020-10-01 21:15:31.483853

6cygw4ees4y >> Start >> 2020-10-01 21:24:06.362226

6cygw4ees4y >> Image Returned >> 2020-10-01 21:24:06.365291

6cygw4ees4y >> End >> 2020-10-01 21:24:06.539836

f4pw65jjm72 >> Start >> 2020-10-01 21:31:04.740561

f4pw65jjm72 >> Image Returned >> 2020-10-01 21:31:04.743597

f4pw65jjm72 >> End >> 2020-10-01 21:31:04.903851

3extmsitcaq >> Start >> 2020-10-01 21:35:28.789452

3extmsitcaq >> Image Returned >> 2020-10-01 21:35:28.792558

3extmsitcaq >> End >> 2020-10-01 21:35:28.949289

8qcmw3inxj3 >> Start >> 2020-10-01 21:37:14.435831

8qcmw3inxj3 >> Image Returned >> 2020-10-01 21:37:14.441868

8qcmw3inxj3 >> End >> 2020-10-01 21:37:14.605130

bczzm3vyr36 >> Start >> 2020-10-01 21:41:21.420371

bczzm3vyr36 >> Image Returned >> 2020-10-01 21:41:21.424170

bczzm3vyr36 >> End >> 2020-10-01 21:41:21.585810

jgoea0cg6o5 >> Start >> 2020-10-01 21:45:39.643891

jgoea0cg6o5 >> Image Returned >> 2020-10-01 21:45:39.647814

jgoea0cg6o5 >> End >> 2020-10-01 21:45:39.807393

822j3e2hai2 >> Start >> 2020-10-01 21:50:51.752929

822j3e2hai2 >> Image Returned >> 2020-10-01 21:50:51.756659

822j3e2hai2 >> End >> 2020-10-01 21:50:51.919751

8qpx00uvc3d >> Start >> 2020-10-01 21:51:41.189301

8qpx00uvc3d >> Image Returned >> 2020-10-01 21:51:41.192708

8qpx00uvc3d >> End >> 2020-10-01 21:51:41.379242

kjambsgwk3p >> Start >> 2020-10-01 21:55:03.586673

kjambsgwk3p >> Image Returned >> 2020-10-01 21:55:03.590863

kjambsgwk3p >> End >> 2020-10-01 21:55:03.763526

tvtaumgtc42 >> Start >> 2020-10-01 21:56:57.641172

tvtaumgtc42 >> Image Returned >> 2020-10-01 21:56:57.646315

tvtaumgtc42 >> End >> 2020-10-01 21:56:57.815116

tb27h7qmu3a >> Start >> 2020-10-01 21:57:15.755301

tb27h7qmu3a >> Image Returned >> 2020-10-01 21:57:15.759314

tb27h7qmu3a >> End >> 2020-10-01 21:57:15.922554

2a3vdzh7zoc >> Start >> 2020-10-01 22:00:01.845669

2a3vdzh7zoc >> Image Returned >> 2020-10-01 22:00:01.848717

2a3vdzh7zoc >> End >> 2020-10-01 22:00:02.006314

at474ki78fj >> Start >> 2020-10-01 22:00:44.042318

at474ki78fj >> Image Returned >> 2020-10-01 22:00:44.045550

at474ki78fj >> End >> 2020-10-01 22:00:44.212701

tpcqb75ny7e >> Start >> 2020-10-01 22:12:35.336179

tpcqb75ny7e >> Image Returned >> 2020-10-01 22:12:35.340151

tpcqb75ny7e >> End >> 2020-10-01 22:12:35.513020

4b8zb52q0d3 >> Start >> 2020-10-01 22:12:57.215960

4b8zb52q0d3 >> Image Returned >> 2020-10-01 22:12:57.218935

4b8zb52q0d3 >> End >> 2020-10-01 22:12:57.377083

kre6qk50fts >> Start >> 2020-10-01 22:18:14.370037

kre6qk50fts >> Image Returned >> 2020-10-01 22:18:14.374193

kre6qk50fts >> End >> 2020-10-01 22:18:14.531940

vv6d8rcjkka >> Start >> 2020-10-01 22:21:54.839939

vv6d8rcjkka >> Image Returned >> 2020-10-01 22:21:54.843463

vv6d8rcjkka >> End >> 2020-10-01 22:21:55.003423

33tc5peizkk >> Start >> 2020-10-01 22:23:59.064948

33tc5peizkk >> Image Returned >> 2020-10-01 22:23:59.068847

33tc5peizkk >> End >> 2020-10-01 22:23:59.227370

o4jdu6xvdbt >> Start >> 2020-10-01 22:25:53.850545

o4jdu6xvdbt >> Image Returned >> 2020-10-01 22:25:53.853533

o4jdu6xvdbt >> End >> 2020-10-01 22:25:54.018702

ty0kpww48op >> Start >> 2020-10-01 22:26:07.783168

ty0kpww48op >> Image Returned >> 2020-10-01 22:26:07.786106

ty0kpww48op >> End >> 2020-10-01 22:26:07.944194

xx2xbn4xrbq >> Start >> 2020-10-01 22:27:00.903323

xx2xbn4xrbq >> Image Returned >> 2020-10-01 22:27:00.906672

xx2xbn4xrbq >> End >> 2020-10-01 22:27:01.071095

xdgrgfmcb8x >> Start >> 2020-10-01 22:28:26.555238

xdgrgfmcb8x >> Image Returned >> 2020-10-01 22:28:26.558499

xdgrgfmcb8x >> End >> 2020-10-01 22:28:26.718326

c38zrpktax6 >> Start >> 2020-10-01 22:33:18.310645

c38zrpktax6 >> Image Returned >> 2020-10-01 22:33:18.314225

c38zrpktax6 >> End >> 2020-10-01 22:33:18.469747

fdzpk23e8vj >> Start >> 2020-10-01 22:34:12.864113

fdzpk23e8vj >> Image Returned >> 2020-10-01 22:34:12.867346

fdzpk23e8vj >> End >> 2020-10-01 22:34:13.031271

gatvdfy635u >> Start >> 2020-10-01 22:34:25.921108

gatvdfy635u >> Image Returned >> 2020-10-01 22:34:25.924688

gatvdfy635u >> End >> 2020-10-01 22:34:26.087064

jbm4v35iho0 >> Start >> 2020-10-01 22:44:07.171042

jbm4v35iho0 >> Image Returned >> 2020-10-01 22:44:07.174886

jbm4v35iho0 >> End >> 2020-10-01 22:44:07.336064

3g58ysu4cq8 >> Start >> 2020-10-01 22:45:01.680481

3g58ysu4cq8 >> Image Returned >> 2020-10-01 22:45:01.685101

3g58ysu4cq8 >> End >> 2020-10-01 22:45:01.854600

7w562n8cy35 >> Start >> 2020-10-01 22:51:13.983148

7w562n8cy35 >> Image Returned >> 2020-10-01 22:51:13.987310

7w562n8cy35 >> End >> 2020-10-01 22:51:14.146631

knbtx6is7tj >> Start >> 2020-10-01 22:52:09.759263

knbtx6is7tj >> Image Returned >> 2020-10-01 22:52:09.762572

knbtx6is7tj >> End >> 2020-10-01 22:52:09.931735

g4ut7xbegxs >> Start >> 2020-10-01 22:52:55.588624

g4ut7xbegxs >> Image Returned >> 2020-10-01 22:52:55.591924

g4ut7xbegxs >> End >> 2020-10-01 22:52:55.762353

nzjrwk8nu7m >> Start >> 2020-10-01 22:52:57.828200

nzjrwk8nu7m >> Image Returned >> 2020-10-01 22:52:57.828556

nzjrwk8nu7m >> End >> 2020-10-01 22:52:57.994541

jrrjng4ai54 >> Start >> 2020-10-01 22:57:16.220212

jrrjng4ai54 >> Image Returned >> 2020-10-01 22:57:16.223742

jrrjng4ai54 >> End >> 2020-10-01 22:57:16.381601

uqr06cfrraa >> Start >> 2020-10-01 23:21:32.107002

uqr06cfrraa >> Image Returned >> 2020-10-01 23:21:32.110775

uqr06cfrraa >> End >> 2020-10-01 23:21:32.278439

8ahbzc2hvff >> Start >> 2020-10-01 23:22:40.729109

8ahbzc2hvff >> Image Returned >> 2020-10-01 23:22:40.732306

8ahbzc2hvff >> End >> 2020-10-01 23:22:40.889823

ezfspxookhb >> Start >> 2020-10-01 23:25:00.958889

ezfspxookhb >> Image Returned >> 2020-10-01 23:25:00.961750

ezfspxookhb >> End >> 2020-10-01 23:25:01.120393

23cnsg6gp7n >> Start >> 2020-10-01 23:44:32.996685

23cnsg6gp7n >> Image Returned >> 2020-10-01 23:44:32.999640

23cnsg6gp7n >> End >> 2020-10-01 23:44:33.166066

0dx6g6n84go >> Start >> 2020-10-01 23:44:35.986771

0dx6g6n84go >> Image Returned >> 2020-10-01 23:44:35.987083

0dx6g6n84go >> End >> 2020-10-01 23:44:36.163650

hrysiuteygy >> Start >> 2020-10-01 23:47:35.368505

hrysiuteygy >> Image Returned >> 2020-10-01 23:47:35.372488

hrysiuteygy >> End >> 2020-10-01 23:47:35.548012

