0bwec0ud3id >> Start >> 2020-08-13 00:23:43.713968

0bwec0ud3id >> Image Returned >> 2020-08-13 00:23:43.719058

0bwec0ud3id >> End >> 2020-08-13 00:23:43.859631

rto6cprcmy6 >> Start >> 2020-08-13 00:34:18.542740

rto6cprcmy6 >> Image Returned >> 2020-08-13 00:34:18.546363

rto6cprcmy6 >> End >> 2020-08-13 00:34:18.692812

tza7utbqcv0 >> Start >> 2020-08-13 00:37:18.730761

tza7utbqcv0 >> Image Returned >> 2020-08-13 00:37:18.734510

tza7utbqcv0 >> End >> 2020-08-13 00:37:18.886333

nszsf3ffo0e >> Start >> 2020-08-13 00:48:25.302459

nszsf3ffo0e >> Image Returned >> 2020-08-13 00:48:25.305557

nszsf3ffo0e >> End >> 2020-08-13 00:48:25.447832

befgxf2iav3 >> Start >> 2020-08-13 01:02:10.874897

befgxf2iav3 >> Image Returned >> 2020-08-13 01:02:10.877983

befgxf2iav3 >> End >> 2020-08-13 01:02:11.024648

w30qdujkv0u >> Start >> 2020-08-13 01:03:51.609046

w30qdujkv0u >> Image Returned >> 2020-08-13 01:03:51.612448

w30qdujkv0u >> End >> 2020-08-13 01:03:51.770272

8btroo8psfh >> Start >> 2020-08-13 01:07:24.940165

8btroo8psfh >> Image Returned >> 2020-08-13 01:07:24.944241

8btroo8psfh >> End >> 2020-08-13 01:07:25.083260

6ttpefvwdyv >> Start >> 2020-08-13 01:22:18.392412

6ttpefvwdyv >> Image Returned >> 2020-08-13 01:22:18.396076

6ttpefvwdyv >> End >> 2020-08-13 01:22:18.552530

0vv3x22hh73 >> Start >> 2020-08-13 01:28:40.547771

0vv3x22hh73 >> Image Returned >> 2020-08-13 01:28:40.551132

0vv3x22hh73 >> End >> 2020-08-13 01:28:40.695384

u7fxogufg4u >> Start >> 2020-08-13 01:29:52.239578

u7fxogufg4u >> Image Returned >> 2020-08-13 01:29:52.242961

u7fxogufg4u >> End >> 2020-08-13 01:29:52.396388

o2mf73vr2xs >> Start >> 2020-08-13 01:29:52.591830

o2mf73vr2xs >> Image Returned >> 2020-08-13 01:29:52.592180

o2mf73vr2xs >> End >> 2020-08-13 01:29:52.741357

eg0p3ath0mj >> Start >> 2020-08-13 01:37:15.441816

eg0p3ath0mj >> Image Returned >> 2020-08-13 01:37:15.445281

eg0p3ath0mj >> End >> 2020-08-13 01:37:15.586882

pi6nyizt5jk >> Start >> 2020-08-13 01:54:21.117736

pi6nyizt5jk >> Image Returned >> 2020-08-13 01:54:21.121561

pi6nyizt5jk >> End >> 2020-08-13 01:54:21.259840

v5hmpkw30vr >> Start >> 2020-08-13 02:04:22.975661

v5hmpkw30vr >> Image Returned >> 2020-08-13 02:04:22.979243

v5hmpkw30vr >> End >> 2020-08-13 02:04:23.128566

8bnh662ns23 >> Start >> 2020-08-13 02:45:41.029323

8bnh662ns23 >> Image Returned >> 2020-08-13 02:45:41.032645

8bnh662ns23 >> End >> 2020-08-13 02:45:41.177058

khhai8mcoud >> Start >> 2020-08-13 03:05:59.793138

khhai8mcoud >> Image Returned >> 2020-08-13 03:05:59.797687

khhai8mcoud >> End >> 2020-08-13 03:05:59.942372

uzr7fvtvnfr >> Start >> 2020-08-13 03:06:06.449271

uzr7fvtvnfr >> Image Returned >> 2020-08-13 03:06:06.449590

uzr7fvtvnfr >> End >> 2020-08-13 03:06:06.598859

4vdwijvbkhh >> Start >> 2020-08-13 03:06:31.487272

4vdwijvbkhh >> Image Returned >> 2020-08-13 03:06:31.490817

4vdwijvbkhh >> End >> 2020-08-13 03:06:31.633251

0ozemb4ehqh >> Start >> 2020-08-13 05:15:45.536161

0ozemb4ehqh >> Image Returned >> 2020-08-13 05:15:45.540436

0ozemb4ehqh >> End >> 2020-08-13 05:15:45.698919

kswckf5keiz >> Start >> 2020-08-13 06:09:36.465564

kswckf5keiz >> Image Returned >> 2020-08-13 06:09:36.474889

kswckf5keiz >> End >> 2020-08-13 06:09:36.608061

3ger8gghrk7 >> Start >> 2020-08-13 06:27:57.899449

3ger8gghrk7 >> Image Returned >> 2020-08-13 06:27:57.902297

3ger8gghrk7 >> End >> 2020-08-13 06:27:58.043565

wsbbg2rgrkh >> Start >> 2020-08-13 06:29:46.819859

wsbbg2rgrkh >> Image Returned >> 2020-08-13 06:29:46.822681

wsbbg2rgrkh >> End >> 2020-08-13 06:29:46.975393

f7semgf323i >> Start >> 2020-08-13 06:48:05.161052

f7semgf323i >> Image Returned >> 2020-08-13 06:48:05.164161

f7semgf323i >> End >> 2020-08-13 06:48:05.304547

4mx04mxa2az >> Start >> 2020-08-13 06:48:15.192666

4mx04mxa2az >> Image Returned >> 2020-08-13 06:48:15.192975

4mx04mxa2az >> End >> 2020-08-13 06:48:15.337687

8rko22hrzsu >> Start >> 2020-08-13 06:48:15.711085

8rko22hrzsu >> Image Returned >> 2020-08-13 06:48:15.711369

8rko22hrzsu >> End >> 2020-08-13 06:48:15.853430

mnws3t73b2p >> Start >> 2020-08-13 06:59:51.716176

mnws3t73b2p >> Image Returned >> 2020-08-13 06:59:51.719408

mnws3t73b2p >> End >> 2020-08-13 06:59:51.860776

so6540u7oy6 >> Start >> 2020-08-13 07:00:03.393142

so6540u7oy6 >> Image Returned >> 2020-08-13 07:00:03.395836

so6540u7oy6 >> End >> 2020-08-13 07:00:03.539654

8a50ef8yu6q >> Start >> 2020-08-13 07:02:10.222090

8a50ef8yu6q >> Image Returned >> 2020-08-13 07:02:10.225249

8a50ef8yu6q >> End >> 2020-08-13 07:02:10.370251

msgadtffk0c >> Start >> 2020-08-13 07:41:31.277297

msgadtffk0c >> Image Returned >> 2020-08-13 07:41:31.280287

msgadtffk0c >> End >> 2020-08-13 07:41:31.422046

xtub6mjv7fk >> Start >> 2020-08-13 07:57:33.291918

xtub6mjv7fk >> Image Returned >> 2020-08-13 07:57:33.294996

xtub6mjv7fk >> End >> 2020-08-13 07:57:33.437210

63yrsu6n0qw >> Start >> 2020-08-13 08:16:18.734291

63yrsu6n0qw >> Image Returned >> 2020-08-13 08:16:18.737777

63yrsu6n0qw >> End >> 2020-08-13 08:16:18.881700

7hkd85vyxiq >> Start >> 2020-08-13 08:20:43.567549

7hkd85vyxiq >> Image Returned >> 2020-08-13 08:20:43.570553

7hkd85vyxiq >> End >> 2020-08-13 08:20:43.718406

igo4ajwgt62 >> Start >> 2020-08-13 08:25:53.779799

igo4ajwgt62 >> Image Returned >> 2020-08-13 08:25:53.782598

igo4ajwgt62 >> End >> 2020-08-13 08:25:53.910182

chdrj5yga0y >> Start >> 2020-08-13 08:37:03.241096

chdrj5yga0y >> Image Returned >> 2020-08-13 08:37:03.244107

chdrj5yga0y >> End >> 2020-08-13 08:37:03.390166

3aeq74wbkhr >> Start >> 2020-08-13 08:50:33.571825

3aeq74wbkhr >> Image Returned >> 2020-08-13 08:50:33.574867

3aeq74wbkhr >> End >> 2020-08-13 08:50:33.715637

n6czrknyjxn >> Start >> 2020-08-13 09:03:04.506710

n6czrknyjxn >> Image Returned >> 2020-08-13 09:03:04.509824

n6czrknyjxn >> End >> 2020-08-13 09:03:04.650168

kuca7b48xbz >> Start >> 2020-08-13 09:14:13.980993

kuca7b48xbz >> Image Returned >> 2020-08-13 09:14:13.984003

kuca7b48xbz >> End >> 2020-08-13 09:14:14.127438

a5setcjc52y >> Start >> 2020-08-13 09:30:32.159970

a5setcjc52y >> Image Returned >> 2020-08-13 09:30:32.164076

a5setcjc52y >> End >> 2020-08-13 09:30:32.305033

wq2igmvtbtz >> Start >> 2020-08-13 09:30:42.807101

wq2igmvtbtz >> Image Returned >> 2020-08-13 09:30:42.807373

wq2igmvtbtz >> End >> 2020-08-13 09:30:42.949115

mvia84ruept >> Start >> 2020-08-13 09:43:16.489418

mvia84ruept >> Image Returned >> 2020-08-13 09:43:16.492763

mvia84ruept >> End >> 2020-08-13 09:43:16.638739

aghq3y4qtb2 >> Start >> 2020-08-13 09:44:43.686475

aghq3y4qtb2 >> Image Returned >> 2020-08-13 09:44:43.689610

aghq3y4qtb2 >> End >> 2020-08-13 09:44:43.834836

0hojadvikyk >> Start >> 2020-08-13 09:57:43.367296

0hojadvikyk >> Image Returned >> 2020-08-13 09:57:43.371026

0hojadvikyk >> End >> 2020-08-13 09:57:43.534971

ge70gjfkuiz >> Start >> 2020-08-13 10:06:29.823353

ge70gjfkuiz >> Image Returned >> 2020-08-13 10:06:29.826621

ge70gjfkuiz >> End >> 2020-08-13 10:06:29.963995

ug8ukodx73c >> Start >> 2020-08-13 10:10:04.798629

ug8ukodx73c >> Image Returned >> 2020-08-13 10:10:04.801541

ug8ukodx73c >> End >> 2020-08-13 10:10:05.082007

44yzy8ukw00 >> Start >> 2020-08-13 10:15:56.420331

44yzy8ukw00 >> Image Returned >> 2020-08-13 10:15:56.424196

44yzy8ukw00 >> End >> 2020-08-13 10:15:56.568490

gp4o2s2rpgm >> Start >> 2020-08-13 10:31:01.807707

gp4o2s2rpgm >> Image Returned >> 2020-08-13 10:31:01.810684

gp4o2s2rpgm >> End >> 2020-08-13 10:31:01.952003

jru5i6mgzmh >> Start >> 2020-08-13 10:41:26.522331

jru5i6mgzmh >> Image Returned >> 2020-08-13 10:41:26.525752

jru5i6mgzmh >> End >> 2020-08-13 10:41:26.667654

3k5dz3uww5e >> Start >> 2020-08-13 10:45:47.047307

3k5dz3uww5e >> Image Returned >> 2020-08-13 10:45:47.050733

3k5dz3uww5e >> End >> 2020-08-13 10:45:47.194191

38vxtyeb37y >> Start >> 2020-08-13 10:52:46.315066

38vxtyeb37y >> Image Returned >> 2020-08-13 10:52:46.317995

38vxtyeb37y >> End >> 2020-08-13 10:52:46.458242

xt3qn6x5o2t >> Start >> 2020-08-13 11:00:54.435647

xt3qn6x5o2t >> Image Returned >> 2020-08-13 11:00:54.439500

xt3qn6x5o2t >> End >> 2020-08-13 11:00:54.586785

ys7f0ogxfdj >> Start >> 2020-08-13 11:10:52.079652

ys7f0ogxfdj >> Image Returned >> 2020-08-13 11:10:52.082895

ys7f0ogxfdj >> End >> 2020-08-13 11:10:52.229346

4m028ko6sph >> Start >> 2020-08-13 11:22:33.254131

4m028ko6sph >> Image Returned >> 2020-08-13 11:22:33.257302

4m028ko6sph >> End >> 2020-08-13 11:22:33.414510

rz4uwqxjvwm >> Start >> 2020-08-13 11:23:06.032094

rz4uwqxjvwm >> Image Returned >> 2020-08-13 11:23:06.034996

rz4uwqxjvwm >> End >> 2020-08-13 11:23:06.185077

4kuhwupo7s3 >> Start >> 2020-08-13 11:24:02.136441

4kuhwupo7s3 >> Image Returned >> 2020-08-13 11:24:02.139333

4kuhwupo7s3 >> End >> 2020-08-13 11:24:02.283010

c8zgdagyue2 >> Start >> 2020-08-13 11:26:17.939068

c8zgdagyue2 >> Image Returned >> 2020-08-13 11:26:17.942281

c8zgdagyue2 >> End >> 2020-08-13 11:26:18.089796

8syvifq8oky >> Start >> 2020-08-13 11:32:58.191761

8syvifq8oky >> Image Returned >> 2020-08-13 11:32:58.194986

8syvifq8oky >> End >> 2020-08-13 11:32:58.341018

dhsprgearzy >> Start >> 2020-08-13 11:33:14.741269

dhsprgearzy >> Image Returned >> 2020-08-13 11:33:14.744404

dhsprgearzy >> End >> 2020-08-13 11:33:14.885966

xwvcz3xcqnz >> Start >> 2020-08-13 11:38:22.124711

xwvcz3xcqnz >> Image Returned >> 2020-08-13 11:38:22.129738

xwvcz3xcqnz >> End >> 2020-08-13 11:38:22.270896

5d6nuy5fyib >> Start >> 2020-08-13 11:38:58.801637

5d6nuy5fyib >> Image Returned >> 2020-08-13 11:38:58.804619

5d6nuy5fyib >> End >> 2020-08-13 11:38:58.929018

4tzdxfpgi5t >> Start >> 2020-08-13 11:48:02.227322

4tzdxfpgi5t >> Image Returned >> 2020-08-13 11:48:02.230756

4tzdxfpgi5t >> End >> 2020-08-13 11:48:02.376096

gtcaqedzx42 >> Start >> 2020-08-13 12:02:54.304522

gtcaqedzx42 >> Image Returned >> 2020-08-13 12:02:54.308161

gtcaqedzx42 >> End >> 2020-08-13 12:02:54.459055

nxaozbzuxet >> Start >> 2020-08-13 12:03:36.244487

nxaozbzuxet >> Image Returned >> 2020-08-13 12:03:36.247895

nxaozbzuxet >> End >> 2020-08-13 12:03:36.395927

chw7rz4bd2t >> Start >> 2020-08-13 12:20:07.626823

chw7rz4bd2t >> Image Returned >> 2020-08-13 12:20:07.630645

chw7rz4bd2t >> End >> 2020-08-13 12:20:07.786348

obsrdmdoz6h >> Start >> 2020-08-13 12:20:16.988662

obsrdmdoz6h >> Image Returned >> 2020-08-13 12:20:16.989080

obsrdmdoz6h >> End >> 2020-08-13 12:20:17.138731

whkd2fbuh5f >> Start >> 2020-08-13 12:25:38.886843

whkd2fbuh5f >> Image Returned >> 2020-08-13 12:25:38.889863

whkd2fbuh5f >> End >> 2020-08-13 12:25:39.051148

b7nzmxutjcy >> Start >> 2020-08-13 12:32:11.971550

b7nzmxutjcy >> Image Returned >> 2020-08-13 12:32:11.974772

b7nzmxutjcy >> End >> 2020-08-13 12:32:12.122142

5zyz6vbjzoe >> Start >> 2020-08-13 12:38:14.234289

5zyz6vbjzoe >> Image Returned >> 2020-08-13 12:38:14.237922

5zyz6vbjzoe >> End >> 2020-08-13 12:38:14.380764

qjdxhocwiqy >> Start >> 2020-08-13 12:53:38.716851

qjdxhocwiqy >> Image Returned >> 2020-08-13 12:53:38.720807

qjdxhocwiqy >> End >> 2020-08-13 12:53:38.862608

77gvpxcb6tc >> Start >> 2020-08-13 12:59:55.102953

77gvpxcb6tc >> Image Returned >> 2020-08-13 12:59:55.106528

77gvpxcb6tc >> End >> 2020-08-13 12:59:55.247435

8r8ahthc6tt >> Start >> 2020-08-13 13:11:56.849280

8r8ahthc6tt >> Image Returned >> 2020-08-13 13:11:56.852422

8r8ahthc6tt >> End >> 2020-08-13 13:11:57.009979

k0jzw5hshfr >> Start >> 2020-08-13 13:26:37.074650

k0jzw5hshfr >> Image Returned >> 2020-08-13 13:26:37.078219

k0jzw5hshfr >> End >> 2020-08-13 13:26:37.227718

kht3frxf04h >> Start >> 2020-08-13 13:37:09.571436

kht3frxf04h >> Image Returned >> 2020-08-13 13:37:09.574428

kht3frxf04h >> End >> 2020-08-13 13:37:09.715539

hw073yqvmvf >> Start >> 2020-08-13 13:46:51.158438

hw073yqvmvf >> Image Returned >> 2020-08-13 13:46:51.161799

hw073yqvmvf >> End >> 2020-08-13 13:46:51.304224

kf2fvyq4vwq >> Start >> 2020-08-13 14:00:12.342267

kf2fvyq4vwq >> Image Returned >> 2020-08-13 14:00:12.346366

kf2fvyq4vwq >> End >> 2020-08-13 14:00:12.476300

n0u8dex4djc >> Start >> 2020-08-13 14:08:37.158766

n0u8dex4djc >> Image Returned >> 2020-08-13 14:08:37.162761

n0u8dex4djc >> End >> 2020-08-13 14:08:37.320631

xtgnuvf5mi0 >> Start >> 2020-08-13 14:15:36.446978

xtgnuvf5mi0 >> Image Returned >> 2020-08-13 14:15:36.450360

xtgnuvf5mi0 >> End >> 2020-08-13 14:15:36.595449

ob4cjpgp3xo >> Start >> 2020-08-13 14:19:13.781299

ob4cjpgp3xo >> Image Returned >> 2020-08-13 14:19:13.784820

ob4cjpgp3xo >> End >> 2020-08-13 14:19:13.926188

0tipcko5mbi >> Start >> 2020-08-13 14:52:50.990360

0tipcko5mbi >> Image Returned >> 2020-08-13 14:52:50.993741

0tipcko5mbi >> End >> 2020-08-13 14:52:51.135550

8i54zffge54 >> Start >> 2020-08-13 15:02:29.573863

8i54zffge54 >> Image Returned >> 2020-08-13 15:02:29.577811

8i54zffge54 >> End >> 2020-08-13 15:02:29.718729

gkoukcnr0u2 >> Start >> 2020-08-13 15:03:15.848124

gkoukcnr0u2 >> Image Returned >> 2020-08-13 15:03:15.851346

gkoukcnr0u2 >> End >> 2020-08-13 15:03:15.995240

ptypcfeyumx >> Start >> 2020-08-13 15:03:42.345757

ptypcfeyumx >> Image Returned >> 2020-08-13 15:03:42.349318

ptypcfeyumx >> End >> 2020-08-13 15:03:42.495194

6f8ndbgviwg >> Start >> 2020-08-13 15:04:38.270416

6f8ndbgviwg >> Image Returned >> 2020-08-13 15:04:38.274271

6f8ndbgviwg >> End >> 2020-08-13 15:04:38.419121

fejsnfxas84 >> Start >> 2020-08-13 15:29:10.886306

fejsnfxas84 >> Image Returned >> 2020-08-13 15:29:10.890032

fejsnfxas84 >> End >> 2020-08-13 15:29:11.042246

i85nbi7oo8d >> Start >> 2020-08-13 15:29:36.043951

i85nbi7oo8d >> Image Returned >> 2020-08-13 15:29:36.047205

i85nbi7oo8d >> End >> 2020-08-13 15:29:36.189745

m3bpb2z8j33 >> Start >> 2020-08-13 15:48:02.407022

m3bpb2z8j33 >> Image Returned >> 2020-08-13 15:48:02.410795

m3bpb2z8j33 >> End >> 2020-08-13 15:48:02.552393

pnuwea3s8gb >> Start >> 2020-08-13 15:48:32.215301

pnuwea3s8gb >> Image Returned >> 2020-08-13 15:48:32.218655

pnuwea3s8gb >> End >> 2020-08-13 15:48:32.394731

mtbbhpdc3cb >> Start >> 2020-08-13 15:53:09.640338

mtbbhpdc3cb >> Image Returned >> 2020-08-13 15:53:09.645279

mtbbhpdc3cb >> End >> 2020-08-13 15:53:09.800846

cvjnjuse0j3 >> Start >> 2020-08-13 15:53:36.124671

cvjnjuse0j3 >> Image Returned >> 2020-08-13 15:53:36.128200

cvjnjuse0j3 >> End >> 2020-08-13 15:53:36.270564

5yzfea8s23p >> Start >> 2020-08-13 16:04:37.136378

5yzfea8s23p >> Image Returned >> 2020-08-13 16:04:37.139704

5yzfea8s23p >> End >> 2020-08-13 16:04:37.281640

padxsrrmxc7 >> Start >> 2020-08-13 16:06:40.193037

padxsrrmxc7 >> Image Returned >> 2020-08-13 16:06:40.196151

padxsrrmxc7 >> End >> 2020-08-13 16:06:40.337183

306byzumgur >> Start >> 2020-08-13 16:28:27.302406

306byzumgur >> Image Returned >> 2020-08-13 16:28:27.307435

306byzumgur >> End >> 2020-08-13 16:28:27.457195

2i3us4uce6f >> Start >> 2020-08-13 16:38:03.844306

2i3us4uce6f >> Image Returned >> 2020-08-13 16:38:03.847976

2i3us4uce6f >> End >> 2020-08-13 16:38:03.989989

rtr5sgx0diu >> Start >> 2020-08-13 16:45:06.584909

rtr5sgx0diu >> Image Returned >> 2020-08-13 16:45:06.588308

rtr5sgx0diu >> End >> 2020-08-13 16:45:06.737569

3ni4d8jyksp >> Start >> 2020-08-13 16:46:41.481509

3ni4d8jyksp >> Image Returned >> 2020-08-13 16:46:41.484992

3ni4d8jyksp >> End >> 2020-08-13 16:46:41.624260

a5m80ssq0f8 >> Start >> 2020-08-13 16:50:47.517468

a5m80ssq0f8 >> Image Returned >> 2020-08-13 16:50:47.521013

a5m80ssq0f8 >> End >> 2020-08-13 16:50:47.691606

i40gzev408x >> Start >> 2020-08-13 16:55:02.053190

i40gzev408x >> Image Returned >> 2020-08-13 16:55:02.056425

i40gzev408x >> End >> 2020-08-13 16:55:02.212697

w8ux7ctv7fb >> Start >> 2020-08-13 16:56:00.045150

w8ux7ctv7fb >> Image Returned >> 2020-08-13 16:56:00.048518

w8ux7ctv7fb >> End >> 2020-08-13 16:56:00.200783

afmfrja723q >> Start >> 2020-08-13 17:04:24.350809

afmfrja723q >> Image Returned >> 2020-08-13 17:04:24.354213

afmfrja723q >> End >> 2020-08-13 17:04:24.505958

n265ny6y6ay >> Start >> 2020-08-13 17:11:13.387002

n265ny6y6ay >> Image Returned >> 2020-08-13 17:11:13.390238

n265ny6y6ay >> End >> 2020-08-13 17:11:13.539593

qspemumjk62 >> Start >> 2020-08-13 17:12:08.577023

qspemumjk62 >> Image Returned >> 2020-08-13 17:12:08.580610

qspemumjk62 >> End >> 2020-08-13 17:12:08.725615

347jywkf2qi >> Start >> 2020-08-13 17:27:04.776695

347jywkf2qi >> Image Returned >> 2020-08-13 17:27:04.781275

347jywkf2qi >> End >> 2020-08-13 17:27:04.964700

m67wc764wtu >> Start >> 2020-08-13 17:35:17.161942

m67wc764wtu >> Image Returned >> 2020-08-13 17:35:17.165256

m67wc764wtu >> End >> 2020-08-13 17:35:17.310365

nutrhodn2mo >> Start >> 2020-08-13 17:58:36.418080

nutrhodn2mo >> Image Returned >> 2020-08-13 17:58:36.423589

nutrhodn2mo >> End >> 2020-08-13 17:58:36.565203

vis5n03aurk >> Start >> 2020-08-13 18:02:00.179747

vis5n03aurk >> Image Returned >> 2020-08-13 18:02:00.183012

vis5n03aurk >> End >> 2020-08-13 18:02:00.330655

owunz76s2ty >> Start >> 2020-08-13 18:02:29.229285

owunz76s2ty >> Image Returned >> 2020-08-13 18:02:29.233666

owunz76s2ty >> End >> 2020-08-13 18:02:29.377227

dte5ux3ebv5 >> Start >> 2020-08-13 18:02:41.257215

dte5ux3ebv5 >> Image Returned >> 2020-08-13 18:02:41.260412

dte5ux3ebv5 >> End >> 2020-08-13 18:02:41.402847

rvxgoi0nrmc >> Start >> 2020-08-13 18:06:48.306927

rvxgoi0nrmc >> Image Returned >> 2020-08-13 18:06:48.311161

rvxgoi0nrmc >> End >> 2020-08-13 18:06:48.460108

npznmurrn7n >> Start >> 2020-08-13 18:47:15.850848

npznmurrn7n >> Image Returned >> 2020-08-13 18:47:15.854242

npznmurrn7n >> End >> 2020-08-13 18:47:15.996232

c0x3z8d57tm >> Start >> 2020-08-13 18:57:14.650634

c0x3z8d57tm >> Image Returned >> 2020-08-13 18:57:14.653847

c0x3z8d57tm >> End >> 2020-08-13 18:57:14.807548

7tnyd0ao88a >> Start >> 2020-08-13 19:36:23.305269

7tnyd0ao88a >> Image Returned >> 2020-08-13 19:36:23.310275

7tnyd0ao88a >> End >> 2020-08-13 19:36:23.464893

cr5r5uhc8w5 >> Start >> 2020-08-13 19:45:27.293550

cr5r5uhc8w5 >> Image Returned >> 2020-08-13 19:45:27.296890

cr5r5uhc8w5 >> End >> 2020-08-13 19:45:27.445446

mdpdj2rrfme >> Start >> 2020-08-13 20:06:10.923350

mdpdj2rrfme >> Image Returned >> 2020-08-13 20:06:10.926595

mdpdj2rrfme >> End >> 2020-08-13 20:06:11.074091

4njr2mb84pw >> Start >> 2020-08-13 20:06:27.622421

4njr2mb84pw >> Image Returned >> 2020-08-13 20:06:27.626765

4njr2mb84pw >> End >> 2020-08-13 20:06:27.775919

rx2ozdrqtgw >> Start >> 2020-08-13 20:08:52.964853

rx2ozdrqtgw >> Image Returned >> 2020-08-13 20:08:52.969028

rx2ozdrqtgw >> End >> 2020-08-13 20:08:53.137573

otg00o2u3xo >> Start >> 2020-08-13 20:17:38.187046

otg00o2u3xo >> Image Returned >> 2020-08-13 20:17:38.190357

otg00o2u3xo >> End >> 2020-08-13 20:17:38.336095

3i44gupqjrp >> Start >> 2020-08-13 20:25:17.566138

3i44gupqjrp >> Image Returned >> 2020-08-13 20:25:17.569380

3i44gupqjrp >> End >> 2020-08-13 20:25:17.719688

t48sn78fvpr >> Start >> 2020-08-13 20:28:21.560853

t48sn78fvpr >> Image Returned >> 2020-08-13 20:28:21.564302

t48sn78fvpr >> End >> 2020-08-13 20:28:21.706446

rg5nufv8x45 >> Start >> 2020-08-13 20:37:25.893668

rg5nufv8x45 >> Image Returned >> 2020-08-13 20:37:25.897456

rg5nufv8x45 >> End >> 2020-08-13 20:37:26.049823

v4ttx267ok6 >> Start >> 2020-08-13 20:59:47.836110

v4ttx267ok6 >> Image Returned >> 2020-08-13 20:59:47.839662

v4ttx267ok6 >> End >> 2020-08-13 20:59:47.992981

yf074qngzjn >> Start >> 2020-08-13 21:44:32.803086

yf074qngzjn >> Image Returned >> 2020-08-13 21:44:32.807816

yf074qngzjn >> End >> 2020-08-13 21:44:32.952575

8a0thv4rzvr >> Start >> 2020-08-13 21:44:33.317854

8a0thv4rzvr >> Image Returned >> 2020-08-13 21:44:33.318161

8a0thv4rzvr >> End >> 2020-08-13 21:44:33.458062

533ogxjjcsv >> Start >> 2020-08-13 21:48:58.262331

533ogxjjcsv >> Image Returned >> 2020-08-13 21:48:58.266462

533ogxjjcsv >> End >> 2020-08-13 21:48:58.415111

2pq7402f6vk >> Start >> 2020-08-13 21:53:32.641602

2pq7402f6vk >> Image Returned >> 2020-08-13 21:53:32.645215

2pq7402f6vk >> End >> 2020-08-13 21:53:32.791712

a3mthhzg67m >> Start >> 2020-08-13 21:56:29.872236

a3mthhzg67m >> Image Returned >> 2020-08-13 21:56:29.875762

a3mthhzg67m >> End >> 2020-08-13 21:56:30.021846

cjapiiqan0r >> Start >> 2020-08-13 22:01:15.830658

cjapiiqan0r >> Image Returned >> 2020-08-13 22:01:15.834125

cjapiiqan0r >> End >> 2020-08-13 22:01:15.983062

cxwje8w0yjm >> Start >> 2020-08-13 22:11:35.947266

cxwje8w0yjm >> Image Returned >> 2020-08-13 22:11:35.953553

cxwje8w0yjm >> End >> 2020-08-13 22:11:36.099925

xn2muzmfbvh >> Start >> 2020-08-13 22:35:03.909754

xn2muzmfbvh >> Image Returned >> 2020-08-13 22:35:03.913547

xn2muzmfbvh >> End >> 2020-08-13 22:35:04.058300

5m5j7mg3upf >> Start >> 2020-08-13 22:36:56.007457

5m5j7mg3upf >> Image Returned >> 2020-08-13 22:36:56.011945

5m5j7mg3upf >> End >> 2020-08-13 22:36:56.152363

408gcaeovtv >> Start >> 2020-08-13 22:45:01.995373

408gcaeovtv >> Image Returned >> 2020-08-13 22:45:01.999736

408gcaeovtv >> End >> 2020-08-13 22:45:02.145006

ts7tibnh5kq >> Start >> 2020-08-13 23:23:01.875761

ts7tibnh5kq >> Image Returned >> 2020-08-13 23:23:01.880342

ts7tibnh5kq >> End >> 2020-08-13 23:23:02.030889

ejbeayygi84 >> Start >> 2020-08-13 23:31:31.369261

ejbeayygi84 >> Image Returned >> 2020-08-13 23:31:31.372648

ejbeayygi84 >> End >> 2020-08-13 23:31:31.514539

wvjn238uadb >> Start >> 2020-08-13 23:41:23.592457

wvjn238uadb >> Image Returned >> 2020-08-13 23:41:23.596065

wvjn238uadb >> End >> 2020-08-13 23:41:23.740962

x75f0cmwy4w >> Start >> 2020-08-13 23:55:51.324626

x75f0cmwy4w >> Image Returned >> 2020-08-13 23:55:51.329606

x75f0cmwy4w >> End >> 2020-08-13 23:55:51.479439

27fa2waxm6s >> Start >> 2020-08-13 23:55:56.745521

27fa2waxm6s >> Image Returned >> 2020-08-13 23:55:56.745834

27fa2waxm6s >> End >> 2020-08-13 23:55:56.887243

