v40bvs8y66h >> Start >> 2020-08-25 00:12:56.637167

v40bvs8y66h >> Image Returned >> 2020-08-25 00:12:56.642035

v40bvs8y66h >> End >> 2020-08-25 00:12:56.786066

unxsnzsebpv >> Start >> 2020-08-25 00:17:08.755812

unxsnzsebpv >> Image Returned >> 2020-08-25 00:17:08.760493

unxsnzsebpv >> End >> 2020-08-25 00:17:08.915927

mwdmvko6kmd >> Start >> 2020-08-25 00:29:35.952032

mwdmvko6kmd >> Image Returned >> 2020-08-25 00:29:35.956065

mwdmvko6kmd >> End >> 2020-08-25 00:29:36.102070

bp0nyppgnu3 >> Start >> 2020-08-25 00:30:19.519316

bp0nyppgnu3 >> Image Returned >> 2020-08-25 00:30:19.524171

bp0nyppgnu3 >> End >> 2020-08-25 00:30:19.667915

gudaxeevw6g >> Start >> 2020-08-25 00:30:32.703751

gudaxeevw6g >> Image Returned >> 2020-08-25 00:30:32.707782

gudaxeevw6g >> End >> 2020-08-25 00:30:32.853019

fvjna4on87e >> Start >> 2020-08-25 00:31:00.479162

fvjna4on87e >> Image Returned >> 2020-08-25 00:31:00.483535

fvjna4on87e >> End >> 2020-08-25 00:31:00.629698

gyd6uo4x67m >> Start >> 2020-08-25 00:36:56.496660

gyd6uo4x67m >> Image Returned >> 2020-08-25 00:36:56.501775

gyd6uo4x67m >> End >> 2020-08-25 00:36:56.664452

2ubrkbkat6c >> Start >> 2020-08-25 00:50:59.243397

2ubrkbkat6c >> Image Returned >> 2020-08-25 00:50:59.249711

2ubrkbkat6c >> End >> 2020-08-25 00:50:59.393861

87jxu3ejg3p >> Start >> 2020-08-25 00:56:10.531013

87jxu3ejg3p >> Image Returned >> 2020-08-25 00:56:10.535970

87jxu3ejg3p >> End >> 2020-08-25 00:56:10.675662

a5z8tna8cx2 >> Start >> 2020-08-25 01:14:22.510662

a5z8tna8cx2 >> Image Returned >> 2020-08-25 01:14:22.515285

a5z8tna8cx2 >> End >> 2020-08-25 01:14:22.661319

dwndvx3d2hb >> Start >> 2020-08-25 01:20:51.943593

dwndvx3d2hb >> Image Returned >> 2020-08-25 01:20:51.948010

dwndvx3d2hb >> End >> 2020-08-25 01:20:52.092071

5dti6jtu0nm >> Start >> 2020-08-25 01:33:57.861330

5dti6jtu0nm >> Image Returned >> 2020-08-25 01:33:57.866678

5dti6jtu0nm >> End >> 2020-08-25 01:33:58.013251

7e0gffqxr8t >> Start >> 2020-08-25 01:42:39.988681

7e0gffqxr8t >> Image Returned >> 2020-08-25 01:42:39.993674

7e0gffqxr8t >> End >> 2020-08-25 01:42:40.137932

6nuhim4ms5w >> Start >> 2020-08-25 01:54:51.364866

6nuhim4ms5w >> Image Returned >> 2020-08-25 01:54:51.369781

6nuhim4ms5w >> End >> 2020-08-25 01:54:51.514674

ks07cxi2e7j >> Start >> 2020-08-25 01:55:36.067223

ks07cxi2e7j >> Image Returned >> 2020-08-25 01:55:36.072751

ks07cxi2e7j >> End >> 2020-08-25 01:55:36.226847

248sqydg2bf >> Start >> 2020-08-25 02:29:13.807295

248sqydg2bf >> Image Returned >> 2020-08-25 02:29:13.811434

248sqydg2bf >> End >> 2020-08-25 02:29:13.953254

sxs756o5kee >> Start >> 2020-08-25 02:43:14.531492

sxs756o5kee >> Image Returned >> 2020-08-25 02:43:14.535741

sxs756o5kee >> End >> 2020-08-25 02:43:14.677951

5q0eqia2p4a >> Start >> 2020-08-25 03:17:48.940921

5q0eqia2p4a >> Image Returned >> 2020-08-25 03:17:48.944927

5q0eqia2p4a >> End >> 2020-08-25 03:17:49.097404

c5s3iwpndyw >> Start >> 2020-08-25 03:54:16.298121

c5s3iwpndyw >> Image Returned >> 2020-08-25 03:54:16.304614

c5s3iwpndyw >> End >> 2020-08-25 03:54:16.451364

wrj6q00j30o >> Start >> 2020-08-25 04:18:04.035407

wrj6q00j30o >> Image Returned >> 2020-08-25 04:18:04.042118

wrj6q00j30o >> End >> 2020-08-25 04:18:04.189331

x0vyjbsi4zw >> Start >> 2020-08-25 04:24:14.201819

x0vyjbsi4zw >> Image Returned >> 2020-08-25 04:24:14.205854

x0vyjbsi4zw >> End >> 2020-08-25 04:24:14.353589

uenmy4pncf4 >> Start >> 2020-08-25 04:46:47.639601

uenmy4pncf4 >> Image Returned >> 2020-08-25 04:46:47.643549

uenmy4pncf4 >> End >> 2020-08-25 04:46:47.792475

frjn2y5inwx >> Start >> 2020-08-25 04:47:57.776738

frjn2y5inwx >> Image Returned >> 2020-08-25 04:47:57.780596

frjn2y5inwx >> End >> 2020-08-25 04:47:57.908164

3og840afabz >> Start >> 2020-08-25 04:56:25.795916

3og840afabz >> Image Returned >> 2020-08-25 04:56:25.801615

3og840afabz >> End >> 2020-08-25 04:56:25.943824

7i464wbryd0 >> Start >> 2020-08-25 05:06:07.911093

7i464wbryd0 >> Image Returned >> 2020-08-25 05:06:07.917258

7i464wbryd0 >> End >> 2020-08-25 05:06:08.073426

wfqpigcqibj >> Start >> 2020-08-25 05:24:20.078166

wfqpigcqibj >> Image Returned >> 2020-08-25 05:24:20.082314

wfqpigcqibj >> End >> 2020-08-25 05:24:20.224018

63uzybdxefx >> Start >> 2020-08-25 05:27:42.273736

63uzybdxefx >> Image Returned >> 2020-08-25 05:27:42.278847

63uzybdxefx >> End >> 2020-08-25 05:27:42.427072

xtz3io8qpsb >> Start >> 2020-08-25 05:28:19.879034

xtz3io8qpsb >> Image Returned >> 2020-08-25 05:28:19.883663

xtz3io8qpsb >> End >> 2020-08-25 05:28:20.033447

vmtjzvx27on >> Start >> 2020-08-25 05:28:20.191787

vmtjzvx27on >> Image Returned >> 2020-08-25 05:28:20.192127

vmtjzvx27on >> End >> 2020-08-25 05:28:20.337999

vrbbpdve2di >> Start >> 2020-08-25 05:47:38.364104

vrbbpdve2di >> Image Returned >> 2020-08-25 05:47:38.368765

vrbbpdve2di >> End >> 2020-08-25 05:47:38.517400

cpiop4868na >> Start >> 2020-08-25 05:53:08.478586

cpiop4868na >> Image Returned >> 2020-08-25 05:53:08.483361

cpiop4868na >> End >> 2020-08-25 05:53:08.625961

s43mq8ucr5q >> Start >> 2020-08-25 06:11:13.908991

s43mq8ucr5q >> Image Returned >> 2020-08-25 06:11:13.914294

s43mq8ucr5q >> End >> 2020-08-25 06:11:14.057318

284oan2v8ra >> Start >> 2020-08-25 06:20:18.548729

284oan2v8ra >> Image Returned >> 2020-08-25 06:20:18.553477

284oan2v8ra >> End >> 2020-08-25 06:20:18.712193

o4ubpfu7sqp >> Start >> 2020-08-25 06:28:54.541418

o4ubpfu7sqp >> Image Returned >> 2020-08-25 06:28:54.547477

o4ubpfu7sqp >> End >> 2020-08-25 06:28:54.718981

26nchst6ufo >> Start >> 2020-08-25 06:28:57.541115

26nchst6ufo >> Image Returned >> 2020-08-25 06:28:57.541441

26nchst6ufo >> End >> 2020-08-25 06:28:57.678770

jyqw3dwnhdd >> Start >> 2020-08-25 06:30:26.206947

jyqw3dwnhdd >> Image Returned >> 2020-08-25 06:30:26.210870

jyqw3dwnhdd >> End >> 2020-08-25 06:30:26.352019

yx7qyim3xii >> Start >> 2020-08-25 06:41:00.316914

yx7qyim3xii >> Image Returned >> 2020-08-25 06:41:00.322797

yx7qyim3xii >> End >> 2020-08-25 06:41:00.465687

wazt2gcquo0 >> Start >> 2020-08-25 06:41:20.544028

wazt2gcquo0 >> Image Returned >> 2020-08-25 06:41:20.548482

wazt2gcquo0 >> End >> 2020-08-25 06:41:20.701096

4uhhwn5fihn >> Start >> 2020-08-25 06:45:46.432360

4uhhwn5fihn >> Image Returned >> 2020-08-25 06:45:46.438697

4uhhwn5fihn >> End >> 2020-08-25 06:45:46.587340

722hfc2v35x >> Start >> 2020-08-25 06:45:48.967673

722hfc2v35x >> Image Returned >> 2020-08-25 06:45:48.967994

722hfc2v35x >> End >> 2020-08-25 06:45:49.112473

8jknarhxwcw >> Start >> 2020-08-25 06:51:09.935281

8jknarhxwcw >> Image Returned >> 2020-08-25 06:51:09.940144

8jknarhxwcw >> End >> 2020-08-25 06:51:10.089169

apsnfr2743s >> Start >> 2020-08-25 07:00:08.829121

apsnfr2743s >> Image Returned >> 2020-08-25 07:00:08.835401

apsnfr2743s >> End >> 2020-08-25 07:00:08.978641

xqszdq73r4j >> Start >> 2020-08-25 07:01:35.481461

xqszdq73r4j >> Image Returned >> 2020-08-25 07:01:35.485840

xqszdq73r4j >> End >> 2020-08-25 07:01:35.635334

0x7yrrcyomc >> Start >> 2020-08-25 07:03:24.473965

0x7yrrcyomc >> Image Returned >> 2020-08-25 07:03:24.478921

0x7yrrcyomc >> End >> 2020-08-25 07:03:24.622404

6c6m40hiyex >> Start >> 2020-08-25 07:07:04.196317

6c6m40hiyex >> Image Returned >> 2020-08-25 07:07:04.201473

6c6m40hiyex >> End >> 2020-08-25 07:07:04.342180

gmik2stsgx7 >> Start >> 2020-08-25 07:22:56.293713

gmik2stsgx7 >> Image Returned >> 2020-08-25 07:22:56.300594

gmik2stsgx7 >> End >> 2020-08-25 07:22:56.443305

3zfjju4teab >> Start >> 2020-08-25 07:35:54.423633

3zfjju4teab >> Image Returned >> 2020-08-25 07:35:54.428443

3zfjju4teab >> End >> 2020-08-25 07:35:54.578094

dpr4gcswxt2 >> Start >> 2020-08-25 07:36:07.903690

dpr4gcswxt2 >> Image Returned >> 2020-08-25 07:36:07.908375

dpr4gcswxt2 >> End >> 2020-08-25 07:36:08.054198

wuuiwemsodj >> Start >> 2020-08-25 07:38:12.466599

wuuiwemsodj >> Image Returned >> 2020-08-25 07:38:12.471584

wuuiwemsodj >> End >> 2020-08-25 07:38:12.619379

gc2d0wuah8o >> Start >> 2020-08-25 07:43:09.117352

gc2d0wuah8o >> Image Returned >> 2020-08-25 07:43:09.122703

gc2d0wuah8o >> End >> 2020-08-25 07:43:09.263103

nn47dmm274u >> Start >> 2020-08-25 07:48:55.104485

nn47dmm274u >> Image Returned >> 2020-08-25 07:48:55.109585

nn47dmm274u >> End >> 2020-08-25 07:48:55.256761

ayum0z7tpnk >> Start >> 2020-08-25 07:56:50.326497

ayum0z7tpnk >> Image Returned >> 2020-08-25 07:56:50.333509

ayum0z7tpnk >> End >> 2020-08-25 07:56:50.479087

i58s63r48qk >> Start >> 2020-08-25 08:00:36.061852

i58s63r48qk >> Image Returned >> 2020-08-25 08:00:36.068403

i58s63r48qk >> End >> 2020-08-25 08:00:36.224845

pg53cxcc7yu >> Start >> 2020-08-25 08:01:43.371222

pg53cxcc7yu >> Image Returned >> 2020-08-25 08:01:43.375463

pg53cxcc7yu >> End >> 2020-08-25 08:01:43.523595

2ucq0ubyoy0 >> Start >> 2020-08-25 08:01:47.867427

2ucq0ubyoy0 >> Image Returned >> 2020-08-25 08:01:47.867748

2ucq0ubyoy0 >> End >> 2020-08-25 08:01:48.017118

tv3fmkjm46g >> Start >> 2020-08-25 08:01:53.672997

tv3fmkjm46g >> Image Returned >> 2020-08-25 08:01:53.673336

tv3fmkjm46g >> End >> 2020-08-25 08:01:53.825767

86qq4jfsvcz >> Start >> 2020-08-25 08:02:18.632458

86qq4jfsvcz >> Image Returned >> 2020-08-25 08:02:18.636733

86qq4jfsvcz >> End >> 2020-08-25 08:02:18.786046

by3rhoyc7oh >> Start >> 2020-08-25 08:05:50.187293

by3rhoyc7oh >> Image Returned >> 2020-08-25 08:05:50.192925

by3rhoyc7oh >> End >> 2020-08-25 08:05:50.335160

bymggi56fmj >> Start >> 2020-08-25 08:06:27.720128

bymggi56fmj >> Image Returned >> 2020-08-25 08:06:27.726305

bymggi56fmj >> End >> 2020-08-25 08:06:27.878727

qqyyiet257x >> Start >> 2020-08-25 08:07:01.673300

qqyyiet257x >> Image Returned >> 2020-08-25 08:07:01.677331

qqyyiet257x >> End >> 2020-08-25 08:07:01.819781

6tit5dwwu4h >> Start >> 2020-08-25 08:15:00.484519

6tit5dwwu4h >> Image Returned >> 2020-08-25 08:15:00.488331

6tit5dwwu4h >> End >> 2020-08-25 08:15:00.627860

0rpafy6k6ae >> Start >> 2020-08-25 08:15:54.466253

0rpafy6k6ae >> Image Returned >> 2020-08-25 08:15:54.470518

0rpafy6k6ae >> End >> 2020-08-25 08:15:54.614969

tu7snwkwrfi >> Start >> 2020-08-25 08:20:24.794991

tu7snwkwrfi >> Image Returned >> 2020-08-25 08:20:24.802094

tu7snwkwrfi >> End >> 2020-08-25 08:20:24.945924

p25ezom5xjq >> Start >> 2020-08-25 08:22:06.465161

p25ezom5xjq >> Image Returned >> 2020-08-25 08:22:06.469986

p25ezom5xjq >> End >> 2020-08-25 08:22:06.613523

o5uqbwfm8rb >> Start >> 2020-08-25 08:22:59.035041

o5uqbwfm8rb >> Image Returned >> 2020-08-25 08:22:59.038925

o5uqbwfm8rb >> End >> 2020-08-25 08:22:59.193864

7eo37zib25j >> Start >> 2020-08-25 08:23:56.776335

7eo37zib25j >> Image Returned >> 2020-08-25 08:23:56.781104

7eo37zib25j >> End >> 2020-08-25 08:23:56.925673

8xw7q2pwp7c >> Start >> 2020-08-25 08:24:12.159739

8xw7q2pwp7c >> Image Returned >> 2020-08-25 08:24:12.164103

8xw7q2pwp7c >> End >> 2020-08-25 08:24:12.313616

oigdabv6gmh >> Start >> 2020-08-25 08:27:55.520798

oigdabv6gmh >> Image Returned >> 2020-08-25 08:27:55.525170

oigdabv6gmh >> End >> 2020-08-25 08:27:55.655378

gbeuczr54we >> Start >> 2020-08-25 08:30:17.015661

gbeuczr54we >> Image Returned >> 2020-08-25 08:30:17.020217

gbeuczr54we >> End >> 2020-08-25 08:30:17.168268

h8edowqzf2i >> Start >> 2020-08-25 08:32:56.580473

h8edowqzf2i >> Image Returned >> 2020-08-25 08:32:56.585410

h8edowqzf2i >> End >> 2020-08-25 08:32:56.734256

qg8nhorbc3c >> Start >> 2020-08-25 08:33:06.654736

qg8nhorbc3c >> Image Returned >> 2020-08-25 08:33:06.655078

qg8nhorbc3c >> End >> 2020-08-25 08:33:06.799602

e07zmawzxs3 >> Start >> 2020-08-25 08:33:29.947763

e07zmawzxs3 >> Image Returned >> 2020-08-25 08:33:29.951515

e07zmawzxs3 >> End >> 2020-08-25 08:33:30.098021

0ix473bvkjh >> Start >> 2020-08-25 08:35:36.836077

0ix473bvkjh >> Image Returned >> 2020-08-25 08:35:36.841048

0ix473bvkjh >> End >> 2020-08-25 08:35:36.985594

xpoqzwry7z2 >> Start >> 2020-08-25 08:36:54.337142

xpoqzwry7z2 >> Image Returned >> 2020-08-25 08:36:54.341722

xpoqzwry7z2 >> End >> 2020-08-25 08:36:54.485141

fgxythm4okp >> Start >> 2020-08-25 08:40:15.562035

fgxythm4okp >> Image Returned >> 2020-08-25 08:40:15.568034

fgxythm4okp >> End >> 2020-08-25 08:40:15.717387

26s33h6rrjt >> Start >> 2020-08-25 08:47:04.363989

26s33h6rrjt >> Image Returned >> 2020-08-25 08:47:04.367948

26s33h6rrjt >> End >> 2020-08-25 08:47:04.509183

yvjj2n5r4dw >> Start >> 2020-08-25 08:52:12.879738

yvjj2n5r4dw >> Image Returned >> 2020-08-25 08:52:12.884553

yvjj2n5r4dw >> End >> 2020-08-25 08:52:13.025314

o6cae3gievd >> Start >> 2020-08-25 08:58:21.747802

o6cae3gievd >> Image Returned >> 2020-08-25 08:58:21.751830

o6cae3gievd >> End >> 2020-08-25 08:58:21.896038

2ccsq044n5e >> Start >> 2020-08-25 09:01:12.783160

2ccsq044n5e >> Image Returned >> 2020-08-25 09:01:12.788387

2ccsq044n5e >> End >> 2020-08-25 09:01:12.935136

oj2qrjwew53 >> Start >> 2020-08-25 09:08:03.368071

oj2qrjwew53 >> Image Returned >> 2020-08-25 09:08:03.374222

oj2qrjwew53 >> End >> 2020-08-25 09:08:03.527477

7jq5kgpotv7 >> Start >> 2020-08-25 09:21:46.683124

7jq5kgpotv7 >> Image Returned >> 2020-08-25 09:21:46.687726

7jq5kgpotv7 >> End >> 2020-08-25 09:21:46.833954

4nrnrmypzpp >> Start >> 2020-08-25 09:23:58.510258

4nrnrmypzpp >> Image Returned >> 2020-08-25 09:23:58.515697

4nrnrmypzpp >> End >> 2020-08-25 09:23:58.666837

m5jfogfaztx >> Start >> 2020-08-25 09:28:47.488883

m5jfogfaztx >> Image Returned >> 2020-08-25 09:28:47.492777

m5jfogfaztx >> End >> 2020-08-25 09:28:47.635915

oy87oa8pxin >> Start >> 2020-08-25 09:29:04.582422

oy87oa8pxin >> Image Returned >> 2020-08-25 09:29:04.586185

oy87oa8pxin >> End >> 2020-08-25 09:29:04.726317

0xm20c27jnk >> Start >> 2020-08-25 09:29:47.336119

0xm20c27jnk >> Image Returned >> 2020-08-25 09:29:47.340821

0xm20c27jnk >> End >> 2020-08-25 09:29:47.485976

ffrim847ori >> Start >> 2020-08-25 09:33:41.101226

ffrim847ori >> Image Returned >> 2020-08-25 09:33:41.105742

ffrim847ori >> End >> 2020-08-25 09:33:41.226820

oj4m6d2qz8g >> Start >> 2020-08-25 09:37:13.554666

oj4m6d2qz8g >> Image Returned >> 2020-08-25 09:37:13.560372

oj4m6d2qz8g >> End >> 2020-08-25 09:37:13.705817

gukyq5qfjgg >> Start >> 2020-08-25 09:42:49.008697

gukyq5qfjgg >> Image Returned >> 2020-08-25 09:42:49.013068

gukyq5qfjgg >> End >> 2020-08-25 09:42:49.162574

k7g6iebrhbt >> Start >> 2020-08-25 09:44:41.647315

k7g6iebrhbt >> Image Returned >> 2020-08-25 09:44:41.652551

k7g6iebrhbt >> End >> 2020-08-25 09:44:41.795500

h0jpzjg8esp >> Start >> 2020-08-25 09:48:39.218638

h0jpzjg8esp >> Image Returned >> 2020-08-25 09:48:39.223006

h0jpzjg8esp >> End >> 2020-08-25 09:48:39.366993

23ohdnd30jk >> Start >> 2020-08-25 09:50:14.420849

23ohdnd30jk >> Image Returned >> 2020-08-25 09:50:14.425367

23ohdnd30jk >> End >> 2020-08-25 09:50:14.576761

kcgwp5zaaui >> Start >> 2020-08-25 09:53:04.948023

kcgwp5zaaui >> Image Returned >> 2020-08-25 09:53:04.952794

kcgwp5zaaui >> End >> 2020-08-25 09:53:05.094754

cqky2nnzvjv >> Start >> 2020-08-25 09:55:49.065824

cqky2nnzvjv >> Image Returned >> 2020-08-25 09:55:49.069842

cqky2nnzvjv >> End >> 2020-08-25 09:55:49.213043

5uyi753zjy7 >> Start >> 2020-08-25 09:55:55.420464

5uyi753zjy7 >> Image Returned >> 2020-08-25 09:55:55.420773

5uyi753zjy7 >> End >> 2020-08-25 09:55:55.560353

mtvkxox85w4 >> Start >> 2020-08-25 09:59:25.073071

mtvkxox85w4 >> Image Returned >> 2020-08-25 09:59:25.078008

mtvkxox85w4 >> End >> 2020-08-25 09:59:25.233794

q2qkddjgtv4 >> Start >> 2020-08-25 10:01:53.845094

q2qkddjgtv4 >> Image Returned >> 2020-08-25 10:01:53.848970

q2qkddjgtv4 >> End >> 2020-08-25 10:01:53.999627

jz0x4y2k2gc >> Start >> 2020-08-25 10:04:26.614509

jz0x4y2k2gc >> Image Returned >> 2020-08-25 10:04:26.619911

jz0x4y2k2gc >> End >> 2020-08-25 10:04:26.766663

h8roox4qdgt >> Start >> 2020-08-25 10:05:38.688355

h8roox4qdgt >> Image Returned >> 2020-08-25 10:05:38.693454

h8roox4qdgt >> End >> 2020-08-25 10:05:38.840409

aehtdpq7c54 >> Start >> 2020-08-25 10:15:58.957468

aehtdpq7c54 >> Image Returned >> 2020-08-25 10:15:58.961359

aehtdpq7c54 >> End >> 2020-08-25 10:15:59.104805

xyemuqigsc8 >> Start >> 2020-08-25 10:15:59.451947

xyemuqigsc8 >> Image Returned >> 2020-08-25 10:15:59.452263

xyemuqigsc8 >> End >> 2020-08-25 10:15:59.598258

dqxzzm7zyek >> Start >> 2020-08-25 10:16:44.993809

dqxzzm7zyek >> Image Returned >> 2020-08-25 10:16:44.997733

dqxzzm7zyek >> End >> 2020-08-25 10:16:45.143511

f0hjfvzpys2 >> Start >> 2020-08-25 10:17:59.961286

f0hjfvzpys2 >> Image Returned >> 2020-08-25 10:17:59.965548

f0hjfvzpys2 >> End >> 2020-08-25 10:18:00.114203

mah6fkknw6r >> Start >> 2020-08-25 10:19:22.817282

mah6fkknw6r >> Image Returned >> 2020-08-25 10:19:22.822154

mah6fkknw6r >> End >> 2020-08-25 10:19:22.998456

nhg6y82avkz >> Start >> 2020-08-25 10:19:52.164957

nhg6y82avkz >> Image Returned >> 2020-08-25 10:19:52.168958

nhg6y82avkz >> End >> 2020-08-25 10:19:52.322976

wy5tenc5k6u >> Start >> 2020-08-25 10:23:45.847443

wy5tenc5k6u >> Image Returned >> 2020-08-25 10:23:45.851578

wy5tenc5k6u >> End >> 2020-08-25 10:23:45.990391

4650mtoostw >> Start >> 2020-08-25 10:25:04.592123

4650mtoostw >> Image Returned >> 2020-08-25 10:25:04.596451

4650mtoostw >> End >> 2020-08-25 10:25:04.739584

tsvsien6v4b >> Start >> 2020-08-25 10:25:41.066355

tsvsien6v4b >> Image Returned >> 2020-08-25 10:25:41.070759

tsvsien6v4b >> End >> 2020-08-25 10:25:41.214819

hxaizs3zqeh >> Start >> 2020-08-25 10:27:07.804946

hxaizs3zqeh >> Image Returned >> 2020-08-25 10:27:07.809582

hxaizs3zqeh >> End >> 2020-08-25 10:27:07.954139

ca27g0cyuh6 >> Start >> 2020-08-25 10:29:59.025943

ca27g0cyuh6 >> Image Returned >> 2020-08-25 10:29:59.030481

ca27g0cyuh6 >> End >> 2020-08-25 10:29:59.188082

5r4y382nhi6 >> Start >> 2020-08-25 10:33:40.546745

5r4y382nhi6 >> Image Returned >> 2020-08-25 10:33:40.550654

5r4y382nhi6 >> End >> 2020-08-25 10:33:40.697833

ynqhe2qrvqm >> Start >> 2020-08-25 10:36:34.281567

ynqhe2qrvqm >> Image Returned >> 2020-08-25 10:36:34.285919

ynqhe2qrvqm >> End >> 2020-08-25 10:36:34.434958

izycn2q66dv >> Start >> 2020-08-25 10:40:03.037039

izycn2q66dv >> Image Returned >> 2020-08-25 10:40:03.042366

izycn2q66dv >> End >> 2020-08-25 10:40:03.187395

b6v3dbjzf5h >> Start >> 2020-08-25 10:44:56.451608

b6v3dbjzf5h >> Image Returned >> 2020-08-25 10:44:56.456818

b6v3dbjzf5h >> End >> 2020-08-25 10:44:56.602072

40ok2mbfvif >> Start >> 2020-08-25 10:47:18.475409

40ok2mbfvif >> Image Returned >> 2020-08-25 10:47:18.480137

40ok2mbfvif >> End >> 2020-08-25 10:47:18.618455

gmgbujq0rzv >> Start >> 2020-08-25 10:48:19.159065

gmgbujq0rzv >> Image Returned >> 2020-08-25 10:48:19.163463

gmgbujq0rzv >> End >> 2020-08-25 10:48:19.338963

ju3wriiz3vw >> Start >> 2020-08-25 10:54:49.380654

ju3wriiz3vw >> Image Returned >> 2020-08-25 10:54:49.385832

ju3wriiz3vw >> End >> 2020-08-25 10:54:49.532265

hgji062vw73 >> Start >> 2020-08-25 10:55:43.664344

hgji062vw73 >> Image Returned >> 2020-08-25 10:55:43.668745

hgji062vw73 >> End >> 2020-08-25 10:55:43.846999

sipyii0apij >> Start >> 2020-08-25 11:01:47.022452

sipyii0apij >> Image Returned >> 2020-08-25 11:01:47.027637

sipyii0apij >> End >> 2020-08-25 11:01:47.178750

cpretmyd352 >> Start >> 2020-08-25 11:35:07.930457

cpretmyd352 >> Image Returned >> 2020-08-25 11:35:07.934575

cpretmyd352 >> End >> 2020-08-25 11:35:08.080142

kwuhfex4v7r >> Start >> 2020-08-25 11:36:45.397176

kwuhfex4v7r >> Image Returned >> 2020-08-25 11:36:45.402494

kwuhfex4v7r >> End >> 2020-08-25 11:36:45.551583

adbkjxg5amm >> Start >> 2020-08-25 11:36:58.016376

adbkjxg5amm >> Image Returned >> 2020-08-25 11:36:58.020301

adbkjxg5amm >> End >> 2020-08-25 11:36:58.175852

wt78a8theso >> Start >> 2020-08-25 11:43:38.638546

wt78a8theso >> Image Returned >> 2020-08-25 11:43:38.644961

wt78a8theso >> End >> 2020-08-25 11:43:38.793313

cf746nibz3c >> Start >> 2020-08-25 11:44:15.406111

cf746nibz3c >> Image Returned >> 2020-08-25 11:44:15.410197

cf746nibz3c >> End >> 2020-08-25 11:44:15.537806

67hhstooeyv >> Start >> 2020-08-25 11:51:00.129528

67hhstooeyv >> Image Returned >> 2020-08-25 11:51:00.134043

67hhstooeyv >> End >> 2020-08-25 11:51:00.276432

woqrphmjgmo >> Start >> 2020-08-25 11:51:13.302129

woqrphmjgmo >> Image Returned >> 2020-08-25 11:51:13.305974

woqrphmjgmo >> End >> 2020-08-25 11:51:13.447285

yhckf0yu2kn >> Start >> 2020-08-25 11:52:53.253344

yhckf0yu2kn >> Image Returned >> 2020-08-25 11:52:53.258372

yhckf0yu2kn >> End >> 2020-08-25 11:52:53.405936

26373n7hwdv >> Start >> 2020-08-25 11:53:14.068268

26373n7hwdv >> Image Returned >> 2020-08-25 11:53:14.072709

26373n7hwdv >> End >> 2020-08-25 11:53:14.225717

pgngiwmodgw >> Start >> 2020-08-25 12:03:45.308228

pgngiwmodgw >> Image Returned >> 2020-08-25 12:03:45.312951

pgngiwmodgw >> End >> 2020-08-25 12:03:45.460537

3etsg2nw736 >> Start >> 2020-08-25 12:03:55.848356

3etsg2nw736 >> Image Returned >> 2020-08-25 12:03:55.848687

3etsg2nw736 >> End >> 2020-08-25 12:03:55.994801

avviedfg025 >> Start >> 2020-08-25 12:03:56.050286

avviedfg025 >> Image Returned >> 2020-08-25 12:03:56.050602

avviedfg025 >> End >> 2020-08-25 12:03:56.203253

vzitqfg7qrr >> Start >> 2020-08-25 12:13:23.732172

vzitqfg7qrr >> Image Returned >> 2020-08-25 12:13:23.736846

vzitqfg7qrr >> End >> 2020-08-25 12:13:23.880912

ugsrcnpc80e >> Start >> 2020-08-25 12:15:57.077992

ugsrcnpc80e >> Image Returned >> 2020-08-25 12:15:57.083043

ugsrcnpc80e >> End >> 2020-08-25 12:15:57.231086

2teoj725yzc >> Start >> 2020-08-25 12:19:22.911849

2teoj725yzc >> Image Returned >> 2020-08-25 12:19:22.916435

2teoj725yzc >> End >> 2020-08-25 12:19:23.080235

8gczuyxw2fq >> Start >> 2020-08-25 12:21:56.111077

8gczuyxw2fq >> Image Returned >> 2020-08-25 12:21:56.115453

8gczuyxw2fq >> End >> 2020-08-25 12:21:56.259778

d0aqjfe3qrd >> Start >> 2020-08-25 12:23:50.101269

d0aqjfe3qrd >> Image Returned >> 2020-08-25 12:23:50.106487

d0aqjfe3qrd >> End >> 2020-08-25 12:23:50.258356

x33emokpk24 >> Start >> 2020-08-25 12:26:15.960618

x33emokpk24 >> Image Returned >> 2020-08-25 12:26:15.964471

x33emokpk24 >> End >> 2020-08-25 12:26:16.112255

u5eh7zzj6mw >> Start >> 2020-08-25 12:28:40.603262

u5eh7zzj6mw >> Image Returned >> 2020-08-25 12:28:40.607812

u5eh7zzj6mw >> End >> 2020-08-25 12:28:40.753839

y5k8fef8f2t >> Start >> 2020-08-25 12:29:00.450776

y5k8fef8f2t >> Image Returned >> 2020-08-25 12:29:00.454704

y5k8fef8f2t >> End >> 2020-08-25 12:29:00.600833

mjswwbt24u5 >> Start >> 2020-08-25 12:30:24.235558

mjswwbt24u5 >> Image Returned >> 2020-08-25 12:30:24.240125

mjswwbt24u5 >> End >> 2020-08-25 12:30:24.382150

miq5pmn2uza >> Start >> 2020-08-25 12:31:24.339421

miq5pmn2uza >> Image Returned >> 2020-08-25 12:31:24.343817

miq5pmn2uza >> End >> 2020-08-25 12:31:24.493911

m7yv0bygntq >> Start >> 2020-08-25 12:36:14.841604

m7yv0bygntq >> Image Returned >> 2020-08-25 12:36:14.846308

m7yv0bygntq >> End >> 2020-08-25 12:36:15.027844

fgv576opfec >> Start >> 2020-08-25 12:47:29.653964

fgv576opfec >> Image Returned >> 2020-08-25 12:47:29.658682

fgv576opfec >> End >> 2020-08-25 12:47:29.807482

cg4bgpnkdzh >> Start >> 2020-08-25 12:52:16.740255

cg4bgpnkdzh >> Image Returned >> 2020-08-25 12:52:16.746121

cg4bgpnkdzh >> End >> 2020-08-25 12:52:16.893343

wo3sd77pmyk >> Start >> 2020-08-25 12:53:33.882541

wo3sd77pmyk >> Image Returned >> 2020-08-25 12:53:33.886856

wo3sd77pmyk >> End >> 2020-08-25 12:53:34.036453

gobwh7znerr >> Start >> 2020-08-25 12:59:19.806593

gobwh7znerr >> Image Returned >> 2020-08-25 12:59:19.810492

gobwh7znerr >> End >> 2020-08-25 12:59:19.957107

yzdkam3oy83 >> Start >> 2020-08-25 12:59:39.220263

yzdkam3oy83 >> Image Returned >> 2020-08-25 12:59:39.224942

yzdkam3oy83 >> End >> 2020-08-25 12:59:39.368424

c5bk04rmgch >> Start >> 2020-08-25 12:59:57.604360

c5bk04rmgch >> Image Returned >> 2020-08-25 12:59:57.610234

c5bk04rmgch >> End >> 2020-08-25 12:59:57.763923

jdi7qo6wjyt >> Start >> 2020-08-25 13:03:49.939944

jdi7qo6wjyt >> Image Returned >> 2020-08-25 13:03:49.944325

jdi7qo6wjyt >> End >> 2020-08-25 13:03:50.089624

fkjmru6cre8 >> Start >> 2020-08-25 13:14:08.995868

fkjmru6cre8 >> Image Returned >> 2020-08-25 13:14:09.001071

fkjmru6cre8 >> End >> 2020-08-25 13:14:09.155126

5buuqwxuoyq >> Start >> 2020-08-25 13:16:20.828998

5buuqwxuoyq >> Image Returned >> 2020-08-25 13:16:20.832272

5buuqwxuoyq >> End >> 2020-08-25 13:16:20.977089

htke83gu5ip >> Start >> 2020-08-25 13:16:34.591892

htke83gu5ip >> Image Returned >> 2020-08-25 13:16:34.595484

htke83gu5ip >> End >> 2020-08-25 13:16:34.741452

q525wzsebq8 >> Start >> 2020-08-25 13:17:51.110481

q525wzsebq8 >> Image Returned >> 2020-08-25 13:17:51.114444

q525wzsebq8 >> End >> 2020-08-25 13:17:51.262326

6jqjtmahakk >> Start >> 2020-08-25 13:18:05.628657

6jqjtmahakk >> Image Returned >> 2020-08-25 13:18:05.631964

6jqjtmahakk >> End >> 2020-08-25 13:18:05.784832

0rmdf8n5dap >> Start >> 2020-08-25 13:18:15.394321

0rmdf8n5dap >> Image Returned >> 2020-08-25 13:18:15.394633

0rmdf8n5dap >> End >> 2020-08-25 13:18:15.546433

q0evwye2u07 >> Start >> 2020-08-25 13:18:15.603738

q0evwye2u07 >> Image Returned >> 2020-08-25 13:18:15.604083

q0evwye2u07 >> End >> 2020-08-25 13:18:15.751023

ss0kbxfc8y4 >> Start >> 2020-08-25 13:25:03.359076

ss0kbxfc8y4 >> Image Returned >> 2020-08-25 13:25:03.363158

ss0kbxfc8y4 >> End >> 2020-08-25 13:25:03.506787

3t8s2dgbgf3 >> Start >> 2020-08-25 13:28:21.249577

3t8s2dgbgf3 >> Image Returned >> 2020-08-25 13:28:21.254081

3t8s2dgbgf3 >> End >> 2020-08-25 13:28:21.399903

05unuvq24ii >> Start >> 2020-08-25 13:33:06.902719

05unuvq24ii >> Image Returned >> 2020-08-25 13:33:06.906172

05unuvq24ii >> End >> 2020-08-25 13:33:07.047838

5puyy4r8rhz >> Start >> 2020-08-25 13:33:46.441401

5puyy4r8rhz >> Image Returned >> 2020-08-25 13:33:46.445467

5puyy4r8rhz >> End >> 2020-08-25 13:33:46.594235

tsqr7xths7i >> Start >> 2020-08-25 13:44:03.257306

tsqr7xths7i >> Image Returned >> 2020-08-25 13:44:03.261713

tsqr7xths7i >> End >> 2020-08-25 13:44:03.412766

kjxqypufzq0 >> Start >> 2020-08-25 13:44:04.086163

kjxqypufzq0 >> Image Returned >> 2020-08-25 13:44:04.086530

kjxqypufzq0 >> End >> 2020-08-25 13:44:04.223604

f2itwqngyoo >> Start >> 2020-08-25 13:44:21.055331

f2itwqngyoo >> Image Returned >> 2020-08-25 13:44:21.059416

f2itwqngyoo >> End >> 2020-08-25 13:44:21.208662

wbsw3j6unk5 >> Start >> 2020-08-25 13:46:20.913516

wbsw3j6unk5 >> Image Returned >> 2020-08-25 13:46:20.918307

wbsw3j6unk5 >> End >> 2020-08-25 13:46:21.061273

qkz7d5wakxp >> Start >> 2020-08-25 13:46:21.293296

qkz7d5wakxp >> Image Returned >> 2020-08-25 13:46:21.293629

qkz7d5wakxp >> End >> 2020-08-25 13:46:21.471374

e307fcdwx22 >> Start >> 2020-08-25 13:57:03.492614

e307fcdwx22 >> Image Returned >> 2020-08-25 13:57:03.496014

e307fcdwx22 >> End >> 2020-08-25 13:57:03.643590

xs0aydjgo2f >> Start >> 2020-08-25 14:03:00.590410

xs0aydjgo2f >> Image Returned >> 2020-08-25 14:03:00.594198

xs0aydjgo2f >> End >> 2020-08-25 14:03:00.758781

2hsgy4v87tu >> Start >> 2020-08-25 14:03:46.741662

2hsgy4v87tu >> Image Returned >> 2020-08-25 14:03:46.745704

2hsgy4v87tu >> End >> 2020-08-25 14:03:46.899530

jm08f62nf2p >> Start >> 2020-08-25 14:09:22.275578

jm08f62nf2p >> Image Returned >> 2020-08-25 14:09:22.281023

jm08f62nf2p >> End >> 2020-08-25 14:09:22.454711

yf340bfhki7 >> Start >> 2020-08-25 14:10:22.706780

yf340bfhki7 >> Image Returned >> 2020-08-25 14:10:22.710109

yf340bfhki7 >> End >> 2020-08-25 14:10:22.862195

s4keifggxmq >> Start >> 2020-08-25 14:11:00.166831

s4keifggxmq >> Image Returned >> 2020-08-25 14:11:00.170250

s4keifggxmq >> End >> 2020-08-25 14:11:00.325006

wno8k64ssqf >> Start >> 2020-08-25 14:12:28.101675

wno8k64ssqf >> Image Returned >> 2020-08-25 14:12:28.105854

wno8k64ssqf >> End >> 2020-08-25 14:12:28.259191

dsqswfenokx >> Start >> 2020-08-25 14:18:44.960947

dsqswfenokx >> Image Returned >> 2020-08-25 14:18:44.964612

dsqswfenokx >> End >> 2020-08-25 14:18:45.111406

rnxbwa7bd4y >> Start >> 2020-08-25 14:21:20.973757

rnxbwa7bd4y >> Image Returned >> 2020-08-25 14:21:20.978012

rnxbwa7bd4y >> End >> 2020-08-25 14:21:21.130662

m68tdfc4qd7 >> Start >> 2020-08-25 14:23:01.922842

m68tdfc4qd7 >> Image Returned >> 2020-08-25 14:23:01.926945

m68tdfc4qd7 >> End >> 2020-08-25 14:23:02.068504

2g7r8obnhu6 >> Start >> 2020-08-25 14:26:09.657169

2g7r8obnhu6 >> Image Returned >> 2020-08-25 14:26:09.660854

2g7r8obnhu6 >> End >> 2020-08-25 14:26:09.829025

5qez6deayfs >> Start >> 2020-08-25 14:31:55.958304

5qez6deayfs >> Image Returned >> 2020-08-25 14:31:55.962146

5qez6deayfs >> End >> 2020-08-25 14:31:56.106558

n2tqa33kzdt >> Start >> 2020-08-25 14:35:48.423150

n2tqa33kzdt >> Image Returned >> 2020-08-25 14:35:48.427685

n2tqa33kzdt >> End >> 2020-08-25 14:35:48.574460

yjee6ksmyjr >> Start >> 2020-08-25 14:42:05.267575

yjee6ksmyjr >> Image Returned >> 2020-08-25 14:42:05.272819

yjee6ksmyjr >> End >> 2020-08-25 14:42:05.393563

hvatzyetwxo >> Start >> 2020-08-25 14:47:31.848162

hvatzyetwxo >> Image Returned >> 2020-08-25 14:47:31.852560

hvatzyetwxo >> End >> 2020-08-25 14:47:31.986016

v2vkye03eri >> Start >> 2020-08-25 15:07:53.696079

v2vkye03eri >> Image Returned >> 2020-08-25 15:07:53.700474

v2vkye03eri >> End >> 2020-08-25 15:07:53.848155

w40hpezn3xj >> Start >> 2020-08-25 15:11:37.750500

w40hpezn3xj >> Image Returned >> 2020-08-25 15:11:37.754518

w40hpezn3xj >> End >> 2020-08-25 15:11:38.209187

vsakqudxcs8 >> Start >> 2020-08-25 15:12:37.308711

vsakqudxcs8 >> Image Returned >> 2020-08-25 15:12:37.312941

vsakqudxcs8 >> End >> 2020-08-25 15:12:37.466021

c7q4u50fvkd >> Start >> 2020-08-25 15:13:18.747150

c7q4u50fvkd >> Image Returned >> 2020-08-25 15:13:18.750541

c7q4u50fvkd >> End >> 2020-08-25 15:13:18.891746

bkrvcwrwu33 >> Start >> 2020-08-25 15:13:42.556618

bkrvcwrwu33 >> Image Returned >> 2020-08-25 15:13:42.560287

bkrvcwrwu33 >> End >> 2020-08-25 15:13:42.708476

erk0xto22xf >> Start >> 2020-08-25 15:15:40.370659

erk0xto22xf >> Image Returned >> 2020-08-25 15:15:40.375308

erk0xto22xf >> End >> 2020-08-25 15:15:40.527673

628ud7m5qac >> Start >> 2020-08-25 15:19:03.628365

628ud7m5qac >> Image Returned >> 2020-08-25 15:19:03.633239

628ud7m5qac >> End >> 2020-08-25 15:19:03.790544

7q8b3yzeqau >> Start >> 2020-08-25 15:24:47.553415

7q8b3yzeqau >> Image Returned >> 2020-08-25 15:24:47.557775

7q8b3yzeqau >> End >> 2020-08-25 15:24:47.705480

xe65id4hsxn >> Start >> 2020-08-25 15:27:44.987030

xe65id4hsxn >> Image Returned >> 2020-08-25 15:27:44.991069

xe65id4hsxn >> End >> 2020-08-25 15:27:45.136759

66h5hzwtg3r >> Start >> 2020-08-25 15:28:02.886979

66h5hzwtg3r >> Image Returned >> 2020-08-25 15:28:02.890418

66h5hzwtg3r >> End >> 2020-08-25 15:28:03.034748

4cr8efx0mak >> Start >> 2020-08-25 15:32:47.216378

4cr8efx0mak >> Image Returned >> 2020-08-25 15:32:47.221240

4cr8efx0mak >> End >> 2020-08-25 15:32:47.372725

degbbcrb0k6 >> Start >> 2020-08-25 15:41:24.638308

degbbcrb0k6 >> Image Returned >> 2020-08-25 15:41:24.642323

degbbcrb0k6 >> End >> 2020-08-25 15:41:24.789963

04a6at0y8as >> Start >> 2020-08-25 15:49:53.212558

04a6at0y8as >> Image Returned >> 2020-08-25 15:49:53.216533

04a6at0y8as >> End >> 2020-08-25 15:49:53.364240

7mgzwctdrxt >> Start >> 2020-08-25 15:50:11.068572

7mgzwctdrxt >> Image Returned >> 2020-08-25 15:50:11.072088

7mgzwctdrxt >> End >> 2020-08-25 15:50:11.216136

2e2hy3ijaqf >> Start >> 2020-08-25 15:51:37.045659

2e2hy3ijaqf >> Image Returned >> 2020-08-25 15:51:37.049207

2e2hy3ijaqf >> End >> 2020-08-25 15:51:37.204087

qjvh8wom7w6 >> Start >> 2020-08-25 15:55:22.355532

qjvh8wom7w6 >> Image Returned >> 2020-08-25 15:55:22.359080

qjvh8wom7w6 >> End >> 2020-08-25 15:55:22.508577

agpb2cfdsco >> Start >> 2020-08-25 15:58:05.165105

agpb2cfdsco >> Image Returned >> 2020-08-25 15:58:05.169265

agpb2cfdsco >> End >> 2020-08-25 15:58:05.319386

d2frejqm3xn >> Start >> 2020-08-25 15:59:30.760509

d2frejqm3xn >> Image Returned >> 2020-08-25 15:59:30.765044

d2frejqm3xn >> End >> 2020-08-25 15:59:30.910152

zkdyeqfbidh >> Start >> 2020-08-25 16:02:55.103605

zkdyeqfbidh >> Image Returned >> 2020-08-25 16:02:55.108772

zkdyeqfbidh >> End >> 2020-08-25 16:02:55.253781

xxggybyhipp >> Start >> 2020-08-25 16:07:53.009504

xxggybyhipp >> Image Returned >> 2020-08-25 16:07:53.015095

xxggybyhipp >> End >> 2020-08-25 16:07:53.160582

ecy4yyjf2ho >> Start >> 2020-08-25 16:10:52.751055

ecy4yyjf2ho >> Image Returned >> 2020-08-25 16:10:52.754780

ecy4yyjf2ho >> End >> 2020-08-25 16:10:52.922806

mqrbisj6ykd >> Start >> 2020-08-25 16:11:05.501466

mqrbisj6ykd >> Image Returned >> 2020-08-25 16:11:05.504729

mqrbisj6ykd >> End >> 2020-08-25 16:11:05.649810

frpu0rcmcdv >> Start >> 2020-08-25 16:12:51.957283

frpu0rcmcdv >> Image Returned >> 2020-08-25 16:12:51.961896

frpu0rcmcdv >> End >> 2020-08-25 16:12:52.105091

zk8fkcheqyb >> Start >> 2020-08-25 16:31:27.123644

zk8fkcheqyb >> Image Returned >> 2020-08-25 16:31:27.127379

zk8fkcheqyb >> End >> 2020-08-25 16:31:27.274168

dwuvqbyngoe >> Start >> 2020-08-25 16:31:46.979094

dwuvqbyngoe >> Image Returned >> 2020-08-25 16:31:46.983052

dwuvqbyngoe >> End >> 2020-08-25 16:31:47.146570

dqv56yd46ax >> Start >> 2020-08-25 16:38:51.822079

dqv56yd46ax >> Image Returned >> 2020-08-25 16:38:51.827326

dqv56yd46ax >> End >> 2020-08-25 16:38:51.967258

ta6zinohsxg >> Start >> 2020-08-25 16:45:28.302119

ta6zinohsxg >> Image Returned >> 2020-08-25 16:45:28.309370

ta6zinohsxg >> End >> 2020-08-25 16:45:28.459503

uneeccatva5 >> Start >> 2020-08-25 16:53:18.193823

uneeccatva5 >> Image Returned >> 2020-08-25 16:53:18.198385

uneeccatva5 >> End >> 2020-08-25 16:53:18.360117

do43itkx3r6 >> Start >> 2020-08-25 17:05:10.045828

do43itkx3r6 >> Image Returned >> 2020-08-25 17:05:10.049303

do43itkx3r6 >> End >> 2020-08-25 17:05:10.210113

vkr6tzeovc3 >> Start >> 2020-08-25 17:06:06.820950

vkr6tzeovc3 >> Image Returned >> 2020-08-25 17:06:06.824728

vkr6tzeovc3 >> End >> 2020-08-25 17:06:06.985817

3dfk2gsxk64 >> Start >> 2020-08-25 17:15:45.711807

3dfk2gsxk64 >> Image Returned >> 2020-08-25 17:15:45.716460

3dfk2gsxk64 >> End >> 2020-08-25 17:15:45.865448

p4mifo5amtf >> Start >> 2020-08-25 17:22:08.869302

p4mifo5amtf >> Image Returned >> 2020-08-25 17:22:08.873058

p4mifo5amtf >> End >> 2020-08-25 17:22:09.032627

2asrqbgpdxt >> Start >> 2020-08-25 17:23:06.372764

2asrqbgpdxt >> Image Returned >> 2020-08-25 17:23:06.376667

2asrqbgpdxt >> End >> 2020-08-25 17:23:06.524538

r8nit428ack >> Start >> 2020-08-25 17:25:26.255954

r8nit428ack >> Image Returned >> 2020-08-25 17:25:26.260437

r8nit428ack >> End >> 2020-08-25 17:25:26.400783

h4etfguhak4 >> Start >> 2020-08-25 17:26:56.620307

h4etfguhak4 >> Image Returned >> 2020-08-25 17:26:56.624864

h4etfguhak4 >> End >> 2020-08-25 17:26:56.770453

dctdk3vegtx >> Start >> 2020-08-25 17:36:33.150686

dctdk3vegtx >> Image Returned >> 2020-08-25 17:36:33.154918

dctdk3vegtx >> End >> 2020-08-25 17:36:33.306662

xhdfj2i2itw >> Start >> 2020-08-25 17:37:07.221522

xhdfj2i2itw >> Image Returned >> 2020-08-25 17:37:07.225392

xhdfj2i2itw >> End >> 2020-08-25 17:37:07.375569

tr26yqntzgz >> Start >> 2020-08-25 17:41:37.299669

tr26yqntzgz >> Image Returned >> 2020-08-25 17:41:37.303942

tr26yqntzgz >> End >> 2020-08-25 17:41:37.464490

4fxtp44uqai >> Start >> 2020-08-25 17:42:43.800730

4fxtp44uqai >> Image Returned >> 2020-08-25 17:42:43.806559

4fxtp44uqai >> End >> 2020-08-25 17:42:43.963625

qhoq2qv8wtm >> Start >> 2020-08-25 17:43:44.860939

qhoq2qv8wtm >> Image Returned >> 2020-08-25 17:43:44.864795

qhoq2qv8wtm >> End >> 2020-08-25 17:43:45.021065

drquifkuw3p >> Start >> 2020-08-25 17:45:53.733170

drquifkuw3p >> Image Returned >> 2020-08-25 17:45:53.737781

drquifkuw3p >> End >> 2020-08-25 17:45:53.888448

xxqdrxpgot0 >> Start >> 2020-08-25 17:46:36.429982

xxqdrxpgot0 >> Image Returned >> 2020-08-25 17:46:36.434870

xxqdrxpgot0 >> End >> 2020-08-25 17:46:36.582062

ybqq2xo3tsp >> Start >> 2020-08-25 17:56:46.978415

ybqq2xo3tsp >> Image Returned >> 2020-08-25 17:56:46.982860

ybqq2xo3tsp >> End >> 2020-08-25 17:56:47.131443

6v64doupctm >> Start >> 2020-08-25 17:59:07.507553

6v64doupctm >> Image Returned >> 2020-08-25 17:59:07.511513

6v64doupctm >> End >> 2020-08-25 17:59:07.677017

vvs6c57qmck >> Start >> 2020-08-25 18:04:12.751244

vvs6c57qmck >> Image Returned >> 2020-08-25 18:04:12.755712

vvs6c57qmck >> End >> 2020-08-25 18:04:12.899830

gpqn66iaamm >> Start >> 2020-08-25 18:10:01.719528

gpqn66iaamm >> Image Returned >> 2020-08-25 18:10:01.723004

gpqn66iaamm >> End >> 2020-08-25 18:10:01.874722

dv3bnwdqxk3 >> Start >> 2020-08-25 18:18:03.475347

dv3bnwdqxk3 >> Image Returned >> 2020-08-25 18:18:03.479610

dv3bnwdqxk3 >> End >> 2020-08-25 18:18:03.625998

bz2dvu3nxkt >> Start >> 2020-08-25 18:25:47.293278

bz2dvu3nxkt >> Image Returned >> 2020-08-25 18:25:47.297983

bz2dvu3nxkt >> End >> 2020-08-25 18:25:47.442737

f5g8twqentt >> Start >> 2020-08-25 18:26:23.517004

f5g8twqentt >> Image Returned >> 2020-08-25 18:26:23.520358

f5g8twqentt >> End >> 2020-08-25 18:26:23.668199

5pz3ikbofff >> Start >> 2020-08-25 18:28:25.332289

5pz3ikbofff >> Image Returned >> 2020-08-25 18:28:25.337002

5pz3ikbofff >> End >> 2020-08-25 18:28:25.493318

mzuf3cghqfr >> Start >> 2020-08-25 18:28:44.661571

mzuf3cghqfr >> Image Returned >> 2020-08-25 18:28:44.665317

mzuf3cghqfr >> End >> 2020-08-25 18:28:44.817435

x38myitbw0a >> Start >> 2020-08-25 18:30:21.534399

x38myitbw0a >> Image Returned >> 2020-08-25 18:30:21.538285

x38myitbw0a >> End >> 2020-08-25 18:30:21.680412

m2zkekoto0f >> Start >> 2020-08-25 18:30:27.785576

m2zkekoto0f >> Image Returned >> 2020-08-25 18:30:27.785916

m2zkekoto0f >> End >> 2020-08-25 18:30:27.926933

ppy8k484764 >> Start >> 2020-08-25 18:31:12.716552

ppy8k484764 >> Image Returned >> 2020-08-25 18:31:12.720001

ppy8k484764 >> End >> 2020-08-25 18:31:12.865202

05aqovb0rjs >> Start >> 2020-08-25 18:40:05.395529

05aqovb0rjs >> Image Returned >> 2020-08-25 18:40:05.399637

05aqovb0rjs >> End >> 2020-08-25 18:40:05.560134

bqc8oxsmxnb >> Start >> 2020-08-25 18:40:36.052438

bqc8oxsmxnb >> Image Returned >> 2020-08-25 18:40:36.055784

bqc8oxsmxnb >> End >> 2020-08-25 18:40:36.208405

nave3xz06vf >> Start >> 2020-08-25 18:40:41.589735

nave3xz06vf >> Image Returned >> 2020-08-25 18:40:41.590257

nave3xz06vf >> End >> 2020-08-25 18:40:41.742502

tov06i0vs4h >> Start >> 2020-08-25 18:41:20.449489

tov06i0vs4h >> Image Returned >> 2020-08-25 18:41:20.453571

tov06i0vs4h >> End >> 2020-08-25 18:41:20.597124

bdiujtgxsbh >> Start >> 2020-08-25 18:47:34.040143

bdiujtgxsbh >> Image Returned >> 2020-08-25 18:47:34.043553

bdiujtgxsbh >> End >> 2020-08-25 18:47:34.185789

sqq0642nyv4 >> Start >> 2020-08-25 18:50:38.011323

sqq0642nyv4 >> Image Returned >> 2020-08-25 18:50:38.017765

sqq0642nyv4 >> End >> 2020-08-25 18:50:38.186538

niic30o5wcq >> Start >> 2020-08-25 18:55:02.260052

niic30o5wcq >> Image Returned >> 2020-08-25 18:55:02.263566

niic30o5wcq >> End >> 2020-08-25 18:55:02.411583

qzsd6z0dtyq >> Start >> 2020-08-25 18:59:58.323401

qzsd6z0dtyq >> Image Returned >> 2020-08-25 18:59:58.327507

qzsd6z0dtyq >> End >> 2020-08-25 18:59:58.473532

mpsifjhe0u8 >> Start >> 2020-08-25 19:03:46.684315

mpsifjhe0u8 >> Image Returned >> 2020-08-25 19:03:46.689538

mpsifjhe0u8 >> End >> 2020-08-25 19:03:46.840557

pryoiib5zma >> Start >> 2020-08-25 19:12:10.304656

pryoiib5zma >> Image Returned >> 2020-08-25 19:12:10.308084

pryoiib5zma >> End >> 2020-08-25 19:12:10.453465

vo7x307aop3 >> Start >> 2020-08-25 19:14:12.531960

vo7x307aop3 >> Image Returned >> 2020-08-25 19:14:12.535299

vo7x307aop3 >> End >> 2020-08-25 19:14:12.685096

c4b5kfp8swe >> Start >> 2020-08-25 19:15:31.347055

c4b5kfp8swe >> Image Returned >> 2020-08-25 19:15:31.350469

c4b5kfp8swe >> End >> 2020-08-25 19:15:31.502291

6q83d0nqu4b >> Start >> 2020-08-25 19:22:38.927845

6q83d0nqu4b >> Image Returned >> 2020-08-25 19:22:38.932138

6q83d0nqu4b >> End >> 2020-08-25 19:22:39.090796

pftgdx2eu80 >> Start >> 2020-08-25 19:25:13.081743

pftgdx2eu80 >> Image Returned >> 2020-08-25 19:25:13.085640

pftgdx2eu80 >> End >> 2020-08-25 19:25:13.237790

eetf46hfh3x >> Start >> 2020-08-25 19:41:04.830612

eetf46hfh3x >> Image Returned >> 2020-08-25 19:41:04.834640

eetf46hfh3x >> End >> 2020-08-25 19:41:04.976355

jdxgsqw8vfo >> Start >> 2020-08-25 19:41:42.622497

jdxgsqw8vfo >> Image Returned >> 2020-08-25 19:41:42.628402

jdxgsqw8vfo >> End >> 2020-08-25 19:41:42.779747

q4tevy7avpi >> Start >> 2020-08-25 19:46:31.170557

q4tevy7avpi >> Image Returned >> 2020-08-25 19:46:31.174149

q4tevy7avpi >> End >> 2020-08-25 19:46:31.318497

gpg773jw2xg >> Start >> 2020-08-25 19:51:33.894118

gpg773jw2xg >> Image Returned >> 2020-08-25 19:51:33.899594

gpg773jw2xg >> End >> 2020-08-25 19:51:34.042195

77tv44bfc3n >> Start >> 2020-08-25 19:51:48.122844

77tv44bfc3n >> Image Returned >> 2020-08-25 19:51:48.127526

77tv44bfc3n >> End >> 2020-08-25 19:51:48.268296

juez2s5hpf6 >> Start >> 2020-08-25 19:56:32.345171

juez2s5hpf6 >> Image Returned >> 2020-08-25 19:56:32.349298

juez2s5hpf6 >> End >> 2020-08-25 19:56:32.503592

y5587ok0eqh >> Start >> 2020-08-25 19:58:16.694950

y5587ok0eqh >> Image Returned >> 2020-08-25 19:58:16.699337

y5587ok0eqh >> End >> 2020-08-25 19:58:16.845312

3i4rjjfdooh >> Start >> 2020-08-25 20:03:31.169661

3i4rjjfdooh >> Image Returned >> 2020-08-25 20:03:31.174284

3i4rjjfdooh >> End >> 2020-08-25 20:03:31.337475

6bjbriqhqum >> Start >> 2020-08-25 20:05:27.270602

6bjbriqhqum >> Image Returned >> 2020-08-25 20:05:27.274862

6bjbriqhqum >> End >> 2020-08-25 20:05:27.424968

kap0sox7h86 >> Start >> 2020-08-25 20:06:09.880687

kap0sox7h86 >> Image Returned >> 2020-08-25 20:06:09.884167

kap0sox7h86 >> End >> 2020-08-25 20:06:10.033790

byy755uv8i6 >> Start >> 2020-08-25 20:06:23.433017

byy755uv8i6 >> Image Returned >> 2020-08-25 20:06:23.436398

byy755uv8i6 >> End >> 2020-08-25 20:06:23.578924

hf3o02yk3do >> Start >> 2020-08-25 20:07:57.958112

hf3o02yk3do >> Image Returned >> 2020-08-25 20:07:57.962807

hf3o02yk3do >> End >> 2020-08-25 20:07:58.111350

xzkqqatphpk >> Start >> 2020-08-25 20:10:08.738682

xzkqqatphpk >> Image Returned >> 2020-08-25 20:10:08.742527

xzkqqatphpk >> End >> 2020-08-25 20:10:08.894795

g6wnc66ruzy >> Start >> 2020-08-25 20:10:23.133281

g6wnc66ruzy >> Image Returned >> 2020-08-25 20:10:23.136794

g6wnc66ruzy >> End >> 2020-08-25 20:10:23.288719

bnadzuzm4h4 >> Start >> 2020-08-25 20:11:34.129584

bnadzuzm4h4 >> Image Returned >> 2020-08-25 20:11:34.133543

bnadzuzm4h4 >> End >> 2020-08-25 20:11:34.280644

u032khmk5qd >> Start >> 2020-08-25 20:12:16.613305

u032khmk5qd >> Image Returned >> 2020-08-25 20:12:16.617146

u032khmk5qd >> End >> 2020-08-25 20:12:16.768311

ekxsijh5dae >> Start >> 2020-08-25 20:19:54.206208

ekxsijh5dae >> Image Returned >> 2020-08-25 20:19:54.211685

ekxsijh5dae >> End >> 2020-08-25 20:19:54.356036

7d32uuanmdb >> Start >> 2020-08-25 20:20:57.656115

7d32uuanmdb >> Image Returned >> 2020-08-25 20:20:57.660164

7d32uuanmdb >> End >> 2020-08-25 20:20:57.811494

6auozctjexr >> Start >> 2020-08-25 20:26:52.831110

6auozctjexr >> Image Returned >> 2020-08-25 20:26:52.836587

6auozctjexr >> End >> 2020-08-25 20:26:52.985904

fdq2vakkoqi >> Start >> 2020-08-25 20:28:41.745682

fdq2vakkoqi >> Image Returned >> 2020-08-25 20:28:41.750780

fdq2vakkoqi >> End >> 2020-08-25 20:28:41.896997

i3rtk2cwxcm >> Start >> 2020-08-25 20:33:33.304605

i3rtk2cwxcm >> Image Returned >> 2020-08-25 20:33:33.308073

i3rtk2cwxcm >> End >> 2020-08-25 20:33:33.449117

ipfe7ajc3w0 >> Start >> 2020-08-25 20:34:15.591520

ipfe7ajc3w0 >> Image Returned >> 2020-08-25 20:34:15.594949

ipfe7ajc3w0 >> End >> 2020-08-25 20:34:15.743339

48gvdwkkfa0 >> Start >> 2020-08-25 20:37:16.384327

48gvdwkkfa0 >> Image Returned >> 2020-08-25 20:37:16.388432

48gvdwkkfa0 >> End >> 2020-08-25 20:37:16.530452

kusrfcvq58e >> Start >> 2020-08-25 20:44:34.016963

kusrfcvq58e >> Image Returned >> 2020-08-25 20:44:34.020450

kusrfcvq58e >> End >> 2020-08-25 20:44:34.165580

xnjm45wrvqv >> Start >> 2020-08-25 20:51:19.393002

xnjm45wrvqv >> Image Returned >> 2020-08-25 20:51:19.398562

xnjm45wrvqv >> End >> 2020-08-25 20:51:19.551330

qov68xth5i6 >> Start >> 2020-08-25 20:55:20.621115

qov68xth5i6 >> Image Returned >> 2020-08-25 20:55:20.625055

qov68xth5i6 >> End >> 2020-08-25 20:55:20.767779

tqza52ajjwe >> Start >> 2020-08-25 21:00:22.027622

tqza52ajjwe >> Image Returned >> 2020-08-25 21:00:22.031768

tqza52ajjwe >> End >> 2020-08-25 21:00:22.180624

cownjgvxan2 >> Start >> 2020-08-25 21:10:22.787087

cownjgvxan2 >> Image Returned >> 2020-08-25 21:10:22.790666

cownjgvxan2 >> End >> 2020-08-25 21:10:22.949606

nkdggquv82s >> Start >> 2020-08-25 21:12:47.121891

nkdggquv82s >> Image Returned >> 2020-08-25 21:12:47.126863

nkdggquv82s >> End >> 2020-08-25 21:12:47.279628

rreu4y42v4m >> Start >> 2020-08-25 21:15:13.324016

rreu4y42v4m >> Image Returned >> 2020-08-25 21:15:13.327662

rreu4y42v4m >> End >> 2020-08-25 21:15:13.499603

6eqcbj50kk3 >> Start >> 2020-08-25 21:36:20.533341

6eqcbj50kk3 >> Image Returned >> 2020-08-25 21:36:20.536916

6eqcbj50kk3 >> End >> 2020-08-25 21:36:20.689595

36v63j854aw >> Start >> 2020-08-25 21:38:25.322663

36v63j854aw >> Image Returned >> 2020-08-25 21:38:25.327151

36v63j854aw >> End >> 2020-08-25 21:38:25.481525

pkmjy5rsyzp >> Start >> 2020-08-25 21:39:49.990175

pkmjy5rsyzp >> Image Returned >> 2020-08-25 21:39:49.995093

pkmjy5rsyzp >> End >> 2020-08-25 21:39:50.143596

7macdrynkwa >> Start >> 2020-08-25 21:40:29.571851

7macdrynkwa >> Image Returned >> 2020-08-25 21:40:29.576621

7macdrynkwa >> End >> 2020-08-25 21:40:29.721568

8z4vm4onodw >> Start >> 2020-08-25 21:50:30.929845

8z4vm4onodw >> Image Returned >> 2020-08-25 21:50:30.933922

8z4vm4onodw >> End >> 2020-08-25 21:50:31.082158

bt6gjnvnf4x >> Start >> 2020-08-25 21:51:29.823982

bt6gjnvnf4x >> Image Returned >> 2020-08-25 21:51:29.828073

bt6gjnvnf4x >> End >> 2020-08-25 21:51:29.975321

cayiuipz28b >> Start >> 2020-08-25 21:55:19.564176

cayiuipz28b >> Image Returned >> 2020-08-25 21:55:19.569150

cayiuipz28b >> End >> 2020-08-25 21:55:19.715733

bsbcvgbq2vr >> Start >> 2020-08-25 22:06:39.424241

bsbcvgbq2vr >> Image Returned >> 2020-08-25 22:06:39.428114

bsbcvgbq2vr >> End >> 2020-08-25 22:06:39.598380

qsqjfv2iek2 >> Start >> 2020-08-25 22:14:49.406157

qsqjfv2iek2 >> Image Returned >> 2020-08-25 22:14:49.410831

qsqjfv2iek2 >> End >> 2020-08-25 22:14:49.565340

mkwahjm33f7 >> Start >> 2020-08-25 22:18:26.402580

mkwahjm33f7 >> Image Returned >> 2020-08-25 22:18:26.409261

mkwahjm33f7 >> End >> 2020-08-25 22:18:26.566616

m5opcdps8uz >> Start >> 2020-08-25 22:20:19.285928

m5opcdps8uz >> Image Returned >> 2020-08-25 22:20:19.290241

m5opcdps8uz >> End >> 2020-08-25 22:20:19.434324

abpsw2rww5j >> Start >> 2020-08-25 22:24:32.067548

abpsw2rww5j >> Image Returned >> 2020-08-25 22:24:32.071021

abpsw2rww5j >> End >> 2020-08-25 22:24:32.223304

cpjg53tjfgs >> Start >> 2020-08-25 22:24:49.682218

cpjg53tjfgs >> Image Returned >> 2020-08-25 22:24:49.685988

cpjg53tjfgs >> End >> 2020-08-25 22:24:49.842803

gc5mvp04pnn >> Start >> 2020-08-25 22:26:03.368127

gc5mvp04pnn >> Image Returned >> 2020-08-25 22:26:03.372061

gc5mvp04pnn >> End >> 2020-08-25 22:26:03.520344

azq6csv0sto >> Start >> 2020-08-25 22:30:23.449415

azq6csv0sto >> Image Returned >> 2020-08-25 22:30:23.453728

azq6csv0sto >> End >> 2020-08-25 22:30:23.601798

bzuvqidakdf >> Start >> 2020-08-25 22:30:29.243777

bzuvqidakdf >> Image Returned >> 2020-08-25 22:30:29.244106

bzuvqidakdf >> End >> 2020-08-25 22:30:29.389621

36nfht6apqy >> Start >> 2020-08-25 22:30:43.988533

36nfht6apqy >> Image Returned >> 2020-08-25 22:30:43.992825

36nfht6apqy >> End >> 2020-08-25 22:30:44.138344

ahp7ttkt6v4 >> Start >> 2020-08-25 22:34:54.208760

ahp7ttkt6v4 >> Image Returned >> 2020-08-25 22:34:54.213109

ahp7ttkt6v4 >> End >> 2020-08-25 22:34:54.378372

qdoyn4rjcoh >> Start >> 2020-08-25 22:52:49.427429

qdoyn4rjcoh >> Image Returned >> 2020-08-25 22:52:49.432918

qdoyn4rjcoh >> End >> 2020-08-25 22:52:49.590243

2qu4w5ge4sx >> Start >> 2020-08-25 23:19:20.865904

2qu4w5ge4sx >> Image Returned >> 2020-08-25 23:19:20.870372

2qu4w5ge4sx >> End >> 2020-08-25 23:19:21.018007

zt80ebgb72z >> Start >> 2020-08-25 23:36:35.303688

zt80ebgb72z >> Image Returned >> 2020-08-25 23:36:35.308351

zt80ebgb72z >> End >> 2020-08-25 23:36:35.462852

axjqdoznkji >> Start >> 2020-08-25 23:37:51.567331

axjqdoznkji >> Image Returned >> 2020-08-25 23:37:51.571902

axjqdoznkji >> End >> 2020-08-25 23:37:51.719907

4oujy35vyaj >> Start >> 2020-08-25 23:38:04.517621

4oujy35vyaj >> Image Returned >> 2020-08-25 23:38:04.521114

4oujy35vyaj >> End >> 2020-08-25 23:38:04.663961

bvqhyqjpd2i >> Start >> 2020-08-25 23:38:06.033586

bvqhyqjpd2i >> Image Returned >> 2020-08-25 23:38:06.033921

bvqhyqjpd2i >> End >> 2020-08-25 23:38:06.177254

fz75ozzw6vr >> Start >> 2020-08-25 23:38:53.729578

fz75ozzw6vr >> Image Returned >> 2020-08-25 23:38:53.733639

fz75ozzw6vr >> End >> 2020-08-25 23:38:53.919982

7o0dv7nkyks >> Start >> 2020-08-25 23:40:56.112010

7o0dv7nkyks >> Image Returned >> 2020-08-25 23:40:56.116112

7o0dv7nkyks >> End >> 2020-08-25 23:40:56.262727

g6tm0hjfc3a >> Start >> 2020-08-25 23:44:14.165076

g6tm0hjfc3a >> Image Returned >> 2020-08-25 23:44:14.170583

g6tm0hjfc3a >> End >> 2020-08-25 23:44:14.312298

