7a8wk4utohg >> Start >> 2020-11-12 00:10:01.531232

7a8wk4utohg >> Image Returned >> 2020-11-12 00:10:01.535310

7a8wk4utohg >> End >> 2020-11-12 00:10:01.725151

cpp4za7moe6 >> Start >> 2020-11-12 00:22:16.650132

cpp4za7moe6 >> Image Returned >> 2020-11-12 00:22:16.657114

cpp4za7moe6 >> End >> 2020-11-12 00:22:16.862986

kpqq82ghptc >> Start >> 2020-11-12 00:23:00.447268

kpqq82ghptc >> Image Returned >> 2020-11-12 00:23:00.450598

kpqq82ghptc >> End >> 2020-11-12 00:23:00.660646

kgzg8fmmcqe >> Start >> 2020-11-12 00:24:52.433247

kgzg8fmmcqe >> Image Returned >> 2020-11-12 00:24:52.437350

kgzg8fmmcqe >> End >> 2020-11-12 00:24:52.633017

qvrkkckwhin >> Start >> 2020-11-12 00:27:26.363476

qvrkkckwhin >> Image Returned >> 2020-11-12 00:27:26.368577

qvrkkckwhin >> End >> 2020-11-12 00:27:26.570522

yct6tgpd3ux >> Start >> 2020-11-12 00:30:26.262612

yct6tgpd3ux >> Image Returned >> 2020-11-12 00:30:26.266567

yct6tgpd3ux >> End >> 2020-11-12 00:30:26.453758

f57nd4e6no2 >> Start >> 2020-11-12 00:31:04.142163

f57nd4e6no2 >> Image Returned >> 2020-11-12 00:31:04.145431

f57nd4e6no2 >> End >> 2020-11-12 00:31:04.334486

aupbjrwv5pg >> Start >> 2020-11-12 00:31:15.301203

aupbjrwv5pg >> Image Returned >> 2020-11-12 00:31:15.301517

aupbjrwv5pg >> End >> 2020-11-12 00:31:15.500190

s8585beskj4 >> Start >> 2020-11-12 00:33:33.360682

s8585beskj4 >> Image Returned >> 2020-11-12 00:33:33.366522

s8585beskj4 >> End >> 2020-11-12 00:33:33.572626

qmowmg7nj3e >> Start >> 2020-11-12 00:35:22.402436

qmowmg7nj3e >> Image Returned >> 2020-11-12 00:35:22.405806

qmowmg7nj3e >> End >> 2020-11-12 00:35:22.594578

2fo4qp45d7r >> Start >> 2020-11-12 00:36:27.097536

2fo4qp45d7r >> Image Returned >> 2020-11-12 00:36:27.101353

2fo4qp45d7r >> End >> 2020-11-12 00:36:27.299204

5s0g8pc4r60 >> Start >> 2020-11-12 00:42:03.379127

5s0g8pc4r60 >> Image Returned >> 2020-11-12 00:42:03.383188

5s0g8pc4r60 >> End >> 2020-11-12 00:42:03.586255

jxoeyahfabv >> Start >> 2020-11-12 00:53:40.410371

jxoeyahfabv >> Image Returned >> 2020-11-12 00:53:40.417726

jxoeyahfabv >> End >> 2020-11-12 00:53:40.611661

hpk7tidygvj >> Start >> 2020-11-12 01:01:44.601632

hpk7tidygvj >> Image Returned >> 2020-11-12 01:01:44.605679

hpk7tidygvj >> End >> 2020-11-12 01:01:44.801997

m3ne73ad0os >> Start >> 2020-11-12 01:09:00.082859

m3ne73ad0os >> Image Returned >> 2020-11-12 01:09:00.086764

m3ne73ad0os >> End >> 2020-11-12 01:09:00.284826

oxanfzktsgs >> Start >> 2020-11-12 01:12:58.739701

oxanfzktsgs >> Image Returned >> 2020-11-12 01:12:58.744133

oxanfzktsgs >> End >> 2020-11-12 01:12:58.934134

weor4er3jw3 >> Start >> 2020-11-12 01:17:07.100035

weor4er3jw3 >> Image Returned >> 2020-11-12 01:17:07.103853

weor4er3jw3 >> End >> 2020-11-12 01:17:07.292459

b08doy53ee2 >> Start >> 2020-11-12 01:25:45.605376

b08doy53ee2 >> Image Returned >> 2020-11-12 01:25:45.609652

b08doy53ee2 >> End >> 2020-11-12 01:25:45.831312

v73mcobbyi0 >> Start >> 2020-11-12 01:26:07.598624

v73mcobbyi0 >> Image Returned >> 2020-11-12 01:26:07.602049

v73mcobbyi0 >> End >> 2020-11-12 01:26:07.802464

0fjzet0c27q >> Start >> 2020-11-12 01:26:16.415417

0fjzet0c27q >> Image Returned >> 2020-11-12 01:26:16.415755

0fjzet0c27q >> End >> 2020-11-12 01:26:16.616329

zhoi0avqvbs >> Start >> 2020-11-12 01:26:20.573661

zhoi0avqvbs >> Image Returned >> 2020-11-12 01:26:20.573975

zhoi0avqvbs >> End >> 2020-11-12 01:26:20.777229

hki7iiukxv0 >> Start >> 2020-11-12 01:26:24.628957

hki7iiukxv0 >> Image Returned >> 2020-11-12 01:26:24.629251

hki7iiukxv0 >> End >> 2020-11-12 01:26:24.831041

zmhvo5xpjcn >> Start >> 2020-11-12 01:30:31.944017

zmhvo5xpjcn >> Image Returned >> 2020-11-12 01:30:31.948014

zmhvo5xpjcn >> End >> 2020-11-12 01:30:32.133810

ft2tk3qa6b4 >> Start >> 2020-11-12 01:32:32.434046

ft2tk3qa6b4 >> Image Returned >> 2020-11-12 01:32:32.438328

ft2tk3qa6b4 >> End >> 2020-11-12 01:32:32.639659

7jcorq0ad0r >> Start >> 2020-11-12 01:44:37.073565

7jcorq0ad0r >> Image Returned >> 2020-11-12 01:44:37.079778

7jcorq0ad0r >> End >> 2020-11-12 01:44:37.577831

bwawex6ok5v >> Start >> 2020-11-12 01:50:03.314686

bwawex6ok5v >> Image Returned >> 2020-11-12 01:50:03.318703

bwawex6ok5v >> End >> 2020-11-12 01:50:03.513639

88r64yxam6s >> Start >> 2020-11-12 01:51:26.447168

88r64yxam6s >> Image Returned >> 2020-11-12 01:51:26.452074

88r64yxam6s >> End >> 2020-11-12 01:51:26.671662

nz4yyh76h62 >> Start >> 2020-11-12 01:57:42.091232

nz4yyh76h62 >> Image Returned >> 2020-11-12 01:57:42.096057

nz4yyh76h62 >> End >> 2020-11-12 01:57:42.296194

5q47h8oe8np >> Start >> 2020-11-12 01:58:01.338529

5q47h8oe8np >> Image Returned >> 2020-11-12 01:58:01.342189

5q47h8oe8np >> End >> 2020-11-12 01:58:01.543118

c7ean6gttuu >> Start >> 2020-11-12 01:58:27.383230

c7ean6gttuu >> Image Returned >> 2020-11-12 01:58:27.387383

c7ean6gttuu >> End >> 2020-11-12 01:58:27.580116

7x8s22ew0gs >> Start >> 2020-11-12 02:07:02.185364

7x8s22ew0gs >> Image Returned >> 2020-11-12 02:07:02.191255

7x8s22ew0gs >> End >> 2020-11-12 02:07:02.385998

qfrmjbpaook >> Start >> 2020-11-12 02:07:23.272102

qfrmjbpaook >> Image Returned >> 2020-11-12 02:07:23.276138

qfrmjbpaook >> End >> 2020-11-12 02:07:23.461918

ixrfvo6vcxg >> Start >> 2020-11-12 02:25:39.731051

ixrfvo6vcxg >> Image Returned >> 2020-11-12 02:25:39.734534

ixrfvo6vcxg >> End >> 2020-11-12 02:25:39.937525

nfmpapqb7py >> Start >> 2020-11-12 02:31:57.402817

nfmpapqb7py >> Image Returned >> 2020-11-12 02:31:57.407480

nfmpapqb7py >> End >> 2020-11-12 02:31:57.596813

4ucn26dm2oh >> Start >> 2020-11-12 02:42:00.045284

4ucn26dm2oh >> Image Returned >> 2020-11-12 02:42:00.048734

4ucn26dm2oh >> End >> 2020-11-12 02:42:00.234076

pwywucopn2x >> Start >> 2020-11-12 02:42:48.933701

pwywucopn2x >> Image Returned >> 2020-11-12 02:42:48.937551

pwywucopn2x >> End >> 2020-11-12 02:42:49.126702

k7r7xft4ogx >> Start >> 2020-11-12 02:44:42.387911

k7r7xft4ogx >> Image Returned >> 2020-11-12 02:44:42.392247

k7r7xft4ogx >> End >> 2020-11-12 02:44:42.578377

2yq8q67c4ax >> Start >> 2020-11-12 02:56:27.806478

2yq8q67c4ax >> Image Returned >> 2020-11-12 02:56:27.810765

2yq8q67c4ax >> End >> 2020-11-12 02:56:28.022367

yqy68uy3p27 >> Start >> 2020-11-12 02:57:49.501971

yqy68uy3p27 >> Image Returned >> 2020-11-12 02:57:49.506599

yqy68uy3p27 >> End >> 2020-11-12 02:57:49.698534

ps50fupiue7 >> Start >> 2020-11-12 03:17:48.345557

ps50fupiue7 >> Image Returned >> 2020-11-12 03:17:48.350111

ps50fupiue7 >> End >> 2020-11-12 03:17:48.546415

7rd5g54tjmi >> Start >> 2020-11-12 03:52:30.794903

7rd5g54tjmi >> Image Returned >> 2020-11-12 03:52:30.798739

7rd5g54tjmi >> End >> 2020-11-12 03:52:31.008675

p5w7tj8us6e >> Start >> 2020-11-12 04:02:36.745630

p5w7tj8us6e >> Image Returned >> 2020-11-12 04:02:36.748523

p5w7tj8us6e >> End >> 2020-11-12 04:02:36.973360

xgvy56dg55e >> Start >> 2020-11-12 04:08:13.787225

xgvy56dg55e >> Image Returned >> 2020-11-12 04:08:13.790290

xgvy56dg55e >> End >> 2020-11-12 04:08:14.008804

p6302vb6wi6 >> Start >> 2020-11-12 04:36:54.856724

p6302vb6wi6 >> Image Returned >> 2020-11-12 04:36:54.859865

p6302vb6wi6 >> End >> 2020-11-12 04:36:55.076639

tfb8evhgs62 >> Start >> 2020-11-12 04:56:38.384563

tfb8evhgs62 >> Image Returned >> 2020-11-12 04:56:38.387578

tfb8evhgs62 >> End >> 2020-11-12 04:56:38.575917

mtyccsukbne >> Start >> 2020-11-12 05:22:58.755383

mtyccsukbne >> Image Returned >> 2020-11-12 05:22:58.758975

mtyccsukbne >> End >> 2020-11-12 05:22:58.940690

zm4ojvhtgdq >> Start >> 2020-11-12 05:24:43.807917

zm4ojvhtgdq >> Image Returned >> 2020-11-12 05:24:43.810815

zm4ojvhtgdq >> End >> 2020-11-12 05:24:43.995310

za8p5grvpap >> Start >> 2020-11-12 06:01:38.693798

za8p5grvpap >> Image Returned >> 2020-11-12 06:01:38.696731

za8p5grvpap >> End >> 2020-11-12 06:01:38.884285

img86g047be >> Start >> 2020-11-12 06:02:02.645848

img86g047be >> Image Returned >> 2020-11-12 06:02:02.648646

img86g047be >> End >> 2020-11-12 06:02:02.839343

k56r8fpet3f >> Start >> 2020-11-12 06:10:52.814353

k56r8fpet3f >> Image Returned >> 2020-11-12 06:10:52.817409

k56r8fpet3f >> End >> 2020-11-12 06:10:53.008465

nkbmttbsoj2 >> Start >> 2020-11-12 06:13:21.299945

nkbmttbsoj2 >> Image Returned >> 2020-11-12 06:13:21.302823

nkbmttbsoj2 >> End >> 2020-11-12 06:13:21.528054

vc00bfbx0pd >> Start >> 2020-11-12 06:18:32.707087

vc00bfbx0pd >> Image Returned >> 2020-11-12 06:18:32.710927

vc00bfbx0pd >> End >> 2020-11-12 06:18:32.926026

3zgzz85baa2 >> Start >> 2020-11-12 06:21:04.327089

3zgzz85baa2 >> Image Returned >> 2020-11-12 06:21:04.330602

3zgzz85baa2 >> End >> 2020-11-12 06:21:04.523319

ssyianx27m8 >> Start >> 2020-11-12 06:21:36.145093

ssyianx27m8 >> Image Returned >> 2020-11-12 06:21:36.148154

ssyianx27m8 >> End >> 2020-11-12 06:21:36.495407

b5tyvwn8un6 >> Start >> 2020-11-12 06:21:49.632626

b5tyvwn8un6 >> Image Returned >> 2020-11-12 06:21:49.635433

b5tyvwn8un6 >> End >> 2020-11-12 06:21:50.277909

40xmc5307n8 >> Start >> 2020-11-12 06:21:51.722027

40xmc5307n8 >> Image Returned >> 2020-11-12 06:21:51.722352

40xmc5307n8 >> End >> 2020-11-12 06:21:52.381995

8zuodz3nd0v >> Start >> 2020-11-12 06:21:58.946005

8zuodz3nd0v >> Image Returned >> 2020-11-12 06:21:58.946341

8zuodz3nd0v >> End >> 2020-11-12 06:21:59.594094

ipqaap73opb >> Start >> 2020-11-12 06:21:59.954521

ipqaap73opb >> Image Returned >> 2020-11-12 06:21:59.954799

ipqaap73opb >> End >> 2020-11-12 06:22:00.621944

cn5sezdbanj >> Start >> 2020-11-12 06:22:06.631731

cn5sezdbanj >> Image Returned >> 2020-11-12 06:22:06.632050

cn5sezdbanj >> End >> 2020-11-12 06:22:06.980665

xuefc40c2fx >> Start >> 2020-11-12 06:22:26.823929

xuefc40c2fx >> Image Returned >> 2020-11-12 06:22:26.826896

xuefc40c2fx >> End >> 2020-11-12 06:22:26.958600

gv3vdzsrjb4 >> Start >> 2020-11-12 06:34:05.073539

gv3vdzsrjb4 >> Image Returned >> 2020-11-12 06:34:05.076337

gv3vdzsrjb4 >> End >> 2020-11-12 06:34:05.280375

funbfy3qx0g >> Start >> 2020-11-12 07:00:02.143508

funbfy3qx0g >> Image Returned >> 2020-11-12 07:00:02.146461

funbfy3qx0g >> End >> 2020-11-12 07:00:02.434061

j480i0n0b5a >> Start >> 2020-11-12 07:03:49.938359

j480i0n0b5a >> Image Returned >> 2020-11-12 07:03:49.941693

j480i0n0b5a >> End >> 2020-11-12 07:03:50.150708

bjvduq0ehbu >> Start >> 2020-11-12 07:05:54.305982

bjvduq0ehbu >> Image Returned >> 2020-11-12 07:05:54.314572

bjvduq0ehbu >> End >> 2020-11-12 07:05:54.654365

asabcfrhh86 >> Start >> 2020-11-12 07:06:13.067374

asabcfrhh86 >> Image Returned >> 2020-11-12 07:06:13.070235

asabcfrhh86 >> End >> 2020-11-12 07:06:13.750757

cyajejvar8i >> Start >> 2020-11-12 07:06:14.031163

cyajejvar8i >> Image Returned >> 2020-11-12 07:06:14.031465

cyajejvar8i >> End >> 2020-11-12 07:06:14.693182

w7ohb648ugj >> Start >> 2020-11-12 07:10:59.450620

w7ohb648ugj >> Image Returned >> 2020-11-12 07:10:59.453819

w7ohb648ugj >> End >> 2020-11-12 07:10:59.645240

aqsi8b44f3x >> Start >> 2020-11-12 07:15:56.005573

aqsi8b44f3x >> Image Returned >> 2020-11-12 07:15:56.008980

aqsi8b44f3x >> End >> 2020-11-12 07:15:56.362994

aa7qbenqykw >> Start >> 2020-11-12 07:28:03.266156

aa7qbenqykw >> Image Returned >> 2020-11-12 07:28:03.269012

aa7qbenqykw >> End >> 2020-11-12 07:28:03.524578

2iktnk58hjs >> Start >> 2020-11-12 07:50:54.187936

2iktnk58hjs >> Image Returned >> 2020-11-12 07:50:54.191337

2iktnk58hjs >> End >> 2020-11-12 07:50:54.391789

70t6bbhp3xi >> Start >> 2020-11-12 07:53:54.303035

70t6bbhp3xi >> Image Returned >> 2020-11-12 07:53:54.306648

70t6bbhp3xi >> End >> 2020-11-12 07:53:54.527949

xo7qxusp4ua >> Start >> 2020-11-12 07:54:15.470957

xo7qxusp4ua >> Image Returned >> 2020-11-12 07:54:15.473838

xo7qxusp4ua >> End >> 2020-11-12 07:54:15.604379

sz63ov6frfw >> Start >> 2020-11-12 07:59:16.038660

sz63ov6frfw >> Image Returned >> 2020-11-12 07:59:16.041546

sz63ov6frfw >> End >> 2020-11-12 07:59:16.292062

w4ijgc7grm0 >> Start >> 2020-11-12 07:59:25.224983

w4ijgc7grm0 >> Image Returned >> 2020-11-12 07:59:25.225370

w4ijgc7grm0 >> End >> 2020-11-12 07:59:25.472754

5sky728snha >> Start >> 2020-11-12 08:00:14.180479

5sky728snha >> Image Returned >> 2020-11-12 08:00:14.183340

5sky728snha >> End >> 2020-11-12 08:00:14.383826

xahrnn6i7bw >> Start >> 2020-11-12 08:09:53.727118

xahrnn6i7bw >> Image Returned >> 2020-11-12 08:09:53.730499

xahrnn6i7bw >> End >> 2020-11-12 08:09:53.922241

ykdt8um3xqy >> Start >> 2020-11-12 08:12:37.650825

ykdt8um3xqy >> Image Returned >> 2020-11-12 08:12:37.653911

ykdt8um3xqy >> End >> 2020-11-12 08:12:37.928236

oj56fc2ykym >> Start >> 2020-11-12 08:24:14.693101

oj56fc2ykym >> Image Returned >> 2020-11-12 08:24:14.695981

oj56fc2ykym >> End >> 2020-11-12 08:24:14.883291

cgxyhspcbye >> Start >> 2020-11-12 08:26:25.535315

cgxyhspcbye >> Image Returned >> 2020-11-12 08:26:25.538770

cgxyhspcbye >> End >> 2020-11-12 08:26:25.761585

uijanroxine >> Start >> 2020-11-12 08:39:31.061959

uijanroxine >> Image Returned >> 2020-11-12 08:39:31.064989

uijanroxine >> End >> 2020-11-12 08:39:31.274686

0a4vs8jcz3i >> Start >> 2020-11-12 08:46:53.835920

0a4vs8jcz3i >> Image Returned >> 2020-11-12 08:46:53.839042

0a4vs8jcz3i >> End >> 2020-11-12 08:46:54.034135

d5uagbrc50h >> Start >> 2020-11-12 08:47:11.200503

d5uagbrc50h >> Image Returned >> 2020-11-12 08:47:11.203372

d5uagbrc50h >> End >> 2020-11-12 08:47:11.409178

053pypngum4 >> Start >> 2020-11-12 08:48:32.454740

053pypngum4 >> Image Returned >> 2020-11-12 08:48:32.458214

053pypngum4 >> End >> 2020-11-12 08:48:32.662246

3v8zskqs2yh >> Start >> 2020-11-12 08:49:22.150168

3v8zskqs2yh >> Image Returned >> 2020-11-12 08:49:22.153084

3v8zskqs2yh >> End >> 2020-11-12 08:49:22.357891

prb76gpthxs >> Start >> 2020-11-12 08:57:13.007615

prb76gpthxs >> Image Returned >> 2020-11-12 08:57:13.010797

prb76gpthxs >> End >> 2020-11-12 08:57:13.144898

y4herswiys2 >> Start >> 2020-11-12 09:04:19.761270

y4herswiys2 >> Image Returned >> 2020-11-12 09:04:19.765815

y4herswiys2 >> End >> 2020-11-12 09:04:19.953705

7qad2sntbkj >> Start >> 2020-11-12 09:07:21.093600

7qad2sntbkj >> Image Returned >> 2020-11-12 09:07:21.096554

7qad2sntbkj >> End >> 2020-11-12 09:07:21.299420

6r7eot5xrqy >> Start >> 2020-11-12 09:17:15.063220

6r7eot5xrqy >> Image Returned >> 2020-11-12 09:17:15.066432

6r7eot5xrqy >> End >> 2020-11-12 09:17:15.293896

wt6s333m8m4 >> Start >> 2020-11-12 09:18:54.239902

wt6s333m8m4 >> Image Returned >> 2020-11-12 09:18:54.242975

wt6s333m8m4 >> End >> 2020-11-12 09:18:54.372323

tnice0mu4w2 >> Start >> 2020-11-12 09:23:10.899127

tnice0mu4w2 >> Image Returned >> 2020-11-12 09:23:10.902678

tnice0mu4w2 >> End >> 2020-11-12 09:23:11.088592

7k58kpg0odj >> Start >> 2020-11-12 09:23:12.954741

7k58kpg0odj >> Image Returned >> 2020-11-12 09:23:12.955048

7k58kpg0odj >> End >> 2020-11-12 09:23:13.143554

vn6juffa6h3 >> Start >> 2020-11-12 09:23:49.391324

vn6juffa6h3 >> Image Returned >> 2020-11-12 09:23:49.394686

vn6juffa6h3 >> End >> 2020-11-12 09:23:49.525448

ir8fac8pj52 >> Start >> 2020-11-12 09:25:53.596935

ir8fac8pj52 >> Image Returned >> 2020-11-12 09:25:53.600351

ir8fac8pj52 >> End >> 2020-11-12 09:25:53.784573

vpxi4im5qa4 >> Start >> 2020-11-12 09:26:19.594902

vpxi4im5qa4 >> Image Returned >> 2020-11-12 09:26:19.598088

vpxi4im5qa4 >> End >> 2020-11-12 09:26:19.786187

amrete7ggny >> Start >> 2020-11-12 09:29:19.831137

amrete7ggny >> Image Returned >> 2020-11-12 09:29:19.834081

amrete7ggny >> End >> 2020-11-12 09:29:20.027113

rsg7pp6dxxs >> Start >> 2020-11-12 09:31:29.753251

rsg7pp6dxxs >> Image Returned >> 2020-11-12 09:31:29.756475

rsg7pp6dxxs >> End >> 2020-11-12 09:31:29.972795

mfhsjb6fby0 >> Start >> 2020-11-12 09:36:12.120491

mfhsjb6fby0 >> Image Returned >> 2020-11-12 09:36:12.124018

mfhsjb6fby0 >> End >> 2020-11-12 09:36:12.479967

gczg28n62sd >> Start >> 2020-11-12 09:36:14.461298

gczg28n62sd >> Image Returned >> 2020-11-12 09:36:14.461703

gczg28n62sd >> End >> 2020-11-12 09:36:14.805706

grkw6dcmo8y >> Start >> 2020-11-12 09:39:33.218228

grkw6dcmo8y >> Image Returned >> 2020-11-12 09:39:33.221561

grkw6dcmo8y >> End >> 2020-11-12 09:39:33.439964

zkece4z6o4s >> Start >> 2020-11-12 09:43:13.545363

zkece4z6o4s >> Image Returned >> 2020-11-12 09:43:13.548346

zkece4z6o4s >> End >> 2020-11-12 09:43:13.763000

zf2kt52rkob >> Start >> 2020-11-12 09:43:31.201349

zf2kt52rkob >> Image Returned >> 2020-11-12 09:43:31.204688

zf2kt52rkob >> End >> 2020-11-12 09:43:31.339973

2wf77jyy4cw >> Start >> 2020-11-12 09:44:58.305306

2wf77jyy4cw >> Image Returned >> 2020-11-12 09:44:58.308624

2wf77jyy4cw >> End >> 2020-11-12 09:44:58.498815

di7fxaizugk >> Start >> 2020-11-12 09:51:42.434699

di7fxaizugk >> Image Returned >> 2020-11-12 09:51:42.437995

di7fxaizugk >> End >> 2020-11-12 09:51:42.778933

h2qtmn4ej2r >> Start >> 2020-11-12 09:55:11.823245

h2qtmn4ej2r >> Image Returned >> 2020-11-12 09:55:11.826596

h2qtmn4ej2r >> End >> 2020-11-12 09:55:12.013094

cbjuadzt42x >> Start >> 2020-11-12 09:56:19.953604

cbjuadzt42x >> Image Returned >> 2020-11-12 09:56:19.957029

cbjuadzt42x >> End >> 2020-11-12 09:56:20.143933

bk75ursf3xp >> Start >> 2020-11-12 09:56:38.303107

bk75ursf3xp >> Image Returned >> 2020-11-12 09:56:38.306399

bk75ursf3xp >> End >> 2020-11-12 09:56:38.495862

i4nuw5ozgf3 >> Start >> 2020-11-12 09:57:01.702239

i4nuw5ozgf3 >> Image Returned >> 2020-11-12 09:57:01.706690

i4nuw5ozgf3 >> End >> 2020-11-12 09:57:01.925816

iqk70qvj8ho >> Start >> 2020-11-12 10:02:13.034569

iqk70qvj8ho >> Image Returned >> 2020-11-12 10:02:13.039284

iqk70qvj8ho >> End >> 2020-11-12 10:02:13.318792

bgguv8yt7t3 >> Start >> 2020-11-12 10:08:55.421868

bgguv8yt7t3 >> Image Returned >> 2020-11-12 10:08:55.426054

bgguv8yt7t3 >> End >> 2020-11-12 10:08:55.627362

0aiavs607mb >> Start >> 2020-11-12 10:09:48.674237

0aiavs607mb >> Image Returned >> 2020-11-12 10:09:48.677361

0aiavs607mb >> End >> 2020-11-12 10:09:48.808814

szufifu3z83 >> Start >> 2020-11-12 10:11:33.827461

szufifu3z83 >> Image Returned >> 2020-11-12 10:11:33.830950

szufifu3z83 >> End >> 2020-11-12 10:11:34.039978

vpnxo3ehvpj >> Start >> 2020-11-12 10:13:44.712344

vpnxo3ehvpj >> Image Returned >> 2020-11-12 10:13:44.715598

vpnxo3ehvpj >> End >> 2020-11-12 10:13:44.910198

beovtaz7poa >> Start >> 2020-11-12 10:16:09.180499

beovtaz7poa >> Image Returned >> 2020-11-12 10:16:09.183429

beovtaz7poa >> End >> 2020-11-12 10:16:09.399005

cz6nkn28xhr >> Start >> 2020-11-12 10:21:39.596586

cz6nkn28xhr >> Image Returned >> 2020-11-12 10:21:39.600002

cz6nkn28xhr >> End >> 2020-11-12 10:21:39.994370

fb5a45tcuop >> Start >> 2020-11-12 10:23:51.508831

fb5a45tcuop >> Image Returned >> 2020-11-12 10:23:51.512456

fb5a45tcuop >> End >> 2020-11-12 10:23:51.701469

woiwho3wvjg >> Start >> 2020-11-12 10:25:19.654580

woiwho3wvjg >> Image Returned >> 2020-11-12 10:25:19.657676

woiwho3wvjg >> End >> 2020-11-12 10:25:19.843899

iq4ksyxeko3 >> Start >> 2020-11-12 10:32:44.379734

iq4ksyxeko3 >> Image Returned >> 2020-11-12 10:32:44.383531

iq4ksyxeko3 >> End >> 2020-11-12 10:32:44.586581

4cfrsyyur2k >> Start >> 2020-11-12 10:49:03.418606

4cfrsyyur2k >> Image Returned >> 2020-11-12 10:49:03.421708

4cfrsyyur2k >> End >> 2020-11-12 10:49:03.622042

v33suyhdghb >> Start >> 2020-11-12 10:52:52.891302

v33suyhdghb >> Image Returned >> 2020-11-12 10:52:52.894364

v33suyhdghb >> End >> 2020-11-12 10:52:53.076519

bjcgxbu24dh >> Start >> 2020-11-12 10:54:37.012563

bjcgxbu24dh >> Image Returned >> 2020-11-12 10:54:37.016846

bjcgxbu24dh >> End >> 2020-11-12 10:54:37.203226

zeuwkeqx5or >> Start >> 2020-11-12 10:54:41.585216

zeuwkeqx5or >> Image Returned >> 2020-11-12 10:54:41.585501

zeuwkeqx5or >> End >> 2020-11-12 10:54:41.769201

t5aq2tojtwk >> Start >> 2020-11-12 10:58:28.608386

t5aq2tojtwk >> Image Returned >> 2020-11-12 10:58:28.611948

t5aq2tojtwk >> End >> 2020-11-12 10:58:28.803519

sb4fydbs4sw >> Start >> 2020-11-12 10:59:43.763392

sb4fydbs4sw >> Image Returned >> 2020-11-12 10:59:43.767034

sb4fydbs4sw >> End >> 2020-11-12 10:59:43.986524

38rme7238nu >> Start >> 2020-11-12 10:59:58.632523

38rme7238nu >> Image Returned >> 2020-11-12 10:59:58.635550

38rme7238nu >> End >> 2020-11-12 10:59:58.832367

akg8aijd08r >> Start >> 2020-11-12 11:00:51.878258

akg8aijd08r >> Image Returned >> 2020-11-12 11:00:51.881596

akg8aijd08r >> End >> 2020-11-12 11:00:52.085664

m48aj3feupa >> Start >> 2020-11-12 11:08:03.319017

m48aj3feupa >> Image Returned >> 2020-11-12 11:08:03.322561

m48aj3feupa >> End >> 2020-11-12 11:08:03.509744

bmi2xcz8yg8 >> Start >> 2020-11-12 11:17:11.693454

bmi2xcz8yg8 >> Image Returned >> 2020-11-12 11:17:11.697961

bmi2xcz8yg8 >> End >> 2020-11-12 11:17:13.830650

gmc5ywfy3e2 >> Start >> 2020-11-12 11:18:02.256570

gmc5ywfy3e2 >> Image Returned >> 2020-11-12 11:18:02.260009

gmc5ywfy3e2 >> End >> 2020-11-12 11:18:02.444259

vfm8ohke82e >> Start >> 2020-11-12 11:26:43.891618

vfm8ohke82e >> Image Returned >> 2020-11-12 11:26:43.896259

vfm8ohke82e >> End >> 2020-11-12 11:26:44.099392

ijqgziyqco6 >> Start >> 2020-11-12 11:27:48.864407

ijqgziyqco6 >> Image Returned >> 2020-11-12 11:27:48.867747

ijqgziyqco6 >> End >> 2020-11-12 11:27:49.153099

7t7m5kiun68 >> Start >> 2020-11-12 11:42:54.561814

7t7m5kiun68 >> Image Returned >> 2020-11-12 11:42:54.564812

7t7m5kiun68 >> End >> 2020-11-12 11:42:54.751492

peznmn36pnz >> Start >> 2020-11-12 11:43:01.224500

peznmn36pnz >> Image Returned >> 2020-11-12 11:43:01.224837

peznmn36pnz >> End >> 2020-11-12 11:43:01.417100

hg2wv8dtkog >> Start >> 2020-11-12 11:44:01.562077

hg2wv8dtkog >> Image Returned >> 2020-11-12 11:44:01.566934

hg2wv8dtkog >> End >> 2020-11-12 11:44:01.763672

qujjizi0mmp >> Start >> 2020-11-12 11:44:02.915127

qujjizi0mmp >> Image Returned >> 2020-11-12 11:44:02.915422

qujjizi0mmp >> End >> 2020-11-12 11:44:03.101557

03gsg30gsov >> Start >> 2020-11-12 11:49:20.704400

03gsg30gsov >> Image Returned >> 2020-11-12 11:49:20.707746

03gsg30gsov >> End >> 2020-11-12 11:49:20.932476

366zwhknuoj >> Start >> 2020-11-12 11:50:42.043239

366zwhknuoj >> Image Returned >> 2020-11-12 11:50:42.046601

366zwhknuoj >> End >> 2020-11-12 11:50:42.244501

qymr5evig7n >> Start >> 2020-11-12 11:57:39.374543

qymr5evig7n >> Image Returned >> 2020-11-12 11:57:39.378016

qymr5evig7n >> End >> 2020-11-12 11:57:39.562340

4ojihhkjj08 >> Start >> 2020-11-12 12:01:53.964375

4ojihhkjj08 >> Image Returned >> 2020-11-12 12:01:53.967581

4ojihhkjj08 >> End >> 2020-11-12 12:01:54.159955

kea760787tk >> Start >> 2020-11-12 12:02:48.855145

kea760787tk >> Image Returned >> 2020-11-12 12:02:48.858405

kea760787tk >> End >> 2020-11-12 12:02:49.052201

4hmnu4qee28 >> Start >> 2020-11-12 12:03:00.421401

4hmnu4qee28 >> Image Returned >> 2020-11-12 12:03:00.425163

4hmnu4qee28 >> End >> 2020-11-12 12:03:00.624963

24tpoarf4eg >> Start >> 2020-11-12 12:08:48.518934

24tpoarf4eg >> Image Returned >> 2020-11-12 12:08:48.522280

24tpoarf4eg >> End >> 2020-11-12 12:08:48.734940

4xf6pjqu5mj >> Start >> 2020-11-12 12:08:49.720087

4xf6pjqu5mj >> Image Returned >> 2020-11-12 12:08:49.720432

4xf6pjqu5mj >> End >> 2020-11-12 12:08:49.920227

0xrbj7b30ie >> Start >> 2020-11-12 12:09:53.554085

0xrbj7b30ie >> Image Returned >> 2020-11-12 12:09:53.557588

0xrbj7b30ie >> End >> 2020-11-12 12:09:53.749581

stfex4nkede >> Start >> 2020-11-12 12:10:15.213155

stfex4nkede >> Image Returned >> 2020-11-12 12:10:15.216357

stfex4nkede >> End >> 2020-11-12 12:10:15.412600

gcm6pr6bibs >> Start >> 2020-11-12 12:10:34.829891

gcm6pr6bibs >> Image Returned >> 2020-11-12 12:10:34.833544

gcm6pr6bibs >> End >> 2020-11-12 12:10:35.035104

2g3iqyoen3d >> Start >> 2020-11-12 12:14:40.425036

2g3iqyoen3d >> Image Returned >> 2020-11-12 12:14:40.428406

2g3iqyoen3d >> End >> 2020-11-12 12:14:40.624243

dyo2brxa64z >> Start >> 2020-11-12 12:15:31.540445

dyo2brxa64z >> Image Returned >> 2020-11-12 12:15:31.543415

dyo2brxa64z >> End >> 2020-11-12 12:15:31.734208

kcc7db4f454 >> Start >> 2020-11-12 12:17:42.807898

kcc7db4f454 >> Image Returned >> 2020-11-12 12:17:42.811227

kcc7db4f454 >> End >> 2020-11-12 12:17:43.045312

wgo34hzgngg >> Start >> 2020-11-12 12:17:53.380397

wgo34hzgngg >> Image Returned >> 2020-11-12 12:17:53.383358

wgo34hzgngg >> End >> 2020-11-12 12:17:53.567827

32mdquhoezc >> Start >> 2020-11-12 12:19:08.079093

32mdquhoezc >> Image Returned >> 2020-11-12 12:19:08.082052

32mdquhoezc >> End >> 2020-11-12 12:19:08.313024

pkgtihpvzpj >> Start >> 2020-11-12 12:30:16.319432

pkgtihpvzpj >> Image Returned >> 2020-11-12 12:30:16.322762

pkgtihpvzpj >> End >> 2020-11-12 12:30:16.544815

rpafn7s80ev >> Start >> 2020-11-12 12:30:19.196460

rpafn7s80ev >> Image Returned >> 2020-11-12 12:30:19.196785

rpafn7s80ev >> End >> 2020-11-12 12:30:19.389600

hb5vs7a727w >> Start >> 2020-11-12 12:30:49.995845

hb5vs7a727w >> Image Returned >> 2020-11-12 12:30:49.999237

hb5vs7a727w >> End >> 2020-11-12 12:30:50.194999

pkw8pbyttrm >> Start >> 2020-11-12 12:34:09.890731

pkw8pbyttrm >> Image Returned >> 2020-11-12 12:34:09.893719

pkw8pbyttrm >> End >> 2020-11-12 12:34:10.110856

0eg8fdt8jpm >> Start >> 2020-11-12 12:41:26.985825

0eg8fdt8jpm >> Image Returned >> 2020-11-12 12:41:26.989427

0eg8fdt8jpm >> End >> 2020-11-12 12:41:27.236757

5e7te02bm26 >> Start >> 2020-11-12 12:41:33.897603

5e7te02bm26 >> Image Returned >> 2020-11-12 12:41:33.897903

5e7te02bm26 >> End >> 2020-11-12 12:41:34.081168

ypua6640bo4 >> Start >> 2020-11-12 12:47:09.790261

ypua6640bo4 >> Image Returned >> 2020-11-12 12:47:09.793271

ypua6640bo4 >> End >> 2020-11-12 12:47:09.987384

3ka8siy3ej0 >> Start >> 2020-11-12 12:49:57.917315

3ka8siy3ej0 >> Image Returned >> 2020-11-12 12:49:57.920358

3ka8siy3ej0 >> End >> 2020-11-12 12:49:58.103009

ctatscnrxp7 >> Start >> 2020-11-12 12:51:27.883346

ctatscnrxp7 >> Image Returned >> 2020-11-12 12:51:27.886533

ctatscnrxp7 >> End >> 2020-11-12 12:51:28.131253

0kuvhonzyhn >> Start >> 2020-11-12 12:54:01.890657

0kuvhonzyhn >> Image Returned >> 2020-11-12 12:54:01.894646

0kuvhonzyhn >> End >> 2020-11-12 12:54:02.129630

m2cq8f7y3nb >> Start >> 2020-11-12 12:59:38.241949

m2cq8f7y3nb >> Image Returned >> 2020-11-12 12:59:38.245471

m2cq8f7y3nb >> End >> 2020-11-12 12:59:38.487586

gbw0q072swb >> Start >> 2020-11-12 13:04:01.679514

gbw0q072swb >> Image Returned >> 2020-11-12 13:04:01.683243

gbw0q072swb >> End >> 2020-11-12 13:04:01.866518

hkqognb0djj >> Start >> 2020-11-12 13:06:45.539930

hkqognb0djj >> Image Returned >> 2020-11-12 13:06:45.544222

hkqognb0djj >> End >> 2020-11-12 13:06:45.732455

i76kpib8si4 >> Start >> 2020-11-12 13:08:03.934418

i76kpib8si4 >> Image Returned >> 2020-11-12 13:08:03.937459

i76kpib8si4 >> End >> 2020-11-12 13:08:04.120452

mqmo3pbxuyp >> Start >> 2020-11-12 13:09:18.069685

mqmo3pbxuyp >> Image Returned >> 2020-11-12 13:09:18.072753

mqmo3pbxuyp >> End >> 2020-11-12 13:09:18.310848

hq28ykkxf70 >> Start >> 2020-11-12 13:10:55.642185

hq28ykkxf70 >> Image Returned >> 2020-11-12 13:10:55.645431

hq28ykkxf70 >> End >> 2020-11-12 13:10:55.831485

sim8zd486ua >> Start >> 2020-11-12 13:15:32.247236

sim8zd486ua >> Image Returned >> 2020-11-12 13:15:32.251534

sim8zd486ua >> End >> 2020-11-12 13:15:32.503074

0o7h0z5u4bw >> Start >> 2020-11-12 13:18:39.240946

0o7h0z5u4bw >> Image Returned >> 2020-11-12 13:18:39.244565

0o7h0z5u4bw >> End >> 2020-11-12 13:18:39.374835

5u3vmi3umg0 >> Start >> 2020-11-12 13:21:38.746465

5u3vmi3umg0 >> Image Returned >> 2020-11-12 13:21:38.754977

5u3vmi3umg0 >> End >> 2020-11-12 13:21:39.002362

k23xbpvznat >> Start >> 2020-11-12 13:21:51.040710

k23xbpvznat >> Image Returned >> 2020-11-12 13:21:51.044625

k23xbpvznat >> End >> 2020-11-12 13:21:51.227360

tbtyos5yynz >> Start >> 2020-11-12 13:25:08.578695

tbtyos5yynz >> Image Returned >> 2020-11-12 13:25:08.581739

tbtyos5yynz >> End >> 2020-11-12 13:25:08.769926

a4df8u7rdfj >> Start >> 2020-11-12 13:25:52.840480

a4df8u7rdfj >> Image Returned >> 2020-11-12 13:25:52.843589

a4df8u7rdfj >> End >> 2020-11-12 13:25:53.094105

i5vaxzrd2rp >> Start >> 2020-11-12 13:28:20.365926

i5vaxzrd2rp >> Image Returned >> 2020-11-12 13:28:20.370630

i5vaxzrd2rp >> End >> 2020-11-12 13:28:20.564670

uki4qcobayo >> Start >> 2020-11-12 13:29:23.752806

uki4qcobayo >> Image Returned >> 2020-11-12 13:29:23.755886

uki4qcobayo >> End >> 2020-11-12 13:29:23.985807

npdhnpryh0t >> Start >> 2020-11-12 13:29:54.121375

npdhnpryh0t >> Image Returned >> 2020-11-12 13:29:54.124665

npdhnpryh0t >> End >> 2020-11-12 13:29:54.337785

yge7xtgm63v >> Start >> 2020-11-12 13:31:07.814250

yge7xtgm63v >> Image Returned >> 2020-11-12 13:31:07.820858

yge7xtgm63v >> End >> 2020-11-12 13:31:08.031960

j0kyat2rep7 >> Start >> 2020-11-12 13:31:08.265568

j0kyat2rep7 >> Image Returned >> 2020-11-12 13:31:08.265846

j0kyat2rep7 >> End >> 2020-11-12 13:31:08.452822

foeepg0apsf >> Start >> 2020-11-12 13:31:33.203069

foeepg0apsf >> Image Returned >> 2020-11-12 13:31:33.206162

foeepg0apsf >> End >> 2020-11-12 13:31:33.400051

gsgy5mwg6vr >> Start >> 2020-11-12 13:31:42.236336

gsgy5mwg6vr >> Image Returned >> 2020-11-12 13:31:42.236637

gsgy5mwg6vr >> End >> 2020-11-12 13:31:42.422213

wscjobturg4 >> Start >> 2020-11-12 13:32:04.249195

wscjobturg4 >> Image Returned >> 2020-11-12 13:32:04.252576

wscjobturg4 >> End >> 2020-11-12 13:32:04.912846

upbjvw3pjvf >> Start >> 2020-11-12 13:32:05.070082

upbjvw3pjvf >> Image Returned >> 2020-11-12 13:32:05.070409

upbjvw3pjvf >> End >> 2020-11-12 13:32:05.736110

d5fh7p4pc4k >> Start >> 2020-11-12 13:32:47.325794

d5fh7p4pc4k >> Image Returned >> 2020-11-12 13:32:47.329188

d5fh7p4pc4k >> End >> 2020-11-12 13:32:47.514950

djww53sqgez >> Start >> 2020-11-12 13:34:03.547677

djww53sqgez >> Image Returned >> 2020-11-12 13:34:03.551067

djww53sqgez >> End >> 2020-11-12 13:34:03.753024

hq8awy5hifd >> Start >> 2020-11-12 13:37:20.351754

hq8awy5hifd >> Image Returned >> 2020-11-12 13:37:20.355072

hq8awy5hifd >> End >> 2020-11-12 13:37:20.603024

dnzzpkr0k6h >> Start >> 2020-11-12 13:37:30.727999

dnzzpkr0k6h >> Image Returned >> 2020-11-12 13:37:30.728282

dnzzpkr0k6h >> End >> 2020-11-12 13:37:30.924124

4rkm60bkbz5 >> Start >> 2020-11-12 13:40:10.656630

4rkm60bkbz5 >> Image Returned >> 2020-11-12 13:40:10.659811

4rkm60bkbz5 >> End >> 2020-11-12 13:40:10.852087

ox2yp06xm6u >> Start >> 2020-11-12 13:42:55.471000

ox2yp06xm6u >> Image Returned >> 2020-11-12 13:42:55.474561

ox2yp06xm6u >> End >> 2020-11-12 13:42:55.668628

b4gosyu5y8s >> Start >> 2020-11-12 13:45:56.009711

b4gosyu5y8s >> Image Returned >> 2020-11-12 13:45:56.012783

b4gosyu5y8s >> End >> 2020-11-12 13:45:56.193913

60hd8r0d2jm >> Start >> 2020-11-12 13:46:02.780966

60hd8r0d2jm >> Image Returned >> 2020-11-12 13:46:02.781260

60hd8r0d2jm >> End >> 2020-11-12 13:46:03.037385

x858ejns3ft >> Start >> 2020-11-12 13:46:38.344566

x858ejns3ft >> Image Returned >> 2020-11-12 13:46:38.348570

x858ejns3ft >> End >> 2020-11-12 13:46:38.614197

xdnijkv8ijj >> Start >> 2020-11-12 13:55:31.390105

xdnijkv8ijj >> Image Returned >> 2020-11-12 13:55:31.393408

xdnijkv8ijj >> End >> 2020-11-12 13:55:31.583022

0oy5kfhhdib >> Start >> 2020-11-12 13:57:05.419491

0oy5kfhhdib >> Image Returned >> 2020-11-12 13:57:05.422602

0oy5kfhhdib >> End >> 2020-11-12 13:57:05.620733

nqdx0xziuis >> Start >> 2020-11-12 13:58:17.179723

nqdx0xziuis >> Image Returned >> 2020-11-12 13:58:17.183379

nqdx0xziuis >> End >> 2020-11-12 13:58:17.382920

3aqnfkjrcbd >> Start >> 2020-11-12 14:02:14.408729

3aqnfkjrcbd >> Image Returned >> 2020-11-12 14:02:14.412175

3aqnfkjrcbd >> End >> 2020-11-12 14:02:14.643783

s3fmb6mq2bj >> Start >> 2020-11-12 14:02:24.546386

s3fmb6mq2bj >> Image Returned >> 2020-11-12 14:02:24.546700

s3fmb6mq2bj >> End >> 2020-11-12 14:02:24.819817

xa0xxkb26oq >> Start >> 2020-11-12 14:04:06.423600

xa0xxkb26oq >> Image Returned >> 2020-11-12 14:04:06.426826

xa0xxkb26oq >> End >> 2020-11-12 14:04:06.611335

axzyf6txhi4 >> Start >> 2020-11-12 14:05:19.877532

axzyf6txhi4 >> Image Returned >> 2020-11-12 14:05:19.880963

axzyf6txhi4 >> End >> 2020-11-12 14:05:20.217454

uwur6yjzmt8 >> Start >> 2020-11-12 14:05:36.974534

uwur6yjzmt8 >> Image Returned >> 2020-11-12 14:05:36.978071

uwur6yjzmt8 >> End >> 2020-11-12 14:05:37.643950

f3yrqsgpynm >> Start >> 2020-11-12 14:05:37.977354

f3yrqsgpynm >> Image Returned >> 2020-11-12 14:05:37.977680

f3yrqsgpynm >> End >> 2020-11-12 14:05:38.636691

e8nrekhjf3n >> Start >> 2020-11-12 14:07:04.300491

e8nrekhjf3n >> Image Returned >> 2020-11-12 14:07:04.303653

e8nrekhjf3n >> End >> 2020-11-12 14:07:04.492500

8a3xwjgwjmo >> Start >> 2020-11-12 14:07:14.940732

8a3xwjgwjmo >> Image Returned >> 2020-11-12 14:07:14.941066

8a3xwjgwjmo >> End >> 2020-11-12 14:07:15.138381

nktssue7t4o >> Start >> 2020-11-12 14:07:16.366936

nktssue7t4o >> Image Returned >> 2020-11-12 14:07:16.367224

nktssue7t4o >> End >> 2020-11-12 14:07:16.552697

qpo2n4z0f4k >> Start >> 2020-11-12 14:07:18.440747

qpo2n4z0f4k >> Image Returned >> 2020-11-12 14:07:18.441049

qpo2n4z0f4k >> End >> 2020-11-12 14:07:18.641963

y3hxmcuyxcg >> Start >> 2020-11-12 14:07:23.289839

y3hxmcuyxcg >> Image Returned >> 2020-11-12 14:07:23.290162

y3hxmcuyxcg >> End >> 2020-11-12 14:07:23.549640

73vso0fbw7n >> Start >> 2020-11-12 14:08:07.891083

73vso0fbw7n >> Image Returned >> 2020-11-12 14:08:07.894576

73vso0fbw7n >> End >> 2020-11-12 14:08:08.089704

m0c642prhsd >> Start >> 2020-11-12 14:09:44.206104

m0c642prhsd >> Image Returned >> 2020-11-12 14:09:44.209796

m0c642prhsd >> End >> 2020-11-12 14:09:44.468507

b56hrbttifr >> Start >> 2020-11-12 14:16:52.280320

b56hrbttifr >> Image Returned >> 2020-11-12 14:16:52.283556

b56hrbttifr >> End >> 2020-11-12 14:16:52.537070

ar8xhocrhr7 >> Start >> 2020-11-12 14:16:53.238430

ar8xhocrhr7 >> Image Returned >> 2020-11-12 14:16:53.238725

ar8xhocrhr7 >> End >> 2020-11-12 14:16:53.425400

84qtog5n3ui >> Start >> 2020-11-12 14:17:14.622262

84qtog5n3ui >> Image Returned >> 2020-11-12 14:17:14.625503

84qtog5n3ui >> End >> 2020-11-12 14:17:14.887840

ypy8tdaqcjc >> Start >> 2020-11-12 14:25:10.209985

ypy8tdaqcjc >> Image Returned >> 2020-11-12 14:25:10.213104

ypy8tdaqcjc >> End >> 2020-11-12 14:25:10.409568

sjeajv04zq5 >> Start >> 2020-11-12 14:28:13.830343

sjeajv04zq5 >> Image Returned >> 2020-11-12 14:28:13.833479

sjeajv04zq5 >> End >> 2020-11-12 14:28:14.038341

bt0zmx2kr0d >> Start >> 2020-11-12 14:29:26.088582

bt0zmx2kr0d >> Image Returned >> 2020-11-12 14:29:26.092053

bt0zmx2kr0d >> End >> 2020-11-12 14:29:26.283632

zehnoifhk7e >> Start >> 2020-11-12 14:30:32.851161

zehnoifhk7e >> Image Returned >> 2020-11-12 14:30:32.854274

zehnoifhk7e >> End >> 2020-11-12 14:30:33.049954

0grffo5jgzb >> Start >> 2020-11-12 14:30:44.457087

0grffo5jgzb >> Image Returned >> 2020-11-12 14:30:44.460990

0grffo5jgzb >> End >> 2020-11-12 14:30:44.689400

ey70bcmqo32 >> Start >> 2020-11-12 14:35:48.135344

ey70bcmqo32 >> Image Returned >> 2020-11-12 14:35:48.139184

ey70bcmqo32 >> End >> 2020-11-12 14:35:48.327361

0nvem0ejnmo >> Start >> 2020-11-12 14:36:01.057825

0nvem0ejnmo >> Image Returned >> 2020-11-12 14:36:01.061305

0nvem0ejnmo >> End >> 2020-11-12 14:36:01.262423

yzgzuib8srz >> Start >> 2020-11-12 14:38:09.172914

yzgzuib8srz >> Image Returned >> 2020-11-12 14:38:09.178286

yzgzuib8srz >> End >> 2020-11-12 14:38:09.370237

eny80wqtb6n >> Start >> 2020-11-12 14:40:11.409311

eny80wqtb6n >> Image Returned >> 2020-11-12 14:40:11.413053

eny80wqtb6n >> End >> 2020-11-12 14:40:11.626935

jhuakarmcnr >> Start >> 2020-11-12 14:41:34.676332

jhuakarmcnr >> Image Returned >> 2020-11-12 14:41:34.679594

jhuakarmcnr >> End >> 2020-11-12 14:41:34.895772

mo3u5odcvts >> Start >> 2020-11-12 14:47:31.027023

mo3u5odcvts >> Image Returned >> 2020-11-12 14:47:31.030467

mo3u5odcvts >> End >> 2020-11-12 14:47:31.212785

gb70w5cqjqi >> Start >> 2020-11-12 14:49:32.903254

gb70w5cqjqi >> Image Returned >> 2020-11-12 14:49:32.906449

gb70w5cqjqi >> End >> 2020-11-12 14:49:33.109075

wthfmypoff8 >> Start >> 2020-11-12 14:52:57.031290

wthfmypoff8 >> Image Returned >> 2020-11-12 14:52:57.036189

wthfmypoff8 >> End >> 2020-11-12 14:52:57.225133

wey7ei537yx >> Start >> 2020-11-12 14:55:38.617135

wey7ei537yx >> Image Returned >> 2020-11-12 14:55:38.620683

wey7ei537yx >> End >> 2020-11-12 14:55:38.816195

hrgoej0fask >> Start >> 2020-11-12 15:04:00.427853

hrgoej0fask >> Image Returned >> 2020-11-12 15:04:00.432585

hrgoej0fask >> End >> 2020-11-12 15:04:00.690865

xrabw8yyky3 >> Start >> 2020-11-12 15:04:59.748534

xrabw8yyky3 >> Image Returned >> 2020-11-12 15:04:59.752032

xrabw8yyky3 >> End >> 2020-11-12 15:04:59.944694

icjx2dv4kvd >> Start >> 2020-11-12 15:06:03.941133

icjx2dv4kvd >> Image Returned >> 2020-11-12 15:06:03.944531

icjx2dv4kvd >> End >> 2020-11-12 15:06:04.133996

5qynmpo0qqq >> Start >> 2020-11-12 15:06:19.071456

5qynmpo0qqq >> Image Returned >> 2020-11-12 15:06:19.074639

5qynmpo0qqq >> End >> 2020-11-12 15:06:19.267822

yxfm7gmgvw4 >> Start >> 2020-11-12 15:06:28.818202

yxfm7gmgvw4 >> Image Returned >> 2020-11-12 15:06:28.818491

yxfm7gmgvw4 >> End >> 2020-11-12 15:06:29.012777

emi742sd4om >> Start >> 2020-11-12 15:06:30.255043

emi742sd4om >> Image Returned >> 2020-11-12 15:06:30.255357

emi742sd4om >> End >> 2020-11-12 15:06:30.445453

teuxdoh8t2p >> Start >> 2020-11-12 15:07:43.862067

teuxdoh8t2p >> Image Returned >> 2020-11-12 15:07:43.866548

teuxdoh8t2p >> End >> 2020-11-12 15:07:44.050039

36hauwa5npj >> Start >> 2020-11-12 15:08:04.521800

36hauwa5npj >> Image Returned >> 2020-11-12 15:08:04.525049

36hauwa5npj >> End >> 2020-11-12 15:08:04.744065

58rpcup876x >> Start >> 2020-11-12 15:13:18.739937

58rpcup876x >> Image Returned >> 2020-11-12 15:13:18.743619

58rpcup876x >> End >> 2020-11-12 15:13:18.930058

b5t77sx5dsa >> Start >> 2020-11-12 15:13:31.673754

b5t77sx5dsa >> Image Returned >> 2020-11-12 15:13:31.676826

b5t77sx5dsa >> End >> 2020-11-12 15:13:31.860963

wu4o3ysmyqy >> Start >> 2020-11-12 15:14:33.103825

wu4o3ysmyqy >> Image Returned >> 2020-11-12 15:14:33.106985

wu4o3ysmyqy >> End >> 2020-11-12 15:14:33.296689

hn3ppzqq687 >> Start >> 2020-11-12 15:16:35.280111

hn3ppzqq687 >> Image Returned >> 2020-11-12 15:16:35.283575

hn3ppzqq687 >> End >> 2020-11-12 15:16:35.469527

jukxyag4qud >> Start >> 2020-11-12 15:20:17.333389

jukxyag4qud >> Image Returned >> 2020-11-12 15:20:17.337574

jukxyag4qud >> End >> 2020-11-12 15:20:17.539999

kxf2tq46338 >> Start >> 2020-11-12 15:21:21.331487

kxf2tq46338 >> Image Returned >> 2020-11-12 15:21:21.336699

kxf2tq46338 >> End >> 2020-11-12 15:21:21.525927

h8pevee4nko >> Start >> 2020-11-12 15:22:41.249346

h8pevee4nko >> Image Returned >> 2020-11-12 15:22:41.253201

h8pevee4nko >> End >> 2020-11-12 15:22:41.448312

pkhteheyn6q >> Start >> 2020-11-12 15:23:47.031529

pkhteheyn6q >> Image Returned >> 2020-11-12 15:23:47.035933

pkhteheyn6q >> End >> 2020-11-12 15:23:47.233665

0qgryz4x02k >> Start >> 2020-11-12 15:23:59.632015

0qgryz4x02k >> Image Returned >> 2020-11-12 15:23:59.635415

0qgryz4x02k >> End >> 2020-11-12 15:23:59.835339

nswpxqd57db >> Start >> 2020-11-12 15:25:02.158968

nswpxqd57db >> Image Returned >> 2020-11-12 15:25:02.162451

nswpxqd57db >> End >> 2020-11-12 15:25:02.370727

rox3uxnmzu4 >> Start >> 2020-11-12 15:25:27.130403

rox3uxnmzu4 >> Image Returned >> 2020-11-12 15:25:27.133733

rox3uxnmzu4 >> End >> 2020-11-12 15:25:27.334388

i4ga8p37jp0 >> Start >> 2020-11-12 15:25:30.831259

i4ga8p37jp0 >> Image Returned >> 2020-11-12 15:25:30.831551

i4ga8p37jp0 >> End >> 2020-11-12 15:25:31.023967

euk4xhdwiar >> Start >> 2020-11-12 15:28:54.721523

euk4xhdwiar >> Image Returned >> 2020-11-12 15:28:54.725102

euk4xhdwiar >> End >> 2020-11-12 15:28:54.932166

pvphtdzfe57 >> Start >> 2020-11-12 15:30:01.984663

pvphtdzfe57 >> Image Returned >> 2020-11-12 15:30:01.988074

pvphtdzfe57 >> End >> 2020-11-12 15:30:02.172918

yvxihhmwek2 >> Start >> 2020-11-12 15:31:22.178261

yvxihhmwek2 >> Image Returned >> 2020-11-12 15:31:22.181490

yvxihhmwek2 >> End >> 2020-11-12 15:31:22.371083

j5uuafx5wmc >> Start >> 2020-11-12 15:38:38.420121

j5uuafx5wmc >> Image Returned >> 2020-11-12 15:38:38.424597

j5uuafx5wmc >> End >> 2020-11-12 15:38:38.619308

g6fetoiicwh >> Start >> 2020-11-12 15:45:23.105093

g6fetoiicwh >> Image Returned >> 2020-11-12 15:45:23.109014

g6fetoiicwh >> End >> 2020-11-12 15:45:23.295820

67n2e25t7i4 >> Start >> 2020-11-12 15:48:41.743112

67n2e25t7i4 >> Image Returned >> 2020-11-12 15:48:41.747327

67n2e25t7i4 >> End >> 2020-11-12 15:48:41.934684

rbrxmw3zqg2 >> Start >> 2020-11-12 15:50:34.978231

rbrxmw3zqg2 >> Image Returned >> 2020-11-12 15:50:34.985244

rbrxmw3zqg2 >> End >> 2020-11-12 15:50:35.183571

8few03db06f >> Start >> 2020-11-12 16:02:43.761920

8few03db06f >> Image Returned >> 2020-11-12 16:02:43.766654

8few03db06f >> End >> 2020-11-12 16:02:44.019656

gg6js8htbdv >> Start >> 2020-11-12 16:03:42.023279

gg6js8htbdv >> Image Returned >> 2020-11-12 16:03:42.026859

gg6js8htbdv >> End >> 2020-11-12 16:03:42.229446

ze4nhpmyuuq >> Start >> 2020-11-12 16:08:36.832887

ze4nhpmyuuq >> Image Returned >> 2020-11-12 16:08:36.836025

ze4nhpmyuuq >> End >> 2020-11-12 16:08:37.036014

wnhuoewvbyg >> Start >> 2020-11-12 16:13:07.232363

wnhuoewvbyg >> Image Returned >> 2020-11-12 16:13:07.235980

wnhuoewvbyg >> End >> 2020-11-12 16:13:07.422086

id4enupdmfp >> Start >> 2020-11-12 16:16:57.448402

id4enupdmfp >> Image Returned >> 2020-11-12 16:16:57.452416

id4enupdmfp >> End >> 2020-11-12 16:16:57.692274

gm8easogwka >> Start >> 2020-11-12 16:20:39.797962

gm8easogwka >> Image Returned >> 2020-11-12 16:20:39.801184

gm8easogwka >> End >> 2020-11-12 16:20:39.984803

5epkxwy2ike >> Start >> 2020-11-12 16:20:41.327922

5epkxwy2ike >> Image Returned >> 2020-11-12 16:20:41.328216

5epkxwy2ike >> End >> 2020-11-12 16:20:41.508620

0zfgnuduwqi >> Start >> 2020-11-12 16:22:48.568151

0zfgnuduwqi >> Image Returned >> 2020-11-12 16:22:48.572223

0zfgnuduwqi >> End >> 2020-11-12 16:22:48.795094

yjx8egp67f0 >> Start >> 2020-11-12 16:23:13.903884

yjx8egp67f0 >> Image Returned >> 2020-11-12 16:23:13.907114

yjx8egp67f0 >> End >> 2020-11-12 16:23:14.157274

uu8vs2zj3d0 >> Start >> 2020-11-12 16:24:53.626593

uu8vs2zj3d0 >> Image Returned >> 2020-11-12 16:24:53.630414

uu8vs2zj3d0 >> End >> 2020-11-12 16:24:53.905296

6c037jnqp58 >> Start >> 2020-11-12 16:25:17.598742

6c037jnqp58 >> Image Returned >> 2020-11-12 16:25:17.601938

6c037jnqp58 >> End >> 2020-11-12 16:25:17.793663

gmnd637h0rc >> Start >> 2020-11-12 16:26:05.236217

gmnd637h0rc >> Image Returned >> 2020-11-12 16:26:05.239522

gmnd637h0rc >> End >> 2020-11-12 16:26:05.424969

drkzw4mkd7g >> Start >> 2020-11-12 16:26:07.279642

drkzw4mkd7g >> Image Returned >> 2020-11-12 16:26:07.279947

drkzw4mkd7g >> End >> 2020-11-12 16:26:07.465090

g8vh6mf6mjj >> Start >> 2020-11-12 16:31:06.064764

g8vh6mf6mjj >> Image Returned >> 2020-11-12 16:31:06.068022

g8vh6mf6mjj >> End >> 2020-11-12 16:31:06.250328

dqpmk7kynpb >> Start >> 2020-11-12 16:31:29.114167

dqpmk7kynpb >> Image Returned >> 2020-11-12 16:31:29.117661

dqpmk7kynpb >> End >> 2020-11-12 16:31:29.308140

jt2w6j3bofc >> Start >> 2020-11-12 16:53:23.990752

jt2w6j3bofc >> Image Returned >> 2020-11-12 16:53:23.994291

jt2w6j3bofc >> End >> 2020-11-12 16:53:24.182960

jc7kwuxn6cw >> Start >> 2020-11-12 17:00:24.401761

jc7kwuxn6cw >> Image Returned >> 2020-11-12 17:00:24.405093

jc7kwuxn6cw >> End >> 2020-11-12 17:00:24.782020

o7552ft4djv >> Start >> 2020-11-12 17:07:29.184205

o7552ft4djv >> Image Returned >> 2020-11-12 17:07:29.187520

o7552ft4djv >> End >> 2020-11-12 17:07:29.376101

aggaghu2ug8 >> Start >> 2020-11-12 17:14:12.618419

aggaghu2ug8 >> Image Returned >> 2020-11-12 17:14:12.621659

aggaghu2ug8 >> End >> 2020-11-12 17:14:12.813576

vpnnhx8k4mg >> Start >> 2020-11-12 17:14:49.189074

vpnnhx8k4mg >> Image Returned >> 2020-11-12 17:14:49.192909

vpnnhx8k4mg >> End >> 2020-11-12 17:14:49.384633

bbf25oxb2ix >> Start >> 2020-11-12 17:16:33.111165

bbf25oxb2ix >> Image Returned >> 2020-11-12 17:16:33.114398

bbf25oxb2ix >> End >> 2020-11-12 17:16:33.300188

0zzvkokmi3r >> Start >> 2020-11-12 17:18:17.518177

0zzvkokmi3r >> Image Returned >> 2020-11-12 17:18:17.521930

0zzvkokmi3r >> End >> 2020-11-12 17:18:17.650922

jwqi4yffvtw >> Start >> 2020-11-12 17:18:30.845165

jwqi4yffvtw >> Image Returned >> 2020-11-12 17:18:30.848700

jwqi4yffvtw >> End >> 2020-11-12 17:18:31.033952

jtspwo0b428 >> Start >> 2020-11-12 17:19:42.104418

jtspwo0b428 >> Image Returned >> 2020-11-12 17:19:42.107729

jtspwo0b428 >> End >> 2020-11-12 17:19:42.294648

4smk0vzof2h >> Start >> 2020-11-12 17:20:52.893249

4smk0vzof2h >> Image Returned >> 2020-11-12 17:20:52.897284

4smk0vzof2h >> End >> 2020-11-12 17:20:53.083188

00ubujmobj3 >> Start >> 2020-11-12 17:21:00.062994

00ubujmobj3 >> Image Returned >> 2020-11-12 17:21:00.063321

00ubujmobj3 >> End >> 2020-11-12 17:21:00.252636

63zwf78jpqh >> Start >> 2020-11-12 17:23:02.209933

63zwf78jpqh >> Image Returned >> 2020-11-12 17:23:02.213402

63zwf78jpqh >> End >> 2020-11-12 17:23:02.400068

tivo5aqonsz >> Start >> 2020-11-12 17:24:37.257386

tivo5aqonsz >> Image Returned >> 2020-11-12 17:24:37.260636

tivo5aqonsz >> End >> 2020-11-12 17:24:37.446444

n6h8ivozauy >> Start >> 2020-11-12 17:26:16.667398

n6h8ivozauy >> Image Returned >> 2020-11-12 17:26:16.671375

n6h8ivozauy >> End >> 2020-11-12 17:26:16.871084

4qpi4bgnc4g >> Start >> 2020-11-12 17:30:54.923697

4qpi4bgnc4g >> Image Returned >> 2020-11-12 17:30:54.927755

4qpi4bgnc4g >> End >> 2020-11-12 17:30:55.166587

cggqzwtfy8h >> Start >> 2020-11-12 17:37:33.367916

cggqzwtfy8h >> Image Returned >> 2020-11-12 17:37:33.371124

cggqzwtfy8h >> End >> 2020-11-12 17:37:33.559789

thhnu2b56x8 >> Start >> 2020-11-12 17:39:23.916536

thhnu2b56x8 >> Image Returned >> 2020-11-12 17:39:23.919749

thhnu2b56x8 >> End >> 2020-11-12 17:39:24.111197

b2gqknd2hn7 >> Start >> 2020-11-12 17:40:58.478255

b2gqknd2hn7 >> Image Returned >> 2020-11-12 17:40:58.483130

b2gqknd2hn7 >> End >> 2020-11-12 17:40:58.672658

74xzgrxmic6 >> Start >> 2020-11-12 17:42:11.544218

74xzgrxmic6 >> Image Returned >> 2020-11-12 17:42:11.547722

74xzgrxmic6 >> End >> 2020-11-12 17:42:11.735371

0addc5r46sd >> Start >> 2020-11-12 17:42:39.564209

0addc5r46sd >> Image Returned >> 2020-11-12 17:42:39.567775

0addc5r46sd >> End >> 2020-11-12 17:42:39.756843

x0hn0ji8id8 >> Start >> 2020-11-12 17:44:19.959661

x0hn0ji8id8 >> Image Returned >> 2020-11-12 17:44:19.964097

x0hn0ji8id8 >> End >> 2020-11-12 17:44:20.147460

ozkjkvd5j84 >> Start >> 2020-11-12 17:44:25.390602

ozkjkvd5j84 >> Image Returned >> 2020-11-12 17:44:25.390971

ozkjkvd5j84 >> End >> 2020-11-12 17:44:25.578176

bzpjh27nd6h >> Start >> 2020-11-12 17:47:18.018287

bzpjh27nd6h >> Image Returned >> 2020-11-12 17:47:18.021908

bzpjh27nd6h >> End >> 2020-11-12 17:47:18.249692

e3q2utpzei3 >> Start >> 2020-11-12 17:53:20.719795

e3q2utpzei3 >> Image Returned >> 2020-11-12 17:53:20.723124

e3q2utpzei3 >> End >> 2020-11-12 17:53:20.906699

sbz2buf24zx >> Start >> 2020-11-12 18:01:11.785382

sbz2buf24zx >> Image Returned >> 2020-11-12 18:01:11.788685

sbz2buf24zx >> End >> 2020-11-12 18:01:11.973077

zknzkr7r4i3 >> Start >> 2020-11-12 18:06:55.948235

zknzkr7r4i3 >> Image Returned >> 2020-11-12 18:06:55.952928

zknzkr7r4i3 >> End >> 2020-11-12 18:06:56.138273

d20i8pr8bkf >> Start >> 2020-11-12 18:08:05.414431

d20i8pr8bkf >> Image Returned >> 2020-11-12 18:08:05.419024

d20i8pr8bkf >> End >> 2020-11-12 18:08:05.610975

mxuzoj7jbvu >> Start >> 2020-11-12 18:19:21.616312

mxuzoj7jbvu >> Image Returned >> 2020-11-12 18:19:21.619652

mxuzoj7jbvu >> End >> 2020-11-12 18:19:21.829698

r0oakdg2ynn >> Start >> 2020-11-12 18:20:44.668566

r0oakdg2ynn >> Image Returned >> 2020-11-12 18:20:44.671868

r0oakdg2ynn >> End >> 2020-11-12 18:20:44.952456

q0keubqn7bc >> Start >> 2020-11-12 18:23:09.546264

q0keubqn7bc >> Image Returned >> 2020-11-12 18:23:09.550235

q0keubqn7bc >> End >> 2020-11-12 18:23:09.739295

xspdi7urwam >> Start >> 2020-11-12 18:27:05.536089

xspdi7urwam >> Image Returned >> 2020-11-12 18:27:05.540126

xspdi7urwam >> End >> 2020-11-12 18:27:05.724256

tv7ceq73udz >> Start >> 2020-11-12 18:30:32.321631

tv7ceq73udz >> Image Returned >> 2020-11-12 18:30:32.325366

tv7ceq73udz >> End >> 2020-11-12 18:30:32.513192

wgemnxuj4ic >> Start >> 2020-11-12 18:31:00.156819

wgemnxuj4ic >> Image Returned >> 2020-11-12 18:31:00.160761

wgemnxuj4ic >> End >> 2020-11-12 18:31:00.396987

gsqfbcm3n0k >> Start >> 2020-11-12 18:37:36.611913

gsqfbcm3n0k >> Image Returned >> 2020-11-12 18:37:36.615699

gsqfbcm3n0k >> End >> 2020-11-12 18:37:36.800224

vk55jgaxbmf >> Start >> 2020-11-12 18:37:47.438003

vk55jgaxbmf >> Image Returned >> 2020-11-12 18:37:47.438337

vk55jgaxbmf >> End >> 2020-11-12 18:37:47.647059

oinhkh3zmzs >> Start >> 2020-11-12 18:40:55.517620

oinhkh3zmzs >> Image Returned >> 2020-11-12 18:40:55.523389

oinhkh3zmzs >> End >> 2020-11-12 18:40:55.715632

wzx6qafqxjw >> Start >> 2020-11-12 18:42:48.968097

wzx6qafqxjw >> Image Returned >> 2020-11-12 18:42:48.971561

wzx6qafqxjw >> End >> 2020-11-12 18:42:49.176666

n0z7v6kgkkj >> Start >> 2020-11-12 18:42:49.468647

n0z7v6kgkkj >> Image Returned >> 2020-11-12 18:42:49.468961

n0z7v6kgkkj >> End >> 2020-11-12 18:42:49.662209

0dxd8rwun6t >> Start >> 2020-11-12 18:43:02.692078

0dxd8rwun6t >> Image Returned >> 2020-11-12 18:43:02.695676

0dxd8rwun6t >> End >> 2020-11-12 18:43:02.880112

ebniwuz7t2b >> Start >> 2020-11-12 18:49:50.942488

ebniwuz7t2b >> Image Returned >> 2020-11-12 18:49:50.946597

ebniwuz7t2b >> End >> 2020-11-12 18:49:51.130299

7ujrs44twrj >> Start >> 2020-11-12 18:53:27.359766

7ujrs44twrj >> Image Returned >> 2020-11-12 18:53:27.363465

7ujrs44twrj >> End >> 2020-11-12 18:53:27.547527

pdecoxw82po >> Start >> 2020-11-12 18:54:48.561846

pdecoxw82po >> Image Returned >> 2020-11-12 18:54:48.565191

pdecoxw82po >> End >> 2020-11-12 18:54:48.753027

b4fb0xt0iax >> Start >> 2020-11-12 18:56:12.880605

b4fb0xt0iax >> Image Returned >> 2020-11-12 18:56:12.884547

b4fb0xt0iax >> End >> 2020-11-12 18:56:13.070154

uo3onihdsx4 >> Start >> 2020-11-12 18:59:10.712280

uo3onihdsx4 >> Image Returned >> 2020-11-12 18:59:10.716816

uo3onihdsx4 >> End >> 2020-11-12 18:59:10.911627

087u4yi5eb3 >> Start >> 2020-11-12 19:02:19.727524

087u4yi5eb3 >> Image Returned >> 2020-11-12 19:02:19.731610

087u4yi5eb3 >> End >> 2020-11-12 19:02:19.932404

m2820ormnvg >> Start >> 2020-11-12 19:04:56.018755

m2820ormnvg >> Image Returned >> 2020-11-12 19:04:56.022192

m2820ormnvg >> End >> 2020-11-12 19:04:56.220941

vubegx2fojx >> Start >> 2020-11-12 19:05:17.229748

vubegx2fojx >> Image Returned >> 2020-11-12 19:05:17.233093

vubegx2fojx >> End >> 2020-11-12 19:05:17.416285

pmwja8w3a46 >> Start >> 2020-11-12 19:06:03.434978

pmwja8w3a46 >> Image Returned >> 2020-11-12 19:06:03.438669

pmwja8w3a46 >> End >> 2020-11-12 19:06:03.627645

wicbkm0bt4u >> Start >> 2020-11-12 19:06:30.991266

wicbkm0bt4u >> Image Returned >> 2020-11-12 19:06:30.994515

wicbkm0bt4u >> End >> 2020-11-12 19:06:31.175034

zyye2jzk0cz >> Start >> 2020-11-12 19:06:56.469923

zyye2jzk0cz >> Image Returned >> 2020-11-12 19:06:56.473642

zyye2jzk0cz >> End >> 2020-11-12 19:06:56.731328

wbfg6se6z34 >> Start >> 2020-11-12 19:07:06.701687

wbfg6se6z34 >> Image Returned >> 2020-11-12 19:07:06.702055

wbfg6se6z34 >> End >> 2020-11-12 19:07:06.885090

dajebckkwcg >> Start >> 2020-11-12 19:07:30.308726

dajebckkwcg >> Image Returned >> 2020-11-12 19:07:30.312073

dajebckkwcg >> End >> 2020-11-12 19:07:30.514556

sz8unc37zjf >> Start >> 2020-11-12 19:08:24.369743

sz8unc37zjf >> Image Returned >> 2020-11-12 19:08:24.373703

sz8unc37zjf >> End >> 2020-11-12 19:08:24.562217

bn0jjxndv6y >> Start >> 2020-11-12 19:08:35.796175

bn0jjxndv6y >> Image Returned >> 2020-11-12 19:08:35.799424

bn0jjxndv6y >> End >> 2020-11-12 19:08:35.983282

5xzhcy8fxbq >> Start >> 2020-11-12 19:09:36.880326

5xzhcy8fxbq >> Image Returned >> 2020-11-12 19:09:36.883701

5xzhcy8fxbq >> End >> 2020-11-12 19:09:37.073055

xpgxze6atga >> Start >> 2020-11-12 19:11:54.904068

xpgxze6atga >> Image Returned >> 2020-11-12 19:11:54.907768

xpgxze6atga >> End >> 2020-11-12 19:11:55.099100

h4gerrbw06p >> Start >> 2020-11-12 19:12:41.985706

h4gerrbw06p >> Image Returned >> 2020-11-12 19:12:41.989044

h4gerrbw06p >> End >> 2020-11-12 19:12:42.198457

u3hsjrqwtxt >> Start >> 2020-11-12 19:14:59.486370

u3hsjrqwtxt >> Image Returned >> 2020-11-12 19:14:59.489748

u3hsjrqwtxt >> End >> 2020-11-12 19:14:59.689812

7huo45nyo53 >> Start >> 2020-11-12 19:17:28.956370

7huo45nyo53 >> Image Returned >> 2020-11-12 19:17:28.959985

7huo45nyo53 >> End >> 2020-11-12 19:17:29.152896

xbwpdz5y2oc >> Start >> 2020-11-12 19:19:43.782569

xbwpdz5y2oc >> Image Returned >> 2020-11-12 19:19:43.786223

xbwpdz5y2oc >> End >> 2020-11-12 19:19:43.978795

b2mfnnrc50h >> Start >> 2020-11-12 19:20:44.895517

b2mfnnrc50h >> Image Returned >> 2020-11-12 19:20:44.898899

b2mfnnrc50h >> End >> 2020-11-12 19:20:45.082902

hmrshnphotj >> Start >> 2020-11-12 19:24:39.924334

hmrshnphotj >> Image Returned >> 2020-11-12 19:24:39.927666

hmrshnphotj >> End >> 2020-11-12 19:24:40.109759

vhqegshcwwr >> Start >> 2020-11-12 19:28:16.261837

vhqegshcwwr >> Image Returned >> 2020-11-12 19:28:16.265584

vhqegshcwwr >> End >> 2020-11-12 19:28:16.525840

pcqa5drz5nc >> Start >> 2020-11-12 19:31:57.449682

pcqa5drz5nc >> Image Returned >> 2020-11-12 19:31:57.453685

pcqa5drz5nc >> End >> 2020-11-12 19:31:57.646469

35zop04jghf >> Start >> 2020-11-12 19:32:08.409625

35zop04jghf >> Image Returned >> 2020-11-12 19:32:08.409946

35zop04jghf >> End >> 2020-11-12 19:32:08.601066

20mtoyj8gq4 >> Start >> 2020-11-12 19:36:39.534369

20mtoyj8gq4 >> Image Returned >> 2020-11-12 19:36:39.538507

20mtoyj8gq4 >> End >> 2020-11-12 19:36:39.898926

5h3crf8aqfz >> Start >> 2020-11-12 19:37:00.688860

5h3crf8aqfz >> Image Returned >> 2020-11-12 19:37:00.693144

5h3crf8aqfz >> End >> 2020-11-12 19:37:01.069196

6ko6jr7qrb4 >> Start >> 2020-11-12 19:37:01.361406

6ko6jr7qrb4 >> Image Returned >> 2020-11-12 19:37:01.361694

6ko6jr7qrb4 >> End >> 2020-11-12 19:37:01.723170

zwjqm75j4e3 >> Start >> 2020-11-12 19:38:20.438266

zwjqm75j4e3 >> Image Returned >> 2020-11-12 19:38:20.442071

zwjqm75j4e3 >> End >> 2020-11-12 19:38:20.635314

4ensehd6pag >> Start >> 2020-11-12 19:44:29.344580

4ensehd6pag >> Image Returned >> 2020-11-12 19:44:29.348297

4ensehd6pag >> End >> 2020-11-12 19:44:29.475178

x7vez4egf0a >> Start >> 2020-11-12 19:46:30.618084

x7vez4egf0a >> Image Returned >> 2020-11-12 19:46:30.621442

x7vez4egf0a >> End >> 2020-11-12 19:46:30.815082

8co8m3jbqb2 >> Start >> 2020-11-12 19:47:28.060831

8co8m3jbqb2 >> Image Returned >> 2020-11-12 19:47:28.064645

8co8m3jbqb2 >> End >> 2020-11-12 19:47:28.253423

et758fwz848 >> Start >> 2020-11-12 19:47:51.846524

et758fwz848 >> Image Returned >> 2020-11-12 19:47:51.849977

et758fwz848 >> End >> 2020-11-12 19:47:52.047465

3fro2unonzy >> Start >> 2020-11-12 19:52:22.780417

3fro2unonzy >> Image Returned >> 2020-11-12 19:52:22.784183

3fro2unonzy >> End >> 2020-11-12 19:52:22.940649

pt2qxvxhsys >> Start >> 2020-11-12 19:54:41.861737

pt2qxvxhsys >> Image Returned >> 2020-11-12 19:54:41.865087

pt2qxvxhsys >> End >> 2020-11-12 19:54:42.092854

3pj4mnfimmz >> Start >> 2020-11-12 19:58:25.105117

3pj4mnfimmz >> Image Returned >> 2020-11-12 19:58:25.109409

3pj4mnfimmz >> End >> 2020-11-12 19:58:25.345340

rkqpnbtm82i >> Start >> 2020-11-12 20:02:37.831242

rkqpnbtm82i >> Image Returned >> 2020-11-12 20:02:37.835160

rkqpnbtm82i >> End >> 2020-11-12 20:02:38.017447

t6yyccrt3k6 >> Start >> 2020-11-12 20:02:53.109965

t6yyccrt3k6 >> Image Returned >> 2020-11-12 20:02:53.113349

t6yyccrt3k6 >> End >> 2020-11-12 20:02:53.302084

zeahkpexv6p >> Start >> 2020-11-12 20:02:53.358525

zeahkpexv6p >> Image Returned >> 2020-11-12 20:02:53.358831

zeahkpexv6p >> End >> 2020-11-12 20:02:53.735743

xnpywig0dfe >> Start >> 2020-11-12 20:04:26.977288

xnpywig0dfe >> Image Returned >> 2020-11-12 20:04:26.981127

xnpywig0dfe >> End >> 2020-11-12 20:04:27.162949

bvm4h77xt5o >> Start >> 2020-11-12 20:04:40.329938

bvm4h77xt5o >> Image Returned >> 2020-11-12 20:04:40.333796

bvm4h77xt5o >> End >> 2020-11-12 20:04:40.525571

u5eju4xza76 >> Start >> 2020-11-12 20:07:21.128930

u5eju4xza76 >> Image Returned >> 2020-11-12 20:07:21.132575

u5eju4xza76 >> End >> 2020-11-12 20:07:21.465971

whxamjibdiq >> Start >> 2020-11-12 20:07:44.182902

whxamjibdiq >> Image Returned >> 2020-11-12 20:07:44.186238

whxamjibdiq >> End >> 2020-11-12 20:07:44.527107

dw4x7ih2zq0 >> Start >> 2020-11-12 20:10:10.699623

dw4x7ih2zq0 >> Image Returned >> 2020-11-12 20:10:10.703238

dw4x7ih2zq0 >> End >> 2020-11-12 20:10:10.893646

ab7o7erd883 >> Start >> 2020-11-12 20:11:37.941472

ab7o7erd883 >> Image Returned >> 2020-11-12 20:11:37.946150

ab7o7erd883 >> End >> 2020-11-12 20:11:38.130289

h0t84tn3do3 >> Start >> 2020-11-12 20:17:23.908616

h0t84tn3do3 >> Image Returned >> 2020-11-12 20:17:23.912146

h0t84tn3do3 >> End >> 2020-11-12 20:17:24.096838

xvfp07vat6h >> Start >> 2020-11-12 20:18:26.758433

xvfp07vat6h >> Image Returned >> 2020-11-12 20:18:26.762293

xvfp07vat6h >> End >> 2020-11-12 20:18:26.949028

y7cgftm7m6m >> Start >> 2020-11-12 20:19:35.176594

y7cgftm7m6m >> Image Returned >> 2020-11-12 20:19:35.179991

y7cgftm7m6m >> End >> 2020-11-12 20:19:35.372908

4vfge8nnydq >> Start >> 2020-11-12 20:21:11.551578

4vfge8nnydq >> Image Returned >> 2020-11-12 20:21:11.555455

4vfge8nnydq >> End >> 2020-11-12 20:21:11.747592

0wrkyve6pmh >> Start >> 2020-11-12 20:21:46.838102

0wrkyve6pmh >> Image Returned >> 2020-11-12 20:21:46.841443

0wrkyve6pmh >> End >> 2020-11-12 20:21:47.026534

qfvrd4zm73t >> Start >> 2020-11-12 20:22:02.791093

qfvrd4zm73t >> Image Returned >> 2020-11-12 20:22:02.795999

qfvrd4zm73t >> End >> 2020-11-12 20:22:03.109050

qgxggcds5nz >> Start >> 2020-11-12 20:23:30.075917

qgxggcds5nz >> Image Returned >> 2020-11-12 20:23:30.079781

qgxggcds5nz >> End >> 2020-11-12 20:23:30.261559

8sckzqc7g6g >> Start >> 2020-11-12 20:24:15.804115

8sckzqc7g6g >> Image Returned >> 2020-11-12 20:24:15.807471

8sckzqc7g6g >> End >> 2020-11-12 20:24:15.996988

2zi3mbh5amg >> Start >> 2020-11-12 20:24:41.669648

2zi3mbh5amg >> Image Returned >> 2020-11-12 20:24:41.673147

2zi3mbh5amg >> End >> 2020-11-12 20:24:41.857564

xach6ykgv2n >> Start >> 2020-11-12 20:26:58.776830

xach6ykgv2n >> Image Returned >> 2020-11-12 20:26:58.780802

xach6ykgv2n >> End >> 2020-11-12 20:26:58.967281

ypsfrxvsdtc >> Start >> 2020-11-12 20:31:09.618367

ypsfrxvsdtc >> Image Returned >> 2020-11-12 20:31:09.621712

ypsfrxvsdtc >> End >> 2020-11-12 20:31:09.818280

ih2w5zm2wf3 >> Start >> 2020-11-12 20:32:19.219377

ih2w5zm2wf3 >> Image Returned >> 2020-11-12 20:32:19.223184

ih2w5zm2wf3 >> End >> 2020-11-12 20:32:19.411086

aehwi2cctdb >> Start >> 2020-11-12 20:33:53.042494

aehwi2cctdb >> Image Returned >> 2020-11-12 20:33:53.045757

aehwi2cctdb >> End >> 2020-11-12 20:33:53.238542

y8ndkaradts >> Start >> 2020-11-12 20:37:18.521678

y8ndkaradts >> Image Returned >> 2020-11-12 20:37:18.525551

y8ndkaradts >> End >> 2020-11-12 20:37:18.710860

6tj06sf2gqc >> Start >> 2020-11-12 20:38:47.828165

6tj06sf2gqc >> Image Returned >> 2020-11-12 20:38:47.832032

6tj06sf2gqc >> End >> 2020-11-12 20:38:48.041276

47ji6xhumpp >> Start >> 2020-11-12 20:39:14.260490

47ji6xhumpp >> Image Returned >> 2020-11-12 20:39:14.265162

47ji6xhumpp >> End >> 2020-11-12 20:39:14.454998

ci53dnxd2o6 >> Start >> 2020-11-12 20:39:28.660770

ci53dnxd2o6 >> Image Returned >> 2020-11-12 20:39:28.669229

ci53dnxd2o6 >> End >> 2020-11-12 20:39:28.856345

hzeoj6cre35 >> Start >> 2020-11-12 20:40:09.968425

hzeoj6cre35 >> Image Returned >> 2020-11-12 20:40:09.971827

hzeoj6cre35 >> End >> 2020-11-12 20:40:10.098164

pqwoujgd8qk >> Start >> 2020-11-12 20:41:27.837014

pqwoujgd8qk >> Image Returned >> 2020-11-12 20:41:27.840346

pqwoujgd8qk >> End >> 2020-11-12 20:41:28.030842

isr73xeh77y >> Start >> 2020-11-12 20:42:54.145163

isr73xeh77y >> Image Returned >> 2020-11-12 20:42:54.148503

isr73xeh77y >> End >> 2020-11-12 20:42:54.336919

ahtkds8r3fp >> Start >> 2020-11-12 20:49:27.102669

ahtkds8r3fp >> Image Returned >> 2020-11-12 20:49:27.106158

ahtkds8r3fp >> End >> 2020-11-12 20:49:27.303806

6hx78by4ogg >> Start >> 2020-11-12 20:59:16.521830

6hx78by4ogg >> Image Returned >> 2020-11-12 20:59:16.525325

6hx78by4ogg >> End >> 2020-11-12 20:59:16.731023

ihff423ubj7 >> Start >> 2020-11-12 21:00:56.247164

ihff423ubj7 >> Image Returned >> 2020-11-12 21:00:56.250833

ihff423ubj7 >> End >> 2020-11-12 21:00:56.435731

j4iem7to3e7 >> Start >> 2020-11-12 21:07:42.681679

j4iem7to3e7 >> Image Returned >> 2020-11-12 21:07:42.685051

j4iem7to3e7 >> End >> 2020-11-12 21:07:42.876626

gchfibt7fd8 >> Start >> 2020-11-12 21:09:17.039657

gchfibt7fd8 >> Image Returned >> 2020-11-12 21:09:17.043052

gchfibt7fd8 >> End >> 2020-11-12 21:09:17.228503

3wqrc0tj2v8 >> Start >> 2020-11-12 21:09:54.742924

3wqrc0tj2v8 >> Image Returned >> 2020-11-12 21:09:54.746319

3wqrc0tj2v8 >> End >> 2020-11-12 21:09:55.086961

onbsyrwzsyq >> Start >> 2020-11-12 21:10:04.661456

onbsyrwzsyq >> Image Returned >> 2020-11-12 21:10:04.661781

onbsyrwzsyq >> End >> 2020-11-12 21:10:04.849488

gszgyaug4ej >> Start >> 2020-11-12 21:10:07.639959

gszgyaug4ej >> Image Returned >> 2020-11-12 21:10:07.640240

gszgyaug4ej >> End >> 2020-11-12 21:10:07.823016

hokgxbw3p2v >> Start >> 2020-11-12 21:12:02.508088

hokgxbw3p2v >> Image Returned >> 2020-11-12 21:12:02.512229

hokgxbw3p2v >> End >> 2020-11-12 21:12:02.641844

evnyjth6wwx >> Start >> 2020-11-12 21:12:07.468148

evnyjth6wwx >> Image Returned >> 2020-11-12 21:12:07.468441

evnyjth6wwx >> End >> 2020-11-12 21:12:07.589854

byiifspfqbe >> Start >> 2020-11-12 21:12:44.422686

byiifspfqbe >> Image Returned >> 2020-11-12 21:12:44.426207

byiifspfqbe >> End >> 2020-11-12 21:12:44.554399

0j3hfzzih07 >> Start >> 2020-11-12 21:13:48.497905

0j3hfzzih07 >> Image Returned >> 2020-11-12 21:13:48.501274

0j3hfzzih07 >> End >> 2020-11-12 21:13:48.903686

hjq2uq2z750 >> Start >> 2020-11-12 21:13:53.143574

hjq2uq2z750 >> Image Returned >> 2020-11-12 21:13:53.143858

hjq2uq2z750 >> End >> 2020-11-12 21:13:53.551727

0c8ojopjoi3 >> Start >> 2020-11-12 21:13:57.354825

0c8ojopjoi3 >> Image Returned >> 2020-11-12 21:13:57.355153

0c8ojopjoi3 >> End >> 2020-11-12 21:13:57.769645

w5nasgkgd4d >> Start >> 2020-11-12 21:14:26.369666

w5nasgkgd4d >> Image Returned >> 2020-11-12 21:14:26.375251

w5nasgkgd4d >> End >> 2020-11-12 21:14:26.562530

6hec2uh2v7y >> Start >> 2020-11-12 21:20:56.839549

6hec2uh2v7y >> Image Returned >> 2020-11-12 21:20:56.843398

6hec2uh2v7y >> End >> 2020-11-12 21:20:57.041723

xvn450zorix >> Start >> 2020-11-12 21:25:56.947606

xvn450zorix >> Image Returned >> 2020-11-12 21:25:56.951970

xvn450zorix >> End >> 2020-11-12 21:25:57.139863

50qqctni4ne >> Start >> 2020-11-12 21:26:43.479161

50qqctni4ne >> Image Returned >> 2020-11-12 21:26:43.482547

50qqctni4ne >> End >> 2020-11-12 21:26:43.681624

ykd7hu60f7e >> Start >> 2020-11-12 21:26:57.578738

ykd7hu60f7e >> Image Returned >> 2020-11-12 21:26:57.582801

ykd7hu60f7e >> End >> 2020-11-12 21:26:57.771814

s7oajxomygz >> Start >> 2020-11-12 21:28:24.225003

s7oajxomygz >> Image Returned >> 2020-11-12 21:28:24.228399

s7oajxomygz >> End >> 2020-11-12 21:28:24.413953

yehg2acdhd6 >> Start >> 2020-11-12 21:30:52.331916

yehg2acdhd6 >> Image Returned >> 2020-11-12 21:30:52.335347

yehg2acdhd6 >> End >> 2020-11-12 21:30:52.580003

2chcfqbxoku >> Start >> 2020-11-12 21:34:37.634015

2chcfqbxoku >> Image Returned >> 2020-11-12 21:34:37.637470

2chcfqbxoku >> End >> 2020-11-12 21:34:37.819513

hynvepp0cdj >> Start >> 2020-11-12 21:37:05.219115

hynvepp0cdj >> Image Returned >> 2020-11-12 21:37:05.224437

hynvepp0cdj >> End >> 2020-11-12 21:37:05.415719

vkzmp75hx7t >> Start >> 2020-11-12 21:38:31.440228

vkzmp75hx7t >> Image Returned >> 2020-11-12 21:38:31.444159

vkzmp75hx7t >> End >> 2020-11-12 21:38:31.628861

4bd65sjf4zk >> Start >> 2020-11-12 21:40:20.681497

4bd65sjf4zk >> Image Returned >> 2020-11-12 21:40:20.686398

4bd65sjf4zk >> End >> 2020-11-12 21:40:20.899842

nfvi7akixv5 >> Start >> 2020-11-12 21:40:32.064300

nfvi7akixv5 >> Image Returned >> 2020-11-12 21:40:32.067687

nfvi7akixv5 >> End >> 2020-11-12 21:40:32.271125

wxb78p06254 >> Start >> 2020-11-12 21:46:12.095951

wxb78p06254 >> Image Returned >> 2020-11-12 21:46:12.099457

wxb78p06254 >> End >> 2020-11-12 21:46:12.282939

8sz7ugfiryf >> Start >> 2020-11-12 21:46:36.502124

8sz7ugfiryf >> Image Returned >> 2020-11-12 21:46:36.505997

8sz7ugfiryf >> End >> 2020-11-12 21:46:36.698102

jfvz7amwndg >> Start >> 2020-11-12 22:01:22.365171

jfvz7amwndg >> Image Returned >> 2020-11-12 22:01:22.368899

jfvz7amwndg >> End >> 2020-11-12 22:01:22.555646

n3khurosgmg >> Start >> 2020-11-12 22:02:14.656275

n3khurosgmg >> Image Returned >> 2020-11-12 22:02:14.660900

n3khurosgmg >> End >> 2020-11-12 22:02:14.855005

zqb2cr3nti3 >> Start >> 2020-11-12 22:03:59.250886

zqb2cr3nti3 >> Image Returned >> 2020-11-12 22:03:59.255865

zqb2cr3nti3 >> End >> 2020-11-12 22:03:59.445821

q0skwcg0obs >> Start >> 2020-11-12 22:13:19.305603

q0skwcg0obs >> Image Returned >> 2020-11-12 22:13:19.309195

q0skwcg0obs >> End >> 2020-11-12 22:13:19.497277

2vogy40jd7b >> Start >> 2020-11-12 22:13:59.231693

2vogy40jd7b >> Image Returned >> 2020-11-12 22:13:59.235641

2vogy40jd7b >> End >> 2020-11-12 22:13:59.424666

osyk3sbsb4y >> Start >> 2020-11-12 22:14:38.742053

osyk3sbsb4y >> Image Returned >> 2020-11-12 22:14:38.745457

osyk3sbsb4y >> End >> 2020-11-12 22:14:38.932949

h8jzvp2zt26 >> Start >> 2020-11-12 22:14:50.186254

h8jzvp2zt26 >> Image Returned >> 2020-11-12 22:14:50.189701

h8jzvp2zt26 >> End >> 2020-11-12 22:14:50.389266

ohyibwd784f >> Start >> 2020-11-12 22:14:51.398777

ohyibwd784f >> Image Returned >> 2020-11-12 22:14:51.399097

ohyibwd784f >> End >> 2020-11-12 22:14:51.591012

kju4o77mg64 >> Start >> 2020-11-12 22:22:49.901082

kju4o77mg64 >> Image Returned >> 2020-11-12 22:22:49.904731

kju4o77mg64 >> End >> 2020-11-12 22:22:50.102498

nhv8igagjyz >> Start >> 2020-11-12 22:23:40.442886

nhv8igagjyz >> Image Returned >> 2020-11-12 22:23:40.446729

nhv8igagjyz >> End >> 2020-11-12 22:23:40.638087

t7g6ipc3cie >> Start >> 2020-11-12 22:26:14.706779

t7g6ipc3cie >> Image Returned >> 2020-11-12 22:26:14.711771

t7g6ipc3cie >> End >> 2020-11-12 22:26:14.894148

8pmuwmpqxqy >> Start >> 2020-11-12 22:27:28.173382

8pmuwmpqxqy >> Image Returned >> 2020-11-12 22:27:28.177027

8pmuwmpqxqy >> End >> 2020-11-12 22:27:28.358673

awgdrs2v24g >> Start >> 2020-11-12 22:27:52.142807

awgdrs2v24g >> Image Returned >> 2020-11-12 22:27:52.146251

awgdrs2v24g >> End >> 2020-11-12 22:27:52.348184

4n2dfsi8z8y >> Start >> 2020-11-12 22:29:55.606204

4n2dfsi8z8y >> Image Returned >> 2020-11-12 22:29:55.610033

4n2dfsi8z8y >> End >> 2020-11-12 22:29:55.801830

jw2io30aioh >> Start >> 2020-11-12 22:32:05.443229

jw2io30aioh >> Image Returned >> 2020-11-12 22:32:05.447318

jw2io30aioh >> End >> 2020-11-12 22:32:05.634299

47okravdfkf >> Start >> 2020-11-12 22:32:28.859955

47okravdfkf >> Image Returned >> 2020-11-12 22:32:28.863825

47okravdfkf >> End >> 2020-11-12 22:32:29.054939

vf7kn55wuvp >> Start >> 2020-11-12 22:33:57.938265

vf7kn55wuvp >> Image Returned >> 2020-11-12 22:33:57.941778

vf7kn55wuvp >> End >> 2020-11-12 22:33:58.129123

5yvz5j2wdui >> Start >> 2020-11-12 22:34:10.652761

5yvz5j2wdui >> Image Returned >> 2020-11-12 22:34:10.656764

5yvz5j2wdui >> End >> 2020-11-12 22:34:10.848460

nad6ywt56b8 >> Start >> 2020-11-12 22:34:10.963274

nad6ywt56b8 >> Image Returned >> 2020-11-12 22:34:10.963586

nad6ywt56b8 >> End >> 2020-11-12 22:34:11.397548

c7txhp4eijm >> Start >> 2020-11-12 22:38:15.440036

c7txhp4eijm >> Image Returned >> 2020-11-12 22:38:15.445005

c7txhp4eijm >> End >> 2020-11-12 22:38:15.629283

5fbkqby4i22 >> Start >> 2020-11-12 22:38:52.442778

5fbkqby4i22 >> Image Returned >> 2020-11-12 22:38:52.447711

5fbkqby4i22 >> End >> 2020-11-12 22:38:52.639710

0kzh4qiak36 >> Start >> 2020-11-12 23:00:50.108942

0kzh4qiak36 >> Image Returned >> 2020-11-12 23:00:50.112479

0kzh4qiak36 >> End >> 2020-11-12 23:00:50.311363

nkg0265axsg >> Start >> 2020-11-12 23:01:04.179183

nkg0265axsg >> Image Returned >> 2020-11-12 23:01:04.184019

nkg0265axsg >> End >> 2020-11-12 23:01:04.373346

s4hz5ikooeg >> Start >> 2020-11-12 23:01:26.458101

s4hz5ikooeg >> Image Returned >> 2020-11-12 23:01:26.461793

s4hz5ikooeg >> End >> 2020-11-12 23:01:26.650969

d5dutfs8ehi >> Start >> 2020-11-12 23:10:15.152363

d5dutfs8ehi >> Image Returned >> 2020-11-12 23:10:15.161176

d5dutfs8ehi >> End >> 2020-11-12 23:10:15.340384

5zaihp6dv5v >> Start >> 2020-11-12 23:22:58.958604

5zaihp6dv5v >> Image Returned >> 2020-11-12 23:22:58.963273

5zaihp6dv5v >> End >> 2020-11-12 23:22:59.156177

esmvvpvprw4 >> Start >> 2020-11-12 23:31:31.976172

esmvvpvprw4 >> Image Returned >> 2020-11-12 23:31:31.979837

esmvvpvprw4 >> End >> 2020-11-12 23:31:32.162904

w2f7vkuvoqx >> Start >> 2020-11-12 23:33:52.678463

w2f7vkuvoqx >> Image Returned >> 2020-11-12 23:33:52.681961

w2f7vkuvoqx >> End >> 2020-11-12 23:33:52.870181

rtyhjzwv850 >> Start >> 2020-11-12 23:34:47.937530

rtyhjzwv850 >> Image Returned >> 2020-11-12 23:34:47.941019

rtyhjzwv850 >> End >> 2020-11-12 23:34:48.146778

hhuemarid5z >> Start >> 2020-11-12 23:37:42.547589

hhuemarid5z >> Image Returned >> 2020-11-12 23:37:42.551584

hhuemarid5z >> End >> 2020-11-12 23:37:42.738387

h64a7h6vi3g >> Start >> 2020-11-12 23:39:31.833323

h64a7h6vi3g >> Image Returned >> 2020-11-12 23:39:31.836930

h64a7h6vi3g >> End >> 2020-11-12 23:39:32.019151

bhifxwftsis >> Start >> 2020-11-12 23:39:42.216340

bhifxwftsis >> Image Returned >> 2020-11-12 23:39:42.216645

bhifxwftsis >> End >> 2020-11-12 23:39:42.398866

ofm8vvrrbkd >> Start >> 2020-11-12 23:57:05.659696

ofm8vvrrbkd >> Image Returned >> 2020-11-12 23:57:05.664428

ofm8vvrrbkd >> End >> 2020-11-12 23:57:05.851922

