fidqvm5rrxt >> Start >> 2020-11-21 00:05:16.218506

fidqvm5rrxt >> Image Returned >> 2020-11-21 00:05:16.223625

fidqvm5rrxt >> End >> 2020-11-21 00:05:16.419264

6z2nhz7kdwr >> Start >> 2020-11-21 00:17:31.027355

6z2nhz7kdwr >> Image Returned >> 2020-11-21 00:17:31.030117

6z2nhz7kdwr >> End >> 2020-11-21 00:17:31.221633

30ow8wrxw4j >> Start >> 2020-11-21 00:24:48.576848

30ow8wrxw4j >> Image Returned >> 2020-11-21 00:24:48.580041

30ow8wrxw4j >> End >> 2020-11-21 00:24:48.778714

b0ha4whi7zu >> Start >> 2020-11-21 00:25:56.068852

b0ha4whi7zu >> Image Returned >> 2020-11-21 00:25:56.071690

b0ha4whi7zu >> End >> 2020-11-21 00:25:56.261367

nxw53ne6mcm >> Start >> 2020-11-21 00:26:52.289697

nxw53ne6mcm >> Image Returned >> 2020-11-21 00:26:52.292684

nxw53ne6mcm >> End >> 2020-11-21 00:26:52.488348

k3ip4w2pz6r >> Start >> 2020-11-21 00:27:40.348684

k3ip4w2pz6r >> Image Returned >> 2020-11-21 00:27:40.351463

k3ip4w2pz6r >> End >> 2020-11-21 00:27:40.551158

hthiaspxv6i >> Start >> 2020-11-21 00:30:02.819140

hthiaspxv6i >> Image Returned >> 2020-11-21 00:30:02.821846

hthiaspxv6i >> End >> 2020-11-21 00:30:03.065201

frh0yc05yb2 >> Start >> 2020-11-21 00:31:26.915383

frh0yc05yb2 >> Image Returned >> 2020-11-21 00:31:26.918028

frh0yc05yb2 >> End >> 2020-11-21 00:31:27.115451

2w58kq343s5 >> Start >> 2020-11-21 00:42:33.774179

2w58kq343s5 >> Image Returned >> 2020-11-21 00:42:33.777059

2w58kq343s5 >> End >> 2020-11-21 00:42:33.971731

vwbaj6o5g0o >> Start >> 2020-11-21 00:43:21.909014

vwbaj6o5g0o >> Image Returned >> 2020-11-21 00:43:21.911632

vwbaj6o5g0o >> End >> 2020-11-21 00:43:22.101098

4s5k802yrzq >> Start >> 2020-11-21 00:43:33.369611

4s5k802yrzq >> Image Returned >> 2020-11-21 00:43:33.372278

4s5k802yrzq >> End >> 2020-11-21 00:43:33.571393

x6t66wfwnqf >> Start >> 2020-11-21 00:45:11.902595

x6t66wfwnqf >> Image Returned >> 2020-11-21 00:45:11.905359

x6t66wfwnqf >> End >> 2020-11-21 00:45:12.099929

3v83j4jie7g >> Start >> 2020-11-21 00:58:39.105056

3v83j4jie7g >> Image Returned >> 2020-11-21 00:58:39.108920

3v83j4jie7g >> End >> 2020-11-21 00:58:39.315181

ag4jzjwjn5o >> Start >> 2020-11-21 01:09:07.741250

ag4jzjwjn5o >> Image Returned >> 2020-11-21 01:09:07.744137

ag4jzjwjn5o >> End >> 2020-11-21 01:09:07.931746

348rr3zh3ho >> Start >> 2020-11-21 01:23:43.104228

348rr3zh3ho >> Image Returned >> 2020-11-21 01:23:43.108222

348rr3zh3ho >> End >> 2020-11-21 01:23:43.310739

8y6fyafjbro >> Start >> 2020-11-21 01:31:38.264914

8y6fyafjbro >> Image Returned >> 2020-11-21 01:31:38.267808

8y6fyafjbro >> End >> 2020-11-21 01:31:38.488118

4sh7nmudef6 >> Start >> 2020-11-21 01:33:03.114989

4sh7nmudef6 >> Image Returned >> 2020-11-21 01:33:03.117772

4sh7nmudef6 >> End >> 2020-11-21 01:33:03.371130

ppb6gc5u2gg >> Start >> 2020-11-21 01:33:13.359322

ppb6gc5u2gg >> Image Returned >> 2020-11-21 01:33:13.359627

ppb6gc5u2gg >> End >> 2020-11-21 01:33:13.550451

05ixptkjnv4 >> Start >> 2020-11-21 01:40:59.197354

05ixptkjnv4 >> Image Returned >> 2020-11-21 01:40:59.200248

05ixptkjnv4 >> End >> 2020-11-21 01:40:59.422477

5ixvxw4rivq >> Start >> 2020-11-21 01:45:41.470644

5ixvxw4rivq >> Image Returned >> 2020-11-21 01:45:41.473932

5ixvxw4rivq >> End >> 2020-11-21 01:45:41.679104

32pm3884hqi >> Start >> 2020-11-21 01:47:07.797333

32pm3884hqi >> Image Returned >> 2020-11-21 01:47:07.800296

32pm3884hqi >> End >> 2020-11-21 01:47:07.925607

oh07g3jwq4i >> Start >> 2020-11-21 01:47:25.827024

oh07g3jwq4i >> Image Returned >> 2020-11-21 01:47:25.829824

oh07g3jwq4i >> End >> 2020-11-21 01:47:26.015183

8j0hrvssj4n >> Start >> 2020-11-21 01:51:39.354563

8j0hrvssj4n >> Image Returned >> 2020-11-21 01:51:39.357862

8j0hrvssj4n >> End >> 2020-11-21 01:51:39.561194

b350tcsabc6 >> Start >> 2020-11-21 01:53:15.573086

b350tcsabc6 >> Image Returned >> 2020-11-21 01:53:15.576098

b350tcsabc6 >> End >> 2020-11-21 01:53:15.774652

edatzoowwoy >> Start >> 2020-11-21 02:15:06.663711

edatzoowwoy >> Image Returned >> 2020-11-21 02:15:06.667016

edatzoowwoy >> End >> 2020-11-21 02:15:06.889986

76ctaweupth >> Start >> 2020-11-21 02:24:17.311403

76ctaweupth >> Image Returned >> 2020-11-21 02:24:17.314237

76ctaweupth >> End >> 2020-11-21 02:24:17.508929

sknyh3m4zy5 >> Start >> 2020-11-21 02:24:22.313682

sknyh3m4zy5 >> Image Returned >> 2020-11-21 02:24:22.314001

sknyh3m4zy5 >> End >> 2020-11-21 02:24:22.501667

vj0v80pj4ta >> Start >> 2020-11-21 02:40:55.338285

vj0v80pj4ta >> Image Returned >> 2020-11-21 02:40:55.341674

vj0v80pj4ta >> End >> 2020-11-21 02:40:55.538769

kekom45ev8m >> Start >> 2020-11-21 02:50:04.170996

kekom45ev8m >> Image Returned >> 2020-11-21 02:50:04.174119

kekom45ev8m >> End >> 2020-11-21 02:50:04.368150

szbstfdqjhs >> Start >> 2020-11-21 02:53:03.777826

szbstfdqjhs >> Image Returned >> 2020-11-21 02:53:03.781126

szbstfdqjhs >> End >> 2020-11-21 02:53:03.993349

5x8qshcw867 >> Start >> 2020-11-21 03:01:33.081517

5x8qshcw867 >> Image Returned >> 2020-11-21 03:01:33.084333

5x8qshcw867 >> End >> 2020-11-21 03:01:33.278610

w6zc3jyxrbs >> Start >> 2020-11-21 03:05:57.679424

w6zc3jyxrbs >> Image Returned >> 2020-11-21 03:05:57.683482

w6zc3jyxrbs >> End >> 2020-11-21 03:05:57.871464

3grmfmejv3z >> Start >> 2020-11-21 03:17:48.602516

3grmfmejv3z >> Image Returned >> 2020-11-21 03:17:48.610797

3grmfmejv3z >> End >> 2020-11-21 03:17:48.842519

syzsfaztfcw >> Start >> 2020-11-21 03:51:03.972044

syzsfaztfcw >> Image Returned >> 2020-11-21 03:51:03.974664

syzsfaztfcw >> End >> 2020-11-21 03:51:04.183171

2xeutbdghvm >> Start >> 2020-11-21 03:55:20.991532

2xeutbdghvm >> Image Returned >> 2020-11-21 03:55:20.995572

2xeutbdghvm >> End >> 2020-11-21 03:55:21.211438

a6kbxnytxpq >> Start >> 2020-11-21 04:01:14.041949

a6kbxnytxpq >> Image Returned >> 2020-11-21 04:01:14.044302

a6kbxnytxpq >> End >> 2020-11-21 04:01:14.231982

z4t2gxvaweg >> Start >> 2020-11-21 04:09:57.897072

z4t2gxvaweg >> Image Returned >> 2020-11-21 04:09:57.899676

z4t2gxvaweg >> End >> 2020-11-21 04:09:58.104473

dmfzct8dcj5 >> Start >> 2020-11-21 04:30:44.333648

dmfzct8dcj5 >> Image Returned >> 2020-11-21 04:30:44.336225

dmfzct8dcj5 >> End >> 2020-11-21 04:30:44.566009

5oheyvxr6ee >> Start >> 2020-11-21 04:56:29.683048

5oheyvxr6ee >> Image Returned >> 2020-11-21 04:56:29.685677

5oheyvxr6ee >> End >> 2020-11-21 04:56:29.875160

nwz5pdmhx2x >> Start >> 2020-11-21 05:38:47.155265

nwz5pdmhx2x >> Image Returned >> 2020-11-21 05:38:47.157903

nwz5pdmhx2x >> End >> 2020-11-21 05:38:47.341094

xrzjwt5q78w >> Start >> 2020-11-21 05:53:47.644388

xrzjwt5q78w >> Image Returned >> 2020-11-21 05:53:47.647299

xrzjwt5q78w >> End >> 2020-11-21 05:53:47.776331

vkd4c47gzfo >> Start >> 2020-11-21 06:03:07.198616

vkd4c47gzfo >> Image Returned >> 2020-11-21 06:03:07.201478

vkd4c47gzfo >> End >> 2020-11-21 06:03:07.324959

vsoppzyh6co >> Start >> 2020-11-21 06:09:45.562156

vsoppzyh6co >> Image Returned >> 2020-11-21 06:09:45.564932

vsoppzyh6co >> End >> 2020-11-21 06:09:45.758217

bjmtfn3rhio >> Start >> 2020-11-21 06:10:31.689551

bjmtfn3rhio >> Image Returned >> 2020-11-21 06:10:31.692015

bjmtfn3rhio >> End >> 2020-11-21 06:10:31.897960

s4xdz0dorsp >> Start >> 2020-11-21 06:18:24.982497

s4xdz0dorsp >> Image Returned >> 2020-11-21 06:18:24.985443

s4xdz0dorsp >> End >> 2020-11-21 06:18:25.178406

hsnndzffa7o >> Start >> 2020-11-21 06:20:11.969243

hsnndzffa7o >> Image Returned >> 2020-11-21 06:20:11.972098

hsnndzffa7o >> End >> 2020-11-21 06:20:12.162539

bz55bu34yms >> Start >> 2020-11-21 06:28:32.820461

bz55bu34yms >> Image Returned >> 2020-11-21 06:28:32.823491

bz55bu34yms >> End >> 2020-11-21 06:28:33.011317

4605evv48zg >> Start >> 2020-11-21 06:39:23.094661

4605evv48zg >> Image Returned >> 2020-11-21 06:39:23.097132

4605evv48zg >> End >> 2020-11-21 06:39:23.293198

0wk3eon2wqc >> Start >> 2020-11-21 06:44:34.966048

0wk3eon2wqc >> Image Returned >> 2020-11-21 06:44:34.970505

0wk3eon2wqc >> End >> 2020-11-21 06:44:35.157722

v4pbzu6hnr7 >> Start >> 2020-11-21 06:55:09.134788

v4pbzu6hnr7 >> Image Returned >> 2020-11-21 06:55:09.137516

v4pbzu6hnr7 >> End >> 2020-11-21 06:55:09.357930

fbfm4zrtniq >> Start >> 2020-11-21 06:55:09.658118

fbfm4zrtniq >> Image Returned >> 2020-11-21 06:55:09.658409

fbfm4zrtniq >> End >> 2020-11-21 06:55:09.872997

i2mq2ds6eb0 >> Start >> 2020-11-21 06:55:20.734818

i2mq2ds6eb0 >> Image Returned >> 2020-11-21 06:55:20.737698

i2mq2ds6eb0 >> End >> 2020-11-21 06:55:20.961597

daoiy8b54qn >> Start >> 2020-11-21 06:55:24.005038

daoiy8b54qn >> Image Returned >> 2020-11-21 06:55:24.005321

daoiy8b54qn >> End >> 2020-11-21 06:55:24.217983

8nxmhmqjveu >> Start >> 2020-11-21 06:55:24.289449

8nxmhmqjveu >> Image Returned >> 2020-11-21 06:55:24.289964

8nxmhmqjveu >> End >> 2020-11-21 06:55:24.503743

e32nb5ate2v >> Start >> 2020-11-21 06:57:54.603946

e32nb5ate2v >> Image Returned >> 2020-11-21 06:57:54.606507

e32nb5ate2v >> End >> 2020-11-21 06:57:54.793441

jsxv0r43biw >> Start >> 2020-11-21 07:03:18.287256

jsxv0r43biw >> Image Returned >> 2020-11-21 07:03:18.290060

jsxv0r43biw >> End >> 2020-11-21 07:03:18.505706

5k2t2hjxo4e >> Start >> 2020-11-21 07:08:09.414076

5k2t2hjxo4e >> Image Returned >> 2020-11-21 07:08:09.416685

5k2t2hjxo4e >> End >> 2020-11-21 07:08:09.640727

i7msq7sw6vd >> Start >> 2020-11-21 07:09:22.727257

i7msq7sw6vd >> Image Returned >> 2020-11-21 07:09:22.729895

i7msq7sw6vd >> End >> 2020-11-21 07:09:22.918952

00o3vinp3pn >> Start >> 2020-11-21 07:10:24.396624

00o3vinp3pn >> Image Returned >> 2020-11-21 07:10:24.400063

00o3vinp3pn >> End >> 2020-11-21 07:10:24.614981

kib0kv0r04p >> Start >> 2020-11-21 07:25:38.619360

kib0kv0r04p >> Image Returned >> 2020-11-21 07:25:38.622229

kib0kv0r04p >> End >> 2020-11-21 07:25:38.812838

yk2v0stks2j >> Start >> 2020-11-21 07:26:18.212162

yk2v0stks2j >> Image Returned >> 2020-11-21 07:26:18.214982

yk2v0stks2j >> End >> 2020-11-21 07:26:18.407104

u4446z0ijuu >> Start >> 2020-11-21 07:33:40.783011

u4446z0ijuu >> Image Returned >> 2020-11-21 07:33:40.785729

u4446z0ijuu >> End >> 2020-11-21 07:33:40.999130

0ca7fmy5f8x >> Start >> 2020-11-21 07:38:10.633477

0ca7fmy5f8x >> Image Returned >> 2020-11-21 07:38:10.637037

0ca7fmy5f8x >> End >> 2020-11-21 07:38:10.840044

040xnodnew0 >> Start >> 2020-11-21 07:39:12.003489

040xnodnew0 >> Image Returned >> 2020-11-21 07:39:12.006225

040xnodnew0 >> End >> 2020-11-21 07:39:12.238154

hisejvk7cjv >> Start >> 2020-11-21 07:39:43.936960

hisejvk7cjv >> Image Returned >> 2020-11-21 07:39:43.939518

hisejvk7cjv >> End >> 2020-11-21 07:39:44.158431

q7xdw6ypr2g >> Start >> 2020-11-21 07:40:59.283725

q7xdw6ypr2g >> Image Returned >> 2020-11-21 07:40:59.286468

q7xdw6ypr2g >> End >> 2020-11-21 07:40:59.478708

yc6ughht48q >> Start >> 2020-11-21 07:54:46.535995

yc6ughht48q >> Image Returned >> 2020-11-21 07:54:46.538645

yc6ughht48q >> End >> 2020-11-21 07:54:46.773170

keavqajsxtc >> Start >> 2020-11-21 07:55:57.979906

keavqajsxtc >> Image Returned >> 2020-11-21 07:55:57.982583

keavqajsxtc >> End >> 2020-11-21 07:55:58.176511

uwjsacs4m6x >> Start >> 2020-11-21 07:58:33.084805

uwjsacs4m6x >> Image Returned >> 2020-11-21 07:58:33.088023

uwjsacs4m6x >> End >> 2020-11-21 07:58:33.280407

k7n62ycis3b >> Start >> 2020-11-21 08:00:59.828267

k7n62ycis3b >> Image Returned >> 2020-11-21 08:00:59.830827

k7n62ycis3b >> End >> 2020-11-21 08:01:00.030222

sadcmp3d4sa >> Start >> 2020-11-21 08:18:58.405122

sadcmp3d4sa >> Image Returned >> 2020-11-21 08:18:58.407944

sadcmp3d4sa >> End >> 2020-11-21 08:18:58.597318

sdnic88e3yg >> Start >> 2020-11-21 08:20:17.674499

sdnic88e3yg >> Image Returned >> 2020-11-21 08:20:17.677257

sdnic88e3yg >> End >> 2020-11-21 08:20:17.873009

srkp6cvupfa >> Start >> 2020-11-21 08:27:17.912286

srkp6cvupfa >> Image Returned >> 2020-11-21 08:27:17.916907

srkp6cvupfa >> End >> 2020-11-21 08:27:18.110528

x32b0gxo0ik >> Start >> 2020-11-21 08:28:48.400882

x32b0gxo0ik >> Image Returned >> 2020-11-21 08:28:48.403732

x32b0gxo0ik >> End >> 2020-11-21 08:28:48.601993

zzyfds5gmo2 >> Start >> 2020-11-21 08:29:34.585278

zzyfds5gmo2 >> Image Returned >> 2020-11-21 08:29:34.588017

zzyfds5gmo2 >> End >> 2020-11-21 08:29:35.010535

u2xeou00rux >> Start >> 2020-11-21 08:34:19.261846

u2xeou00rux >> Image Returned >> 2020-11-21 08:34:19.264529

u2xeou00rux >> End >> 2020-11-21 08:34:19.453948

7iaosjfp3mm >> Start >> 2020-11-21 08:34:44.552840

7iaosjfp3mm >> Image Returned >> 2020-11-21 08:34:44.555646

7iaosjfp3mm >> End >> 2020-11-21 08:34:44.745910

fm2f034ei28 >> Start >> 2020-11-21 08:35:44.361762

fm2f034ei28 >> Image Returned >> 2020-11-21 08:35:44.364358

fm2f034ei28 >> End >> 2020-11-21 08:35:44.556150

bp5yqck03ve >> Start >> 2020-11-21 08:38:26.377748

bp5yqck03ve >> Image Returned >> 2020-11-21 08:38:26.380687

bp5yqck03ve >> End >> 2020-11-21 08:38:26.587940

o7io6q8ck6h >> Start >> 2020-11-21 08:40:57.313841

o7io6q8ck6h >> Image Returned >> 2020-11-21 08:40:57.317049

o7io6q8ck6h >> End >> 2020-11-21 08:40:57.443499

5bmnqnx05mr >> Start >> 2020-11-21 08:47:40.853332

5bmnqnx05mr >> Image Returned >> 2020-11-21 08:47:40.856369

5bmnqnx05mr >> End >> 2020-11-21 08:47:41.050726

s32tdchf503 >> Start >> 2020-11-21 08:48:10.410675

s32tdchf503 >> Image Returned >> 2020-11-21 08:48:10.413800

s32tdchf503 >> End >> 2020-11-21 08:48:10.602567

3cds4b0z07n >> Start >> 2020-11-21 08:52:43.924326

3cds4b0z07n >> Image Returned >> 2020-11-21 08:52:43.927639

3cds4b0z07n >> End >> 2020-11-21 08:52:44.116915

gsq75ady6nt >> Start >> 2020-11-21 08:53:07.388510

gsq75ady6nt >> Image Returned >> 2020-11-21 08:53:07.391400

gsq75ady6nt >> End >> 2020-11-21 08:53:07.612309

vxojhmrci4n >> Start >> 2020-11-21 09:04:57.787168

vxojhmrci4n >> Image Returned >> 2020-11-21 09:04:57.789897

vxojhmrci4n >> End >> 2020-11-21 09:04:57.986215

jqmprkcuk6p >> Start >> 2020-11-21 09:08:59.022200

jqmprkcuk6p >> Image Returned >> 2020-11-21 09:08:59.024949

jqmprkcuk6p >> End >> 2020-11-21 09:08:59.223824

mh2no6etavi >> Start >> 2020-11-21 09:09:46.950977

mh2no6etavi >> Image Returned >> 2020-11-21 09:09:46.953598

mh2no6etavi >> End >> 2020-11-21 09:09:47.173141

53co35wmb6k >> Start >> 2020-11-21 09:15:37.436924

53co35wmb6k >> Image Returned >> 2020-11-21 09:15:37.439742

53co35wmb6k >> End >> 2020-11-21 09:15:37.566001

03oibeb06g0 >> Start >> 2020-11-21 09:16:24.605993

03oibeb06g0 >> Image Returned >> 2020-11-21 09:16:24.609201

03oibeb06g0 >> End >> 2020-11-21 09:16:24.829135

h3ungceegof >> Start >> 2020-11-21 09:24:08.236829

h3ungceegof >> Image Returned >> 2020-11-21 09:24:08.239864

h3ungceegof >> End >> 2020-11-21 09:24:08.433614

fimtpbehxn3 >> Start >> 2020-11-21 09:25:30.797535

fimtpbehxn3 >> Image Returned >> 2020-11-21 09:25:30.800492

fimtpbehxn3 >> End >> 2020-11-21 09:25:30.991627

s3dbijpxk3i >> Start >> 2020-11-21 09:25:44.740211

s3dbijpxk3i >> Image Returned >> 2020-11-21 09:25:44.742822

s3dbijpxk3i >> End >> 2020-11-21 09:25:44.942301

irj8h8zfj0x >> Start >> 2020-11-21 09:25:45.017821

irj8h8zfj0x >> Image Returned >> 2020-11-21 09:25:45.018102

irj8h8zfj0x >> End >> 2020-11-21 09:25:45.216309

0u0gwcs7q7i >> Start >> 2020-11-21 09:30:57.378463

0u0gwcs7q7i >> Image Returned >> 2020-11-21 09:30:57.381561

0u0gwcs7q7i >> End >> 2020-11-21 09:30:57.586723

ucsvak0va6d >> Start >> 2020-11-21 09:31:35.090128

ucsvak0va6d >> Image Returned >> 2020-11-21 09:31:35.093041

ucsvak0va6d >> End >> 2020-11-21 09:31:35.283806

7e2cxcxq64v >> Start >> 2020-11-21 09:32:18.349337

7e2cxcxq64v >> Image Returned >> 2020-11-21 09:32:18.352106

7e2cxcxq64v >> End >> 2020-11-21 09:32:18.551940

02dvr50z8nr >> Start >> 2020-11-21 09:34:50.932180

02dvr50z8nr >> Image Returned >> 2020-11-21 09:34:50.936405

02dvr50z8nr >> End >> 2020-11-21 09:34:51.169425

qyw2qgqhj65 >> Start >> 2020-11-21 09:36:45.501420

qyw2qgqhj65 >> Image Returned >> 2020-11-21 09:36:45.504461

qyw2qgqhj65 >> End >> 2020-11-21 09:36:45.716923

nmq83dwhdgv >> Start >> 2020-11-21 09:41:49.717443

nmq83dwhdgv >> Image Returned >> 2020-11-21 09:41:49.721498

nmq83dwhdgv >> End >> 2020-11-21 09:41:49.928605

duveai5cepo >> Start >> 2020-11-21 09:42:45.388475

duveai5cepo >> Image Returned >> 2020-11-21 09:42:45.391190

duveai5cepo >> End >> 2020-11-21 09:42:45.591562

hbad26wug7z >> Start >> 2020-11-21 09:42:52.220623

hbad26wug7z >> Image Returned >> 2020-11-21 09:42:52.220931

hbad26wug7z >> End >> 2020-11-21 09:42:52.444911

82c2nv3keei >> Start >> 2020-11-21 09:43:05.307025

82c2nv3keei >> Image Returned >> 2020-11-21 09:43:05.309746

82c2nv3keei >> End >> 2020-11-21 09:43:05.503663

krk5rhcosqa >> Start >> 2020-11-21 09:43:08.204547

krk5rhcosqa >> Image Returned >> 2020-11-21 09:43:08.204898

krk5rhcosqa >> End >> 2020-11-21 09:43:08.422383

te0jfiakg7v >> Start >> 2020-11-21 09:43:24.012234

te0jfiakg7v >> Image Returned >> 2020-11-21 09:43:24.015012

te0jfiakg7v >> End >> 2020-11-21 09:43:24.218118

p5qbqj3q8ac >> Start >> 2020-11-21 09:45:32.406276

p5qbqj3q8ac >> Image Returned >> 2020-11-21 09:45:32.410286

p5qbqj3q8ac >> End >> 2020-11-21 09:45:32.639173

4un20zi754h >> Start >> 2020-11-21 09:47:26.062131

4un20zi754h >> Image Returned >> 2020-11-21 09:47:26.064918

4un20zi754h >> End >> 2020-11-21 09:47:26.255362

qa8sbvj0xmz >> Start >> 2020-11-21 09:49:12.937074

qa8sbvj0xmz >> Image Returned >> 2020-11-21 09:49:12.941572

qa8sbvj0xmz >> End >> 2020-11-21 09:49:13.138961

ntntx5y3xfc >> Start >> 2020-11-21 09:49:42.493555

ntntx5y3xfc >> Image Returned >> 2020-11-21 09:49:42.496473

ntntx5y3xfc >> End >> 2020-11-21 09:49:42.682317

kpb38sisvwm >> Start >> 2020-11-21 09:50:44.640671

kpb38sisvwm >> Image Returned >> 2020-11-21 09:50:44.643784

kpb38sisvwm >> End >> 2020-11-21 09:50:44.839488

hx32osvyg83 >> Start >> 2020-11-21 09:50:53.766606

hx32osvyg83 >> Image Returned >> 2020-11-21 09:50:53.766911

hx32osvyg83 >> End >> 2020-11-21 09:50:53.959460

33uvza2u7e4 >> Start >> 2020-11-21 09:51:13.975539

33uvza2u7e4 >> Image Returned >> 2020-11-21 09:51:13.978652

33uvza2u7e4 >> End >> 2020-11-21 09:51:14.179480

tcikoqkfuam >> Start >> 2020-11-21 09:56:37.936065

tcikoqkfuam >> Image Returned >> 2020-11-21 09:56:37.939583

tcikoqkfuam >> End >> 2020-11-21 09:56:38.139167

whzzvmdak67 >> Start >> 2020-11-21 09:59:24.697312

whzzvmdak67 >> Image Returned >> 2020-11-21 09:59:24.700093

whzzvmdak67 >> End >> 2020-11-21 09:59:24.897053

a0wpmpgu2mw >> Start >> 2020-11-21 10:01:06.718420

a0wpmpgu2mw >> Image Returned >> 2020-11-21 10:01:06.721223

a0wpmpgu2mw >> End >> 2020-11-21 10:01:06.961654

rnocvce0kje >> Start >> 2020-11-21 10:01:17.946549

rnocvce0kje >> Image Returned >> 2020-11-21 10:01:17.949387

rnocvce0kje >> End >> 2020-11-21 10:01:18.137401

4ewqurbv8ba >> Start >> 2020-11-21 10:01:29.686119

4ewqurbv8ba >> Image Returned >> 2020-11-21 10:01:29.688894

4ewqurbv8ba >> End >> 2020-11-21 10:01:29.876974

t5q3yt5hmhx >> Start >> 2020-11-21 10:06:08.400909

t5q3yt5hmhx >> Image Returned >> 2020-11-21 10:06:08.403779

t5q3yt5hmhx >> End >> 2020-11-21 10:06:08.535217

ap4fo0qs085 >> Start >> 2020-11-21 10:07:37.295583

ap4fo0qs085 >> Image Returned >> 2020-11-21 10:07:37.298554

ap4fo0qs085 >> End >> 2020-11-21 10:07:37.490128

xnkh7x4swjg >> Start >> 2020-11-21 10:11:02.793246

xnkh7x4swjg >> Image Returned >> 2020-11-21 10:11:02.796189

xnkh7x4swjg >> End >> 2020-11-21 10:11:03.007052

de70qu42and >> Start >> 2020-11-21 10:11:41.235795

de70qu42and >> Image Returned >> 2020-11-21 10:11:41.238746

de70qu42and >> End >> 2020-11-21 10:11:41.444060

7i0vnhn8h65 >> Start >> 2020-11-21 10:15:03.476468

7i0vnhn8h65 >> Image Returned >> 2020-11-21 10:15:03.480501

7i0vnhn8h65 >> End >> 2020-11-21 10:15:03.915209

d6s66jf43mb >> Start >> 2020-11-21 10:15:52.806570

d6s66jf43mb >> Image Returned >> 2020-11-21 10:15:52.809978

d6s66jf43mb >> End >> 2020-11-21 10:15:53.003480

d2app2ycdqb >> Start >> 2020-11-21 10:19:18.985275

d2app2ycdqb >> Image Returned >> 2020-11-21 10:19:18.988302

d2app2ycdqb >> End >> 2020-11-21 10:19:19.180763

8oi7h54cu7d >> Start >> 2020-11-21 10:23:00.430893

8oi7h54cu7d >> Image Returned >> 2020-11-21 10:23:00.436173

8oi7h54cu7d >> End >> 2020-11-21 10:23:00.630888

yzftgogfvj3 >> Start >> 2020-11-21 10:23:27.754750

yzftgogfvj3 >> Image Returned >> 2020-11-21 10:23:27.759188

yzftgogfvj3 >> End >> 2020-11-21 10:23:27.889730

tvhebtpwsyc >> Start >> 2020-11-21 10:31:27.807539

tvhebtpwsyc >> Image Returned >> 2020-11-21 10:31:27.810666

tvhebtpwsyc >> End >> 2020-11-21 10:31:28.056070

f3cua66ipsf >> Start >> 2020-11-21 10:31:38.701752

f3cua66ipsf >> Image Returned >> 2020-11-21 10:31:38.702111

f3cua66ipsf >> End >> 2020-11-21 10:31:38.909578

qmoqf0mzgda >> Start >> 2020-11-21 10:39:14.203445

qmoqf0mzgda >> Image Returned >> 2020-11-21 10:39:14.207582

qmoqf0mzgda >> End >> 2020-11-21 10:39:14.437347

uc7ofofzznc >> Start >> 2020-11-21 10:40:11.612651

uc7ofofzznc >> Image Returned >> 2020-11-21 10:40:11.615633

uc7ofofzznc >> End >> 2020-11-21 10:40:11.842756

cm7j8x8pdyn >> Start >> 2020-11-21 10:46:19.385118

cm7j8x8pdyn >> Image Returned >> 2020-11-21 10:46:19.388655

cm7j8x8pdyn >> End >> 2020-11-21 10:46:19.618954

7jyejztz4k8 >> Start >> 2020-11-21 10:48:14.726619

7jyejztz4k8 >> Image Returned >> 2020-11-21 10:48:14.730242

7jyejztz4k8 >> End >> 2020-11-21 10:48:14.951739

5g75ixfkcrk >> Start >> 2020-11-21 10:52:16.206717

5g75ixfkcrk >> Image Returned >> 2020-11-21 10:52:16.210268

5g75ixfkcrk >> End >> 2020-11-21 10:52:16.400896

jyfkwq4m87u >> Start >> 2020-11-21 10:54:16.695347

jyfkwq4m87u >> Image Returned >> 2020-11-21 10:54:16.698482

jyfkwq4m87u >> End >> 2020-11-21 10:54:16.896657

bgz23vpzgx3 >> Start >> 2020-11-21 10:54:55.898574

bgz23vpzgx3 >> Image Returned >> 2020-11-21 10:54:55.901273

bgz23vpzgx3 >> End >> 2020-11-21 10:54:56.113390

g3aw0d0kvw0 >> Start >> 2020-11-21 10:57:41.768435

g3aw0d0kvw0 >> Image Returned >> 2020-11-21 10:57:41.772010

g3aw0d0kvw0 >> End >> 2020-11-21 10:57:41.972582

v52dbi0te7i >> Start >> 2020-11-21 11:05:13.398339

v52dbi0te7i >> Image Returned >> 2020-11-21 11:05:13.401314

v52dbi0te7i >> End >> 2020-11-21 11:05:13.525290

4j8btrfg6sm >> Start >> 2020-11-21 11:19:44.733083

4j8btrfg6sm >> Image Returned >> 2020-11-21 11:19:44.735743

4j8btrfg6sm >> End >> 2020-11-21 11:19:44.933372

00xjwbkn5zf >> Start >> 2020-11-21 11:21:52.472635

00xjwbkn5zf >> Image Returned >> 2020-11-21 11:21:52.475749

00xjwbkn5zf >> End >> 2020-11-21 11:21:52.663253

vqipe66ga0v >> Start >> 2020-11-21 11:22:10.198616

vqipe66ga0v >> Image Returned >> 2020-11-21 11:22:10.201313

vqipe66ga0v >> End >> 2020-11-21 11:22:10.396866

4paarnaso7x >> Start >> 2020-11-21 11:22:10.583849

4paarnaso7x >> Image Returned >> 2020-11-21 11:22:10.584153

4paarnaso7x >> End >> 2020-11-21 11:22:10.780170

qjwnpp2pufq >> Start >> 2020-11-21 11:22:24.471991

qjwnpp2pufq >> Image Returned >> 2020-11-21 11:22:24.474886

qjwnpp2pufq >> End >> 2020-11-21 11:22:24.678678

pmvxrgx0fah >> Start >> 2020-11-21 11:22:24.751435

pmvxrgx0fah >> Image Returned >> 2020-11-21 11:22:24.751725

pmvxrgx0fah >> End >> 2020-11-21 11:22:24.953360

aei2wuvw8vz >> Start >> 2020-11-21 11:23:33.902005

aei2wuvw8vz >> Image Returned >> 2020-11-21 11:23:33.905159

aei2wuvw8vz >> End >> 2020-11-21 11:23:34.125094

rq7d5rjvcmc >> Start >> 2020-11-21 11:24:34.598980

rq7d5rjvcmc >> Image Returned >> 2020-11-21 11:24:34.603523

rq7d5rjvcmc >> End >> 2020-11-21 11:24:34.812664

dqnipk5hmu5 >> Start >> 2020-11-21 11:27:55.580565

dqnipk5hmu5 >> Image Returned >> 2020-11-21 11:27:55.583295

dqnipk5hmu5 >> End >> 2020-11-21 11:27:55.780153

jze0fi4vvdu >> Start >> 2020-11-21 11:28:20.494123

jze0fi4vvdu >> Image Returned >> 2020-11-21 11:28:20.497030

jze0fi4vvdu >> End >> 2020-11-21 11:28:20.690332

gwjp4bpep2k >> Start >> 2020-11-21 11:31:54.982321

gwjp4bpep2k >> Image Returned >> 2020-11-21 11:31:54.985066

gwjp4bpep2k >> End >> 2020-11-21 11:31:55.194777

suk85sqr7dk >> Start >> 2020-11-21 11:32:20.650130

suk85sqr7dk >> Image Returned >> 2020-11-21 11:32:20.653073

suk85sqr7dk >> End >> 2020-11-21 11:32:20.842776

xz8nkymggtd >> Start >> 2020-11-21 11:32:42.622013

xz8nkymggtd >> Image Returned >> 2020-11-21 11:32:42.624799

xz8nkymggtd >> End >> 2020-11-21 11:32:42.824069

kz7sk22wrvn >> Start >> 2020-11-21 11:36:38.550039

kz7sk22wrvn >> Image Returned >> 2020-11-21 11:36:38.553034

kz7sk22wrvn >> End >> 2020-11-21 11:36:38.744091

3fcms7mxocq >> Start >> 2020-11-21 11:39:31.992681

3fcms7mxocq >> Image Returned >> 2020-11-21 11:39:31.995429

3fcms7mxocq >> End >> 2020-11-21 11:39:32.199942

ibw00jd4evn >> Start >> 2020-11-21 11:39:38.545887

ibw00jd4evn >> Image Returned >> 2020-11-21 11:39:38.546216

ibw00jd4evn >> End >> 2020-11-21 11:39:38.741632

8c23fxzxp3x >> Start >> 2020-11-21 11:42:45.370986

8c23fxzxp3x >> Image Returned >> 2020-11-21 11:42:45.373836

8c23fxzxp3x >> End >> 2020-11-21 11:42:45.574372

vqhbvvw8uay >> Start >> 2020-11-21 11:43:01.702028

vqhbvvw8uay >> Image Returned >> 2020-11-21 11:43:01.704814

vqhbvvw8uay >> End >> 2020-11-21 11:43:01.897440

8g4pvv83jeh >> Start >> 2020-11-21 11:49:49.851917

8g4pvv83jeh >> Image Returned >> 2020-11-21 11:49:49.854775

8g4pvv83jeh >> End >> 2020-11-21 11:49:50.056090

osjw0trdq0p >> Start >> 2020-11-21 11:53:50.851788

osjw0trdq0p >> Image Returned >> 2020-11-21 11:53:50.854584

osjw0trdq0p >> End >> 2020-11-21 11:53:51.053164

xmaxipnvteu >> Start >> 2020-11-21 11:56:40.740443

xmaxipnvteu >> Image Returned >> 2020-11-21 11:56:40.743258

xmaxipnvteu >> End >> 2020-11-21 11:56:40.935484

5w7unh2zk6z >> Start >> 2020-11-21 11:58:38.319389

5w7unh2zk6z >> Image Returned >> 2020-11-21 11:58:38.322174

5w7unh2zk6z >> End >> 2020-11-21 11:58:38.509383

hmbbm75vobb >> Start >> 2020-11-21 11:58:55.707794

hmbbm75vobb >> Image Returned >> 2020-11-21 11:58:55.710954

hmbbm75vobb >> End >> 2020-11-21 11:58:55.901360

v4m76qdxwzk >> Start >> 2020-11-21 12:01:54.713265

v4m76qdxwzk >> Image Returned >> 2020-11-21 12:01:54.716120

v4m76qdxwzk >> End >> 2020-11-21 12:01:54.914463

c2zmf4xm2u3 >> Start >> 2020-11-21 12:02:15.537552

c2zmf4xm2u3 >> Image Returned >> 2020-11-21 12:02:15.542355

c2zmf4xm2u3 >> End >> 2020-11-21 12:02:15.732960

iax0ihgiw2o >> Start >> 2020-11-21 12:02:36.601358

iax0ihgiw2o >> Image Returned >> 2020-11-21 12:02:36.605401

iax0ihgiw2o >> End >> 2020-11-21 12:02:36.806528

282bt05e0ny >> Start >> 2020-11-21 12:03:49.724684

282bt05e0ny >> Image Returned >> 2020-11-21 12:03:49.727941

282bt05e0ny >> End >> 2020-11-21 12:03:49.852252

fjphqvhpvue >> Start >> 2020-11-21 12:05:31.812160

fjphqvhpvue >> Image Returned >> 2020-11-21 12:05:31.815188

fjphqvhpvue >> End >> 2020-11-21 12:05:32.037744

qqnd7fxjy6u >> Start >> 2020-11-21 12:11:59.162611

qqnd7fxjy6u >> Image Returned >> 2020-11-21 12:11:59.165956

qqnd7fxjy6u >> End >> 2020-11-21 12:11:59.291143

v2bz7xwiczj >> Start >> 2020-11-21 12:17:32.770528

v2bz7xwiczj >> Image Returned >> 2020-11-21 12:17:32.773519

v2bz7xwiczj >> End >> 2020-11-21 12:17:32.975867

3zrumra8vve >> Start >> 2020-11-21 12:19:41.456430

3zrumra8vve >> Image Returned >> 2020-11-21 12:19:41.459211

3zrumra8vve >> End >> 2020-11-21 12:19:41.584682

gb7zxnargi2 >> Start >> 2020-11-21 12:28:34.678823

gb7zxnargi2 >> Image Returned >> 2020-11-21 12:28:34.682096

gb7zxnargi2 >> End >> 2020-11-21 12:28:34.897403

gdr3mdb03xk >> Start >> 2020-11-21 12:29:25.434278

gdr3mdb03xk >> Image Returned >> 2020-11-21 12:29:25.437329

gdr3mdb03xk >> End >> 2020-11-21 12:29:25.652395

hxqhdvfa50c >> Start >> 2020-11-21 12:30:16.060115

hxqhdvfa50c >> Image Returned >> 2020-11-21 12:30:16.063179

hxqhdvfa50c >> End >> 2020-11-21 12:30:16.250555

67rora2sq42 >> Start >> 2020-11-21 12:33:31.467603

67rora2sq42 >> Image Returned >> 2020-11-21 12:33:31.470484

67rora2sq42 >> End >> 2020-11-21 12:33:31.665149

q87a00i46qk >> Start >> 2020-11-21 12:34:48.529072

q87a00i46qk >> Image Returned >> 2020-11-21 12:34:48.531975

q87a00i46qk >> End >> 2020-11-21 12:34:48.653961

264bkbiz3ky >> Start >> 2020-11-21 12:36:58.701869

264bkbiz3ky >> Image Returned >> 2020-11-21 12:36:58.704705

264bkbiz3ky >> End >> 2020-11-21 12:36:58.901290

caf2gr8vkd6 >> Start >> 2020-11-21 12:39:54.349528

caf2gr8vkd6 >> Image Returned >> 2020-11-21 12:39:54.352698

caf2gr8vkd6 >> End >> 2020-11-21 12:39:54.541207

os8b5fngc7z >> Start >> 2020-11-21 12:40:12.514094

os8b5fngc7z >> Image Returned >> 2020-11-21 12:40:12.516947

os8b5fngc7z >> End >> 2020-11-21 12:40:12.712660

okgqn2wd6ik >> Start >> 2020-11-21 12:41:43.007438

okgqn2wd6ik >> Image Returned >> 2020-11-21 12:41:43.010451

okgqn2wd6ik >> End >> 2020-11-21 12:41:43.271008

q36jbayvab0 >> Start >> 2020-11-21 12:41:55.463465

q36jbayvab0 >> Image Returned >> 2020-11-21 12:41:55.466394

q36jbayvab0 >> End >> 2020-11-21 12:41:55.651189

x3azncx2smj >> Start >> 2020-11-21 12:42:43.607219

x3azncx2smj >> Image Returned >> 2020-11-21 12:42:43.610111

x3azncx2smj >> End >> 2020-11-21 12:42:43.805625

sv6gyso04re >> Start >> 2020-11-21 12:43:01.239711

sv6gyso04re >> Image Returned >> 2020-11-21 12:43:01.242501

sv6gyso04re >> End >> 2020-11-21 12:43:01.371767

4iqwrunodma >> Start >> 2020-11-21 12:45:09.708024

4iqwrunodma >> Image Returned >> 2020-11-21 12:45:09.713504

4iqwrunodma >> End >> 2020-11-21 12:45:09.909375

skqkf4nma28 >> Start >> 2020-11-21 12:48:47.579144

skqkf4nma28 >> Image Returned >> 2020-11-21 12:48:47.582218

skqkf4nma28 >> End >> 2020-11-21 12:48:47.782249

qceic3kcnsc >> Start >> 2020-11-21 12:53:19.689806

qceic3kcnsc >> Image Returned >> 2020-11-21 12:53:19.693058

qceic3kcnsc >> End >> 2020-11-21 12:53:19.888108

krx4e8gb5g3 >> Start >> 2020-11-21 12:54:28.127806

krx4e8gb5g3 >> Image Returned >> 2020-11-21 12:54:28.130693

krx4e8gb5g3 >> End >> 2020-11-21 12:54:28.341803

woyartg4hba >> Start >> 2020-11-21 12:54:33.772535

woyartg4hba >> Image Returned >> 2020-11-21 12:54:33.773088

woyartg4hba >> End >> 2020-11-21 12:54:33.968250

moctt8m7te8 >> Start >> 2020-11-21 12:54:55.035115

moctt8m7te8 >> Image Returned >> 2020-11-21 12:54:55.037889

moctt8m7te8 >> End >> 2020-11-21 12:54:55.226469

5nqbbzog4n7 >> Start >> 2020-11-21 12:56:41.968415

5nqbbzog4n7 >> Image Returned >> 2020-11-21 12:56:41.971576

5nqbbzog4n7 >> End >> 2020-11-21 12:56:42.176808

i3vb5fycetk >> Start >> 2020-11-21 12:58:02.128985

i3vb5fycetk >> Image Returned >> 2020-11-21 12:58:02.131737

i3vb5fycetk >> End >> 2020-11-21 12:58:02.319931

oyhfk7mnyqu >> Start >> 2020-11-21 13:03:23.036093

oyhfk7mnyqu >> Image Returned >> 2020-11-21 13:03:23.039383

oyhfk7mnyqu >> End >> 2020-11-21 13:03:23.229496

f3sbzip6v3y >> Start >> 2020-11-21 13:04:57.563122

f3sbzip6v3y >> Image Returned >> 2020-11-21 13:04:57.567312

f3sbzip6v3y >> End >> 2020-11-21 13:04:57.784765

io6junyfe0e >> Start >> 2020-11-21 13:08:34.477823

io6junyfe0e >> Image Returned >> 2020-11-21 13:08:34.481057

io6junyfe0e >> End >> 2020-11-21 13:08:34.669626

k82q2r30zbz >> Start >> 2020-11-21 13:08:43.405755

k82q2r30zbz >> Image Returned >> 2020-11-21 13:08:43.406061

k82q2r30zbz >> End >> 2020-11-21 13:08:43.634202

sboxdpxtr20 >> Start >> 2020-11-21 13:14:28.039127

sboxdpxtr20 >> Image Returned >> 2020-11-21 13:14:28.042336

sboxdpxtr20 >> End >> 2020-11-21 13:14:28.238778

omfygfppn02 >> Start >> 2020-11-21 13:15:28.500718

omfygfppn02 >> Image Returned >> 2020-11-21 13:15:28.503851

omfygfppn02 >> End >> 2020-11-21 13:15:28.747376

ya4fxkqaidu >> Start >> 2020-11-21 13:16:48.519475

ya4fxkqaidu >> Image Returned >> 2020-11-21 13:16:48.522624

ya4fxkqaidu >> End >> 2020-11-21 13:16:48.716036

2r8secwdaf5 >> Start >> 2020-11-21 13:20:12.399215

2r8secwdaf5 >> Image Returned >> 2020-11-21 13:20:12.402021

2r8secwdaf5 >> End >> 2020-11-21 13:20:12.587960

odzdhsgf7gp >> Start >> 2020-11-21 13:20:49.339783

odzdhsgf7gp >> Image Returned >> 2020-11-21 13:20:49.342987

odzdhsgf7gp >> End >> 2020-11-21 13:20:49.524496

qh66mnqiauh >> Start >> 2020-11-21 13:23:27.382055

qh66mnqiauh >> Image Returned >> 2020-11-21 13:23:27.385761

qh66mnqiauh >> End >> 2020-11-21 13:23:27.578602

65ujtt7zmez >> Start >> 2020-11-21 13:23:44.297930

65ujtt7zmez >> Image Returned >> 2020-11-21 13:23:44.300740

65ujtt7zmez >> End >> 2020-11-21 13:23:44.503798

jif2xn602re >> Start >> 2020-11-21 13:24:25.822082

jif2xn602re >> Image Returned >> 2020-11-21 13:24:25.825247

jif2xn602re >> End >> 2020-11-21 13:24:26.034058

zpe3isxxfo8 >> Start >> 2020-11-21 13:26:24.929697

zpe3isxxfo8 >> Image Returned >> 2020-11-21 13:26:24.933250

zpe3isxxfo8 >> End >> 2020-11-21 13:26:25.133502

shb50qwqtib >> Start >> 2020-11-21 13:27:09.445964

shb50qwqtib >> Image Returned >> 2020-11-21 13:27:09.449029

shb50qwqtib >> End >> 2020-11-21 13:27:09.641339

febsir2a5gu >> Start >> 2020-11-21 13:27:41.523649

febsir2a5gu >> Image Returned >> 2020-11-21 13:27:41.526734

febsir2a5gu >> End >> 2020-11-21 13:27:41.890889

wocjbtgh4nj >> Start >> 2020-11-21 13:27:55.616411

wocjbtgh4nj >> Image Returned >> 2020-11-21 13:27:55.619263

wocjbtgh4nj >> End >> 2020-11-21 13:27:55.981942

fs3x4nbohir >> Start >> 2020-11-21 13:27:56.042855

fs3x4nbohir >> Image Returned >> 2020-11-21 13:27:56.043157

fs3x4nbohir >> End >> 2020-11-21 13:27:56.403325

o6thktyotb7 >> Start >> 2020-11-21 13:30:32.012739

o6thktyotb7 >> Image Returned >> 2020-11-21 13:30:32.016489

o6thktyotb7 >> End >> 2020-11-21 13:30:32.201730

6grjrrmvvf7 >> Start >> 2020-11-21 13:31:47.740197

6grjrrmvvf7 >> Image Returned >> 2020-11-21 13:31:47.743357

6grjrrmvvf7 >> End >> 2020-11-21 13:31:47.953983

i8jc40z2gt3 >> Start >> 2020-11-21 13:32:07.657947

i8jc40z2gt3 >> Image Returned >> 2020-11-21 13:32:07.660968

i8jc40z2gt3 >> End >> 2020-11-21 13:32:07.873264

i7ozwomdgnm >> Start >> 2020-11-21 13:32:14.495970

i7ozwomdgnm >> Image Returned >> 2020-11-21 13:32:14.496258

i7ozwomdgnm >> End >> 2020-11-21 13:32:14.707987

c4x7yoy2xxg >> Start >> 2020-11-21 13:32:43.096566

c4x7yoy2xxg >> Image Returned >> 2020-11-21 13:32:43.099602

c4x7yoy2xxg >> End >> 2020-11-21 13:32:43.309657

voeaznrz3hg >> Start >> 2020-11-21 13:38:55.235146

voeaznrz3hg >> Image Returned >> 2020-11-21 13:38:55.238511

voeaznrz3hg >> End >> 2020-11-21 13:38:55.440502

u22g485d0e7 >> Start >> 2020-11-21 13:39:19.708303

u22g485d0e7 >> Image Returned >> 2020-11-21 13:39:19.711447

u22g485d0e7 >> End >> 2020-11-21 13:39:19.915160

7fymom5to68 >> Start >> 2020-11-21 13:39:56.092495

7fymom5to68 >> Image Returned >> 2020-11-21 13:39:56.095391

7fymom5to68 >> End >> 2020-11-21 13:39:56.219959

trc5rpgm5ws >> Start >> 2020-11-21 13:45:49.467611

trc5rpgm5ws >> Image Returned >> 2020-11-21 13:45:49.470643

trc5rpgm5ws >> End >> 2020-11-21 13:45:49.662959

35ngihsxe5n >> Start >> 2020-11-21 13:49:15.031197

35ngihsxe5n >> Image Returned >> 2020-11-21 13:49:15.034365

35ngihsxe5n >> End >> 2020-11-21 13:49:15.270193

weaqctwaqhx >> Start >> 2020-11-21 13:52:47.440767

weaqctwaqhx >> Image Returned >> 2020-11-21 13:52:47.444480

weaqctwaqhx >> End >> 2020-11-21 13:52:47.633832

fvwexe6zrs7 >> Start >> 2020-11-21 13:54:15.182205

fvwexe6zrs7 >> Image Returned >> 2020-11-21 13:54:15.185651

fvwexe6zrs7 >> End >> 2020-11-21 13:54:15.381922

z3v4wu5a4w6 >> Start >> 2020-11-21 14:07:53.144066

z3v4wu5a4w6 >> Image Returned >> 2020-11-21 14:07:53.147042

z3v4wu5a4w6 >> End >> 2020-11-21 14:07:53.367577

84dcz0hrvdh >> Start >> 2020-11-21 14:09:16.395102

84dcz0hrvdh >> Image Returned >> 2020-11-21 14:09:16.398133

84dcz0hrvdh >> End >> 2020-11-21 14:09:16.618978

ygfxvwbpt0u >> Start >> 2020-11-21 14:10:50.068459

ygfxvwbpt0u >> Image Returned >> 2020-11-21 14:10:50.071904

ygfxvwbpt0u >> End >> 2020-11-21 14:10:50.260534

frbj0ei0fzc >> Start >> 2020-11-21 14:11:45.608386

frbj0ei0fzc >> Image Returned >> 2020-11-21 14:11:45.611552

frbj0ei0fzc >> End >> 2020-11-21 14:11:45.838838

y8vpimxvqcp >> Start >> 2020-11-21 14:11:55.921340

y8vpimxvqcp >> Image Returned >> 2020-11-21 14:11:55.921699

zz7dihunbzs >> Start >> 2020-11-21 14:11:56.010802

zz7dihunbzs >> Image Returned >> 2020-11-21 14:11:56.013660

y8vpimxvqcp >> End >> 2020-11-21 14:11:56.124573

zz7dihunbzs >> End >> 2020-11-21 14:11:56.217391

uhxwy8zxfdb >> Start >> 2020-11-21 14:12:43.837229

uhxwy8zxfdb >> Image Returned >> 2020-11-21 14:12:43.840358

uhxwy8zxfdb >> End >> 2020-11-21 14:12:43.967081

5byp5i2jazk >> Start >> 2020-11-21 14:12:59.209062

5byp5i2jazk >> Image Returned >> 2020-11-21 14:12:59.211918

5byp5i2jazk >> End >> 2020-11-21 14:12:59.407594

85krbqa8n6a >> Start >> 2020-11-21 14:18:39.342377

85krbqa8n6a >> Image Returned >> 2020-11-21 14:18:39.346060

85krbqa8n6a >> End >> 2020-11-21 14:18:39.544970

g0ti3uxf4g8 >> Start >> 2020-11-21 14:18:39.699706

g0ti3uxf4g8 >> Image Returned >> 2020-11-21 14:18:39.700016

g0ti3uxf4g8 >> End >> 2020-11-21 14:18:39.950144

or7fsnc2037 >> Start >> 2020-11-21 14:24:56.315354

or7fsnc2037 >> Image Returned >> 2020-11-21 14:24:56.318629

or7fsnc2037 >> End >> 2020-11-21 14:24:56.443928

gvxn6swndxw >> Start >> 2020-11-21 14:27:37.107387

gvxn6swndxw >> Image Returned >> 2020-11-21 14:27:37.110518

gvxn6swndxw >> End >> 2020-11-21 14:27:37.304672

tzwm4tn5xap >> Start >> 2020-11-21 14:32:53.085438

tzwm4tn5xap >> Image Returned >> 2020-11-21 14:32:53.090291

tzwm4tn5xap >> End >> 2020-11-21 14:32:53.334516

ti06aifbub8 >> Start >> 2020-11-21 14:33:28.432842

ti06aifbub8 >> Image Returned >> 2020-11-21 14:33:28.435960

ti06aifbub8 >> End >> 2020-11-21 14:33:28.624083

iazgzrmdoi7 >> Start >> 2020-11-21 14:37:12.242768

iazgzrmdoi7 >> Image Returned >> 2020-11-21 14:37:12.245714

iazgzrmdoi7 >> End >> 2020-11-21 14:37:12.435827

aiy63eoaddv >> Start >> 2020-11-21 14:37:41.538265

aiy63eoaddv >> Image Returned >> 2020-11-21 14:37:41.541265

aiy63eoaddv >> End >> 2020-11-21 14:37:41.730462

6uqndd5ypf5 >> Start >> 2020-11-21 14:39:12.437305

6uqndd5ypf5 >> Image Returned >> 2020-11-21 14:39:12.440247

6uqndd5ypf5 >> End >> 2020-11-21 14:39:12.624526

32o57r6sgdk >> Start >> 2020-11-21 14:42:09.976917

32o57r6sgdk >> Image Returned >> 2020-11-21 14:42:09.980094

32o57r6sgdk >> End >> 2020-11-21 14:42:10.108272

3o0v52z7cts >> Start >> 2020-11-21 14:43:15.017147

3o0v52z7cts >> Image Returned >> 2020-11-21 14:43:15.020471

3o0v52z7cts >> End >> 2020-11-21 14:43:15.207261

cvr0qhpwgd0 >> Start >> 2020-11-21 14:54:14.038813

cvr0qhpwgd0 >> Image Returned >> 2020-11-21 14:54:14.042570

cvr0qhpwgd0 >> End >> 2020-11-21 14:54:14.236865

pyq5wbuejzs >> Start >> 2020-11-21 14:54:15.558623

pyq5wbuejzs >> Image Returned >> 2020-11-21 14:54:15.558917

pyq5wbuejzs >> End >> 2020-11-21 14:54:15.789967

vwgtbhme74j >> Start >> 2020-11-21 14:54:18.696933

vwgtbhme74j >> Image Returned >> 2020-11-21 14:54:18.697361

vwgtbhme74j >> End >> 2020-11-21 14:54:18.913572

a7ud3ouqua6 >> Start >> 2020-11-21 14:54:32.651089

a7ud3ouqua6 >> Image Returned >> 2020-11-21 14:54:32.654305

a7ud3ouqua6 >> End >> 2020-11-21 14:54:32.844516

mbd4zg2tgm8 >> Start >> 2020-11-21 14:56:42.742626

mbd4zg2tgm8 >> Image Returned >> 2020-11-21 14:56:42.745982

mbd4zg2tgm8 >> End >> 2020-11-21 14:56:42.963546

awp44ag6vjw >> Start >> 2020-11-21 14:57:02.483891

awp44ag6vjw >> Image Returned >> 2020-11-21 14:57:02.487009

awp44ag6vjw >> End >> 2020-11-21 14:57:02.681966

dj4knzjx8d4 >> Start >> 2020-11-21 14:59:53.556317

dj4knzjx8d4 >> Image Returned >> 2020-11-21 14:59:53.559778

dj4knzjx8d4 >> End >> 2020-11-21 14:59:53.756570

q2drdipnmsk >> Start >> 2020-11-21 15:07:00.752949

q2drdipnmsk >> Image Returned >> 2020-11-21 15:07:00.757353

q2drdipnmsk >> End >> 2020-11-21 15:07:00.887835

wm7nezc7bww >> Start >> 2020-11-21 15:10:04.740638

wm7nezc7bww >> Image Returned >> 2020-11-21 15:10:04.743767

wm7nezc7bww >> End >> 2020-11-21 15:10:04.943705

wr75ypi2ybd >> Start >> 2020-11-21 15:12:30.919080

wr75ypi2ybd >> Image Returned >> 2020-11-21 15:12:30.922991

wr75ypi2ybd >> End >> 2020-11-21 15:12:31.122416

jd2nbt0owuc >> Start >> 2020-11-21 15:14:27.217616

jd2nbt0owuc >> Image Returned >> 2020-11-21 15:14:27.221712

jd2nbt0owuc >> End >> 2020-11-21 15:14:27.408179

826atkcywup >> Start >> 2020-11-21 15:15:08.219413

826atkcywup >> Image Returned >> 2020-11-21 15:15:08.222356

826atkcywup >> End >> 2020-11-21 15:15:08.411467

d8xbcfyaa3f >> Start >> 2020-11-21 15:16:00.925224

d8xbcfyaa3f >> Image Returned >> 2020-11-21 15:16:00.928464

d8xbcfyaa3f >> End >> 2020-11-21 15:16:01.129256

mhbxke7mzos >> Start >> 2020-11-21 15:21:33.154263

mhbxke7mzos >> Image Returned >> 2020-11-21 15:21:33.157582

mhbxke7mzos >> End >> 2020-11-21 15:21:33.344744

iaji0wih3m4 >> Start >> 2020-11-21 15:21:51.790482

iaji0wih3m4 >> Image Returned >> 2020-11-21 15:21:51.793930

iaji0wih3m4 >> End >> 2020-11-21 15:21:51.988334

6ozza6d5svc >> Start >> 2020-11-21 15:22:50.277409

6ozza6d5svc >> Image Returned >> 2020-11-21 15:22:50.280579

54ty3s8gndu >> Start >> 2020-11-21 15:22:50.298165

54ty3s8gndu >> Image Returned >> 2020-11-21 15:22:50.300800

6ozza6d5svc >> End >> 2020-11-21 15:22:50.472649

54ty3s8gndu >> End >> 2020-11-21 15:22:50.498011

n5yudons7no >> Start >> 2020-11-21 15:23:51.864070

n5yudons7no >> Image Returned >> 2020-11-21 15:23:51.867156

n5yudons7no >> End >> 2020-11-21 15:23:52.059668

zaesenp5k03 >> Start >> 2020-11-21 15:25:44.800317

zaesenp5k03 >> Image Returned >> 2020-11-21 15:25:44.804086

zaesenp5k03 >> End >> 2020-11-21 15:25:45.002759

gyy54sgqgyt >> Start >> 2020-11-21 15:29:42.671797

gyy54sgqgyt >> Image Returned >> 2020-11-21 15:29:42.675076

gyy54sgqgyt >> End >> 2020-11-21 15:29:42.869441

wqic4ze8txe >> Start >> 2020-11-21 15:30:27.320281

wqic4ze8txe >> Image Returned >> 2020-11-21 15:30:27.323540

wqic4ze8txe >> End >> 2020-11-21 15:30:27.524899

bqro24rq3jd >> Start >> 2020-11-21 15:34:05.508222

bqro24rq3jd >> Image Returned >> 2020-11-21 15:34:05.511305

bqro24rq3jd >> End >> 2020-11-21 15:34:05.707545

5eaqsky7y4t >> Start >> 2020-11-21 15:34:47.905921

5eaqsky7y4t >> Image Returned >> 2020-11-21 15:34:47.909061

5eaqsky7y4t >> End >> 2020-11-21 15:34:48.092525

dkkjzmdnkvg >> Start >> 2020-11-21 15:36:31.736757

dkkjzmdnkvg >> Image Returned >> 2020-11-21 15:36:31.739697

dkkjzmdnkvg >> End >> 2020-11-21 15:36:31.926215

0q0osfpuwfn >> Start >> 2020-11-21 15:38:39.422842

0q0osfpuwfn >> Image Returned >> 2020-11-21 15:38:39.426309

0q0osfpuwfn >> End >> 2020-11-21 15:38:39.619262

p05bqpagmt8 >> Start >> 2020-11-21 15:40:04.804630

p05bqpagmt8 >> Image Returned >> 2020-11-21 15:40:04.807923

p05bqpagmt8 >> End >> 2020-11-21 15:40:04.998436

3dkqwju3tha >> Start >> 2020-11-21 15:41:23.840667

3dkqwju3tha >> Image Returned >> 2020-11-21 15:41:23.843807

3dkqwju3tha >> End >> 2020-11-21 15:41:24.036761

oitexf5kas7 >> Start >> 2020-11-21 15:44:32.884957

oitexf5kas7 >> Image Returned >> 2020-11-21 15:44:32.888772

oitexf5kas7 >> End >> 2020-11-21 15:44:33.080693

6ug5twjzvei >> Start >> 2020-11-21 15:52:28.595741

6ug5twjzvei >> Image Returned >> 2020-11-21 15:52:28.599219

6ug5twjzvei >> End >> 2020-11-21 15:52:28.791076

us8rumbk3bo >> Start >> 2020-11-21 15:55:04.350992

us8rumbk3bo >> Image Returned >> 2020-11-21 15:55:04.355504

us8rumbk3bo >> End >> 2020-11-21 15:55:04.559439

knhff26nvii >> Start >> 2020-11-21 15:58:44.587544

knhff26nvii >> Image Returned >> 2020-11-21 15:58:44.590694

knhff26nvii >> End >> 2020-11-21 15:58:44.786400

80eosnh37w7 >> Start >> 2020-11-21 15:59:58.696444

80eosnh37w7 >> Image Returned >> 2020-11-21 15:59:58.699723

80eosnh37w7 >> End >> 2020-11-21 15:59:58.896955

gp8eayfkb4e >> Start >> 2020-11-21 16:01:02.046226

gp8eayfkb4e >> Image Returned >> 2020-11-21 16:01:02.049546

gp8eayfkb4e >> End >> 2020-11-21 16:01:02.381525

2yq8q67c4ax >> Start >> 2020-11-21 16:22:16.806444

2yq8q67c4ax >> Image Returned >> 2020-11-21 16:22:16.810184

2yq8q67c4ax >> End >> 2020-11-21 16:22:17.001457

oosgj7tew8p >> Start >> 2020-11-21 16:27:26.800371

oosgj7tew8p >> Image Returned >> 2020-11-21 16:27:26.804569

oosgj7tew8p >> End >> 2020-11-21 16:27:26.997092

xziyoxexi43 >> Start >> 2020-11-21 16:27:55.910489

xziyoxexi43 >> Image Returned >> 2020-11-21 16:27:55.913439

xziyoxexi43 >> End >> 2020-11-21 16:27:56.110063

4rf3mazke0v >> Start >> 2020-11-21 16:28:14.927179

4rf3mazke0v >> Image Returned >> 2020-11-21 16:28:14.930108

4rf3mazke0v >> End >> 2020-11-21 16:28:15.127662

wqsxamdt85r >> Start >> 2020-11-21 16:29:27.705641

wqsxamdt85r >> Image Returned >> 2020-11-21 16:29:27.708848

wqsxamdt85r >> End >> 2020-11-21 16:29:27.909018

3td0a2yhspk >> Start >> 2020-11-21 16:29:54.789253

3td0a2yhspk >> Image Returned >> 2020-11-21 16:29:54.792479

3td0a2yhspk >> End >> 2020-11-21 16:29:54.982415

54uh5jdg8uf >> Start >> 2020-11-21 16:30:12.889312

54uh5jdg8uf >> Image Returned >> 2020-11-21 16:30:12.892333

54uh5jdg8uf >> End >> 2020-11-21 16:30:13.091545

n6d2vwzyymw >> Start >> 2020-11-21 16:30:22.780798

n6d2vwzyymw >> Image Returned >> 2020-11-21 16:30:22.781166

n6d2vwzyymw >> End >> 2020-11-21 16:30:22.995050

k7ykebj4nh6 >> Start >> 2020-11-21 16:30:25.937102

k7ykebj4nh6 >> Image Returned >> 2020-11-21 16:30:25.937391

k7ykebj4nh6 >> End >> 2020-11-21 16:30:26.138356

qq5jv2t2cr4 >> Start >> 2020-11-21 16:33:22.722645

qq5jv2t2cr4 >> Image Returned >> 2020-11-21 16:33:22.726135

qq5jv2t2cr4 >> End >> 2020-11-21 16:33:22.914661

qjzwexccgsb >> Start >> 2020-11-21 16:36:08.345355

qjzwexccgsb >> Image Returned >> 2020-11-21 16:36:08.348381

qjzwexccgsb >> End >> 2020-11-21 16:36:08.544650

rjt3yve6zev >> Start >> 2020-11-21 16:46:50.093365

rjt3yve6zev >> Image Returned >> 2020-11-21 16:46:50.096611

rjt3yve6zev >> End >> 2020-11-21 16:46:50.289562

og00noa4s3f >> Start >> 2020-11-21 16:47:51.242396

og00noa4s3f >> Image Returned >> 2020-11-21 16:47:51.245585

og00noa4s3f >> End >> 2020-11-21 16:47:51.439649

g8yin2utrqf >> Start >> 2020-11-21 16:49:03.799315

g8yin2utrqf >> Image Returned >> 2020-11-21 16:49:03.802349

g8yin2utrqf >> End >> 2020-11-21 16:49:04.026485

a35f3ap7bsf >> Start >> 2020-11-21 16:49:41.651848

a35f3ap7bsf >> Image Returned >> 2020-11-21 16:49:41.655493

a35f3ap7bsf >> End >> 2020-11-21 16:49:41.857861

085tg4rezsj >> Start >> 2020-11-21 16:50:04.298739

085tg4rezsj >> Image Returned >> 2020-11-21 16:50:04.301892

085tg4rezsj >> End >> 2020-11-21 16:50:04.491904

ad2eswku5df >> Start >> 2020-11-21 16:52:14.935394

ad2eswku5df >> Image Returned >> 2020-11-21 16:52:14.939116

ad2eswku5df >> End >> 2020-11-21 16:52:15.140723

sfq6xkjvnzq >> Start >> 2020-11-21 16:54:58.061110

sfq6xkjvnzq >> Image Returned >> 2020-11-21 16:54:58.064133

sfq6xkjvnzq >> End >> 2020-11-21 16:54:58.250320

2ik0j6tz44j >> Start >> 2020-11-21 16:56:55.608042

2ik0j6tz44j >> Image Returned >> 2020-11-21 16:56:55.611371

2ik0j6tz44j >> End >> 2020-11-21 16:56:55.799894

rud7excqxpz >> Start >> 2020-11-21 16:57:55.229711

rud7excqxpz >> Image Returned >> 2020-11-21 16:57:55.233242

rud7excqxpz >> End >> 2020-11-21 16:57:55.425090

4e54sz0aspx >> Start >> 2020-11-21 16:58:51.768513

4e54sz0aspx >> Image Returned >> 2020-11-21 16:58:51.771763

4e54sz0aspx >> End >> 2020-11-21 16:58:52.056638

mipyd8zux3n >> Start >> 2020-11-21 17:01:20.052169

mipyd8zux3n >> Image Returned >> 2020-11-21 17:01:20.055392

mipyd8zux3n >> End >> 2020-11-21 17:01:20.244378

xeab0s4bd2n >> Start >> 2020-11-21 17:02:18.127171

xeab0s4bd2n >> Image Returned >> 2020-11-21 17:02:18.130565

xeab0s4bd2n >> End >> 2020-11-21 17:02:18.355262

zc72m3xxmb2 >> Start >> 2020-11-21 17:03:11.643563

zc72m3xxmb2 >> Image Returned >> 2020-11-21 17:03:11.646833

zc72m3xxmb2 >> End >> 2020-11-21 17:03:11.865783

535hc8uimca >> Start >> 2020-11-21 17:04:22.743025

535hc8uimca >> Image Returned >> 2020-11-21 17:04:22.747227

535hc8uimca >> End >> 2020-11-21 17:04:22.943483

w8432aqv4n5 >> Start >> 2020-11-21 17:05:09.552767

w8432aqv4n5 >> Image Returned >> 2020-11-21 17:05:09.556152

w8432aqv4n5 >> End >> 2020-11-21 17:05:09.767210

etmdbqnuego >> Start >> 2020-11-21 17:06:32.299329

etmdbqnuego >> Image Returned >> 2020-11-21 17:06:32.303143

etmdbqnuego >> End >> 2020-11-21 17:06:32.498990

7pg2kht4gts >> Start >> 2020-11-21 17:10:12.733665

7pg2kht4gts >> Image Returned >> 2020-11-21 17:10:12.736635

7pg2kht4gts >> End >> 2020-11-21 17:10:12.992278

h7vxxzbc04o >> Start >> 2020-11-21 17:10:36.779346

h7vxxzbc04o >> Image Returned >> 2020-11-21 17:10:36.782630

h7vxxzbc04o >> End >> 2020-11-21 17:10:37.009294

fbs2txbfzca >> Start >> 2020-11-21 17:13:25.176862

fbs2txbfzca >> Image Returned >> 2020-11-21 17:13:25.180088

fbs2txbfzca >> End >> 2020-11-21 17:13:25.368993

u7wejffgj2n >> Start >> 2020-11-21 17:14:29.599586

u7wejffgj2n >> Image Returned >> 2020-11-21 17:14:29.603349

u7wejffgj2n >> End >> 2020-11-21 17:14:29.790942

hzqyak4q8j7 >> Start >> 2020-11-21 17:14:51.233530

hzqyak4q8j7 >> Image Returned >> 2020-11-21 17:14:51.236531

hzqyak4q8j7 >> End >> 2020-11-21 17:14:51.431643

3w3wqy6mccb >> Start >> 2020-11-21 17:20:24.708609

3w3wqy6mccb >> Image Returned >> 2020-11-21 17:20:24.712201

3w3wqy6mccb >> End >> 2020-11-21 17:20:24.944386

frbj0ei0fzc >> Start >> 2020-11-21 17:21:33.608403

frbj0ei0fzc >> Image Returned >> 2020-11-21 17:21:33.611726

frbj0ei0fzc >> End >> 2020-11-21 17:21:33.801820

poo7u5625fc >> Start >> 2020-11-21 17:22:15.732840

poo7u5625fc >> Image Returned >> 2020-11-21 17:22:15.735843

poo7u5625fc >> End >> 2020-11-21 17:22:15.926767

e2ure70zw0i >> Start >> 2020-11-21 17:23:13.086487

e2ure70zw0i >> Image Returned >> 2020-11-21 17:23:13.091474

e2ure70zw0i >> End >> 2020-11-21 17:23:13.293919

pazgkn4eo2b >> Start >> 2020-11-21 17:28:49.068181

pazgkn4eo2b >> Image Returned >> 2020-11-21 17:28:49.071229

pazgkn4eo2b >> End >> 2020-11-21 17:28:49.292128

noq2803pads >> Start >> 2020-11-21 17:29:29.984675

noq2803pads >> Image Returned >> 2020-11-21 17:29:29.988425

noq2803pads >> End >> 2020-11-21 17:29:30.199135

t5gk83o8v8y >> Start >> 2020-11-21 17:29:34.814956

t5gk83o8v8y >> Image Returned >> 2020-11-21 17:29:34.815294

t5gk83o8v8y >> End >> 2020-11-21 17:29:35.016485

8tstf2tnjgv >> Start >> 2020-11-21 17:29:58.841517

8tstf2tnjgv >> Image Returned >> 2020-11-21 17:29:58.844584

8tstf2tnjgv >> End >> 2020-11-21 17:29:59.060094

okkrsswbctw >> Start >> 2020-11-21 17:30:19.230561

okkrsswbctw >> Image Returned >> 2020-11-21 17:30:19.233567

okkrsswbctw >> End >> 2020-11-21 17:30:19.433213

nz4877mejxs >> Start >> 2020-11-21 17:30:51.457627

nz4877mejxs >> Image Returned >> 2020-11-21 17:30:51.460763

nz4877mejxs >> End >> 2020-11-21 17:30:51.660366

026zognp7xp >> Start >> 2020-11-21 17:35:21.734416

026zognp7xp >> Image Returned >> 2020-11-21 17:35:21.737763

026zognp7xp >> End >> 2020-11-21 17:35:21.933435

3wk8gjyeupf >> Start >> 2020-11-21 17:35:24.815731

3wk8gjyeupf >> Image Returned >> 2020-11-21 17:35:24.816077

3wk8gjyeupf >> End >> 2020-11-21 17:35:25.008455

rs240tx6f6t >> Start >> 2020-11-21 17:37:31.695758

rs240tx6f6t >> Image Returned >> 2020-11-21 17:37:31.699172

rs240tx6f6t >> End >> 2020-11-21 17:37:31.889473

w5yr7ji5w6e >> Start >> 2020-11-21 17:37:34.413557

w5yr7ji5w6e >> Image Returned >> 2020-11-21 17:37:34.413849

w5yr7ji5w6e >> End >> 2020-11-21 17:37:34.613353

78fp5wmhgs3 >> Start >> 2020-11-21 17:38:08.179107

78fp5wmhgs3 >> Image Returned >> 2020-11-21 17:38:08.182070

78fp5wmhgs3 >> End >> 2020-11-21 17:38:08.377866

jiikdejbk5j >> Start >> 2020-11-21 17:39:41.127300

jiikdejbk5j >> Image Returned >> 2020-11-21 17:39:41.130642

jiikdejbk5j >> End >> 2020-11-21 17:39:41.334057

a6havjphxq3 >> Start >> 2020-11-21 17:44:19.372328

a6havjphxq3 >> Image Returned >> 2020-11-21 17:44:19.375402

a6havjphxq3 >> End >> 2020-11-21 17:44:19.501482

fhznhv87q50 >> Start >> 2020-11-21 17:54:27.800744

fhznhv87q50 >> Image Returned >> 2020-11-21 17:54:27.804641

fhznhv87q50 >> End >> 2020-11-21 17:54:28.020956

igr48ueg20o >> Start >> 2020-11-21 17:54:32.506537

igr48ueg20o >> Image Returned >> 2020-11-21 17:54:32.506815

igr48ueg20o >> End >> 2020-11-21 17:54:32.695554

0yin4x4ot2p >> Start >> 2020-11-21 17:54:42.585365

0yin4x4ot2p >> Image Returned >> 2020-11-21 17:54:42.585648

0yin4x4ot2p >> End >> 2020-11-21 17:54:42.803690

t7xi633d4pq >> Start >> 2020-11-21 17:57:18.166042

t7xi633d4pq >> Image Returned >> 2020-11-21 17:57:18.169567

t7xi633d4pq >> End >> 2020-11-21 17:57:18.361805

603ydv8uzh2 >> Start >> 2020-11-21 18:05:08.109678

603ydv8uzh2 >> Image Returned >> 2020-11-21 18:05:08.114028

603ydv8uzh2 >> End >> 2020-11-21 18:05:08.351975

x4akg0vtqjz >> Start >> 2020-11-21 18:05:09.882527

x4akg0vtqjz >> Image Returned >> 2020-11-21 18:05:09.882859

x4akg0vtqjz >> End >> 2020-11-21 18:05:10.073513

jstvbcu4iih >> Start >> 2020-11-21 18:18:29.125441

jstvbcu4iih >> Image Returned >> 2020-11-21 18:18:29.129714

jstvbcu4iih >> End >> 2020-11-21 18:18:29.323137

krjrrwwy0qj >> Start >> 2020-11-21 18:22:49.176326

krjrrwwy0qj >> Image Returned >> 2020-11-21 18:22:49.181021

krjrrwwy0qj >> End >> 2020-11-21 18:22:49.381699

jopnrnkm0n0 >> Start >> 2020-11-21 18:24:15.749707

jopnrnkm0n0 >> Image Returned >> 2020-11-21 18:24:15.752756

jopnrnkm0n0 >> End >> 2020-11-21 18:24:15.951390

f4ppfocndng >> Start >> 2020-11-21 18:26:44.912199

f4ppfocndng >> Image Returned >> 2020-11-21 18:26:44.915582

f4ppfocndng >> End >> 2020-11-21 18:26:45.045639

83iss2ept7r >> Start >> 2020-11-21 18:26:46.575563

83iss2ept7r >> Image Returned >> 2020-11-21 18:26:46.575859

83iss2ept7r >> End >> 2020-11-21 18:26:46.700745

7af4eywn4y4 >> Start >> 2020-11-21 18:29:10.590851

7af4eywn4y4 >> Image Returned >> 2020-11-21 18:29:10.593987

7af4eywn4y4 >> End >> 2020-11-21 18:29:10.721043

83jdvoawye5 >> Start >> 2020-11-21 18:36:31.747733

83jdvoawye5 >> Image Returned >> 2020-11-21 18:36:31.751451

83jdvoawye5 >> End >> 2020-11-21 18:36:31.969393

gs3o5bvysb2 >> Start >> 2020-11-21 18:39:04.629293

gs3o5bvysb2 >> Image Returned >> 2020-11-21 18:39:04.632453

gs3o5bvysb2 >> End >> 2020-11-21 18:39:04.832966

2enqt6bvn45 >> Start >> 2020-11-21 18:42:33.321971

2enqt6bvn45 >> Image Returned >> 2020-11-21 18:42:33.325417

2enqt6bvn45 >> End >> 2020-11-21 18:42:33.526228

2mnv0b5nn0d >> Start >> 2020-11-21 18:51:34.571676

2mnv0b5nn0d >> Image Returned >> 2020-11-21 18:51:34.576132

2mnv0b5nn0d >> End >> 2020-11-21 18:51:34.787633

w48gzonc3ne >> Start >> 2020-11-21 18:52:53.116041

w48gzonc3ne >> Image Returned >> 2020-11-21 18:52:53.119123

w48gzonc3ne >> End >> 2020-11-21 18:52:53.304685

6ty3khahy3d >> Start >> 2020-11-21 19:02:31.226748

6ty3khahy3d >> Image Returned >> 2020-11-21 19:02:31.232075

6ty3khahy3d >> End >> 2020-11-21 19:02:31.442230

wckmmzww8r6 >> Start >> 2020-11-21 19:04:32.146578

wckmmzww8r6 >> Image Returned >> 2020-11-21 19:04:32.151760

wckmmzww8r6 >> End >> 2020-11-21 19:04:32.344527

y4yrt6t6xqk >> Start >> 2020-11-21 19:05:42.234812

y4yrt6t6xqk >> Image Returned >> 2020-11-21 19:05:42.238794

y4yrt6t6xqk >> End >> 2020-11-21 19:05:42.423383

mwtdo08qk5k >> Start >> 2020-11-21 19:12:18.805685

mwtdo08qk5k >> Image Returned >> 2020-11-21 19:12:18.809204

mwtdo08qk5k >> End >> 2020-11-21 19:12:18.999977

dieeu64aaf3 >> Start >> 2020-11-21 19:14:32.371501

dieeu64aaf3 >> Image Returned >> 2020-11-21 19:14:32.375163

dieeu64aaf3 >> End >> 2020-11-21 19:14:32.572602

c0vr6xsfegy >> Start >> 2020-11-21 19:15:16.716531

c0vr6xsfegy >> Image Returned >> 2020-11-21 19:15:16.719999

c0vr6xsfegy >> End >> 2020-11-21 19:15:16.847491

3ho4qf7nwwz >> Start >> 2020-11-21 19:23:12.140064

3ho4qf7nwwz >> Image Returned >> 2020-11-21 19:23:12.143218

3ho4qf7nwwz >> End >> 2020-11-21 19:23:12.346563

a4an0z3ijie >> Start >> 2020-11-21 19:25:30.782869

a4an0z3ijie >> Image Returned >> 2020-11-21 19:25:30.786706

a4an0z3ijie >> End >> 2020-11-21 19:25:30.979242

77whcv85zbu >> Start >> 2020-11-21 19:31:16.890656

77whcv85zbu >> Image Returned >> 2020-11-21 19:31:16.894229

77whcv85zbu >> End >> 2020-11-21 19:31:17.092592

qeotc2mmd43 >> Start >> 2020-11-21 19:32:35.232675

qeotc2mmd43 >> Image Returned >> 2020-11-21 19:32:35.236679

qeotc2mmd43 >> End >> 2020-11-21 19:32:35.480093

84axideabfa >> Start >> 2020-11-21 19:33:07.727118

84axideabfa >> Image Returned >> 2020-11-21 19:33:07.730217

84axideabfa >> End >> 2020-11-21 19:33:07.928889

8t85t46dvcg >> Start >> 2020-11-21 19:55:07.625087

8t85t46dvcg >> Image Returned >> 2020-11-21 19:55:07.629810

8t85t46dvcg >> End >> 2020-11-21 19:55:07.831372

kqi750bibnw >> Start >> 2020-11-21 19:57:24.698965

kqi750bibnw >> Image Returned >> 2020-11-21 19:57:24.703726

kqi750bibnw >> End >> 2020-11-21 19:57:24.900146

qv8q5uh8qen >> Start >> 2020-11-21 19:58:19.420077

qv8q5uh8qen >> Image Returned >> 2020-11-21 19:58:19.423386

qv8q5uh8qen >> End >> 2020-11-21 19:58:19.619788

54fha2dzkis >> Start >> 2020-11-21 19:58:26.369335

54fha2dzkis >> Image Returned >> 2020-11-21 19:58:26.369621

54fha2dzkis >> End >> 2020-11-21 19:58:26.553488

w70ne6jiq5j >> Start >> 2020-11-21 19:59:49.991921

w70ne6jiq5j >> Image Returned >> 2020-11-21 19:59:49.995394

w70ne6jiq5j >> End >> 2020-11-21 19:59:50.189275

fbvhayc8qb8 >> Start >> 2020-11-21 20:03:25.449198

fbvhayc8qb8 >> Image Returned >> 2020-11-21 20:03:25.452251

fbvhayc8qb8 >> End >> 2020-11-21 20:03:25.592475

5rxcj8ykeur >> Start >> 2020-11-21 20:06:10.869117

5rxcj8ykeur >> Image Returned >> 2020-11-21 20:06:10.872252

5rxcj8ykeur >> End >> 2020-11-21 20:06:11.077924

7g3md7pzqdx >> Start >> 2020-11-21 20:08:24.567223

7g3md7pzqdx >> Image Returned >> 2020-11-21 20:08:24.570595

7g3md7pzqdx >> End >> 2020-11-21 20:08:24.765969

5bw0qeoahrd >> Start >> 2020-11-21 20:08:24.774214

5bw0qeoahrd >> Image Returned >> 2020-11-21 20:08:24.774452

5bw0qeoahrd >> End >> 2020-11-21 20:08:24.976387

jxv7tue4eah >> Start >> 2020-11-21 20:09:07.600943

jxv7tue4eah >> Image Returned >> 2020-11-21 20:09:07.604052

jxv7tue4eah >> End >> 2020-11-21 20:09:07.805397

7jvwchp30t6 >> Start >> 2020-11-21 20:17:28.483242

7jvwchp30t6 >> Image Returned >> 2020-11-21 20:17:28.486951

7jvwchp30t6 >> End >> 2020-11-21 20:17:28.683208

cm0nf4hp08w >> Start >> 2020-11-21 20:18:31.758399

cm0nf4hp08w >> Image Returned >> 2020-11-21 20:18:31.761764

cm0nf4hp08w >> End >> 2020-11-21 20:18:31.964660

t6hyo7wickt >> Start >> 2020-11-21 20:18:42.925390

t6hyo7wickt >> Image Returned >> 2020-11-21 20:18:42.928560

t6hyo7wickt >> End >> 2020-11-21 20:18:43.123980

3obxdgk654v >> Start >> 2020-11-21 20:19:16.004741

3obxdgk654v >> Image Returned >> 2020-11-21 20:19:16.007896

3obxdgk654v >> End >> 2020-11-21 20:19:16.205887

j2yy0eycjtu >> Start >> 2020-11-21 20:21:09.348789

j2yy0eycjtu >> Image Returned >> 2020-11-21 20:21:09.351972

j2yy0eycjtu >> End >> 2020-11-21 20:21:09.552716

jbhvzatf7d7 >> Start >> 2020-11-21 20:26:07.921519

jbhvzatf7d7 >> Image Returned >> 2020-11-21 20:26:07.925046

jbhvzatf7d7 >> End >> 2020-11-21 20:26:08.117450

5vurdhzddsp >> Start >> 2020-11-21 20:27:37.238765

5vurdhzddsp >> Image Returned >> 2020-11-21 20:27:37.242840

5vurdhzddsp >> End >> 2020-11-21 20:27:37.437156

qfctvutamih >> Start >> 2020-11-21 20:33:04.957278

qfctvutamih >> Image Returned >> 2020-11-21 20:33:04.960381

qfctvutamih >> End >> 2020-11-21 20:33:05.170461

0dfci2qyhbg >> Start >> 2020-11-21 20:35:14.307638

0dfci2qyhbg >> Image Returned >> 2020-11-21 20:35:14.310939

0dfci2qyhbg >> End >> 2020-11-21 20:35:14.504224

rae7ms0606n >> Start >> 2020-11-21 20:36:00.924611

rae7ms0606n >> Image Returned >> 2020-11-21 20:36:00.927967

rae7ms0606n >> End >> 2020-11-21 20:36:01.117022

m2gtqszoz02 >> Start >> 2020-11-21 20:39:39.166975

m2gtqszoz02 >> Image Returned >> 2020-11-21 20:39:39.170063

m2gtqszoz02 >> End >> 2020-11-21 20:39:39.381164

qrhgfc3bpwc >> Start >> 2020-11-21 20:42:19.534692

qrhgfc3bpwc >> Image Returned >> 2020-11-21 20:42:19.538494

qrhgfc3bpwc >> End >> 2020-11-21 20:42:19.809403

ytntevxi8b4 >> Start >> 2020-11-21 20:43:31.872241

ytntevxi8b4 >> Image Returned >> 2020-11-21 20:43:31.875802

ytntevxi8b4 >> End >> 2020-11-21 20:43:32.070348

k2qwbao0otu >> Start >> 2020-11-21 20:44:00.496604

k2qwbao0otu >> Image Returned >> 2020-11-21 20:44:00.499804

k2qwbao0otu >> End >> 2020-11-21 20:44:00.702560

eypu2hek7a8 >> Start >> 2020-11-21 20:45:58.619463

eypu2hek7a8 >> Image Returned >> 2020-11-21 20:45:58.623054

eypu2hek7a8 >> End >> 2020-11-21 20:45:58.824985

8d4xs0inrt4 >> Start >> 2020-11-21 20:48:34.799511

8d4xs0inrt4 >> Image Returned >> 2020-11-21 20:48:34.803236

8d4xs0inrt4 >> End >> 2020-11-21 20:48:35.003309

kpwkemufnh0 >> Start >> 2020-11-21 20:48:47.597039

kpwkemufnh0 >> Image Returned >> 2020-11-21 20:48:47.600163

kpwkemufnh0 >> End >> 2020-11-21 20:48:47.799582

8jubev26q8q >> Start >> 2020-11-21 20:53:26.705009

8jubev26q8q >> Image Returned >> 2020-11-21 20:53:26.708620

8jubev26q8q >> End >> 2020-11-21 20:53:26.897958

d3yxcons4b3 >> Start >> 2020-11-21 20:56:16.726736

d3yxcons4b3 >> Image Returned >> 2020-11-21 20:56:16.730525

d3yxcons4b3 >> End >> 2020-11-21 20:56:16.866115

djpf7yadhdk >> Start >> 2020-11-21 21:02:05.708115

djpf7yadhdk >> Image Returned >> 2020-11-21 21:02:05.711582

djpf7yadhdk >> End >> 2020-11-21 21:02:05.908710

o5t7fn2mu6s >> Start >> 2020-11-21 21:02:18.397226

o5t7fn2mu6s >> Image Returned >> 2020-11-21 21:02:18.400403

o5t7fn2mu6s >> End >> 2020-11-21 21:02:18.895287

6esmi6ajm5z >> Start >> 2020-11-21 21:05:56.298922

6esmi6ajm5z >> Image Returned >> 2020-11-21 21:05:56.303037

6esmi6ajm5z >> End >> 2020-11-21 21:05:56.489867

0yipqa22y07 >> Start >> 2020-11-21 21:06:24.497747

0yipqa22y07 >> Image Returned >> 2020-11-21 21:06:24.500854

0yipqa22y07 >> End >> 2020-11-21 21:06:24.690048

hm02j77by73 >> Start >> 2020-11-21 21:06:55.031764

hm02j77by73 >> Image Returned >> 2020-11-21 21:06:55.035222

hm02j77by73 >> End >> 2020-11-21 21:06:55.225569

3u36a0d43ob >> Start >> 2020-11-21 21:07:25.968375

3u36a0d43ob >> Image Returned >> 2020-11-21 21:07:25.971481

3u36a0d43ob >> End >> 2020-11-21 21:07:26.175961

z6730t0h4c4 >> Start >> 2020-11-21 21:08:09.044728

z6730t0h4c4 >> Image Returned >> 2020-11-21 21:08:09.048177

z6730t0h4c4 >> End >> 2020-11-21 21:08:09.262440

t5jqmmm84us >> Start >> 2020-11-21 21:12:13.970864

t5jqmmm84us >> Image Returned >> 2020-11-21 21:12:13.974412

t5jqmmm84us >> End >> 2020-11-21 21:12:14.170392

y3g0mpqmqfm >> Start >> 2020-11-21 21:15:18.501460

y3g0mpqmqfm >> Image Returned >> 2020-11-21 21:15:18.505156

y3g0mpqmqfm >> End >> 2020-11-21 21:15:18.707360

o3irpm7q4jt >> Start >> 2020-11-21 21:16:00.419596

o3irpm7q4jt >> Image Returned >> 2020-11-21 21:16:00.422693

o3irpm7q4jt >> End >> 2020-11-21 21:16:00.620759

j8ae0t2x0xb >> Start >> 2020-11-21 21:17:01.806773

j8ae0t2x0xb >> Image Returned >> 2020-11-21 21:17:01.809925

j8ae0t2x0xb >> End >> 2020-11-21 21:17:02.054371

5dp2uvhn6w3 >> Start >> 2020-11-21 21:17:33.823339

5dp2uvhn6w3 >> Image Returned >> 2020-11-21 21:17:33.826735

5dp2uvhn6w3 >> End >> 2020-11-21 21:17:34.020234

pfevzx6tqpw >> Start >> 2020-11-21 21:20:47.965142

pfevzx6tqpw >> Image Returned >> 2020-11-21 21:20:47.968825

pfevzx6tqpw >> End >> 2020-11-21 21:20:48.183965

gcthrtyiaw5 >> Start >> 2020-11-21 21:21:21.329345

gcthrtyiaw5 >> Image Returned >> 2020-11-21 21:21:21.332504

gcthrtyiaw5 >> End >> 2020-11-21 21:21:21.459459

dfreua4gez4 >> Start >> 2020-11-21 21:24:38.507765

dfreua4gez4 >> Image Returned >> 2020-11-21 21:24:38.511403

dfreua4gez4 >> End >> 2020-11-21 21:24:38.702373

63shvz8o2mu >> Start >> 2020-11-21 21:24:39.121623

63shvz8o2mu >> Image Returned >> 2020-11-21 21:24:39.121927

63shvz8o2mu >> End >> 2020-11-21 21:24:39.306354

z480af0u0yc >> Start >> 2020-11-21 21:24:40.761075

z480af0u0yc >> Image Returned >> 2020-11-21 21:24:40.761373

z480af0u0yc >> End >> 2020-11-21 21:24:40.956908

sjvcdpqn8a8 >> Start >> 2020-11-21 21:29:32.616945

sjvcdpqn8a8 >> Image Returned >> 2020-11-21 21:29:32.620420

sjvcdpqn8a8 >> End >> 2020-11-21 21:29:32.819149

bsd2gtcmb4q >> Start >> 2020-11-21 21:32:52.147429

bsd2gtcmb4q >> Image Returned >> 2020-11-21 21:32:52.151015

bsd2gtcmb4q >> End >> 2020-11-21 21:32:52.343491

5adpjyjns53 >> Start >> 2020-11-21 21:33:08.476281

5adpjyjns53 >> Image Returned >> 2020-11-21 21:33:08.480775

5adpjyjns53 >> End >> 2020-11-21 21:33:08.668239

pf3igpbv8gh >> Start >> 2020-11-21 21:41:13.110079

pf3igpbv8gh >> Image Returned >> 2020-11-21 21:41:13.113493

pf3igpbv8gh >> End >> 2020-11-21 21:41:13.329088

0d8un3sb8hq >> Start >> 2020-11-21 21:42:45.775751

0d8un3sb8hq >> Image Returned >> 2020-11-21 21:42:45.779746

0d8un3sb8hq >> End >> 2020-11-21 21:42:45.905405

rtoczwjswmm >> Start >> 2020-11-21 21:47:25.272425

rtoczwjswmm >> Image Returned >> 2020-11-21 21:47:25.276397

rtoczwjswmm >> End >> 2020-11-21 21:47:25.466662

vu0c08qh3mu >> Start >> 2020-11-21 21:48:16.229933

vu0c08qh3mu >> Image Returned >> 2020-11-21 21:48:16.233074

vu0c08qh3mu >> End >> 2020-11-21 21:48:16.443175

38yeu8ddtk6 >> Start >> 2020-11-21 21:48:50.608625

38yeu8ddtk6 >> Image Returned >> 2020-11-21 21:48:50.611704

38yeu8ddtk6 >> End >> 2020-11-21 21:48:50.812958

44zrt3fpvcu >> Start >> 2020-11-21 21:51:02.454049

44zrt3fpvcu >> Image Returned >> 2020-11-21 21:51:02.457904

44zrt3fpvcu >> End >> 2020-11-21 21:51:02.664376

ae6rvivvcrx >> Start >> 2020-11-21 21:51:10.663608

ae6rvivvcrx >> Image Returned >> 2020-11-21 21:51:10.663898

ae6rvivvcrx >> End >> 2020-11-21 21:51:10.856175

53wghexmhdd >> Start >> 2020-11-21 21:51:37.656449

53wghexmhdd >> Image Returned >> 2020-11-21 21:51:37.660003

53wghexmhdd >> End >> 2020-11-21 21:51:37.858561

hosu8hmmvjj >> Start >> 2020-11-21 21:52:03.511253

hosu8hmmvjj >> Image Returned >> 2020-11-21 21:52:03.515192

hosu8hmmvjj >> End >> 2020-11-21 21:52:03.767505

xwzhtpx6nmd >> Start >> 2020-11-21 21:53:12.518698

xwzhtpx6nmd >> Image Returned >> 2020-11-21 21:53:12.522700

xwzhtpx6nmd >> End >> 2020-11-21 21:53:12.712837

spi7qdwd8p0 >> Start >> 2020-11-21 21:53:17.391469

spi7qdwd8p0 >> Image Returned >> 2020-11-21 21:53:17.391757

spi7qdwd8p0 >> End >> 2020-11-21 21:53:17.585958

uzoms7ikaje >> Start >> 2020-11-21 21:53:59.145318

uzoms7ikaje >> Image Returned >> 2020-11-21 21:53:59.148813

uzoms7ikaje >> End >> 2020-11-21 21:53:59.343333

zins8nhspxg >> Start >> 2020-11-21 21:54:22.905318

zins8nhspxg >> Image Returned >> 2020-11-21 21:54:22.908678

zins8nhspxg >> End >> 2020-11-21 21:54:23.102539

np55v4mv5ex >> Start >> 2020-11-21 21:55:31.372174

np55v4mv5ex >> Image Returned >> 2020-11-21 21:55:31.375910

np55v4mv5ex >> End >> 2020-11-21 21:55:31.562155

by36ke8j50o >> Start >> 2020-11-21 22:02:54.068371

by36ke8j50o >> Image Returned >> 2020-11-21 22:02:54.071959

by36ke8j50o >> End >> 2020-11-21 22:02:54.264842

uv5hpiw5esy >> Start >> 2020-11-21 22:08:21.956233

uv5hpiw5esy >> Image Returned >> 2020-11-21 22:08:21.960325

uv5hpiw5esy >> End >> 2020-11-21 22:08:22.193800

zqe8445jg8u >> Start >> 2020-11-21 22:09:00.708177

zqe8445jg8u >> Image Returned >> 2020-11-21 22:09:00.711658

zqe8445jg8u >> End >> 2020-11-21 22:09:00.953387

25uzq4u2smp >> Start >> 2020-11-21 22:09:07.353472

25uzq4u2smp >> Image Returned >> 2020-11-21 22:09:07.353910

25uzq4u2smp >> End >> 2020-11-21 22:09:07.591105

wg603mbxmbv >> Start >> 2020-11-21 22:12:10.109050

wg603mbxmbv >> Image Returned >> 2020-11-21 22:12:10.112407

wg603mbxmbv >> End >> 2020-11-21 22:12:10.311423

tcugd8ccgof >> Start >> 2020-11-21 22:12:24.895348

tcugd8ccgof >> Image Returned >> 2020-11-21 22:12:24.898439

tcugd8ccgof >> End >> 2020-11-21 22:12:25.123157

z0jskxkok3i >> Start >> 2020-11-21 22:12:44.517055

z0jskxkok3i >> Image Returned >> 2020-11-21 22:12:44.520688

z0jskxkok3i >> End >> 2020-11-21 22:12:44.710752

i4afknrh5qw >> Start >> 2020-11-21 22:13:00.959192

i4afknrh5qw >> Image Returned >> 2020-11-21 22:13:00.962580

i4afknrh5qw >> End >> 2020-11-21 22:13:01.178248

r6k3qvj2qfs >> Start >> 2020-11-21 22:15:26.701596

r6k3qvj2qfs >> Image Returned >> 2020-11-21 22:15:26.707483

r6k3qvj2qfs >> End >> 2020-11-21 22:15:26.900773

zzzkbtpt2rs >> Start >> 2020-11-21 22:21:05.204080

zzzkbtpt2rs >> Image Returned >> 2020-11-21 22:21:05.207448

zzzkbtpt2rs >> End >> 2020-11-21 22:21:05.397408

3jnvfujhyqo >> Start >> 2020-11-21 22:39:32.758445

3jnvfujhyqo >> Image Returned >> 2020-11-21 22:39:32.762144

3jnvfujhyqo >> End >> 2020-11-21 22:39:32.885663

wt6e5ononbd >> Start >> 2020-11-21 22:46:28.305775

wt6e5ononbd >> Image Returned >> 2020-11-21 22:46:28.309119

wt6e5ononbd >> End >> 2020-11-21 22:46:28.499294

bh7e0euxjqj >> Start >> 2020-11-21 22:46:34.425170

bh7e0euxjqj >> Image Returned >> 2020-11-21 22:46:34.425503

bh7e0euxjqj >> End >> 2020-11-21 22:46:34.615395

7sf4vdgx72t >> Start >> 2020-11-21 22:50:01.503581

7sf4vdgx72t >> Image Returned >> 2020-11-21 22:50:01.507086

7sf4vdgx72t >> End >> 2020-11-21 22:50:01.725332

itsdxj5fqw2 >> Start >> 2020-11-21 22:56:40.327023

itsdxj5fqw2 >> Image Returned >> 2020-11-21 22:56:40.330411

itsdxj5fqw2 >> End >> 2020-11-21 22:56:40.529123

0sh8zowt4f3 >> Start >> 2020-11-21 23:02:02.538146

0sh8zowt4f3 >> Image Returned >> 2020-11-21 23:02:02.541357

0sh8zowt4f3 >> End >> 2020-11-21 23:02:02.733633

qtzme3ajbon >> Start >> 2020-11-21 23:06:05.557599

qtzme3ajbon >> Image Returned >> 2020-11-21 23:06:05.561765

qtzme3ajbon >> End >> 2020-11-21 23:06:05.756962

77smb7fao5r >> Start >> 2020-11-21 23:09:29.468420

77smb7fao5r >> Image Returned >> 2020-11-21 23:09:29.471656

77smb7fao5r >> End >> 2020-11-21 23:09:29.663227

oqgm7tfsdyw >> Start >> 2020-11-21 23:24:05.288378

oqgm7tfsdyw >> Image Returned >> 2020-11-21 23:24:05.291634

oqgm7tfsdyw >> End >> 2020-11-21 23:24:05.485444

s2cbs0jqzfn >> Start >> 2020-11-21 23:24:32.779345

s2cbs0jqzfn >> Image Returned >> 2020-11-21 23:24:32.782937

s2cbs0jqzfn >> End >> 2020-11-21 23:24:32.981769

ymjjtw4q5kf >> Start >> 2020-11-21 23:28:38.854188

ymjjtw4q5kf >> Image Returned >> 2020-11-21 23:28:38.860512

ymjjtw4q5kf >> End >> 2020-11-21 23:28:39.053603

33k3nwg32ah >> Start >> 2020-11-21 23:29:32.197020

33k3nwg32ah >> Image Returned >> 2020-11-21 23:29:32.200196

33k3nwg32ah >> End >> 2020-11-21 23:29:32.398585

xdw2gou2cuq >> Start >> 2020-11-21 23:30:50.446726

xdw2gou2cuq >> Image Returned >> 2020-11-21 23:30:50.450098

xdw2gou2cuq >> End >> 2020-11-21 23:30:50.643038

6r6achq0bsk >> Start >> 2020-11-21 23:38:43.109579

6r6achq0bsk >> Image Returned >> 2020-11-21 23:38:43.113675

6r6achq0bsk >> End >> 2020-11-21 23:38:43.324944

jaoxc3y5pda >> Start >> 2020-11-21 23:41:59.562659

jaoxc3y5pda >> Image Returned >> 2020-11-21 23:41:59.565890

jaoxc3y5pda >> End >> 2020-11-21 23:41:59.751507

yfc6rzb3ty0 >> Start >> 2020-11-21 23:42:38.460010

yfc6rzb3ty0 >> Image Returned >> 2020-11-21 23:42:38.463469

yfc6rzb3ty0 >> End >> 2020-11-21 23:42:38.652230

82wqx7pdcsa >> Start >> 2020-11-21 23:46:13.411242

82wqx7pdcsa >> Image Returned >> 2020-11-21 23:46:13.415112

82wqx7pdcsa >> End >> 2020-11-21 23:46:13.633106

ejfzrfxxr3c >> Start >> 2020-11-21 23:49:01.954602

ejfzrfxxr3c >> Image Returned >> 2020-11-21 23:49:01.957726

ejfzrfxxr3c >> End >> 2020-11-21 23:49:02.162318

bjhmxz7t8oo >> Start >> 2020-11-21 23:58:00.786401

bjhmxz7t8oo >> Image Returned >> 2020-11-21 23:58:00.788970

bjhmxz7t8oo >> End >> 2020-11-21 23:58:00.980423

si6yp7isjkj >> Start >> 2020-11-21 23:58:36.592350

si6yp7isjkj >> Image Returned >> 2020-11-21 23:58:36.596582

si6yp7isjkj >> End >> 2020-11-21 23:58:36.826133

