tjuc5pcuxvf >> Start >> 2020-06-12 03:55:02.266793

tjuc5pcuxvf >> Image Returned >> 2020-06-12 03:55:02.271333

tjuc5pcuxvf >> End >> 2020-06-12 03:55:02.282304

eze8mxao6n2 >> Start >> 2020-06-12 06:07:50.620742

eze8mxao6n2 >> Image Returned >> 2020-06-12 06:07:50.623260

eze8mxao6n2 >> End >> 2020-06-12 06:07:50.633516

mpgb8ztx03o >> Start >> 2020-06-12 07:41:46.605357

mpgb8ztx03o >> Image Returned >> 2020-06-12 07:41:46.608073

mpgb8ztx03o >> End >> 2020-06-12 07:41:46.623315

dwdwso5zcdv >> Start >> 2020-06-12 07:56:56.562041

dwdwso5zcdv >> Image Returned >> 2020-06-12 07:56:56.564619

dwdwso5zcdv >> End >> 2020-06-12 07:56:56.575645

pre2wvcp2n7 >> Start >> 2020-06-12 08:18:15.435038

pre2wvcp2n7 >> Image Returned >> 2020-06-12 08:18:15.437982

pre2wvcp2n7 >> End >> 2020-06-12 08:18:15.449280

yvsdjfc8q7x >> Start >> 2020-06-12 08:19:34.808942

yvsdjfc8q7x >> Image Returned >> 2020-06-12 08:19:34.811357

yvsdjfc8q7x >> End >> 2020-06-12 08:19:34.822696

2ateo6gjf6w >> Start >> 2020-06-12 11:10:04.647429

2ateo6gjf6w >> Image Returned >> 2020-06-12 11:10:04.649940

2ateo6gjf6w >> End >> 2020-06-12 11:10:04.665003

ufheif2478e >> Start >> 2020-06-12 12:45:46.721230

ufheif2478e >> Image Returned >> 2020-06-12 12:45:46.723999

ufheif2478e >> End >> 2020-06-12 12:45:46.735641

kn0ap07jgp0 >> Start >> 2020-06-12 13:48:05.878820

kn0ap07jgp0 >> Image Returned >> 2020-06-12 13:48:05.882440

kn0ap07jgp0 >> End >> 2020-06-12 13:48:05.893964

yviq4ytyu5k >> Start >> 2020-06-12 13:59:05.959568

yviq4ytyu5k >> Image Returned >> 2020-06-12 13:59:05.962946

yviq4ytyu5k >> End >> 2020-06-12 13:59:05.974117

7wu0ubdgkkc >> Start >> 2020-06-12 16:11:01.036988

7wu0ubdgkkc >> Image Returned >> 2020-06-12 16:11:01.039839

7wu0ubdgkkc >> End >> 2020-06-12 16:11:01.050749

ox2brrrvtof >> Start >> 2020-06-12 16:39:41.888637

ox2brrrvtof >> Image Returned >> 2020-06-12 16:39:41.892811

ox2brrrvtof >> End >> 2020-06-12 16:39:41.904912

aghiww2vnxw >> Start >> 2020-06-12 16:52:21.645525

aghiww2vnxw >> Image Returned >> 2020-06-12 16:52:21.649030

aghiww2vnxw >> End >> 2020-06-12 16:52:21.665052

82i7jbun32f >> Start >> 2020-06-12 17:35:34.345302

82i7jbun32f >> Image Returned >> 2020-06-12 17:35:34.347970

82i7jbun32f >> End >> 2020-06-12 17:35:34.358025

yhkoo80g3iv >> Start >> 2020-06-12 18:22:51.929826

yhkoo80g3iv >> Image Returned >> 2020-06-12 18:22:51.934187

yhkoo80g3iv >> End >> 2020-06-12 18:22:51.947971

kd28cmz0v77 >> Start >> 2020-06-12 18:56:59.922523

kd28cmz0v77 >> Image Returned >> 2020-06-12 18:56:59.925458

kd28cmz0v77 >> End >> 2020-06-12 18:56:59.936846

udsrhcvr8gx >> Start >> 2020-06-12 19:39:30.125742

udsrhcvr8gx >> Image Returned >> 2020-06-12 19:39:30.128458

udsrhcvr8gx >> End >> 2020-06-12 19:39:30.140341

ec04bjgm3u2 >> Start >> 2020-06-12 19:43:41.893105

ec04bjgm3u2 >> Image Returned >> 2020-06-12 19:43:41.896967

ec04bjgm3u2 >> End >> 2020-06-12 19:43:41.908606

a7jazbp6fq6 >> Start >> 2020-06-12 19:52:07.040404

a7jazbp6fq6 >> Image Returned >> 2020-06-12 19:52:07.043252

a7jazbp6fq6 >> End >> 2020-06-12 19:52:07.077672

mz4zbgeshy0 >> Start >> 2020-06-12 22:58:12.927241

mz4zbgeshy0 >> Image Returned >> 2020-06-12 22:58:12.930192

mz4zbgeshy0 >> End >> 2020-06-12 22:58:12.941001

bsd5udmvabx >> Start >> 2020-06-12 23:24:18.639014

bsd5udmvabx >> Image Returned >> 2020-06-12 23:24:18.641618

bsd5udmvabx >> End >> 2020-06-12 23:24:18.652406

