p7cqjrqiabx >> Start >> 2020-10-08 00:24:05.070951

p7cqjrqiabx >> Image Returned >> 2020-10-08 00:24:05.075421

p7cqjrqiabx >> End >> 2020-10-08 00:24:05.247077

q56d0qjjay7 >> Start >> 2020-10-08 00:24:23.218271

q56d0qjjay7 >> Image Returned >> 2020-10-08 00:24:23.221976

q56d0qjjay7 >> End >> 2020-10-08 00:24:23.388453

g6si3ez0e2e >> Start >> 2020-10-08 00:37:54.396197

g6si3ez0e2e >> Image Returned >> 2020-10-08 00:37:54.400836

g6si3ez0e2e >> End >> 2020-10-08 00:37:54.611825

mw48criesoz >> Start >> 2020-10-08 00:48:31.910582

mw48criesoz >> Image Returned >> 2020-10-08 00:48:31.914956

mw48criesoz >> End >> 2020-10-08 00:48:32.118839

3qqah3haoup >> Start >> 2020-10-08 00:51:26.205039

3qqah3haoup >> Image Returned >> 2020-10-08 00:51:26.208597

3qqah3haoup >> End >> 2020-10-08 00:51:26.390168

d3p2khwg60t >> Start >> 2020-10-08 01:11:18.217211

d3p2khwg60t >> Image Returned >> 2020-10-08 01:11:18.221249

d3p2khwg60t >> End >> 2020-10-08 01:11:18.390945

ewzj4ze4fkt >> Start >> 2020-10-08 01:27:23.065201

ewzj4ze4fkt >> Image Returned >> 2020-10-08 01:27:23.069503

ewzj4ze4fkt >> End >> 2020-10-08 01:27:23.275341

vqwjpf74emo >> Start >> 2020-10-08 01:34:50.024003

vqwjpf74emo >> Image Returned >> 2020-10-08 01:34:50.027268

vqwjpf74emo >> End >> 2020-10-08 01:34:50.198265

2vg38kexkhs >> Start >> 2020-10-08 01:35:00.814059

2vg38kexkhs >> Image Returned >> 2020-10-08 01:35:00.814357

2vg38kexkhs >> End >> 2020-10-08 01:35:00.976598

sqm5e6feqyq >> Start >> 2020-10-08 01:35:39.716469

sqm5e6feqyq >> Image Returned >> 2020-10-08 01:35:39.720293

sqm5e6feqyq >> End >> 2020-10-08 01:35:39.891988

vzykm8cu0xg >> Start >> 2020-10-08 01:36:10.967039

vzykm8cu0xg >> Image Returned >> 2020-10-08 01:36:10.970499

vzykm8cu0xg >> End >> 2020-10-08 01:36:11.131903

67ncyichm26 >> Start >> 2020-10-08 01:37:59.907437

67ncyichm26 >> Image Returned >> 2020-10-08 01:37:59.911364

67ncyichm26 >> End >> 2020-10-08 01:38:00.033642

zn3i6fuhucx >> Start >> 2020-10-08 01:57:22.367189

zn3i6fuhucx >> Image Returned >> 2020-10-08 01:57:22.371501

zn3i6fuhucx >> End >> 2020-10-08 01:57:22.544735

pekmgmfzacw >> Start >> 2020-10-08 01:57:41.703188

pekmgmfzacw >> Image Returned >> 2020-10-08 01:57:41.706465

pekmgmfzacw >> End >> 2020-10-08 01:57:41.902278

con2pg7wdmf >> Start >> 2020-10-08 01:58:34.721733

con2pg7wdmf >> Image Returned >> 2020-10-08 01:58:34.725759

con2pg7wdmf >> End >> 2020-10-08 01:58:34.917474

j8hdygfjh66 >> Start >> 2020-10-08 02:03:52.460532

j8hdygfjh66 >> Image Returned >> 2020-10-08 02:03:52.463994

j8hdygfjh66 >> End >> 2020-10-08 02:03:52.636435

5uyucw3krsh >> Start >> 2020-10-08 02:39:41.917695

5uyucw3krsh >> Image Returned >> 2020-10-08 02:39:41.925971

5uyucw3krsh >> End >> 2020-10-08 02:39:42.108180

w2kscb8f5ki >> Start >> 2020-10-08 03:05:46.360300

w2kscb8f5ki >> Image Returned >> 2020-10-08 03:05:46.363756

w2kscb8f5ki >> End >> 2020-10-08 03:05:46.541003

w0njso8rfmt >> Start >> 2020-10-08 03:32:01.497904

w0njso8rfmt >> Image Returned >> 2020-10-08 03:32:01.501055

w0njso8rfmt >> End >> 2020-10-08 03:32:01.678349

vcndmjjuhd3 >> Start >> 2020-10-08 03:32:20.109474

vcndmjjuhd3 >> Image Returned >> 2020-10-08 03:32:20.112567

vcndmjjuhd3 >> End >> 2020-10-08 03:32:20.275041

iomyha40bj6 >> Start >> 2020-10-08 03:33:01.866902

iomyha40bj6 >> Image Returned >> 2020-10-08 03:33:01.870059

iomyha40bj6 >> End >> 2020-10-08 03:33:02.037009

pgnyc58p8h4 >> Start >> 2020-10-08 03:33:21.915906

pgnyc58p8h4 >> Image Returned >> 2020-10-08 03:33:21.919043

pgnyc58p8h4 >> End >> 2020-10-08 03:33:22.043967

ah3khdzcop7 >> Start >> 2020-10-08 03:35:03.899718

ah3khdzcop7 >> Image Returned >> 2020-10-08 03:35:03.902865

ah3khdzcop7 >> End >> 2020-10-08 03:35:04.085652

ffr7muvegss >> Start >> 2020-10-08 03:42:02.735778

ffr7muvegss >> Image Returned >> 2020-10-08 03:42:02.739357

ffr7muvegss >> End >> 2020-10-08 03:42:02.906544

fgaadufaj3f >> Start >> 2020-10-08 04:24:14.823760

fgaadufaj3f >> Image Returned >> 2020-10-08 04:24:14.826972

fgaadufaj3f >> End >> 2020-10-08 04:24:14.991278

aemdjfejuh8 >> Start >> 2020-10-08 04:40:55.167748

aemdjfejuh8 >> Image Returned >> 2020-10-08 04:40:55.171015

aemdjfejuh8 >> End >> 2020-10-08 04:40:55.335577

7jnkctdvexz >> Start >> 2020-10-08 04:48:32.117666

7jnkctdvexz >> Image Returned >> 2020-10-08 04:48:32.121628

7jnkctdvexz >> End >> 2020-10-08 04:48:32.309272

ddyfp2id5zp >> Start >> 2020-10-08 04:48:49.246910

ddyfp2id5zp >> Image Returned >> 2020-10-08 04:48:49.250063

ddyfp2id5zp >> End >> 2020-10-08 04:48:49.429781

xnj7jnsappx >> Start >> 2020-10-08 04:58:37.594049

xnj7jnsappx >> Image Returned >> 2020-10-08 04:58:37.597580

xnj7jnsappx >> End >> 2020-10-08 04:58:37.802793

67hwkhh4nf5 >> Start >> 2020-10-08 05:23:03.155761

67hwkhh4nf5 >> Image Returned >> 2020-10-08 05:23:03.158998

67hwkhh4nf5 >> End >> 2020-10-08 05:23:03.343947

pmeufudiao7 >> Start >> 2020-10-08 05:45:12.860749

pmeufudiao7 >> Image Returned >> 2020-10-08 05:45:12.864173

pmeufudiao7 >> End >> 2020-10-08 05:45:13.039777

0d7cqyrxc6w >> Start >> 2020-10-08 05:45:47.124028

0d7cqyrxc6w >> Image Returned >> 2020-10-08 05:45:47.127501

0d7cqyrxc6w >> End >> 2020-10-08 05:45:47.299298

eexgfv6cxad >> Start >> 2020-10-08 05:47:48.405108

eexgfv6cxad >> Image Returned >> 2020-10-08 05:47:48.408902

eexgfv6cxad >> End >> 2020-10-08 05:47:48.582680

boeu4upy707 >> Start >> 2020-10-08 05:52:00.158324

boeu4upy707 >> Image Returned >> 2020-10-08 05:52:00.161514

boeu4upy707 >> End >> 2020-10-08 05:52:00.329441

gqxz6iqadd7 >> Start >> 2020-10-08 05:59:30.278824

gqxz6iqadd7 >> Image Returned >> 2020-10-08 05:59:30.282419

gqxz6iqadd7 >> End >> 2020-10-08 05:59:30.447531

0jaktwyrcc8 >> Start >> 2020-10-08 06:16:23.160170

0jaktwyrcc8 >> Image Returned >> 2020-10-08 06:16:23.163337

0jaktwyrcc8 >> End >> 2020-10-08 06:16:23.326123

zzdfa6xs3yf >> Start >> 2020-10-08 06:23:13.694897

zzdfa6xs3yf >> Image Returned >> 2020-10-08 06:23:13.698251

zzdfa6xs3yf >> End >> 2020-10-08 06:23:13.892178

epuj43yvmo8 >> Start >> 2020-10-08 06:37:33.917171

epuj43yvmo8 >> Image Returned >> 2020-10-08 06:37:33.920602

epuj43yvmo8 >> End >> 2020-10-08 06:37:34.088138

8rkpaen5pyg >> Start >> 2020-10-08 06:46:33.800852

8rkpaen5pyg >> Image Returned >> 2020-10-08 06:46:33.803936

8rkpaen5pyg >> End >> 2020-10-08 06:46:33.984745

theu455rr7g >> Start >> 2020-10-08 06:47:37.489778

theu455rr7g >> Image Returned >> 2020-10-08 06:47:37.493185

theu455rr7g >> End >> 2020-10-08 06:47:37.668272

c7z4j8674io >> Start >> 2020-10-08 06:50:05.021941

c7z4j8674io >> Image Returned >> 2020-10-08 06:50:05.024606

c7z4j8674io >> End >> 2020-10-08 06:50:05.238624

ysedbcwgnkv >> Start >> 2020-10-08 06:50:29.633039

ysedbcwgnkv >> Image Returned >> 2020-10-08 06:50:29.635670

ysedbcwgnkv >> End >> 2020-10-08 06:50:29.806000

caz6ryyp2jz >> Start >> 2020-10-08 06:50:40.449074

caz6ryyp2jz >> Image Returned >> 2020-10-08 06:50:40.449357

caz6ryyp2jz >> End >> 2020-10-08 06:50:40.629779

2q8yi36o62d >> Start >> 2020-10-08 06:52:26.397546

2q8yi36o62d >> Image Returned >> 2020-10-08 06:52:26.400230

2q8yi36o62d >> End >> 2020-10-08 06:52:26.594425

c8e4b4dbdpo >> Start >> 2020-10-08 07:18:14.371925

c8e4b4dbdpo >> Image Returned >> 2020-10-08 07:18:14.374578

c8e4b4dbdpo >> End >> 2020-10-08 07:18:14.546947

644sg4yrk8a >> Start >> 2020-10-08 07:19:38.356417

644sg4yrk8a >> Image Returned >> 2020-10-08 07:19:38.359213

644sg4yrk8a >> End >> 2020-10-08 07:19:38.532840

yxfrdb80zbg >> Start >> 2020-10-08 07:24:00.990941

yxfrdb80zbg >> Image Returned >> 2020-10-08 07:24:00.993556

yxfrdb80zbg >> End >> 2020-10-08 07:24:01.167772

36enpv0hym3 >> Start >> 2020-10-08 07:24:11.057452

36enpv0hym3 >> Image Returned >> 2020-10-08 07:24:11.057718

36enpv0hym3 >> End >> 2020-10-08 07:24:11.218549

paktcnni7ze >> Start >> 2020-10-08 07:29:04.956005

paktcnni7ze >> Image Returned >> 2020-10-08 07:29:04.958530

paktcnni7ze >> End >> 2020-10-08 07:29:05.143358

u3f64detnes >> Start >> 2020-10-08 07:29:46.678056

u3f64detnes >> Image Returned >> 2020-10-08 07:29:46.680704

u3f64detnes >> End >> 2020-10-08 07:29:46.839951

jby8r4q6dsr >> Start >> 2020-10-08 07:30:19.832529

jby8r4q6dsr >> Image Returned >> 2020-10-08 07:30:19.835119

jby8r4q6dsr >> End >> 2020-10-08 07:30:20.018315

z2s64egrehm >> Start >> 2020-10-08 07:31:25.453577

z2s64egrehm >> Image Returned >> 2020-10-08 07:31:25.456267

z2s64egrehm >> End >> 2020-10-08 07:31:25.622309

ihjee8x6zig >> Start >> 2020-10-08 07:32:16.941118

ihjee8x6zig >> Image Returned >> 2020-10-08 07:32:16.944176

ihjee8x6zig >> End >> 2020-10-08 07:32:17.116554

mr6fg36gx6d >> Start >> 2020-10-08 07:34:16.742499

mr6fg36gx6d >> Image Returned >> 2020-10-08 07:34:16.745078

mr6fg36gx6d >> End >> 2020-10-08 07:34:16.971524

bc7a2dmhny6 >> Start >> 2020-10-08 07:36:13.261048

bc7a2dmhny6 >> Image Returned >> 2020-10-08 07:36:13.265377

bc7a2dmhny6 >> End >> 2020-10-08 07:36:13.435911

htdhvfzbf00 >> Start >> 2020-10-08 08:04:12.557610

htdhvfzbf00 >> Image Returned >> 2020-10-08 08:04:12.560647

htdhvfzbf00 >> End >> 2020-10-08 08:04:12.736857

z6i7fj76o8m >> Start >> 2020-10-08 08:10:40.151765

z6i7fj76o8m >> Image Returned >> 2020-10-08 08:10:40.154604

z6i7fj76o8m >> End >> 2020-10-08 08:10:40.325731

tzk0ojdxw43 >> Start >> 2020-10-08 08:14:09.376785

tzk0ojdxw43 >> Image Returned >> 2020-10-08 08:14:09.379617

tzk0ojdxw43 >> End >> 2020-10-08 08:14:09.554475

apuswyiquso >> Start >> 2020-10-08 08:17:32.806570

apuswyiquso >> Image Returned >> 2020-10-08 08:17:32.809572

apuswyiquso >> End >> 2020-10-08 08:17:32.980061

gsf8jrvajab >> Start >> 2020-10-08 08:18:34.034683

gsf8jrvajab >> Image Returned >> 2020-10-08 08:18:34.037389

gsf8jrvajab >> End >> 2020-10-08 08:18:34.222152

ntdb2htz3q4 >> Start >> 2020-10-08 08:18:44.002674

ntdb2htz3q4 >> Image Returned >> 2020-10-08 08:18:44.003036

ntdb2htz3q4 >> End >> 2020-10-08 08:18:44.196154

4dywnssgkip >> Start >> 2020-10-08 08:23:56.708391

4dywnssgkip >> Image Returned >> 2020-10-08 08:23:56.711527

4dywnssgkip >> End >> 2020-10-08 08:23:56.874613

w6ofzv7wgcr >> Start >> 2020-10-08 08:28:03.208328

w6ofzv7wgcr >> Image Returned >> 2020-10-08 08:28:03.211066

w6ofzv7wgcr >> End >> 2020-10-08 08:28:03.402064

kg8apss2v6p >> Start >> 2020-10-08 08:28:11.680820

kg8apss2v6p >> Image Returned >> 2020-10-08 08:28:11.681243

kg8apss2v6p >> End >> 2020-10-08 08:28:11.867924

pw5o7j6nef2 >> Start >> 2020-10-08 08:28:24.857621

pw5o7j6nef2 >> Image Returned >> 2020-10-08 08:28:24.860389

pw5o7j6nef2 >> End >> 2020-10-08 08:28:25.035999

rbtuauud56c >> Start >> 2020-10-08 08:28:52.466187

rbtuauud56c >> Image Returned >> 2020-10-08 08:28:52.469232

rbtuauud56c >> End >> 2020-10-08 08:28:52.629666

qaob2ny5vrf >> Start >> 2020-10-08 08:30:08.824479

qaob2ny5vrf >> Image Returned >> 2020-10-08 08:30:08.828849

qaob2ny5vrf >> End >> 2020-10-08 08:30:08.992125

3uw6gxr2y8n >> Start >> 2020-10-08 08:37:00.612410

3uw6gxr2y8n >> Image Returned >> 2020-10-08 08:37:00.615710

3uw6gxr2y8n >> End >> 2020-10-08 08:37:00.781670

o2ch3ktt5yd >> Start >> 2020-10-08 08:41:03.499248

o2ch3ktt5yd >> Image Returned >> 2020-10-08 08:41:03.502100

o2ch3ktt5yd >> End >> 2020-10-08 08:41:03.680147

nakno6rcc6i >> Start >> 2020-10-08 08:42:00.994796

nakno6rcc6i >> Image Returned >> 2020-10-08 08:42:00.997579

nakno6rcc6i >> End >> 2020-10-08 08:42:01.188595

7gdx74gsd7q >> Start >> 2020-10-08 08:50:00.056761

7gdx74gsd7q >> Image Returned >> 2020-10-08 08:50:00.061062

7gdx74gsd7q >> End >> 2020-10-08 08:50:00.238663

cdjpf82zgfk >> Start >> 2020-10-08 08:50:18.371948

cdjpf82zgfk >> Image Returned >> 2020-10-08 08:50:18.374588

cdjpf82zgfk >> End >> 2020-10-08 08:50:18.502404

rrmwc37ospa >> Start >> 2020-10-08 08:51:31.125076

rrmwc37ospa >> Image Returned >> 2020-10-08 08:51:31.127772

rrmwc37ospa >> End >> 2020-10-08 08:51:31.294286

22jknxg86g0 >> Start >> 2020-10-08 08:51:54.693190

22jknxg86g0 >> Image Returned >> 2020-10-08 08:51:54.695934

22jknxg86g0 >> End >> 2020-10-08 08:51:54.885596

3ivu6mcaxhp >> Start >> 2020-10-08 08:53:08.081691

3ivu6mcaxhp >> Image Returned >> 2020-10-08 08:53:08.084502

3ivu6mcaxhp >> End >> 2020-10-08 08:53:08.247798

hvvnfh42ze2 >> Start >> 2020-10-08 08:55:46.240660

hvvnfh42ze2 >> Image Returned >> 2020-10-08 08:55:46.243846

hvvnfh42ze2 >> End >> 2020-10-08 08:55:46.409672

yjzmwuyiay7 >> Start >> 2020-10-08 09:04:37.156364

yjzmwuyiay7 >> Image Returned >> 2020-10-08 09:04:37.159159

yjzmwuyiay7 >> End >> 2020-10-08 09:04:37.391395

q2o33o43cqm >> Start >> 2020-10-08 09:08:40.121033

q2o33o43cqm >> Image Returned >> 2020-10-08 09:08:40.123709

q2o33o43cqm >> End >> 2020-10-08 09:08:40.290988

y4shfuiqpia >> Start >> 2020-10-08 09:14:14.825905

y4shfuiqpia >> Image Returned >> 2020-10-08 09:14:14.828739

y4shfuiqpia >> End >> 2020-10-08 09:14:14.998199

tghyp8zcfhz >> Start >> 2020-10-08 09:16:35.167460

tghyp8zcfhz >> Image Returned >> 2020-10-08 09:16:35.170249

tghyp8zcfhz >> End >> 2020-10-08 09:16:35.338035

w6pyaxrydkf >> Start >> 2020-10-08 09:26:36.546863

w6pyaxrydkf >> Image Returned >> 2020-10-08 09:26:36.549609

w6pyaxrydkf >> End >> 2020-10-08 09:26:36.722681

ru8yn5opt5a >> Start >> 2020-10-08 09:27:52.009213

ru8yn5opt5a >> Image Returned >> 2020-10-08 09:27:52.012283

ru8yn5opt5a >> End >> 2020-10-08 09:27:52.185844

mmmvhxmi584 >> Start >> 2020-10-08 09:31:49.280059

mmmvhxmi584 >> Image Returned >> 2020-10-08 09:31:49.282983

mmmvhxmi584 >> End >> 2020-10-08 09:31:49.500365

zrzutkneprs >> Start >> 2020-10-08 09:32:38.567145

zrzutkneprs >> Image Returned >> 2020-10-08 09:32:38.569888

zrzutkneprs >> End >> 2020-10-08 09:32:38.754143

u73iqwqnh78 >> Start >> 2020-10-08 09:34:41.944279

u73iqwqnh78 >> Image Returned >> 2020-10-08 09:34:41.947118

u73iqwqnh78 >> End >> 2020-10-08 09:34:42.125354

pgwsucmzapj >> Start >> 2020-10-08 09:36:05.646960

pgwsucmzapj >> Image Returned >> 2020-10-08 09:36:05.649995

pgwsucmzapj >> End >> 2020-10-08 09:36:05.820779

f7mxq04aud2 >> Start >> 2020-10-08 09:41:47.486557

f7mxq04aud2 >> Image Returned >> 2020-10-08 09:41:47.489578

f7mxq04aud2 >> End >> 2020-10-08 09:41:47.677000

egzbwhmraxu >> Start >> 2020-10-08 09:42:09.879720

egzbwhmraxu >> Image Returned >> 2020-10-08 09:42:09.882458

egzbwhmraxu >> End >> 2020-10-08 09:42:10.069565

gh5x05oifqu >> Start >> 2020-10-08 09:44:48.182612

gh5x05oifqu >> Image Returned >> 2020-10-08 09:44:48.185465

gh5x05oifqu >> End >> 2020-10-08 09:44:48.400408

3y2ps0t8ygm >> Start >> 2020-10-08 09:46:50.629090

3y2ps0t8ygm >> Image Returned >> 2020-10-08 09:46:50.632595

3y2ps0t8ygm >> End >> 2020-10-08 09:46:50.807399

hb22gmgivb7 >> Start >> 2020-10-08 09:47:35.029114

hb22gmgivb7 >> Image Returned >> 2020-10-08 09:47:35.032385

hb22gmgivb7 >> End >> 2020-10-08 09:47:35.213525

red0ihofqju >> Start >> 2020-10-08 09:48:24.169029

red0ihofqju >> Image Returned >> 2020-10-08 09:48:24.173018

red0ihofqju >> End >> 2020-10-08 09:48:24.340601

g742gce74ms >> Start >> 2020-10-08 09:58:42.649024

g742gce74ms >> Image Returned >> 2020-10-08 09:58:42.651849

g742gce74ms >> End >> 2020-10-08 09:58:42.824702

uxajgrtyicx >> Start >> 2020-10-08 09:59:08.329658

uxajgrtyicx >> Image Returned >> 2020-10-08 09:59:08.332396

uxajgrtyicx >> End >> 2020-10-08 09:59:08.494394

e48rgyvypwb >> Start >> 2020-10-08 10:02:21.637350

e48rgyvypwb >> Image Returned >> 2020-10-08 10:02:21.640254

e48rgyvypwb >> End >> 2020-10-08 10:02:21.806937

vnekajuf44i >> Start >> 2020-10-08 10:04:49.292752

vnekajuf44i >> Image Returned >> 2020-10-08 10:04:49.295663

vnekajuf44i >> End >> 2020-10-08 10:04:49.464173

dcdg2qxy64k >> Start >> 2020-10-08 10:05:21.586559

dcdg2qxy64k >> Image Returned >> 2020-10-08 10:05:21.589272

dcdg2qxy64k >> End >> 2020-10-08 10:05:21.774072

qqvdttm2imk >> Start >> 2020-10-08 10:19:04.332580

qqvdttm2imk >> Image Returned >> 2020-10-08 10:19:04.335386

qqvdttm2imk >> End >> 2020-10-08 10:19:04.523150

m0rkdqj40mt >> Start >> 2020-10-08 10:19:50.339193

m0rkdqj40mt >> Image Returned >> 2020-10-08 10:19:50.343511

m0rkdqj40mt >> End >> 2020-10-08 10:19:50.506381

ebwyzffa7zc >> Start >> 2020-10-08 10:22:36.226203

ebwyzffa7zc >> Image Returned >> 2020-10-08 10:22:36.228969

ebwyzffa7zc >> End >> 2020-10-08 10:22:36.410160

trhd0fkjhg8 >> Start >> 2020-10-08 10:27:49.592731

trhd0fkjhg8 >> Image Returned >> 2020-10-08 10:27:49.595881

trhd0fkjhg8 >> End >> 2020-10-08 10:27:49.789230

6ag7qa4os6w >> Start >> 2020-10-08 10:32:57.319631

6ag7qa4os6w >> Image Returned >> 2020-10-08 10:32:57.322784

6ag7qa4os6w >> End >> 2020-10-08 10:32:57.503004

qvm4y78s62d >> Start >> 2020-10-08 10:36:44.107980

qvm4y78s62d >> Image Returned >> 2020-10-08 10:36:44.112867

qvm4y78s62d >> End >> 2020-10-08 10:36:44.280520

gacdu2ogjoq >> Start >> 2020-10-08 10:37:58.116430

gacdu2ogjoq >> Image Returned >> 2020-10-08 10:37:58.119260

gacdu2ogjoq >> End >> 2020-10-08 10:37:58.284205

rpd2et0zinn >> Start >> 2020-10-08 10:44:01.198496

rpd2et0zinn >> Image Returned >> 2020-10-08 10:44:01.201545

rpd2et0zinn >> End >> 2020-10-08 10:44:01.379849

quaod7c6wvf >> Start >> 2020-10-08 10:51:26.985363

quaod7c6wvf >> Image Returned >> 2020-10-08 10:51:26.988229

quaod7c6wvf >> End >> 2020-10-08 10:51:27.155414

a24mcmxbujd >> Start >> 2020-10-08 10:52:23.668114

a24mcmxbujd >> Image Returned >> 2020-10-08 10:52:23.670943

a24mcmxbujd >> End >> 2020-10-08 10:52:23.876923

ckgsytu4fes >> Start >> 2020-10-08 10:53:27.407987

ckgsytu4fes >> Image Returned >> 2020-10-08 10:53:27.411144

ckgsytu4fes >> End >> 2020-10-08 10:53:27.578260

hekxhu4omp3 >> Start >> 2020-10-08 10:58:06.128823

hekxhu4omp3 >> Image Returned >> 2020-10-08 10:58:06.131767

hekxhu4omp3 >> End >> 2020-10-08 10:58:06.337904

sun4b7xef5g >> Start >> 2020-10-08 10:59:12.733530

sun4b7xef5g >> Image Returned >> 2020-10-08 10:59:12.736308

sun4b7xef5g >> End >> 2020-10-08 10:59:12.903562

zhm05htqp56 >> Start >> 2020-10-08 10:59:57.004348

zhm05htqp56 >> Image Returned >> 2020-10-08 10:59:57.007421

zhm05htqp56 >> End >> 2020-10-08 10:59:57.175802

b6w0roku2ec >> Start >> 2020-10-08 11:06:30.420774

b6w0roku2ec >> Image Returned >> 2020-10-08 11:06:30.423599

b6w0roku2ec >> End >> 2020-10-08 11:06:30.597075

7s3xi4a45zd >> Start >> 2020-10-08 11:11:11.680120

7s3xi4a45zd >> Image Returned >> 2020-10-08 11:11:11.683134

7s3xi4a45zd >> End >> 2020-10-08 11:11:11.854214

ud5emir5qwi >> Start >> 2020-10-08 11:13:13.856642

ud5emir5qwi >> Image Returned >> 2020-10-08 11:13:13.860513

ud5emir5qwi >> End >> 2020-10-08 11:13:14.024658

3vvpx80k6g8 >> Start >> 2020-10-08 11:22:48.295350

3vvpx80k6g8 >> Image Returned >> 2020-10-08 11:22:48.298321

3vvpx80k6g8 >> End >> 2020-10-08 11:22:48.472973

hiftyjoto3o >> Start >> 2020-10-08 11:27:16.383109

hiftyjoto3o >> Image Returned >> 2020-10-08 11:27:16.386769

hiftyjoto3o >> End >> 2020-10-08 11:27:16.549994

q28mrz53uqs >> Start >> 2020-10-08 11:28:33.768060

q28mrz53uqs >> Image Returned >> 2020-10-08 11:28:33.772068

q28mrz53uqs >> End >> 2020-10-08 11:28:33.960031

jrpongeijh5 >> Start >> 2020-10-08 11:32:59.016663

jrpongeijh5 >> Image Returned >> 2020-10-08 11:32:59.019931

jrpongeijh5 >> End >> 2020-10-08 11:32:59.188340

zg622ghs4d7 >> Start >> 2020-10-08 11:35:22.855304

zg622ghs4d7 >> Image Returned >> 2020-10-08 11:35:22.858278

zg622ghs4d7 >> End >> 2020-10-08 11:35:23.038535

tyz2uz6dfxy >> Start >> 2020-10-08 11:37:10.388566

tyz2uz6dfxy >> Image Returned >> 2020-10-08 11:37:10.393939

tyz2uz6dfxy >> End >> 2020-10-08 11:37:10.562001

36vunv6vone >> Start >> 2020-10-08 11:41:57.726655

36vunv6vone >> Image Returned >> 2020-10-08 11:41:57.730031

36vunv6vone >> End >> 2020-10-08 11:41:57.908142

4syygqxuw54 >> Start >> 2020-10-08 11:46:16.727982

4syygqxuw54 >> Image Returned >> 2020-10-08 11:46:16.731158

4syygqxuw54 >> End >> 2020-10-08 11:46:16.911151

row68sq3r0e >> Start >> 2020-10-08 11:49:12.134084

row68sq3r0e >> Image Returned >> 2020-10-08 11:49:12.137049

row68sq3r0e >> End >> 2020-10-08 11:49:12.320329

3dwnk43knxf >> Start >> 2020-10-08 11:54:14.003716

3dwnk43knxf >> Image Returned >> 2020-10-08 11:54:14.007075

3dwnk43knxf >> End >> 2020-10-08 11:54:14.178853

35bq5kaf6mx >> Start >> 2020-10-08 11:54:59.979372

35bq5kaf6mx >> Image Returned >> 2020-10-08 11:54:59.983009

35bq5kaf6mx >> End >> 2020-10-08 11:55:00.172882

zcuh5bjftns >> Start >> 2020-10-08 11:57:21.874703

zcuh5bjftns >> Image Returned >> 2020-10-08 11:57:21.877698

zcuh5bjftns >> End >> 2020-10-08 11:57:22.052078

cykhppxwdc5 >> Start >> 2020-10-08 12:05:11.682549

cykhppxwdc5 >> Image Returned >> 2020-10-08 12:05:11.685559

cykhppxwdc5 >> End >> 2020-10-08 12:05:11.849080

ynvh30drtuy >> Start >> 2020-10-08 12:05:59.044456

ynvh30drtuy >> Image Returned >> 2020-10-08 12:05:59.047600

ynvh30drtuy >> End >> 2020-10-08 12:05:59.219295

xqp5qaoh6qz >> Start >> 2020-10-08 12:07:34.690349

xqp5qaoh6qz >> Image Returned >> 2020-10-08 12:07:34.693243

xqp5qaoh6qz >> End >> 2020-10-08 12:07:34.856744

hwyrm6tzbcg >> Start >> 2020-10-08 12:11:02.332576

hwyrm6tzbcg >> Image Returned >> 2020-10-08 12:11:02.335570

hwyrm6tzbcg >> End >> 2020-10-08 12:11:02.500452

5v35a37qgvu >> Start >> 2020-10-08 12:14:14.289299

5v35a37qgvu >> Image Returned >> 2020-10-08 12:14:14.292222

5v35a37qgvu >> End >> 2020-10-08 12:14:14.510528

xbyqdjwwh6b >> Start >> 2020-10-08 12:14:34.598157

xbyqdjwwh6b >> Image Returned >> 2020-10-08 12:14:34.601722

xbyqdjwwh6b >> End >> 2020-10-08 12:14:34.818166

inb7ir0rj84 >> Start >> 2020-10-08 12:18:11.950582

inb7ir0rj84 >> Image Returned >> 2020-10-08 12:18:11.953416

inb7ir0rj84 >> End >> 2020-10-08 12:18:12.114644

igtvc0yc2a4 >> Start >> 2020-10-08 12:19:04.393330

igtvc0yc2a4 >> Image Returned >> 2020-10-08 12:19:04.396241

igtvc0yc2a4 >> End >> 2020-10-08 12:19:04.567260

y5ef04ynez7 >> Start >> 2020-10-08 12:21:25.583018

y5ef04ynez7 >> Image Returned >> 2020-10-08 12:21:25.585803

y5ef04ynez7 >> End >> 2020-10-08 12:21:25.760360

7c23kehy288 >> Start >> 2020-10-08 12:24:12.335038

7c23kehy288 >> Image Returned >> 2020-10-08 12:24:12.337965

7c23kehy288 >> End >> 2020-10-08 12:24:12.504067

wuhcjajmmp6 >> Start >> 2020-10-08 12:28:19.393117

wuhcjajmmp6 >> Image Returned >> 2020-10-08 12:28:19.395998

wuhcjajmmp6 >> End >> 2020-10-08 12:28:19.571243

d60xwfkp3e2 >> Start >> 2020-10-08 12:28:42.622148

d60xwfkp3e2 >> Image Returned >> 2020-10-08 12:28:42.625013

d60xwfkp3e2 >> End >> 2020-10-08 12:28:42.789674

0k2enpnkgc5 >> Start >> 2020-10-08 12:29:15.409894

0k2enpnkgc5 >> Image Returned >> 2020-10-08 12:29:15.412813

0k2enpnkgc5 >> End >> 2020-10-08 12:29:15.566716

5e8q7t57x6k >> Start >> 2020-10-08 12:30:27.796834

5e8q7t57x6k >> Image Returned >> 2020-10-08 12:30:27.801383

5e8q7t57x6k >> End >> 2020-10-08 12:30:27.963603

kktbuooba8r >> Start >> 2020-10-08 12:30:37.124809

kktbuooba8r >> Image Returned >> 2020-10-08 12:30:37.125094

kktbuooba8r >> End >> 2020-10-08 12:30:37.289330

zmcqii7xh0o >> Start >> 2020-10-08 12:31:44.619656

zmcqii7xh0o >> Image Returned >> 2020-10-08 12:31:44.622787

zmcqii7xh0o >> End >> 2020-10-08 12:31:44.786034

kpgk67ehwg2 >> Start >> 2020-10-08 12:35:26.244987

kpgk67ehwg2 >> Image Returned >> 2020-10-08 12:35:26.248667

kpgk67ehwg2 >> End >> 2020-10-08 12:35:26.409840

qqbiwtmpxaq >> Start >> 2020-10-08 12:35:37.955913

qqbiwtmpxaq >> Image Returned >> 2020-10-08 12:35:37.958815

qqbiwtmpxaq >> End >> 2020-10-08 12:35:38.139524

qyvjb7ifsbo >> Start >> 2020-10-08 12:37:13.584228

qyvjb7ifsbo >> Image Returned >> 2020-10-08 12:37:13.587261

qyvjb7ifsbo >> End >> 2020-10-08 12:37:13.751710

nhqhcza6ttf >> Start >> 2020-10-08 12:39:50.264812

nhqhcza6ttf >> Image Returned >> 2020-10-08 12:39:50.267895

nhqhcza6ttf >> End >> 2020-10-08 12:39:50.470088

0xhurdznmup >> Start >> 2020-10-08 12:40:09.646451

0xhurdznmup >> Image Returned >> 2020-10-08 12:40:09.649955

0xhurdznmup >> End >> 2020-10-08 12:40:09.836652

k5q53j68eg5 >> Start >> 2020-10-08 12:42:58.944098

k5q53j68eg5 >> Image Returned >> 2020-10-08 12:42:58.947185

k5q53j68eg5 >> End >> 2020-10-08 12:42:59.118197

iny5tdjzsh3 >> Start >> 2020-10-08 12:43:31.297316

iny5tdjzsh3 >> Image Returned >> 2020-10-08 12:43:31.300180

iny5tdjzsh3 >> End >> 2020-10-08 12:43:31.435441

76ii3y3qi4o >> Start >> 2020-10-08 12:53:25.348831

76ii3y3qi4o >> Image Returned >> 2020-10-08 12:53:25.351926

76ii3y3qi4o >> End >> 2020-10-08 12:53:25.520224

sdztfyrajog >> Start >> 2020-10-08 12:54:03.612889

sdztfyrajog >> Image Returned >> 2020-10-08 12:54:03.616055

sdztfyrajog >> End >> 2020-10-08 12:54:03.780663

a24acknfdba >> Start >> 2020-10-08 12:54:56.847593

a24acknfdba >> Image Returned >> 2020-10-08 12:54:56.850769

a24acknfdba >> End >> 2020-10-08 12:54:57.013803

yea5u4gz3ke >> Start >> 2020-10-08 12:55:10.407828

yea5u4gz3ke >> Image Returned >> 2020-10-08 12:55:10.410800

yea5u4gz3ke >> End >> 2020-10-08 12:55:10.576766

7hgcb5yzx7o >> Start >> 2020-10-08 12:55:59.820868

7hgcb5yzx7o >> Image Returned >> 2020-10-08 12:55:59.823991

7hgcb5yzx7o >> End >> 2020-10-08 12:55:59.994321

vbvohqsdn7j >> Start >> 2020-10-08 13:04:01.059153

vbvohqsdn7j >> Image Returned >> 2020-10-08 13:04:01.062822

vbvohqsdn7j >> End >> 2020-10-08 13:04:01.225949

wnzw8nbiu73 >> Start >> 2020-10-08 13:04:20.280591

wnzw8nbiu73 >> Image Returned >> 2020-10-08 13:04:20.283868

wnzw8nbiu73 >> End >> 2020-10-08 13:04:20.453131

fdmoiko7ogk >> Start >> 2020-10-08 13:06:24.355525

fdmoiko7ogk >> Image Returned >> 2020-10-08 13:06:24.358510

fdmoiko7ogk >> End >> 2020-10-08 13:06:24.528990

3x7mtimwxex >> Start >> 2020-10-08 13:10:51.089334

3x7mtimwxex >> Image Returned >> 2020-10-08 13:10:51.092900

3x7mtimwxex >> End >> 2020-10-08 13:10:51.259840

ycq57p83pct >> Start >> 2020-10-08 13:11:04.821151

ycq57p83pct >> Image Returned >> 2020-10-08 13:11:04.824474

ycq57p83pct >> End >> 2020-10-08 13:11:04.996217

w4w07gi0vjb >> Start >> 2020-10-08 13:12:00.745861

w4w07gi0vjb >> Image Returned >> 2020-10-08 13:12:00.749114

w4w07gi0vjb >> End >> 2020-10-08 13:12:00.908298

puohjdi4zeg >> Start >> 2020-10-08 13:13:24.092430

puohjdi4zeg >> Image Returned >> 2020-10-08 13:13:24.095421

puohjdi4zeg >> End >> 2020-10-08 13:13:24.354691

daff05utny7 >> Start >> 2020-10-08 13:15:03.400826

daff05utny7 >> Image Returned >> 2020-10-08 13:15:03.404476

daff05utny7 >> End >> 2020-10-08 13:15:03.620033

8xfh3b7bmmg >> Start >> 2020-10-08 13:26:16.554811

8xfh3b7bmmg >> Image Returned >> 2020-10-08 13:26:16.558582

8xfh3b7bmmg >> End >> 2020-10-08 13:26:16.734388

ftmkbaebaq5 >> Start >> 2020-10-08 13:28:44.735812

ftmkbaebaq5 >> Image Returned >> 2020-10-08 13:28:44.738707

ftmkbaebaq5 >> End >> 2020-10-08 13:28:44.917638

wmvv8s3gb2s >> Start >> 2020-10-08 13:34:44.913960

wmvv8s3gb2s >> Image Returned >> 2020-10-08 13:34:44.917979

wmvv8s3gb2s >> End >> 2020-10-08 13:34:45.090320

7z8z25gaiqa >> Start >> 2020-10-08 13:36:14.035384

7z8z25gaiqa >> Image Returned >> 2020-10-08 13:36:14.038695

7z8z25gaiqa >> End >> 2020-10-08 13:36:14.212599

b4kmvtbw2pz >> Start >> 2020-10-08 13:42:39.019824

b4kmvtbw2pz >> Image Returned >> 2020-10-08 13:42:39.023286

b4kmvtbw2pz >> End >> 2020-10-08 13:42:39.192564

njc83ogi8b0 >> Start >> 2020-10-08 13:45:38.615432

njc83ogi8b0 >> Image Returned >> 2020-10-08 13:45:38.618390

njc83ogi8b0 >> End >> 2020-10-08 13:45:38.784761

jh6gbszvjt7 >> Start >> 2020-10-08 13:46:14.677288

jh6gbszvjt7 >> Image Returned >> 2020-10-08 13:46:14.680257

jh6gbszvjt7 >> End >> 2020-10-08 13:46:14.853581

x6tfksmxzkc >> Start >> 2020-10-08 13:46:31.681257

x6tfksmxzkc >> Image Returned >> 2020-10-08 13:46:31.684200

x6tfksmxzkc >> End >> 2020-10-08 13:46:31.857053

6r8mupbuxup >> Start >> 2020-10-08 13:47:30.704294

6r8mupbuxup >> Image Returned >> 2020-10-08 13:47:30.707612

6r8mupbuxup >> End >> 2020-10-08 13:47:30.886539

nzea03b3e38 >> Start >> 2020-10-08 13:50:06.651226

nzea03b3e38 >> Image Returned >> 2020-10-08 13:50:06.654578

nzea03b3e38 >> End >> 2020-10-08 13:50:06.830212

gftx6kak7wm >> Start >> 2020-10-08 13:52:51.575335

gftx6kak7wm >> Image Returned >> 2020-10-08 13:52:51.579034

gftx6kak7wm >> End >> 2020-10-08 13:52:51.746805

h8h2zyjezm4 >> Start >> 2020-10-08 13:57:26.757035

h8h2zyjezm4 >> Image Returned >> 2020-10-08 13:57:26.760405

h8h2zyjezm4 >> End >> 2020-10-08 13:57:26.929425

7aiffnd42ra >> Start >> 2020-10-08 13:58:20.159677

7aiffnd42ra >> Image Returned >> 2020-10-08 13:58:20.163059

7aiffnd42ra >> End >> 2020-10-08 13:58:20.359889

o4qfoknkyns >> Start >> 2020-10-08 14:02:36.417108

o4qfoknkyns >> Image Returned >> 2020-10-08 14:02:36.420304

o4qfoknkyns >> End >> 2020-10-08 14:02:36.595159

qbrf4pxzptc >> Start >> 2020-10-08 14:05:31.373048

qbrf4pxzptc >> Image Returned >> 2020-10-08 14:05:31.376044

qbrf4pxzptc >> End >> 2020-10-08 14:05:31.544764

vda8bfmgiys >> Start >> 2020-10-08 14:07:17.212630

vda8bfmgiys >> Image Returned >> 2020-10-08 14:07:17.216300

vda8bfmgiys >> End >> 2020-10-08 14:07:17.392904

sf57j633rfo >> Start >> 2020-10-08 14:08:28.057764

sf57j633rfo >> Image Returned >> 2020-10-08 14:08:28.061268

sf57j633rfo >> End >> 2020-10-08 14:08:28.231311

2eagfwynknp >> Start >> 2020-10-08 14:21:23.515360

2eagfwynknp >> Image Returned >> 2020-10-08 14:21:23.520620

2eagfwynknp >> End >> 2020-10-08 14:21:23.648035

hopu4yuonok >> Start >> 2020-10-08 14:21:26.601756

hopu4yuonok >> Image Returned >> 2020-10-08 14:21:26.602082

hopu4yuonok >> End >> 2020-10-08 14:21:26.767122

kzu6mmxgkrm >> Start >> 2020-10-08 14:22:21.632167

kzu6mmxgkrm >> Image Returned >> 2020-10-08 14:22:21.635184

kzu6mmxgkrm >> End >> 2020-10-08 14:22:21.818382

76epicwtfuv >> Start >> 2020-10-08 14:22:49.474230

76epicwtfuv >> Image Returned >> 2020-10-08 14:22:49.477184

76epicwtfuv >> End >> 2020-10-08 14:22:49.650471

pbot0f0ma6p >> Start >> 2020-10-08 14:26:09.040365

pbot0f0ma6p >> Image Returned >> 2020-10-08 14:26:09.044971

pbot0f0ma6p >> End >> 2020-10-08 14:26:09.217237

0ejsfo3sdsc >> Start >> 2020-10-08 14:29:10.784480

0ejsfo3sdsc >> Image Returned >> 2020-10-08 14:29:10.787482

0ejsfo3sdsc >> End >> 2020-10-08 14:29:10.971383

42cygk4wxw0 >> Start >> 2020-10-08 14:33:55.740627

42cygk4wxw0 >> Image Returned >> 2020-10-08 14:33:55.743829

42cygk4wxw0 >> End >> 2020-10-08 14:33:55.918481

xqq4vrsmssu >> Start >> 2020-10-08 14:34:08.881331

xqq4vrsmssu >> Image Returned >> 2020-10-08 14:34:08.884251

xqq4vrsmssu >> End >> 2020-10-08 14:34:09.080661

bjthfmmgrhc >> Start >> 2020-10-08 14:35:54.720952

bjthfmmgrhc >> Image Returned >> 2020-10-08 14:35:54.724064

bjthfmmgrhc >> End >> 2020-10-08 14:35:54.914690

ozwk38bnfra >> Start >> 2020-10-08 14:36:04.891115

ozwk38bnfra >> Image Returned >> 2020-10-08 14:36:04.891401

ozwk38bnfra >> End >> 2020-10-08 14:36:05.062376

yzjfd8bash0 >> Start >> 2020-10-08 14:37:24.979363

yzjfd8bash0 >> Image Returned >> 2020-10-08 14:37:24.984397

yzjfd8bash0 >> End >> 2020-10-08 14:37:25.160020

bquu6msqpeo >> Start >> 2020-10-08 14:37:57.047224

bquu6msqpeo >> Image Returned >> 2020-10-08 14:37:57.050378

bquu6msqpeo >> End >> 2020-10-08 14:37:57.255636

33znpcikek3 >> Start >> 2020-10-08 14:39:47.497684

33znpcikek3 >> Image Returned >> 2020-10-08 14:39:47.500720

33znpcikek3 >> End >> 2020-10-08 14:39:47.667916

cb5qdcw4ocp >> Start >> 2020-10-08 14:43:42.002713

cb5qdcw4ocp >> Image Returned >> 2020-10-08 14:43:42.006545

cb5qdcw4ocp >> End >> 2020-10-08 14:43:42.178206

2mwgdozo8sf >> Start >> 2020-10-08 14:47:57.701745

2mwgdozo8sf >> Image Returned >> 2020-10-08 14:47:57.705329

2mwgdozo8sf >> End >> 2020-10-08 14:47:57.902951

uqqjoin8gmt >> Start >> 2020-10-08 14:48:37.506091

uqqjoin8gmt >> Image Returned >> 2020-10-08 14:48:37.509849

uqqjoin8gmt >> End >> 2020-10-08 14:48:37.701343

o6aqo4na6ea >> Start >> 2020-10-08 14:49:51.048855

o6aqo4na6ea >> Image Returned >> 2020-10-08 14:49:51.052046

o6aqo4na6ea >> End >> 2020-10-08 14:49:51.224911

35ab0tmnwox >> Start >> 2020-10-08 15:02:02.701900

35ab0tmnwox >> Image Returned >> 2020-10-08 15:02:02.705214

35ab0tmnwox >> End >> 2020-10-08 15:02:02.882015

bvyrepdrnac >> Start >> 2020-10-08 15:04:28.533289

bvyrepdrnac >> Image Returned >> 2020-10-08 15:04:28.536326

bvyrepdrnac >> End >> 2020-10-08 15:04:28.721267

8ocbgy0wdkn >> Start >> 2020-10-08 15:15:41.518382

8ocbgy0wdkn >> Image Returned >> 2020-10-08 15:15:41.521842

8ocbgy0wdkn >> End >> 2020-10-08 15:15:41.697438

3yz8rsfr4hu >> Start >> 2020-10-08 15:16:06.780073

3yz8rsfr4hu >> Image Returned >> 2020-10-08 15:16:06.783114

3yz8rsfr4hu >> End >> 2020-10-08 15:16:06.983973

5ptxpjwg35o >> Start >> 2020-10-08 15:16:35.141439

5ptxpjwg35o >> Image Returned >> 2020-10-08 15:16:35.144444

5ptxpjwg35o >> End >> 2020-10-08 15:16:35.309537

kyseomrvyzs >> Start >> 2020-10-08 15:17:05.196206

kyseomrvyzs >> Image Returned >> 2020-10-08 15:17:05.199565

kyseomrvyzs >> End >> 2020-10-08 15:17:05.397357

x8xqn0vni30 >> Start >> 2020-10-08 15:19:26.386326

x8xqn0vni30 >> Image Returned >> 2020-10-08 15:19:26.389385

x8xqn0vni30 >> End >> 2020-10-08 15:19:26.557413

x4wpvv6ffok >> Start >> 2020-10-08 15:19:46.199392

x4wpvv6ffok >> Image Returned >> 2020-10-08 15:19:46.202754

x4wpvv6ffok >> End >> 2020-10-08 15:19:46.368927

mpn440nx6fx >> Start >> 2020-10-08 15:19:59.359174

mpn440nx6fx >> Image Returned >> 2020-10-08 15:19:59.362621

mpn440nx6fx >> End >> 2020-10-08 15:19:59.527225

r3x5t3bdwms >> Start >> 2020-10-08 15:22:27.719405

r3x5t3bdwms >> Image Returned >> 2020-10-08 15:22:27.722836

r3x5t3bdwms >> End >> 2020-10-08 15:22:27.902486

oszzyd6z8gw >> Start >> 2020-10-08 15:23:12.430839

oszzyd6z8gw >> Image Returned >> 2020-10-08 15:23:12.434179

oszzyd6z8gw >> End >> 2020-10-08 15:23:12.602956

gi66g4fy2wd >> Start >> 2020-10-08 15:24:07.520164

gi66g4fy2wd >> Image Returned >> 2020-10-08 15:24:07.523116

gi66g4fy2wd >> End >> 2020-10-08 15:24:07.692276

xw6zc4etppr >> Start >> 2020-10-08 15:35:02.579797

xw6zc4etppr >> Image Returned >> 2020-10-08 15:35:02.584276

xw6zc4etppr >> End >> 2020-10-08 15:35:02.756798

xxgdomjk2o4 >> Start >> 2020-10-08 15:37:08.046538

xxgdomjk2o4 >> Image Returned >> 2020-10-08 15:37:08.049900

xxgdomjk2o4 >> End >> 2020-10-08 15:37:08.219547

vb6u7axocba >> Start >> 2020-10-08 15:41:53.996469

vb6u7axocba >> Image Returned >> 2020-10-08 15:41:53.999516

vb6u7axocba >> End >> 2020-10-08 15:41:54.166667

dpk7j5i7wvp >> Start >> 2020-10-08 15:45:42.072124

dpk7j5i7wvp >> Image Returned >> 2020-10-08 15:45:42.075701

dpk7j5i7wvp >> End >> 2020-10-08 15:45:42.248198

o8od53peypr >> Start >> 2020-10-08 15:46:09.872818

o8od53peypr >> Image Returned >> 2020-10-08 15:46:09.876503

o8od53peypr >> End >> 2020-10-08 15:46:10.071069

xdy0kczasmh >> Start >> 2020-10-08 15:46:41.928678

xdy0kczasmh >> Image Returned >> 2020-10-08 15:46:41.931638

xdy0kczasmh >> End >> 2020-10-08 15:46:42.133522

ws4pdqwakf6 >> Start >> 2020-10-08 15:55:30.457012

ws4pdqwakf6 >> Image Returned >> 2020-10-08 15:55:30.460496

ws4pdqwakf6 >> End >> 2020-10-08 15:55:30.620623

4oxdtrxfmv8 >> Start >> 2020-10-08 16:07:51.607202

4oxdtrxfmv8 >> Image Returned >> 2020-10-08 16:07:51.610215

4oxdtrxfmv8 >> End >> 2020-10-08 16:07:51.822604

5afmz4o3ejn >> Start >> 2020-10-08 16:12:35.649120

5afmz4o3ejn >> Image Returned >> 2020-10-08 16:12:35.652498

5afmz4o3ejn >> End >> 2020-10-08 16:12:35.815386

6punqtdqzda >> Start >> 2020-10-08 16:13:59.181370

6punqtdqzda >> Image Returned >> 2020-10-08 16:13:59.184649

6punqtdqzda >> End >> 2020-10-08 16:13:59.313272

6x5up2kwtkb >> Start >> 2020-10-08 16:14:23.781510

6x5up2kwtkb >> Image Returned >> 2020-10-08 16:14:23.784501

6x5up2kwtkb >> End >> 2020-10-08 16:14:23.946616

a64zttisujt >> Start >> 2020-10-08 16:15:31.736552

a64zttisujt >> Image Returned >> 2020-10-08 16:15:31.739604

a64zttisujt >> End >> 2020-10-08 16:15:31.909548

dc0zj4esbhx >> Start >> 2020-10-08 16:17:49.531651

dc0zj4esbhx >> Image Returned >> 2020-10-08 16:17:49.534641

dc0zj4esbhx >> End >> 2020-10-08 16:17:49.707223

cbto7upy04q >> Start >> 2020-10-08 16:20:52.275886

cbto7upy04q >> Image Returned >> 2020-10-08 16:20:52.279648

cbto7upy04q >> End >> 2020-10-08 16:20:52.446367

7r0bubvj8gt >> Start >> 2020-10-08 16:26:12.591948

7r0bubvj8gt >> Image Returned >> 2020-10-08 16:26:12.595608

7r0bubvj8gt >> End >> 2020-10-08 16:26:12.762629

f3w8qe6qd6a >> Start >> 2020-10-08 16:28:06.761933

f3w8qe6qd6a >> Image Returned >> 2020-10-08 16:28:06.765050

f3w8qe6qd6a >> End >> 2020-10-08 16:28:06.937597

vbttmfsfqbs >> Start >> 2020-10-08 16:28:42.290247

vbttmfsfqbs >> Image Returned >> 2020-10-08 16:28:42.293241

vbttmfsfqbs >> End >> 2020-10-08 16:28:42.502202

jbwmhth466x >> Start >> 2020-10-08 16:30:54.332529

jbwmhth466x >> Image Returned >> 2020-10-08 16:30:54.337033

jbwmhth466x >> End >> 2020-10-08 16:30:54.501147

ps4e46bmsui >> Start >> 2020-10-08 16:31:39.211558

ps4e46bmsui >> Image Returned >> 2020-10-08 16:31:39.214683

ps4e46bmsui >> End >> 2020-10-08 16:31:39.378436

6bwzdm87c5m >> Start >> 2020-10-08 16:31:51.702693

6bwzdm87c5m >> Image Returned >> 2020-10-08 16:31:51.705705

6bwzdm87c5m >> End >> 2020-10-08 16:31:51.887372

os4qrn0uzfk >> Start >> 2020-10-08 16:35:08.353405

os4qrn0uzfk >> Image Returned >> 2020-10-08 16:35:08.356602

os4qrn0uzfk >> End >> 2020-10-08 16:35:08.519820

kwitnmuk5he >> Start >> 2020-10-08 16:35:45.191304

kwitnmuk5he >> Image Returned >> 2020-10-08 16:35:45.195697

kwitnmuk5he >> End >> 2020-10-08 16:35:45.364238

iqqqxty662o >> Start >> 2020-10-08 16:35:55.256620

iqqqxty662o >> Image Returned >> 2020-10-08 16:35:55.256958

iqqqxty662o >> End >> 2020-10-08 16:35:55.477124

h2207kq68mq >> Start >> 2020-10-08 16:36:10.791687

h2207kq68mq >> Image Returned >> 2020-10-08 16:36:10.795115

h2207kq68mq >> End >> 2020-10-08 16:36:10.963735

cvmiikiyvtb >> Start >> 2020-10-08 16:36:11.032656

cvmiikiyvtb >> Image Returned >> 2020-10-08 16:36:11.032948

cvmiikiyvtb >> End >> 2020-10-08 16:36:11.207098

yiruix8szfc >> Start >> 2020-10-08 16:36:54.563292

yiruix8szfc >> Image Returned >> 2020-10-08 16:36:54.567146

yiruix8szfc >> End >> 2020-10-08 16:36:54.729573

citsr5e2y2g >> Start >> 2020-10-08 16:45:01.761029

citsr5e2y2g >> Image Returned >> 2020-10-08 16:45:01.764748

citsr5e2y2g >> End >> 2020-10-08 16:45:01.966487

x63fux0eapv >> Start >> 2020-10-08 16:55:22.489773

x63fux0eapv >> Image Returned >> 2020-10-08 16:55:22.493431

x63fux0eapv >> End >> 2020-10-08 16:55:22.673896

g3unbx423k2 >> Start >> 2020-10-08 16:56:12.948281

g3unbx423k2 >> Image Returned >> 2020-10-08 16:56:12.951618

g3unbx423k2 >> End >> 2020-10-08 16:56:13.129112

3pmf5kgxpk3 >> Start >> 2020-10-08 17:04:28.404203

3pmf5kgxpk3 >> Image Returned >> 2020-10-08 17:04:28.408899

3pmf5kgxpk3 >> End >> 2020-10-08 17:04:28.569169

jtuzip5dcar >> Start >> 2020-10-08 17:12:53.498476

jtuzip5dcar >> Image Returned >> 2020-10-08 17:12:53.501589

jtuzip5dcar >> End >> 2020-10-08 17:12:53.661299

fxer6yb24kq >> Start >> 2020-10-08 17:13:05.436981

fxer6yb24kq >> Image Returned >> 2020-10-08 17:13:05.440126

fxer6yb24kq >> End >> 2020-10-08 17:13:05.607279

r2nmtt3mhrh >> Start >> 2020-10-08 17:17:29.269831

r2nmtt3mhrh >> Image Returned >> 2020-10-08 17:17:29.273375

r2nmtt3mhrh >> End >> 2020-10-08 17:17:29.488828

gqk53zfex7r >> Start >> 2020-10-08 17:18:35.719717

gqk53zfex7r >> Image Returned >> 2020-10-08 17:18:35.723675

gqk53zfex7r >> End >> 2020-10-08 17:18:35.892652

d4rqxdmpdj2 >> Start >> 2020-10-08 17:27:08.457756

d4rqxdmpdj2 >> Image Returned >> 2020-10-08 17:27:08.460863

d4rqxdmpdj2 >> End >> 2020-10-08 17:27:08.644366

ii60wcm48qu >> Start >> 2020-10-08 17:27:54.214684

ii60wcm48qu >> Image Returned >> 2020-10-08 17:27:54.217772

ii60wcm48qu >> End >> 2020-10-08 17:27:54.416939

m80vkhzo0ji >> Start >> 2020-10-08 17:41:36.662645

m80vkhzo0ji >> Image Returned >> 2020-10-08 17:41:36.665812

m80vkhzo0ji >> End >> 2020-10-08 17:41:36.848113

xzuv83mzr7u >> Start >> 2020-10-08 17:45:01.646476

xzuv83mzr7u >> Image Returned >> 2020-10-08 17:45:01.650474

xzuv83mzr7u >> End >> 2020-10-08 17:45:01.839247

wqwrjdaahyi >> Start >> 2020-10-08 17:46:34.977457

wqwrjdaahyi >> Image Returned >> 2020-10-08 17:46:34.980557

wqwrjdaahyi >> End >> 2020-10-08 17:46:35.159327

6pkb667qvus >> Start >> 2020-10-08 17:48:30.129127

6pkb667qvus >> Image Returned >> 2020-10-08 17:48:30.132585

6pkb667qvus >> End >> 2020-10-08 17:48:30.301506

ocsixqupmdd >> Start >> 2020-10-08 17:50:28.514730

ocsixqupmdd >> Image Returned >> 2020-10-08 17:50:28.517812

ocsixqupmdd >> End >> 2020-10-08 17:50:28.716908

23363d05fue >> Start >> 2020-10-08 17:53:29.102787

23363d05fue >> Image Returned >> 2020-10-08 17:53:29.106820

23363d05fue >> End >> 2020-10-08 17:53:29.281759

vzpssq3kyjv >> Start >> 2020-10-08 17:53:52.946599

vzpssq3kyjv >> Image Returned >> 2020-10-08 17:53:52.950134

vzpssq3kyjv >> End >> 2020-10-08 17:53:53.125794

u4foigohd8z >> Start >> 2020-10-08 17:58:52.620796

u4foigohd8z >> Image Returned >> 2020-10-08 17:58:52.624402

u4foigohd8z >> End >> 2020-10-08 17:58:52.795814

bg7aqtk4jvd >> Start >> 2020-10-08 18:01:30.602953

bg7aqtk4jvd >> Image Returned >> 2020-10-08 18:01:30.607620

bg7aqtk4jvd >> End >> 2020-10-08 18:01:30.788217

bnqt83d4cm4 >> Start >> 2020-10-08 18:02:51.930716

bnqt83d4cm4 >> Image Returned >> 2020-10-08 18:02:51.934273

bnqt83d4cm4 >> End >> 2020-10-08 18:02:52.097934

gsc457v8emd >> Start >> 2020-10-08 18:10:03.072232

gsc457v8emd >> Image Returned >> 2020-10-08 18:10:03.076622

gsc457v8emd >> End >> 2020-10-08 18:10:03.312926

hdcnr5i00br >> Start >> 2020-10-08 18:11:23.478264

hdcnr5i00br >> Image Returned >> 2020-10-08 18:11:23.481369

hdcnr5i00br >> End >> 2020-10-08 18:11:23.650393

87oqrbrd0xi >> Start >> 2020-10-08 18:20:07.668226

87oqrbrd0xi >> Image Returned >> 2020-10-08 18:20:07.671833

87oqrbrd0xi >> End >> 2020-10-08 18:20:07.850848

nx0qk6a7ibd >> Start >> 2020-10-08 18:22:59.144843

nx0qk6a7ibd >> Image Returned >> 2020-10-08 18:22:59.148334

nx0qk6a7ibd >> End >> 2020-10-08 18:22:59.316850

hpogz6a2pfm >> Start >> 2020-10-08 18:26:23.609026

hpogz6a2pfm >> Image Returned >> 2020-10-08 18:26:23.612442

hpogz6a2pfm >> End >> 2020-10-08 18:26:23.744524

3kpgtgcdh7p >> Start >> 2020-10-08 18:36:43.967447

3kpgtgcdh7p >> Image Returned >> 2020-10-08 18:36:43.973314

3kpgtgcdh7p >> End >> 2020-10-08 18:36:44.204015

r2yg4mkpha3 >> Start >> 2020-10-08 18:40:49.530193

r2yg4mkpha3 >> Image Returned >> 2020-10-08 18:40:49.533371

r2yg4mkpha3 >> End >> 2020-10-08 18:40:49.724509

3s42idjqjva >> Start >> 2020-10-08 18:41:22.996743

3s42idjqjva >> Image Returned >> 2020-10-08 18:41:22.999897

3s42idjqjva >> End >> 2020-10-08 18:41:23.167191

ijc7pcdava4 >> Start >> 2020-10-08 18:43:06.120769

ijc7pcdava4 >> Image Returned >> 2020-10-08 18:43:06.124469

ijc7pcdava4 >> End >> 2020-10-08 18:43:06.250904

iigpmg0dwrz >> Start >> 2020-10-08 18:46:12.359750

iigpmg0dwrz >> Image Returned >> 2020-10-08 18:46:12.362833

iigpmg0dwrz >> End >> 2020-10-08 18:46:12.530364

r405jcfdxse >> Start >> 2020-10-08 18:46:34.047425

r405jcfdxse >> Image Returned >> 2020-10-08 18:46:34.050652

r405jcfdxse >> End >> 2020-10-08 18:46:34.217596

upeguwtq0yn >> Start >> 2020-10-08 18:57:30.863271

upeguwtq0yn >> Image Returned >> 2020-10-08 18:57:30.866945

upeguwtq0yn >> End >> 2020-10-08 18:57:31.030288

kecnauwopjp >> Start >> 2020-10-08 18:58:55.492316

kecnauwopjp >> Image Returned >> 2020-10-08 18:58:55.495708

kecnauwopjp >> End >> 2020-10-08 18:58:55.675672

bp3wzb2o5uk >> Start >> 2020-10-08 19:00:02.385678

bp3wzb2o5uk >> Image Returned >> 2020-10-08 19:00:02.388881

bp3wzb2o5uk >> End >> 2020-10-08 19:00:02.847707

0nc5dwp07cb >> Start >> 2020-10-08 19:01:53.027981

0nc5dwp07cb >> Image Returned >> 2020-10-08 19:01:53.031302

0nc5dwp07cb >> End >> 2020-10-08 19:01:53.206676

ave2dwbmhyv >> Start >> 2020-10-08 19:02:28.371299

ave2dwbmhyv >> Image Returned >> 2020-10-08 19:02:28.375113

ave2dwbmhyv >> End >> 2020-10-08 19:02:28.541795

yryikw4jdkv >> Start >> 2020-10-08 19:03:51.705768

yryikw4jdkv >> Image Returned >> 2020-10-08 19:03:51.709270

yryikw4jdkv >> End >> 2020-10-08 19:03:51.892532

ijzw04r4qhm >> Start >> 2020-10-08 19:04:14.557460

ijzw04r4qhm >> Image Returned >> 2020-10-08 19:04:14.560658

ijzw04r4qhm >> End >> 2020-10-08 19:04:14.689021

pv0xbxisq6g >> Start >> 2020-10-08 19:18:18.091063

pv0xbxisq6g >> Image Returned >> 2020-10-08 19:18:18.095396

pv0xbxisq6g >> End >> 2020-10-08 19:18:18.285054

y6b86bop3ed >> Start >> 2020-10-08 19:19:44.028693

y6b86bop3ed >> Image Returned >> 2020-10-08 19:19:44.032186

y6b86bop3ed >> End >> 2020-10-08 19:19:44.193986

bis4uwfnthx >> Start >> 2020-10-08 19:20:46.723860

bis4uwfnthx >> Image Returned >> 2020-10-08 19:20:46.727030

bis4uwfnthx >> End >> 2020-10-08 19:20:46.889961

e6yc52vcx4p >> Start >> 2020-10-08 19:22:09.336736

e6yc52vcx4p >> Image Returned >> 2020-10-08 19:22:09.340795

e6yc52vcx4p >> End >> 2020-10-08 19:22:09.546919

pgeo4tpj4q7 >> Start >> 2020-10-08 19:23:16.426759

pgeo4tpj4q7 >> Image Returned >> 2020-10-08 19:23:16.429934

pgeo4tpj4q7 >> End >> 2020-10-08 19:23:16.608676

f8xotgqfa8j >> Start >> 2020-10-08 19:32:53.380805

f8xotgqfa8j >> Image Returned >> 2020-10-08 19:32:53.385638

f8xotgqfa8j >> End >> 2020-10-08 19:32:53.560787

go7r0007q88 >> Start >> 2020-10-08 19:34:48.297082

go7r0007q88 >> Image Returned >> 2020-10-08 19:34:48.300296

go7r0007q88 >> End >> 2020-10-08 19:34:48.493784

qrmi4r7vyk7 >> Start >> 2020-10-08 19:34:58.741293

qrmi4r7vyk7 >> Image Returned >> 2020-10-08 19:34:58.741578

qrmi4r7vyk7 >> End >> 2020-10-08 19:34:58.910855

jnfizq0h0c7 >> Start >> 2020-10-08 19:37:11.192364

jnfizq0h0c7 >> Image Returned >> 2020-10-08 19:37:11.197072

jnfizq0h0c7 >> End >> 2020-10-08 19:37:11.367995

0en2wcubioc >> Start >> 2020-10-08 19:38:34.428400

0en2wcubioc >> Image Returned >> 2020-10-08 19:38:34.432207

0en2wcubioc >> End >> 2020-10-08 19:38:34.599966

onuhxtw6qpr >> Start >> 2020-10-08 19:38:44.525257

onuhxtw6qpr >> Image Returned >> 2020-10-08 19:38:44.525561

onuhxtw6qpr >> End >> 2020-10-08 19:38:44.688493

8mabc6bstfb >> Start >> 2020-10-08 19:39:25.968594

8mabc6bstfb >> Image Returned >> 2020-10-08 19:39:25.971803

8mabc6bstfb >> End >> 2020-10-08 19:39:26.149280

56pep35pm3k >> Start >> 2020-10-08 19:39:28.195307

56pep35pm3k >> Image Returned >> 2020-10-08 19:39:28.195580

56pep35pm3k >> End >> 2020-10-08 19:39:28.367294

3hhcpbmsg4r >> Start >> 2020-10-08 19:40:02.742810

3hhcpbmsg4r >> Image Returned >> 2020-10-08 19:40:02.746190

3hhcpbmsg4r >> End >> 2020-10-08 19:40:02.930143

6a4dmzpz0qw >> Start >> 2020-10-08 19:41:02.839302

6a4dmzpz0qw >> Image Returned >> 2020-10-08 19:41:02.843086

6a4dmzpz0qw >> End >> 2020-10-08 19:41:03.021356

37zjeagwbj7 >> Start >> 2020-10-08 19:43:48.728892

37zjeagwbj7 >> Image Returned >> 2020-10-08 19:43:48.732139

37zjeagwbj7 >> End >> 2020-10-08 19:43:48.905168

w0n8zapprzo >> Start >> 2020-10-08 19:45:35.709418

w0n8zapprzo >> Image Returned >> 2020-10-08 19:45:35.713032

w0n8zapprzo >> End >> 2020-10-08 19:45:35.879188

xrxzxt75dvt >> Start >> 2020-10-08 19:46:30.230753

xrxzxt75dvt >> Image Returned >> 2020-10-08 19:46:30.234405

xrxzxt75dvt >> End >> 2020-10-08 19:46:30.417577

4fbhrfovgu5 >> Start >> 2020-10-08 19:46:38.957778

4fbhrfovgu5 >> Image Returned >> 2020-10-08 19:46:38.958087

4fbhrfovgu5 >> End >> 2020-10-08 19:46:39.141297

stbn3zjgetd >> Start >> 2020-10-08 19:47:26.744098

stbn3zjgetd >> Image Returned >> 2020-10-08 19:47:26.747895

stbn3zjgetd >> End >> 2020-10-08 19:47:26.943069

aw8jdoddeqm >> Start >> 2020-10-08 19:47:52.877331

aw8jdoddeqm >> Image Returned >> 2020-10-08 19:47:52.880496

aw8jdoddeqm >> End >> 2020-10-08 19:47:53.054671

qu736eirvpb >> Start >> 2020-10-08 19:48:04.287303

qu736eirvpb >> Image Returned >> 2020-10-08 19:48:04.291496

qu736eirvpb >> End >> 2020-10-08 19:48:04.572841

j6krb5z7ixz >> Start >> 2020-10-08 19:48:04.682990

j6krb5z7ixz >> Image Returned >> 2020-10-08 19:48:04.683304

j6krb5z7ixz >> End >> 2020-10-08 19:48:04.891659

tirgnwbmjrt >> Start >> 2020-10-08 19:48:54.048121

tirgnwbmjrt >> Image Returned >> 2020-10-08 19:48:54.051561

tirgnwbmjrt >> End >> 2020-10-08 19:48:54.215506

eb3gufa55by >> Start >> 2020-10-08 19:51:34.175292

eb3gufa55by >> Image Returned >> 2020-10-08 19:51:34.178867

eb3gufa55by >> End >> 2020-10-08 19:51:34.353322

k2jgrip3b6i >> Start >> 2020-10-08 19:58:30.986613

k2jgrip3b6i >> Image Returned >> 2020-10-08 19:58:30.990856

k2jgrip3b6i >> End >> 2020-10-08 19:58:31.160329

r8zpb8ort6x >> Start >> 2020-10-08 19:59:31.128042

r8zpb8ort6x >> Image Returned >> 2020-10-08 19:59:31.131496

r8zpb8ort6x >> End >> 2020-10-08 19:59:31.309263

68iqjkmxdq4 >> Start >> 2020-10-08 20:02:57.130573

68iqjkmxdq4 >> Image Returned >> 2020-10-08 20:02:57.133805

68iqjkmxdq4 >> End >> 2020-10-08 20:02:57.298427

rz54254hdmo >> Start >> 2020-10-08 20:03:13.775670

rz54254hdmo >> Image Returned >> 2020-10-08 20:03:13.778950

rz54254hdmo >> End >> 2020-10-08 20:03:13.949992

7kmdv48n5ei >> Start >> 2020-10-08 20:03:33.474406

7kmdv48n5ei >> Image Returned >> 2020-10-08 20:03:33.477678

7kmdv48n5ei >> End >> 2020-10-08 20:03:33.660100

4qevm6adg2o >> Start >> 2020-10-08 20:03:47.310136

4qevm6adg2o >> Image Returned >> 2020-10-08 20:03:47.313452

4qevm6adg2o >> End >> 2020-10-08 20:03:47.446947

ap6wofduwcp >> Start >> 2020-10-08 20:04:04.499991

ap6wofduwcp >> Image Returned >> 2020-10-08 20:04:04.503536

ap6wofduwcp >> End >> 2020-10-08 20:04:04.629545

etxj7ry3mem >> Start >> 2020-10-08 20:04:13.253710

etxj7ry3mem >> Image Returned >> 2020-10-08 20:04:13.254128

etxj7ry3mem >> End >> 2020-10-08 20:04:13.440857

tso5ryoo0wo >> Start >> 2020-10-08 20:04:48.168778

tso5ryoo0wo >> Image Returned >> 2020-10-08 20:04:48.172250

tso5ryoo0wo >> End >> 2020-10-08 20:04:48.340217

tigffq0cx8n >> Start >> 2020-10-08 20:05:54.807284

tigffq0cx8n >> Image Returned >> 2020-10-08 20:05:54.811127

tigffq0cx8n >> End >> 2020-10-08 20:05:54.974889

4z2e5ig0baf >> Start >> 2020-10-08 20:06:33.027576

4z2e5ig0baf >> Image Returned >> 2020-10-08 20:06:33.031088

4z2e5ig0baf >> End >> 2020-10-08 20:06:33.199177

t6yto0j3i8j >> Start >> 2020-10-08 20:09:58.672884

t6yto0j3i8j >> Image Returned >> 2020-10-08 20:09:58.676467

t6yto0j3i8j >> End >> 2020-10-08 20:09:58.840908

g3kpxmaj28v >> Start >> 2020-10-08 20:28:15.028589

g3kpxmaj28v >> Image Returned >> 2020-10-08 20:28:15.031806

g3kpxmaj28v >> End >> 2020-10-08 20:28:15.191555

4wrmmpt2a5b >> Start >> 2020-10-08 20:34:09.380242

4wrmmpt2a5b >> Image Returned >> 2020-10-08 20:34:09.383714

4wrmmpt2a5b >> End >> 2020-10-08 20:34:09.548197

ntt3tie4odo >> Start >> 2020-10-08 20:34:53.729597

ntt3tie4odo >> Image Returned >> 2020-10-08 20:34:53.734142

ntt3tie4odo >> End >> 2020-10-08 20:34:53.894351

4z7kt6rz0mn >> Start >> 2020-10-08 20:48:31.222378

4z7kt6rz0mn >> Image Returned >> 2020-10-08 20:48:31.226265

4z7kt6rz0mn >> End >> 2020-10-08 20:48:31.398406

i54sbj08mmn >> Start >> 2020-10-08 20:49:46.174621

i54sbj08mmn >> Image Returned >> 2020-10-08 20:49:46.178234

i54sbj08mmn >> End >> 2020-10-08 20:49:46.363521

80ydraptaqv >> Start >> 2020-10-08 20:50:01.971901

80ydraptaqv >> Image Returned >> 2020-10-08 20:50:01.975249

80ydraptaqv >> End >> 2020-10-08 20:50:02.146805

v45aw5aegge >> Start >> 2020-10-08 20:52:00.514146

v45aw5aegge >> Image Returned >> 2020-10-08 20:52:00.518346

v45aw5aegge >> End >> 2020-10-08 20:52:00.685457

ytg5gv8uzoy >> Start >> 2020-10-08 20:53:46.448884

ytg5gv8uzoy >> Image Returned >> 2020-10-08 20:53:46.452476

ytg5gv8uzoy >> End >> 2020-10-08 20:53:46.615549

403aiv3uvrj >> Start >> 2020-10-08 20:59:29.268332

403aiv3uvrj >> Image Returned >> 2020-10-08 20:59:29.271564

403aiv3uvrj >> End >> 2020-10-08 20:59:29.439081

opoccgxwzmn >> Start >> 2020-10-08 21:01:16.014494

opoccgxwzmn >> Image Returned >> 2020-10-08 21:01:16.018132

opoccgxwzmn >> End >> 2020-10-08 21:01:16.197937

ryuj0imywdn >> Start >> 2020-10-08 21:06:18.256238

ryuj0imywdn >> Image Returned >> 2020-10-08 21:06:18.259988

ryuj0imywdn >> End >> 2020-10-08 21:06:18.423466

8qik8nooydu >> Start >> 2020-10-08 21:08:08.575395

8qik8nooydu >> Image Returned >> 2020-10-08 21:08:08.579555

8qik8nooydu >> End >> 2020-10-08 21:08:08.776262

u4upj3yqhej >> Start >> 2020-10-08 21:10:39.736011

u4upj3yqhej >> Image Returned >> 2020-10-08 21:10:39.739662

u4upj3yqhej >> End >> 2020-10-08 21:10:39.905010

og3x6i0y4hx >> Start >> 2020-10-08 21:11:55.149229

og3x6i0y4hx >> Image Returned >> 2020-10-08 21:11:55.152702

og3x6i0y4hx >> End >> 2020-10-08 21:11:55.319607

04pusfrtj6f >> Start >> 2020-10-08 21:16:01.455380

04pusfrtj6f >> Image Returned >> 2020-10-08 21:16:01.459011

04pusfrtj6f >> End >> 2020-10-08 21:16:01.633378

oddnefdyrku >> Start >> 2020-10-08 21:16:12.297931

oddnefdyrku >> Image Returned >> 2020-10-08 21:16:12.298294

oddnefdyrku >> End >> 2020-10-08 21:16:12.476524

5cxat0ztf7k >> Start >> 2020-10-08 21:26:10.700627

5cxat0ztf7k >> Image Returned >> 2020-10-08 21:26:10.704695

5cxat0ztf7k >> End >> 2020-10-08 21:26:10.868755

b3tkd4un4jt >> Start >> 2020-10-08 21:29:24.179136

b3tkd4un4jt >> Image Returned >> 2020-10-08 21:29:24.182696

b3tkd4un4jt >> End >> 2020-10-08 21:29:24.368136

syzy08cttjd >> Start >> 2020-10-08 21:29:29.156867

syzy08cttjd >> Image Returned >> 2020-10-08 21:29:29.157170

syzy08cttjd >> End >> 2020-10-08 21:29:29.322968

dgcfj7nqg0t >> Start >> 2020-10-08 21:30:11.175574

dgcfj7nqg0t >> Image Returned >> 2020-10-08 21:30:11.179924

dgcfj7nqg0t >> End >> 2020-10-08 21:30:11.362068

r4kvc5r47jq >> Start >> 2020-10-08 21:30:15.030301

r4kvc5r47jq >> Image Returned >> 2020-10-08 21:30:15.030627

r4kvc5r47jq >> End >> 2020-10-08 21:30:15.203191

gx7uards5s2 >> Start >> 2020-10-08 21:35:22.806158

gx7uards5s2 >> Image Returned >> 2020-10-08 21:35:22.809716

gx7uards5s2 >> End >> 2020-10-08 21:35:22.989206

053wcap5ho2 >> Start >> 2020-10-08 21:37:24.919379

053wcap5ho2 >> Image Returned >> 2020-10-08 21:37:24.923075

053wcap5ho2 >> End >> 2020-10-08 21:37:25.118952

e0z6aotteth >> Start >> 2020-10-08 21:38:02.504420

e0z6aotteth >> Image Returned >> 2020-10-08 21:38:02.507940

e0z6aotteth >> End >> 2020-10-08 21:38:02.670839

m5n45mc8i7j >> Start >> 2020-10-08 21:38:14.039307

m5n45mc8i7j >> Image Returned >> 2020-10-08 21:38:14.043276

m5n45mc8i7j >> End >> 2020-10-08 21:38:14.210968

xws333x62g4 >> Start >> 2020-10-08 21:39:25.759521

xws333x62g4 >> Image Returned >> 2020-10-08 21:39:25.763734

xws333x62g4 >> End >> 2020-10-08 21:39:25.946033

fepyrzix3k6 >> Start >> 2020-10-08 21:40:08.820905

fepyrzix3k6 >> Image Returned >> 2020-10-08 21:40:08.825007

fepyrzix3k6 >> End >> 2020-10-08 21:40:09.016948

wigdugskg8g >> Start >> 2020-10-08 21:40:56.088234

wigdugskg8g >> Image Returned >> 2020-10-08 21:40:56.091506

wigdugskg8g >> End >> 2020-10-08 21:40:56.256645

3uu7r4qi4pc >> Start >> 2020-10-08 21:43:13.189395

3uu7r4qi4pc >> Image Returned >> 2020-10-08 21:43:13.193269

3uu7r4qi4pc >> End >> 2020-10-08 21:43:13.383430

w66vuxthbjr >> Start >> 2020-10-08 21:55:00.726846

w66vuxthbjr >> Image Returned >> 2020-10-08 21:55:00.731472

w66vuxthbjr >> End >> 2020-10-08 21:55:00.900544

5vg5huvn40v >> Start >> 2020-10-08 21:58:16.285279

bfdw4aw0e88 >> Start >> 2020-10-08 21:58:16.289972

bfdw4aw0e88 >> Image Returned >> 2020-10-08 21:58:16.290179

bfdw4aw0e88 >> End >> 2020-10-08 21:58:16.456486

evdtw6wom2k >> Start >> 2020-10-08 21:59:50.929689

evdtw6wom2k >> Image Returned >> 2020-10-08 21:59:50.933415

evdtw6wom2k >> End >> 2020-10-08 21:59:51.095392

toqjfis0pmt >> Start >> 2020-10-08 22:00:27.039652

toqjfis0pmt >> Image Returned >> 2020-10-08 22:00:27.043070

toqjfis0pmt >> End >> 2020-10-08 22:00:27.237044

2cs4ttbpegi >> Start >> 2020-10-08 22:14:12.170105

2cs4ttbpegi >> Image Returned >> 2020-10-08 22:14:12.173820

2cs4ttbpegi >> End >> 2020-10-08 22:14:12.366102

sthqg8cipp4 >> Start >> 2020-10-08 22:20:10.829504

sthqg8cipp4 >> Image Returned >> 2020-10-08 22:20:10.833681

sthqg8cipp4 >> End >> 2020-10-08 22:20:10.998271

hwrriaqfr3y >> Start >> 2020-10-08 22:20:32.302845

hwrriaqfr3y >> Image Returned >> 2020-10-08 22:20:32.306165

hwrriaqfr3y >> End >> 2020-10-08 22:20:32.482222

7kzk5h0nrx8 >> Start >> 2020-10-08 22:24:12.818197

7kzk5h0nrx8 >> Image Returned >> 2020-10-08 22:24:12.822447

7kzk5h0nrx8 >> End >> 2020-10-08 22:24:12.988543

f70z83giwvg >> Start >> 2020-10-08 22:24:23.658075

f70z83giwvg >> Image Returned >> 2020-10-08 22:24:23.658349

f70z83giwvg >> End >> 2020-10-08 22:24:23.822280

b0zvj2508g8 >> Start >> 2020-10-08 22:25:42.218255

b0zvj2508g8 >> Image Returned >> 2020-10-08 22:25:42.221636

b0zvj2508g8 >> End >> 2020-10-08 22:25:42.386392

638seondjqp >> Start >> 2020-10-08 22:28:01.392318

638seondjqp >> Image Returned >> 2020-10-08 22:28:01.395766

638seondjqp >> End >> 2020-10-08 22:28:01.525453

kjjsb3gjwef >> Start >> 2020-10-08 22:36:33.188992

kjjsb3gjwef >> Image Returned >> 2020-10-08 22:36:33.192538

kjjsb3gjwef >> End >> 2020-10-08 22:36:33.414782

ptuu2y8x2ee >> Start >> 2020-10-08 22:41:44.481079

ptuu2y8x2ee >> Image Returned >> 2020-10-08 22:41:44.484349

ptuu2y8x2ee >> End >> 2020-10-08 22:41:44.709573

7bg0ih85a7g >> Start >> 2020-10-08 22:56:01.030219

7bg0ih85a7g >> Image Returned >> 2020-10-08 22:56:01.034739

7bg0ih85a7g >> End >> 2020-10-08 22:56:01.205955

bzafeiq6pmi >> Start >> 2020-10-08 22:56:06.384285

bzafeiq6pmi >> Image Returned >> 2020-10-08 22:56:06.384553

bzafeiq6pmi >> End >> 2020-10-08 22:56:06.544106

z3vns4d7x26 >> Start >> 2020-10-08 22:56:19.779599

z3vns4d7x26 >> Image Returned >> 2020-10-08 22:56:19.785068

z3vns4d7x26 >> End >> 2020-10-08 22:56:19.952073

ozbh5i2yehw >> Start >> 2020-10-08 22:56:38.283181

ozbh5i2yehw >> Image Returned >> 2020-10-08 22:56:38.286564

ozbh5i2yehw >> End >> 2020-10-08 22:56:38.452124

7prnk6ew3j6 >> Start >> 2020-10-08 23:03:54.155441

7prnk6ew3j6 >> Image Returned >> 2020-10-08 23:03:54.158826

7prnk6ew3j6 >> End >> 2020-10-08 23:03:54.335952

znq5mgv0rob >> Start >> 2020-10-08 23:33:07.923410

znq5mgv0rob >> Image Returned >> 2020-10-08 23:33:07.926774

znq5mgv0rob >> End >> 2020-10-08 23:33:08.106393

rgo8hps27gr >> Start >> 2020-10-08 23:37:20.510664

rgo8hps27gr >> Image Returned >> 2020-10-08 23:37:20.515477

rgo8hps27gr >> End >> 2020-10-08 23:37:21.896452

4tm34rv5kf7 >> Start >> 2020-10-08 23:48:58.257163

4tm34rv5kf7 >> Image Returned >> 2020-10-08 23:48:58.262005

4tm34rv5kf7 >> End >> 2020-10-08 23:48:58.426098

6atg3f5mf0t >> Start >> 2020-10-08 23:55:32.565920

6atg3f5mf0t >> Image Returned >> 2020-10-08 23:55:32.570127

6atg3f5mf0t >> End >> 2020-10-08 23:55:32.737843

45ih38wr0da >> Start >> 2020-10-08 23:57:42.600471

45ih38wr0da >> Image Returned >> 2020-10-08 23:57:42.604556

45ih38wr0da >> End >> 2020-10-08 23:57:42.791806

pqr2kik0asb >> Start >> 2020-10-08 23:58:57.494292

pqr2kik0asb >> Image Returned >> 2020-10-08 23:58:57.498054

pqr2kik0asb >> End >> 2020-10-08 23:58:57.669593

i6ozcshwoc4 >> Start >> 2020-10-08 23:59:39.148552

i6ozcshwoc4 >> Image Returned >> 2020-10-08 23:59:39.152339

i6ozcshwoc4 >> End >> 2020-10-08 23:59:39.319618

