u5vf38nakwk >> Start >> 2020-05-20 20:12:50.509991

u5vf38nakwk >> Image Returned >> 2020-05-20 20:12:50.513324

u5vf38nakwk >> End >> 2020-05-20 20:12:50.529325

ho2yyz3vbtr >> Start >> 2020-05-20 20:14:06.863127

ho2yyz3vbtr >> Image Returned >> 2020-05-20 20:14:06.865838

ho2yyz3vbtr >> End >> 2020-05-20 20:14:06.877131

hw2bgddoms3 >> Start >> 2020-05-20 20:15:38.713673

hw2bgddoms3 >> Image Returned >> 2020-05-20 20:15:38.716394

hw2bgddoms3 >> End >> 2020-05-20 20:15:38.727041

6sv72vpnaq3 >> Start >> 2020-05-20 21:11:20.963541

6sv72vpnaq3 >> Image Returned >> 2020-05-20 21:11:20.966314

6sv72vpnaq3 >> End >> 2020-05-20 21:11:20.975284

v8hsjxtxgee >> Start >> 2020-05-20 21:11:21.009926

v8hsjxtxgee >> Image Returned >> 2020-05-20 21:11:21.010339

v8hsjxtxgee >> End >> 2020-05-20 21:11:21.018604

hn3id8jownd >> Start >> 2020-05-20 21:11:21.035209

hn3id8jownd >> Image Returned >> 2020-05-20 21:11:21.035536

txfnmtoanhg >> Start >> 2020-05-20 21:11:21.043880

txfnmtoanhg >> Image Returned >> 2020-05-20 21:11:21.046596

ixjbroubfvg >> Start >> 2020-05-20 21:11:21.047153

ixjbroubfvg >> Image Returned >> 2020-05-20 21:11:21.049803

ihu5xh73ppj >> Start >> 2020-05-20 21:11:21.049290

ihu5xh73ppj >> Image Returned >> 2020-05-20 21:11:21.051632

40ocjr3iow2 >> Start >> 2020-05-20 21:11:21.057317

40ocjr3iow2 >> Image Returned >> 2020-05-20 21:11:21.059705

hn3id8jownd >> End >> 2020-05-20 21:11:21.060435

2pwkszcddmt >> Start >> 2020-05-20 21:11:21.059360

2pwkszcddmt >> Image Returned >> 2020-05-20 21:11:21.061676

j3izyc7gqrf >> Start >> 2020-05-20 21:11:21.063569

j3izyc7gqrf >> Image Returned >> 2020-05-20 21:11:21.063785

irjix2xaqve >> Start >> 2020-05-20 21:11:21.062630

irjix2xaqve >> Image Returned >> 2020-05-20 21:11:21.065124

txfnmtoanhg >> End >> 2020-05-20 21:11:21.080162

40ocjr3iow2 >> End >> 2020-05-20 21:11:21.081764

ihu5xh73ppj >> End >> 2020-05-20 21:11:21.081851

ixjbroubfvg >> End >> 2020-05-20 21:11:21.082379

j3izyc7gqrf >> End >> 2020-05-20 21:11:21.087122

2pwkszcddmt >> End >> 2020-05-20 21:11:21.087790

irjix2xaqve >> End >> 2020-05-20 21:11:21.089498

