82bkfe4k27r >> Start >> 2020-09-09 00:04:28.842799

82bkfe4k27r >> Image Returned >> 2020-09-09 00:04:28.849512

82bkfe4k27r >> End >> 2020-09-09 00:04:29.013212

e0d60cssobd >> Start >> 2020-09-09 00:12:52.893954

e0d60cssobd >> Image Returned >> 2020-09-09 00:12:52.897460

e0d60cssobd >> End >> 2020-09-09 00:12:53.051996

xa56cs7kw86 >> Start >> 2020-09-09 00:22:14.502161

xa56cs7kw86 >> Image Returned >> 2020-09-09 00:22:14.505530

xa56cs7kw86 >> End >> 2020-09-09 00:22:14.654848

wrfzh07ig3f >> Start >> 2020-09-09 00:22:46.346677

wrfzh07ig3f >> Image Returned >> 2020-09-09 00:22:46.349723

wrfzh07ig3f >> End >> 2020-09-09 00:22:46.496401

m2mgjqx6bwq >> Start >> 2020-09-09 00:43:42.374767

m2mgjqx6bwq >> Image Returned >> 2020-09-09 00:43:42.378457

m2mgjqx6bwq >> End >> 2020-09-09 00:43:42.568586

zzo0osrnzn6 >> Start >> 2020-09-09 01:01:06.342580

zzo0osrnzn6 >> Image Returned >> 2020-09-09 01:01:06.345791

zzo0osrnzn6 >> End >> 2020-09-09 01:01:06.518559

34buaucxuwq >> Start >> 2020-09-09 01:02:57.985994

34buaucxuwq >> Image Returned >> 2020-09-09 01:02:57.990773

34buaucxuwq >> End >> 2020-09-09 01:02:58.140027

p2gtuhj3ekz >> Start >> 2020-09-09 01:31:56.138308

p2gtuhj3ekz >> Image Returned >> 2020-09-09 01:31:56.141410

p2gtuhj3ekz >> End >> 2020-09-09 01:31:56.294513

vte8osg37z0 >> Start >> 2020-09-09 01:34:10.869893

vte8osg37z0 >> Image Returned >> 2020-09-09 01:34:10.872951

vte8osg37z0 >> End >> 2020-09-09 01:34:11.049930

kybzpiudzmm >> Start >> 2020-09-09 01:34:27.294022

kybzpiudzmm >> Image Returned >> 2020-09-09 01:34:27.297159

kybzpiudzmm >> End >> 2020-09-09 01:34:27.445909

tw6qrbsibos >> Start >> 2020-09-09 02:07:33.715883

tw6qrbsibos >> Image Returned >> 2020-09-09 02:07:33.719106

tw6qrbsibos >> End >> 2020-09-09 02:07:33.893670

xxci8jpg0wz >> Start >> 2020-09-09 02:50:07.252319

xxci8jpg0wz >> Image Returned >> 2020-09-09 02:50:07.256139

xxci8jpg0wz >> End >> 2020-09-09 02:50:07.420227

gk47vhy4uwt >> Start >> 2020-09-09 02:56:36.221087

gk47vhy4uwt >> Image Returned >> 2020-09-09 02:56:36.226778

gk47vhy4uwt >> End >> 2020-09-09 02:56:36.376312

pe50gq6be64 >> Start >> 2020-09-09 03:09:22.010193

pe50gq6be64 >> Image Returned >> 2020-09-09 03:09:22.014055

pe50gq6be64 >> End >> 2020-09-09 03:09:22.171751

5bitvf6qtwa >> Start >> 2020-09-09 03:14:21.197727

5bitvf6qtwa >> Image Returned >> 2020-09-09 03:14:21.200953

5bitvf6qtwa >> End >> 2020-09-09 03:14:21.354980

0q47qgfg736 >> Start >> 2020-09-09 03:18:37.205003

0q47qgfg736 >> Image Returned >> 2020-09-09 03:18:37.208163

0q47qgfg736 >> End >> 2020-09-09 03:18:37.388926

dv06z0z2tmp >> Start >> 2020-09-09 03:31:43.403240

dv06z0z2tmp >> Image Returned >> 2020-09-09 03:31:43.406452

dv06z0z2tmp >> End >> 2020-09-09 03:31:43.563585

3u2eebfpjdu >> Start >> 2020-09-09 03:37:47.822627

3u2eebfpjdu >> Image Returned >> 2020-09-09 03:37:47.826225

3u2eebfpjdu >> End >> 2020-09-09 03:37:47.997519

hsh5ovpw0ue >> Start >> 2020-09-09 03:59:00.924768

hsh5ovpw0ue >> Image Returned >> 2020-09-09 03:59:00.928448

hsh5ovpw0ue >> End >> 2020-09-09 03:59:01.076703

qzrt36ndze6 >> Start >> 2020-09-09 04:06:08.804255

qzrt36ndze6 >> Image Returned >> 2020-09-09 04:06:08.807919

qzrt36ndze6 >> End >> 2020-09-09 04:06:08.959084

8ub2saxb0ft >> Start >> 2020-09-09 04:10:45.736917

8ub2saxb0ft >> Image Returned >> 2020-09-09 04:10:45.742156

8ub2saxb0ft >> End >> 2020-09-09 04:10:45.904345

nzrfucf3ptt >> Start >> 2020-09-09 04:13:40.052833

nzrfucf3ptt >> Image Returned >> 2020-09-09 04:13:40.056900

nzrfucf3ptt >> End >> 2020-09-09 04:13:40.238667

k0qj4knndgd >> Start >> 2020-09-09 04:15:25.796442

k0qj4knndgd >> Image Returned >> 2020-09-09 04:15:25.799536

k0qj4knndgd >> End >> 2020-09-09 04:15:25.980456

nfcpv08er4h >> Start >> 2020-09-09 04:17:39.186420

nfcpv08er4h >> Image Returned >> 2020-09-09 04:17:39.189987

nfcpv08er4h >> End >> 2020-09-09 04:17:39.363970

zpb7i2kie83 >> Start >> 2020-09-09 04:49:53.390324

zpb7i2kie83 >> Image Returned >> 2020-09-09 04:49:53.393558

zpb7i2kie83 >> End >> 2020-09-09 04:49:53.545185

agzwmrx2njq >> Start >> 2020-09-09 04:51:25.896236

agzwmrx2njq >> Image Returned >> 2020-09-09 04:51:25.899986

agzwmrx2njq >> End >> 2020-09-09 04:51:26.054976

xy7iyr7nv82 >> Start >> 2020-09-09 04:52:10.931607

xy7iyr7nv82 >> Image Returned >> 2020-09-09 04:52:10.935158

xy7iyr7nv82 >> End >> 2020-09-09 04:52:11.091007

5n3bqmhrbmk >> Start >> 2020-09-09 04:55:39.102142

5n3bqmhrbmk >> Image Returned >> 2020-09-09 04:55:39.105335

5n3bqmhrbmk >> End >> 2020-09-09 04:55:39.269543

7tucnfccbo5 >> Start >> 2020-09-09 05:06:08.768860

7tucnfccbo5 >> Image Returned >> 2020-09-09 05:06:08.772548

7tucnfccbo5 >> End >> 2020-09-09 05:06:08.937164

jkkcfkbfjnn >> Start >> 2020-09-09 05:07:11.409183

jkkcfkbfjnn >> Image Returned >> 2020-09-09 05:07:11.413028

jkkcfkbfjnn >> End >> 2020-09-09 05:07:11.567401

pdk6xxhegwb >> Start >> 2020-09-09 05:09:10.930596

pdk6xxhegwb >> Image Returned >> 2020-09-09 05:09:10.934756

pdk6xxhegwb >> End >> 2020-09-09 05:09:11.097407

aaxsxuyfby8 >> Start >> 2020-09-09 05:19:08.999291

aaxsxuyfby8 >> Image Returned >> 2020-09-09 05:19:09.003150

aaxsxuyfby8 >> End >> 2020-09-09 05:19:09.154383

ejp2x2keqo6 >> Start >> 2020-09-09 05:19:51.297895

ejp2x2keqo6 >> Image Returned >> 2020-09-09 05:19:51.301023

ejp2x2keqo6 >> End >> 2020-09-09 05:19:51.458331

utzv00m86ew >> Start >> 2020-09-09 05:30:12.646110

utzv00m86ew >> Image Returned >> 2020-09-09 05:30:12.650701

utzv00m86ew >> End >> 2020-09-09 05:30:12.799484

8pcsa4svfqy >> Start >> 2020-09-09 05:37:07.523067

8pcsa4svfqy >> Image Returned >> 2020-09-09 05:37:07.527602

8pcsa4svfqy >> End >> 2020-09-09 05:37:07.722067

jtppv0ot3qf >> Start >> 2020-09-09 05:39:06.459717

jtppv0ot3qf >> Image Returned >> 2020-09-09 05:39:06.465178

jtppv0ot3qf >> End >> 2020-09-09 05:39:06.629379

f5kirvsg3bm >> Start >> 2020-09-09 05:56:46.414844

f5kirvsg3bm >> Image Returned >> 2020-09-09 05:56:46.418015

f5kirvsg3bm >> End >> 2020-09-09 05:56:46.601290

qgy54monc3s >> Start >> 2020-09-09 06:09:42.397119

qgy54monc3s >> Image Returned >> 2020-09-09 06:09:42.400300

qgy54monc3s >> End >> 2020-09-09 06:09:42.568567

jyyjtzjtcqe >> Start >> 2020-09-09 06:12:36.450984

jyyjtzjtcqe >> Image Returned >> 2020-09-09 06:12:36.455562

jyyjtzjtcqe >> End >> 2020-09-09 06:12:36.610100

kbvg7ynvyab >> Start >> 2020-09-09 06:29:40.385706

kbvg7ynvyab >> Image Returned >> 2020-09-09 06:29:40.390244

kbvg7ynvyab >> End >> 2020-09-09 06:29:40.546509

va5xrmi0rya >> Start >> 2020-09-09 06:34:45.104279

va5xrmi0rya >> Image Returned >> 2020-09-09 06:34:45.107893

va5xrmi0rya >> End >> 2020-09-09 06:34:45.263653

7w0vqsbjb34 >> Start >> 2020-09-09 06:48:44.540252

7w0vqsbjb34 >> Image Returned >> 2020-09-09 06:48:44.544846

7w0vqsbjb34 >> End >> 2020-09-09 06:48:44.696686

cvir7iiscb6 >> Start >> 2020-09-09 06:49:04.579685

cvir7iiscb6 >> Image Returned >> 2020-09-09 06:49:04.582890

cvir7iiscb6 >> End >> 2020-09-09 06:49:04.798362

oyhfk7mnyqu >> Start >> 2020-09-09 06:49:05.036066

oyhfk7mnyqu >> Image Returned >> 2020-09-09 06:49:05.036360

oyhfk7mnyqu >> End >> 2020-09-09 06:49:05.262777

k6gubw5a5ps >> Start >> 2020-09-09 07:09:25.686214

k6gubw5a5ps >> Image Returned >> 2020-09-09 07:09:25.690390

k6gubw5a5ps >> End >> 2020-09-09 07:09:25.986160

cgnwrvan4tm >> Start >> 2020-09-09 07:22:21.895179

cgnwrvan4tm >> Image Returned >> 2020-09-09 07:22:21.898919

cgnwrvan4tm >> End >> 2020-09-09 07:22:22.052649

w38moo86pr5 >> Start >> 2020-09-09 07:35:44.121638

w38moo86pr5 >> Image Returned >> 2020-09-09 07:35:44.125256

w38moo86pr5 >> End >> 2020-09-09 07:35:49.279496

yacx55v6gp4 >> Start >> 2020-09-09 07:42:23.763171

yacx55v6gp4 >> Image Returned >> 2020-09-09 07:42:23.767982

yacx55v6gp4 >> End >> 2020-09-09 07:42:23.922228

5rwsc3dg3yc >> Start >> 2020-09-09 07:45:56.380131

5rwsc3dg3yc >> Image Returned >> 2020-09-09 07:45:56.383912

5rwsc3dg3yc >> End >> 2020-09-09 07:45:56.542994

54jjix0rnc8 >> Start >> 2020-09-09 07:47:18.253076

54jjix0rnc8 >> Image Returned >> 2020-09-09 07:47:18.257426

54jjix0rnc8 >> End >> 2020-09-09 07:47:18.418247

hixkor7v7gz >> Start >> 2020-09-09 07:49:32.488389

hixkor7v7gz >> Image Returned >> 2020-09-09 07:49:32.492559

hixkor7v7gz >> End >> 2020-09-09 07:49:32.645087

3wforakdhhy >> Start >> 2020-09-09 07:54:02.749022

3wforakdhhy >> Image Returned >> 2020-09-09 07:54:02.753532

3wforakdhhy >> End >> 2020-09-09 07:54:02.923448

x5qbtehves3 >> Start >> 2020-09-09 07:55:46.716041

x5qbtehves3 >> Image Returned >> 2020-09-09 07:55:46.719762

x5qbtehves3 >> End >> 2020-09-09 07:55:46.875672

j4ab0jor5d6 >> Start >> 2020-09-09 08:04:28.367938

j4ab0jor5d6 >> Image Returned >> 2020-09-09 08:04:28.371614

j4ab0jor5d6 >> End >> 2020-09-09 08:04:28.532706

kzw360mv4x0 >> Start >> 2020-09-09 08:09:36.874759

kzw360mv4x0 >> Image Returned >> 2020-09-09 08:09:36.879332

kzw360mv4x0 >> End >> 2020-09-09 08:09:37.036762

4xd8s5ce6oe >> Start >> 2020-09-09 08:14:31.634691

4xd8s5ce6oe >> Image Returned >> 2020-09-09 08:14:31.639014

4xd8s5ce6oe >> End >> 2020-09-09 08:14:31.803556

8a6dizrrwwo >> Start >> 2020-09-09 08:17:07.591176

8a6dizrrwwo >> Image Returned >> 2020-09-09 08:17:07.596097

8a6dizrrwwo >> End >> 2020-09-09 08:17:07.724157

e3a8ibqcdyy >> Start >> 2020-09-09 08:17:27.636388

e3a8ibqcdyy >> Image Returned >> 2020-09-09 08:17:27.639681

e3a8ibqcdyy >> End >> 2020-09-09 08:17:27.769773

d2yggo4ob6u >> Start >> 2020-09-09 08:17:33.248801

d2yggo4ob6u >> Image Returned >> 2020-09-09 08:17:33.249115

d2yggo4ob6u >> End >> 2020-09-09 08:17:33.419444

6qm3gvnq7dz >> Start >> 2020-09-09 08:17:54.365556

6qm3gvnq7dz >> Image Returned >> 2020-09-09 08:17:54.368743

6qm3gvnq7dz >> End >> 2020-09-09 08:17:54.519454

g8sfirdfqum >> Start >> 2020-09-09 08:18:14.664966

g8sfirdfqum >> Image Returned >> 2020-09-09 08:18:14.668401

g8sfirdfqum >> End >> 2020-09-09 08:18:14.825702

du65fz53ymx >> Start >> 2020-09-09 08:19:06.573404

du65fz53ymx >> Image Returned >> 2020-09-09 08:19:06.576698

du65fz53ymx >> End >> 2020-09-09 08:19:06.727494

5p80tkikr7c >> Start >> 2020-09-09 08:19:24.219821

5p80tkikr7c >> Image Returned >> 2020-09-09 08:19:24.223406

5p80tkikr7c >> End >> 2020-09-09 08:19:24.373733

ghjdycqd044 >> Start >> 2020-09-09 08:19:32.453953

ghjdycqd044 >> Image Returned >> 2020-09-09 08:19:32.454248

ghjdycqd044 >> End >> 2020-09-09 08:19:32.607160

xjextmc6bck >> Start >> 2020-09-09 08:20:50.716794

xjextmc6bck >> Image Returned >> 2020-09-09 08:20:50.720299

xjextmc6bck >> End >> 2020-09-09 08:20:50.875761

2mqf0y0pzs8 >> Start >> 2020-09-09 08:28:24.488275

2mqf0y0pzs8 >> Image Returned >> 2020-09-09 08:28:24.492574

2mqf0y0pzs8 >> End >> 2020-09-09 08:28:24.694633

ur3ijww4ecd >> Start >> 2020-09-09 08:29:04.732264

ur3ijww4ecd >> Image Returned >> 2020-09-09 08:29:04.735671

ur3ijww4ecd >> End >> 2020-09-09 08:29:04.891978

getgk4gvbeh >> Start >> 2020-09-09 08:33:28.490752

getgk4gvbeh >> Image Returned >> 2020-09-09 08:33:28.495933

getgk4gvbeh >> End >> 2020-09-09 08:33:28.661570

wbfg6se6z34 >> Start >> 2020-09-09 08:35:15.701733

wbfg6se6z34 >> Image Returned >> 2020-09-09 08:35:15.705429

wbfg6se6z34 >> End >> 2020-09-09 08:35:15.855108

tjf4ianuesg >> Start >> 2020-09-09 08:35:31.667464

tjf4ianuesg >> Image Returned >> 2020-09-09 08:35:31.670634

tjf4ianuesg >> End >> 2020-09-09 08:35:31.832616

m5z3kxpwstn >> Start >> 2020-09-09 08:43:36.533576

m5z3kxpwstn >> Image Returned >> 2020-09-09 08:43:36.537664

m5z3kxpwstn >> End >> 2020-09-09 08:43:36.701944

0xf2t557bob >> Start >> 2020-09-09 08:50:45.726171

0xf2t557bob >> Image Returned >> 2020-09-09 08:50:45.729938

0xf2t557bob >> End >> 2020-09-09 08:50:45.901416

g07oa07gnpv >> Start >> 2020-09-09 08:51:06.697310

g07oa07gnpv >> Image Returned >> 2020-09-09 08:51:06.700474

g07oa07gnpv >> End >> 2020-09-09 08:51:06.869396

v2voe56md50 >> Start >> 2020-09-09 08:53:41.320687

v2voe56md50 >> Image Returned >> 2020-09-09 08:53:41.325651

v2voe56md50 >> End >> 2020-09-09 08:53:41.483795

k7jgd6xg8z7 >> Start >> 2020-09-09 09:00:52.683733

k7jgd6xg8z7 >> Image Returned >> 2020-09-09 09:00:52.687505

k7jgd6xg8z7 >> End >> 2020-09-09 09:00:52.853576

b6fhok46bi5 >> Start >> 2020-09-09 09:00:53.170258

b6fhok46bi5 >> Image Returned >> 2020-09-09 09:00:53.170545

b6fhok46bi5 >> End >> 2020-09-09 09:00:53.296284

qd2et3qrc4q >> Start >> 2020-09-09 09:07:53.167248

qd2et3qrc4q >> Image Returned >> 2020-09-09 09:07:53.171171

qd2et3qrc4q >> End >> 2020-09-09 09:07:53.324013

un0iki3fqzq >> Start >> 2020-09-09 09:08:07.619235

un0iki3fqzq >> Image Returned >> 2020-09-09 09:08:07.623980

un0iki3fqzq >> End >> 2020-09-09 09:08:07.777709

67b6wn0o28m >> Start >> 2020-09-09 09:12:36.315248

67b6wn0o28m >> Image Returned >> 2020-09-09 09:12:36.319885

67b6wn0o28m >> End >> 2020-09-09 09:12:36.501121

aws7wohw7kd >> Start >> 2020-09-09 09:13:32.785201

aws7wohw7kd >> Image Returned >> 2020-09-09 09:13:32.788573

aws7wohw7kd >> End >> 2020-09-09 09:13:32.951813

4i3h7f6s5ud >> Start >> 2020-09-09 09:13:44.664249

4i3h7f6s5ud >> Image Returned >> 2020-09-09 09:13:44.667481

4i3h7f6s5ud >> End >> 2020-09-09 09:13:44.819308

n2irz02uu6j >> Start >> 2020-09-09 09:14:52.157313

n2irz02uu6j >> Image Returned >> 2020-09-09 09:14:52.161427

n2irz02uu6j >> End >> 2020-09-09 09:14:52.336215

tygwp0dd62d >> Start >> 2020-09-09 09:24:03.759969

tygwp0dd62d >> Image Returned >> 2020-09-09 09:24:03.763154

tygwp0dd62d >> End >> 2020-09-09 09:24:03.911150

a4vrainkuxm >> Start >> 2020-09-09 09:25:00.429620

a4vrainkuxm >> Image Returned >> 2020-09-09 09:25:00.433347

a4vrainkuxm >> End >> 2020-09-09 09:25:00.595284

44qv3qbpw2w >> Start >> 2020-09-09 09:27:45.318121

44qv3qbpw2w >> Image Returned >> 2020-09-09 09:27:45.321403

44qv3qbpw2w >> End >> 2020-09-09 09:27:45.492722

j3mborzod8p >> Start >> 2020-09-09 09:28:09.245102

j3mborzod8p >> Image Returned >> 2020-09-09 09:28:09.248836

j3mborzod8p >> End >> 2020-09-09 09:28:09.442914

xretahntfdm >> Start >> 2020-09-09 09:28:35.363421

xretahntfdm >> Image Returned >> 2020-09-09 09:28:35.366645

xretahntfdm >> End >> 2020-09-09 09:28:35.538245

4cx3gkq8cpo >> Start >> 2020-09-09 09:32:28.025355

4cx3gkq8cpo >> Image Returned >> 2020-09-09 09:32:28.029645

4cx3gkq8cpo >> End >> 2020-09-09 09:32:28.180058

wu5vf335rfd >> Start >> 2020-09-09 09:33:14.352984

wu5vf335rfd >> Image Returned >> 2020-09-09 09:33:14.356657

wu5vf335rfd >> End >> 2020-09-09 09:33:14.596441

52d5dqm7agh >> Start >> 2020-09-09 09:44:13.269881

52d5dqm7agh >> Image Returned >> 2020-09-09 09:44:13.274960

52d5dqm7agh >> End >> 2020-09-09 09:44:13.429416

4tan2kih7ai >> Start >> 2020-09-09 09:49:06.160831

4tan2kih7ai >> Image Returned >> 2020-09-09 09:49:06.164206

4tan2kih7ai >> End >> 2020-09-09 09:49:06.317554

5uoryr7q5aa >> Start >> 2020-09-09 09:49:15.093512

5uoryr7q5aa >> Image Returned >> 2020-09-09 09:49:15.093807

5uoryr7q5aa >> End >> 2020-09-09 09:49:15.240470

5cmngsrf2ay >> Start >> 2020-09-09 09:54:22.590194

5cmngsrf2ay >> Image Returned >> 2020-09-09 09:54:22.594717

5cmngsrf2ay >> End >> 2020-09-09 09:54:22.750587

7sovrkydtc5 >> Start >> 2020-09-09 09:54:23.206748

7sovrkydtc5 >> Image Returned >> 2020-09-09 09:54:23.207053

7sovrkydtc5 >> End >> 2020-09-09 09:54:23.357654

r0040z5yv24 >> Start >> 2020-09-09 09:58:18.906349

r0040z5yv24 >> Image Returned >> 2020-09-09 09:58:18.909748

r0040z5yv24 >> End >> 2020-09-09 09:58:19.059900

8ceywj4bd4t >> Start >> 2020-09-09 10:00:58.937021

8ceywj4bd4t >> Image Returned >> 2020-09-09 10:00:58.940677

8ceywj4bd4t >> End >> 2020-09-09 10:00:59.088082

zg60odhk06v >> Start >> 2020-09-09 10:05:13.392340

zg60odhk06v >> Image Returned >> 2020-09-09 10:05:13.399420

zg60odhk06v >> End >> 2020-09-09 10:05:13.558971

se65udqjxy6 >> Start >> 2020-09-09 10:05:30.362235

se65udqjxy6 >> Image Returned >> 2020-09-09 10:05:30.365478

se65udqjxy6 >> End >> 2020-09-09 10:05:30.522136

oa63rveinws >> Start >> 2020-09-09 10:15:00.874351

oa63rveinws >> Image Returned >> 2020-09-09 10:15:00.878525

oa63rveinws >> End >> 2020-09-09 10:15:01.032340

i2qt536m3nr >> Start >> 2020-09-09 10:19:51.378593

i2qt536m3nr >> Image Returned >> 2020-09-09 10:19:51.381933

i2qt536m3nr >> End >> 2020-09-09 10:19:51.538547

pqn7ok8840p >> Start >> 2020-09-09 10:20:53.056899

pqn7ok8840p >> Image Returned >> 2020-09-09 10:20:53.060121

pqn7ok8840p >> End >> 2020-09-09 10:20:53.210953

f058k4d0e3f >> Start >> 2020-09-09 10:24:15.589396

f058k4d0e3f >> Image Returned >> 2020-09-09 10:24:15.593235

f058k4d0e3f >> End >> 2020-09-09 10:24:15.750910

m7cihvvefjo >> Start >> 2020-09-09 10:29:27.324429

m7cihvvefjo >> Image Returned >> 2020-09-09 10:29:27.328659

m7cihvvefjo >> End >> 2020-09-09 10:29:27.487529

3ni5kpjejqm >> Start >> 2020-09-09 10:31:02.812796

3ni5kpjejqm >> Image Returned >> 2020-09-09 10:31:02.816046

3ni5kpjejqm >> End >> 2020-09-09 10:31:02.971381

7icoorehmtg >> Start >> 2020-09-09 10:31:36.604279

7icoorehmtg >> Image Returned >> 2020-09-09 10:31:36.607508

7icoorehmtg >> End >> 2020-09-09 10:31:36.763235

wx7xhwz8nmj >> Start >> 2020-09-09 10:35:14.435733

wx7xhwz8nmj >> Image Returned >> 2020-09-09 10:35:14.439055

wx7xhwz8nmj >> End >> 2020-09-09 10:35:14.595108

542tgbegfhm >> Start >> 2020-09-09 10:56:35.214364

542tgbegfhm >> Image Returned >> 2020-09-09 10:56:35.219111

542tgbegfhm >> End >> 2020-09-09 10:56:35.371941

5c4qfzxj2i0 >> Start >> 2020-09-09 10:58:07.514173

5c4qfzxj2i0 >> Image Returned >> 2020-09-09 10:58:07.518198

5c4qfzxj2i0 >> End >> 2020-09-09 10:58:07.668723

3yuhktpbm77 >> Start >> 2020-09-09 11:02:11.903601

3yuhktpbm77 >> Image Returned >> 2020-09-09 11:02:11.907682

3yuhktpbm77 >> End >> 2020-09-09 11:02:12.070826

pm6si0zsb8g >> Start >> 2020-09-09 11:02:22.790638

pm6si0zsb8g >> Image Returned >> 2020-09-09 11:02:22.790951

pm6si0zsb8g >> End >> 2020-09-09 11:02:22.938828

6306k0dycif >> Start >> 2020-09-09 11:04:20.123902

6306k0dycif >> Image Returned >> 2020-09-09 11:04:20.128422

6306k0dycif >> End >> 2020-09-09 11:04:20.298779

o8ru5g6fgmi >> Start >> 2020-09-09 11:04:35.040529

o8ru5g6fgmi >> Image Returned >> 2020-09-09 11:04:35.043730

o8ru5g6fgmi >> End >> 2020-09-09 11:04:35.205347

m8kg24r7b45 >> Start >> 2020-09-09 11:04:46.386802

m8kg24r7b45 >> Image Returned >> 2020-09-09 11:04:46.387120

m8kg24r7b45 >> End >> 2020-09-09 11:04:46.541471

j4t4ue6y7mc >> Start >> 2020-09-09 11:06:44.134438

j4t4ue6y7mc >> Image Returned >> 2020-09-09 11:06:44.138664

j4t4ue6y7mc >> End >> 2020-09-09 11:06:44.297090

7mtqr8bzwrm >> Start >> 2020-09-09 11:08:49.223982

7mtqr8bzwrm >> Image Returned >> 2020-09-09 11:08:49.228400

7mtqr8bzwrm >> End >> 2020-09-09 11:08:49.405416

x3dj4rqg4r6 >> Start >> 2020-09-09 11:10:04.131217

x3dj4rqg4r6 >> Image Returned >> 2020-09-09 11:10:04.134545

x3dj4rqg4r6 >> End >> 2020-09-09 11:10:04.306807

0k63ioyzv2u >> Start >> 2020-09-09 11:13:53.147995

0k63ioyzv2u >> Image Returned >> 2020-09-09 11:13:53.151511

0k63ioyzv2u >> End >> 2020-09-09 11:13:53.311989

2h2zb45bkmu >> Start >> 2020-09-09 11:19:19.590425

2h2zb45bkmu >> Image Returned >> 2020-09-09 11:19:19.594105

2h2zb45bkmu >> End >> 2020-09-09 11:19:19.752145

tj6fhf3jnqe >> Start >> 2020-09-09 11:21:20.652051

tj6fhf3jnqe >> Image Returned >> 2020-09-09 11:21:20.656439

tj6fhf3jnqe >> End >> 2020-09-09 11:21:20.815000

fgpvdkj6km6 >> Start >> 2020-09-09 11:22:28.103744

fgpvdkj6km6 >> Image Returned >> 2020-09-09 11:22:28.107975

fgpvdkj6km6 >> End >> 2020-09-09 11:22:28.270518

wj7akuejssf >> Start >> 2020-09-09 11:23:46.671951

wj7akuejssf >> Image Returned >> 2020-09-09 11:23:46.675626

wj7akuejssf >> End >> 2020-09-09 11:23:46.851279

jgejva3stjh >> Start >> 2020-09-09 11:24:26.296176

jgejva3stjh >> Image Returned >> 2020-09-09 11:24:26.299922

jgejva3stjh >> End >> 2020-09-09 11:24:26.453296

drv66btw804 >> Start >> 2020-09-09 11:26:33.877799

drv66btw804 >> Image Returned >> 2020-09-09 11:26:33.881230

drv66btw804 >> End >> 2020-09-09 11:26:34.029402

cfuhp0friem >> Start >> 2020-09-09 11:26:52.594141

cfuhp0friem >> Image Returned >> 2020-09-09 11:26:52.597455

cfuhp0friem >> End >> 2020-09-09 11:26:52.746973

nwawyy0cn3m >> Start >> 2020-09-09 11:26:57.554064

nwawyy0cn3m >> Image Returned >> 2020-09-09 11:26:57.554357

nwawyy0cn3m >> End >> 2020-09-09 11:26:57.701968

htudrh3krx2 >> Start >> 2020-09-09 11:27:24.703391

htudrh3krx2 >> Image Returned >> 2020-09-09 11:27:24.707505

htudrh3krx2 >> End >> 2020-09-09 11:27:24.861749

8nj46o2hk78 >> Start >> 2020-09-09 11:29:14.621665

8nj46o2hk78 >> Image Returned >> 2020-09-09 11:29:14.625917

8nj46o2hk78 >> End >> 2020-09-09 11:29:14.784399

fhr2qbc8rds >> Start >> 2020-09-09 11:29:29.805207

fhr2qbc8rds >> Image Returned >> 2020-09-09 11:29:29.808650

fhr2qbc8rds >> End >> 2020-09-09 11:29:29.987477

3sr704g0wiv >> Start >> 2020-09-09 11:41:23.309670

3sr704g0wiv >> Image Returned >> 2020-09-09 11:41:23.314709

3sr704g0wiv >> End >> 2020-09-09 11:41:23.470370

70p7yyeo7bn >> Start >> 2020-09-09 11:46:52.798060

70p7yyeo7bn >> Image Returned >> 2020-09-09 11:46:52.801563

70p7yyeo7bn >> End >> 2020-09-09 11:46:52.959542

js2pu7pp4cz >> Start >> 2020-09-09 11:47:02.993046

js2pu7pp4cz >> Image Returned >> 2020-09-09 11:47:02.993354

js2pu7pp4cz >> End >> 2020-09-09 11:47:03.173086

3cgzvorh2qm >> Start >> 2020-09-09 11:47:22.135804

3cgzvorh2qm >> Image Returned >> 2020-09-09 11:47:22.139724

3cgzvorh2qm >> End >> 2020-09-09 11:47:22.441056

wfd6nyz6s4w >> Start >> 2020-09-09 11:47:22.791636

wfd6nyz6s4w >> Image Returned >> 2020-09-09 11:47:22.791968

wfd6nyz6s4w >> End >> 2020-09-09 11:47:23.067120

6insz043zsr >> Start >> 2020-09-09 11:48:24.909898

6insz043zsr >> Image Returned >> 2020-09-09 11:48:24.913758

6insz043zsr >> End >> 2020-09-09 11:48:25.090432

3gjfhrybwhi >> Start >> 2020-09-09 11:48:25.339807

3gjfhrybwhi >> Image Returned >> 2020-09-09 11:48:25.340116

3gjfhrybwhi >> End >> 2020-09-09 11:48:25.550339

mcmqaekmga2 >> Start >> 2020-09-09 11:52:07.120958

mcmqaekmga2 >> Image Returned >> 2020-09-09 11:52:07.124624

mcmqaekmga2 >> End >> 2020-09-09 11:52:07.272443

34wpky586cc >> Start >> 2020-09-09 11:55:18.518456

34wpky586cc >> Image Returned >> 2020-09-09 11:55:18.522092

34wpky586cc >> End >> 2020-09-09 11:55:18.682446

v5fnmfnd7i5 >> Start >> 2020-09-09 11:55:48.720748

v5fnmfnd7i5 >> Image Returned >> 2020-09-09 11:55:48.724064

v5fnmfnd7i5 >> End >> 2020-09-09 11:55:48.894253

tuaphrfj32u >> Start >> 2020-09-09 11:56:29.347023

tuaphrfj32u >> Image Returned >> 2020-09-09 11:56:29.352639

tuaphrfj32u >> End >> 2020-09-09 11:56:29.523190

odeaj0tyf7f >> Start >> 2020-09-09 11:56:29.764323

odeaj0tyf7f >> Image Returned >> 2020-09-09 11:56:29.764617

odeaj0tyf7f >> End >> 2020-09-09 11:56:29.931984

xgnprs2ud2h >> Start >> 2020-09-09 12:04:06.879672

xgnprs2ud2h >> Image Returned >> 2020-09-09 12:04:06.882997

xgnprs2ud2h >> End >> 2020-09-09 12:04:07.051162

ymzpsgao5yu >> Start >> 2020-09-09 12:04:36.498644

ymzpsgao5yu >> Image Returned >> 2020-09-09 12:04:36.501940

ymzpsgao5yu >> End >> 2020-09-09 12:04:36.654628

qeuyiim8xvm >> Start >> 2020-09-09 12:06:25.476346

qeuyiim8xvm >> Image Returned >> 2020-09-09 12:06:25.480345

qeuyiim8xvm >> End >> 2020-09-09 12:06:25.634958

w6jroixoogk >> Start >> 2020-09-09 12:09:58.931947

w6jroixoogk >> Image Returned >> 2020-09-09 12:09:58.935547

w6jroixoogk >> End >> 2020-09-09 12:09:59.097897

zz2qhderx8t >> Start >> 2020-09-09 12:11:09.318778

zz2qhderx8t >> Image Returned >> 2020-09-09 12:11:09.323491

zz2qhderx8t >> End >> 2020-09-09 12:11:09.489809

2iyy4dur0yz >> Start >> 2020-09-09 12:21:18.918493

2iyy4dur0yz >> Image Returned >> 2020-09-09 12:21:18.923336

2iyy4dur0yz >> End >> 2020-09-09 12:21:19.076327

ptz646oqo5y >> Start >> 2020-09-09 12:25:07.243635

ptz646oqo5y >> Image Returned >> 2020-09-09 12:25:07.247675

ptz646oqo5y >> End >> 2020-09-09 12:25:07.404103

66nmscgwtuh >> Start >> 2020-09-09 12:28:52.748867

66nmscgwtuh >> Image Returned >> 2020-09-09 12:28:52.752182

66nmscgwtuh >> End >> 2020-09-09 12:28:52.913408

gwt8uq0pucn >> Start >> 2020-09-09 12:31:46.637643

gwt8uq0pucn >> Image Returned >> 2020-09-09 12:31:46.640852

gwt8uq0pucn >> End >> 2020-09-09 12:31:46.794939

d5yzvdztfx8 >> Start >> 2020-09-09 12:39:20.434585

d5yzvdztfx8 >> Image Returned >> 2020-09-09 12:39:20.438571

d5yzvdztfx8 >> End >> 2020-09-09 12:39:20.610336

8p5iuqpt02t >> Start >> 2020-09-09 12:44:16.373852

8p5iuqpt02t >> Image Returned >> 2020-09-09 12:44:16.377743

8p5iuqpt02t >> End >> 2020-09-09 12:44:16.534447

7zhqjztdrpq >> Start >> 2020-09-09 12:44:35.808238

7zhqjztdrpq >> Image Returned >> 2020-09-09 12:44:35.811330

7zhqjztdrpq >> End >> 2020-09-09 12:44:35.959603

ewguxv5nx57 >> Start >> 2020-09-09 12:47:34.476090

ewguxv5nx57 >> Image Returned >> 2020-09-09 12:47:34.479438

ewguxv5nx57 >> End >> 2020-09-09 12:47:34.677115

g7a0bstztc0 >> Start >> 2020-09-09 12:55:23.577358

g7a0bstztc0 >> Image Returned >> 2020-09-09 12:55:23.581568

g7a0bstztc0 >> End >> 2020-09-09 12:55:23.738692

nou0iscs64t >> Start >> 2020-09-09 13:01:48.407119

nou0iscs64t >> Image Returned >> 2020-09-09 13:01:48.412662

nou0iscs64t >> End >> 2020-09-09 13:01:48.576251

bkic46mp2p8 >> Start >> 2020-09-09 13:03:47.491408

bkic46mp2p8 >> Image Returned >> 2020-09-09 13:03:47.494947

bkic46mp2p8 >> End >> 2020-09-09 13:03:47.651578

bjxyeeyrsve >> Start >> 2020-09-09 13:07:44.721558

bjxyeeyrsve >> Image Returned >> 2020-09-09 13:07:44.725702

bjxyeeyrsve >> End >> 2020-09-09 13:07:44.889893

dkujvg53oy6 >> Start >> 2020-09-09 13:08:59.749999

dkujvg53oy6 >> Image Returned >> 2020-09-09 13:08:59.753945

dkujvg53oy6 >> End >> 2020-09-09 13:08:59.906240

k8m740guiix >> Start >> 2020-09-09 13:10:23.778214

k8m740guiix >> Image Returned >> 2020-09-09 13:10:23.782186

k8m740guiix >> End >> 2020-09-09 13:10:23.943447

x2fg04ixvci >> Start >> 2020-09-09 13:10:50.791450

x2fg04ixvci >> Image Returned >> 2020-09-09 13:10:50.794712

x2fg04ixvci >> End >> 2020-09-09 13:10:50.954111

dhweiubpx7d >> Start >> 2020-09-09 13:15:27.734693

dhweiubpx7d >> Image Returned >> 2020-09-09 13:15:27.738488

dhweiubpx7d >> End >> 2020-09-09 13:15:27.897783

nrae2b6w2kb >> Start >> 2020-09-09 13:15:28.824589

nrae2b6w2kb >> Image Returned >> 2020-09-09 13:15:28.824886

nrae2b6w2kb >> End >> 2020-09-09 13:15:28.992999

s3op2qyzmta >> Start >> 2020-09-09 13:16:18.675657

s3op2qyzmta >> Image Returned >> 2020-09-09 13:16:18.679497

s3op2qyzmta >> End >> 2020-09-09 13:16:18.847228

fahufor8ivr >> Start >> 2020-09-09 13:17:58.113409

fahufor8ivr >> Image Returned >> 2020-09-09 13:17:58.118755

fahufor8ivr >> End >> 2020-09-09 13:17:58.293931

dtyooirqwi6 >> Start >> 2020-09-09 13:18:22.718218

dtyooirqwi6 >> Image Returned >> 2020-09-09 13:18:22.722157

dtyooirqwi6 >> End >> 2020-09-09 13:18:22.886146

j2mcw8jigfq >> Start >> 2020-09-09 13:26:40.800817

j2mcw8jigfq >> Image Returned >> 2020-09-09 13:26:40.805697

j2mcw8jigfq >> End >> 2020-09-09 13:26:40.940213

7hg6w3urxkq >> Start >> 2020-09-09 13:29:16.941653

7hg6w3urxkq >> Image Returned >> 2020-09-09 13:29:16.947583

7hg6w3urxkq >> End >> 2020-09-09 13:29:17.118835

eydiqihi0qh >> Start >> 2020-09-09 13:35:57.546487

eydiqihi0qh >> Image Returned >> 2020-09-09 13:35:57.549768

eydiqihi0qh >> End >> 2020-09-09 13:35:57.713093

qhs4osfdgyw >> Start >> 2020-09-09 13:36:04.392987

qhs4osfdgyw >> Image Returned >> 2020-09-09 13:36:04.393306

qhs4osfdgyw >> End >> 2020-09-09 13:36:04.566637

bsv4uq8e75z >> Start >> 2020-09-09 13:36:12.609652

bsv4uq8e75z >> Image Returned >> 2020-09-09 13:36:12.609967

bsv4uq8e75z >> End >> 2020-09-09 13:36:12.763109

us2shu78die >> Start >> 2020-09-09 13:36:15.308207

us2shu78die >> Image Returned >> 2020-09-09 13:36:15.308527

us2shu78die >> End >> 2020-09-09 13:36:15.455816

ytiepyfod63 >> Start >> 2020-09-09 13:36:23.119709

ytiepyfod63 >> Image Returned >> 2020-09-09 13:36:23.120037

ytiepyfod63 >> End >> 2020-09-09 13:36:23.270951

3cadw4420pk >> Start >> 2020-09-09 13:43:40.729331

3cadw4420pk >> Image Returned >> 2020-09-09 13:43:40.733063

3cadw4420pk >> End >> 2020-09-09 13:43:40.889900

aq7rs5e7uii >> Start >> 2020-09-09 13:44:57.243989

aq7rs5e7uii >> Image Returned >> 2020-09-09 13:44:57.247757

aq7rs5e7uii >> End >> 2020-09-09 13:44:57.411231

bqgchdfr5cj >> Start >> 2020-09-09 13:49:15.814367

bqgchdfr5cj >> Image Returned >> 2020-09-09 13:49:15.818662

bqgchdfr5cj >> End >> 2020-09-09 13:49:15.975857

6zbt0wk7hmq >> Start >> 2020-09-09 13:49:38.120594

6zbt0wk7hmq >> Image Returned >> 2020-09-09 13:49:38.126256

6zbt0wk7hmq >> End >> 2020-09-09 13:49:38.281799

v845i8y8txq >> Start >> 2020-09-09 13:53:03.253581

v845i8y8txq >> Image Returned >> 2020-09-09 13:53:03.256954

v845i8y8txq >> End >> 2020-09-09 13:53:03.412277

jgwmaiv80pe >> Start >> 2020-09-09 13:55:53.025824

jgwmaiv80pe >> Image Returned >> 2020-09-09 13:55:53.029169

jgwmaiv80pe >> End >> 2020-09-09 13:55:53.185621

n650qs7ppco >> Start >> 2020-09-09 13:59:55.579250

n650qs7ppco >> Image Returned >> 2020-09-09 13:59:55.582937

n650qs7ppco >> End >> 2020-09-09 13:59:55.727133

qy4rgyhhipm >> Start >> 2020-09-09 14:02:47.251243

qy4rgyhhipm >> Image Returned >> 2020-09-09 14:02:47.255256

qy4rgyhhipm >> End >> 2020-09-09 14:02:47.443523

0dwt4kvfr6b >> Start >> 2020-09-09 14:02:56.335092

0dwt4kvfr6b >> Image Returned >> 2020-09-09 14:02:56.335429

0dwt4kvfr6b >> End >> 2020-09-09 14:02:56.495518

x3nab4f7sjs >> Start >> 2020-09-09 14:04:35.337450

x3nab4f7sjs >> Image Returned >> 2020-09-09 14:04:35.341337

x3nab4f7sjs >> End >> 2020-09-09 14:04:35.493808

apkeu770ag4 >> Start >> 2020-09-09 14:07:13.179958

apkeu770ag4 >> Image Returned >> 2020-09-09 14:07:13.183368

apkeu770ag4 >> End >> 2020-09-09 14:07:13.336189

w7imronxq4v >> Start >> 2020-09-09 14:12:15.967268

w7imronxq4v >> Image Returned >> 2020-09-09 14:12:15.971105

w7imronxq4v >> End >> 2020-09-09 14:12:16.128518

bhykcs2538n >> Start >> 2020-09-09 14:13:33.585335

bhykcs2538n >> Image Returned >> 2020-09-09 14:13:33.589164

bhykcs2538n >> End >> 2020-09-09 14:13:33.739613

inse3oyqoft >> Start >> 2020-09-09 14:16:19.313097

inse3oyqoft >> Image Returned >> 2020-09-09 14:16:19.316966

inse3oyqoft >> End >> 2020-09-09 14:16:19.444411

tszfh3ergiu >> Start >> 2020-09-09 14:17:27.308835

tszfh3ergiu >> Image Returned >> 2020-09-09 14:17:27.313570

tszfh3ergiu >> End >> 2020-09-09 14:17:27.470623

vkgzp0isiew >> Start >> 2020-09-09 14:23:34.279647

vkgzp0isiew >> Image Returned >> 2020-09-09 14:23:34.283561

vkgzp0isiew >> End >> 2020-09-09 14:23:34.432240

dj6y0xa64ai >> Start >> 2020-09-09 14:32:41.760327

dj6y0xa64ai >> Image Returned >> 2020-09-09 14:32:41.764709

dj6y0xa64ai >> End >> 2020-09-09 14:32:41.924137

s03ke7upmtn >> Start >> 2020-09-09 14:36:02.362620

s03ke7upmtn >> Image Returned >> 2020-09-09 14:36:02.366036

s03ke7upmtn >> End >> 2020-09-09 14:36:02.516220

fhb7ev2tkrc >> Start >> 2020-09-09 14:46:39.583539

fhb7ev2tkrc >> Image Returned >> 2020-09-09 14:46:39.587384

fhb7ev2tkrc >> End >> 2020-09-09 14:46:39.741580

6h5ubezmeyc >> Start >> 2020-09-09 14:48:53.527266

6h5ubezmeyc >> Image Returned >> 2020-09-09 14:48:53.531198

6h5ubezmeyc >> End >> 2020-09-09 14:48:53.683371

n7hs0imbzre >> Start >> 2020-09-09 14:54:18.692414

n7hs0imbzre >> Image Returned >> 2020-09-09 14:54:18.697031

n7hs0imbzre >> End >> 2020-09-09 14:54:18.848345

q0f8th47ijx >> Start >> 2020-09-09 14:59:43.179706

q0f8th47ijx >> Image Returned >> 2020-09-09 14:59:43.183587

q0f8th47ijx >> End >> 2020-09-09 14:59:43.340248

4zmfnod4pte >> Start >> 2020-09-09 15:01:37.187916

4zmfnod4pte >> Image Returned >> 2020-09-09 15:01:37.191603

4zmfnod4pte >> End >> 2020-09-09 15:01:37.399354

t5w7uokfjph >> Start >> 2020-09-09 15:01:52.958059

t5w7uokfjph >> Image Returned >> 2020-09-09 15:01:52.961334

t5w7uokfjph >> End >> 2020-09-09 15:01:53.168296

g3wzujskkyg >> Start >> 2020-09-09 15:07:04.446429

g3wzujskkyg >> Image Returned >> 2020-09-09 15:07:04.449770

g3wzujskkyg >> End >> 2020-09-09 15:07:04.607121

5qxovxdnsct >> Start >> 2020-09-09 15:09:12.953720

5qxovxdnsct >> Image Returned >> 2020-09-09 15:09:12.958111

5qxovxdnsct >> End >> 2020-09-09 15:09:13.113854

jx47ba2bsyc >> Start >> 2020-09-09 15:18:21.408629

jx47ba2bsyc >> Image Returned >> 2020-09-09 15:18:21.412616

jx47ba2bsyc >> End >> 2020-09-09 15:18:21.595165

asgzt8iad8z >> Start >> 2020-09-09 15:18:38.188868

asgzt8iad8z >> Image Returned >> 2020-09-09 15:18:38.192240

asgzt8iad8z >> End >> 2020-09-09 15:18:38.351218

bfo4t3qsxm3 >> Start >> 2020-09-09 15:19:16.631777

bfo4t3qsxm3 >> Image Returned >> 2020-09-09 15:19:16.635307

bfo4t3qsxm3 >> End >> 2020-09-09 15:19:16.789957

7pmwmn080q2 >> Start >> 2020-09-09 15:19:17.223448

7pmwmn080q2 >> Image Returned >> 2020-09-09 15:19:17.223849

7pmwmn080q2 >> End >> 2020-09-09 15:19:17.375310

t065shkxchv >> Start >> 2020-09-09 15:20:12.564660

t065shkxchv >> Image Returned >> 2020-09-09 15:20:12.568681

t065shkxchv >> End >> 2020-09-09 15:20:12.719464

uz5bfypci2h >> Start >> 2020-09-09 15:29:12.903542

uz5bfypci2h >> Image Returned >> 2020-09-09 15:29:12.909040

uz5bfypci2h >> End >> 2020-09-09 15:29:13.058609

gfdy8ivwckr >> Start >> 2020-09-09 15:34:48.080419

gfdy8ivwckr >> Image Returned >> 2020-09-09 15:34:48.084259

gfdy8ivwckr >> End >> 2020-09-09 15:34:48.238440

bbvnxfkzq0z >> Start >> 2020-09-09 15:42:00.130728

bbvnxfkzq0z >> Image Returned >> 2020-09-09 15:42:00.134360

bbvnxfkzq0z >> End >> 2020-09-09 15:42:00.308363

jjg7ktxgsy6 >> Start >> 2020-09-09 15:45:27.897368

jjg7ktxgsy6 >> Image Returned >> 2020-09-09 15:45:27.903776

jjg7ktxgsy6 >> End >> 2020-09-09 15:45:28.072606

tf8ry34o3ar >> Start >> 2020-09-09 15:46:26.955362

tf8ry34o3ar >> Image Returned >> 2020-09-09 15:46:26.959336

tf8ry34o3ar >> End >> 2020-09-09 15:46:27.120044

kr44mxcngxr >> Start >> 2020-09-09 15:47:06.263545

kr44mxcngxr >> Image Returned >> 2020-09-09 15:47:06.267030

kr44mxcngxr >> End >> 2020-09-09 15:47:06.416095

px5j4mzpc70 >> Start >> 2020-09-09 15:49:44.321485

px5j4mzpc70 >> Image Returned >> 2020-09-09 15:49:44.325344

px5j4mzpc70 >> End >> 2020-09-09 15:49:44.476980

s4c40f5sog4 >> Start >> 2020-09-09 15:50:14.172596

s4c40f5sog4 >> Image Returned >> 2020-09-09 15:50:14.175937

s4c40f5sog4 >> End >> 2020-09-09 15:50:14.340806

8iavvejdvj8 >> Start >> 2020-09-09 15:56:28.341053

8iavvejdvj8 >> Image Returned >> 2020-09-09 15:56:28.345159

8iavvejdvj8 >> End >> 2020-09-09 15:56:28.495815

ps8vfhqry2e >> Start >> 2020-09-09 16:04:54.796221

ps8vfhqry2e >> Image Returned >> 2020-09-09 16:04:54.800405

ps8vfhqry2e >> End >> 2020-09-09 16:04:54.950738

g427y0thwax >> Start >> 2020-09-09 16:04:57.488250

g427y0thwax >> Image Returned >> 2020-09-09 16:04:57.488616

g427y0thwax >> End >> 2020-09-09 16:04:57.660522

0murvdn40cw >> Start >> 2020-09-09 16:06:28.119504

0murvdn40cw >> Image Returned >> 2020-09-09 16:06:28.124064

0murvdn40cw >> End >> 2020-09-09 16:06:28.277326

2eet6xojvvo >> Start >> 2020-09-09 16:11:29.796654

2eet6xojvvo >> Image Returned >> 2020-09-09 16:11:29.800473

2eet6xojvvo >> End >> 2020-09-09 16:11:29.958944

5ios5gt7i7q >> Start >> 2020-09-09 16:14:27.655214

5ios5gt7i7q >> Image Returned >> 2020-09-09 16:14:27.659266

5ios5gt7i7q >> End >> 2020-09-09 16:14:27.814040

2yqiooj8qmp >> Start >> 2020-09-09 16:14:42.536216

2yqiooj8qmp >> Image Returned >> 2020-09-09 16:14:42.539568

2yqiooj8qmp >> End >> 2020-09-09 16:14:42.691759

3qp3p73ay4p >> Start >> 2020-09-09 16:27:20.832158

3qp3p73ay4p >> Image Returned >> 2020-09-09 16:27:20.837410

3qp3p73ay4p >> End >> 2020-09-09 16:27:20.992317

524pmxhefdh >> Start >> 2020-09-09 16:36:30.938990

524pmxhefdh >> Image Returned >> 2020-09-09 16:36:30.942411

524pmxhefdh >> End >> 2020-09-09 16:36:31.100363

mm07dgy35iz >> Start >> 2020-09-09 16:38:16.941968

mm07dgy35iz >> Image Returned >> 2020-09-09 16:38:16.945518

mm07dgy35iz >> End >> 2020-09-09 16:38:17.097074

e7cxhs5uu50 >> Start >> 2020-09-09 16:41:04.382724

e7cxhs5uu50 >> Image Returned >> 2020-09-09 16:41:04.386288

e7cxhs5uu50 >> End >> 2020-09-09 16:41:04.532922

wyir2tntdv8 >> Start >> 2020-09-09 16:41:27.259052

wyir2tntdv8 >> Image Returned >> 2020-09-09 16:41:27.263036

wyir2tntdv8 >> End >> 2020-09-09 16:41:27.411631

8hv0fvquffa >> Start >> 2020-09-09 16:41:43.306763

8hv0fvquffa >> Image Returned >> 2020-09-09 16:41:43.310285

8hv0fvquffa >> End >> 2020-09-09 16:41:43.473198

aj0b5fmyjd2 >> Start >> 2020-09-09 16:46:26.004677

aj0b5fmyjd2 >> Image Returned >> 2020-09-09 16:46:26.008630

aj0b5fmyjd2 >> End >> 2020-09-09 16:46:26.184540

s47fg3zp8ce >> Start >> 2020-09-09 16:52:45.685651

s47fg3zp8ce >> Image Returned >> 2020-09-09 16:52:45.691248

s47fg3zp8ce >> End >> 2020-09-09 16:52:45.848290

za33jdyw2vu >> Start >> 2020-09-09 16:52:47.882108

za33jdyw2vu >> Image Returned >> 2020-09-09 16:52:47.882416

za33jdyw2vu >> End >> 2020-09-09 16:52:48.035618

avqinfpuqwc >> Start >> 2020-09-09 16:56:28.293742

avqinfpuqwc >> Image Returned >> 2020-09-09 16:56:28.297848

avqinfpuqwc >> End >> 2020-09-09 16:56:28.430286

jvuxdqarydb >> Start >> 2020-09-09 16:58:39.710728

jvuxdqarydb >> Image Returned >> 2020-09-09 16:58:39.716686

jvuxdqarydb >> End >> 2020-09-09 16:58:39.876266

hf7wvw6o2dy >> Start >> 2020-09-09 16:59:49.307015

hf7wvw6o2dy >> Image Returned >> 2020-09-09 16:59:49.310648

hf7wvw6o2dy >> End >> 2020-09-09 16:59:49.472615

m566pqt0bqc >> Start >> 2020-09-09 17:01:58.676809

m566pqt0bqc >> Image Returned >> 2020-09-09 17:01:58.680746

m566pqt0bqc >> End >> 2020-09-09 17:01:58.845005

rg5jibesgnz >> Start >> 2020-09-09 17:08:43.935462

rg5jibesgnz >> Image Returned >> 2020-09-09 17:08:43.939001

rg5jibesgnz >> End >> 2020-09-09 17:08:44.100960

yqwu0qysh5w >> Start >> 2020-09-09 17:12:10.708175

yqwu0qysh5w >> Image Returned >> 2020-09-09 17:12:10.711663

yqwu0qysh5w >> End >> 2020-09-09 17:12:10.876290

ruiqbx7isnb >> Start >> 2020-09-09 17:13:32.752417

ruiqbx7isnb >> Image Returned >> 2020-09-09 17:13:32.756670

ruiqbx7isnb >> End >> 2020-09-09 17:13:32.918996

vkr6tzeovc3 >> Start >> 2020-09-09 17:15:25.820982

vkr6tzeovc3 >> Image Returned >> 2020-09-09 17:15:25.825685

vkr6tzeovc3 >> End >> 2020-09-09 17:15:25.997443

kexx6uttkp0 >> Start >> 2020-09-09 17:28:40.178718

kexx6uttkp0 >> Image Returned >> 2020-09-09 17:28:40.182271

kexx6uttkp0 >> End >> 2020-09-09 17:28:40.312634

dpadpy0ww3t >> Start >> 2020-09-09 17:39:08.393969

dpadpy0ww3t >> Image Returned >> 2020-09-09 17:39:08.398382

dpadpy0ww3t >> End >> 2020-09-09 17:39:08.562951

fdhs4rdy3ty >> Start >> 2020-09-09 17:46:39.210628

fdhs4rdy3ty >> Image Returned >> 2020-09-09 17:46:39.214795

fdhs4rdy3ty >> End >> 2020-09-09 17:46:39.373383

aj0qz3i6gkt >> Start >> 2020-09-09 17:47:31.164184

aj0qz3i6gkt >> Image Returned >> 2020-09-09 17:47:31.168350

aj0qz3i6gkt >> End >> 2020-09-09 17:47:31.323041

e3ncjmsm4ws >> Start >> 2020-09-09 17:50:18.015206

e3ncjmsm4ws >> Image Returned >> 2020-09-09 17:50:18.018666

e3ncjmsm4ws >> End >> 2020-09-09 17:50:18.186463

8ro2wgn8t8u >> Start >> 2020-09-09 17:53:58.512134

8ro2wgn8t8u >> Image Returned >> 2020-09-09 17:53:58.516896

8ro2wgn8t8u >> End >> 2020-09-09 17:53:58.671104

6jvk0hyrrjz >> Start >> 2020-09-09 17:56:28.604612

6jvk0hyrrjz >> Image Returned >> 2020-09-09 17:56:28.609543

6jvk0hyrrjz >> End >> 2020-09-09 17:56:28.757247

j7ceexao0mw >> Start >> 2020-09-09 17:57:55.530908

j7ceexao0mw >> Image Returned >> 2020-09-09 17:57:55.534327

j7ceexao0mw >> End >> 2020-09-09 17:57:55.690100

monpuzntq63 >> Start >> 2020-09-09 18:05:38.306487

monpuzntq63 >> Image Returned >> 2020-09-09 18:05:38.309963

monpuzntq63 >> End >> 2020-09-09 18:05:38.464519

jdnypt3exy5 >> Start >> 2020-09-09 18:16:29.468565

jdnypt3exy5 >> Image Returned >> 2020-09-09 18:16:29.473860

jdnypt3exy5 >> End >> 2020-09-09 18:16:29.630650

kdi0txmjcxm >> Start >> 2020-09-09 18:21:19.556837

kdi0txmjcxm >> Image Returned >> 2020-09-09 18:21:19.560967

kdi0txmjcxm >> End >> 2020-09-09 18:21:19.716932

5cw73h6mfq8 >> Start >> 2020-09-09 18:23:15.443265

5cw73h6mfq8 >> Image Returned >> 2020-09-09 18:23:15.447221

5cw73h6mfq8 >> End >> 2020-09-09 18:23:15.620558

amdnrn0cj57 >> Start >> 2020-09-09 18:25:02.139661

amdnrn0cj57 >> Image Returned >> 2020-09-09 18:25:02.143176

amdnrn0cj57 >> End >> 2020-09-09 18:25:02.309362

vst3oxtut2u >> Start >> 2020-09-09 18:25:15.630722

vst3oxtut2u >> Image Returned >> 2020-09-09 18:25:15.634850

vst3oxtut2u >> End >> 2020-09-09 18:25:15.784861

4ysw2sbt6ub >> Start >> 2020-09-09 18:26:12.849323

4ysw2sbt6ub >> Image Returned >> 2020-09-09 18:26:12.853468

4ysw2sbt6ub >> End >> 2020-09-09 18:26:13.008130

m837nsha8nf >> Start >> 2020-09-09 18:27:20.059895

m837nsha8nf >> Image Returned >> 2020-09-09 18:27:20.063263

m837nsha8nf >> End >> 2020-09-09 18:27:20.231344

467me8ihmaf >> Start >> 2020-09-09 18:27:25.737133

467me8ihmaf >> Image Returned >> 2020-09-09 18:27:25.737445

467me8ihmaf >> End >> 2020-09-09 18:27:25.916608

7fmm40qynwi >> Start >> 2020-09-09 18:36:08.216114

7fmm40qynwi >> Image Returned >> 2020-09-09 18:36:08.219520

x07cmn3zj5o >> Start >> 2020-09-09 18:36:08.377680

x07cmn3zj5o >> Image Returned >> 2020-09-09 18:36:08.381011

7fmm40qynwi >> End >> 2020-09-09 18:36:08.385190

x07cmn3zj5o >> End >> 2020-09-09 18:36:08.550627

e2vvebroupw >> Start >> 2020-09-09 18:39:22.482911

e2vvebroupw >> Image Returned >> 2020-09-09 18:39:22.486396

e2vvebroupw >> End >> 2020-09-09 18:39:22.646894

5hnhofro3nj >> Start >> 2020-09-09 18:40:11.893109

5hnhofro3nj >> Image Returned >> 2020-09-09 18:40:11.896851

5hnhofro3nj >> End >> 2020-09-09 18:40:12.055351

c3pafow24wz >> Start >> 2020-09-09 18:41:48.723100

c3pafow24wz >> Image Returned >> 2020-09-09 18:41:48.728157

c3pafow24wz >> End >> 2020-09-09 18:41:48.886534

37jq37bafij >> Start >> 2020-09-09 18:56:00.755234

37jq37bafij >> Image Returned >> 2020-09-09 18:56:00.759136

37jq37bafij >> End >> 2020-09-09 18:56:00.915254

ukuvvoukfyw >> Start >> 2020-09-09 18:56:01.240148

ukuvvoukfyw >> Image Returned >> 2020-09-09 18:56:01.240437

ukuvvoukfyw >> End >> 2020-09-09 18:56:01.398344

nxbogfn6zsr >> Start >> 2020-09-09 18:57:11.303379

nxbogfn6zsr >> Image Returned >> 2020-09-09 18:57:11.308479

nxbogfn6zsr >> End >> 2020-09-09 18:57:11.484762

didj8363c56 >> Start >> 2020-09-09 19:03:15.122236

didj8363c56 >> Image Returned >> 2020-09-09 19:03:15.125971

didj8363c56 >> End >> 2020-09-09 19:03:15.312691

quaeg8onh3k >> Start >> 2020-09-09 19:04:42.571017

quaeg8onh3k >> Image Returned >> 2020-09-09 19:04:42.574918

quaeg8onh3k >> End >> 2020-09-09 19:04:42.737243

4wxpzmvgxm0 >> Start >> 2020-09-09 19:05:03.162595

4wxpzmvgxm0 >> Image Returned >> 2020-09-09 19:05:03.166244

4wxpzmvgxm0 >> End >> 2020-09-09 19:05:03.302764

y3guj0bgbgk >> Start >> 2020-09-09 19:07:05.281547

y3guj0bgbgk >> Image Returned >> 2020-09-09 19:07:05.285408

y3guj0bgbgk >> End >> 2020-09-09 19:07:05.449234

4qfuqovedzj >> Start >> 2020-09-09 19:09:51.385636

4qfuqovedzj >> Image Returned >> 2020-09-09 19:09:51.389151

4qfuqovedzj >> End >> 2020-09-09 19:09:51.569977

uobbk2muqyh >> Start >> 2020-09-09 19:12:01.182220

uobbk2muqyh >> Image Returned >> 2020-09-09 19:12:01.185714

uobbk2muqyh >> End >> 2020-09-09 19:12:01.350235

xrm6dq86puh >> Start >> 2020-09-09 19:13:34.249712

xrm6dq86puh >> Image Returned >> 2020-09-09 19:13:34.253830

xrm6dq86puh >> End >> 2020-09-09 19:13:34.414964

gzm47wyf2de >> Start >> 2020-09-09 19:14:15.645689

gzm47wyf2de >> Image Returned >> 2020-09-09 19:14:15.650659

gzm47wyf2de >> End >> 2020-09-09 19:14:15.810988

osyuknfpf58 >> Start >> 2020-09-09 19:19:38.730072

osyuknfpf58 >> Image Returned >> 2020-09-09 19:19:38.734206

osyuknfpf58 >> End >> 2020-09-09 19:19:38.915661

yeuw54ebs75 >> Start >> 2020-09-09 19:23:54.056328

yeuw54ebs75 >> Image Returned >> 2020-09-09 19:23:54.061647

yeuw54ebs75 >> End >> 2020-09-09 19:23:54.213453

huxd0dprrou >> Start >> 2020-09-09 19:29:53.618814

huxd0dprrou >> Image Returned >> 2020-09-09 19:29:53.624433

huxd0dprrou >> End >> 2020-09-09 19:29:53.777172

usma06524kg >> Start >> 2020-09-09 19:30:05.601840

usma06524kg >> Image Returned >> 2020-09-09 19:30:05.606175

usma06524kg >> End >> 2020-09-09 19:30:05.758280

guw7zq2ojni >> Start >> 2020-09-09 19:30:12.285130

guw7zq2ojni >> Image Returned >> 2020-09-09 19:30:12.285546

guw7zq2ojni >> End >> 2020-09-09 19:30:12.448780

i7pf6f7mfg2 >> Start >> 2020-09-09 19:39:02.695796

i7pf6f7mfg2 >> Image Returned >> 2020-09-09 19:39:02.699779

i7pf6f7mfg2 >> End >> 2020-09-09 19:39:02.853249

ww5tjenszjx >> Start >> 2020-09-09 19:48:38.584326

ww5tjenszjx >> Image Returned >> 2020-09-09 19:48:38.588486

ww5tjenszjx >> End >> 2020-09-09 19:48:38.749917

wotot7zxa36 >> Start >> 2020-09-09 19:51:39.338223

wotot7zxa36 >> Image Returned >> 2020-09-09 19:51:39.341732

wotot7zxa36 >> End >> 2020-09-09 19:51:39.515410

6yuh03g85vs >> Start >> 2020-09-09 19:52:16.317766

6yuh03g85vs >> Image Returned >> 2020-09-09 19:52:16.321163

6yuh03g85vs >> End >> 2020-09-09 19:52:16.483354

3x0unnpz6iz >> Start >> 2020-09-09 19:53:02.147576

3x0unnpz6iz >> Image Returned >> 2020-09-09 19:53:02.151396

3x0unnpz6iz >> End >> 2020-09-09 19:53:02.313293

3pevmgtk5jt >> Start >> 2020-09-09 19:53:50.062253

3pevmgtk5jt >> Image Returned >> 2020-09-09 19:53:50.065692

3pevmgtk5jt >> End >> 2020-09-09 19:53:50.592535

ugyp4x77wdv >> Start >> 2020-09-09 19:57:21.884392

ugyp4x77wdv >> Image Returned >> 2020-09-09 19:57:21.887804

ugyp4x77wdv >> End >> 2020-09-09 19:57:22.042522

jmhe84wiuug >> Start >> 2020-09-09 19:57:40.468847

jmhe84wiuug >> Image Returned >> 2020-09-09 19:57:40.473031

jmhe84wiuug >> End >> 2020-09-09 19:57:40.624423

kodnr75s2xw >> Start >> 2020-09-09 19:58:00.558511

kodnr75s2xw >> Image Returned >> 2020-09-09 19:58:00.562011

kodnr75s2xw >> End >> 2020-09-09 19:58:00.733684

2szwed66dq5 >> Start >> 2020-09-09 20:07:01.858400

2szwed66dq5 >> Image Returned >> 2020-09-09 20:07:01.861810

2szwed66dq5 >> End >> 2020-09-09 20:07:02.029122

ah6vyx5r0tv >> Start >> 2020-09-09 20:07:21.298094

ah6vyx5r0tv >> Image Returned >> 2020-09-09 20:07:21.301523

ah6vyx5r0tv >> End >> 2020-09-09 20:07:21.455715

epi5fqz7vrj >> Start >> 2020-09-09 20:07:47.003015

epi5fqz7vrj >> Image Returned >> 2020-09-09 20:07:47.006992

epi5fqz7vrj >> End >> 2020-09-09 20:07:47.170269

xg28usca6jw >> Start >> 2020-09-09 20:15:54.870068

xg28usca6jw >> Image Returned >> 2020-09-09 20:15:54.874418

xg28usca6jw >> End >> 2020-09-09 20:15:55.031625

tgohoywy0yz >> Start >> 2020-09-09 20:17:08.383725

tgohoywy0yz >> Image Returned >> 2020-09-09 20:17:08.388217

qcyz2ymypoa >> Start >> 2020-09-09 20:17:08.467129

qcyz2ymypoa >> Image Returned >> 2020-09-09 20:17:08.470608

tgohoywy0yz >> End >> 2020-09-09 20:17:08.549895

qcyz2ymypoa >> End >> 2020-09-09 20:17:08.635642

33s3i820k6f >> Start >> 2020-09-09 20:17:18.096051

33s3i820k6f >> Image Returned >> 2020-09-09 20:17:18.096476

33s3i820k6f >> End >> 2020-09-09 20:17:18.262388

emf23soq86p >> Start >> 2020-09-09 20:23:13.397437

emf23soq86p >> Image Returned >> 2020-09-09 20:23:13.403043

emf23soq86p >> End >> 2020-09-09 20:23:13.577737

c82s0a5aiwg >> Start >> 2020-09-09 20:24:16.615242

c82s0a5aiwg >> Image Returned >> 2020-09-09 20:24:16.618967

c82s0a5aiwg >> End >> 2020-09-09 20:24:16.804510

0dd6yjgkndr >> Start >> 2020-09-09 20:27:33.255654

0dd6yjgkndr >> Image Returned >> 2020-09-09 20:27:33.260274

0dd6yjgkndr >> End >> 2020-09-09 20:27:33.418385

u25v45zjbqw >> Start >> 2020-09-09 20:28:15.223211

u25v45zjbqw >> Image Returned >> 2020-09-09 20:28:15.226778

u25v45zjbqw >> End >> 2020-09-09 20:28:15.394891

v7vg3v02cxs >> Start >> 2020-09-09 20:29:23.232889

v7vg3v02cxs >> Image Returned >> 2020-09-09 20:29:23.236766

v7vg3v02cxs >> End >> 2020-09-09 20:29:23.401433

i3m5hdgeww0 >> Start >> 2020-09-09 20:30:25.661289

i3m5hdgeww0 >> Image Returned >> 2020-09-09 20:30:25.665255

i3m5hdgeww0 >> End >> 2020-09-09 20:30:25.832766

vyxb6fwwx8h >> Start >> 2020-09-09 20:30:51.644090

vyxb6fwwx8h >> Image Returned >> 2020-09-09 20:30:51.649482

vyxb6fwwx8h >> End >> 2020-09-09 20:30:51.806034

ogytjaovg78 >> Start >> 2020-09-09 20:31:06.116360

ogytjaovg78 >> Image Returned >> 2020-09-09 20:31:06.119910

ogytjaovg78 >> End >> 2020-09-09 20:31:06.288897

ez5pke3s5nh >> Start >> 2020-09-09 20:31:38.582278

ez5pke3s5nh >> Image Returned >> 2020-09-09 20:31:38.586312

ez5pke3s5nh >> End >> 2020-09-09 20:31:38.759198

psszg3qdo33 >> Start >> 2020-09-09 20:33:25.600220

psszg3qdo33 >> Image Returned >> 2020-09-09 20:33:25.603702

psszg3qdo33 >> End >> 2020-09-09 20:33:25.779344

b5fqw2dvwwi >> Start >> 2020-09-09 20:38:25.773830

b5fqw2dvwwi >> Image Returned >> 2020-09-09 20:38:25.777461

b5fqw2dvwwi >> End >> 2020-09-09 20:38:25.946675

5u5k7dz0afc >> Start >> 2020-09-09 20:42:39.502393

5u5k7dz0afc >> Image Returned >> 2020-09-09 20:42:39.507635

5u5k7dz0afc >> End >> 2020-09-09 20:42:39.665234

arvawi2rb0c >> Start >> 2020-09-09 20:47:32.868089

arvawi2rb0c >> Image Returned >> 2020-09-09 20:47:32.872983

arvawi2rb0c >> End >> 2020-09-09 20:47:33.032613

0omx3764c5h >> Start >> 2020-09-09 20:47:49.570951

0omx3764c5h >> Image Returned >> 2020-09-09 20:47:49.574501

0omx3764c5h >> End >> 2020-09-09 20:47:49.728949

rutu2m0h678 >> Start >> 2020-09-09 20:52:20.174662

rutu2m0h678 >> Image Returned >> 2020-09-09 20:52:20.178107

rutu2m0h678 >> End >> 2020-09-09 20:52:20.327910

dj586waxmdm >> Start >> 2020-09-09 20:53:56.340347

dj586waxmdm >> Image Returned >> 2020-09-09 20:53:56.343811

dj586waxmdm >> End >> 2020-09-09 20:53:56.511924

zjvbxpuq2tu >> Start >> 2020-09-09 20:54:55.584861

zjvbxpuq2tu >> Image Returned >> 2020-09-09 20:54:55.589322

zjvbxpuq2tu >> End >> 2020-09-09 20:54:55.779068

74ukxim2hqu >> Start >> 2020-09-09 20:55:36.888608

74ukxim2hqu >> Image Returned >> 2020-09-09 20:55:36.892851

74ukxim2hqu >> End >> 2020-09-09 20:55:37.087641

oxkvdozp07u >> Start >> 2020-09-09 20:56:09.669600

oxkvdozp07u >> Image Returned >> 2020-09-09 20:56:09.673165

oxkvdozp07u >> End >> 2020-09-09 20:56:09.837285

aoy3uxr7mhd >> Start >> 2020-09-09 20:56:39.922976

aoy3uxr7mhd >> Image Returned >> 2020-09-09 20:56:39.928930

aoy3uxr7mhd >> End >> 2020-09-09 20:56:40.087368

6kgx8obt4os >> Start >> 2020-09-09 20:57:06.545356

6kgx8obt4os >> Image Returned >> 2020-09-09 20:57:06.549235

6kgx8obt4os >> End >> 2020-09-09 20:57:06.735724

perz5soj52v >> Start >> 2020-09-09 21:05:02.718255

perz5soj52v >> Image Returned >> 2020-09-09 21:05:02.725513

perz5soj52v >> End >> 2020-09-09 21:05:02.859025

grjk75maipu >> Start >> 2020-09-09 21:12:56.333996

grjk75maipu >> Image Returned >> 2020-09-09 21:12:56.338001

grjk75maipu >> End >> 2020-09-09 21:12:56.463905

d5dwnufj53p >> Start >> 2020-09-09 21:18:06.343797

d5dwnufj53p >> Image Returned >> 2020-09-09 21:18:06.349950

d5dwnufj53p >> End >> 2020-09-09 21:18:06.517143

qhiqhwkm2cw >> Start >> 2020-09-09 21:19:10.471185

qhiqhwkm2cw >> Image Returned >> 2020-09-09 21:19:10.474989

qhiqhwkm2cw >> End >> 2020-09-09 21:19:10.643829

rk66hs8p24u >> Start >> 2020-09-09 21:22:58.070034

rk66hs8p24u >> Image Returned >> 2020-09-09 21:22:58.073436

rk66hs8p24u >> End >> 2020-09-09 21:22:58.228734

jn3sgqs275w >> Start >> 2020-09-09 21:24:16.757977

jn3sgqs275w >> Image Returned >> 2020-09-09 21:24:16.761214

jn3sgqs275w >> End >> 2020-09-09 21:24:16.916799

a5u5beyakdk >> Start >> 2020-09-09 21:25:53.061280

a5u5beyakdk >> Image Returned >> 2020-09-09 21:25:53.065289

a5u5beyakdk >> End >> 2020-09-09 21:25:53.257751

rm8wkz2zdsn >> Start >> 2020-09-09 21:26:40.076594

rm8wkz2zdsn >> Image Returned >> 2020-09-09 21:26:40.080478

rm8wkz2zdsn >> End >> 2020-09-09 21:26:40.234623

pem5z8i5su3 >> Start >> 2020-09-09 21:30:44.919073

pem5z8i5su3 >> Image Returned >> 2020-09-09 21:30:44.922507

pem5z8i5su3 >> End >> 2020-09-09 21:30:45.091950

7i34s03ppu3 >> Start >> 2020-09-09 21:31:11.690296

7i34s03ppu3 >> Image Returned >> 2020-09-09 21:31:11.695056

7i34s03ppu3 >> End >> 2020-09-09 21:31:11.857512

f4dmra8serw >> Start >> 2020-09-09 21:31:45.534663

f4dmra8serw >> Image Returned >> 2020-09-09 21:31:45.538904

f4dmra8serw >> End >> 2020-09-09 21:31:45.688204

dcbcokaxtt3 >> Start >> 2020-09-09 21:47:55.759591

dcbcokaxtt3 >> Image Returned >> 2020-09-09 21:47:55.763825

dcbcokaxtt3 >> End >> 2020-09-09 21:47:55.914356

ywhojr7trn0 >> Start >> 2020-09-09 21:50:18.439647

ywhojr7trn0 >> Image Returned >> 2020-09-09 21:50:18.443516

ywhojr7trn0 >> End >> 2020-09-09 21:50:18.612241

sdxfzny5z8i >> Start >> 2020-09-09 21:50:30.030831

sdxfzny5z8i >> Image Returned >> 2020-09-09 21:50:30.034271

sdxfzny5z8i >> End >> 2020-09-09 21:50:30.187822

xx3y7td8wav >> Start >> 2020-09-09 21:59:49.587447

xx3y7td8wav >> Image Returned >> 2020-09-09 21:59:49.592089

xx3y7td8wav >> End >> 2020-09-09 21:59:49.741339

ykay2q7nffq >> Start >> 2020-09-09 22:07:20.531044

ykay2q7nffq >> Image Returned >> 2020-09-09 22:07:20.534521

ykay2q7nffq >> End >> 2020-09-09 22:07:20.716053

ukjk7wsn7yq >> Start >> 2020-09-09 22:08:57.235991

ukjk7wsn7yq >> Image Returned >> 2020-09-09 22:08:57.241077

ukjk7wsn7yq >> End >> 2020-09-09 22:08:57.396049

d0bhquv5ie3 >> Start >> 2020-09-09 22:14:50.722019

d0bhquv5ie3 >> Image Returned >> 2020-09-09 22:14:50.727186

d0bhquv5ie3 >> End >> 2020-09-09 22:14:50.895600

qojydk385ax >> Start >> 2020-09-09 22:18:34.347747

qojydk385ax >> Image Returned >> 2020-09-09 22:18:34.352219

qojydk385ax >> End >> 2020-09-09 22:18:34.512522

yzzxhwzhxy5 >> Start >> 2020-09-09 22:20:22.778719

yzzxhwzhxy5 >> Image Returned >> 2020-09-09 22:20:22.783649

yzzxhwzhxy5 >> End >> 2020-09-09 22:20:22.944309

vnzftonjsgz >> Start >> 2020-09-09 22:22:33.862409

vnzftonjsgz >> Image Returned >> 2020-09-09 22:22:33.866483

vnzftonjsgz >> End >> 2020-09-09 22:22:34.057976

raetbx8rkbp >> Start >> 2020-09-09 22:26:03.091119

raetbx8rkbp >> Image Returned >> 2020-09-09 22:26:03.094646

raetbx8rkbp >> End >> 2020-09-09 22:26:03.289915

mvbc8dgsg7s >> Start >> 2020-09-09 22:53:08.407536

mvbc8dgsg7s >> Image Returned >> 2020-09-09 22:53:08.411555

mvbc8dgsg7s >> End >> 2020-09-09 22:53:08.560086

uqnkmhxwxmq >> Start >> 2020-09-09 22:53:08.560825

uqnkmhxwxmq >> Image Returned >> 2020-09-09 22:53:08.561084

uqnkmhxwxmq >> End >> 2020-09-09 22:53:08.715965

3njc7avxd7u >> Start >> 2020-09-09 23:06:54.701730

3njc7avxd7u >> Image Returned >> 2020-09-09 23:06:54.707056

3njc7avxd7u >> End >> 2020-09-09 23:06:54.857153

p87p6tjvqu3 >> Start >> 2020-09-09 23:41:10.513762

p87p6tjvqu3 >> Image Returned >> 2020-09-09 23:41:10.517824

p87p6tjvqu3 >> End >> 2020-09-09 23:41:10.665591

khyt7amx2q4 >> Start >> 2020-09-09 23:45:10.969062

khyt7amx2q4 >> Image Returned >> 2020-09-09 23:45:10.973155

khyt7amx2q4 >> End >> 2020-09-09 23:45:11.124599

