e2bscc45o5x >> Start >> 2020-08-20 00:15:30.117058

e2bscc45o5x >> Image Returned >> 2020-08-20 00:15:30.121226

e2bscc45o5x >> End >> 2020-08-20 00:15:30.270375

pf3rhz6anpd >> Start >> 2020-08-20 00:27:03.212415

pf3rhz6anpd >> Image Returned >> 2020-08-20 00:27:03.216312

pf3rhz6anpd >> End >> 2020-08-20 00:27:03.363765

2iosygw4nye >> Start >> 2020-08-20 00:32:04.884210

2iosygw4nye >> Image Returned >> 2020-08-20 00:32:04.888684

2iosygw4nye >> End >> 2020-08-20 00:32:05.035113

v5c8u2xi5up >> Start >> 2020-08-20 00:32:18.868083

v5c8u2xi5up >> Image Returned >> 2020-08-20 00:32:18.871588

v5c8u2xi5up >> End >> 2020-08-20 00:32:19.095727

xwj0wsgtvy0 >> Start >> 2020-08-20 00:34:13.403719

xwj0wsgtvy0 >> Image Returned >> 2020-08-20 00:34:13.407288

xwj0wsgtvy0 >> End >> 2020-08-20 00:34:13.627612

ft5qp7sa0nf >> Start >> 2020-08-20 00:44:37.983836

ft5qp7sa0nf >> Image Returned >> 2020-08-20 00:44:37.993392

ft5qp7sa0nf >> End >> 2020-08-20 00:44:38.136782

2t6bvib08f5 >> Start >> 2020-08-20 00:47:44.052597

2t6bvib08f5 >> Image Returned >> 2020-08-20 00:47:44.056814

2t6bvib08f5 >> End >> 2020-08-20 00:47:44.194828

2xmqjwzato8 >> Start >> 2020-08-20 01:04:57.045718

2xmqjwzato8 >> Image Returned >> 2020-08-20 01:04:57.051912

2xmqjwzato8 >> End >> 2020-08-20 01:04:57.194669

frraoazzzvb >> Start >> 2020-08-20 01:07:45.021909

frraoazzzvb >> Image Returned >> 2020-08-20 01:07:45.026833

frraoazzzvb >> End >> 2020-08-20 01:07:45.172538

kaxb50jwn57 >> Start >> 2020-08-20 01:13:26.947447

kaxb50jwn57 >> Image Returned >> 2020-08-20 01:13:26.950910

kaxb50jwn57 >> End >> 2020-08-20 01:13:27.156039

kpab8upfo7g >> Start >> 2020-08-20 01:20:54.840348

kpab8upfo7g >> Image Returned >> 2020-08-20 01:20:54.848036

kpab8upfo7g >> End >> 2020-08-20 01:20:55.058701

hcoy0pg00a6 >> Start >> 2020-08-20 02:02:43.837799

hcoy0pg00a6 >> Image Returned >> 2020-08-20 02:02:43.842103

hcoy0pg00a6 >> End >> 2020-08-20 02:02:43.986294

vac5uk6roed >> Start >> 2020-08-20 02:16:42.449683

vac5uk6roed >> Image Returned >> 2020-08-20 02:16:42.453146

vac5uk6roed >> End >> 2020-08-20 02:16:42.597562

ab3wa7dxi2k >> Start >> 2020-08-20 03:43:04.244894

ab3wa7dxi2k >> Image Returned >> 2020-08-20 03:43:04.251403

ab3wa7dxi2k >> End >> 2020-08-20 03:43:04.399627

7ofouzy82wi >> Start >> 2020-08-20 04:14:39.519593

7ofouzy82wi >> Image Returned >> 2020-08-20 04:14:39.523714

7ofouzy82wi >> End >> 2020-08-20 04:14:39.671724

xbjp6btxoqx >> Start >> 2020-08-20 05:01:57.040944

xbjp6btxoqx >> Image Returned >> 2020-08-20 05:01:57.045011

xbjp6btxoqx >> End >> 2020-08-20 05:01:57.188127

xmyhwe8mdyy >> Start >> 2020-08-20 06:15:36.111294

xmyhwe8mdyy >> Image Returned >> 2020-08-20 06:15:36.115634

xmyhwe8mdyy >> End >> 2020-08-20 06:15:36.259258

ov20rdxmjn2 >> Start >> 2020-08-20 06:41:33.265954

ov20rdxmjn2 >> Image Returned >> 2020-08-20 06:41:33.270386

ov20rdxmjn2 >> End >> 2020-08-20 06:41:33.416836

psaq2hj5y35 >> Start >> 2020-08-20 06:46:23.687745

psaq2hj5y35 >> Image Returned >> 2020-08-20 06:46:23.692833

psaq2hj5y35 >> End >> 2020-08-20 06:46:23.855781

w0eo025xn62 >> Start >> 2020-08-20 07:03:49.706590

w0eo025xn62 >> Image Returned >> 2020-08-20 07:03:49.710238

w0eo025xn62 >> End >> 2020-08-20 07:03:49.857558

tpd0vyqrdy8 >> Start >> 2020-08-20 07:07:58.235646

tpd0vyqrdy8 >> Image Returned >> 2020-08-20 07:07:58.240896

tpd0vyqrdy8 >> End >> 2020-08-20 07:07:58.409034

h4h2ysegn8d >> Start >> 2020-08-20 07:15:35.703290

h4h2ysegn8d >> Image Returned >> 2020-08-20 07:15:35.709151

h4h2ysegn8d >> End >> 2020-08-20 07:15:35.852318

dxp47tru8br >> Start >> 2020-08-20 07:18:34.776773

dxp47tru8br >> Image Returned >> 2020-08-20 07:18:34.782100

dxp47tru8br >> End >> 2020-08-20 07:18:34.926835

x8dwm7jijmj >> Start >> 2020-08-20 07:25:41.744101

x8dwm7jijmj >> Image Returned >> 2020-08-20 07:25:41.748673

x8dwm7jijmj >> End >> 2020-08-20 07:25:41.889110

6oxpnjrnix3 >> Start >> 2020-08-20 07:28:17.296120

6oxpnjrnix3 >> Image Returned >> 2020-08-20 07:28:17.300030

6oxpnjrnix3 >> End >> 2020-08-20 07:28:17.441127

xcwojbjfxq6 >> Start >> 2020-08-20 08:00:46.382457

xcwojbjfxq6 >> Image Returned >> 2020-08-20 08:00:46.386169

xcwojbjfxq6 >> End >> 2020-08-20 08:00:46.539072

kdrmbhgfs7j >> Start >> 2020-08-20 08:11:50.391731

kdrmbhgfs7j >> Image Returned >> 2020-08-20 08:11:50.396112

kdrmbhgfs7j >> End >> 2020-08-20 08:11:50.548362

ez3u3avvywq >> Start >> 2020-08-20 08:16:19.558674

ez3u3avvywq >> Image Returned >> 2020-08-20 08:16:19.564980

ez3u3avvywq >> End >> 2020-08-20 08:16:19.714975

erjk7kuytse >> Start >> 2020-08-20 08:17:25.152678

erjk7kuytse >> Image Returned >> 2020-08-20 08:17:25.156968

erjk7kuytse >> End >> 2020-08-20 08:17:25.297240

tmaaj47wh04 >> Start >> 2020-08-20 08:28:11.282804

tmaaj47wh04 >> Image Returned >> 2020-08-20 08:28:11.287384

tmaaj47wh04 >> End >> 2020-08-20 08:28:11.430223

nkh7u3i45ir >> Start >> 2020-08-20 08:35:32.225543

nkh7u3i45ir >> Image Returned >> 2020-08-20 08:35:32.229501

nkh7u3i45ir >> End >> 2020-08-20 08:35:32.381190

v6545dmbaqo >> Start >> 2020-08-20 08:42:58.301619

v6545dmbaqo >> Image Returned >> 2020-08-20 08:42:58.305867

v6545dmbaqo >> End >> 2020-08-20 08:42:58.452867

i82es8zgax4 >> Start >> 2020-08-20 08:52:45.902471

i82es8zgax4 >> Image Returned >> 2020-08-20 08:52:45.907537

i82es8zgax4 >> End >> 2020-08-20 08:52:46.061271

wjw0cagn8hk >> Start >> 2020-08-20 08:57:10.443167

wjw0cagn8hk >> Image Returned >> 2020-08-20 08:57:10.449625

wjw0cagn8hk >> End >> 2020-08-20 08:57:10.606273

3ux5euyjhsh >> Start >> 2020-08-20 08:57:55.591068

3ux5euyjhsh >> Image Returned >> 2020-08-20 08:57:55.594717

3ux5euyjhsh >> End >> 2020-08-20 08:57:55.736634

ipnse7cxrju >> Start >> 2020-08-20 09:10:38.804120

ipnse7cxrju >> Image Returned >> 2020-08-20 09:10:38.807683

ipnse7cxrju >> End >> 2020-08-20 09:10:38.948241

zdr8f45ufnp >> Start >> 2020-08-20 09:11:14.627304

zdr8f45ufnp >> Image Returned >> 2020-08-20 09:11:14.631407

zdr8f45ufnp >> End >> 2020-08-20 09:11:14.780337

qvakabbsiyu >> Start >> 2020-08-20 09:55:42.651479

qvakabbsiyu >> Image Returned >> 2020-08-20 09:55:42.655534

qvakabbsiyu >> End >> 2020-08-20 09:55:42.799091

z7icp78g3ke >> Start >> 2020-08-20 10:10:01.609194

z7icp78g3ke >> Image Returned >> 2020-08-20 10:10:01.613075

z7icp78g3ke >> End >> 2020-08-20 10:10:01.764512

o8nmqzdddvg >> Start >> 2020-08-20 10:10:07.103122

o8nmqzdddvg >> Image Returned >> 2020-08-20 10:10:07.103441

o8nmqzdddvg >> End >> 2020-08-20 10:10:07.252845

ytdt8koo3oj >> Start >> 2020-08-20 10:14:35.881373

ytdt8koo3oj >> Image Returned >> 2020-08-20 10:14:35.885597

ytdt8koo3oj >> End >> 2020-08-20 10:14:36.034991

87p0exn8mqw >> Start >> 2020-08-20 10:14:42.827105

87p0exn8mqw >> Image Returned >> 2020-08-20 10:14:42.827394

87p0exn8mqw >> End >> 2020-08-20 10:14:42.978468

k4eeg2qqrvf >> Start >> 2020-08-20 10:32:59.129354

k4eeg2qqrvf >> Image Returned >> 2020-08-20 10:32:59.133024

k4eeg2qqrvf >> End >> 2020-08-20 10:32:59.279664

fqztpfb7rwf >> Start >> 2020-08-20 10:34:43.296514

fqztpfb7rwf >> Image Returned >> 2020-08-20 10:34:43.300888

fqztpfb7rwf >> End >> 2020-08-20 10:34:43.450663

n5aq8hkprde >> Start >> 2020-08-20 10:34:48.000488

n5aq8hkprde >> Image Returned >> 2020-08-20 10:34:48.000816

n5aq8hkprde >> End >> 2020-08-20 10:34:48.148298

7pponn3oskc >> Start >> 2020-08-20 10:38:20.073260

7pponn3oskc >> Image Returned >> 2020-08-20 10:38:20.077595

7pponn3oskc >> End >> 2020-08-20 10:38:20.227575

ziratvqpzne >> Start >> 2020-08-20 10:49:01.727135

ziratvqpzne >> Image Returned >> 2020-08-20 10:49:01.730729

ziratvqpzne >> End >> 2020-08-20 10:49:01.874742

drph6tcxfoz >> Start >> 2020-08-20 10:57:14.856734

drph6tcxfoz >> Image Returned >> 2020-08-20 10:57:14.861419

drph6tcxfoz >> End >> 2020-08-20 10:57:15.016331

koeao5gs3ya >> Start >> 2020-08-20 10:57:28.418739

koeao5gs3ya >> Image Returned >> 2020-08-20 10:57:28.424053

koeao5gs3ya >> End >> 2020-08-20 10:57:28.575886

hwr60rrhpz0 >> Start >> 2020-08-20 11:04:21.946432

hwr60rrhpz0 >> Image Returned >> 2020-08-20 11:04:21.950443

hwr60rrhpz0 >> End >> 2020-08-20 11:04:22.137195

yhfv8o0vp8b >> Start >> 2020-08-20 11:06:10.704886

yhfv8o0vp8b >> Image Returned >> 2020-08-20 11:06:10.709177

yhfv8o0vp8b >> End >> 2020-08-20 11:06:10.863866

y8di5mca7vg >> Start >> 2020-08-20 11:10:02.446198

y8di5mca7vg >> Image Returned >> 2020-08-20 11:10:02.449933

y8di5mca7vg >> End >> 2020-08-20 11:10:03.016585

v8boac6ukf3 >> Start >> 2020-08-20 11:11:28.524513

v8boac6ukf3 >> Image Returned >> 2020-08-20 11:11:28.530989

v8boac6ukf3 >> End >> 2020-08-20 11:11:28.677401

betzdznrwep >> Start >> 2020-08-20 11:12:55.549659

betzdznrwep >> Image Returned >> 2020-08-20 11:12:55.553849

betzdznrwep >> End >> 2020-08-20 11:12:55.709492

k8mbd7t4g2p >> Start >> 2020-08-20 11:21:43.089705

k8mbd7t4g2p >> Image Returned >> 2020-08-20 11:21:43.094696

k8mbd7t4g2p >> End >> 2020-08-20 11:21:43.238078

74m7etm5nb4 >> Start >> 2020-08-20 11:36:46.847856

74m7etm5nb4 >> Image Returned >> 2020-08-20 11:36:46.853137

74m7etm5nb4 >> End >> 2020-08-20 11:36:46.997693

kffd35tnwft >> Start >> 2020-08-20 11:45:57.118952

kffd35tnwft >> Image Returned >> 2020-08-20 11:45:57.125390

kffd35tnwft >> End >> 2020-08-20 11:45:57.279309

wau0p7gp4ia >> Start >> 2020-08-20 11:46:29.427927

wau0p7gp4ia >> Image Returned >> 2020-08-20 11:46:29.432411

wau0p7gp4ia >> End >> 2020-08-20 11:46:29.578252

58a22x5bj78 >> Start >> 2020-08-20 11:58:21.095927

58a22x5bj78 >> Image Returned >> 2020-08-20 11:58:21.101494

58a22x5bj78 >> End >> 2020-08-20 11:58:21.248913

hdjmehosz32 >> Start >> 2020-08-20 12:09:54.076440

hdjmehosz32 >> Image Returned >> 2020-08-20 12:09:54.080410

hdjmehosz32 >> End >> 2020-08-20 12:09:54.246834

0muy5mgbcqk >> Start >> 2020-08-20 12:10:18.149540

0muy5mgbcqk >> Image Returned >> 2020-08-20 12:10:18.153620

0muy5mgbcqk >> End >> 2020-08-20 12:10:18.303097

2qcy3q0rrcg >> Start >> 2020-08-20 12:16:29.715351

2qcy3q0rrcg >> Image Returned >> 2020-08-20 12:16:29.719921

2qcy3q0rrcg >> End >> 2020-08-20 12:16:29.868972

48y0dnjgqym >> Start >> 2020-08-20 12:25:17.500720

48y0dnjgqym >> Image Returned >> 2020-08-20 12:25:17.506474

48y0dnjgqym >> End >> 2020-08-20 12:25:17.649252

zhhegi8nqve >> Start >> 2020-08-20 12:29:29.157629

zhhegi8nqve >> Image Returned >> 2020-08-20 12:29:29.162065

zhhegi8nqve >> End >> 2020-08-20 12:29:29.306109

8h3hreq32rw >> Start >> 2020-08-20 12:53:10.302845

8h3hreq32rw >> Image Returned >> 2020-08-20 12:53:10.309017

8h3hreq32rw >> End >> 2020-08-20 12:53:10.457380

te3ured04hi >> Start >> 2020-08-20 13:14:54.381424

te3ured04hi >> Image Returned >> 2020-08-20 13:14:54.386306

te3ured04hi >> End >> 2020-08-20 13:14:54.537000

xo327sk0bbg >> Start >> 2020-08-20 13:18:12.567416

xo327sk0bbg >> Image Returned >> 2020-08-20 13:18:12.571897

xo327sk0bbg >> End >> 2020-08-20 13:18:12.727962

4pvd67zsp2i >> Start >> 2020-08-20 13:24:22.691153

4pvd67zsp2i >> Image Returned >> 2020-08-20 13:24:22.695075

4pvd67zsp2i >> End >> 2020-08-20 13:24:22.844249

c7nejzme4g7 >> Start >> 2020-08-20 13:29:28.665829

c7nejzme4g7 >> Image Returned >> 2020-08-20 13:29:28.669755

c7nejzme4g7 >> End >> 2020-08-20 13:29:28.822740

zs6krp7eoqi >> Start >> 2020-08-20 13:35:39.228972

zs6krp7eoqi >> Image Returned >> 2020-08-20 13:35:39.233695

zs6krp7eoqi >> End >> 2020-08-20 13:35:39.388026

3dbjka2u77x >> Start >> 2020-08-20 13:41:28.875129

3dbjka2u77x >> Image Returned >> 2020-08-20 13:41:28.881402

3dbjka2u77x >> End >> 2020-08-20 13:41:29.035784

68svengob5g >> Start >> 2020-08-20 13:47:15.029603

68svengob5g >> Image Returned >> 2020-08-20 13:47:15.033088

68svengob5g >> End >> 2020-08-20 13:47:15.185992

0xtpp3mtwdc >> Start >> 2020-08-20 13:56:05.866485

0xtpp3mtwdc >> Image Returned >> 2020-08-20 13:56:05.875159

0xtpp3mtwdc >> End >> 2020-08-20 13:56:06.030663

herunywhzge >> Start >> 2020-08-20 13:56:48.362857

herunywhzge >> Image Returned >> 2020-08-20 13:56:48.367177

herunywhzge >> End >> 2020-08-20 13:56:48.509849

55qgeezzxo6 >> Start >> 2020-08-20 13:58:28.081063

55qgeezzxo6 >> Image Returned >> 2020-08-20 13:58:28.087107

55qgeezzxo6 >> End >> 2020-08-20 13:58:28.230020

ya3iiomyvbb >> Start >> 2020-08-20 14:14:26.756372

ya3iiomyvbb >> Image Returned >> 2020-08-20 14:14:26.761339

ya3iiomyvbb >> End >> 2020-08-20 14:14:26.923948

ttdsj2hhx8u >> Start >> 2020-08-20 14:26:28.150239

ttdsj2hhx8u >> Image Returned >> 2020-08-20 14:26:28.155364

ttdsj2hhx8u >> End >> 2020-08-20 14:26:28.301970

c7xqa7u6k0q >> Start >> 2020-08-20 14:37:09.483306

c7xqa7u6k0q >> Image Returned >> 2020-08-20 14:37:09.490314

c7xqa7u6k0q >> End >> 2020-08-20 14:37:09.628494

cu0n8zsee7w >> Start >> 2020-08-20 14:44:25.756186

cu0n8zsee7w >> Image Returned >> 2020-08-20 14:44:25.763695

cu0n8zsee7w >> End >> 2020-08-20 14:44:25.908858

s63ox760vtz >> Start >> 2020-08-20 14:45:13.179610

s63ox760vtz >> Image Returned >> 2020-08-20 14:45:13.183216

t6giod5vm8f >> Start >> 2020-08-20 14:45:13.273690

t6giod5vm8f >> Image Returned >> 2020-08-20 14:45:13.277343

s63ox760vtz >> End >> 2020-08-20 14:45:13.329197

t6giod5vm8f >> End >> 2020-08-20 14:45:13.428352

05s4w3tsgtr >> Start >> 2020-08-20 14:48:25.464704

05s4w3tsgtr >> Image Returned >> 2020-08-20 14:48:25.470134

05s4w3tsgtr >> End >> 2020-08-20 14:48:25.619945

gzq0oiyftdk >> Start >> 2020-08-20 14:49:45.920505

gzq0oiyftdk >> Image Returned >> 2020-08-20 14:49:45.924501

gzq0oiyftdk >> End >> 2020-08-20 14:49:46.073488

tzonxbg2jcv >> Start >> 2020-08-20 14:51:13.794528

tzonxbg2jcv >> Image Returned >> 2020-08-20 14:51:13.800627

tzonxbg2jcv >> End >> 2020-08-20 14:51:13.944590

hkv4z82xv3t >> Start >> 2020-08-20 14:56:26.155915

hkv4z82xv3t >> Image Returned >> 2020-08-20 14:56:26.161595

hkv4z82xv3t >> End >> 2020-08-20 14:56:26.312071

2237tsw2fag >> Start >> 2020-08-20 14:56:37.389967

2237tsw2fag >> Image Returned >> 2020-08-20 14:56:37.393630

2237tsw2fag >> End >> 2020-08-20 14:56:37.537626

0iiyhmzeasd >> Start >> 2020-08-20 15:02:40.595369

0iiyhmzeasd >> Image Returned >> 2020-08-20 15:02:40.599977

0iiyhmzeasd >> End >> 2020-08-20 15:02:40.750495

6htn3cmr4ot >> Start >> 2020-08-20 15:10:55.298322

6htn3cmr4ot >> Image Returned >> 2020-08-20 15:10:55.301904

6htn3cmr4ot >> End >> 2020-08-20 15:10:55.446825

rjc2337iq88 >> Start >> 2020-08-20 15:38:20.451694

rjc2337iq88 >> Image Returned >> 2020-08-20 15:38:20.457777

rjc2337iq88 >> End >> 2020-08-20 15:38:20.612421

ewxh4tq64c4 >> Start >> 2020-08-20 15:50:36.585431

ewxh4tq64c4 >> Image Returned >> 2020-08-20 15:50:36.591229

ewxh4tq64c4 >> End >> 2020-08-20 15:50:36.739542

7d7cn83bvex >> Start >> 2020-08-20 15:53:24.160773

7d7cn83bvex >> Image Returned >> 2020-08-20 15:53:24.165281

7d7cn83bvex >> End >> 2020-08-20 15:53:24.316847

wmf00sgqzdw >> Start >> 2020-08-20 15:55:41.426033

wmf00sgqzdw >> Image Returned >> 2020-08-20 15:55:41.430423

wmf00sgqzdw >> End >> 2020-08-20 15:55:41.580693

g8xfh5o8hxg >> Start >> 2020-08-20 16:03:09.488619

g8xfh5o8hxg >> Image Returned >> 2020-08-20 16:03:09.493604

g8xfh5o8hxg >> End >> 2020-08-20 16:03:09.657040

65r4s75tnyc >> Start >> 2020-08-20 16:22:51.518148

65r4s75tnyc >> Image Returned >> 2020-08-20 16:22:51.524432

65r4s75tnyc >> End >> 2020-08-20 16:22:51.666976

zfg5kxqjivc >> Start >> 2020-08-20 16:35:10.190435

zfg5kxqjivc >> Image Returned >> 2020-08-20 16:35:10.194818

zfg5kxqjivc >> End >> 2020-08-20 16:35:10.337188

eb45ofbiqnx >> Start >> 2020-08-20 16:42:18.349714

eb45ofbiqnx >> Image Returned >> 2020-08-20 16:42:18.355389

eb45ofbiqnx >> End >> 2020-08-20 16:42:18.502338

a6hutastv54 >> Start >> 2020-08-20 17:02:47.121392

a6hutastv54 >> Image Returned >> 2020-08-20 17:02:47.126059

a6hutastv54 >> End >> 2020-08-20 17:02:47.286326

p5o3xcw8fds >> Start >> 2020-08-20 17:12:24.902018

p5o3xcw8fds >> Image Returned >> 2020-08-20 17:12:24.906330

p5o3xcw8fds >> End >> 2020-08-20 17:12:25.056895

n3vrpjve3fj >> Start >> 2020-08-20 17:24:47.891851

n3vrpjve3fj >> Image Returned >> 2020-08-20 17:24:47.896406

n3vrpjve3fj >> End >> 2020-08-20 17:24:48.052719

zbbx5ayippx >> Start >> 2020-08-20 17:40:05.230370

zbbx5ayippx >> Image Returned >> 2020-08-20 17:40:05.234569

zbbx5ayippx >> End >> 2020-08-20 17:40:05.382781

08jmpsfrwjn >> Start >> 2020-08-20 17:45:20.083991

08jmpsfrwjn >> Image Returned >> 2020-08-20 17:45:20.088471

08jmpsfrwjn >> End >> 2020-08-20 17:45:20.241290

gc6ymzz7ekb >> Start >> 2020-08-20 18:11:56.396107

gc6ymzz7ekb >> Image Returned >> 2020-08-20 18:11:56.401278

gc6ymzz7ekb >> End >> 2020-08-20 18:11:56.552278

q3n2642bqpd >> Start >> 2020-08-20 18:14:47.633953

q3n2642bqpd >> Image Returned >> 2020-08-20 18:14:47.639322

q3n2642bqpd >> End >> 2020-08-20 18:14:47.790616

60pz2v7ywxp >> Start >> 2020-08-20 18:52:29.873017

60pz2v7ywxp >> Image Returned >> 2020-08-20 18:52:29.879820

60pz2v7ywxp >> End >> 2020-08-20 18:52:30.006598

j85vubwn6bw >> Start >> 2020-08-20 19:10:32.363611

j85vubwn6bw >> Image Returned >> 2020-08-20 19:10:32.367615

j85vubwn6bw >> End >> 2020-08-20 19:10:32.520061

j0id0s5jerk >> Start >> 2020-08-20 19:29:01.599139

j0id0s5jerk >> Image Returned >> 2020-08-20 19:29:01.602797

j0id0s5jerk >> End >> 2020-08-20 19:29:01.755537

23jftagu74e >> Start >> 2020-08-20 19:31:07.367599

23jftagu74e >> Image Returned >> 2020-08-20 19:31:07.371287

23jftagu74e >> End >> 2020-08-20 19:31:07.515840

mmwab332fpg >> Start >> 2020-08-20 19:32:11.871563

mmwab332fpg >> Image Returned >> 2020-08-20 19:32:11.876162

mmwab332fpg >> End >> 2020-08-20 19:32:12.030004

w2xth233z87 >> Start >> 2020-08-20 19:42:55.963285

w2xth233z87 >> Image Returned >> 2020-08-20 19:42:55.970127

w2xth233z87 >> End >> 2020-08-20 19:42:56.117093

bd2qvx6obvt >> Start >> 2020-08-20 19:44:32.717144

bd2qvx6obvt >> Image Returned >> 2020-08-20 19:44:32.721306

bd2qvx6obvt >> End >> 2020-08-20 19:44:32.874718

t8v0fq0ase3 >> Start >> 2020-08-20 19:50:07.416399

t8v0fq0ase3 >> Image Returned >> 2020-08-20 19:50:07.421652

t8v0fq0ase3 >> End >> 2020-08-20 19:50:07.563421

sg7iu77eyc5 >> Start >> 2020-08-20 19:57:19.578464

sg7iu77eyc5 >> Image Returned >> 2020-08-20 19:57:19.585218

sg7iu77eyc5 >> End >> 2020-08-20 19:57:19.734133

4btoa0ef8ho >> Start >> 2020-08-20 20:09:36.294595

4btoa0ef8ho >> Image Returned >> 2020-08-20 20:09:36.301062

4btoa0ef8ho >> End >> 2020-08-20 20:09:36.446258

3ks37quefix >> Start >> 2020-08-20 20:36:12.510586

3ks37quefix >> Image Returned >> 2020-08-20 20:36:12.515891

3ks37quefix >> End >> 2020-08-20 20:36:12.666114

ry2y66wdz0v >> Start >> 2020-08-20 21:01:21.537257

ry2y66wdz0v >> Image Returned >> 2020-08-20 21:01:21.541017

ry2y66wdz0v >> End >> 2020-08-20 21:01:21.689352

dzszdbbyieo >> Start >> 2020-08-20 21:06:20.120490

dzszdbbyieo >> Image Returned >> 2020-08-20 21:06:20.124155

dzszdbbyieo >> End >> 2020-08-20 21:06:20.271030

4tzkdoeoyjy >> Start >> 2020-08-20 21:14:20.522932

4tzkdoeoyjy >> Image Returned >> 2020-08-20 21:14:20.527389

4tzkdoeoyjy >> End >> 2020-08-20 21:14:20.671833

8xx3gnbuj8k >> Start >> 2020-08-20 22:01:15.507731

8xx3gnbuj8k >> Image Returned >> 2020-08-20 22:01:15.511651

8xx3gnbuj8k >> End >> 2020-08-20 22:01:15.659549

h6ikkqv7y4g >> Start >> 2020-08-20 22:03:48.051906

h6ikkqv7y4g >> Image Returned >> 2020-08-20 22:03:48.056719

h6ikkqv7y4g >> End >> 2020-08-20 22:03:48.223741

o8a3ebucjo3 >> Start >> 2020-08-20 22:21:22.865243

o8a3ebucjo3 >> Image Returned >> 2020-08-20 22:21:22.869827

o8a3ebucjo3 >> End >> 2020-08-20 22:21:23.019968

a4a2isrnv7t >> Start >> 2020-08-20 22:21:33.273354

a4a2isrnv7t >> Image Returned >> 2020-08-20 22:21:33.273653

a4a2isrnv7t >> End >> 2020-08-20 22:21:33.440120

zxutpd5zvrk >> Start >> 2020-08-20 22:21:33.513842

zxutpd5zvrk >> Image Returned >> 2020-08-20 22:21:33.514173

zxutpd5zvrk >> End >> 2020-08-20 22:21:33.663543

jx7pt75n32z >> Start >> 2020-08-20 22:40:23.168701

jx7pt75n32z >> Image Returned >> 2020-08-20 22:40:23.175159

jx7pt75n32z >> End >> 2020-08-20 22:40:23.319061

z002pznzfjj >> Start >> 2020-08-20 22:44:59.984148

z002pznzfjj >> Image Returned >> 2020-08-20 22:44:59.990587

z002pznzfjj >> End >> 2020-08-20 22:45:00.137739

ncis6n2wcsg >> Start >> 2020-08-20 23:10:08.273490

ncis6n2wcsg >> Image Returned >> 2020-08-20 23:10:08.277612

ncis6n2wcsg >> End >> 2020-08-20 23:10:08.431504

8nizds5jujm >> Start >> 2020-08-20 23:32:57.359504

8nizds5jujm >> Image Returned >> 2020-08-20 23:32:57.364902

8nizds5jujm >> End >> 2020-08-20 23:32:57.504803

w50ianaazpz >> Start >> 2020-08-20 23:36:14.485470

w50ianaazpz >> Image Returned >> 2020-08-20 23:36:14.490334

w50ianaazpz >> End >> 2020-08-20 23:36:14.640775

