a75cabcnrm6 >> Start >> 2020-07-24 00:30:20.353288

a75cabcnrm6 >> Image Returned >> 2020-07-24 00:30:20.358268

a75cabcnrm6 >> End >> 2020-07-24 00:30:20.498606

gtxg8wgheob >> Start >> 2020-07-24 00:43:11.574980

gtxg8wgheob >> Image Returned >> 2020-07-24 00:43:11.579963

gtxg8wgheob >> End >> 2020-07-24 00:43:11.713979

5a25vtnqm3h >> Start >> 2020-07-24 00:46:33.278517

5a25vtnqm3h >> Image Returned >> 2020-07-24 00:46:33.282865

5a25vtnqm3h >> End >> 2020-07-24 00:46:33.417074

ta6bgbfcwas >> Start >> 2020-07-24 01:37:39.934676

ta6bgbfcwas >> Image Returned >> 2020-07-24 01:37:39.939116

ta6bgbfcwas >> End >> 2020-07-24 01:37:40.091348

y273bjpe7rc >> Start >> 2020-07-24 03:35:19.103003

y273bjpe7rc >> Image Returned >> 2020-07-24 03:35:19.106636

y273bjpe7rc >> End >> 2020-07-24 03:35:19.246258

hwdkuq8y3oc >> Start >> 2020-07-24 04:14:33.457221

hwdkuq8y3oc >> Image Returned >> 2020-07-24 04:14:33.460273

hwdkuq8y3oc >> End >> 2020-07-24 04:14:33.596438

sxrijovyxgc >> Start >> 2020-07-24 04:51:52.257333

sxrijovyxgc >> Image Returned >> 2020-07-24 04:51:52.261856

sxrijovyxgc >> End >> 2020-07-24 04:51:52.404508

du5b5q838f7 >> Start >> 2020-07-24 05:12:27.935678

du5b5q838f7 >> Image Returned >> 2020-07-24 05:12:27.938708

du5b5q838f7 >> End >> 2020-07-24 05:12:28.088026

drjoqueryrp >> Start >> 2020-07-24 05:25:07.833189

drjoqueryrp >> Image Returned >> 2020-07-24 05:25:07.835964

drjoqueryrp >> End >> 2020-07-24 05:25:07.978358

pz20wxjt3eg >> Start >> 2020-07-24 05:47:23.435668

pz20wxjt3eg >> Image Returned >> 2020-07-24 05:47:23.438638

pz20wxjt3eg >> End >> 2020-07-24 05:47:23.576494

ctiyu8r3xcu >> Start >> 2020-07-24 06:07:20.363209

ctiyu8r3xcu >> Image Returned >> 2020-07-24 06:07:20.366267

ctiyu8r3xcu >> End >> 2020-07-24 06:07:20.498627

qupp6uopqxb >> Start >> 2020-07-24 06:14:50.334749

qupp6uopqxb >> Image Returned >> 2020-07-24 06:14:50.337807

qupp6uopqxb >> End >> 2020-07-24 06:14:50.476206

co58dosczz2 >> Start >> 2020-07-24 06:14:52.545948

co58dosczz2 >> Image Returned >> 2020-07-24 06:14:52.546236

co58dosczz2 >> End >> 2020-07-24 06:14:52.693321

rztu64dcvnv >> Start >> 2020-07-24 06:21:18.769812

rztu64dcvnv >> Image Returned >> 2020-07-24 06:21:18.772613

rztu64dcvnv >> End >> 2020-07-24 06:21:18.910394

qztyqnnvmsr >> Start >> 2020-07-24 06:23:51.834939

qztyqnnvmsr >> Image Returned >> 2020-07-24 06:23:51.838017

qztyqnnvmsr >> End >> 2020-07-24 06:23:51.975581

idxrhy5gba8 >> Start >> 2020-07-24 06:31:34.570722

idxrhy5gba8 >> Image Returned >> 2020-07-24 06:31:34.573739

idxrhy5gba8 >> End >> 2020-07-24 06:31:34.709325

2bsyu4hvnm6 >> Start >> 2020-07-24 06:54:57.063009

2bsyu4hvnm6 >> Image Returned >> 2020-07-24 06:54:57.066126

2bsyu4hvnm6 >> End >> 2020-07-24 06:54:57.208725

nu0e55hjhyo >> Start >> 2020-07-24 06:59:26.256064

nu0e55hjhyo >> Image Returned >> 2020-07-24 06:59:26.259068

nu0e55hjhyo >> End >> 2020-07-24 06:59:26.443193

ugpk823e4qt >> Start >> 2020-07-24 07:00:34.508136

ugpk823e4qt >> Image Returned >> 2020-07-24 07:00:34.511090

ugpk823e4qt >> End >> 2020-07-24 07:00:34.652831

f2cr5c3x3b3 >> Start >> 2020-07-24 07:04:30.609209

f2cr5c3x3b3 >> Image Returned >> 2020-07-24 07:04:30.612451

f2cr5c3x3b3 >> End >> 2020-07-24 07:04:30.749203

apdog0mniqr >> Start >> 2020-07-24 07:24:18.083698

apdog0mniqr >> Image Returned >> 2020-07-24 07:24:18.086558

apdog0mniqr >> End >> 2020-07-24 07:24:18.209712

wzzmjhhw4yz >> Start >> 2020-07-24 07:25:27.057665

wzzmjhhw4yz >> Image Returned >> 2020-07-24 07:25:27.060688

wzzmjhhw4yz >> End >> 2020-07-24 07:25:27.196587

h3c434xucr0 >> Start >> 2020-07-24 07:30:12.746373

h3c434xucr0 >> Image Returned >> 2020-07-24 07:30:12.749286

h3c434xucr0 >> End >> 2020-07-24 07:30:12.891715

o7mk3ujwjhm >> Start >> 2020-07-24 08:01:11.666733

o7mk3ujwjhm >> Image Returned >> 2020-07-24 08:01:11.669661

o7mk3ujwjhm >> End >> 2020-07-24 08:01:11.812182

rrg2j0xpgxx >> Start >> 2020-07-24 08:01:32.529443

rrg2j0xpgxx >> Image Returned >> 2020-07-24 08:01:32.532644

rrg2j0xpgxx >> End >> 2020-07-24 08:01:32.674513

6xu4648x33u >> Start >> 2020-07-24 08:01:56.973758

6xu4648x33u >> Image Returned >> 2020-07-24 08:01:56.976686

6xu4648x33u >> End >> 2020-07-24 08:01:57.116759

qzrqf36ojbk >> Start >> 2020-07-24 08:03:53.861119

qzrqf36ojbk >> Image Returned >> 2020-07-24 08:03:53.864224

qzrqf36ojbk >> End >> 2020-07-24 08:03:54.006546

rd2omzxzhz8 >> Start >> 2020-07-24 08:35:24.028481

rd2omzxzhz8 >> Image Returned >> 2020-07-24 08:35:24.031590

rd2omzxzhz8 >> End >> 2020-07-24 08:35:24.158400

83dq6yv50sq >> Start >> 2020-07-24 08:40:12.385034

83dq6yv50sq >> Image Returned >> 2020-07-24 08:40:12.388001

83dq6yv50sq >> End >> 2020-07-24 08:40:12.527596

i6vayzc77dd >> Start >> 2020-07-24 08:47:15.996834

i6vayzc77dd >> Image Returned >> 2020-07-24 08:47:15.999761

i6vayzc77dd >> End >> 2020-07-24 08:47:16.148907

zb03nxber7k >> Start >> 2020-07-24 09:12:19.359450

zb03nxber7k >> Image Returned >> 2020-07-24 09:12:19.362452

zb03nxber7k >> End >> 2020-07-24 09:12:19.504180

5odu5gqmgif >> Start >> 2020-07-24 09:13:01.152220

5odu5gqmgif >> Image Returned >> 2020-07-24 09:13:01.155839

5odu5gqmgif >> End >> 2020-07-24 09:13:01.292207

fs8p002syno >> Start >> 2020-07-24 09:14:04.725928

fs8p002syno >> Image Returned >> 2020-07-24 09:14:04.729660

fs8p002syno >> End >> 2020-07-24 09:14:04.872195

ea33n8sdknm >> Start >> 2020-07-24 09:15:56.722054

ea33n8sdknm >> Image Returned >> 2020-07-24 09:15:56.725229

ea33n8sdknm >> End >> 2020-07-24 09:15:56.872760

8a8i5mte5eq >> Start >> 2020-07-24 09:16:16.893549

8a8i5mte5eq >> Image Returned >> 2020-07-24 09:16:16.896472

8a8i5mte5eq >> End >> 2020-07-24 09:16:17.041068

gkhgz6wb2d7 >> Start >> 2020-07-24 09:19:29.294568

gkhgz6wb2d7 >> Image Returned >> 2020-07-24 09:19:29.298091

gkhgz6wb2d7 >> End >> 2020-07-24 09:19:29.446317

pi3v2uoktz7 >> Start >> 2020-07-24 09:20:07.521003

pi3v2uoktz7 >> Image Returned >> 2020-07-24 09:20:07.524087

pi3v2uoktz7 >> End >> 2020-07-24 09:20:07.658838

wexcnvjta6c >> Start >> 2020-07-24 09:40:19.177006

wexcnvjta6c >> Image Returned >> 2020-07-24 09:40:19.180306

wexcnvjta6c >> End >> 2020-07-24 09:40:19.320367

j40o6p2cf3t >> Start >> 2020-07-24 09:47:44.786813

j40o6p2cf3t >> Image Returned >> 2020-07-24 09:47:44.790256

j40o6p2cf3t >> End >> 2020-07-24 09:47:44.933079

7487xi0yy2d >> Start >> 2020-07-24 09:56:57.044116

7487xi0yy2d >> Image Returned >> 2020-07-24 09:56:57.048429

7487xi0yy2d >> End >> 2020-07-24 09:56:57.181112

dzd2vnaeso4 >> Start >> 2020-07-24 10:03:11.807524

dzd2vnaeso4 >> Image Returned >> 2020-07-24 10:03:11.810595

dzd2vnaeso4 >> End >> 2020-07-24 10:03:11.956948

r2n4mkvsqec >> Start >> 2020-07-24 10:10:51.353385

r2n4mkvsqec >> Image Returned >> 2020-07-24 10:10:51.357122

r2n4mkvsqec >> End >> 2020-07-24 10:10:51.498859

4habtm5shp8 >> Start >> 2020-07-24 10:11:04.051738

4habtm5shp8 >> Image Returned >> 2020-07-24 10:11:04.054652

4habtm5shp8 >> End >> 2020-07-24 10:11:04.200238

5jgq6qzagww >> Start >> 2020-07-24 10:25:02.144738

5jgq6qzagww >> Image Returned >> 2020-07-24 10:25:02.148027

5jgq6qzagww >> End >> 2020-07-24 10:25:02.291208

me6tygv5qma >> Start >> 2020-07-24 10:31:41.032587

me6tygv5qma >> Image Returned >> 2020-07-24 10:31:41.037019

me6tygv5qma >> End >> 2020-07-24 10:31:41.175765

ppj0pya5yaa >> Start >> 2020-07-24 10:36:42.628429

ppj0pya5yaa >> Image Returned >> 2020-07-24 10:36:42.631993

ppj0pya5yaa >> End >> 2020-07-24 10:36:42.754913

7tyiw8hm4mc >> Start >> 2020-07-24 10:36:54.144821

7tyiw8hm4mc >> Image Returned >> 2020-07-24 10:36:54.147764

7tyiw8hm4mc >> End >> 2020-07-24 10:36:54.289796

w0eo025xn62 >> Start >> 2020-07-24 10:40:54.706612

w0eo025xn62 >> Image Returned >> 2020-07-24 10:40:54.710002

w0eo025xn62 >> End >> 2020-07-24 10:40:54.851464

nv3ta46jz2j >> Start >> 2020-07-24 10:46:02.531045

nv3ta46jz2j >> Image Returned >> 2020-07-24 10:46:02.534826

nv3ta46jz2j >> End >> 2020-07-24 10:46:02.677009

5bakomotcfu >> Start >> 2020-07-24 10:49:35.060081

5bakomotcfu >> Image Returned >> 2020-07-24 10:49:35.063819

5bakomotcfu >> End >> 2020-07-24 10:49:35.197712

83fyyin5qoy >> Start >> 2020-07-24 11:09:38.724771

83fyyin5qoy >> Image Returned >> 2020-07-24 11:09:38.727900

83fyyin5qoy >> End >> 2020-07-24 11:09:38.867120

nad8o5okim3 >> Start >> 2020-07-24 11:12:42.356551

nad8o5okim3 >> Image Returned >> 2020-07-24 11:12:42.360470

nad8o5okim3 >> End >> 2020-07-24 11:12:42.509109

ypdwncm3uyi >> Start >> 2020-07-24 11:19:52.499114

ypdwncm3uyi >> Image Returned >> 2020-07-24 11:19:52.502304

ypdwncm3uyi >> End >> 2020-07-24 11:19:52.647509

43j6akqb2ks >> Start >> 2020-07-24 11:23:10.437222

43j6akqb2ks >> Image Returned >> 2020-07-24 11:23:10.440181

43j6akqb2ks >> End >> 2020-07-24 11:23:10.570621

dwm4aeeerzw >> Start >> 2020-07-24 11:23:21.227207

dwm4aeeerzw >> Image Returned >> 2020-07-24 11:23:21.227523

dwm4aeeerzw >> End >> 2020-07-24 11:23:21.372994

3fd7p6hjue7 >> Start >> 2020-07-24 11:27:19.390379

3fd7p6hjue7 >> Image Returned >> 2020-07-24 11:27:19.394377

3fd7p6hjue7 >> End >> 2020-07-24 11:27:19.533994

j6ypt4n3wnu >> Start >> 2020-07-24 11:41:46.467205

j6ypt4n3wnu >> Image Returned >> 2020-07-24 11:41:46.470618

j6ypt4n3wnu >> End >> 2020-07-24 11:41:46.613073

ex703fqnnjq >> Start >> 2020-07-24 11:42:42.099590

ex703fqnnjq >> Image Returned >> 2020-07-24 11:42:42.102751

ex703fqnnjq >> End >> 2020-07-24 11:42:42.243138

dprod5ncpb2 >> Start >> 2020-07-24 11:43:25.460664

dprod5ncpb2 >> Image Returned >> 2020-07-24 11:43:25.463712

dprod5ncpb2 >> End >> 2020-07-24 11:43:25.606719

8rfg2fjsqtp >> Start >> 2020-07-24 12:20:17.301688

8rfg2fjsqtp >> Image Returned >> 2020-07-24 12:20:17.305144

8rfg2fjsqtp >> End >> 2020-07-24 12:20:17.447603

iah7cdzyw8w >> Start >> 2020-07-24 12:24:02.261096

iah7cdzyw8w >> Image Returned >> 2020-07-24 12:24:02.264185

iah7cdzyw8w >> End >> 2020-07-24 12:24:02.403892

2yydooz5tnr >> Start >> 2020-07-24 12:27:00.062685

2yydooz5tnr >> Image Returned >> 2020-07-24 12:27:00.066459

2yydooz5tnr >> End >> 2020-07-24 12:27:00.208271

2kak7bkpvj4 >> Start >> 2020-07-24 12:27:46.826504

2kak7bkpvj4 >> Image Returned >> 2020-07-24 12:27:46.829612

2kak7bkpvj4 >> End >> 2020-07-24 12:27:46.965091

2a23tx0w2tr >> Start >> 2020-07-24 12:33:04.524153

2a23tx0w2tr >> Image Returned >> 2020-07-24 12:33:04.527551

2a23tx0w2tr >> End >> 2020-07-24 12:33:04.673702

oumw3d2sqv0 >> Start >> 2020-07-24 12:52:05.477823

oumw3d2sqv0 >> Image Returned >> 2020-07-24 12:52:05.481194

oumw3d2sqv0 >> End >> 2020-07-24 12:52:05.625766

273cvvzygvh >> Start >> 2020-07-24 12:53:25.989587

273cvvzygvh >> Image Returned >> 2020-07-24 12:53:25.992741

273cvvzygvh >> End >> 2020-07-24 12:53:26.170824

ukj6ffehcxv >> Start >> 2020-07-24 12:53:29.264770

ukj6ffehcxv >> Image Returned >> 2020-07-24 12:53:29.265083

ukj6ffehcxv >> End >> 2020-07-24 12:53:29.403111

yn8hupq0drb >> Start >> 2020-07-24 12:53:29.549346

yn8hupq0drb >> Image Returned >> 2020-07-24 12:53:29.549635

yn8hupq0drb >> End >> 2020-07-24 12:53:29.685952

beih4sbazco >> Start >> 2020-07-24 13:06:09.067887

beih4sbazco >> Image Returned >> 2020-07-24 13:06:09.071001

beih4sbazco >> End >> 2020-07-24 13:06:09.227435

omcpdmb7aa6 >> Start >> 2020-07-24 13:06:25.379998

omcpdmb7aa6 >> Image Returned >> 2020-07-24 13:06:25.383071

omcpdmb7aa6 >> End >> 2020-07-24 13:06:25.525499

c8aviry45nq >> Start >> 2020-07-24 13:14:51.031270

c8aviry45nq >> Image Returned >> 2020-07-24 13:14:51.035666

c8aviry45nq >> End >> 2020-07-24 13:14:51.182200

yoj02by0h0w >> Start >> 2020-07-24 13:25:43.411864

yoj02by0h0w >> Image Returned >> 2020-07-24 13:25:43.414910

yoj02by0h0w >> End >> 2020-07-24 13:25:43.585596

3vqxpj73w8k >> Start >> 2020-07-24 13:27:15.469780

3vqxpj73w8k >> Image Returned >> 2020-07-24 13:27:15.474281

3vqxpj73w8k >> End >> 2020-07-24 13:27:15.615608

ay3qsxed7ri >> Start >> 2020-07-24 13:33:11.319834

ay3qsxed7ri >> Image Returned >> 2020-07-24 13:33:11.323049

ay3qsxed7ri >> End >> 2020-07-24 13:33:11.466818

qnscat0ywga >> Start >> 2020-07-24 13:33:40.598037

qnscat0ywga >> Image Returned >> 2020-07-24 13:33:40.601032

qnscat0ywga >> End >> 2020-07-24 13:33:40.740185

44etibyrmoe >> Start >> 2020-07-24 13:44:57.604439

44etibyrmoe >> Image Returned >> 2020-07-24 13:44:57.607855

44etibyrmoe >> End >> 2020-07-24 13:44:57.753048

8su85rso0i4 >> Start >> 2020-07-24 13:45:17.974814

8su85rso0i4 >> Image Returned >> 2020-07-24 13:45:17.977788

8su85rso0i4 >> End >> 2020-07-24 13:45:18.117543

rjunjih4rpd >> Start >> 2020-07-24 13:46:23.273184

rjunjih4rpd >> Image Returned >> 2020-07-24 13:46:23.276261

rjunjih4rpd >> End >> 2020-07-24 13:46:23.433475

odhxoxy85ps >> Start >> 2020-07-24 13:51:56.938357

odhxoxy85ps >> Image Returned >> 2020-07-24 13:51:56.941669

odhxoxy85ps >> End >> 2020-07-24 13:51:57.091573

7xpy0ers63q >> Start >> 2020-07-24 13:59:47.859076

7xpy0ers63q >> Image Returned >> 2020-07-24 13:59:47.859563

7xpy0ers63q >> End >> 2020-07-24 13:59:47.999293

p3sgc43xcc5 >> Start >> 2020-07-24 14:01:35.829143

p3sgc43xcc5 >> Image Returned >> 2020-07-24 14:01:35.832226

p3sgc43xcc5 >> End >> 2020-07-24 14:01:35.982336

qgs6ewxceer >> Start >> 2020-07-24 14:06:17.820636

qgs6ewxceer >> Image Returned >> 2020-07-24 14:06:17.823725

qgs6ewxceer >> End >> 2020-07-24 14:06:17.967334

60vhv3boq3j >> Start >> 2020-07-24 14:17:52.238137

60vhv3boq3j >> Image Returned >> 2020-07-24 14:17:52.241729

60vhv3boq3j >> End >> 2020-07-24 14:17:52.379892

fzxji5w4o4q >> Start >> 2020-07-24 14:19:04.491286

fzxji5w4o4q >> Image Returned >> 2020-07-24 14:19:04.494349

fzxji5w4o4q >> End >> 2020-07-24 14:19:04.641819

7o62tuho35i >> Start >> 2020-07-24 14:31:39.057703

7o62tuho35i >> Image Returned >> 2020-07-24 14:31:39.060933

7o62tuho35i >> End >> 2020-07-24 14:31:39.201940

vwqeejzwwm7 >> Start >> 2020-07-24 14:41:17.458537

vwqeejzwwm7 >> Image Returned >> 2020-07-24 14:41:17.462165

vwqeejzwwm7 >> End >> 2020-07-24 14:41:17.597117

vu6ovpfpx6z >> Start >> 2020-07-24 14:55:50.103107

vu6ovpfpx6z >> Image Returned >> 2020-07-24 14:55:50.106801

vu6ovpfpx6z >> End >> 2020-07-24 14:55:50.241667

6nrgvv6gjjc >> Start >> 2020-07-24 14:56:05.547204

6nrgvv6gjjc >> Image Returned >> 2020-07-24 14:56:05.550348

6nrgvv6gjjc >> End >> 2020-07-24 14:56:05.687834

ysvgpaph5ah >> Start >> 2020-07-24 15:02:22.835380

ysvgpaph5ah >> Image Returned >> 2020-07-24 15:02:22.839112

ysvgpaph5ah >> End >> 2020-07-24 15:02:22.973385

y6ir6y76hn5 >> Start >> 2020-07-24 15:07:40.007967

y6ir6y76hn5 >> Image Returned >> 2020-07-24 15:07:40.011423

y6ir6y76hn5 >> End >> 2020-07-24 15:07:40.180489

fqy33pu0wzt >> Start >> 2020-07-24 15:13:22.609754

fqy33pu0wzt >> Image Returned >> 2020-07-24 15:13:22.613315

fqy33pu0wzt >> End >> 2020-07-24 15:13:22.753231

0f36eca8pk7 >> Start >> 2020-07-24 15:59:47.988986

0f36eca8pk7 >> Image Returned >> 2020-07-24 15:59:47.993299

0f36eca8pk7 >> End >> 2020-07-24 15:59:48.173798

z433s2kf46w >> Start >> 2020-07-24 16:05:30.497472

z433s2kf46w >> Image Returned >> 2020-07-24 16:05:30.500629

z433s2kf46w >> End >> 2020-07-24 16:05:30.637979

mkrttet4nth >> Start >> 2020-07-24 16:36:34.990617

mkrttet4nth >> Image Returned >> 2020-07-24 16:36:34.996025

mkrttet4nth >> End >> 2020-07-24 16:36:35.140099

k2a43wyqysz >> Start >> 2020-07-24 16:39:21.359437

k2a43wyqysz >> Image Returned >> 2020-07-24 16:39:21.363929

k2a43wyqysz >> End >> 2020-07-24 16:39:21.499866

b2gk777pkm5 >> Start >> 2020-07-24 17:14:01.559295

b2gk777pkm5 >> Image Returned >> 2020-07-24 17:14:01.563148

b2gk777pkm5 >> End >> 2020-07-24 17:14:01.713948

tg4d6ry8ypw >> Start >> 2020-07-24 17:36:30.514022

tg4d6ry8ypw >> Image Returned >> 2020-07-24 17:36:30.517271

tg4d6ry8ypw >> End >> 2020-07-24 17:36:30.664051

vohy6un0v5k >> Start >> 2020-07-24 18:04:26.274470

vohy6un0v5k >> Image Returned >> 2020-07-24 18:04:26.278731

vohy6un0v5k >> End >> 2020-07-24 18:04:26.418451

bbmvhakiis6 >> Start >> 2020-07-24 18:38:25.719978

bbmvhakiis6 >> Image Returned >> 2020-07-24 18:38:25.723556

bbmvhakiis6 >> End >> 2020-07-24 18:38:25.867111

7wk2w6tszao >> Start >> 2020-07-24 18:48:00.819128

7wk2w6tszao >> Image Returned >> 2020-07-24 18:48:00.824783

7wk2w6tszao >> End >> 2020-07-24 18:48:00.974636

ctj7mm0eu4x >> Start >> 2020-07-24 18:48:35.574388

ctj7mm0eu4x >> Image Returned >> 2020-07-24 18:48:35.577544

ctj7mm0eu4x >> End >> 2020-07-24 18:48:35.711394

xtdgfayzxna >> Start >> 2020-07-24 18:56:24.356506

xtdgfayzxna >> Image Returned >> 2020-07-24 18:56:24.360745

xtdgfayzxna >> End >> 2020-07-24 18:56:24.501435

gzp53mfnugc >> Start >> 2020-07-24 19:10:32.940042

gzp53mfnugc >> Image Returned >> 2020-07-24 19:10:32.943322

gzp53mfnugc >> End >> 2020-07-24 19:10:33.085139

cr2vgejyomt >> Start >> 2020-07-24 19:36:06.550312

cr2vgejyomt >> Image Returned >> 2020-07-24 19:36:06.554522

cr2vgejyomt >> End >> 2020-07-24 19:36:06.700593

zaymrx48m5b >> Start >> 2020-07-24 19:40:08.064155

zaymrx48m5b >> Image Returned >> 2020-07-24 19:40:08.067773

zaymrx48m5b >> End >> 2020-07-24 19:40:08.209127

dbfrrg2pmqa >> Start >> 2020-07-24 19:40:25.892781

dbfrrg2pmqa >> Image Returned >> 2020-07-24 19:40:25.896035

dbfrrg2pmqa >> End >> 2020-07-24 19:40:26.033643

jbf4yuzqge6 >> Start >> 2020-07-24 19:46:19.367243

jbf4yuzqge6 >> Image Returned >> 2020-07-24 19:46:19.370538

jbf4yuzqge6 >> End >> 2020-07-24 19:46:19.506073

e7q5wnd2vcv >> Start >> 2020-07-24 19:59:03.765489

e7q5wnd2vcv >> Image Returned >> 2020-07-24 19:59:03.769263

e7q5wnd2vcv >> End >> 2020-07-24 19:59:03.907839

n4pdgjqvgwb >> Start >> 2020-07-24 20:02:00.938774

n4pdgjqvgwb >> Image Returned >> 2020-07-24 20:02:00.942512

n4pdgjqvgwb >> End >> 2020-07-24 20:02:01.085114

o3rja2h2425 >> Start >> 2020-07-24 20:22:13.055510

o3rja2h2425 >> Image Returned >> 2020-07-24 20:22:13.060340

o3rja2h2425 >> End >> 2020-07-24 20:22:13.196904

u5ats6vykg5 >> Start >> 2020-07-24 20:26:07.878783

u5ats6vykg5 >> Image Returned >> 2020-07-24 20:26:07.884556

u5ats6vykg5 >> End >> 2020-07-24 20:26:08.042859

uzv7mfnyrb7 >> Start >> 2020-07-24 20:30:51.172506

uzv7mfnyrb7 >> Image Returned >> 2020-07-24 20:30:51.177805

uzv7mfnyrb7 >> End >> 2020-07-24 20:30:51.353081

w3d30z6sabj >> Start >> 2020-07-24 20:51:24.373452

w3d30z6sabj >> Image Returned >> 2020-07-24 20:51:24.377172

w3d30z6sabj >> End >> 2020-07-24 20:51:24.518413

j68ezzz5ogu >> Start >> 2020-07-24 20:52:13.216171

j68ezzz5ogu >> Image Returned >> 2020-07-24 20:52:13.219671

j68ezzz5ogu >> End >> 2020-07-24 20:52:13.362128

pemkuwpuooh >> Start >> 2020-07-24 21:05:08.721060

pemkuwpuooh >> Image Returned >> 2020-07-24 21:05:08.725594

pemkuwpuooh >> End >> 2020-07-24 21:05:08.874229

bp8hwtx7a3m >> Start >> 2020-07-24 21:40:20.295021

bp8hwtx7a3m >> Image Returned >> 2020-07-24 21:40:20.298664

bp8hwtx7a3m >> End >> 2020-07-24 21:40:20.471980

ka3xgfqjm2r >> Start >> 2020-07-24 22:19:36.505781

ka3xgfqjm2r >> Image Returned >> 2020-07-24 22:19:36.512804

ka3xgfqjm2r >> End >> 2020-07-24 22:19:36.740794

48iv6k0k8z2 >> Start >> 2020-07-24 22:23:00.405337

48iv6k0k8z2 >> Image Returned >> 2020-07-24 22:23:00.408771

48iv6k0k8z2 >> End >> 2020-07-24 22:23:00.562422

2vbs7o58u68 >> Start >> 2020-07-24 23:31:26.503077

2vbs7o58u68 >> Image Returned >> 2020-07-24 23:31:26.507287

2vbs7o58u68 >> End >> 2020-07-24 23:31:26.655752

