eih8bfx8zs0 >> Start >> 2020-09-15 00:06:23.469922

eih8bfx8zs0 >> Image Returned >> 2020-09-15 00:06:23.474658

eih8bfx8zs0 >> End >> 2020-09-15 00:06:23.638799

an3hzfvgqw3 >> Start >> 2020-09-15 00:10:08.691118

an3hzfvgqw3 >> Image Returned >> 2020-09-15 00:10:08.696547

an3hzfvgqw3 >> End >> 2020-09-15 00:10:09.238322

kqfnvfjh5pb >> Start >> 2020-09-15 00:24:39.685024

kqfnvfjh5pb >> Image Returned >> 2020-09-15 00:24:39.688690

kqfnvfjh5pb >> End >> 2020-09-15 00:24:39.839803

wp7ak7vqzah >> Start >> 2020-09-15 01:01:01.494543

wp7ak7vqzah >> Image Returned >> 2020-09-15 01:01:01.499073

wp7ak7vqzah >> End >> 2020-09-15 01:01:01.646831

7ad5xusvyo2 >> Start >> 2020-09-15 01:16:55.861010

7ad5xusvyo2 >> Image Returned >> 2020-09-15 01:16:55.865206

7ad5xusvyo2 >> End >> 2020-09-15 01:16:56.023639

hwoqfsenx3k >> Start >> 2020-09-15 01:17:18.962419

hwoqfsenx3k >> Image Returned >> 2020-09-15 01:17:18.965977

hwoqfsenx3k >> End >> 2020-09-15 01:17:19.116570

f5jonxczjg7 >> Start >> 2020-09-15 01:22:48.015738

f5jonxczjg7 >> Image Returned >> 2020-09-15 01:22:48.020612

f5jonxczjg7 >> End >> 2020-09-15 01:22:48.188153

2qxfexvvq7a >> Start >> 2020-09-15 01:26:35.550039

2qxfexvvq7a >> Image Returned >> 2020-09-15 01:26:35.553692

2qxfexvvq7a >> End >> 2020-09-15 01:26:35.708224

h4gjx70kcdy >> Start >> 2020-09-15 02:17:14.554462

h4gjx70kcdy >> Image Returned >> 2020-09-15 02:17:14.558233

h4gjx70kcdy >> End >> 2020-09-15 02:17:14.708988

aahj05a38qt >> Start >> 2020-09-15 02:18:38.364047

aahj05a38qt >> Image Returned >> 2020-09-15 02:18:38.367685

aahj05a38qt >> End >> 2020-09-15 02:18:38.525094

qvqvcu7w6wk >> Start >> 2020-09-15 02:22:45.750520

qvqvcu7w6wk >> Image Returned >> 2020-09-15 02:22:45.754107

qvqvcu7w6wk >> End >> 2020-09-15 02:22:45.912539

qvmt5xvtwzf >> Start >> 2020-09-15 02:23:29.216433

qvmt5xvtwzf >> Image Returned >> 2020-09-15 02:23:29.220375

qvmt5xvtwzf >> End >> 2020-09-15 02:23:29.367239

0pagfo0vbo5 >> Start >> 2020-09-15 02:26:09.289540

0pagfo0vbo5 >> Image Returned >> 2020-09-15 02:26:09.293365

0pagfo0vbo5 >> End >> 2020-09-15 02:26:09.448774

ehgue26aa53 >> Start >> 2020-09-15 02:27:13.817996

ehgue26aa53 >> Image Returned >> 2020-09-15 02:27:13.822273

ehgue26aa53 >> End >> 2020-09-15 02:27:13.974772

o6q844ut6cp >> Start >> 2020-09-15 02:27:58.014849

o6q844ut6cp >> Image Returned >> 2020-09-15 02:27:58.018764

o6q844ut6cp >> End >> 2020-09-15 02:27:58.177340

85e4dkebarg >> Start >> 2020-09-15 02:29:08.200931

85e4dkebarg >> Image Returned >> 2020-09-15 02:29:08.204557

85e4dkebarg >> End >> 2020-09-15 02:29:08.361983

0ta754qdyry >> Start >> 2020-09-15 02:29:16.390542

0ta754qdyry >> Image Returned >> 2020-09-15 02:29:16.390822

0ta754qdyry >> End >> 2020-09-15 02:29:16.547986

50fimoes7m7 >> Start >> 2020-09-15 02:29:33.337311

50fimoes7m7 >> Image Returned >> 2020-09-15 02:29:33.340565

50fimoes7m7 >> End >> 2020-09-15 02:29:33.497318

mj6qkgyj0sq >> Start >> 2020-09-15 02:30:39.426618

mj6qkgyj0sq >> Image Returned >> 2020-09-15 02:30:39.430495

mj6qkgyj0sq >> End >> 2020-09-15 02:30:39.581559

ukckpddy55s >> Start >> 2020-09-15 02:34:22.993531

ukckpddy55s >> Image Returned >> 2020-09-15 02:34:22.997332

ukckpddy55s >> End >> 2020-09-15 02:34:23.152757

4pxevgm0m86 >> Start >> 2020-09-15 02:35:03.321907

4pxevgm0m86 >> Image Returned >> 2020-09-15 02:35:03.325854

4pxevgm0m86 >> End >> 2020-09-15 02:35:03.485361

rqynyfvn002 >> Start >> 2020-09-15 02:37:25.964289

rqynyfvn002 >> Image Returned >> 2020-09-15 02:37:25.968735

rqynyfvn002 >> End >> 2020-09-15 02:37:26.125958

wfmaosvhuuy >> Start >> 2020-09-15 02:38:10.086364

wfmaosvhuuy >> Image Returned >> 2020-09-15 02:38:10.090080

wfmaosvhuuy >> End >> 2020-09-15 02:38:10.242084

qb85c4un0cz >> Start >> 2020-09-15 02:40:39.622301

qb85c4un0cz >> Image Returned >> 2020-09-15 02:40:39.625859

qb85c4un0cz >> End >> 2020-09-15 02:40:39.783266

p0arfjtv8k8 >> Start >> 2020-09-15 02:44:36.317666

p0arfjtv8k8 >> Image Returned >> 2020-09-15 02:44:36.321261

p0arfjtv8k8 >> End >> 2020-09-15 02:44:36.456016

r57zr0p7bgf >> Start >> 2020-09-15 03:09:43.453900

r57zr0p7bgf >> Image Returned >> 2020-09-15 03:09:43.457545

r57zr0p7bgf >> End >> 2020-09-15 03:09:43.630956

bf27stajbvz >> Start >> 2020-09-15 03:39:56.087913

bf27stajbvz >> Image Returned >> 2020-09-15 03:39:56.092317

bf27stajbvz >> End >> 2020-09-15 03:39:56.260309

0jyv2ufr02b >> Start >> 2020-09-15 03:57:49.542854

0jyv2ufr02b >> Image Returned >> 2020-09-15 03:57:49.548461

0jyv2ufr02b >> End >> 2020-09-15 03:57:49.724977

gam4najjoet >> Start >> 2020-09-15 04:03:28.113514

gam4najjoet >> Image Returned >> 2020-09-15 04:03:28.117533

gam4najjoet >> End >> 2020-09-15 04:03:28.258235

k0apzztanas >> Start >> 2020-09-15 04:18:20.571388

k0apzztanas >> Image Returned >> 2020-09-15 04:18:20.575428

k0apzztanas >> End >> 2020-09-15 04:18:20.731231

tv3iko7iqzb >> Start >> 2020-09-15 04:23:12.635387

tv3iko7iqzb >> Image Returned >> 2020-09-15 04:23:12.640882

tv3iko7iqzb >> End >> 2020-09-15 04:23:12.799454

3u5vcnk00zq >> Start >> 2020-09-15 04:58:25.939122

3u5vcnk00zq >> Image Returned >> 2020-09-15 04:58:25.943526

3u5vcnk00zq >> End >> 2020-09-15 04:58:26.093349

wqch8kmpk6q >> Start >> 2020-09-15 05:37:28.676961

wqch8kmpk6q >> Image Returned >> 2020-09-15 05:37:28.681238

wqch8kmpk6q >> End >> 2020-09-15 05:37:28.844072

ohiu04k4hah >> Start >> 2020-09-15 05:37:37.134617

ohiu04k4hah >> Image Returned >> 2020-09-15 05:37:37.134947

ohiu04k4hah >> End >> 2020-09-15 05:37:37.288280

32exafyx5k8 >> Start >> 2020-09-15 05:38:55.455137

32exafyx5k8 >> Image Returned >> 2020-09-15 05:38:55.458189

32exafyx5k8 >> End >> 2020-09-15 05:38:55.606713

kav5f3hfr3y >> Start >> 2020-09-15 05:40:27.283469

kav5f3hfr3y >> Image Returned >> 2020-09-15 05:40:27.286412

kav5f3hfr3y >> End >> 2020-09-15 05:40:27.442285

3tzm4i3pcyx >> Start >> 2020-09-15 05:41:41.287924

3tzm4i3pcyx >> Image Returned >> 2020-09-15 05:41:41.290963

3tzm4i3pcyx >> End >> 2020-09-15 05:41:41.448185

ayr4fz6j344 >> Start >> 2020-09-15 05:50:18.251945

ayr4fz6j344 >> Image Returned >> 2020-09-15 05:50:18.254928

ayr4fz6j344 >> End >> 2020-09-15 05:50:18.406450

6xvtoz2hqae >> Start >> 2020-09-15 05:51:14.667150

6xvtoz2hqae >> Image Returned >> 2020-09-15 05:51:14.670207

6xvtoz2hqae >> End >> 2020-09-15 05:51:14.844173

s224ydg2hho >> Start >> 2020-09-15 05:59:48.820645

s224ydg2hho >> Image Returned >> 2020-09-15 05:59:48.823704

s224ydg2hho >> End >> 2020-09-15 05:59:48.985675

h5hkttkoj0r >> Start >> 2020-09-15 06:00:57.935678

h5hkttkoj0r >> Image Returned >> 2020-09-15 06:00:57.938616

h5hkttkoj0r >> End >> 2020-09-15 06:00:58.100812

ghy7vakqb6w >> Start >> 2020-09-15 06:04:34.604829

ghy7vakqb6w >> Image Returned >> 2020-09-15 06:04:34.607750

ghy7vakqb6w >> End >> 2020-09-15 06:04:34.761346

0gz7sstkhz3 >> Start >> 2020-09-15 06:05:38.818808

0gz7sstkhz3 >> Image Returned >> 2020-09-15 06:05:38.821715

0gz7sstkhz3 >> End >> 2020-09-15 06:05:38.974472

7xqaiuoyc0e >> Start >> 2020-09-15 06:08:05.387073

7xqaiuoyc0e >> Image Returned >> 2020-09-15 06:08:05.390325

7xqaiuoyc0e >> End >> 2020-09-15 06:08:05.547089

gzvsk87xcmi >> Start >> 2020-09-15 06:25:53.008773

gzvsk87xcmi >> Image Returned >> 2020-09-15 06:25:53.011689

gzvsk87xcmi >> End >> 2020-09-15 06:25:53.175774

4kjwcawehjg >> Start >> 2020-09-15 06:27:13.915081

4kjwcawehjg >> Image Returned >> 2020-09-15 06:27:13.918150

4kjwcawehjg >> End >> 2020-09-15 06:27:14.078711

i5muubzg3fx >> Start >> 2020-09-15 06:33:16.589603

i5muubzg3fx >> Image Returned >> 2020-09-15 06:33:16.592647

i5muubzg3fx >> End >> 2020-09-15 06:33:16.753164

oxay5gvtbtg >> Start >> 2020-09-15 06:47:38.394855

oxay5gvtbtg >> Image Returned >> 2020-09-15 06:47:38.399190

oxay5gvtbtg >> End >> 2020-09-15 06:47:38.553153

dxntpetnqk3 >> Start >> 2020-09-15 06:47:48.365154

dxntpetnqk3 >> Image Returned >> 2020-09-15 06:47:48.365449

dxntpetnqk3 >> End >> 2020-09-15 06:47:48.524350

ynzy5umzvgk >> Start >> 2020-09-15 06:50:32.244962

ynzy5umzvgk >> Image Returned >> 2020-09-15 06:50:32.248832

ynzy5umzvgk >> End >> 2020-09-15 06:50:32.415545

qbz72aa8uai >> Start >> 2020-09-15 06:56:26.625694

qbz72aa8uai >> Image Returned >> 2020-09-15 06:56:26.628556

qbz72aa8uai >> End >> 2020-09-15 06:56:26.780976

rgomy7dngdw >> Start >> 2020-09-15 06:58:55.721967

rgomy7dngdw >> Image Returned >> 2020-09-15 06:58:55.724395

rgomy7dngdw >> End >> 2020-09-15 06:58:55.897726

idy63fhkucz >> Start >> 2020-09-15 07:00:16.160247

idy63fhkucz >> Image Returned >> 2020-09-15 07:00:16.162548

idy63fhkucz >> End >> 2020-09-15 07:00:16.328210

a8ect06p06a >> Start >> 2020-09-15 07:02:28.535626

a8ect06p06a >> Image Returned >> 2020-09-15 07:02:28.538011

a8ect06p06a >> End >> 2020-09-15 07:02:28.699009

v3zi3m4k3kd >> Start >> 2020-09-15 07:04:13.771631

v3zi3m4k3kd >> Image Returned >> 2020-09-15 07:04:13.774151

v3zi3m4k3kd >> End >> 2020-09-15 07:04:13.939915

ysumhrmycp2 >> Start >> 2020-09-15 07:05:53.590511

ysumhrmycp2 >> Image Returned >> 2020-09-15 07:05:53.592869

ysumhrmycp2 >> End >> 2020-09-15 07:05:53.745634

zjvpp6d8kd0 >> Start >> 2020-09-15 07:14:50.995121

zjvpp6d8kd0 >> Image Returned >> 2020-09-15 07:14:50.997488

zjvpp6d8kd0 >> End >> 2020-09-15 07:14:51.149853

7xivse4aqzu >> Start >> 2020-09-15 07:15:06.067332

7xivse4aqzu >> Image Returned >> 2020-09-15 07:15:06.069627

wdyifhxf0nu >> Start >> 2020-09-15 07:15:06.067409

wdyifhxf0nu >> Image Returned >> 2020-09-15 07:15:06.070609

7xivse4aqzu >> End >> 2020-09-15 07:15:06.193516

wdyifhxf0nu >> End >> 2020-09-15 07:15:06.222677

ku7oqshxgu0 >> Start >> 2020-09-15 07:15:42.426815

ku7oqshxgu0 >> Image Returned >> 2020-09-15 07:15:42.429163

ku7oqshxgu0 >> End >> 2020-09-15 07:15:42.588083

f7u6sxj2gqu >> Start >> 2020-09-15 07:22:52.115072

f7u6sxj2gqu >> Image Returned >> 2020-09-15 07:22:52.117508

f7u6sxj2gqu >> End >> 2020-09-15 07:22:52.277543

f4tezjhbhp0 >> Start >> 2020-09-15 07:23:22.223489

f4tezjhbhp0 >> Image Returned >> 2020-09-15 07:23:22.225975

f4tezjhbhp0 >> End >> 2020-09-15 07:23:22.382153

h4f43b5yak2 >> Start >> 2020-09-15 07:26:42.138219

h4f43b5yak2 >> Image Returned >> 2020-09-15 07:26:42.140644

h4f43b5yak2 >> End >> 2020-09-15 07:26:42.299614

ergzxzavkun >> Start >> 2020-09-15 07:35:44.410598

ergzxzavkun >> Image Returned >> 2020-09-15 07:35:44.413041

ergzxzavkun >> End >> 2020-09-15 07:35:44.569200

mv4vg3txyvv >> Start >> 2020-09-15 07:50:51.826587

mv4vg3txyvv >> Image Returned >> 2020-09-15 07:50:51.828999

mv4vg3txyvv >> End >> 2020-09-15 07:50:52.004863

onbg4koidiy >> Start >> 2020-09-15 07:53:12.899133

onbg4koidiy >> Image Returned >> 2020-09-15 07:53:12.901837

onbg4koidiy >> End >> 2020-09-15 07:53:13.071248

shjmzuywbi4 >> Start >> 2020-09-15 07:55:25.356937

shjmzuywbi4 >> Image Returned >> 2020-09-15 07:55:25.359333

shjmzuywbi4 >> End >> 2020-09-15 07:55:25.537668

vg7t06uzoes >> Start >> 2020-09-15 07:55:41.776628

vg7t06uzoes >> Image Returned >> 2020-09-15 07:55:41.780510

vg7t06uzoes >> End >> 2020-09-15 07:55:41.958450

tvbyc635gx5 >> Start >> 2020-09-15 07:56:00.936184

tvbyc635gx5 >> Image Returned >> 2020-09-15 07:56:00.938591

tvbyc635gx5 >> End >> 2020-09-15 07:56:01.109888

kpa2uka70qs >> Start >> 2020-09-15 07:56:01.172389

kpa2uka70qs >> Image Returned >> 2020-09-15 07:56:01.172676

kpa2uka70qs >> End >> 2020-09-15 07:56:01.360814

7bnjeuxq8vr >> Start >> 2020-09-15 07:57:53.390714

7bnjeuxq8vr >> Image Returned >> 2020-09-15 07:57:53.393165

7bnjeuxq8vr >> End >> 2020-09-15 07:57:53.544955

cw4h0gmcr67 >> Start >> 2020-09-15 08:01:20.534921

cw4h0gmcr67 >> Image Returned >> 2020-09-15 08:01:20.537550

cw4h0gmcr67 >> End >> 2020-09-15 08:01:20.694041

wd0wf8mc02h >> Start >> 2020-09-15 08:03:57.229280

wd0wf8mc02h >> Image Returned >> 2020-09-15 08:03:57.231708

wd0wf8mc02h >> End >> 2020-09-15 08:03:57.395699

ng37seps2sf >> Start >> 2020-09-15 08:08:51.152772

ng37seps2sf >> Image Returned >> 2020-09-15 08:08:51.155415

ng37seps2sf >> End >> 2020-09-15 08:08:51.317102

o34f6mqeq76 >> Start >> 2020-09-15 08:09:40.683903

o34f6mqeq76 >> Image Returned >> 2020-09-15 08:09:40.686250

o34f6mqeq76 >> End >> 2020-09-15 08:09:40.869556

ztzxc7rjfed >> Start >> 2020-09-15 08:21:17.770911

ztzxc7rjfed >> Image Returned >> 2020-09-15 08:21:17.773521

ztzxc7rjfed >> End >> 2020-09-15 08:21:17.902673

y6dpz53wpaw >> Start >> 2020-09-15 08:21:46.036997

y6dpz53wpaw >> Image Returned >> 2020-09-15 08:21:46.039381

y6dpz53wpaw >> End >> 2020-09-15 08:21:46.216572

4nhybbiq2f5 >> Start >> 2020-09-15 08:24:46.850835

4nhybbiq2f5 >> Image Returned >> 2020-09-15 08:24:46.853333

4nhybbiq2f5 >> End >> 2020-09-15 08:24:47.049963

sfpnf36bnay >> Start >> 2020-09-15 08:32:57.918077

sfpnf36bnay >> Image Returned >> 2020-09-15 08:32:57.921103

sfpnf36bnay >> End >> 2020-09-15 08:32:58.097342

87hxrb0z5nk >> Start >> 2020-09-15 08:34:25.243617

87hxrb0z5nk >> Image Returned >> 2020-09-15 08:34:25.247405

87hxrb0z5nk >> End >> 2020-09-15 08:34:25.403448

dnzi4bqr4mw >> Start >> 2020-09-15 08:37:53.675409

dnzi4bqr4mw >> Image Returned >> 2020-09-15 08:37:53.677767

dnzi4bqr4mw >> End >> 2020-09-15 08:37:53.845608

awhyg25pcnt >> Start >> 2020-09-15 08:40:17.836472

awhyg25pcnt >> Image Returned >> 2020-09-15 08:40:17.838913

awhyg25pcnt >> End >> 2020-09-15 08:40:18.003026

swuzhcy8qef >> Start >> 2020-09-15 08:40:44.654429

swuzhcy8qef >> Image Returned >> 2020-09-15 08:40:44.658200

swuzhcy8qef >> End >> 2020-09-15 08:40:44.817678

qyha6wifqo0 >> Start >> 2020-09-15 08:54:59.479619

qyha6wifqo0 >> Image Returned >> 2020-09-15 08:54:59.482366

qyha6wifqo0 >> End >> 2020-09-15 08:54:59.638976

yxhmmpbcmh3 >> Start >> 2020-09-15 08:57:53.154531

yxhmmpbcmh3 >> Image Returned >> 2020-09-15 08:57:53.157162

yxhmmpbcmh3 >> End >> 2020-09-15 08:57:53.338263

cc77by8muus >> Start >> 2020-09-15 09:00:17.914617

cc77by8muus >> Image Returned >> 2020-09-15 09:00:17.916976

cc77by8muus >> End >> 2020-09-15 09:00:18.073431

yyksxnt5v7i >> Start >> 2020-09-15 09:06:14.540909

yyksxnt5v7i >> Image Returned >> 2020-09-15 09:06:14.543662

yyksxnt5v7i >> End >> 2020-09-15 09:06:14.710100

peuer3gpumw >> Start >> 2020-09-15 09:06:41.912898

peuer3gpumw >> Image Returned >> 2020-09-15 09:06:41.915599

peuer3gpumw >> End >> 2020-09-15 09:06:42.079005

33rfxfg64g7 >> Start >> 2020-09-15 09:18:36.676765

33rfxfg64g7 >> Image Returned >> 2020-09-15 09:18:36.679709

33rfxfg64g7 >> End >> 2020-09-15 09:18:36.842521

io8v3s4yxzv >> Start >> 2020-09-15 09:23:44.064121

io8v3s4yxzv >> Image Returned >> 2020-09-15 09:23:44.066559

io8v3s4yxzv >> End >> 2020-09-15 09:23:44.244398

80upa35owtt >> Start >> 2020-09-15 09:41:43.336174

80upa35owtt >> Image Returned >> 2020-09-15 09:41:43.339098

80upa35owtt >> End >> 2020-09-15 09:41:43.496268

7xob046i6ou >> Start >> 2020-09-15 09:49:31.421101

7xob046i6ou >> Image Returned >> 2020-09-15 09:49:31.423849

7xob046i6ou >> End >> 2020-09-15 09:49:31.596389

f5e4yjeu7ms >> Start >> 2020-09-15 09:51:27.875895

f5e4yjeu7ms >> Image Returned >> 2020-09-15 09:51:27.878514

f5e4yjeu7ms >> End >> 2020-09-15 09:51:28.035386

kzzy3suu5rw >> Start >> 2020-09-15 10:10:31.200747

kzzy3suu5rw >> Image Returned >> 2020-09-15 10:10:31.203398

kzzy3suu5rw >> End >> 2020-09-15 10:10:31.369056

2bdzvqnvb7u >> Start >> 2020-09-15 10:14:13.588603

2bdzvqnvb7u >> Image Returned >> 2020-09-15 10:14:13.591334

2bdzvqnvb7u >> End >> 2020-09-15 10:14:13.752835

nnhwth36iny >> Start >> 2020-09-15 10:14:59.780858

nnhwth36iny >> Image Returned >> 2020-09-15 10:14:59.783612

nnhwth36iny >> End >> 2020-09-15 10:14:59.938018

vinr6qu2r7a >> Start >> 2020-09-15 10:15:10.129503

vinr6qu2r7a >> Image Returned >> 2020-09-15 10:15:10.129822

vinr6qu2r7a >> End >> 2020-09-15 10:15:10.288239

yfbnjjcw6k4 >> Start >> 2020-09-15 10:16:58.506048

yfbnjjcw6k4 >> Image Returned >> 2020-09-15 10:16:58.508564

yfbnjjcw6k4 >> End >> 2020-09-15 10:16:58.668358

3pt7hwg0dee >> Start >> 2020-09-15 10:27:34.567728

3pt7hwg0dee >> Image Returned >> 2020-09-15 10:27:34.570276

3pt7hwg0dee >> End >> 2020-09-15 10:27:34.722424

fdizab32rtw >> Start >> 2020-09-15 10:28:36.825547

fdizab32rtw >> Image Returned >> 2020-09-15 10:28:36.828041

fdizab32rtw >> End >> 2020-09-15 10:28:36.982969

d6mz3wgdtjb >> Start >> 2020-09-15 10:39:51.385560

d6mz3wgdtjb >> Image Returned >> 2020-09-15 10:39:51.388220

d6mz3wgdtjb >> End >> 2020-09-15 10:39:51.570091

ndxbgwp452t >> Start >> 2020-09-15 10:41:39.598032

ndxbgwp452t >> Image Returned >> 2020-09-15 10:41:39.600719

ndxbgwp452t >> End >> 2020-09-15 10:41:39.756150

kejzbir423o >> Start >> 2020-09-15 10:42:58.333136

kejzbir423o >> Image Returned >> 2020-09-15 10:42:58.335861

kejzbir423o >> End >> 2020-09-15 10:42:58.502372

mm22ia73t2p >> Start >> 2020-09-15 10:43:10.034915

mm22ia73t2p >> Image Returned >> 2020-09-15 10:43:10.035315

mm22ia73t2p >> End >> 2020-09-15 10:43:10.205832

7mrk40b7siz >> Start >> 2020-09-15 10:45:18.651957

7mrk40b7siz >> Image Returned >> 2020-09-15 10:45:18.654732

7mrk40b7siz >> End >> 2020-09-15 10:45:18.819082

tfzbzvzj3hq >> Start >> 2020-09-15 10:50:58.708435

tfzbzvzj3hq >> Image Returned >> 2020-09-15 10:50:58.710975

tfzbzvzj3hq >> End >> 2020-09-15 10:50:58.871217

w8spaewyq7z >> Start >> 2020-09-15 10:53:23.343693

w8spaewyq7z >> Image Returned >> 2020-09-15 10:53:23.348290

w8spaewyq7z >> End >> 2020-09-15 10:53:23.504750

px62ktgj5y8 >> Start >> 2020-09-15 10:56:41.821465

px62ktgj5y8 >> Image Returned >> 2020-09-15 10:56:41.824088

px62ktgj5y8 >> End >> 2020-09-15 10:56:41.985438

qk8sznc6g62 >> Start >> 2020-09-15 10:58:43.434456

qk8sznc6g62 >> Image Returned >> 2020-09-15 10:58:43.437376

qk8sznc6g62 >> End >> 2020-09-15 10:58:43.614653

wsoobtfjebh >> Start >> 2020-09-15 10:59:57.905131

wsoobtfjebh >> Image Returned >> 2020-09-15 10:59:57.907741

wsoobtfjebh >> End >> 2020-09-15 10:59:58.083283

4fekr70eroa >> Start >> 2020-09-15 11:05:55.667390

4fekr70eroa >> Image Returned >> 2020-09-15 11:05:55.670100

4fekr70eroa >> End >> 2020-09-15 11:05:55.825064

jbka2yd8xq2 >> Start >> 2020-09-15 11:11:37.251005

jbka2yd8xq2 >> Image Returned >> 2020-09-15 11:11:37.253494

jbka2yd8xq2 >> End >> 2020-09-15 11:11:37.418363

6b7fn86cbb8 >> Start >> 2020-09-15 11:21:12.481484

6b7fn86cbb8 >> Image Returned >> 2020-09-15 11:21:12.484087

6b7fn86cbb8 >> End >> 2020-09-15 11:21:12.642571

atnb287iiz4 >> Start >> 2020-09-15 11:45:05.069461

atnb287iiz4 >> Image Returned >> 2020-09-15 11:45:05.072902

atnb287iiz4 >> End >> 2020-09-15 11:45:05.230227

n3df6ub4dy3 >> Start >> 2020-09-15 11:50:57.806955

n3df6ub4dy3 >> Image Returned >> 2020-09-15 11:50:57.809560

n3df6ub4dy3 >> End >> 2020-09-15 11:50:57.968211

jw4xsanxnby >> Start >> 2020-09-15 11:53:02.540141

jw4xsanxnby >> Image Returned >> 2020-09-15 11:53:02.542757

jw4xsanxnby >> End >> 2020-09-15 11:53:02.708228

3hahydjcsqu >> Start >> 2020-09-15 11:53:32.481059

3hahydjcsqu >> Image Returned >> 2020-09-15 11:53:32.483686

3hahydjcsqu >> End >> 2020-09-15 11:53:32.636991

kxecic504wv >> Start >> 2020-09-15 11:54:32.775670

kxecic504wv >> Image Returned >> 2020-09-15 11:54:32.778563

kxecic504wv >> End >> 2020-09-15 11:54:32.930239

cabn6p4azgi >> Start >> 2020-09-15 11:55:04.564135

cabn6p4azgi >> Image Returned >> 2020-09-15 11:55:04.567063

cabn6p4azgi >> End >> 2020-09-15 11:55:04.717288

d2zzx8zbxhm >> Start >> 2020-09-15 11:56:29.147075

d2zzx8zbxhm >> Image Returned >> 2020-09-15 11:56:29.149621

d2zzx8zbxhm >> End >> 2020-09-15 11:56:29.326988

r6j57iuunnm >> Start >> 2020-09-15 12:00:01.618037

r6j57iuunnm >> Image Returned >> 2020-09-15 12:00:01.620748

r6j57iuunnm >> End >> 2020-09-15 12:00:01.825848

kp78nz37z8e >> Start >> 2020-09-15 12:00:23.421137

kp78nz37z8e >> Image Returned >> 2020-09-15 12:00:23.423697

kp78nz37z8e >> End >> 2020-09-15 12:00:23.584220

kixodsg7m43 >> Start >> 2020-09-15 12:19:25.122412

kixodsg7m43 >> Image Returned >> 2020-09-15 12:19:25.125200

kixodsg7m43 >> End >> 2020-09-15 12:19:25.292699

rnnd8u2fj42 >> Start >> 2020-09-15 12:19:54.673752

rnnd8u2fj42 >> Image Returned >> 2020-09-15 12:19:54.676357

rnnd8u2fj42 >> End >> 2020-09-15 12:19:54.848251

mk0m8vodpuu >> Start >> 2020-09-15 12:21:12.442312

mk0m8vodpuu >> Image Returned >> 2020-09-15 12:21:12.444950

mk0m8vodpuu >> End >> 2020-09-15 12:21:12.601836

dnqm2j6hczg >> Start >> 2020-09-15 12:28:29.843856

dnqm2j6hczg >> Image Returned >> 2020-09-15 12:28:29.846774

dnqm2j6hczg >> End >> 2020-09-15 12:28:30.001646

iigpmg0dwrz >> Start >> 2020-09-15 12:28:41.359743

iigpmg0dwrz >> Image Returned >> 2020-09-15 12:28:41.362315

iigpmg0dwrz >> End >> 2020-09-15 12:28:41.521641

y33c3wju5ec >> Start >> 2020-09-15 12:40:44.002732

y33c3wju5ec >> Image Returned >> 2020-09-15 12:40:44.005780

y33c3wju5ec >> End >> 2020-09-15 12:40:44.166943

fzobzvtf4wm >> Start >> 2020-09-15 12:44:17.520931

fzobzvtf4wm >> Image Returned >> 2020-09-15 12:44:17.523955

fzobzvtf4wm >> End >> 2020-09-15 12:44:17.687066

etgv6ru6xyr >> Start >> 2020-09-15 12:44:27.898032

etgv6ru6xyr >> Image Returned >> 2020-09-15 12:44:27.898329

etgv6ru6xyr >> End >> 2020-09-15 12:44:28.050566

e0i5xbjvccr >> Start >> 2020-09-15 12:45:02.936664

e0i5xbjvccr >> Image Returned >> 2020-09-15 12:45:02.939205

e0i5xbjvccr >> End >> 2020-09-15 12:45:03.093316

k4d8nyt3rej >> Start >> 2020-09-15 12:53:46.862297

k4d8nyt3rej >> Image Returned >> 2020-09-15 12:53:46.865600

k4d8nyt3rej >> End >> 2020-09-15 12:53:47.020452

4q2bn6dbwy4 >> Start >> 2020-09-15 12:55:09.448111

4q2bn6dbwy4 >> Image Returned >> 2020-09-15 12:55:09.452317

4q2bn6dbwy4 >> End >> 2020-09-15 12:55:09.609107

p07xrzm2yxg >> Start >> 2020-09-15 13:01:53.348690

p07xrzm2yxg >> Image Returned >> 2020-09-15 13:01:53.351524

p07xrzm2yxg >> End >> 2020-09-15 13:01:53.505975

4czo8s8qszr >> Start >> 2020-09-15 13:14:29.376420

4czo8s8qszr >> Image Returned >> 2020-09-15 13:14:29.379164

4czo8s8qszr >> End >> 2020-09-15 13:14:29.504677

nkucpg8g5ok >> Start >> 2020-09-15 13:14:49.345328

nkucpg8g5ok >> Image Returned >> 2020-09-15 13:14:49.348273

nkucpg8g5ok >> End >> 2020-09-15 13:14:49.507529

fusqgazsr2k >> Start >> 2020-09-15 13:15:19.046487

fusqgazsr2k >> Image Returned >> 2020-09-15 13:15:19.049680

fusqgazsr2k >> End >> 2020-09-15 13:15:19.212867

5gfsfxqvu6u >> Start >> 2020-09-15 13:19:14.191751

5gfsfxqvu6u >> Image Returned >> 2020-09-15 13:19:14.194506

5gfsfxqvu6u >> End >> 2020-09-15 13:19:14.350979

vmw8dr6y5x7 >> Start >> 2020-09-15 13:20:14.705984

vmw8dr6y5x7 >> Image Returned >> 2020-09-15 13:20:14.708941

vmw8dr6y5x7 >> End >> 2020-09-15 13:20:14.873861

zxoz2545etj >> Start >> 2020-09-15 13:21:33.454206

zxoz2545etj >> Image Returned >> 2020-09-15 13:21:33.456809

zxoz2545etj >> End >> 2020-09-15 13:21:33.636588

5imj5idj5b4 >> Start >> 2020-09-15 13:25:08.170963

5imj5idj5b4 >> Image Returned >> 2020-09-15 13:25:08.175672

5imj5idj5b4 >> End >> 2020-09-15 13:25:08.340200

osjw0trdq0p >> Start >> 2020-09-15 13:25:56.851788

osjw0trdq0p >> Image Returned >> 2020-09-15 13:25:56.854386

osjw0trdq0p >> End >> 2020-09-15 13:25:57.022416

0b07x0dvnpp >> Start >> 2020-09-15 13:26:07.862073

0b07x0dvnpp >> Image Returned >> 2020-09-15 13:26:07.864929

0b07x0dvnpp >> End >> 2020-09-15 13:26:08.035254

5is5xyajzxh >> Start >> 2020-09-15 13:26:23.701483

5is5xyajzxh >> Image Returned >> 2020-09-15 13:26:23.705097

5is5xyajzxh >> End >> 2020-09-15 13:26:23.834383

vv8n07tso65 >> Start >> 2020-09-15 13:27:45.620395

vv8n07tso65 >> Image Returned >> 2020-09-15 13:27:45.623121

vv8n07tso65 >> End >> 2020-09-15 13:27:45.790426

qss4iq0c228 >> Start >> 2020-09-15 13:27:45.863105

qss4iq0c228 >> Image Returned >> 2020-09-15 13:27:45.863411

qss4iq0c228 >> End >> 2020-09-15 13:27:46.023403

xqsskjkfw8w >> Start >> 2020-09-15 13:37:21.298752

xqsskjkfw8w >> Image Returned >> 2020-09-15 13:37:21.302098

xqsskjkfw8w >> End >> 2020-09-15 13:37:21.463773

qmwo6suhd2y >> Start >> 2020-09-15 13:40:04.271975

qmwo6suhd2y >> Image Returned >> 2020-09-15 13:40:04.274627

qmwo6suhd2y >> End >> 2020-09-15 13:40:04.431699

feqvdhkrygy >> Start >> 2020-09-15 13:45:30.949592

feqvdhkrygy >> Image Returned >> 2020-09-15 13:45:30.953910

feqvdhkrygy >> End >> 2020-09-15 13:45:31.117600

0oi8e4iragy >> Start >> 2020-09-15 13:56:37.435209

0oi8e4iragy >> Image Returned >> 2020-09-15 13:56:37.438051

0oi8e4iragy >> End >> 2020-09-15 13:56:37.605501

z4akdu74ycz >> Start >> 2020-09-15 14:00:39.062484

z4akdu74ycz >> Image Returned >> 2020-09-15 14:00:39.065479

z4akdu74ycz >> End >> 2020-09-15 14:00:39.221021

6fvmhcs6bz7 >> Start >> 2020-09-15 14:00:53.761604

6fvmhcs6bz7 >> Image Returned >> 2020-09-15 14:00:53.765628

6fvmhcs6bz7 >> End >> 2020-09-15 14:00:53.926666

x6ewe23mmsz >> Start >> 2020-09-15 14:02:44.550915

x6ewe23mmsz >> Image Returned >> 2020-09-15 14:02:44.554090

x6ewe23mmsz >> End >> 2020-09-15 14:02:44.747056

0nh6tusmcqh >> Start >> 2020-09-15 14:07:45.392179

0nh6tusmcqh >> Image Returned >> 2020-09-15 14:07:45.395157

0nh6tusmcqh >> End >> 2020-09-15 14:07:45.557137

qbc0smu8z36 >> Start >> 2020-09-15 14:08:41.781780

qbc0smu8z36 >> Image Returned >> 2020-09-15 14:08:41.785499

qbc0smu8z36 >> End >> 2020-09-15 14:08:41.974965

n6uf5oa48zh >> Start >> 2020-09-15 14:16:17.399312

n6uf5oa48zh >> Image Returned >> 2020-09-15 14:16:17.402148

n6uf5oa48zh >> End >> 2020-09-15 14:16:17.558614

nzggodo6vit >> Start >> 2020-09-15 14:21:22.235821

nzggodo6vit >> Image Returned >> 2020-09-15 14:21:22.238807

nzggodo6vit >> End >> 2020-09-15 14:21:22.407001

hty0gyaqgnr >> Start >> 2020-09-15 14:22:49.553767

hty0gyaqgnr >> Image Returned >> 2020-09-15 14:22:49.556377

hty0gyaqgnr >> End >> 2020-09-15 14:22:49.724948

8uz67nb3bwt >> Start >> 2020-09-15 14:24:30.083798

8uz67nb3bwt >> Image Returned >> 2020-09-15 14:24:30.086621

8uz67nb3bwt >> End >> 2020-09-15 14:24:30.240323

jv3tkw5nxo2 >> Start >> 2020-09-15 14:31:40.041593

jv3tkw5nxo2 >> Image Returned >> 2020-09-15 14:31:40.044652

jv3tkw5nxo2 >> End >> 2020-09-15 14:31:40.255903

yh74mdb4q0m >> Start >> 2020-09-15 14:31:59.430506

yh74mdb4q0m >> Image Returned >> 2020-09-15 14:31:59.433211

yh74mdb4q0m >> End >> 2020-09-15 14:31:59.592952

khfkezdjkrn >> Start >> 2020-09-15 14:35:16.504127

khfkezdjkrn >> Image Returned >> 2020-09-15 14:35:16.507261

khfkezdjkrn >> End >> 2020-09-15 14:35:16.661315

z466pjok8wy >> Start >> 2020-09-15 14:39:35.614947

z466pjok8wy >> Image Returned >> 2020-09-15 14:39:35.617619

z466pjok8wy >> End >> 2020-09-15 14:39:35.791121

q2rh87dygq0 >> Start >> 2020-09-15 14:39:52.484190

q2rh87dygq0 >> Image Returned >> 2020-09-15 14:39:52.486824

q2rh87dygq0 >> End >> 2020-09-15 14:39:52.662811

4yx5qom3g2f >> Start >> 2020-09-15 14:41:12.484814

4yx5qom3g2f >> Image Returned >> 2020-09-15 14:41:12.487802

4yx5qom3g2f >> End >> 2020-09-15 14:41:12.665632

nyav2oonk8y >> Start >> 2020-09-15 14:44:22.311809

nyav2oonk8y >> Image Returned >> 2020-09-15 14:44:22.314488

nyav2oonk8y >> End >> 2020-09-15 14:44:22.476763

5diwapowg7e >> Start >> 2020-09-15 14:45:25.679332

5diwapowg7e >> Image Returned >> 2020-09-15 14:45:25.682473

5diwapowg7e >> End >> 2020-09-15 14:45:25.839734

m4c7yghkx7d >> Start >> 2020-09-15 14:46:01.981755

m4c7yghkx7d >> Image Returned >> 2020-09-15 14:46:01.984308

m4c7yghkx7d >> End >> 2020-09-15 14:46:02.147000

n85gwk56ko8 >> Start >> 2020-09-15 14:51:25.135212

n85gwk56ko8 >> Image Returned >> 2020-09-15 14:51:25.138137

n85gwk56ko8 >> End >> 2020-09-15 14:51:25.290944

bo3zxfhu8q2 >> Start >> 2020-09-15 14:52:49.071290

bo3zxfhu8q2 >> Image Returned >> 2020-09-15 14:52:49.075994

bo3zxfhu8q2 >> End >> 2020-09-15 14:52:49.232469

aihikg8okrf >> Start >> 2020-09-15 14:54:40.653166

aihikg8okrf >> Image Returned >> 2020-09-15 14:54:40.655848

aihikg8okrf >> End >> 2020-09-15 14:54:40.812618

d4fc3yky68g >> Start >> 2020-09-15 14:54:56.952326

d4fc3yky68g >> Image Returned >> 2020-09-15 14:54:56.954962

d4fc3yky68g >> End >> 2020-09-15 14:54:57.131417

rc8ogy63fux >> Start >> 2020-09-15 14:55:21.428364

rc8ogy63fux >> Image Returned >> 2020-09-15 14:55:21.431708

rc8ogy63fux >> End >> 2020-09-15 14:55:21.607821

q5rus2uvqik >> Start >> 2020-09-15 15:02:34.474313

q5rus2uvqik >> Image Returned >> 2020-09-15 15:02:34.477169

q5rus2uvqik >> End >> 2020-09-15 15:02:34.633208

vh35nfqx0i5 >> Start >> 2020-09-15 15:03:09.364622

vh35nfqx0i5 >> Image Returned >> 2020-09-15 15:03:09.367557

vh35nfqx0i5 >> End >> 2020-09-15 15:03:09.521261

shd4pcfg2jo >> Start >> 2020-09-15 15:03:21.286178

shd4pcfg2jo >> Image Returned >> 2020-09-15 15:03:21.288772

shd4pcfg2jo >> End >> 2020-09-15 15:03:21.454526

0o6uujy05av >> Start >> 2020-09-15 15:05:08.021101

0o6uujy05av >> Image Returned >> 2020-09-15 15:05:08.025603

0o6uujy05av >> End >> 2020-09-15 15:05:08.194483

gtaerramzzt >> Start >> 2020-09-15 15:05:08.211600

gtaerramzzt >> Image Returned >> 2020-09-15 15:05:08.212003

gtaerramzzt >> End >> 2020-09-15 15:05:08.377607

2gbieh0e4ud >> Start >> 2020-09-15 15:06:45.769701

2gbieh0e4ud >> Image Returned >> 2020-09-15 15:06:45.773201

2gbieh0e4ud >> End >> 2020-09-15 15:06:45.937649

iqqtdmtqp6q >> Start >> 2020-09-15 15:11:58.478693

iqqtdmtqp6q >> Image Returned >> 2020-09-15 15:11:58.481915

iqqtdmtqp6q >> End >> 2020-09-15 15:11:58.640491

qqt07fwibns >> Start >> 2020-09-15 15:13:04.220566

qqt07fwibns >> Image Returned >> 2020-09-15 15:13:04.223269

qqt07fwibns >> End >> 2020-09-15 15:13:04.394592

akj7eunqdb5 >> Start >> 2020-09-15 15:13:29.106041

akj7eunqdb5 >> Image Returned >> 2020-09-15 15:13:29.108659

akj7eunqdb5 >> End >> 2020-09-15 15:13:29.285546

qxyvdsmvuio >> Start >> 2020-09-15 15:16:53.074757

qxyvdsmvuio >> Image Returned >> 2020-09-15 15:16:53.077531

qxyvdsmvuio >> End >> 2020-09-15 15:16:53.234302

fmotrpbfx2d >> Start >> 2020-09-15 15:17:53.512378

fmotrpbfx2d >> Image Returned >> 2020-09-15 15:17:53.516300

fmotrpbfx2d >> End >> 2020-09-15 15:17:53.670631

so2dzuxq5j0 >> Start >> 2020-09-15 15:18:06.681521

so2dzuxq5j0 >> Image Returned >> 2020-09-15 15:18:06.685501

so2dzuxq5j0 >> End >> 2020-09-15 15:18:06.843405

7jfg464egmq >> Start >> 2020-09-15 15:18:06.954694

7jfg464egmq >> Image Returned >> 2020-09-15 15:18:06.954998

7jfg464egmq >> End >> 2020-09-15 15:18:07.110188

7vuivhs8b4i >> Start >> 2020-09-15 15:18:10.840445

7vuivhs8b4i >> Image Returned >> 2020-09-15 15:18:10.840753

7vuivhs8b4i >> End >> 2020-09-15 15:18:11.001748

sehhz8hwyte >> Start >> 2020-09-15 15:23:21.196281

sehhz8hwyte >> Image Returned >> 2020-09-15 15:23:21.199691

sehhz8hwyte >> End >> 2020-09-15 15:23:21.356566

sediu8ccpgs >> Start >> 2020-09-15 15:36:55.460789

sediu8ccpgs >> Image Returned >> 2020-09-15 15:36:55.463752

sediu8ccpgs >> End >> 2020-09-15 15:36:55.617188

0ysb0z2gw8q >> Start >> 2020-09-15 15:41:00.740689

0ysb0z2gw8q >> Image Returned >> 2020-09-15 15:41:00.744605

0ysb0z2gw8q >> End >> 2020-09-15 15:41:00.889194

ray2v56wxzf >> Start >> 2020-09-15 15:49:02.002048

ray2v56wxzf >> Image Returned >> 2020-09-15 15:49:02.005615

ray2v56wxzf >> End >> 2020-09-15 15:49:02.159887

kx4ewjsn6up >> Start >> 2020-09-15 15:49:22.959302

kx4ewjsn6up >> Image Returned >> 2020-09-15 15:49:22.962167

kx4ewjsn6up >> End >> 2020-09-15 15:49:23.117424

zv45mzwpi74 >> Start >> 2020-09-15 15:49:38.047894

zv45mzwpi74 >> Image Returned >> 2020-09-15 15:49:38.050950

zv45mzwpi74 >> End >> 2020-09-15 15:49:38.209069

nvy3kxgodos >> Start >> 2020-09-15 15:58:53.341054

nvy3kxgodos >> Image Returned >> 2020-09-15 15:58:53.344346

nvy3kxgodos >> End >> 2020-09-15 15:58:53.504524

wuosfgo02iq >> Start >> 2020-09-15 16:00:34.977386

wuosfgo02iq >> Image Returned >> 2020-09-15 16:00:34.980642

wuosfgo02iq >> End >> 2020-09-15 16:00:35.147057

53f7aoeibr0 >> Start >> 2020-09-15 16:05:49.427716

53f7aoeibr0 >> Image Returned >> 2020-09-15 16:05:49.431802

53f7aoeibr0 >> End >> 2020-09-15 16:05:49.595733

ok2nnbhjw6x >> Start >> 2020-09-15 16:12:02.160706

ok2nnbhjw6x >> Image Returned >> 2020-09-15 16:12:02.163855

ok2nnbhjw6x >> End >> 2020-09-15 16:12:02.327917

f2vwy7ngi4s >> Start >> 2020-09-15 16:14:09.482357

f2vwy7ngi4s >> Image Returned >> 2020-09-15 16:14:09.485027

f2vwy7ngi4s >> End >> 2020-09-15 16:14:09.644500

ws7hknsnn23 >> Start >> 2020-09-15 16:15:05.536709

ws7hknsnn23 >> Image Returned >> 2020-09-15 16:15:05.539458

ws7hknsnn23 >> End >> 2020-09-15 16:15:05.701868

psjdsftfw83 >> Start >> 2020-09-15 16:16:24.754399

psjdsftfw83 >> Image Returned >> 2020-09-15 16:16:24.757286

psjdsftfw83 >> End >> 2020-09-15 16:16:24.913827

6h7ymmyvo3h >> Start >> 2020-09-15 16:27:04.029165

6h7ymmyvo3h >> Image Returned >> 2020-09-15 16:27:04.032335

6h7ymmyvo3h >> End >> 2020-09-15 16:27:04.194142

rc0xmp62k8d >> Start >> 2020-09-15 16:40:17.650538

rc0xmp62k8d >> Image Returned >> 2020-09-15 16:40:17.653503

rc0xmp62k8d >> End >> 2020-09-15 16:40:17.815047

xvkxvnab5ze >> Start >> 2020-09-15 16:44:04.135238

xvkxvnab5ze >> Image Returned >> 2020-09-15 16:44:04.137953

xvkxvnab5ze >> End >> 2020-09-15 16:44:04.303903

8ot03s7f0fe >> Start >> 2020-09-15 16:50:42.790122

8ot03s7f0fe >> Image Returned >> 2020-09-15 16:50:42.793680

8ot03s7f0fe >> End >> 2020-09-15 16:50:42.967720

frcuv3z3vdr >> Start >> 2020-09-15 16:55:29.004987

frcuv3z3vdr >> Image Returned >> 2020-09-15 16:55:29.007678

frcuv3z3vdr >> End >> 2020-09-15 16:55:29.163532

runoyizr2zy >> Start >> 2020-09-15 17:00:35.133410

runoyizr2zy >> Image Returned >> 2020-09-15 17:00:35.136425

runoyizr2zy >> End >> 2020-09-15 17:00:35.313560

k0rkfumv8av >> Start >> 2020-09-15 17:01:11.256212

k0rkfumv8av >> Image Returned >> 2020-09-15 17:01:11.258955

k0rkfumv8av >> End >> 2020-09-15 17:01:11.429845

j7xhcuw7q8z >> Start >> 2020-09-15 17:01:34.078332

j7xhcuw7q8z >> Image Returned >> 2020-09-15 17:01:34.081108

j7xhcuw7q8z >> End >> 2020-09-15 17:01:34.238684

yxe2wsece24 >> Start >> 2020-09-15 17:01:46.690722

yxe2wsece24 >> Image Returned >> 2020-09-15 17:01:46.693464

yxe2wsece24 >> End >> 2020-09-15 17:01:46.851959

4ga8jcapjqg >> Start >> 2020-09-15 17:08:24.707633

4ga8jcapjqg >> Image Returned >> 2020-09-15 17:08:24.710445

4ga8jcapjqg >> End >> 2020-09-15 17:08:24.867142

5dj6vnvvdrk >> Start >> 2020-09-15 17:12:56.059231

5dj6vnvvdrk >> Image Returned >> 2020-09-15 17:12:56.062601

5dj6vnvvdrk >> End >> 2020-09-15 17:12:56.219391

xptwykd80nk >> Start >> 2020-09-15 17:15:24.220469

xptwykd80nk >> Image Returned >> 2020-09-15 17:15:24.224111

xptwykd80nk >> End >> 2020-09-15 17:15:24.384345

4twj7i72mma >> Start >> 2020-09-15 17:16:51.087938

4twj7i72mma >> Image Returned >> 2020-09-15 17:16:51.090934

4twj7i72mma >> End >> 2020-09-15 17:16:51.254420

wmzt58zrvjp >> Start >> 2020-09-15 17:24:03.524151

wmzt58zrvjp >> Image Returned >> 2020-09-15 17:24:03.526859

wmzt58zrvjp >> End >> 2020-09-15 17:24:03.686777

0064p0csz4v >> Start >> 2020-09-15 17:26:19.610590

0064p0csz4v >> Image Returned >> 2020-09-15 17:26:19.613637

0064p0csz4v >> End >> 2020-09-15 17:26:19.792366

ukramtz464k >> Start >> 2020-09-15 17:34:43.192100

ukramtz464k >> Image Returned >> 2020-09-15 17:34:43.195179

ukramtz464k >> End >> 2020-09-15 17:34:43.362261

qen653rctsm >> Start >> 2020-09-15 17:37:01.295830

qen653rctsm >> Image Returned >> 2020-09-15 17:37:01.298672

qen653rctsm >> End >> 2020-09-15 17:37:01.472364

5ysd5sfs3vy >> Start >> 2020-09-15 17:44:29.652931

5ysd5sfs3vy >> Image Returned >> 2020-09-15 17:44:29.656121

5ysd5sfs3vy >> End >> 2020-09-15 17:44:29.820457

aa480jd44a4 >> Start >> 2020-09-15 17:46:34.488460

aa480jd44a4 >> Image Returned >> 2020-09-15 17:46:34.492736

aa480jd44a4 >> End >> 2020-09-15 17:46:34.696788

vg2seepxhyw >> Start >> 2020-09-15 17:51:20.136913

vg2seepxhyw >> Image Returned >> 2020-09-15 17:51:20.140240

vg2seepxhyw >> End >> 2020-09-15 17:51:20.298655

8eojqizfmr0 >> Start >> 2020-09-15 17:52:26.715300

8eojqizfmr0 >> Image Returned >> 2020-09-15 17:52:26.719072

8eojqizfmr0 >> End >> 2020-09-15 17:52:26.873934

rj7acqj07fd >> Start >> 2020-09-15 18:01:57.019355

rj7acqj07fd >> Image Returned >> 2020-09-15 18:01:57.022142

rj7acqj07fd >> End >> 2020-09-15 18:01:57.176939

d7fykdw4t83 >> Start >> 2020-09-15 18:04:47.234905

d7fykdw4t83 >> Image Returned >> 2020-09-15 18:04:47.237740

d7fykdw4t83 >> End >> 2020-09-15 18:04:47.415462

kcfv6qrxd0s >> Start >> 2020-09-15 18:05:01.508310

kcfv6qrxd0s >> Image Returned >> 2020-09-15 18:05:01.511065

kcfv6qrxd0s >> End >> 2020-09-15 18:05:01.675308

mg7brxj2egw >> Start >> 2020-09-15 18:05:34.818994

mg7brxj2egw >> Image Returned >> 2020-09-15 18:05:34.821767

mg7brxj2egw >> End >> 2020-09-15 18:05:35.004791

4q0q3mz87b7 >> Start >> 2020-09-15 18:09:10.131254

4q0q3mz87b7 >> Image Returned >> 2020-09-15 18:09:10.134222

4q0q3mz87b7 >> End >> 2020-09-15 18:09:10.295177

0bbte4vbj0i >> Start >> 2020-09-15 18:09:17.413391

0bbte4vbj0i >> Image Returned >> 2020-09-15 18:09:17.413687

0bbte4vbj0i >> End >> 2020-09-15 18:09:17.570812

64adgs2ryjb >> Start >> 2020-09-15 18:13:43.933214

64adgs2ryjb >> Image Returned >> 2020-09-15 18:13:43.936512

64adgs2ryjb >> End >> 2020-09-15 18:13:44.099623

4nkrmy6y4wc >> Start >> 2020-09-15 18:14:57.091197

4nkrmy6y4wc >> Image Returned >> 2020-09-15 18:14:57.093992

4nkrmy6y4wc >> End >> 2020-09-15 18:14:57.257479

v4k440q58mx >> Start >> 2020-09-15 18:15:30.346970

v4k440q58mx >> Image Returned >> 2020-09-15 18:15:30.350591

v4k440q58mx >> End >> 2020-09-15 18:15:30.528937

vzr46jznf6w >> Start >> 2020-09-15 18:17:25.486011

vzr46jznf6w >> Image Returned >> 2020-09-15 18:17:25.489131

vzr46jznf6w >> End >> 2020-09-15 18:17:25.650888

2su5okw6zdz >> Start >> 2020-09-15 18:18:11.408546

2su5okw6zdz >> Image Returned >> 2020-09-15 18:18:11.411324

2su5okw6zdz >> End >> 2020-09-15 18:18:11.565768

ziuf5uia005 >> Start >> 2020-09-15 18:26:26.773345

ziuf5uia005 >> Image Returned >> 2020-09-15 18:26:26.776196

ziuf5uia005 >> End >> 2020-09-15 18:26:26.937412

cckgcdsi034 >> Start >> 2020-09-15 18:31:26.099587

cckgcdsi034 >> Image Returned >> 2020-09-15 18:31:26.102709

cckgcdsi034 >> End >> 2020-09-15 18:31:26.257134

58iuqjjeeoy >> Start >> 2020-09-15 18:32:00.139292

58iuqjjeeoy >> Image Returned >> 2020-09-15 18:32:00.142052

58iuqjjeeoy >> End >> 2020-09-15 18:32:00.301115

568p63325d5 >> Start >> 2020-09-15 18:38:04.584671

568p63325d5 >> Image Returned >> 2020-09-15 18:38:04.587785

568p63325d5 >> End >> 2020-09-15 18:38:04.751851

4ern5avdpnx >> Start >> 2020-09-15 18:38:50.156905

4ern5avdpnx >> Image Returned >> 2020-09-15 18:38:50.159662

4ern5avdpnx >> End >> 2020-09-15 18:38:50.320338

qq73vu7sk64 >> Start >> 2020-09-15 18:41:39.537564

qq73vu7sk64 >> Image Returned >> 2020-09-15 18:41:39.540699

qq73vu7sk64 >> End >> 2020-09-15 18:41:39.697199

84ft8o7fnef >> Start >> 2020-09-15 18:41:51.213838

84ft8o7fnef >> Image Returned >> 2020-09-15 18:41:51.216646

84ft8o7fnef >> End >> 2020-09-15 18:41:51.377173

nqvhb7y84gs >> Start >> 2020-09-15 18:45:05.135940

nqvhb7y84gs >> Image Returned >> 2020-09-15 18:45:05.139137

nqvhb7y84gs >> End >> 2020-09-15 18:45:05.303420

8bvg3fjws0w >> Start >> 2020-09-15 18:45:15.160815

8bvg3fjws0w >> Image Returned >> 2020-09-15 18:45:15.161125

8bvg3fjws0w >> End >> 2020-09-15 18:45:15.320956

o0nt485ttxg >> Start >> 2020-09-15 18:45:46.980984

o0nt485ttxg >> Image Returned >> 2020-09-15 18:45:46.984287

o0nt485ttxg >> End >> 2020-09-15 18:45:47.154730

snoenag57j8 >> Start >> 2020-09-15 18:48:27.579348

snoenag57j8 >> Image Returned >> 2020-09-15 18:48:27.582705

snoenag57j8 >> End >> 2020-09-15 18:48:27.745692

8dcpzw0eu5p >> Start >> 2020-09-15 18:56:16.523106

8dcpzw0eu5p >> Image Returned >> 2020-09-15 18:56:16.526484

8dcpzw0eu5p >> End >> 2020-09-15 18:56:16.685837

msgfhojaub3 >> Start >> 2020-09-15 19:02:03.406946

msgfhojaub3 >> Image Returned >> 2020-09-15 19:02:03.410124

msgfhojaub3 >> End >> 2020-09-15 19:02:03.569155

krqo3z87omh >> Start >> 2020-09-15 19:04:31.916114

krqo3z87omh >> Image Returned >> 2020-09-15 19:04:31.919163

krqo3z87omh >> End >> 2020-09-15 19:04:32.083178

otqeprzi3f2 >> Start >> 2020-09-15 19:04:57.265090

otqeprzi3f2 >> Image Returned >> 2020-09-15 19:04:57.268182

otqeprzi3f2 >> End >> 2020-09-15 19:04:57.426166

w362yz83jau >> Start >> 2020-09-15 19:05:01.371422

w362yz83jau >> Image Returned >> 2020-09-15 19:05:01.371793

w362yz83jau >> End >> 2020-09-15 19:05:01.528392

8u0t54spy3u >> Start >> 2020-09-15 19:07:29.962582

8u0t54spy3u >> Image Returned >> 2020-09-15 19:07:29.965699

8u0t54spy3u >> End >> 2020-09-15 19:07:30.144973

jaxgazyfxbo >> Start >> 2020-09-15 19:09:55.775311

jaxgazyfxbo >> Image Returned >> 2020-09-15 19:09:55.778136

jaxgazyfxbo >> End >> 2020-09-15 19:09:55.943027

5pgwvsucqcr >> Start >> 2020-09-15 19:14:50.603188

5pgwvsucqcr >> Image Returned >> 2020-09-15 19:14:50.606040

5pgwvsucqcr >> End >> 2020-09-15 19:14:50.764564

th3bsu6nppx >> Start >> 2020-09-15 19:20:00.209918

th3bsu6nppx >> Image Returned >> 2020-09-15 19:20:00.212745

th3bsu6nppx >> End >> 2020-09-15 19:20:00.365185

bvxm24xhitx >> Start >> 2020-09-15 19:20:09.738339

bvxm24xhitx >> Image Returned >> 2020-09-15 19:20:09.738627

bvxm24xhitx >> End >> 2020-09-15 19:20:09.903213

vorey2hoao8 >> Start >> 2020-09-15 19:21:12.916562

vorey2hoao8 >> Image Returned >> 2020-09-15 19:21:12.919446

vorey2hoao8 >> End >> 2020-09-15 19:21:13.080173

0aaydiowvsj >> Start >> 2020-09-15 19:21:37.295438

0aaydiowvsj >> Image Returned >> 2020-09-15 19:21:37.299469

0aaydiowvsj >> End >> 2020-09-15 19:21:37.428076

qbmuphvomva >> Start >> 2020-09-15 19:26:25.964379

qbmuphvomva >> Image Returned >> 2020-09-15 19:26:25.970352

qbmuphvomva >> End >> 2020-09-15 19:26:26.143599

e60jdmh2tyv >> Start >> 2020-09-15 19:27:00.634738

e60jdmh2tyv >> Image Returned >> 2020-09-15 19:27:00.637623

e60jdmh2tyv >> End >> 2020-09-15 19:27:00.802150

mo7zmjqzy4o >> Start >> 2020-09-15 19:27:42.656349

mo7zmjqzy4o >> Image Returned >> 2020-09-15 19:27:42.659502

mo7zmjqzy4o >> End >> 2020-09-15 19:27:42.829869

a6hhozqun7t >> Start >> 2020-09-15 19:29:30.268718

a6hhozqun7t >> Image Returned >> 2020-09-15 19:29:30.272430

a6hhozqun7t >> End >> 2020-09-15 19:29:30.440983

s07wg8n2j5k >> Start >> 2020-09-15 19:29:32.249803

s07wg8n2j5k >> Image Returned >> 2020-09-15 19:29:32.250112

s07wg8n2j5k >> End >> 2020-09-15 19:29:32.410267

3adg472oiy3 >> Start >> 2020-09-15 19:35:44.224782

3adg472oiy3 >> Image Returned >> 2020-09-15 19:35:44.227688

3adg472oiy3 >> End >> 2020-09-15 19:35:44.390345

s4khwwfq0ei >> Start >> 2020-09-15 19:37:28.328793

s4khwwfq0ei >> Image Returned >> 2020-09-15 19:37:28.333209

s4khwwfq0ei >> End >> 2020-09-15 19:37:28.516906

hzevstgnxtw >> Start >> 2020-09-15 19:37:51.508565

hzevstgnxtw >> Image Returned >> 2020-09-15 19:37:51.511905

hzevstgnxtw >> End >> 2020-09-15 19:37:51.674896

ae3mfqgsrkf >> Start >> 2020-09-15 19:37:59.089682

ae3mfqgsrkf >> Image Returned >> 2020-09-15 19:37:59.090014

ae3mfqgsrkf >> End >> 2020-09-15 19:37:59.244795

w2ghwcafg74 >> Start >> 2020-09-15 19:39:37.768543

w2ghwcafg74 >> Image Returned >> 2020-09-15 19:39:37.771636

w2ghwcafg74 >> End >> 2020-09-15 19:39:37.930474

77ohqpmo7z3 >> Start >> 2020-09-15 19:44:22.288990

77ohqpmo7z3 >> Image Returned >> 2020-09-15 19:44:22.292619

77ohqpmo7z3 >> End >> 2020-09-15 19:44:22.455063

zwinvjf5y2y >> Start >> 2020-09-15 19:49:33.845930

zwinvjf5y2y >> Image Returned >> 2020-09-15 19:49:33.849320

zwinvjf5y2y >> End >> 2020-09-15 19:49:34.027318

fwbd68k7mqh >> Start >> 2020-09-15 19:50:07.619052

fwbd68k7mqh >> Image Returned >> 2020-09-15 19:50:07.621993

fwbd68k7mqh >> End >> 2020-09-15 19:50:07.809791

r4x87g0nk24 >> Start >> 2020-09-15 19:51:58.437371

r4x87g0nk24 >> Image Returned >> 2020-09-15 19:51:58.440376

r4x87g0nk24 >> End >> 2020-09-15 19:51:58.604497

0pv274iuni8 >> Start >> 2020-09-15 19:57:20.194581

0pv274iuni8 >> Image Returned >> 2020-09-15 19:57:20.198672

0pv274iuni8 >> End >> 2020-09-15 19:57:20.359832

g4iwd7ngztt >> Start >> 2020-09-15 19:59:49.559443

g4iwd7ngztt >> Image Returned >> 2020-09-15 19:59:49.562797

g4iwd7ngztt >> End >> 2020-09-15 19:59:49.717181

b0c083tq4oy >> Start >> 2020-09-15 20:02:32.544657

b0c083tq4oy >> Image Returned >> 2020-09-15 20:02:32.547987

b0c083tq4oy >> End >> 2020-09-15 20:02:32.713512

fxw033vs3kp >> Start >> 2020-09-15 20:04:16.952059

fxw033vs3kp >> Image Returned >> 2020-09-15 20:04:16.954999

fxw033vs3kp >> End >> 2020-09-15 20:04:17.128267

8ox8o7ksxri >> Start >> 2020-09-15 20:12:22.335949

8ox8o7ksxri >> Image Returned >> 2020-09-15 20:12:22.339838

8ox8o7ksxri >> End >> 2020-09-15 20:12:22.517574

igsymybi3uu >> Start >> 2020-09-15 20:13:15.748730

igsymybi3uu >> Image Returned >> 2020-09-15 20:13:15.751529

igsymybi3uu >> End >> 2020-09-15 20:13:15.914827

kvykueq3ifs >> Start >> 2020-09-15 20:14:48.025724

kvykueq3ifs >> Image Returned >> 2020-09-15 20:14:48.030035

kvykueq3ifs >> End >> 2020-09-15 20:14:48.191584

ivzrpvcrpxn >> Start >> 2020-09-15 20:18:10.676374

ivzrpvcrpxn >> Image Returned >> 2020-09-15 20:18:10.679445

ivzrpvcrpxn >> End >> 2020-09-15 20:18:10.848845

qpw54cmwdad >> Start >> 2020-09-15 20:19:59.181663

qpw54cmwdad >> Image Returned >> 2020-09-15 20:19:59.184664

qpw54cmwdad >> End >> 2020-09-15 20:19:59.353059

mdauxkppidn >> Start >> 2020-09-15 20:27:54.861768

mdauxkppidn >> Image Returned >> 2020-09-15 20:27:54.867167

mdauxkppidn >> End >> 2020-09-15 20:27:55.026546

qr7tmcjsg43 >> Start >> 2020-09-15 20:29:16.569722

qr7tmcjsg43 >> Image Returned >> 2020-09-15 20:29:16.573832

qr7tmcjsg43 >> End >> 2020-09-15 20:29:16.760726

0dw46a57rft >> Start >> 2020-09-15 20:31:42.903785

0dw46a57rft >> Image Returned >> 2020-09-15 20:31:42.906852

0dw46a57rft >> End >> 2020-09-15 20:31:43.038579

4awmw8tqyxa >> Start >> 2020-09-15 20:33:13.948049

4awmw8tqyxa >> Image Returned >> 2020-09-15 20:33:13.952588

4awmw8tqyxa >> End >> 2020-09-15 20:33:14.131105

o85gmvyn863 >> Start >> 2020-09-15 20:33:43.442107

o85gmvyn863 >> Image Returned >> 2020-09-15 20:33:43.445307

o85gmvyn863 >> End >> 2020-09-15 20:33:43.607629

ekzmivmvwp5 >> Start >> 2020-09-15 20:35:26.567981

ekzmivmvwp5 >> Image Returned >> 2020-09-15 20:35:26.572830

ekzmivmvwp5 >> End >> 2020-09-15 20:35:26.745022

5wwr06xukbv >> Start >> 2020-09-15 20:39:47.270528

5wwr06xukbv >> Image Returned >> 2020-09-15 20:39:47.273653

5wwr06xukbv >> End >> 2020-09-15 20:39:47.432758

5ajxifip3te >> Start >> 2020-09-15 20:40:15.642450

5ajxifip3te >> Image Returned >> 2020-09-15 20:40:15.645322

5ajxifip3te >> End >> 2020-09-15 20:40:15.805423

qenqkw54t8f >> Start >> 2020-09-15 20:43:24.255135

qenqkw54t8f >> Image Returned >> 2020-09-15 20:43:24.258774

qenqkw54t8f >> End >> 2020-09-15 20:43:24.416296

hw4xdwejc3g >> Start >> 2020-09-15 20:43:52.305907

hw4xdwejc3g >> Image Returned >> 2020-09-15 20:43:52.308700

hw4xdwejc3g >> End >> 2020-09-15 20:43:52.471858

dbqaug0jdx0 >> Start >> 2020-09-15 20:44:15.833105

dbqaug0jdx0 >> Image Returned >> 2020-09-15 20:44:15.835994

dbqaug0jdx0 >> End >> 2020-09-15 20:44:16.008258

y5or2vamr0s >> Start >> 2020-09-15 20:59:04.350140

y5or2vamr0s >> Image Returned >> 2020-09-15 20:59:04.353445

y5or2vamr0s >> End >> 2020-09-15 20:59:04.515579

6oc0oo86wch >> Start >> 2020-09-15 21:09:38.103893

6oc0oo86wch >> Image Returned >> 2020-09-15 21:09:38.109340

6oc0oo86wch >> End >> 2020-09-15 21:09:38.257493

57kdeowd3cs >> Start >> 2020-09-15 21:10:02.393444

57kdeowd3cs >> Image Returned >> 2020-09-15 21:10:02.396300

57kdeowd3cs >> End >> 2020-09-15 21:10:02.591255

atixko7cj74 >> Start >> 2020-09-15 21:11:49.244297

atixko7cj74 >> Image Returned >> 2020-09-15 21:11:49.247718

atixko7cj74 >> End >> 2020-09-15 21:11:49.412214

jf3bue04pa8 >> Start >> 2020-09-15 21:12:55.617656

jf3bue04pa8 >> Image Returned >> 2020-09-15 21:12:55.620979

jf3bue04pa8 >> End >> 2020-09-15 21:12:55.776134

an5n4c7pemy >> Start >> 2020-09-15 21:20:49.165182

an5n4c7pemy >> Image Returned >> 2020-09-15 21:20:49.168565

an5n4c7pemy >> End >> 2020-09-15 21:20:49.326567

2wkoqnsp6g8 >> Start >> 2020-09-15 21:22:00.649580

2wkoqnsp6g8 >> Image Returned >> 2020-09-15 21:22:00.652947

2wkoqnsp6g8 >> End >> 2020-09-15 21:22:00.808314

ymdq6cwrm7s >> Start >> 2020-09-15 21:26:47.956734

ymdq6cwrm7s >> Image Returned >> 2020-09-15 21:26:47.959862

ymdq6cwrm7s >> End >> 2020-09-15 21:26:48.120943

ep26putkj8d >> Start >> 2020-09-15 21:27:06.635819

ep26putkj8d >> Image Returned >> 2020-09-15 21:27:06.638679

ep26putkj8d >> End >> 2020-09-15 21:27:06.794157

tpp32qxnzt4 >> Start >> 2020-09-15 21:38:04.350332

tpp32qxnzt4 >> Image Returned >> 2020-09-15 21:38:04.353252

tpp32qxnzt4 >> End >> 2020-09-15 21:38:04.509747

yw0odxgnzni >> Start >> 2020-09-15 21:38:42.394018

yw0odxgnzni >> Image Returned >> 2020-09-15 21:38:42.397147

yw0odxgnzni >> End >> 2020-09-15 21:38:42.569483

jco8e6h2gtp >> Start >> 2020-09-15 21:39:22.471107

jco8e6h2gtp >> Image Returned >> 2020-09-15 21:39:22.474405

jco8e6h2gtp >> End >> 2020-09-15 21:39:22.623548

n3ahrakm3o2 >> Start >> 2020-09-15 21:42:13.946686

n3ahrakm3o2 >> Image Returned >> 2020-09-15 21:42:13.950321

n3ahrakm3o2 >> End >> 2020-09-15 21:42:14.106600

zwt75h8ksti >> Start >> 2020-09-15 21:47:45.765167

zwt75h8ksti >> Image Returned >> 2020-09-15 21:47:45.768508

zwt75h8ksti >> End >> 2020-09-15 21:47:45.957374

insge6tnhks >> Start >> 2020-09-15 21:55:49.728440

insge6tnhks >> Image Returned >> 2020-09-15 21:55:49.731647

insge6tnhks >> End >> 2020-09-15 21:55:49.888313

4natomtjjwx >> Start >> 2020-09-15 21:58:01.497447

4natomtjjwx >> Image Returned >> 2020-09-15 21:58:01.501290

4natomtjjwx >> End >> 2020-09-15 21:58:01.654098

paf3iuvkcsq >> Start >> 2020-09-15 22:03:54.227216

paf3iuvkcsq >> Image Returned >> 2020-09-15 22:03:54.230561

paf3iuvkcsq >> End >> 2020-09-15 22:03:54.387737

g3p6ejp7xvq >> Start >> 2020-09-15 22:04:27.943095

g3p6ejp7xvq >> Image Returned >> 2020-09-15 22:04:27.946600

g3p6ejp7xvq >> End >> 2020-09-15 22:04:28.098449

sursb0c4yun >> Start >> 2020-09-15 22:17:16.043958

sursb0c4yun >> Image Returned >> 2020-09-15 22:17:16.046863

sursb0c4yun >> End >> 2020-09-15 22:17:16.204977

fo8nikvrjpb >> Start >> 2020-09-15 22:17:27.609051

fo8nikvrjpb >> Image Returned >> 2020-09-15 22:17:27.609529

fo8nikvrjpb >> End >> 2020-09-15 22:17:27.770369

aax85y0tnzc >> Start >> 2020-09-15 22:17:29.107104

aax85y0tnzc >> Image Returned >> 2020-09-15 22:17:29.107676

aax85y0tnzc >> End >> 2020-09-15 22:17:29.283399

zx5cihupaed >> Start >> 2020-09-15 22:21:15.756175

zx5cihupaed >> Image Returned >> 2020-09-15 22:21:15.759610

zx5cihupaed >> End >> 2020-09-15 22:21:15.917033

03tw8vtt0ce >> Start >> 2020-09-15 22:44:09.808378

03tw8vtt0ce >> Image Returned >> 2020-09-15 22:44:09.812535

03tw8vtt0ce >> End >> 2020-09-15 22:44:09.966619

ksv04crxnim >> Start >> 2020-09-15 22:45:04.866636

ksv04crxnim >> Image Returned >> 2020-09-15 22:45:04.869764

ksv04crxnim >> End >> 2020-09-15 22:45:05.023432

53b4p4xsn6p >> Start >> 2020-09-15 22:47:08.303174

53b4p4xsn6p >> Image Returned >> 2020-09-15 22:47:08.306476

53b4p4xsn6p >> End >> 2020-09-15 22:47:08.467952

q5gczvpq6a5 >> Start >> 2020-09-15 23:09:32.747817

q5gczvpq6a5 >> Image Returned >> 2020-09-15 23:09:32.751765

q5gczvpq6a5 >> End >> 2020-09-15 23:09:32.916610

mvgjoefeaov >> Start >> 2020-09-15 23:09:43.401043

mvgjoefeaov >> Image Returned >> 2020-09-15 23:09:43.401345

mvgjoefeaov >> End >> 2020-09-15 23:09:43.528809

nmwtvuhxa0g >> Start >> 2020-09-15 23:11:26.853374

nmwtvuhxa0g >> Image Returned >> 2020-09-15 23:11:26.857285

nmwtvuhxa0g >> End >> 2020-09-15 23:11:26.986639

vqvpk0dng5i >> Start >> 2020-09-15 23:12:16.574505

vqvpk0dng5i >> Image Returned >> 2020-09-15 23:12:16.577406

vqvpk0dng5i >> End >> 2020-09-15 23:12:16.732773

8cpvzv5ezg3 >> Start >> 2020-09-15 23:16:08.684914

8cpvzv5ezg3 >> Image Returned >> 2020-09-15 23:16:08.687985

8cpvzv5ezg3 >> End >> 2020-09-15 23:16:08.845815

sxah8adokz0 >> Start >> 2020-09-15 23:16:21.381472

sxah8adokz0 >> Image Returned >> 2020-09-15 23:16:21.384409

sxah8adokz0 >> End >> 2020-09-15 23:16:21.570895

gdtkr40eeee >> Start >> 2020-09-15 23:19:17.185702

gdtkr40eeee >> Image Returned >> 2020-09-15 23:19:17.189241

gdtkr40eeee >> End >> 2020-09-15 23:19:17.361752

ddit2epix3v >> Start >> 2020-09-15 23:20:12.848532

ddit2epix3v >> Image Returned >> 2020-09-15 23:20:12.851564

ddit2epix3v >> End >> 2020-09-15 23:20:13.009946

h0t6bzkfyf6 >> Start >> 2020-09-15 23:52:14.757720

h0t6bzkfyf6 >> Image Returned >> 2020-09-15 23:52:14.760845

h0t6bzkfyf6 >> End >> 2020-09-15 23:52:14.951236

f62ebfvmow8 >> Start >> 2020-09-15 23:52:51.528276

f62ebfvmow8 >> Image Returned >> 2020-09-15 23:52:51.531677

f62ebfvmow8 >> End >> 2020-09-15 23:52:51.689692

be7wxo7qcpa >> Start >> 2020-09-15 23:54:58.247761

be7wxo7qcpa >> Image Returned >> 2020-09-15 23:54:58.251060

be7wxo7qcpa >> End >> 2020-09-15 23:54:58.414155

