e8g3bqnn8wo >> Start >> 2020-06-23 02:11:15.952122

e8g3bqnn8wo >> Image Returned >> 2020-06-23 02:11:15.956542

e8g3bqnn8wo >> End >> 2020-06-23 02:11:15.974195

vyoginax8mi >> Start >> 2020-06-23 02:22:27.966350

vyoginax8mi >> Image Returned >> 2020-06-23 02:22:27.968833

vyoginax8mi >> End >> 2020-06-23 02:22:27.990314

n4wqkd0g8wn >> Start >> 2020-06-23 05:30:14.231367

n4wqkd0g8wn >> Image Returned >> 2020-06-23 05:30:14.235157

n4wqkd0g8wn >> End >> 2020-06-23 05:30:14.248516

r5hapawuum2 >> Start >> 2020-06-23 06:24:03.357870

r5hapawuum2 >> Image Returned >> 2020-06-23 06:24:03.360774

r5hapawuum2 >> End >> 2020-06-23 06:24:03.374022

4d6qgvhpyk7 >> Start >> 2020-06-23 07:33:25.020366

4d6qgvhpyk7 >> Image Returned >> 2020-06-23 07:33:25.023123

4d6qgvhpyk7 >> End >> 2020-06-23 07:33:25.034928

2spb2apc3nt >> Start >> 2020-06-23 09:57:54.349009

2spb2apc3nt >> Image Returned >> 2020-06-23 09:57:54.351721

2spb2apc3nt >> End >> 2020-06-23 09:57:54.367456

sxofx8nizur >> Start >> 2020-06-23 13:00:45.637082

sxofx8nizur >> Image Returned >> 2020-06-23 13:00:45.639972

sxofx8nizur >> End >> 2020-06-23 13:00:45.651597

tfdmjz5mpnj >> Start >> 2020-06-23 14:16:39.490355

tfdmjz5mpnj >> Image Returned >> 2020-06-23 14:16:39.493379

tfdmjz5mpnj >> End >> 2020-06-23 14:16:39.513895

7wgrqr76fha >> Start >> 2020-06-23 14:30:06.970630

7wgrqr76fha >> Image Returned >> 2020-06-23 14:30:06.973932

7wgrqr76fha >> End >> 2020-06-23 14:30:06.988857

ra5w6cdoud6 >> Start >> 2020-06-23 21:25:37.000437

ra5w6cdoud6 >> Image Returned >> 2020-06-23 21:25:37.004266

ra5w6cdoud6 >> End >> 2020-06-23 21:25:37.015607

hwn4084ta26 >> Start >> 2020-06-23 22:23:51.747908

hwn4084ta26 >> Image Returned >> 2020-06-23 22:23:51.751986

hwn4084ta26 >> End >> 2020-06-23 22:23:51.769052

di6ykpse0tb >> Start >> 2020-06-23 23:26:40.358267

di6ykpse0tb >> Image Returned >> 2020-06-23 23:26:40.361864

di6ykpse0tb >> End >> 2020-06-23 23:26:40.374437

