y3duyttvrq5 >> Start >> 2020-09-14 00:02:33.438901

y3duyttvrq5 >> Image Returned >> 2020-09-14 00:02:33.445030

y3duyttvrq5 >> End >> 2020-09-14 00:02:33.613354

urgsqsqkeog >> Start >> 2020-09-14 00:20:57.693964

urgsqsqkeog >> Image Returned >> 2020-09-14 00:20:57.700803

urgsqsqkeog >> End >> 2020-09-14 00:20:57.856268

rjdqckiktff >> Start >> 2020-09-14 00:52:35.051724

rjdqckiktff >> Image Returned >> 2020-09-14 00:52:35.058048

rjdqckiktff >> End >> 2020-09-14 00:52:35.213080

xe7eaafdrxc >> Start >> 2020-09-14 00:53:58.164906

xe7eaafdrxc >> Image Returned >> 2020-09-14 00:53:58.170105

xe7eaafdrxc >> End >> 2020-09-14 00:53:58.337338

a7bdbzt5ndw >> Start >> 2020-09-14 00:57:24.384244

a7bdbzt5ndw >> Image Returned >> 2020-09-14 00:57:24.388382

a7bdbzt5ndw >> End >> 2020-09-14 00:57:24.539386

zwfcd7pg537 >> Start >> 2020-09-14 00:58:03.011672

zwfcd7pg537 >> Image Returned >> 2020-09-14 00:58:03.015707

zwfcd7pg537 >> End >> 2020-09-14 00:58:03.167010

2a54b650foq >> Start >> 2020-09-14 01:25:15.697571

2a54b650foq >> Image Returned >> 2020-09-14 01:25:15.700364

2a54b650foq >> End >> 2020-09-14 01:25:15.859736

c2huvhruoyn >> Start >> 2020-09-14 01:39:28.265120

c2huvhruoyn >> Image Returned >> 2020-09-14 01:39:28.267839

c2huvhruoyn >> End >> 2020-09-14 01:39:28.396476

ye2s2u7knvw >> Start >> 2020-09-14 01:53:06.999156

ye2s2u7knvw >> Image Returned >> 2020-09-14 01:53:07.002090

ye2s2u7knvw >> End >> 2020-09-14 01:53:07.164184

euxpka8ueqx >> Start >> 2020-09-14 02:03:22.013113

euxpka8ueqx >> Image Returned >> 2020-09-14 02:03:22.015974

euxpka8ueqx >> End >> 2020-09-14 02:03:22.172166

cn2sigd524r >> Start >> 2020-09-14 02:16:01.395203

cn2sigd524r >> Image Returned >> 2020-09-14 02:16:01.398268

cn2sigd524r >> End >> 2020-09-14 02:16:01.573373

4vwux37nq7e >> Start >> 2020-09-14 02:20:43.923137

4vwux37nq7e >> Image Returned >> 2020-09-14 02:20:43.926846

4vwux37nq7e >> End >> 2020-09-14 02:20:44.057152

ho3qku465x6 >> Start >> 2020-09-14 02:27:44.179934

ho3qku465x6 >> Image Returned >> 2020-09-14 02:27:44.182745

ho3qku465x6 >> End >> 2020-09-14 02:27:44.353063

thfe44i85sz >> Start >> 2020-09-14 02:49:17.564904

thfe44i85sz >> Image Returned >> 2020-09-14 02:49:17.570869

thfe44i85sz >> End >> 2020-09-14 02:49:17.726257

hrrjz4w5yrh >> Start >> 2020-09-14 02:52:23.486160

hrrjz4w5yrh >> Image Returned >> 2020-09-14 02:52:23.490328

hrrjz4w5yrh >> End >> 2020-09-14 02:52:23.643948

3vkxaisagtg >> Start >> 2020-09-14 03:06:28.896151

3vkxaisagtg >> Image Returned >> 2020-09-14 03:06:28.899259

3vkxaisagtg >> End >> 2020-09-14 03:06:29.073678

5wonssd8vcm >> Start >> 2020-09-14 03:06:41.354340

5wonssd8vcm >> Image Returned >> 2020-09-14 03:06:41.357147

5wonssd8vcm >> End >> 2020-09-14 03:06:41.514226

werjtqxv4f8 >> Start >> 2020-09-14 03:24:43.313832

werjtqxv4f8 >> Image Returned >> 2020-09-14 03:24:43.316672

werjtqxv4f8 >> End >> 2020-09-14 03:24:43.483506

bnzrns4fnan >> Start >> 2020-09-14 04:04:02.324595

bnzrns4fnan >> Image Returned >> 2020-09-14 04:04:02.327779

bnzrns4fnan >> End >> 2020-09-14 04:04:02.493477

vm70xbio55z >> Start >> 2020-09-14 04:08:45.552314

vm70xbio55z >> Image Returned >> 2020-09-14 04:08:45.555454

vm70xbio55z >> End >> 2020-09-14 04:08:45.715188

hbku05uw2oj >> Start >> 2020-09-14 04:42:42.361908

hbku05uw2oj >> Image Returned >> 2020-09-14 04:42:42.365139

hbku05uw2oj >> End >> 2020-09-14 04:42:42.522167

v0c6tbxpu3p >> Start >> 2020-09-14 04:43:34.446245

v0c6tbxpu3p >> Image Returned >> 2020-09-14 04:43:34.451025

v0c6tbxpu3p >> End >> 2020-09-14 04:43:34.620069

tntww73dba6 >> Start >> 2020-09-14 04:56:00.555949

tntww73dba6 >> Image Returned >> 2020-09-14 04:56:00.559077

tntww73dba6 >> End >> 2020-09-14 04:56:00.712282

eq8mib3td6f >> Start >> 2020-09-14 05:23:56.277296

eq8mib3td6f >> Image Returned >> 2020-09-14 05:23:56.280390

eq8mib3td6f >> End >> 2020-09-14 05:23:56.435827

qq4heqfb5sz >> Start >> 2020-09-14 05:28:36.311614

qq4heqfb5sz >> Image Returned >> 2020-09-14 05:28:36.314640

qq4heqfb5sz >> End >> 2020-09-14 05:28:36.465379

u0cccjjownq >> Start >> 2020-09-14 05:33:23.713304

u0cccjjownq >> Image Returned >> 2020-09-14 05:33:23.716594

u0cccjjownq >> End >> 2020-09-14 05:33:23.874448

rkizagv0rwe >> Start >> 2020-09-14 05:55:38.910031

rkizagv0rwe >> Image Returned >> 2020-09-14 05:55:38.913016

rkizagv0rwe >> End >> 2020-09-14 05:55:39.067975

zvy4zfkp6n2 >> Start >> 2020-09-14 06:00:22.768057

zvy4zfkp6n2 >> Image Returned >> 2020-09-14 06:00:22.771272

zvy4zfkp6n2 >> End >> 2020-09-14 06:00:22.929725

36u3pgf27d6 >> Start >> 2020-09-14 06:08:45.159718

36u3pgf27d6 >> Image Returned >> 2020-09-14 06:08:45.162736

36u3pgf27d6 >> End >> 2020-09-14 06:08:45.324626

r2mmk62u5vo >> Start >> 2020-09-14 06:11:46.190704

r2mmk62u5vo >> Image Returned >> 2020-09-14 06:11:46.195310

r2mmk62u5vo >> End >> 2020-09-14 06:11:46.352984

4uhxn48v0ya >> Start >> 2020-09-14 06:16:02.787955

4uhxn48v0ya >> Image Returned >> 2020-09-14 06:16:02.791126

4uhxn48v0ya >> End >> 2020-09-14 06:16:02.947293

vzm8ksku22z >> Start >> 2020-09-14 06:17:24.451807

vzm8ksku22z >> Image Returned >> 2020-09-14 06:17:24.455910

vzm8ksku22z >> End >> 2020-09-14 06:17:24.620244

imdvytj5be8 >> Start >> 2020-09-14 06:36:55.973395

imdvytj5be8 >> Image Returned >> 2020-09-14 06:36:55.976706

imdvytj5be8 >> End >> 2020-09-14 06:36:56.131366

v64igayrzp7 >> Start >> 2020-09-14 06:56:56.232711

v64igayrzp7 >> Image Returned >> 2020-09-14 06:56:56.236207

v64igayrzp7 >> End >> 2020-09-14 06:56:56.394376

uy0u32waaof >> Start >> 2020-09-14 07:08:35.334641

uy0u32waaof >> Image Returned >> 2020-09-14 07:08:35.338691

uy0u32waaof >> End >> 2020-09-14 07:08:35.490170

nymdzfta4fa >> Start >> 2020-09-14 07:13:53.396599

nymdzfta4fa >> Image Returned >> 2020-09-14 07:13:53.399564

nymdzfta4fa >> End >> 2020-09-14 07:13:53.555651

u7yw2tf6ijz >> Start >> 2020-09-14 07:15:28.858237

u7yw2tf6ijz >> Image Returned >> 2020-09-14 07:15:28.862257

u7yw2tf6ijz >> End >> 2020-09-14 07:15:29.017416

3hnjyivhwwh >> Start >> 2020-09-14 07:15:53.804501

3hnjyivhwwh >> Image Returned >> 2020-09-14 07:15:53.807506

3hnjyivhwwh >> End >> 2020-09-14 07:15:53.938961

yjezep2mqx8 >> Start >> 2020-09-14 07:17:18.485722

yjezep2mqx8 >> Image Returned >> 2020-09-14 07:17:18.489473

yjezep2mqx8 >> End >> 2020-09-14 07:17:18.644831

6ceqh8yt5hq >> Start >> 2020-09-14 07:20:47.563596

6ceqh8yt5hq >> Image Returned >> 2020-09-14 07:20:47.567125

6ceqh8yt5hq >> End >> 2020-09-14 07:20:47.721245

0ni353nrtjn >> Start >> 2020-09-14 07:21:01.587204

0ni353nrtjn >> Image Returned >> 2020-09-14 07:21:01.590218

0ni353nrtjn >> End >> 2020-09-14 07:21:01.738678

454fse4r8qc >> Start >> 2020-09-14 07:21:28.992963

454fse4r8qc >> Image Returned >> 2020-09-14 07:21:28.996123

454fse4r8qc >> End >> 2020-09-14 07:21:29.152189

vfpc7vxgyhh >> Start >> 2020-09-14 07:36:07.977247

vfpc7vxgyhh >> Image Returned >> 2020-09-14 07:36:07.980474

vfpc7vxgyhh >> End >> 2020-09-14 07:36:08.165405

eigwfo48xfs >> Start >> 2020-09-14 07:36:40.794162

eigwfo48xfs >> Image Returned >> 2020-09-14 07:36:40.797275

eigwfo48xfs >> End >> 2020-09-14 07:36:40.987760

s02hppcdmku >> Start >> 2020-09-14 07:41:20.740709

s02hppcdmku >> Image Returned >> 2020-09-14 07:41:20.744339

s02hppcdmku >> End >> 2020-09-14 07:41:20.908976

ef0suuk8au7 >> Start >> 2020-09-14 07:44:36.661192

ef0suuk8au7 >> Image Returned >> 2020-09-14 07:44:36.665407

ef0suuk8au7 >> End >> 2020-09-14 07:44:36.819555

dx4muznti4h >> Start >> 2020-09-14 07:52:06.415179

dx4muznti4h >> Image Returned >> 2020-09-14 07:52:06.418653

dx4muznti4h >> End >> 2020-09-14 07:52:06.574492

zzexau7j2yn >> Start >> 2020-09-14 07:52:36.725128

zzexau7j2yn >> Image Returned >> 2020-09-14 07:52:36.728177

zzexau7j2yn >> End >> 2020-09-14 07:52:36.884722

ort7codro3x >> Start >> 2020-09-14 07:52:53.068120

ort7codro3x >> Image Returned >> 2020-09-14 07:52:53.071142

ort7codro3x >> End >> 2020-09-14 07:52:53.222955

a8rj0hzkmft >> Start >> 2020-09-14 08:12:37.530075

a8rj0hzkmft >> Image Returned >> 2020-09-14 08:12:37.533520

a8rj0hzkmft >> End >> 2020-09-14 08:12:37.694211

h2hxatq0trb >> Start >> 2020-09-14 08:13:45.217283

h2hxatq0trb >> Image Returned >> 2020-09-14 08:13:45.222295

h2hxatq0trb >> End >> 2020-09-14 08:13:45.391640

derbcqeytg7 >> Start >> 2020-09-14 08:32:15.766395

derbcqeytg7 >> Image Returned >> 2020-09-14 08:32:15.770064

derbcqeytg7 >> End >> 2020-09-14 08:32:15.921945

7cnz8fvd3qf >> Start >> 2020-09-14 09:01:02.499944

7cnz8fvd3qf >> Image Returned >> 2020-09-14 09:01:02.503124

7cnz8fvd3qf >> End >> 2020-09-14 09:01:02.659393

nfm5dq4ic2k >> Start >> 2020-09-14 09:12:37.337609

nfm5dq4ic2k >> Image Returned >> 2020-09-14 09:12:37.340754

nfm5dq4ic2k >> End >> 2020-09-14 09:12:37.525904

0i7yycr3fcz >> Start >> 2020-09-14 09:15:01.453123

0i7yycr3fcz >> Image Returned >> 2020-09-14 09:15:01.456379

0i7yycr3fcz >> End >> 2020-09-14 09:15:01.611416

3yqw6g6oiy7 >> Start >> 2020-09-14 09:18:27.363249

3yqw6g6oiy7 >> Image Returned >> 2020-09-14 09:18:27.366853

3yqw6g6oiy7 >> End >> 2020-09-14 09:18:27.533150

hcj7rokg0v6 >> Start >> 2020-09-14 09:18:52.388027

hcj7rokg0v6 >> Image Returned >> 2020-09-14 09:18:52.392066

hcj7rokg0v6 >> End >> 2020-09-14 09:18:52.548532

pjixt27z8tr >> Start >> 2020-09-14 09:26:07.613133

pjixt27z8tr >> Image Returned >> 2020-09-14 09:26:07.616302

pjixt27z8tr >> End >> 2020-09-14 09:26:07.771127

azngw6kcf3g >> Start >> 2020-09-14 09:45:05.841820

azngw6kcf3g >> Image Returned >> 2020-09-14 09:45:05.845025

azngw6kcf3g >> End >> 2020-09-14 09:45:06.008678

hjgpdvypokv >> Start >> 2020-09-14 09:45:15.542059

hjgpdvypokv >> Image Returned >> 2020-09-14 09:45:15.542412

hjgpdvypokv >> End >> 2020-09-14 09:45:15.693828

8zjcohg7vkc >> Start >> 2020-09-14 09:45:19.000519

8zjcohg7vkc >> Image Returned >> 2020-09-14 09:45:19.000808

8zjcohg7vkc >> End >> 2020-09-14 09:45:19.167506

ni76b23apdf >> Start >> 2020-09-14 09:45:19.240024

ni76b23apdf >> Image Returned >> 2020-09-14 09:45:19.240360

ni76b23apdf >> End >> 2020-09-14 09:45:19.403637

xaq4akbrfbt >> Start >> 2020-09-14 09:45:43.314245

xaq4akbrfbt >> Image Returned >> 2020-09-14 09:45:43.317305

xaq4akbrfbt >> End >> 2020-09-14 09:45:43.472934

fcojwjrqoa4 >> Start >> 2020-09-14 09:45:51.213903

fcojwjrqoa4 >> Image Returned >> 2020-09-14 09:45:51.214201

fcojwjrqoa4 >> End >> 2020-09-14 09:45:51.376844

2tu4t0k4p60 >> Start >> 2020-09-14 09:46:05.007302

2tu4t0k4p60 >> Image Returned >> 2020-09-14 09:46:05.010451

2tu4t0k4p60 >> End >> 2020-09-14 09:46:05.185352

0sg53srpkgs >> Start >> 2020-09-14 09:46:05.288485

0sg53srpkgs >> Image Returned >> 2020-09-14 09:46:05.288896

0sg53srpkgs >> End >> 2020-09-14 09:46:05.457590

vrvf6vitot2 >> Start >> 2020-09-14 09:47:30.192040

vrvf6vitot2 >> Image Returned >> 2020-09-14 09:47:30.195528

vrvf6vitot2 >> End >> 2020-09-14 09:47:30.365364

u6jt5gqu26f >> Start >> 2020-09-14 09:55:23.455460

u6jt5gqu26f >> Image Returned >> 2020-09-14 09:55:23.459021

u6jt5gqu26f >> End >> 2020-09-14 09:55:23.626176

v8gtruo8ggd >> Start >> 2020-09-14 09:56:28.071809

v8gtruo8ggd >> Image Returned >> 2020-09-14 09:56:28.075306

v8gtruo8ggd >> End >> 2020-09-14 09:56:28.241700

0ya5scvi3ts >> Start >> 2020-09-14 09:59:58.040194

0ya5scvi3ts >> Image Returned >> 2020-09-14 09:59:58.044167

0ya5scvi3ts >> End >> 2020-09-14 09:59:58.250015

i3rhe2wr5vq >> Start >> 2020-09-14 10:03:39.666179

i3rhe2wr5vq >> Image Returned >> 2020-09-14 10:03:39.669543

i3rhe2wr5vq >> End >> 2020-09-14 10:03:39.820318

v0bnxscjqmm >> Start >> 2020-09-14 10:04:30.945702

v0bnxscjqmm >> Image Returned >> 2020-09-14 10:04:30.948863

v0bnxscjqmm >> End >> 2020-09-14 10:04:31.104854

imnqzvusyii >> Start >> 2020-09-14 10:05:41.203763

imnqzvusyii >> Image Returned >> 2020-09-14 10:05:41.206852

imnqzvusyii >> End >> 2020-09-14 10:05:41.366660

cvq4n5dw3fx >> Start >> 2020-09-14 10:05:52.767371

cvq4n5dw3fx >> Image Returned >> 2020-09-14 10:05:52.767674

cvq4n5dw3fx >> End >> 2020-09-14 10:05:52.929949

brj702p03xg >> Start >> 2020-09-14 10:10:00.397614

brj702p03xg >> Image Returned >> 2020-09-14 10:10:00.401050

brj702p03xg >> End >> 2020-09-14 10:10:00.558195

76hnjjn7a3g >> Start >> 2020-09-14 10:11:29.804495

76hnjjn7a3g >> Image Returned >> 2020-09-14 10:11:29.807965

76hnjjn7a3g >> End >> 2020-09-14 10:11:29.995560

kj0zwa6bpy2 >> Start >> 2020-09-14 10:11:45.336648

kj0zwa6bpy2 >> Image Returned >> 2020-09-14 10:11:45.339695

kj0zwa6bpy2 >> End >> 2020-09-14 10:11:45.494577

cdact567n4h >> Start >> 2020-09-14 10:16:43.369468

cdact567n4h >> Image Returned >> 2020-09-14 10:16:43.372544

cdact567n4h >> End >> 2020-09-14 10:16:43.532114

4hknz2u8pxf >> Start >> 2020-09-14 10:16:58.001606

4hknz2u8pxf >> Image Returned >> 2020-09-14 10:16:58.004699

4hknz2u8pxf >> End >> 2020-09-14 10:16:58.165992

xkrhbxajunt >> Start >> 2020-09-14 10:27:42.185602

xkrhbxajunt >> Image Returned >> 2020-09-14 10:27:42.188772

xkrhbxajunt >> End >> 2020-09-14 10:27:42.367938

n5f5ycnrga4 >> Start >> 2020-09-14 10:28:30.653173

n5f5ycnrga4 >> Image Returned >> 2020-09-14 10:28:30.656510

n5f5ycnrga4 >> End >> 2020-09-14 10:28:30.831501

o4tt7w675vg >> Start >> 2020-09-14 10:29:25.687072

o4tt7w675vg >> Image Returned >> 2020-09-14 10:29:25.690386

o4tt7w675vg >> End >> 2020-09-14 10:29:25.845614

3ytmswdmvnd >> Start >> 2020-09-14 10:37:20.194058

3ytmswdmvnd >> Image Returned >> 2020-09-14 10:37:20.198048

3ytmswdmvnd >> End >> 2020-09-14 10:37:20.359966

nfz8hkn4afa >> Start >> 2020-09-14 10:39:07.710326

nfz8hkn4afa >> Image Returned >> 2020-09-14 10:39:07.713407

nfz8hkn4afa >> End >> 2020-09-14 10:39:07.874783

jtyarg4qcj5 >> Start >> 2020-09-14 10:39:54.971982

jtyarg4qcj5 >> Image Returned >> 2020-09-14 10:39:54.975327

jtyarg4qcj5 >> End >> 2020-09-14 10:39:55.130495

0mah7yggtnb >> Start >> 2020-09-14 10:53:45.198410

0mah7yggtnb >> Image Returned >> 2020-09-14 10:53:45.202771

0mah7yggtnb >> End >> 2020-09-14 10:53:45.361619

3mvnnzm7ko8 >> Start >> 2020-09-14 10:58:02.186451

3mvnnzm7ko8 >> Image Returned >> 2020-09-14 10:58:02.189924

3mvnnzm7ko8 >> End >> 2020-09-14 10:58:02.348556

5xzwn0was3t >> Start >> 2020-09-14 11:01:29.454844

5xzwn0was3t >> Image Returned >> 2020-09-14 11:01:29.459820

5xzwn0was3t >> End >> 2020-09-14 11:01:29.616446

x6eg75nhpci >> Start >> 2020-09-14 11:02:11.524051

x6eg75nhpci >> Image Returned >> 2020-09-14 11:02:11.527123

x6eg75nhpci >> End >> 2020-09-14 11:02:11.681368

khrmzdyona5 >> Start >> 2020-09-14 11:13:09.210097

khrmzdyona5 >> Image Returned >> 2020-09-14 11:13:09.213232

khrmzdyona5 >> End >> 2020-09-14 11:13:09.389491

qwmcf47gb4v >> Start >> 2020-09-14 11:13:20.515366

qwmcf47gb4v >> Image Returned >> 2020-09-14 11:13:20.515712

qwmcf47gb4v >> End >> 2020-09-14 11:13:20.681616

0wgiuzjyjyk >> Start >> 2020-09-14 11:13:20.868536

0wgiuzjyjyk >> Image Returned >> 2020-09-14 11:13:20.868824

0wgiuzjyjyk >> End >> 2020-09-14 11:13:21.032584

gdth24ihqzq >> Start >> 2020-09-14 11:13:28.935465

gdth24ihqzq >> Image Returned >> 2020-09-14 11:13:28.935755

gdth24ihqzq >> End >> 2020-09-14 11:13:29.087657

d8e500mirm2 >> Start >> 2020-09-14 11:22:01.576636

d8e500mirm2 >> Image Returned >> 2020-09-14 11:22:01.580394

d8e500mirm2 >> End >> 2020-09-14 11:22:01.738567

rc2wcusxqc2 >> Start >> 2020-09-14 11:22:55.553520

rc2wcusxqc2 >> Image Returned >> 2020-09-14 11:22:55.556934

rc2wcusxqc2 >> End >> 2020-09-14 11:22:55.712111

pr6r8x8bkr3 >> Start >> 2020-09-14 11:27:17.552767

pr6r8x8bkr3 >> Image Returned >> 2020-09-14 11:27:17.556395

pr6r8x8bkr3 >> End >> 2020-09-14 11:27:17.712176

m746mfty2t8 >> Start >> 2020-09-14 11:28:11.844824

m746mfty2t8 >> Image Returned >> 2020-09-14 11:28:11.847940

m746mfty2t8 >> End >> 2020-09-14 11:28:12.005204

3wcryuy78pk >> Start >> 2020-09-14 11:47:53.647937

3wcryuy78pk >> Image Returned >> 2020-09-14 11:47:53.651693

3wcryuy78pk >> End >> 2020-09-14 11:47:53.805274

y0je2jjwrq7 >> Start >> 2020-09-14 11:48:08.389214

y0je2jjwrq7 >> Image Returned >> 2020-09-14 11:48:08.392364

y0je2jjwrq7 >> End >> 2020-09-14 11:48:08.556714

2mpeybpr7px >> Start >> 2020-09-14 11:48:10.710654

2mpeybpr7px >> Image Returned >> 2020-09-14 11:48:10.710959

2mpeybpr7px >> End >> 2020-09-14 11:48:10.881119

ugxvmxhf2pk >> Start >> 2020-09-14 11:48:47.750833

ugxvmxhf2pk >> Image Returned >> 2020-09-14 11:48:47.754138

ugxvmxhf2pk >> End >> 2020-09-14 11:48:47.909569

d66h6fiesoo >> Start >> 2020-09-14 11:55:58.640402

d66h6fiesoo >> Image Returned >> 2020-09-14 11:55:58.644232

d66h6fiesoo >> End >> 2020-09-14 11:55:58.808707

hna4gyizo2r >> Start >> 2020-09-14 11:59:09.518347

hna4gyizo2r >> Image Returned >> 2020-09-14 11:59:09.521842

hna4gyizo2r >> End >> 2020-09-14 11:59:09.674794

j58djunm5y8 >> Start >> 2020-09-14 11:59:47.138925

j58djunm5y8 >> Image Returned >> 2020-09-14 11:59:47.142312

j58djunm5y8 >> End >> 2020-09-14 11:59:47.301175

sfyjj37tjke >> Start >> 2020-09-14 12:04:00.648507

sfyjj37tjke >> Image Returned >> 2020-09-14 12:04:00.651941

sfyjj37tjke >> End >> 2020-09-14 12:04:00.813827

8jsuwy7t73v >> Start >> 2020-09-14 12:05:43.873373

8jsuwy7t73v >> Image Returned >> 2020-09-14 12:05:43.876775

8jsuwy7t73v >> End >> 2020-09-14 12:05:44.054723

s353zeg3nzv >> Start >> 2020-09-14 12:07:36.369493

s353zeg3nzv >> Image Returned >> 2020-09-14 12:07:36.373600

s353zeg3nzv >> End >> 2020-09-14 12:07:36.533096

ub8c7ed2orp >> Start >> 2020-09-14 12:10:01.709999

ub8c7ed2orp >> Image Returned >> 2020-09-14 12:10:01.713135

ub8c7ed2orp >> End >> 2020-09-14 12:10:01.900449

qyrxf3s2bnh >> Start >> 2020-09-14 12:12:21.184401

qyrxf3s2bnh >> Image Returned >> 2020-09-14 12:12:21.188091

qyrxf3s2bnh >> End >> 2020-09-14 12:12:21.343337

cgq64ztcmck >> Start >> 2020-09-14 12:13:03.636836

cgq64ztcmck >> Image Returned >> 2020-09-14 12:13:03.640005

cgq64ztcmck >> End >> 2020-09-14 12:13:03.797224

w8c57r6x3pp >> Start >> 2020-09-14 12:14:48.865075

w8c57r6x3pp >> Image Returned >> 2020-09-14 12:14:48.868551

w8c57r6x3pp >> End >> 2020-09-14 12:14:49.062524

xehkcs3s8cz >> Start >> 2020-09-14 12:14:49.524305

xehkcs3s8cz >> Image Returned >> 2020-09-14 12:14:49.524601

xehkcs3s8cz >> End >> 2020-09-14 12:14:49.697576

0mtck5i5vb8 >> Start >> 2020-09-14 12:16:24.653525

0mtck5i5vb8 >> Image Returned >> 2020-09-14 12:16:24.656960

0mtck5i5vb8 >> End >> 2020-09-14 12:16:24.816097

vyh8evj6633 >> Start >> 2020-09-14 12:17:11.335165

vyh8evj6633 >> Image Returned >> 2020-09-14 12:17:11.338279

vyh8evj6633 >> End >> 2020-09-14 12:17:11.500751

ofg0kgorj70 >> Start >> 2020-09-14 12:18:08.395093

ofg0kgorj70 >> Image Returned >> 2020-09-14 12:18:08.399939

ofg0kgorj70 >> End >> 2020-09-14 12:18:08.578144

8e3frzcriv3 >> Start >> 2020-09-14 12:24:44.884174

8e3frzcriv3 >> Image Returned >> 2020-09-14 12:24:44.887553

8e3frzcriv3 >> End >> 2020-09-14 12:24:45.050314

h4wvoh3pix8 >> Start >> 2020-09-14 12:25:03.756649

h4wvoh3pix8 >> Image Returned >> 2020-09-14 12:25:03.759743

h4wvoh3pix8 >> End >> 2020-09-14 12:25:03.927781

trt3y8hted7 >> Start >> 2020-09-14 12:26:42.168345

trt3y8hted7 >> Image Returned >> 2020-09-14 12:26:42.171785

trt3y8hted7 >> End >> 2020-09-14 12:26:42.319118

xei0e7bw6rn >> Start >> 2020-09-14 12:27:35.232490

xei0e7bw6rn >> Image Returned >> 2020-09-14 12:27:35.235915

xei0e7bw6rn >> End >> 2020-09-14 12:27:35.398039

bppe3uqavg0 >> Start >> 2020-09-14 12:29:31.550522

bppe3uqavg0 >> Image Returned >> 2020-09-14 12:29:31.553967

bppe3uqavg0 >> End >> 2020-09-14 12:29:31.709645

ige7vm05ndz >> Start >> 2020-09-14 12:34:08.590513

ige7vm05ndz >> Image Returned >> 2020-09-14 12:34:08.593637

ige7vm05ndz >> End >> 2020-09-14 12:34:08.757435

u55ebuarbww >> Start >> 2020-09-14 12:36:50.451517

u55ebuarbww >> Image Returned >> 2020-09-14 12:36:50.455303

u55ebuarbww >> End >> 2020-09-14 12:36:50.623249

zc5it58otg0 >> Start >> 2020-09-14 12:38:39.371849

zc5it58otg0 >> Image Returned >> 2020-09-14 12:38:39.375340

zc5it58otg0 >> End >> 2020-09-14 12:38:39.534595

8ar2ozdz78m >> Start >> 2020-09-14 12:39:55.853777

8ar2ozdz78m >> Image Returned >> 2020-09-14 12:39:55.856964

8ar2ozdz78m >> End >> 2020-09-14 12:39:56.025454

mgqkbdyri4a >> Start >> 2020-09-14 12:40:24.565105

mgqkbdyri4a >> Image Returned >> 2020-09-14 12:40:24.568950

mgqkbdyri4a >> End >> 2020-09-14 12:40:24.740346

c5xioactxtj >> Start >> 2020-09-14 12:42:50.058854

c5xioactxtj >> Image Returned >> 2020-09-14 12:42:50.061964

c5xioactxtj >> End >> 2020-09-14 12:42:50.229697

ojustbxudfa >> Start >> 2020-09-14 12:44:20.632931

ojustbxudfa >> Image Returned >> 2020-09-14 12:44:20.636357

ojustbxudfa >> End >> 2020-09-14 12:44:20.788392

cf26pbpjnwa >> Start >> 2020-09-14 12:46:44.159060

cf26pbpjnwa >> Image Returned >> 2020-09-14 12:46:44.162504

cf26pbpjnwa >> End >> 2020-09-14 12:46:44.335580

2i36bbsre02 >> Start >> 2020-09-14 12:46:58.652555

2i36bbsre02 >> Image Returned >> 2020-09-14 12:46:58.655741

2i36bbsre02 >> End >> 2020-09-14 12:46:58.783649

dyo3g6amfxz >> Start >> 2020-09-14 12:46:59.091455

dyo3g6amfxz >> Image Returned >> 2020-09-14 12:46:59.091742

dyo3g6amfxz >> End >> 2020-09-14 12:46:59.249722

v3msti24z6b >> Start >> 2020-09-14 12:52:35.543447

v3msti24z6b >> Image Returned >> 2020-09-14 12:52:35.546854

v3msti24z6b >> End >> 2020-09-14 12:52:35.703043

appy5n26h4b >> Start >> 2020-09-14 12:53:54.578702

appy5n26h4b >> Image Returned >> 2020-09-14 12:53:54.582115

appy5n26h4b >> End >> 2020-09-14 12:53:54.757678

fmktieavm5i >> Start >> 2020-09-14 12:55:04.732916

fmktieavm5i >> Image Returned >> 2020-09-14 12:55:04.736712

fmktieavm5i >> End >> 2020-09-14 12:55:04.907187

icmsjs0si8q >> Start >> 2020-09-14 13:01:40.621781

icmsjs0si8q >> Image Returned >> 2020-09-14 13:01:40.625257

icmsjs0si8q >> End >> 2020-09-14 13:01:40.802818

z6vqevu024x >> Start >> 2020-09-14 13:01:57.192819

z6vqevu024x >> Image Returned >> 2020-09-14 13:01:57.196024

z6vqevu024x >> End >> 2020-09-14 13:01:57.360474

seakpu72ytx >> Start >> 2020-09-14 13:07:45.166363

seakpu72ytx >> Image Returned >> 2020-09-14 13:07:45.170134

seakpu72ytx >> End >> 2020-09-14 13:07:45.376755

3527rzmyfhr >> Start >> 2020-09-14 13:08:53.803795

3527rzmyfhr >> Image Returned >> 2020-09-14 13:08:53.807199

3527rzmyfhr >> End >> 2020-09-14 13:08:53.959181

ebrfatdgyu2 >> Start >> 2020-09-14 13:10:53.948832

ebrfatdgyu2 >> Image Returned >> 2020-09-14 13:10:53.952395

ebrfatdgyu2 >> End >> 2020-09-14 13:10:54.106472

oagyzqfzpqb >> Start >> 2020-09-14 13:17:26.421139

oagyzqfzpqb >> Image Returned >> 2020-09-14 13:17:26.424617

oagyzqfzpqb >> End >> 2020-09-14 13:17:26.591308

3w536mvgebh >> Start >> 2020-09-14 13:17:36.870012

3w536mvgebh >> Image Returned >> 2020-09-14 13:17:36.870323

3w536mvgebh >> End >> 2020-09-14 13:17:37.021430

ncccedikxdh >> Start >> 2020-09-14 13:20:09.795198

ncccedikxdh >> Image Returned >> 2020-09-14 13:20:09.798417

ncccedikxdh >> End >> 2020-09-14 13:20:09.952853

zfexns3h6em >> Start >> 2020-09-14 13:26:16.023266

zfexns3h6em >> Image Returned >> 2020-09-14 13:26:16.026796

zfexns3h6em >> End >> 2020-09-14 13:26:16.197726

tbns3j87c35 >> Start >> 2020-09-14 13:27:37.529293

tbns3j87c35 >> Image Returned >> 2020-09-14 13:27:37.532434

tbns3j87c35 >> End >> 2020-09-14 13:27:37.694533

cg7wbks3b7d >> Start >> 2020-09-14 13:31:29.297842

cg7wbks3b7d >> Image Returned >> 2020-09-14 13:31:29.301389

cg7wbks3b7d >> End >> 2020-09-14 13:31:29.470635

o6tq8efzg33 >> Start >> 2020-09-14 13:35:14.003458

o6tq8efzg33 >> Image Returned >> 2020-09-14 13:35:14.007131

o6tq8efzg33 >> End >> 2020-09-14 13:35:14.177798

3grf5tiahfb >> Start >> 2020-09-14 13:35:26.875313

3grf5tiahfb >> Image Returned >> 2020-09-14 13:35:26.878966

3grf5tiahfb >> End >> 2020-09-14 13:35:27.038083

itkkrka8eek >> Start >> 2020-09-14 13:40:38.624902

itkkrka8eek >> Image Returned >> 2020-09-14 13:40:38.628554

itkkrka8eek >> End >> 2020-09-14 13:40:38.799195

60y8dstegpz >> Start >> 2020-09-14 13:43:37.473459

60y8dstegpz >> Image Returned >> 2020-09-14 13:43:37.477624

60y8dstegpz >> End >> 2020-09-14 13:43:37.636604

4qqqzknxea3 >> Start >> 2020-09-14 13:44:12.128470

4qqqzknxea3 >> Image Returned >> 2020-09-14 13:44:12.132631

4qqqzknxea3 >> End >> 2020-09-14 13:44:12.314536

rzug6qrfh2r >> Start >> 2020-09-14 13:47:38.072069

rzug6qrfh2r >> Image Returned >> 2020-09-14 13:47:38.075732

rzug6qrfh2r >> End >> 2020-09-14 13:47:38.248358

u4r4pyfobrq >> Start >> 2020-09-14 13:49:40.558526

u4r4pyfobrq >> Image Returned >> 2020-09-14 13:49:40.562055

u4r4pyfobrq >> End >> 2020-09-14 13:49:40.762530

u3b7oc7ekby >> Start >> 2020-09-14 13:49:56.205621

u3b7oc7ekby >> Image Returned >> 2020-09-14 13:49:56.209028

u3b7oc7ekby >> End >> 2020-09-14 13:49:56.375737

mhepfcyooen >> Start >> 2020-09-14 13:54:47.037997

mhepfcyooen >> Image Returned >> 2020-09-14 13:54:47.041645

mhepfcyooen >> End >> 2020-09-14 13:54:47.216046

8g67gswryt6 >> Start >> 2020-09-14 13:57:58.282411

8g67gswryt6 >> Image Returned >> 2020-09-14 13:57:58.286278

8g67gswryt6 >> End >> 2020-09-14 13:57:58.445048

xyvwgwaenaf >> Start >> 2020-09-14 13:59:03.182528

xyvwgwaenaf >> Image Returned >> 2020-09-14 13:59:03.186113

xyvwgwaenaf >> End >> 2020-09-14 13:59:03.341191

dhoca70uugo >> Start >> 2020-09-14 13:59:10.757236

dhoca70uugo >> Image Returned >> 2020-09-14 13:59:10.757545

dhoca70uugo >> End >> 2020-09-14 13:59:10.912584

gm855opyn3q >> Start >> 2020-09-14 14:01:14.579523

gm855opyn3q >> Image Returned >> 2020-09-14 14:01:14.582700

gm855opyn3q >> End >> 2020-09-14 14:01:14.760695

n8zr3cncx6e >> Start >> 2020-09-14 14:05:26.505985

n8zr3cncx6e >> Image Returned >> 2020-09-14 14:05:26.510479

n8zr3cncx6e >> End >> 2020-09-14 14:05:26.684000

iwpx456wu4r >> Start >> 2020-09-14 14:06:00.527225

iwpx456wu4r >> Image Returned >> 2020-09-14 14:06:00.530502

iwpx456wu4r >> End >> 2020-09-14 14:06:00.702203

0ssh35ryu3w >> Start >> 2020-09-14 14:11:03.558084

0ssh35ryu3w >> Image Returned >> 2020-09-14 14:11:03.561631

0ssh35ryu3w >> End >> 2020-09-14 14:11:03.729243

5ib3janfeb6 >> Start >> 2020-09-14 14:17:06.053900

5ib3janfeb6 >> Image Returned >> 2020-09-14 14:17:06.057215

5ib3janfeb6 >> End >> 2020-09-14 14:17:06.239406

fi32fbpyhmj >> Start >> 2020-09-14 14:21:35.061724

fi32fbpyhmj >> Image Returned >> 2020-09-14 14:21:35.065540

fi32fbpyhmj >> End >> 2020-09-14 14:21:35.233840

nbswuqy5ovd >> Start >> 2020-09-14 14:39:12.631851

nbswuqy5ovd >> Image Returned >> 2020-09-14 14:39:12.635036

nbswuqy5ovd >> End >> 2020-09-14 14:39:12.783380

ou7ihdd7yaq >> Start >> 2020-09-14 14:39:13.635647

ou7ihdd7yaq >> Image Returned >> 2020-09-14 14:39:13.635952

ou7ihdd7yaq >> End >> 2020-09-14 14:39:13.793483

0u2kmywtuv8 >> Start >> 2020-09-14 14:42:39.031021

0u2kmywtuv8 >> Image Returned >> 2020-09-14 14:42:39.034899

0u2kmywtuv8 >> End >> 2020-09-14 14:42:39.197355

28nmuqbkjsn >> Start >> 2020-09-14 14:44:23.170245

28nmuqbkjsn >> Image Returned >> 2020-09-14 14:44:23.175498

28nmuqbkjsn >> End >> 2020-09-14 14:44:23.339783

3gxdg5jb8io >> Start >> 2020-09-14 14:47:37.895950

3gxdg5jb8io >> Image Returned >> 2020-09-14 14:47:37.899925

3gxdg5jb8io >> End >> 2020-09-14 14:47:38.082413

qn8cejnmuxv >> Start >> 2020-09-14 14:55:48.120018

qn8cejnmuxv >> Image Returned >> 2020-09-14 14:55:48.123413

qn8cejnmuxv >> End >> 2020-09-14 14:55:48.287039

8bf2f8wf3ub >> Start >> 2020-09-14 14:56:50.869179

8bf2f8wf3ub >> Image Returned >> 2020-09-14 14:56:50.872617

8bf2f8wf3ub >> End >> 2020-09-14 14:56:51.037079

tez80atp54h >> Start >> 2020-09-14 14:58:47.747312

tez80atp54h >> Image Returned >> 2020-09-14 14:58:47.750850

tez80atp54h >> End >> 2020-09-14 14:58:47.918575

mda775uxm8i >> Start >> 2020-09-14 15:07:05.345293

mda775uxm8i >> Image Returned >> 2020-09-14 15:07:05.348992

mda775uxm8i >> End >> 2020-09-14 15:07:05.528662

36t27uazw5k >> Start >> 2020-09-14 15:10:43.250500

36t27uazw5k >> Image Returned >> 2020-09-14 15:10:43.254585

36t27uazw5k >> End >> 2020-09-14 15:10:43.429735

ux7wpktd5oo >> Start >> 2020-09-14 15:16:32.160271

ux7wpktd5oo >> Image Returned >> 2020-09-14 15:16:32.163676

ux7wpktd5oo >> End >> 2020-09-14 15:16:32.325428

4m67mis57xp >> Start >> 2020-09-14 15:17:02.173355

4m67mis57xp >> Image Returned >> 2020-09-14 15:17:02.176687

4m67mis57xp >> End >> 2020-09-14 15:17:02.332417

q50pgtw45u7 >> Start >> 2020-09-14 15:28:37.406186

q50pgtw45u7 >> Image Returned >> 2020-09-14 15:28:37.409718

q50pgtw45u7 >> End >> 2020-09-14 15:28:37.578958

f0wcqdnr7jn >> Start >> 2020-09-14 15:37:23.884437

f0wcqdnr7jn >> Image Returned >> 2020-09-14 15:37:23.888078

f0wcqdnr7jn >> End >> 2020-09-14 15:37:24.050833

zv5nbcs7ych >> Start >> 2020-09-14 15:37:27.095484

zv5nbcs7ych >> Image Returned >> 2020-09-14 15:37:27.095978

zv5nbcs7ych >> End >> 2020-09-14 15:37:27.249082

ff0xxzxn2k2 >> Start >> 2020-09-14 15:37:30.218169

ff0xxzxn2k2 >> Image Returned >> 2020-09-14 15:37:30.218496

ff0xxzxn2k2 >> End >> 2020-09-14 15:37:30.378793

obggn4tkqdb >> Start >> 2020-09-14 15:37:53.628503

obggn4tkqdb >> Image Returned >> 2020-09-14 15:37:53.632229

obggn4tkqdb >> End >> 2020-09-14 15:37:53.791969

ohksgjco35w >> Start >> 2020-09-14 15:38:54.085388

ohksgjco35w >> Image Returned >> 2020-09-14 15:38:54.088629

ohksgjco35w >> End >> 2020-09-14 15:38:54.246584

wqq5yriqzug >> Start >> 2020-09-14 15:39:04.850788

wqq5yriqzug >> Image Returned >> 2020-09-14 15:39:04.851095

wqq5yriqzug >> End >> 2020-09-14 15:39:05.008116

x54005k4k4f >> Start >> 2020-09-14 15:41:19.771235

x54005k4k4f >> Image Returned >> 2020-09-14 15:41:19.774487

x54005k4k4f >> End >> 2020-09-14 15:41:19.929336

7pyb03c04zd >> Start >> 2020-09-14 15:44:03.701000

7pyb03c04zd >> Image Returned >> 2020-09-14 15:44:03.705307

7pyb03c04zd >> End >> 2020-09-14 15:44:03.861347

kgatrqetswf >> Start >> 2020-09-14 15:47:17.424248

kgatrqetswf >> Image Returned >> 2020-09-14 15:47:17.427947

kgatrqetswf >> End >> 2020-09-14 15:47:17.589889

u5vb8vhzt8c >> Start >> 2020-09-14 15:49:32.728153

u5vb8vhzt8c >> Image Returned >> 2020-09-14 15:49:32.731734

u5vb8vhzt8c >> End >> 2020-09-14 15:49:32.900321

7vn7q8mku8o >> Start >> 2020-09-14 15:50:23.966968

7vn7q8mku8o >> Image Returned >> 2020-09-14 15:50:23.970242

7vn7q8mku8o >> End >> 2020-09-14 15:50:24.157059

yzdsptst7fg >> Start >> 2020-09-14 15:55:15.518920

yzdsptst7fg >> Image Returned >> 2020-09-14 15:55:15.523287

yzdsptst7fg >> End >> 2020-09-14 15:55:15.679045

bx8otsmbioy >> Start >> 2020-09-14 15:58:28.489830

bx8otsmbioy >> Image Returned >> 2020-09-14 15:58:28.493136

bx8otsmbioy >> End >> 2020-09-14 15:58:28.644715

hmzdtdbmnos >> Start >> 2020-09-14 15:59:36.296741

hmzdtdbmnos >> Image Returned >> 2020-09-14 15:59:36.300554

hmzdtdbmnos >> End >> 2020-09-14 15:59:36.463367

zgfushn7cwh >> Start >> 2020-09-14 16:01:38.119215

zgfushn7cwh >> Image Returned >> 2020-09-14 16:01:38.123410

zgfushn7cwh >> End >> 2020-09-14 16:01:38.312743

7f2yvqqxrpw >> Start >> 2020-09-14 16:01:45.949925

7f2yvqqxrpw >> Image Returned >> 2020-09-14 16:01:45.950238

7f2yvqqxrpw >> End >> 2020-09-14 16:01:46.128442

ni2k0pmcx7r >> Start >> 2020-09-14 16:05:59.026118

ni2k0pmcx7r >> Image Returned >> 2020-09-14 16:05:59.030395

ni2k0pmcx7r >> End >> 2020-09-14 16:05:59.186167

iote3txafce >> Start >> 2020-09-14 16:12:31.272427

iote3txafce >> Image Returned >> 2020-09-14 16:12:31.277132

iote3txafce >> End >> 2020-09-14 16:12:31.441507

ovmamurt75h >> Start >> 2020-09-14 16:25:16.493530

ovmamurt75h >> Image Returned >> 2020-09-14 16:25:16.497232

ovmamurt75h >> End >> 2020-09-14 16:25:16.661045

rt8t0iwzgty >> Start >> 2020-09-14 16:27:51.548129

rt8t0iwzgty >> Image Returned >> 2020-09-14 16:27:51.551549

rt8t0iwzgty >> End >> 2020-09-14 16:27:51.716296

ymek4zpdi34 >> Start >> 2020-09-14 16:32:05.550470

ymek4zpdi34 >> Image Returned >> 2020-09-14 16:32:05.553966

ymek4zpdi34 >> End >> 2020-09-14 16:32:05.712197

mvyae4zxg6g >> Start >> 2020-09-14 16:34:41.183078

mvyae4zxg6g >> Image Returned >> 2020-09-14 16:34:41.186969

mvyae4zxg6g >> End >> 2020-09-14 16:34:41.339718

to2wzju34xo >> Start >> 2020-09-14 16:37:54.305995

to2wzju34xo >> Image Returned >> 2020-09-14 16:37:54.310081

to2wzju34xo >> End >> 2020-09-14 16:37:54.462582

80ea0b4swaq >> Start >> 2020-09-14 16:40:32.917136

80ea0b4swaq >> Image Returned >> 2020-09-14 16:40:32.921381

80ea0b4swaq >> End >> 2020-09-14 16:40:33.087774

y0jumd4cmvv >> Start >> 2020-09-14 16:44:20.551498

y0jumd4cmvv >> Image Returned >> 2020-09-14 16:44:20.554759

y0jumd4cmvv >> End >> 2020-09-14 16:44:20.721776

wcarcb675r6 >> Start >> 2020-09-14 16:45:06.411103

wcarcb675r6 >> Image Returned >> 2020-09-14 16:45:06.414715

wcarcb675r6 >> End >> 2020-09-14 16:45:06.572782

p4nhfoupfyj >> Start >> 2020-09-14 16:53:51.365514

p4nhfoupfyj >> Image Returned >> 2020-09-14 16:53:51.368892

p4nhfoupfyj >> End >> 2020-09-14 16:53:51.536062

q0t22gp4i7k >> Start >> 2020-09-14 16:58:04.240673

q0t22gp4i7k >> Image Returned >> 2020-09-14 16:58:04.244959

q0t22gp4i7k >> End >> 2020-09-14 16:58:04.410197

j47a47cf2o7 >> Start >> 2020-09-14 16:58:21.391357

j47a47cf2o7 >> Image Returned >> 2020-09-14 16:58:21.394575

j47a47cf2o7 >> End >> 2020-09-14 16:58:21.555691

stz4qn48s2c >> Start >> 2020-09-14 17:06:31.143868

stz4qn48s2c >> Image Returned >> 2020-09-14 17:06:31.147126

stz4qn48s2c >> End >> 2020-09-14 17:06:31.334151

4b3p7esmx5q >> Start >> 2020-09-14 17:09:10.217981

4b3p7esmx5q >> Image Returned >> 2020-09-14 17:09:10.222269

4b3p7esmx5q >> End >> 2020-09-14 17:09:10.388905

k8ofhd3d26i >> Start >> 2020-09-14 17:09:27.733867

k8ofhd3d26i >> Image Returned >> 2020-09-14 17:09:27.738854

k8ofhd3d26i >> End >> 2020-09-14 17:09:27.907958

t7v6x6yusku >> Start >> 2020-09-14 17:13:37.449713

t7v6x6yusku >> Image Returned >> 2020-09-14 17:13:37.454056

t7v6x6yusku >> End >> 2020-09-14 17:13:37.609647

vf2rvahif65 >> Start >> 2020-09-14 17:14:53.320930

vf2rvahif65 >> Image Returned >> 2020-09-14 17:14:53.324605

vf2rvahif65 >> End >> 2020-09-14 17:14:53.492959

gqnhu02x0v6 >> Start >> 2020-09-14 17:18:41.628406

gqnhu02x0v6 >> Image Returned >> 2020-09-14 17:18:41.634864

gqnhu02x0v6 >> End >> 2020-09-14 17:18:41.787626

88ybogwre66 >> Start >> 2020-09-14 17:22:38.082451

88ybogwre66 >> Image Returned >> 2020-09-14 17:22:38.090504

88ybogwre66 >> End >> 2020-09-14 17:22:38.259493

aj6ns52jrfb >> Start >> 2020-09-14 17:22:39.907049

aj6ns52jrfb >> Image Returned >> 2020-09-14 17:22:39.907341

aj6ns52jrfb >> End >> 2020-09-14 17:22:40.100085

5ehqy578enr >> Start >> 2020-09-14 17:24:42.917882

5ehqy578enr >> Image Returned >> 2020-09-14 17:24:42.921489

5ehqy578enr >> End >> 2020-09-14 17:24:43.083607

5yoo7rxe6aq >> Start >> 2020-09-14 17:25:21.018362

5yoo7rxe6aq >> Image Returned >> 2020-09-14 17:25:21.021965

5yoo7rxe6aq >> End >> 2020-09-14 17:25:21.175561

um0yfjvgrz0 >> Start >> 2020-09-14 17:29:39.550689

um0yfjvgrz0 >> Image Returned >> 2020-09-14 17:29:39.555674

um0yfjvgrz0 >> End >> 2020-09-14 17:29:39.722651

k8wvmaxko3q >> Start >> 2020-09-14 17:30:15.315557

k8wvmaxko3q >> Image Returned >> 2020-09-14 17:30:15.319022

k8wvmaxko3q >> End >> 2020-09-14 17:30:15.489985

vz57grr7zw3 >> Start >> 2020-09-14 17:33:56.437402

vz57grr7zw3 >> Image Returned >> 2020-09-14 17:33:56.441329

vz57grr7zw3 >> End >> 2020-09-14 17:33:56.597611

82giifajzqy >> Start >> 2020-09-14 17:36:29.217292

82giifajzqy >> Image Returned >> 2020-09-14 17:36:29.220671

82giifajzqy >> End >> 2020-09-14 17:36:29.380616

4ds3fsqkh83 >> Start >> 2020-09-14 17:40:34.829678

4ds3fsqkh83 >> Image Returned >> 2020-09-14 17:40:34.833743

4ds3fsqkh83 >> End >> 2020-09-14 17:40:34.987292

6rdo26jc5bp >> Start >> 2020-09-14 17:46:02.242942

6rdo26jc5bp >> Image Returned >> 2020-09-14 17:46:02.246530

6rdo26jc5bp >> End >> 2020-09-14 17:46:02.403959

283grbcvq6n >> Start >> 2020-09-14 17:49:16.909044

283grbcvq6n >> Image Returned >> 2020-09-14 17:49:16.913140

283grbcvq6n >> End >> 2020-09-14 17:49:17.071327

yv8ifys2ico >> Start >> 2020-09-14 17:49:44.878055

yv8ifys2ico >> Image Returned >> 2020-09-14 17:49:44.881704

yv8ifys2ico >> End >> 2020-09-14 17:49:45.038253

tspuuyemcgf >> Start >> 2020-09-14 17:56:27.199240

tspuuyemcgf >> Image Returned >> 2020-09-14 17:56:27.202939

tspuuyemcgf >> End >> 2020-09-14 17:56:27.392529

gnehocfbgt2 >> Start >> 2020-09-14 17:58:37.756313

gnehocfbgt2 >> Image Returned >> 2020-09-14 17:58:37.760425

gnehocfbgt2 >> End >> 2020-09-14 17:58:37.941905

wfbq7r3d6wm >> Start >> 2020-09-14 18:03:30.272955

wfbq7r3d6wm >> Image Returned >> 2020-09-14 18:03:30.276329

wfbq7r3d6wm >> End >> 2020-09-14 18:03:30.443041

mfqiontovxx >> Start >> 2020-09-14 18:04:28.121310

mfqiontovxx >> Image Returned >> 2020-09-14 18:04:28.125055

mfqiontovxx >> End >> 2020-09-14 18:04:28.294965

w8z7s2r2u4k >> Start >> 2020-09-14 18:06:29.362854

w8z7s2r2u4k >> Image Returned >> 2020-09-14 18:06:29.366117

w8z7s2r2u4k >> End >> 2020-09-14 18:06:29.523113

ghrea36xzwq >> Start >> 2020-09-14 18:06:43.859666

ghrea36xzwq >> Image Returned >> 2020-09-14 18:06:43.863236

ghrea36xzwq >> End >> 2020-09-14 18:06:44.026669

qjwrvzi3kiz >> Start >> 2020-09-14 18:12:02.827003

qjwrvzi3kiz >> Image Returned >> 2020-09-14 18:12:02.830781

qjwrvzi3kiz >> End >> 2020-09-14 18:12:02.998313

tz8xc0b2jgg >> Start >> 2020-09-14 18:13:54.951232

tz8xc0b2jgg >> Image Returned >> 2020-09-14 18:13:54.954582

tz8xc0b2jgg >> End >> 2020-09-14 18:13:55.122737

3yp073fmxeq >> Start >> 2020-09-14 18:14:35.388986

3yp073fmxeq >> Image Returned >> 2020-09-14 18:14:35.392784

3yp073fmxeq >> End >> 2020-09-14 18:14:35.586477

z5s8f48qe7r >> Start >> 2020-09-14 18:14:56.320965

z5s8f48qe7r >> Image Returned >> 2020-09-14 18:14:56.324285

z5s8f48qe7r >> End >> 2020-09-14 18:14:56.482070

onngoscg3qn >> Start >> 2020-09-14 18:16:34.122670

onngoscg3qn >> Image Returned >> 2020-09-14 18:16:34.126039

onngoscg3qn >> End >> 2020-09-14 18:16:34.285938

6z0qjy7pikc >> Start >> 2020-09-14 18:24:47.048861

6z0qjy7pikc >> Image Returned >> 2020-09-14 18:24:47.053080

6z0qjy7pikc >> End >> 2020-09-14 18:24:47.214065

3t6e37qffhp >> Start >> 2020-09-14 18:25:07.795439

3t6e37qffhp >> Image Returned >> 2020-09-14 18:25:07.798705

3t6e37qffhp >> End >> 2020-09-14 18:25:08.002417

xcjge0oekcw >> Start >> 2020-09-14 18:25:19.449867

xcjge0oekcw >> Image Returned >> 2020-09-14 18:25:19.453146

xcjge0oekcw >> End >> 2020-09-14 18:25:19.610279

s0v57nkongx >> Start >> 2020-09-14 18:27:41.583072

s0v57nkongx >> Image Returned >> 2020-09-14 18:27:41.587125

s0v57nkongx >> End >> 2020-09-14 18:27:41.773422

q6pjxdfxoup >> Start >> 2020-09-14 18:28:34.842978

q6pjxdfxoup >> Image Returned >> 2020-09-14 18:28:34.847073

q6pjxdfxoup >> End >> 2020-09-14 18:28:35.025985

jadnjjay4qh >> Start >> 2020-09-14 18:28:42.310439

jadnjjay4qh >> Image Returned >> 2020-09-14 18:28:42.310743

jadnjjay4qh >> End >> 2020-09-14 18:28:42.471363

4geznopptic >> Start >> 2020-09-14 18:31:40.179934

4geznopptic >> Image Returned >> 2020-09-14 18:31:40.183702

4geznopptic >> End >> 2020-09-14 18:31:40.356353

7q6a6inraej >> Start >> 2020-09-14 18:32:16.369219

7q6a6inraej >> Image Returned >> 2020-09-14 18:32:16.372528

7q6a6inraej >> End >> 2020-09-14 18:32:16.544977

xqvg8ij4ane >> Start >> 2020-09-14 18:52:09.033620

xqvg8ij4ane >> Image Returned >> 2020-09-14 18:52:09.039187

xqvg8ij4ane >> End >> 2020-09-14 18:52:09.195667

zbjfuaapi2r >> Start >> 2020-09-14 18:55:42.966974

zbjfuaapi2r >> Image Returned >> 2020-09-14 18:55:42.970691

zbjfuaapi2r >> End >> 2020-09-14 18:55:43.125117

5ecb0dbu5uy >> Start >> 2020-09-14 18:57:07.483696

5ecb0dbu5uy >> Image Returned >> 2020-09-14 18:57:07.487128

5ecb0dbu5uy >> End >> 2020-09-14 18:57:07.644526

puo4h7j6mre >> Start >> 2020-09-14 18:58:06.644656

puo4h7j6mre >> Image Returned >> 2020-09-14 18:58:06.648437

puo4h7j6mre >> End >> 2020-09-14 18:58:06.817998

puzkc5qbqjt >> Start >> 2020-09-14 18:58:20.943680

puzkc5qbqjt >> Image Returned >> 2020-09-14 18:58:20.946978

puzkc5qbqjt >> End >> 2020-09-14 18:58:21.115354

u6h343kfo43 >> Start >> 2020-09-14 19:00:41.329610

u6h343kfo43 >> Image Returned >> 2020-09-14 19:00:41.333424

u6h343kfo43 >> End >> 2020-09-14 19:00:41.495413

jzt8vemvihg >> Start >> 2020-09-14 19:04:42.859236

jzt8vemvihg >> Image Returned >> 2020-09-14 19:04:42.863008

jzt8vemvihg >> End >> 2020-09-14 19:04:43.025541

8a72e6zq5kr >> Start >> 2020-09-14 19:08:06.531918

8a72e6zq5kr >> Image Returned >> 2020-09-14 19:08:06.536045

8a72e6zq5kr >> End >> 2020-09-14 19:08:06.695044

vwy7rfomkhb >> Start >> 2020-09-14 19:10:16.662394

vwy7rfomkhb >> Image Returned >> 2020-09-14 19:10:16.665779

vwy7rfomkhb >> End >> 2020-09-14 19:10:16.823327

60rzo265g6g >> Start >> 2020-09-14 19:14:31.373055

60rzo265g6g >> Image Returned >> 2020-09-14 19:14:31.376777

60rzo265g6g >> End >> 2020-09-14 19:14:31.538844

6dvzuzpotrp >> Start >> 2020-09-14 19:14:38.835987

6dvzuzpotrp >> Image Returned >> 2020-09-14 19:14:38.836357

6dvzuzpotrp >> End >> 2020-09-14 19:14:38.993097

7x42asn0n50 >> Start >> 2020-09-14 19:22:25.971596

7x42asn0n50 >> Image Returned >> 2020-09-14 19:22:25.975004

7x42asn0n50 >> End >> 2020-09-14 19:22:26.132658

i0sfhypajc2 >> Start >> 2020-09-14 19:22:35.463171

i0sfhypajc2 >> Image Returned >> 2020-09-14 19:22:35.463525

i0sfhypajc2 >> End >> 2020-09-14 19:22:35.649353

sh8w6fbvaoc >> Start >> 2020-09-14 19:25:59.176794

sh8w6fbvaoc >> Image Returned >> 2020-09-14 19:25:59.182317

sh8w6fbvaoc >> End >> 2020-09-14 19:25:59.344511

7jveagnhcet >> Start >> 2020-09-14 19:28:46.352135

7jveagnhcet >> Image Returned >> 2020-09-14 19:28:46.356558

7jveagnhcet >> End >> 2020-09-14 19:28:46.513387

kcs84ccbu5h >> Start >> 2020-09-14 19:29:00.584639

kcs84ccbu5h >> Image Returned >> 2020-09-14 19:29:00.588126

kcs84ccbu5h >> End >> 2020-09-14 19:29:00.741539

h0hxyrrvgay >> Start >> 2020-09-14 19:29:17.504936

h0hxyrrvgay >> Image Returned >> 2020-09-14 19:29:17.508280

h0hxyrrvgay >> End >> 2020-09-14 19:29:17.668428

8mh6sp5gwip >> Start >> 2020-09-14 19:29:34.892422

8mh6sp5gwip >> Image Returned >> 2020-09-14 19:29:34.895723

8mh6sp5gwip >> End >> 2020-09-14 19:29:35.062335

z3mpqfkmdsj >> Start >> 2020-09-14 19:30:15.210197

z3mpqfkmdsj >> Image Returned >> 2020-09-14 19:30:15.214078

z3mpqfkmdsj >> End >> 2020-09-14 19:30:15.378813

rg7q2f0mmy0 >> Start >> 2020-09-14 19:34:25.836218

rg7q2f0mmy0 >> Image Returned >> 2020-09-14 19:34:25.839576

rg7q2f0mmy0 >> End >> 2020-09-14 19:34:25.998390

jzepnnredhq >> Start >> 2020-09-14 19:34:54.637006

jzepnnredhq >> Image Returned >> 2020-09-14 19:34:54.640544

jzepnnredhq >> End >> 2020-09-14 19:34:54.799061

2ed7xdkfwhn >> Start >> 2020-09-14 19:36:42.289699

2ed7xdkfwhn >> Image Returned >> 2020-09-14 19:36:42.293380

2ed7xdkfwhn >> End >> 2020-09-14 19:36:42.444664

7mq2bacyes7 >> Start >> 2020-09-14 19:38:03.239669

7mq2bacyes7 >> Image Returned >> 2020-09-14 19:38:03.244868

7mq2bacyes7 >> End >> 2020-09-14 19:38:03.402591

e54ub5dy8gn >> Start >> 2020-09-14 19:38:31.579096

e54ub5dy8gn >> Image Returned >> 2020-09-14 19:38:31.582408

e54ub5dy8gn >> End >> 2020-09-14 19:38:31.738980

j42tudhuivh >> Start >> 2020-09-14 19:39:12.822242

j42tudhuivh >> Image Returned >> 2020-09-14 19:39:12.825907

j42tudhuivh >> End >> 2020-09-14 19:39:12.998672

wg8q3xqm877 >> Start >> 2020-09-14 19:39:18.419488

wg8q3xqm877 >> Image Returned >> 2020-09-14 19:39:18.419786

wg8q3xqm877 >> End >> 2020-09-14 19:39:18.579550

fho3ghtac83 >> Start >> 2020-09-14 19:39:48.283529

fho3ghtac83 >> Image Returned >> 2020-09-14 19:39:48.287261

fho3ghtac83 >> End >> 2020-09-14 19:39:48.448815

mjnw2zjbfgj >> Start >> 2020-09-14 19:41:00.264602

mjnw2zjbfgj >> Image Returned >> 2020-09-14 19:41:00.268173

mjnw2zjbfgj >> End >> 2020-09-14 19:41:00.439623

bhnwtq0vtju >> Start >> 2020-09-14 19:46:12.599186

bhnwtq0vtju >> Image Returned >> 2020-09-14 19:46:12.602523

bhnwtq0vtju >> End >> 2020-09-14 19:46:12.762504

nj058ss7tpt >> Start >> 2020-09-14 19:48:09.412754

nj058ss7tpt >> Image Returned >> 2020-09-14 19:48:09.416163

nj058ss7tpt >> End >> 2020-09-14 19:48:09.575118

pktka66wns7 >> Start >> 2020-09-14 19:51:32.665422

pktka66wns7 >> Image Returned >> 2020-09-14 19:51:32.668831

pktka66wns7 >> End >> 2020-09-14 19:51:32.826456

kugbaz4dk38 >> Start >> 2020-09-14 19:51:40.043282

kugbaz4dk38 >> Image Returned >> 2020-09-14 19:51:40.043606

kugbaz4dk38 >> End >> 2020-09-14 19:51:40.197220

stuadbm4iwv >> Start >> 2020-09-14 19:54:14.049226

stuadbm4iwv >> Image Returned >> 2020-09-14 19:54:14.052757

stuadbm4iwv >> End >> 2020-09-14 19:54:14.207709

zttbkx26eh7 >> Start >> 2020-09-14 19:54:24.732245

zttbkx26eh7 >> Image Returned >> 2020-09-14 19:54:24.732541

zttbkx26eh7 >> End >> 2020-09-14 19:54:24.909466

o82p6bi24t5 >> Start >> 2020-09-14 19:54:53.806914

o82p6bi24t5 >> Image Returned >> 2020-09-14 19:54:53.811153

o82p6bi24t5 >> End >> 2020-09-14 19:54:53.973051

0ws5kv5qidm >> Start >> 2020-09-14 19:56:18.300117

0ws5kv5qidm >> Image Returned >> 2020-09-14 19:56:18.303647

0ws5kv5qidm >> End >> 2020-09-14 19:56:18.477832

de77obznod8 >> Start >> 2020-09-14 19:59:43.955715

de77obznod8 >> Image Returned >> 2020-09-14 19:59:43.961138

de77obznod8 >> End >> 2020-09-14 19:59:44.119602

6wywwyopmty >> Start >> 2020-09-14 20:00:23.178039

6wywwyopmty >> Image Returned >> 2020-09-14 20:00:23.181390

6wywwyopmty >> End >> 2020-09-14 20:00:23.347892

0fh37fd6j5j >> Start >> 2020-09-14 20:04:58.444036

0fh37fd6j5j >> Image Returned >> 2020-09-14 20:04:58.448329

0fh37fd6j5j >> End >> 2020-09-14 20:04:58.610301

kfmp8uhbwm5 >> Start >> 2020-09-14 20:05:11.582586

kfmp8uhbwm5 >> Image Returned >> 2020-09-14 20:05:11.585938

kfmp8uhbwm5 >> End >> 2020-09-14 20:05:11.742729

pxuxzk8tnih >> Start >> 2020-09-14 20:05:45.516422

pxuxzk8tnih >> Image Returned >> 2020-09-14 20:05:45.520258

pxuxzk8tnih >> End >> 2020-09-14 20:05:45.683217

r7wwj0mgiu0 >> Start >> 2020-09-14 20:13:34.222585

r7wwj0mgiu0 >> Image Returned >> 2020-09-14 20:13:34.226092

r7wwj0mgiu0 >> End >> 2020-09-14 20:13:34.385654

bwmrdjtxk4a >> Start >> 2020-09-14 20:13:53.903162

bwmrdjtxk4a >> Image Returned >> 2020-09-14 20:13:53.906864

bwmrdjtxk4a >> End >> 2020-09-14 20:13:54.067931

ck65w3c6zkv >> Start >> 2020-09-14 20:15:00.728590

ck65w3c6zkv >> Image Returned >> 2020-09-14 20:15:00.732302

ck65w3c6zkv >> End >> 2020-09-14 20:15:00.890470

yzkcvq5ymcu >> Start >> 2020-09-14 20:16:25.381483

yzkcvq5ymcu >> Image Returned >> 2020-09-14 20:16:25.384990

yzkcvq5ymcu >> End >> 2020-09-14 20:16:25.541472

hjfed7chibr >> Start >> 2020-09-14 20:24:38.821042

hjfed7chibr >> Image Returned >> 2020-09-14 20:24:38.825452

hjfed7chibr >> End >> 2020-09-14 20:24:38.984719

b74pzyukwfb >> Start >> 2020-09-14 20:46:08.029181

b74pzyukwfb >> Image Returned >> 2020-09-14 20:46:08.032653

b74pzyukwfb >> End >> 2020-09-14 20:46:08.193017

fe2ua8k3rkt >> Start >> 2020-09-14 20:46:28.851496

fe2ua8k3rkt >> Image Returned >> 2020-09-14 20:46:28.854840

fe2ua8k3rkt >> End >> 2020-09-14 20:46:29.011842

o0rvz5nkq33 >> Start >> 2020-09-14 20:46:52.119945

o0rvz5nkq33 >> Image Returned >> 2020-09-14 20:46:52.124454

o0rvz5nkq33 >> End >> 2020-09-14 20:46:52.292407

gu8jpe4o8rz >> Start >> 2020-09-14 20:51:08.130094

gu8jpe4o8rz >> Image Returned >> 2020-09-14 20:51:08.134844

gu8jpe4o8rz >> End >> 2020-09-14 20:51:08.297833

fk55s866roh >> Start >> 2020-09-14 20:55:56.662938

fk55s866roh >> Image Returned >> 2020-09-14 20:55:56.667308

fk55s866roh >> End >> 2020-09-14 20:55:56.801789

0bbw3kcdct3 >> Start >> 2020-09-14 21:03:23.853357

0bbw3kcdct3 >> Image Returned >> 2020-09-14 21:03:23.857245

0bbw3kcdct3 >> End >> 2020-09-14 21:03:24.023140

5q464j05pu8 >> Start >> 2020-09-14 21:04:08.653091

5q464j05pu8 >> Image Returned >> 2020-09-14 21:04:08.657080

5q464j05pu8 >> End >> 2020-09-14 21:04:08.813888

4kzfqd6b48v >> Start >> 2020-09-14 21:05:38.293606

4kzfqd6b48v >> Image Returned >> 2020-09-14 21:05:38.298441

4kzfqd6b48v >> End >> 2020-09-14 21:05:38.452179

r8e3qhujoyu >> Start >> 2020-09-14 21:07:32.116358

r8e3qhujoyu >> Image Returned >> 2020-09-14 21:07:32.120225

r8e3qhujoyu >> End >> 2020-09-14 21:07:32.285898

s7wqs5hrqib >> Start >> 2020-09-14 21:15:16.836464

s7wqs5hrqib >> Image Returned >> 2020-09-14 21:15:16.840807

s7wqs5hrqib >> End >> 2020-09-14 21:15:16.999852

mibh3qctv23 >> Start >> 2020-09-14 21:15:38.128695

mibh3qctv23 >> Image Returned >> 2020-09-14 21:15:38.132091

mibh3qctv23 >> End >> 2020-09-14 21:15:38.286072

g8dbcrpd2aw >> Start >> 2020-09-14 21:16:29.628593

g8dbcrpd2aw >> Image Returned >> 2020-09-14 21:16:29.632144

g8dbcrpd2aw >> End >> 2020-09-14 21:16:29.785660

0w8v3tgaon5 >> Start >> 2020-09-14 21:24:01.264780

0w8v3tgaon5 >> Image Returned >> 2020-09-14 21:24:01.269788

0w8v3tgaon5 >> End >> 2020-09-14 21:24:01.449851

3otjajchk8c >> Start >> 2020-09-14 21:27:51.336664

3otjajchk8c >> Image Returned >> 2020-09-14 21:27:51.343235

3otjajchk8c >> End >> 2020-09-14 21:27:51.506213

i2dpb5fo7qd >> Start >> 2020-09-14 21:31:20.829739

i2dpb5fo7qd >> Image Returned >> 2020-09-14 21:31:20.833229

i2dpb5fo7qd >> End >> 2020-09-14 21:31:20.991678

d5uzuq360kq >> Start >> 2020-09-14 21:32:23.302648

d5uzuq360kq >> Image Returned >> 2020-09-14 21:32:23.306390

d5uzuq360kq >> End >> 2020-09-14 21:32:23.464234

gkzyo74k3ib >> Start >> 2020-09-14 21:34:05.447494

gkzyo74k3ib >> Image Returned >> 2020-09-14 21:34:05.450865

gkzyo74k3ib >> End >> 2020-09-14 21:34:05.604588

0y3fnmhkquf >> Start >> 2020-09-14 21:39:13.295799

0y3fnmhkquf >> Image Returned >> 2020-09-14 21:39:13.299360

0y3fnmhkquf >> End >> 2020-09-14 21:39:13.457993

pguc28wfjjc >> Start >> 2020-09-14 21:43:23.522017

pguc28wfjjc >> Image Returned >> 2020-09-14 21:43:23.525528

pguc28wfjjc >> End >> 2020-09-14 21:43:23.687520

nanxvrume42 >> Start >> 2020-09-14 21:43:30.055730

nanxvrume42 >> Image Returned >> 2020-09-14 21:43:30.056052

nanxvrume42 >> End >> 2020-09-14 21:43:30.219208

w683h4tfovt >> Start >> 2020-09-14 21:44:59.856997

w683h4tfovt >> Image Returned >> 2020-09-14 21:44:59.860493

w683h4tfovt >> End >> 2020-09-14 21:45:00.036964

fmsk0gvi3fn >> Start >> 2020-09-14 21:46:12.517290

fmsk0gvi3fn >> Image Returned >> 2020-09-14 21:46:12.522186

fmsk0gvi3fn >> End >> 2020-09-14 21:46:12.723969

hwjguvx2u55 >> Start >> 2020-09-14 21:49:48.195734

hwjguvx2u55 >> Image Returned >> 2020-09-14 21:49:48.199687

hwjguvx2u55 >> End >> 2020-09-14 21:49:48.366306

oxkdesyn38b >> Start >> 2020-09-14 21:49:59.031011

oxkdesyn38b >> Image Returned >> 2020-09-14 21:49:59.031301

oxkdesyn38b >> End >> 2020-09-14 21:49:59.195992

bkspybbsdt3 >> Start >> 2020-09-14 21:49:59.477067

bkspybbsdt3 >> Image Returned >> 2020-09-14 21:49:59.477395

bkspybbsdt3 >> End >> 2020-09-14 21:49:59.648907

z5en4ervmyu >> Start >> 2020-09-14 21:49:59.709573

z5en4ervmyu >> Image Returned >> 2020-09-14 21:49:59.709887

z5en4ervmyu >> End >> 2020-09-14 21:49:59.877806

t0bcxu4nuij >> Start >> 2020-09-14 21:57:28.793124

t0bcxu4nuij >> Image Returned >> 2020-09-14 21:57:28.797590

t0bcxu4nuij >> End >> 2020-09-14 21:57:28.978353

fhqqu6dvdx5 >> Start >> 2020-09-14 22:00:51.302227

fhqqu6dvdx5 >> Image Returned >> 2020-09-14 22:00:51.306432

fhqqu6dvdx5 >> End >> 2020-09-14 22:00:51.465523

egrx8zw6awm >> Start >> 2020-09-14 22:03:38.172190

egrx8zw6awm >> Image Returned >> 2020-09-14 22:03:38.176107

egrx8zw6awm >> End >> 2020-09-14 22:03:38.340866

yh0x0uczec4 >> Start >> 2020-09-14 22:05:09.501493

yh0x0uczec4 >> Image Returned >> 2020-09-14 22:05:09.504982

yh0x0uczec4 >> End >> 2020-09-14 22:05:09.685936

yr7ih8jq83t >> Start >> 2020-09-14 22:16:17.064692

yr7ih8jq83t >> Image Returned >> 2020-09-14 22:16:17.068217

yr7ih8jq83t >> End >> 2020-09-14 22:16:17.236190

k3daaeuj26d >> Start >> 2020-09-14 22:16:31.981935

k3daaeuj26d >> Image Returned >> 2020-09-14 22:16:31.985457

k3daaeuj26d >> End >> 2020-09-14 22:16:32.142680

xwibshjrp6a >> Start >> 2020-09-14 22:21:12.640045

xwibshjrp6a >> Image Returned >> 2020-09-14 22:21:12.644392

xwibshjrp6a >> End >> 2020-09-14 22:21:12.798727

u6vzqmx8mb5 >> Start >> 2020-09-14 22:22:54.945826

u6vzqmx8mb5 >> Image Returned >> 2020-09-14 22:22:54.950212

u6vzqmx8mb5 >> End >> 2020-09-14 22:22:55.106621

eaeox5bsteq >> Start >> 2020-09-14 22:24:13.331784

eaeox5bsteq >> Image Returned >> 2020-09-14 22:24:13.335200

eaeox5bsteq >> End >> 2020-09-14 22:24:13.488811

z6bk3vs40ix >> Start >> 2020-09-14 22:33:12.075042

z6bk3vs40ix >> Image Returned >> 2020-09-14 22:33:12.079201

z6bk3vs40ix >> End >> 2020-09-14 22:33:12.238980

kskhypx6br6 >> Start >> 2020-09-14 22:49:12.543397

kskhypx6br6 >> Image Returned >> 2020-09-14 22:49:12.546890

kskhypx6br6 >> End >> 2020-09-14 22:49:12.705625

zr6db7x5kcj >> Start >> 2020-09-14 23:08:26.799174

zr6db7x5kcj >> Image Returned >> 2020-09-14 23:08:26.802941

zr6db7x5kcj >> End >> 2020-09-14 23:08:26.962666

0xwkt37wvti >> Start >> 2020-09-14 23:13:05.680946

0xwkt37wvti >> Image Returned >> 2020-09-14 23:13:05.684926

0xwkt37wvti >> End >> 2020-09-14 23:13:05.838900

mbk7yq7c5hh >> Start >> 2020-09-14 23:25:13.678989

mbk7yq7c5hh >> Image Returned >> 2020-09-14 23:25:13.682590

mbk7yq7c5hh >> End >> 2020-09-14 23:25:13.838769

bnajk048p5i >> Start >> 2020-09-14 23:27:37.130798

bnajk048p5i >> Image Returned >> 2020-09-14 23:27:37.134766

bnajk048p5i >> End >> 2020-09-14 23:27:37.289500

d8bsyb3kc8o >> Start >> 2020-09-14 23:40:05.524784

d8bsyb3kc8o >> Image Returned >> 2020-09-14 23:40:05.529119

d8bsyb3kc8o >> End >> 2020-09-14 23:40:05.691016

vw4gzm6atk5 >> Start >> 2020-09-14 23:52:36.646728

vw4gzm6atk5 >> Image Returned >> 2020-09-14 23:52:36.651283

vw4gzm6atk5 >> End >> 2020-09-14 23:52:36.808206

hbmw8p25qax >> Start >> 2020-09-14 23:55:17.005609

hbmw8p25qax >> Image Returned >> 2020-09-14 23:55:17.009145

hbmw8p25qax >> End >> 2020-09-14 23:55:17.161957

jj8j5jjroxc >> Start >> 2020-09-14 23:55:40.131206

jj8j5jjroxc >> Image Returned >> 2020-09-14 23:55:40.134882

jj8j5jjroxc >> End >> 2020-09-14 23:55:40.288605

ojoi7qv0iwr >> Start >> 2020-09-14 23:57:00.004966

ojoi7qv0iwr >> Image Returned >> 2020-09-14 23:57:00.008955

ojoi7qv0iwr >> End >> 2020-09-14 23:57:00.168848

