qewco4hb4mh >> Start >> 2020-05-21 08:05:18.231621

qewco4hb4mh >> Image Returned >> 2020-05-21 08:05:18.234879

idgn0oqhswb >> Start >> 2020-05-21 08:05:18.235646

idgn0oqhswb >> Image Returned >> 2020-05-21 08:05:18.238341

s43k70djad4 >> Start >> 2020-05-21 08:05:18.242700

s43k70djad4 >> Image Returned >> 2020-05-21 08:05:18.245424

wbip8mueqf0 >> Start >> 2020-05-21 08:05:18.251691

wbip8mueqf0 >> Image Returned >> 2020-05-21 08:05:18.254719

yijvru206pw >> Start >> 2020-05-21 08:05:18.252778

yijvru206pw >> Image Returned >> 2020-05-21 08:05:18.255095

0n30dfme3nf >> Start >> 2020-05-21 08:05:18.257638

0n30dfme3nf >> Image Returned >> 2020-05-21 08:05:18.259979

oc6uzdfkedm >> Start >> 2020-05-21 08:05:18.264967

oc6uzdfkedm >> Image Returned >> 2020-05-21 08:05:18.267443

qewco4hb4mh >> End >> 2020-05-21 08:05:18.269483

e2kehzeg5xd >> Start >> 2020-05-21 08:05:18.273245

e2kehzeg5xd >> Image Returned >> 2020-05-21 08:05:18.273489

f73b8z3whn2 >> Start >> 2020-05-21 08:05:18.272444

f73b8z3whn2 >> Image Returned >> 2020-05-21 08:05:18.274931

s43k70djad4 >> End >> 2020-05-21 08:05:18.276077

idgn0oqhswb >> End >> 2020-05-21 08:05:18.277487

0n30dfme3nf >> End >> 2020-05-21 08:05:18.284090

wbip8mueqf0 >> End >> 2020-05-21 08:05:18.286742

nnz5nz33fcp >> Start >> 2020-05-21 08:05:18.287419

nnz5nz33fcp >> Image Returned >> 2020-05-21 08:05:18.287730

yijvru206pw >> End >> 2020-05-21 08:05:18.290117

oc6uzdfkedm >> End >> 2020-05-21 08:05:18.296497

e2kehzeg5xd >> End >> 2020-05-21 08:05:18.298470

f73b8z3whn2 >> End >> 2020-05-21 08:05:18.300153

nnz5nz33fcp >> End >> 2020-05-21 08:05:18.305186

fedxebrez2d >> Start >> 2020-05-21 08:23:31.984848

fedxebrez2d >> Image Returned >> 2020-05-21 08:23:31.988023

33nnwajqvoh >> Start >> 2020-05-21 08:23:31.989490

33nnwajqvoh >> Image Returned >> 2020-05-21 08:23:31.992043

ejd2womcwrb >> Start >> 2020-05-21 08:23:31.997611

ejd2womcwrb >> Image Returned >> 2020-05-21 08:23:32.000197

bdgtwh0vkp5 >> Start >> 2020-05-21 08:23:31.999321

bdgtwh0vkp5 >> Image Returned >> 2020-05-21 08:23:32.001616

snxrkbtu6w6 >> Start >> 2020-05-21 08:23:32.009197

snxrkbtu6w6 >> Image Returned >> 2020-05-21 08:23:32.011708

rtfcw6g2bi7 >> Start >> 2020-05-21 08:23:32.011117

rtfcw6g2bi7 >> Image Returned >> 2020-05-21 08:23:32.013464

opoccgxwzmn >> Start >> 2020-05-21 08:23:32.014467

opoccgxwzmn >> Image Returned >> 2020-05-21 08:23:32.016673

6skbtz345w2 >> Start >> 2020-05-21 08:23:32.015638

6skbtz345w2 >> Image Returned >> 2020-05-21 08:23:32.017859

fedxebrez2d >> End >> 2020-05-21 08:23:32.018423

eqy6qwm6xp6 >> Start >> 2020-05-21 08:23:32.022485

eqy6qwm6xp6 >> Image Returned >> 2020-05-21 08:23:32.022702

ejd2womcwrb >> End >> 2020-05-21 08:23:32.026369

bdgtwh0vkp5 >> End >> 2020-05-21 08:23:32.030066

82be64nejvg >> Start >> 2020-05-21 08:23:32.035454

82be64nejvg >> Image Returned >> 2020-05-21 08:23:32.035696

33nnwajqvoh >> End >> 2020-05-21 08:23:32.036348

snxrkbtu6w6 >> End >> 2020-05-21 08:23:32.045916

opoccgxwzmn >> End >> 2020-05-21 08:23:32.047766

6skbtz345w2 >> End >> 2020-05-21 08:23:32.047847

rtfcw6g2bi7 >> End >> 2020-05-21 08:23:32.048576

eqy6qwm6xp6 >> End >> 2020-05-21 08:23:32.049285

82be64nejvg >> End >> 2020-05-21 08:23:32.056000

