se7fihykkpb >> Start >> 2020-08-21 00:05:57.046896

se7fihykkpb >> Image Returned >> 2020-08-21 00:05:57.051938

se7fihykkpb >> End >> 2020-08-21 00:05:57.205329

sgmijk3b2oe >> Start >> 2020-08-21 00:07:27.100498

sgmijk3b2oe >> Image Returned >> 2020-08-21 00:07:27.104958

sgmijk3b2oe >> End >> 2020-08-21 00:07:27.253717

j5m2nsi44wd >> Start >> 2020-08-21 00:07:39.242602

j5m2nsi44wd >> Image Returned >> 2020-08-21 00:07:39.246411

j5m2nsi44wd >> End >> 2020-08-21 00:07:39.396037

d70z32t46cx >> Start >> 2020-08-21 00:07:58.463331

d70z32t46cx >> Image Returned >> 2020-08-21 00:07:58.468197

d70z32t46cx >> End >> 2020-08-21 00:07:58.613804

e5v3oz3voxr >> Start >> 2020-08-21 00:11:40.874882

e5v3oz3voxr >> Image Returned >> 2020-08-21 00:11:40.880024

e5v3oz3voxr >> End >> 2020-08-21 00:11:41.021930

2habtdcv0qc >> Start >> 2020-08-21 00:17:54.981580

2habtdcv0qc >> Image Returned >> 2020-08-21 00:17:54.986335

2habtdcv0qc >> End >> 2020-08-21 00:17:55.142066

bzi87ksc2fo >> Start >> 2020-08-21 00:45:27.385210

bzi87ksc2fo >> Image Returned >> 2020-08-21 00:45:27.389040

bzi87ksc2fo >> End >> 2020-08-21 00:45:27.537199

czpntcggugf >> Start >> 2020-08-21 00:47:40.297693

czpntcggugf >> Image Returned >> 2020-08-21 00:47:40.301585

czpntcggugf >> End >> 2020-08-21 00:47:40.458076

555urxciotr >> Start >> 2020-08-21 00:54:45.337546

555urxciotr >> Image Returned >> 2020-08-21 00:54:45.341814

555urxciotr >> End >> 2020-08-21 00:54:45.488085

cbbwm7pgwxo >> Start >> 2020-08-21 00:55:04.284589

cbbwm7pgwxo >> Image Returned >> 2020-08-21 00:55:04.288532

cbbwm7pgwxo >> End >> 2020-08-21 00:55:04.441133

io5qkufyphg >> Start >> 2020-08-21 01:00:03.809190

io5qkufyphg >> Image Returned >> 2020-08-21 01:00:03.813996

io5qkufyphg >> End >> 2020-08-21 01:00:03.957541

3ka7200ui40 >> Start >> 2020-08-21 01:01:21.884124

3ka7200ui40 >> Image Returned >> 2020-08-21 01:01:21.888107

3ka7200ui40 >> End >> 2020-08-21 01:01:22.031243

yp373rqypkw >> Start >> 2020-08-21 01:01:33.867682

yp373rqypkw >> Image Returned >> 2020-08-21 01:01:33.871531

yp373rqypkw >> End >> 2020-08-21 01:01:34.083023

txypyq8zggv >> Start >> 2020-08-21 01:11:14.790743

txypyq8zggv >> Image Returned >> 2020-08-21 01:11:14.796216

txypyq8zggv >> End >> 2020-08-21 01:11:14.942392

pfwjvf764db >> Start >> 2020-08-21 01:13:50.785459

pfwjvf764db >> Image Returned >> 2020-08-21 01:13:50.790641

pfwjvf764db >> End >> 2020-08-21 01:13:50.932739

pw33wpmmdzg >> Start >> 2020-08-21 01:39:03.091341

pw33wpmmdzg >> Image Returned >> 2020-08-21 01:39:03.098213

pw33wpmmdzg >> End >> 2020-08-21 01:39:03.243307

dgbny7xafps >> Start >> 2020-08-21 02:51:46.523739

dgbny7xafps >> Image Returned >> 2020-08-21 02:51:46.531208

dgbny7xafps >> End >> 2020-08-21 02:51:46.676800

tprcd7vyjrj >> Start >> 2020-08-21 02:53:05.245834

tprcd7vyjrj >> Image Returned >> 2020-08-21 02:53:05.250642

tprcd7vyjrj >> End >> 2020-08-21 02:53:05.396665

2bk6ivysodi >> Start >> 2020-08-21 03:10:30.812237

2bk6ivysodi >> Image Returned >> 2020-08-21 03:10:30.816333

2bk6ivysodi >> End >> 2020-08-21 03:10:30.956989

8seqyv5z6hm >> Start >> 2020-08-21 03:10:56.110445

8seqyv5z6hm >> Image Returned >> 2020-08-21 03:10:56.116791

8seqyv5z6hm >> End >> 2020-08-21 03:10:56.256345

7zoumvdmwtx >> Start >> 2020-08-21 03:11:12.930524

7zoumvdmwtx >> Image Returned >> 2020-08-21 03:11:12.934310

7zoumvdmwtx >> End >> 2020-08-21 03:11:13.071631

4dqs63x4acb >> Start >> 2020-08-21 03:16:38.430368

4dqs63x4acb >> Image Returned >> 2020-08-21 03:16:38.434283

4dqs63x4acb >> End >> 2020-08-21 03:16:38.619031

niadbzo2bjs >> Start >> 2020-08-21 04:59:27.061685

niadbzo2bjs >> Image Returned >> 2020-08-21 04:59:27.067533

niadbzo2bjs >> End >> 2020-08-21 04:59:27.222137

apq4yquc2pj >> Start >> 2020-08-21 05:15:34.576584

apq4yquc2pj >> Image Returned >> 2020-08-21 05:15:34.580846

apq4yquc2pj >> End >> 2020-08-21 05:15:34.720417

md5vz830g3b >> Start >> 2020-08-21 05:17:08.821131

md5vz830g3b >> Image Returned >> 2020-08-21 05:17:08.825347

md5vz830g3b >> End >> 2020-08-21 05:17:08.970243

7sjtisc4xaa >> Start >> 2020-08-21 05:17:30.654906

7sjtisc4xaa >> Image Returned >> 2020-08-21 05:17:30.658505

7sjtisc4xaa >> End >> 2020-08-21 05:17:30.800944

8m3wpahpx6f >> Start >> 2020-08-21 05:32:36.397434

8m3wpahpx6f >> Image Returned >> 2020-08-21 05:32:36.401144

8m3wpahpx6f >> End >> 2020-08-21 05:32:36.543562

2wj0hps0hpd >> Start >> 2020-08-21 06:26:27.986402

2wj0hps0hpd >> Image Returned >> 2020-08-21 06:26:27.990947

2wj0hps0hpd >> End >> 2020-08-21 06:26:28.136425

8wn0ww7bwm5 >> Start >> 2020-08-21 07:02:31.766469

8wn0ww7bwm5 >> Image Returned >> 2020-08-21 07:02:31.770962

8wn0ww7bwm5 >> End >> 2020-08-21 07:02:31.914856

tauedw4rds3 >> Start >> 2020-08-21 07:13:51.121037

tauedw4rds3 >> Image Returned >> 2020-08-21 07:13:51.125154

tauedw4rds3 >> End >> 2020-08-21 07:13:51.271687

uwt5bpcgz73 >> Start >> 2020-08-21 07:38:00.601687

uwt5bpcgz73 >> Image Returned >> 2020-08-21 07:38:00.607331

uwt5bpcgz73 >> End >> 2020-08-21 07:38:00.750360

czx4rhnn3ic >> Start >> 2020-08-21 07:50:49.259809

czx4rhnn3ic >> Image Returned >> 2020-08-21 07:50:49.265311

czx4rhnn3ic >> End >> 2020-08-21 07:50:49.420205

x8tga3xu0yz >> Start >> 2020-08-21 08:50:50.196949

x8tga3xu0yz >> Image Returned >> 2020-08-21 08:50:50.201025

x8tga3xu0yz >> End >> 2020-08-21 08:50:50.345442

0apkfaqwgp5 >> Start >> 2020-08-21 09:04:37.632244

0apkfaqwgp5 >> Image Returned >> 2020-08-21 09:04:37.637622

0apkfaqwgp5 >> End >> 2020-08-21 09:04:37.779753

7gzyksf6p4w >> Start >> 2020-08-21 09:36:04.920893

7gzyksf6p4w >> Image Returned >> 2020-08-21 09:36:04.926399

7gzyksf6p4w >> End >> 2020-08-21 09:36:05.077846

b00pvwkwhzg >> Start >> 2020-08-21 09:36:22.188193

b00pvwkwhzg >> Image Returned >> 2020-08-21 09:36:22.191932

b00pvwkwhzg >> End >> 2020-08-21 09:36:22.343513

vcozfxeni6o >> Start >> 2020-08-21 09:36:22.402024

vcozfxeni6o >> Image Returned >> 2020-08-21 09:36:22.402313

vcozfxeni6o >> End >> 2020-08-21 09:36:22.552437

m7x7cuevfqe >> Start >> 2020-08-21 09:36:37.240885

m7x7cuevfqe >> Image Returned >> 2020-08-21 09:36:37.244676

m7x7cuevfqe >> End >> 2020-08-21 09:36:37.399200

k3wagu6vgjd >> Start >> 2020-08-21 09:39:52.906192

k3wagu6vgjd >> Image Returned >> 2020-08-21 09:39:52.909950

k3wagu6vgjd >> End >> 2020-08-21 09:39:53.073271

zrc0667x42h >> Start >> 2020-08-21 09:45:18.385150

zrc0667x42h >> Image Returned >> 2020-08-21 09:45:18.391334

zrc0667x42h >> End >> 2020-08-21 09:45:18.545747

3x26hveved3 >> Start >> 2020-08-21 09:53:37.996884

3x26hveved3 >> Image Returned >> 2020-08-21 09:53:38.003102

3x26hveved3 >> End >> 2020-08-21 09:53:38.151595

n4ti0xsk4ke >> Start >> 2020-08-21 09:56:52.635833

n4ti0xsk4ke >> Image Returned >> 2020-08-21 09:56:52.639612

n4ti0xsk4ke >> End >> 2020-08-21 09:56:52.784668

6odpkw2wqun >> Start >> 2020-08-21 10:11:21.501678

6odpkw2wqun >> Image Returned >> 2020-08-21 10:11:21.507436

6odpkw2wqun >> End >> 2020-08-21 10:11:21.667690

zwchrfwhtda >> Start >> 2020-08-21 10:16:34.637490

zwchrfwhtda >> Image Returned >> 2020-08-21 10:16:34.642262

zwchrfwhtda >> End >> 2020-08-21 10:16:34.795622

gkecqzwp7vq >> Start >> 2020-08-21 10:17:00.112199

gkecqzwp7vq >> Image Returned >> 2020-08-21 10:17:00.115910

gkecqzwp7vq >> End >> 2020-08-21 10:17:00.262888

fuki7qr0q3t >> Start >> 2020-08-21 10:17:15.005939

fuki7qr0q3t >> Image Returned >> 2020-08-21 10:17:15.010315

fuki7qr0q3t >> End >> 2020-08-21 10:17:15.162086

6jzsyc3dzb3 >> Start >> 2020-08-21 10:18:49.447151

6jzsyc3dzb3 >> Image Returned >> 2020-08-21 10:18:49.451786

6jzsyc3dzb3 >> End >> 2020-08-21 10:18:49.599302

4rb3ty72dir >> Start >> 2020-08-21 10:29:42.887135

4rb3ty72dir >> Image Returned >> 2020-08-21 10:29:42.891551

4rb3ty72dir >> End >> 2020-08-21 10:29:43.069823

f0j0mvrmwyx >> Start >> 2020-08-21 10:42:28.089534

f0j0mvrmwyx >> Image Returned >> 2020-08-21 10:42:28.094784

f0j0mvrmwyx >> End >> 2020-08-21 10:42:28.242527

k4vbggbeh6q >> Start >> 2020-08-21 10:57:49.560985

k4vbggbeh6q >> Image Returned >> 2020-08-21 10:57:49.566332

k4vbggbeh6q >> End >> 2020-08-21 10:57:49.713335

3njpb28yvf5 >> Start >> 2020-08-21 10:59:41.127115

3njpb28yvf5 >> Image Returned >> 2020-08-21 10:59:41.132028

3njpb28yvf5 >> End >> 2020-08-21 10:59:41.277657

20zajc3cgrv >> Start >> 2020-08-21 10:59:41.927500

20zajc3cgrv >> Image Returned >> 2020-08-21 10:59:41.927798

20zajc3cgrv >> End >> 2020-08-21 10:59:42.078502

7wmhgndayuc >> Start >> 2020-08-21 10:59:59.955146

7wmhgndayuc >> Image Returned >> 2020-08-21 10:59:59.958821

7wmhgndayuc >> End >> 2020-08-21 11:00:00.183569

wmobarjqmb7 >> Start >> 2020-08-21 11:02:22.696701

wmobarjqmb7 >> Image Returned >> 2020-08-21 11:02:22.702044

wmobarjqmb7 >> End >> 2020-08-21 11:02:22.856009

khh3dmkb4ne >> Start >> 2020-08-21 11:02:25.385737

khh3dmkb4ne >> Image Returned >> 2020-08-21 11:02:25.386101

khh3dmkb4ne >> End >> 2020-08-21 11:02:25.549906

iv8gnhva2uh >> Start >> 2020-08-21 11:02:52.424643

iv8gnhva2uh >> Image Returned >> 2020-08-21 11:02:52.428394

iv8gnhva2uh >> End >> 2020-08-21 11:02:52.585097

xx0fn402goi >> Start >> 2020-08-21 11:05:41.775814

xx0fn402goi >> Image Returned >> 2020-08-21 11:05:41.779632

xx0fn402goi >> End >> 2020-08-21 11:05:41.927087

twf5emqvedu >> Start >> 2020-08-21 11:28:15.306525

twf5emqvedu >> Image Returned >> 2020-08-21 11:28:15.312525

twf5emqvedu >> End >> 2020-08-21 11:28:15.470376

f46f3ftcoqz >> Start >> 2020-08-21 11:31:12.577718

f46f3ftcoqz >> Image Returned >> 2020-08-21 11:31:12.582499

f46f3ftcoqz >> End >> 2020-08-21 11:31:12.728382

vmgvswsoqjn >> Start >> 2020-08-21 11:32:32.863953

vmgvswsoqjn >> Image Returned >> 2020-08-21 11:32:32.870554

vmgvswsoqjn >> End >> 2020-08-21 11:32:33.021655

k2xga85ubc6 >> Start >> 2020-08-21 11:32:58.724375

k2xga85ubc6 >> Image Returned >> 2020-08-21 11:32:58.728178

k2xga85ubc6 >> End >> 2020-08-21 11:32:58.875508

hag5mevmggx >> Start >> 2020-08-21 11:34:04.582979

hag5mevmggx >> Image Returned >> 2020-08-21 11:34:04.586925

hag5mevmggx >> End >> 2020-08-21 11:34:04.751970

rwppqjc4hio >> Start >> 2020-08-21 11:43:44.324265

rwppqjc4hio >> Image Returned >> 2020-08-21 11:43:44.328685

rwppqjc4hio >> End >> 2020-08-21 11:43:44.534718

en6xwa04pvc >> Start >> 2020-08-21 11:47:36.390163

en6xwa04pvc >> Image Returned >> 2020-08-21 11:47:36.394761

en6xwa04pvc >> End >> 2020-08-21 11:47:36.553458

hy3nqyyiyoy >> Start >> 2020-08-21 11:54:33.130230

hy3nqyyiyoy >> Image Returned >> 2020-08-21 11:54:33.135304

hy3nqyyiyoy >> End >> 2020-08-21 11:54:33.287890

zko8nzxred6 >> Start >> 2020-08-21 12:07:16.982414

zko8nzxred6 >> Image Returned >> 2020-08-21 12:07:16.988240

zko8nzxred6 >> End >> 2020-08-21 12:07:17.133661

zec6jyo4xit >> Start >> 2020-08-21 12:11:59.471441

zec6jyo4xit >> Image Returned >> 2020-08-21 12:11:59.477216

zec6jyo4xit >> End >> 2020-08-21 12:11:59.681133

qyiyqspbhxv >> Start >> 2020-08-21 12:30:47.569772

qyiyqspbhxv >> Image Returned >> 2020-08-21 12:30:47.574748

qyiyqspbhxv >> End >> 2020-08-21 12:30:47.722018

bbxb8uiom2w >> Start >> 2020-08-21 12:34:02.785454

bbxb8uiom2w >> Image Returned >> 2020-08-21 12:34:02.789272

bbxb8uiom2w >> End >> 2020-08-21 12:34:02.938169

cbp86t0wj5p >> Start >> 2020-08-21 12:36:26.594367

cbp86t0wj5p >> Image Returned >> 2020-08-21 12:36:26.598270

cbp86t0wj5p >> End >> 2020-08-21 12:36:26.743732

8z0j8wdvmrm >> Start >> 2020-08-21 12:45:20.111021

8z0j8wdvmrm >> Image Returned >> 2020-08-21 12:45:20.115940

8z0j8wdvmrm >> End >> 2020-08-21 12:45:20.281121

eg8pbsru4sw >> Start >> 2020-08-21 12:54:46.421518

eg8pbsru4sw >> Image Returned >> 2020-08-21 12:54:46.425720

eg8pbsru4sw >> End >> 2020-08-21 12:54:46.574044

64uq6sinese >> Start >> 2020-08-21 12:55:13.028954

64uq6sinese >> Image Returned >> 2020-08-21 12:55:13.033751

64uq6sinese >> End >> 2020-08-21 12:55:13.183609

2yr6b5zb6bh >> Start >> 2020-08-21 12:56:28.762736

2yr6b5zb6bh >> Image Returned >> 2020-08-21 12:56:28.767291

2yr6b5zb6bh >> End >> 2020-08-21 12:56:28.915549

obg4qr4nduw >> Start >> 2020-08-21 12:58:42.444137

obg4qr4nduw >> Image Returned >> 2020-08-21 12:58:42.449008

obg4qr4nduw >> End >> 2020-08-21 12:58:42.592557

gn4s28oywk4 >> Start >> 2020-08-21 12:59:28.451570

gn4s28oywk4 >> Image Returned >> 2020-08-21 12:59:28.456809

gn4s28oywk4 >> End >> 2020-08-21 12:59:28.596765

jqp20s2k7sy >> Start >> 2020-08-21 13:05:09.392433

jqp20s2k7sy >> Image Returned >> 2020-08-21 13:05:09.396380

jqp20s2k7sy >> End >> 2020-08-21 13:05:09.538746

wkeub86ezov >> Start >> 2020-08-21 13:06:55.225815

wkeub86ezov >> Image Returned >> 2020-08-21 13:06:55.231549

wkeub86ezov >> End >> 2020-08-21 13:06:55.380043

da6mnfhbxcd >> Start >> 2020-08-21 13:21:38.177653

da6mnfhbxcd >> Image Returned >> 2020-08-21 13:21:38.182343

da6mnfhbxcd >> End >> 2020-08-21 13:21:38.326535

k4zpppy8x4o >> Start >> 2020-08-21 13:22:44.036576

k4zpppy8x4o >> Image Returned >> 2020-08-21 13:22:44.041040

k4zpppy8x4o >> End >> 2020-08-21 13:22:44.186933

w8erodiaiv0 >> Start >> 2020-08-21 13:39:11.144112

w8erodiaiv0 >> Image Returned >> 2020-08-21 13:39:11.150353

w8erodiaiv0 >> End >> 2020-08-21 13:39:11.298157

t46hsdbasg0 >> Start >> 2020-08-21 13:41:37.974757

t46hsdbasg0 >> Image Returned >> 2020-08-21 13:41:37.978781

t46hsdbasg0 >> End >> 2020-08-21 13:41:38.127371

e6afej8oodi >> Start >> 2020-08-21 13:54:43.308361

e6afej8oodi >> Image Returned >> 2020-08-21 13:54:43.312566

e6afej8oodi >> End >> 2020-08-21 13:54:43.458849

kh8z4mtm6n0 >> Start >> 2020-08-21 14:03:18.351970

kh8z4mtm6n0 >> Image Returned >> 2020-08-21 14:03:18.358679

kh8z4mtm6n0 >> End >> 2020-08-21 14:03:18.510704

4aputxg7ria >> Start >> 2020-08-21 14:03:55.761823

4aputxg7ria >> Image Returned >> 2020-08-21 14:03:55.766747

4aputxg7ria >> End >> 2020-08-21 14:03:55.916363

vsup80bc0b6 >> Start >> 2020-08-21 14:04:07.633640

vsup80bc0b6 >> Image Returned >> 2020-08-21 14:04:07.637702

vsup80bc0b6 >> End >> 2020-08-21 14:04:07.784622

zfvphewvt7n >> Start >> 2020-08-21 14:16:23.632167

zfvphewvt7n >> Image Returned >> 2020-08-21 14:16:23.636750

zfvphewvt7n >> End >> 2020-08-21 14:16:23.781558

fyupqkbwca0 >> Start >> 2020-08-21 14:19:20.924139

fyupqkbwca0 >> Image Returned >> 2020-08-21 14:19:20.931585

fyupqkbwca0 >> End >> 2020-08-21 14:19:21.079976

77s2d2pggrf >> Start >> 2020-08-21 14:19:50.045169

77s2d2pggrf >> Image Returned >> 2020-08-21 14:19:50.048995

77s2d2pggrf >> End >> 2020-08-21 14:19:50.193357

rjue4qtvqtv >> Start >> 2020-08-21 14:21:17.212790

rjue4qtvqtv >> Image Returned >> 2020-08-21 14:21:17.217478

rjue4qtvqtv >> End >> 2020-08-21 14:21:17.359333

wfjczt2dcwn >> Start >> 2020-08-21 14:24:33.200987

wfjczt2dcwn >> Image Returned >> 2020-08-21 14:24:33.205425

wfjczt2dcwn >> End >> 2020-08-21 14:24:33.352582

22etnyfr067 >> Start >> 2020-08-21 14:31:33.778109

22etnyfr067 >> Image Returned >> 2020-08-21 14:31:33.782932

22etnyfr067 >> End >> 2020-08-21 14:31:33.932768

wv205pbdgy8 >> Start >> 2020-08-21 14:32:59.299942

wv205pbdgy8 >> Image Returned >> 2020-08-21 14:32:59.304516

wv205pbdgy8 >> End >> 2020-08-21 14:32:59.455526

briw53rr7s2 >> Start >> 2020-08-21 14:38:27.711929

briw53rr7s2 >> Image Returned >> 2020-08-21 14:38:27.718846

briw53rr7s2 >> End >> 2020-08-21 14:38:27.875356

xyyo7s2gfu7 >> Start >> 2020-08-21 15:18:05.628531

xyyo7s2gfu7 >> Image Returned >> 2020-08-21 15:18:05.634511

xyyo7s2gfu7 >> End >> 2020-08-21 15:18:05.784275

8cg2hjhqf3y >> Start >> 2020-08-21 15:28:40.663784

8cg2hjhqf3y >> Image Returned >> 2020-08-21 15:28:40.669866

8cg2hjhqf3y >> End >> 2020-08-21 15:28:40.812098

tbxmbbhz3v2 >> Start >> 2020-08-21 15:32:29.904954

tbxmbbhz3v2 >> Image Returned >> 2020-08-21 15:32:29.909674

tbxmbbhz3v2 >> End >> 2020-08-21 15:32:30.103494

rfctuc3zzv3 >> Start >> 2020-08-21 15:33:53.017705

rfctuc3zzv3 >> Image Returned >> 2020-08-21 15:33:53.022361

rfctuc3zzv3 >> End >> 2020-08-21 15:33:53.168307

kw36my4rpyi >> Start >> 2020-08-21 15:34:25.869040

kw36my4rpyi >> Image Returned >> 2020-08-21 15:34:25.873789

kw36my4rpyi >> End >> 2020-08-21 15:34:26.019500

vcemfyanoun >> Start >> 2020-08-21 15:38:29.290132

vcemfyanoun >> Image Returned >> 2020-08-21 15:38:29.297004

vcemfyanoun >> End >> 2020-08-21 15:38:29.455163

0ccrzdb3x2q >> Start >> 2020-08-21 15:46:43.657191

0ccrzdb3x2q >> Image Returned >> 2020-08-21 15:46:43.661179

0ccrzdb3x2q >> End >> 2020-08-21 15:46:43.817907

sprmoc36bbk >> Start >> 2020-08-21 15:46:44.862051

sprmoc36bbk >> Image Returned >> 2020-08-21 15:46:44.862351

sprmoc36bbk >> End >> 2020-08-21 15:46:45.007510

4p2oa0u26qq >> Start >> 2020-08-21 15:49:09.684642

4p2oa0u26qq >> Image Returned >> 2020-08-21 15:49:09.690944

4p2oa0u26qq >> End >> 2020-08-21 15:49:09.883003

dzdg0q7p7kw >> Start >> 2020-08-21 15:50:18.378684

dzdg0q7p7kw >> Image Returned >> 2020-08-21 15:50:18.379112

dzdg0q7p7kw >> End >> 2020-08-21 15:50:18.507889

ghhpbaswnwq >> Start >> 2020-08-21 15:56:35.784296

ghhpbaswnwq >> Image Returned >> 2020-08-21 15:56:35.789037

ghhpbaswnwq >> End >> 2020-08-21 15:56:35.938113

nagsakg7obk >> Start >> 2020-08-21 16:05:48.030606

nagsakg7obk >> Image Returned >> 2020-08-21 16:05:48.035001

nagsakg7obk >> End >> 2020-08-21 16:05:48.195472

vvorjnofacy >> Start >> 2020-08-21 16:07:04.622951

vvorjnofacy >> Image Returned >> 2020-08-21 16:07:04.626903

vvorjnofacy >> End >> 2020-08-21 16:08:04.704443

ck53qu5z3pe >> Start >> 2020-08-21 16:15:09.408752

ck53qu5z3pe >> Image Returned >> 2020-08-21 16:15:09.413358

ck53qu5z3pe >> End >> 2020-08-21 16:15:09.546730

e4oxk3mfif7 >> Start >> 2020-08-21 16:15:50.338300

e4oxk3mfif7 >> Image Returned >> 2020-08-21 16:15:50.343058

e4oxk3mfif7 >> End >> 2020-08-21 16:15:50.485210

wgf78kproqg >> Start >> 2020-08-21 16:16:12.328691

wgf78kproqg >> Image Returned >> 2020-08-21 16:16:12.332674

wgf78kproqg >> End >> 2020-08-21 16:16:12.484814

5r5x2gs7uda >> Start >> 2020-08-21 16:18:43.486092

5r5x2gs7uda >> Image Returned >> 2020-08-21 16:18:43.490080

5r5x2gs7uda >> End >> 2020-08-21 16:18:43.634942

twp46pz6cok >> Start >> 2020-08-21 16:25:07.006161

twp46pz6cok >> Image Returned >> 2020-08-21 16:25:07.010093

twp46pz6cok >> End >> 2020-08-21 16:25:07.157341

4g3xmf3hjcy >> Start >> 2020-08-21 16:26:12.244806

4g3xmf3hjcy >> Image Returned >> 2020-08-21 16:26:12.248904

4g3xmf3hjcy >> End >> 2020-08-21 16:26:12.388338

ptpxtn0x03z >> Start >> 2020-08-21 16:26:37.497710

ptpxtn0x03z >> Image Returned >> 2020-08-21 16:26:37.503168

ptpxtn0x03z >> End >> 2020-08-21 16:26:37.652065

mw7zry03ccg >> Start >> 2020-08-21 16:26:42.041970

mw7zry03ccg >> Image Returned >> 2020-08-21 16:26:42.042265

mw7zry03ccg >> End >> 2020-08-21 16:26:42.187565

jopeu3qxcfb >> Start >> 2020-08-21 16:26:46.345671

jopeu3qxcfb >> Image Returned >> 2020-08-21 16:26:46.346016

jopeu3qxcfb >> End >> 2020-08-21 16:26:46.489849

ryoadqwik5a >> Start >> 2020-08-21 16:26:50.389899

ryoadqwik5a >> Image Returned >> 2020-08-21 16:26:50.390221

ryoadqwik5a >> End >> 2020-08-21 16:26:50.528683

bst7etqboiy >> Start >> 2020-08-21 16:29:00.903719

bst7etqboiy >> Image Returned >> 2020-08-21 16:29:00.908354

bst7etqboiy >> End >> 2020-08-21 16:29:01.055434

sj555dwunyn >> Start >> 2020-08-21 16:29:10.268927

sj555dwunyn >> Image Returned >> 2020-08-21 16:29:10.269246

sj555dwunyn >> End >> 2020-08-21 16:29:10.443990

vmyh83q2msx >> Start >> 2020-08-21 16:52:58.040802

vmyh83q2msx >> Image Returned >> 2020-08-21 16:52:58.044702

vmyh83q2msx >> End >> 2020-08-21 16:52:58.186057

46uftqpnbwy >> Start >> 2020-08-21 16:56:15.962016

46uftqpnbwy >> Image Returned >> 2020-08-21 16:56:15.968195

46uftqpnbwy >> End >> 2020-08-21 16:56:16.118017

pod8yp8bj6w >> Start >> 2020-08-21 16:58:44.308108

pod8yp8bj6w >> Image Returned >> 2020-08-21 16:58:44.314332

pod8yp8bj6w >> End >> 2020-08-21 16:58:44.457516

3r8gg2sircb >> Start >> 2020-08-21 17:01:09.478811

3r8gg2sircb >> Image Returned >> 2020-08-21 17:01:09.483143

3r8gg2sircb >> End >> 2020-08-21 17:01:09.627973

ssfda2fahoi >> Start >> 2020-08-21 17:24:15.270483

ssfda2fahoi >> Image Returned >> 2020-08-21 17:24:15.274384

ssfda2fahoi >> End >> 2020-08-21 17:24:15.425715

h2atsoe6upe >> Start >> 2020-08-21 17:31:07.586462

h2atsoe6upe >> Image Returned >> 2020-08-21 17:31:07.590471

h2atsoe6upe >> End >> 2020-08-21 17:31:07.738457

62i0cxg2tpq >> Start >> 2020-08-21 18:17:17.518284

62i0cxg2tpq >> Image Returned >> 2020-08-21 18:17:17.522272

62i0cxg2tpq >> End >> 2020-08-21 18:17:17.671277

6i2b2ir54ub >> Start >> 2020-08-21 18:17:21.668960

6i2b2ir54ub >> Image Returned >> 2020-08-21 18:17:21.669347

6i2b2ir54ub >> End >> 2020-08-21 18:17:21.823419

mpdp5raqity >> Start >> 2020-08-21 18:18:02.447438

mpdp5raqity >> Image Returned >> 2020-08-21 18:18:02.452239

mpdp5raqity >> End >> 2020-08-21 18:18:02.602865

4pinqudec77 >> Start >> 2020-08-21 18:18:54.085902

4pinqudec77 >> Image Returned >> 2020-08-21 18:18:54.092107

4pinqudec77 >> End >> 2020-08-21 18:18:54.238619

daqtjxjwoef >> Start >> 2020-08-21 18:21:37.555049

daqtjxjwoef >> Image Returned >> 2020-08-21 18:21:37.560777

daqtjxjwoef >> End >> 2020-08-21 18:21:37.707808

nfn6r2pcufi >> Start >> 2020-08-21 18:28:32.451203

nfn6r2pcufi >> Image Returned >> 2020-08-21 18:28:32.459095

nfn6r2pcufi >> End >> 2020-08-21 18:28:32.608403

nt46ibxmoba >> Start >> 2020-08-21 18:50:22.476087

nt46ibxmoba >> Image Returned >> 2020-08-21 18:50:22.481712

nt46ibxmoba >> End >> 2020-08-21 18:50:22.645803

kovag5gt827 >> Start >> 2020-08-21 18:53:30.628099

kovag5gt827 >> Image Returned >> 2020-08-21 18:53:30.633425

kovag5gt827 >> End >> 2020-08-21 18:53:30.786106

22xqs50yog6 >> Start >> 2020-08-21 18:59:21.743107

22xqs50yog6 >> Image Returned >> 2020-08-21 18:59:21.748495

22xqs50yog6 >> End >> 2020-08-21 18:59:21.906189

dywio7j0b0g >> Start >> 2020-08-21 19:13:43.678693

dywio7j0b0g >> Image Returned >> 2020-08-21 19:13:43.682881

dywio7j0b0g >> End >> 2020-08-21 19:13:43.839667

tysdke88rsd >> Start >> 2020-08-21 19:14:58.857826

tysdke88rsd >> Image Returned >> 2020-08-21 19:14:58.862205

tysdke88rsd >> End >> 2020-08-21 19:14:59.026143

cs3uypzs4nd >> Start >> 2020-08-21 19:27:07.383975

cs3uypzs4nd >> Image Returned >> 2020-08-21 19:27:07.388652

cs3uypzs4nd >> End >> 2020-08-21 19:27:07.542109

tqei3a2sp6a >> Start >> 2020-08-21 19:32:33.880234

tqei3a2sp6a >> Image Returned >> 2020-08-21 19:32:33.885335

tqei3a2sp6a >> End >> 2020-08-21 19:32:34.025628

n0jjm86u2bq >> Start >> 2020-08-21 19:32:45.321266

n0jjm86u2bq >> Image Returned >> 2020-08-21 19:32:45.325207

n0jjm86u2bq >> End >> 2020-08-21 19:32:45.500927

bmp5ofg0ysx >> Start >> 2020-08-21 19:33:05.984538

bmp5ofg0ysx >> Image Returned >> 2020-08-21 19:33:05.988517

bmp5ofg0ysx >> End >> 2020-08-21 19:33:06.134562

57szgwuhmpv >> Start >> 2020-08-21 19:35:12.057687

57szgwuhmpv >> Image Returned >> 2020-08-21 19:35:12.062391

57szgwuhmpv >> End >> 2020-08-21 19:35:12.215094

b7zt67mmheq >> Start >> 2020-08-21 19:46:58.930648

b7zt67mmheq >> Image Returned >> 2020-08-21 19:46:58.934834

b7zt67mmheq >> End >> 2020-08-21 19:46:59.104547

x6mtm2u87ks >> Start >> 2020-08-21 19:50:46.968183

x6mtm2u87ks >> Image Returned >> 2020-08-21 19:50:46.974319

x6mtm2u87ks >> End >> 2020-08-21 19:50:47.126530

tx8iz7orx5u >> Start >> 2020-08-21 19:51:32.461811

tx8iz7orx5u >> Image Returned >> 2020-08-21 19:51:32.466363

tx8iz7orx5u >> End >> 2020-08-21 19:51:32.618977

sb6xvxrroov >> Start >> 2020-08-21 19:52:08.518945

sb6xvxrroov >> Image Returned >> 2020-08-21 19:52:08.522926

sb6xvxrroov >> End >> 2020-08-21 19:52:08.665044

chbi8kszj33 >> Start >> 2020-08-21 19:55:07.826915

chbi8kszj33 >> Image Returned >> 2020-08-21 19:55:07.832797

chbi8kszj33 >> End >> 2020-08-21 19:55:07.986426

i5yfbsopktn >> Start >> 2020-08-21 19:56:31.749639

i5yfbsopktn >> Image Returned >> 2020-08-21 19:56:31.754275

i5yfbsopktn >> End >> 2020-08-21 19:56:31.907279

2nac5n5ew6s >> Start >> 2020-08-21 20:00:05.526207

2nac5n5ew6s >> Image Returned >> 2020-08-21 20:00:05.530189

2nac5n5ew6s >> End >> 2020-08-21 20:00:05.672729

sii0nvqttjs >> Start >> 2020-08-21 20:18:00.805691

sii0nvqttjs >> Image Returned >> 2020-08-21 20:18:00.811816

sii0nvqttjs >> End >> 2020-08-21 20:18:00.957320

0ua8d0wgiqx >> Start >> 2020-08-21 20:18:26.911360

0ua8d0wgiqx >> Image Returned >> 2020-08-21 20:18:26.915230

0ua8d0wgiqx >> End >> 2020-08-21 20:18:27.069210

d3x7tkrwbe5 >> Start >> 2020-08-21 20:22:41.640568

d3x7tkrwbe5 >> Image Returned >> 2020-08-21 20:22:41.645986

d3x7tkrwbe5 >> End >> 2020-08-21 20:22:41.801448

sajb5t6ehgy >> Start >> 2020-08-21 20:23:19.652652

sajb5t6ehgy >> Image Returned >> 2020-08-21 20:23:19.656538

sajb5t6ehgy >> End >> 2020-08-21 20:23:19.814214

2en02cvw8ob >> Start >> 2020-08-21 20:26:37.679394

2en02cvw8ob >> Image Returned >> 2020-08-21 20:26:37.685270

2en02cvw8ob >> End >> 2020-08-21 20:26:37.840436

856awipk7ci >> Start >> 2020-08-21 20:27:14.358256

856awipk7ci >> Image Returned >> 2020-08-21 20:27:14.362155

856awipk7ci >> End >> 2020-08-21 20:27:14.517680

wf27cf0a5ck >> Start >> 2020-08-21 20:35:50.490624

wf27cf0a5ck >> Image Returned >> 2020-08-21 20:35:50.495917

wf27cf0a5ck >> End >> 2020-08-21 20:35:50.640372

ip5ckdxj55k >> Start >> 2020-08-21 20:38:38.476572

ip5ckdxj55k >> Image Returned >> 2020-08-21 20:38:38.483220

ip5ckdxj55k >> End >> 2020-08-21 20:38:38.629616

68vb08s3mrq >> Start >> 2020-08-21 20:41:02.298945

68vb08s3mrq >> Image Returned >> 2020-08-21 20:41:02.303622

68vb08s3mrq >> End >> 2020-08-21 20:41:02.447451

rtt5rrztjtg >> Start >> 2020-08-21 20:48:07.296103

rtt5rrztjtg >> Image Returned >> 2020-08-21 20:48:07.300726

rtt5rrztjtg >> End >> 2020-08-21 20:48:07.450968

wqh6befvhwu >> Start >> 2020-08-21 20:54:20.459000

wqh6befvhwu >> Image Returned >> 2020-08-21 20:54:20.466146

wqh6befvhwu >> End >> 2020-08-21 20:54:20.606446

smha5pynrj6 >> Start >> 2020-08-21 20:55:27.526252

smha5pynrj6 >> Image Returned >> 2020-08-21 20:55:27.530641

smha5pynrj6 >> End >> 2020-08-21 20:55:27.680524

xaas7rqrpah >> Start >> 2020-08-21 20:57:56.935952

xaas7rqrpah >> Image Returned >> 2020-08-21 20:57:56.941973

xaas7rqrpah >> End >> 2020-08-21 20:57:57.091826

uunbrt3kpmf >> Start >> 2020-08-21 21:06:16.018135

uunbrt3kpmf >> Image Returned >> 2020-08-21 21:06:16.023618

uunbrt3kpmf >> End >> 2020-08-21 21:06:16.169986

tmf7fxzhd3p >> Start >> 2020-08-21 21:11:07.590401

tmf7fxzhd3p >> Image Returned >> 2020-08-21 21:11:07.594435

tmf7fxzhd3p >> End >> 2020-08-21 21:11:07.734838

rdvb28jd5me >> Start >> 2020-08-21 21:12:27.617638

rdvb28jd5me >> Image Returned >> 2020-08-21 21:12:27.621571

rdvb28jd5me >> End >> 2020-08-21 21:12:27.774142

gn33rf80bfj >> Start >> 2020-08-21 21:36:59.011362

gn33rf80bfj >> Image Returned >> 2020-08-21 21:36:59.016201

gn33rf80bfj >> End >> 2020-08-21 21:36:59.164894

uyqbqb37y83 >> Start >> 2020-08-21 21:37:48.181926

uyqbqb37y83 >> Image Returned >> 2020-08-21 21:37:48.186369

uyqbqb37y83 >> End >> 2020-08-21 21:37:48.328212

wmdc6t7nbah >> Start >> 2020-08-21 21:49:18.374273

wmdc6t7nbah >> Image Returned >> 2020-08-21 21:49:18.378523

wmdc6t7nbah >> End >> 2020-08-21 21:49:18.525603

oz7ut75tf4k >> Start >> 2020-08-21 21:53:08.100214

oz7ut75tf4k >> Image Returned >> 2020-08-21 21:53:08.104868

oz7ut75tf4k >> End >> 2020-08-21 21:53:08.248234

snuwhmb7zes >> Start >> 2020-08-21 21:55:21.131407

snuwhmb7zes >> Image Returned >> 2020-08-21 21:55:21.135777

snuwhmb7zes >> End >> 2020-08-21 21:55:21.284451

767ygd7ni4t >> Start >> 2020-08-21 22:10:24.281724

767ygd7ni4t >> Image Returned >> 2020-08-21 22:10:24.286432

767ygd7ni4t >> End >> 2020-08-21 22:10:24.435801

0fypkf27xw0 >> Start >> 2020-08-21 22:13:30.749821

0fypkf27xw0 >> Image Returned >> 2020-08-21 22:13:30.753945

0fypkf27xw0 >> End >> 2020-08-21 22:13:30.905136

xquonhcmi38 >> Start >> 2020-08-21 22:18:24.422173

xquonhcmi38 >> Image Returned >> 2020-08-21 22:18:24.427243

xquonhcmi38 >> End >> 2020-08-21 22:18:24.572473

07kwed8whbj >> Start >> 2020-08-21 22:21:41.968794

07kwed8whbj >> Image Returned >> 2020-08-21 22:21:41.974720

07kwed8whbj >> End >> 2020-08-21 22:21:42.116076

g020twzvm3o >> Start >> 2020-08-21 22:28:59.055896

g020twzvm3o >> Image Returned >> 2020-08-21 22:28:59.059942

g020twzvm3o >> End >> 2020-08-21 22:28:59.201173

j5n04x6s3c8 >> Start >> 2020-08-21 22:29:17.377595

j5n04x6s3c8 >> Image Returned >> 2020-08-21 22:29:17.381583

j5n04x6s3c8 >> End >> 2020-08-21 22:29:17.528076

vpadme0th0j >> Start >> 2020-08-21 22:32:06.587584

vpadme0th0j >> Image Returned >> 2020-08-21 22:32:06.592242

vpadme0th0j >> End >> 2020-08-21 22:32:06.737788

4toeiccwjjh >> Start >> 2020-08-21 22:33:58.305015

4toeiccwjjh >> Image Returned >> 2020-08-21 22:33:58.310565

4toeiccwjjh >> End >> 2020-08-21 22:33:58.458019

q5jh23yybc8 >> Start >> 2020-08-21 22:34:08.237488

q5jh23yybc8 >> Image Returned >> 2020-08-21 22:34:08.237797

q5jh23yybc8 >> End >> 2020-08-21 22:34:08.382268

5p2u620rjew >> Start >> 2020-08-21 22:34:36.351509

5p2u620rjew >> Image Returned >> 2020-08-21 22:34:36.356158

5p2u620rjew >> End >> 2020-08-21 22:34:36.495719

ew0eb2uhwah >> Start >> 2020-08-21 22:55:49.185386

ew0eb2uhwah >> Image Returned >> 2020-08-21 22:55:49.190063

ew0eb2uhwah >> End >> 2020-08-21 22:55:49.334950

hou8sf7brd4 >> Start >> 2020-08-21 22:56:40.393424

hou8sf7brd4 >> Image Returned >> 2020-08-21 22:56:40.398401

hou8sf7brd4 >> End >> 2020-08-21 22:56:40.540709

mutat4223uu >> Start >> 2020-08-21 23:14:00.001010

mutat4223uu >> Image Returned >> 2020-08-21 23:14:00.005096

mutat4223uu >> End >> 2020-08-21 23:14:00.154514

z55ejr2ueab >> Start >> 2020-08-21 23:14:18.389323

z55ejr2ueab >> Image Returned >> 2020-08-21 23:14:18.393470

z55ejr2ueab >> End >> 2020-08-21 23:14:18.547297

mztqvs04ves >> Start >> 2020-08-21 23:14:25.761008

mztqvs04ves >> Image Returned >> 2020-08-21 23:14:25.761312

mztqvs04ves >> End >> 2020-08-21 23:14:25.928078

jscjuw3pcn2 >> Start >> 2020-08-21 23:54:10.957822

jscjuw3pcn2 >> Image Returned >> 2020-08-21 23:54:10.964468

jscjuw3pcn2 >> End >> 2020-08-21 23:54:11.200361

3gstttpp3g4 >> Start >> 2020-08-21 23:54:36.522953

3gstttpp3g4 >> Image Returned >> 2020-08-21 23:54:36.526977

3gstttpp3g4 >> End >> 2020-08-21 23:54:36.686007

