00t6qeg6ir4 >> Start >> 2020-08-07 00:17:26.671376

00t6qeg6ir4 >> Image Returned >> 2020-08-07 00:17:26.675277

00t6qeg6ir4 >> End >> 2020-08-07 00:17:26.818219

ytk6h7hyek3 >> Start >> 2020-08-07 00:37:13.230356

ytk6h7hyek3 >> Image Returned >> 2020-08-07 00:37:13.235353

ytk6h7hyek3 >> End >> 2020-08-07 00:37:13.375178

03e4hxnck6q >> Start >> 2020-08-07 00:37:37.837510

03e4hxnck6q >> Image Returned >> 2020-08-07 00:37:37.841141

03e4hxnck6q >> End >> 2020-08-07 00:37:37.979741

ga7rkzkasns >> Start >> 2020-08-07 00:38:15.095321

ga7rkzkasns >> Image Returned >> 2020-08-07 00:38:15.100183

ga7rkzkasns >> End >> 2020-08-07 00:38:15.241584

r8u8ushbtnw >> Start >> 2020-08-07 00:51:42.960225

r8u8ushbtnw >> Image Returned >> 2020-08-07 00:51:42.965451

r8u8ushbtnw >> End >> 2020-08-07 00:51:43.110945

5p80tkikr7c >> Start >> 2020-08-07 01:17:06.219820

5p80tkikr7c >> Image Returned >> 2020-08-07 01:17:06.224374

5p80tkikr7c >> End >> 2020-08-07 01:17:06.364017

h3tqiw0x56c >> Start >> 2020-08-07 01:22:58.671149

h3tqiw0x56c >> Image Returned >> 2020-08-07 01:22:58.677370

h3tqiw0x56c >> End >> 2020-08-07 01:22:58.812388

4qvtdgoxo27 >> Start >> 2020-08-07 01:26:32.329097

4qvtdgoxo27 >> Image Returned >> 2020-08-07 01:26:32.333416

4qvtdgoxo27 >> End >> 2020-08-07 01:26:32.472531

3bqgo6ovw3f >> Start >> 2020-08-07 01:28:38.045644

3bqgo6ovw3f >> Image Returned >> 2020-08-07 01:28:38.050132

3bqgo6ovw3f >> End >> 2020-08-07 01:28:38.190556

y7itrgavz6x >> Start >> 2020-08-07 01:30:03.032741

y7itrgavz6x >> Image Returned >> 2020-08-07 01:30:03.039998

y7itrgavz6x >> End >> 2020-08-07 01:30:03.193764

zxj2hjoz6g2 >> Start >> 2020-08-07 01:38:21.019885

zxj2hjoz6g2 >> Image Returned >> 2020-08-07 01:38:21.023787

zxj2hjoz6g2 >> End >> 2020-08-07 01:38:21.148336

x8hvz84qrrj >> Start >> 2020-08-07 01:39:12.030122

x8hvz84qrrj >> Image Returned >> 2020-08-07 01:39:12.034982

x8hvz84qrrj >> End >> 2020-08-07 01:39:12.161479

ejnawreo5ji >> Start >> 2020-08-07 01:39:12.655800

ejnawreo5ji >> Image Returned >> 2020-08-07 01:39:12.656232

ejnawreo5ji >> End >> 2020-08-07 01:39:12.798321

7oykipxf0ci >> Start >> 2020-08-07 01:49:48.122597

7oykipxf0ci >> Image Returned >> 2020-08-07 01:49:48.128186

7oykipxf0ci >> End >> 2020-08-07 01:49:48.274934

ghpbz7oyvta >> Start >> 2020-08-07 01:52:54.382971

ghpbz7oyvta >> Image Returned >> 2020-08-07 01:52:54.389075

ghpbz7oyvta >> End >> 2020-08-07 01:52:54.528501

ri7ucowpri5 >> Start >> 2020-08-07 02:05:00.413274

ri7ucowpri5 >> Image Returned >> 2020-08-07 02:05:00.419224

ri7ucowpri5 >> End >> 2020-08-07 02:05:00.558747

0mewmhcqqtu >> Start >> 2020-08-07 02:05:02.862544

0mewmhcqqtu >> Image Returned >> 2020-08-07 02:05:02.862864

0mewmhcqqtu >> End >> 2020-08-07 02:05:03.018626

c26wsm0khpw >> Start >> 2020-08-07 02:12:22.966770

c26wsm0khpw >> Image Returned >> 2020-08-07 02:12:22.973054

c26wsm0khpw >> End >> 2020-08-07 02:12:23.122453

g3z8sekygvq >> Start >> 2020-08-07 02:37:55.788817

g3z8sekygvq >> Image Returned >> 2020-08-07 02:37:55.794251

g3z8sekygvq >> End >> 2020-08-07 02:37:55.983521

pbnu4ejxaaz >> Start >> 2020-08-07 03:04:31.241604

pbnu4ejxaaz >> Image Returned >> 2020-08-07 03:04:31.245362

pbnu4ejxaaz >> End >> 2020-08-07 03:04:31.380456

r32haqmxmdt >> Start >> 2020-08-07 03:22:46.153621

r32haqmxmdt >> Image Returned >> 2020-08-07 03:22:46.158298

r32haqmxmdt >> End >> 2020-08-07 03:22:46.297837

26uf8k5k73t >> Start >> 2020-08-07 03:55:21.460170

26uf8k5k73t >> Image Returned >> 2020-08-07 03:55:21.464806

26uf8k5k73t >> End >> 2020-08-07 03:55:21.600730

fzbz6pzzka8 >> Start >> 2020-08-07 04:35:00.293118

fzbz6pzzka8 >> Image Returned >> 2020-08-07 04:35:00.295932

fzbz6pzzka8 >> End >> 2020-08-07 04:35:00.442480

shmztsqkx0w >> Start >> 2020-08-07 04:49:31.063117

shmztsqkx0w >> Image Returned >> 2020-08-07 04:49:31.066121

shmztsqkx0w >> End >> 2020-08-07 04:49:31.209547

o23ruvako2r >> Start >> 2020-08-07 05:26:18.788949

o23ruvako2r >> Image Returned >> 2020-08-07 05:26:18.791889

o23ruvako2r >> End >> 2020-08-07 05:26:18.944530

b6654q2mc2n >> Start >> 2020-08-07 06:03:20.844789

b6654q2mc2n >> Image Returned >> 2020-08-07 06:03:20.847839

b6654q2mc2n >> End >> 2020-08-07 06:03:20.988203

05emgddufnz >> Start >> 2020-08-07 06:15:20.001928

05emgddufnz >> Image Returned >> 2020-08-07 06:15:20.005018

05emgddufnz >> End >> 2020-08-07 06:15:20.142914

525tfrdikx4 >> Start >> 2020-08-07 06:20:47.794586

525tfrdikx4 >> Image Returned >> 2020-08-07 06:20:47.797981

525tfrdikx4 >> End >> 2020-08-07 06:20:47.926583

4fhckimuzvz >> Start >> 2020-08-07 06:22:35.565793

4fhckimuzvz >> Image Returned >> 2020-08-07 06:22:35.568598

4fhckimuzvz >> End >> 2020-08-07 06:22:35.706994

7d66s00bdt8 >> Start >> 2020-08-07 06:23:50.909239

7d66s00bdt8 >> Image Returned >> 2020-08-07 06:23:50.912728

7d66s00bdt8 >> End >> 2020-08-07 06:23:51.056993

rgmsw02faty >> Start >> 2020-08-07 06:28:28.641463

rgmsw02faty >> Image Returned >> 2020-08-07 06:28:28.644643

rgmsw02faty >> End >> 2020-08-07 06:28:28.787220

8u5xi7yp6tu >> Start >> 2020-08-07 06:33:57.272118

8u5xi7yp6tu >> Image Returned >> 2020-08-07 06:33:57.275618

8u5xi7yp6tu >> End >> 2020-08-07 06:33:57.417129

rgv3vqk3maj >> Start >> 2020-08-07 06:58:46.370697

rgv3vqk3maj >> Image Returned >> 2020-08-07 06:58:46.374145

rgv3vqk3maj >> End >> 2020-08-07 06:58:46.522488

thrx7wth8e3 >> Start >> 2020-08-07 07:01:21.530565

thrx7wth8e3 >> Image Returned >> 2020-08-07 07:01:21.534842

thrx7wth8e3 >> End >> 2020-08-07 07:01:21.677978

qwmjatvguzx >> Start >> 2020-08-07 07:05:36.125814

qwmjatvguzx >> Image Returned >> 2020-08-07 07:05:36.128985

qwmjatvguzx >> End >> 2020-08-07 07:05:36.276525

2hoyzvj6pc0 >> Start >> 2020-08-07 07:07:50.048557

2hoyzvj6pc0 >> Image Returned >> 2020-08-07 07:07:50.051573

2hoyzvj6pc0 >> End >> 2020-08-07 07:07:50.200947

zyy52qsajqg >> Start >> 2020-08-07 07:48:40.722121

zyy52qsajqg >> Image Returned >> 2020-08-07 07:48:40.725660

zyy52qsajqg >> End >> 2020-08-07 07:48:40.872868

xkjh6t5wgfy >> Start >> 2020-08-07 07:53:57.489413

xkjh6t5wgfy >> Image Returned >> 2020-08-07 07:53:57.492331

xkjh6t5wgfy >> End >> 2020-08-07 07:53:57.628053

huouihqussn >> Start >> 2020-08-07 07:59:53.789508

huouihqussn >> Image Returned >> 2020-08-07 07:59:53.792656

huouihqussn >> End >> 2020-08-07 07:59:53.934974

mbp6xibcigt >> Start >> 2020-08-07 08:26:33.695065

mbp6xibcigt >> Image Returned >> 2020-08-07 08:26:33.698276

mbp6xibcigt >> End >> 2020-08-07 08:26:33.840728

xsvekm0q3hk >> Start >> 2020-08-07 08:26:51.343020

xsvekm0q3hk >> Image Returned >> 2020-08-07 08:26:51.346019

xsvekm0q3hk >> End >> 2020-08-07 08:26:51.483293

cvon7wujqks >> Start >> 2020-08-07 08:30:40.933790

cvon7wujqks >> Image Returned >> 2020-08-07 08:30:40.937005

cvon7wujqks >> End >> 2020-08-07 08:30:41.085138

nx70724zrfa >> Start >> 2020-08-07 08:44:39.794451

nx70724zrfa >> Image Returned >> 2020-08-07 08:44:39.797324

nx70724zrfa >> End >> 2020-08-07 08:44:39.941735

6x2r6kubiez >> Start >> 2020-08-07 08:50:44.165368

6x2r6kubiez >> Image Returned >> 2020-08-07 08:50:44.168279

6x2r6kubiez >> End >> 2020-08-07 08:50:44.309365

qagg0guer8j >> Start >> 2020-08-07 09:01:04.943475

qagg0guer8j >> Image Returned >> 2020-08-07 09:01:04.946417

qagg0guer8j >> End >> 2020-08-07 09:01:05.090727

7g6idw4zr8y >> Start >> 2020-08-07 09:06:41.958266

7g6idw4zr8y >> Image Returned >> 2020-08-07 09:06:41.961177

7g6idw4zr8y >> End >> 2020-08-07 09:06:42.093276

3cq67fmuftm >> Start >> 2020-08-07 09:20:48.301275

3cq67fmuftm >> Image Returned >> 2020-08-07 09:20:48.304199

3cq67fmuftm >> End >> 2020-08-07 09:20:48.449146

eqsddnf6eos >> Start >> 2020-08-07 09:21:28.793970

eqsddnf6eos >> Image Returned >> 2020-08-07 09:21:28.797106

eqsddnf6eos >> End >> 2020-08-07 09:21:28.938195

of2ppwwvur7 >> Start >> 2020-08-07 09:35:18.952213

of2ppwwvur7 >> Image Returned >> 2020-08-07 09:35:18.955218

of2ppwwvur7 >> End >> 2020-08-07 09:35:19.097523

zuei4xfzd5r >> Start >> 2020-08-07 09:35:30.389708

zuei4xfzd5r >> Image Returned >> 2020-08-07 09:35:30.392585

zuei4xfzd5r >> End >> 2020-08-07 09:35:30.542155

erwapungqts >> Start >> 2020-08-07 10:01:42.759104

erwapungqts >> Image Returned >> 2020-08-07 10:01:42.762002

erwapungqts >> End >> 2020-08-07 10:01:42.900535

73h63qut33v >> Start >> 2020-08-07 10:31:03.357242

73h63qut33v >> Image Returned >> 2020-08-07 10:31:03.360302

73h63qut33v >> End >> 2020-08-07 10:31:03.501617

gvm4cy5sitd >> Start >> 2020-08-07 10:31:35.962342

gvm4cy5sitd >> Image Returned >> 2020-08-07 10:31:35.965239

gvm4cy5sitd >> End >> 2020-08-07 10:31:36.105288

7wwi8mmnedw >> Start >> 2020-08-07 10:57:31.500735

7wwi8mmnedw >> Image Returned >> 2020-08-07 10:57:31.503977

7wwi8mmnedw >> End >> 2020-08-07 10:57:31.646409

2i4f5mzpqu6 >> Start >> 2020-08-07 10:58:26.491442

2i4f5mzpqu6 >> Image Returned >> 2020-08-07 10:58:26.494563

2i4f5mzpqu6 >> End >> 2020-08-07 10:58:26.632633

84c8sigu4y3 >> Start >> 2020-08-07 11:52:38.181812

84c8sigu4y3 >> Image Returned >> 2020-08-07 11:52:38.185054

84c8sigu4y3 >> End >> 2020-08-07 11:52:38.340691

pa2ktofc5tu >> Start >> 2020-08-07 12:09:24.301523

pa2ktofc5tu >> Image Returned >> 2020-08-07 12:09:24.304838

pa2ktofc5tu >> End >> 2020-08-07 12:09:24.460654

p2ijvtycwk0 >> Start >> 2020-08-07 12:11:34.329066

p2ijvtycwk0 >> Image Returned >> 2020-08-07 12:11:34.332103

p2ijvtycwk0 >> End >> 2020-08-07 12:11:34.481293

oimzhifjx6h >> Start >> 2020-08-07 12:11:35.364989

oimzhifjx6h >> Image Returned >> 2020-08-07 12:11:35.365298

oimzhifjx6h >> End >> 2020-08-07 12:11:35.501328

v8mjfqismwr >> Start >> 2020-08-07 12:12:35.854578

v8mjfqismwr >> Image Returned >> 2020-08-07 12:12:35.857516

v8mjfqismwr >> End >> 2020-08-07 12:12:35.998224

tahtntybspc >> Start >> 2020-08-07 12:12:47.236238

tahtntybspc >> Image Returned >> 2020-08-07 12:12:47.239279

tahtntybspc >> End >> 2020-08-07 12:12:47.381968

0yewk6zb6ro >> Start >> 2020-08-07 12:13:02.859066

0yewk6zb6ro >> Image Returned >> 2020-08-07 12:13:02.862972

0yewk6zb6ro >> End >> 2020-08-07 12:13:03.001686

ke80yi38c85 >> Start >> 2020-08-07 12:18:02.549985

ke80yi38c85 >> Image Returned >> 2020-08-07 12:18:02.553548

ke80yi38c85 >> End >> 2020-08-07 12:18:02.692286

qfs5gn3mt3q >> Start >> 2020-08-07 12:25:29.082737

qfs5gn3mt3q >> Image Returned >> 2020-08-07 12:25:29.085691

qfs5gn3mt3q >> End >> 2020-08-07 12:25:29.227349

x663oyhajdx >> Start >> 2020-08-07 12:29:30.599992

x663oyhajdx >> Image Returned >> 2020-08-07 12:29:30.603305

x663oyhajdx >> End >> 2020-08-07 12:29:30.742993

k62ie8bfjxn >> Start >> 2020-08-07 12:29:46.741980

k62ie8bfjxn >> Image Returned >> 2020-08-07 12:29:46.745079

k62ie8bfjxn >> End >> 2020-08-07 12:29:46.886068

a7yj4gd64xs >> Start >> 2020-08-07 12:29:47.546976

a7yj4gd64xs >> Image Returned >> 2020-08-07 12:29:47.547282

a7yj4gd64xs >> End >> 2020-08-07 12:29:47.688087

m2pvo4drrc8 >> Start >> 2020-08-07 12:30:42.769033

m2pvo4drrc8 >> Image Returned >> 2020-08-07 12:30:42.772033

m2pvo4drrc8 >> End >> 2020-08-07 12:30:42.916584

3v6jf66p2sm >> Start >> 2020-08-07 12:56:22.935094

3v6jf66p2sm >> Image Returned >> 2020-08-07 12:56:22.939719

3v6jf66p2sm >> End >> 2020-08-07 12:56:23.089135

vt4e50miig7 >> Start >> 2020-08-07 13:21:26.958734

vt4e50miig7 >> Image Returned >> 2020-08-07 13:21:26.962441

vt4e50miig7 >> End >> 2020-08-07 13:21:27.101108

t8qtd7d6jww >> Start >> 2020-08-07 13:25:03.503587

t8qtd7d6jww >> Image Returned >> 2020-08-07 13:25:03.506664

t8qtd7d6jww >> End >> 2020-08-07 13:25:03.645889

kx7ymxkh2yg >> Start >> 2020-08-07 13:25:41.645153

kx7ymxkh2yg >> Image Returned >> 2020-08-07 13:25:41.648437

kx7ymxkh2yg >> End >> 2020-08-07 13:25:41.786263

epgecr4xvzr >> Start >> 2020-08-07 14:13:06.252583

epgecr4xvzr >> Image Returned >> 2020-08-07 14:13:06.256355

epgecr4xvzr >> End >> 2020-08-07 14:13:06.425811

3hpacaf65cy >> Start >> 2020-08-07 14:21:38.553950

3hpacaf65cy >> Image Returned >> 2020-08-07 14:21:38.557672

3hpacaf65cy >> End >> 2020-08-07 14:21:38.700225

bmuoq27beez >> Start >> 2020-08-07 14:23:52.831263

bmuoq27beez >> Image Returned >> 2020-08-07 14:23:52.834362

bmuoq27beez >> End >> 2020-08-07 14:23:52.973345

g4dhbar7wn8 >> Start >> 2020-08-07 14:37:40.357131

g4dhbar7wn8 >> Image Returned >> 2020-08-07 14:37:40.361229

g4dhbar7wn8 >> End >> 2020-08-07 14:37:40.504412

2uoznrwsrwy >> Start >> 2020-08-07 14:38:16.630136

2uoznrwsrwy >> Image Returned >> 2020-08-07 14:38:16.633934

2uoznrwsrwy >> End >> 2020-08-07 14:38:16.774694

kgs2pe8hzf2 >> Start >> 2020-08-07 14:39:08.226851

kgs2pe8hzf2 >> Image Returned >> 2020-08-07 14:39:08.230408

kgs2pe8hzf2 >> End >> 2020-08-07 14:39:08.365339

atgbogmo26z >> Start >> 2020-08-07 14:41:27.664777

atgbogmo26z >> Image Returned >> 2020-08-07 14:41:27.668483

atgbogmo26z >> End >> 2020-08-07 14:41:27.806957

8k7fwvhvevx >> Start >> 2020-08-07 14:49:20.456665

8k7fwvhvevx >> Image Returned >> 2020-08-07 14:49:20.461916

8k7fwvhvevx >> End >> 2020-08-07 14:49:20.603404

dfi7r2jdwu0 >> Start >> 2020-08-07 14:52:34.643697

dfi7r2jdwu0 >> Image Returned >> 2020-08-07 14:52:34.647592

dfi7r2jdwu0 >> End >> 2020-08-07 14:52:34.787946

wcpu3inemsa >> Start >> 2020-08-07 14:56:39.523756

wcpu3inemsa >> Image Returned >> 2020-08-07 14:56:39.527025

wcpu3inemsa >> End >> 2020-08-07 14:56:39.664792

b8k6rw5dot8 >> Start >> 2020-08-07 15:04:09.728988

b8k6rw5dot8 >> Image Returned >> 2020-08-07 15:04:09.733319

b8k6rw5dot8 >> End >> 2020-08-07 15:04:09.933042

sdm3fwkrddj >> Start >> 2020-08-07 15:07:59.133641

sdm3fwkrddj >> Image Returned >> 2020-08-07 15:07:59.137758

sdm3fwkrddj >> End >> 2020-08-07 15:07:59.290618

pnt6au5txk6 >> Start >> 2020-08-07 15:28:04.733478

pnt6au5txk6 >> Image Returned >> 2020-08-07 15:28:04.737678

pnt6au5txk6 >> End >> 2020-08-07 15:28:04.878256

ivp2x0jjhxn >> Start >> 2020-08-07 15:52:25.284523

ivp2x0jjhxn >> Image Returned >> 2020-08-07 15:52:25.288314

ivp2x0jjhxn >> End >> 2020-08-07 15:52:25.431545

hko35riptta >> Start >> 2020-08-07 15:55:47.823410

hko35riptta >> Image Returned >> 2020-08-07 15:55:47.828327

hko35riptta >> End >> 2020-08-07 15:55:47.971327

wqvyno078e0 >> Start >> 2020-08-07 16:12:39.482101

wqvyno078e0 >> Image Returned >> 2020-08-07 16:12:39.485605

wqvyno078e0 >> End >> 2020-08-07 16:12:39.622821

vparu5rnjpu >> Start >> 2020-08-07 16:19:37.044635

vparu5rnjpu >> Image Returned >> 2020-08-07 16:19:37.049025

vparu5rnjpu >> End >> 2020-08-07 16:19:37.200443

7ikz657vrt6 >> Start >> 2020-08-07 16:36:57.421706

7ikz657vrt6 >> Image Returned >> 2020-08-07 16:36:57.424848

7ikz657vrt6 >> End >> 2020-08-07 16:36:57.571671

cic7cygumi7 >> Start >> 2020-08-07 16:43:47.324444

cic7cygumi7 >> Image Returned >> 2020-08-07 16:43:47.328330

cic7cygumi7 >> End >> 2020-08-07 16:43:47.455861

vyi7g6u74u7 >> Start >> 2020-08-07 16:49:55.401727

vyi7g6u74u7 >> Image Returned >> 2020-08-07 16:49:55.405762

vyi7g6u74u7 >> End >> 2020-08-07 16:49:55.543574

6vey33di6xf >> Start >> 2020-08-07 16:50:05.988574

6vey33di6xf >> Image Returned >> 2020-08-07 16:50:05.988912

6vey33di6xf >> End >> 2020-08-07 16:50:06.159955

vq3mjp5w8ge >> Start >> 2020-08-07 16:57:39.605860

vq3mjp5w8ge >> Image Returned >> 2020-08-07 16:57:39.609523

vq3mjp5w8ge >> End >> 2020-08-07 16:57:39.748970

g3ayebpaxdd >> Start >> 2020-08-07 17:02:34.939815

g3ayebpaxdd >> Image Returned >> 2020-08-07 17:02:34.943926

g3ayebpaxdd >> End >> 2020-08-07 17:02:35.084989

4xjt38edpw4 >> Start >> 2020-08-07 17:58:46.336227

4xjt38edpw4 >> Image Returned >> 2020-08-07 17:58:46.339565

4xjt38edpw4 >> End >> 2020-08-07 17:58:46.480751

5pfm70ahyz7 >> Start >> 2020-08-07 17:59:19.672525

5pfm70ahyz7 >> Image Returned >> 2020-08-07 17:59:19.676569

5pfm70ahyz7 >> End >> 2020-08-07 17:59:19.821671

b3kcgo3fmu6 >> Start >> 2020-08-07 17:59:35.000641

b3kcgo3fmu6 >> Image Returned >> 2020-08-07 17:59:35.003978

b3kcgo3fmu6 >> End >> 2020-08-07 17:59:35.149061

qc0c6apvnav >> Start >> 2020-08-07 18:11:57.072226

qc0c6apvnav >> Image Returned >> 2020-08-07 18:11:57.075536

qc0c6apvnav >> End >> 2020-08-07 18:11:57.215862

rzxsktngn5d >> Start >> 2020-08-07 18:48:54.885658

rzxsktngn5d >> Image Returned >> 2020-08-07 18:48:54.889389

rzxsktngn5d >> End >> 2020-08-07 18:48:55.030278

z48tfa0n402 >> Start >> 2020-08-07 18:56:21.121812

z48tfa0n402 >> Image Returned >> 2020-08-07 18:56:21.127103

z48tfa0n402 >> End >> 2020-08-07 18:56:21.269064

5j34gdzsunr >> Start >> 2020-08-07 18:57:12.161183

5j34gdzsunr >> Image Returned >> 2020-08-07 18:57:12.164350

5j34gdzsunr >> End >> 2020-08-07 18:57:12.308115

t2h7ah5a5du >> Start >> 2020-08-07 19:07:23.195391

t2h7ah5a5du >> Image Returned >> 2020-08-07 19:07:23.199151

t2h7ah5a5du >> End >> 2020-08-07 19:07:23.343597

sne3axw78uv >> Start >> 2020-08-07 19:07:38.419975

sne3axw78uv >> Image Returned >> 2020-08-07 19:07:38.423142

sne3axw78uv >> End >> 2020-08-07 19:07:38.560821

5pf5i6bskhw >> Start >> 2020-08-07 19:20:00.813244

5pf5i6bskhw >> Image Returned >> 2020-08-07 19:20:00.817017

5pf5i6bskhw >> End >> 2020-08-07 19:20:00.972914

f27gtrrxj6z >> Start >> 2020-08-07 19:39:13.065336

f27gtrrxj6z >> Image Returned >> 2020-08-07 19:39:13.069129

f27gtrrxj6z >> End >> 2020-08-07 19:39:13.196265

wqwu7riu5e5 >> Start >> 2020-08-07 19:40:23.105272

wqwu7riu5e5 >> Image Returned >> 2020-08-07 19:40:23.111037

wqwu7riu5e5 >> End >> 2020-08-07 19:40:23.235503

p7uvxzjuyjo >> Start >> 2020-08-07 19:47:09.116162

p7uvxzjuyjo >> Image Returned >> 2020-08-07 19:47:09.120019

p7uvxzjuyjo >> End >> 2020-08-07 19:47:09.257560

c68wuimi2pf >> Start >> 2020-08-07 20:22:01.244606

c68wuimi2pf >> Image Returned >> 2020-08-07 20:22:01.248837

c68wuimi2pf >> End >> 2020-08-07 20:22:01.390012

3d286kw5u0d >> Start >> 2020-08-07 20:24:25.455939

3d286kw5u0d >> Image Returned >> 2020-08-07 20:24:25.460846

3d286kw5u0d >> End >> 2020-08-07 20:24:25.819941

w7imi6d6ckk >> Start >> 2020-08-07 20:30:27.723462

w7imi6d6ckk >> Image Returned >> 2020-08-07 20:30:27.729273

w7imi6d6ckk >> End >> 2020-08-07 20:30:27.878567

zuuf7tjbrzm >> Start >> 2020-08-07 20:53:26.348388

zuuf7tjbrzm >> Image Returned >> 2020-08-07 20:53:26.352684

zuuf7tjbrzm >> End >> 2020-08-07 20:53:26.495002

dmgcwk6jane >> Start >> 2020-08-07 21:17:21.031244

dmgcwk6jane >> Image Returned >> 2020-08-07 21:17:21.035613

dmgcwk6jane >> End >> 2020-08-07 21:17:21.187139

wjvjhositzv >> Start >> 2020-08-07 21:21:51.341546

wjvjhositzv >> Image Returned >> 2020-08-07 21:21:51.345851

wjvjhositzv >> End >> 2020-08-07 21:21:51.486421

5b5zawm3qut >> Start >> 2020-08-07 21:51:23.202744

5b5zawm3qut >> Image Returned >> 2020-08-07 21:51:23.207082

5b5zawm3qut >> End >> 2020-08-07 21:51:23.356904

07yjys0ujw4 >> Start >> 2020-08-07 21:57:13.366126

07yjys0ujw4 >> Image Returned >> 2020-08-07 21:57:13.369910

07yjys0ujw4 >> End >> 2020-08-07 21:57:13.516840

xbt0y5fvwdh >> Start >> 2020-08-07 22:04:11.801831

xbt0y5fvwdh >> Image Returned >> 2020-08-07 22:04:11.806205

xbt0y5fvwdh >> End >> 2020-08-07 22:04:11.955663

s48n6vu56g8 >> Start >> 2020-08-07 22:07:11.153932

s48n6vu56g8 >> Image Returned >> 2020-08-07 22:07:11.159578

s48n6vu56g8 >> End >> 2020-08-07 22:07:11.305866

jazuo85yif3 >> Start >> 2020-08-07 22:08:44.068726

jazuo85yif3 >> Image Returned >> 2020-08-07 22:08:44.073069

jazuo85yif3 >> End >> 2020-08-07 22:08:44.218344

rnbcmg8zd2w >> Start >> 2020-08-07 22:36:33.927553

rnbcmg8zd2w >> Image Returned >> 2020-08-07 22:36:33.932086

rnbcmg8zd2w >> End >> 2020-08-07 22:36:34.069308

6t0admmnua2 >> Start >> 2020-08-07 23:08:42.386143

6t0admmnua2 >> Image Returned >> 2020-08-07 23:08:42.390822

6t0admmnua2 >> End >> 2020-08-07 23:08:42.531471

kg8apss2v6p >> Start >> 2020-08-07 23:13:40.680852

kg8apss2v6p >> Image Returned >> 2020-08-07 23:13:40.684981

kg8apss2v6p >> End >> 2020-08-07 23:13:40.834979

