mytzwq4ne37 >> Start >> 2020-11-19 00:09:37.165612

mytzwq4ne37 >> Image Returned >> 2020-11-19 00:09:37.169467

mytzwq4ne37 >> End >> 2020-11-19 00:09:37.370259

8pzo2bx74te >> Start >> 2020-11-19 00:14:36.015654

8pzo2bx74te >> Image Returned >> 2020-11-19 00:14:36.019042

8pzo2bx74te >> End >> 2020-11-19 00:14:36.227974

yez0zibn0ob >> Start >> 2020-11-19 00:19:16.834796

yez0zibn0ob >> Image Returned >> 2020-11-19 00:19:16.837846

yez0zibn0ob >> End >> 2020-11-19 00:19:17.028502

iuypgdb4udn >> Start >> 2020-11-19 00:22:26.150168

iuypgdb4udn >> Image Returned >> 2020-11-19 00:22:26.154863

iuypgdb4udn >> End >> 2020-11-19 00:22:26.367679

aho7g8p6u2r >> Start >> 2020-11-19 00:33:23.291949

aho7g8p6u2r >> Image Returned >> 2020-11-19 00:33:23.295479

aho7g8p6u2r >> End >> 2020-11-19 00:33:23.486031

cyivovgkyin >> Start >> 2020-11-19 00:34:09.060645

cyivovgkyin >> Image Returned >> 2020-11-19 00:34:09.063683

cyivovgkyin >> End >> 2020-11-19 00:34:09.269210

2gzyjngprmg >> Start >> 2020-11-19 00:34:18.927608

2gzyjngprmg >> Image Returned >> 2020-11-19 00:34:18.927953

2gzyjngprmg >> End >> 2020-11-19 00:34:19.116746

b2syvz6ems6 >> Start >> 2020-11-19 00:41:54.916053

b2syvz6ems6 >> Image Returned >> 2020-11-19 00:41:54.920327

b2syvz6ems6 >> End >> 2020-11-19 00:41:55.107209

ycr3rupukjb >> Start >> 2020-11-19 00:42:51.800921

ycr3rupukjb >> Image Returned >> 2020-11-19 00:42:51.804230

ycr3rupukjb >> End >> 2020-11-19 00:42:51.999907

xpszvvxc8id >> Start >> 2020-11-19 00:44:23.004055

xpszvvxc8id >> Image Returned >> 2020-11-19 00:44:23.008991

xpszvvxc8id >> End >> 2020-11-19 00:44:23.200999

iok2avnmtk0 >> Start >> 2020-11-19 01:04:08.136264

iok2avnmtk0 >> Image Returned >> 2020-11-19 01:04:08.139458

iok2avnmtk0 >> End >> 2020-11-19 01:04:08.411041

vn5txdzc2to >> Start >> 2020-11-19 01:04:13.573179

vn5txdzc2to >> Image Returned >> 2020-11-19 01:04:13.573466

vn5txdzc2to >> End >> 2020-11-19 01:04:13.833174

m8utsg7667q >> Start >> 2020-11-19 01:04:15.896048

m8utsg7667q >> Image Returned >> 2020-11-19 01:04:15.896346

m8utsg7667q >> End >> 2020-11-19 01:04:16.153680

k7bt4jhpmid >> Start >> 2020-11-19 01:04:35.885472

k7bt4jhpmid >> Image Returned >> 2020-11-19 01:04:35.889151

k7bt4jhpmid >> End >> 2020-11-19 01:04:36.155263

qrfmorwttr0 >> Start >> 2020-11-19 01:04:52.209109

qrfmorwttr0 >> Image Returned >> 2020-11-19 01:04:52.212302

qrfmorwttr0 >> End >> 2020-11-19 01:04:52.445614

nvvsdxhpdmo >> Start >> 2020-11-19 01:20:28.262432

nvvsdxhpdmo >> Image Returned >> 2020-11-19 01:20:28.266468

nvvsdxhpdmo >> End >> 2020-11-19 01:20:28.465684

zsh8d83r7ae >> Start >> 2020-11-19 01:27:45.049835

zsh8d83r7ae >> Image Returned >> 2020-11-19 01:27:45.054635

zsh8d83r7ae >> End >> 2020-11-19 01:27:45.277487

qg5t47u63k6 >> Start >> 2020-11-19 01:29:41.558320

qg5t47u63k6 >> Image Returned >> 2020-11-19 01:29:41.561974

qg5t47u63k6 >> End >> 2020-11-19 01:29:41.759737

b64pviybgah >> Start >> 2020-11-19 01:47:12.412028

b64pviybgah >> Image Returned >> 2020-11-19 01:47:12.415714

b64pviybgah >> End >> 2020-11-19 01:47:12.611920

hvg5t27zegh >> Start >> 2020-11-19 02:02:14.222071

hvg5t27zegh >> Image Returned >> 2020-11-19 02:02:14.226397

hvg5t27zegh >> End >> 2020-11-19 02:02:14.426697

wc0qz5ti8pz >> Start >> 2020-11-19 02:04:50.367769

wc0qz5ti8pz >> Image Returned >> 2020-11-19 02:04:50.371448

wc0qz5ti8pz >> End >> 2020-11-19 02:04:50.559082

6tnagzuzutf >> Start >> 2020-11-19 02:06:00.990607

6tnagzuzutf >> Image Returned >> 2020-11-19 02:06:00.994246

6tnagzuzutf >> End >> 2020-11-19 02:06:01.120064

w34nkk4an36 >> Start >> 2020-11-19 02:06:35.735738

w34nkk4an36 >> Image Returned >> 2020-11-19 02:06:35.739537

w34nkk4an36 >> End >> 2020-11-19 02:06:35.982742

ptpfz6mrsxj >> Start >> 2020-11-19 02:08:11.924690

ptpfz6mrsxj >> Image Returned >> 2020-11-19 02:08:11.929270

ptpfz6mrsxj >> End >> 2020-11-19 02:08:12.133611

quaowjrhp7q >> Start >> 2020-11-19 02:16:57.524060

quaowjrhp7q >> Image Returned >> 2020-11-19 02:16:57.527889

quaowjrhp7q >> End >> 2020-11-19 02:16:57.716429

2gygc6rj3ac >> Start >> 2020-11-19 02:26:10.510080

2gygc6rj3ac >> Image Returned >> 2020-11-19 02:26:10.513195

2gygc6rj3ac >> End >> 2020-11-19 02:26:10.752708

h4u63py8nvk >> Start >> 2020-11-19 02:31:41.396441

h4u63py8nvk >> Image Returned >> 2020-11-19 02:31:41.402103

h4u63py8nvk >> End >> 2020-11-19 02:31:41.619294

6oqh4njma25 >> Start >> 2020-11-19 02:39:16.501171

6oqh4njma25 >> Image Returned >> 2020-11-19 02:39:16.504403

6oqh4njma25 >> End >> 2020-11-19 02:39:16.710006

gc4xnpdvirg >> Start >> 2020-11-19 02:40:10.523634

gc4xnpdvirg >> Image Returned >> 2020-11-19 02:40:10.526742

gc4xnpdvirg >> End >> 2020-11-19 02:40:10.712939

a55pgnerfty >> Start >> 2020-11-19 02:41:17.480905

a55pgnerfty >> Image Returned >> 2020-11-19 02:41:17.484591

a55pgnerfty >> End >> 2020-11-19 02:41:17.669259

6ni65tqcwci >> Start >> 2020-11-19 02:41:21.628061

6ni65tqcwci >> Image Returned >> 2020-11-19 02:41:21.628371

6ni65tqcwci >> End >> 2020-11-19 02:41:21.823123

52i24mouvzc >> Start >> 2020-11-19 02:41:22.206650

52i24mouvzc >> Image Returned >> 2020-11-19 02:41:22.207017

52i24mouvzc >> End >> 2020-11-19 02:41:22.396150

hnf0top0jbb >> Start >> 2020-11-19 02:43:13.035949

hnf0top0jbb >> Image Returned >> 2020-11-19 02:43:13.040213

hnf0top0jbb >> End >> 2020-11-19 02:43:13.235152

i5h5ss4rsxv >> Start >> 2020-11-19 02:59:05.527642

i5h5ss4rsxv >> Image Returned >> 2020-11-19 02:59:05.532560

i5h5ss4rsxv >> End >> 2020-11-19 02:59:05.722280

xejcvzrjkix >> Start >> 2020-11-19 03:03:20.790606

xejcvzrjkix >> Image Returned >> 2020-11-19 03:03:20.794264

xejcvzrjkix >> End >> 2020-11-19 03:03:21.015413

72vg6o7ippd >> Start >> 2020-11-19 04:04:38.488229

72vg6o7ippd >> Image Returned >> 2020-11-19 04:04:38.492520

72vg6o7ippd >> End >> 2020-11-19 04:04:38.691319

3rmy0dpiawt >> Start >> 2020-11-19 04:13:46.941267

3rmy0dpiawt >> Image Returned >> 2020-11-19 04:13:46.944538

3rmy0dpiawt >> End >> 2020-11-19 04:13:47.183850

3umsnv7rhz3 >> Start >> 2020-11-19 04:14:23.213144

3umsnv7rhz3 >> Image Returned >> 2020-11-19 04:14:23.216023

3umsnv7rhz3 >> End >> 2020-11-19 04:14:23.406516

n5tzwnt5p4h >> Start >> 2020-11-19 04:52:49.605415

n5tzwnt5p4h >> Image Returned >> 2020-11-19 04:52:49.611701

n5tzwnt5p4h >> End >> 2020-11-19 04:52:49.812720

xo5fc75pqg6 >> Start >> 2020-11-19 05:34:41.751585

xo5fc75pqg6 >> Image Returned >> 2020-11-19 05:34:41.754926

xo5fc75pqg6 >> End >> 2020-11-19 05:34:41.949244

jo0ympkkfwg >> Start >> 2020-11-19 05:38:03.291449

jo0ympkkfwg >> Image Returned >> 2020-11-19 05:38:03.294337

jo0ympkkfwg >> End >> 2020-11-19 05:38:03.482945

h2kpy8bmd5y >> Start >> 2020-11-19 05:48:41.140369

h2kpy8bmd5y >> Image Returned >> 2020-11-19 05:48:41.144366

h2kpy8bmd5y >> End >> 2020-11-19 05:48:41.369195

23xegkciyt4 >> Start >> 2020-11-19 05:54:24.058769

23xegkciyt4 >> Image Returned >> 2020-11-19 05:54:24.063155

23xegkciyt4 >> End >> 2020-11-19 05:54:24.308397

5j8mmnzv8mp >> Start >> 2020-11-19 06:02:26.079108

5j8mmnzv8mp >> Image Returned >> 2020-11-19 06:02:26.082223

5j8mmnzv8mp >> End >> 2020-11-19 06:02:26.314320

c2q6eibbrro >> Start >> 2020-11-19 06:10:15.177294

c2q6eibbrro >> Image Returned >> 2020-11-19 06:10:15.180223

c2q6eibbrro >> End >> 2020-11-19 06:10:15.305490

52ye34w3dc3 >> Start >> 2020-11-19 06:10:16.183682

52ye34w3dc3 >> Image Returned >> 2020-11-19 06:10:16.184005

52ye34w3dc3 >> End >> 2020-11-19 06:10:16.310446

csgx5qbvovq >> Start >> 2020-11-19 06:25:26.071640

csgx5qbvovq >> Image Returned >> 2020-11-19 06:25:26.075081

csgx5qbvovq >> End >> 2020-11-19 06:25:26.275233

2xxf4r2rfsa >> Start >> 2020-11-19 06:36:00.931030

2xxf4r2rfsa >> Image Returned >> 2020-11-19 06:36:00.934103

2xxf4r2rfsa >> End >> 2020-11-19 06:36:01.122107

kzpuzs0o54i >> Start >> 2020-11-19 06:38:49.021903

kzpuzs0o54i >> Image Returned >> 2020-11-19 06:38:49.025688

kzpuzs0o54i >> End >> 2020-11-19 06:38:49.217103

b4fn4qb6xr3 >> Start >> 2020-11-19 06:38:59.940380

b4fn4qb6xr3 >> Image Returned >> 2020-11-19 06:38:59.940659

b4fn4qb6xr3 >> End >> 2020-11-19 06:39:00.121689

s5k77exak4i >> Start >> 2020-11-19 06:54:29.904500

s5k77exak4i >> Image Returned >> 2020-11-19 06:54:29.908638

s5k77exak4i >> End >> 2020-11-19 06:54:30.102273

m4n5ka4rqqc >> Start >> 2020-11-19 07:00:39.058531

m4n5ka4rqqc >> Image Returned >> 2020-11-19 07:00:39.061841

m4n5ka4rqqc >> End >> 2020-11-19 07:00:39.310616

mxsmd0y0je6 >> Start >> 2020-11-19 07:17:33.430689

mxsmd0y0je6 >> Image Returned >> 2020-11-19 07:17:33.435162

mxsmd0y0je6 >> End >> 2020-11-19 07:17:33.648370

m263g204nsi >> Start >> 2020-11-19 07:19:32.028063

m263g204nsi >> Image Returned >> 2020-11-19 07:19:32.031527

m263g204nsi >> End >> 2020-11-19 07:19:32.221977

bebaq3efp7b >> Start >> 2020-11-19 07:30:49.402487

bebaq3efp7b >> Image Returned >> 2020-11-19 07:30:49.405697

bebaq3efp7b >> End >> 2020-11-19 07:30:49.604413

6wwfci0vidb >> Start >> 2020-11-19 07:41:52.685045

6wwfci0vidb >> Image Returned >> 2020-11-19 07:41:52.689085

6wwfci0vidb >> End >> 2020-11-19 07:41:52.890404

wsx7wkguwxm >> Start >> 2020-11-19 07:45:12.044918

wsx7wkguwxm >> Image Returned >> 2020-11-19 07:45:12.048482

wsx7wkguwxm >> End >> 2020-11-19 07:45:12.237879

mbizkg6dr7h >> Start >> 2020-11-19 07:56:57.033682

mbizkg6dr7h >> Image Returned >> 2020-11-19 07:56:57.037763

mbizkg6dr7h >> End >> 2020-11-19 07:56:57.229814

au3irj2fjvu >> Start >> 2020-11-19 08:00:40.786920

au3irj2fjvu >> Image Returned >> 2020-11-19 08:00:40.790298

au3irj2fjvu >> End >> 2020-11-19 08:00:40.982986

wjmdwmj0dod >> Start >> 2020-11-19 08:01:18.047960

wjmdwmj0dod >> Image Returned >> 2020-11-19 08:01:18.050863

wjmdwmj0dod >> End >> 2020-11-19 08:01:18.247167

mvak0o87j4c >> Start >> 2020-11-19 08:01:56.072840

mvak0o87j4c >> Image Returned >> 2020-11-19 08:01:56.076570

mvak0o87j4c >> End >> 2020-11-19 08:01:56.290175

tfr3mgzzndo >> Start >> 2020-11-19 08:04:09.028677

tfr3mgzzndo >> Image Returned >> 2020-11-19 08:04:09.031800

tfr3mgzzndo >> End >> 2020-11-19 08:04:09.226963

eqk7mdwdddb >> Start >> 2020-11-19 08:06:00.349057

eqk7mdwdddb >> Image Returned >> 2020-11-19 08:06:00.352813

eqk7mdwdddb >> End >> 2020-11-19 08:06:00.544683

0gj8jhn8d07 >> Start >> 2020-11-19 08:07:17.156481

0gj8jhn8d07 >> Image Returned >> 2020-11-19 08:07:17.159440

0gj8jhn8d07 >> End >> 2020-11-19 08:07:17.370055

4u0ztc5zmon >> Start >> 2020-11-19 08:07:26.893584

4u0ztc5zmon >> Image Returned >> 2020-11-19 08:07:26.893897

4u0ztc5zmon >> End >> 2020-11-19 08:07:27.102679

ye8y03djn8z >> Start >> 2020-11-19 08:07:47.274976

ye8y03djn8z >> Image Returned >> 2020-11-19 08:07:47.279468

ye8y03djn8z >> End >> 2020-11-19 08:07:47.491950

sw8vp0o0sxv >> Start >> 2020-11-19 08:10:23.685746

sw8vp0o0sxv >> Image Returned >> 2020-11-19 08:10:23.689009

sw8vp0o0sxv >> End >> 2020-11-19 08:10:23.905313

rq77jra2xy7 >> Start >> 2020-11-19 08:29:04.353229

rq77jra2xy7 >> Image Returned >> 2020-11-19 08:29:04.356240

rq77jra2xy7 >> End >> 2020-11-19 08:29:04.547593

tscpbrzsem3 >> Start >> 2020-11-19 08:30:55.577331

tscpbrzsem3 >> Image Returned >> 2020-11-19 08:30:55.580925

tscpbrzsem3 >> End >> 2020-11-19 08:30:55.774574

f43ggxmksff >> Start >> 2020-11-19 08:31:20.346904

f43ggxmksff >> Image Returned >> 2020-11-19 08:31:20.349850

f43ggxmksff >> End >> 2020-11-19 08:31:20.545641

hy0j50srwwo >> Start >> 2020-11-19 08:31:42.937903

hy0j50srwwo >> Image Returned >> 2020-11-19 08:31:42.941446

hy0j50srwwo >> End >> 2020-11-19 08:31:43.148710

pih3oo00gjr >> Start >> 2020-11-19 08:33:13.610783

pih3oo00gjr >> Image Returned >> 2020-11-19 08:33:13.613775

pih3oo00gjr >> End >> 2020-11-19 08:33:13.834053

djs7qu5w3bz >> Start >> 2020-11-19 08:35:03.669488

djs7qu5w3bz >> Image Returned >> 2020-11-19 08:35:03.673062

djs7qu5w3bz >> End >> 2020-11-19 08:35:03.876267

zuzxf2h5736 >> Start >> 2020-11-19 08:37:34.485924

zuzxf2h5736 >> Image Returned >> 2020-11-19 08:37:34.488986

zuzxf2h5736 >> End >> 2020-11-19 08:37:34.731462

cbtn4xuzydt >> Start >> 2020-11-19 08:38:38.440335

cbtn4xuzydt >> Image Returned >> 2020-11-19 08:38:38.444075

cbtn4xuzydt >> End >> 2020-11-19 08:38:38.639259

zv5mzokr833 >> Start >> 2020-11-19 08:43:24.987382

zv5mzokr833 >> Image Returned >> 2020-11-19 08:43:24.990583

zv5mzokr833 >> End >> 2020-11-19 08:43:25.121387

00u22trb38c >> Start >> 2020-11-19 08:45:56.976382

00u22trb38c >> Image Returned >> 2020-11-19 08:45:56.979736

00u22trb38c >> End >> 2020-11-19 08:45:57.180953

opqv00t45x8 >> Start >> 2020-11-19 08:46:08.736320

opqv00t45x8 >> Image Returned >> 2020-11-19 08:46:08.739309

opqv00t45x8 >> End >> 2020-11-19 08:46:09.206476

d5rcir80qya >> Start >> 2020-11-19 08:49:56.733225

d5rcir80qya >> Image Returned >> 2020-11-19 08:49:56.738209

d5rcir80qya >> End >> 2020-11-19 08:49:56.929805

4j7f8d7ysyb >> Start >> 2020-11-19 08:50:08.152683

4j7f8d7ysyb >> Image Returned >> 2020-11-19 08:50:08.155925

4j7f8d7ysyb >> End >> 2020-11-19 08:50:08.346786

jyv6qq00zoi >> Start >> 2020-11-19 08:55:17.605613

jyv6qq00zoi >> Image Returned >> 2020-11-19 08:55:17.610030

jyv6qq00zoi >> End >> 2020-11-19 08:55:17.802237

ibttea28cr5 >> Start >> 2020-11-19 08:57:29.348516

ibttea28cr5 >> Image Returned >> 2020-11-19 08:57:29.351603

ibttea28cr5 >> End >> 2020-11-19 08:57:29.537890

htwkj5kuceq >> Start >> 2020-11-19 08:58:05.630511

htwkj5kuceq >> Image Returned >> 2020-11-19 08:58:05.633941

htwkj5kuceq >> End >> 2020-11-19 08:58:05.854347

eqay5f64y5a >> Start >> 2020-11-19 08:58:33.052314

eqay5f64y5a >> Image Returned >> 2020-11-19 08:58:33.055932

eqay5f64y5a >> End >> 2020-11-19 08:58:33.269987

xh6iq4iewut >> Start >> 2020-11-19 09:00:27.581043

xh6iq4iewut >> Image Returned >> 2020-11-19 09:00:27.584043

xh6iq4iewut >> End >> 2020-11-19 09:00:27.803417

dfw378i2k8q >> Start >> 2020-11-19 09:01:11.526173

dfw378i2k8q >> Image Returned >> 2020-11-19 09:01:11.529243

dfw378i2k8q >> End >> 2020-11-19 09:01:11.736308

jnipb3cx3mg >> Start >> 2020-11-19 09:02:01.203835

jnipb3cx3mg >> Image Returned >> 2020-11-19 09:02:01.206898

jnipb3cx3mg >> End >> 2020-11-19 09:02:01.451222

7cvg8o34y8g >> Start >> 2020-11-19 09:03:05.917705

7cvg8o34y8g >> Image Returned >> 2020-11-19 09:03:05.921421

7cvg8o34y8g >> End >> 2020-11-19 09:03:06.122246

wygv0oaqkew >> Start >> 2020-11-19 09:03:36.829314

wygv0oaqkew >> Image Returned >> 2020-11-19 09:03:36.832578

wygv0oaqkew >> End >> 2020-11-19 09:03:37.038137

sbnt6jtc3om >> Start >> 2020-11-19 09:05:49.789580

sbnt6jtc3om >> Image Returned >> 2020-11-19 09:05:49.793505

sbnt6jtc3om >> End >> 2020-11-19 09:05:49.981045

mjf3tasykqy >> Start >> 2020-11-19 09:06:33.471154

mjf3tasykqy >> Image Returned >> 2020-11-19 09:06:33.474210

mjf3tasykqy >> End >> 2020-11-19 09:06:33.865684

5t8x8zncwfn >> Start >> 2020-11-19 09:07:06.789113

5t8x8zncwfn >> Image Returned >> 2020-11-19 09:07:06.792479

5t8x8zncwfn >> End >> 2020-11-19 09:07:06.917165

zamuarwc8i8 >> Start >> 2020-11-19 09:10:21.759160

zamuarwc8i8 >> Image Returned >> 2020-11-19 09:10:21.762166

zamuarwc8i8 >> End >> 2020-11-19 09:10:21.984230

y74r7amc07h >> Start >> 2020-11-19 09:11:46.332729

y74r7amc07h >> Image Returned >> 2020-11-19 09:11:46.336040

y74r7amc07h >> End >> 2020-11-19 09:11:46.525645

6bbmp5f375g >> Start >> 2020-11-19 09:12:09.867326

6bbmp5f375g >> Image Returned >> 2020-11-19 09:12:09.870337

6bbmp5f375g >> End >> 2020-11-19 09:12:10.058382

pbqvzynyqtx >> Start >> 2020-11-19 09:12:30.230662

pbqvzynyqtx >> Image Returned >> 2020-11-19 09:12:30.233795

pbqvzynyqtx >> End >> 2020-11-19 09:12:30.437241

fb52ms5quuf >> Start >> 2020-11-19 09:16:36.247423

fb52ms5quuf >> Image Returned >> 2020-11-19 09:16:36.250992

fb52ms5quuf >> End >> 2020-11-19 09:16:36.451139

2onhed5d04d >> Start >> 2020-11-19 09:18:04.701946

2onhed5d04d >> Image Returned >> 2020-11-19 09:18:04.705482

2onhed5d04d >> End >> 2020-11-19 09:18:04.898932

uppy056trhj >> Start >> 2020-11-19 09:18:25.240410

uppy056trhj >> Image Returned >> 2020-11-19 09:18:25.243639

uppy056trhj >> End >> 2020-11-19 09:18:25.443485

cytwp8r86rn >> Start >> 2020-11-19 09:24:02.614814

cytwp8r86rn >> Image Returned >> 2020-11-19 09:24:02.618000

cytwp8r86rn >> End >> 2020-11-19 09:24:02.811011

o8nhodd8hrd >> Start >> 2020-11-19 09:24:57.800081

o8nhodd8hrd >> Image Returned >> 2020-11-19 09:24:57.803445

o8nhodd8hrd >> End >> 2020-11-19 09:24:58.002403

j4yzf4s0mey >> Start >> 2020-11-19 09:25:05.798108

j4yzf4s0mey >> Image Returned >> 2020-11-19 09:25:05.798386

j4yzf4s0mey >> End >> 2020-11-19 09:25:05.998122

jk84zfso6tw >> Start >> 2020-11-19 09:25:37.764290

jk84zfso6tw >> Image Returned >> 2020-11-19 09:25:37.767965

jk84zfso6tw >> End >> 2020-11-19 09:25:37.966706

x4j57nvu6zo >> Start >> 2020-11-19 09:29:31.415117

x4j57nvu6zo >> Image Returned >> 2020-11-19 09:29:31.418231

x4j57nvu6zo >> End >> 2020-11-19 09:29:31.616092

5o5a85ijacj >> Start >> 2020-11-19 09:33:28.425972

5o5a85ijacj >> Image Returned >> 2020-11-19 09:33:28.429083

5o5a85ijacj >> End >> 2020-11-19 09:33:28.554362

tykhrszatr8 >> Start >> 2020-11-19 09:34:11.972129

tykhrszatr8 >> Image Returned >> 2020-11-19 09:34:11.975142

tykhrszatr8 >> End >> 2020-11-19 09:34:12.104686

8kqoku7ekex >> Start >> 2020-11-19 09:34:21.197443

8kqoku7ekex >> Image Returned >> 2020-11-19 09:34:21.197725

8kqoku7ekex >> End >> 2020-11-19 09:34:21.383752

tgwfx376mgw >> Start >> 2020-11-19 09:34:29.698543

tgwfx376mgw >> Image Returned >> 2020-11-19 09:34:29.698827

tgwfx376mgw >> End >> 2020-11-19 09:34:29.901997

rjpk7g3ywiy >> Start >> 2020-11-19 09:41:24.924118

rjpk7g3ywiy >> Image Returned >> 2020-11-19 09:41:24.927923

rjpk7g3ywiy >> End >> 2020-11-19 09:41:25.120095

8ti724p7ecw >> Start >> 2020-11-19 09:41:32.996946

8ti724p7ecw >> Image Returned >> 2020-11-19 09:41:32.997363

8ti724p7ecw >> End >> 2020-11-19 09:41:33.191190

psxfe3nx3r5 >> Start >> 2020-11-19 09:44:06.928771

psxfe3nx3r5 >> Image Returned >> 2020-11-19 09:44:06.933492

psxfe3nx3r5 >> End >> 2020-11-19 09:44:07.152076

o676r5cn88v >> Start >> 2020-11-19 09:44:46.188914

o676r5cn88v >> Image Returned >> 2020-11-19 09:44:46.192154

o676r5cn88v >> End >> 2020-11-19 09:44:46.325793

u4eppbsejvj >> Start >> 2020-11-19 09:47:05.795371

u4eppbsejvj >> Image Returned >> 2020-11-19 09:47:05.798707

u4eppbsejvj >> End >> 2020-11-19 09:47:06.005321

37urypdfbtv >> Start >> 2020-11-19 09:47:32.157032

37urypdfbtv >> Image Returned >> 2020-11-19 09:47:32.160064

37urypdfbtv >> End >> 2020-11-19 09:47:32.355624

mvztdbjg586 >> Start >> 2020-11-19 09:55:14.316589

mvztdbjg586 >> Image Returned >> 2020-11-19 09:55:14.320101

mvztdbjg586 >> End >> 2020-11-19 09:55:14.539746

7zrudsb6x8t >> Start >> 2020-11-19 09:59:28.521543

7zrudsb6x8t >> Image Returned >> 2020-11-19 09:59:28.524599

7zrudsb6x8t >> End >> 2020-11-19 09:59:28.721077

bzj8unugu28 >> Start >> 2020-11-19 10:00:48.742897

bzj8unugu28 >> Image Returned >> 2020-11-19 10:00:48.746675

bzj8unugu28 >> End >> 2020-11-19 10:00:48.938146

y7xajyewjvn >> Start >> 2020-11-19 10:01:39.884146

y7xajyewjvn >> Image Returned >> 2020-11-19 10:01:39.887757

y7xajyewjvn >> End >> 2020-11-19 10:01:40.177732

4oc0m7hbe3c >> Start >> 2020-11-19 10:13:07.224164

4oc0m7hbe3c >> Image Returned >> 2020-11-19 10:13:07.226742

4oc0m7hbe3c >> End >> 2020-11-19 10:13:07.426372

gfvj4ypks50 >> Start >> 2020-11-19 10:14:36.188343

gfvj4ypks50 >> Image Returned >> 2020-11-19 10:14:36.190869

gfvj4ypks50 >> End >> 2020-11-19 10:14:36.411595

8abvau0sebk >> Start >> 2020-11-19 10:17:57.448079

8abvau0sebk >> Image Returned >> 2020-11-19 10:17:57.450884

8abvau0sebk >> End >> 2020-11-19 10:17:57.645925

z2obptjgudt >> Start >> 2020-11-19 10:19:06.261084

z2obptjgudt >> Image Returned >> 2020-11-19 10:19:06.263840

z2obptjgudt >> End >> 2020-11-19 10:19:06.463108

gkuqkgpuypc >> Start >> 2020-11-19 10:19:13.511213

gkuqkgpuypc >> Image Returned >> 2020-11-19 10:19:13.511487

gkuqkgpuypc >> End >> 2020-11-19 10:19:13.715753

3npzytgft0p >> Start >> 2020-11-19 10:21:17.128478

3npzytgft0p >> Image Returned >> 2020-11-19 10:21:17.131052

3npzytgft0p >> End >> 2020-11-19 10:21:17.378990

jow57zw2mdi >> Start >> 2020-11-19 10:21:40.707988

jow57zw2mdi >> Image Returned >> 2020-11-19 10:21:40.710721

jow57zw2mdi >> End >> 2020-11-19 10:21:40.949764

fefvvm0vag0 >> Start >> 2020-11-19 10:21:50.669331

fefvvm0vag0 >> Image Returned >> 2020-11-19 10:21:50.669605

fefvvm0vag0 >> End >> 2020-11-19 10:21:50.792632

3obc5jur67p >> Start >> 2020-11-19 10:24:28.340183

3obc5jur67p >> Image Returned >> 2020-11-19 10:24:28.342763

3obc5jur67p >> End >> 2020-11-19 10:24:28.582019

m2oz4wkqbie >> Start >> 2020-11-19 10:30:03.336374

m2oz4wkqbie >> Image Returned >> 2020-11-19 10:30:03.339020

m2oz4wkqbie >> End >> 2020-11-19 10:30:03.528285

mzzg7bsober >> Start >> 2020-11-19 10:30:27.866600

mzzg7bsober >> Image Returned >> 2020-11-19 10:30:27.869386

mzzg7bsober >> End >> 2020-11-19 10:30:28.080140

cnmzjrgvi3x >> Start >> 2020-11-19 10:36:56.539863

cnmzjrgvi3x >> Image Returned >> 2020-11-19 10:36:56.542526

cnmzjrgvi3x >> End >> 2020-11-19 10:36:56.737780

b5stskx663t >> Start >> 2020-11-19 10:37:12.186542

b5stskx663t >> Image Returned >> 2020-11-19 10:37:12.189121

b5stskx663t >> End >> 2020-11-19 10:37:12.376153

g4jciqddxan >> Start >> 2020-11-19 10:39:06.164916

g4jciqddxan >> Image Returned >> 2020-11-19 10:39:06.167607

g4jciqddxan >> End >> 2020-11-19 10:39:06.381019

remaw7ozksk >> Start >> 2020-11-19 10:43:22.167761

remaw7ozksk >> Image Returned >> 2020-11-19 10:43:22.170552

remaw7ozksk >> End >> 2020-11-19 10:43:22.365266

h5qe3q06ysx >> Start >> 2020-11-19 10:48:18.438553

h5qe3q06ysx >> Image Returned >> 2020-11-19 10:48:18.441170

h5qe3q06ysx >> End >> 2020-11-19 10:48:18.629220

0gs5ajy08rq >> Start >> 2020-11-19 10:48:29.546385

0gs5ajy08rq >> Image Returned >> 2020-11-19 10:48:29.546679

0gs5ajy08rq >> End >> 2020-11-19 10:48:29.732249

2rizzcu5fvz >> Start >> 2020-11-19 10:48:45.183255

2rizzcu5fvz >> Image Returned >> 2020-11-19 10:48:45.185957

2rizzcu5fvz >> End >> 2020-11-19 10:48:45.379364

sgksa2jo0j3 >> Start >> 2020-11-19 10:51:37.781934

sgksa2jo0j3 >> Image Returned >> 2020-11-19 10:51:37.784615

sgksa2jo0j3 >> End >> 2020-11-19 10:51:37.977371

wmsa5e23q77 >> Start >> 2020-11-19 10:53:10.598237

wmsa5e23q77 >> Image Returned >> 2020-11-19 10:53:10.600814

wmsa5e23q77 >> End >> 2020-11-19 10:53:10.788126

sttoorhdzev >> Start >> 2020-11-19 10:54:21.839864

sttoorhdzev >> Image Returned >> 2020-11-19 10:54:21.842797

sttoorhdzev >> End >> 2020-11-19 10:54:22.035218

6r6bxy74oj0 >> Start >> 2020-11-19 10:55:25.076932

6r6bxy74oj0 >> Image Returned >> 2020-11-19 10:55:25.079684

6r6bxy74oj0 >> End >> 2020-11-19 10:55:25.268470

rk8qno86v3s >> Start >> 2020-11-19 10:56:03.110496

rk8qno86v3s >> Image Returned >> 2020-11-19 10:56:03.113204

rk8qno86v3s >> End >> 2020-11-19 10:56:03.371903

0opho5gxecj >> Start >> 2020-11-19 10:56:26.208859

0opho5gxecj >> Image Returned >> 2020-11-19 10:56:26.211455

0opho5gxecj >> End >> 2020-11-19 10:56:26.403441

jaxohbv5foh >> Start >> 2020-11-19 10:56:42.352468

jaxohbv5foh >> Image Returned >> 2020-11-19 10:56:42.355241

jaxohbv5foh >> End >> 2020-11-19 10:56:42.547141

ptsgdup6jfh >> Start >> 2020-11-19 10:58:31.069663

ptsgdup6jfh >> Image Returned >> 2020-11-19 10:58:31.072536

ptsgdup6jfh >> End >> 2020-11-19 10:58:31.267256

xf24e0i4pwy >> Start >> 2020-11-19 11:01:25.870656

xf24e0i4pwy >> Image Returned >> 2020-11-19 11:01:25.874671

xf24e0i4pwy >> End >> 2020-11-19 11:01:26.064434

hvd4ujfrxut >> Start >> 2020-11-19 11:04:41.408051

hvd4ujfrxut >> Image Returned >> 2020-11-19 11:04:41.410962

hvd4ujfrxut >> End >> 2020-11-19 11:04:41.598654

fyjzoackfuj >> Start >> 2020-11-19 11:04:57.035068

fyjzoackfuj >> Image Returned >> 2020-11-19 11:04:57.037700

fyjzoackfuj >> End >> 2020-11-19 11:04:57.232268

cot4ddhzj0g >> Start >> 2020-11-19 11:05:56.601934

cot4ddhzj0g >> Image Returned >> 2020-11-19 11:05:56.604983

cot4ddhzj0g >> End >> 2020-11-19 11:05:56.808536

brbv6886qzh >> Start >> 2020-11-19 11:07:12.182070

brbv6886qzh >> Image Returned >> 2020-11-19 11:07:12.184726

brbv6886qzh >> End >> 2020-11-19 11:07:12.369074

pkkoaanvpmq >> Start >> 2020-11-19 11:07:25.981802

pkkoaanvpmq >> Image Returned >> 2020-11-19 11:07:25.985765

pkkoaanvpmq >> End >> 2020-11-19 11:07:26.180630

7esr7jifise >> Start >> 2020-11-19 11:12:27.503504

7esr7jifise >> Image Returned >> 2020-11-19 11:12:27.506398

7esr7jifise >> End >> 2020-11-19 11:12:27.698048

vqkcpd03hpj >> Start >> 2020-11-19 11:15:35.276829

vqkcpd03hpj >> Image Returned >> 2020-11-19 11:15:35.279472

vqkcpd03hpj >> End >> 2020-11-19 11:15:35.478022

6bftdhmhhaj >> Start >> 2020-11-19 11:15:57.309947

6bftdhmhhaj >> Image Returned >> 2020-11-19 11:15:57.312911

6bftdhmhhaj >> End >> 2020-11-19 11:15:57.509892

ontcci6hr3z >> Start >> 2020-11-19 11:15:58.179989

ontcci6hr3z >> Image Returned >> 2020-11-19 11:15:58.180264

ontcci6hr3z >> End >> 2020-11-19 11:15:58.396666

wiocbi4aoz6 >> Start >> 2020-11-19 11:16:03.990312

wiocbi4aoz6 >> Image Returned >> 2020-11-19 11:16:03.990582

wiocbi4aoz6 >> End >> 2020-11-19 11:16:04.206269

6ykox0xj84f >> Start >> 2020-11-19 11:20:12.669356

6ykox0xj84f >> Image Returned >> 2020-11-19 11:20:12.672214

6ykox0xj84f >> End >> 2020-11-19 11:20:12.935137

fkgxdiypsv3 >> Start >> 2020-11-19 11:23:19.801683

fkgxdiypsv3 >> Image Returned >> 2020-11-19 11:23:19.805001

fkgxdiypsv3 >> End >> 2020-11-19 11:23:20.021243

xbjoyyv8tg2 >> Start >> 2020-11-19 11:29:23.440395

xbjoyyv8tg2 >> Image Returned >> 2020-11-19 11:29:23.443026

xbjoyyv8tg2 >> End >> 2020-11-19 11:29:23.723903

c3yctrpj68v >> Start >> 2020-11-19 11:30:08.752438

c3yctrpj68v >> Image Returned >> 2020-11-19 11:30:08.755320

c3yctrpj68v >> End >> 2020-11-19 11:30:08.949965

gm5266jocyg >> Start >> 2020-11-19 11:30:39.588833

gm5266jocyg >> Image Returned >> 2020-11-19 11:30:39.591537

gm5266jocyg >> End >> 2020-11-19 11:30:39.796257

i375z0omdeu >> Start >> 2020-11-19 11:30:41.113590

i375z0omdeu >> Image Returned >> 2020-11-19 11:30:41.113972

i375z0omdeu >> End >> 2020-11-19 11:30:41.303585

vvmj2kcya42 >> Start >> 2020-11-19 11:32:16.391575

vvmj2kcya42 >> Image Returned >> 2020-11-19 11:32:16.394450

vvmj2kcya42 >> End >> 2020-11-19 11:32:16.599736

7i5mofc8vob >> Start >> 2020-11-19 11:37:01.385277

7i5mofc8vob >> Image Returned >> 2020-11-19 11:37:01.387891

7i5mofc8vob >> End >> 2020-11-19 11:37:01.589586

oex25mh68nz >> Start >> 2020-11-19 11:37:04.600065

oex25mh68nz >> Image Returned >> 2020-11-19 11:37:04.600362

oex25mh68nz >> End >> 2020-11-19 11:37:04.725344

kjj6t85c0cb >> Start >> 2020-11-19 11:39:12.943588

kjj6t85c0cb >> Image Returned >> 2020-11-19 11:39:12.946271

kjj6t85c0cb >> End >> 2020-11-19 11:39:13.146867

opf3t74ybfb >> Start >> 2020-11-19 11:41:33.059387

opf3t74ybfb >> Image Returned >> 2020-11-19 11:41:33.062278

opf3t74ybfb >> End >> 2020-11-19 11:41:33.245825

bm7uxm68q3o >> Start >> 2020-11-19 11:44:44.331173

bm7uxm68q3o >> Image Returned >> 2020-11-19 11:44:44.334537

bm7uxm68q3o >> End >> 2020-11-19 11:44:44.535095

cfrb74k53xs >> Start >> 2020-11-19 11:45:40.598120

cfrb74k53xs >> Image Returned >> 2020-11-19 11:45:40.600764

cfrb74k53xs >> End >> 2020-11-19 11:45:40.726739

xg6cx0qedu0 >> Start >> 2020-11-19 12:00:54.230034

xg6cx0qedu0 >> Image Returned >> 2020-11-19 12:00:54.233033

xg6cx0qedu0 >> End >> 2020-11-19 12:00:54.465339

4fh556i2owu >> Start >> 2020-11-19 12:03:28.048641

4fh556i2owu >> Image Returned >> 2020-11-19 12:03:28.051397

4fh556i2owu >> End >> 2020-11-19 12:03:28.247441

xtw0pxskzbi >> Start >> 2020-11-19 12:03:31.430591

xtw0pxskzbi >> Image Returned >> 2020-11-19 12:03:31.430866

xtw0pxskzbi >> End >> 2020-11-19 12:03:31.616357

bkeuj0guq8j >> Start >> 2020-11-19 12:03:32.047401

bkeuj0guq8j >> Image Returned >> 2020-11-19 12:03:32.047703

bkeuj0guq8j >> End >> 2020-11-19 12:03:32.233463

dxi0mkbonhf >> Start >> 2020-11-19 12:10:50.705337

dxi0mkbonhf >> Image Returned >> 2020-11-19 12:10:50.709661

dxi0mkbonhf >> End >> 2020-11-19 12:10:50.969959

2s4oh3qw2uf >> Start >> 2020-11-19 12:11:17.169826

2s4oh3qw2uf >> Image Returned >> 2020-11-19 12:11:17.172604

2s4oh3qw2uf >> End >> 2020-11-19 12:11:17.362837

8s37p374q4w >> Start >> 2020-11-19 12:13:17.001076

8s37p374q4w >> Image Returned >> 2020-11-19 12:13:17.004014

8s37p374q4w >> End >> 2020-11-19 12:13:17.197834

ep7wpbuc002 >> Start >> 2020-11-19 12:14:54.811283

ep7wpbuc002 >> Image Returned >> 2020-11-19 12:14:54.814202

ep7wpbuc002 >> End >> 2020-11-19 12:14:55.007473

qzanj6a2ije >> Start >> 2020-11-19 12:16:04.675973

qzanj6a2ije >> Image Returned >> 2020-11-19 12:16:04.678658

qzanj6a2ije >> End >> 2020-11-19 12:16:04.871710

tbfhh2a7d8v >> Start >> 2020-11-19 12:19:11.832493

tbfhh2a7d8v >> Image Returned >> 2020-11-19 12:19:11.835196

tbfhh2a7d8v >> End >> 2020-11-19 12:19:12.022753

f6jz0kw2w8n >> Start >> 2020-11-19 12:19:15.960256

f6jz0kw2w8n >> Image Returned >> 2020-11-19 12:19:15.960530

f6jz0kw2w8n >> End >> 2020-11-19 12:19:16.151859

wyjrxm0udih >> Start >> 2020-11-19 12:20:29.032629

wyjrxm0udih >> Image Returned >> 2020-11-19 12:20:29.035361

wyjrxm0udih >> End >> 2020-11-19 12:20:29.228069

ftydjxpum63 >> Start >> 2020-11-19 12:20:38.833199

ftydjxpum63 >> Image Returned >> 2020-11-19 12:20:38.833482

ftydjxpum63 >> End >> 2020-11-19 12:20:39.018908

7tbimcj50ck >> Start >> 2020-11-19 12:23:06.015161

7tbimcj50ck >> Image Returned >> 2020-11-19 12:23:06.018635

7tbimcj50ck >> End >> 2020-11-19 12:23:06.210544

4mibhij23we >> Start >> 2020-11-19 12:23:46.425420

4mibhij23we >> Image Returned >> 2020-11-19 12:23:46.428327

4mibhij23we >> End >> 2020-11-19 12:23:46.622677

qnh3op5coux >> Start >> 2020-11-19 12:24:34.063680

qnh3op5coux >> Image Returned >> 2020-11-19 12:24:34.066373

qnh3op5coux >> End >> 2020-11-19 12:24:34.261149

j8d2cas2s3o >> Start >> 2020-11-19 12:25:51.280196

j8d2cas2s3o >> Image Returned >> 2020-11-19 12:25:51.283143

j8d2cas2s3o >> End >> 2020-11-19 12:25:51.480386

7npx4tw6d74 >> Start >> 2020-11-19 12:26:40.827197

7npx4tw6d74 >> Image Returned >> 2020-11-19 12:26:40.829948

7npx4tw6d74 >> End >> 2020-11-19 12:26:41.022212

4sbs4kb5ga5 >> Start >> 2020-11-19 12:29:14.312968

4sbs4kb5ga5 >> Image Returned >> 2020-11-19 12:29:14.315823

4sbs4kb5ga5 >> End >> 2020-11-19 12:29:14.516937

86kxhk4rj6i >> Start >> 2020-11-19 12:30:01.990098

86kxhk4rj6i >> Image Returned >> 2020-11-19 12:30:01.992960

86kxhk4rj6i >> End >> 2020-11-19 12:30:02.200938

er0zo2h6yy4 >> Start >> 2020-11-19 12:31:03.268965

er0zo2h6yy4 >> Image Returned >> 2020-11-19 12:31:03.271622

er0zo2h6yy4 >> End >> 2020-11-19 12:31:03.460226

c225iyo46a7 >> Start >> 2020-11-19 12:31:45.792803

c225iyo46a7 >> Image Returned >> 2020-11-19 12:31:45.795624

c225iyo46a7 >> End >> 2020-11-19 12:31:45.995774

bjdv2n3er2k >> Start >> 2020-11-19 12:32:46.621217

bjdv2n3er2k >> Image Returned >> 2020-11-19 12:32:46.625988

bjdv2n3er2k >> End >> 2020-11-19 12:32:46.818928

2dwknoknwf8 >> Start >> 2020-11-19 12:34:03.496563

2dwknoknwf8 >> Image Returned >> 2020-11-19 12:34:03.499275

2dwknoknwf8 >> End >> 2020-11-19 12:34:03.705039

q2j80jk0hsm >> Start >> 2020-11-19 12:36:56.898102

q2j80jk0hsm >> Image Returned >> 2020-11-19 12:36:56.902564

q2j80jk0hsm >> End >> 2020-11-19 12:36:57.094135

sop42wt38m2 >> Start >> 2020-11-19 12:46:39.375547

sop42wt38m2 >> Image Returned >> 2020-11-19 12:46:39.378254

sop42wt38m2 >> End >> 2020-11-19 12:46:39.584712

sa36wnj0jnx >> Start >> 2020-11-19 12:46:44.081402

sa36wnj0jnx >> Image Returned >> 2020-11-19 12:46:44.081705

sa36wnj0jnx >> End >> 2020-11-19 12:46:44.272559

rqv6wye5o37 >> Start >> 2020-11-19 12:47:47.681827

rqv6wye5o37 >> Image Returned >> 2020-11-19 12:47:47.684727

rqv6wye5o37 >> End >> 2020-11-19 12:47:47.897351

jzao7rtae8f >> Start >> 2020-11-19 12:53:03.820574

jzao7rtae8f >> Image Returned >> 2020-11-19 12:53:03.824004

jzao7rtae8f >> End >> 2020-11-19 12:53:04.010821

tucn2rcsbdf >> Start >> 2020-11-19 12:54:33.472245

tucn2rcsbdf >> Image Returned >> 2020-11-19 12:54:33.474946

tucn2rcsbdf >> End >> 2020-11-19 12:54:33.680711

777uvzzgmyr >> Start >> 2020-11-19 13:01:30.473016

777uvzzgmyr >> Image Returned >> 2020-11-19 13:01:30.475761

777uvzzgmyr >> End >> 2020-11-19 13:01:30.678558

aqqkms46jzc >> Start >> 2020-11-19 13:02:33.753169

aqqkms46jzc >> Image Returned >> 2020-11-19 13:02:33.756272

aqqkms46jzc >> End >> 2020-11-19 13:02:33.996890

cg6tfmjn823 >> Start >> 2020-11-19 13:02:35.645261

cg6tfmjn823 >> Image Returned >> 2020-11-19 13:02:35.645545

cg6tfmjn823 >> End >> 2020-11-19 13:02:35.842956

iuv4h7bzcrj >> Start >> 2020-11-19 13:05:28.523260

iuv4h7bzcrj >> Image Returned >> 2020-11-19 13:05:28.525959

iuv4h7bzcrj >> End >> 2020-11-19 13:05:28.718405

jiu6d5m3d0x >> Start >> 2020-11-19 13:06:32.131104

jiu6d5m3d0x >> Image Returned >> 2020-11-19 13:06:32.134171

jiu6d5m3d0x >> End >> 2020-11-19 13:06:32.330250

or47ghjia4w >> Start >> 2020-11-19 13:07:18.340563

or47ghjia4w >> Image Returned >> 2020-11-19 13:07:18.343425

or47ghjia4w >> End >> 2020-11-19 13:07:18.546755

oxky2jjd28t >> Start >> 2020-11-19 13:07:52.833297

oxky2jjd28t >> Image Returned >> 2020-11-19 13:07:52.836075

oxky2jjd28t >> End >> 2020-11-19 13:07:53.049951

8dbqpnycq5s >> Start >> 2020-11-19 13:09:01.866370

8dbqpnycq5s >> Image Returned >> 2020-11-19 13:09:01.869081

8dbqpnycq5s >> End >> 2020-11-19 13:09:02.127711

eds0f7do4mk >> Start >> 2020-11-19 13:11:05.427654

eds0f7do4mk >> Image Returned >> 2020-11-19 13:11:05.430496

eds0f7do4mk >> End >> 2020-11-19 13:11:05.620526

3yirhyti0qz >> Start >> 2020-11-19 13:15:42.612046

3yirhyti0qz >> Image Returned >> 2020-11-19 13:15:42.615015

3yirhyti0qz >> End >> 2020-11-19 13:15:42.809250

icd4vp8u3ht >> Start >> 2020-11-19 13:16:26.471529

icd4vp8u3ht >> Image Returned >> 2020-11-19 13:16:26.474363

icd4vp8u3ht >> End >> 2020-11-19 13:16:26.666760

3t0suomadp5 >> Start >> 2020-11-19 13:20:31.523256

3t0suomadp5 >> Image Returned >> 2020-11-19 13:20:31.526206

3t0suomadp5 >> End >> 2020-11-19 13:20:31.719207

y80kmvpjpee >> Start >> 2020-11-19 13:24:42.760998

y80kmvpjpee >> Image Returned >> 2020-11-19 13:24:42.763701

y80kmvpjpee >> End >> 2020-11-19 13:24:42.948190

zr8kvjoambx >> Start >> 2020-11-19 13:24:44.556894

zr8kvjoambx >> Image Returned >> 2020-11-19 13:24:44.557177

zr8kvjoambx >> End >> 2020-11-19 13:24:44.752986

qgycvmeg8uc >> Start >> 2020-11-19 13:25:55.002531

qgycvmeg8uc >> Image Returned >> 2020-11-19 13:25:55.005367

qgycvmeg8uc >> End >> 2020-11-19 13:25:55.418999

824nvsk8cgd >> Start >> 2020-11-19 13:26:08.292186

824nvsk8cgd >> Image Returned >> 2020-11-19 13:26:08.294889

824nvsk8cgd >> End >> 2020-11-19 13:26:08.554826

5ktim55x734 >> Start >> 2020-11-19 13:27:58.428584

5ktim55x734 >> Image Returned >> 2020-11-19 13:27:58.431271

5ktim55x734 >> End >> 2020-11-19 13:27:58.624341

ktsz6tscdms >> Start >> 2020-11-19 13:28:21.302826

ktsz6tscdms >> Image Returned >> 2020-11-19 13:28:21.305461

ktsz6tscdms >> End >> 2020-11-19 13:28:21.505420

kfw23kmdjis >> Start >> 2020-11-19 13:31:39.208302

kfw23kmdjis >> Image Returned >> 2020-11-19 13:31:39.211035

kfw23kmdjis >> End >> 2020-11-19 13:31:39.430810

ox868rp7xd6 >> Start >> 2020-11-19 13:32:06.743227

ox868rp7xd6 >> Image Returned >> 2020-11-19 13:32:06.746088

ox868rp7xd6 >> End >> 2020-11-19 13:32:06.938848

bjbh7a0s88o >> Start >> 2020-11-19 13:32:44.162184

bjbh7a0s88o >> Image Returned >> 2020-11-19 13:32:44.165014

bjbh7a0s88o >> End >> 2020-11-19 13:32:44.353416

qcnczse5djg >> Start >> 2020-11-19 13:33:36.820837

qcnczse5djg >> Image Returned >> 2020-11-19 13:33:36.823852

qcnczse5djg >> End >> 2020-11-19 13:33:37.031328

zp220exyp46 >> Start >> 2020-11-19 13:37:18.279582

zp220exyp46 >> Image Returned >> 2020-11-19 13:37:18.282473

zp220exyp46 >> End >> 2020-11-19 13:37:18.486903

hdvq42cpq74 >> Start >> 2020-11-19 13:42:28.950539

hdvq42cpq74 >> Image Returned >> 2020-11-19 13:42:28.954025

hdvq42cpq74 >> End >> 2020-11-19 13:42:29.140614

74ewbwxurtg >> Start >> 2020-11-19 13:42:43.625233

74ewbwxurtg >> Image Returned >> 2020-11-19 13:42:43.627993

74ewbwxurtg >> End >> 2020-11-19 13:42:43.826745

0cpqvqyov5z >> Start >> 2020-11-19 13:46:53.953203

0cpqvqyov5z >> Image Returned >> 2020-11-19 13:46:53.956145

0cpqvqyov5z >> End >> 2020-11-19 13:46:54.151776

panfmrghotb >> Start >> 2020-11-19 13:51:35.715215

panfmrghotb >> Image Returned >> 2020-11-19 13:51:35.718048

panfmrghotb >> End >> 2020-11-19 13:51:35.906990

0wb6u4otnvp >> Start >> 2020-11-19 14:04:52.639012

0wb6u4otnvp >> Image Returned >> 2020-11-19 14:04:52.641982

0wb6u4otnvp >> End >> 2020-11-19 14:04:52.863617

v3mxqckfft4 >> Start >> 2020-11-19 14:10:14.052190

v3mxqckfft4 >> Image Returned >> 2020-11-19 14:10:14.055001

v3mxqckfft4 >> End >> 2020-11-19 14:10:14.249866

uat5wfxnprb >> Start >> 2020-11-19 14:10:39.847012

uat5wfxnprb >> Image Returned >> 2020-11-19 14:10:39.850657

uat5wfxnprb >> End >> 2020-11-19 14:10:40.051331

2e0c0hnjaqv >> Start >> 2020-11-19 14:13:09.191122

2e0c0hnjaqv >> Image Returned >> 2020-11-19 14:13:09.193883

2e0c0hnjaqv >> End >> 2020-11-19 14:13:09.407018

pw0ygkjkqay >> Start >> 2020-11-19 14:17:21.904160

pw0ygkjkqay >> Image Returned >> 2020-11-19 14:17:21.907696

pw0ygkjkqay >> End >> 2020-11-19 14:17:22.102478

0si7fe3kuz5 >> Start >> 2020-11-19 14:17:27.147160

0si7fe3kuz5 >> Image Returned >> 2020-11-19 14:17:27.147433

0si7fe3kuz5 >> End >> 2020-11-19 14:17:27.352217

h27hn604rai >> Start >> 2020-11-19 14:20:19.833786

h27hn604rai >> Image Returned >> 2020-11-19 14:20:19.836744

h27hn604rai >> End >> 2020-11-19 14:20:20.029445

gpx78nvvj72 >> Start >> 2020-11-19 14:23:04.738452

gpx78nvvj72 >> Image Returned >> 2020-11-19 14:23:04.741940

gpx78nvvj72 >> End >> 2020-11-19 14:23:04.934727

odupenik88k >> Start >> 2020-11-19 14:23:37.328437

odupenik88k >> Image Returned >> 2020-11-19 14:23:37.331151

odupenik88k >> End >> 2020-11-19 14:23:37.533828

vjwsbxo2ait >> Start >> 2020-11-19 14:23:48.748466

vjwsbxo2ait >> Image Returned >> 2020-11-19 14:23:48.748764

vjwsbxo2ait >> End >> 2020-11-19 14:23:48.939333

8pig4aui6fz >> Start >> 2020-11-19 14:23:56.378103

8pig4aui6fz >> Image Returned >> 2020-11-19 14:23:56.378379

8pig4aui6fz >> End >> 2020-11-19 14:23:56.580867

5xyixhapb5b >> Start >> 2020-11-19 14:23:56.784950

5xyixhapb5b >> Image Returned >> 2020-11-19 14:23:56.785238

5xyixhapb5b >> End >> 2020-11-19 14:23:57.029437

3dff7nqofyr >> Start >> 2020-11-19 14:24:31.288486

3dff7nqofyr >> Image Returned >> 2020-11-19 14:24:31.291532

3dff7nqofyr >> End >> 2020-11-19 14:24:31.492603

zu57a7sws4z >> Start >> 2020-11-19 14:25:27.810237

zu57a7sws4z >> Image Returned >> 2020-11-19 14:25:27.813219

zu57a7sws4z >> End >> 2020-11-19 14:25:28.019645

j27qp8msitn >> Start >> 2020-11-19 14:26:28.690466

j27qp8msitn >> Image Returned >> 2020-11-19 14:26:28.693346

j27qp8msitn >> End >> 2020-11-19 14:26:28.918209

af8s5g5hr2s >> Start >> 2020-11-19 14:29:51.552261

af8s5g5hr2s >> Image Returned >> 2020-11-19 14:29:51.556960

af8s5g5hr2s >> End >> 2020-11-19 14:29:51.776633

8b64xgapdrt >> Start >> 2020-11-19 14:31:31.945863

8b64xgapdrt >> Image Returned >> 2020-11-19 14:31:31.948600

8b64xgapdrt >> End >> 2020-11-19 14:31:32.134449

ntuopoye24v >> Start >> 2020-11-19 14:31:54.289964

ntuopoye24v >> Image Returned >> 2020-11-19 14:31:54.292809

ntuopoye24v >> End >> 2020-11-19 14:31:54.489411

0476n7p0ifv >> Start >> 2020-11-19 14:32:18.247812

0476n7p0ifv >> Image Returned >> 2020-11-19 14:32:18.250638

0476n7p0ifv >> End >> 2020-11-19 14:32:18.440191

0jb30etywob >> Start >> 2020-11-19 14:34:33.883284

0jb30etywob >> Image Returned >> 2020-11-19 14:34:33.886159

0jb30etywob >> End >> 2020-11-19 14:34:34.103898

b5dku45wogm >> Start >> 2020-11-19 14:35:24.305423

b5dku45wogm >> Image Returned >> 2020-11-19 14:35:24.308356

b5dku45wogm >> End >> 2020-11-19 14:35:24.508366

g4ikd24rpop >> Start >> 2020-11-19 14:38:00.664505

g4ikd24rpop >> Image Returned >> 2020-11-19 14:38:00.667642

g4ikd24rpop >> End >> 2020-11-19 14:38:00.874980

03n7gpbti4m >> Start >> 2020-11-19 14:43:17.469662

03n7gpbti4m >> Image Returned >> 2020-11-19 14:43:17.472959

03n7gpbti4m >> End >> 2020-11-19 14:43:17.668113

jihu0xnhe6u >> Start >> 2020-11-19 14:46:43.751377

jihu0xnhe6u >> Image Returned >> 2020-11-19 14:46:43.754350

jihu0xnhe6u >> End >> 2020-11-19 14:46:43.954000

2n568yno0z7 >> Start >> 2020-11-19 14:48:57.811661

2n568yno0z7 >> Image Returned >> 2020-11-19 14:48:57.816787

2n568yno0z7 >> End >> 2020-11-19 14:48:58.031578

hu0h2tcug3s >> Start >> 2020-11-19 14:54:27.660772

hu0h2tcug3s >> Image Returned >> 2020-11-19 14:54:27.664110

hu0h2tcug3s >> End >> 2020-11-19 14:54:27.897258

gdtnwx256b8 >> Start >> 2020-11-19 14:56:42.763098

gdtnwx256b8 >> Image Returned >> 2020-11-19 14:56:42.766149

gdtnwx256b8 >> End >> 2020-11-19 14:56:42.953030

cb875ndqr8s >> Start >> 2020-11-19 14:58:40.435336

cb875ndqr8s >> Image Returned >> 2020-11-19 14:58:40.438570

cb875ndqr8s >> End >> 2020-11-19 14:58:40.634043

w48cn56sed3 >> Start >> 2020-11-19 15:02:44.696284

w48cn56sed3 >> Image Returned >> 2020-11-19 15:02:44.699424

w48cn56sed3 >> End >> 2020-11-19 15:02:44.897191

23zxd8tqnvn >> Start >> 2020-11-19 15:06:13.809798

23zxd8tqnvn >> Image Returned >> 2020-11-19 15:06:13.812722

23zxd8tqnvn >> End >> 2020-11-19 15:06:14.006905

25keeewd02p >> Start >> 2020-11-19 15:08:28.247060

25keeewd02p >> Image Returned >> 2020-11-19 15:08:28.250154

25keeewd02p >> End >> 2020-11-19 15:08:28.452718

ynpu6m2s82w >> Start >> 2020-11-19 15:08:31.598723

ynpu6m2s82w >> Image Returned >> 2020-11-19 15:08:31.599021

ynpu6m2s82w >> End >> 2020-11-19 15:08:31.803158

5nyevzcj4uj >> Start >> 2020-11-19 15:08:50.492712

5nyevzcj4uj >> Image Returned >> 2020-11-19 15:08:50.496640

5nyevzcj4uj >> End >> 2020-11-19 15:08:50.699120

ym5j2rfub7m >> Start >> 2020-11-19 15:10:03.820442

ym5j2rfub7m >> Image Returned >> 2020-11-19 15:10:03.824606

ym5j2rfub7m >> End >> 2020-11-19 15:10:04.035300

ka55ggpxr3e >> Start >> 2020-11-19 15:15:53.396692

ka55ggpxr3e >> Image Returned >> 2020-11-19 15:15:53.400300

ka55ggpxr3e >> End >> 2020-11-19 15:15:53.622582

etvawn6unxe >> Start >> 2020-11-19 15:19:18.360574

etvawn6unxe >> Image Returned >> 2020-11-19 15:19:18.363579

etvawn6unxe >> End >> 2020-11-19 15:19:18.573462

3ermp4ki20e >> Start >> 2020-11-19 15:19:24.710129

3ermp4ki20e >> Image Returned >> 2020-11-19 15:19:24.710549

3ermp4ki20e >> End >> 2020-11-19 15:19:24.896521

sg0sit6cnib >> Start >> 2020-11-19 15:22:28.483494

sg0sit6cnib >> Image Returned >> 2020-11-19 15:22:28.486556

sg0sit6cnib >> End >> 2020-11-19 15:22:28.693042

zc64jo0ezvf >> Start >> 2020-11-19 15:31:21.519459

zc64jo0ezvf >> Image Returned >> 2020-11-19 15:31:21.522368

zc64jo0ezvf >> End >> 2020-11-19 15:31:21.737288

snb266y02hg >> Start >> 2020-11-19 15:37:57.978643

snb266y02hg >> Image Returned >> 2020-11-19 15:37:57.981746

snb266y02hg >> End >> 2020-11-19 15:37:58.172825

fzdzh7wo03s >> Start >> 2020-11-19 15:39:25.172173

fzdzh7wo03s >> Image Returned >> 2020-11-19 15:39:25.175127

fzdzh7wo03s >> End >> 2020-11-19 15:39:25.384856

ofwsgar6ry8 >> Start >> 2020-11-19 15:41:44.514848

ofwsgar6ry8 >> Image Returned >> 2020-11-19 15:41:44.517977

ofwsgar6ry8 >> End >> 2020-11-19 15:41:44.714416

7xedt7bqz6c >> Start >> 2020-11-19 15:42:08.269404

7xedt7bqz6c >> Image Returned >> 2020-11-19 15:42:08.272593

7xedt7bqz6c >> End >> 2020-11-19 15:42:08.465708

gttn5em28pb >> Start >> 2020-11-19 15:42:29.713748

gttn5em28pb >> Image Returned >> 2020-11-19 15:42:29.716950

gttn5em28pb >> End >> 2020-11-19 15:42:29.910919

8ntbm2ompxi >> Start >> 2020-11-19 15:42:40.388816

8ntbm2ompxi >> Image Returned >> 2020-11-19 15:42:40.389111

8ntbm2ompxi >> End >> 2020-11-19 15:42:40.638897

dk8trqpyfdp >> Start >> 2020-11-19 15:44:22.417901

dk8trqpyfdp >> Image Returned >> 2020-11-19 15:44:22.421104

dk8trqpyfdp >> End >> 2020-11-19 15:44:22.639060

2ddvi7x3zbg >> Start >> 2020-11-19 15:47:34.855227

2ddvi7x3zbg >> Image Returned >> 2020-11-19 15:47:34.858347

2ddvi7x3zbg >> End >> 2020-11-19 15:47:35.042383

sjh8xcckbcr >> Start >> 2020-11-19 15:50:38.683772

sjh8xcckbcr >> Image Returned >> 2020-11-19 15:50:38.686733

sjh8xcckbcr >> End >> 2020-11-19 15:50:38.882385

rfpo4m6jw7c >> Start >> 2020-11-19 15:51:05.877048

rfpo4m6jw7c >> Image Returned >> 2020-11-19 15:51:05.880230

rfpo4m6jw7c >> End >> 2020-11-19 15:51:06.067862

03oyn7iojkx >> Start >> 2020-11-19 15:51:16.984538

03oyn7iojkx >> Image Returned >> 2020-11-19 15:51:16.984838

03oyn7iojkx >> End >> 2020-11-19 15:51:17.185842

pom70aajsg0 >> Start >> 2020-11-19 15:51:57.756573

pom70aajsg0 >> Image Returned >> 2020-11-19 15:51:57.759618

pom70aajsg0 >> End >> 2020-11-19 15:51:57.975615

666nrqxihtx >> Start >> 2020-11-19 15:54:21.333884

666nrqxihtx >> Image Returned >> 2020-11-19 15:54:21.337135

666nrqxihtx >> End >> 2020-11-19 15:54:21.526714

2e7nkakwz8o >> Start >> 2020-11-19 15:58:58.711508

2e7nkakwz8o >> Image Returned >> 2020-11-19 15:58:58.714575

2e7nkakwz8o >> End >> 2020-11-19 15:58:58.917243

6oe4kmm5dcm >> Start >> 2020-11-19 16:00:20.737864

6oe4kmm5dcm >> Image Returned >> 2020-11-19 16:00:20.740664

6oe4kmm5dcm >> End >> 2020-11-19 16:00:20.935491

x6fszu6jdri >> Start >> 2020-11-19 16:02:25.107059

x6fszu6jdri >> Image Returned >> 2020-11-19 16:02:25.109903

x6fszu6jdri >> End >> 2020-11-19 16:02:25.315676

yqhhojv2d0r >> Start >> 2020-11-19 16:03:35.243108

yqhhojv2d0r >> Image Returned >> 2020-11-19 16:03:35.246133

yqhhojv2d0r >> End >> 2020-11-19 16:03:35.471466

wzjked34m0b >> Start >> 2020-11-19 16:06:47.391438

wzjked34m0b >> Image Returned >> 2020-11-19 16:06:47.394792

wzjked34m0b >> End >> 2020-11-19 16:06:47.603060

3tghpu60gnf >> Start >> 2020-11-19 16:08:22.212912

3tghpu60gnf >> Image Returned >> 2020-11-19 16:08:22.215861

3tghpu60gnf >> End >> 2020-11-19 16:08:22.415373

dryzrdmzxtr >> Start >> 2020-11-19 16:09:41.838953

dryzrdmzxtr >> Image Returned >> 2020-11-19 16:09:41.841859

dryzrdmzxtr >> End >> 2020-11-19 16:09:42.025583

p55s6sgstab >> Start >> 2020-11-19 16:18:43.335031

p55s6sgstab >> Image Returned >> 2020-11-19 16:18:43.338071

p55s6sgstab >> End >> 2020-11-19 16:18:43.464839

wcpuyqrupoo >> Start >> 2020-11-19 16:23:57.962867

wcpuyqrupoo >> Image Returned >> 2020-11-19 16:23:57.966216

wcpuyqrupoo >> End >> 2020-11-19 16:23:58.156085

ywn8cqg7svk >> Start >> 2020-11-19 16:25:06.736183

ywn8cqg7svk >> Image Returned >> 2020-11-19 16:25:06.739444

ywn8cqg7svk >> End >> 2020-11-19 16:25:06.867290

urqra4okixz >> Start >> 2020-11-19 16:27:05.691698

urqra4okixz >> Image Returned >> 2020-11-19 16:27:05.695035

urqra4okixz >> End >> 2020-11-19 16:27:05.892221

isbb7srn8ew >> Start >> 2020-11-19 16:28:52.900088

isbb7srn8ew >> Image Returned >> 2020-11-19 16:28:52.903364

isbb7srn8ew >> End >> 2020-11-19 16:28:53.141072

gvpagh5sqp6 >> Start >> 2020-11-19 16:30:25.643747

gvpagh5sqp6 >> Image Returned >> 2020-11-19 16:30:25.646785

gvpagh5sqp6 >> End >> 2020-11-19 16:30:25.872005

48vbdpie60m >> Start >> 2020-11-19 16:32:00.909717

48vbdpie60m >> Image Returned >> 2020-11-19 16:32:00.913234

48vbdpie60m >> End >> 2020-11-19 16:32:01.115181

4ojdnaoxzyq >> Start >> 2020-11-19 16:32:10.120385

4ojdnaoxzyq >> Image Returned >> 2020-11-19 16:32:10.120681

4ojdnaoxzyq >> End >> 2020-11-19 16:32:10.312306

fzmeps7zxg6 >> Start >> 2020-11-19 16:33:49.866767

fzmeps7zxg6 >> Image Returned >> 2020-11-19 16:33:49.869837

fzmeps7zxg6 >> End >> 2020-11-19 16:33:50.070358

ra4dgkxq6ar >> Start >> 2020-11-19 16:34:15.114031

ra4dgkxq6ar >> Image Returned >> 2020-11-19 16:34:15.116893

ra4dgkxq6ar >> End >> 2020-11-19 16:34:15.340780

7zop0kfan28 >> Start >> 2020-11-19 16:36:09.117199

7zop0kfan28 >> Image Returned >> 2020-11-19 16:36:09.120305

7zop0kfan28 >> End >> 2020-11-19 16:36:09.346370

fepzq2cdqdp >> Start >> 2020-11-19 16:41:15.240405

fepzq2cdqdp >> Image Returned >> 2020-11-19 16:41:15.243699

fepzq2cdqdp >> End >> 2020-11-19 16:41:15.440649

woux2jgqwpr >> Start >> 2020-11-19 16:41:49.969011

woux2jgqwpr >> Image Returned >> 2020-11-19 16:41:49.972409

woux2jgqwpr >> End >> 2020-11-19 16:41:50.169611

t0837027ume >> Start >> 2020-11-19 16:43:41.047332

t0837027ume >> Image Returned >> 2020-11-19 16:43:41.050331

t0837027ume >> End >> 2020-11-19 16:43:41.244062

wvpbkghvg23 >> Start >> 2020-11-19 16:44:26.912319

wvpbkghvg23 >> Image Returned >> 2020-11-19 16:44:26.915611

wvpbkghvg23 >> End >> 2020-11-19 16:44:27.102190

6aob8f0rttm >> Start >> 2020-11-19 16:44:34.245960

6aob8f0rttm >> Image Returned >> 2020-11-19 16:44:34.246256

6aob8f0rttm >> End >> 2020-11-19 16:44:34.435914

ircuiuazpn3 >> Start >> 2020-11-19 16:48:28.733179

ircuiuazpn3 >> Image Returned >> 2020-11-19 16:48:28.736210

ircuiuazpn3 >> End >> 2020-11-19 16:48:28.959636

iysqy46u3us >> Start >> 2020-11-19 16:50:16.455141

iysqy46u3us >> Image Returned >> 2020-11-19 16:50:16.458113

iysqy46u3us >> End >> 2020-11-19 16:50:16.660054

rppzwjrneie >> Start >> 2020-11-19 16:51:37.183856

rppzwjrneie >> Image Returned >> 2020-11-19 16:51:37.186722

rppzwjrneie >> End >> 2020-11-19 16:51:37.386162

52mmnot73p4 >> Start >> 2020-11-19 16:52:59.751820

52mmnot73p4 >> Image Returned >> 2020-11-19 16:52:59.754853

52mmnot73p4 >> End >> 2020-11-19 16:52:59.951384

fh7hsb3u2k4 >> Start >> 2020-11-19 16:53:35.123614

fh7hsb3u2k4 >> Image Returned >> 2020-11-19 16:53:35.126493

fh7hsb3u2k4 >> End >> 2020-11-19 16:53:35.321166

vt7viyr68bp >> Start >> 2020-11-19 16:54:08.520308

vt7viyr68bp >> Image Returned >> 2020-11-19 16:54:08.523170

vt7viyr68bp >> End >> 2020-11-19 16:54:08.721793

xzz8fwqkcyy >> Start >> 2020-11-19 16:57:44.957989

xzz8fwqkcyy >> Image Returned >> 2020-11-19 16:57:44.961075

xzz8fwqkcyy >> End >> 2020-11-19 16:57:45.155966

3kx2t3zdzue >> Start >> 2020-11-19 17:01:54.222827

3kx2t3zdzue >> Image Returned >> 2020-11-19 17:01:54.226028

3kx2t3zdzue >> End >> 2020-11-19 17:01:54.417798

yhwrscui5aq >> Start >> 2020-11-19 17:04:53.381710

yhwrscui5aq >> Image Returned >> 2020-11-19 17:04:53.384833

yhwrscui5aq >> End >> 2020-11-19 17:04:53.573703

6tbgy7pwuui >> Start >> 2020-11-19 17:08:53.298791

6tbgy7pwuui >> Image Returned >> 2020-11-19 17:08:53.302131

6tbgy7pwuui >> End >> 2020-11-19 17:08:53.500283

mdc8577kkky >> Start >> 2020-11-19 17:09:28.030225

mdc8577kkky >> Image Returned >> 2020-11-19 17:09:28.033133

mdc8577kkky >> End >> 2020-11-19 17:09:28.223802

mun8gupxine >> Start >> 2020-11-19 17:09:35.287759

mun8gupxine >> Image Returned >> 2020-11-19 17:09:35.288160

mun8gupxine >> End >> 2020-11-19 17:09:35.414124

jcaxumh7nj4 >> Start >> 2020-11-19 17:09:59.369750

jcaxumh7nj4 >> Image Returned >> 2020-11-19 17:09:59.372797

jcaxumh7nj4 >> End >> 2020-11-19 17:09:59.609391

3gksn5wzrss >> Start >> 2020-11-19 17:11:33.310446

3gksn5wzrss >> Image Returned >> 2020-11-19 17:11:33.313543

3gksn5wzrss >> End >> 2020-11-19 17:11:33.503981

35mmhxcnbdw >> Start >> 2020-11-19 17:12:09.977348

35mmhxcnbdw >> Image Returned >> 2020-11-19 17:12:09.980571

35mmhxcnbdw >> End >> 2020-11-19 17:12:10.172065

vijx4pismn2 >> Start >> 2020-11-19 17:12:41.029633

vijx4pismn2 >> Image Returned >> 2020-11-19 17:12:41.032562

vijx4pismn2 >> End >> 2020-11-19 17:12:41.228051

0t76sh7zvoi >> Start >> 2020-11-19 17:12:58.346651

0t76sh7zvoi >> Image Returned >> 2020-11-19 17:12:58.349651

0t76sh7zvoi >> End >> 2020-11-19 17:12:58.553442

b6aztractqh >> Start >> 2020-11-19 17:13:48.542922

b6aztractqh >> Image Returned >> 2020-11-19 17:13:48.547086

b6aztractqh >> End >> 2020-11-19 17:13:48.737895

pvucni2csdi >> Start >> 2020-11-19 17:16:26.786489

pvucni2csdi >> Image Returned >> 2020-11-19 17:16:26.789355

wc2hftsp2no >> Start >> 2020-11-19 17:16:26.943063

wc2hftsp2no >> Image Returned >> 2020-11-19 17:16:26.945889

pvucni2csdi >> End >> 2020-11-19 17:16:26.979804

wc2hftsp2no >> End >> 2020-11-19 17:16:27.136697

4ekypuaoggj >> Start >> 2020-11-19 17:16:46.822280

4ekypuaoggj >> Image Returned >> 2020-11-19 17:16:46.825193

4ekypuaoggj >> End >> 2020-11-19 17:16:47.016257

konyju4623g >> Start >> 2020-11-19 17:17:43.008496

konyju4623g >> Image Returned >> 2020-11-19 17:17:43.011384

konyju4623g >> End >> 2020-11-19 17:17:43.212707

7b5nqam37y5 >> Start >> 2020-11-19 17:18:14.040837

7b5nqam37y5 >> Image Returned >> 2020-11-19 17:18:14.043988

7b5nqam37y5 >> End >> 2020-11-19 17:18:14.247553

2vkbpzsjasg >> Start >> 2020-11-19 17:21:45.872761

2vkbpzsjasg >> Image Returned >> 2020-11-19 17:21:45.877155

2vkbpzsjasg >> End >> 2020-11-19 17:21:46.081082

8hbf2ugvy2j >> Start >> 2020-11-19 17:23:52.646903

8hbf2ugvy2j >> Image Returned >> 2020-11-19 17:23:52.650700

8hbf2ugvy2j >> End >> 2020-11-19 17:23:52.861902

imywp6teb0v >> Start >> 2020-11-19 17:26:27.290601

imywp6teb0v >> Image Returned >> 2020-11-19 17:26:27.294536

imywp6teb0v >> End >> 2020-11-19 17:26:27.500647

smb8oq6o22c >> Start >> 2020-11-19 17:26:29.829912

smb8oq6o22c >> Image Returned >> 2020-11-19 17:26:29.830200

smb8oq6o22c >> End >> 2020-11-19 17:26:30.037197

2roa7mf33bj >> Start >> 2020-11-19 17:26:31.357177

2roa7mf33bj >> Image Returned >> 2020-11-19 17:26:31.357455

2roa7mf33bj >> End >> 2020-11-19 17:26:31.571490

onqxhkzntu5 >> Start >> 2020-11-19 17:28:41.870297

onqxhkzntu5 >> Image Returned >> 2020-11-19 17:28:41.873428

onqxhkzntu5 >> End >> 2020-11-19 17:28:42.091362

v57mm4nhybu >> Start >> 2020-11-19 17:30:57.906898

v57mm4nhybu >> Image Returned >> 2020-11-19 17:30:57.911427

v57mm4nhybu >> End >> 2020-11-19 17:30:58.039386

6cm4cc5parc >> Start >> 2020-11-19 17:40:12.160605

6cm4cc5parc >> Image Returned >> 2020-11-19 17:40:12.163666

6cm4cc5parc >> End >> 2020-11-19 17:40:12.356386

d4dnhaok7sh >> Start >> 2020-11-19 17:40:49.216080

d4dnhaok7sh >> Image Returned >> 2020-11-19 17:40:49.219017

d4dnhaok7sh >> End >> 2020-11-19 17:40:49.421323

z86kif4iqsn >> Start >> 2020-11-19 17:44:17.822124

z86kif4iqsn >> Image Returned >> 2020-11-19 17:44:17.825467

z86kif4iqsn >> End >> 2020-11-19 17:44:18.013838

35ptk8v8k0i >> Start >> 2020-11-19 17:47:44.088323

35ptk8v8k0i >> Image Returned >> 2020-11-19 17:47:44.091353

35ptk8v8k0i >> End >> 2020-11-19 17:47:44.284634

pcht8qpu6yc >> Start >> 2020-11-19 17:50:44.805036

pcht8qpu6yc >> Image Returned >> 2020-11-19 17:50:44.808391

pcht8qpu6yc >> End >> 2020-11-19 17:50:45.013019

3n6bmvrm2ki >> Start >> 2020-11-19 17:54:12.682097

3n6bmvrm2ki >> Image Returned >> 2020-11-19 17:54:12.685240

3n6bmvrm2ki >> End >> 2020-11-19 17:54:12.884958

smoateuzjum >> Start >> 2020-11-19 17:54:35.393517

smoateuzjum >> Image Returned >> 2020-11-19 17:54:35.396385

smoateuzjum >> End >> 2020-11-19 17:54:35.595654

cb8u5emgq5u >> Start >> 2020-11-19 17:55:19.852356

cb8u5emgq5u >> Image Returned >> 2020-11-19 17:55:19.855483

cb8u5emgq5u >> End >> 2020-11-19 17:55:20.053498

mit3jkwe8p3 >> Start >> 2020-11-19 17:55:31.296498

mit3jkwe8p3 >> Image Returned >> 2020-11-19 17:55:31.299418

mit3jkwe8p3 >> End >> 2020-11-19 17:55:31.518834

eu6k360amgj >> Start >> 2020-11-19 17:55:44.121495

eu6k360amgj >> Image Returned >> 2020-11-19 17:55:44.124512

eu6k360amgj >> End >> 2020-11-19 17:55:44.311602

pj37ix872ia >> Start >> 2020-11-19 17:56:21.142204

pj37ix872ia >> Image Returned >> 2020-11-19 17:56:21.145268

pj37ix872ia >> End >> 2020-11-19 17:56:21.340900

wwtgpk5n84s >> Start >> 2020-11-19 18:00:17.847955

wwtgpk5n84s >> Image Returned >> 2020-11-19 18:00:17.851125

wwtgpk5n84s >> End >> 2020-11-19 18:00:18.055057

rkqq0ey74m4 >> Start >> 2020-11-19 18:03:35.762789

rkqq0ey74m4 >> Image Returned >> 2020-11-19 18:03:35.766006

rkqq0ey74m4 >> End >> 2020-11-19 18:03:35.952677

cmc4nmfnjfb >> Start >> 2020-11-19 18:06:35.549467

cmc4nmfnjfb >> Image Returned >> 2020-11-19 18:06:35.554248

cmc4nmfnjfb >> End >> 2020-11-19 18:06:35.801374

byy755uv8i6 >> Start >> 2020-11-19 18:14:49.433021

byy755uv8i6 >> Image Returned >> 2020-11-19 18:14:49.436218

byy755uv8i6 >> End >> 2020-11-19 18:14:49.624264

zyd4i733f4n >> Start >> 2020-11-19 18:16:39.048851

zyd4i733f4n >> Image Returned >> 2020-11-19 18:16:39.051760

zyd4i733f4n >> End >> 2020-11-19 18:16:39.246925

bn7dq3t8pjc >> Start >> 2020-11-19 18:16:41.801489

bn7dq3t8pjc >> Image Returned >> 2020-11-19 18:16:41.801769

bn7dq3t8pjc >> End >> 2020-11-19 18:16:42.026854

toj60xd3oq8 >> Start >> 2020-11-19 18:17:06.624207

toj60xd3oq8 >> Image Returned >> 2020-11-19 18:17:06.627576

toj60xd3oq8 >> End >> 2020-11-19 18:17:06.839762

yysmnacmr57 >> Start >> 2020-11-19 18:19:09.852157

yysmnacmr57 >> Image Returned >> 2020-11-19 18:19:09.855215

yysmnacmr57 >> End >> 2020-11-19 18:19:10.073559

tmrkp86npeu >> Start >> 2020-11-19 18:19:19.346374

tmrkp86npeu >> Image Returned >> 2020-11-19 18:19:19.346654

tmrkp86npeu >> End >> 2020-11-19 18:19:19.545423

2fyikape384 >> Start >> 2020-11-19 18:19:35.972727

2fyikape384 >> Image Returned >> 2020-11-19 18:19:35.975616

2fyikape384 >> End >> 2020-11-19 18:19:36.201770

t3kjtmjyv5e >> Start >> 2020-11-19 18:20:26.387331

t3kjtmjyv5e >> Image Returned >> 2020-11-19 18:20:26.390438

t3kjtmjyv5e >> End >> 2020-11-19 18:20:26.572475

xy2gd4rct0q >> Start >> 2020-11-19 18:20:52.907924

xy2gd4rct0q >> Image Returned >> 2020-11-19 18:20:52.911147

xy2gd4rct0q >> End >> 2020-11-19 18:20:53.114507

8bd2zcgiyjn >> Start >> 2020-11-19 18:21:10.409786

8bd2zcgiyjn >> Image Returned >> 2020-11-19 18:21:10.412647

8bd2zcgiyjn >> End >> 2020-11-19 18:21:10.624502

7wdn2gu0fxw >> Start >> 2020-11-19 18:23:45.448010

7wdn2gu0fxw >> Image Returned >> 2020-11-19 18:23:45.450848

7wdn2gu0fxw >> End >> 2020-11-19 18:23:45.639921

kuwzntrcpkx >> Start >> 2020-11-19 18:24:31.308464

kuwzntrcpkx >> Image Returned >> 2020-11-19 18:24:31.311372

kuwzntrcpkx >> End >> 2020-11-19 18:24:31.708144

fmnptx2svhc >> Start >> 2020-11-19 18:26:54.249207

fmnptx2svhc >> Image Returned >> 2020-11-19 18:26:54.254930

fmnptx2svhc >> End >> 2020-11-19 18:26:54.449070

uv7mxosmdht >> Start >> 2020-11-19 18:29:12.434011

uv7mxosmdht >> Image Returned >> 2020-11-19 18:29:12.436929

uv7mxosmdht >> End >> 2020-11-19 18:29:12.655453

iutqut7s0jz >> Start >> 2020-11-19 18:29:24.117211

iutqut7s0jz >> Image Returned >> 2020-11-19 18:29:24.120166

iutqut7s0jz >> End >> 2020-11-19 18:29:24.309806

2epq4v47sti >> Start >> 2020-11-19 18:30:32.720549

2epq4v47sti >> Image Returned >> 2020-11-19 18:30:32.723618

2epq4v47sti >> End >> 2020-11-19 18:30:32.917152

wd7bnrk4wk7 >> Start >> 2020-11-19 18:32:52.215415

wd7bnrk4wk7 >> Image Returned >> 2020-11-19 18:32:52.218338

wd7bnrk4wk7 >> End >> 2020-11-19 18:32:52.404386

vi2otxm5tmu >> Start >> 2020-11-19 18:36:50.838612

vi2otxm5tmu >> Image Returned >> 2020-11-19 18:36:50.841695

vi2otxm5tmu >> End >> 2020-11-19 18:36:51.042422

g8a5kpx5okj >> Start >> 2020-11-19 18:38:37.629858

g8a5kpx5okj >> Image Returned >> 2020-11-19 18:38:37.633057

g8a5kpx5okj >> End >> 2020-11-19 18:38:37.878700

xmz5p04xrou >> Start >> 2020-11-19 18:40:52.536264

xmz5p04xrou >> Image Returned >> 2020-11-19 18:40:52.539345

xmz5p04xrou >> End >> 2020-11-19 18:40:52.808063

aoa4xcmyokx >> Start >> 2020-11-19 18:41:25.379894

aoa4xcmyokx >> Image Returned >> 2020-11-19 18:41:25.382920

aoa4xcmyokx >> End >> 2020-11-19 18:41:25.608038

fd7diyep2v0 >> Start >> 2020-11-19 18:43:29.676563

fd7diyep2v0 >> Image Returned >> 2020-11-19 18:43:29.679888

fd7diyep2v0 >> End >> 2020-11-19 18:43:29.864695

iu3sr7ngsdi >> Start >> 2020-11-19 18:43:42.077778

iu3sr7ngsdi >> Image Returned >> 2020-11-19 18:43:42.080708

iu3sr7ngsdi >> End >> 2020-11-19 18:43:42.272083

55ked8m8cby >> Start >> 2020-11-19 18:43:50.182482

55ked8m8cby >> Image Returned >> 2020-11-19 18:43:50.182758

55ked8m8cby >> End >> 2020-11-19 18:43:50.413321

pk23zcxxszr >> Start >> 2020-11-19 18:43:50.466111

pk23zcxxszr >> Image Returned >> 2020-11-19 18:43:50.466362

pk23zcxxszr >> End >> 2020-11-19 18:43:50.707441

2vj3tuezs0g >> Start >> 2020-11-19 18:48:16.441545

2vj3tuezs0g >> Image Returned >> 2020-11-19 18:48:16.444545

2vj3tuezs0g >> End >> 2020-11-19 18:48:16.643625

hfem04bgydh >> Start >> 2020-11-19 18:48:16.687288

hfem04bgydh >> Image Returned >> 2020-11-19 18:48:16.687565

hfem04bgydh >> End >> 2020-11-19 18:48:16.940186

8ar8gpeju50 >> Start >> 2020-11-19 18:51:23.190773

8ar8gpeju50 >> Image Returned >> 2020-11-19 18:51:23.194334

8ar8gpeju50 >> End >> 2020-11-19 18:51:23.424895

rwcqrkuh602 >> Start >> 2020-11-19 18:54:43.164681

rwcqrkuh602 >> Image Returned >> 2020-11-19 18:54:43.168252

rwcqrkuh602 >> End >> 2020-11-19 18:54:43.402957

67gu0t2suxj >> Start >> 2020-11-19 18:54:47.990307

67gu0t2suxj >> Image Returned >> 2020-11-19 18:54:47.990609

67gu0t2suxj >> End >> 2020-11-19 18:54:48.235821

zeim03pygdz >> Start >> 2020-11-19 18:56:01.803817

zeim03pygdz >> Image Returned >> 2020-11-19 18:56:01.807189

zeim03pygdz >> End >> 2020-11-19 18:56:01.997786

in3ygjtu2xz >> Start >> 2020-11-19 18:56:12.337986

in3ygjtu2xz >> Image Returned >> 2020-11-19 18:56:12.338298

in3ygjtu2xz >> End >> 2020-11-19 18:56:12.531446

8nennj00jwi >> Start >> 2020-11-19 18:56:42.346020

8nennj00jwi >> Image Returned >> 2020-11-19 18:56:42.348905

8nennj00jwi >> End >> 2020-11-19 18:56:42.547792

norapcaa0o7 >> Start >> 2020-11-19 18:57:00.368149

norapcaa0o7 >> Image Returned >> 2020-11-19 18:57:00.371462

norapcaa0o7 >> End >> 2020-11-19 18:57:00.563559

ciydakyabu5 >> Start >> 2020-11-19 18:57:41.335691

ciydakyabu5 >> Image Returned >> 2020-11-19 18:57:41.338552

ciydakyabu5 >> End >> 2020-11-19 18:57:41.524130

6dcxpoq3gg0 >> Start >> 2020-11-19 18:57:42.573899

6dcxpoq3gg0 >> Image Returned >> 2020-11-19 18:57:42.574177

6dcxpoq3gg0 >> End >> 2020-11-19 18:57:42.766498

rvpacz82xcv >> Start >> 2020-11-19 18:59:20.590626

rvpacz82xcv >> Image Returned >> 2020-11-19 18:59:20.593574

rvpacz82xcv >> End >> 2020-11-19 18:59:20.827817

qry788gdgo2 >> Start >> 2020-11-19 18:59:31.516271

qry788gdgo2 >> Image Returned >> 2020-11-19 18:59:31.516616

qry788gdgo2 >> End >> 2020-11-19 18:59:31.737454

wq4wjmi20rr >> Start >> 2020-11-19 18:59:33.053448

wq4wjmi20rr >> Image Returned >> 2020-11-19 18:59:33.053803

wq4wjmi20rr >> End >> 2020-11-19 18:59:33.246345

fbx0b0vgt62 >> Start >> 2020-11-19 19:02:59.268274

fbx0b0vgt62 >> Image Returned >> 2020-11-19 19:02:59.271678

fbx0b0vgt62 >> End >> 2020-11-19 19:02:59.462553

e2two8qxe4d >> Start >> 2020-11-19 19:03:27.079610

e2two8qxe4d >> Image Returned >> 2020-11-19 19:03:27.082636

e2two8qxe4d >> End >> 2020-11-19 19:03:27.281451

tjussd0cm5m >> Start >> 2020-11-19 19:07:32.337666

tjussd0cm5m >> Image Returned >> 2020-11-19 19:07:32.340607

tjussd0cm5m >> End >> 2020-11-19 19:07:32.537432

i2v357ostyk >> Start >> 2020-11-19 19:07:56.081357

i2v357ostyk >> Image Returned >> 2020-11-19 19:07:56.085526

i2v357ostyk >> End >> 2020-11-19 19:07:56.302289

ds767b4o8st >> Start >> 2020-11-19 19:08:18.366957

ds767b4o8st >> Image Returned >> 2020-11-19 19:08:18.369838

ds767b4o8st >> End >> 2020-11-19 19:08:18.503012

7muw0prn7g4 >> Start >> 2020-11-19 19:08:22.991785

7muw0prn7g4 >> Image Returned >> 2020-11-19 19:08:22.992122

7muw0prn7g4 >> End >> 2020-11-19 19:08:23.203480

tjmoqa7nhch >> Start >> 2020-11-19 19:09:52.307601

tjmoqa7nhch >> Image Returned >> 2020-11-19 19:09:52.310477

tjmoqa7nhch >> End >> 2020-11-19 19:09:52.506031

c576o7aa3be >> Start >> 2020-11-19 19:13:35.412424

c576o7aa3be >> Image Returned >> 2020-11-19 19:13:35.415385

c576o7aa3be >> End >> 2020-11-19 19:13:35.608644

50ywckdf3x6 >> Start >> 2020-11-19 19:14:05.157341

50ywckdf3x6 >> Image Returned >> 2020-11-19 19:14:05.160542

50ywckdf3x6 >> End >> 2020-11-19 19:14:05.371388

trfcxvy323n >> Start >> 2020-11-19 19:14:18.959667

trfcxvy323n >> Image Returned >> 2020-11-19 19:14:18.962582

trfcxvy323n >> End >> 2020-11-19 19:14:19.155415

odj08gir2tg >> Start >> 2020-11-19 19:14:54.128767

odj08gir2tg >> Image Returned >> 2020-11-19 19:14:54.131999

odj08gir2tg >> End >> 2020-11-19 19:14:54.337985

rbfagttzkzo >> Start >> 2020-11-19 19:16:14.436542

rbfagttzkzo >> Image Returned >> 2020-11-19 19:16:14.439500

rbfagttzkzo >> End >> 2020-11-19 19:16:14.700167

ki03uaz7s0r >> Start >> 2020-11-19 19:18:24.645514

ki03uaz7s0r >> Image Returned >> 2020-11-19 19:18:24.649018

ki03uaz7s0r >> End >> 2020-11-19 19:18:24.853791

e3nby37r4ff >> Start >> 2020-11-19 19:19:17.268762

e3nby37r4ff >> Image Returned >> 2020-11-19 19:19:17.271689

e3nby37r4ff >> End >> 2020-11-19 19:19:17.460736

h8mf5u3a3ua >> Start >> 2020-11-19 19:19:46.603374

h8mf5u3a3ua >> Image Returned >> 2020-11-19 19:19:46.606363

h8mf5u3a3ua >> End >> 2020-11-19 19:19:46.799019

x2siphy7cjt >> Start >> 2020-11-19 19:26:22.322891

x2siphy7cjt >> Image Returned >> 2020-11-19 19:26:22.326210

x2siphy7cjt >> End >> 2020-11-19 19:26:22.511069

bq78dok48kx >> Start >> 2020-11-19 19:26:47.498799

bq78dok48kx >> Image Returned >> 2020-11-19 19:26:47.501764

bq78dok48kx >> End >> 2020-11-19 19:26:47.710948

f2qxjoah3cn >> Start >> 2020-11-19 19:28:35.845218

f2qxjoah3cn >> Image Returned >> 2020-11-19 19:28:35.848587

f2qxjoah3cn >> End >> 2020-11-19 19:28:36.054423

2fsnuuo33p2 >> Start >> 2020-11-19 19:29:29.848273

2fsnuuo33p2 >> Image Returned >> 2020-11-19 19:29:29.851569

2fsnuuo33p2 >> End >> 2020-11-19 19:29:30.057204

et5u365cy40 >> Start >> 2020-11-19 19:29:44.738804

et5u365cy40 >> Image Returned >> 2020-11-19 19:29:44.741695

et5u365cy40 >> End >> 2020-11-19 19:29:44.935534

fiftqb8prv7 >> Start >> 2020-11-19 19:30:22.131625

fiftqb8prv7 >> Image Returned >> 2020-11-19 19:30:22.135215

fiftqb8prv7 >> End >> 2020-11-19 19:30:22.326296

h0boaqwrfjv >> Start >> 2020-11-19 19:33:33.151806

h0boaqwrfjv >> Image Returned >> 2020-11-19 19:33:33.154988

h0boaqwrfjv >> End >> 2020-11-19 19:33:33.341137

7gowom8o7ip >> Start >> 2020-11-19 19:36:02.024363

7gowom8o7ip >> Image Returned >> 2020-11-19 19:36:02.028446

7gowom8o7ip >> End >> 2020-11-19 19:36:02.222825

66qxrj0p7vn >> Start >> 2020-11-19 19:37:28.183768

66qxrj0p7vn >> Image Returned >> 2020-11-19 19:37:28.187124

66qxrj0p7vn >> End >> 2020-11-19 19:37:28.375973

jk8upws4wf0 >> Start >> 2020-11-19 19:37:49.029963

jk8upws4wf0 >> Image Returned >> 2020-11-19 19:37:49.032918

jk8upws4wf0 >> End >> 2020-11-19 19:37:49.230298

j4i6q2gxko3 >> Start >> 2020-11-19 19:47:10.659147

j4i6q2gxko3 >> Image Returned >> 2020-11-19 19:47:10.662569

j4i6q2gxko3 >> End >> 2020-11-19 19:47:10.852437

kwxwpub2yqj >> Start >> 2020-11-19 19:47:47.902448

kwxwpub2yqj >> Image Returned >> 2020-11-19 19:47:47.905455

kwxwpub2yqj >> End >> 2020-11-19 19:47:48.107358

gipq0h6cqpc >> Start >> 2020-11-19 19:48:17.339946

gipq0h6cqpc >> Image Returned >> 2020-11-19 19:48:17.343791

gipq0h6cqpc >> End >> 2020-11-19 19:48:17.555979

3duxeedwvim >> Start >> 2020-11-19 19:51:23.062243

3duxeedwvim >> Image Returned >> 2020-11-19 19:51:23.065469

3duxeedwvim >> End >> 2020-11-19 19:51:23.295629

rvpsmdjka8w >> Start >> 2020-11-19 19:52:24.914699

rvpsmdjka8w >> Image Returned >> 2020-11-19 19:52:24.917824

rvpsmdjka8w >> End >> 2020-11-19 19:52:25.108217

4gayzashtxt >> Start >> 2020-11-19 19:53:21.454019

4gayzashtxt >> Image Returned >> 2020-11-19 19:53:21.457374

4gayzashtxt >> End >> 2020-11-19 19:53:21.658405

zv6mzsc60wp >> Start >> 2020-11-19 19:56:21.656933

zv6mzsc60wp >> Image Returned >> 2020-11-19 19:56:21.660761

zv6mzsc60wp >> End >> 2020-11-19 19:56:21.877746

fhkkx3eiy8f >> Start >> 2020-11-19 19:56:59.236857

fhkkx3eiy8f >> Image Returned >> 2020-11-19 19:56:59.240910

fhkkx3eiy8f >> End >> 2020-11-19 19:56:59.438518

hit5w2z3vb8 >> Start >> 2020-11-19 19:59:41.006381

hit5w2z3vb8 >> Image Returned >> 2020-11-19 19:59:41.009356

hit5w2z3vb8 >> End >> 2020-11-19 19:59:41.265518

ff8b5tifgdd >> Start >> 2020-11-19 20:10:52.483529

ff8b5tifgdd >> Image Returned >> 2020-11-19 20:10:52.486639

ff8b5tifgdd >> End >> 2020-11-19 20:10:52.693094

4w8n0q3meub >> Start >> 2020-11-19 20:12:02.091531

4w8n0q3meub >> Image Returned >> 2020-11-19 20:12:02.094938

4w8n0q3meub >> End >> 2020-11-19 20:12:02.288976

didc5yb0uxe >> Start >> 2020-11-19 20:12:46.440571

didc5yb0uxe >> Image Returned >> 2020-11-19 20:12:46.443526

didc5yb0uxe >> End >> 2020-11-19 20:12:46.649903

ht0wmv8gefc >> Start >> 2020-11-19 20:13:10.944744

ht0wmv8gefc >> Image Returned >> 2020-11-19 20:13:10.947844

ht0wmv8gefc >> End >> 2020-11-19 20:13:11.146123

dyftxsrrtxc >> Start >> 2020-11-19 20:13:38.862144

dyftxsrrtxc >> Image Returned >> 2020-11-19 20:13:38.866636

dyftxsrrtxc >> End >> 2020-11-19 20:13:39.065932

5czks5ydx86 >> Start >> 2020-11-19 20:13:42.421673

5czks5ydx86 >> Image Returned >> 2020-11-19 20:13:42.422003

5czks5ydx86 >> End >> 2020-11-19 20:13:42.636446

zjfeokpia2o >> Start >> 2020-11-19 20:14:57.914943

zjfeokpia2o >> Image Returned >> 2020-11-19 20:14:57.919194

zjfeokpia2o >> End >> 2020-11-19 20:14:58.106285

essuondesjs >> Start >> 2020-11-19 20:16:06.637046

essuondesjs >> Image Returned >> 2020-11-19 20:16:06.640120

essuondesjs >> End >> 2020-11-19 20:16:06.851001

hnf0top0jbb >> Start >> 2020-11-19 20:17:13.035950

hnf0top0jbb >> Image Returned >> 2020-11-19 20:17:13.039405

hnf0top0jbb >> End >> 2020-11-19 20:17:13.228228

u8cxtq5erky >> Start >> 2020-11-19 20:19:19.296962

u8cxtq5erky >> Image Returned >> 2020-11-19 20:19:19.300139

u8cxtq5erky >> End >> 2020-11-19 20:19:19.508043

rgrdcrn7vns >> Start >> 2020-11-19 20:19:33.377435

rgrdcrn7vns >> Image Returned >> 2020-11-19 20:19:33.380398

rgrdcrn7vns >> End >> 2020-11-19 20:19:33.577466

uox84r03uen >> Start >> 2020-11-19 20:22:49.563455

uox84r03uen >> Image Returned >> 2020-11-19 20:22:49.567157

uox84r03uen >> End >> 2020-11-19 20:22:49.754303

wpa8m53kz22 >> Start >> 2020-11-19 20:23:32.363755

wpa8m53kz22 >> Image Returned >> 2020-11-19 20:23:32.367058

wpa8m53kz22 >> End >> 2020-11-19 20:23:32.564933

v5qmkmxzdb2 >> Start >> 2020-11-19 20:24:55.009804

v5qmkmxzdb2 >> Image Returned >> 2020-11-19 20:24:55.012840

v5qmkmxzdb2 >> End >> 2020-11-19 20:24:55.216387

vyo6i44nnz5 >> Start >> 2020-11-19 20:26:45.889749

vyo6i44nnz5 >> Image Returned >> 2020-11-19 20:26:45.893054

vyo6i44nnz5 >> End >> 2020-11-19 20:26:46.086905

aq6okpg6cxn >> Start >> 2020-11-19 20:26:52.920506

aq6okpg6cxn >> Image Returned >> 2020-11-19 20:26:52.920798

aq6okpg6cxn >> End >> 2020-11-19 20:26:53.110838

4f3ch6nh4b2 >> Start >> 2020-11-19 20:27:28.161298

4f3ch6nh4b2 >> Image Returned >> 2020-11-19 20:27:28.165039

4f3ch6nh4b2 >> End >> 2020-11-19 20:27:28.355398

u64s3t30fmy >> Start >> 2020-11-19 20:30:21.772083

u64s3t30fmy >> Image Returned >> 2020-11-19 20:30:21.775161

u64s3t30fmy >> End >> 2020-11-19 20:30:22.007491

uc7fuaoqfyi >> Start >> 2020-11-19 20:30:51.717560

uc7fuaoqfyi >> Image Returned >> 2020-11-19 20:30:51.720693

uc7fuaoqfyi >> End >> 2020-11-19 20:30:51.927841

28kbm4xh5bi >> Start >> 2020-11-19 20:32:05.541373

28kbm4xh5bi >> Image Returned >> 2020-11-19 20:32:05.544728

28kbm4xh5bi >> End >> 2020-11-19 20:32:05.675973

bkerqbkqk06 >> Start >> 2020-11-19 20:32:34.955888

bkerqbkqk06 >> Image Returned >> 2020-11-19 20:32:34.958828

bkerqbkqk06 >> End >> 2020-11-19 20:32:35.158015

hapxfbhss4z >> Start >> 2020-11-19 20:32:46.075164

hapxfbhss4z >> Image Returned >> 2020-11-19 20:32:46.078368

hapxfbhss4z >> End >> 2020-11-19 20:32:46.271225

mcuuq2rk2ta >> Start >> 2020-11-19 20:35:05.771080

mcuuq2rk2ta >> Image Returned >> 2020-11-19 20:35:05.774530

mcuuq2rk2ta >> End >> 2020-11-19 20:35:05.990407

f5g3p8kquto >> Start >> 2020-11-19 20:37:02.737099

f5g3p8kquto >> Image Returned >> 2020-11-19 20:37:02.742607

f5g3p8kquto >> End >> 2020-11-19 20:37:02.946629

wvh5ozwziba >> Start >> 2020-11-19 20:37:17.211077

wvh5ozwziba >> Image Returned >> 2020-11-19 20:37:17.214082

wvh5ozwziba >> End >> 2020-11-19 20:37:17.422178

x66z87sov4b >> Start >> 2020-11-19 20:39:35.512562

x66z87sov4b >> Image Returned >> 2020-11-19 20:39:35.515680

x66z87sov4b >> End >> 2020-11-19 20:39:35.711046

curh3azna63 >> Start >> 2020-11-19 20:42:32.666137

curh3azna63 >> Image Returned >> 2020-11-19 20:42:32.669177

curh3azna63 >> End >> 2020-11-19 20:42:33.038053

a5vanimu850 >> Start >> 2020-11-19 20:42:43.445909

a5vanimu850 >> Image Returned >> 2020-11-19 20:42:43.448931

a5vanimu850 >> End >> 2020-11-19 20:42:43.654311

2y65efmvz8c >> Start >> 2020-11-19 20:42:46.538635

2y65efmvz8c >> Image Returned >> 2020-11-19 20:42:46.538950

2y65efmvz8c >> End >> 2020-11-19 20:42:46.930700

axjhfr6kqmu >> Start >> 2020-11-19 20:42:47.516228

axjhfr6kqmu >> Image Returned >> 2020-11-19 20:42:47.516535

axjhfr6kqmu >> End >> 2020-11-19 20:42:47.879904

ccj8kxxpkmm >> Start >> 2020-11-19 20:43:09.108371

ccj8kxxpkmm >> Image Returned >> 2020-11-19 20:43:09.111593

ccj8kxxpkmm >> End >> 2020-11-19 20:43:09.324212

2icuiaiymfv >> Start >> 2020-11-19 20:43:09.458957

2icuiaiymfv >> Image Returned >> 2020-11-19 20:43:09.459239

2icuiaiymfv >> End >> 2020-11-19 20:43:09.667051

ft0ws63ri2r >> Start >> 2020-11-19 20:44:04.700664

ft0ws63ri2r >> Image Returned >> 2020-11-19 20:44:04.703900

ft0ws63ri2r >> End >> 2020-11-19 20:44:04.888887

3us7zdfs0jy >> Start >> 2020-11-19 20:44:31.381127

3us7zdfs0jy >> Image Returned >> 2020-11-19 20:44:31.384438

3us7zdfs0jy >> End >> 2020-11-19 20:44:31.581787

my8wynfbdzi >> Start >> 2020-11-19 20:44:32.589378

my8wynfbdzi >> Image Returned >> 2020-11-19 20:44:32.589689

my8wynfbdzi >> End >> 2020-11-19 20:44:32.796511

0nyj0zxrdst >> Start >> 2020-11-19 20:45:31.612317

0nyj0zxrdst >> Image Returned >> 2020-11-19 20:45:31.615681

0nyj0zxrdst >> End >> 2020-11-19 20:45:31.849869

ccamyp8dq48 >> Start >> 2020-11-19 20:46:24.723603

ccamyp8dq48 >> Image Returned >> 2020-11-19 20:46:24.726588

ccamyp8dq48 >> End >> 2020-11-19 20:46:25.027632

sq7f2m5mdu7 >> Start >> 2020-11-19 20:46:48.481183

sq7f2m5mdu7 >> Image Returned >> 2020-11-19 20:46:48.484452

sq7f2m5mdu7 >> End >> 2020-11-19 20:46:48.678798

6quvvxy5mh6 >> Start >> 2020-11-19 20:47:25.272713

6quvvxy5mh6 >> Image Returned >> 2020-11-19 20:47:25.277520

6quvvxy5mh6 >> End >> 2020-11-19 20:47:25.466317

a3eptpx5wye >> Start >> 2020-11-19 20:48:25.903376

a3eptpx5wye >> Image Returned >> 2020-11-19 20:48:25.906733

a3eptpx5wye >> End >> 2020-11-19 20:48:26.097301

rbpb00cs642 >> Start >> 2020-11-19 20:50:12.497952

rbpb00cs642 >> Image Returned >> 2020-11-19 20:50:12.501682

rbpb00cs642 >> End >> 2020-11-19 20:50:12.701322

0pi0aga4qqr >> Start >> 2020-11-19 20:50:36.992305

0pi0aga4qqr >> Image Returned >> 2020-11-19 20:50:36.995304

0pi0aga4qqr >> End >> 2020-11-19 20:50:37.347834

70k07qxz4ha >> Start >> 2020-11-19 20:50:52.441751

70k07qxz4ha >> Image Returned >> 2020-11-19 20:50:52.444866

70k07qxz4ha >> End >> 2020-11-19 20:50:52.679017

a34vhhty4bd >> Start >> 2020-11-19 20:50:56.770353

a34vhhty4bd >> Image Returned >> 2020-11-19 20:50:56.770689

a34vhhty4bd >> End >> 2020-11-19 20:50:57.565346

mfigp2kbvz7 >> Start >> 2020-11-19 20:50:57.813127

mfigp2kbvz7 >> Image Returned >> 2020-11-19 20:50:57.813482

mfigp2kbvz7 >> End >> 2020-11-19 20:50:58.751005

w0nkvna5cuo >> Start >> 2020-11-19 20:51:28.350538

w0nkvna5cuo >> Image Returned >> 2020-11-19 20:51:28.353719

w0nkvna5cuo >> End >> 2020-11-19 20:51:28.537260

d6ou4uoukcn >> Start >> 2020-11-19 20:52:19.623089

d6ou4uoukcn >> Image Returned >> 2020-11-19 20:52:19.626087

d6ou4uoukcn >> End >> 2020-11-19 20:52:19.753489

enjrepdj6yw >> Start >> 2020-11-19 20:56:44.996285

enjrepdj6yw >> Image Returned >> 2020-11-19 20:56:45.000843

enjrepdj6yw >> End >> 2020-11-19 20:56:45.196780

dsqffotmsxh >> Start >> 2020-11-19 20:58:01.016263

dsqffotmsxh >> Image Returned >> 2020-11-19 20:58:01.020458

dsqffotmsxh >> End >> 2020-11-19 20:58:01.210760

mtde654gxe3 >> Start >> 2020-11-19 20:58:37.226691

mtde654gxe3 >> Image Returned >> 2020-11-19 20:58:37.229984

mtde654gxe3 >> End >> 2020-11-19 20:58:37.428302

fu28hes5ygd >> Start >> 2020-11-19 21:01:06.503730

fu28hes5ygd >> Image Returned >> 2020-11-19 21:01:06.507139

fu28hes5ygd >> End >> 2020-11-19 21:01:06.711592

cn6sh4085qq >> Start >> 2020-11-19 21:01:31.289669

cn6sh4085qq >> Image Returned >> 2020-11-19 21:01:31.293195

cn6sh4085qq >> End >> 2020-11-19 21:01:31.497200

c2b53w2v36a >> Start >> 2020-11-19 21:06:25.789962

c2b53w2v36a >> Image Returned >> 2020-11-19 21:06:25.794147

c2b53w2v36a >> End >> 2020-11-19 21:06:26.018006

8nxye8yk0ma >> Start >> 2020-11-19 21:06:34.505635

8nxye8yk0ma >> Image Returned >> 2020-11-19 21:06:34.505939

8nxye8yk0ma >> End >> 2020-11-19 21:06:34.702538

67hhwev02kj >> Start >> 2020-11-19 21:08:35.266117

67hhwev02kj >> Image Returned >> 2020-11-19 21:08:35.269162

67hhwev02kj >> End >> 2020-11-19 21:08:35.461863

wgow6u4z7fb >> Start >> 2020-11-19 21:08:52.396537

wgow6u4z7fb >> Image Returned >> 2020-11-19 21:08:52.399527

wgow6u4z7fb >> End >> 2020-11-19 21:08:52.594708

j8xx203i3xe >> Start >> 2020-11-19 21:09:04.580399

j8xx203i3xe >> Image Returned >> 2020-11-19 21:09:04.583549

j8xx203i3xe >> End >> 2020-11-19 21:09:04.776161

whjkpdaugy2 >> Start >> 2020-11-19 21:09:17.595428

whjkpdaugy2 >> Image Returned >> 2020-11-19 21:09:17.598423

hxyh0ug0zer >> Start >> 2020-11-19 21:09:17.596756

hxyh0ug0zer >> Image Returned >> 2020-11-19 21:09:17.599247

hxyh0ug0zer >> End >> 2020-11-19 21:09:17.727499

whjkpdaugy2 >> End >> 2020-11-19 21:09:17.789211

v6ftudvnjtw >> Start >> 2020-11-19 21:10:06.051208

v6ftudvnjtw >> Image Returned >> 2020-11-19 21:10:06.055737

v6ftudvnjtw >> End >> 2020-11-19 21:10:06.271058

kfnk47m8ygj >> Start >> 2020-11-19 21:11:14.254266

kfnk47m8ygj >> Image Returned >> 2020-11-19 21:11:14.259128

kfnk47m8ygj >> End >> 2020-11-19 21:11:14.451832

azip7vrwhni >> Start >> 2020-11-19 21:12:54.633616

azip7vrwhni >> Image Returned >> 2020-11-19 21:12:54.636913

azip7vrwhni >> End >> 2020-11-19 21:12:54.829812

ymuez5qyqaq >> Start >> 2020-11-19 21:13:04.609860

ymuez5qyqaq >> Image Returned >> 2020-11-19 21:13:04.610179

ymuez5qyqaq >> End >> 2020-11-19 21:13:04.832812

g755mqiqpe2 >> Start >> 2020-11-19 21:13:12.204083

g755mqiqpe2 >> Image Returned >> 2020-11-19 21:13:12.204508

g755mqiqpe2 >> End >> 2020-11-19 21:13:12.400983

75jqgfmyju0 >> Start >> 2020-11-19 21:16:32.221219

75jqgfmyju0 >> Image Returned >> 2020-11-19 21:16:32.224714

75jqgfmyju0 >> End >> 2020-11-19 21:16:32.428937

d6zhcs8gmq4 >> Start >> 2020-11-19 21:23:37.051577

d6zhcs8gmq4 >> Image Returned >> 2020-11-19 21:23:37.055227

d6zhcs8gmq4 >> End >> 2020-11-19 21:23:37.368851

bgy5ur2eqnr >> Start >> 2020-11-19 21:25:58.269300

bgy5ur2eqnr >> Image Returned >> 2020-11-19 21:25:58.272500

bgy5ur2eqnr >> End >> 2020-11-19 21:25:58.400986

fmn2exvc5su >> Start >> 2020-11-19 21:26:12.905299

fmn2exvc5su >> Image Returned >> 2020-11-19 21:26:12.908596

fmn2exvc5su >> End >> 2020-11-19 21:26:13.115601

i2ac7d0ka53 >> Start >> 2020-11-19 21:26:39.885834

i2ac7d0ka53 >> Image Returned >> 2020-11-19 21:26:39.888925

i2ac7d0ka53 >> End >> 2020-11-19 21:26:40.101253

f0mnvvj65yv >> Start >> 2020-11-19 21:26:57.213707

f0mnvvj65yv >> Image Returned >> 2020-11-19 21:26:57.216645

f0mnvvj65yv >> End >> 2020-11-19 21:26:57.501502

wkfiurz65bm >> Start >> 2020-11-19 21:28:09.438532

wkfiurz65bm >> Image Returned >> 2020-11-19 21:28:09.442123

wkfiurz65bm >> End >> 2020-11-19 21:28:09.637732

wp7qjbr6w5p >> Start >> 2020-11-19 21:28:43.627892

wp7qjbr6w5p >> Image Returned >> 2020-11-19 21:28:43.630999

wp7qjbr6w5p >> End >> 2020-11-19 21:28:43.821531

dzuvu7n464h >> Start >> 2020-11-19 21:29:23.816159

dzuvu7n464h >> Image Returned >> 2020-11-19 21:29:23.819273

dzuvu7n464h >> End >> 2020-11-19 21:29:24.010355

6ieb7872k64 >> Start >> 2020-11-19 21:29:59.640583

6ieb7872k64 >> Image Returned >> 2020-11-19 21:29:59.644308

6ieb7872k64 >> End >> 2020-11-19 21:29:59.844635

76qdth4be52 >> Start >> 2020-11-19 21:30:24.414226

76qdth4be52 >> Image Returned >> 2020-11-19 21:30:24.418281

76qdth4be52 >> End >> 2020-11-19 21:30:24.625406

tgh8008rtqc >> Start >> 2020-11-19 21:30:56.076035

tgh8008rtqc >> Image Returned >> 2020-11-19 21:30:56.079055

tgh8008rtqc >> End >> 2020-11-19 21:30:56.270658

if7pbyiomgg >> Start >> 2020-11-19 21:32:01.976962

if7pbyiomgg >> Image Returned >> 2020-11-19 21:32:01.980382

if7pbyiomgg >> End >> 2020-11-19 21:32:02.187319

hz6d6sqr7xd >> Start >> 2020-11-19 21:34:01.958220

hz6d6sqr7xd >> Image Returned >> 2020-11-19 21:34:01.961426

hz6d6sqr7xd >> End >> 2020-11-19 21:34:02.173985

nr4y5pj0mdm >> Start >> 2020-11-19 21:36:46.074934

nr4y5pj0mdm >> Image Returned >> 2020-11-19 21:36:46.078681

nr4y5pj0mdm >> End >> 2020-11-19 21:36:46.283277

n03i56toiu3 >> Start >> 2020-11-19 21:37:25.776802

n03i56toiu3 >> Image Returned >> 2020-11-19 21:37:25.780224

n03i56toiu3 >> End >> 2020-11-19 21:37:25.967865

rujhnt6detd >> Start >> 2020-11-19 21:38:18.701181

rujhnt6detd >> Image Returned >> 2020-11-19 21:38:18.706185

rujhnt6detd >> End >> 2020-11-19 21:38:18.903215

afs4arofxt4 >> Start >> 2020-11-19 21:42:00.089359

afs4arofxt4 >> Image Returned >> 2020-11-19 21:42:00.093009

afs4arofxt4 >> End >> 2020-11-19 21:42:00.291367

4d75kjhkbn6 >> Start >> 2020-11-19 21:43:46.996334

4d75kjhkbn6 >> Image Returned >> 2020-11-19 21:43:46.999825

4d75kjhkbn6 >> End >> 2020-11-19 21:43:47.188333

syburaq6q0m >> Start >> 2020-11-19 21:49:19.890245

syburaq6q0m >> Image Returned >> 2020-11-19 21:49:19.893599

syburaq6q0m >> End >> 2020-11-19 21:49:20.083791

vb5mmdaauxw >> Start >> 2020-11-19 21:49:51.160458

vb5mmdaauxw >> Image Returned >> 2020-11-19 21:49:51.164971

vb5mmdaauxw >> End >> 2020-11-19 21:49:51.369998

ygvv0qdt3pi >> Start >> 2020-11-19 21:49:53.759706

ygvv0qdt3pi >> Image Returned >> 2020-11-19 21:49:53.760024

ygvv0qdt3pi >> End >> 2020-11-19 21:49:54.011197

z4arum3w7jh >> Start >> 2020-11-19 21:59:10.717916

z4arum3w7jh >> Image Returned >> 2020-11-19 21:59:10.721035

z4arum3w7jh >> End >> 2020-11-19 21:59:10.914935

sexvau0ibvx >> Start >> 2020-11-19 21:59:29.434840

sexvau0ibvx >> Image Returned >> 2020-11-19 21:59:29.437911

sexvau0ibvx >> End >> 2020-11-19 21:59:29.635348

4k6eotzieix >> Start >> 2020-11-19 22:07:33.836635

4k6eotzieix >> Image Returned >> 2020-11-19 22:07:33.840837

4k6eotzieix >> End >> 2020-11-19 22:07:34.031178

cy5zx2tkdmw >> Start >> 2020-11-19 22:07:38.405196

cy5zx2tkdmw >> Image Returned >> 2020-11-19 22:07:38.405505

cy5zx2tkdmw >> End >> 2020-11-19 22:07:38.619980

mbxzjg8d64a >> Start >> 2020-11-19 22:12:47.161176

mbxzjg8d64a >> Image Returned >> 2020-11-19 22:12:47.164482

mbxzjg8d64a >> End >> 2020-11-19 22:12:47.369860

zp2m7amixfi >> Start >> 2020-11-19 22:15:04.169992

zp2m7amixfi >> Image Returned >> 2020-11-19 22:15:04.174164

zp2m7amixfi >> End >> 2020-11-19 22:15:04.376210

cbuouh3q8eu >> Start >> 2020-11-19 22:15:10.907314

cbuouh3q8eu >> Image Returned >> 2020-11-19 22:15:10.907613

cbuouh3q8eu >> End >> 2020-11-19 22:15:11.099733

4svd7i0bw3y >> Start >> 2020-11-19 22:19:50.421179

4svd7i0bw3y >> Image Returned >> 2020-11-19 22:19:50.424443

4svd7i0bw3y >> End >> 2020-11-19 22:19:50.637393

d2wx4bksk5r >> Start >> 2020-11-19 22:20:30.608577

d2wx4bksk5r >> Image Returned >> 2020-11-19 22:20:30.611805

d2wx4bksk5r >> End >> 2020-11-19 22:20:30.815577

ykhv46uwceu >> Start >> 2020-11-19 22:21:07.774657

ykhv46uwceu >> Image Returned >> 2020-11-19 22:21:07.778403

ykhv46uwceu >> End >> 2020-11-19 22:21:07.970488

nhh68ipfpyn >> Start >> 2020-11-19 22:21:40.280853

nhh68ipfpyn >> Image Returned >> 2020-11-19 22:21:40.284081

nhh68ipfpyn >> End >> 2020-11-19 22:21:40.479139

4jujximbxpm >> Start >> 2020-11-19 22:22:56.079376

4jujximbxpm >> Image Returned >> 2020-11-19 22:22:56.082482

4jujximbxpm >> End >> 2020-11-19 22:22:56.292756

j864qzdkvzm >> Start >> 2020-11-19 22:26:53.979202

j864qzdkvzm >> Image Returned >> 2020-11-19 22:26:53.982462

j864qzdkvzm >> End >> 2020-11-19 22:26:54.178179

jymaxhi3djp >> Start >> 2020-11-19 22:35:07.336823

jymaxhi3djp >> Image Returned >> 2020-11-19 22:35:07.340785

jymaxhi3djp >> End >> 2020-11-19 22:35:07.541695

wa6oudyu430 >> Start >> 2020-11-19 22:36:10.451749

wa6oudyu430 >> Image Returned >> 2020-11-19 22:36:10.455810

wa6oudyu430 >> End >> 2020-11-19 22:36:10.670725

6z0qjy7pikc >> Start >> 2020-11-19 22:49:03.048866

6z0qjy7pikc >> Image Returned >> 2020-11-19 22:49:03.052184

6z0qjy7pikc >> End >> 2020-11-19 22:49:03.253776

g2cpppqpyg3 >> Start >> 2020-11-19 22:56:31.353152

g2cpppqpyg3 >> Image Returned >> 2020-11-19 22:56:31.356720

g2cpppqpyg3 >> End >> 2020-11-19 22:56:31.564898

iw5qdupq35n >> Start >> 2020-11-19 23:05:15.477790

iw5qdupq35n >> Image Returned >> 2020-11-19 23:05:15.481978

iw5qdupq35n >> End >> 2020-11-19 23:05:15.673051

vwc64ewe406 >> Start >> 2020-11-19 23:11:29.540374

vwc64ewe406 >> Image Returned >> 2020-11-19 23:11:29.544060

vwc64ewe406 >> End >> 2020-11-19 23:11:29.765758

emtb7esxye7 >> Start >> 2020-11-19 23:18:31.412890

emtb7esxye7 >> Image Returned >> 2020-11-19 23:18:31.419012

emtb7esxye7 >> End >> 2020-11-19 23:18:31.614535

xyr7wmnx0sn >> Start >> 2020-11-19 23:27:32.129551

xyr7wmnx0sn >> Image Returned >> 2020-11-19 23:27:32.133729

xyr7wmnx0sn >> End >> 2020-11-19 23:27:32.325961

evbset8e84f >> Start >> 2020-11-19 23:28:13.123986

evbset8e84f >> Image Returned >> 2020-11-19 23:28:13.127764

evbset8e84f >> End >> 2020-11-19 23:28:13.332426

db67n405do8 >> Start >> 2020-11-19 23:30:21.500631

db67n405do8 >> Image Returned >> 2020-11-19 23:30:21.509723

db67n405do8 >> End >> 2020-11-19 23:30:21.716383

d5fqxsgsasv >> Start >> 2020-11-19 23:32:08.137132

d5fqxsgsasv >> Image Returned >> 2020-11-19 23:32:08.140532

d5fqxsgsasv >> End >> 2020-11-19 23:32:08.350397

4zteyg5jpwe >> Start >> 2020-11-19 23:38:56.574122

4zteyg5jpwe >> Image Returned >> 2020-11-19 23:38:56.581087

4zteyg5jpwe >> End >> 2020-11-19 23:38:56.800573

q2j6tnkus22 >> Start >> 2020-11-19 23:39:09.834440

q2j6tnkus22 >> Image Returned >> 2020-11-19 23:39:09.837960

q2j6tnkus22 >> End >> 2020-11-19 23:39:10.030148

v2nc6qrtm53 >> Start >> 2020-11-19 23:47:21.258694

v2nc6qrtm53 >> Image Returned >> 2020-11-19 23:47:21.262015

v2nc6qrtm53 >> End >> 2020-11-19 23:47:21.466527

expi3dv30re >> Start >> 2020-11-19 23:51:14.047709

expi3dv30re >> Image Returned >> 2020-11-19 23:51:14.054019

expi3dv30re >> End >> 2020-11-19 23:51:14.271075

a2xys2gzxk5 >> Start >> 2020-11-19 23:52:23.889054

a2xys2gzxk5 >> Image Returned >> 2020-11-19 23:52:23.892596

a2xys2gzxk5 >> End >> 2020-11-19 23:52:24.090989

7piq6q7fep4 >> Start >> 2020-11-19 23:53:50.654936

7piq6q7fep4 >> Image Returned >> 2020-11-19 23:53:50.658499

7piq6q7fep4 >> End >> 2020-11-19 23:53:50.792920

