y8dxitsr7d2 >> Start >> 2020-06-30 02:38:58.222680

y8dxitsr7d2 >> Image Returned >> 2020-06-30 02:38:58.226108

y8dxitsr7d2 >> End >> 2020-06-30 02:38:58.238742

3a3s0oxoq2z >> Start >> 2020-06-30 03:40:10.178654

3a3s0oxoq2z >> Image Returned >> 2020-06-30 03:40:10.183140

3a3s0oxoq2z >> End >> 2020-06-30 03:40:10.196175

f4hpbfwj736 >> Start >> 2020-06-30 04:11:04.606332

f4hpbfwj736 >> Image Returned >> 2020-06-30 04:11:04.610217

f4hpbfwj736 >> End >> 2020-06-30 04:11:04.630218

8ctiapaypgv >> Start >> 2020-06-30 04:59:39.536645

8ctiapaypgv >> Image Returned >> 2020-06-30 04:59:39.539979

8ctiapaypgv >> End >> 2020-06-30 04:59:39.553378

bm37irx5jaj >> Start >> 2020-06-30 05:03:46.706118

bm37irx5jaj >> Image Returned >> 2020-06-30 05:03:46.709712

bm37irx5jaj >> End >> 2020-06-30 05:03:46.722486

jsymcx5eti4 >> Start >> 2020-06-30 05:05:09.957698

jsymcx5eti4 >> Image Returned >> 2020-06-30 05:05:09.962229

jsymcx5eti4 >> End >> 2020-06-30 05:05:09.978195

r6ds45w04j4 >> Start >> 2020-06-30 05:29:04.062047

r6ds45w04j4 >> Image Returned >> 2020-06-30 05:29:04.065412

r6ds45w04j4 >> End >> 2020-06-30 05:29:04.076402

jw7mfvb5na0 >> Start >> 2020-06-30 05:46:56.028078

jw7mfvb5na0 >> Image Returned >> 2020-06-30 05:46:56.031671

jw7mfvb5na0 >> End >> 2020-06-30 05:46:56.044701

emjxnbs2abq >> Start >> 2020-06-30 06:12:45.975516

emjxnbs2abq >> Image Returned >> 2020-06-30 06:12:45.979842

emjxnbs2abq >> End >> 2020-06-30 06:12:45.992259

zers5777k6w >> Start >> 2020-06-30 06:25:02.249948

zers5777k6w >> Image Returned >> 2020-06-30 06:25:02.253686

zers5777k6w >> End >> 2020-06-30 06:25:02.265413

8gvagnt3bn4 >> Start >> 2020-06-30 06:32:18.538208

8gvagnt3bn4 >> Image Returned >> 2020-06-30 06:32:18.542517

8gvagnt3bn4 >> End >> 2020-06-30 06:32:18.555229

w0znk5wkuov >> Start >> 2020-06-30 06:32:23.951647

w0znk5wkuov >> Image Returned >> 2020-06-30 06:32:23.951980

w0znk5wkuov >> End >> 2020-06-30 06:32:23.965960

ccw2xvydnrv >> Start >> 2020-06-30 07:16:23.089231

ccw2xvydnrv >> Image Returned >> 2020-06-30 07:16:23.092494

ccw2xvydnrv >> End >> 2020-06-30 07:16:23.110302

6xvmf30kffu >> Start >> 2020-06-30 07:36:31.819705

6xvmf30kffu >> Image Returned >> 2020-06-30 07:36:31.824485

6xvmf30kffu >> End >> 2020-06-30 07:36:31.837284

vkyfua52q06 >> Start >> 2020-06-30 07:51:17.283921

vkyfua52q06 >> Image Returned >> 2020-06-30 07:51:17.288829

vkyfua52q06 >> End >> 2020-06-30 07:51:17.300991

izgfrn2am8o >> Start >> 2020-06-30 07:55:01.158462

izgfrn2am8o >> Image Returned >> 2020-06-30 07:55:01.162302

izgfrn2am8o >> End >> 2020-06-30 07:55:01.174424

p0rogpk66gw >> Start >> 2020-06-30 08:07:04.350156

p0rogpk66gw >> Image Returned >> 2020-06-30 08:07:04.353380

p0rogpk66gw >> End >> 2020-06-30 08:07:04.375571

adwqzx3hvhi >> Start >> 2020-06-30 08:36:32.242456

adwqzx3hvhi >> Image Returned >> 2020-06-30 08:36:32.246913

adwqzx3hvhi >> End >> 2020-06-30 08:36:32.259260

cbjpap2se28 >> Start >> 2020-06-30 08:47:37.317050

cbjpap2se28 >> Image Returned >> 2020-06-30 08:47:37.321563

cbjpap2se28 >> End >> 2020-06-30 08:47:37.548295

onjpfbqsmr8 >> Start >> 2020-06-30 08:48:04.645580

onjpfbqsmr8 >> Image Returned >> 2020-06-30 08:48:04.648905

onjpfbqsmr8 >> End >> 2020-06-30 08:48:04.659806

nkukjmh5nba >> Start >> 2020-06-30 08:52:00.968192

nkukjmh5nba >> Image Returned >> 2020-06-30 08:52:00.971426

nkukjmh5nba >> End >> 2020-06-30 08:52:00.984108

7rvrmpea0sm >> Start >> 2020-06-30 08:56:42.463675

7rvrmpea0sm >> Image Returned >> 2020-06-30 08:56:42.469130

7rvrmpea0sm >> End >> 2020-06-30 08:56:42.481086

uiff0jc0yo7 >> Start >> 2020-06-30 09:02:14.755640

uiff0jc0yo7 >> Image Returned >> 2020-06-30 09:02:14.759150

uiff0jc0yo7 >> End >> 2020-06-30 09:02:14.771995

chr8y53ycma >> Start >> 2020-06-30 09:03:05.597377

chr8y53ycma >> Image Returned >> 2020-06-30 09:03:05.601011

chr8y53ycma >> End >> 2020-06-30 09:03:05.614240

s8xmxoftshh >> Start >> 2020-06-30 09:05:48.865649

s8xmxoftshh >> Image Returned >> 2020-06-30 09:05:48.870997

s8xmxoftshh >> End >> 2020-06-30 09:05:48.887859

vcn35eg2bnj >> Start >> 2020-06-30 09:05:50.431324

vcn35eg2bnj >> Image Returned >> 2020-06-30 09:05:50.431619

vcn35eg2bnj >> End >> 2020-06-30 09:05:50.442061

n0da5gigaja >> Start >> 2020-06-30 09:30:01.232414

n0da5gigaja >> Image Returned >> 2020-06-30 09:30:01.235712

n0da5gigaja >> End >> 2020-06-30 09:30:01.247387

8of86gdu2n7 >> Start >> 2020-06-30 09:34:38.798011

8of86gdu2n7 >> Image Returned >> 2020-06-30 09:34:38.801820

8of86gdu2n7 >> End >> 2020-06-30 09:34:38.814421

76doy22s5dv >> Start >> 2020-06-30 09:35:42.391396

76doy22s5dv >> Image Returned >> 2020-06-30 09:35:42.395216

76doy22s5dv >> End >> 2020-06-30 09:35:42.405637

cyzxmyrutwb >> Start >> 2020-06-30 09:46:25.630964

cyzxmyrutwb >> Image Returned >> 2020-06-30 09:46:25.635155

cyzxmyrutwb >> End >> 2020-06-30 09:46:25.650813

iw58mcjn0md >> Start >> 2020-06-30 09:48:29.383255

iw58mcjn0md >> Image Returned >> 2020-06-30 09:48:29.387070

iw58mcjn0md >> End >> 2020-06-30 09:48:29.405545

mfr6z040xo6 >> Start >> 2020-06-30 10:13:48.615649

mfr6z040xo6 >> Image Returned >> 2020-06-30 10:13:48.618998

mfr6z040xo6 >> End >> 2020-06-30 10:13:48.630616

qu7ipt4k0qt >> Start >> 2020-06-30 10:22:53.308842

qu7ipt4k0qt >> Image Returned >> 2020-06-30 10:22:53.313241

qu7ipt4k0qt >> End >> 2020-06-30 10:22:53.325403

wd8e2vt58m8 >> Start >> 2020-06-30 10:32:54.972197

wd8e2vt58m8 >> Image Returned >> 2020-06-30 10:32:54.976978

wd8e2vt58m8 >> End >> 2020-06-30 10:32:54.989342

oypvawpik5x >> Start >> 2020-06-30 10:35:00.583868

oypvawpik5x >> Image Returned >> 2020-06-30 10:35:00.589131

oypvawpik5x >> End >> 2020-06-30 10:35:00.602212

rthqhwv3s8a >> Start >> 2020-06-30 10:41:51.874432

rthqhwv3s8a >> Image Returned >> 2020-06-30 10:41:51.877825

rthqhwv3s8a >> End >> 2020-06-30 10:41:51.893714

88doqyd3xfp >> Start >> 2020-06-30 10:51:53.684123

88doqyd3xfp >> Image Returned >> 2020-06-30 10:51:53.688185

88doqyd3xfp >> End >> 2020-06-30 10:51:53.700797

fzk63uzxhh3 >> Start >> 2020-06-30 11:04:03.800693

fzk63uzxhh3 >> Image Returned >> 2020-06-30 11:04:03.804735

fzk63uzxhh3 >> End >> 2020-06-30 11:04:03.820327

3cghczqwycp >> Start >> 2020-06-30 11:07:13.945274

3cghczqwycp >> Image Returned >> 2020-06-30 11:07:13.948753

3cghczqwycp >> End >> 2020-06-30 11:07:13.972271

sc0oz0h4a06 >> Start >> 2020-06-30 11:09:11.827351

sc0oz0h4a06 >> Image Returned >> 2020-06-30 11:09:11.830559

sc0oz0h4a06 >> End >> 2020-06-30 11:09:11.845444

tzj2bky7by7 >> Start >> 2020-06-30 11:18:46.088730

tzj2bky7by7 >> Image Returned >> 2020-06-30 11:18:46.093664

tzj2bky7by7 >> End >> 2020-06-30 11:18:46.117985

pvxyvrdtm0q >> Start >> 2020-06-30 11:20:17.554192

pvxyvrdtm0q >> Image Returned >> 2020-06-30 11:20:17.558130

pvxyvrdtm0q >> End >> 2020-06-30 11:20:17.570378

7oxbgghujo7 >> Start >> 2020-06-30 11:22:46.800307

7oxbgghujo7 >> Image Returned >> 2020-06-30 11:22:46.804124

7oxbgghujo7 >> End >> 2020-06-30 11:22:46.814781

gq5aiiczhot >> Start >> 2020-06-30 11:30:19.531677

gq5aiiczhot >> Image Returned >> 2020-06-30 11:30:19.535010

gq5aiiczhot >> End >> 2020-06-30 11:30:19.546001

2x65yf6ettm >> Start >> 2020-06-30 11:30:55.705020

2x65yf6ettm >> Image Returned >> 2020-06-30 11:30:55.709126

2x65yf6ettm >> End >> 2020-06-30 11:30:55.719990

pmo4uoiknrn >> Start >> 2020-06-30 11:35:05.998192

pmo4uoiknrn >> Image Returned >> 2020-06-30 11:35:06.002126

pmo4uoiknrn >> End >> 2020-06-30 11:35:06.021405

bxhpjsxz2yx >> Start >> 2020-06-30 11:55:11.379502

bxhpjsxz2yx >> Image Returned >> 2020-06-30 11:55:11.384717

bxhpjsxz2yx >> End >> 2020-06-30 11:55:11.398411

iyovkzipphz >> Start >> 2020-06-30 12:03:11.334644

iyovkzipphz >> Image Returned >> 2020-06-30 12:03:11.338151

iyovkzipphz >> End >> 2020-06-30 12:03:11.350691

k2yg236rpp7 >> Start >> 2020-06-30 12:16:21.505492

k2yg236rpp7 >> Image Returned >> 2020-06-30 12:16:21.509171

k2yg236rpp7 >> End >> 2020-06-30 12:16:21.521406

o4ct74xg8gc >> Start >> 2020-06-30 12:17:03.619692

o4ct74xg8gc >> Image Returned >> 2020-06-30 12:17:03.624032

o4ct74xg8gc >> End >> 2020-06-30 12:17:03.638931

37exjc67x3z >> Start >> 2020-06-30 12:33:28.715569

37exjc67x3z >> Image Returned >> 2020-06-30 12:33:28.719722

37exjc67x3z >> End >> 2020-06-30 12:33:28.734996

scujnuuqpgv >> Start >> 2020-06-30 12:36:25.857224

scujnuuqpgv >> Image Returned >> 2020-06-30 12:36:25.861148

scujnuuqpgv >> End >> 2020-06-30 12:36:25.877830

jxp0y0ti44k >> Start >> 2020-06-30 12:46:58.681200

jxp0y0ti44k >> Image Returned >> 2020-06-30 12:46:58.685297

jxp0y0ti44k >> End >> 2020-06-30 12:46:58.688838

5mymheiueji >> Start >> 2020-06-30 12:46:59.042680

5mymheiueji >> Image Returned >> 2020-06-30 12:46:59.043060

5mymheiueji >> End >> 2020-06-30 12:46:59.047641

cmtbq74ragu >> Start >> 2020-06-30 12:46:59.504179

cmtbq74ragu >> Image Returned >> 2020-06-30 12:46:59.504475

cmtbq74ragu >> End >> 2020-06-30 12:46:59.507294

ucvo2qypqnj >> Start >> 2020-06-30 12:51:07.547585

ucvo2qypqnj >> Image Returned >> 2020-06-30 12:51:07.551314

ucvo2qypqnj >> End >> 2020-06-30 12:51:07.554920

aqw5026fcjc >> Start >> 2020-06-30 12:55:37.808007

aqw5026fcjc >> Image Returned >> 2020-06-30 12:55:37.814260

aqw5026fcjc >> End >> 2020-06-30 12:55:37.825649

88f56ofibgp >> Start >> 2020-06-30 12:58:33.636341

88f56ofibgp >> Image Returned >> 2020-06-30 12:58:33.640511

88f56ofibgp >> End >> 2020-06-30 12:58:33.653191

yxi7hbqk4c4 >> Start >> 2020-06-30 13:18:20.710506

yxi7hbqk4c4 >> Image Returned >> 2020-06-30 13:18:20.716913

yxi7hbqk4c4 >> End >> 2020-06-30 13:18:20.743057

gc33hea3h5i >> Start >> 2020-06-30 13:28:13.617722

gc33hea3h5i >> Image Returned >> 2020-06-30 13:28:13.622549

gc33hea3h5i >> End >> 2020-06-30 13:28:13.636130

tr4rz8rapzx >> Start >> 2020-06-30 13:28:39.419704

tr4rz8rapzx >> Image Returned >> 2020-06-30 13:28:39.425139

tr4rz8rapzx >> End >> 2020-06-30 13:28:39.473707

3ji4g4zu8aj >> Start >> 2020-06-30 13:46:12.909991

3ji4g4zu8aj >> Image Returned >> 2020-06-30 13:46:12.913800

3ji4g4zu8aj >> End >> 2020-06-30 13:46:12.927177

4q6uy4a2i22 >> Start >> 2020-06-30 13:46:18.493916

4q6uy4a2i22 >> Image Returned >> 2020-06-30 13:46:18.494213

4q6uy4a2i22 >> End >> 2020-06-30 13:46:18.504198

hrphvnhuakd >> Start >> 2020-06-30 13:46:27.977663

hrphvnhuakd >> Image Returned >> 2020-06-30 13:46:27.978012

hrphvnhuakd >> End >> 2020-06-30 13:46:27.989428

oj44ewa5iek >> Start >> 2020-06-30 13:48:15.533174

oj44ewa5iek >> Image Returned >> 2020-06-30 13:48:15.537158

oj44ewa5iek >> End >> 2020-06-30 13:48:15.548667

p8f672e3grp >> Start >> 2020-06-30 13:49:18.705915

p8f672e3grp >> Image Returned >> 2020-06-30 13:49:18.709824

p8f672e3grp >> End >> 2020-06-30 13:49:18.722245

5rng55d3aqc >> Start >> 2020-06-30 13:49:22.128596

5rng55d3aqc >> Image Returned >> 2020-06-30 13:49:22.128906

5rng55d3aqc >> End >> 2020-06-30 13:49:22.153567

fcwrg8dzbgw >> Start >> 2020-06-30 13:49:28.954411

fcwrg8dzbgw >> Image Returned >> 2020-06-30 13:49:28.954730

fcwrg8dzbgw >> End >> 2020-06-30 13:49:28.965915

m2k77f0gogi >> Start >> 2020-06-30 13:50:13.773828

m2k77f0gogi >> Image Returned >> 2020-06-30 13:50:13.777760

m2k77f0gogi >> End >> 2020-06-30 13:50:13.788734

ktrp06opixw >> Start >> 2020-06-30 13:50:38.825789

ktrp06opixw >> Image Returned >> 2020-06-30 13:50:38.830264

ktrp06opixw >> End >> 2020-06-30 13:50:38.842947

mqsxwr8bdrj >> Start >> 2020-06-30 13:50:41.383205

mqsxwr8bdrj >> Image Returned >> 2020-06-30 13:50:41.383503

mqsxwr8bdrj >> End >> 2020-06-30 13:50:41.443425

6cw5wwpug03 >> Start >> 2020-06-30 13:53:17.322412

6cw5wwpug03 >> Image Returned >> 2020-06-30 13:53:17.325836

6cw5wwpug03 >> End >> 2020-06-30 13:53:17.403048

00k5bn024wr >> Start >> 2020-06-30 13:53:20.332133

00k5bn024wr >> Image Returned >> 2020-06-30 13:53:20.332417

00k5bn024wr >> End >> 2020-06-30 13:53:20.403362

yvagtjst436 >> Start >> 2020-06-30 14:07:43.614669

yvagtjst436 >> Image Returned >> 2020-06-30 14:07:43.619513

yvagtjst436 >> End >> 2020-06-30 14:07:43.624224

d3r74k8haf7 >> Start >> 2020-06-30 14:39:04.985690

d3r74k8haf7 >> Image Returned >> 2020-06-30 14:39:04.989228

d3r74k8haf7 >> End >> 2020-06-30 14:39:05.000716

wvuayebh3zg >> Start >> 2020-06-30 14:39:05.136420

wvuayebh3zg >> Image Returned >> 2020-06-30 14:39:05.136733

wvuayebh3zg >> End >> 2020-06-30 14:39:05.146413

byt5ocvri8j >> Start >> 2020-06-30 14:45:21.041798

byt5ocvri8j >> Image Returned >> 2020-06-30 14:45:21.046147

byt5ocvri8j >> End >> 2020-06-30 14:45:21.062666

v7d0rsssmf4 >> Start >> 2020-06-30 14:58:53.790924

v7d0rsssmf4 >> Image Returned >> 2020-06-30 14:58:53.796890

v7d0rsssmf4 >> End >> 2020-06-30 14:58:53.819612

48743if6xef >> Start >> 2020-06-30 14:59:58.829720

48743if6xef >> Image Returned >> 2020-06-30 14:59:58.834069

48743if6xef >> End >> 2020-06-30 14:59:58.837893

u7vc7o3uinq >> Start >> 2020-06-30 15:15:50.743017

u7vc7o3uinq >> Image Returned >> 2020-06-30 15:15:50.751101

u7vc7o3uinq >> End >> 2020-06-30 15:15:50.764646

acntnh3mryu >> Start >> 2020-06-30 15:30:05.136949

acntnh3mryu >> Image Returned >> 2020-06-30 15:30:05.141179

acntnh3mryu >> End >> 2020-06-30 15:30:05.153762

u38zf5tsyie >> Start >> 2020-06-30 15:38:13.283472

u38zf5tsyie >> Image Returned >> 2020-06-30 15:38:13.286864

u38zf5tsyie >> End >> 2020-06-30 15:38:13.290812

nemgoxy0gvi >> Start >> 2020-06-30 15:40:44.222556

nemgoxy0gvi >> Image Returned >> 2020-06-30 15:40:44.226128

nemgoxy0gvi >> End >> 2020-06-30 15:40:44.239545

2nzifo5h8pt >> Start >> 2020-06-30 15:47:39.894383

2nzifo5h8pt >> Image Returned >> 2020-06-30 15:47:39.899461

2nzifo5h8pt >> End >> 2020-06-30 15:47:39.916008

dpvxwnknqye >> Start >> 2020-06-30 15:47:55.825330

dpvxwnknqye >> Image Returned >> 2020-06-30 15:47:55.828664

dpvxwnknqye >> End >> 2020-06-30 15:47:55.842897

gawdicaf0a6 >> Start >> 2020-06-30 15:50:02.398403

gawdicaf0a6 >> Image Returned >> 2020-06-30 15:50:02.403278

gawdicaf0a6 >> End >> 2020-06-30 15:50:02.419671

0v7su7fsiup >> Start >> 2020-06-30 16:22:24.124064

0v7su7fsiup >> Image Returned >> 2020-06-30 16:22:24.127863

0v7su7fsiup >> End >> 2020-06-30 16:22:24.140139

cujonc65uni >> Start >> 2020-06-30 16:22:32.809168

cujonc65uni >> Image Returned >> 2020-06-30 16:22:32.809465

cujonc65uni >> End >> 2020-06-30 16:22:32.816158

ku4724sprs5 >> Start >> 2020-06-30 16:59:27.458323

ku4724sprs5 >> Image Returned >> 2020-06-30 16:59:27.461848

ku4724sprs5 >> End >> 2020-06-30 16:59:27.477448

a0ewmgje3vc >> Start >> 2020-06-30 17:15:19.033865

a0ewmgje3vc >> Image Returned >> 2020-06-30 17:15:19.037611

a0ewmgje3vc >> End >> 2020-06-30 17:15:19.053077

o7sf45u65ov >> Start >> 2020-06-30 17:20:28.494585

o7sf45u65ov >> Image Returned >> 2020-06-30 17:20:28.499689

o7sf45u65ov >> End >> 2020-06-30 17:20:28.512633

mwebw5zwsn7 >> Start >> 2020-06-30 17:33:27.706552

mwebw5zwsn7 >> Image Returned >> 2020-06-30 17:33:27.710292

mwebw5zwsn7 >> End >> 2020-06-30 17:33:27.726246

sonahcp7kkp >> Start >> 2020-06-30 17:35:28.967942

sonahcp7kkp >> Image Returned >> 2020-06-30 17:35:28.972516

sonahcp7kkp >> End >> 2020-06-30 17:35:28.986116

ykqhxgkmu00 >> Start >> 2020-06-30 17:55:18.169929

ykqhxgkmu00 >> Image Returned >> 2020-06-30 17:55:18.173770

ykqhxgkmu00 >> End >> 2020-06-30 17:55:18.193651

ogg70nsear6 >> Start >> 2020-06-30 18:08:51.902231

ogg70nsear6 >> Image Returned >> 2020-06-30 18:08:51.905734

ogg70nsear6 >> End >> 2020-06-30 18:08:51.921504

ans5nzqks2o >> Start >> 2020-06-30 18:21:05.509376

ans5nzqks2o >> Image Returned >> 2020-06-30 18:21:05.515402

ans5nzqks2o >> End >> 2020-06-30 18:21:05.527080

uo0kdvw4xqd >> Start >> 2020-06-30 18:26:33.321105

uo0kdvw4xqd >> Image Returned >> 2020-06-30 18:26:33.324671

uo0kdvw4xqd >> End >> 2020-06-30 18:26:33.337362

37jivmeiufx >> Start >> 2020-06-30 18:41:54.426371

37jivmeiufx >> Image Returned >> 2020-06-30 18:41:54.432123

37jivmeiufx >> End >> 2020-06-30 18:41:54.460488

edf7wykpn4m >> Start >> 2020-06-30 18:49:21.653301

edf7wykpn4m >> Image Returned >> 2020-06-30 18:49:21.657301

edf7wykpn4m >> End >> 2020-06-30 18:49:21.679080

c53sbg6eprq >> Start >> 2020-06-30 18:55:45.286164

c53sbg6eprq >> Image Returned >> 2020-06-30 18:55:45.292773

c53sbg6eprq >> End >> 2020-06-30 18:55:45.306490

pqz22yi2xwx >> Start >> 2020-06-30 18:55:55.776190

pqz22yi2xwx >> Image Returned >> 2020-06-30 18:55:55.776489

pqz22yi2xwx >> End >> 2020-06-30 18:55:55.788902

jyn2oqnnp42 >> Start >> 2020-06-30 19:00:40.724453

jyn2oqnnp42 >> Image Returned >> 2020-06-30 19:00:40.730380

jyn2oqnnp42 >> End >> 2020-06-30 19:00:40.742290

vqqz5g0gusd >> Start >> 2020-06-30 19:21:05.032828

vqqz5g0gusd >> Image Returned >> 2020-06-30 19:21:05.036756

vqqz5g0gusd >> End >> 2020-06-30 19:21:05.047569

3q80jrjopxz >> Start >> 2020-06-30 19:32:03.337119

3q80jrjopxz >> Image Returned >> 2020-06-30 19:32:03.342360

3q80jrjopxz >> End >> 2020-06-30 19:32:03.361032

bv5m5ye38h2 >> Start >> 2020-06-30 19:33:15.953546

bv5m5ye38h2 >> Image Returned >> 2020-06-30 19:33:15.957235

bv5m5ye38h2 >> End >> 2020-06-30 19:33:15.973912

3gcg8c0n6a3 >> Start >> 2020-06-30 19:40:20.452590

3gcg8c0n6a3 >> Image Returned >> 2020-06-30 19:40:20.457194

3gcg8c0n6a3 >> End >> 2020-06-30 19:40:20.473685

h7cv8foqga4 >> Start >> 2020-06-30 19:48:55.147490

h7cv8foqga4 >> Image Returned >> 2020-06-30 19:48:55.151141

h7cv8foqga4 >> End >> 2020-06-30 19:48:55.163750

juqtpubwnc6 >> Start >> 2020-06-30 20:00:13.695576

juqtpubwnc6 >> Image Returned >> 2020-06-30 20:00:13.699539

juqtpubwnc6 >> End >> 2020-06-30 20:00:13.710905

muhabmxb6as >> Start >> 2020-06-30 20:05:20.493525

muhabmxb6as >> Image Returned >> 2020-06-30 20:05:20.496961

muhabmxb6as >> End >> 2020-06-30 20:05:20.510596

i3rf57j4p33 >> Start >> 2020-06-30 20:08:41.856369

i3rf57j4p33 >> Image Returned >> 2020-06-30 20:08:41.860524

i3rf57j4p33 >> End >> 2020-06-30 20:08:41.876266

uw2emr328b0 >> Start >> 2020-06-30 20:09:01.440643

uw2emr328b0 >> Image Returned >> 2020-06-30 20:09:01.444293

uw2emr328b0 >> End >> 2020-06-30 20:09:01.456897

5et800iwda5 >> Start >> 2020-06-30 20:20:56.142239

5et800iwda5 >> Image Returned >> 2020-06-30 20:20:56.145816

5et800iwda5 >> End >> 2020-06-30 20:20:56.150156

idj0rda80fa >> Start >> 2020-06-30 20:30:05.507236

idj0rda80fa >> Image Returned >> 2020-06-30 20:30:05.511128

idj0rda80fa >> End >> 2020-06-30 20:30:05.524835

kzwzimtrnzc >> Start >> 2020-06-30 20:38:53.232606

kzwzimtrnzc >> Image Returned >> 2020-06-30 20:38:53.238002

kzwzimtrnzc >> End >> 2020-06-30 20:38:53.248781

4mqypquo4av >> Start >> 2020-06-30 21:04:55.853591

4mqypquo4av >> Image Returned >> 2020-06-30 21:04:55.858045

4mqypquo4av >> End >> 2020-06-30 21:04:55.875492

rr7mx3yenpk >> Start >> 2020-06-30 21:17:34.198966

rr7mx3yenpk >> Image Returned >> 2020-06-30 21:17:34.203376

rr7mx3yenpk >> End >> 2020-06-30 21:17:34.217406

eru7hfcyvir >> Start >> 2020-06-30 21:22:41.621860

eru7hfcyvir >> Image Returned >> 2020-06-30 21:22:41.626247

eru7hfcyvir >> End >> 2020-06-30 21:22:41.639691

m2t8twby4oc >> Start >> 2020-06-30 21:24:27.140918

m2t8twby4oc >> Image Returned >> 2020-06-30 21:24:27.144391

m2t8twby4oc >> End >> 2020-06-30 21:24:27.161154

gurnbsc7kgf >> Start >> 2020-06-30 21:25:51.002562

gurnbsc7kgf >> Image Returned >> 2020-06-30 21:25:51.006699

gurnbsc7kgf >> End >> 2020-06-30 21:25:51.019376

irtpbkd2qiv >> Start >> 2020-06-30 22:47:09.108033

irtpbkd2qiv >> Image Returned >> 2020-06-30 22:47:09.112981

irtpbkd2qiv >> End >> 2020-06-30 22:47:09.124974

7pggfq6ovy5 >> Start >> 2020-06-30 23:28:07.577310

7pggfq6ovy5 >> Image Returned >> 2020-06-30 23:28:07.582804

7pggfq6ovy5 >> End >> 2020-06-30 23:28:07.598093

owoif3konpn >> Start >> 2020-06-30 23:54:05.741858

owoif3konpn >> Image Returned >> 2020-06-30 23:54:05.748051

owoif3konpn >> End >> 2020-06-30 23:54:05.767138

