n3kp3sfgm8a >> Start >> 2020-09-01 00:19:34.523379

n3kp3sfgm8a >> Image Returned >> 2020-09-01 00:19:34.529591

n3kp3sfgm8a >> End >> 2020-09-01 00:19:34.674235

2i3crjdp2zq >> Start >> 2020-09-01 00:21:07.007322

2i3crjdp2zq >> Image Returned >> 2020-09-01 00:21:07.011372

2i3crjdp2zq >> End >> 2020-09-01 00:21:07.156362

pw8eakdpfe5 >> Start >> 2020-09-01 00:41:59.483539

pw8eakdpfe5 >> Image Returned >> 2020-09-01 00:41:59.488856

pw8eakdpfe5 >> End >> 2020-09-01 00:41:59.635855

nscqs377bkf >> Start >> 2020-09-01 01:32:45.952109

nscqs377bkf >> Image Returned >> 2020-09-01 01:32:45.956254

nscqs377bkf >> End >> 2020-09-01 01:32:46.107358

rrs5uz52wt2 >> Start >> 2020-09-01 01:56:38.476408

rrs5uz52wt2 >> Image Returned >> 2020-09-01 01:56:38.480890

rrs5uz52wt2 >> End >> 2020-09-01 01:56:38.626904

5rfmba442yu >> Start >> 2020-09-01 02:00:17.117301

5rfmba442yu >> Image Returned >> 2020-09-01 02:00:17.122205

5rfmba442yu >> End >> 2020-09-01 02:00:17.289746

5noi8im6aab >> Start >> 2020-09-01 02:06:45.268835

5noi8im6aab >> Image Returned >> 2020-09-01 02:06:45.273910

5noi8im6aab >> End >> 2020-09-01 02:06:45.426600

ztk568tr066 >> Start >> 2020-09-01 02:08:21.852785

ztk568tr066 >> Image Returned >> 2020-09-01 02:08:21.856904

ztk568tr066 >> End >> 2020-09-01 02:08:22.006942

0fy7iag80fx >> Start >> 2020-09-01 02:17:45.800622

0fy7iag80fx >> Image Returned >> 2020-09-01 02:17:45.806914

0fy7iag80fx >> End >> 2020-09-01 02:17:45.959201

rwf507bpv08 >> Start >> 2020-09-01 02:25:17.032390

rwf507bpv08 >> Image Returned >> 2020-09-01 02:25:17.037431

rwf507bpv08 >> End >> 2020-09-01 02:25:17.187952

ytmofw4tgps >> Start >> 2020-09-01 02:29:11.079188

ytmofw4tgps >> Image Returned >> 2020-09-01 02:29:11.083837

ytmofw4tgps >> End >> 2020-09-01 02:29:11.235977

gw4x5adx66b >> Start >> 2020-09-01 02:34:16.248960

gw4x5adx66b >> Image Returned >> 2020-09-01 02:34:16.252789

gw4x5adx66b >> End >> 2020-09-01 02:34:16.415677

83xwsq6zh2e >> Start >> 2020-09-01 02:35:10.259577

83xwsq6zh2e >> Image Returned >> 2020-09-01 02:35:10.264087

83xwsq6zh2e >> End >> 2020-09-01 02:35:10.409363

8ecnnmc8owp >> Start >> 2020-09-01 02:38:12.230027

8ecnnmc8owp >> Image Returned >> 2020-09-01 02:38:12.234864

8ecnnmc8owp >> End >> 2020-09-01 02:38:12.388720

oyw07uohk3s >> Start >> 2020-09-01 02:39:10.385510

oyw07uohk3s >> Image Returned >> 2020-09-01 02:39:10.390309

oyw07uohk3s >> End >> 2020-09-01 02:39:10.540025

awmv3amedim >> Start >> 2020-09-01 03:06:42.667596

awmv3amedim >> Image Returned >> 2020-09-01 03:06:42.672235

awmv3amedim >> End >> 2020-09-01 03:06:42.825890

nyi26xj5qaz >> Start >> 2020-09-01 03:44:03.688545

nyi26xj5qaz >> Image Returned >> 2020-09-01 03:44:03.692670

nyi26xj5qaz >> End >> 2020-09-01 03:44:03.820687

rm2upvmreqv >> Start >> 2020-09-01 03:53:06.280019

rm2upvmreqv >> Image Returned >> 2020-09-01 03:53:06.283974

rm2upvmreqv >> End >> 2020-09-01 03:53:06.412554

ycyfe66itka >> Start >> 2020-09-01 04:07:13.360667

ycyfe66itka >> Image Returned >> 2020-09-01 04:07:13.364768

ycyfe66itka >> End >> 2020-09-01 04:07:13.518620

odguwv5p5yg >> Start >> 2020-09-01 05:35:53.477565

odguwv5p5yg >> Image Returned >> 2020-09-01 05:35:53.481657

odguwv5p5yg >> End >> 2020-09-01 05:35:53.653924

f8i7cbqhjf5 >> Start >> 2020-09-01 05:38:42.496047

f8i7cbqhjf5 >> Image Returned >> 2020-09-01 05:38:42.500366

f8i7cbqhjf5 >> End >> 2020-09-01 05:38:42.647748

d6h6zk3q6ud >> Start >> 2020-09-01 05:41:07.613368

d6h6zk3q6ud >> Image Returned >> 2020-09-01 05:41:07.617281

d6h6zk3q6ud >> End >> 2020-09-01 05:41:07.763541

72i56cxwb54 >> Start >> 2020-09-01 05:55:24.948755

72i56cxwb54 >> Image Returned >> 2020-09-01 05:55:24.953013

72i56cxwb54 >> End >> 2020-09-01 05:55:25.103897

npckp8vod0x >> Start >> 2020-09-01 05:57:28.818603

npckp8vod0x >> Image Returned >> 2020-09-01 05:57:28.823312

npckp8vod0x >> End >> 2020-09-01 05:57:28.975841

yx8tajsixbx >> Start >> 2020-09-01 05:59:20.275512

yx8tajsixbx >> Image Returned >> 2020-09-01 05:59:20.279958

yx8tajsixbx >> End >> 2020-09-01 05:59:20.432023

we0t4zfszor >> Start >> 2020-09-01 05:59:51.847135

we0t4zfszor >> Image Returned >> 2020-09-01 05:59:51.851387

we0t4zfszor >> End >> 2020-09-01 05:59:52.005851

povqevcnzbv >> Start >> 2020-09-01 06:04:29.342845

povqevcnzbv >> Image Returned >> 2020-09-01 06:04:29.350033

povqevcnzbv >> End >> 2020-09-01 06:04:29.499685

y76jzywnoqs >> Start >> 2020-09-01 06:06:23.611556

y76jzywnoqs >> Image Returned >> 2020-09-01 06:06:23.617069

y76jzywnoqs >> End >> 2020-09-01 06:06:23.766448

7f6cf25ho04 >> Start >> 2020-09-01 06:12:04.449918

7f6cf25ho04 >> Image Returned >> 2020-09-01 06:12:04.453633

7f6cf25ho04 >> End >> 2020-09-01 06:12:04.605901

jiviptndfzw >> Start >> 2020-09-01 06:14:09.007106

jiviptndfzw >> Image Returned >> 2020-09-01 06:14:09.010646

jiviptndfzw >> End >> 2020-09-01 06:14:09.167294

hdjpw7uqrn4 >> Start >> 2020-09-01 06:23:21.099275

hdjpw7uqrn4 >> Image Returned >> 2020-09-01 06:23:21.104558

hdjpw7uqrn4 >> End >> 2020-09-01 06:23:21.250396

sxemjo3dt20 >> Start >> 2020-09-01 06:25:34.690799

sxemjo3dt20 >> Image Returned >> 2020-09-01 06:25:34.694715

sxemjo3dt20 >> End >> 2020-09-01 06:25:34.849634

p3rurngzmf0 >> Start >> 2020-09-01 06:27:06.919779

p3rurngzmf0 >> Image Returned >> 2020-09-01 06:27:06.923844

p3rurngzmf0 >> End >> 2020-09-01 06:27:07.070477

qscyp8fjqqf >> Start >> 2020-09-01 06:27:27.238902

qscyp8fjqqf >> Image Returned >> 2020-09-01 06:27:27.242621

qscyp8fjqqf >> End >> 2020-09-01 06:27:27.388525

sicnthx288p >> Start >> 2020-09-01 06:41:39.714963

sicnthx288p >> Image Returned >> 2020-09-01 06:41:39.718575

sicnthx288p >> End >> 2020-09-01 06:41:39.870165

msptjx4ujpc >> Start >> 2020-09-01 06:50:21.516761

msptjx4ujpc >> Image Returned >> 2020-09-01 06:50:21.521023

msptjx4ujpc >> End >> 2020-09-01 06:50:21.670902

k062pf0pn8a >> Start >> 2020-09-01 06:56:02.182838

k062pf0pn8a >> Image Returned >> 2020-09-01 06:56:02.186805

k062pf0pn8a >> End >> 2020-09-01 06:56:02.336215

2ew6khgoneh >> Start >> 2020-09-01 06:58:50.903445

2ew6khgoneh >> Image Returned >> 2020-09-01 06:58:50.908600

2ew6khgoneh >> End >> 2020-09-01 06:58:51.060072

xhb7b574guu >> Start >> 2020-09-01 07:00:35.892667

xhb7b574guu >> Image Returned >> 2020-09-01 07:00:35.896226

xhb7b574guu >> End >> 2020-09-01 07:00:36.047022

ak75k57ansc >> Start >> 2020-09-01 07:04:02.735070

ak75k57ansc >> Image Returned >> 2020-09-01 07:04:02.739929

ak75k57ansc >> End >> 2020-09-01 07:04:02.897720

47yzd8sj743 >> Start >> 2020-09-01 07:04:53.831001

47yzd8sj743 >> Image Returned >> 2020-09-01 07:04:53.834840

47yzd8sj743 >> End >> 2020-09-01 07:04:53.980904

7mmg52mu8f0 >> Start >> 2020-09-01 07:11:43.122371

7mmg52mu8f0 >> Image Returned >> 2020-09-01 07:11:43.125868

7mmg52mu8f0 >> End >> 2020-09-01 07:11:43.275480

fz66no358wh >> Start >> 2020-09-01 07:14:23.492217

fz66no358wh >> Image Returned >> 2020-09-01 07:14:23.496186

fz66no358wh >> End >> 2020-09-01 07:14:23.651928

ch7h8utes8u >> Start >> 2020-09-01 07:37:01.268038

ch7h8utes8u >> Image Returned >> 2020-09-01 07:37:01.272425

ch7h8utes8u >> End >> 2020-09-01 07:37:01.428555

gfwpctgp55x >> Start >> 2020-09-01 07:41:55.549031

gfwpctgp55x >> Image Returned >> 2020-09-01 07:41:55.553055

gfwpctgp55x >> End >> 2020-09-01 07:41:55.702161

an6qqsagzr8 >> Start >> 2020-09-01 07:42:10.045377

an6qqsagzr8 >> Image Returned >> 2020-09-01 07:42:10.048867

an6qqsagzr8 >> End >> 2020-09-01 07:42:10.190440

eqjpmo5rhr6 >> Start >> 2020-09-01 07:43:33.068582

eqjpmo5rhr6 >> Image Returned >> 2020-09-01 07:43:33.072109

eqjpmo5rhr6 >> End >> 2020-09-01 07:43:33.217472

26hzc3gyg0n >> Start >> 2020-09-01 07:44:58.042326

26hzc3gyg0n >> Image Returned >> 2020-09-01 07:44:58.047018

26hzc3gyg0n >> End >> 2020-09-01 07:44:58.192186

kjzfgzjiodh >> Start >> 2020-09-01 07:47:32.877057

kjzfgzjiodh >> Image Returned >> 2020-09-01 07:47:32.880893

kjzfgzjiodh >> End >> 2020-09-01 07:47:33.030311

x6f7ckgvwqr >> Start >> 2020-09-01 07:47:47.001009

x6f7ckgvwqr >> Image Returned >> 2020-09-01 07:47:47.006290

x6f7ckgvwqr >> End >> 2020-09-01 07:47:47.179167

wq6v5anivv0 >> Start >> 2020-09-01 07:49:06.063651

wq6v5anivv0 >> Image Returned >> 2020-09-01 07:49:06.070055

wq6v5anivv0 >> End >> 2020-09-01 07:49:06.219564

07ok2ne8d44 >> Start >> 2020-09-01 07:52:28.468626

07ok2ne8d44 >> Image Returned >> 2020-09-01 07:52:28.472861

07ok2ne8d44 >> End >> 2020-09-01 07:52:28.617722

4utbjqwq7fy >> Start >> 2020-09-01 07:55:09.760505

4utbjqwq7fy >> Image Returned >> 2020-09-01 07:55:09.764952

4utbjqwq7fy >> End >> 2020-09-01 07:55:09.917448

8am3yh8mcka >> Start >> 2020-09-01 07:55:24.011934

8am3yh8mcka >> Image Returned >> 2020-09-01 07:55:24.015368

8am3yh8mcka >> End >> 2020-09-01 07:55:24.165159

shfxkpaxsvs >> Start >> 2020-09-01 08:01:34.653938

shfxkpaxsvs >> Image Returned >> 2020-09-01 08:01:34.657721

shfxkpaxsvs >> End >> 2020-09-01 08:01:34.813072

ek2f4fh2eqs >> Start >> 2020-09-01 08:04:48.439479

ek2f4fh2eqs >> Image Returned >> 2020-09-01 08:04:48.443753

ek2f4fh2eqs >> End >> 2020-09-01 08:04:48.568694

2w6umagere3 >> Start >> 2020-09-01 08:08:28.656038

2w6umagere3 >> Image Returned >> 2020-09-01 08:08:28.660808

2w6umagere3 >> End >> 2020-09-01 08:08:28.814306

njh6zfn8fuf >> Start >> 2020-09-01 08:09:08.715905

njh6zfn8fuf >> Image Returned >> 2020-09-01 08:09:08.719748

njh6zfn8fuf >> End >> 2020-09-01 08:09:08.863915

f05h2whido0 >> Start >> 2020-09-01 08:09:25.048379

f05h2whido0 >> Image Returned >> 2020-09-01 08:09:25.053441

f05h2whido0 >> End >> 2020-09-01 08:09:25.210433

b0tx7of36qq >> Start >> 2020-09-01 08:12:38.296611

b0tx7of36qq >> Image Returned >> 2020-09-01 08:12:38.300088

b0tx7of36qq >> End >> 2020-09-01 08:12:38.453912

25uhkm62xgq >> Start >> 2020-09-01 08:15:33.816556

25uhkm62xgq >> Image Returned >> 2020-09-01 08:15:33.820852

25uhkm62xgq >> End >> 2020-09-01 08:15:33.974061

gsk3pn5pjed >> Start >> 2020-09-01 08:19:27.627460

gsk3pn5pjed >> Image Returned >> 2020-09-01 08:19:27.630966

gsk3pn5pjed >> End >> 2020-09-01 08:19:27.801450

rpnd5c0pipv >> Start >> 2020-09-01 08:23:09.924441

rpnd5c0pipv >> Image Returned >> 2020-09-01 08:23:09.928180

rpnd5c0pipv >> End >> 2020-09-01 08:23:10.080502

0r67twf6sn2 >> Start >> 2020-09-01 08:38:58.720321

0r67twf6sn2 >> Image Returned >> 2020-09-01 08:38:58.726244

0r67twf6sn2 >> End >> 2020-09-01 08:38:58.905685

g3rtfxo2ftz >> Start >> 2020-09-01 08:41:46.704528

g3rtfxo2ftz >> Image Returned >> 2020-09-01 08:41:46.708097

g3rtfxo2ftz >> End >> 2020-09-01 08:41:46.861399

2ez8bovob7s >> Start >> 2020-09-01 08:45:35.244504

2ez8bovob7s >> Image Returned >> 2020-09-01 08:45:35.248051

2ez8bovob7s >> End >> 2020-09-01 08:45:35.395051

afq4drg4mz7 >> Start >> 2020-09-01 08:46:46.198822

afq4drg4mz7 >> Image Returned >> 2020-09-01 08:46:46.203805

afq4drg4mz7 >> End >> 2020-09-01 08:46:46.366012

ox5ceikgrn7 >> Start >> 2020-09-01 08:47:21.215737

ox5ceikgrn7 >> Image Returned >> 2020-09-01 08:47:21.219293

ox5ceikgrn7 >> End >> 2020-09-01 08:47:21.369945

f5z6ccqmf8q >> Start >> 2020-09-01 08:47:29.539829

f5z6ccqmf8q >> Image Returned >> 2020-09-01 08:47:29.540144

f5z6ccqmf8q >> End >> 2020-09-01 08:47:29.694001

w05tnne0qik >> Start >> 2020-09-01 08:47:49.509449

w05tnne0qik >> Image Returned >> 2020-09-01 08:47:49.514703

w05tnne0qik >> End >> 2020-09-01 08:47:49.671899

d7mv6ancn38 >> Start >> 2020-09-01 08:51:17.064799

d7mv6ancn38 >> Image Returned >> 2020-09-01 08:51:17.068331

d7mv6ancn38 >> End >> 2020-09-01 08:51:17.218780

a8znfdrwoa2 >> Start >> 2020-09-01 08:56:58.925463

a8znfdrwoa2 >> Image Returned >> 2020-09-01 08:56:58.929624

a8znfdrwoa2 >> End >> 2020-09-01 08:56:59.077506

zecj2v6zdga >> Start >> 2020-09-01 08:57:06.630209

zecj2v6zdga >> Image Returned >> 2020-09-01 08:57:06.630494

zecj2v6zdga >> End >> 2020-09-01 08:57:06.778657

8vk5afw5qbk >> Start >> 2020-09-01 09:00:55.788327

8vk5afw5qbk >> Image Returned >> 2020-09-01 09:00:55.792161

8vk5afw5qbk >> End >> 2020-09-01 09:00:55.936991

tsjsfw3878n >> Start >> 2020-09-01 09:13:16.472295

tsjsfw3878n >> Image Returned >> 2020-09-01 09:13:16.475831

tsjsfw3878n >> End >> 2020-09-01 09:13:16.635375

z2fz3oa3v30 >> Start >> 2020-09-01 09:14:03.359401

z2fz3oa3v30 >> Image Returned >> 2020-09-01 09:14:03.363419

z2fz3oa3v30 >> End >> 2020-09-01 09:14:03.515084

g7yovggkovw >> Start >> 2020-09-01 09:16:45.699178

g7yovggkovw >> Image Returned >> 2020-09-01 09:16:45.702714

g7yovggkovw >> End >> 2020-09-01 09:16:45.858146

fa8qzwkz7u5 >> Start >> 2020-09-01 09:17:04.923790

fa8qzwkz7u5 >> Image Returned >> 2020-09-01 09:17:04.927747

fa8qzwkz7u5 >> End >> 2020-09-01 09:17:05.076098

wbkvu4hi542 >> Start >> 2020-09-01 09:17:59.918203

wbkvu4hi542 >> Image Returned >> 2020-09-01 09:17:59.922072

wbkvu4hi542 >> End >> 2020-09-01 09:18:00.078334

eken4w66v4b >> Start >> 2020-09-01 09:20:54.175925

eken4w66v4b >> Image Returned >> 2020-09-01 09:20:54.180548

eken4w66v4b >> End >> 2020-09-01 09:20:54.334760

hfm3bb0z2o8 >> Start >> 2020-09-01 09:21:42.719280

hfm3bb0z2o8 >> Image Returned >> 2020-09-01 09:21:42.722692

hfm3bb0z2o8 >> End >> 2020-09-01 09:21:42.873672

jigfaamdrms >> Start >> 2020-09-01 09:23:51.983326

jigfaamdrms >> Image Returned >> 2020-09-01 09:23:51.987679

jigfaamdrms >> End >> 2020-09-01 09:23:52.140937

ffjuzccomid >> Start >> 2020-09-01 09:24:34.112307

ffjuzccomid >> Image Returned >> 2020-09-01 09:24:34.115941

ffjuzccomid >> End >> 2020-09-01 09:24:34.261352

wzantroqy5a >> Start >> 2020-09-01 09:24:45.228385

wzantroqy5a >> Image Returned >> 2020-09-01 09:24:45.228673

wzantroqy5a >> End >> 2020-09-01 09:24:45.376806

s5tpvj3n05a >> Start >> 2020-09-01 09:26:27.758224

s5tpvj3n05a >> Image Returned >> 2020-09-01 09:26:27.762398

s5tpvj3n05a >> End >> 2020-09-01 09:26:27.911786

gvm8q3ohhz8 >> Start >> 2020-09-01 09:28:56.507320

gvm8q3ohhz8 >> Image Returned >> 2020-09-01 09:28:56.511764

gvm8q3ohhz8 >> End >> 2020-09-01 09:28:56.667289

q3487avnunc >> Start >> 2020-09-01 09:29:01.154596

q3487avnunc >> Image Returned >> 2020-09-01 09:29:01.154910

q3487avnunc >> End >> 2020-09-01 09:29:01.316334

7x34yyf5znw >> Start >> 2020-09-01 09:31:30.419375

7x34yyf5znw >> Image Returned >> 2020-09-01 09:31:30.423368

7x34yyf5znw >> End >> 2020-09-01 09:31:30.576628

4gib324ik2g >> Start >> 2020-09-01 09:34:51.287302

4gib324ik2g >> Image Returned >> 2020-09-01 09:34:51.291158

4gib324ik2g >> End >> 2020-09-01 09:34:51.446618

ricn3qs8mrd >> Start >> 2020-09-01 09:39:13.370656

ricn3qs8mrd >> Image Returned >> 2020-09-01 09:39:13.375736

ricn3qs8mrd >> End >> 2020-09-01 09:39:13.523596

k8oyht82itv >> Start >> 2020-09-01 09:41:44.389205

k8oyht82itv >> Image Returned >> 2020-09-01 09:41:44.392695

k8oyht82itv >> End >> 2020-09-01 09:41:44.537623

snu4y6d673i >> Start >> 2020-09-01 09:44:49.276393

snu4y6d673i >> Image Returned >> 2020-09-01 09:44:49.281380

snu4y6d673i >> End >> 2020-09-01 09:44:49.430205

mhotyhb07b4 >> Start >> 2020-09-01 09:53:31.403640

mhotyhb07b4 >> Image Returned >> 2020-09-01 09:53:31.407061

mhotyhb07b4 >> End >> 2020-09-01 09:53:31.554460

500xmhhjbe3 >> Start >> 2020-09-01 09:53:42.586349

500xmhhjbe3 >> Image Returned >> 2020-09-01 09:53:42.586637

500xmhhjbe3 >> End >> 2020-09-01 09:53:42.729760

5ftd8necwbw >> Start >> 2020-09-01 09:56:51.019159

5ftd8necwbw >> Image Returned >> 2020-09-01 09:56:51.023807

5ftd8necwbw >> End >> 2020-09-01 09:56:51.176536

jrdokt627ie >> Start >> 2020-09-01 10:00:48.180468

jrdokt627ie >> Image Returned >> 2020-09-01 10:00:48.184022

jrdokt627ie >> End >> 2020-09-01 10:00:48.328608

w5id78w4tqy >> Start >> 2020-09-01 10:08:53.652919

w5id78w4tqy >> Image Returned >> 2020-09-01 10:08:53.657186

w5id78w4tqy >> End >> 2020-09-01 10:08:53.827425

4vb6q0ombwf >> Start >> 2020-09-01 10:10:05.469691

4vb6q0ombwf >> Image Returned >> 2020-09-01 10:10:05.473279

4vb6q0ombwf >> End >> 2020-09-01 10:10:05.621743

iytmdovwkam >> Start >> 2020-09-01 10:10:15.895657

iytmdovwkam >> Image Returned >> 2020-09-01 10:10:15.896135

iytmdovwkam >> End >> 2020-09-01 10:10:16.041728

3yc3reagr84 >> Start >> 2020-09-01 10:10:43.818604

3yc3reagr84 >> Image Returned >> 2020-09-01 10:10:43.822005

3yc3reagr84 >> End >> 2020-09-01 10:10:44.008709

4ba2skokhe8 >> Start >> 2020-09-01 10:14:03.464920

4ba2skokhe8 >> Image Returned >> 2020-09-01 10:14:03.469070

4ba2skokhe8 >> End >> 2020-09-01 10:14:03.626970

nkm46k2wo7v >> Start >> 2020-09-01 10:14:49.575813

nkm46k2wo7v >> Image Returned >> 2020-09-01 10:14:49.579377

nkm46k2wo7v >> End >> 2020-09-01 10:14:49.730930

qxvm44x4qqa >> Start >> 2020-09-01 10:14:52.895498

qxvm44x4qqa >> Image Returned >> 2020-09-01 10:14:52.895783

qxvm44x4qqa >> End >> 2020-09-01 10:14:53.048823

hsssog5fgm4 >> Start >> 2020-09-01 10:15:16.342788

hsssog5fgm4 >> Image Returned >> 2020-09-01 10:15:16.347009

hsssog5fgm4 >> End >> 2020-09-01 10:15:16.496634

fmtz0aju6ev >> Start >> 2020-09-01 10:19:03.733697

fmtz0aju6ev >> Image Returned >> 2020-09-01 10:19:03.737504

fmtz0aju6ev >> End >> 2020-09-01 10:19:03.902606

3nsndy8j7op >> Start >> 2020-09-01 10:21:49.157980

3nsndy8j7op >> Image Returned >> 2020-09-01 10:21:49.161984

3nsndy8j7op >> End >> 2020-09-01 10:21:49.312525

ht86aqdkdna >> Start >> 2020-09-01 10:24:59.418385

ht86aqdkdna >> Image Returned >> 2020-09-01 10:24:59.422492

ht86aqdkdna >> End >> 2020-09-01 10:24:59.572247

00mrkag6tcb >> Start >> 2020-09-01 10:25:12.191840

00mrkag6tcb >> Image Returned >> 2020-09-01 10:25:12.195558

00mrkag6tcb >> End >> 2020-09-01 10:25:12.446352

iwesrqz7ww4 >> Start >> 2020-09-01 10:25:19.915086

iwesrqz7ww4 >> Image Returned >> 2020-09-01 10:25:19.915374

iwesrqz7ww4 >> End >> 2020-09-01 10:25:20.154176

egqpqemznqi >> Start >> 2020-09-01 10:26:20.106023

egqpqemznqi >> Image Returned >> 2020-09-01 10:26:20.110501

egqpqemznqi >> End >> 2020-09-01 10:26:20.265012

b4q3t8iexcz >> Start >> 2020-09-01 10:27:43.507770

b4q3t8iexcz >> Image Returned >> 2020-09-01 10:27:43.511284

b4q3t8iexcz >> End >> 2020-09-01 10:27:43.686583

duvdof3dndh >> Start >> 2020-09-01 10:27:53.279455

duvdof3dndh >> Image Returned >> 2020-09-01 10:27:53.279802

duvdof3dndh >> End >> 2020-09-01 10:27:53.428857

wsaf0h7wpz2 >> Start >> 2020-09-01 10:27:59.675458

wsaf0h7wpz2 >> Image Returned >> 2020-09-01 10:27:59.675781

wsaf0h7wpz2 >> End >> 2020-09-01 10:27:59.841074

td2q4af7dmk >> Start >> 2020-09-01 10:27:59.900690

td2q4af7dmk >> Image Returned >> 2020-09-01 10:27:59.901021

td2q4af7dmk >> End >> 2020-09-01 10:28:00.066131

yrbm75cjgjk >> Start >> 2020-09-01 10:37:55.257740

yrbm75cjgjk >> Image Returned >> 2020-09-01 10:37:55.261303

yrbm75cjgjk >> End >> 2020-09-01 10:37:55.411892

amefkdrdwcu >> Start >> 2020-09-01 10:39:17.574760

amefkdrdwcu >> Image Returned >> 2020-09-01 10:39:17.580059

amefkdrdwcu >> End >> 2020-09-01 10:39:17.729523

i5j6qat3ckb >> Start >> 2020-09-01 10:39:34.804547

i5j6qat3ckb >> Image Returned >> 2020-09-01 10:39:34.808275

i5j6qat3ckb >> End >> 2020-09-01 10:39:34.963373

bcdb5g7xahh >> Start >> 2020-09-01 10:40:13.671866

bcdb5g7xahh >> Image Returned >> 2020-09-01 10:40:13.676738

bcdb5g7xahh >> End >> 2020-09-01 10:40:13.828438

kjwdk4s2t6f >> Start >> 2020-09-01 10:41:17.297210

kjwdk4s2t6f >> Image Returned >> 2020-09-01 10:41:17.300649

kjwdk4s2t6f >> End >> 2020-09-01 10:41:17.449575

vsuuvohfru5 >> Start >> 2020-09-01 10:41:52.379060

vsuuvohfru5 >> Image Returned >> 2020-09-01 10:41:52.383610

vsuuvohfru5 >> End >> 2020-09-01 10:41:52.543498

p3zsk5cbacz >> Start >> 2020-09-01 10:43:47.972892

p3zsk5cbacz >> Image Returned >> 2020-09-01 10:43:47.976716

p3zsk5cbacz >> End >> 2020-09-01 10:43:48.130247

j6kxjguqj0v >> Start >> 2020-09-01 10:45:19.854527

j6kxjguqj0v >> Image Returned >> 2020-09-01 10:45:19.858805

j6kxjguqj0v >> End >> 2020-09-01 10:45:20.009520

vads5id0awm >> Start >> 2020-09-01 10:51:54.687938

vads5id0awm >> Image Returned >> 2020-09-01 10:51:54.692048

vads5id0awm >> End >> 2020-09-01 10:51:54.840954

6zjva34y37p >> Start >> 2020-09-01 10:52:04.056051

6zjva34y37p >> Image Returned >> 2020-09-01 10:52:04.056356

6zjva34y37p >> End >> 2020-09-01 10:52:04.228702

pwejugwcqj8 >> Start >> 2020-09-01 10:52:39.898261

pwejugwcqj8 >> Image Returned >> 2020-09-01 10:52:39.901988

pwejugwcqj8 >> End >> 2020-09-01 10:52:40.081341

tvu8u2duika >> Start >> 2020-09-01 10:53:43.142618

tvu8u2duika >> Image Returned >> 2020-09-01 10:53:43.146431

tvu8u2duika >> End >> 2020-09-01 10:53:43.304734

4dife4n38xz >> Start >> 2020-09-01 10:54:32.492125

4dife4n38xz >> Image Returned >> 2020-09-01 10:54:32.496332

4dife4n38xz >> End >> 2020-09-01 10:54:32.650302

epvw3t6ytbu >> Start >> 2020-09-01 10:54:45.124624

epvw3t6ytbu >> Image Returned >> 2020-09-01 10:54:45.128128

epvw3t6ytbu >> End >> 2020-09-01 10:54:45.252348

vuk0eej400j >> Start >> 2020-09-01 10:54:56.108526

vuk0eej400j >> Image Returned >> 2020-09-01 10:54:56.109009

vuk0eej400j >> End >> 2020-09-01 10:54:56.254976

mwhxfwaynkr >> Start >> 2020-09-01 10:56:13.906516

mwhxfwaynkr >> Image Returned >> 2020-09-01 10:56:13.911007

mwhxfwaynkr >> End >> 2020-09-01 10:56:14.067543

7vo4ptd34no >> Start >> 2020-09-01 10:56:31.271009

7vo4ptd34no >> Image Returned >> 2020-09-01 10:56:31.275216

7vo4ptd34no >> End >> 2020-09-01 10:56:31.424909

6jcyv0sowzr >> Start >> 2020-09-01 10:56:41.797118

6jcyv0sowzr >> Image Returned >> 2020-09-01 10:56:41.797411

6jcyv0sowzr >> End >> 2020-09-01 10:56:41.944464

vx5xfaroqrt >> Start >> 2020-09-01 11:00:52.609303

vx5xfaroqrt >> Image Returned >> 2020-09-01 11:00:52.612731

vx5xfaroqrt >> End >> 2020-09-01 11:00:52.764641

x4nb3cht4ct >> Start >> 2020-09-01 11:03:05.462340

x4nb3cht4ct >> Image Returned >> 2020-09-01 11:03:05.466187

x4nb3cht4ct >> End >> 2020-09-01 11:03:05.627315

wtqmhq2nrh2 >> Start >> 2020-09-01 11:03:15.267496

wtqmhq2nrh2 >> Image Returned >> 2020-09-01 11:03:15.267784

wtqmhq2nrh2 >> End >> 2020-09-01 11:03:15.418725

6q0jjq3mn4d >> Start >> 2020-09-01 11:07:24.472812

6q0jjq3mn4d >> Image Returned >> 2020-09-01 11:07:24.476497

6q0jjq3mn4d >> End >> 2020-09-01 11:07:24.630203

z7x2dh0o3z7 >> Start >> 2020-09-01 11:07:47.545444

z7x2dh0o3z7 >> Image Returned >> 2020-09-01 11:07:47.548933

z7x2dh0o3z7 >> End >> 2020-09-01 11:07:47.712466

r4tasgq3sah >> Start >> 2020-09-01 11:12:43.971431

r4tasgq3sah >> Image Returned >> 2020-09-01 11:12:43.975354

r4tasgq3sah >> End >> 2020-09-01 11:12:44.128276

k3t04eggnge >> Start >> 2020-09-01 11:13:51.414325

k3t04eggnge >> Image Returned >> 2020-09-01 11:13:51.418091

k3t04eggnge >> End >> 2020-09-01 11:13:51.572642

8o8dsn7uxod >> Start >> 2020-09-01 11:14:37.115447

8o8dsn7uxod >> Image Returned >> 2020-09-01 11:14:37.119230

8o8dsn7uxod >> End >> 2020-09-01 11:14:37.274039

ag6dji2o3f6 >> Start >> 2020-09-01 11:14:59.550111

ag6dji2o3f6 >> Image Returned >> 2020-09-01 11:14:59.555244

ag6dji2o3f6 >> End >> 2020-09-01 11:14:59.710989

3w2arve7tcm >> Start >> 2020-09-01 11:16:57.663486

3w2arve7tcm >> Image Returned >> 2020-09-01 11:16:57.667110

3w2arve7tcm >> End >> 2020-09-01 11:16:57.817102

tu83yh2q3g7 >> Start >> 2020-09-01 11:18:37.642471

tu83yh2q3g7 >> Image Returned >> 2020-09-01 11:18:37.647080

tu83yh2q3g7 >> End >> 2020-09-01 11:18:37.805130

vxr0ugx3t37 >> Start >> 2020-09-01 11:19:24.848884

vxr0ugx3t37 >> Image Returned >> 2020-09-01 11:19:24.852772

vxr0ugx3t37 >> End >> 2020-09-01 11:19:25.016050

8vmb0y4ccyo >> Start >> 2020-09-01 11:19:34.077124

8vmb0y4ccyo >> Image Returned >> 2020-09-01 11:19:34.077461

8vmb0y4ccyo >> End >> 2020-09-01 11:19:34.229242

bh0cq5y5rwq >> Start >> 2020-09-01 11:21:00.190594

bh0cq5y5rwq >> Image Returned >> 2020-09-01 11:21:00.194945

bh0cq5y5rwq >> End >> 2020-09-01 11:21:00.364567

nefkr8icffs >> Start >> 2020-09-01 11:24:34.574727

nefkr8icffs >> Image Returned >> 2020-09-01 11:24:34.578330

nefkr8icffs >> End >> 2020-09-01 11:24:34.703733

kaikyodtty0 >> Start >> 2020-09-01 11:24:53.662062

kaikyodtty0 >> Image Returned >> 2020-09-01 11:24:53.667402

kaikyodtty0 >> End >> 2020-09-01 11:24:53.825247

m26atohnzcc >> Start >> 2020-09-01 11:25:12.922099

m26atohnzcc >> Image Returned >> 2020-09-01 11:25:12.927094

m26atohnzcc >> End >> 2020-09-01 11:25:13.079950

coh4mz647hr >> Start >> 2020-09-01 11:25:27.742997

coh4mz647hr >> Image Returned >> 2020-09-01 11:25:27.746778

coh4mz647hr >> End >> 2020-09-01 11:25:27.907944

scwatg8a5o5 >> Start >> 2020-09-01 11:25:27.974170

scwatg8a5o5 >> Image Returned >> 2020-09-01 11:25:27.974474

scwatg8a5o5 >> End >> 2020-09-01 11:25:28.140583

i5i36arfjho >> Start >> 2020-09-01 11:27:09.191190

i5i36arfjho >> Image Returned >> 2020-09-01 11:27:09.197267

i5i36arfjho >> End >> 2020-09-01 11:27:09.361284

g7p06gbeqrn >> Start >> 2020-09-01 11:32:13.867925

g7p06gbeqrn >> Image Returned >> 2020-09-01 11:32:13.871382

g7p06gbeqrn >> End >> 2020-09-01 11:32:14.030855

ktpawrf8z2o >> Start >> 2020-09-01 11:32:35.129158

ktpawrf8z2o >> Image Returned >> 2020-09-01 11:32:35.133671

ktpawrf8z2o >> End >> 2020-09-01 11:32:35.287121

h7s4y8xgv8b >> Start >> 2020-09-01 11:38:32.708985

h7s4y8xgv8b >> Image Returned >> 2020-09-01 11:38:32.714667

h7s4y8xgv8b >> End >> 2020-09-01 11:38:32.866162

b0h4t5mk8ub >> Start >> 2020-09-01 11:42:33.797199

b0h4t5mk8ub >> Image Returned >> 2020-09-01 11:42:33.802397

b0h4t5mk8ub >> End >> 2020-09-01 11:42:33.961963

wwgkt6pncji >> Start >> 2020-09-01 11:44:15.215908

wwgkt6pncji >> Image Returned >> 2020-09-01 11:44:15.219835

wwgkt6pncji >> End >> 2020-09-01 11:44:15.377979

mzziyh72cpt >> Start >> 2020-09-01 11:46:20.467058

mzziyh72cpt >> Image Returned >> 2020-09-01 11:46:20.470622

mzziyh72cpt >> End >> 2020-09-01 11:46:20.619235

ss0zj3vsu25 >> Start >> 2020-09-01 11:47:00.590008

ss0zj3vsu25 >> Image Returned >> 2020-09-01 11:47:00.593913

ss0zj3vsu25 >> End >> 2020-09-01 11:47:00.740333

as46mne2g8j >> Start >> 2020-09-01 11:50:09.024101

as46mne2g8j >> Image Returned >> 2020-09-01 11:50:09.028158

607wcdv0tjj >> Start >> 2020-09-01 11:50:09.088730

607wcdv0tjj >> Image Returned >> 2020-09-01 11:50:09.092390

as46mne2g8j >> End >> 2020-09-01 11:50:09.181018

607wcdv0tjj >> End >> 2020-09-01 11:50:09.239197

phhs42f2wpe >> Start >> 2020-09-01 11:52:11.573270

phhs42f2wpe >> Image Returned >> 2020-09-01 11:52:11.576795

phhs42f2wpe >> End >> 2020-09-01 11:52:11.729026

08be0qyqi6v >> Start >> 2020-09-01 11:58:37.696477

08be0qyqi6v >> Image Returned >> 2020-09-01 11:58:37.700742

08be0qyqi6v >> End >> 2020-09-01 11:58:37.879539

4yxyuid45a8 >> Start >> 2020-09-01 11:59:11.374617

4yxyuid45a8 >> Image Returned >> 2020-09-01 11:59:11.378041

4yxyuid45a8 >> End >> 2020-09-01 11:59:11.533386

ysqoszifw3i >> Start >> 2020-09-01 12:01:17.982008

ysqoszifw3i >> Image Returned >> 2020-09-01 12:01:17.985749

ysqoszifw3i >> End >> 2020-09-01 12:01:18.140275

r4zi7jvcjn0 >> Start >> 2020-09-01 12:02:42.703830

r4zi7jvcjn0 >> Image Returned >> 2020-09-01 12:02:42.707458

r4zi7jvcjn0 >> End >> 2020-09-01 12:02:42.862492

7iue6z4wdkw >> Start >> 2020-09-01 12:02:55.625339

7iue6z4wdkw >> Image Returned >> 2020-09-01 12:02:55.628829

7iue6z4wdkw >> End >> 2020-09-01 12:02:55.780930

aasaac6bw76 >> Start >> 2020-09-01 12:08:02.053008

aasaac6bw76 >> Image Returned >> 2020-09-01 12:08:02.057694

aasaac6bw76 >> End >> 2020-09-01 12:08:02.207672

nt4zhu5dgz0 >> Start >> 2020-09-01 12:13:24.058732

nt4zhu5dgz0 >> Image Returned >> 2020-09-01 12:13:24.062371

nt4zhu5dgz0 >> End >> 2020-09-01 12:13:24.219525

4eu2irbd7en >> Start >> 2020-09-01 12:13:24.580950

4eu2irbd7en >> Image Returned >> 2020-09-01 12:13:24.581247

4eu2irbd7en >> End >> 2020-09-01 12:13:24.737291

whyfeexvx4e >> Start >> 2020-09-01 12:14:55.119596

whyfeexvx4e >> Image Returned >> 2020-09-01 12:14:55.123369

whyfeexvx4e >> End >> 2020-09-01 12:14:55.283759

pkmdi03y6ch >> Start >> 2020-09-01 12:15:18.473741

pkmdi03y6ch >> Image Returned >> 2020-09-01 12:15:18.477823

pkmdi03y6ch >> End >> 2020-09-01 12:15:18.624794

ixpd6774oy6 >> Start >> 2020-09-01 12:16:23.118050

ixpd6774oy6 >> Image Returned >> 2020-09-01 12:16:23.123281

ixpd6774oy6 >> End >> 2020-09-01 12:16:23.287205

0tveqxyfh2z >> Start >> 2020-09-01 12:17:43.874044

0tveqxyfh2z >> Image Returned >> 2020-09-01 12:17:43.878084

0tveqxyfh2z >> End >> 2020-09-01 12:17:44.033503

rmj3tny586w >> Start >> 2020-09-01 12:20:04.960716

rmj3tny586w >> Image Returned >> 2020-09-01 12:20:04.964657

rmj3tny586w >> End >> 2020-09-01 12:20:05.118546

fd5yhcokreu >> Start >> 2020-09-01 12:22:31.670658

fd5yhcokreu >> Image Returned >> 2020-09-01 12:22:31.674305

fd5yhcokreu >> End >> 2020-09-01 12:22:31.824764

4h0by2tczr3 >> Start >> 2020-09-01 12:23:20.264070

4h0by2tczr3 >> Image Returned >> 2020-09-01 12:23:20.268558

4h0by2tczr3 >> End >> 2020-09-01 12:23:20.419083

c244yjieefg >> Start >> 2020-09-01 12:23:48.360702

c244yjieefg >> Image Returned >> 2020-09-01 12:23:48.364377

c244yjieefg >> End >> 2020-09-01 12:23:48.511385

d2vixgtdx4q >> Start >> 2020-09-01 12:24:32.372668

d2vixgtdx4q >> Image Returned >> 2020-09-01 12:24:32.376936

d2vixgtdx4q >> End >> 2020-09-01 12:24:32.527862

e2m240xzckp >> Start >> 2020-09-01 12:25:07.083573

e2m240xzckp >> Image Returned >> 2020-09-01 12:25:07.087548

e2m240xzckp >> End >> 2020-09-01 12:25:07.243415

pmpd44xcdiy >> Start >> 2020-09-01 12:28:58.598937

pmpd44xcdiy >> Image Returned >> 2020-09-01 12:28:58.603385

pmpd44xcdiy >> End >> 2020-09-01 12:28:58.837687

bt88s008iwy >> Start >> 2020-09-01 12:29:20.110150

bt88s008iwy >> Image Returned >> 2020-09-01 12:29:20.114377

bt88s008iwy >> End >> 2020-09-01 12:29:20.271799

2zn4xncw7a7 >> Start >> 2020-09-01 12:29:51.771595

2zn4xncw7a7 >> Image Returned >> 2020-09-01 12:29:51.775147

2zn4xncw7a7 >> End >> 2020-09-01 12:29:51.932169

w5wbiia07rx >> Start >> 2020-09-01 12:30:55.057420

w5wbiia07rx >> Image Returned >> 2020-09-01 12:30:55.061568

w5wbiia07rx >> End >> 2020-09-01 12:30:55.227277

vz3grbegbwk >> Start >> 2020-09-01 12:34:26.912640

vz3grbegbwk >> Image Returned >> 2020-09-01 12:34:26.917166

vz3grbegbwk >> End >> 2020-09-01 12:34:27.047454

t8kvx2rwiu5 >> Start >> 2020-09-01 12:36:14.048049

t8kvx2rwiu5 >> Image Returned >> 2020-09-01 12:36:14.052162

t8kvx2rwiu5 >> End >> 2020-09-01 12:36:14.207492

3rtmte7m653 >> Start >> 2020-09-01 12:36:41.788043

3rtmte7m653 >> Image Returned >> 2020-09-01 12:36:41.791806

3rtmte7m653 >> End >> 2020-09-01 12:36:41.959511

gi3727aj44i >> Start >> 2020-09-01 12:38:56.749892

gi3727aj44i >> Image Returned >> 2020-09-01 12:38:56.753392

gi3727aj44i >> End >> 2020-09-01 12:38:56.913855

42mn2frmz22 >> Start >> 2020-09-01 12:39:08.970756

42mn2frmz22 >> Image Returned >> 2020-09-01 12:39:08.974956

42mn2frmz22 >> End >> 2020-09-01 12:39:09.134263

0dh0afehwu5 >> Start >> 2020-09-01 12:39:09.248311

0dh0afehwu5 >> Image Returned >> 2020-09-01 12:39:09.248631

0dh0afehwu5 >> End >> 2020-09-01 12:39:09.410027

84yhf3t3dfv >> Start >> 2020-09-01 12:40:27.726912

84yhf3t3dfv >> Image Returned >> 2020-09-01 12:40:27.730401

84yhf3t3dfv >> End >> 2020-09-01 12:40:27.895040

apzxjpiicv7 >> Start >> 2020-09-01 12:40:41.869277

apzxjpiicv7 >> Image Returned >> 2020-09-01 12:40:41.872864

apzxjpiicv7 >> End >> 2020-09-01 12:40:42.042143

3medxhwi56f >> Start >> 2020-09-01 12:40:42.065486

3medxhwi56f >> Image Returned >> 2020-09-01 12:40:42.065771

3medxhwi56f >> End >> 2020-09-01 12:40:42.219352

ryhzffkpwvf >> Start >> 2020-09-01 12:41:38.557347

ryhzffkpwvf >> Image Returned >> 2020-09-01 12:41:38.561183

ryhzffkpwvf >> End >> 2020-09-01 12:41:38.717072

3n4ryxspnix >> Start >> 2020-09-01 12:50:58.845674

3n4ryxspnix >> Image Returned >> 2020-09-01 12:50:58.850744

3n4ryxspnix >> End >> 2020-09-01 12:50:59.042124

o42oi5tid8w >> Start >> 2020-09-01 12:51:55.223365

o42oi5tid8w >> Image Returned >> 2020-09-01 12:51:55.227308

o42oi5tid8w >> End >> 2020-09-01 12:51:55.385952

3jixyj85k30 >> Start >> 2020-09-01 12:55:28.288553

3jixyj85k30 >> Image Returned >> 2020-09-01 12:55:28.294661

3jixyj85k30 >> End >> 2020-09-01 12:55:28.466257

dxhg2664ynj >> Start >> 2020-09-01 12:58:59.833862

dxhg2664ynj >> Image Returned >> 2020-09-01 12:58:59.837483

dxhg2664ynj >> End >> 2020-09-01 12:59:00.026186

gz4jg0qo4d5 >> Start >> 2020-09-01 12:59:45.232100

gz4jg0qo4d5 >> Image Returned >> 2020-09-01 12:59:45.236109

gz4jg0qo4d5 >> End >> 2020-09-01 12:59:45.394398

wmwydpd8ih0 >> Start >> 2020-09-01 13:00:27.449064

wmwydpd8ih0 >> Image Returned >> 2020-09-01 13:00:27.453020

wmwydpd8ih0 >> End >> 2020-09-01 13:00:27.606959

qy3v7miqutq >> Start >> 2020-09-01 13:01:13.476737

qy3v7miqutq >> Image Returned >> 2020-09-01 13:01:13.480932

qy3v7miqutq >> End >> 2020-09-01 13:01:13.633687

jzjsrs3usss >> Start >> 2020-09-01 13:02:51.293983

jzjsrs3usss >> Image Returned >> 2020-09-01 13:02:51.298199

jzjsrs3usss >> End >> 2020-09-01 13:02:51.450217

rqppet2dpha >> Start >> 2020-09-01 13:08:07.680047

rqppet2dpha >> Image Returned >> 2020-09-01 13:08:07.684576

rqppet2dpha >> End >> 2020-09-01 13:08:07.846261

ovh0isetng4 >> Start >> 2020-09-01 13:12:34.841708

ovh0isetng4 >> Image Returned >> 2020-09-01 13:12:34.845312

ovh0isetng4 >> End >> 2020-09-01 13:12:35.009700

bskr22v7nur >> Start >> 2020-09-01 13:25:50.847582

bskr22v7nur >> Image Returned >> 2020-09-01 13:25:50.851197

bskr22v7nur >> End >> 2020-09-01 13:25:51.009592

besx8z0xjjc >> Start >> 2020-09-01 13:29:01.746609

besx8z0xjjc >> Image Returned >> 2020-09-01 13:29:01.750220

besx8z0xjjc >> End >> 2020-09-01 13:29:01.900899

r4zxcanqpe8 >> Start >> 2020-09-01 13:29:06.633353

r4zxcanqpe8 >> Image Returned >> 2020-09-01 13:29:06.633677

r4zxcanqpe8 >> End >> 2020-09-01 13:29:06.788539

h32ev7ag80d >> Start >> 2020-09-01 13:32:18.782162

h32ev7ag80d >> Image Returned >> 2020-09-01 13:32:18.786433

h32ev7ag80d >> End >> 2020-09-01 13:32:18.954837

frqiosnwm26 >> Start >> 2020-09-01 13:32:26.349071

frqiosnwm26 >> Image Returned >> 2020-09-01 13:32:26.349442

frqiosnwm26 >> End >> 2020-09-01 13:32:26.503936

tvhcdiuunc4 >> Start >> 2020-09-01 13:32:39.087161

tvhcdiuunc4 >> Image Returned >> 2020-09-01 13:32:39.090639

tvhcdiuunc4 >> End >> 2020-09-01 13:32:39.247406

wuw0acpztqi >> Start >> 2020-09-01 13:32:49.395411

wuw0acpztqi >> Image Returned >> 2020-09-01 13:32:49.395689

wuw0acpztqi >> End >> 2020-09-01 13:32:49.540311

vufhydhmit3 >> Start >> 2020-09-01 13:33:02.639591

vufhydhmit3 >> Image Returned >> 2020-09-01 13:33:02.643030

vufhydhmit3 >> End >> 2020-09-01 13:33:02.822060

p6t5i0v7mk6 >> Start >> 2020-09-01 13:33:32.696635

p6t5i0v7mk6 >> Image Returned >> 2020-09-01 13:33:32.700236

p6t5i0v7mk6 >> End >> 2020-09-01 13:33:32.849778

uowo2q6v4vr >> Start >> 2020-09-01 13:36:53.279195

uowo2q6v4vr >> Image Returned >> 2020-09-01 13:36:53.282670

uowo2q6v4vr >> End >> 2020-09-01 13:36:53.437768

s6fqypbxaai >> Start >> 2020-09-01 13:37:06.864917

s6fqypbxaai >> Image Returned >> 2020-09-01 13:37:06.868755

s6fqypbxaai >> End >> 2020-09-01 13:37:07.075814

bo2u4hcigek >> Start >> 2020-09-01 13:37:07.171849

bo2u4hcigek >> Image Returned >> 2020-09-01 13:37:07.172147

bo2u4hcigek >> End >> 2020-09-01 13:37:07.344036

ig0pybg0xvm >> Start >> 2020-09-01 13:40:34.763488

ig0pybg0xvm >> Image Returned >> 2020-09-01 13:40:34.767246

ig0pybg0xvm >> End >> 2020-09-01 13:40:34.924097

ts2cfwxz772 >> Start >> 2020-09-01 13:45:17.724525

ts2cfwxz772 >> Image Returned >> 2020-09-01 13:45:17.729123

ts2cfwxz772 >> End >> 2020-09-01 13:45:17.852015

f354ppobqm5 >> Start >> 2020-09-01 13:45:54.785825

f354ppobqm5 >> Image Returned >> 2020-09-01 13:45:54.789597

f354ppobqm5 >> End >> 2020-09-01 13:45:54.920131

np62jv0pze2 >> Start >> 2020-09-01 13:45:59.612268

np62jv0pze2 >> Image Returned >> 2020-09-01 13:45:59.612621

np62jv0pze2 >> End >> 2020-09-01 13:45:59.759715

xf065caa8nx >> Start >> 2020-09-01 13:47:52.691706

xf065caa8nx >> Image Returned >> 2020-09-01 13:47:52.697266

xf065caa8nx >> End >> 2020-09-01 13:47:52.842211

8n6nszi3cf4 >> Start >> 2020-09-01 13:48:41.632520

8n6nszi3cf4 >> Image Returned >> 2020-09-01 13:48:41.636547

8n6nszi3cf4 >> End >> 2020-09-01 13:48:41.766632

8ttihs5myiy >> Start >> 2020-09-01 13:55:48.875766

8ttihs5myiy >> Image Returned >> 2020-09-01 13:55:48.880069

8ttihs5myiy >> End >> 2020-09-01 13:55:49.036287

tj3a2p0xze0 >> Start >> 2020-09-01 14:04:48.495753

tj3a2p0xze0 >> Image Returned >> 2020-09-01 14:04:48.499599

tj3a2p0xze0 >> End >> 2020-09-01 14:04:48.671024

4rnqzi0zbhu >> Start >> 2020-09-01 14:07:54.483571

4rnqzi0zbhu >> Image Returned >> 2020-09-01 14:07:54.488302

4rnqzi0zbhu >> End >> 2020-09-01 14:07:54.644216

020o2f842ro >> Start >> 2020-09-01 14:07:55.103055

020o2f842ro >> Image Returned >> 2020-09-01 14:07:55.103506

020o2f842ro >> End >> 2020-09-01 14:07:55.256546

4ptb0miu4ib >> Start >> 2020-09-01 14:24:31.560694

4ptb0miu4ib >> Image Returned >> 2020-09-01 14:24:31.565099

4ptb0miu4ib >> End >> 2020-09-01 14:24:31.723608

dc5c34mc0yb >> Start >> 2020-09-01 14:25:41.863138

dc5c34mc0yb >> Image Returned >> 2020-09-01 14:25:41.868058

dc5c34mc0yb >> End >> 2020-09-01 14:25:42.017086

d4ck6hq0jbc >> Start >> 2020-09-01 14:28:45.348354

d4ck6hq0jbc >> Image Returned >> 2020-09-01 14:28:45.351787

d4ck6hq0jbc >> End >> 2020-09-01 14:28:45.503572

ovxmmh4kvxz >> Start >> 2020-09-01 14:34:14.310440

ovxmmh4kvxz >> Image Returned >> 2020-09-01 14:34:14.314584

ovxmmh4kvxz >> End >> 2020-09-01 14:34:14.467819

2qn2zpu2yse >> Start >> 2020-09-01 14:34:40.425376

2qn2zpu2yse >> Image Returned >> 2020-09-01 14:34:40.428905

2qn2zpu2yse >> End >> 2020-09-01 14:34:40.583408

t6tn5gjs5c0 >> Start >> 2020-09-01 14:37:01.656995

t6tn5gjs5c0 >> Image Returned >> 2020-09-01 14:37:01.660428

t6tn5gjs5c0 >> End >> 2020-09-01 14:37:01.816786

8s48o4un4hd >> Start >> 2020-09-01 14:41:44.661787

8s48o4un4hd >> Image Returned >> 2020-09-01 14:41:44.665649

8s48o4un4hd >> End >> 2020-09-01 14:41:44.845309

dk2bpciiu74 >> Start >> 2020-09-01 14:41:57.248297

dk2bpciiu74 >> Image Returned >> 2020-09-01 14:41:57.253139

dk2bpciiu74 >> End >> 2020-09-01 14:41:57.418325

xvjqvgphnzh >> Start >> 2020-09-01 14:44:09.458889

xvjqvgphnzh >> Image Returned >> 2020-09-01 14:44:09.462927

xvjqvgphnzh >> End >> 2020-09-01 14:44:09.633405

t64bc6x3kgq >> Start >> 2020-09-01 14:49:21.315474

t64bc6x3kgq >> Image Returned >> 2020-09-01 14:49:21.321314

t64bc6x3kgq >> End >> 2020-09-01 14:49:21.495856

acym8k3kmxf >> Start >> 2020-09-01 14:52:11.031826

acym8k3kmxf >> Image Returned >> 2020-09-01 14:52:11.035537

acym8k3kmxf >> End >> 2020-09-01 14:52:11.233206

k02vdebpjr6 >> Start >> 2020-09-01 14:56:38.349201

k02vdebpjr6 >> Image Returned >> 2020-09-01 14:56:38.353440

k02vdebpjr6 >> End >> 2020-09-01 14:56:38.513478

fvt7bq3o50g >> Start >> 2020-09-01 15:00:53.172867

fvt7bq3o50g >> Image Returned >> 2020-09-01 15:00:53.178360

fvt7bq3o50g >> End >> 2020-09-01 15:00:53.362195

sccq5sdgvrx >> Start >> 2020-09-01 15:04:59.300357

sccq5sdgvrx >> Image Returned >> 2020-09-01 15:04:59.305721

sccq5sdgvrx >> End >> 2020-09-01 15:04:59.473238

kev2fua422q >> Start >> 2020-09-01 15:22:34.474225

kev2fua422q >> Image Returned >> 2020-09-01 15:22:34.478446

kev2fua422q >> End >> 2020-09-01 15:22:34.647301

5e66ksjja3e >> Start >> 2020-09-01 15:27:03.031553

5e66ksjja3e >> Image Returned >> 2020-09-01 15:27:03.036267

5e66ksjja3e >> End >> 2020-09-01 15:27:03.201591

jdnugrf0vsv >> Start >> 2020-09-01 15:29:39.193689

jdnugrf0vsv >> Image Returned >> 2020-09-01 15:29:39.198803

jdnugrf0vsv >> End >> 2020-09-01 15:29:39.366698

ceoidxby22h >> Start >> 2020-09-01 15:33:10.486237

ceoidxby22h >> Image Returned >> 2020-09-01 15:33:10.489826

ceoidxby22h >> End >> 2020-09-01 15:33:10.669945

3eg2ta7zndh >> Start >> 2020-09-01 15:35:26.232615

3eg2ta7zndh >> Image Returned >> 2020-09-01 15:35:26.236264

3eg2ta7zndh >> End >> 2020-09-01 15:35:26.439596

bmxh8ibnc5r >> Start >> 2020-09-01 15:38:04.350919

bmxh8ibnc5r >> Image Returned >> 2020-09-01 15:38:04.355534

bmxh8ibnc5r >> End >> 2020-09-01 15:38:04.594882

n0xnmna2tvi >> Start >> 2020-09-01 15:38:29.100235

n0xnmna2tvi >> Image Returned >> 2020-09-01 15:38:29.103787

n0xnmna2tvi >> End >> 2020-09-01 15:38:29.345370

gcmx4c6n2kv >> Start >> 2020-09-01 15:38:29.612190

gcmx4c6n2kv >> Image Returned >> 2020-09-01 15:38:29.612477

gcmx4c6n2kv >> End >> 2020-09-01 15:38:29.852444

dgojwvw6zdq >> Start >> 2020-09-01 15:38:48.538192

dgojwvw6zdq >> Image Returned >> 2020-09-01 15:38:48.541846

dgojwvw6zdq >> End >> 2020-09-01 15:38:48.779922

oav7wetzrq8 >> Start >> 2020-09-01 15:45:08.759994

oav7wetzrq8 >> Image Returned >> 2020-09-01 15:45:08.764022

oav7wetzrq8 >> End >> 2020-09-01 15:45:08.935575

4pp7y2onxe3 >> Start >> 2020-09-01 15:47:40.574321

4pp7y2onxe3 >> Image Returned >> 2020-09-01 15:47:40.579577

4pp7y2onxe3 >> End >> 2020-09-01 15:47:40.764378

80688ujyvoy >> Start >> 2020-09-01 15:54:36.137430

80688ujyvoy >> Image Returned >> 2020-09-01 15:54:36.141005

80688ujyvoy >> End >> 2020-09-01 15:54:36.307832

eq6qbo7tt6x >> Start >> 2020-09-01 15:54:50.900286

eq6qbo7tt6x >> Image Returned >> 2020-09-01 15:54:50.903841

v0ieyoa8nm3 >> Start >> 2020-09-01 15:54:50.901702

v0ieyoa8nm3 >> Image Returned >> 2020-09-01 15:54:50.906101

eq6qbo7tt6x >> End >> 2020-09-01 15:54:51.047091

v0ieyoa8nm3 >> End >> 2020-09-01 15:54:51.081099

tdabxdrxn0t >> Start >> 2020-09-01 15:58:35.634150

tdabxdrxn0t >> Image Returned >> 2020-09-01 15:58:35.638717

tdabxdrxn0t >> End >> 2020-09-01 15:58:35.802407

tqhtvq3wnwb >> Start >> 2020-09-01 16:07:02.675196

tqhtvq3wnwb >> Image Returned >> 2020-09-01 16:07:02.678841

tqhtvq3wnwb >> End >> 2020-09-01 16:07:02.841424

m8zks5k4prw >> Start >> 2020-09-01 16:07:56.200186

m8zks5k4prw >> Image Returned >> 2020-09-01 16:07:56.204092

m8zks5k4prw >> End >> 2020-09-01 16:07:56.371943

umuxsw6etwe >> Start >> 2020-09-01 16:10:47.298201

umuxsw6etwe >> Image Returned >> 2020-09-01 16:10:47.301769

umuxsw6etwe >> End >> 2020-09-01 16:10:47.467323

yfq5xswmvee >> Start >> 2020-09-01 16:18:48.335941

yfq5xswmvee >> Image Returned >> 2020-09-01 16:18:48.339684

yfq5xswmvee >> End >> 2020-09-01 16:18:48.517466

g5qya0krsxc >> Start >> 2020-09-01 16:22:29.272597

g5qya0krsxc >> Image Returned >> 2020-09-01 16:22:29.277975

g5qya0krsxc >> End >> 2020-09-01 16:22:29.452696

0uuzc5p5hnj >> Start >> 2020-09-01 16:22:54.076241

0uuzc5p5hnj >> Image Returned >> 2020-09-01 16:22:54.079750

0uuzc5p5hnj >> End >> 2020-09-01 16:22:54.274447

7cigyaoaome >> Start >> 2020-09-01 16:22:54.389389

7cigyaoaome >> Image Returned >> 2020-09-01 16:22:54.389796

7cigyaoaome >> End >> 2020-09-01 16:22:54.595567

to3z4ubnmjq >> Start >> 2020-09-01 16:26:07.070796

to3z4ubnmjq >> Image Returned >> 2020-09-01 16:26:07.074987

to3z4ubnmjq >> End >> 2020-09-01 16:26:07.243501

e2wkqv26qdt >> Start >> 2020-09-01 16:27:24.839617

e2wkqv26qdt >> Image Returned >> 2020-09-01 16:27:24.843930

e2wkqv26qdt >> End >> 2020-09-01 16:27:25.009712

qd27q6ghbfk >> Start >> 2020-09-01 16:30:03.620522

qd27q6ghbfk >> Image Returned >> 2020-09-01 16:30:03.625319

qd27q6ghbfk >> End >> 2020-09-01 16:30:03.790035

bbnmor00vcq >> Start >> 2020-09-01 16:33:21.486721

bbnmor00vcq >> Image Returned >> 2020-09-01 16:33:21.491151

bbnmor00vcq >> End >> 2020-09-01 16:33:21.663630

etrkhceh4pq >> Start >> 2020-09-01 16:37:28.559576

etrkhceh4pq >> Image Returned >> 2020-09-01 16:37:28.564596

etrkhceh4pq >> End >> 2020-09-01 16:37:28.728440

6sf52suubqf >> Start >> 2020-09-01 16:39:39.875778

6sf52suubqf >> Image Returned >> 2020-09-01 16:39:39.879286

6sf52suubqf >> End >> 2020-09-01 16:39:40.044495

o8qqqzs2stp >> Start >> 2020-09-01 16:40:11.920409

o8qqqzs2stp >> Image Returned >> 2020-09-01 16:40:11.925328

o8qqqzs2stp >> End >> 2020-09-01 16:40:12.099673

7qx0onx7bs7 >> Start >> 2020-09-01 16:44:18.792251

7qx0onx7bs7 >> Image Returned >> 2020-09-01 16:44:18.796840

7qx0onx7bs7 >> End >> 2020-09-01 16:44:18.961189

vnooxotxz76 >> Start >> 2020-09-01 16:44:49.656502

vnooxotxz76 >> Image Returned >> 2020-09-01 16:44:49.660192

vnooxotxz76 >> End >> 2020-09-01 16:44:49.823200

85po4uqjx72 >> Start >> 2020-09-01 16:49:34.663053

85po4uqjx72 >> Image Returned >> 2020-09-01 16:49:34.666636

85po4uqjx72 >> End >> 2020-09-01 16:49:34.819691

0c5fq4pd2ai >> Start >> 2020-09-01 16:52:43.555624

0c5fq4pd2ai >> Image Returned >> 2020-09-01 16:52:43.560369

0c5fq4pd2ai >> End >> 2020-09-01 16:52:43.721972

54m0szjt0ad >> Start >> 2020-09-01 16:55:37.567178

54m0szjt0ad >> Image Returned >> 2020-09-01 16:55:37.571686

54m0szjt0ad >> End >> 2020-09-01 16:55:37.743061

rfca6dpupoh >> Start >> 2020-09-01 17:00:54.042148

rfca6dpupoh >> Image Returned >> 2020-09-01 17:00:54.046662

rfca6dpupoh >> End >> 2020-09-01 17:00:54.214806

netirqyhvny >> Start >> 2020-09-01 17:01:23.698321

netirqyhvny >> Image Returned >> 2020-09-01 17:01:23.703090

netirqyhvny >> End >> 2020-09-01 17:01:23.865900

2fe8ohsrxek >> Start >> 2020-09-01 17:01:36.232654

2fe8ohsrxek >> Image Returned >> 2020-09-01 17:01:36.236295

2fe8ohsrxek >> End >> 2020-09-01 17:01:36.378921

db5ov2vxubd >> Start >> 2020-09-01 17:15:52.770591

db5ov2vxubd >> Image Returned >> 2020-09-01 17:15:52.775552

db5ov2vxubd >> End >> 2020-09-01 17:15:52.940840

wozbwmqrccg >> Start >> 2020-09-01 17:22:43.740400

wozbwmqrccg >> Image Returned >> 2020-09-01 17:22:43.745110

wozbwmqrccg >> End >> 2020-09-01 17:22:43.930998

k0fpzhvx425 >> Start >> 2020-09-01 17:23:07.947345

k0fpzhvx425 >> Image Returned >> 2020-09-01 17:23:07.951679

k0fpzhvx425 >> End >> 2020-09-01 17:23:08.120459

kieizwd3jaj >> Start >> 2020-09-01 17:24:40.012237

kieizwd3jaj >> Image Returned >> 2020-09-01 17:24:40.016284

kieizwd3jaj >> End >> 2020-09-01 17:24:40.186980

wpcpucsr3h5 >> Start >> 2020-09-01 17:25:20.726547

wpcpucsr3h5 >> Image Returned >> 2020-09-01 17:25:20.731441

wpcpucsr3h5 >> End >> 2020-09-01 17:25:20.903033

rou4hte045g >> Start >> 2020-09-01 17:33:15.740648

rou4hte045g >> Image Returned >> 2020-09-01 17:33:15.744208

rou4hte045g >> End >> 2020-09-01 17:33:15.912992

7wyfnfk8udg >> Start >> 2020-09-01 17:33:33.598933

7wyfnfk8udg >> Image Returned >> 2020-09-01 17:33:33.603214

7wyfnfk8udg >> End >> 2020-09-01 17:33:33.771836

rqmv8r38peu >> Start >> 2020-09-01 17:38:27.000406

rqmv8r38peu >> Image Returned >> 2020-09-01 17:38:27.004707

rqmv8r38peu >> End >> 2020-09-01 17:38:27.184570

ydzmxjf2zcj >> Start >> 2020-09-01 17:38:41.360676

ydzmxjf2zcj >> Image Returned >> 2020-09-01 17:38:41.364465

ydzmxjf2zcj >> End >> 2020-09-01 17:38:41.558109

3y5t3ch6fwf >> Start >> 2020-09-01 17:38:41.647551

3y5t3ch6fwf >> Image Returned >> 2020-09-01 17:38:41.647857

3y5t3ch6fwf >> End >> 2020-09-01 17:38:41.823440

bp7k85nz8xd >> Start >> 2020-09-01 17:41:12.077579

bp7k85nz8xd >> Image Returned >> 2020-09-01 17:41:12.081686

bp7k85nz8xd >> End >> 2020-09-01 17:41:12.254061

4ou87iz6xzg >> Start >> 2020-09-01 17:43:20.422050

4ou87iz6xzg >> Image Returned >> 2020-09-01 17:43:20.426819

4ou87iz6xzg >> End >> 2020-09-01 17:43:20.609453

bvkmximidtk >> Start >> 2020-09-01 17:47:22.786865

bvkmximidtk >> Image Returned >> 2020-09-01 17:47:22.790829

bvkmximidtk >> End >> 2020-09-01 17:47:22.961790

uzq38kpaskb >> Start >> 2020-09-01 17:48:55.594944

uzq38kpaskb >> Image Returned >> 2020-09-01 17:48:55.599244

uzq38kpaskb >> End >> 2020-09-01 17:48:55.767673

ymivjb3xj4b >> Start >> 2020-09-01 17:51:58.042638

ymivjb3xj4b >> Image Returned >> 2020-09-01 17:51:58.046837

ymivjb3xj4b >> End >> 2020-09-01 17:51:58.216367

kjafi5m0wi6 >> Start >> 2020-09-01 17:58:49.226741

kjafi5m0wi6 >> Image Returned >> 2020-09-01 17:58:49.231081

kjafi5m0wi6 >> End >> 2020-09-01 17:58:49.405170

dgb3pa7xpy8 >> Start >> 2020-09-01 18:05:45.603696

dgb3pa7xpy8 >> Image Returned >> 2020-09-01 18:05:45.608086

dgb3pa7xpy8 >> End >> 2020-09-01 18:05:45.784050

3hkd8ygvo4j >> Start >> 2020-09-01 18:06:26.582355

3hkd8ygvo4j >> Image Returned >> 2020-09-01 18:06:26.587393

3hkd8ygvo4j >> End >> 2020-09-01 18:06:26.751998

iugfrcazgwf >> Start >> 2020-09-01 18:07:42.699867

iugfrcazgwf >> Image Returned >> 2020-09-01 18:07:42.704256

iugfrcazgwf >> End >> 2020-09-01 18:07:42.885175

6st5dtubxwb >> Start >> 2020-09-01 18:08:21.343411

6st5dtubxwb >> Image Returned >> 2020-09-01 18:08:21.348284

6st5dtubxwb >> End >> 2020-09-01 18:08:21.524141

u0xidyu6auq >> Start >> 2020-09-01 18:09:23.965228

u0xidyu6auq >> Image Returned >> 2020-09-01 18:09:23.969603

u0xidyu6auq >> End >> 2020-09-01 18:09:24.153037

5xb34jkreu8 >> Start >> 2020-09-01 18:15:04.258749

5xb34jkreu8 >> Image Returned >> 2020-09-01 18:15:04.263122

5xb34jkreu8 >> End >> 2020-09-01 18:15:04.452768

uuuexx2hjvx >> Start >> 2020-09-01 18:17:14.153382

uuuexx2hjvx >> Image Returned >> 2020-09-01 18:17:14.157668

uuuexx2hjvx >> End >> 2020-09-01 18:17:14.326742

zerzfgaveuh >> Start >> 2020-09-01 18:18:08.329591

zerzfgaveuh >> Image Returned >> 2020-09-01 18:18:08.333488

zerzfgaveuh >> End >> 2020-09-01 18:18:08.502863

h0ivpn7h4c4 >> Start >> 2020-09-01 18:18:41.637185

h0ivpn7h4c4 >> Image Returned >> 2020-09-01 18:18:41.641850

h0ivpn7h4c4 >> End >> 2020-09-01 18:18:41.812458

xjfaxsnfpjb >> Start >> 2020-09-01 18:18:48.686140

xjfaxsnfpjb >> Image Returned >> 2020-09-01 18:18:48.686435

xjfaxsnfpjb >> End >> 2020-09-01 18:18:48.848778

f82kyigvtmp >> Start >> 2020-09-01 18:21:49.611517

f82kyigvtmp >> Image Returned >> 2020-09-01 18:21:49.615235

f82kyigvtmp >> End >> 2020-09-01 18:21:49.781765

6aj2cu0qjwe >> Start >> 2020-09-01 18:23:34.499311

6aj2cu0qjwe >> Image Returned >> 2020-09-01 18:23:34.504230

6aj2cu0qjwe >> End >> 2020-09-01 18:23:34.684179

m8mqkqs5dya >> Start >> 2020-09-01 18:31:20.006690

m8mqkqs5dya >> Image Returned >> 2020-09-01 18:31:20.010490

m8mqkqs5dya >> End >> 2020-09-01 18:31:20.180428

fxnypddrdvq >> Start >> 2020-09-01 18:33:58.948888

fxnypddrdvq >> Image Returned >> 2020-09-01 18:33:58.952666

fxnypddrdvq >> End >> 2020-09-01 18:33:59.145705

tbg7dsmooih >> Start >> 2020-09-01 18:34:11.742911

tbg7dsmooih >> Image Returned >> 2020-09-01 18:34:11.746551

tbg7dsmooih >> End >> 2020-09-01 18:34:11.917660

vgsjp0eax64 >> Start >> 2020-09-01 18:34:12.144561

vgsjp0eax64 >> Image Returned >> 2020-09-01 18:34:12.144927

vgsjp0eax64 >> End >> 2020-09-01 18:34:12.317949

m6jzprnvx0v >> Start >> 2020-09-01 18:34:25.410142

m6jzprnvx0v >> Image Returned >> 2020-09-01 18:34:25.414608

m6jzprnvx0v >> End >> 2020-09-01 18:34:25.580568

rmepaqea3b2 >> Start >> 2020-09-01 18:38:55.364481

rmepaqea3b2 >> Image Returned >> 2020-09-01 18:38:55.372211

rmepaqea3b2 >> End >> 2020-09-01 18:38:55.536453

fezotyxpt60 >> Start >> 2020-09-01 18:42:12.115731

fezotyxpt60 >> Image Returned >> 2020-09-01 18:42:12.120426

fezotyxpt60 >> End >> 2020-09-01 18:42:12.327631

aadhkmcjbjm >> Start >> 2020-09-01 18:42:54.118412

aadhkmcjbjm >> Image Returned >> 2020-09-01 18:42:54.122749

aadhkmcjbjm >> End >> 2020-09-01 18:42:54.291970

zsuqzejacvc >> Start >> 2020-09-01 18:44:07.908946

zsuqzejacvc >> Image Returned >> 2020-09-01 18:44:07.913300

zsuqzejacvc >> End >> 2020-09-01 18:44:08.079478

6mvm87ojzdx >> Start >> 2020-09-01 18:44:40.053709

6mvm87ojzdx >> Image Returned >> 2020-09-01 18:44:40.058439

6mvm87ojzdx >> End >> 2020-09-01 18:44:40.221649

n0oitrkmszu >> Start >> 2020-09-01 18:45:38.973540

n0oitrkmszu >> Image Returned >> 2020-09-01 18:45:38.977606

n0oitrkmszu >> End >> 2020-09-01 18:45:39.149607

u42ermxpqh4 >> Start >> 2020-09-01 18:48:11.687937

u42ermxpqh4 >> Image Returned >> 2020-09-01 18:48:11.694051

u42ermxpqh4 >> End >> 2020-09-01 18:48:11.885977

ciwqv6gh3kq >> Start >> 2020-09-01 18:50:50.715696

ciwqv6gh3kq >> Image Returned >> 2020-09-01 18:50:50.720669

ciwqv6gh3kq >> End >> 2020-09-01 18:50:50.864623

4bfut2vfd2z >> Start >> 2020-09-01 19:10:29.212162

4bfut2vfd2z >> Image Returned >> 2020-09-01 19:10:29.216497

4bfut2vfd2z >> End >> 2020-09-01 19:10:29.400095

bja2ugvpxqy >> Start >> 2020-09-01 19:10:46.281646

bja2ugvpxqy >> Image Returned >> 2020-09-01 19:10:46.285651

bja2ugvpxqy >> End >> 2020-09-01 19:10:46.447089

n76gev8ajob >> Start >> 2020-09-01 19:11:14.778677

n76gev8ajob >> Image Returned >> 2020-09-01 19:11:14.782521

n76gev8ajob >> End >> 2020-09-01 19:11:14.948568

a2u7acz4vf6 >> Start >> 2020-09-01 19:11:27.562041

a2u7acz4vf6 >> Image Returned >> 2020-09-01 19:11:27.568912

a2u7acz4vf6 >> End >> 2020-09-01 19:11:27.734909

d5i8g0ise4f >> Start >> 2020-09-01 19:11:29.203217

d5i8g0ise4f >> Image Returned >> 2020-09-01 19:11:29.203516

d5i8g0ise4f >> End >> 2020-09-01 19:11:29.363063

qdaymte4rvt >> Start >> 2020-09-01 19:21:54.410382

qdaymte4rvt >> Image Returned >> 2020-09-01 19:21:54.416659

qdaymte4rvt >> End >> 2020-09-01 19:21:54.609517

7rh48zjubzk >> Start >> 2020-09-01 19:26:30.498960

7rh48zjubzk >> Image Returned >> 2020-09-01 19:26:30.503710

7rh48zjubzk >> End >> 2020-09-01 19:26:30.670667

frh0ixq46f7 >> Start >> 2020-09-01 19:29:00.844522

frh0ixq46f7 >> Image Returned >> 2020-09-01 19:29:00.848328

frh0ixq46f7 >> End >> 2020-09-01 19:29:01.040388

757tqifr8xy >> Start >> 2020-09-01 19:30:50.777903

757tqifr8xy >> Image Returned >> 2020-09-01 19:30:50.783044

757tqifr8xy >> End >> 2020-09-01 19:30:50.950180

rci4vsvzdxj >> Start >> 2020-09-01 19:31:22.002842

rci4vsvzdxj >> Image Returned >> 2020-09-01 19:31:22.006576

rci4vsvzdxj >> End >> 2020-09-01 19:31:22.173548

niopv8icq5u >> Start >> 2020-09-01 19:31:27.771949

niopv8icq5u >> Image Returned >> 2020-09-01 19:31:27.772304

niopv8icq5u >> End >> 2020-09-01 19:31:27.934231

gmk2pksxjk4 >> Start >> 2020-09-01 19:31:54.659981

gmk2pksxjk4 >> Image Returned >> 2020-09-01 19:31:54.663666

gmk2pksxjk4 >> End >> 2020-09-01 19:31:54.835150

33pf6i5t7d7 >> Start >> 2020-09-01 19:32:26.695322

33pf6i5t7d7 >> Image Returned >> 2020-09-01 19:32:26.700222

33pf6i5t7d7 >> End >> 2020-09-01 19:32:26.873003

tddjj8dbw3u >> Start >> 2020-09-01 19:33:17.435285

tddjj8dbw3u >> Image Returned >> 2020-09-01 19:33:17.438997

tddjj8dbw3u >> End >> 2020-09-01 19:33:17.605968

qnc5zawmhs3 >> Start >> 2020-09-01 19:36:31.406892

qnc5zawmhs3 >> Image Returned >> 2020-09-01 19:36:31.412359

qnc5zawmhs3 >> End >> 2020-09-01 19:36:31.584348

4xabk5bb3eb >> Start >> 2020-09-01 19:41:10.024148

4xabk5bb3eb >> Image Returned >> 2020-09-01 19:41:10.028315

4xabk5bb3eb >> End >> 2020-09-01 19:41:10.194823

o72sd7exz7u >> Start >> 2020-09-01 19:47:51.702775

o72sd7exz7u >> Image Returned >> 2020-09-01 19:47:51.707581

o72sd7exz7u >> End >> 2020-09-01 19:47:51.853121

3zs70s68y57 >> Start >> 2020-09-01 19:49:58.651252

3zs70s68y57 >> Image Returned >> 2020-09-01 19:49:58.655301

3zs70s68y57 >> End >> 2020-09-01 19:49:58.828749

cj3or0pjvd4 >> Start >> 2020-09-01 19:50:10.728733

cj3or0pjvd4 >> Image Returned >> 2020-09-01 19:50:10.732647

cj3or0pjvd4 >> End >> 2020-09-01 19:50:10.913902

m0s0c3wjuns >> Start >> 2020-09-01 19:50:10.954154

m0s0c3wjuns >> Image Returned >> 2020-09-01 19:50:10.954442

m0s0c3wjuns >> End >> 2020-09-01 19:50:11.152429

otsy5wmo2yb >> Start >> 2020-09-01 19:58:56.326359

otsy5wmo2yb >> Image Returned >> 2020-09-01 19:58:56.331547

otsy5wmo2yb >> End >> 2020-09-01 19:58:56.527223

rdhw2wqsw65 >> Start >> 2020-09-01 20:01:42.689630

rdhw2wqsw65 >> Image Returned >> 2020-09-01 20:01:42.694293

rdhw2wqsw65 >> End >> 2020-09-01 20:01:42.861418

4hpn5nfv6p4 >> Start >> 2020-09-01 20:04:39.291141

4hpn5nfv6p4 >> Image Returned >> 2020-09-01 20:04:39.295497

4hpn5nfv6p4 >> End >> 2020-09-01 20:04:39.482650

ja3auxztdyi >> Start >> 2020-09-01 20:05:09.853631

ja3auxztdyi >> Image Returned >> 2020-09-01 20:05:09.857275

ja3auxztdyi >> End >> 2020-09-01 20:05:10.024894

0wsq0fy6ecf >> Start >> 2020-09-01 20:05:29.455115

0wsq0fy6ecf >> Image Returned >> 2020-09-01 20:05:29.459755

0wsq0fy6ecf >> End >> 2020-09-01 20:05:29.635760

80ic7cs703s >> Start >> 2020-09-01 20:05:59.535006

80ic7cs703s >> Image Returned >> 2020-09-01 20:05:59.540714

80ic7cs703s >> End >> 2020-09-01 20:05:59.715915

tqwyiisrrq7 >> Start >> 2020-09-01 20:06:06.297472

tqwyiisrrq7 >> Image Returned >> 2020-09-01 20:06:06.297774

tqwyiisrrq7 >> End >> 2020-09-01 20:06:06.472518

z53wh33k5tn >> Start >> 2020-09-01 20:06:58.251399

z53wh33k5tn >> Image Returned >> 2020-09-01 20:06:58.257306

z53wh33k5tn >> End >> 2020-09-01 20:06:58.455624

g60jvgz083c >> Start >> 2020-09-01 20:07:46.774868

g60jvgz083c >> Image Returned >> 2020-09-01 20:07:46.779597

g60jvgz083c >> End >> 2020-09-01 20:07:46.953324

r7edakkqatt >> Start >> 2020-09-01 20:09:13.374917

r7edakkqatt >> Image Returned >> 2020-09-01 20:09:13.379293

r7edakkqatt >> End >> 2020-09-01 20:09:13.549182

gdw8ep4fo2j >> Start >> 2020-09-01 20:12:26.795293

gdw8ep4fo2j >> Image Returned >> 2020-09-01 20:12:26.801443

gdw8ep4fo2j >> End >> 2020-09-01 20:12:26.971487

b2nxiyctnws >> Start >> 2020-09-01 20:12:53.612390

b2nxiyctnws >> Image Returned >> 2020-09-01 20:12:53.616027

b2nxiyctnws >> End >> 2020-09-01 20:12:53.789123

qhcv8yoxj07 >> Start >> 2020-09-01 20:14:02.456051

qhcv8yoxj07 >> Image Returned >> 2020-09-01 20:14:02.460743

qhcv8yoxj07 >> End >> 2020-09-01 20:14:02.637116

zojmuae2gyc >> Start >> 2020-09-01 20:16:13.376532

zojmuae2gyc >> Image Returned >> 2020-09-01 20:16:13.380207

zojmuae2gyc >> End >> 2020-09-01 20:16:13.559592

0cy0dg6yk6f >> Start >> 2020-09-01 20:19:26.689908

0cy0dg6yk6f >> Image Returned >> 2020-09-01 20:19:26.696063

0cy0dg6yk6f >> End >> 2020-09-01 20:19:26.882499

kyv3j3on20q >> Start >> 2020-09-01 20:23:04.446191

kyv3j3on20q >> Image Returned >> 2020-09-01 20:23:04.451037

kyv3j3on20q >> End >> 2020-09-01 20:23:04.611985

peap6mik6uy >> Start >> 2020-09-01 20:26:01.314627

peap6mik6uy >> Image Returned >> 2020-09-01 20:26:01.319703

peap6mik6uy >> End >> 2020-09-01 20:26:01.494684

6prx406f8rd >> Start >> 2020-09-01 20:26:33.383644

6prx406f8rd >> Image Returned >> 2020-09-01 20:26:33.389101

6prx406f8rd >> End >> 2020-09-01 20:26:33.563855

6eiiiinhe3n >> Start >> 2020-09-01 20:26:39.861933

6eiiiinhe3n >> Image Returned >> 2020-09-01 20:26:39.862243

6eiiiinhe3n >> End >> 2020-09-01 20:26:40.046471

kiz30qadhzs >> Start >> 2020-09-01 20:35:15.218751

kiz30qadhzs >> Image Returned >> 2020-09-01 20:35:15.222596

kiz30qadhzs >> End >> 2020-09-01 20:35:15.389082

fy45qnda40w >> Start >> 2020-09-01 20:36:43.255669

fy45qnda40w >> Image Returned >> 2020-09-01 20:36:43.260207

fy45qnda40w >> End >> 2020-09-01 20:36:43.424381

d5g5h4zkq6e >> Start >> 2020-09-01 20:41:41.525068

d5g5h4zkq6e >> Image Returned >> 2020-09-01 20:41:41.529906

d5g5h4zkq6e >> End >> 2020-09-01 20:41:41.701298

ivzrj3e2m4z >> Start >> 2020-09-01 20:42:39.632487

ivzrj3e2m4z >> Image Returned >> 2020-09-01 20:42:39.636482

ivzrj3e2m4z >> End >> 2020-09-01 20:42:39.801419

xrhvng7g3e5 >> Start >> 2020-09-01 20:46:27.987842

xrhvng7g3e5 >> Image Returned >> 2020-09-01 20:46:27.991863

xrhvng7g3e5 >> End >> 2020-09-01 20:46:28.162853

3bxtbwa8khw >> Start >> 2020-09-01 20:48:08.333966

3bxtbwa8khw >> Image Returned >> 2020-09-01 20:48:08.339932

3bxtbwa8khw >> End >> 2020-09-01 20:48:08.517093

fa30dvptbf7 >> Start >> 2020-09-01 20:52:32.455473

fa30dvptbf7 >> Image Returned >> 2020-09-01 20:52:32.461674

fa30dvptbf7 >> End >> 2020-09-01 20:52:32.633173

0nz2z3rawkq >> Start >> 2020-09-01 21:00:34.911461

0nz2z3rawkq >> Image Returned >> 2020-09-01 21:00:34.916290

0nz2z3rawkq >> End >> 2020-09-01 21:00:35.079826

rfkya4ihv5s >> Start >> 2020-09-01 21:06:06.193520

rfkya4ihv5s >> Image Returned >> 2020-09-01 21:06:06.197788

rfkya4ihv5s >> End >> 2020-09-01 21:06:06.371242

6qcs20aig7a >> Start >> 2020-09-01 21:15:31.109029

6qcs20aig7a >> Image Returned >> 2020-09-01 21:15:31.113997

6qcs20aig7a >> End >> 2020-09-01 21:15:31.282213

ikhrq3wtunu >> Start >> 2020-09-01 21:21:12.733263

ikhrq3wtunu >> Image Returned >> 2020-09-01 21:21:12.737132

ikhrq3wtunu >> End >> 2020-09-01 21:21:12.909245

0524stp5hkv >> Start >> 2020-09-01 21:23:45.083164

0524stp5hkv >> Image Returned >> 2020-09-01 21:23:45.087743

0524stp5hkv >> End >> 2020-09-01 21:23:45.264763

2ackpwxoovr >> Start >> 2020-09-01 21:24:03.366900

2ackpwxoovr >> Image Returned >> 2020-09-01 21:24:03.370413

2ackpwxoovr >> End >> 2020-09-01 21:24:03.562038

ahg6jcc42f5 >> Start >> 2020-09-01 21:24:05.476068

ahg6jcc42f5 >> Image Returned >> 2020-09-01 21:24:05.476360

ahg6jcc42f5 >> End >> 2020-09-01 21:24:05.655919

t4n2kgszu4d >> Start >> 2020-09-01 21:26:00.413759

t4n2kgszu4d >> Image Returned >> 2020-09-01 21:26:00.417639

t4n2kgszu4d >> End >> 2020-09-01 21:26:00.607275

apwnf4sg8pe >> Start >> 2020-09-01 21:30:42.840833

apwnf4sg8pe >> Image Returned >> 2020-09-01 21:30:42.845119

apwnf4sg8pe >> End >> 2020-09-01 21:30:43.017496

shkyauu0vsq >> Start >> 2020-09-01 21:31:58.091120

shkyauu0vsq >> Image Returned >> 2020-09-01 21:31:58.095236

shkyauu0vsq >> End >> 2020-09-01 21:31:58.278825

oo0mtpujryu >> Start >> 2020-09-01 21:32:07.199495

oo0mtpujryu >> Image Returned >> 2020-09-01 21:32:07.199943

oo0mtpujryu >> End >> 2020-09-01 21:32:07.368500

0uptpoh47yx >> Start >> 2020-09-01 21:32:27.136178

0uptpoh47yx >> Image Returned >> 2020-09-01 21:32:27.139837

0uptpoh47yx >> End >> 2020-09-01 21:32:27.305893

2crw8je5o7s >> Start >> 2020-09-01 21:32:53.664302

2crw8je5o7s >> Image Returned >> 2020-09-01 21:32:53.668529

2crw8je5o7s >> End >> 2020-09-01 21:32:53.841407

802de2ot7r6 >> Start >> 2020-09-01 21:33:07.774116

802de2ot7r6 >> Image Returned >> 2020-09-01 21:33:07.777904

802de2ot7r6 >> End >> 2020-09-01 21:33:07.943115

gc7kou0tbjw >> Start >> 2020-09-01 21:33:25.448287

gc7kou0tbjw >> Image Returned >> 2020-09-01 21:33:25.452167

gc7kou0tbjw >> End >> 2020-09-01 21:33:25.649753

bqfohp4igbz >> Start >> 2020-09-01 21:54:04.121820

bqfohp4igbz >> Image Returned >> 2020-09-01 21:54:04.126132

bqfohp4igbz >> End >> 2020-09-01 21:54:04.290462

3pcffzhscxk >> Start >> 2020-09-01 21:56:46.475852

3pcffzhscxk >> Image Returned >> 2020-09-01 21:56:46.480079

3pcffzhscxk >> End >> 2020-09-01 21:56:46.640625

5mw205epyx7 >> Start >> 2020-09-01 22:15:42.374217

5mw205epyx7 >> Image Returned >> 2020-09-01 22:15:42.379570

5mw205epyx7 >> End >> 2020-09-01 22:15:42.552651

5r05cngs6rt >> Start >> 2020-09-01 22:18:20.347225

5r05cngs6rt >> Image Returned >> 2020-09-01 22:18:20.350820

5r05cngs6rt >> End >> 2020-09-01 22:18:20.523930

xnt6qpcai8d >> Start >> 2020-09-01 22:24:11.742163

xnt6qpcai8d >> Image Returned >> 2020-09-01 22:24:11.746179

xnt6qpcai8d >> End >> 2020-09-01 22:24:11.908571

6kyf8o3ed48 >> Start >> 2020-09-01 22:24:25.764400

6kyf8o3ed48 >> Image Returned >> 2020-09-01 22:24:25.768516

6kyf8o3ed48 >> End >> 2020-09-01 22:24:25.941453

3s2078u62md >> Start >> 2020-09-01 22:24:59.324620

3s2078u62md >> Image Returned >> 2020-09-01 22:24:59.328973

3s2078u62md >> End >> 2020-09-01 22:24:59.486816

ax8q42zny4k >> Start >> 2020-09-01 22:30:13.267416

ax8q42zny4k >> Image Returned >> 2020-09-01 22:30:13.271445

ax8q42zny4k >> End >> 2020-09-01 22:30:13.404619

e60b0f43ue7 >> Start >> 2020-09-01 22:39:31.845602

e60b0f43ue7 >> Image Returned >> 2020-09-01 22:39:31.851213

e60b0f43ue7 >> End >> 2020-09-01 22:39:32.014183

5fu5ky4aazd >> Start >> 2020-09-01 22:40:37.414346

5fu5ky4aazd >> Image Returned >> 2020-09-01 22:40:37.418591

5fu5ky4aazd >> End >> 2020-09-01 22:40:37.580387

fobd8a8vsqu >> Start >> 2020-09-01 22:48:26.145108

fobd8a8vsqu >> Image Returned >> 2020-09-01 22:48:26.150038

fobd8a8vsqu >> End >> 2020-09-01 22:48:26.307652

ia6nve62zwc >> Start >> 2020-09-01 22:48:39.259649

ia6nve62zwc >> Image Returned >> 2020-09-01 22:48:39.263948

ia6nve62zwc >> End >> 2020-09-01 22:48:39.430114

36x2gyzywi3 >> Start >> 2020-09-01 22:48:39.599590

36x2gyzywi3 >> Image Returned >> 2020-09-01 22:48:39.599934

36x2gyzywi3 >> End >> 2020-09-01 22:48:39.762283

dkjdrxg07ca >> Start >> 2020-09-01 23:03:31.147037

dkjdrxg07ca >> Image Returned >> 2020-09-01 23:03:31.151029

dkjdrxg07ca >> End >> 2020-09-01 23:03:31.313770

eeeyk4ar72q >> Start >> 2020-09-01 23:19:40.891566

eeeyk4ar72q >> Image Returned >> 2020-09-01 23:19:40.897015

eeeyk4ar72q >> End >> 2020-09-01 23:19:41.059084

kib5k7b743u >> Start >> 2020-09-01 23:20:38.832298

kib5k7b743u >> Image Returned >> 2020-09-01 23:20:38.836710

kib5k7b743u >> End >> 2020-09-01 23:20:38.997373

h4rq6taz2fn >> Start >> 2020-09-01 23:26:24.315640

h4rq6taz2fn >> Image Returned >> 2020-09-01 23:26:24.320241

h4rq6taz2fn >> End >> 2020-09-01 23:26:24.486893

cvyb6f4orx7 >> Start >> 2020-09-01 23:46:49.519670

cvyb6f4orx7 >> Image Returned >> 2020-09-01 23:46:49.524302

cvyb6f4orx7 >> End >> 2020-09-01 23:46:49.683044

cs65uafv0z8 >> Start >> 2020-09-01 23:54:25.841077

cs65uafv0z8 >> Image Returned >> 2020-09-01 23:54:25.845273

cs65uafv0z8 >> End >> 2020-09-01 23:54:26.023149

