dcnaqgfmp83 >> Start >> 2020-05-29 09:28:55.687690

dcnaqgfmp83 >> Image Returned >> 2020-05-29 09:28:55.691160

dcnaqgfmp83 >> End >> 2020-05-29 09:28:55.702399

7b7j3toixfj >> Start >> 2020-05-29 09:55:50.350596

7b7j3toixfj >> Image Returned >> 2020-05-29 09:55:50.353619

7b7j3toixfj >> End >> 2020-05-29 09:55:50.363282

nifonormoph >> Start >> 2020-05-29 11:47:53.088787

nifonormoph >> Image Returned >> 2020-05-29 11:47:53.092098

nifonormoph >> End >> 2020-05-29 11:47:53.110297

uaqze70ffzn >> Start >> 2020-05-29 12:02:23.314428

uaqze70ffzn >> Image Returned >> 2020-05-29 12:02:23.317301

uaqze70ffzn >> End >> 2020-05-29 12:02:23.327023

yqdv0j4pitr >> Start >> 2020-05-29 12:16:28.692418

yqdv0j4pitr >> Image Returned >> 2020-05-29 12:16:28.695390

yqdv0j4pitr >> End >> 2020-05-29 12:16:28.705363

0be5gvahf8q >> Start >> 2020-05-29 13:55:09.737014

0be5gvahf8q >> Image Returned >> 2020-05-29 13:55:09.739928

0be5gvahf8q >> End >> 2020-05-29 13:55:09.751614

qc8a4ukzmun >> Start >> 2020-05-29 14:41:23.456706

qc8a4ukzmun >> Image Returned >> 2020-05-29 14:41:23.459806

qc8a4ukzmun >> End >> 2020-05-29 14:41:23.470459

676q6cfznjj >> Start >> 2020-05-29 14:41:31.480612

676q6cfznjj >> Image Returned >> 2020-05-29 14:41:31.480918

676q6cfznjj >> End >> 2020-05-29 14:41:31.489284

s0fzr03t5rm >> Start >> 2020-05-29 18:33:25.589366

s0fzr03t5rm >> Image Returned >> 2020-05-29 18:33:25.592375

s0fzr03t5rm >> End >> 2020-05-29 18:33:25.606844

ddjjg2rwzie >> Start >> 2020-05-29 18:33:25.627305

ddjjg2rwzie >> Image Returned >> 2020-05-29 18:33:25.627542

ddjjg2rwzie >> End >> 2020-05-29 18:33:25.639534

i8hdzfrkz7b >> Start >> 2020-05-29 18:33:25.636959

i8hdzfrkz7b >> Image Returned >> 2020-05-29 18:33:25.639880

cb0x70px8xb >> Start >> 2020-05-29 18:33:25.642355

cb0x70px8xb >> Image Returned >> 2020-05-29 18:33:25.642591

jhmvk3ccbhq >> Start >> 2020-05-29 18:33:25.648097

jhmvk3ccbhq >> Image Returned >> 2020-05-29 18:33:25.650441

syow40jo4ni >> Start >> 2020-05-29 18:33:25.648516

syow40jo4ni >> Image Returned >> 2020-05-29 18:33:25.650830

ui73rnpixgi >> Start >> 2020-05-29 18:33:25.656275

ui73rnpixgi >> Image Returned >> 2020-05-29 18:33:25.658673

po774qiqb8k >> Start >> 2020-05-29 18:33:25.669800

po774qiqb8k >> Image Returned >> 2020-05-29 18:33:25.672071

cb0x70px8xb >> End >> 2020-05-29 18:33:25.673048

3a2c6tgwhpi >> Start >> 2020-05-29 18:33:25.676117

n8sw5ckrnpf >> Start >> 2020-05-29 18:33:25.674276

3a2c6tgwhpi >> Image Returned >> 2020-05-29 18:33:25.676327

n8sw5ckrnpf >> Image Returned >> 2020-05-29 18:33:25.676471

i8hdzfrkz7b >> End >> 2020-05-29 18:33:25.679717

jhmvk3ccbhq >> End >> 2020-05-29 18:33:25.681920

ui73rnpixgi >> End >> 2020-05-29 18:33:25.695971

syow40jo4ni >> End >> 2020-05-29 18:33:25.697643

3a2c6tgwhpi >> End >> 2020-05-29 18:33:25.701458

n8sw5ckrnpf >> End >> 2020-05-29 18:33:25.705140

po774qiqb8k >> End >> 2020-05-29 18:33:25.710608

ku50hbwmdko >> Start >> 2020-05-29 18:47:09.907422

ku50hbwmdko >> Image Returned >> 2020-05-29 18:47:09.911137

ku50hbwmdko >> End >> 2020-05-29 18:47:09.929734

cuqeo7qy708 >> Start >> 2020-05-29 21:40:08.394371

cuqeo7qy708 >> Image Returned >> 2020-05-29 21:40:08.397459

cuqeo7qy708 >> End >> 2020-05-29 21:40:08.407311

cokgygodp8f >> Start >> 2020-05-29 21:53:12.115166

cokgygodp8f >> Image Returned >> 2020-05-29 21:53:12.119579

cokgygodp8f >> End >> 2020-05-29 21:53:12.130630

njyzonnohhx >> Start >> 2020-05-29 22:23:14.870824

njyzonnohhx >> Image Returned >> 2020-05-29 22:23:14.875895

njyzonnohhx >> End >> 2020-05-29 22:23:14.895148

