w27xmcxhwiv >> Start >> 2020-06-06 00:06:24.864664

w27xmcxhwiv >> Image Returned >> 2020-06-06 00:06:24.869678

w27xmcxhwiv >> End >> 2020-06-06 00:06:24.880506

bizmpmgxktu >> Start >> 2020-06-06 03:27:34.534164

bizmpmgxktu >> Image Returned >> 2020-06-06 03:27:34.551328

bizmpmgxktu >> End >> 2020-06-06 03:27:34.564217

o5pttmuvgnh >> Start >> 2020-06-06 05:27:22.423028

o5pttmuvgnh >> Image Returned >> 2020-06-06 05:27:22.426318

o5pttmuvgnh >> End >> 2020-06-06 05:27:22.436816

hpbesk87v8g >> Start >> 2020-06-06 08:42:00.896567

hpbesk87v8g >> Image Returned >> 2020-06-06 08:42:00.899940

hpbesk87v8g >> End >> 2020-06-06 08:42:00.912410

isj86no0ip6 >> Start >> 2020-06-06 09:42:44.353534

isj86no0ip6 >> Image Returned >> 2020-06-06 09:42:44.359595

isj86no0ip6 >> End >> 2020-06-06 09:42:44.370517

82ysm2vucyd >> Start >> 2020-06-06 12:14:11.870753

82ysm2vucyd >> Image Returned >> 2020-06-06 12:14:11.874989

82ysm2vucyd >> End >> 2020-06-06 12:14:11.885586

py5vfvry5d7 >> Start >> 2020-06-06 13:58:56.917368

py5vfvry5d7 >> Image Returned >> 2020-06-06 13:58:56.922223

py5vfvry5d7 >> End >> 2020-06-06 13:58:56.944271

ns70g4qv08e >> Start >> 2020-06-06 15:04:39.333750

ns70g4qv08e >> Image Returned >> 2020-06-06 15:04:39.337780

ns70g4qv08e >> End >> 2020-06-06 15:04:39.348318

5gg50vsgq03 >> Start >> 2020-06-06 15:24:58.390182

5gg50vsgq03 >> Image Returned >> 2020-06-06 15:24:58.393537

5gg50vsgq03 >> End >> 2020-06-06 15:24:58.405066

u0kf65rjshy >> Start >> 2020-06-06 16:51:04.376996

u0kf65rjshy >> Image Returned >> 2020-06-06 16:51:04.380201

u0kf65rjshy >> End >> 2020-06-06 16:51:04.391705

xwggo6w64dm >> Start >> 2020-06-06 17:04:02.081748

xwggo6w64dm >> Image Returned >> 2020-06-06 17:04:02.084901

xwggo6w64dm >> End >> 2020-06-06 17:04:02.097788

4n5ggjzt2fm >> Start >> 2020-06-06 17:54:46.175607

4n5ggjzt2fm >> Image Returned >> 2020-06-06 17:54:46.178637

4n5ggjzt2fm >> End >> 2020-06-06 17:54:46.189224

j8ekbbhj6uz >> Start >> 2020-06-06 18:14:42.654500

j8ekbbhj6uz >> Image Returned >> 2020-06-06 18:14:42.657783

j8ekbbhj6uz >> End >> 2020-06-06 18:14:42.668821

c0z80thv4hf >> Start >> 2020-06-06 18:15:31.315716

c0z80thv4hf >> Image Returned >> 2020-06-06 18:15:31.318402

c0z80thv4hf >> End >> 2020-06-06 18:15:31.336893

30nq5si5dus >> Start >> 2020-06-06 18:27:14.946094

30nq5si5dus >> Image Returned >> 2020-06-06 18:27:14.951117

30nq5si5dus >> End >> 2020-06-06 18:27:14.962677

ormka82tfu7 >> Start >> 2020-06-06 19:15:07.032716

ormka82tfu7 >> Image Returned >> 2020-06-06 19:15:07.035835

ormka82tfu7 >> End >> 2020-06-06 19:15:07.048139

8guh38no88w >> Start >> 2020-06-06 19:44:39.061363

8guh38no88w >> Image Returned >> 2020-06-06 19:44:39.066828

8guh38no88w >> End >> 2020-06-06 19:44:39.077322

8x8iia83uit >> Start >> 2020-06-06 19:55:33.728615

8x8iia83uit >> Image Returned >> 2020-06-06 19:55:33.732103

8x8iia83uit >> End >> 2020-06-06 19:55:33.742885

q26ru2jht0d >> Start >> 2020-06-06 22:57:17.991503

q26ru2jht0d >> Image Returned >> 2020-06-06 22:57:17.995497

q26ru2jht0d >> End >> 2020-06-06 22:57:18.007494

wsuw35z2c7g >> Start >> 2020-06-06 23:19:25.878662

wsuw35z2c7g >> Image Returned >> 2020-06-06 23:19:25.881666

wsuw35z2c7g >> End >> 2020-06-06 23:19:25.893121

