tf4t0p6v4fs >> Start >> 2020-10-09 00:00:00.609776

tf4t0p6v4fs >> Image Returned >> 2020-10-09 00:00:00.613293

tf4t0p6v4fs >> End >> 2020-10-09 00:00:00.783756

g8pbbaugsfp >> Start >> 2020-10-09 00:00:25.619848

g8pbbaugsfp >> Image Returned >> 2020-10-09 00:00:25.624033

g8pbbaugsfp >> End >> 2020-10-09 00:00:25.797847

eknn82ioy2g >> Start >> 2020-10-09 01:21:50.428133

eknn82ioy2g >> Image Returned >> 2020-10-09 01:21:50.432893

eknn82ioy2g >> End >> 2020-10-09 01:21:50.597953

ccrwjba3i2p >> Start >> 2020-10-09 01:36:59.006392

ccrwjba3i2p >> Image Returned >> 2020-10-09 01:36:59.011478

ccrwjba3i2p >> End >> 2020-10-09 01:36:59.180598

63hp2x7hcb5 >> Start >> 2020-10-09 01:47:33.783427

63hp2x7hcb5 >> Image Returned >> 2020-10-09 01:47:33.789268

63hp2x7hcb5 >> End >> 2020-10-09 01:47:33.980247

ahzex8usfdn >> Start >> 2020-10-09 01:52:21.042973

ahzex8usfdn >> Image Returned >> 2020-10-09 01:52:21.047064

ahzex8usfdn >> End >> 2020-10-09 01:52:21.225438

xtzj2fjrmkn >> Start >> 2020-10-09 02:16:27.168910

xtzj2fjrmkn >> Image Returned >> 2020-10-09 02:16:27.173037

xtzj2fjrmkn >> End >> 2020-10-09 02:16:27.345357

wspkoeswt2i >> Start >> 2020-10-09 02:16:45.504816

wspkoeswt2i >> Image Returned >> 2020-10-09 02:16:45.508200

wspkoeswt2i >> End >> 2020-10-09 02:16:45.679296

zmkn83q7k77 >> Start >> 2020-10-09 02:17:02.611188

zmkn83q7k77 >> Image Returned >> 2020-10-09 02:17:02.614891

zmkn83q7k77 >> End >> 2020-10-09 02:17:02.794154

j853or5v7yp >> Start >> 2020-10-09 02:28:21.181107

j853or5v7yp >> Image Returned >> 2020-10-09 02:28:21.184923

j853or5v7yp >> End >> 2020-10-09 02:28:21.355192

biphstx5d7f >> Start >> 2020-10-09 02:28:39.911053

biphstx5d7f >> Image Returned >> 2020-10-09 02:28:39.914439

biphstx5d7f >> End >> 2020-10-09 02:28:40.090998

a6z5pcetje2 >> Start >> 2020-10-09 02:28:47.925009

a6z5pcetje2 >> Image Returned >> 2020-10-09 02:28:47.925297

a6z5pcetje2 >> End >> 2020-10-09 02:28:48.090630

3mvcfoxpb6k >> Start >> 2020-10-09 02:43:45.041899

3mvcfoxpb6k >> Image Returned >> 2020-10-09 02:43:45.046623

3mvcfoxpb6k >> End >> 2020-10-09 02:43:45.229372

453mn7qo57i >> Start >> 2020-10-09 02:52:18.469238

453mn7qo57i >> Image Returned >> 2020-10-09 02:52:18.474673

453mn7qo57i >> End >> 2020-10-09 02:52:18.648061

b3w2euyxztb >> Start >> 2020-10-09 03:13:20.391458

b3w2euyxztb >> Image Returned >> 2020-10-09 03:13:20.396992

b3w2euyxztb >> End >> 2020-10-09 03:13:20.620981

nufsosg6gcz >> Start >> 2020-10-09 03:38:33.058398

nufsosg6gcz >> Image Returned >> 2020-10-09 03:38:33.062041

nufsosg6gcz >> End >> 2020-10-09 03:38:33.228427

nagd5upauxw >> Start >> 2020-10-09 03:45:56.336575

nagd5upauxw >> Image Returned >> 2020-10-09 03:45:56.340090

nagd5upauxw >> End >> 2020-10-09 03:45:56.510785

8aq0ori546w >> Start >> 2020-10-09 04:19:06.922667

8aq0ori546w >> Image Returned >> 2020-10-09 04:19:06.926074

8aq0ori546w >> End >> 2020-10-09 04:19:07.099313

psj6eidtsfm >> Start >> 2020-10-09 05:00:43.510829

psj6eidtsfm >> Image Returned >> 2020-10-09 05:00:43.514537

psj6eidtsfm >> End >> 2020-10-09 05:00:43.678370

u6k4qkvne85 >> Start >> 2020-10-09 05:23:36.593054

u6k4qkvne85 >> Image Returned >> 2020-10-09 05:23:36.596518

u6k4qkvne85 >> End >> 2020-10-09 05:23:36.783613

nm3swz3jymw >> Start >> 2020-10-09 05:23:41.313946

nm3swz3jymw >> Image Returned >> 2020-10-09 05:23:41.314279

nm3swz3jymw >> End >> 2020-10-09 05:23:41.496825

qaoqjxj3m07 >> Start >> 2020-10-09 05:55:47.042680

qaoqjxj3m07 >> Image Returned >> 2020-10-09 05:55:47.046030

qaoqjxj3m07 >> End >> 2020-10-09 05:55:47.211287

vh4kbrqdxpk >> Start >> 2020-10-09 05:56:04.960549

vh4kbrqdxpk >> Image Returned >> 2020-10-09 05:56:04.964025

vh4kbrqdxpk >> End >> 2020-10-09 05:56:05.153680

ehkoecugose >> Start >> 2020-10-09 05:58:06.049242

ehkoecugose >> Image Returned >> 2020-10-09 05:58:06.052568

ehkoecugose >> End >> 2020-10-09 05:58:06.245776

qtums020ury >> Start >> 2020-10-09 06:00:24.870790

qtums020ury >> Image Returned >> 2020-10-09 06:00:24.874241

qtums020ury >> End >> 2020-10-09 06:00:25.058597

7tnw573sfsm >> Start >> 2020-10-09 06:00:31.482736

7tnw573sfsm >> Image Returned >> 2020-10-09 06:00:31.483042

7tnw573sfsm >> End >> 2020-10-09 06:00:31.661339

sxfei4d6b2r >> Start >> 2020-10-09 06:04:59.569570

sxfei4d6b2r >> Image Returned >> 2020-10-09 06:04:59.573080

sxfei4d6b2r >> End >> 2020-10-09 06:04:59.748017

ftaic5sw6fg >> Start >> 2020-10-09 06:05:53.939991

ftaic5sw6fg >> Image Returned >> 2020-10-09 06:05:53.943514

ftaic5sw6fg >> End >> 2020-10-09 06:05:54.117372

gxxodfv67oc >> Start >> 2020-10-09 06:08:45.644646

gxxodfv67oc >> Image Returned >> 2020-10-09 06:08:45.648091

gxxodfv67oc >> End >> 2020-10-09 06:08:45.817765

53vkhjokbrb >> Start >> 2020-10-09 06:15:07.489358

53vkhjokbrb >> Image Returned >> 2020-10-09 06:15:07.493350

53vkhjokbrb >> End >> 2020-10-09 06:15:07.664227

tofi5jm5mk7 >> Start >> 2020-10-09 06:18:44.381812

tofi5jm5mk7 >> Image Returned >> 2020-10-09 06:18:44.385359

tofi5jm5mk7 >> End >> 2020-10-09 06:18:44.550359

y582ofzfz42 >> Start >> 2020-10-09 06:20:07.185450

y582ofzfz42 >> Image Returned >> 2020-10-09 06:20:07.189399

y582ofzfz42 >> End >> 2020-10-09 06:20:07.355928

2h88hgiyaxw >> Start >> 2020-10-09 06:30:10.922739

2h88hgiyaxw >> Image Returned >> 2020-10-09 06:30:10.926249

2h88hgiyaxw >> End >> 2020-10-09 06:30:11.098263

bec2toy2y3s >> Start >> 2020-10-09 06:30:21.799841

bec2toy2y3s >> Image Returned >> 2020-10-09 06:30:21.803232

bec2toy2y3s >> End >> 2020-10-09 06:30:21.973278

2mg4nkcaqkj >> Start >> 2020-10-09 06:31:31.969409

2mg4nkcaqkj >> Image Returned >> 2020-10-09 06:31:31.973083

2mg4nkcaqkj >> End >> 2020-10-09 06:31:32.135111

ef8oo3qd6or >> Start >> 2020-10-09 06:43:43.987909

ef8oo3qd6or >> Image Returned >> 2020-10-09 06:43:43.992193

ef8oo3qd6or >> End >> 2020-10-09 06:43:44.163163

k0pdaxqsdrf >> Start >> 2020-10-09 06:45:26.204464

k0pdaxqsdrf >> Image Returned >> 2020-10-09 06:45:26.208580

k0pdaxqsdrf >> End >> 2020-10-09 06:45:26.382443

qpqen22wdqk >> Start >> 2020-10-09 06:50:01.478102

qpqen22wdqk >> Image Returned >> 2020-10-09 06:50:01.481853

qpqen22wdqk >> End >> 2020-10-09 06:50:01.650521

t830qzx8oyy >> Start >> 2020-10-09 06:58:21.717863

t830qzx8oyy >> Image Returned >> 2020-10-09 06:58:21.721395

t830qzx8oyy >> End >> 2020-10-09 06:58:21.901632

bxr0jp3im6i >> Start >> 2020-10-09 06:59:34.298830

bxr0jp3im6i >> Image Returned >> 2020-10-09 06:59:34.302939

bxr0jp3im6i >> End >> 2020-10-09 06:59:34.488265

cba2k355qjs >> Start >> 2020-10-09 07:03:05.359338

cba2k355qjs >> Image Returned >> 2020-10-09 07:03:05.363070

cba2k355qjs >> End >> 2020-10-09 07:03:05.619393

pvkycqcyfq4 >> Start >> 2020-10-09 07:06:26.772908

pvkycqcyfq4 >> Image Returned >> 2020-10-09 07:06:26.778038

pvkycqcyfq4 >> End >> 2020-10-09 07:06:26.962413

bhygvha85rx >> Start >> 2020-10-09 07:15:42.673237

bhygvha85rx >> Image Returned >> 2020-10-09 07:15:42.679292

bhygvha85rx >> End >> 2020-10-09 07:15:42.843574

bzni2tnv7ht >> Start >> 2020-10-09 07:24:49.021816

bzni2tnv7ht >> Image Returned >> 2020-10-09 07:24:49.025576

bzni2tnv7ht >> End >> 2020-10-09 07:24:49.188092

hfcn8oubjth >> Start >> 2020-10-09 07:26:38.455279

hfcn8oubjth >> Image Returned >> 2020-10-09 07:26:38.459662

hfcn8oubjth >> End >> 2020-10-09 07:26:38.644869

bysb42gyubr >> Start >> 2020-10-09 07:26:41.176621

bysb42gyubr >> Image Returned >> 2020-10-09 07:26:41.176970

bysb42gyubr >> End >> 2020-10-09 07:26:41.358212

3ufxcmrquao >> Start >> 2020-10-09 07:44:19.363631

3ufxcmrquao >> Image Returned >> 2020-10-09 07:44:19.367129

3ufxcmrquao >> End >> 2020-10-09 07:44:19.547261

amh8682mty8 >> Start >> 2020-10-09 07:45:17.318268

amh8682mty8 >> Image Returned >> 2020-10-09 07:45:17.322086

amh8682mty8 >> End >> 2020-10-09 07:45:17.501547

8kqq6bfjand >> Start >> 2020-10-09 08:04:14.749355

8kqq6bfjand >> Image Returned >> 2020-10-09 08:04:14.753312

8kqq6bfjand >> End >> 2020-10-09 08:04:14.939059

wpk8gyahgq8 >> Start >> 2020-10-09 08:05:29.751111

wpk8gyahgq8 >> Image Returned >> 2020-10-09 08:05:29.755506

wpk8gyahgq8 >> End >> 2020-10-09 08:05:29.943015

wud38wre8hp >> Start >> 2020-10-09 08:10:19.105232

wud38wre8hp >> Image Returned >> 2020-10-09 08:10:19.108907

wud38wre8hp >> End >> 2020-10-09 08:10:19.279839

wibqgnyob5p >> Start >> 2020-10-09 08:10:34.635298

wibqgnyob5p >> Image Returned >> 2020-10-09 08:10:34.640556

wibqgnyob5p >> End >> 2020-10-09 08:10:34.813371

r3f3y737r2s >> Start >> 2020-10-09 08:13:20.823417

r3f3y737r2s >> Image Returned >> 2020-10-09 08:13:20.826929

r3f3y737r2s >> End >> 2020-10-09 08:13:21.016168

r5mo6v2uoep >> Start >> 2020-10-09 08:14:07.660485

r5mo6v2uoep >> Image Returned >> 2020-10-09 08:14:07.664169

r5mo6v2uoep >> End >> 2020-10-09 08:14:07.832056

xsz38en0sd5 >> Start >> 2020-10-09 08:14:30.161432

xsz38en0sd5 >> Image Returned >> 2020-10-09 08:14:30.165266

xsz38en0sd5 >> End >> 2020-10-09 08:14:30.335485

thpe8a7q2hr >> Start >> 2020-10-09 08:15:05.992791

thpe8a7q2hr >> Image Returned >> 2020-10-09 08:15:05.996253

thpe8a7q2hr >> End >> 2020-10-09 08:15:06.162239

04bze4c0uox >> Start >> 2020-10-09 08:16:02.082190

04bze4c0uox >> Image Returned >> 2020-10-09 08:16:02.085774

04bze4c0uox >> End >> 2020-10-09 08:16:02.250005

iuat6cmxnbv >> Start >> 2020-10-09 08:16:13.113221

iuat6cmxnbv >> Image Returned >> 2020-10-09 08:16:13.113517

iuat6cmxnbv >> End >> 2020-10-09 08:16:13.322066

onmz4ux2dpu >> Start >> 2020-10-09 08:16:13.483860

onmz4ux2dpu >> Image Returned >> 2020-10-09 08:16:13.484164

onmz4ux2dpu >> End >> 2020-10-09 08:16:13.661386

wzmix6zxj85 >> Start >> 2020-10-09 08:16:55.542363

wzmix6zxj85 >> Image Returned >> 2020-10-09 08:16:55.546133

wzmix6zxj85 >> End >> 2020-10-09 08:16:55.713397

z47ufk8w6h3 >> Start >> 2020-10-09 08:24:52.289674

z47ufk8w6h3 >> Image Returned >> 2020-10-09 08:24:52.293262

z47ufk8w6h3 >> End >> 2020-10-09 08:24:52.466021

7djsqpx27sz >> Start >> 2020-10-09 08:25:04.889350

7djsqpx27sz >> Image Returned >> 2020-10-09 08:25:04.892855

7djsqpx27sz >> End >> 2020-10-09 08:25:05.063920

csucrsa6s8g >> Start >> 2020-10-09 08:26:37.155287

csucrsa6s8g >> Image Returned >> 2020-10-09 08:26:37.159173

csucrsa6s8g >> End >> 2020-10-09 08:26:37.321935

h7tpu25tmmr >> Start >> 2020-10-09 08:32:52.898931

h7tpu25tmmr >> Image Returned >> 2020-10-09 08:32:52.903115

h7tpu25tmmr >> End >> 2020-10-09 08:32:53.086000

z2rxx8tesu3 >> Start >> 2020-10-09 08:32:56.937935

z2rxx8tesu3 >> Image Returned >> 2020-10-09 08:32:56.938225

z2rxx8tesu3 >> End >> 2020-10-09 08:32:57.137063

x63o6e0arev >> Start >> 2020-10-09 08:41:15.341244

x63o6e0arev >> Image Returned >> 2020-10-09 08:41:15.344717

x63o6e0arev >> End >> 2020-10-09 08:41:15.507745

mzrxevtuh7s >> Start >> 2020-10-09 08:41:44.960803

mzrxevtuh7s >> Image Returned >> 2020-10-09 08:41:44.964804

mzrxevtuh7s >> End >> 2020-10-09 08:41:45.158225

rd88mmgz5ae >> Start >> 2020-10-09 08:50:06.085371

rd88mmgz5ae >> Image Returned >> 2020-10-09 08:50:06.089337

rd88mmgz5ae >> End >> 2020-10-09 08:50:06.261152

24dcdshnjis >> Start >> 2020-10-09 08:50:40.878863

24dcdshnjis >> Image Returned >> 2020-10-09 08:50:40.882921

24dcdshnjis >> End >> 2020-10-09 08:50:41.059643

7uwfqr57voo >> Start >> 2020-10-09 08:52:20.028244

7uwfqr57voo >> Image Returned >> 2020-10-09 08:52:20.032154

7uwfqr57voo >> End >> 2020-10-09 08:52:20.207896

pmd5c5nexfu >> Start >> 2020-10-09 09:05:52.571038

pmd5c5nexfu >> Image Returned >> 2020-10-09 09:05:52.574757

pmd5c5nexfu >> End >> 2020-10-09 09:05:52.751992

ttbtfxmrbx8 >> Start >> 2020-10-09 09:13:02.723058

ttbtfxmrbx8 >> Image Returned >> 2020-10-09 09:13:02.728085

ttbtfxmrbx8 >> End >> 2020-10-09 09:13:02.907092

wm6u8ru5ff0 >> Start >> 2020-10-09 09:14:13.415554

wm6u8ru5ff0 >> Image Returned >> 2020-10-09 09:14:13.419066

wm6u8ru5ff0 >> End >> 2020-10-09 09:14:13.601418

0at62eswddn >> Start >> 2020-10-09 09:17:00.164609

0at62eswddn >> Image Returned >> 2020-10-09 09:17:00.168179

0at62eswddn >> End >> 2020-10-09 09:17:00.340565

5srj6uajnoq >> Start >> 2020-10-09 09:20:03.927315

5srj6uajnoq >> Image Returned >> 2020-10-09 09:20:03.930769

5srj6uajnoq >> End >> 2020-10-09 09:20:04.107410

64jk8ceow42 >> Start >> 2020-10-09 09:23:44.537384

64jk8ceow42 >> Image Returned >> 2020-10-09 09:23:44.542244

64jk8ceow42 >> End >> 2020-10-09 09:23:44.704543

ez46g0perw3 >> Start >> 2020-10-09 09:26:14.084908

ez46g0perw3 >> Image Returned >> 2020-10-09 09:26:14.088349

ez46g0perw3 >> End >> 2020-10-09 09:26:14.258397

uohwwwb87ri >> Start >> 2020-10-09 09:26:27.654090

uohwwwb87ri >> Image Returned >> 2020-10-09 09:26:27.659128

uohwwwb87ri >> End >> 2020-10-09 09:26:27.827539

gpzjgmumn8v >> Start >> 2020-10-09 09:28:37.916423

gpzjgmumn8v >> Image Returned >> 2020-10-09 09:28:37.920556

gpzjgmumn8v >> End >> 2020-10-09 09:28:38.116115

cw05kxbswu4 >> Start >> 2020-10-09 09:33:41.143028

cw05kxbswu4 >> Image Returned >> 2020-10-09 09:33:41.147193

cw05kxbswu4 >> End >> 2020-10-09 09:33:41.309570

2iqitrgbeov >> Start >> 2020-10-09 09:33:41.664449

2iqitrgbeov >> Image Returned >> 2020-10-09 09:33:41.664736

2iqitrgbeov >> End >> 2020-10-09 09:33:41.830302

chhuxqdv0bm >> Start >> 2020-10-09 09:40:46.222078

chhuxqdv0bm >> Image Returned >> 2020-10-09 09:40:46.226486

chhuxqdv0bm >> End >> 2020-10-09 09:40:46.394428

q3spp2op3ex >> Start >> 2020-10-09 09:55:57.064240

q3spp2op3ex >> Image Returned >> 2020-10-09 09:55:57.068599

q3spp2op3ex >> End >> 2020-10-09 09:55:57.259826

505fr7gvzx6 >> Start >> 2020-10-09 10:04:01.397789

505fr7gvzx6 >> Image Returned >> 2020-10-09 10:04:01.401410

505fr7gvzx6 >> End >> 2020-10-09 10:04:01.564826

5tbpnudgev0 >> Start >> 2020-10-09 10:07:18.153512

5tbpnudgev0 >> Image Returned >> 2020-10-09 10:07:18.157054

5tbpnudgev0 >> End >> 2020-10-09 10:07:18.322828

23zqiunnsjp >> Start >> 2020-10-09 10:08:53.547128

23zqiunnsjp >> Image Returned >> 2020-10-09 10:08:53.553036

23zqiunnsjp >> End >> 2020-10-09 10:08:53.732004

ypoedxfhox2 >> Start >> 2020-10-09 10:15:44.515212

ypoedxfhox2 >> Image Returned >> 2020-10-09 10:15:44.519773

ypoedxfhox2 >> End >> 2020-10-09 10:15:44.687936

0hzz8z55wru >> Start >> 2020-10-09 10:19:02.780812

0hzz8z55wru >> Image Returned >> 2020-10-09 10:19:02.784429

0hzz8z55wru >> End >> 2020-10-09 10:19:02.957802

yb66v0iz36n >> Start >> 2020-10-09 10:21:47.118721

yb66v0iz36n >> Image Returned >> 2020-10-09 10:21:47.123200

yb66v0iz36n >> End >> 2020-10-09 10:21:47.300666

x8g703dnux5 >> Start >> 2020-10-09 10:21:47.430593

x8g703dnux5 >> Image Returned >> 2020-10-09 10:21:47.430896

x8g703dnux5 >> End >> 2020-10-09 10:21:47.604545

tuob50hdic5 >> Start >> 2020-10-09 10:25:34.500549

tuob50hdic5 >> Image Returned >> 2020-10-09 10:25:34.504940

tuob50hdic5 >> End >> 2020-10-09 10:25:34.668622

t0n37052db8 >> Start >> 2020-10-09 10:41:30.122483

t0n37052db8 >> Image Returned >> 2020-10-09 10:41:30.126621

t0n37052db8 >> End >> 2020-10-09 10:41:30.300698

onqybrm5rid >> Start >> 2020-10-09 10:41:37.681157

onqybrm5rid >> Image Returned >> 2020-10-09 10:41:37.681447

onqybrm5rid >> End >> 2020-10-09 10:41:37.846973

0vsyru7z8cb >> Start >> 2020-10-09 10:41:59.098136

0vsyru7z8cb >> Image Returned >> 2020-10-09 10:41:59.101722

0vsyru7z8cb >> End >> 2020-10-09 10:41:59.283946

2odpzn3s3q5 >> Start >> 2020-10-09 10:44:11.067976

2odpzn3s3q5 >> Image Returned >> 2020-10-09 10:44:11.068353

2odpzn3s3q5 >> End >> 2020-10-09 10:44:11.233510

tfsr3aay42y >> Start >> 2020-10-09 10:44:18.910490

tfsr3aay42y >> Image Returned >> 2020-10-09 10:44:18.910775

tfsr3aay42y >> End >> 2020-10-09 10:44:19.078236

ecnjoh4787u >> Start >> 2020-10-09 10:44:43.561997

ecnjoh4787u >> Image Returned >> 2020-10-09 10:44:43.562367

ecnjoh4787u >> End >> 2020-10-09 10:44:43.687186

u6ez7huthdk >> Start >> 2020-10-09 10:44:56.825529

u6ez7huthdk >> Image Returned >> 2020-10-09 10:44:56.825908

u6ez7huthdk >> End >> 2020-10-09 10:44:56.988398

ue0o4qv484w >> Start >> 2020-10-09 10:45:08.573333

ue0o4qv484w >> Image Returned >> 2020-10-09 10:45:08.573626

ue0o4qv484w >> End >> 2020-10-09 10:45:08.740663

p2rkgp4xccu >> Start >> 2020-10-09 10:45:46.788151

p2rkgp4xccu >> Image Returned >> 2020-10-09 10:45:46.792109

p2rkgp4xccu >> End >> 2020-10-09 10:45:46.956049

0koov4jhyo3 >> Start >> 2020-10-09 10:45:50.700954

0koov4jhyo3 >> Image Returned >> 2020-10-09 10:45:50.701248

0koov4jhyo3 >> End >> 2020-10-09 10:45:50.906199

q4z2yzc5x2g >> Start >> 2020-10-09 10:49:13.997651

q4z2yzc5x2g >> Image Returned >> 2020-10-09 10:49:14.001494

q4z2yzc5x2g >> End >> 2020-10-09 10:49:14.167424

f0wnu8zx2qc >> Start >> 2020-10-09 10:49:35.645492

f0wnu8zx2qc >> Image Returned >> 2020-10-09 10:49:35.649631

f0wnu8zx2qc >> End >> 2020-10-09 10:49:35.813790

e6xoomxgqap >> Start >> 2020-10-09 10:51:04.643568

e6xoomxgqap >> Image Returned >> 2020-10-09 10:51:04.644006

e6xoomxgqap >> End >> 2020-10-09 10:51:04.809665

7cfmyv5mq2x >> Start >> 2020-10-09 10:54:34.662172

7cfmyv5mq2x >> Image Returned >> 2020-10-09 10:54:34.666817

7cfmyv5mq2x >> End >> 2020-10-09 10:54:34.832928

0jxsfo66uj7 >> Start >> 2020-10-09 10:55:37.360428

0jxsfo66uj7 >> Image Returned >> 2020-10-09 10:55:37.364365

0jxsfo66uj7 >> End >> 2020-10-09 10:55:37.559165

rznn0urj7ny >> Start >> 2020-10-09 10:56:09.329107

rznn0urj7ny >> Image Returned >> 2020-10-09 10:56:09.332632

rznn0urj7ny >> End >> 2020-10-09 10:56:09.577488

punedrpbcbf >> Start >> 2020-10-09 10:56:09.729562

punedrpbcbf >> Image Returned >> 2020-10-09 10:56:09.729851

punedrpbcbf >> End >> 2020-10-09 10:56:09.974320

5p2vsk3nojq >> Start >> 2020-10-09 10:57:01.954715

5p2vsk3nojq >> Image Returned >> 2020-10-09 10:57:01.958167

5p2vsk3nojq >> End >> 2020-10-09 10:57:02.126589

pqz22yi2xwx >> Start >> 2020-10-09 10:58:45.776223

pqz22yi2xwx >> Image Returned >> 2020-10-09 10:58:45.780395

pqz22yi2xwx >> End >> 2020-10-09 10:58:45.975387

6okjzsb8kop >> Start >> 2020-10-09 11:10:20.232105

6okjzsb8kop >> Image Returned >> 2020-10-09 11:10:20.235681

6okjzsb8kop >> End >> 2020-10-09 11:10:20.409605

whjmfjxgsxy >> Start >> 2020-10-09 11:11:54.450896

whjmfjxgsxy >> Image Returned >> 2020-10-09 11:11:54.454562

whjmfjxgsxy >> End >> 2020-10-09 11:11:54.623178

zerhbpb7taw >> Start >> 2020-10-09 11:14:05.047149

zerhbpb7taw >> Image Returned >> 2020-10-09 11:14:05.050704

zerhbpb7taw >> End >> 2020-10-09 11:14:05.222352

5pv8tmvd38x >> Start >> 2020-10-09 11:14:44.524904

5pv8tmvd38x >> Image Returned >> 2020-10-09 11:14:44.528428

5pv8tmvd38x >> End >> 2020-10-09 11:14:44.697856

br7nenf266d >> Start >> 2020-10-09 11:15:51.351152

br7nenf266d >> Image Returned >> 2020-10-09 11:15:51.355463

br7nenf266d >> End >> 2020-10-09 11:15:51.529515

j333uuqs2ac >> Start >> 2020-10-09 11:22:40.207858

j333uuqs2ac >> Image Returned >> 2020-10-09 11:22:40.211632

j333uuqs2ac >> End >> 2020-10-09 11:22:40.383552

rpw2vbbnz8r >> Start >> 2020-10-09 11:27:12.312728

rpw2vbbnz8r >> Image Returned >> 2020-10-09 11:27:12.316348

rpw2vbbnz8r >> End >> 2020-10-09 11:27:12.503067

43t3s3t0rqo >> Start >> 2020-10-09 11:31:37.018836

43t3s3t0rqo >> Image Returned >> 2020-10-09 11:31:37.023051

43t3s3t0rqo >> End >> 2020-10-09 11:31:37.192619

0tmcs5g5ptz >> Start >> 2020-10-09 11:32:19.795293

0tmcs5g5ptz >> Image Returned >> 2020-10-09 11:32:19.798851

0tmcs5g5ptz >> End >> 2020-10-09 11:32:20.112363

ax60pat36oj >> Start >> 2020-10-09 11:33:47.507436

ax60pat36oj >> Image Returned >> 2020-10-09 11:33:47.511413

ax60pat36oj >> End >> 2020-10-09 11:33:47.694514

qxx8zzmobmg >> Start >> 2020-10-09 11:44:04.852369

qxx8zzmobmg >> Image Returned >> 2020-10-09 11:44:04.857719

qxx8zzmobmg >> End >> 2020-10-09 11:44:05.020785

g8nohcxpuun >> Start >> 2020-10-09 11:49:32.983617

g8nohcxpuun >> Image Returned >> 2020-10-09 11:49:32.987978

g8nohcxpuun >> End >> 2020-10-09 11:49:33.180407

pgcho8vdxmx >> Start >> 2020-10-09 11:49:46.071809

pgcho8vdxmx >> Image Returned >> 2020-10-09 11:49:46.075620

pgcho8vdxmx >> End >> 2020-10-09 11:49:46.237632

o00d8j3xrzi >> Start >> 2020-10-09 11:49:52.081338

o00d8j3xrzi >> Image Returned >> 2020-10-09 11:49:52.081762

o00d8j3xrzi >> End >> 2020-10-09 11:49:52.246490

jm0ewwyahib >> Start >> 2020-10-09 11:50:21.680620

jm0ewwyahib >> Image Returned >> 2020-10-09 11:50:21.684286

jm0ewwyahib >> End >> 2020-10-09 11:50:21.855998

a5u68covfog >> Start >> 2020-10-09 11:53:07.728677

a5u68covfog >> Image Returned >> 2020-10-09 11:53:07.732336

a5u68covfog >> End >> 2020-10-09 11:53:07.900419

5xoghafbpfr >> Start >> 2020-10-09 11:53:27.655117

5xoghafbpfr >> Image Returned >> 2020-10-09 11:53:27.658729

5xoghafbpfr >> End >> 2020-10-09 11:53:27.823988

xc7ojgtgayn >> Start >> 2020-10-09 11:53:51.077445

xc7ojgtgayn >> Image Returned >> 2020-10-09 11:53:51.081593

xc7ojgtgayn >> End >> 2020-10-09 11:53:51.253674

b362rsnrysz >> Start >> 2020-10-09 11:57:09.820327

b362rsnrysz >> Image Returned >> 2020-10-09 11:57:09.823992

b362rsnrysz >> End >> 2020-10-09 11:57:09.983711

wdcnxwydpcr >> Start >> 2020-10-09 11:57:20.222618

wdcnxwydpcr >> Image Returned >> 2020-10-09 11:57:20.222963

wdcnxwydpcr >> End >> 2020-10-09 11:57:20.404175

a6z7tfv8ep0 >> Start >> 2020-10-09 12:00:15.362552

a6z7tfv8ep0 >> Image Returned >> 2020-10-09 12:00:15.366512

a6z7tfv8ep0 >> End >> 2020-10-09 12:00:15.547637

2j8kxjxkxmy >> Start >> 2020-10-09 12:03:56.274540

2j8kxjxkxmy >> Image Returned >> 2020-10-09 12:03:56.278501

2j8kxjxkxmy >> End >> 2020-10-09 12:03:56.444098

rhvdnyust2f >> Start >> 2020-10-09 12:07:18.165618

rhvdnyust2f >> Image Returned >> 2020-10-09 12:07:18.169306

rhvdnyust2f >> End >> 2020-10-09 12:07:18.337826

rxpzb786xp6 >> Start >> 2020-10-09 12:11:51.742717

rxpzb786xp6 >> Image Returned >> 2020-10-09 12:11:51.745913

rxpzb786xp6 >> End >> 2020-10-09 12:11:51.924751

ivdp0t38xsn >> Start >> 2020-10-09 12:14:34.955971

ivdp0t38xsn >> Image Returned >> 2020-10-09 12:14:34.959301

ivdp0t38xsn >> End >> 2020-10-09 12:14:35.125996

e7x75edj2b3 >> Start >> 2020-10-09 12:17:07.116780

e7x75edj2b3 >> Image Returned >> 2020-10-09 12:17:07.119606

e7x75edj2b3 >> End >> 2020-10-09 12:17:07.296176

ot7pkd0fg62 >> Start >> 2020-10-09 12:20:34.685003

ot7pkd0fg62 >> Image Returned >> 2020-10-09 12:20:34.688713

ot7pkd0fg62 >> End >> 2020-10-09 12:20:34.856426

r0jfoe8ycpc >> Start >> 2020-10-09 12:25:42.644334

r0jfoe8ycpc >> Image Returned >> 2020-10-09 12:25:42.648101

r0jfoe8ycpc >> End >> 2020-10-09 12:25:42.813679

eoapj8rj6zg >> Start >> 2020-10-09 12:29:02.659955

eoapj8rj6zg >> Image Returned >> 2020-10-09 12:29:02.663057

eoapj8rj6zg >> End >> 2020-10-09 12:29:02.823981

au33hhrk0uy >> Start >> 2020-10-09 12:31:07.662746

au33hhrk0uy >> Image Returned >> 2020-10-09 12:31:07.665596

au33hhrk0uy >> End >> 2020-10-09 12:31:07.828043

uvm02haubse >> Start >> 2020-10-09 12:35:45.998840

uvm02haubse >> Image Returned >> 2020-10-09 12:35:46.002072

uvm02haubse >> End >> 2020-10-09 12:35:46.173475

p4j6satvqrf >> Start >> 2020-10-09 12:37:54.188781

p4j6satvqrf >> Image Returned >> 2020-10-09 12:37:54.191638

p4j6satvqrf >> End >> 2020-10-09 12:37:54.351072

swpwf7gjame >> Start >> 2020-10-09 12:38:32.342971

swpwf7gjame >> Image Returned >> 2020-10-09 12:38:32.345805

swpwf7gjame >> End >> 2020-10-09 12:38:32.509659

bngwhs87i0q >> Start >> 2020-10-09 12:40:27.103945

bngwhs87i0q >> Image Returned >> 2020-10-09 12:40:27.106719

bngwhs87i0q >> End >> 2020-10-09 12:40:27.276319

w3ej205zye5 >> Start >> 2020-10-09 12:48:06.047039

w3ej205zye5 >> Image Returned >> 2020-10-09 12:48:06.050390

w3ej205zye5 >> End >> 2020-10-09 12:48:06.284176

pyj44pww6qh >> Start >> 2020-10-09 12:52:47.890182

pyj44pww6qh >> Image Returned >> 2020-10-09 12:52:47.894109

pyj44pww6qh >> End >> 2020-10-09 12:52:48.078325

i8mc8kwq7vo >> Start >> 2020-10-09 12:52:57.484349

i8mc8kwq7vo >> Image Returned >> 2020-10-09 12:52:57.484642

i8mc8kwq7vo >> End >> 2020-10-09 12:52:57.661835

u288j5r0i0v >> Start >> 2020-10-09 12:53:00.893583

u288j5r0i0v >> Image Returned >> 2020-10-09 12:53:00.893865

u288j5r0i0v >> End >> 2020-10-09 12:53:01.067955

an5yuoughxi >> Start >> 2020-10-09 12:55:29.334999

an5yuoughxi >> Image Returned >> 2020-10-09 12:55:29.338783

an5yuoughxi >> End >> 2020-10-09 12:55:29.539968

bb0vcxc2y8n >> Start >> 2020-10-09 12:59:22.948925

bb0vcxc2y8n >> Image Returned >> 2020-10-09 12:59:22.952060

bb0vcxc2y8n >> End >> 2020-10-09 12:59:23.118451

5s3qjvdg0r8 >> Start >> 2020-10-09 13:08:18.152537

5s3qjvdg0r8 >> Image Returned >> 2020-10-09 13:08:18.157363

5s3qjvdg0r8 >> End >> 2020-10-09 13:08:18.339837

zc6d2dnndno >> Start >> 2020-10-09 13:17:30.717039

zc6d2dnndno >> Image Returned >> 2020-10-09 13:17:30.720196

zc6d2dnndno >> End >> 2020-10-09 13:17:30.905567

v0oq3i556r8 >> Start >> 2020-10-09 13:27:34.726233

v0oq3i556r8 >> Image Returned >> 2020-10-09 13:27:34.729265

v0oq3i556r8 >> End >> 2020-10-09 13:27:34.893964

3jape5dnzbx >> Start >> 2020-10-09 13:28:48.397582

3jape5dnzbx >> Image Returned >> 2020-10-09 13:28:48.400809

3jape5dnzbx >> End >> 2020-10-09 13:28:48.596731

0esy4e6kym4 >> Start >> 2020-10-09 13:33:56.966234

0esy4e6kym4 >> Image Returned >> 2020-10-09 13:33:56.969687

0esy4e6kym4 >> End >> 2020-10-09 13:33:57.138485

5ibdqp0kfvr >> Start >> 2020-10-09 13:34:55.322231

5ibdqp0kfvr >> Image Returned >> 2020-10-09 13:34:55.325525

5ibdqp0kfvr >> End >> 2020-10-09 13:34:55.498939

66zydzki707 >> Start >> 2020-10-09 13:36:45.685585

66zydzki707 >> Image Returned >> 2020-10-09 13:36:45.689254

66zydzki707 >> End >> 2020-10-09 13:36:45.869348

n2re4vg6kto >> Start >> 2020-10-09 13:38:38.459722

n2re4vg6kto >> Image Returned >> 2020-10-09 13:38:38.465713

n2re4vg6kto >> End >> 2020-10-09 13:38:38.628978

5m54z050jpn >> Start >> 2020-10-09 13:40:17.248477

5m54z050jpn >> Image Returned >> 2020-10-09 13:40:17.251982

5m54z050jpn >> End >> 2020-10-09 13:40:17.422302

hgn4e4ztutb >> Start >> 2020-10-09 13:41:21.844846

hgn4e4ztutb >> Image Returned >> 2020-10-09 13:41:21.847703

hgn4e4ztutb >> End >> 2020-10-09 13:41:22.081311

d4rhyqnq0hg >> Start >> 2020-10-09 13:41:45.473125

d4rhyqnq0hg >> Image Returned >> 2020-10-09 13:41:45.476327

d4rhyqnq0hg >> End >> 2020-10-09 13:41:45.831949

x7rt2rxon4v >> Start >> 2020-10-09 13:41:46.025628

x7rt2rxon4v >> Image Returned >> 2020-10-09 13:41:46.025943

x7rt2rxon4v >> End >> 2020-10-09 13:41:46.376775

t4bd6s85jts >> Start >> 2020-10-09 13:42:15.794378

t4bd6s85jts >> Image Returned >> 2020-10-09 13:42:15.797149

t4bd6s85jts >> End >> 2020-10-09 13:42:15.963568

4o5jkey7fw7 >> Start >> 2020-10-09 13:42:36.525554

4o5jkey7fw7 >> Image Returned >> 2020-10-09 13:42:36.528724

4o5jkey7fw7 >> End >> 2020-10-09 13:42:36.696449

spyvqyoj7gb >> Start >> 2020-10-09 13:51:25.371572

spyvqyoj7gb >> Image Returned >> 2020-10-09 13:51:25.375334

spyvqyoj7gb >> End >> 2020-10-09 13:51:25.547389

4fv6s26yqvu >> Start >> 2020-10-09 13:51:59.609760

4fv6s26yqvu >> Image Returned >> 2020-10-09 13:51:59.613122

4fv6s26yqvu >> End >> 2020-10-09 13:51:59.777076

h43mzf8rieg >> Start >> 2020-10-09 13:53:53.252496

h43mzf8rieg >> Image Returned >> 2020-10-09 13:53:53.255280

h43mzf8rieg >> End >> 2020-10-09 13:53:53.428175

fpbwbcqp5q5 >> Start >> 2020-10-09 13:58:22.929855

fpbwbcqp5q5 >> Image Returned >> 2020-10-09 13:58:22.932662

fpbwbcqp5q5 >> End >> 2020-10-09 13:58:23.101072

jf3crquhcxv >> Start >> 2020-10-09 14:10:42.683696

jf3crquhcxv >> Image Returned >> 2020-10-09 14:10:42.687016

jf3crquhcxv >> End >> 2020-10-09 14:10:42.942598

w24hgamkkne >> Start >> 2020-10-09 14:15:50.058823

w24hgamkkne >> Image Returned >> 2020-10-09 14:15:50.062066

w24hgamkkne >> End >> 2020-10-09 14:15:50.230621

da347wzqouc >> Start >> 2020-10-09 14:16:29.233088

da347wzqouc >> Image Returned >> 2020-10-09 14:16:29.236018

da347wzqouc >> End >> 2020-10-09 14:16:29.398509

nsdx2yafd8s >> Start >> 2020-10-09 14:18:15.287666

nsdx2yafd8s >> Image Returned >> 2020-10-09 14:18:15.291203

nsdx2yafd8s >> End >> 2020-10-09 14:18:15.454596

zezdywa2y06 >> Start >> 2020-10-09 14:19:53.407788

zezdywa2y06 >> Image Returned >> 2020-10-09 14:19:53.411442

zezdywa2y06 >> End >> 2020-10-09 14:19:53.534895

k4uoc0wiavh >> Start >> 2020-10-09 14:21:53.414171

k4uoc0wiavh >> Image Returned >> 2020-10-09 14:21:53.418176

k4uoc0wiavh >> End >> 2020-10-09 14:21:53.602516

pia3dmb2cg0 >> Start >> 2020-10-09 14:23:37.429172

pia3dmb2cg0 >> Image Returned >> 2020-10-09 14:23:37.432838

pia3dmb2cg0 >> End >> 2020-10-09 14:23:37.604664

dwps7hvw77x >> Start >> 2020-10-09 14:24:26.118026

dwps7hvw77x >> Image Returned >> 2020-10-09 14:24:26.120829

dwps7hvw77x >> End >> 2020-10-09 14:24:26.312320

zh56iandqvb >> Start >> 2020-10-09 14:24:35.899235

zh56iandqvb >> Image Returned >> 2020-10-09 14:24:35.899522

zh56iandqvb >> End >> 2020-10-09 14:24:36.090656

trxh7vu85kw >> Start >> 2020-10-09 14:28:20.438621

trxh7vu85kw >> Image Returned >> 2020-10-09 14:28:20.441452

trxh7vu85kw >> End >> 2020-10-09 14:28:20.618546

7vznaaikon0 >> Start >> 2020-10-09 14:30:05.702626

7vznaaikon0 >> Image Returned >> 2020-10-09 14:30:05.706156

7vznaaikon0 >> End >> 2020-10-09 14:30:05.882421

e657zmd26h2 >> Start >> 2020-10-09 14:35:41.729851

e657zmd26h2 >> Image Returned >> 2020-10-09 14:35:41.734078

e657zmd26h2 >> End >> 2020-10-09 14:35:41.897825

izkj5r7y0th >> Start >> 2020-10-09 14:41:51.849545

izkj5r7y0th >> Image Returned >> 2020-10-09 14:41:51.852905

izkj5r7y0th >> End >> 2020-10-09 14:41:52.046437

wsx7nz8d3ao >> Start >> 2020-10-09 14:56:07.806816

wsx7nz8d3ao >> Image Returned >> 2020-10-09 14:56:07.810180

wsx7nz8d3ao >> End >> 2020-10-09 14:56:07.975172

o4kjptf0mh2 >> Start >> 2020-10-09 14:56:33.338296

o4kjptf0mh2 >> Image Returned >> 2020-10-09 14:56:33.341180

o4kjptf0mh2 >> End >> 2020-10-09 14:56:33.561074

x36f7hnwmfq >> Start >> 2020-10-09 14:56:43.434401

x36f7hnwmfq >> Image Returned >> 2020-10-09 14:56:43.434715

x36f7hnwmfq >> End >> 2020-10-09 14:56:43.600366

d8wm0cdhjk4 >> Start >> 2020-10-09 14:56:53.194827

d8wm0cdhjk4 >> Image Returned >> 2020-10-09 14:56:53.195135

d8wm0cdhjk4 >> End >> 2020-10-09 14:56:53.367302

dobpenhxcrc >> Start >> 2020-10-09 14:57:10.161961

dobpenhxcrc >> Image Returned >> 2020-10-09 14:57:10.164799

dobpenhxcrc >> End >> 2020-10-09 14:57:10.359620

rqzkesma7pz >> Start >> 2020-10-09 15:06:41.478955

rqzkesma7pz >> Image Returned >> 2020-10-09 15:06:41.482343

rqzkesma7pz >> End >> 2020-10-09 15:06:41.653961

ypvwa0ig27i >> Start >> 2020-10-09 15:08:12.111547

ypvwa0ig27i >> Image Returned >> 2020-10-09 15:08:12.114427

ypvwa0ig27i >> End >> 2020-10-09 15:08:12.283346

8rpjgnypwze >> Start >> 2020-10-09 15:08:24.836393

8rpjgnypwze >> Image Returned >> 2020-10-09 15:08:24.839324

8rpjgnypwze >> End >> 2020-10-09 15:08:25.008757

xrx2fp0cwwn >> Start >> 2020-10-09 15:08:39.233429

xrx2fp0cwwn >> Image Returned >> 2020-10-09 15:08:39.236881

xrx2fp0cwwn >> End >> 2020-10-09 15:08:39.414263

8x5qfqb0sd4 >> Start >> 2020-10-09 15:09:48.078443

8x5qfqb0sd4 >> Image Returned >> 2020-10-09 15:09:48.081774

8x5qfqb0sd4 >> End >> 2020-10-09 15:09:48.247050

vd8xwob0rw8 >> Start >> 2020-10-09 15:09:56.636224

vd8xwob0rw8 >> Image Returned >> 2020-10-09 15:09:56.636507

vd8xwob0rw8 >> End >> 2020-10-09 15:09:56.797347

sttgoja8set >> Start >> 2020-10-09 15:11:05.276137

sttgoja8set >> Image Returned >> 2020-10-09 15:11:05.279159

sttgoja8set >> End >> 2020-10-09 15:11:05.481311

skcwx5fdz3f >> Start >> 2020-10-09 15:14:17.637020

skcwx5fdz3f >> Image Returned >> 2020-10-09 15:14:17.640961

skcwx5fdz3f >> End >> 2020-10-09 15:14:17.807301

azz2z3judra >> Start >> 2020-10-09 15:17:04.689589

azz2z3judra >> Image Returned >> 2020-10-09 15:17:04.692488

azz2z3judra >> End >> 2020-10-09 15:17:04.860018

zkf3fr82iv5 >> Start >> 2020-10-09 15:20:27.493678

zkf3fr82iv5 >> Image Returned >> 2020-10-09 15:20:27.497092

zkf3fr82iv5 >> End >> 2020-10-09 15:20:27.663522

dxa445s86ve >> Start >> 2020-10-09 15:23:37.097821

dxa445s86ve >> Image Returned >> 2020-10-09 15:23:37.101449

dxa445s86ve >> End >> 2020-10-09 15:23:37.265779

n8qwgr5da0b >> Start >> 2020-10-09 15:27:13.660404

n8qwgr5da0b >> Image Returned >> 2020-10-09 15:27:13.663306

n8qwgr5da0b >> End >> 2020-10-09 15:27:13.831624

6g78ic8zmp4 >> Start >> 2020-10-09 15:27:44.258119

6g78ic8zmp4 >> Image Returned >> 2020-10-09 15:27:44.261481

6g78ic8zmp4 >> End >> 2020-10-09 15:27:44.437927

20ndds6sns2 >> Start >> 2020-10-09 15:28:31.114579

20ndds6sns2 >> Image Returned >> 2020-10-09 15:28:31.117501

20ndds6sns2 >> End >> 2020-10-09 15:28:31.306351

v53ruk4ysv5 >> Start >> 2020-10-09 15:28:34.060020

v53ruk4ysv5 >> Image Returned >> 2020-10-09 15:28:34.060302

v53ruk4ysv5 >> End >> 2020-10-09 15:28:34.228626

6mddmmaboyk >> Start >> 2020-10-09 15:30:19.359561

6mddmmaboyk >> Image Returned >> 2020-10-09 15:30:19.362454

6mddmmaboyk >> End >> 2020-10-09 15:30:19.569351

bnzxyfq8zny >> Start >> 2020-10-09 15:32:14.347565

bnzxyfq8zny >> Image Returned >> 2020-10-09 15:32:14.350869

bnzxyfq8zny >> End >> 2020-10-09 15:32:14.518352

swejwat06hh >> Start >> 2020-10-09 15:34:41.991204

swejwat06hh >> Image Returned >> 2020-10-09 15:34:41.994554

swejwat06hh >> End >> 2020-10-09 15:34:42.165796

ozr58qm0q38 >> Start >> 2020-10-09 15:39:07.523646

ozr58qm0q38 >> Image Returned >> 2020-10-09 15:39:07.526654

ozr58qm0q38 >> End >> 2020-10-09 15:39:07.706969

4pguptrw358 >> Start >> 2020-10-09 15:41:01.415826

4pguptrw358 >> Image Returned >> 2020-10-09 15:41:01.419431

4pguptrw358 >> End >> 2020-10-09 15:41:01.588640

sidsznmny48 >> Start >> 2020-10-09 15:42:25.274600

sidsznmny48 >> Image Returned >> 2020-10-09 15:42:25.277453

sidsznmny48 >> End >> 2020-10-09 15:42:25.485245

tciorfmasz0 >> Start >> 2020-10-09 15:43:19.659768

tciorfmasz0 >> Image Returned >> 2020-10-09 15:43:19.663007

tciorfmasz0 >> End >> 2020-10-09 15:43:19.829790

n3khurosgmg >> Start >> 2020-10-09 15:50:33.656284

n3khurosgmg >> Image Returned >> 2020-10-09 15:50:33.660079

n3khurosgmg >> End >> 2020-10-09 15:50:33.825244

ku3p63f57nv >> Start >> 2020-10-09 15:51:45.134476

ku3p63f57nv >> Image Returned >> 2020-10-09 15:51:45.138946

ku3p63f57nv >> End >> 2020-10-09 15:51:45.313391

qvosdspiqpa >> Start >> 2020-10-09 15:55:41.440642

qvosdspiqpa >> Image Returned >> 2020-10-09 15:55:41.445398

qvosdspiqpa >> End >> 2020-10-09 15:55:41.626410

j3onsc2xesy >> Start >> 2020-10-09 15:57:26.997560

j3onsc2xesy >> Image Returned >> 2020-10-09 15:57:27.001467

j3onsc2xesy >> End >> 2020-10-09 15:57:27.170962

8jpv6qyfmbx >> Start >> 2020-10-09 15:58:39.346736

8jpv6qyfmbx >> Image Returned >> 2020-10-09 15:58:39.350347

8jpv6qyfmbx >> End >> 2020-10-09 15:58:39.513998

0wm2gntyurm >> Start >> 2020-10-09 15:59:18.930502

0wm2gntyurm >> Image Returned >> 2020-10-09 15:59:18.934830

0wm2gntyurm >> End >> 2020-10-09 15:59:19.106477

rnopjwnixid >> Start >> 2020-10-09 15:59:19.519274

rnopjwnixid >> Image Returned >> 2020-10-09 15:59:19.519565

rnopjwnixid >> End >> 2020-10-09 15:59:19.708240

ni0ct3p48rz >> Start >> 2020-10-09 16:03:35.404623

ni0ct3p48rz >> Image Returned >> 2020-10-09 16:03:35.407525

ni0ct3p48rz >> End >> 2020-10-09 16:03:35.576132

jy3dofw7y3t >> Start >> 2020-10-09 16:06:21.931806

jy3dofw7y3t >> Image Returned >> 2020-10-09 16:06:21.935523

jy3dofw7y3t >> End >> 2020-10-09 16:06:22.059624

kb6bi6fmqxd >> Start >> 2020-10-09 16:13:39.528817

kb6bi6fmqxd >> Image Returned >> 2020-10-09 16:13:39.532418

kb6bi6fmqxd >> End >> 2020-10-09 16:13:39.702075

0gk4shrhwdy >> Start >> 2020-10-09 16:19:42.002844

0gk4shrhwdy >> Image Returned >> 2020-10-09 16:19:42.006292

0gk4shrhwdy >> End >> 2020-10-09 16:19:42.175817

g3kpxmaj28v >> Start >> 2020-10-09 16:20:03.028590

g3kpxmaj28v >> Image Returned >> 2020-10-09 16:20:03.031429

g3kpxmaj28v >> End >> 2020-10-09 16:20:03.214489

wz4gfm682yz >> Start >> 2020-10-09 16:20:28.413414

wz4gfm682yz >> Image Returned >> 2020-10-09 16:20:28.416532

wz4gfm682yz >> End >> 2020-10-09 16:20:28.585658

izm6s3ntof7 >> Start >> 2020-10-09 16:20:32.344415

izm6s3ntof7 >> Image Returned >> 2020-10-09 16:20:32.344703

izm6s3ntof7 >> End >> 2020-10-09 16:20:32.508131

nfa4kv3eh08 >> Start >> 2020-10-09 16:22:23.995537

nfa4kv3eh08 >> Image Returned >> 2020-10-09 16:22:23.999334

nfa4kv3eh08 >> End >> 2020-10-09 16:22:24.232450

jk5mm258hee >> Start >> 2020-10-09 16:24:07.636693

jk5mm258hee >> Image Returned >> 2020-10-09 16:24:07.639806

jk5mm258hee >> End >> 2020-10-09 16:24:07.886122

y6brd60c355 >> Start >> 2020-10-09 16:27:32.846051

y6brd60c355 >> Image Returned >> 2020-10-09 16:27:32.849442

y6brd60c355 >> End >> 2020-10-09 16:27:33.010174

8p42n5frdem >> Start >> 2020-10-09 16:31:36.360994

8p42n5frdem >> Image Returned >> 2020-10-09 16:31:36.364128

8p42n5frdem >> End >> 2020-10-09 16:31:36.534538

gx3hm372dz4 >> Start >> 2020-10-09 16:35:46.312217

gx3hm372dz4 >> Image Returned >> 2020-10-09 16:35:46.315753

gx3hm372dz4 >> End >> 2020-10-09 16:35:46.485568

zbmzko2qr8a >> Start >> 2020-10-09 16:36:38.018735

zbmzko2qr8a >> Image Returned >> 2020-10-09 16:36:38.021738

zbmzko2qr8a >> End >> 2020-10-09 16:36:38.211796

5cag2u522b3 >> Start >> 2020-10-09 16:45:48.538259

5cag2u522b3 >> Image Returned >> 2020-10-09 16:45:48.541690

5cag2u522b3 >> End >> 2020-10-09 16:45:48.707185

0ymrrwwg7v5 >> Start >> 2020-10-09 16:45:59.695297

0ymrrwwg7v5 >> Image Returned >> 2020-10-09 16:45:59.698302

0ymrrwwg7v5 >> End >> 2020-10-09 16:45:59.866596

cpis3ewnjoh >> Start >> 2020-10-09 16:55:07.549765

cpis3ewnjoh >> Image Returned >> 2020-10-09 16:55:07.553513

cpis3ewnjoh >> End >> 2020-10-09 16:55:07.742938

dscmphpvn6n >> Start >> 2020-10-09 16:55:20.507677

dscmphpvn6n >> Image Returned >> 2020-10-09 16:55:20.510611

dscmphpvn6n >> End >> 2020-10-09 16:55:20.695461

eaywyyvnv82 >> Start >> 2020-10-09 17:06:14.380017

eaywyyvnv82 >> Image Returned >> 2020-10-09 17:06:14.383543

eaywyyvnv82 >> End >> 2020-10-09 17:06:14.550141

xkciu203pcy >> Start >> 2020-10-09 17:06:17.788081

xkciu203pcy >> Image Returned >> 2020-10-09 17:06:17.788410

xkciu203pcy >> End >> 2020-10-09 17:06:17.952234

xsmq6bca033 >> Start >> 2020-10-09 17:10:19.466711

xsmq6bca033 >> Image Returned >> 2020-10-09 17:10:19.469624

xsmq6bca033 >> End >> 2020-10-09 17:10:19.642338

rjue4qtvqtv >> Start >> 2020-10-09 17:26:20.212798

rjue4qtvqtv >> Image Returned >> 2020-10-09 17:26:20.215846

rjue4qtvqtv >> End >> 2020-10-09 17:26:20.385138

qycjisj5vej >> Start >> 2020-10-09 17:28:48.931989

qycjisj5vej >> Image Returned >> 2020-10-09 17:28:48.935381

qycjisj5vej >> End >> 2020-10-09 17:28:49.093935

2v4f70smgfn >> Start >> 2020-10-09 17:30:00.150105

2v4f70smgfn >> Image Returned >> 2020-10-09 17:30:00.154464

2v4f70smgfn >> End >> 2020-10-09 17:30:00.317053

pebw4bdc2sj >> Start >> 2020-10-09 17:30:06.309920

pebw4bdc2sj >> Image Returned >> 2020-10-09 17:30:06.310211

pebw4bdc2sj >> End >> 2020-10-09 17:30:06.477937

hud2g3riv5i >> Start >> 2020-10-09 17:33:02.954457

hud2g3riv5i >> Image Returned >> 2020-10-09 17:33:02.957487

hud2g3riv5i >> End >> 2020-10-09 17:33:03.123378

o2kp6eidwf6 >> Start >> 2020-10-09 17:35:01.698005

o2kp6eidwf6 >> Image Returned >> 2020-10-09 17:35:01.700937

o2kp6eidwf6 >> End >> 2020-10-09 17:35:01.919295

8tz8ym7uqgs >> Start >> 2020-10-09 17:42:35.667644

8tz8ym7uqgs >> Image Returned >> 2020-10-09 17:42:35.670555

8tz8ym7uqgs >> End >> 2020-10-09 17:42:35.839205

gookpo4z8yz >> Start >> 2020-10-09 17:46:08.910917

gookpo4z8yz >> Image Returned >> 2020-10-09 17:46:08.913850

gookpo4z8yz >> End >> 2020-10-09 17:46:09.082233

iwk5082vk8g >> Start >> 2020-10-09 17:47:37.870240

iwk5082vk8g >> Image Returned >> 2020-10-09 17:47:37.873212

iwk5082vk8g >> End >> 2020-10-09 17:47:38.061211

nfgfbekn732 >> Start >> 2020-10-09 17:48:36.418901

nfgfbekn732 >> Image Returned >> 2020-10-09 17:48:36.422164

nfgfbekn732 >> End >> 2020-10-09 17:48:36.615761

5vahp78cxi0 >> Start >> 2020-10-09 17:49:35.041531

5vahp78cxi0 >> Image Returned >> 2020-10-09 17:49:35.044394

5vahp78cxi0 >> End >> 2020-10-09 17:49:35.206103

5v8s3g4urtv >> Start >> 2020-10-09 17:53:26.147191

5v8s3g4urtv >> Image Returned >> 2020-10-09 17:53:26.151638

5v8s3g4urtv >> End >> 2020-10-09 17:53:26.318536

367gngwa5gw >> Start >> 2020-10-09 17:53:35.018414

367gngwa5gw >> Image Returned >> 2020-10-09 17:53:35.018702

367gngwa5gw >> End >> 2020-10-09 17:53:35.179007

6deaepxxxck >> Start >> 2020-10-09 17:53:51.812453

6deaepxxxck >> Image Returned >> 2020-10-09 17:53:51.812755

6deaepxxxck >> End >> 2020-10-09 17:53:51.974781

pra5zj8etaw >> Start >> 2020-10-09 17:58:46.373538

pra5zj8etaw >> Image Returned >> 2020-10-09 17:58:46.378843

pra5zj8etaw >> End >> 2020-10-09 17:58:46.551125

qhioa6tk5nc >> Start >> 2020-10-09 18:01:22.551403

qhioa6tk5nc >> Image Returned >> 2020-10-09 18:01:22.555728

qhioa6tk5nc >> End >> 2020-10-09 18:01:22.763153

nv6zoiukhtg >> Start >> 2020-10-09 18:06:37.264348

nv6zoiukhtg >> Image Returned >> 2020-10-09 18:06:37.268743

nv6zoiukhtg >> End >> 2020-10-09 18:06:37.438889

sic7hi60a4o >> Start >> 2020-10-09 18:06:46.165719

sic7hi60a4o >> Image Returned >> 2020-10-09 18:06:46.166160

sic7hi60a4o >> End >> 2020-10-09 18:06:46.327534

ec60bz7d252 >> Start >> 2020-10-09 18:08:04.853602

ec60bz7d252 >> Image Returned >> 2020-10-09 18:08:04.857564

ec60bz7d252 >> End >> 2020-10-09 18:08:05.028413

h7qcuu02wxv >> Start >> 2020-10-09 18:12:50.322741

h7qcuu02wxv >> Image Returned >> 2020-10-09 18:12:50.327497

h7qcuu02wxv >> End >> 2020-10-09 18:12:50.507036

3t2dey3yn3n >> Start >> 2020-10-09 18:13:14.094619

3t2dey3yn3n >> Image Returned >> 2020-10-09 18:13:14.097513

3t2dey3yn3n >> End >> 2020-10-09 18:13:14.268415

huz6o7wf05r >> Start >> 2020-10-09 18:13:15.180757

huz6o7wf05r >> Image Returned >> 2020-10-09 18:13:15.181056

huz6o7wf05r >> End >> 2020-10-09 18:13:15.350126

jwffsmrxd4y >> Start >> 2020-10-09 18:15:33.646095

jwffsmrxd4y >> Image Returned >> 2020-10-09 18:15:33.649013

jwffsmrxd4y >> End >> 2020-10-09 18:15:33.826901

ry745c82e7b >> Start >> 2020-10-09 18:15:52.312385

ry745c82e7b >> Image Returned >> 2020-10-09 18:15:52.315260

ry745c82e7b >> End >> 2020-10-09 18:15:52.495461

m0dk5yonzid >> Start >> 2020-10-09 18:16:17.872908

m0dk5yonzid >> Image Returned >> 2020-10-09 18:16:17.875962

m0dk5yonzid >> End >> 2020-10-09 18:16:18.069953

bd5mo6ddbxo >> Start >> 2020-10-09 18:22:02.788387

bd5mo6ddbxo >> Image Returned >> 2020-10-09 18:22:02.792681

bd5mo6ddbxo >> End >> 2020-10-09 18:22:02.966237

b77p2qqwcgw >> Start >> 2020-10-09 18:23:01.712898

b77p2qqwcgw >> Image Returned >> 2020-10-09 18:23:01.715822

b77p2qqwcgw >> End >> 2020-10-09 18:23:01.891272

ncu7ewpa7v0 >> Start >> 2020-10-09 18:25:30.278290

ncu7ewpa7v0 >> Image Returned >> 2020-10-09 18:25:30.281658

ncu7ewpa7v0 >> End >> 2020-10-09 18:25:30.460294

jj0d6fb6jqc >> Start >> 2020-10-09 18:25:42.668767

jj0d6fb6jqc >> Image Returned >> 2020-10-09 18:25:42.672986

jj0d6fb6jqc >> End >> 2020-10-09 18:25:42.848836

gnxgadyer03 >> Start >> 2020-10-09 18:27:52.651098

gnxgadyer03 >> Image Returned >> 2020-10-09 18:27:52.654522

gnxgadyer03 >> End >> 2020-10-09 18:27:52.818600

jnm447mkokw >> Start >> 2020-10-09 18:28:44.347306

jnm447mkokw >> Image Returned >> 2020-10-09 18:28:44.350898

jnm447mkokw >> End >> 2020-10-09 18:28:44.518382

n33v5nrpgbz >> Start >> 2020-10-09 18:28:44.584620

n33v5nrpgbz >> Image Returned >> 2020-10-09 18:28:44.584938

n33v5nrpgbz >> End >> 2020-10-09 18:28:44.759291

zei0wwdnuej >> Start >> 2020-10-09 18:29:53.157320

zei0wwdnuej >> Image Returned >> 2020-10-09 18:29:53.160831

zei0wwdnuej >> End >> 2020-10-09 18:29:53.327933

qjs7d8otcnn >> Start >> 2020-10-09 18:34:05.939712

qjs7d8otcnn >> Image Returned >> 2020-10-09 18:34:05.942600

qjs7d8otcnn >> End >> 2020-10-09 18:34:06.113187

gez48itxiuc >> Start >> 2020-10-09 18:36:05.421847

gez48itxiuc >> Image Returned >> 2020-10-09 18:36:05.426052

gez48itxiuc >> End >> 2020-10-09 18:36:05.595958

o0fha7ki7fe >> Start >> 2020-10-09 18:36:37.497694

o0fha7ki7fe >> Image Returned >> 2020-10-09 18:36:37.500622

o0fha7ki7fe >> End >> 2020-10-09 18:36:37.661901

hphjgq063bq >> Start >> 2020-10-09 18:45:59.155476

hphjgq063bq >> Image Returned >> 2020-10-09 18:45:59.158742

hphjgq063bq >> End >> 2020-10-09 18:45:59.329715

4a60u2jb5my >> Start >> 2020-10-09 18:48:28.394566

4a60u2jb5my >> Image Returned >> 2020-10-09 18:48:28.397599

4a60u2jb5my >> End >> 2020-10-09 18:48:28.582607

pifpj5dvju5 >> Start >> 2020-10-09 19:08:50.876811

pifpj5dvju5 >> Image Returned >> 2020-10-09 19:08:50.881761

pifpj5dvju5 >> End >> 2020-10-09 19:08:51.043941

z3v5e5ra3re >> Start >> 2020-10-09 19:09:27.533523

z3v5e5ra3re >> Image Returned >> 2020-10-09 19:09:27.536953

z3v5e5ra3re >> End >> 2020-10-09 19:09:27.703737

cxvjsfth7jk >> Start >> 2020-10-09 19:11:33.904236

cxvjsfth7jk >> Image Returned >> 2020-10-09 19:11:33.908509

cxvjsfth7jk >> End >> 2020-10-09 19:11:34.088546

06r4a5ydrsi >> Start >> 2020-10-09 19:12:02.916358

06r4a5ydrsi >> Image Returned >> 2020-10-09 19:12:02.919972

06r4a5ydrsi >> End >> 2020-10-09 19:12:03.098114

4n4ptyi3afa >> Start >> 2020-10-09 19:12:34.654786

4n4ptyi3afa >> Image Returned >> 2020-10-09 19:12:34.659107

4n4ptyi3afa >> End >> 2020-10-09 19:12:34.831595

naetyi4p8da >> Start >> 2020-10-09 19:13:28.929529

naetyi4p8da >> Image Returned >> 2020-10-09 19:13:28.932492

naetyi4p8da >> End >> 2020-10-09 19:13:29.106489

obvdjk28sf6 >> Start >> 2020-10-09 19:15:34.735500

obvdjk28sf6 >> Image Returned >> 2020-10-09 19:15:34.738970

obvdjk28sf6 >> End >> 2020-10-09 19:15:34.904489

kxs2gk7p2r0 >> Start >> 2020-10-09 19:16:05.194834

kxs2gk7p2r0 >> Image Returned >> 2020-10-09 19:16:05.198040

kxs2gk7p2r0 >> End >> 2020-10-09 19:16:05.379242

ybbq6cjyrvu >> Start >> 2020-10-09 19:19:11.354513

ybbq6cjyrvu >> Image Returned >> 2020-10-09 19:19:11.358138

ybbq6cjyrvu >> End >> 2020-10-09 19:19:11.526798

xxgic8fwiar >> Start >> 2020-10-09 19:19:55.512089

xxgic8fwiar >> Image Returned >> 2020-10-09 19:19:55.515738

xxgic8fwiar >> End >> 2020-10-09 19:19:55.681519

dezhe3jfxjy >> Start >> 2020-10-09 19:32:15.647730

dezhe3jfxjy >> Image Returned >> 2020-10-09 19:32:15.651215

dezhe3jfxjy >> End >> 2020-10-09 19:32:15.818922

vmt6m82k6gy >> Start >> 2020-10-09 19:33:37.889184

vmt6m82k6gy >> Image Returned >> 2020-10-09 19:33:37.892204

vmt6m82k6gy >> End >> 2020-10-09 19:33:38.055525

rp8noo8qq7e >> Start >> 2020-10-09 19:34:50.399297

rp8noo8qq7e >> Image Returned >> 2020-10-09 19:34:50.402734

rp8noo8qq7e >> End >> 2020-10-09 19:34:50.629518

chyqtzw3mdn >> Start >> 2020-10-09 19:35:03.294934

chyqtzw3mdn >> Image Returned >> 2020-10-09 19:35:03.297936

chyqtzw3mdn >> End >> 2020-10-09 19:35:03.472569

4w6uwybz544 >> Start >> 2020-10-09 19:35:35.299545

4w6uwybz544 >> Image Returned >> 2020-10-09 19:35:35.302805

4w6uwybz544 >> End >> 2020-10-09 19:35:35.497706

nvspwn5tpuj >> Start >> 2020-10-09 19:35:44.334359

nvspwn5tpuj >> Image Returned >> 2020-10-09 19:35:44.334645

nvspwn5tpuj >> End >> 2020-10-09 19:35:44.500726

ah442kj7qm3 >> Start >> 2020-10-09 19:54:07.281522

ah442kj7qm3 >> Image Returned >> 2020-10-09 19:54:07.284554

ah442kj7qm3 >> End >> 2020-10-09 19:54:07.449286

baitrdo3mdz >> Start >> 2020-10-09 20:00:10.374070

baitrdo3mdz >> Image Returned >> 2020-10-09 20:00:10.377243

baitrdo3mdz >> End >> 2020-10-09 20:00:10.574651

hjossotaefq >> Start >> 2020-10-09 20:00:14.538646

hjossotaefq >> Image Returned >> 2020-10-09 20:00:14.538950

hjossotaefq >> End >> 2020-10-09 20:00:14.706015

kj8oq88rey5 >> Start >> 2020-10-09 20:01:28.564352

kj8oq88rey5 >> Image Returned >> 2020-10-09 20:01:28.567394

kj8oq88rey5 >> End >> 2020-10-09 20:01:28.735666

0w8onqhkzkk >> Start >> 2020-10-09 20:02:38.281495

0w8onqhkzkk >> Image Returned >> 2020-10-09 20:02:38.284653

0w8onqhkzkk >> End >> 2020-10-09 20:02:38.465926

8026477pnwe >> Start >> 2020-10-09 20:04:34.721394

8026477pnwe >> Image Returned >> 2020-10-09 20:04:34.724400

8026477pnwe >> End >> 2020-10-09 20:04:34.888222

so6wqkjmwbg >> Start >> 2020-10-09 20:08:42.523436

so6wqkjmwbg >> Image Returned >> 2020-10-09 20:08:42.526694

so6wqkjmwbg >> End >> 2020-10-09 20:08:42.697988

6rn3fqktf26 >> Start >> 2020-10-09 20:08:57.363184

6rn3fqktf26 >> Image Returned >> 2020-10-09 20:08:57.366945

6rn3fqktf26 >> End >> 2020-10-09 20:08:57.529335

b5cjsa2ayux >> Start >> 2020-10-09 20:11:20.830550

b5cjsa2ayux >> Image Returned >> 2020-10-09 20:11:20.834036

b5cjsa2ayux >> End >> 2020-10-09 20:11:21.012428

043y5smtyzb >> Start >> 2020-10-09 20:12:06.299563

043y5smtyzb >> Image Returned >> 2020-10-09 20:12:06.303041

043y5smtyzb >> End >> 2020-10-09 20:12:06.535337

y4xw5n33tdy >> Start >> 2020-10-09 20:12:11.646245

y4xw5n33tdy >> Image Returned >> 2020-10-09 20:12:11.646687

y4xw5n33tdy >> End >> 2020-10-09 20:12:11.817105

7b3nhcyxshx >> Start >> 2020-10-09 20:13:25.217653

7b3nhcyxshx >> Image Returned >> 2020-10-09 20:13:25.220781

7b3nhcyxshx >> End >> 2020-10-09 20:13:25.406867

4vsjui0hzpk >> Start >> 2020-10-09 20:16:08.550518

4vsjui0hzpk >> Image Returned >> 2020-10-09 20:16:08.555049

4vsjui0hzpk >> End >> 2020-10-09 20:16:08.764780

6qo2nocmsg6 >> Start >> 2020-10-09 20:16:56.135799

6qo2nocmsg6 >> Image Returned >> 2020-10-09 20:16:56.139255

6qo2nocmsg6 >> End >> 2020-10-09 20:16:56.305272

cdccoh7koku >> Start >> 2020-10-09 20:17:20.374701

cdccoh7koku >> Image Returned >> 2020-10-09 20:17:20.377902

cdccoh7koku >> End >> 2020-10-09 20:17:20.541049

y3w6czmehp3 >> Start >> 2020-10-09 20:18:47.386595

y3w6czmehp3 >> Image Returned >> 2020-10-09 20:18:47.390616

y3w6czmehp3 >> End >> 2020-10-09 20:18:47.618854

3noozm8onri >> Start >> 2020-10-09 20:19:10.133076

3noozm8onri >> Image Returned >> 2020-10-09 20:19:10.136106

3noozm8onri >> End >> 2020-10-09 20:19:10.316665

nzhsmpsarby >> Start >> 2020-10-09 20:28:41.160751

nzhsmpsarby >> Image Returned >> 2020-10-09 20:28:41.163973

nzhsmpsarby >> End >> 2020-10-09 20:28:41.331969

vhpujzdi45u >> Start >> 2020-10-09 20:32:19.052620

vhpujzdi45u >> Image Returned >> 2020-10-09 20:32:19.055962

vhpujzdi45u >> End >> 2020-10-09 20:32:19.238357

ztnotyo3i55 >> Start >> 2020-10-09 20:32:19.254790

ztnotyo3i55 >> Image Returned >> 2020-10-09 20:32:19.255063

ztnotyo3i55 >> End >> 2020-10-09 20:32:19.435132

unzbkoczipc >> Start >> 2020-10-09 20:34:06.329205

unzbkoczipc >> Image Returned >> 2020-10-09 20:34:06.332274

unzbkoczipc >> End >> 2020-10-09 20:34:06.514441

3ttekwrecam >> Start >> 2020-10-09 20:42:32.248868

3ttekwrecam >> Image Returned >> 2020-10-09 20:42:32.252084

3ttekwrecam >> End >> 2020-10-09 20:42:32.428284

e50tiorvxq7 >> Start >> 2020-10-09 20:43:18.800522

e50tiorvxq7 >> Image Returned >> 2020-10-09 20:43:18.804429

e50tiorvxq7 >> End >> 2020-10-09 20:43:18.973100

cgdrysgxaom >> Start >> 2020-10-09 20:49:45.649384

cgdrysgxaom >> Image Returned >> 2020-10-09 20:49:45.652523

cgdrysgxaom >> End >> 2020-10-09 20:49:45.826443

p5y2v04jev4 >> Start >> 2020-10-09 20:49:51.231755

p5y2v04jev4 >> Image Returned >> 2020-10-09 20:49:51.232075

p5y2v04jev4 >> End >> 2020-10-09 20:49:51.412147

ukeubzhjesi >> Start >> 2020-10-09 20:51:16.230074

ukeubzhjesi >> Image Returned >> 2020-10-09 20:51:16.233941

ukeubzhjesi >> End >> 2020-10-09 20:51:16.397289

ksi7ecfrcn5 >> Start >> 2020-10-09 20:51:29.246103

ksi7ecfrcn5 >> Image Returned >> 2020-10-09 20:51:29.248925

ksi7ecfrcn5 >> End >> 2020-10-09 20:51:29.414205

f3xwpg3jz06 >> Start >> 2020-10-09 20:52:08.082688

f3xwpg3jz06 >> Image Returned >> 2020-10-09 20:52:08.086599

f3xwpg3jz06 >> End >> 2020-10-09 20:52:08.247766

iz5m3dbyxgt >> Start >> 2020-10-09 20:55:09.636161

iz5m3dbyxgt >> Image Returned >> 2020-10-09 20:55:09.640974

iz5m3dbyxgt >> End >> 2020-10-09 20:55:09.812809

amcf22myfax >> Start >> 2020-10-09 21:04:34.435204

amcf22myfax >> Image Returned >> 2020-10-09 21:04:34.439706

amcf22myfax >> End >> 2020-10-09 21:04:34.610795

cbumeoi6q3y >> Start >> 2020-10-09 21:05:30.394639

cbumeoi6q3y >> Image Returned >> 2020-10-09 21:05:30.397847

cbumeoi6q3y >> End >> 2020-10-09 21:05:30.563818

zj20nu0egya >> Start >> 2020-10-09 21:10:05.558254

zj20nu0egya >> Image Returned >> 2020-10-09 21:10:05.561419

zj20nu0egya >> End >> 2020-10-09 21:10:05.796520

ove2osijibe >> Start >> 2020-10-09 21:11:38.811270

ove2osijibe >> Image Returned >> 2020-10-09 21:11:38.815109

ove2osijibe >> End >> 2020-10-09 21:11:38.988399

8rfszgjrpqz >> Start >> 2020-10-09 21:15:06.612823

8rfszgjrpqz >> Image Returned >> 2020-10-09 21:15:06.617144

8rfszgjrpqz >> End >> 2020-10-09 21:15:06.806056

4xiayiregdz >> Start >> 2020-10-09 21:24:11.689934

4xiayiregdz >> Image Returned >> 2020-10-09 21:24:11.693025

4xiayiregdz >> End >> 2020-10-09 21:24:11.872065

u7xmvp2hqts >> Start >> 2020-10-09 21:27:48.626153

u7xmvp2hqts >> Image Returned >> 2020-10-09 21:27:48.630235

u7xmvp2hqts >> End >> 2020-10-09 21:27:48.795850

hx7fy2jmg43 >> Start >> 2020-10-09 21:29:02.077532

hx7fy2jmg43 >> Image Returned >> 2020-10-09 21:29:02.080595

hx7fy2jmg43 >> End >> 2020-10-09 21:29:02.251780

wkuwzo8vm8k >> Start >> 2020-10-09 21:29:14.725074

wkuwzo8vm8k >> Image Returned >> 2020-10-09 21:29:14.728089

wkuwzo8vm8k >> End >> 2020-10-09 21:29:14.895777

wrobh38kr62 >> Start >> 2020-10-09 21:30:01.085860

wrobh38kr62 >> Image Returned >> 2020-10-09 21:30:01.089670

wrobh38kr62 >> End >> 2020-10-09 21:30:01.254856

oexyy7ga26i >> Start >> 2020-10-09 21:31:18.869259

oexyy7ga26i >> Image Returned >> 2020-10-09 21:31:18.872319

oexyy7ga26i >> End >> 2020-10-09 21:31:19.043406

s65dp804vix >> Start >> 2020-10-09 21:34:15.717984

s65dp804vix >> Image Returned >> 2020-10-09 21:34:15.720963

s65dp804vix >> End >> 2020-10-09 21:34:15.939965

sj8nd5d5kjd >> Start >> 2020-10-09 21:39:40.538743

sj8nd5d5kjd >> Image Returned >> 2020-10-09 21:39:40.541834

sj8nd5d5kjd >> End >> 2020-10-09 21:39:40.714859

nsqvaoxr8zb >> Start >> 2020-10-09 21:54:37.224458

nsqvaoxr8zb >> Image Returned >> 2020-10-09 21:54:37.228118

nsqvaoxr8zb >> End >> 2020-10-09 21:54:37.400496

kimgfve356f >> Start >> 2020-10-09 22:03:31.502638

kimgfve356f >> Image Returned >> 2020-10-09 22:03:31.505714

kimgfve356f >> End >> 2020-10-09 22:03:31.678108

cunrncyq4bs >> Start >> 2020-10-09 22:09:13.121671

cunrncyq4bs >> Image Returned >> 2020-10-09 22:09:13.124768

cunrncyq4bs >> End >> 2020-10-09 22:09:13.297357

rt3ihxh4u63 >> Start >> 2020-10-09 22:09:33.561455

rt3ihxh4u63 >> Image Returned >> 2020-10-09 22:09:33.564486

rt3ihxh4u63 >> End >> 2020-10-09 22:09:33.742146

vk4wshht3yx >> Start >> 2020-10-09 22:11:30.896445

vk4wshht3yx >> Image Returned >> 2020-10-09 22:11:30.900285

vk4wshht3yx >> End >> 2020-10-09 22:11:31.067608

8egkdne0nko >> Start >> 2020-10-09 22:14:08.234883

8egkdne0nko >> Image Returned >> 2020-10-09 22:14:08.238131

8egkdne0nko >> End >> 2020-10-09 22:14:08.409292

aktcmmu6fch >> Start >> 2020-10-09 22:24:53.508795

aktcmmu6fch >> Image Returned >> 2020-10-09 22:24:53.512399

aktcmmu6fch >> End >> 2020-10-09 22:24:53.751856

qvhpnpqmrwx >> Start >> 2020-10-09 22:25:26.203380

qvhpnpqmrwx >> Image Returned >> 2020-10-09 22:25:26.206437

qvhpnpqmrwx >> End >> 2020-10-09 22:25:26.379926

jcjtg8k0nwo >> Start >> 2020-10-09 22:37:23.540858

jcjtg8k0nwo >> Image Returned >> 2020-10-09 22:37:23.544296

jcjtg8k0nwo >> End >> 2020-10-09 22:37:23.727665

38qma67frsh >> Start >> 2020-10-09 22:40:22.576934

38qma67frsh >> Image Returned >> 2020-10-09 22:40:22.579993

38qma67frsh >> End >> 2020-10-09 22:40:22.766961

pnb6ag8ap3c >> Start >> 2020-10-09 22:45:57.096190

pnb6ag8ap3c >> Image Returned >> 2020-10-09 22:45:57.101063

pnb6ag8ap3c >> End >> 2020-10-09 22:45:57.277030

vu5gdbraae7 >> Start >> 2020-10-09 22:47:02.406105

vu5gdbraae7 >> Image Returned >> 2020-10-09 22:47:02.409991

vu5gdbraae7 >> End >> 2020-10-09 22:47:02.599714

jjuje7frsi8 >> Start >> 2020-10-09 22:48:58.740510

jjuje7frsi8 >> Image Returned >> 2020-10-09 22:48:58.744314

jjuje7frsi8 >> End >> 2020-10-09 22:48:58.923010

g8xqwh73xga >> Start >> 2020-10-09 22:56:46.786355

g8xqwh73xga >> Image Returned >> 2020-10-09 22:56:46.792171

g8xqwh73xga >> End >> 2020-10-09 22:56:46.954637

06yd3asma6c >> Start >> 2020-10-09 23:04:28.258122

06yd3asma6c >> Image Returned >> 2020-10-09 23:04:28.261358

06yd3asma6c >> End >> 2020-10-09 23:04:28.453418

tn7tdtgj36d >> Start >> 2020-10-09 23:10:03.637115

tn7tdtgj36d >> Image Returned >> 2020-10-09 23:10:03.640211

tn7tdtgj36d >> End >> 2020-10-09 23:10:03.807698

sbuqys33nwt >> Start >> 2020-10-09 23:17:16.850070

sbuqys33nwt >> Image Returned >> 2020-10-09 23:17:16.853157

sbuqys33nwt >> End >> 2020-10-09 23:17:17.023061

ncb0nzdtsbm >> Start >> 2020-10-09 23:26:32.961659

ncb0nzdtsbm >> Image Returned >> 2020-10-09 23:26:32.966829

ncb0nzdtsbm >> End >> 2020-10-09 23:26:33.140536

fkbx2ezkkyu >> Start >> 2020-10-09 23:44:25.441423

fkbx2ezkkyu >> Image Returned >> 2020-10-09 23:44:25.444580

fkbx2ezkkyu >> End >> 2020-10-09 23:44:25.604398

