68vdo7rejm0 >> Start >> 2020-11-14 00:02:54.110637

68vdo7rejm0 >> Image Returned >> 2020-11-14 00:02:54.115360

68vdo7rejm0 >> End >> 2020-11-14 00:02:54.318835

nui65p8k5r5 >> Start >> 2020-11-14 00:10:50.874294

nui65p8k5r5 >> Image Returned >> 2020-11-14 00:10:50.876996

nui65p8k5r5 >> End >> 2020-11-14 00:10:51.085472

kzhb5eonk3x >> Start >> 2020-11-14 00:10:51.955353

kzhb5eonk3x >> Image Returned >> 2020-11-14 00:10:51.955636

kzhb5eonk3x >> End >> 2020-11-14 00:10:52.299005

kb6uj4jw33a >> Start >> 2020-11-14 00:19:31.224958

kb6uj4jw33a >> Image Returned >> 2020-11-14 00:19:31.227762

kb6uj4jw33a >> End >> 2020-11-14 00:19:31.425717

fnq64ghcxe7 >> Start >> 2020-11-14 00:19:47.277194

fnq64ghcxe7 >> Image Returned >> 2020-11-14 00:19:47.279918

fnq64ghcxe7 >> End >> 2020-11-14 00:19:47.511778

8xqjd8dbt7x >> Start >> 2020-11-14 00:20:18.739129

8xqjd8dbt7x >> Image Returned >> 2020-11-14 00:20:18.742347

8xqjd8dbt7x >> End >> 2020-11-14 00:20:18.932679

206tizepucm >> Start >> 2020-11-14 00:38:14.373100

206tizepucm >> Image Returned >> 2020-11-14 00:38:14.377635

206tizepucm >> End >> 2020-11-14 00:38:14.563146

ivqu8afy25j >> Start >> 2020-11-14 00:39:09.176095

ivqu8afy25j >> Image Returned >> 2020-11-14 00:39:09.179094

ivqu8afy25j >> End >> 2020-11-14 00:39:09.372100

knezbw7j3xm >> Start >> 2020-11-14 00:39:13.368325

knezbw7j3xm >> Image Returned >> 2020-11-14 00:39:13.368606

knezbw7j3xm >> End >> 2020-11-14 00:39:13.606096

xfxr4wnn6qf >> Start >> 2020-11-14 00:51:41.625092

xfxr4wnn6qf >> Image Returned >> 2020-11-14 00:51:41.627969

xfxr4wnn6qf >> End >> 2020-11-14 00:51:41.882378

k62shxtssdo >> Start >> 2020-11-14 00:54:07.231056

k62shxtssdo >> Image Returned >> 2020-11-14 00:54:07.234899

k62shxtssdo >> End >> 2020-11-14 00:54:07.435009

trcpsbrserp >> Start >> 2020-11-14 00:57:12.883856

trcpsbrserp >> Image Returned >> 2020-11-14 00:57:12.887034

trcpsbrserp >> End >> 2020-11-14 00:57:13.079425

pjxme6epa27 >> Start >> 2020-11-14 01:31:06.294616

pjxme6epa27 >> Image Returned >> 2020-11-14 01:31:06.297398

pjxme6epa27 >> End >> 2020-11-14 01:31:06.488409

h2333cbq5bi >> Start >> 2020-11-14 01:37:06.646589

h2333cbq5bi >> Image Returned >> 2020-11-14 01:37:06.649794

h2333cbq5bi >> End >> 2020-11-14 01:37:06.832953

5yjv8i6fgz8 >> Start >> 2020-11-14 01:39:34.767015

5yjv8i6fgz8 >> Image Returned >> 2020-11-14 01:39:34.770128

5yjv8i6fgz8 >> End >> 2020-11-14 01:39:34.958463

akmvsrubjc4 >> Start >> 2020-11-14 01:41:23.661168

akmvsrubjc4 >> Image Returned >> 2020-11-14 01:41:23.664726

akmvsrubjc4 >> End >> 2020-11-14 01:41:23.857511

oheyyiorr6k >> Start >> 2020-11-14 01:44:08.071275

oheyyiorr6k >> Image Returned >> 2020-11-14 01:44:08.074923

oheyyiorr6k >> End >> 2020-11-14 01:44:08.258533

4ev0e52nirc >> Start >> 2020-11-14 03:20:23.326347

4ev0e52nirc >> Image Returned >> 2020-11-14 03:20:23.329406

4ev0e52nirc >> End >> 2020-11-14 03:20:23.525227

4f73tmpywer >> Start >> 2020-11-14 03:30:48.892263

4f73tmpywer >> Image Returned >> 2020-11-14 03:30:48.895111

4f73tmpywer >> End >> 2020-11-14 03:30:49.105557

iqonbjw4u5o >> Start >> 2020-11-14 03:31:22.811546

iqonbjw4u5o >> Image Returned >> 2020-11-14 03:31:22.815301

iqonbjw4u5o >> End >> 2020-11-14 03:31:23.002635

5p7gvieze8a >> Start >> 2020-11-14 03:40:42.377115

5p7gvieze8a >> Image Returned >> 2020-11-14 03:40:42.391211

5p7gvieze8a >> End >> 2020-11-14 03:40:42.736112

nc4k5wqhdbk >> Start >> 2020-11-14 03:44:20.809561

nc4k5wqhdbk >> Image Returned >> 2020-11-14 03:44:20.812648

nc4k5wqhdbk >> End >> 2020-11-14 03:44:21.003319

yvssun4whc7 >> Start >> 2020-11-14 03:45:09.252892

yvssun4whc7 >> Image Returned >> 2020-11-14 03:45:09.256047

yvssun4whc7 >> End >> 2020-11-14 03:45:09.455243

oti5s4zo6hs >> Start >> 2020-11-14 04:12:07.954063

oti5s4zo6hs >> Image Returned >> 2020-11-14 04:12:07.957381

oti5s4zo6hs >> End >> 2020-11-14 04:12:08.411217

jakij80jppd >> Start >> 2020-11-14 04:33:43.787060

jakij80jppd >> Image Returned >> 2020-11-14 04:33:43.790081

jakij80jppd >> End >> 2020-11-14 04:33:44.017337

xdfpdj4sm62 >> Start >> 2020-11-14 04:40:53.561948

xdfpdj4sm62 >> Image Returned >> 2020-11-14 04:40:53.564744

xdfpdj4sm62 >> End >> 2020-11-14 04:40:53.772066

c236nxdp3kd >> Start >> 2020-11-14 05:35:37.352181

c236nxdp3kd >> Image Returned >> 2020-11-14 05:35:37.355314

c236nxdp3kd >> End >> 2020-11-14 05:35:37.538954

rjtbotppozb >> Start >> 2020-11-14 06:35:10.188801

rjtbotppozb >> Image Returned >> 2020-11-14 06:35:10.191919

rjtbotppozb >> End >> 2020-11-14 06:35:10.379415

7b80p0erpam >> Start >> 2020-11-14 07:17:03.085300

7b80p0erpam >> Image Returned >> 2020-11-14 07:17:03.088435

7b80p0erpam >> End >> 2020-11-14 07:17:03.265244

b02yhir7kbm >> Start >> 2020-11-14 07:25:08.548538

b02yhir7kbm >> Image Returned >> 2020-11-14 07:25:08.551383

b02yhir7kbm >> End >> 2020-11-14 07:25:08.753005

j2f478rp22d >> Start >> 2020-11-14 07:25:58.162657

j2f478rp22d >> Image Returned >> 2020-11-14 07:25:58.165776

j2f478rp22d >> End >> 2020-11-14 07:25:58.370910

w2kec2szpz3 >> Start >> 2020-11-14 07:27:31.365566

w2kec2szpz3 >> Image Returned >> 2020-11-14 07:27:31.368810

w2kec2szpz3 >> End >> 2020-11-14 07:27:31.580399

i0hqo66spcx >> Start >> 2020-11-14 07:30:18.382388

i0hqo66spcx >> Image Returned >> 2020-11-14 07:30:18.385760

i0hqo66spcx >> End >> 2020-11-14 07:30:18.585468

zwjeygaanna >> Start >> 2020-11-14 07:52:34.862010

zwjeygaanna >> Image Returned >> 2020-11-14 07:52:34.865854

zwjeygaanna >> End >> 2020-11-14 07:52:35.052911

yvn3gcdaeri >> Start >> 2020-11-14 08:13:37.056629

yvn3gcdaeri >> Image Returned >> 2020-11-14 08:13:37.059729

yvn3gcdaeri >> End >> 2020-11-14 08:13:37.246144

ru0pcijkjo5 >> Start >> 2020-11-14 08:23:04.132447

ru0pcijkjo5 >> Image Returned >> 2020-11-14 08:23:04.135273

ru0pcijkjo5 >> End >> 2020-11-14 08:23:04.327722

tv87eew3nnd >> Start >> 2020-11-14 08:23:34.311279

tv87eew3nnd >> Image Returned >> 2020-11-14 08:23:34.314980

tv87eew3nnd >> End >> 2020-11-14 08:23:34.525914

4a2rdkaqozn >> Start >> 2020-11-14 08:25:32.636920

4a2rdkaqozn >> Image Returned >> 2020-11-14 08:25:32.640351

4a2rdkaqozn >> End >> 2020-11-14 08:25:32.832926

4e8yyu3toyn >> Start >> 2020-11-14 08:30:32.061448

4e8yyu3toyn >> Image Returned >> 2020-11-14 08:30:32.064666

4e8yyu3toyn >> End >> 2020-11-14 08:30:32.247175

ihsd0s5neab >> Start >> 2020-11-14 08:31:56.693593

ihsd0s5neab >> Image Returned >> 2020-11-14 08:31:56.696557

ihsd0s5neab >> End >> 2020-11-14 08:31:56.884335

fam3zxor4sy >> Start >> 2020-11-14 08:50:08.717268

fam3zxor4sy >> Image Returned >> 2020-11-14 08:50:08.720343

fam3zxor4sy >> End >> 2020-11-14 08:50:09.033329

uifcfvqsj54 >> Start >> 2020-11-14 08:50:13.050503

uifcfvqsj54 >> Image Returned >> 2020-11-14 08:50:13.050816

uifcfvqsj54 >> End >> 2020-11-14 08:50:13.254713

0tq588vyreu >> Start >> 2020-11-14 09:00:03.429917

0tq588vyreu >> Image Returned >> 2020-11-14 09:00:03.432823

0tq588vyreu >> End >> 2020-11-14 09:00:03.654948

uz3mq6evsgk >> Start >> 2020-11-14 09:02:38.678992

uz3mq6evsgk >> Image Returned >> 2020-11-14 09:02:38.682493

uz3mq6evsgk >> End >> 2020-11-14 09:02:38.867342

s4zczicaqiz >> Start >> 2020-11-14 09:14:49.899208

s4zczicaqiz >> Image Returned >> 2020-11-14 09:14:49.902904

s4zczicaqiz >> End >> 2020-11-14 09:14:50.087121

u4ithqg0gfb >> Start >> 2020-11-14 09:16:55.448061

u4ithqg0gfb >> Image Returned >> 2020-11-14 09:16:55.451147

u4ithqg0gfb >> End >> 2020-11-14 09:16:55.643452

gkua0oa5k80 >> Start >> 2020-11-14 09:17:14.752814

gkua0oa5k80 >> Image Returned >> 2020-11-14 09:17:14.756525

gkua0oa5k80 >> End >> 2020-11-14 09:17:14.976850

hprfdri2d4v >> Start >> 2020-11-14 09:22:35.549971

hprfdri2d4v >> Image Returned >> 2020-11-14 09:22:35.554702

hprfdri2d4v >> End >> 2020-11-14 09:22:35.746407

tezn64h8fo3 >> Start >> 2020-11-14 09:24:24.232364

tezn64h8fo3 >> Image Returned >> 2020-11-14 09:24:24.236949

tezn64h8fo3 >> End >> 2020-11-14 09:24:24.426994

04cvb5j6szr >> Start >> 2020-11-14 09:24:25.849778

04cvb5j6szr >> Image Returned >> 2020-11-14 09:24:25.850099

04cvb5j6szr >> End >> 2020-11-14 09:24:26.038249

68vm6n3rqdj >> Start >> 2020-11-14 09:24:55.784559

68vm6n3rqdj >> Image Returned >> 2020-11-14 09:24:55.787450

68vm6n3rqdj >> End >> 2020-11-14 09:24:55.973367

h5hamn367i3 >> Start >> 2020-11-14 09:34:44.060997

h5hamn367i3 >> Image Returned >> 2020-11-14 09:34:44.064284

h5hamn367i3 >> End >> 2020-11-14 09:34:44.265592

pyidjf8zdhh >> Start >> 2020-11-14 09:36:44.750020

pyidjf8zdhh >> Image Returned >> 2020-11-14 09:36:44.753240

pyidjf8zdhh >> End >> 2020-11-14 09:36:44.961369

m7ek0ve5js5 >> Start >> 2020-11-14 09:40:29.018320

m7ek0ve5js5 >> Image Returned >> 2020-11-14 09:40:29.021857

m7ek0ve5js5 >> End >> 2020-11-14 09:40:29.238986

t6dpgrorbzh >> Start >> 2020-11-14 09:42:22.462997

t6dpgrorbzh >> Image Returned >> 2020-11-14 09:42:22.466285

t6dpgrorbzh >> End >> 2020-11-14 09:42:22.653196

o6rna0b02x0 >> Start >> 2020-11-14 09:56:45.148150

o6rna0b02x0 >> Image Returned >> 2020-11-14 09:56:45.151021

o6rna0b02x0 >> End >> 2020-11-14 09:56:45.337939

qgd7ae0not7 >> Start >> 2020-11-14 09:57:56.299691

qgd7ae0not7 >> Image Returned >> 2020-11-14 09:57:56.303016

qgd7ae0not7 >> End >> 2020-11-14 09:57:56.502926

hkgsxpg8tua >> Start >> 2020-11-14 09:58:13.259002

hkgsxpg8tua >> Image Returned >> 2020-11-14 09:58:13.261769

hkgsxpg8tua >> End >> 2020-11-14 09:58:13.504503

ccii4jte3nj >> Start >> 2020-11-14 09:58:39.656259

ccii4jte3nj >> Image Returned >> 2020-11-14 09:58:39.660969

ccii4jte3nj >> End >> 2020-11-14 09:58:39.969351

wxmnkssge6o >> Start >> 2020-11-14 10:05:19.335020

wxmnkssge6o >> Image Returned >> 2020-11-14 10:05:19.338165

wxmnkssge6o >> End >> 2020-11-14 10:05:19.560313

kqc05bpegdc >> Start >> 2020-11-14 10:05:28.350864

kqc05bpegdc >> Image Returned >> 2020-11-14 10:05:28.351190

kqc05bpegdc >> End >> 2020-11-14 10:05:28.532566

7rxnk6kqo2q >> Start >> 2020-11-14 10:10:24.898014

7rxnk6kqo2q >> Image Returned >> 2020-11-14 10:10:24.901206

7rxnk6kqo2q >> End >> 2020-11-14 10:10:25.025490

cjxbv5u27nk >> Start >> 2020-11-14 10:14:42.848840

cjxbv5u27nk >> Image Returned >> 2020-11-14 10:14:42.852732

cjxbv5u27nk >> End >> 2020-11-14 10:14:43.040252

8hrjn4pbdhi >> Start >> 2020-11-14 10:16:11.924396

8hrjn4pbdhi >> Image Returned >> 2020-11-14 10:16:11.927184

8hrjn4pbdhi >> End >> 2020-11-14 10:16:12.109829

r84oqb657ae >> Start >> 2020-11-14 10:18:52.089797

r84oqb657ae >> Image Returned >> 2020-11-14 10:18:52.092700

r84oqb657ae >> End >> 2020-11-14 10:18:52.273602

s66wprbsbf7 >> Start >> 2020-11-14 10:19:10.057208

s66wprbsbf7 >> Image Returned >> 2020-11-14 10:19:10.060050

s66wprbsbf7 >> End >> 2020-11-14 10:19:10.273432

k826copkpb2 >> Start >> 2020-11-14 10:27:59.100253

k826copkpb2 >> Image Returned >> 2020-11-14 10:27:59.103640

k826copkpb2 >> End >> 2020-11-14 10:27:59.291074

aoad57t3mtk >> Start >> 2020-11-14 10:33:39.126022

aoad57t3mtk >> Image Returned >> 2020-11-14 10:33:39.128861

aoad57t3mtk >> End >> 2020-11-14 10:33:39.320379

fy4ewnnxj23 >> Start >> 2020-11-14 10:34:04.812988

fy4ewnnxj23 >> Image Returned >> 2020-11-14 10:34:04.816044

fy4ewnnxj23 >> End >> 2020-11-14 10:34:04.995071

mjwynyi4uma >> Start >> 2020-11-14 10:39:57.414884

mjwynyi4uma >> Image Returned >> 2020-11-14 10:39:57.418083

mjwynyi4uma >> End >> 2020-11-14 10:39:57.616626

m7iq5ezw842 >> Start >> 2020-11-14 10:43:23.430521

m7iq5ezw842 >> Image Returned >> 2020-11-14 10:43:23.434524

m7iq5ezw842 >> End >> 2020-11-14 10:43:23.626199

hw2oe80woww >> Start >> 2020-11-14 10:44:21.554325

hw2oe80woww >> Image Returned >> 2020-11-14 10:44:21.557456

hw2oe80woww >> End >> 2020-11-14 10:44:21.746951

k2hgf7vxf00 >> Start >> 2020-11-14 10:47:22.420694

k2hgf7vxf00 >> Image Returned >> 2020-11-14 10:47:22.423561

k2hgf7vxf00 >> End >> 2020-11-14 10:47:22.616693

qdi4mjghcre >> Start >> 2020-11-14 10:47:28.967444

qdi4mjghcre >> Image Returned >> 2020-11-14 10:47:28.967730

qdi4mjghcre >> End >> 2020-11-14 10:47:29.157304

jtts2gqk4sw >> Start >> 2020-11-14 10:51:58.752232

jtts2gqk4sw >> Image Returned >> 2020-11-14 10:51:58.755356

jtts2gqk4sw >> End >> 2020-11-14 10:51:59.016146

vagb7oa05rv >> Start >> 2020-11-14 10:57:46.649096

vagb7oa05rv >> Image Returned >> 2020-11-14 10:57:46.653287

vagb7oa05rv >> End >> 2020-11-14 10:57:46.843025

ghv04tmgjk2 >> Start >> 2020-11-14 10:59:32.750315

ghv04tmgjk2 >> Image Returned >> 2020-11-14 10:59:32.753619

ghv04tmgjk2 >> End >> 2020-11-14 10:59:33.006937

mzskky85ot3 >> Start >> 2020-11-14 11:03:41.395926

mzskky85ot3 >> Image Returned >> 2020-11-14 11:03:41.398909

mzskky85ot3 >> End >> 2020-11-14 11:03:41.586987

wjrhwbwrr3e >> Start >> 2020-11-14 11:03:59.444571

wjrhwbwrr3e >> Image Returned >> 2020-11-14 11:03:59.447499

wjrhwbwrr3e >> End >> 2020-11-14 11:03:59.650826

gwdjo00ppnz >> Start >> 2020-11-14 11:04:08.452766

gwdjo00ppnz >> Image Returned >> 2020-11-14 11:04:08.453071

gwdjo00ppnz >> End >> 2020-11-14 11:04:08.632905

85zy8in6s8h >> Start >> 2020-11-14 11:05:22.378998

85zy8in6s8h >> Image Returned >> 2020-11-14 11:05:22.382392

85zy8in6s8h >> End >> 2020-11-14 11:05:22.580718

ifo6zvg8k3n >> Start >> 2020-11-14 11:09:18.013685

ifo6zvg8k3n >> Image Returned >> 2020-11-14 11:09:18.016648

ifo6zvg8k3n >> End >> 2020-11-14 11:09:18.227089

oaxg8pe72nu >> Start >> 2020-11-14 11:11:04.890531

oaxg8pe72nu >> Image Returned >> 2020-11-14 11:11:04.893810

oaxg8pe72nu >> End >> 2020-11-14 11:11:05.087308

pryd6j0oivi >> Start >> 2020-11-14 11:12:30.864739

pryd6j0oivi >> Image Returned >> 2020-11-14 11:12:30.868865

pryd6j0oivi >> End >> 2020-11-14 11:12:31.058393

ehwafi4vmey >> Start >> 2020-11-14 11:16:30.344033

ehwafi4vmey >> Image Returned >> 2020-11-14 11:16:30.347089

ehwafi4vmey >> End >> 2020-11-14 11:16:30.536007

66yjhxh8o80 >> Start >> 2020-11-14 11:19:56.222503

66yjhxh8o80 >> Image Returned >> 2020-11-14 11:19:56.225732

66yjhxh8o80 >> End >> 2020-11-14 11:19:56.446029

sdmsc66mioq >> Start >> 2020-11-14 11:23:07.246665

sdmsc66mioq >> Image Returned >> 2020-11-14 11:23:07.250819

sdmsc66mioq >> End >> 2020-11-14 11:23:07.438477

7e0poacjkwp >> Start >> 2020-11-14 11:23:48.795988

7e0poacjkwp >> Image Returned >> 2020-11-14 11:23:48.799245

7e0poacjkwp >> End >> 2020-11-14 11:23:49.000439

kefzi4wxvzx >> Start >> 2020-11-14 11:24:27.957860

kefzi4wxvzx >> Image Returned >> 2020-11-14 11:24:27.961208

kefzi4wxvzx >> End >> 2020-11-14 11:24:28.147468

27yfngycftz >> Start >> 2020-11-14 11:24:50.566669

27yfngycftz >> Image Returned >> 2020-11-14 11:24:50.569546

27yfngycftz >> End >> 2020-11-14 11:24:50.810545

4qwhm6genfu >> Start >> 2020-11-14 11:27:22.651057

4qwhm6genfu >> Image Returned >> 2020-11-14 11:27:22.654488

4qwhm6genfu >> End >> 2020-11-14 11:27:22.842168

uxamwjb548r >> Start >> 2020-11-14 11:30:10.588125

uxamwjb548r >> Image Returned >> 2020-11-14 11:30:10.591169

uxamwjb548r >> End >> 2020-11-14 11:30:10.845693

qcsu3fiyvfg >> Start >> 2020-11-14 11:32:22.170751

qcsu3fiyvfg >> Image Returned >> 2020-11-14 11:32:22.173629

qcsu3fiyvfg >> End >> 2020-11-14 11:32:22.397818

waptqpi6yp3 >> Start >> 2020-11-14 11:37:20.487808

waptqpi6yp3 >> Image Returned >> 2020-11-14 11:37:20.492146

waptqpi6yp3 >> End >> 2020-11-14 11:37:20.844140

msxjgnnm5wg >> Start >> 2020-11-14 11:38:00.375566

msxjgnnm5wg >> Image Returned >> 2020-11-14 11:38:00.378806

msxjgnnm5wg >> End >> 2020-11-14 11:38:00.564975

hfj34mtqvx5 >> Start >> 2020-11-14 11:44:30.210473

hfj34mtqvx5 >> Image Returned >> 2020-11-14 11:44:30.213769

hfj34mtqvx5 >> End >> 2020-11-14 11:44:30.399101

5jray82a7jz >> Start >> 2020-11-14 11:45:13.582269

5jray82a7jz >> Image Returned >> 2020-11-14 11:45:13.585395

5jray82a7jz >> End >> 2020-11-14 11:45:13.770860

nfm3uaabdtf >> Start >> 2020-11-14 11:49:00.557041

nfm3uaabdtf >> Image Returned >> 2020-11-14 11:49:00.560749

nfm3uaabdtf >> End >> 2020-11-14 11:49:00.743556

rqi6v503p6r >> Start >> 2020-11-14 11:50:25.251041

rqi6v503p6r >> Image Returned >> 2020-11-14 11:50:25.253964

rqi6v503p6r >> End >> 2020-11-14 11:50:25.484174

k3e6csu2qpe >> Start >> 2020-11-14 11:50:57.276186

k3e6csu2qpe >> Image Returned >> 2020-11-14 11:50:57.280395

k3e6csu2qpe >> End >> 2020-11-14 11:50:57.496978

ynchbjwvyow >> Start >> 2020-11-14 11:52:47.971471

ynchbjwvyow >> Image Returned >> 2020-11-14 11:52:47.974356

ynchbjwvyow >> End >> 2020-11-14 11:52:48.158086

u8njqksrxwy >> Start >> 2020-11-14 11:53:52.453454

u8njqksrxwy >> Image Returned >> 2020-11-14 11:53:52.456412

u8njqksrxwy >> End >> 2020-11-14 11:53:52.656686

rotbpdo6bjp >> Start >> 2020-11-14 12:00:35.538430

rotbpdo6bjp >> Image Returned >> 2020-11-14 12:00:35.541888

rotbpdo6bjp >> End >> 2020-11-14 12:00:35.764391

du46au00zu6 >> Start >> 2020-11-14 12:01:34.431133

du46au00zu6 >> Image Returned >> 2020-11-14 12:01:34.434453

du46au00zu6 >> End >> 2020-11-14 12:01:34.631510

60t83wf25gx >> Start >> 2020-11-14 12:09:25.895149

60t83wf25gx >> Image Returned >> 2020-11-14 12:09:25.898049

60t83wf25gx >> End >> 2020-11-14 12:09:26.083507

kbv3z0gt38e >> Start >> 2020-11-14 12:10:32.908488

kbv3z0gt38e >> Image Returned >> 2020-11-14 12:10:32.911802

kbv3z0gt38e >> End >> 2020-11-14 12:10:33.190609

ef02q6eb7uh >> Start >> 2020-11-14 12:11:16.200870

ef02q6eb7uh >> Image Returned >> 2020-11-14 12:11:16.204107

ef02q6eb7uh >> End >> 2020-11-14 12:11:16.412667

wxkujavs3s7 >> Start >> 2020-11-14 12:13:15.238684

wxkujavs3s7 >> Image Returned >> 2020-11-14 12:13:15.241590

wxkujavs3s7 >> End >> 2020-11-14 12:13:15.435606

pe52uoj28vv >> Start >> 2020-11-14 12:14:41.046382

pe52uoj28vv >> Image Returned >> 2020-11-14 12:14:41.050014

pe52uoj28vv >> End >> 2020-11-14 12:14:41.255403

sqw84umsovq >> Start >> 2020-11-14 12:18:08.890935

sqw84umsovq >> Image Returned >> 2020-11-14 12:18:08.893822

sqw84umsovq >> End >> 2020-11-14 12:18:09.081860

uskh0aakhhp >> Start >> 2020-11-14 12:18:47.780297

uskh0aakhhp >> Image Returned >> 2020-11-14 12:18:47.783565

uskh0aakhhp >> End >> 2020-11-14 12:18:47.978933

57vmswwuytr >> Start >> 2020-11-14 12:22:03.307293

57vmswwuytr >> Image Returned >> 2020-11-14 12:22:03.310591

57vmswwuytr >> End >> 2020-11-14 12:22:03.499922

0izuis50mpu >> Start >> 2020-11-14 12:25:36.807285

0izuis50mpu >> Image Returned >> 2020-11-14 12:25:36.811271

0izuis50mpu >> End >> 2020-11-14 12:25:36.994277

8tufsx6aevr >> Start >> 2020-11-14 12:25:48.667970

8tufsx6aevr >> Image Returned >> 2020-11-14 12:25:48.670891

8tufsx6aevr >> End >> 2020-11-14 12:25:48.857742

epfwv8xrjq4 >> Start >> 2020-11-14 12:33:00.396790

epfwv8xrjq4 >> Image Returned >> 2020-11-14 12:33:00.399682

epfwv8xrjq4 >> End >> 2020-11-14 12:33:00.596036

nubjgp4rf7e >> Start >> 2020-11-14 12:33:31.064177

nubjgp4rf7e >> Image Returned >> 2020-11-14 12:33:31.067544

nubjgp4rf7e >> End >> 2020-11-14 12:33:31.261219

c2gjy6ugbgu >> Start >> 2020-11-14 12:34:44.621341

c2gjy6ugbgu >> Image Returned >> 2020-11-14 12:34:44.624726

c2gjy6ugbgu >> End >> 2020-11-14 12:34:44.807308

kkf7m3264jz >> Start >> 2020-11-14 12:34:56.276818

kkf7m3264jz >> Image Returned >> 2020-11-14 12:34:56.279654

kkf7m3264jz >> End >> 2020-11-14 12:34:56.477782

q20uwdhmbkm >> Start >> 2020-11-14 12:35:39.337959

q20uwdhmbkm >> Image Returned >> 2020-11-14 12:35:39.341325

q20uwdhmbkm >> End >> 2020-11-14 12:35:39.524311

gdtjrixzn27 >> Start >> 2020-11-14 12:40:53.885013

gdtjrixzn27 >> Image Returned >> 2020-11-14 12:40:53.888715

gdtjrixzn27 >> End >> 2020-11-14 12:40:54.076466

6de2fdzwdm5 >> Start >> 2020-11-14 12:41:03.628290

6de2fdzwdm5 >> Image Returned >> 2020-11-14 12:41:03.628573

6de2fdzwdm5 >> End >> 2020-11-14 12:41:03.818003

g4m3ykdr4fs >> Start >> 2020-11-14 12:41:26.228549

g4m3ykdr4fs >> Image Returned >> 2020-11-14 12:41:26.231451

g4m3ykdr4fs >> End >> 2020-11-14 12:41:26.355426

2hngp8dq3bp >> Start >> 2020-11-14 12:53:41.593693

2hngp8dq3bp >> Image Returned >> 2020-11-14 12:53:41.597718

2hngp8dq3bp >> End >> 2020-11-14 12:53:41.827136

kcdawcbbryv >> Start >> 2020-11-14 12:54:18.323183

kcdawcbbryv >> Image Returned >> 2020-11-14 12:54:18.326164

kcdawcbbryv >> End >> 2020-11-14 12:54:18.529896

rne56b2o8ba >> Start >> 2020-11-14 12:56:05.134689

rne56b2o8ba >> Image Returned >> 2020-11-14 12:56:05.138423

rne56b2o8ba >> End >> 2020-11-14 12:56:05.342995

ajstswi0grf >> Start >> 2020-11-14 12:56:09.280908

ajstswi0grf >> Image Returned >> 2020-11-14 12:56:09.281197

ajstswi0grf >> End >> 2020-11-14 12:56:09.466331

zbdhbr2tuiz >> Start >> 2020-11-14 12:56:23.325001

zbdhbr2tuiz >> Image Returned >> 2020-11-14 12:56:23.328402

zbdhbr2tuiz >> End >> 2020-11-14 12:56:23.532613

kin4kgpnxn0 >> Start >> 2020-11-14 12:57:11.089359

kin4kgpnxn0 >> Image Returned >> 2020-11-14 12:57:11.092772

kin4kgpnxn0 >> End >> 2020-11-14 12:57:11.301592

6ggdaokwif2 >> Start >> 2020-11-14 13:02:20.842835

6ggdaokwif2 >> Image Returned >> 2020-11-14 13:02:20.846246

6ggdaokwif2 >> End >> 2020-11-14 13:02:21.039460

p3ww3tzsim7 >> Start >> 2020-11-14 13:02:33.973813

p3ww3tzsim7 >> Image Returned >> 2020-11-14 13:02:33.976918

p3ww3tzsim7 >> End >> 2020-11-14 13:02:34.217513

mhx4ctdcafd >> Start >> 2020-11-14 13:02:34.403728

mhx4ctdcafd >> Image Returned >> 2020-11-14 13:02:34.404047

mhx4ctdcafd >> End >> 2020-11-14 13:02:34.600680

85voye6unhp >> Start >> 2020-11-14 13:03:07.435583

85voye6unhp >> Image Returned >> 2020-11-14 13:03:07.438916

85voye6unhp >> End >> 2020-11-14 13:03:07.653086

8ubwwv748wj >> Start >> 2020-11-14 13:14:46.361048

8ubwwv748wj >> Image Returned >> 2020-11-14 13:14:46.364455

8ubwwv748wj >> End >> 2020-11-14 13:14:46.551642

x0hynwo6iky >> Start >> 2020-11-14 13:17:31.299139

x0hynwo6iky >> Image Returned >> 2020-11-14 13:17:31.302377

x0hynwo6iky >> End >> 2020-11-14 13:17:31.486340

n65as5riosm >> Start >> 2020-11-14 13:17:42.769330

n65as5riosm >> Image Returned >> 2020-11-14 13:17:42.772186

n65as5riosm >> End >> 2020-11-14 13:17:42.956481

4vpsiw0ukw0 >> Start >> 2020-11-14 13:18:30.717973

4vpsiw0ukw0 >> Image Returned >> 2020-11-14 13:18:30.723121

4vpsiw0ukw0 >> End >> 2020-11-14 13:18:30.909173

v6snzegyh67 >> Start >> 2020-11-14 13:22:38.857108

v6snzegyh67 >> Image Returned >> 2020-11-14 13:22:38.860055

v6snzegyh67 >> End >> 2020-11-14 13:22:39.104760

o8u77wu04ff >> Start >> 2020-11-14 13:24:37.131205

o8u77wu04ff >> Image Returned >> 2020-11-14 13:24:37.134078

o8u77wu04ff >> End >> 2020-11-14 13:24:37.317604

8foj2xxopob >> Start >> 2020-11-14 13:31:03.738740

8foj2xxopob >> Image Returned >> 2020-11-14 13:31:03.741709

8foj2xxopob >> End >> 2020-11-14 13:31:03.987377

ffj4cobaf2c >> Start >> 2020-11-14 13:31:07.373660

ffj4cobaf2c >> Image Returned >> 2020-11-14 13:31:07.374023

ffj4cobaf2c >> End >> 2020-11-14 13:31:07.558339

qeqmrsbeaex >> Start >> 2020-11-14 13:31:45.271394

qeqmrsbeaex >> Image Returned >> 2020-11-14 13:31:45.274620

qeqmrsbeaex >> End >> 2020-11-14 13:31:45.466559

j37dqcdhsbp >> Start >> 2020-11-14 13:34:07.111004

j37dqcdhsbp >> Image Returned >> 2020-11-14 13:34:07.113976

j37dqcdhsbp >> End >> 2020-11-14 13:34:07.437232

sfimspyqyiq >> Start >> 2020-11-14 13:34:39.762006

sfimspyqyiq >> Image Returned >> 2020-11-14 13:34:39.764869

sfimspyqyiq >> End >> 2020-11-14 13:34:39.963779

gdfxxnfs84i >> Start >> 2020-11-14 13:38:13.491277

gdfxxnfs84i >> Image Returned >> 2020-11-14 13:38:13.495218

gdfxxnfs84i >> End >> 2020-11-14 13:38:13.697153

qmuh3wnqbc8 >> Start >> 2020-11-14 13:43:14.441639

qmuh3wnqbc8 >> Image Returned >> 2020-11-14 13:43:14.444591

qmuh3wnqbc8 >> End >> 2020-11-14 13:43:14.636868

2kr8ranc3on >> Start >> 2020-11-14 13:43:28.266599

2kr8ranc3on >> Image Returned >> 2020-11-14 13:43:28.269577

2kr8ranc3on >> End >> 2020-11-14 13:43:28.449083

0hmk566wq7t >> Start >> 2020-11-14 13:43:40.815794

0hmk566wq7t >> Image Returned >> 2020-11-14 13:43:40.819180

0hmk566wq7t >> End >> 2020-11-14 13:43:41.060502

q20fv7zvpxg >> Start >> 2020-11-14 13:47:54.323364

q20fv7zvpxg >> Image Returned >> 2020-11-14 13:47:54.326747

q20fv7zvpxg >> End >> 2020-11-14 13:47:54.525108

jx2at8yreg3 >> Start >> 2020-11-14 13:49:41.788845

jx2at8yreg3 >> Image Returned >> 2020-11-14 13:49:41.792078

jx2at8yreg3 >> End >> 2020-11-14 13:49:41.981075

btv5xusq7vo >> Start >> 2020-11-14 13:51:45.321456

btv5xusq7vo >> Image Returned >> 2020-11-14 13:51:45.326329

btv5xusq7vo >> End >> 2020-11-14 13:51:45.508709

347pxaw5xy3 >> Start >> 2020-11-14 14:01:16.967761

347pxaw5xy3 >> Image Returned >> 2020-11-14 14:01:16.971143

347pxaw5xy3 >> End >> 2020-11-14 14:01:17.199235

mjsfu0vr0g3 >> Start >> 2020-11-14 14:05:32.058732

mjsfu0vr0g3 >> Image Returned >> 2020-11-14 14:05:32.062387

mjsfu0vr0g3 >> End >> 2020-11-14 14:05:32.249114

frteo7a5vyz >> Start >> 2020-11-14 14:11:25.848491

frteo7a5vyz >> Image Returned >> 2020-11-14 14:11:25.851902

frteo7a5vyz >> End >> 2020-11-14 14:11:26.048890

kcmz8gh4c25 >> Start >> 2020-11-14 14:11:37.156812

kcmz8gh4c25 >> Image Returned >> 2020-11-14 14:11:37.160599

kcmz8gh4c25 >> End >> 2020-11-14 14:11:37.353092

yo5uusbbns3 >> Start >> 2020-11-14 14:11:37.410329

yo5uusbbns3 >> Image Returned >> 2020-11-14 14:11:37.410634

yo5uusbbns3 >> End >> 2020-11-14 14:11:37.607822

wywusnpdv0d >> Start >> 2020-11-14 14:11:46.218462

wywusnpdv0d >> Image Returned >> 2020-11-14 14:11:46.218792

wywusnpdv0d >> End >> 2020-11-14 14:11:46.433945

s5hswpysv5a >> Start >> 2020-11-14 14:13:05.454150

s5hswpysv5a >> Image Returned >> 2020-11-14 14:13:05.457417

s5hswpysv5a >> End >> 2020-11-14 14:13:05.639748

c4vg88aiwgv >> Start >> 2020-11-14 14:13:15.122252

c4vg88aiwgv >> Image Returned >> 2020-11-14 14:13:15.122561

c4vg88aiwgv >> End >> 2020-11-14 14:13:15.311009

twuqsdyr8u4 >> Start >> 2020-11-14 14:16:07.568818

twuqsdyr8u4 >> Image Returned >> 2020-11-14 14:16:07.571866

twuqsdyr8u4 >> End >> 2020-11-14 14:16:07.803494

ubu2086uvk3 >> Start >> 2020-11-14 14:16:43.651462

ubu2086uvk3 >> Image Returned >> 2020-11-14 14:16:43.654808

ubu2086uvk3 >> End >> 2020-11-14 14:16:43.777028

ob0hmxoa2um >> Start >> 2020-11-14 14:19:43.467099

ob0hmxoa2um >> Image Returned >> 2020-11-14 14:19:43.470227

ob0hmxoa2um >> End >> 2020-11-14 14:19:43.695333

8xmon2ksa3j >> Start >> 2020-11-14 14:21:26.881747

8xmon2ksa3j >> Image Returned >> 2020-11-14 14:21:26.884663

8xmon2ksa3j >> End >> 2020-11-14 14:21:27.087466

5qep0tcy06o >> Start >> 2020-11-14 14:23:08.699984

5qep0tcy06o >> Image Returned >> 2020-11-14 14:23:08.703419

5qep0tcy06o >> End >> 2020-11-14 14:23:08.898619

2ig8tqsbygg >> Start >> 2020-11-14 14:25:01.406029

2ig8tqsbygg >> Image Returned >> 2020-11-14 14:25:01.409590

2ig8tqsbygg >> End >> 2020-11-14 14:25:01.591516

k4sb2if33r8 >> Start >> 2020-11-14 14:27:29.584739

k4sb2if33r8 >> Image Returned >> 2020-11-14 14:27:29.588267

k4sb2if33r8 >> End >> 2020-11-14 14:27:29.780131

pczejk8onjy >> Start >> 2020-11-14 14:28:13.946337

pczejk8onjy >> Image Returned >> 2020-11-14 14:28:13.949284

pczejk8onjy >> End >> 2020-11-14 14:28:14.136249

wtdeqd8y8sz >> Start >> 2020-11-14 14:29:31.746756

wtdeqd8y8sz >> Image Returned >> 2020-11-14 14:29:31.749664

wtdeqd8y8sz >> End >> 2020-11-14 14:29:31.941621

nyp6pcav7a2 >> Start >> 2020-11-14 14:29:42.173468

nyp6pcav7a2 >> Image Returned >> 2020-11-14 14:29:42.173752

nyp6pcav7a2 >> End >> 2020-11-14 14:29:42.366373

5ueek06awsh >> Start >> 2020-11-14 14:29:43.540590

5ueek06awsh >> Image Returned >> 2020-11-14 14:29:43.540868

5ueek06awsh >> End >> 2020-11-14 14:29:43.736491

8gcdsr3xe38 >> Start >> 2020-11-14 14:30:52.146795

8gcdsr3xe38 >> Image Returned >> 2020-11-14 14:30:52.150506

8gcdsr3xe38 >> End >> 2020-11-14 14:30:52.333556

5ppygvdqjec >> Start >> 2020-11-14 14:32:12.825918

5ppygvdqjec >> Image Returned >> 2020-11-14 14:32:12.828861

5ppygvdqjec >> End >> 2020-11-14 14:32:13.071731

cansrqehvxa >> Start >> 2020-11-14 14:33:17.027288

cansrqehvxa >> Image Returned >> 2020-11-14 14:33:17.030349

cansrqehvxa >> End >> 2020-11-14 14:33:17.221462

noi2h6qaej8 >> Start >> 2020-11-14 14:34:07.059052

noi2h6qaej8 >> Image Returned >> 2020-11-14 14:34:07.062321

noi2h6qaej8 >> End >> 2020-11-14 14:34:07.255707

yzsuip8dr0w >> Start >> 2020-11-14 14:34:15.998703

yzsuip8dr0w >> Image Returned >> 2020-11-14 14:34:15.998999

yzsuip8dr0w >> End >> 2020-11-14 14:34:16.185592

v8t2ek6y8w6 >> Start >> 2020-11-14 14:35:07.907264

v8t2ek6y8w6 >> Image Returned >> 2020-11-14 14:35:07.910677

v8t2ek6y8w6 >> End >> 2020-11-14 14:35:08.098973

iy57dunmc3p >> Start >> 2020-11-14 14:36:04.279736

iy57dunmc3p >> Image Returned >> 2020-11-14 14:36:04.283123

iy57dunmc3p >> End >> 2020-11-14 14:36:04.469005

xh8y77caz7r >> Start >> 2020-11-14 14:36:59.345422

xh8y77caz7r >> Image Returned >> 2020-11-14 14:36:59.349045

xh8y77caz7r >> End >> 2020-11-14 14:36:59.536473

4jm4pz5cqoe >> Start >> 2020-11-14 14:42:14.386027

4jm4pz5cqoe >> Image Returned >> 2020-11-14 14:42:14.390455

4jm4pz5cqoe >> End >> 2020-11-14 14:42:14.574089

2mv6bp4yz2c >> Start >> 2020-11-14 14:43:35.607741

2mv6bp4yz2c >> Image Returned >> 2020-11-14 14:43:35.611557

2mv6bp4yz2c >> End >> 2020-11-14 14:43:35.806483

ieo6xwyfxpd >> Start >> 2020-11-14 14:47:23.728907

ieo6xwyfxpd >> Image Returned >> 2020-11-14 14:47:23.732292

ieo6xwyfxpd >> End >> 2020-11-14 14:47:23.915743

jdmajsawmif >> Start >> 2020-11-14 14:47:45.047185

jdmajsawmif >> Image Returned >> 2020-11-14 14:47:45.050467

bk8fk5vyw8b >> Start >> 2020-11-14 14:47:45.148657

bk8fk5vyw8b >> Image Returned >> 2020-11-14 14:47:45.151940

jdmajsawmif >> End >> 2020-11-14 14:47:45.286322

bk8fk5vyw8b >> End >> 2020-11-14 14:47:45.343980

qq7xvwqn7j7 >> Start >> 2020-11-14 14:47:56.193627

qq7xvwqn7j7 >> Image Returned >> 2020-11-14 14:47:56.193964

qq7xvwqn7j7 >> End >> 2020-11-14 14:47:56.379817

kjoeve3bpky >> Start >> 2020-11-14 14:48:33.205476

kjoeve3bpky >> Image Returned >> 2020-11-14 14:48:33.208502

kjoeve3bpky >> End >> 2020-11-14 14:48:33.410079

ysrrsikfujg >> Start >> 2020-11-14 14:50:24.906091

ysrrsikfujg >> Image Returned >> 2020-11-14 14:50:24.909672

ysrrsikfujg >> End >> 2020-11-14 14:50:25.112284

k4xfpjcow3i >> Start >> 2020-11-14 14:54:15.715488

k4xfpjcow3i >> Image Returned >> 2020-11-14 14:54:15.719664

k4xfpjcow3i >> End >> 2020-11-14 14:54:15.909981

utwu3jwis4i >> Start >> 2020-11-14 14:56:42.528443

utwu3jwis4i >> Image Returned >> 2020-11-14 14:56:42.532110

utwu3jwis4i >> End >> 2020-11-14 14:56:42.720706

pm62qkwpx0d >> Start >> 2020-11-14 14:58:26.667279

pm62qkwpx0d >> Image Returned >> 2020-11-14 14:58:26.670277

pm62qkwpx0d >> End >> 2020-11-14 14:58:26.885164

4kzjihteofc >> Start >> 2020-11-14 14:59:43.615611

4kzjihteofc >> Image Returned >> 2020-11-14 14:59:43.620454

4kzjihteofc >> End >> 2020-11-14 14:59:43.835993

bs7a2jo38f7 >> Start >> 2020-11-14 14:59:57.900703

bs7a2jo38f7 >> Image Returned >> 2020-11-14 14:59:57.903661

bs7a2jo38f7 >> End >> 2020-11-14 14:59:58.100691

gagsv7mihsa >> Start >> 2020-11-14 15:04:35.235666

gagsv7mihsa >> Image Returned >> 2020-11-14 15:04:35.238940

gagsv7mihsa >> End >> 2020-11-14 15:04:35.446260

p55nfbijh5s >> Start >> 2020-11-14 15:04:50.974471

p55nfbijh5s >> Image Returned >> 2020-11-14 15:04:50.977475

p55nfbijh5s >> End >> 2020-11-14 15:04:51.171598

jzpfowcgvaa >> Start >> 2020-11-14 15:05:02.432207

jzpfowcgvaa >> Image Returned >> 2020-11-14 15:05:02.435308

jzpfowcgvaa >> End >> 2020-11-14 15:05:02.625526

j0jdit7hnob >> Start >> 2020-11-14 15:06:49.887450

j0jdit7hnob >> Image Returned >> 2020-11-14 15:06:49.891809

j0jdit7hnob >> End >> 2020-11-14 15:06:50.094511

hifjvyn4fz5 >> Start >> 2020-11-14 15:07:25.172192

hifjvyn4fz5 >> Image Returned >> 2020-11-14 15:07:25.175203

hifjvyn4fz5 >> End >> 2020-11-14 15:07:25.368195

6845eojoq8m >> Start >> 2020-11-14 15:07:30.128930

6845eojoq8m >> Image Returned >> 2020-11-14 15:07:30.129220

6845eojoq8m >> End >> 2020-11-14 15:07:30.343633

y8n5poft0px >> Start >> 2020-11-14 15:09:35.296345

y8n5poft0px >> Image Returned >> 2020-11-14 15:09:35.301258

y8n5poft0px >> End >> 2020-11-14 15:09:35.527549

fry7rskevza >> Start >> 2020-11-14 15:09:55.903558

fry7rskevza >> Image Returned >> 2020-11-14 15:09:55.910443

fry7rskevza >> End >> 2020-11-14 15:09:56.135221

hzynhzcih3h >> Start >> 2020-11-14 15:19:12.872997

hzynhzcih3h >> Image Returned >> 2020-11-14 15:19:12.876192

hzynhzcih3h >> End >> 2020-11-14 15:19:13.094321

xe2hudfbmv4 >> Start >> 2020-11-14 15:22:41.271013

xe2hudfbmv4 >> Image Returned >> 2020-11-14 15:22:41.274357

xe2hudfbmv4 >> End >> 2020-11-14 15:22:41.480309

xu4d5gtcr0y >> Start >> 2020-11-14 15:23:43.240961

xu4d5gtcr0y >> Image Returned >> 2020-11-14 15:23:43.244553

xu4d5gtcr0y >> End >> 2020-11-14 15:23:43.433932

qaem7i5ehnj >> Start >> 2020-11-14 15:23:47.802592

qaem7i5ehnj >> Image Returned >> 2020-11-14 15:23:47.802958

qaem7i5ehnj >> End >> 2020-11-14 15:23:47.993468

vm70xbio55z >> Start >> 2020-11-14 15:25:12.552340

vm70xbio55z >> Image Returned >> 2020-11-14 15:25:12.555810

vm70xbio55z >> End >> 2020-11-14 15:25:12.764183

irc5xyn67pq >> Start >> 2020-11-14 15:27:59.707112

irc5xyn67pq >> Image Returned >> 2020-11-14 15:27:59.710769

irc5xyn67pq >> End >> 2020-11-14 15:27:59.921670

0k83j2gtogo >> Start >> 2020-11-14 15:28:26.926683

0k83j2gtogo >> Image Returned >> 2020-11-14 15:28:26.930063

0k83j2gtogo >> End >> 2020-11-14 15:28:27.138017

otu6atyznya >> Start >> 2020-11-14 15:28:41.692188

otu6atyznya >> Image Returned >> 2020-11-14 15:28:41.695527

otu6atyznya >> End >> 2020-11-14 15:28:41.967370

g0xkmkmdjbk >> Start >> 2020-11-14 15:29:51.996220

g0xkmkmdjbk >> Image Returned >> 2020-11-14 15:29:51.999521

g0xkmkmdjbk >> End >> 2020-11-14 15:29:52.223793

jfdp6jvoe3z >> Start >> 2020-11-14 15:30:02.576211

jfdp6jvoe3z >> Image Returned >> 2020-11-14 15:30:02.576509

jfdp6jvoe3z >> End >> 2020-11-14 15:30:02.787130

o6xz2fequ5b >> Start >> 2020-11-14 15:31:01.861495

o6xz2fequ5b >> Image Returned >> 2020-11-14 15:31:01.864952

o6xz2fequ5b >> End >> 2020-11-14 15:31:02.067337

53xwcjoha5w >> Start >> 2020-11-14 15:31:23.942332

53xwcjoha5w >> Image Returned >> 2020-11-14 15:31:23.945199

53xwcjoha5w >> End >> 2020-11-14 15:31:24.177556

gx0v773rgun >> Start >> 2020-11-14 15:31:52.104176

gx0v773rgun >> Image Returned >> 2020-11-14 15:31:52.107867

gx0v773rgun >> End >> 2020-11-14 15:31:52.302098

7tzmcbmbxdu >> Start >> 2020-11-14 15:32:05.161811

7tzmcbmbxdu >> Image Returned >> 2020-11-14 15:32:05.165370

7tzmcbmbxdu >> End >> 2020-11-14 15:32:05.358526

yksx2odywxa >> Start >> 2020-11-14 15:33:25.166002

yksx2odywxa >> Image Returned >> 2020-11-14 15:33:25.168952

yksx2odywxa >> End >> 2020-11-14 15:33:25.381416

uyav4uyhsoz >> Start >> 2020-11-14 15:33:44.998692

uyav4uyhsoz >> Image Returned >> 2020-11-14 15:33:45.002167

uyav4uyhsoz >> End >> 2020-11-14 15:33:45.209624

vhi7p5xwqba >> Start >> 2020-11-14 15:37:50.096051

vhi7p5xwqba >> Image Returned >> 2020-11-14 15:37:50.100575

vhi7p5xwqba >> End >> 2020-11-14 15:37:50.311434

qjj2z3c4sz7 >> Start >> 2020-11-14 15:38:50.393063

qjj2z3c4sz7 >> Image Returned >> 2020-11-14 15:38:50.397721

qjj2z3c4sz7 >> End >> 2020-11-14 15:38:50.533732

jozay3bs7fx >> Start >> 2020-11-14 15:38:55.757750

jozay3bs7fx >> Image Returned >> 2020-11-14 15:38:55.758166

jozay3bs7fx >> End >> 2020-11-14 15:38:55.888803

ihpf4dwfwdf >> Start >> 2020-11-14 15:39:52.368536

ihpf4dwfwdf >> Image Returned >> 2020-11-14 15:39:52.372540

ihpf4dwfwdf >> End >> 2020-11-14 15:39:52.572016

4uxagu45c3e >> Start >> 2020-11-14 15:39:55.693665

4uxagu45c3e >> Image Returned >> 2020-11-14 15:39:55.693973

4uxagu45c3e >> End >> 2020-11-14 15:39:55.973714

bofq5iwpbfw >> Start >> 2020-11-14 15:47:03.574923

bofq5iwpbfw >> Image Returned >> 2020-11-14 15:47:03.578305

bofq5iwpbfw >> End >> 2020-11-14 15:47:03.720024

8qik3mm5yzi >> Start >> 2020-11-14 15:47:28.382622

8qik3mm5yzi >> Image Returned >> 2020-11-14 15:47:28.385586

8qik3mm5yzi >> End >> 2020-11-14 15:47:28.581419

xsg7ikd4pf7 >> Start >> 2020-11-14 15:48:53.277973

xsg7ikd4pf7 >> Image Returned >> 2020-11-14 15:48:53.281570

xsg7ikd4pf7 >> End >> 2020-11-14 15:48:53.413666

t28f47abjec >> Start >> 2020-11-14 15:53:17.194550

t28f47abjec >> Image Returned >> 2020-11-14 15:53:17.197613

t28f47abjec >> End >> 2020-11-14 15:53:17.406469

spuwxqqbcm8 >> Start >> 2020-11-14 15:54:53.143275

spuwxqqbcm8 >> Image Returned >> 2020-11-14 15:54:53.146817

spuwxqqbcm8 >> End >> 2020-11-14 15:54:53.397555

gxarp38q3gq >> Start >> 2020-11-14 15:56:59.968632

gxarp38q3gq >> Image Returned >> 2020-11-14 15:56:59.972031

gxarp38q3gq >> End >> 2020-11-14 15:57:00.170207

w2fhem8uazf >> Start >> 2020-11-14 16:00:31.841114

w2fhem8uazf >> Image Returned >> 2020-11-14 16:00:31.844006

w2fhem8uazf >> End >> 2020-11-14 16:00:32.054116

zytnqe8wp75 >> Start >> 2020-11-14 16:03:42.003074

zytnqe8wp75 >> Image Returned >> 2020-11-14 16:03:42.007110

zytnqe8wp75 >> End >> 2020-11-14 16:03:42.225933

6ztbws7h5cb >> Start >> 2020-11-14 16:03:49.588251

6ztbws7h5cb >> Image Returned >> 2020-11-14 16:03:49.588567

6ztbws7h5cb >> End >> 2020-11-14 16:03:49.779506

azbm8ybt8m3 >> Start >> 2020-11-14 16:04:19.690716

azbm8ybt8m3 >> Image Returned >> 2020-11-14 16:04:19.693675

azbm8ybt8m3 >> End >> 2020-11-14 16:04:19.919460

xt2vftz2z4p >> Start >> 2020-11-14 16:08:49.758171

xt2vftz2z4p >> Image Returned >> 2020-11-14 16:08:49.762806

xt2vftz2z4p >> End >> 2020-11-14 16:08:49.975423

ebh0ujpjh0g >> Start >> 2020-11-14 16:15:12.685281

ebh0ujpjh0g >> Image Returned >> 2020-11-14 16:15:12.688427

ebh0ujpjh0g >> End >> 2020-11-14 16:15:12.996035

gsiphnmir55 >> Start >> 2020-11-14 16:15:25.578548

gsiphnmir55 >> Image Returned >> 2020-11-14 16:15:25.581702

gsiphnmir55 >> End >> 2020-11-14 16:15:25.862282

gugt5mcny4k >> Start >> 2020-11-14 16:17:18.007653

gugt5mcny4k >> Image Returned >> 2020-11-14 16:17:18.010926

gugt5mcny4k >> End >> 2020-11-14 16:17:18.203778

jf0yh8727d8 >> Start >> 2020-11-14 16:17:39.558698

jf0yh8727d8 >> Image Returned >> 2020-11-14 16:17:39.562242

jf0yh8727d8 >> End >> 2020-11-14 16:17:39.747001

rnnvy5qnka8 >> Start >> 2020-11-14 16:19:17.054991

rnnvy5qnka8 >> Image Returned >> 2020-11-14 16:19:17.057908

rnnvy5qnka8 >> End >> 2020-11-14 16:19:17.272097

2rre7wdh8q8 >> Start >> 2020-11-14 16:21:28.493195

2rre7wdh8q8 >> Image Returned >> 2020-11-14 16:21:28.496212

2rre7wdh8q8 >> End >> 2020-11-14 16:21:28.694638

uh70fvaiiw7 >> Start >> 2020-11-14 16:23:38.545808

uh70fvaiiw7 >> Image Returned >> 2020-11-14 16:23:38.549838

uh70fvaiiw7 >> End >> 2020-11-14 16:23:38.773116

dujg4rsr8z6 >> Start >> 2020-11-14 16:27:41.245222

dujg4rsr8z6 >> Image Returned >> 2020-11-14 16:27:41.249109

dujg4rsr8z6 >> End >> 2020-11-14 16:27:41.462214

uv2xvodhins >> Start >> 2020-11-14 16:41:35.704793

uv2xvodhins >> Image Returned >> 2020-11-14 16:41:35.708453

uv2xvodhins >> End >> 2020-11-14 16:41:35.922245

r34bua2bnnd >> Start >> 2020-11-14 16:41:59.793917

r34bua2bnnd >> Image Returned >> 2020-11-14 16:41:59.797328

r34bua2bnnd >> End >> 2020-11-14 16:42:00.049472

mcir5qtdref >> Start >> 2020-11-14 16:43:11.766331

mcir5qtdref >> Image Returned >> 2020-11-14 16:43:11.769768

mcir5qtdref >> End >> 2020-11-14 16:43:11.979195

0tg3n6dvbmd >> Start >> 2020-11-14 16:43:46.577145

0tg3n6dvbmd >> Image Returned >> 2020-11-14 16:43:46.581351

0tg3n6dvbmd >> End >> 2020-11-14 16:43:46.836324

w8ref5ms5y2 >> Start >> 2020-11-14 16:45:59.747725

w8ref5ms5y2 >> Image Returned >> 2020-11-14 16:45:59.751054

w8ref5ms5y2 >> End >> 2020-11-14 16:45:59.953660

ckv72khm5bt >> Start >> 2020-11-14 16:51:29.389364

ckv72khm5bt >> Image Returned >> 2020-11-14 16:51:29.393357

ckv72khm5bt >> End >> 2020-11-14 16:51:29.577989

2k4kvg80ijm >> Start >> 2020-11-14 16:53:32.074254

2k4kvg80ijm >> Image Returned >> 2020-11-14 16:53:32.078418

2k4kvg80ijm >> End >> 2020-11-14 16:53:32.264318

kzh8yvmr5vz >> Start >> 2020-11-14 16:58:03.632436

kzh8yvmr5vz >> Image Returned >> 2020-11-14 16:58:03.635993

kzh8yvmr5vz >> End >> 2020-11-14 16:58:03.830077

8kgf8iwabti >> Start >> 2020-11-14 17:01:28.876501

8kgf8iwabti >> Image Returned >> 2020-11-14 17:01:28.879523

8kgf8iwabti >> End >> 2020-11-14 17:01:29.073371

8zpzuyuist6 >> Start >> 2020-11-14 17:07:30.824429

8zpzuyuist6 >> Image Returned >> 2020-11-14 17:07:30.828555

8zpzuyuist6 >> End >> 2020-11-14 17:07:31.010291

h8xjnimv6ca >> Start >> 2020-11-14 17:11:51.809632

h8xjnimv6ca >> Image Returned >> 2020-11-14 17:11:51.813469

h8xjnimv6ca >> End >> 2020-11-14 17:11:52.003386

wnmggknx6kj >> Start >> 2020-11-14 17:13:08.054492

wnmggknx6kj >> Image Returned >> 2020-11-14 17:13:08.057666

wnmggknx6kj >> End >> 2020-11-14 17:13:08.248256

fwayii3mumd >> Start >> 2020-11-14 17:14:19.869940

fwayii3mumd >> Image Returned >> 2020-11-14 17:14:19.873043

fwayii3mumd >> End >> 2020-11-14 17:14:20.057014

yvs0045mqox >> Start >> 2020-11-14 17:15:14.636452

yvs0045mqox >> Image Returned >> 2020-11-14 17:15:14.639453

yvs0045mqox >> End >> 2020-11-14 17:15:14.854578

cxgrfsycdts >> Start >> 2020-11-14 17:15:40.116923

cxgrfsycdts >> Image Returned >> 2020-11-14 17:15:40.120402

cxgrfsycdts >> End >> 2020-11-14 17:15:40.334455

s3ivdgkqzhh >> Start >> 2020-11-14 17:15:46.972863

s3ivdgkqzhh >> Image Returned >> 2020-11-14 17:15:46.973166

s3ivdgkqzhh >> End >> 2020-11-14 17:15:47.163028

dj4ss4nwf6t >> Start >> 2020-11-14 17:15:48.813832

dj4ss4nwf6t >> Image Returned >> 2020-11-14 17:15:48.814143

dj4ss4nwf6t >> End >> 2020-11-14 17:15:48.934155

wdz2mp5omnc >> Start >> 2020-11-14 17:19:11.706378

wdz2mp5omnc >> Image Returned >> 2020-11-14 17:19:11.710685

wdz2mp5omnc >> End >> 2020-11-14 17:19:11.901496

qo0j6ktxdzn >> Start >> 2020-11-14 17:20:27.997623

qo0j6ktxdzn >> Image Returned >> 2020-11-14 17:20:28.001494

qo0j6ktxdzn >> End >> 2020-11-14 17:20:28.188641

7ju2zs0tu08 >> Start >> 2020-11-14 17:23:11.187635

7ju2zs0tu08 >> Image Returned >> 2020-11-14 17:23:11.191991

7ju2zs0tu08 >> End >> 2020-11-14 17:23:11.375598

tz7uf8h8zre >> Start >> 2020-11-14 17:24:43.707778

tz7uf8h8zre >> Image Returned >> 2020-11-14 17:24:43.711337

tz7uf8h8zre >> End >> 2020-11-14 17:24:43.896486

bkd5h4kifgo >> Start >> 2020-11-14 17:25:08.825212

bkd5h4kifgo >> Image Returned >> 2020-11-14 17:25:08.829858

bkd5h4kifgo >> End >> 2020-11-14 17:25:09.011697

pzxkisi7tx7 >> Start >> 2020-11-14 17:25:10.187042

pzxkisi7tx7 >> Image Returned >> 2020-11-14 17:25:10.187326

pzxkisi7tx7 >> End >> 2020-11-14 17:25:10.428328

dyttkwhegur >> Start >> 2020-11-14 17:26:20.905203

dyttkwhegur >> Image Returned >> 2020-11-14 17:26:20.908603

dyttkwhegur >> End >> 2020-11-14 17:26:21.094943

ypsxq3e0cfd >> Start >> 2020-11-14 17:29:49.125155

ypsxq3e0cfd >> Image Returned >> 2020-11-14 17:29:49.128745

ypsxq3e0cfd >> End >> 2020-11-14 17:29:49.320430

xt0td2hivzk >> Start >> 2020-11-14 17:31:52.583843

xt0td2hivzk >> Image Returned >> 2020-11-14 17:31:52.587425

xt0td2hivzk >> End >> 2020-11-14 17:31:52.775930

fmyqsvk5cn6 >> Start >> 2020-11-14 17:33:11.731980

fmyqsvk5cn6 >> Image Returned >> 2020-11-14 17:33:11.735033

fmyqsvk5cn6 >> End >> 2020-11-14 17:33:11.933738

2jjqwhwrtfw >> Start >> 2020-11-14 17:33:38.568229

2jjqwhwrtfw >> Image Returned >> 2020-11-14 17:33:38.571202

2jjqwhwrtfw >> End >> 2020-11-14 17:33:38.774962

2mu2s8s42o3 >> Start >> 2020-11-14 17:33:51.387662

2mu2s8s42o3 >> Image Returned >> 2020-11-14 17:33:51.391030

2mu2s8s42o3 >> End >> 2020-11-14 17:33:51.582899

t802cswteor >> Start >> 2020-11-14 17:34:07.145235

t802cswteor >> Image Returned >> 2020-11-14 17:34:07.148307

t802cswteor >> End >> 2020-11-14 17:34:07.332648

uzgbk82cjvf >> Start >> 2020-11-14 17:34:29.014919

uzgbk82cjvf >> Image Returned >> 2020-11-14 17:34:29.017937

uzgbk82cjvf >> End >> 2020-11-14 17:34:29.214816

75k6ygzsmkc >> Start >> 2020-11-14 17:37:13.909197

75k6ygzsmkc >> Image Returned >> 2020-11-14 17:37:13.912628

75k6ygzsmkc >> End >> 2020-11-14 17:37:14.092964

6jsggco0ktd >> Start >> 2020-11-14 17:43:10.361124

6jsggco0ktd >> Image Returned >> 2020-11-14 17:43:10.364185

6jsggco0ktd >> End >> 2020-11-14 17:43:10.546817

7a6b2cpzoyz >> Start >> 2020-11-14 17:45:05.904551

7a6b2cpzoyz >> Image Returned >> 2020-11-14 17:45:05.915054

7a6b2cpzoyz >> End >> 2020-11-14 17:45:06.136356

hwzwxp0ox5j >> Start >> 2020-11-14 17:47:26.786024

hwzwxp0ox5j >> Image Returned >> 2020-11-14 17:47:26.789422

hwzwxp0ox5j >> End >> 2020-11-14 17:47:26.916229

hviy6k6s888 >> Start >> 2020-11-14 17:52:27.847771

hviy6k6s888 >> Image Returned >> 2020-11-14 17:52:27.851349

hviy6k6s888 >> End >> 2020-11-14 17:52:28.042479

ziq68rrcp5y >> Start >> 2020-11-14 17:52:40.380729

ziq68rrcp5y >> Image Returned >> 2020-11-14 17:52:40.384227

ziq68rrcp5y >> End >> 2020-11-14 17:52:40.573715

2qdanxa7qjg >> Start >> 2020-11-14 17:52:52.703675

2qdanxa7qjg >> Image Returned >> 2020-11-14 17:52:52.706681

2qdanxa7qjg >> End >> 2020-11-14 17:52:52.900866

ysx854g48cw >> Start >> 2020-11-14 17:54:27.807133

ysx854g48cw >> Image Returned >> 2020-11-14 17:54:27.810616

ysx854g48cw >> End >> 2020-11-14 17:54:27.994396

37n3bc025ox >> Start >> 2020-11-14 17:55:26.390063

37n3bc025ox >> Image Returned >> 2020-11-14 17:55:26.393475

37n3bc025ox >> End >> 2020-11-14 17:55:26.576987

wbgsbqnzxya >> Start >> 2020-11-14 17:55:29.986603

wbgsbqnzxya >> Image Returned >> 2020-11-14 17:55:29.986917

wbgsbqnzxya >> End >> 2020-11-14 17:55:30.166309

bkmjpx77nbk >> Start >> 2020-11-14 17:58:04.627480

bkmjpx77nbk >> Image Returned >> 2020-11-14 17:58:04.631244

bkmjpx77nbk >> End >> 2020-11-14 17:58:04.820869

yscyy6suop0 >> Start >> 2020-11-14 18:00:44.469536

yscyy6suop0 >> Image Returned >> 2020-11-14 18:00:44.473200

yscyy6suop0 >> End >> 2020-11-14 18:00:44.657929

qrwwnjekvha >> Start >> 2020-11-14 18:01:32.631552

qrwwnjekvha >> Image Returned >> 2020-11-14 18:01:32.634581

qrwwnjekvha >> End >> 2020-11-14 18:01:32.818424

vbthqrt4ief >> Start >> 2020-11-14 18:02:46.678749

vbthqrt4ief >> Image Returned >> 2020-11-14 18:02:46.682796

vbthqrt4ief >> End >> 2020-11-14 18:02:46.865677

ykvnmvbmjbh >> Start >> 2020-11-14 18:03:16.111968

ykvnmvbmjbh >> Image Returned >> 2020-11-14 18:03:16.116833

ykvnmvbmjbh >> End >> 2020-11-14 18:03:16.318536

doru2kimi85 >> Start >> 2020-11-14 18:11:02.702930

doru2kimi85 >> Image Returned >> 2020-11-14 18:11:02.706789

doru2kimi85 >> End >> 2020-11-14 18:11:02.893162

r7jam04hhau >> Start >> 2020-11-14 18:13:49.314145

r7jam04hhau >> Image Returned >> 2020-11-14 18:13:49.317682

r7jam04hhau >> End >> 2020-11-14 18:13:49.501317

8qonyp8pwt8 >> Start >> 2020-11-14 18:17:46.158057

8qonyp8pwt8 >> Image Returned >> 2020-11-14 18:17:46.161189

8qonyp8pwt8 >> End >> 2020-11-14 18:17:46.356231

sw4baydzkrb >> Start >> 2020-11-14 18:18:17.978089

sw4baydzkrb >> Image Returned >> 2020-11-14 18:18:17.981468

sw4baydzkrb >> End >> 2020-11-14 18:18:18.172549

qrovso5icxs >> Start >> 2020-11-14 18:18:32.305565

qrovso5icxs >> Image Returned >> 2020-11-14 18:18:32.308633

qrovso5icxs >> End >> 2020-11-14 18:18:32.492949

h0o5ky8fnx7 >> Start >> 2020-11-14 18:19:00.892966

h0o5ky8fnx7 >> Image Returned >> 2020-11-14 18:19:00.896424

h0o5ky8fnx7 >> End >> 2020-11-14 18:19:01.078321

0fksutkcj2j >> Start >> 2020-11-14 18:19:23.447907

0fksutkcj2j >> Image Returned >> 2020-11-14 18:19:23.451067

0fksutkcj2j >> End >> 2020-11-14 18:19:23.639843

6c7du8tuorg >> Start >> 2020-11-14 18:20:17.234064

6c7du8tuorg >> Image Returned >> 2020-11-14 18:20:17.237509

6c7du8tuorg >> End >> 2020-11-14 18:20:17.420794

4gk2si6tkvx >> Start >> 2020-11-14 18:20:26.209074

4gk2si6tkvx >> Image Returned >> 2020-11-14 18:20:26.209366

4gk2si6tkvx >> End >> 2020-11-14 18:20:26.414082

rtgikerz8g2 >> Start >> 2020-11-14 18:23:35.488328

rtgikerz8g2 >> Image Returned >> 2020-11-14 18:23:35.491693

rtgikerz8g2 >> End >> 2020-11-14 18:23:35.674809

vuce4ajjkas >> Start >> 2020-11-14 18:25:43.749411

vuce4ajjkas >> Image Returned >> 2020-11-14 18:25:43.752816

vuce4ajjkas >> End >> 2020-11-14 18:25:43.935627

ehtksu33c2t >> Start >> 2020-11-14 18:25:53.620346

ehtksu33c2t >> Image Returned >> 2020-11-14 18:25:53.620656

ehtksu33c2t >> End >> 2020-11-14 18:25:53.804162

c0fs4e40567 >> Start >> 2020-11-14 18:27:59.304169

c0fs4e40567 >> Image Returned >> 2020-11-14 18:27:59.307516

c0fs4e40567 >> End >> 2020-11-14 18:27:59.496153

osetqbpkvwy >> Start >> 2020-11-14 18:40:30.358905

osetqbpkvwy >> Image Returned >> 2020-11-14 18:40:30.362698

osetqbpkvwy >> End >> 2020-11-14 18:40:30.567054

5nsijxwfmmh >> Start >> 2020-11-14 18:41:13.911592

5nsijxwfmmh >> Image Returned >> 2020-11-14 18:41:13.914972

5nsijxwfmmh >> End >> 2020-11-14 18:41:14.102730

odv0ut37m6m >> Start >> 2020-11-14 18:48:50.912441

odv0ut37m6m >> Image Returned >> 2020-11-14 18:48:50.916127

odv0ut37m6m >> End >> 2020-11-14 18:48:51.101425

a687x2uy67v >> Start >> 2020-11-14 18:51:23.222930

a687x2uy67v >> Image Returned >> 2020-11-14 18:51:23.225994

a687x2uy67v >> End >> 2020-11-14 18:51:23.417308

xrmmh32c3tm >> Start >> 2020-11-14 18:54:08.579916

xrmmh32c3tm >> Image Returned >> 2020-11-14 18:54:08.584685

xrmmh32c3tm >> End >> 2020-11-14 18:54:08.803536

w6hwm7ub57d >> Start >> 2020-11-14 18:54:29.009664

w6hwm7ub57d >> Image Returned >> 2020-11-14 18:54:29.012711

w6hwm7ub57d >> End >> 2020-11-14 18:54:29.259964

au34u7ax4cx >> Start >> 2020-11-14 18:57:57.495570

au34u7ax4cx >> Image Returned >> 2020-11-14 18:57:57.502259

au34u7ax4cx >> End >> 2020-11-14 18:57:57.686243

e3uxctohpub >> Start >> 2020-11-14 18:58:20.078177

e3uxctohpub >> Image Returned >> 2020-11-14 18:58:20.081372

e3uxctohpub >> End >> 2020-11-14 18:58:20.286031

07eghpzfhke >> Start >> 2020-11-14 19:01:59.591538

07eghpzfhke >> Image Returned >> 2020-11-14 19:01:59.595022

07eghpzfhke >> End >> 2020-11-14 19:01:59.778289

zebwkp7q4yi >> Start >> 2020-11-14 19:03:33.956294

zebwkp7q4yi >> Image Returned >> 2020-11-14 19:03:33.959712

zebwkp7q4yi >> End >> 2020-11-14 19:03:34.150260

fctnxiy2cep >> Start >> 2020-11-14 19:03:53.166618

fctnxiy2cep >> Image Returned >> 2020-11-14 19:03:53.170444

fctnxiy2cep >> End >> 2020-11-14 19:03:53.353609

pg2aucgevjz >> Start >> 2020-11-14 19:07:19.285557

pg2aucgevjz >> Image Returned >> 2020-11-14 19:07:19.289830

pg2aucgevjz >> End >> 2020-11-14 19:07:19.475291

ejc7xhw5t5x >> Start >> 2020-11-14 19:19:41.439749

ejc7xhw5t5x >> Image Returned >> 2020-11-14 19:19:41.443089

ejc7xhw5t5x >> End >> 2020-11-14 19:19:41.793529

uks0uzcbadp >> Start >> 2020-11-14 19:19:57.791610

uks0uzcbadp >> Image Returned >> 2020-11-14 19:19:57.795193

uks0uzcbadp >> End >> 2020-11-14 19:19:58.504694

dy5d2fe0e0e >> Start >> 2020-11-14 19:19:58.751194

dy5d2fe0e0e >> Image Returned >> 2020-11-14 19:19:58.751485

dy5d2fe0e0e >> End >> 2020-11-14 19:19:59.468461

2yuij3fg68o >> Start >> 2020-11-14 19:22:34.957914

2yuij3fg68o >> Image Returned >> 2020-11-14 19:22:34.961658

2yuij3fg68o >> End >> 2020-11-14 19:22:35.144956

i6sy0jidykv >> Start >> 2020-11-14 19:23:48.152368

i6sy0jidykv >> Image Returned >> 2020-11-14 19:23:48.156600

i6sy0jidykv >> End >> 2020-11-14 19:23:48.347867

qhox5ughm65 >> Start >> 2020-11-14 19:24:20.345370

qhox5ughm65 >> Image Returned >> 2020-11-14 19:24:20.348651

qhox5ughm65 >> End >> 2020-11-14 19:24:20.528757

8h66gfq74gx >> Start >> 2020-11-14 19:32:13.660569

8h66gfq74gx >> Image Returned >> 2020-11-14 19:32:13.664159

8h66gfq74gx >> End >> 2020-11-14 19:32:13.849832

hrmdd5dzwre >> Start >> 2020-11-14 19:36:49.408977

hrmdd5dzwre >> Image Returned >> 2020-11-14 19:36:49.414025

hrmdd5dzwre >> End >> 2020-11-14 19:36:49.597846

7kg37uybnin >> Start >> 2020-11-14 19:37:38.278328

7kg37uybnin >> Image Returned >> 2020-11-14 19:37:38.281389

7kg37uybnin >> End >> 2020-11-14 19:37:38.463635

ptgieuycitz >> Start >> 2020-11-14 19:40:12.657763

ptgieuycitz >> Image Returned >> 2020-11-14 19:40:12.661614

ptgieuycitz >> End >> 2020-11-14 19:40:12.905168

6zinwpgzwou >> Start >> 2020-11-14 19:41:46.201476

6zinwpgzwou >> Image Returned >> 2020-11-14 19:41:46.205748

6zinwpgzwou >> End >> 2020-11-14 19:41:46.386375

6e404cmn80n >> Start >> 2020-11-14 19:41:57.193197

6e404cmn80n >> Image Returned >> 2020-11-14 19:41:57.193495

6e404cmn80n >> End >> 2020-11-14 19:41:57.377608

kpif5ytnopr >> Start >> 2020-11-14 19:42:21.316574

kpif5ytnopr >> Image Returned >> 2020-11-14 19:42:21.319649

kpif5ytnopr >> End >> 2020-11-14 19:42:21.443375

kh04e5ovmb4 >> Start >> 2020-11-14 19:46:03.789458

kh04e5ovmb4 >> Image Returned >> 2020-11-14 19:46:03.792541

kh04e5ovmb4 >> End >> 2020-11-14 19:46:03.979569

xzd2743vkzv >> Start >> 2020-11-14 19:46:32.459347

xzd2743vkzv >> Image Returned >> 2020-11-14 19:46:32.462398

xzd2743vkzv >> End >> 2020-11-14 19:46:32.649339

3bsyicn07f2 >> Start >> 2020-11-14 19:56:46.396410

3bsyicn07f2 >> Image Returned >> 2020-11-14 19:56:46.400337

3bsyicn07f2 >> End >> 2020-11-14 19:56:46.584839

r45kqgwaiix >> Start >> 2020-11-14 20:00:21.268937

r45kqgwaiix >> Image Returned >> 2020-11-14 20:00:21.272106

r45kqgwaiix >> End >> 2020-11-14 20:00:21.460078

7d80pdmvbov >> Start >> 2020-11-14 20:02:17.507513

7d80pdmvbov >> Image Returned >> 2020-11-14 20:02:17.511140

7d80pdmvbov >> End >> 2020-11-14 20:02:17.705710

ybxe7ekme0a >> Start >> 2020-11-14 20:10:07.480703

ybxe7ekme0a >> Image Returned >> 2020-11-14 20:10:07.484179

ybxe7ekme0a >> End >> 2020-11-14 20:10:07.669455

wuir6stqfaj >> Start >> 2020-11-14 20:13:37.672899

wuir6stqfaj >> Image Returned >> 2020-11-14 20:13:37.675971

wuir6stqfaj >> End >> 2020-11-14 20:13:37.892935

f5udpvvfqhv >> Start >> 2020-11-14 20:20:17.811927

f5udpvvfqhv >> Image Returned >> 2020-11-14 20:20:17.815253

f5udpvvfqhv >> End >> 2020-11-14 20:20:17.998266

gno5abfimq0 >> Start >> 2020-11-14 20:20:31.094511

gno5abfimq0 >> Image Returned >> 2020-11-14 20:20:31.097704

gno5abfimq0 >> End >> 2020-11-14 20:20:31.282334

gqwogt8ece4 >> Start >> 2020-11-14 20:22:24.814630

gqwogt8ece4 >> Image Returned >> 2020-11-14 20:22:24.818188

gqwogt8ece4 >> End >> 2020-11-14 20:22:24.998768

qphfbdfd6tx >> Start >> 2020-11-14 20:22:58.291925

qphfbdfd6tx >> Image Returned >> 2020-11-14 20:22:58.295171

qphfbdfd6tx >> End >> 2020-11-14 20:22:58.476418

4mxnk46afik >> Start >> 2020-11-14 20:23:59.101814

4mxnk46afik >> Image Returned >> 2020-11-14 20:23:59.105340

4mxnk46afik >> End >> 2020-11-14 20:23:59.287689

qb4pwiqv6x7 >> Start >> 2020-11-14 20:27:52.303699

qb4pwiqv6x7 >> Image Returned >> 2020-11-14 20:27:52.307765

qb4pwiqv6x7 >> End >> 2020-11-14 20:27:52.496973

kenu6qrorpx >> Start >> 2020-11-14 20:31:33.987354

kenu6qrorpx >> Image Returned >> 2020-11-14 20:31:33.990777

kenu6qrorpx >> End >> 2020-11-14 20:31:34.174757

8f85omfsnbh >> Start >> 2020-11-14 20:32:53.795974

8f85omfsnbh >> Image Returned >> 2020-11-14 20:32:53.799861

8f85omfsnbh >> End >> 2020-11-14 20:32:53.986975

5xifcgehmj5 >> Start >> 2020-11-14 20:42:24.296551

5xifcgehmj5 >> Image Returned >> 2020-11-14 20:42:24.301204

5xifcgehmj5 >> End >> 2020-11-14 20:42:24.484972

7c78vaj76i2 >> Start >> 2020-11-14 20:43:52.238213

7c78vaj76i2 >> Image Returned >> 2020-11-14 20:43:52.241956

7c78vaj76i2 >> End >> 2020-11-14 20:43:52.401700

28peww335pk >> Start >> 2020-11-14 20:44:30.151695

28peww335pk >> Image Returned >> 2020-11-14 20:44:30.155033

28peww335pk >> End >> 2020-11-14 20:44:30.389261

u5sz8d5btba >> Start >> 2020-11-14 20:45:15.925101

u5sz8d5btba >> Image Returned >> 2020-11-14 20:45:15.928649

u5sz8d5btba >> End >> 2020-11-14 20:45:16.117753

4sphvmeb3hh >> Start >> 2020-11-14 20:48:17.337718

4sphvmeb3hh >> Image Returned >> 2020-11-14 20:48:17.341661

4sphvmeb3hh >> End >> 2020-11-14 20:48:17.524362

p0m4s2m7qg2 >> Start >> 2020-11-14 20:48:39.928394

p0m4s2m7qg2 >> Image Returned >> 2020-11-14 20:48:39.931637

p0m4s2m7qg2 >> End >> 2020-11-14 20:48:40.122858

s2u5kkwbuqm >> Start >> 2020-11-14 20:50:05.747602

s2u5kkwbuqm >> Image Returned >> 2020-11-14 20:50:05.751368

s2u5kkwbuqm >> End >> 2020-11-14 20:50:05.939750

o8prjwbhryw >> Start >> 2020-11-14 20:51:14.718065

o8prjwbhryw >> Image Returned >> 2020-11-14 20:51:14.722681

o8prjwbhryw >> End >> 2020-11-14 20:51:14.907712

ghjaaxcjers >> Start >> 2020-11-14 20:57:00.418056

ghjaaxcjers >> Image Returned >> 2020-11-14 20:57:00.421648

ghjaaxcjers >> End >> 2020-11-14 20:57:00.617820

kzvemwbuh63 >> Start >> 2020-11-14 21:00:23.912733

kzvemwbuh63 >> Image Returned >> 2020-11-14 21:00:23.915971

kzvemwbuh63 >> End >> 2020-11-14 21:00:24.105169

rib8tz3z5tu >> Start >> 2020-11-14 21:01:02.219175

rib8tz3z5tu >> Image Returned >> 2020-11-14 21:01:02.222383

rib8tz3z5tu >> End >> 2020-11-14 21:01:02.413141

h0vhkgs68jj >> Start >> 2020-11-14 21:01:22.119609

h0vhkgs68jj >> Image Returned >> 2020-11-14 21:01:22.122982

h0vhkgs68jj >> End >> 2020-11-14 21:01:22.322184

y40jen2mfz5 >> Start >> 2020-11-14 21:03:56.963532

y40jen2mfz5 >> Image Returned >> 2020-11-14 21:03:56.967318

y40jen2mfz5 >> End >> 2020-11-14 21:03:57.172302

ufy5ohjh020 >> Start >> 2020-11-14 21:04:23.458753

ufy5ohjh020 >> Image Returned >> 2020-11-14 21:04:23.462140

ufy5ohjh020 >> End >> 2020-11-14 21:04:23.675107

xfoz3q2fgo3 >> Start >> 2020-11-14 21:04:28.614545

xfoz3q2fgo3 >> Image Returned >> 2020-11-14 21:04:28.614891

xfoz3q2fgo3 >> End >> 2020-11-14 21:04:28.798567

p4a32qh8coj >> Start >> 2020-11-14 21:05:22.162767

p4a32qh8coj >> Image Returned >> 2020-11-14 21:05:22.166013

p4a32qh8coj >> End >> 2020-11-14 21:05:22.350528

jku7jppw3je >> Start >> 2020-11-14 21:05:34.174568

jku7jppw3je >> Image Returned >> 2020-11-14 21:05:34.177740

jku7jppw3je >> End >> 2020-11-14 21:05:34.361977

5vcqu6c7paj >> Start >> 2020-11-14 21:06:56.432121

5vcqu6c7paj >> Image Returned >> 2020-11-14 21:06:56.435697

5vcqu6c7paj >> End >> 2020-11-14 21:06:56.635896

jb7iwrras7o >> Start >> 2020-11-14 21:07:33.801656

jb7iwrras7o >> Image Returned >> 2020-11-14 21:07:33.804851

jb7iwrras7o >> End >> 2020-11-14 21:07:34.000418

tigmthh47j4 >> Start >> 2020-11-14 21:07:57.950964

tigmthh47j4 >> Image Returned >> 2020-11-14 21:07:57.956619

tigmthh47j4 >> End >> 2020-11-14 21:07:58.141839

v7zfrdgd2n8 >> Start >> 2020-11-14 21:09:11.107918

v7zfrdgd2n8 >> Image Returned >> 2020-11-14 21:09:11.111082

v7zfrdgd2n8 >> End >> 2020-11-14 21:09:11.313163

mhqudfxw5zr >> Start >> 2020-11-14 21:10:03.578538

mhqudfxw5zr >> Image Returned >> 2020-11-14 21:10:03.583969

mhqudfxw5zr >> End >> 2020-11-14 21:10:03.709652

e57dpusqw5w >> Start >> 2020-11-14 21:14:16.896915

e57dpusqw5w >> Image Returned >> 2020-11-14 21:14:16.900830

e57dpusqw5w >> End >> 2020-11-14 21:14:17.260433

zxt64pt4fjp >> Start >> 2020-11-14 21:14:36.818697

zxt64pt4fjp >> Image Returned >> 2020-11-14 21:14:36.821844

zxt64pt4fjp >> End >> 2020-11-14 21:14:37.242095

x5wowhjqws8 >> Start >> 2020-11-14 21:14:38.828922

x5wowhjqws8 >> Image Returned >> 2020-11-14 21:14:38.829217

x5wowhjqws8 >> End >> 2020-11-14 21:14:39.239578

bbe4qmgyjdx >> Start >> 2020-11-14 21:17:20.157114

bbe4qmgyjdx >> Image Returned >> 2020-11-14 21:17:20.160381

bbe4qmgyjdx >> End >> 2020-11-14 21:17:20.343141

000es8wfraa >> Start >> 2020-11-14 21:18:51.732229

000es8wfraa >> Image Returned >> 2020-11-14 21:18:51.736433

000es8wfraa >> End >> 2020-11-14 21:18:51.926601

37853zk3n7z >> Start >> 2020-11-14 21:19:55.494049

37853zk3n7z >> Image Returned >> 2020-11-14 21:19:55.497262

37853zk3n7z >> End >> 2020-11-14 21:19:55.718221

crf7atpttcb >> Start >> 2020-11-14 21:19:56.061501

crf7atpttcb >> Image Returned >> 2020-11-14 21:19:56.061826

crf7atpttcb >> End >> 2020-11-14 21:19:56.308213

o7kcspjyu6k >> Start >> 2020-11-14 21:29:36.008378

o7kcspjyu6k >> Image Returned >> 2020-11-14 21:29:36.011636

o7kcspjyu6k >> End >> 2020-11-14 21:29:36.193758

itfp5cra6vm >> Start >> 2020-11-14 21:30:09.891984

itfp5cra6vm >> Image Returned >> 2020-11-14 21:30:09.895289

itfp5cra6vm >> End >> 2020-11-14 21:30:10.102503

oiirz847o5i >> Start >> 2020-11-14 21:30:34.653532

oiirz847o5i >> Image Returned >> 2020-11-14 21:30:34.656825

oiirz847o5i >> End >> 2020-11-14 21:30:34.859378

8w2bixzcgpy >> Start >> 2020-11-14 21:33:22.185201

8w2bixzcgpy >> Image Returned >> 2020-11-14 21:33:22.188776

8w2bixzcgpy >> End >> 2020-11-14 21:33:22.376409

vjqkdbbms0p >> Start >> 2020-11-14 21:36:46.016381

vjqkdbbms0p >> Image Returned >> 2020-11-14 21:36:46.020123

vjqkdbbms0p >> End >> 2020-11-14 21:36:46.223555

uupxii33mbn >> Start >> 2020-11-14 21:38:44.034821

uupxii33mbn >> Image Returned >> 2020-11-14 21:38:44.038074

uupxii33mbn >> End >> 2020-11-14 21:38:44.281845

rednxns5yas >> Start >> 2020-11-14 21:40:58.458645

rednxns5yas >> Image Returned >> 2020-11-14 21:40:58.462666

rednxns5yas >> End >> 2020-11-14 21:40:58.648350

er23jowsxyd >> Start >> 2020-11-14 21:45:17.607671

er23jowsxyd >> Image Returned >> 2020-11-14 21:45:17.612394

er23jowsxyd >> End >> 2020-11-14 21:45:17.800147

awkbywir32k >> Start >> 2020-11-14 21:47:32.568496

awkbywir32k >> Image Returned >> 2020-11-14 21:47:32.571696

awkbywir32k >> End >> 2020-11-14 21:47:32.752228

t5crm0turyy >> Start >> 2020-11-14 21:49:00.396585

t5crm0turyy >> Image Returned >> 2020-11-14 21:49:00.400949

t5crm0turyy >> End >> 2020-11-14 21:49:00.585979

kj3hw33jj4u >> Start >> 2020-11-14 21:49:47.751490

kj3hw33jj4u >> Image Returned >> 2020-11-14 21:49:47.755039

kj3hw33jj4u >> End >> 2020-11-14 21:49:47.955274

55eb5xxe44x >> Start >> 2020-11-14 21:59:09.808795

55eb5xxe44x >> Image Returned >> 2020-11-14 21:59:09.811990

55eb5xxe44x >> End >> 2020-11-14 21:59:10.001902

udznygr8bn0 >> Start >> 2020-11-14 22:00:46.904213

udznygr8bn0 >> Image Returned >> 2020-11-14 22:00:46.908642

udznygr8bn0 >> End >> 2020-11-14 22:00:47.097120

fksddai7hbi >> Start >> 2020-11-14 22:01:00.581856

fksddai7hbi >> Image Returned >> 2020-11-14 22:01:00.585114

fksddai7hbi >> End >> 2020-11-14 22:01:01.153652

6g4ekum8unc >> Start >> 2020-11-14 22:03:18.532790

6g4ekum8unc >> Image Returned >> 2020-11-14 22:03:18.536118

6g4ekum8unc >> End >> 2020-11-14 22:03:18.735348

hg8x6qaca8f >> Start >> 2020-11-14 22:14:15.244312

hg8x6qaca8f >> Image Returned >> 2020-11-14 22:14:15.248409

hg8x6qaca8f >> End >> 2020-11-14 22:14:15.466131

rbsq27pmi02 >> Start >> 2020-11-14 22:15:16.461385

rbsq27pmi02 >> Image Returned >> 2020-11-14 22:15:16.465276

rbsq27pmi02 >> End >> 2020-11-14 22:15:16.648827

cy402i46sa8 >> Start >> 2020-11-14 22:18:47.887319

cy402i46sa8 >> Image Returned >> 2020-11-14 22:18:47.891370

cy402i46sa8 >> End >> 2020-11-14 22:18:48.081352

abditt8iing >> Start >> 2020-11-14 22:19:03.715181

abditt8iing >> Image Returned >> 2020-11-14 22:19:03.718342

abditt8iing >> End >> 2020-11-14 22:19:03.908133

5tkcqe6ziw0 >> Start >> 2020-11-14 22:22:20.751166

5tkcqe6ziw0 >> Image Returned >> 2020-11-14 22:22:20.755474

5tkcqe6ziw0 >> End >> 2020-11-14 22:22:20.969672

mwai68qdkck >> Start >> 2020-11-14 22:33:40.243575

mwai68qdkck >> Image Returned >> 2020-11-14 22:33:40.247122

mwai68qdkck >> End >> 2020-11-14 22:33:40.436316

8ch7cqfvhjn >> Start >> 2020-11-14 22:36:28.050738

8ch7cqfvhjn >> Image Returned >> 2020-11-14 22:36:28.056457

8ch7cqfvhjn >> End >> 2020-11-14 22:36:28.241152

xwqug7fn3q6 >> Start >> 2020-11-14 22:36:37.207098

xwqug7fn3q6 >> Image Returned >> 2020-11-14 22:36:37.207426

xwqug7fn3q6 >> End >> 2020-11-14 22:36:37.392976

vivhc66p2hg >> Start >> 2020-11-14 22:41:33.255719

vivhc66p2hg >> Image Returned >> 2020-11-14 22:41:33.259356

vivhc66p2hg >> End >> 2020-11-14 22:41:33.442825

wakmq4vrthw >> Start >> 2020-11-14 22:46:24.462961

wakmq4vrthw >> Image Returned >> 2020-11-14 22:46:24.466233

wakmq4vrthw >> End >> 2020-11-14 22:46:24.650053

qkfpkub3sw7 >> Start >> 2020-11-14 22:58:27.689032

qkfpkub3sw7 >> Image Returned >> 2020-11-14 22:58:27.693635

qkfpkub3sw7 >> End >> 2020-11-14 22:58:27.878268

jtaxdarx3p6 >> Start >> 2020-11-14 22:59:54.930383

jtaxdarx3p6 >> Image Returned >> 2020-11-14 22:59:54.934111

jtaxdarx3p6 >> End >> 2020-11-14 22:59:55.121819

wkjutudr45r >> Start >> 2020-11-14 23:00:01.724973

wkjutudr45r >> Image Returned >> 2020-11-14 23:00:01.725290

wkjutudr45r >> End >> 2020-11-14 23:00:02.115297

soodv8vr4k6 >> Start >> 2020-11-14 23:13:01.827887

soodv8vr4k6 >> Image Returned >> 2020-11-14 23:13:01.831120

soodv8vr4k6 >> End >> 2020-11-14 23:13:02.023917

8fprjeyo8ya >> Start >> 2020-11-14 23:13:21.761583

8fprjeyo8ya >> Image Returned >> 2020-11-14 23:13:21.765156

8fprjeyo8ya >> End >> 2020-11-14 23:13:21.950387

xu2wsabzh8j >> Start >> 2020-11-14 23:18:01.879013

xu2wsabzh8j >> Image Returned >> 2020-11-14 23:18:01.883145

xu2wsabzh8j >> End >> 2020-11-14 23:18:02.083090

y8rf7d0t8x5 >> Start >> 2020-11-14 23:36:29.862678

y8rf7d0t8x5 >> Image Returned >> 2020-11-14 23:36:29.866322

y8rf7d0t8x5 >> End >> 2020-11-14 23:36:30.072757

u6au3eksjip >> Start >> 2020-11-14 23:36:32.335339

u6au3eksjip >> Image Returned >> 2020-11-14 23:36:32.335659

u6au3eksjip >> End >> 2020-11-14 23:36:32.523260

ru3vr0yra54 >> Start >> 2020-11-14 23:41:08.786547

ru3vr0yra54 >> Image Returned >> 2020-11-14 23:41:08.790126

ru3vr0yra54 >> End >> 2020-11-14 23:41:08.974487

ytpjdyar2au >> Start >> 2020-11-14 23:45:06.165491

ytpjdyar2au >> Image Returned >> 2020-11-14 23:45:06.170526

ytpjdyar2au >> End >> 2020-11-14 23:45:06.355345

