dq5kezzdrnw >> Start >> 2020-07-12 00:02:32.318063

dq5kezzdrnw >> Image Returned >> 2020-07-12 00:02:32.321706

dq5kezzdrnw >> End >> 2020-07-12 00:02:32.457000

eyfuae288nc >> Start >> 2020-07-12 01:12:11.772783

eyfuae288nc >> Image Returned >> 2020-07-12 01:12:11.778000

eyfuae288nc >> End >> 2020-07-12 01:12:11.905026

qpu0usgoyoh >> Start >> 2020-07-12 02:13:57.939745

qpu0usgoyoh >> Image Returned >> 2020-07-12 02:13:57.944231

qpu0usgoyoh >> End >> 2020-07-12 02:13:58.077265

hvy8yk63ndk >> Start >> 2020-07-12 03:16:45.520865

hvy8yk63ndk >> Image Returned >> 2020-07-12 03:16:45.525249

hvy8yk63ndk >> End >> 2020-07-12 03:16:45.657144

pesauaxyqjq >> Start >> 2020-07-12 03:56:27.262629

pesauaxyqjq >> Image Returned >> 2020-07-12 03:56:27.269134

pesauaxyqjq >> End >> 2020-07-12 03:56:27.403793

ta3hhoiggux >> Start >> 2020-07-12 06:06:26.375283

ta3hhoiggux >> Image Returned >> 2020-07-12 06:06:26.380399

ta3hhoiggux >> End >> 2020-07-12 06:06:26.513106

avo28aop4de >> Start >> 2020-07-12 06:20:41.390423

avo28aop4de >> Image Returned >> 2020-07-12 06:20:41.393946

avo28aop4de >> End >> 2020-07-12 06:20:41.538033

jr6hnxojyvq >> Start >> 2020-07-12 06:23:48.036837

jr6hnxojyvq >> Image Returned >> 2020-07-12 06:23:48.042265

jr6hnxojyvq >> End >> 2020-07-12 06:23:48.178891

tj7zu5gqovq >> Start >> 2020-07-12 06:38:20.735124

tj7zu5gqovq >> Image Returned >> 2020-07-12 06:38:20.741534

tj7zu5gqovq >> End >> 2020-07-12 06:38:20.884674

awksn05h45h >> Start >> 2020-07-12 06:54:52.442068

awksn05h45h >> Image Returned >> 2020-07-12 06:54:52.449021

awksn05h45h >> End >> 2020-07-12 06:54:52.581979

tzr83vdna2h >> Start >> 2020-07-12 07:20:04.255834

tzr83vdna2h >> Image Returned >> 2020-07-12 07:20:04.261687

tzr83vdna2h >> End >> 2020-07-12 07:20:04.394083

0yo2ce6oyjh >> Start >> 2020-07-12 08:48:47.870512

0yo2ce6oyjh >> Image Returned >> 2020-07-12 08:48:47.875169

0yo2ce6oyjh >> End >> 2020-07-12 08:48:48.008709

4pb2bpbukq2 >> Start >> 2020-07-12 10:08:56.018143

4pb2bpbukq2 >> Image Returned >> 2020-07-12 10:08:56.023122

4pb2bpbukq2 >> End >> 2020-07-12 10:08:56.158322

vdr5zckor56 >> Start >> 2020-07-12 10:09:20.710781

vdr5zckor56 >> Image Returned >> 2020-07-12 10:09:20.714390

vdr5zckor56 >> End >> 2020-07-12 10:09:20.846976

3vaggngq2a6 >> Start >> 2020-07-12 10:28:54.642707

3vaggngq2a6 >> Image Returned >> 2020-07-12 10:28:54.648929

3vaggngq2a6 >> End >> 2020-07-12 10:28:54.789849

x863xkfxi63 >> Start >> 2020-07-12 10:38:20.000109

x863xkfxi63 >> Image Returned >> 2020-07-12 10:38:20.006649

x863xkfxi63 >> End >> 2020-07-12 10:38:20.139436

dzow040g6yj >> Start >> 2020-07-12 10:40:40.272403

dzow040g6yj >> Image Returned >> 2020-07-12 10:40:40.277931

dzow040g6yj >> End >> 2020-07-12 10:40:40.411355

7ntakn8vo8x >> Start >> 2020-07-12 10:52:55.607594

7ntakn8vo8x >> Image Returned >> 2020-07-12 10:52:55.612329

7ntakn8vo8x >> End >> 2020-07-12 10:52:55.743386

ce3cv47fk5z >> Start >> 2020-07-12 11:27:00.348757

ce3cv47fk5z >> Image Returned >> 2020-07-12 11:27:00.354017

ce3cv47fk5z >> End >> 2020-07-12 11:27:00.487107

pvut5qi6e0f >> Start >> 2020-07-12 11:27:14.627089

pvut5qi6e0f >> Image Returned >> 2020-07-12 11:27:14.630656

pvut5qi6e0f >> End >> 2020-07-12 11:27:14.770420

ik07hd66nc3 >> Start >> 2020-07-12 11:37:02.563340

ik07hd66nc3 >> Image Returned >> 2020-07-12 11:37:02.568768

ik07hd66nc3 >> End >> 2020-07-12 11:37:02.704242

x406dedtn05 >> Start >> 2020-07-12 11:47:06.142153

x406dedtn05 >> Image Returned >> 2020-07-12 11:47:06.145817

x406dedtn05 >> End >> 2020-07-12 11:47:06.284866

eyj77bphmag >> Start >> 2020-07-12 12:00:06.341614

eyj77bphmag >> Image Returned >> 2020-07-12 12:00:06.346210

eyj77bphmag >> End >> 2020-07-12 12:00:06.479124

fbf685ezmvp >> Start >> 2020-07-12 12:15:34.875056

fbf685ezmvp >> Image Returned >> 2020-07-12 12:15:34.878667

fbf685ezmvp >> End >> 2020-07-12 12:15:35.015058

jx5uxwzb27j >> Start >> 2020-07-12 12:15:55.598783

jx5uxwzb27j >> Image Returned >> 2020-07-12 12:15:55.602485

jx5uxwzb27j >> End >> 2020-07-12 12:15:55.739501

5p0ekkf2y4a >> Start >> 2020-07-12 12:30:05.804106

5p0ekkf2y4a >> Image Returned >> 2020-07-12 12:30:05.807985

5p0ekkf2y4a >> End >> 2020-07-12 12:30:05.944750

w8euesugo8o >> Start >> 2020-07-12 13:01:57.428654

w8euesugo8o >> Image Returned >> 2020-07-12 13:01:57.433479

w8euesugo8o >> End >> 2020-07-12 13:01:57.574037

0ksw3vydxz6 >> Start >> 2020-07-12 13:08:11.610954

0ksw3vydxz6 >> Image Returned >> 2020-07-12 13:08:11.618248

0ksw3vydxz6 >> End >> 2020-07-12 13:08:11.771193

oq25ovyu73x >> Start >> 2020-07-12 13:49:02.825330

oq25ovyu73x >> Image Returned >> 2020-07-12 13:49:02.830676

oq25ovyu73x >> End >> 2020-07-12 13:49:02.972978

87p4qjtjvnz >> Start >> 2020-07-12 14:32:23.021228

87p4qjtjvnz >> Image Returned >> 2020-07-12 14:32:23.025427

87p4qjtjvnz >> End >> 2020-07-12 14:32:23.169265

8oogj78rvek >> Start >> 2020-07-12 14:32:27.302144

8oogj78rvek >> Image Returned >> 2020-07-12 14:32:27.302454

8oogj78rvek >> End >> 2020-07-12 14:32:27.436485

7ndixhaoubf >> Start >> 2020-07-12 14:33:02.381325

7ndixhaoubf >> Image Returned >> 2020-07-12 14:33:02.385025

7ndixhaoubf >> End >> 2020-07-12 14:33:02.528553

ptkuscif3fh >> Start >> 2020-07-12 14:58:26.788280

ptkuscif3fh >> Image Returned >> 2020-07-12 14:58:26.794323

ptkuscif3fh >> End >> 2020-07-12 14:58:26.923680

xptbnq8aks6 >> Start >> 2020-07-12 16:08:02.540987

xptbnq8aks6 >> Image Returned >> 2020-07-12 16:08:02.545706

xptbnq8aks6 >> End >> 2020-07-12 16:08:02.682368

nifpjxyrzgg >> Start >> 2020-07-12 16:38:58.535284

nifpjxyrzgg >> Image Returned >> 2020-07-12 16:38:58.542383

nifpjxyrzgg >> End >> 2020-07-12 16:38:58.739936

ng2tjvduhk5 >> Start >> 2020-07-12 17:32:23.317953

ng2tjvduhk5 >> Image Returned >> 2020-07-12 17:32:23.322979

ng2tjvduhk5 >> End >> 2020-07-12 17:32:23.457581

mkyygwtk0tn >> Start >> 2020-07-12 18:09:57.703073

mkyygwtk0tn >> Image Returned >> 2020-07-12 18:09:57.710135

mkyygwtk0tn >> End >> 2020-07-12 18:09:57.857218

sd3k5x48f6k >> Start >> 2020-07-12 18:26:36.350989

sd3k5x48f6k >> Image Returned >> 2020-07-12 18:26:36.355931

sd3k5x48f6k >> End >> 2020-07-12 18:26:36.487750

7dwr0gdcijo >> Start >> 2020-07-12 18:34:52.030643

7dwr0gdcijo >> Image Returned >> 2020-07-12 18:34:52.034523

7dwr0gdcijo >> End >> 2020-07-12 18:34:52.173732

agux5andkde >> Start >> 2020-07-12 18:43:01.960675

agux5andkde >> Image Returned >> 2020-07-12 18:43:01.964679

agux5andkde >> End >> 2020-07-12 18:43:02.098655

gkktbkekm0m >> Start >> 2020-07-12 18:48:55.025245

gkktbkekm0m >> Image Returned >> 2020-07-12 18:48:55.029355

gkktbkekm0m >> End >> 2020-07-12 18:48:55.167601

ajotzacuurc >> Start >> 2020-07-12 18:52:53.186651

ajotzacuurc >> Image Returned >> 2020-07-12 18:52:53.191322

ajotzacuurc >> End >> 2020-07-12 18:52:53.328588

u0gdvz4navo >> Start >> 2020-07-12 19:09:49.216983

u0gdvz4navo >> Image Returned >> 2020-07-12 19:09:49.222527

u0gdvz4navo >> End >> 2020-07-12 19:09:49.373986

jtm7v0rz8pz >> Start >> 2020-07-12 19:11:01.043169

jtm7v0rz8pz >> Image Returned >> 2020-07-12 19:11:01.047050

jtm7v0rz8pz >> End >> 2020-07-12 19:11:01.181539

6m6ug2h2at6 >> Start >> 2020-07-12 19:21:07.261854

6m6ug2h2at6 >> Image Returned >> 2020-07-12 19:21:07.268887

6m6ug2h2at6 >> End >> 2020-07-12 19:21:07.404627

jji6d3qvbeb >> Start >> 2020-07-12 19:21:36.249640

jji6d3qvbeb >> Image Returned >> 2020-07-12 19:21:36.253448

jji6d3qvbeb >> End >> 2020-07-12 19:21:36.448229

cxv33ypv8y0 >> Start >> 2020-07-12 19:51:40.735814

cxv33ypv8y0 >> Image Returned >> 2020-07-12 19:51:40.743108

cxv33ypv8y0 >> End >> 2020-07-12 19:51:40.883717

raq5s253deo >> Start >> 2020-07-12 20:20:04.006200

raq5s253deo >> Image Returned >> 2020-07-12 20:20:04.010118

raq5s253deo >> End >> 2020-07-12 20:20:04.146116

a4ejk3mesxp >> Start >> 2020-07-12 20:45:36.483639

a4ejk3mesxp >> Image Returned >> 2020-07-12 20:45:36.488862

a4ejk3mesxp >> End >> 2020-07-12 20:45:36.625811

bamegkhgbw4 >> Start >> 2020-07-12 20:47:02.814651

bamegkhgbw4 >> Image Returned >> 2020-07-12 20:47:02.818696

bamegkhgbw4 >> End >> 2020-07-12 20:47:02.953416

ja5gyun7kzp >> Start >> 2020-07-12 21:10:56.505781

ja5gyun7kzp >> Image Returned >> 2020-07-12 21:10:56.510845

ja5gyun7kzp >> End >> 2020-07-12 21:10:56.649168

0u47rtg7qpp >> Start >> 2020-07-12 21:12:17.287053

0u47rtg7qpp >> Image Returned >> 2020-07-12 21:12:17.291898

0u47rtg7qpp >> End >> 2020-07-12 21:12:17.433857

rv8cgvp5bcf >> Start >> 2020-07-12 21:13:07.041663

rv8cgvp5bcf >> Image Returned >> 2020-07-12 21:13:07.045567

rv8cgvp5bcf >> End >> 2020-07-12 21:13:07.182946

y4nrch52i0z >> Start >> 2020-07-12 21:59:38.594752

y4nrch52i0z >> Image Returned >> 2020-07-12 21:59:38.602052

y4nrch52i0z >> End >> 2020-07-12 21:59:38.738888

8yfdtj8kn5j >> Start >> 2020-07-12 23:08:25.928191

8yfdtj8kn5j >> Image Returned >> 2020-07-12 23:08:25.933247

8yfdtj8kn5j >> End >> 2020-07-12 23:08:26.071264

rrqdt3d0vje >> Start >> 2020-07-12 23:08:33.644712

rrqdt3d0vje >> Image Returned >> 2020-07-12 23:08:33.645056

rrqdt3d0vje >> End >> 2020-07-12 23:08:33.776220

23vgh00i442 >> Start >> 2020-07-12 23:08:48.490506

23vgh00i442 >> Image Returned >> 2020-07-12 23:08:48.494249

23vgh00i442 >> End >> 2020-07-12 23:08:48.631405

jn5h3viykoa >> Start >> 2020-07-12 23:40:17.755496

jn5h3viykoa >> Image Returned >> 2020-07-12 23:40:17.759541

jn5h3viykoa >> End >> 2020-07-12 23:40:17.895543

fdzn2xfewte >> Start >> 2020-07-12 23:42:43.282207

fdzn2xfewte >> Image Returned >> 2020-07-12 23:42:43.286741

fdzn2xfewte >> End >> 2020-07-12 23:42:43.416224

dz0aqwjpbbf >> Start >> 2020-07-12 23:43:14.321293

dz0aqwjpbbf >> Image Returned >> 2020-07-12 23:43:14.326114

dz0aqwjpbbf >> End >> 2020-07-12 23:43:14.462686

