jw5z4ath0g6 >> Start >> 2020-05-25 08:41:40.425574

jw5z4ath0g6 >> Image Returned >> 2020-05-25 08:41:40.431317

jw5z4ath0g6 >> End >> 2020-05-25 08:41:40.442509

qi2nu7sy7k3 >> Start >> 2020-05-25 10:27:12.983777

qi2nu7sy7k3 >> Image Returned >> 2020-05-25 10:27:12.988923

qi2nu7sy7k3 >> End >> 2020-05-25 10:27:13.000427

xfxuw6qq3wx >> Start >> 2020-05-25 10:53:00.895767

xfxuw6qq3wx >> Image Returned >> 2020-05-25 10:53:00.899971

xfxuw6qq3wx >> End >> 2020-05-25 10:53:00.909548

5wiroagwfaz >> Start >> 2020-05-25 10:55:24.574105

5wiroagwfaz >> Image Returned >> 2020-05-25 10:55:24.579237

5wiroagwfaz >> End >> 2020-05-25 10:55:24.587470

zpnf6uha7sp >> Start >> 2020-05-25 16:24:30.714128

zpnf6uha7sp >> Image Returned >> 2020-05-25 16:24:30.717684

zpnf6uha7sp >> End >> 2020-05-25 16:24:30.727189

rizc8pbwbzq >> Start >> 2020-05-25 21:13:27.296220

rizc8pbwbzq >> Image Returned >> 2020-05-25 21:13:27.299072

rizc8pbwbzq >> End >> 2020-05-25 21:13:27.309329

u3zuxevwamm >> Start >> 2020-05-25 21:31:36.868386

u3zuxevwamm >> Image Returned >> 2020-05-25 21:31:36.872076

u3zuxevwamm >> End >> 2020-05-25 21:31:36.883317

ipzuhsrphae >> Start >> 2020-05-25 22:01:04.704683

ipzuhsrphae >> Image Returned >> 2020-05-25 22:01:04.707957

ipzuhsrphae >> End >> 2020-05-25 22:01:04.719785

