o7xauryvytz >> Start >> 2020-07-29 02:28:58.783348

o7xauryvytz >> Image Returned >> 2020-07-29 02:28:58.786998

o7xauryvytz >> End >> 2020-07-29 02:28:58.926433

mzf0arnfb3p >> Start >> 2020-07-29 02:32:28.194341

mzf0arnfb3p >> Image Returned >> 2020-07-29 02:32:28.197809

mzf0arnfb3p >> End >> 2020-07-29 02:32:28.343889

2z2etyn3i82 >> Start >> 2020-07-29 02:32:40.722500

2z2etyn3i82 >> Image Returned >> 2020-07-29 02:32:40.725898

2z2etyn3i82 >> End >> 2020-07-29 02:32:40.863013

8btroo8psfh >> Start >> 2020-07-29 02:32:40.940109

8btroo8psfh >> Image Returned >> 2020-07-29 02:32:40.940416

8btroo8psfh >> End >> 2020-07-29 02:32:41.082640

kc0atg02ab8 >> Start >> 2020-07-29 03:11:08.908591

kc0atg02ab8 >> Image Returned >> 2020-07-29 03:11:08.912544

kc0atg02ab8 >> End >> 2020-07-29 03:11:09.053478

qqigww3t8gt >> Start >> 2020-07-29 03:36:51.882031

qqigww3t8gt >> Image Returned >> 2020-07-29 03:36:51.885766

qqigww3t8gt >> End >> 2020-07-29 03:36:52.029215

ofnuc8shs0a >> Start >> 2020-07-29 05:07:26.956842

ofnuc8shs0a >> Image Returned >> 2020-07-29 05:07:26.961324

ofnuc8shs0a >> End >> 2020-07-29 05:07:27.103858

mgnjqcbjuac >> Start >> 2020-07-29 05:18:13.455087

mgnjqcbjuac >> Image Returned >> 2020-07-29 05:18:13.458923

mgnjqcbjuac >> End >> 2020-07-29 05:18:13.596348

a4t6sduuohc >> Start >> 2020-07-29 06:55:12.680141

a4t6sduuohc >> Image Returned >> 2020-07-29 06:55:12.685502

a4t6sduuohc >> End >> 2020-07-29 06:55:12.819868

umya50appqe >> Start >> 2020-07-29 06:57:12.363949

umya50appqe >> Image Returned >> 2020-07-29 06:57:12.367808

umya50appqe >> End >> 2020-07-29 06:57:12.508558

tfuxc5uyzvt >> Start >> 2020-07-29 07:05:03.711188

tfuxc5uyzvt >> Image Returned >> 2020-07-29 07:05:03.714549

tfuxc5uyzvt >> End >> 2020-07-29 07:05:03.852263

ez6i0ia0zpu >> Start >> 2020-07-29 07:14:15.601483

ez6i0ia0zpu >> Image Returned >> 2020-07-29 07:14:15.605207

ez6i0ia0zpu >> End >> 2020-07-29 07:14:15.746860

06y26pjuwzj >> Start >> 2020-07-29 07:28:25.989423

06y26pjuwzj >> Image Returned >> 2020-07-29 07:28:25.994570

06y26pjuwzj >> End >> 2020-07-29 07:28:26.120642

s50z3jrg2fc >> Start >> 2020-07-29 07:40:10.228862

s50z3jrg2fc >> Image Returned >> 2020-07-29 07:40:10.233622

s50z3jrg2fc >> End >> 2020-07-29 07:40:10.370074

h88j4w3m2v7 >> Start >> 2020-07-29 07:48:42.205651

h88j4w3m2v7 >> Image Returned >> 2020-07-29 07:48:42.209498

h88j4w3m2v7 >> End >> 2020-07-29 07:48:42.355065

c6dtbuszsdm >> Start >> 2020-07-29 08:06:18.861280

c6dtbuszsdm >> Image Returned >> 2020-07-29 08:06:18.865462

c6dtbuszsdm >> End >> 2020-07-29 08:06:19.006566

gbnbfm8diu3 >> Start >> 2020-07-29 08:13:31.416976

gbnbfm8diu3 >> Image Returned >> 2020-07-29 08:13:31.420870

gbnbfm8diu3 >> End >> 2020-07-29 08:13:31.563679

8nkuyzhxwyq >> Start >> 2020-07-29 08:20:08.329323

8nkuyzhxwyq >> Image Returned >> 2020-07-29 08:20:08.333178

8nkuyzhxwyq >> End >> 2020-07-29 08:20:08.475480

ejnnaj34iif >> Start >> 2020-07-29 08:32:43.603868

ejnnaj34iif >> Image Returned >> 2020-07-29 08:32:43.608120

ejnnaj34iif >> End >> 2020-07-29 08:32:43.750415

zpse3gqoeo7 >> Start >> 2020-07-29 08:50:47.955030

zpse3gqoeo7 >> Image Returned >> 2020-07-29 08:50:47.958304

zpse3gqoeo7 >> End >> 2020-07-29 08:50:48.099663

bh5fhyyj2j3 >> Start >> 2020-07-29 08:55:58.159553

bh5fhyyj2j3 >> Image Returned >> 2020-07-29 08:55:58.162864

bh5fhyyj2j3 >> End >> 2020-07-29 08:55:58.306627

x58r7fuabyu >> Start >> 2020-07-29 08:57:19.459175

x58r7fuabyu >> Image Returned >> 2020-07-29 08:57:19.463046

x58r7fuabyu >> End >> 2020-07-29 08:57:19.605067

dczkxbg4smm >> Start >> 2020-07-29 09:01:44.015553

dczkxbg4smm >> Image Returned >> 2020-07-29 09:01:44.019095

dczkxbg4smm >> End >> 2020-07-29 09:01:44.188524

tr7qrymjiou >> Start >> 2020-07-29 09:14:26.075284

tr7qrymjiou >> Image Returned >> 2020-07-29 09:14:26.079097

tr7qrymjiou >> End >> 2020-07-29 09:14:26.227456

rjwprjtb2yb >> Start >> 2020-07-29 09:14:28.580650

rjwprjtb2yb >> Image Returned >> 2020-07-29 09:14:28.580971

rjwprjtb2yb >> End >> 2020-07-29 09:14:28.731363

ikiz857vv83 >> Start >> 2020-07-29 09:14:33.158710

ikiz857vv83 >> Image Returned >> 2020-07-29 09:14:33.159029

ikiz857vv83 >> End >> 2020-07-29 09:14:33.300000

hx3dz043d7b >> Start >> 2020-07-29 09:17:36.930777

hx3dz043d7b >> Image Returned >> 2020-07-29 09:17:36.934093

hx3dz043d7b >> End >> 2020-07-29 09:17:37.075398

httehz30okq >> Start >> 2020-07-29 09:25:20.349221

httehz30okq >> Image Returned >> 2020-07-29 09:25:20.353137

httehz30okq >> End >> 2020-07-29 09:25:20.495491

vovz8fa7xpz >> Start >> 2020-07-29 09:27:41.963934

vovz8fa7xpz >> Image Returned >> 2020-07-29 09:27:41.967629

vovz8fa7xpz >> End >> 2020-07-29 09:27:42.105179

smordg37w46 >> Start >> 2020-07-29 09:30:27.199214

smordg37w46 >> Image Returned >> 2020-07-29 09:30:27.203187

smordg37w46 >> End >> 2020-07-29 09:30:27.351686

gwhfw05ky06 >> Start >> 2020-07-29 09:36:14.134166

gwhfw05ky06 >> Image Returned >> 2020-07-29 09:36:14.138135

gwhfw05ky06 >> End >> 2020-07-29 09:36:14.270837

bvcj4t8n6mh >> Start >> 2020-07-29 09:40:35.097903

bvcj4t8n6mh >> Image Returned >> 2020-07-29 09:40:35.101991

bvcj4t8n6mh >> End >> 2020-07-29 09:40:35.242325

kwqvsy05hgz >> Start >> 2020-07-29 09:51:58.210776

kwqvsy05hgz >> Image Returned >> 2020-07-29 09:51:58.214958

kwqvsy05hgz >> End >> 2020-07-29 09:51:58.357702

r8x5matq7q7 >> Start >> 2020-07-29 09:54:17.038347

r8x5matq7q7 >> Image Returned >> 2020-07-29 09:54:17.043318

r8x5matq7q7 >> End >> 2020-07-29 09:54:17.205218

mxd6u77woju >> Start >> 2020-07-29 09:55:16.697632

mxd6u77woju >> Image Returned >> 2020-07-29 09:55:16.701699

mxd6u77woju >> End >> 2020-07-29 09:55:16.849704

h7chkke06rg >> Start >> 2020-07-29 10:01:03.119833

h7chkke06rg >> Image Returned >> 2020-07-29 10:01:03.123147

h7chkke06rg >> End >> 2020-07-29 10:01:03.266433

rcyxp5jc0bc >> Start >> 2020-07-29 10:02:43.644849

rcyxp5jc0bc >> Image Returned >> 2020-07-29 10:02:43.649208

rcyxp5jc0bc >> End >> 2020-07-29 10:02:43.799976

aydmggeiknj >> Start >> 2020-07-29 10:17:45.186263

aydmggeiknj >> Image Returned >> 2020-07-29 10:17:45.190500

aydmggeiknj >> End >> 2020-07-29 10:17:45.341507

03b8wb23hg2 >> Start >> 2020-07-29 10:18:44.426008

03b8wb23hg2 >> Image Returned >> 2020-07-29 10:18:44.430007

03b8wb23hg2 >> End >> 2020-07-29 10:18:44.579682

jotoc02mbrw >> Start >> 2020-07-29 10:23:10.151954

jotoc02mbrw >> Image Returned >> 2020-07-29 10:23:10.155225

jotoc02mbrw >> End >> 2020-07-29 10:23:10.294222

azmbuqzcuui >> Start >> 2020-07-29 10:43:26.077972

azmbuqzcuui >> Image Returned >> 2020-07-29 10:43:26.082643

azmbuqzcuui >> End >> 2020-07-29 10:43:26.224313

5pmrmj4vr3n >> Start >> 2020-07-29 10:52:12.984487

5pmrmj4vr3n >> Image Returned >> 2020-07-29 10:52:12.988044

5pmrmj4vr3n >> End >> 2020-07-29 10:52:13.119931

qvyq26yet07 >> Start >> 2020-07-29 10:53:59.243432

qvyq26yet07 >> Image Returned >> 2020-07-29 10:53:59.248222

qvyq26yet07 >> End >> 2020-07-29 10:53:59.390000

r5fo80oth3k >> Start >> 2020-07-29 10:57:39.153521

r5fo80oth3k >> Image Returned >> 2020-07-29 10:57:39.157351

r5fo80oth3k >> End >> 2020-07-29 10:57:39.289397

qaydbqtwnf8 >> Start >> 2020-07-29 11:14:57.438925

qaydbqtwnf8 >> Image Returned >> 2020-07-29 11:14:57.442368

qaydbqtwnf8 >> End >> 2020-07-29 11:14:57.581918

mkc3sqkmr7v >> Start >> 2020-07-29 11:15:05.197429

mkc3sqkmr7v >> Image Returned >> 2020-07-29 11:15:05.197756

mkc3sqkmr7v >> End >> 2020-07-29 11:15:05.341465

fb43rpbw8pd >> Start >> 2020-07-29 11:17:18.702034

fb43rpbw8pd >> Image Returned >> 2020-07-29 11:17:18.706294

fb43rpbw8pd >> End >> 2020-07-29 11:17:18.847729

7wcbgd2iinn >> Start >> 2020-07-29 11:21:53.338896

7wcbgd2iinn >> Image Returned >> 2020-07-29 11:21:53.342616

7wcbgd2iinn >> End >> 2020-07-29 11:21:53.485140

0a46dx6cmvz >> Start >> 2020-07-29 11:36:23.307435

0a46dx6cmvz >> Image Returned >> 2020-07-29 11:36:23.311427

0a46dx6cmvz >> End >> 2020-07-29 11:36:23.446434

r5tw4wvad54 >> Start >> 2020-07-29 11:38:51.607916

r5tw4wvad54 >> Image Returned >> 2020-07-29 11:38:51.611841

r5tw4wvad54 >> End >> 2020-07-29 11:38:51.755326

t0t50gqieu8 >> Start >> 2020-07-29 11:46:47.411338

t0t50gqieu8 >> Image Returned >> 2020-07-29 11:46:47.415472

t0t50gqieu8 >> End >> 2020-07-29 11:46:47.546863

jyqehqq68ju >> Start >> 2020-07-29 12:00:35.507010

jyqehqq68ju >> Image Returned >> 2020-07-29 12:00:35.511075

jyqehqq68ju >> End >> 2020-07-29 12:00:35.655967

wnchha0to8h >> Start >> 2020-07-29 12:31:58.846666

wnchha0to8h >> Image Returned >> 2020-07-29 12:31:58.850905

wnchha0to8h >> End >> 2020-07-29 12:31:58.993432

jhwugxqnm8a >> Start >> 2020-07-29 12:40:48.387129

jhwugxqnm8a >> Image Returned >> 2020-07-29 12:40:48.390464

jhwugxqnm8a >> End >> 2020-07-29 12:40:48.532006

7g5h58gs7io >> Start >> 2020-07-29 12:41:12.103079

7g5h58gs7io >> Image Returned >> 2020-07-29 12:41:12.106429

7g5h58gs7io >> End >> 2020-07-29 12:41:12.246936

imcxzi2aixz >> Start >> 2020-07-29 12:44:45.060489

imcxzi2aixz >> Image Returned >> 2020-07-29 12:44:45.065037

imcxzi2aixz >> End >> 2020-07-29 12:44:45.206005

mgwgjzz0wdh >> Start >> 2020-07-29 12:56:09.315663

mgwgjzz0wdh >> Image Returned >> 2020-07-29 12:56:09.319190

mgwgjzz0wdh >> End >> 2020-07-29 12:56:09.459407

efgmsrt0bh0 >> Start >> 2020-07-29 12:56:58.768129

efgmsrt0bh0 >> Image Returned >> 2020-07-29 12:56:58.772409

efgmsrt0bh0 >> End >> 2020-07-29 12:56:58.916723

c2747scyx4v >> Start >> 2020-07-29 12:59:52.939971

c2747scyx4v >> Image Returned >> 2020-07-29 12:59:52.944911

c2747scyx4v >> End >> 2020-07-29 12:59:53.089838

vbfre6eeixp >> Start >> 2020-07-29 13:03:02.222659

vbfre6eeixp >> Image Returned >> 2020-07-29 13:03:02.226630

vbfre6eeixp >> End >> 2020-07-29 13:03:02.369708

2wpztpp6owf >> Start >> 2020-07-29 13:03:04.291913

2wpztpp6owf >> Image Returned >> 2020-07-29 13:03:04.292213

2wpztpp6owf >> End >> 2020-07-29 13:03:04.430272

4xb4mc02jr8 >> Start >> 2020-07-29 13:11:35.097052

4xb4mc02jr8 >> Image Returned >> 2020-07-29 13:11:35.101094

4xb4mc02jr8 >> End >> 2020-07-29 13:11:35.245500

d4wzhe6ub8j >> Start >> 2020-07-29 13:23:47.177036

d4wzhe6ub8j >> Image Returned >> 2020-07-29 13:23:47.182555

d4wzhe6ub8j >> End >> 2020-07-29 13:23:47.319724

yw4p5qe0kat >> Start >> 2020-07-29 13:24:09.107448

yw4p5qe0kat >> Image Returned >> 2020-07-29 13:24:09.110832

yw4p5qe0kat >> End >> 2020-07-29 13:24:09.255027

2mppsr6tyd4 >> Start >> 2020-07-29 13:27:10.017194

2mppsr6tyd4 >> Image Returned >> 2020-07-29 13:27:10.021302

2mppsr6tyd4 >> End >> 2020-07-29 13:27:10.163225

5w7y7bx8ctd >> Start >> 2020-07-29 13:39:37.613459

5w7y7bx8ctd >> Image Returned >> 2020-07-29 13:39:37.618036

5w7y7bx8ctd >> End >> 2020-07-29 13:39:37.758662

rvt5usxd6st >> Start >> 2020-07-29 13:40:25.232422

rvt5usxd6st >> Image Returned >> 2020-07-29 13:40:25.237279

rvt5usxd6st >> End >> 2020-07-29 13:40:25.384589

yfkc5gcfwqk >> Start >> 2020-07-29 13:41:32.474947

yfkc5gcfwqk >> Image Returned >> 2020-07-29 13:41:32.479159

yfkc5gcfwqk >> End >> 2020-07-29 13:41:32.623303

vuyf8wzjpbe >> Start >> 2020-07-29 13:42:22.523402

vuyf8wzjpbe >> Image Returned >> 2020-07-29 13:42:22.526854

vuyf8wzjpbe >> End >> 2020-07-29 13:42:22.671082

5wzeyjac0hq >> Start >> 2020-07-29 13:43:36.472229

5wzeyjac0hq >> Image Returned >> 2020-07-29 13:43:36.477910

5wzeyjac0hq >> End >> 2020-07-29 13:43:36.619512

frm83m6zhok >> Start >> 2020-07-29 13:46:23.252041

frm83m6zhok >> Image Returned >> 2020-07-29 13:46:23.256011

frm83m6zhok >> End >> 2020-07-29 13:46:23.397998

25ysr0d8rqy >> Start >> 2020-07-29 13:54:17.581307

25ysr0d8rqy >> Image Returned >> 2020-07-29 13:54:17.584613

25ysr0d8rqy >> End >> 2020-07-29 13:54:17.727986

dx4tbkuom0p >> Start >> 2020-07-29 14:04:25.093298

dx4tbkuom0p >> Image Returned >> 2020-07-29 14:04:25.097752

dx4tbkuom0p >> End >> 2020-07-29 14:04:25.244155

m4et883xfxf >> Start >> 2020-07-29 14:24:57.444135

m4et883xfxf >> Image Returned >> 2020-07-29 14:24:57.447597

m4et883xfxf >> End >> 2020-07-29 14:24:57.588429

mreo6c5d437 >> Start >> 2020-07-29 14:32:42.543524

mreo6c5d437 >> Image Returned >> 2020-07-29 14:32:42.546850

mreo6c5d437 >> End >> 2020-07-29 14:32:42.689466

ab55x0ajkna >> Start >> 2020-07-29 14:32:55.484503

ab55x0ajkna >> Image Returned >> 2020-07-29 14:32:55.487845

ab55x0ajkna >> End >> 2020-07-29 14:32:55.625051

fg735bm760x >> Start >> 2020-07-29 14:38:08.978049

fg735bm760x >> Image Returned >> 2020-07-29 14:38:08.981534

fg735bm760x >> End >> 2020-07-29 14:38:09.137146

yh47vaqnrd8 >> Start >> 2020-07-29 14:38:43.869697

yh47vaqnrd8 >> Image Returned >> 2020-07-29 14:38:43.873827

yh47vaqnrd8 >> End >> 2020-07-29 14:38:44.051712

jdj8nnf8w8u >> Start >> 2020-07-29 14:38:52.473092

jdj8nnf8w8u >> Image Returned >> 2020-07-29 14:38:52.473382

jdj8nnf8w8u >> End >> 2020-07-29 14:38:52.618273

ricvo07gijh >> Start >> 2020-07-29 14:42:17.426615

ricvo07gijh >> Image Returned >> 2020-07-29 14:42:17.430116

ricvo07gijh >> End >> 2020-07-29 14:42:17.574038

ivdmneccpdn >> Start >> 2020-07-29 14:42:33.286406

ivdmneccpdn >> Image Returned >> 2020-07-29 14:42:33.290292

ivdmneccpdn >> End >> 2020-07-29 14:42:33.431664

7veasfupo0f >> Start >> 2020-07-29 14:48:46.695663

7veasfupo0f >> Image Returned >> 2020-07-29 14:48:46.700011

7veasfupo0f >> End >> 2020-07-29 14:48:46.843982

pwawkwidqjs >> Start >> 2020-07-29 15:04:17.550388

pwawkwidqjs >> Image Returned >> 2020-07-29 15:04:17.553970

pwawkwidqjs >> End >> 2020-07-29 15:04:17.699165

haphxkpev7a >> Start >> 2020-07-29 15:04:36.287506

haphxkpev7a >> Image Returned >> 2020-07-29 15:04:36.291589

haphxkpev7a >> End >> 2020-07-29 15:04:36.430761

q3arrbaar5n >> Start >> 2020-07-29 15:04:54.522459

q3arrbaar5n >> Image Returned >> 2020-07-29 15:04:54.525804

q3arrbaar5n >> End >> 2020-07-29 15:04:54.677334

2poui8bobns >> Start >> 2020-07-29 15:17:43.074584

2poui8bobns >> Image Returned >> 2020-07-29 15:17:43.078660

2poui8bobns >> End >> 2020-07-29 15:17:43.219561

7q8ao85o4qn >> Start >> 2020-07-29 15:22:41.520783

7q8ao85o4qn >> Image Returned >> 2020-07-29 15:22:41.525363

7q8ao85o4qn >> End >> 2020-07-29 15:22:41.665621

ukqmdc2yy3e >> Start >> 2020-07-29 15:24:50.938565

ukqmdc2yy3e >> Image Returned >> 2020-07-29 15:24:50.941941

ukqmdc2yy3e >> End >> 2020-07-29 15:24:51.078919

4pv375gfay7 >> Start >> 2020-07-29 15:30:36.033473

4pv375gfay7 >> Image Returned >> 2020-07-29 15:30:36.037945

4pv375gfay7 >> End >> 2020-07-29 15:30:36.181971

wt5rno3h5au >> Start >> 2020-07-29 15:33:04.415179

wt5rno3h5au >> Image Returned >> 2020-07-29 15:33:04.418531

wt5rno3h5au >> End >> 2020-07-29 15:33:04.563198

twpfdfeh8y3 >> Start >> 2020-07-29 15:33:17.971359

twpfdfeh8y3 >> Image Returned >> 2020-07-29 15:33:17.974749

twpfdfeh8y3 >> End >> 2020-07-29 15:33:18.117805

zyor3eczc0w >> Start >> 2020-07-29 16:00:28.190340

zyor3eczc0w >> Image Returned >> 2020-07-29 16:00:28.194480

zyor3eczc0w >> End >> 2020-07-29 16:00:28.337945

pn6m76epchx >> Start >> 2020-07-29 16:00:32.789355

pn6m76epchx >> Image Returned >> 2020-07-29 16:00:32.789644

pn6m76epchx >> End >> 2020-07-29 16:00:32.934154

jbqucnsaai7 >> Start >> 2020-07-29 16:01:19.935997

jbqucnsaai7 >> Image Returned >> 2020-07-29 16:01:19.939626

jbqucnsaai7 >> End >> 2020-07-29 16:01:20.081568

i24k054jit4 >> Start >> 2020-07-29 16:03:02.709572

i24k054jit4 >> Image Returned >> 2020-07-29 16:03:02.713010

i24k054jit4 >> End >> 2020-07-29 16:03:02.857145

h4cs6irq0zm >> Start >> 2020-07-29 16:11:23.933357

h4cs6irq0zm >> Image Returned >> 2020-07-29 16:11:23.937483

h4cs6irq0zm >> End >> 2020-07-29 16:11:24.079788

xogohf86ktd >> Start >> 2020-07-29 16:14:20.310569

xogohf86ktd >> Image Returned >> 2020-07-29 16:14:20.313889

xogohf86ktd >> End >> 2020-07-29 16:14:20.450728

bu6uhossnvy >> Start >> 2020-07-29 16:20:30.400602

bu6uhossnvy >> Image Returned >> 2020-07-29 16:20:30.405482

bu6uhossnvy >> End >> 2020-07-29 16:20:30.529277

roxhftiifvd >> Start >> 2020-07-29 16:23:42.974900

roxhftiifvd >> Image Returned >> 2020-07-29 16:23:42.979182

roxhftiifvd >> End >> 2020-07-29 16:23:43.120461

zaukdkejoyi >> Start >> 2020-07-29 16:30:30.241550

zaukdkejoyi >> Image Returned >> 2020-07-29 16:30:30.245768

zaukdkejoyi >> End >> 2020-07-29 16:30:30.389823

nzjdfbpopu6 >> Start >> 2020-07-29 16:32:31.396090

nzjdfbpopu6 >> Image Returned >> 2020-07-29 16:32:31.400949

nzjdfbpopu6 >> End >> 2020-07-29 16:32:31.540543

oeihagz20jo >> Start >> 2020-07-29 16:43:35.972934

oeihagz20jo >> Image Returned >> 2020-07-29 16:43:35.978318

oeihagz20jo >> End >> 2020-07-29 16:43:36.121257

dntif6vbfak >> Start >> 2020-07-29 17:04:48.659297

dntif6vbfak >> Image Returned >> 2020-07-29 17:04:48.663367

dntif6vbfak >> End >> 2020-07-29 17:04:48.812926

e7erc3y3tqx >> Start >> 2020-07-29 17:07:44.479413

e7erc3y3tqx >> Image Returned >> 2020-07-29 17:07:44.484450

e7erc3y3tqx >> End >> 2020-07-29 17:07:44.635938

cjk8w5u86p6 >> Start >> 2020-07-29 17:13:15.141788

cjk8w5u86p6 >> Image Returned >> 2020-07-29 17:13:15.145333

cjk8w5u86p6 >> End >> 2020-07-29 17:13:15.288464

zcgidj2xm6p >> Start >> 2020-07-29 17:25:04.991308

zcgidj2xm6p >> Image Returned >> 2020-07-29 17:25:04.995398

zcgidj2xm6p >> End >> 2020-07-29 17:25:05.139704

atggwt0a8gj >> Start >> 2020-07-29 17:51:24.419287

atggwt0a8gj >> Image Returned >> 2020-07-29 17:51:24.423012

atggwt0a8gj >> End >> 2020-07-29 17:51:24.561809

fp2uurnwtfm >> Start >> 2020-07-29 17:55:03.166146

fp2uurnwtfm >> Image Returned >> 2020-07-29 17:55:03.170366

fp2uurnwtfm >> End >> 2020-07-29 17:55:03.312979

rvzvxyvufob >> Start >> 2020-07-29 18:13:12.092451

rvzvxyvufob >> Image Returned >> 2020-07-29 18:13:12.095997

rvzvxyvufob >> End >> 2020-07-29 18:13:12.238635

04ja0pcpyam >> Start >> 2020-07-29 18:16:24.041838

04ja0pcpyam >> Image Returned >> 2020-07-29 18:16:24.045221

04ja0pcpyam >> End >> 2020-07-29 18:16:24.193267

0fw76us4umv >> Start >> 2020-07-29 18:21:03.628061

0fw76us4umv >> Image Returned >> 2020-07-29 18:21:03.632736

0fw76us4umv >> End >> 2020-07-29 18:21:03.778470

niqw5255srg >> Start >> 2020-07-29 18:21:21.153067

niqw5255srg >> Image Returned >> 2020-07-29 18:21:21.156502

niqw5255srg >> End >> 2020-07-29 18:21:21.297677

0nczajety5k >> Start >> 2020-07-29 18:23:11.812690

0nczajety5k >> Image Returned >> 2020-07-29 18:23:11.816718

0nczajety5k >> End >> 2020-07-29 18:23:11.961056

reijrsr4x0x >> Start >> 2020-07-29 18:25:30.808857

reijrsr4x0x >> Image Returned >> 2020-07-29 18:25:30.812815

reijrsr4x0x >> End >> 2020-07-29 18:25:30.954571

sqdndz3cf4y >> Start >> 2020-07-29 18:31:55.774048

sqdndz3cf4y >> Image Returned >> 2020-07-29 18:31:55.778265

sqdndz3cf4y >> End >> 2020-07-29 18:31:55.916677

m6cbovwm70q >> Start >> 2020-07-29 18:34:11.736387

m6cbovwm70q >> Image Returned >> 2020-07-29 18:34:11.739869

m6cbovwm70q >> End >> 2020-07-29 18:34:11.882493

7h3pkyy2jyy >> Start >> 2020-07-29 18:34:50.587528

7h3pkyy2jyy >> Image Returned >> 2020-07-29 18:34:50.591799

7h3pkyy2jyy >> End >> 2020-07-29 18:34:50.733588

2rbki36ufum >> Start >> 2020-07-29 18:36:23.015429

2rbki36ufum >> Image Returned >> 2020-07-29 18:36:23.019653

2rbki36ufum >> End >> 2020-07-29 18:36:23.160551

dfxs7ym6ygi >> Start >> 2020-07-29 18:47:13.554601

dfxs7ym6ygi >> Image Returned >> 2020-07-29 18:47:13.558259

dfxs7ym6ygi >> End >> 2020-07-29 18:47:13.696146

72hu6uhxjzy >> Start >> 2020-07-29 18:58:24.384977

72hu6uhxjzy >> Image Returned >> 2020-07-29 18:58:24.391196

72hu6uhxjzy >> End >> 2020-07-29 18:58:24.532982

eagmewmfq7b >> Start >> 2020-07-29 19:16:54.567277

eagmewmfq7b >> Image Returned >> 2020-07-29 19:16:54.571551

eagmewmfq7b >> End >> 2020-07-29 19:16:54.716924

vpxi4im5qa4 >> Start >> 2020-07-29 19:22:29.594917

vpxi4im5qa4 >> Image Returned >> 2020-07-29 19:22:29.602766

vpxi4im5qa4 >> End >> 2020-07-29 19:22:29.749758

uim8zsh0ivz >> Start >> 2020-07-29 19:36:45.255192

uim8zsh0ivz >> Image Returned >> 2020-07-29 19:36:45.259788

uim8zsh0ivz >> End >> 2020-07-29 19:36:45.396599

55kx7c325my >> Start >> 2020-07-29 19:37:07.026595

55kx7c325my >> Image Returned >> 2020-07-29 19:37:07.029937

55kx7c325my >> End >> 2020-07-29 19:37:07.171013

cp6at7qmni6 >> Start >> 2020-07-29 19:42:39.225583

cp6at7qmni6 >> Image Returned >> 2020-07-29 19:42:39.230556

cp6at7qmni6 >> End >> 2020-07-29 19:42:39.368611

mqg6k36qwyn >> Start >> 2020-07-29 19:55:06.951551

mqg6k36qwyn >> Image Returned >> 2020-07-29 19:55:06.955816

mqg6k36qwyn >> End >> 2020-07-29 19:55:07.097635

fdgsnxrxj3s >> Start >> 2020-07-29 20:09:54.909070

fdgsnxrxj3s >> Image Returned >> 2020-07-29 20:09:54.912544

fdgsnxrxj3s >> End >> 2020-07-29 20:09:55.053864

nbkqwdgjatg >> Start >> 2020-07-29 20:24:45.439501

nbkqwdgjatg >> Image Returned >> 2020-07-29 20:24:45.443856

nbkqwdgjatg >> End >> 2020-07-29 20:24:45.593949

cmkhtduk5wz >> Start >> 2020-07-29 20:36:30.494777

cmkhtduk5wz >> Image Returned >> 2020-07-29 20:36:30.499380

cmkhtduk5wz >> End >> 2020-07-29 20:36:30.642936

jymwm3v5hw0 >> Start >> 2020-07-29 20:38:07.421700

jymwm3v5hw0 >> Image Returned >> 2020-07-29 20:38:07.426513

jymwm3v5hw0 >> End >> 2020-07-29 20:38:07.562772

ukhujzcjufm >> Start >> 2020-07-29 20:45:54.100389

ukhujzcjufm >> Image Returned >> 2020-07-29 20:45:54.105335

ukhujzcjufm >> End >> 2020-07-29 20:45:54.250422

ipuryo43w6t >> Start >> 2020-07-29 21:02:49.154750

ipuryo43w6t >> Image Returned >> 2020-07-29 21:02:49.160340

ipuryo43w6t >> End >> 2020-07-29 21:02:49.325006

iyw78hs0v4w >> Start >> 2020-07-29 21:04:21.968101

iyw78hs0v4w >> Image Returned >> 2020-07-29 21:04:21.971957

iyw78hs0v4w >> End >> 2020-07-29 21:04:22.115232

ak2qfkvni0s >> Start >> 2020-07-29 21:14:19.816746

ak2qfkvni0s >> Image Returned >> 2020-07-29 21:14:19.820344

ak2qfkvni0s >> End >> 2020-07-29 21:14:19.959994

t4newwitn3v >> Start >> 2020-07-29 21:22:15.890708

t4newwitn3v >> Image Returned >> 2020-07-29 21:22:15.896020

t4newwitn3v >> End >> 2020-07-29 21:22:16.034888

fr3t48foczc >> Start >> 2020-07-29 21:24:25.922744

fr3t48foczc >> Image Returned >> 2020-07-29 21:24:25.926362

fr3t48foczc >> End >> 2020-07-29 21:24:26.060091

4vy6hi6uud0 >> Start >> 2020-07-29 21:31:48.621027

4vy6hi6uud0 >> Image Returned >> 2020-07-29 21:31:48.625588

4vy6hi6uud0 >> End >> 2020-07-29 21:31:48.761682

hokk4juzpui >> Start >> 2020-07-29 21:43:05.653723

hokk4juzpui >> Image Returned >> 2020-07-29 21:43:05.657541

hokk4juzpui >> End >> 2020-07-29 21:43:05.792715

pyucb2xrxac >> Start >> 2020-07-29 21:43:18.821345

pyucb2xrxac >> Image Returned >> 2020-07-29 21:43:18.824857

pyucb2xrxac >> End >> 2020-07-29 21:43:18.963228

q4u7w4b6k7j >> Start >> 2020-07-29 21:44:24.786480

q4u7w4b6k7j >> Image Returned >> 2020-07-29 21:44:24.789958

q4u7w4b6k7j >> End >> 2020-07-29 21:44:24.942703

a4iprtvzihe >> Start >> 2020-07-29 21:44:52.940028

a4iprtvzihe >> Image Returned >> 2020-07-29 21:44:52.944247

a4iprtvzihe >> End >> 2020-07-29 21:44:53.088583

3fmum5reecn >> Start >> 2020-07-29 21:49:50.711433

3fmum5reecn >> Image Returned >> 2020-07-29 21:49:50.715424

3fmum5reecn >> End >> 2020-07-29 21:49:50.864438

0e5wv5gpqdf >> Start >> 2020-07-29 21:57:41.453315

0e5wv5gpqdf >> Image Returned >> 2020-07-29 21:57:41.456989

0e5wv5gpqdf >> End >> 2020-07-29 21:57:41.602238

sxnyfjw4rgd >> Start >> 2020-07-29 21:58:10.286550

sxnyfjw4rgd >> Image Returned >> 2020-07-29 21:58:10.290241

sxnyfjw4rgd >> End >> 2020-07-29 21:58:10.433657

75tawbw4s0p >> Start >> 2020-07-29 21:58:26.225349

75tawbw4s0p >> Image Returned >> 2020-07-29 21:58:26.228856

75tawbw4s0p >> End >> 2020-07-29 21:58:26.369522

buoujjttb5x >> Start >> 2020-07-29 22:43:59.188030

buoujjttb5x >> Image Returned >> 2020-07-29 22:43:59.191823

buoujjttb5x >> End >> 2020-07-29 22:43:59.332154

0uo3dhzdzn3 >> Start >> 2020-07-29 22:47:43.309793

0uo3dhzdzn3 >> Image Returned >> 2020-07-29 22:47:43.314414

0uo3dhzdzn3 >> End >> 2020-07-29 22:47:43.450376

4u7u0ff2cfm >> Start >> 2020-07-29 23:08:28.077584

4u7u0ff2cfm >> Image Returned >> 2020-07-29 23:08:28.081842

4u7u0ff2cfm >> End >> 2020-07-29 23:08:28.229466

qsegitmrfok >> Start >> 2020-07-29 23:20:47.061670

qsegitmrfok >> Image Returned >> 2020-07-29 23:20:47.066169

qsegitmrfok >> End >> 2020-07-29 23:20:47.207000

u2tdemftfyi >> Start >> 2020-07-29 23:30:41.822721

u2tdemftfyi >> Image Returned >> 2020-07-29 23:30:41.827979

u2tdemftfyi >> End >> 2020-07-29 23:30:41.969577

