2774xh0xi2m >> Start >> 2020-09-11 00:06:22.095695

2774xh0xi2m >> Image Returned >> 2020-09-11 00:06:22.101486

2774xh0xi2m >> End >> 2020-09-11 00:06:22.255842

h2oshtewkf5 >> Start >> 2020-09-11 00:08:47.251708

h2oshtewkf5 >> Image Returned >> 2020-09-11 00:08:47.255551

h2oshtewkf5 >> End >> 2020-09-11 00:08:47.423590

322kktescka >> Start >> 2020-09-11 00:08:55.770170

322kktescka >> Image Returned >> 2020-09-11 00:08:55.770474

322kktescka >> End >> 2020-09-11 00:08:55.942435

hwdjvr2zzrt >> Start >> 2020-09-11 00:09:22.105153

hwdjvr2zzrt >> Image Returned >> 2020-09-11 00:09:22.108802

hwdjvr2zzrt >> End >> 2020-09-11 00:09:22.331844

tzoexqfifhs >> Start >> 2020-09-11 00:09:27.050483

tzoexqfifhs >> Image Returned >> 2020-09-11 00:09:27.050775

tzoexqfifhs >> End >> 2020-09-11 00:09:27.355094

caesakycrbw >> Start >> 2020-09-11 00:10:53.871961

caesakycrbw >> Image Returned >> 2020-09-11 00:10:53.876193

caesakycrbw >> End >> 2020-09-11 00:11:30.732562

xd580zz28uu >> Start >> 2020-09-11 00:32:42.600112

xd580zz28uu >> Image Returned >> 2020-09-11 00:32:42.603837

xd580zz28uu >> End >> 2020-09-11 00:32:42.759423

t7m3n2pk5hi >> Start >> 2020-09-11 00:48:52.295707

t7m3n2pk5hi >> Image Returned >> 2020-09-11 00:48:52.300174

t7m3n2pk5hi >> End >> 2020-09-11 00:48:52.453318

gxis67j2834 >> Start >> 2020-09-11 01:04:23.977638

gxis67j2834 >> Image Returned >> 2020-09-11 01:04:23.981627

gxis67j2834 >> End >> 2020-09-11 01:04:24.155574

s2du52dux4u >> Start >> 2020-09-11 01:39:15.610466

s2du52dux4u >> Image Returned >> 2020-09-11 01:39:15.616216

s2du52dux4u >> End >> 2020-09-11 01:39:15.769203

mtosmz8k3zk >> Start >> 2020-09-11 01:51:12.038851

mtosmz8k3zk >> Image Returned >> 2020-09-11 01:51:12.043150

mtosmz8k3zk >> End >> 2020-09-11 01:51:12.195472

0idyin4hyxb >> Start >> 2020-09-11 01:54:43.120517

0idyin4hyxb >> Image Returned >> 2020-09-11 01:54:43.124387

0idyin4hyxb >> End >> 2020-09-11 01:54:43.287420

bghtdz4dsch >> Start >> 2020-09-11 01:56:06.276530

bghtdz4dsch >> Image Returned >> 2020-09-11 01:56:06.280265

bghtdz4dsch >> End >> 2020-09-11 01:56:06.453577

5foznuq8inx >> Start >> 2020-09-11 02:17:00.709522

5foznuq8inx >> Image Returned >> 2020-09-11 02:17:00.714087

5foznuq8inx >> End >> 2020-09-11 02:17:00.871948

wqxuzxdqw8h >> Start >> 2020-09-11 03:19:13.137733

wqxuzxdqw8h >> Image Returned >> 2020-09-11 03:19:13.142041

wqxuzxdqw8h >> End >> 2020-09-11 03:19:13.299238

x3oi24abzxy >> Start >> 2020-09-11 03:31:03.165901

x3oi24abzxy >> Image Returned >> 2020-09-11 03:31:03.169756

x3oi24abzxy >> End >> 2020-09-11 03:31:03.342012

ahxfh56pr3d >> Start >> 2020-09-11 04:06:59.315062

ahxfh56pr3d >> Image Returned >> 2020-09-11 04:06:59.319299

ahxfh56pr3d >> End >> 2020-09-11 04:06:59.478607

sbd6uour6re >> Start >> 2020-09-11 04:28:22.777928

sbd6uour6re >> Image Returned >> 2020-09-11 04:28:22.782249

sbd6uour6re >> End >> 2020-09-11 04:28:22.945408

bkf7ji6osvx >> Start >> 2020-09-11 04:54:28.411494

bkf7ji6osvx >> Image Returned >> 2020-09-11 04:54:28.415627

bkf7ji6osvx >> End >> 2020-09-11 04:54:28.575934

2v0e6r534x4 >> Start >> 2020-09-11 05:17:03.353060

2v0e6r534x4 >> Image Returned >> 2020-09-11 05:17:03.357002

2v0e6r534x4 >> End >> 2020-09-11 05:17:03.513048

vsfbwxcacrz >> Start >> 2020-09-11 05:19:10.004282

vsfbwxcacrz >> Image Returned >> 2020-09-11 05:19:10.008982

vsfbwxcacrz >> End >> 2020-09-11 05:19:10.164797

ca3ticwcqhb >> Start >> 2020-09-11 05:32:50.393079

ca3ticwcqhb >> Image Returned >> 2020-09-11 05:32:50.396938

ca3ticwcqhb >> End >> 2020-09-11 05:32:50.550720

d8vn4o8kryt >> Start >> 2020-09-11 05:46:57.480304

d8vn4o8kryt >> Image Returned >> 2020-09-11 05:46:57.484491

d8vn4o8kryt >> End >> 2020-09-11 05:46:57.639761

77gtoh6a3tn >> Start >> 2020-09-11 06:23:13.942893

77gtoh6a3tn >> Image Returned >> 2020-09-11 06:23:13.947099

77gtoh6a3tn >> End >> 2020-09-11 06:23:14.116183

khhv4ad5t80 >> Start >> 2020-09-11 06:28:31.239423

khhv4ad5t80 >> Image Returned >> 2020-09-11 06:28:31.244240

khhv4ad5t80 >> End >> 2020-09-11 06:28:31.426559

cqr42dtdvbw >> Start >> 2020-09-11 06:41:55.206156

cqr42dtdvbw >> Image Returned >> 2020-09-11 06:41:55.210464

cqr42dtdvbw >> End >> 2020-09-11 06:41:55.364217

sxhxzmeqvhq >> Start >> 2020-09-11 06:43:57.531014

sxhxzmeqvhq >> Image Returned >> 2020-09-11 06:43:57.535514

sxhxzmeqvhq >> End >> 2020-09-11 06:43:57.706489

ifjzwo37nbr >> Start >> 2020-09-11 06:44:18.220242

ifjzwo37nbr >> Image Returned >> 2020-09-11 06:44:18.224026

ifjzwo37nbr >> End >> 2020-09-11 06:44:18.386727

yx3c6x7fi0i >> Start >> 2020-09-11 06:46:25.039848

yx3c6x7fi0i >> Image Returned >> 2020-09-11 06:46:25.043586

yx3c6x7fi0i >> End >> 2020-09-11 06:46:25.225030

pirweiwjm7n >> Start >> 2020-09-11 06:56:45.096646

pirweiwjm7n >> Image Returned >> 2020-09-11 06:56:45.102469

pirweiwjm7n >> End >> 2020-09-11 06:56:45.269037

z7w2eaf6vpq >> Start >> 2020-09-11 06:56:56.758652

z7w2eaf6vpq >> Image Returned >> 2020-09-11 06:56:56.758996

z7w2eaf6vpq >> End >> 2020-09-11 06:56:56.933803

wdqpx5g3dsx >> Start >> 2020-09-11 06:56:57.058795

wdqpx5g3dsx >> Image Returned >> 2020-09-11 06:56:57.059113

wdqpx5g3dsx >> End >> 2020-09-11 06:56:57.228622

3qi2ufzqwsr >> Start >> 2020-09-11 07:02:09.325819

3qi2ufzqwsr >> Image Returned >> 2020-09-11 07:02:09.329617

3qi2ufzqwsr >> End >> 2020-09-11 07:02:09.486212

644i2kockz6 >> Start >> 2020-09-11 07:02:10.868083

644i2kockz6 >> Image Returned >> 2020-09-11 07:02:10.868380

644i2kockz6 >> End >> 2020-09-11 07:02:11.027479

wgh55qvr2ui >> Start >> 2020-09-11 07:05:31.902245

wgh55qvr2ui >> Image Returned >> 2020-09-11 07:05:31.908428

wgh55qvr2ui >> End >> 2020-09-11 07:05:32.064560

j2fmemn5783 >> Start >> 2020-09-11 07:06:02.741209

j2fmemn5783 >> Image Returned >> 2020-09-11 07:06:02.745544

j2fmemn5783 >> End >> 2020-09-11 07:06:02.914022

3uvfs4trmrp >> Start >> 2020-09-11 07:06:41.036082

3uvfs4trmrp >> Image Returned >> 2020-09-11 07:06:41.039762

3uvfs4trmrp >> End >> 2020-09-11 07:06:41.192431

u60wi55jz2o >> Start >> 2020-09-11 07:10:14.306984

u60wi55jz2o >> Image Returned >> 2020-09-11 07:10:14.310710

u60wi55jz2o >> End >> 2020-09-11 07:10:14.474379

5w2tcdjnsem >> Start >> 2020-09-11 07:11:37.377193

5w2tcdjnsem >> Image Returned >> 2020-09-11 07:11:37.381829

5w2tcdjnsem >> End >> 2020-09-11 07:11:37.551762

cnuyduaueas >> Start >> 2020-09-11 07:12:29.530349

cnuyduaueas >> Image Returned >> 2020-09-11 07:12:29.534039

cnuyduaueas >> End >> 2020-09-11 07:12:29.686311

506g8s8ce0b >> Start >> 2020-09-11 07:14:09.467371

506g8s8ce0b >> Image Returned >> 2020-09-11 07:14:09.471972

506g8s8ce0b >> End >> 2020-09-11 07:14:09.626307

oyg2xjfmmcu >> Start >> 2020-09-11 07:16:40.619194

oyg2xjfmmcu >> Image Returned >> 2020-09-11 07:16:40.623017

oyg2xjfmmcu >> End >> 2020-09-11 07:16:40.786736

67qn0tjapbf >> Start >> 2020-09-11 07:25:27.189037

67qn0tjapbf >> Image Returned >> 2020-09-11 07:25:27.193254

67qn0tjapbf >> End >> 2020-09-11 07:25:27.344197

rxsqnxxdtak >> Start >> 2020-09-11 07:25:38.304171

rxsqnxxdtak >> Image Returned >> 2020-09-11 07:25:38.304483

rxsqnxxdtak >> End >> 2020-09-11 07:25:38.463963

0v05fzn2gwn >> Start >> 2020-09-11 07:25:38.558624

0v05fzn2gwn >> Image Returned >> 2020-09-11 07:25:38.558965

0v05fzn2gwn >> End >> 2020-09-11 07:25:38.746762

k6ttz6squ7y >> Start >> 2020-09-11 07:27:39.146244

k6ttz6squ7y >> Image Returned >> 2020-09-11 07:27:39.151551

k6ttz6squ7y >> End >> 2020-09-11 07:27:39.321073

y4v28r6sxdt >> Start >> 2020-09-11 07:34:47.528729

y4v28r6sxdt >> Image Returned >> 2020-09-11 07:34:47.532923

y4v28r6sxdt >> End >> 2020-09-11 07:34:47.689393

8q5vy2uj6vn >> Start >> 2020-09-11 07:39:01.952269

8q5vy2uj6vn >> Image Returned >> 2020-09-11 07:39:01.956582

8q5vy2uj6vn >> End >> 2020-09-11 07:39:02.109107

apd62mzwx5p >> Start >> 2020-09-11 07:42:25.391185

apd62mzwx5p >> Image Returned >> 2020-09-11 07:42:25.395709

apd62mzwx5p >> End >> 2020-09-11 07:42:25.594326

qxc0s33tqcy >> Start >> 2020-09-11 07:43:32.092413

qxc0s33tqcy >> Image Returned >> 2020-09-11 07:43:32.096657

qxc0s33tqcy >> End >> 2020-09-11 07:43:32.257977

xnk46vpb4rh >> Start >> 2020-09-11 07:44:05.092952

xnk46vpb4rh >> Image Returned >> 2020-09-11 07:44:05.097676

xnk46vpb4rh >> End >> 2020-09-11 07:44:05.249315

spoahtyf3av >> Start >> 2020-09-11 08:03:19.349129

spoahtyf3av >> Image Returned >> 2020-09-11 08:03:19.353373

spoahtyf3av >> End >> 2020-09-11 08:03:19.485676

76n5sofh5r0 >> Start >> 2020-09-11 08:03:50.276551

76n5sofh5r0 >> Image Returned >> 2020-09-11 08:03:50.281204

76n5sofh5r0 >> End >> 2020-09-11 08:03:50.456423

nkpxcygkjp5 >> Start >> 2020-09-11 08:05:18.751915

nkpxcygkjp5 >> Image Returned >> 2020-09-11 08:05:18.755609

nkpxcygkjp5 >> End >> 2020-09-11 08:05:18.916311

hzudbkh5fbr >> Start >> 2020-09-11 08:10:48.671194

hzudbkh5fbr >> Image Returned >> 2020-09-11 08:10:48.676361

hzudbkh5fbr >> End >> 2020-09-11 08:10:48.854262

8qpnw88y8kf >> Start >> 2020-09-11 08:11:00.021193

8qpnw88y8kf >> Image Returned >> 2020-09-11 08:11:00.025017

8qpnw88y8kf >> End >> 2020-09-11 08:11:00.176634

oxucaxid0dg >> Start >> 2020-09-11 08:15:35.842639

oxucaxid0dg >> Image Returned >> 2020-09-11 08:15:35.848006

oxucaxid0dg >> End >> 2020-09-11 08:15:36.017040

uknoridn375 >> Start >> 2020-09-11 08:18:03.618007

uknoridn375 >> Image Returned >> 2020-09-11 08:18:03.622239

uknoridn375 >> End >> 2020-09-11 08:18:03.792045

xp6maerqq5v >> Start >> 2020-09-11 08:24:57.901160

xp6maerqq5v >> Image Returned >> 2020-09-11 08:24:57.905381

xp6maerqq5v >> End >> 2020-09-11 08:24:58.062983

4kczqvycidp >> Start >> 2020-09-11 08:25:28.561197

4kczqvycidp >> Image Returned >> 2020-09-11 08:25:28.566580

4kczqvycidp >> End >> 2020-09-11 08:25:28.727468

p7qmjni5ibk >> Start >> 2020-09-11 08:27:52.423960

p7qmjni5ibk >> Image Returned >> 2020-09-11 08:27:52.428361

p7qmjni5ibk >> End >> 2020-09-11 08:27:52.589113

w0fy26samgb >> Start >> 2020-09-11 08:36:44.723721

w0fy26samgb >> Image Returned >> 2020-09-11 08:36:44.728434

w0fy26samgb >> End >> 2020-09-11 08:36:44.887001

etewksfqpoh >> Start >> 2020-09-11 08:59:16.676799

etewksfqpoh >> Image Returned >> 2020-09-11 08:59:16.680746

etewksfqpoh >> End >> 2020-09-11 08:59:16.842820

8zv8hkp6jpk >> Start >> 2020-09-11 09:01:37.409066

8zv8hkp6jpk >> Image Returned >> 2020-09-11 09:01:37.412820

8zv8hkp6jpk >> End >> 2020-09-11 09:01:37.566010

p8e7mu8zvck >> Start >> 2020-09-11 09:10:35.933994

p8e7mu8zvck >> Image Returned >> 2020-09-11 09:10:35.937735

p8e7mu8zvck >> End >> 2020-09-11 09:10:36.096636

ntjj0sxc8zk >> Start >> 2020-09-11 09:11:57.590567

ntjj0sxc8zk >> Image Returned >> 2020-09-11 09:11:57.594774

ntjj0sxc8zk >> End >> 2020-09-11 09:11:57.744868

2keka6g78gv >> Start >> 2020-09-11 09:12:11.357059

2keka6g78gv >> Image Returned >> 2020-09-11 09:12:11.360975

2keka6g78gv >> End >> 2020-09-11 09:12:11.536720

5ik244k3g84 >> Start >> 2020-09-11 09:12:17.411463

5ik244k3g84 >> Image Returned >> 2020-09-11 09:12:17.411758

5ik244k3g84 >> End >> 2020-09-11 09:12:17.581952

wvpvionaoxz >> Start >> 2020-09-11 09:14:05.547641

wvpvionaoxz >> Image Returned >> 2020-09-11 09:14:05.551620

wvpvionaoxz >> End >> 2020-09-11 09:14:05.712095

8x6emak72yv >> Start >> 2020-09-11 09:15:34.586687

8x6emak72yv >> Image Returned >> 2020-09-11 09:15:34.590598

8x6emak72yv >> End >> 2020-09-11 09:15:34.770422

qnzgmpx43i8 >> Start >> 2020-09-11 09:15:39.178895

qnzgmpx43i8 >> Image Returned >> 2020-09-11 09:15:39.179203

qnzgmpx43i8 >> End >> 2020-09-11 09:15:39.333173

stdah2ffu58 >> Start >> 2020-09-11 09:19:10.975480

stdah2ffu58 >> Image Returned >> 2020-09-11 09:19:10.981018

stdah2ffu58 >> End >> 2020-09-11 09:19:11.142785

dzyw6zfscq2 >> Start >> 2020-09-11 09:20:53.925095

dzyw6zfscq2 >> Image Returned >> 2020-09-11 09:20:53.929374

dzyw6zfscq2 >> End >> 2020-09-11 09:20:54.097121

pky3668xrxh >> Start >> 2020-09-11 09:23:04.589795

pky3668xrxh >> Image Returned >> 2020-09-11 09:23:04.594433

pky3668xrxh >> End >> 2020-09-11 09:23:04.756697

rc342hdrkkn >> Start >> 2020-09-11 09:23:06.893517

rc342hdrkkn >> Image Returned >> 2020-09-11 09:23:06.893815

rc342hdrkkn >> End >> 2020-09-11 09:23:07.061995

ouwevvwb56i >> Start >> 2020-09-11 09:29:18.003422

ouwevvwb56i >> Image Returned >> 2020-09-11 09:29:18.008582

ouwevvwb56i >> End >> 2020-09-11 09:29:18.168461

7cfmwkkum75 >> Start >> 2020-09-11 09:30:04.019404

7cfmwkkum75 >> Image Returned >> 2020-09-11 09:30:04.023221

7cfmwkkum75 >> End >> 2020-09-11 09:30:04.186372

3d05njak244 >> Start >> 2020-09-11 09:43:34.190210

3d05njak244 >> Image Returned >> 2020-09-11 09:43:34.193994

3d05njak244 >> End >> 2020-09-11 09:43:34.366319

5vhwcix5j83 >> Start >> 2020-09-11 09:43:47.093816

5vhwcix5j83 >> Image Returned >> 2020-09-11 09:43:47.098181

5vhwcix5j83 >> End >> 2020-09-11 09:43:47.251674

vpwwewshcvj >> Start >> 2020-09-11 09:45:41.236548

vpwwewshcvj >> Image Returned >> 2020-09-11 09:45:41.240433

vpwwewshcvj >> End >> 2020-09-11 09:45:41.406310

oy6ewcpkoms >> Start >> 2020-09-11 09:46:39.821775

oy6ewcpkoms >> Image Returned >> 2020-09-11 09:46:39.825534

oy6ewcpkoms >> End >> 2020-09-11 09:46:39.993542

6vyr4tksug8 >> Start >> 2020-09-11 09:49:44.963351

6vyr4tksug8 >> Image Returned >> 2020-09-11 09:49:44.967156

6vyr4tksug8 >> End >> 2020-09-11 09:49:45.141573

qiar8nuaxtx >> Start >> 2020-09-11 09:49:57.173840

qiar8nuaxtx >> Image Returned >> 2020-09-11 09:49:57.178224

qiar8nuaxtx >> End >> 2020-09-11 09:49:57.362621

86wj0hpd6h4 >> Start >> 2020-09-11 09:49:58.068888

86wj0hpd6h4 >> Image Returned >> 2020-09-11 09:49:58.069190

86wj0hpd6h4 >> End >> 2020-09-11 09:49:58.220952

t4uyfje8jjd >> Start >> 2020-09-11 09:51:36.437365

t4uyfje8jjd >> Image Returned >> 2020-09-11 09:51:36.441240

t4uyfje8jjd >> End >> 2020-09-11 09:51:36.600264

x0mx76uzjjz >> Start >> 2020-09-11 09:58:39.757678

x0mx76uzjjz >> Image Returned >> 2020-09-11 09:58:39.761522

x0mx76uzjjz >> End >> 2020-09-11 09:58:39.924628

fw6r55uibf8 >> Start >> 2020-09-11 09:59:40.058435

fw6r55uibf8 >> Image Returned >> 2020-09-11 09:59:40.062829

fw6r55uibf8 >> End >> 2020-09-11 09:59:40.240670

fb7gpnh6pro >> Start >> 2020-09-11 10:09:42.947828

fb7gpnh6pro >> Image Returned >> 2020-09-11 10:09:42.951746

fb7gpnh6pro >> End >> 2020-09-11 10:09:43.115242

gritmsq8uph >> Start >> 2020-09-11 10:23:14.847047

gritmsq8uph >> Image Returned >> 2020-09-11 10:23:14.851490

gritmsq8uph >> End >> 2020-09-11 10:23:15.017003

y5amj7q84f5 >> Start >> 2020-09-11 10:30:15.113559

y5amj7q84f5 >> Image Returned >> 2020-09-11 10:30:15.117959

y5amj7q84f5 >> End >> 2020-09-11 10:30:15.272094

nxq5g7k2266 >> Start >> 2020-09-11 10:30:25.954636

nxq5g7k2266 >> Image Returned >> 2020-09-11 10:30:25.954971

nxq5g7k2266 >> End >> 2020-09-11 10:30:26.110080

mkt6y8sbptp >> Start >> 2020-09-11 10:30:26.181370

mkt6y8sbptp >> Image Returned >> 2020-09-11 10:30:26.181667

mkt6y8sbptp >> End >> 2020-09-11 10:30:26.337481

7ntrk8fcca6 >> Start >> 2020-09-11 10:33:17.220473

7ntrk8fcca6 >> Image Returned >> 2020-09-11 10:33:17.224735

7ntrk8fcca6 >> End >> 2020-09-11 10:33:17.379765

8r74pv7gmqy >> Start >> 2020-09-11 10:33:56.682172

8r74pv7gmqy >> Image Returned >> 2020-09-11 10:33:56.686691

8r74pv7gmqy >> End >> 2020-09-11 10:33:56.842609

jx6g3epf4j4 >> Start >> 2020-09-11 10:38:16.596524

jx6g3epf4j4 >> Image Returned >> 2020-09-11 10:38:16.600323

jx6g3epf4j4 >> End >> 2020-09-11 10:38:16.769783

t24oz66k382 >> Start >> 2020-09-11 10:41:06.014739

t24oz66k382 >> Image Returned >> 2020-09-11 10:41:06.020045

t24oz66k382 >> End >> 2020-09-11 10:41:06.176533

6qrkrd6wwgw >> Start >> 2020-09-11 10:45:17.442388

6qrkrd6wwgw >> Image Returned >> 2020-09-11 10:45:17.446887

6qrkrd6wwgw >> End >> 2020-09-11 10:45:17.619498

42wpm0gyan8 >> Start >> 2020-09-11 10:45:24.632858

42wpm0gyan8 >> Image Returned >> 2020-09-11 10:45:24.633167

42wpm0gyan8 >> End >> 2020-09-11 10:45:24.788661

3a45hnv56i7 >> Start >> 2020-09-11 10:49:58.289704

3a45hnv56i7 >> Image Returned >> 2020-09-11 10:49:58.294914

3a45hnv56i7 >> End >> 2020-09-11 10:49:58.451391

vyocoe540we >> Start >> 2020-09-11 10:52:41.622853

vyocoe540we >> Image Returned >> 2020-09-11 10:52:41.626720

vyocoe540we >> End >> 2020-09-11 10:52:41.777404

zfxzmf8280u >> Start >> 2020-09-11 10:53:00.928236

zfxzmf8280u >> Image Returned >> 2020-09-11 10:53:00.932487

zfxzmf8280u >> End >> 2020-09-11 10:53:01.082026

4ewt3fyv7j7 >> Start >> 2020-09-11 11:02:31.041651

4ewt3fyv7j7 >> Image Returned >> 2020-09-11 11:02:31.046515

4ewt3fyv7j7 >> End >> 2020-09-11 11:02:31.208400

p5kkooizptm >> Start >> 2020-09-11 11:03:07.486773

p5kkooizptm >> Image Returned >> 2020-09-11 11:03:07.491266

p5kkooizptm >> End >> 2020-09-11 11:03:07.641402

cucdxjndbe5 >> Start >> 2020-09-11 11:03:29.488643

cucdxjndbe5 >> Image Returned >> 2020-09-11 11:03:29.492419

cucdxjndbe5 >> End >> 2020-09-11 11:03:29.653717

u5yfe65x5dg >> Start >> 2020-09-11 11:03:42.343303

u5yfe65x5dg >> Image Returned >> 2020-09-11 11:03:42.347090

u5yfe65x5dg >> End >> 2020-09-11 11:03:42.539005

zv8iatsj827 >> Start >> 2020-09-11 11:03:42.769501

zv8iatsj827 >> Image Returned >> 2020-09-11 11:03:42.769824

zv8iatsj827 >> End >> 2020-09-11 11:03:42.946259

0ib7u3ampbx >> Start >> 2020-09-11 11:06:05.881391

0ib7u3ampbx >> Image Returned >> 2020-09-11 11:06:05.885720

0ib7u3ampbx >> End >> 2020-09-11 11:06:06.043275

okpckaq0fwc >> Start >> 2020-09-11 11:10:03.278064

okpckaq0fwc >> Image Returned >> 2020-09-11 11:10:03.282282

okpckaq0fwc >> End >> 2020-09-11 11:10:03.469496

gzyvxsgxsdg >> Start >> 2020-09-11 11:14:37.883038

gzyvxsgxsdg >> Image Returned >> 2020-09-11 11:14:37.887578

gzyvxsgxsdg >> End >> 2020-09-11 11:14:38.073829

zkgh2uipow5 >> Start >> 2020-09-11 11:17:23.184415

zkgh2uipow5 >> Image Returned >> 2020-09-11 11:17:23.189259

zkgh2uipow5 >> End >> 2020-09-11 11:17:23.355233

ohrrrjjsh5w >> Start >> 2020-09-11 11:21:20.223836

ohrrrjjsh5w >> Image Returned >> 2020-09-11 11:21:20.228864

ohrrrjjsh5w >> End >> 2020-09-11 11:21:20.383213

icga0j55ymv >> Start >> 2020-09-11 11:25:15.445214

icga0j55ymv >> Image Returned >> 2020-09-11 11:25:15.449951

icga0j55ymv >> End >> 2020-09-11 11:25:15.606972

wcuijb2u348 >> Start >> 2020-09-11 11:25:17.344904

wcuijb2u348 >> Image Returned >> 2020-09-11 11:25:17.345212

wcuijb2u348 >> End >> 2020-09-11 11:25:17.513108

t6enwggs7fo >> Start >> 2020-09-11 11:26:00.462825

t6enwggs7fo >> Image Returned >> 2020-09-11 11:26:00.467541

t6enwggs7fo >> End >> 2020-09-11 11:26:00.628925

k5qmyqfzg52 >> Start >> 2020-09-11 11:26:18.642314

k5qmyqfzg52 >> Image Returned >> 2020-09-11 11:26:18.646116

k5qmyqfzg52 >> End >> 2020-09-11 11:26:18.807249

6agsvo2m34e >> Start >> 2020-09-11 11:31:51.800930

6agsvo2m34e >> Image Returned >> 2020-09-11 11:31:51.807120

6agsvo2m34e >> End >> 2020-09-11 11:31:51.963110

t26uumwsqvc >> Start >> 2020-09-11 11:37:30.608972

t26uumwsqvc >> Image Returned >> 2020-09-11 11:37:30.612864

t26uumwsqvc >> End >> 2020-09-11 11:37:30.763868

hden6pjhqgt >> Start >> 2020-09-11 11:37:56.164752

hden6pjhqgt >> Image Returned >> 2020-09-11 11:37:56.169349

hden6pjhqgt >> End >> 2020-09-11 11:37:56.331088

bk4x3vcai0d >> Start >> 2020-09-11 11:38:05.072509

bk4x3vcai0d >> Image Returned >> 2020-09-11 11:38:05.072943

bk4x3vcai0d >> End >> 2020-09-11 11:38:05.238811

jy0cq4wezp3 >> Start >> 2020-09-11 11:38:24.013427

jy0cq4wezp3 >> Image Returned >> 2020-09-11 11:38:24.017294

jy0cq4wezp3 >> End >> 2020-09-11 11:38:24.189563

xo57ovevzzq >> Start >> 2020-09-11 11:40:31.813167

xo57ovevzzq >> Image Returned >> 2020-09-11 11:40:31.818070

xo57ovevzzq >> End >> 2020-09-11 11:40:31.986449

cwqk2eedp5q >> Start >> 2020-09-11 11:40:40.920270

cwqk2eedp5q >> Image Returned >> 2020-09-11 11:40:40.920581

cwqk2eedp5q >> End >> 2020-09-11 11:40:41.087619

j5diwp4yiwh >> Start >> 2020-09-11 11:42:54.306081

j5diwp4yiwh >> Image Returned >> 2020-09-11 11:42:54.310508

j5diwp4yiwh >> End >> 2020-09-11 11:42:54.490964

vooq42qhmza >> Start >> 2020-09-11 11:48:10.654386

vooq42qhmza >> Image Returned >> 2020-09-11 11:48:10.659257

vooq42qhmza >> End >> 2020-09-11 11:48:10.834348

5xjnwyu538c >> Start >> 2020-09-11 11:49:22.940320

5xjnwyu538c >> Image Returned >> 2020-09-11 11:49:22.944628

5xjnwyu538c >> End >> 2020-09-11 11:49:23.099751

ywet8eo4673 >> Start >> 2020-09-11 11:50:13.551486

ywet8eo4673 >> Image Returned >> 2020-09-11 11:50:13.556205

ywet8eo4673 >> End >> 2020-09-11 11:50:13.719698

7dsra272467 >> Start >> 2020-09-11 11:50:33.671324

7dsra272467 >> Image Returned >> 2020-09-11 11:50:33.675256

7dsra272467 >> End >> 2020-09-11 11:50:33.829648

bngwhs87i0q >> Start >> 2020-09-11 11:52:26.103941

bngwhs87i0q >> Image Returned >> 2020-09-11 11:52:26.107772

bngwhs87i0q >> End >> 2020-09-11 11:52:26.269203

shqe4mxqaff >> Start >> 2020-09-11 11:52:47.653701

shqe4mxqaff >> Image Returned >> 2020-09-11 11:52:47.658045

shqe4mxqaff >> End >> 2020-09-11 11:52:47.814395

g2ngb4dc6i4 >> Start >> 2020-09-11 11:59:30.887589

g2ngb4dc6i4 >> Image Returned >> 2020-09-11 11:59:30.892011

g2ngb4dc6i4 >> End >> 2020-09-11 11:59:31.060338

kwzxtk2zzuf >> Start >> 2020-09-11 11:59:49.786457

kwzxtk2zzuf >> Image Returned >> 2020-09-11 11:59:49.792152

kwzxtk2zzuf >> End >> 2020-09-11 11:59:50.063735

nh8pa4gfcn4 >> Start >> 2020-09-11 11:59:50.492515

nh8pa4gfcn4 >> Image Returned >> 2020-09-11 11:59:50.492839

nh8pa4gfcn4 >> End >> 2020-09-11 11:59:50.671847

rcpexkugawb >> Start >> 2020-09-11 12:00:15.604410

rcpexkugawb >> Image Returned >> 2020-09-11 12:00:15.608256

rcpexkugawb >> End >> 2020-09-11 12:00:15.760844

kxuvvzpqj5f >> Start >> 2020-09-11 12:06:12.644788

kxuvvzpqj5f >> Image Returned >> 2020-09-11 12:06:12.649421

kxuvvzpqj5f >> End >> 2020-09-11 12:06:12.816523

32t4f60dvo6 >> Start >> 2020-09-11 12:08:28.071343

32t4f60dvo6 >> Image Returned >> 2020-09-11 12:08:28.075704

32t4f60dvo6 >> End >> 2020-09-11 12:08:28.236572

yspuj3e2a5q >> Start >> 2020-09-11 12:09:15.398192

yspuj3e2a5q >> Image Returned >> 2020-09-11 12:09:15.402530

yspuj3e2a5q >> End >> 2020-09-11 12:09:15.573707

hht5m4o4qr7 >> Start >> 2020-09-11 12:09:20.621270

hht5m4o4qr7 >> Image Returned >> 2020-09-11 12:09:20.621681

hht5m4o4qr7 >> End >> 2020-09-11 12:09:20.777442

tvq5gh6s4pg >> Start >> 2020-09-11 12:11:39.576576

tvq5gh6s4pg >> Image Returned >> 2020-09-11 12:11:39.580502

tvq5gh6s4pg >> End >> 2020-09-11 12:11:39.738171

07c3g4e4vuc >> Start >> 2020-09-11 12:15:49.057104

07c3g4e4vuc >> Image Returned >> 2020-09-11 12:15:49.060975

07c3g4e4vuc >> End >> 2020-09-11 12:15:49.240220

85a6an8qrfh >> Start >> 2020-09-11 12:18:32.795519

85a6an8qrfh >> Image Returned >> 2020-09-11 12:18:32.800220

85a6an8qrfh >> End >> 2020-09-11 12:18:32.953250

5c308ybg6s5 >> Start >> 2020-09-11 12:19:54.355581

5c308ybg6s5 >> Image Returned >> 2020-09-11 12:19:54.360471

5c308ybg6s5 >> End >> 2020-09-11 12:19:54.524775

87xg3m6hjza >> Start >> 2020-09-11 12:22:38.706201

87xg3m6hjza >> Image Returned >> 2020-09-11 12:22:38.713361

87xg3m6hjza >> End >> 2020-09-11 12:22:38.867674

igehsghigeg >> Start >> 2020-09-11 12:24:35.669296

igehsghigeg >> Image Returned >> 2020-09-11 12:24:35.673121

igehsghigeg >> End >> 2020-09-11 12:24:35.862087

7mfkia074n8 >> Start >> 2020-09-11 12:31:45.747920

7mfkia074n8 >> Image Returned >> 2020-09-11 12:31:45.751867

7mfkia074n8 >> End >> 2020-09-11 12:31:45.904458

ywgv87v4xb8 >> Start >> 2020-09-11 12:34:04.949347

ywgv87v4xb8 >> Image Returned >> 2020-09-11 12:34:04.953243

ywgv87v4xb8 >> End >> 2020-09-11 12:34:05.114905

ej2zpb485k2 >> Start >> 2020-09-11 12:39:27.870491

ej2zpb485k2 >> Image Returned >> 2020-09-11 12:39:27.875034

ej2zpb485k2 >> End >> 2020-09-11 12:39:28.033066

28zfv77va2m >> Start >> 2020-09-11 12:40:09.126996

28zfv77va2m >> Image Returned >> 2020-09-11 12:40:09.131431

28zfv77va2m >> End >> 2020-09-11 12:40:09.281375

ywzsdzji7fb >> Start >> 2020-09-11 12:40:19.769197

ywzsdzji7fb >> Image Returned >> 2020-09-11 12:40:19.769501

ywzsdzji7fb >> End >> 2020-09-11 12:40:19.918029

ikupopypndc >> Start >> 2020-09-11 12:41:59.045722

ikupopypndc >> Image Returned >> 2020-09-11 12:41:59.050820

ikupopypndc >> End >> 2020-09-11 12:41:59.207005

tqvzm0akymm >> Start >> 2020-09-11 12:43:06.230535

tqvzm0akymm >> Image Returned >> 2020-09-11 12:43:06.234980

tqvzm0akymm >> End >> 2020-09-11 12:43:06.420392

szuk3o52yqu >> Start >> 2020-09-11 12:43:21.204886

szuk3o52yqu >> Image Returned >> 2020-09-11 12:43:21.210727

szuk3o52yqu >> End >> 2020-09-11 12:43:21.371278

zxzu7wohy5j >> Start >> 2020-09-11 12:43:38.716690

zxzu7wohy5j >> Image Returned >> 2020-09-11 12:43:38.720594

zxzu7wohy5j >> End >> 2020-09-11 12:43:38.880455

2roxofy5cs8 >> Start >> 2020-09-11 12:47:35.219850

2roxofy5cs8 >> Image Returned >> 2020-09-11 12:47:35.224581

2roxofy5cs8 >> End >> 2020-09-11 12:47:35.403028

6p25qa3mvrq >> Start >> 2020-09-11 12:48:12.022494

6p25qa3mvrq >> Image Returned >> 2020-09-11 12:48:12.026679

6p25qa3mvrq >> End >> 2020-09-11 12:48:12.182387

mrvzvxjeune >> Start >> 2020-09-11 12:51:55.659974

mrvzvxjeune >> Image Returned >> 2020-09-11 12:51:55.665349

mrvzvxjeune >> End >> 2020-09-11 12:51:55.821973

fz4qqqrxcdn >> Start >> 2020-09-11 12:59:44.964678

fz4qqqrxcdn >> Image Returned >> 2020-09-11 12:59:44.973119

fz4qqqrxcdn >> End >> 2020-09-11 12:59:45.157854

wfrpsq66xtg >> Start >> 2020-09-11 13:00:55.031615

wfrpsq66xtg >> Image Returned >> 2020-09-11 13:00:55.036431

wfrpsq66xtg >> End >> 2020-09-11 13:00:55.211271

4wj3ohzpvr2 >> Start >> 2020-09-11 13:01:50.253144

4wj3ohzpvr2 >> Image Returned >> 2020-09-11 13:01:50.257045

4wj3ohzpvr2 >> End >> 2020-09-11 13:01:50.407723

r2obwseqpbp >> Start >> 2020-09-11 13:15:16.346735

r2obwseqpbp >> Image Returned >> 2020-09-11 13:15:16.351239

r2obwseqpbp >> End >> 2020-09-11 13:15:16.521039

xq5a4iswi80 >> Start >> 2020-09-11 13:15:28.434200

xq5a4iswi80 >> Image Returned >> 2020-09-11 13:15:28.438421

xq5a4iswi80 >> End >> 2020-09-11 13:15:28.641994

qzfakaxdgfr >> Start >> 2020-09-11 13:15:28.757380

qzfakaxdgfr >> Image Returned >> 2020-09-11 13:15:28.757692

qzfakaxdgfr >> End >> 2020-09-11 13:15:28.928513

p7morp2f3v4 >> Start >> 2020-09-11 13:17:17.785406

p7morp2f3v4 >> Image Returned >> 2020-09-11 13:17:17.790177

p7morp2f3v4 >> End >> 2020-09-11 13:17:17.953798

jck7a3u4g2i >> Start >> 2020-09-11 13:17:32.712053

jck7a3u4g2i >> Image Returned >> 2020-09-11 13:17:32.716099

jck7a3u4g2i >> End >> 2020-09-11 13:17:32.894543

zs8p8g66irk >> Start >> 2020-09-11 13:20:17.097763

zs8p8g66irk >> Image Returned >> 2020-09-11 13:20:17.101624

zs8p8g66irk >> End >> 2020-09-11 13:20:17.278448

5kjqju488ew >> Start >> 2020-09-11 13:21:00.066787

5kjqju488ew >> Image Returned >> 2020-09-11 13:21:00.072226

5kjqju488ew >> End >> 2020-09-11 13:21:00.226743

30mcuv3tm55 >> Start >> 2020-09-11 13:21:58.939004

30mcuv3tm55 >> Image Returned >> 2020-09-11 13:21:58.944365

30mcuv3tm55 >> End >> 2020-09-11 13:21:59.113605

sxy62ey84c2 >> Start >> 2020-09-11 13:25:44.513756

sxy62ey84c2 >> Image Returned >> 2020-09-11 13:25:44.517838

sxy62ey84c2 >> End >> 2020-09-11 13:25:44.683389

8iz87mjc5vk >> Start >> 2020-09-11 13:29:31.670373

8iz87mjc5vk >> Image Returned >> 2020-09-11 13:29:31.676094

8iz87mjc5vk >> End >> 2020-09-11 13:29:31.887114

aeje2qub4jh >> Start >> 2020-09-11 13:41:26.487062

aeje2qub4jh >> Image Returned >> 2020-09-11 13:41:26.492616

aeje2qub4jh >> End >> 2020-09-11 13:41:26.648089

7u32q0og8nu >> Start >> 2020-09-11 13:43:39.637789

7u32q0og8nu >> Image Returned >> 2020-09-11 13:43:39.642884

7u32q0og8nu >> End >> 2020-09-11 13:43:39.817426

me6tygv5qma >> Start >> 2020-09-11 13:44:03.032592

me6tygv5qma >> Image Returned >> 2020-09-11 13:44:03.036957

me6tygv5qma >> End >> 2020-09-11 13:44:03.193563

texo4yamqci >> Start >> 2020-09-11 13:46:45.086040

texo4yamqci >> Image Returned >> 2020-09-11 13:46:45.089932

texo4yamqci >> End >> 2020-09-11 13:46:45.281339

h2dnos3kqq4 >> Start >> 2020-09-11 13:46:54.084923

h2dnos3kqq4 >> Image Returned >> 2020-09-11 13:46:54.085220

h2dnos3kqq4 >> End >> 2020-09-11 13:46:54.252444

qfqjkidtfsd >> Start >> 2020-09-11 13:49:42.839037

qfqjkidtfsd >> Image Returned >> 2020-09-11 13:49:42.842978

qfqjkidtfsd >> End >> 2020-09-11 13:49:42.983987

u6umd8vwwxj >> Start >> 2020-09-11 13:50:43.074508

u6umd8vwwxj >> Image Returned >> 2020-09-11 13:50:43.078793

u6umd8vwwxj >> End >> 2020-09-11 13:50:43.241869

ko8xp6hk2vx >> Start >> 2020-09-11 13:57:42.308307

ko8xp6hk2vx >> Image Returned >> 2020-09-11 13:57:42.312947

ko8xp6hk2vx >> End >> 2020-09-11 13:57:42.470374

e6nn000kc5j >> Start >> 2020-09-11 14:00:29.743686

e6nn000kc5j >> Image Returned >> 2020-09-11 14:00:29.747626

e6nn000kc5j >> End >> 2020-09-11 14:00:29.897033

4rb3ty72dir >> Start >> 2020-09-11 14:05:26.887140

4rb3ty72dir >> Image Returned >> 2020-09-11 14:05:26.891531

4rb3ty72dir >> End >> 2020-09-11 14:05:27.046111

mdee8h2kbao >> Start >> 2020-09-11 14:09:40.946485

mdee8h2kbao >> Image Returned >> 2020-09-11 14:09:40.950340

mdee8h2kbao >> End >> 2020-09-11 14:09:41.123481

iiddn04suzq >> Start >> 2020-09-11 14:23:14.085856

iiddn04suzq >> Image Returned >> 2020-09-11 14:23:14.089776

iiddn04suzq >> End >> 2020-09-11 14:23:14.258529

03mukgqrqgk >> Start >> 2020-09-11 14:29:05.774045

03mukgqrqgk >> Image Returned >> 2020-09-11 14:29:05.779233

03mukgqrqgk >> End >> 2020-09-11 14:29:05.925035

yfkbsc5tfz6 >> Start >> 2020-09-11 14:29:15.802591

yfkbsc5tfz6 >> Image Returned >> 2020-09-11 14:29:15.802908

yfkbsc5tfz6 >> End >> 2020-09-11 14:29:15.953018

8f007wm4zk6 >> Start >> 2020-09-11 14:29:18.407238

8f007wm4zk6 >> Image Returned >> 2020-09-11 14:29:18.407543

8f007wm4zk6 >> End >> 2020-09-11 14:29:18.554553

nb4mp0ykvnj >> Start >> 2020-09-11 14:30:21.274966

nb4mp0ykvnj >> Image Returned >> 2020-09-11 14:30:21.281029

nb4mp0ykvnj >> End >> 2020-09-11 14:30:21.450947

igs3wrh82tn >> Start >> 2020-09-11 14:30:58.625780

igs3wrh82tn >> Image Returned >> 2020-09-11 14:30:58.630145

igs3wrh82tn >> End >> 2020-09-11 14:30:58.792021

hm2sfo405j2 >> Start >> 2020-09-11 14:38:48.506331

hm2sfo405j2 >> Image Returned >> 2020-09-11 14:38:48.510266

hm2sfo405j2 >> End >> 2020-09-11 14:38:49.749830

xuzrzrv7f3q >> Start >> 2020-09-11 14:42:21.189642

xuzrzrv7f3q >> Image Returned >> 2020-09-11 14:42:21.196393

xuzrzrv7f3q >> End >> 2020-09-11 14:42:21.370630

7pp0o3bd3uy >> Start >> 2020-09-11 14:51:10.699121

7pp0o3bd3uy >> Image Returned >> 2020-09-11 14:51:10.703105

7pp0o3bd3uy >> End >> 2020-09-11 14:51:10.871654

dgr4wxre6ak >> Start >> 2020-09-11 14:52:18.942903

dgr4wxre6ak >> Image Returned >> 2020-09-11 14:52:18.947523

dgr4wxre6ak >> End >> 2020-09-11 14:52:19.118572

5s2r8k462xa >> Start >> 2020-09-11 14:52:23.533906

5s2r8k462xa >> Image Returned >> 2020-09-11 14:52:23.534199

5s2r8k462xa >> End >> 2020-09-11 14:52:23.727144

uv62n3neths >> Start >> 2020-09-11 14:52:53.211492

uv62n3neths >> Image Returned >> 2020-09-11 14:52:53.215531

uv62n3neths >> End >> 2020-09-11 14:52:53.374248

7tvmia6oimf >> Start >> 2020-09-11 14:54:48.038738

7tvmia6oimf >> Image Returned >> 2020-09-11 14:54:48.042749

7tvmia6oimf >> End >> 2020-09-11 14:54:48.214709

my8xzgt83c5 >> Start >> 2020-09-11 15:06:07.973434

my8xzgt83c5 >> Image Returned >> 2020-09-11 15:06:07.977807

my8xzgt83c5 >> End >> 2020-09-11 15:06:08.143325

ttqy4arw3ok >> Start >> 2020-09-11 15:06:27.458091

ttqy4arw3ok >> Image Returned >> 2020-09-11 15:06:27.463721

ttqy4arw3ok >> End >> 2020-09-11 15:06:27.615894

87v0t7tn77n >> Start >> 2020-09-11 15:08:48.889822

87v0t7tn77n >> Image Returned >> 2020-09-11 15:08:48.894284

87v0t7tn77n >> End >> 2020-09-11 15:08:49.118479

k75wkxood7p >> Start >> 2020-09-11 15:17:04.495814

k75wkxood7p >> Image Returned >> 2020-09-11 15:17:04.500493

k75wkxood7p >> End >> 2020-09-11 15:17:04.672496

hisknwgedtr >> Start >> 2020-09-11 15:17:47.354188

hisknwgedtr >> Image Returned >> 2020-09-11 15:17:47.358016

hisknwgedtr >> End >> 2020-09-11 15:17:47.512525

46kspqtx27e >> Start >> 2020-09-11 15:17:53.958224

46kspqtx27e >> Image Returned >> 2020-09-11 15:17:53.958529

46kspqtx27e >> End >> 2020-09-11 15:17:54.127506

cai74dq4m8w >> Start >> 2020-09-11 15:22:10.271709

cai74dq4m8w >> Image Returned >> 2020-09-11 15:22:10.276731

cai74dq4m8w >> End >> 2020-09-11 15:22:10.431696

hiwepvnuoiy >> Start >> 2020-09-11 15:22:55.280731

hiwepvnuoiy >> Image Returned >> 2020-09-11 15:22:55.284626

hiwepvnuoiy >> End >> 2020-09-11 15:22:55.455868

3hcny7mc8xp >> Start >> 2020-09-11 15:27:25.311026

3hcny7mc8xp >> Image Returned >> 2020-09-11 15:27:25.316953

3hcny7mc8xp >> End >> 2020-09-11 15:27:25.487435

v2bn5kwvgme >> Start >> 2020-09-11 15:30:10.149945

v2bn5kwvgme >> Image Returned >> 2020-09-11 15:30:10.155075

v2bn5kwvgme >> End >> 2020-09-11 15:30:10.313466

b7y6wgoudwm >> Start >> 2020-09-11 15:30:21.617166

b7y6wgoudwm >> Image Returned >> 2020-09-11 15:30:21.621215

b7y6wgoudwm >> End >> 2020-09-11 15:30:21.796272

ptzwnt58oro >> Start >> 2020-09-11 15:30:22.092389

ptzwnt58oro >> Image Returned >> 2020-09-11 15:30:22.092683

ptzwnt58oro >> End >> 2020-09-11 15:30:22.288939

a6unoeh0iki >> Start >> 2020-09-11 15:36:09.948630

a6unoeh0iki >> Image Returned >> 2020-09-11 15:36:09.953440

a6unoeh0iki >> End >> 2020-09-11 15:36:10.122725

fzw86y2kkag >> Start >> 2020-09-11 15:36:15.279468

fzw86y2kkag >> Image Returned >> 2020-09-11 15:36:15.279762

fzw86y2kkag >> End >> 2020-09-11 15:36:15.453578

j33fmdeyn6x >> Start >> 2020-09-11 15:36:26.900135

j33fmdeyn6x >> Image Returned >> 2020-09-11 15:36:26.903995

j33fmdeyn6x >> End >> 2020-09-11 15:36:27.084436

fkseyxe47cb >> Start >> 2020-09-11 15:36:39.535589

fkseyxe47cb >> Image Returned >> 2020-09-11 15:36:39.539448

fkseyxe47cb >> End >> 2020-09-11 15:36:39.709702

kuin2a8ejnu >> Start >> 2020-09-11 15:37:40.973853

kuin2a8ejnu >> Image Returned >> 2020-09-11 15:37:40.977816

kuin2a8ejnu >> End >> 2020-09-11 15:37:41.134625

mx6c3s5m07b >> Start >> 2020-09-11 15:39:45.084033

mx6c3s5m07b >> Image Returned >> 2020-09-11 15:39:45.088494

mx6c3s5m07b >> End >> 2020-09-11 15:39:45.256362

tg3qxkrai5v >> Start >> 2020-09-11 15:48:17.497798

tg3qxkrai5v >> Image Returned >> 2020-09-11 15:48:17.502275

tg3qxkrai5v >> End >> 2020-09-11 15:48:17.653609

f7y5p6of202 >> Start >> 2020-09-11 15:51:15.969250

f7y5p6of202 >> Image Returned >> 2020-09-11 15:51:15.974287

f7y5p6of202 >> End >> 2020-09-11 15:51:16.129749

458a8zz8bjp >> Start >> 2020-09-11 15:55:06.845813

458a8zz8bjp >> Image Returned >> 2020-09-11 15:55:06.850889

458a8zz8bjp >> End >> 2020-09-11 15:55:07.020958

uy34cxfdgqp >> Start >> 2020-09-11 15:56:20.119586

uy34cxfdgqp >> Image Returned >> 2020-09-11 15:56:20.124228

uy34cxfdgqp >> End >> 2020-09-11 15:56:20.276139

4mvpiiwhmf0 >> Start >> 2020-09-11 15:57:36.611465

4mvpiiwhmf0 >> Image Returned >> 2020-09-11 15:57:36.615797

4mvpiiwhmf0 >> End >> 2020-09-11 15:57:36.787919

sjf2xhijdwg >> Start >> 2020-09-11 15:59:40.345772

sjf2xhijdwg >> Image Returned >> 2020-09-11 15:59:40.349699

sjf2xhijdwg >> End >> 2020-09-11 15:59:40.504504

5k3nvvimf3x >> Start >> 2020-09-11 16:00:29.153779

5k3nvvimf3x >> Image Returned >> 2020-09-11 16:00:29.157653

5k3nvvimf3x >> End >> 2020-09-11 16:00:29.327770

g8u0yps54ty >> Start >> 2020-09-11 16:00:56.195472

g8u0yps54ty >> Image Returned >> 2020-09-11 16:00:56.200272

g8u0yps54ty >> End >> 2020-09-11 16:00:56.367563

zeb6b76ipt0 >> Start >> 2020-09-11 16:01:12.448265

zeb6b76ipt0 >> Image Returned >> 2020-09-11 16:01:12.452404

zeb6b76ipt0 >> End >> 2020-09-11 16:01:12.697010

7za0wmwio28 >> Start >> 2020-09-11 16:01:13.023653

7za0wmwio28 >> Image Returned >> 2020-09-11 16:01:13.024028

7za0wmwio28 >> End >> 2020-09-11 16:01:13.263509

majx4geizpe >> Start >> 2020-09-11 16:12:36.530038

majx4geizpe >> Image Returned >> 2020-09-11 16:12:36.534085

majx4geizpe >> End >> 2020-09-11 16:12:36.759165

rgd2o44ze0u >> Start >> 2020-09-11 16:13:23.927227

rgd2o44ze0u >> Image Returned >> 2020-09-11 16:13:23.931204

rgd2o44ze0u >> End >> 2020-09-11 16:13:24.109633

dxsy86twffb >> Start >> 2020-09-11 16:24:03.155951

dxsy86twffb >> Image Returned >> 2020-09-11 16:24:03.160352

dxsy86twffb >> End >> 2020-09-11 16:24:03.327178

pxgmh25qay5 >> Start >> 2020-09-11 16:25:53.064471

pxgmh25qay5 >> Image Returned >> 2020-09-11 16:25:53.068744

pxgmh25qay5 >> End >> 2020-09-11 16:25:53.233848

co302is4p4f >> Start >> 2020-09-11 16:26:25.525965

co302is4p4f >> Image Returned >> 2020-09-11 16:26:25.530301

co302is4p4f >> End >> 2020-09-11 16:26:25.689673

ca45e3et30o >> Start >> 2020-09-11 16:31:18.706650

ca45e3et30o >> Image Returned >> 2020-09-11 16:31:18.710580

ca45e3et30o >> End >> 2020-09-11 16:31:18.864356

b2wmoio5ugk >> Start >> 2020-09-11 16:34:16.796576

b2wmoio5ugk >> Image Returned >> 2020-09-11 16:34:16.800503

b2wmoio5ugk >> End >> 2020-09-11 16:34:16.964179

r6v6v2r7y6n >> Start >> 2020-09-11 16:42:07.814861

r6v6v2r7y6n >> Image Returned >> 2020-09-11 16:42:07.819477

r6v6v2r7y6n >> End >> 2020-09-11 16:42:07.969110

os0dytheh0q >> Start >> 2020-09-11 16:42:49.366776

os0dytheh0q >> Image Returned >> 2020-09-11 16:42:49.370960

os0dytheh0q >> End >> 2020-09-11 16:42:49.540723

2bxouakvunt >> Start >> 2020-09-11 16:52:50.155831

2bxouakvunt >> Image Returned >> 2020-09-11 16:52:50.161041

2bxouakvunt >> End >> 2020-09-11 16:52:50.320898

xmv6szge3mn >> Start >> 2020-09-11 16:56:08.805588

xmv6szge3mn >> Image Returned >> 2020-09-11 16:56:08.810364

xmv6szge3mn >> End >> 2020-09-11 16:56:08.965033

2xrxdhuoxbv >> Start >> 2020-09-11 17:06:55.065521

2xrxdhuoxbv >> Image Returned >> 2020-09-11 17:06:55.069538

2xrxdhuoxbv >> End >> 2020-09-11 17:06:55.225691

w3wqbqmaq7a >> Start >> 2020-09-11 17:09:33.418908

w3wqbqmaq7a >> Image Returned >> 2020-09-11 17:09:33.423326

w3wqbqmaq7a >> End >> 2020-09-11 17:09:33.555166

vuyfyfgxuku >> Start >> 2020-09-11 17:09:45.314714

vuyfyfgxuku >> Image Returned >> 2020-09-11 17:09:45.318696

vuyfyfgxuku >> End >> 2020-09-11 17:09:45.477552

x8rsgcp6ckw >> Start >> 2020-09-11 17:10:09.055032

x8rsgcp6ckw >> Image Returned >> 2020-09-11 17:10:09.059573

x8rsgcp6ckw >> End >> 2020-09-11 17:10:09.214068

zubpgdc4cz0 >> Start >> 2020-09-11 17:11:02.263756

zubpgdc4cz0 >> Image Returned >> 2020-09-11 17:11:02.269241

zubpgdc4cz0 >> End >> 2020-09-11 17:11:02.420418

7svuchdkm0g >> Start >> 2020-09-11 17:11:22.799665

7svuchdkm0g >> Image Returned >> 2020-09-11 17:11:22.803498

7svuchdkm0g >> End >> 2020-09-11 17:11:22.974842

oc3oimat48i >> Start >> 2020-09-11 17:11:53.774738

oc3oimat48i >> Image Returned >> 2020-09-11 17:11:53.779417

oc3oimat48i >> End >> 2020-09-11 17:11:53.934165

6ypzjmrut50 >> Start >> 2020-09-11 17:23:12.323175

6ypzjmrut50 >> Image Returned >> 2020-09-11 17:23:12.327861

6ypzjmrut50 >> End >> 2020-09-11 17:23:12.481057

j8re5bn6o5w >> Start >> 2020-09-11 17:24:57.637736

j8re5bn6o5w >> Image Returned >> 2020-09-11 17:24:57.641621

j8re5bn6o5w >> End >> 2020-09-11 17:24:57.796900

65r8wzk3z83 >> Start >> 2020-09-11 17:28:18.994488

65r8wzk3z83 >> Image Returned >> 2020-09-11 17:28:19.002178

65r8wzk3z83 >> End >> 2020-09-11 17:28:19.192667

rsb85mnrr0j >> Start >> 2020-09-11 17:32:30.284638

rsb85mnrr0j >> Image Returned >> 2020-09-11 17:32:30.289135

rsb85mnrr0j >> End >> 2020-09-11 17:32:30.443283

m2kuhbgfy63 >> Start >> 2020-09-11 17:33:15.976810

m2kuhbgfy63 >> Image Returned >> 2020-09-11 17:33:15.980665

m2kuhbgfy63 >> End >> 2020-09-11 17:33:16.149947

tgvkt748qzz >> Start >> 2020-09-11 17:39:25.799128

tgvkt748qzz >> Image Returned >> 2020-09-11 17:39:25.803044

tgvkt748qzz >> End >> 2020-09-11 17:39:25.928595

2p3o2ucxcfh >> Start >> 2020-09-11 17:40:04.415735

2p3o2ucxcfh >> Image Returned >> 2020-09-11 17:40:04.420453

2p3o2ucxcfh >> End >> 2020-09-11 17:40:04.606611

vvi2xwcbjki >> Start >> 2020-09-11 17:40:49.102296

vvi2xwcbjki >> Image Returned >> 2020-09-11 17:40:49.106093

vvi2xwcbjki >> End >> 2020-09-11 17:40:49.262095

58r7m5ikenb >> Start >> 2020-09-11 17:41:14.988183

58r7m5ikenb >> Image Returned >> 2020-09-11 17:41:14.992683

58r7m5ikenb >> End >> 2020-09-11 17:41:15.188385

swtydmmga4w >> Start >> 2020-09-11 17:43:34.668050

swtydmmga4w >> Image Returned >> 2020-09-11 17:43:34.673017

swtydmmga4w >> End >> 2020-09-11 17:43:34.829396

2de655rta5b >> Start >> 2020-09-11 17:51:34.293440

2de655rta5b >> Image Returned >> 2020-09-11 17:51:34.297348

2de655rta5b >> End >> 2020-09-11 17:51:34.424340

to4fqf6nrby >> Start >> 2020-09-11 17:51:34.462640

to4fqf6nrby >> Image Returned >> 2020-09-11 17:51:34.462966

to4fqf6nrby >> End >> 2020-09-11 17:51:34.618257

6iidosf727y >> Start >> 2020-09-11 17:51:57.683769

6iidosf727y >> Image Returned >> 2020-09-11 17:51:57.687573

6iidosf727y >> End >> 2020-09-11 17:51:57.815761

w43wctyd27u >> Start >> 2020-09-11 17:51:58.118781

w43wctyd27u >> Image Returned >> 2020-09-11 17:51:58.119117

w43wctyd27u >> End >> 2020-09-11 17:51:58.277113

50hsuxb5ytt >> Start >> 2020-09-11 17:52:30.301534

50hsuxb5ytt >> Image Returned >> 2020-09-11 17:52:30.305915

50hsuxb5ytt >> End >> 2020-09-11 17:52:30.430862

oa4uwbz2n88 >> Start >> 2020-09-11 17:52:30.590163

oa4uwbz2n88 >> Image Returned >> 2020-09-11 17:52:30.590461

oa4uwbz2n88 >> End >> 2020-09-11 17:52:30.739619

254pnp7v7v7 >> Start >> 2020-09-11 17:53:14.971010

254pnp7v7v7 >> Image Returned >> 2020-09-11 17:53:14.975548

254pnp7v7v7 >> End >> 2020-09-11 17:53:15.142352

egogqnfx2ps >> Start >> 2020-09-11 17:56:08.161592

egogqnfx2ps >> Image Returned >> 2020-09-11 17:56:08.165534

egogqnfx2ps >> End >> 2020-09-11 17:56:08.316102

pu36xsyqav6 >> Start >> 2020-09-11 17:56:40.771121

pu36xsyqav6 >> Image Returned >> 2020-09-11 17:56:40.774923

pu36xsyqav6 >> End >> 2020-09-11 17:56:40.899199

c4363bz736k >> Start >> 2020-09-11 18:00:40.646070

c4363bz736k >> Image Returned >> 2020-09-11 18:00:40.650895

c4363bz736k >> End >> 2020-09-11 18:00:40.853303

eiorf5axtuz >> Start >> 2020-09-11 18:08:07.479015

eiorf5axtuz >> Image Returned >> 2020-09-11 18:08:07.484024

eiorf5axtuz >> End >> 2020-09-11 18:08:07.665818

n6mbtmweuqd >> Start >> 2020-09-11 18:10:39.252578

n6mbtmweuqd >> Image Returned >> 2020-09-11 18:10:39.256961

n6mbtmweuqd >> End >> 2020-09-11 18:10:39.411101

6m7uwkhzpwu >> Start >> 2020-09-11 18:11:00.031852

6m7uwkhzpwu >> Image Returned >> 2020-09-11 18:11:00.035681

6m7uwkhzpwu >> End >> 2020-09-11 18:11:00.191636

gttmnwy2g8r >> Start >> 2020-09-11 18:18:06.796972

gttmnwy2g8r >> Image Returned >> 2020-09-11 18:18:06.801778

gttmnwy2g8r >> End >> 2020-09-11 18:18:06.960588

4tu4m3urgpx >> Start >> 2020-09-11 18:24:22.952718

4tu4m3urgpx >> Image Returned >> 2020-09-11 18:24:22.957320

4tu4m3urgpx >> End >> 2020-09-11 18:24:23.109962

6ju6tj3ernd >> Start >> 2020-09-11 18:26:54.597778

6ju6tj3ernd >> Image Returned >> 2020-09-11 18:26:54.603456

6ju6tj3ernd >> End >> 2020-09-11 18:26:54.764036

mmyukzk3ijy >> Start >> 2020-09-11 18:48:24.114331

mmyukzk3ijy >> Image Returned >> 2020-09-11 18:48:24.118798

mmyukzk3ijy >> End >> 2020-09-11 18:48:24.272563

p2022sw8ovz >> Start >> 2020-09-11 18:48:41.541941

p2022sw8ovz >> Image Returned >> 2020-09-11 18:48:41.545958

p2022sw8ovz >> End >> 2020-09-11 18:48:41.699956

iqfde0o2nhf >> Start >> 2020-09-11 18:54:42.629507

iqfde0o2nhf >> Image Returned >> 2020-09-11 18:54:42.634526

iqfde0o2nhf >> End >> 2020-09-11 18:54:42.785343

utdi3xhabxs >> Start >> 2020-09-11 18:55:21.741933

utdi3xhabxs >> Image Returned >> 2020-09-11 18:55:21.746663

utdi3xhabxs >> End >> 2020-09-11 18:55:21.902842

hd7kogwsfrx >> Start >> 2020-09-11 19:06:02.168137

hd7kogwsfrx >> Image Returned >> 2020-09-11 19:06:02.172600

hd7kogwsfrx >> End >> 2020-09-11 19:06:02.343122

ihqypk3q0cn >> Start >> 2020-09-11 19:14:13.734791

ihqypk3q0cn >> Image Returned >> 2020-09-11 19:14:13.739305

ihqypk3q0cn >> End >> 2020-09-11 19:14:13.893908

0tt2v5tuupy >> Start >> 2020-09-11 19:14:34.281688

0tt2v5tuupy >> Image Returned >> 2020-09-11 19:14:34.285727

0tt2v5tuupy >> End >> 2020-09-11 19:14:34.443360

ikfkzgi8pmt >> Start >> 2020-09-11 19:16:00.763844

ikfkzgi8pmt >> Image Returned >> 2020-09-11 19:16:00.768347

ikfkzgi8pmt >> End >> 2020-09-11 19:16:00.898488

6pezi06fjr2 >> Start >> 2020-09-11 19:23:08.742469

6pezi06fjr2 >> Image Returned >> 2020-09-11 19:23:08.747641

6pezi06fjr2 >> End >> 2020-09-11 19:23:08.906970

obmqjjzn37r >> Start >> 2020-09-11 19:23:27.101330

obmqjjzn37r >> Image Returned >> 2020-09-11 19:23:27.105566

obmqjjzn37r >> End >> 2020-09-11 19:23:27.264147

n3300e72dvg >> Start >> 2020-09-11 19:30:55.926372

n3300e72dvg >> Image Returned >> 2020-09-11 19:30:55.930466

n3300e72dvg >> End >> 2020-09-11 19:30:56.084824

t750k4rxdhw >> Start >> 2020-09-11 19:31:41.804688

t750k4rxdhw >> Image Returned >> 2020-09-11 19:31:41.809330

t750k4rxdhw >> End >> 2020-09-11 19:31:41.965032

46zsok7turg >> Start >> 2020-09-11 19:32:41.438775

46zsok7turg >> Image Returned >> 2020-09-11 19:32:41.443557

46zsok7turg >> End >> 2020-09-11 19:32:41.591202

z7fmd5s4nbi >> Start >> 2020-09-11 19:33:10.306577

z7fmd5s4nbi >> Image Returned >> 2020-09-11 19:33:10.311394

z7fmd5s4nbi >> End >> 2020-09-11 19:33:10.442614

p0syy4xpgj6 >> Start >> 2020-09-11 19:41:23.499510

p0syy4xpgj6 >> Image Returned >> 2020-09-11 19:41:23.505378

p0syy4xpgj6 >> End >> 2020-09-11 19:41:23.665846

fi8cpw7mjj0 >> Start >> 2020-09-11 19:50:14.583300

fi8cpw7mjj0 >> Image Returned >> 2020-09-11 19:50:14.588438

fi8cpw7mjj0 >> End >> 2020-09-11 19:50:14.719290

wph54i3pybu >> Start >> 2020-09-11 19:55:41.555551

wph54i3pybu >> Image Returned >> 2020-09-11 19:55:41.559508

wph54i3pybu >> End >> 2020-09-11 19:55:41.723330

bb2ojzyfhqf >> Start >> 2020-09-11 19:56:36.725903

bb2ojzyfhqf >> Image Returned >> 2020-09-11 19:56:36.730703

bb2ojzyfhqf >> End >> 2020-09-11 19:56:36.887465

au4f5gftv0m >> Start >> 2020-09-11 20:02:13.021800

au4f5gftv0m >> Image Returned >> 2020-09-11 20:02:13.027616

au4f5gftv0m >> End >> 2020-09-11 20:02:13.203989

3viowne3qkc >> Start >> 2020-09-11 20:11:39.525089

3viowne3qkc >> Image Returned >> 2020-09-11 20:11:39.529774

3viowne3qkc >> End >> 2020-09-11 20:11:39.691113

sbvawme7c3j >> Start >> 2020-09-11 20:14:27.125473

sbvawme7c3j >> Image Returned >> 2020-09-11 20:14:27.130496

sbvawme7c3j >> End >> 2020-09-11 20:14:27.286010

upz7x2hf3b8 >> Start >> 2020-09-11 20:14:42.626080

upz7x2hf3b8 >> Image Returned >> 2020-09-11 20:14:42.630026

upz7x2hf3b8 >> End >> 2020-09-11 20:14:42.784455

oj8acxyvjm3 >> Start >> 2020-09-11 20:15:00.919286

oj8acxyvjm3 >> Image Returned >> 2020-09-11 20:15:00.923237

oj8acxyvjm3 >> End >> 2020-09-11 20:15:01.085659

3jodok4wgkg >> Start >> 2020-09-11 20:15:04.737548

3jodok4wgkg >> Image Returned >> 2020-09-11 20:15:04.737961

3jodok4wgkg >> End >> 2020-09-11 20:15:04.890353

xzpvgxkjbfx >> Start >> 2020-09-11 20:15:14.918759

xzpvgxkjbfx >> Image Returned >> 2020-09-11 20:15:14.919117

xzpvgxkjbfx >> End >> 2020-09-11 20:15:15.081306

tz6ap8q558g >> Start >> 2020-09-11 20:18:33.540988

tz6ap8q558g >> Image Returned >> 2020-09-11 20:18:33.545056

tz6ap8q558g >> End >> 2020-09-11 20:18:33.715966

bkadviwnspc >> Start >> 2020-09-11 20:22:11.182746

bkadviwnspc >> Image Returned >> 2020-09-11 20:22:11.187750

bkadviwnspc >> End >> 2020-09-11 20:22:11.348175

bc2eo8faqsd >> Start >> 2020-09-11 20:25:25.640667

bc2eo8faqsd >> Image Returned >> 2020-09-11 20:25:25.645214

bc2eo8faqsd >> End >> 2020-09-11 20:25:25.827904

qpeds6tgq4g >> Start >> 2020-09-11 20:25:49.083827

qpeds6tgq4g >> Image Returned >> 2020-09-11 20:25:49.088157

qpeds6tgq4g >> End >> 2020-09-11 20:25:49.245696

mks8qm6wk4y >> Start >> 2020-09-11 20:30:04.553824

mks8qm6wk4y >> Image Returned >> 2020-09-11 20:30:04.558526

mks8qm6wk4y >> End >> 2020-09-11 20:30:04.713638

fhcig5w6fbn >> Start >> 2020-09-11 20:32:48.839643

fhcig5w6fbn >> Image Returned >> 2020-09-11 20:32:48.844564

fhcig5w6fbn >> End >> 2020-09-11 20:32:49.521094

jyu4jnkov5n >> Start >> 2020-09-11 20:34:09.532224

jyu4jnkov5n >> Image Returned >> 2020-09-11 20:34:09.537580

jyu4jnkov5n >> End >> 2020-09-11 20:34:09.670267

gdb3sdfpi2v >> Start >> 2020-09-11 20:34:17.498912

gdb3sdfpi2v >> Image Returned >> 2020-09-11 20:34:17.499279

gdb3sdfpi2v >> End >> 2020-09-11 20:34:17.628500

dfwixqhdein >> Start >> 2020-09-11 20:34:50.692612

dfwixqhdein >> Image Returned >> 2020-09-11 20:34:50.696731

dfwixqhdein >> End >> 2020-09-11 20:34:50.824719

00qhgb0z0s6 >> Start >> 2020-09-11 20:36:30.803589

00qhgb0z0s6 >> Image Returned >> 2020-09-11 20:36:30.808583

00qhgb0z0s6 >> End >> 2020-09-11 20:36:30.965256

yua3dq8cn3w >> Start >> 2020-09-11 20:42:33.878683

yua3dq8cn3w >> Image Returned >> 2020-09-11 20:42:33.882787

yua3dq8cn3w >> End >> 2020-09-11 20:42:34.039400

kz2u22vzzd8 >> Start >> 2020-09-11 20:54:34.503374

kz2u22vzzd8 >> Image Returned >> 2020-09-11 20:54:34.509259

kz2u22vzzd8 >> End >> 2020-09-11 20:54:34.667964

kpmnq34x3x5 >> Start >> 2020-09-11 20:54:34.940099

kpmnq34x3x5 >> Image Returned >> 2020-09-11 20:54:34.940557

kpmnq34x3x5 >> End >> 2020-09-11 20:54:35.074063

tam870wfph8 >> Start >> 2020-09-11 20:56:24.941406

tam870wfph8 >> Image Returned >> 2020-09-11 20:56:24.947061

tam870wfph8 >> End >> 2020-09-11 20:56:25.109175

65qcgfyzu8d >> Start >> 2020-09-11 21:03:54.177407

65qcgfyzu8d >> Image Returned >> 2020-09-11 21:03:54.181473

65qcgfyzu8d >> End >> 2020-09-11 21:03:54.308125

wh0fwa6064q >> Start >> 2020-09-11 21:05:19.450489

wh0fwa6064q >> Image Returned >> 2020-09-11 21:05:19.455012

wh0fwa6064q >> End >> 2020-09-11 21:05:19.608755

3h4h8vgx7u7 >> Start >> 2020-09-11 21:13:06.552464

3h4h8vgx7u7 >> Image Returned >> 2020-09-11 21:13:06.556457

3h4h8vgx7u7 >> End >> 2020-09-11 21:13:06.709650

tx0hhxtkggj >> Start >> 2020-09-11 21:20:15.974869

tx0hhxtkggj >> Image Returned >> 2020-09-11 21:20:15.979945

tx0hhxtkggj >> End >> 2020-09-11 21:20:16.143759

6ghxxojzzfo >> Start >> 2020-09-11 21:21:37.448640

6ghxxojzzfo >> Image Returned >> 2020-09-11 21:21:37.453284

6ghxxojzzfo >> End >> 2020-09-11 21:21:37.634615

er7rdhwxztx >> Start >> 2020-09-11 21:23:16.765168

er7rdhwxztx >> Image Returned >> 2020-09-11 21:23:16.770231

er7rdhwxztx >> End >> 2020-09-11 21:23:16.949121

n5oaekwnoda >> Start >> 2020-09-11 21:23:37.551037

n5oaekwnoda >> Image Returned >> 2020-09-11 21:23:37.556961

n5oaekwnoda >> End >> 2020-09-11 21:23:37.713948

zyvr5tije3c >> Start >> 2020-09-11 21:28:12.779659

zyvr5tije3c >> Image Returned >> 2020-09-11 21:28:12.785171

zyvr5tije3c >> End >> 2020-09-11 21:28:12.946216

2dcia20obrj >> Start >> 2020-09-11 21:30:02.687496

2dcia20obrj >> Image Returned >> 2020-09-11 21:30:02.691796

2dcia20obrj >> End >> 2020-09-11 21:30:02.844857

uf3sauqkgov >> Start >> 2020-09-11 21:30:08.606053

uf3sauqkgov >> Image Returned >> 2020-09-11 21:30:08.606364

uf3sauqkgov >> End >> 2020-09-11 21:30:08.775449

4456yvvto7f >> Start >> 2020-09-11 21:31:41.209495

4456yvvto7f >> Image Returned >> 2020-09-11 21:31:41.213540

4456yvvto7f >> End >> 2020-09-11 21:31:41.372770

6sfuuwso7ep >> Start >> 2020-09-11 21:31:48.360802

6sfuuwso7ep >> Image Returned >> 2020-09-11 21:31:48.361129

6sfuuwso7ep >> End >> 2020-09-11 21:31:48.531771

3a4wam8famc >> Start >> 2020-09-11 21:37:34.247997

3a4wam8famc >> Image Returned >> 2020-09-11 21:37:34.254055

3a4wam8famc >> End >> 2020-09-11 21:37:34.412537

bj44fmxdoez >> Start >> 2020-09-11 21:37:41.692286

bj44fmxdoez >> Image Returned >> 2020-09-11 21:37:41.692589

bj44fmxdoez >> End >> 2020-09-11 21:37:41.851985

5nyn56aoaag >> Start >> 2020-09-11 21:37:46.092468

5nyn56aoaag >> Image Returned >> 2020-09-11 21:37:46.092808

5nyn56aoaag >> End >> 2020-09-11 21:37:46.254090

wk3u5eashvp >> Start >> 2020-09-11 21:41:46.378674

wk3u5eashvp >> Image Returned >> 2020-09-11 21:41:46.382680

wk3u5eashvp >> End >> 2020-09-11 21:41:46.536729

bqoqjzekysv >> Start >> 2020-09-11 21:46:00.620851

bqoqjzekysv >> Image Returned >> 2020-09-11 21:46:00.626228

bqoqjzekysv >> End >> 2020-09-11 21:46:00.783668

2kd32xh6ruf >> Start >> 2020-09-11 21:50:45.132544

2kd32xh6ruf >> Image Returned >> 2020-09-11 21:50:45.136539

2kd32xh6ruf >> End >> 2020-09-11 21:50:45.289773

ggtdt87ewp3 >> Start >> 2020-09-11 21:56:50.549912

ggtdt87ewp3 >> Image Returned >> 2020-09-11 21:56:50.555293

ggtdt87ewp3 >> End >> 2020-09-11 21:56:50.710388

2pwx3wn772s >> Start >> 2020-09-11 22:08:03.050712

2pwx3wn772s >> Image Returned >> 2020-09-11 22:08:03.054784

2pwx3wn772s >> End >> 2020-09-11 22:08:03.217154

q60yic8ksj5 >> Start >> 2020-09-11 22:15:06.867403

q60yic8ksj5 >> Image Returned >> 2020-09-11 22:15:06.871428

q60yic8ksj5 >> End >> 2020-09-11 22:15:07.030991

3yxtmk5oetj >> Start >> 2020-09-11 22:15:36.507395

3yxtmk5oetj >> Image Returned >> 2020-09-11 22:15:36.512120

3yxtmk5oetj >> End >> 2020-09-11 22:15:36.669692

j0nfjbr4b2h >> Start >> 2020-09-11 22:15:53.215133

j0nfjbr4b2h >> Image Returned >> 2020-09-11 22:15:53.219147

j0nfjbr4b2h >> End >> 2020-09-11 22:15:53.376646

uzav5nzf4oe >> Start >> 2020-09-11 22:29:15.382078

uzav5nzf4oe >> Image Returned >> 2020-09-11 22:29:15.388581

uzav5nzf4oe >> End >> 2020-09-11 22:29:15.540214

aq6o22gm5pu >> Start >> 2020-09-11 22:32:12.933427

aq6o22gm5pu >> Image Returned >> 2020-09-11 22:32:12.938467

aq6o22gm5pu >> End >> 2020-09-11 22:32:13.103698

neqzpdbnegv >> Start >> 2020-09-11 22:38:00.947146

neqzpdbnegv >> Image Returned >> 2020-09-11 22:38:00.951373

neqzpdbnegv >> End >> 2020-09-11 22:38:01.112570

37mdh7rm8jb >> Start >> 2020-09-11 22:41:25.244146

37mdh7rm8jb >> Image Returned >> 2020-09-11 22:41:25.250014

37mdh7rm8jb >> End >> 2020-09-11 22:41:25.407331

jjyqbsf5eij >> Start >> 2020-09-11 22:59:28.868657

jjyqbsf5eij >> Image Returned >> 2020-09-11 22:59:28.873836

jjyqbsf5eij >> End >> 2020-09-11 22:59:29.064519

zfvigzp4ci3 >> Start >> 2020-09-11 23:02:13.848104

zfvigzp4ci3 >> Image Returned >> 2020-09-11 23:02:13.853241

zfvigzp4ci3 >> End >> 2020-09-11 23:02:14.013025

ya02i6dq32s >> Start >> 2020-09-11 23:07:23.592907

ya02i6dq32s >> Image Returned >> 2020-09-11 23:07:23.598166

ya02i6dq32s >> End >> 2020-09-11 23:07:23.727366

oecg740u4tj >> Start >> 2020-09-11 23:17:08.847523

oecg740u4tj >> Image Returned >> 2020-09-11 23:17:08.851510

oecg740u4tj >> End >> 2020-09-11 23:17:09.023158

na4kjbeyuig >> Start >> 2020-09-11 23:39:11.432105

na4kjbeyuig >> Image Returned >> 2020-09-11 23:39:11.436793

na4kjbeyuig >> End >> 2020-09-11 23:39:11.608211

