hm73ozfuh7v >> Start >> 2020-08-01 02:27:41.225954

hm73ozfuh7v >> Image Returned >> 2020-08-01 02:27:41.229909

hm73ozfuh7v >> End >> 2020-08-01 02:27:41.368843

f6jupog0eea >> Start >> 2020-08-01 03:05:38.391325

f6jupog0eea >> Image Returned >> 2020-08-01 03:05:38.398277

f6jupog0eea >> End >> 2020-08-01 03:05:38.542155

qakmnkrjvr6 >> Start >> 2020-08-01 04:04:18.773248

qakmnkrjvr6 >> Image Returned >> 2020-08-01 04:04:18.776469

qakmnkrjvr6 >> End >> 2020-08-01 04:04:18.899996

27syi7mmez2 >> Start >> 2020-08-01 04:05:20.297868

27syi7mmez2 >> Image Returned >> 2020-08-01 04:05:20.300815

27syi7mmez2 >> End >> 2020-08-01 04:05:20.423607

hqqaj5idybq >> Start >> 2020-08-01 05:47:54.740796

hqqaj5idybq >> Image Returned >> 2020-08-01 05:47:54.744421

hqqaj5idybq >> End >> 2020-08-01 05:47:54.897911

t0hnaqbmhrp >> Start >> 2020-08-01 06:31:00.145781

t0hnaqbmhrp >> Image Returned >> 2020-08-01 06:31:00.148751

t0hnaqbmhrp >> End >> 2020-08-01 06:31:00.289968

wcq46xj2zcv >> Start >> 2020-08-01 06:58:31.120774

wcq46xj2zcv >> Image Returned >> 2020-08-01 06:58:31.125860

wcq46xj2zcv >> End >> 2020-08-01 06:58:31.249032

2u8zihwyqyb >> Start >> 2020-08-01 07:28:35.845963

2u8zihwyqyb >> Image Returned >> 2020-08-01 07:28:35.849284

2u8zihwyqyb >> End >> 2020-08-01 07:28:35.987880

2ppa37iyjfc >> Start >> 2020-08-01 08:43:10.590603

2ppa37iyjfc >> Image Returned >> 2020-08-01 08:43:10.594100

2ppa37iyjfc >> End >> 2020-08-01 08:43:10.736054

mzd7jak3iji >> Start >> 2020-08-01 09:22:26.241379

mzd7jak3iji >> Image Returned >> 2020-08-01 09:22:26.244888

mzd7jak3iji >> End >> 2020-08-01 09:22:26.377880

bgm20r5w6g6 >> Start >> 2020-08-01 09:29:23.448388

bgm20r5w6g6 >> Image Returned >> 2020-08-01 09:29:23.451455

bgm20r5w6g6 >> End >> 2020-08-01 09:29:23.592829

befo380zwsm >> Start >> 2020-08-01 09:33:23.280116

befo380zwsm >> Image Returned >> 2020-08-01 09:33:23.283356

befo380zwsm >> End >> 2020-08-01 09:33:23.421406

xejufavpssh >> Start >> 2020-08-01 09:35:59.589160

xejufavpssh >> Image Returned >> 2020-08-01 09:35:59.592329

xejufavpssh >> End >> 2020-08-01 09:35:59.761262

j74yspow43w >> Start >> 2020-08-01 09:41:07.439899

j74yspow43w >> Image Returned >> 2020-08-01 09:41:07.443661

j74yspow43w >> End >> 2020-08-01 09:41:07.581990

zvuundtqdg4 >> Start >> 2020-08-01 09:55:14.951488

zvuundtqdg4 >> Image Returned >> 2020-08-01 09:55:14.954684

zvuundtqdg4 >> End >> 2020-08-01 09:55:15.092371

htg882w80r4 >> Start >> 2020-08-01 10:18:49.251341

htg882w80r4 >> Image Returned >> 2020-08-01 10:18:49.255206

htg882w80r4 >> End >> 2020-08-01 10:18:49.396620

50rqzkueqvu >> Start >> 2020-08-01 10:22:00.837559

50rqzkueqvu >> Image Returned >> 2020-08-01 10:22:00.840975

50rqzkueqvu >> End >> 2020-08-01 10:22:00.982059

ukmku0e7wav >> Start >> 2020-08-01 10:49:42.536489

ukmku0e7wav >> Image Returned >> 2020-08-01 10:49:42.541644

ukmku0e7wav >> End >> 2020-08-01 10:49:42.688605

sk0n0czz443 >> Start >> 2020-08-01 10:51:21.166919

sk0n0czz443 >> Image Returned >> 2020-08-01 10:51:21.170047

sk0n0czz443 >> End >> 2020-08-01 10:51:21.309032

ytrwkwwjxom >> Start >> 2020-08-01 10:53:02.609080

ytrwkwwjxom >> Image Returned >> 2020-08-01 10:53:02.612680

ytrwkwwjxom >> End >> 2020-08-01 10:53:02.753912

tuied3kshbr >> Start >> 2020-08-01 10:53:24.685627

tuied3kshbr >> Image Returned >> 2020-08-01 10:53:24.688990

tuied3kshbr >> End >> 2020-08-01 10:53:24.827944

aym06eiaz7o >> Start >> 2020-08-01 10:55:58.236413

aym06eiaz7o >> Image Returned >> 2020-08-01 10:55:58.241324

aym06eiaz7o >> End >> 2020-08-01 10:55:58.387904

5h86a7cwq63 >> Start >> 2020-08-01 10:58:27.726955

5h86a7cwq63 >> Image Returned >> 2020-08-01 10:58:27.730417

5h86a7cwq63 >> End >> 2020-08-01 10:58:27.864804

5eja7hrw433 >> Start >> 2020-08-01 10:59:07.407392

5eja7hrw433 >> Image Returned >> 2020-08-01 10:59:07.410609

5eja7hrw433 >> End >> 2020-08-01 10:59:07.549171

fyfteaov2mj >> Start >> 2020-08-01 11:23:41.790765

fyfteaov2mj >> Image Returned >> 2020-08-01 11:23:41.793976

fyfteaov2mj >> End >> 2020-08-01 11:23:41.936841

bo2rj4pzeo3 >> Start >> 2020-08-01 12:57:47.000675

bo2rj4pzeo3 >> Image Returned >> 2020-08-01 12:57:47.005291

bo2rj4pzeo3 >> End >> 2020-08-01 12:57:47.150888

pf3dm6ffcjx >> Start >> 2020-08-01 13:18:32.248467

pf3dm6ffcjx >> Image Returned >> 2020-08-01 13:18:32.251358

pf3dm6ffcjx >> End >> 2020-08-01 13:18:32.393218

wx0a4mx5q54 >> Start >> 2020-08-01 13:18:36.677453

wx0a4mx5q54 >> Image Returned >> 2020-08-01 13:18:36.677772

wx0a4mx5q54 >> End >> 2020-08-01 13:18:36.823806

cvbyou8q4tg >> Start >> 2020-08-01 13:19:21.734360

cvbyou8q4tg >> Image Returned >> 2020-08-01 13:19:21.737267

cvbyou8q4tg >> End >> 2020-08-01 13:19:21.873831

52tc72mq276 >> Start >> 2020-08-01 13:20:39.504314

52tc72mq276 >> Image Returned >> 2020-08-01 13:20:39.507050

52tc72mq276 >> End >> 2020-08-01 13:20:39.648806

ckthtgefb2i >> Start >> 2020-08-01 13:34:50.239398

ckthtgefb2i >> Image Returned >> 2020-08-01 13:34:50.242429

ckthtgefb2i >> End >> 2020-08-01 13:34:50.383091

kompe0thmdd >> Start >> 2020-08-01 13:52:33.472554

kompe0thmdd >> Image Returned >> 2020-08-01 13:52:33.475164

kompe0thmdd >> End >> 2020-08-01 13:52:33.609956

i4kiuhmx5zw >> Start >> 2020-08-01 13:52:39.620826

i4kiuhmx5zw >> Image Returned >> 2020-08-01 13:52:39.621117

i4kiuhmx5zw >> End >> 2020-08-01 13:52:39.756439

f3o0y5e8x4f >> Start >> 2020-08-01 14:21:38.397401

f3o0y5e8x4f >> Image Returned >> 2020-08-01 14:21:38.400341

f3o0y5e8x4f >> End >> 2020-08-01 14:21:38.545186

0rwzgtaqcs4 >> Start >> 2020-08-01 14:31:03.356738

0rwzgtaqcs4 >> Image Returned >> 2020-08-01 14:31:03.359414

0rwzgtaqcs4 >> End >> 2020-08-01 14:31:03.495729

rkiniykwfkf >> Start >> 2020-08-01 14:38:45.163986

rkiniykwfkf >> Image Returned >> 2020-08-01 14:38:45.167252

rkiniykwfkf >> End >> 2020-08-01 14:38:45.307960

0sku2rcrjq0 >> Start >> 2020-08-01 14:51:20.857403

0sku2rcrjq0 >> Image Returned >> 2020-08-01 14:51:20.860035

0sku2rcrjq0 >> End >> 2020-08-01 14:51:21.004270

ihw2j6qhwv6 >> Start >> 2020-08-01 14:56:29.642712

ihw2j6qhwv6 >> Image Returned >> 2020-08-01 14:56:29.646291

ihw2j6qhwv6 >> End >> 2020-08-01 14:56:29.791205

fynjsnqv8d4 >> Start >> 2020-08-01 14:58:21.410284

fynjsnqv8d4 >> Image Returned >> 2020-08-01 14:58:21.413342

fynjsnqv8d4 >> End >> 2020-08-01 14:58:21.560983

fbucm8m0gb4 >> Start >> 2020-08-01 15:07:10.706060

fbucm8m0gb4 >> Image Returned >> 2020-08-01 15:07:10.709084

fbucm8m0gb4 >> End >> 2020-08-01 15:07:10.855945

gmbb5ueirvz >> Start >> 2020-08-01 15:10:31.314464

gmbb5ueirvz >> Image Returned >> 2020-08-01 15:10:31.317179

gmbb5ueirvz >> End >> 2020-08-01 15:10:31.517237

df7uaxh6mo0 >> Start >> 2020-08-01 15:10:54.851768

df7uaxh6mo0 >> Image Returned >> 2020-08-01 15:10:54.854417

df7uaxh6mo0 >> End >> 2020-08-01 15:10:55.052314

3cdywf633wx >> Start >> 2020-08-01 15:10:55.297508

3cdywf633wx >> Image Returned >> 2020-08-01 15:10:55.297807

3cdywf633wx >> End >> 2020-08-01 15:10:55.491205

e8fjqb07bdt >> Start >> 2020-08-01 15:50:56.632405

e8fjqb07bdt >> Image Returned >> 2020-08-01 15:50:56.636274

e8fjqb07bdt >> End >> 2020-08-01 15:50:56.784343

6uxzg2t5bep >> Start >> 2020-08-01 15:57:19.579410

6uxzg2t5bep >> Image Returned >> 2020-08-01 15:57:19.582216

6uxzg2t5bep >> End >> 2020-08-01 15:57:19.717014

vohy87q2edw >> Start >> 2020-08-01 16:09:37.053525

vohy87q2edw >> Image Returned >> 2020-08-01 16:09:37.056792

vohy87q2edw >> End >> 2020-08-01 16:09:37.259155

jrjkxh6o6td >> Start >> 2020-08-01 16:09:50.602482

jrjkxh6o6td >> Image Returned >> 2020-08-01 16:09:50.605698

jrjkxh6o6td >> End >> 2020-08-01 16:09:50.797837

28y3e2ni8y5 >> Start >> 2020-08-01 16:09:51.049702

28y3e2ni8y5 >> Image Returned >> 2020-08-01 16:09:51.050004

28y3e2ni8y5 >> End >> 2020-08-01 16:09:51.270354

80egnfw5qmx >> Start >> 2020-08-01 16:19:39.190896

80egnfw5qmx >> Image Returned >> 2020-08-01 16:19:39.193933

80egnfw5qmx >> End >> 2020-08-01 16:19:39.347723

rknu62zd2rp >> Start >> 2020-08-01 16:50:15.310976

rknu62zd2rp >> Image Returned >> 2020-08-01 16:50:15.313779

rknu62zd2rp >> End >> 2020-08-01 16:50:15.455563

a6jnbnu0o83 >> Start >> 2020-08-01 17:43:31.928225

a6jnbnu0o83 >> Image Returned >> 2020-08-01 17:43:31.932545

a6jnbnu0o83 >> End >> 2020-08-01 17:43:32.124862

frdfnzwwdde >> Start >> 2020-08-01 17:43:47.175344

frdfnzwwdde >> Image Returned >> 2020-08-01 17:43:47.178431

frdfnzwwdde >> End >> 2020-08-01 17:43:47.391423

25deg4gqr7t >> Start >> 2020-08-01 17:43:47.545092

25deg4gqr7t >> Image Returned >> 2020-08-01 17:43:47.545366

25deg4gqr7t >> End >> 2020-08-01 17:43:47.739003

i08ur6ukeei >> Start >> 2020-08-01 17:44:19.766391

i08ur6ukeei >> Image Returned >> 2020-08-01 17:44:19.769139

i08ur6ukeei >> End >> 2020-08-01 17:44:19.964401

u6ixoxtrwwj >> Start >> 2020-08-01 17:44:34.609638

u6ixoxtrwwj >> Image Returned >> 2020-08-01 17:44:34.612349

u6ixoxtrwwj >> End >> 2020-08-01 17:44:34.805696

583zwu0asqq >> Start >> 2020-08-01 17:53:45.624134

583zwu0asqq >> Image Returned >> 2020-08-01 17:53:45.628312

583zwu0asqq >> End >> 2020-08-01 17:53:45.767976

vq3qezs6o4s >> Start >> 2020-08-01 17:55:20.923685

vq3qezs6o4s >> Image Returned >> 2020-08-01 17:55:20.926579

vq3qezs6o4s >> End >> 2020-08-01 17:55:21.070956

pbjy3bcrdjd >> Start >> 2020-08-01 17:58:26.593749

pbjy3bcrdjd >> Image Returned >> 2020-08-01 17:58:26.599176

pbjy3bcrdjd >> End >> 2020-08-01 17:58:26.741198

j2mg3to4foj >> Start >> 2020-08-01 18:02:27.066386

j2mg3to4foj >> Image Returned >> 2020-08-01 18:02:27.069134

j2mg3to4foj >> End >> 2020-08-01 18:02:27.210494

dneskqrfjto >> Start >> 2020-08-01 18:27:45.834794

dneskqrfjto >> Image Returned >> 2020-08-01 18:27:45.838263

dneskqrfjto >> End >> 2020-08-01 18:27:45.982728

cuq76ycb0nx >> Start >> 2020-08-01 18:29:51.913203

cuq76ycb0nx >> Image Returned >> 2020-08-01 18:29:51.916248

cuq76ycb0nx >> End >> 2020-08-01 18:29:52.052738

hzaxuaozqtz >> Start >> 2020-08-01 18:34:38.042078

hzaxuaozqtz >> Image Returned >> 2020-08-01 18:34:38.044897

hzaxuaozqtz >> End >> 2020-08-01 18:34:38.187577

4g7ub24dw2g >> Start >> 2020-08-01 18:35:33.819542

4g7ub24dw2g >> Image Returned >> 2020-08-01 18:35:33.823851

4g7ub24dw2g >> End >> 2020-08-01 18:35:33.967042

uqss46c77wm >> Start >> 2020-08-01 18:43:05.188054

uqss46c77wm >> Image Returned >> 2020-08-01 18:43:05.191277

uqss46c77wm >> End >> 2020-08-01 18:43:05.334326

mr5c8jrpk7j >> Start >> 2020-08-01 18:48:23.239106

mr5c8jrpk7j >> Image Returned >> 2020-08-01 18:48:23.242391

mr5c8jrpk7j >> End >> 2020-08-01 18:48:23.383439

5ikubidf04n >> Start >> 2020-08-01 18:52:00.977804

5ikubidf04n >> Image Returned >> 2020-08-01 18:52:00.980958

5ikubidf04n >> End >> 2020-08-01 18:52:01.119590

ndzotxyiugz >> Start >> 2020-08-01 18:52:13.896363

ndzotxyiugz >> Image Returned >> 2020-08-01 18:52:13.899175

ndzotxyiugz >> End >> 2020-08-01 18:52:14.036222

d5i8mtmz4vp >> Start >> 2020-08-01 18:52:14.656980

d5i8mtmz4vp >> Image Returned >> 2020-08-01 18:52:14.657273

d5i8mtmz4vp >> End >> 2020-08-01 18:52:14.795511

zmxxfhc8n5i >> Start >> 2020-08-01 19:06:06.733340

zmxxfhc8n5i >> Image Returned >> 2020-08-01 19:06:06.737337

zmxxfhc8n5i >> End >> 2020-08-01 19:06:06.885019

uyvoti77cu7 >> Start >> 2020-08-01 19:07:47.882720

uyvoti77cu7 >> Image Returned >> 2020-08-01 19:07:47.886213

uyvoti77cu7 >> End >> 2020-08-01 19:07:48.024832

x3crzntxnio >> Start >> 2020-08-01 19:10:03.690361

x3crzntxnio >> Image Returned >> 2020-08-01 19:10:03.693213

x3crzntxnio >> End >> 2020-08-01 19:10:03.833950

sgr6s3jgdjn >> Start >> 2020-08-01 19:11:18.178222

sgr6s3jgdjn >> Image Returned >> 2020-08-01 19:11:18.181221

sgr6s3jgdjn >> End >> 2020-08-01 19:11:18.315968

0c0zygy0t2c >> Start >> 2020-08-01 19:24:03.728646

0c0zygy0t2c >> Image Returned >> 2020-08-01 19:24:03.731539

0c0zygy0t2c >> End >> 2020-08-01 19:24:03.871758

4f2dvpzzq47 >> Start >> 2020-08-01 19:27:47.883580

4f2dvpzzq47 >> Image Returned >> 2020-08-01 19:27:47.887228

4f2dvpzzq47 >> End >> 2020-08-01 19:27:48.029733

h57xe75jyph >> Start >> 2020-08-01 19:36:33.282982

h57xe75jyph >> Image Returned >> 2020-08-01 19:36:33.286329

h57xe75jyph >> End >> 2020-08-01 19:36:33.427999

dnhtp2r37uc >> Start >> 2020-08-01 20:01:45.113049

dnhtp2r37uc >> Image Returned >> 2020-08-01 20:01:45.115859

dnhtp2r37uc >> End >> 2020-08-01 20:01:45.262376

5dteqiscbq6 >> Start >> 2020-08-01 20:01:55.039983

5dteqiscbq6 >> Image Returned >> 2020-08-01 20:01:55.040388

5dteqiscbq6 >> End >> 2020-08-01 20:01:55.186765

gqsaw2mkxz7 >> Start >> 2020-08-01 20:01:55.302367

gqsaw2mkxz7 >> Image Returned >> 2020-08-01 20:01:55.302674

gqsaw2mkxz7 >> End >> 2020-08-01 20:01:55.440654

42h8nkbkwjp >> Start >> 2020-08-01 20:05:19.751039

42h8nkbkwjp >> Image Returned >> 2020-08-01 20:05:19.753885

42h8nkbkwjp >> End >> 2020-08-01 20:05:19.898813

aa5rotyetfn >> Start >> 2020-08-01 20:05:29.906392

aa5rotyetfn >> Image Returned >> 2020-08-01 20:05:29.906693

aa5rotyetfn >> End >> 2020-08-01 20:05:30.048607

ngzqmu68ejc >> Start >> 2020-08-01 20:22:02.033047

ngzqmu68ejc >> Image Returned >> 2020-08-01 20:22:02.037981

ngzqmu68ejc >> End >> 2020-08-01 20:22:02.175793

rwcy7dhn247 >> Start >> 2020-08-01 20:23:06.874346

rwcy7dhn247 >> Image Returned >> 2020-08-01 20:23:06.877159

rwcy7dhn247 >> End >> 2020-08-01 20:23:07.013801

7f0qt78f05m >> Start >> 2020-08-01 20:27:45.282219

7f0qt78f05m >> Image Returned >> 2020-08-01 20:27:45.285233

7f0qt78f05m >> End >> 2020-08-01 20:27:45.425034

fth2eh5n3og >> Start >> 2020-08-01 21:04:50.439409

fth2eh5n3og >> Image Returned >> 2020-08-01 21:04:50.442836

fth2eh5n3og >> End >> 2020-08-01 21:04:50.580463

5yf8xpwebm5 >> Start >> 2020-08-01 22:14:30.008541

5yf8xpwebm5 >> Image Returned >> 2020-08-01 22:14:30.011612

5yf8xpwebm5 >> End >> 2020-08-01 22:14:30.150068

dmyccsqxpuz >> Start >> 2020-08-01 22:26:01.805501

dmyccsqxpuz >> Image Returned >> 2020-08-01 22:26:01.809710

dmyccsqxpuz >> End >> 2020-08-01 22:26:01.951620

7o6qwb3xqen >> Start >> 2020-08-01 22:27:52.649208

7o6qwb3xqen >> Image Returned >> 2020-08-01 22:27:52.653806

7o6qwb3xqen >> End >> 2020-08-01 22:27:52.793968

4tv3q2gz4a5 >> Start >> 2020-08-01 22:32:11.881195

4tv3q2gz4a5 >> Image Returned >> 2020-08-01 22:32:11.884155

4tv3q2gz4a5 >> End >> 2020-08-01 22:32:12.025166

cmcddek8fba >> Start >> 2020-08-01 22:32:25.619385

cmcddek8fba >> Image Returned >> 2020-08-01 22:32:25.622461

cmcddek8fba >> End >> 2020-08-01 22:32:25.768596

3odjj8onxho >> Start >> 2020-08-01 22:36:58.798844

3odjj8onxho >> Image Returned >> 2020-08-01 22:36:58.802617

3odjj8onxho >> End >> 2020-08-01 22:36:58.938963

ia2jvosrjmn >> Start >> 2020-08-01 22:40:18.818775

ia2jvosrjmn >> Image Returned >> 2020-08-01 22:40:18.822379

ia2jvosrjmn >> End >> 2020-08-01 22:40:18.962095

3jhydo5868d >> Start >> 2020-08-01 22:42:49.506850

3jhydo5868d >> Image Returned >> 2020-08-01 22:42:49.510463

3jhydo5868d >> End >> 2020-08-01 22:42:49.650908

ukb0rjfr6ws >> Start >> 2020-08-01 22:56:06.659521

ukb0rjfr6ws >> Image Returned >> 2020-08-01 22:56:06.663441

ukb0rjfr6ws >> End >> 2020-08-01 22:56:06.806149

ap8pefqaitv >> Start >> 2020-08-01 23:09:47.356173

ap8pefqaitv >> Image Returned >> 2020-08-01 23:09:47.360596

ap8pefqaitv >> End >> 2020-08-01 23:09:47.570638

nfhk35em4c7 >> Start >> 2020-08-01 23:10:00.612251

nfhk35em4c7 >> Image Returned >> 2020-08-01 23:10:00.615819

nfhk35em4c7 >> End >> 2020-08-01 23:10:00.815984

ukumkd0j8dh >> Start >> 2020-08-01 23:10:01.133917

ukumkd0j8dh >> Image Returned >> 2020-08-01 23:10:01.134202

ukumkd0j8dh >> End >> 2020-08-01 23:10:01.338238

jsdcowpjzoo >> Start >> 2020-08-01 23:19:56.764847

jsdcowpjzoo >> Image Returned >> 2020-08-01 23:19:56.769428

jsdcowpjzoo >> End >> 2020-08-01 23:19:56.904474

wu3dbu7vva6 >> Start >> 2020-08-01 23:33:21.200037

wu3dbu7vva6 >> Image Returned >> 2020-08-01 23:33:21.204778

wu3dbu7vva6 >> End >> 2020-08-01 23:33:21.339803

u3bhd0scdm8 >> Start >> 2020-08-01 23:58:23.319890

u3bhd0scdm8 >> Image Returned >> 2020-08-01 23:58:23.322957

u3bhd0scdm8 >> End >> 2020-08-01 23:58:23.462553

