2bq7inzewuu >> Start >> 2020-08-16 00:21:24.828130

2bq7inzewuu >> Image Returned >> 2020-08-16 00:21:24.833930

2bq7inzewuu >> End >> 2020-08-16 00:21:24.978241

tone5bo26hn >> Start >> 2020-08-16 00:32:37.736205

tone5bo26hn >> Image Returned >> 2020-08-16 00:32:37.740044

tone5bo26hn >> End >> 2020-08-16 00:32:37.878691

7fmpxd0wndp >> Start >> 2020-08-16 00:42:47.180397

7fmpxd0wndp >> Image Returned >> 2020-08-16 00:42:47.184336

7fmpxd0wndp >> End >> 2020-08-16 00:42:47.325622

qhd54ntvivu >> Start >> 2020-08-16 01:25:16.093031

qhd54ntvivu >> Image Returned >> 2020-08-16 01:25:16.097501

qhd54ntvivu >> End >> 2020-08-16 01:25:16.251909

yzekt64mqdy >> Start >> 2020-08-16 02:29:17.270378

yzekt64mqdy >> Image Returned >> 2020-08-16 02:29:17.274723

yzekt64mqdy >> End >> 2020-08-16 02:29:17.424024

ifsoavzm0s4 >> Start >> 2020-08-16 02:44:00.311060

ifsoavzm0s4 >> Image Returned >> 2020-08-16 02:44:00.315300

ifsoavzm0s4 >> End >> 2020-08-16 02:44:00.453960

72xt8f07j2s >> Start >> 2020-08-16 03:00:01.115916

72xt8f07j2s >> Image Returned >> 2020-08-16 03:00:01.121293

72xt8f07j2s >> End >> 2020-08-16 03:00:01.286144

wcgkkfs622j >> Start >> 2020-08-16 03:41:44.033030

wcgkkfs622j >> Image Returned >> 2020-08-16 03:41:44.038520

wcgkkfs622j >> End >> 2020-08-16 03:41:44.184014

dpgp3eoz6i2 >> Start >> 2020-08-16 04:02:55.994507

dpgp3eoz6i2 >> Image Returned >> 2020-08-16 04:02:55.998064

dpgp3eoz6i2 >> End >> 2020-08-16 04:02:56.123598

uf7id4ivwtg >> Start >> 2020-08-16 04:31:26.774910

uf7id4ivwtg >> Image Returned >> 2020-08-16 04:31:26.779475

uf7id4ivwtg >> End >> 2020-08-16 04:31:26.918556

25newq5tp8s >> Start >> 2020-08-16 05:12:23.341902

25newq5tp8s >> Image Returned >> 2020-08-16 05:12:23.346900

25newq5tp8s >> End >> 2020-08-16 05:12:23.487247

7d5fnv07w6t >> Start >> 2020-08-16 05:26:33.946398

7d5fnv07w6t >> Image Returned >> 2020-08-16 05:26:33.951092

7d5fnv07w6t >> End >> 2020-08-16 05:26:34.095324

cdedv28agb4 >> Start >> 2020-08-16 06:09:26.481820

cdedv28agb4 >> Image Returned >> 2020-08-16 06:09:26.486617

cdedv28agb4 >> End >> 2020-08-16 06:09:26.631135

mydworiwymu >> Start >> 2020-08-16 06:33:09.721345

mydworiwymu >> Image Returned >> 2020-08-16 06:33:09.724958

mydworiwymu >> End >> 2020-08-16 06:33:09.866209

6ydfsdtkmdn >> Start >> 2020-08-16 07:19:45.119580

6ydfsdtkmdn >> Image Returned >> 2020-08-16 07:19:45.124859

6ydfsdtkmdn >> End >> 2020-08-16 07:19:45.272253

cemkijxvtn0 >> Start >> 2020-08-16 07:28:25.101725

cemkijxvtn0 >> Image Returned >> 2020-08-16 07:28:25.108036

cemkijxvtn0 >> End >> 2020-08-16 07:28:25.252052

w2xvbrmwt0m >> Start >> 2020-08-16 08:00:43.535731

w2xvbrmwt0m >> Image Returned >> 2020-08-16 08:00:43.542372

w2xvbrmwt0m >> End >> 2020-08-16 08:00:43.679644

wz0sdcnv6er >> Start >> 2020-08-16 08:01:45.262491

wz0sdcnv6er >> Image Returned >> 2020-08-16 08:01:45.266470

wz0sdcnv6er >> End >> 2020-08-16 08:01:45.409440

637mia87dnv >> Start >> 2020-08-16 08:36:06.810551

637mia87dnv >> Image Returned >> 2020-08-16 08:36:06.815352

637mia87dnv >> End >> 2020-08-16 08:36:06.958751

jwx0iadxcto >> Start >> 2020-08-16 08:43:22.745848

jwx0iadxcto >> Image Returned >> 2020-08-16 08:43:22.750065

jwx0iadxcto >> End >> 2020-08-16 08:43:22.890130

grxsc2fq5ah >> Start >> 2020-08-16 08:48:30.742593

grxsc2fq5ah >> Image Returned >> 2020-08-16 08:48:30.748131

grxsc2fq5ah >> End >> 2020-08-16 08:48:30.890155

gdcrz6qshky >> Start >> 2020-08-16 08:58:43.299608

gdcrz6qshky >> Image Returned >> 2020-08-16 08:58:43.304460

gdcrz6qshky >> End >> 2020-08-16 08:58:43.443912

y0244xsa4xj >> Start >> 2020-08-16 09:02:26.925060

y0244xsa4xj >> Image Returned >> 2020-08-16 09:02:26.930253

y0244xsa4xj >> End >> 2020-08-16 09:02:27.072509

rt7n6ztrr3q >> Start >> 2020-08-16 09:18:20.035207

rt7n6ztrr3q >> Image Returned >> 2020-08-16 09:18:20.039571

rt7n6ztrr3q >> End >> 2020-08-16 09:18:20.181526

dhrgjjvcpgp >> Start >> 2020-08-16 09:34:00.465192

dhrgjjvcpgp >> Image Returned >> 2020-08-16 09:34:00.469649

dhrgjjvcpgp >> End >> 2020-08-16 09:34:00.618308

drxb44ppeww >> Start >> 2020-08-16 09:59:27.471306

drxb44ppeww >> Image Returned >> 2020-08-16 09:59:27.477550

drxb44ppeww >> End >> 2020-08-16 09:59:27.621062

xwzbvit06em >> Start >> 2020-08-16 10:05:40.157849

xwzbvit06em >> Image Returned >> 2020-08-16 10:05:40.163086

xwzbvit06em >> End >> 2020-08-16 10:05:40.304338

3ztsguftnik >> Start >> 2020-08-16 10:08:22.307667

3ztsguftnik >> Image Returned >> 2020-08-16 10:08:22.312577

3ztsguftnik >> End >> 2020-08-16 10:08:22.453948

ti3pkioowys >> Start >> 2020-08-16 10:20:39.391532

ti3pkioowys >> Image Returned >> 2020-08-16 10:20:39.397828

ti3pkioowys >> End >> 2020-08-16 10:20:39.538815

qqq4vdre30j >> Start >> 2020-08-16 10:23:04.072341

qqq4vdre30j >> Image Returned >> 2020-08-16 10:23:04.077399

qqq4vdre30j >> End >> 2020-08-16 10:23:04.215159

up0mt75dqjv >> Start >> 2020-08-16 10:31:29.962050

up0mt75dqjv >> Image Returned >> 2020-08-16 10:31:29.965787

up0mt75dqjv >> End >> 2020-08-16 10:31:30.088571

k3k8tyusrjt >> Start >> 2020-08-16 10:37:48.979172

k3k8tyusrjt >> Image Returned >> 2020-08-16 10:37:48.983608

k3k8tyusrjt >> End >> 2020-08-16 10:37:49.135613

d3fv0dbkogi >> Start >> 2020-08-16 11:18:13.260463

d3fv0dbkogi >> Image Returned >> 2020-08-16 11:18:13.264763

d3fv0dbkogi >> End >> 2020-08-16 11:18:13.412800

gzrk6m0c7jd >> Start >> 2020-08-16 11:23:10.763925

gzrk6m0c7jd >> Image Returned >> 2020-08-16 11:23:10.768224

gzrk6m0c7jd >> End >> 2020-08-16 11:23:10.917550

k6m3ntych5k >> Start >> 2020-08-16 11:54:03.660273

k6m3ntych5k >> Image Returned >> 2020-08-16 11:54:03.669264

k6m3ntych5k >> End >> 2020-08-16 11:54:03.808176

pomf7bx8dei >> Start >> 2020-08-16 11:59:56.343202

pomf7bx8dei >> Image Returned >> 2020-08-16 11:59:56.347634

pomf7bx8dei >> End >> 2020-08-16 11:59:56.487085

yiyw3xdw0ki >> Start >> 2020-08-16 12:01:50.251279

yiyw3xdw0ki >> Image Returned >> 2020-08-16 12:01:50.255047

yiyw3xdw0ki >> End >> 2020-08-16 12:01:50.405647

0n36tnea6z8 >> Start >> 2020-08-16 12:26:07.070914

0n36tnea6z8 >> Image Returned >> 2020-08-16 12:26:07.075401

0n36tnea6z8 >> End >> 2020-08-16 12:26:07.222939

c8f2sb2230m >> Start >> 2020-08-16 12:26:30.457314

c8f2sb2230m >> Image Returned >> 2020-08-16 12:26:30.460944

c8f2sb2230m >> End >> 2020-08-16 12:26:30.607281

b770qfbngy5 >> Start >> 2020-08-16 13:05:27.378499

b770qfbngy5 >> Image Returned >> 2020-08-16 13:05:27.382925

b770qfbngy5 >> End >> 2020-08-16 13:05:27.554549

tbmjz8e2ngn >> Start >> 2020-08-16 13:06:23.098798

tbmjz8e2ngn >> Image Returned >> 2020-08-16 13:06:23.103656

tbmjz8e2ngn >> End >> 2020-08-16 13:06:23.244314

khfkezdjkrn >> Start >> 2020-08-16 13:20:47.504182

khfkezdjkrn >> Image Returned >> 2020-08-16 13:20:47.511063

khfkezdjkrn >> End >> 2020-08-16 13:20:47.650574

sj7parbi56b >> Start >> 2020-08-16 14:33:23.339387

sj7parbi56b >> Image Returned >> 2020-08-16 14:33:23.343271

sj7parbi56b >> End >> 2020-08-16 14:33:23.488858

jcf8zzi2jnx >> Start >> 2020-08-16 14:35:11.124948

jcf8zzi2jnx >> Image Returned >> 2020-08-16 14:35:11.128734

jcf8zzi2jnx >> End >> 2020-08-16 14:35:11.278934

7frb777vk7d >> Start >> 2020-08-16 14:36:09.756198

7frb777vk7d >> Image Returned >> 2020-08-16 14:36:09.760426

7frb777vk7d >> End >> 2020-08-16 14:36:09.904093

d07uvjv7cjs >> Start >> 2020-08-16 14:37:55.555804

d07uvjv7cjs >> Image Returned >> 2020-08-16 14:37:55.561398

d07uvjv7cjs >> End >> 2020-08-16 14:37:55.702315

om3zg5xfb8s >> Start >> 2020-08-16 14:41:09.277641

om3zg5xfb8s >> Image Returned >> 2020-08-16 14:41:09.283211

om3zg5xfb8s >> End >> 2020-08-16 14:41:09.426909

44o7nsz27w3 >> Start >> 2020-08-16 14:46:24.964445

44o7nsz27w3 >> Image Returned >> 2020-08-16 14:46:24.968277

44o7nsz27w3 >> End >> 2020-08-16 14:46:25.111753

utofxu4xjuq >> Start >> 2020-08-16 14:56:23.799681

utofxu4xjuq >> Image Returned >> 2020-08-16 14:56:23.803513

utofxu4xjuq >> End >> 2020-08-16 14:56:23.945063

wf7mny4604y >> Start >> 2020-08-16 15:02:54.497486

wf7mny4604y >> Image Returned >> 2020-08-16 15:02:54.504245

wf7mny4604y >> End >> 2020-08-16 15:02:54.647418

qrp06r4ohpp >> Start >> 2020-08-16 15:11:35.622771

qrp06r4ohpp >> Image Returned >> 2020-08-16 15:11:35.627326

qrp06r4ohpp >> End >> 2020-08-16 15:11:35.774295

ih0zmnggci6 >> Start >> 2020-08-16 15:21:24.024833

ih0zmnggci6 >> Image Returned >> 2020-08-16 15:21:24.031107

ih0zmnggci6 >> End >> 2020-08-16 15:21:24.181037

2t3inq5st2x >> Start >> 2020-08-16 15:29:51.334795

2t3inq5st2x >> Image Returned >> 2020-08-16 15:29:51.340158

2t3inq5st2x >> End >> 2020-08-16 15:29:51.485574

g203mojz6qo >> Start >> 2020-08-16 15:31:20.120913

g203mojz6qo >> Image Returned >> 2020-08-16 15:31:20.125106

g203mojz6qo >> End >> 2020-08-16 15:31:20.262537

6zai33m07zo >> Start >> 2020-08-16 15:33:58.468426

6zai33m07zo >> Image Returned >> 2020-08-16 15:33:58.473793

6zai33m07zo >> End >> 2020-08-16 15:33:58.618052

vvwk4y3iuvv >> Start >> 2020-08-16 15:42:53.318974

vvwk4y3iuvv >> Image Returned >> 2020-08-16 15:42:53.323393

vvwk4y3iuvv >> End >> 2020-08-16 15:42:53.470988

2s6qotkmc85 >> Start >> 2020-08-16 15:47:43.929974

2s6qotkmc85 >> Image Returned >> 2020-08-16 15:47:43.933933

2s6qotkmc85 >> End >> 2020-08-16 15:47:44.080080

xwq72fewffz >> Start >> 2020-08-16 15:48:37.014297

xwq72fewffz >> Image Returned >> 2020-08-16 15:48:37.018927

xwq72fewffz >> End >> 2020-08-16 15:48:37.166479

sxfadg5a2u5 >> Start >> 2020-08-16 16:06:47.976520

sxfadg5a2u5 >> Image Returned >> 2020-08-16 16:06:47.980891

sxfadg5a2u5 >> End >> 2020-08-16 16:06:48.130697

gm4kzjr8cjj >> Start >> 2020-08-16 16:08:27.025213

gm4kzjr8cjj >> Image Returned >> 2020-08-16 16:08:27.031676

gm4kzjr8cjj >> End >> 2020-08-16 16:08:27.188735

zxbo42y2aj8 >> Start >> 2020-08-16 16:13:29.436592

zxbo42y2aj8 >> Image Returned >> 2020-08-16 16:13:29.440658

zxbo42y2aj8 >> End >> 2020-08-16 16:13:29.581067

2c8zg0v04cs >> Start >> 2020-08-16 16:40:30.533076

2c8zg0v04cs >> Image Returned >> 2020-08-16 16:40:30.536946

2c8zg0v04cs >> End >> 2020-08-16 16:40:30.682970

jbh25fyox5u >> Start >> 2020-08-16 16:55:41.724720

jbh25fyox5u >> Image Returned >> 2020-08-16 16:55:41.731158

jbh25fyox5u >> End >> 2020-08-16 16:55:41.876780

wqm2o75p7ms >> Start >> 2020-08-16 17:02:54.513700

wqm2o75p7ms >> Image Returned >> 2020-08-16 17:02:54.519809

wqm2o75p7ms >> End >> 2020-08-16 17:02:54.673326

766xhmehjgd >> Start >> 2020-08-16 17:13:00.325495

766xhmehjgd >> Image Returned >> 2020-08-16 17:13:00.331437

766xhmehjgd >> End >> 2020-08-16 17:13:00.478441

z286iqo0ocb >> Start >> 2020-08-16 17:31:59.582794

z286iqo0ocb >> Image Returned >> 2020-08-16 17:31:59.587620

z286iqo0ocb >> End >> 2020-08-16 17:31:59.730830

0foner6683s >> Start >> 2020-08-16 17:42:03.745338

0foner6683s >> Image Returned >> 2020-08-16 17:42:03.750422

0foner6683s >> End >> 2020-08-16 17:42:03.895236

5670mw3ow7u >> Start >> 2020-08-16 17:42:27.231578

5670mw3ow7u >> Image Returned >> 2020-08-16 17:42:27.235327

5670mw3ow7u >> End >> 2020-08-16 17:42:27.374366

gv4xmx4pk58 >> Start >> 2020-08-16 17:48:45.159154

gv4xmx4pk58 >> Image Returned >> 2020-08-16 17:48:45.164019

gv4xmx4pk58 >> End >> 2020-08-16 17:48:45.312493

4ezvx0zxnkx >> Start >> 2020-08-16 17:50:26.734378

4ezvx0zxnkx >> Image Returned >> 2020-08-16 17:50:26.739715

4ezvx0zxnkx >> End >> 2020-08-16 17:50:26.891006

w76rpcjizgv >> Start >> 2020-08-16 17:52:27.994771

w76rpcjizgv >> Image Returned >> 2020-08-16 17:52:27.999804

w76rpcjizgv >> End >> 2020-08-16 17:52:28.155430

ty03whbxrhb >> Start >> 2020-08-16 18:16:10.063393

ty03whbxrhb >> Image Returned >> 2020-08-16 18:16:10.067424

ty03whbxrhb >> End >> 2020-08-16 18:16:10.211127

ems30agfdgz >> Start >> 2020-08-16 18:16:27.792598

ems30agfdgz >> Image Returned >> 2020-08-16 18:16:27.796437

ems30agfdgz >> End >> 2020-08-16 18:16:27.937911

40uz4a6ygjh >> Start >> 2020-08-16 18:25:36.255331

40uz4a6ygjh >> Image Returned >> 2020-08-16 18:25:36.259840

40uz4a6ygjh >> End >> 2020-08-16 18:25:36.403063

8rdsm7m56az >> Start >> 2020-08-16 18:26:08.184329

8rdsm7m56az >> Image Returned >> 2020-08-16 18:26:08.189663

8rdsm7m56az >> End >> 2020-08-16 18:26:08.339432

76gnfqh6fxq >> Start >> 2020-08-16 18:34:13.969558

76gnfqh6fxq >> Image Returned >> 2020-08-16 18:34:13.973735

76gnfqh6fxq >> End >> 2020-08-16 18:34:14.121617

nqeksgdwftz >> Start >> 2020-08-16 18:35:26.501576

nqeksgdwftz >> Image Returned >> 2020-08-16 18:35:26.506067

nqeksgdwftz >> End >> 2020-08-16 18:35:26.650784

s6zh3cbmt2v >> Start >> 2020-08-16 18:37:11.311090

s6zh3cbmt2v >> Image Returned >> 2020-08-16 18:37:11.315599

s6zh3cbmt2v >> End >> 2020-08-16 18:37:11.459763

dk00b2bcxjs >> Start >> 2020-08-16 18:39:34.688400

dk00b2bcxjs >> Image Returned >> 2020-08-16 18:39:34.694546

dk00b2bcxjs >> End >> 2020-08-16 18:39:34.838201

85jjx35ci8t >> Start >> 2020-08-16 18:41:47.694998

85jjx35ci8t >> Image Returned >> 2020-08-16 18:41:47.699568

85jjx35ci8t >> End >> 2020-08-16 18:41:47.846923

tdazdfg3rnf >> Start >> 2020-08-16 19:17:05.482451

tdazdfg3rnf >> Image Returned >> 2020-08-16 19:17:05.489120

tdazdfg3rnf >> End >> 2020-08-16 19:17:05.636797

t84v4n82hkx >> Start >> 2020-08-16 19:20:45.919269

t84v4n82hkx >> Image Returned >> 2020-08-16 19:20:45.924952

t84v4n82hkx >> End >> 2020-08-16 19:20:46.068037

ch0wj5z8z7m >> Start >> 2020-08-16 19:25:43.211033

ch0wj5z8z7m >> Image Returned >> 2020-08-16 19:25:43.215509

ch0wj5z8z7m >> End >> 2020-08-16 19:25:43.363143

ijoponzmva4 >> Start >> 2020-08-16 19:28:27.824129

ijoponzmva4 >> Image Returned >> 2020-08-16 19:28:27.829595

ijoponzmva4 >> End >> 2020-08-16 19:28:27.976211

pv2v8rcj2qd >> Start >> 2020-08-16 19:29:15.829447

pv2v8rcj2qd >> Image Returned >> 2020-08-16 19:29:15.833702

pv2v8rcj2qd >> End >> 2020-08-16 19:29:16.047408

ic0zjeetp8k >> Start >> 2020-08-16 19:33:57.369556

ic0zjeetp8k >> Image Returned >> 2020-08-16 19:33:57.374711

ic0zjeetp8k >> End >> 2020-08-16 19:33:57.524365

rwa84go0w5n >> Start >> 2020-08-16 19:40:56.375766

rwa84go0w5n >> Image Returned >> 2020-08-16 19:40:56.381808

rwa84go0w5n >> End >> 2020-08-16 19:40:56.527461

w683h4tfovt >> Start >> 2020-08-16 19:52:26.857017

w683h4tfovt >> Image Returned >> 2020-08-16 19:52:26.862936

w683h4tfovt >> End >> 2020-08-16 19:52:27.033392

0mws53mz7oh >> Start >> 2020-08-16 19:55:50.462671

0mws53mz7oh >> Image Returned >> 2020-08-16 19:55:50.469347

0mws53mz7oh >> End >> 2020-08-16 19:55:50.614075

s76yixz8iim >> Start >> 2020-08-16 20:25:03.805748

s76yixz8iim >> Image Returned >> 2020-08-16 20:25:03.810687

s76yixz8iim >> End >> 2020-08-16 20:25:03.962857

hyqia2joj45 >> Start >> 2020-08-16 20:27:23.240593

hyqia2joj45 >> Image Returned >> 2020-08-16 20:27:23.245754

hyqia2joj45 >> End >> 2020-08-16 20:27:23.429234

3d7b0oo88xr >> Start >> 2020-08-16 20:28:16.788144

3d7b0oo88xr >> Image Returned >> 2020-08-16 20:28:16.792762

3d7b0oo88xr >> End >> 2020-08-16 20:28:16.967643

hd3fbk6tnnw >> Start >> 2020-08-16 20:31:27.576476

hd3fbk6tnnw >> Image Returned >> 2020-08-16 20:31:27.582052

hd3fbk6tnnw >> End >> 2020-08-16 20:31:27.725693

sprokbqyjd6 >> Start >> 2020-08-16 20:43:22.742377

sprokbqyjd6 >> Image Returned >> 2020-08-16 20:43:22.747885

sprokbqyjd6 >> End >> 2020-08-16 20:43:22.888699

hbe38jovtky >> Start >> 2020-08-16 20:50:30.983310

hbe38jovtky >> Image Returned >> 2020-08-16 20:50:30.989937

hbe38jovtky >> End >> 2020-08-16 20:50:31.130057

agyovvzft0t >> Start >> 2020-08-16 20:57:20.753963

agyovvzft0t >> Image Returned >> 2020-08-16 20:57:20.759170

agyovvzft0t >> End >> 2020-08-16 20:57:20.902861

3bkoavdkdwn >> Start >> 2020-08-16 20:57:41.321299

3bkoavdkdwn >> Image Returned >> 2020-08-16 20:57:41.325120

3bkoavdkdwn >> End >> 2020-08-16 20:57:41.475951

5ef33jd8ryu >> Start >> 2020-08-16 21:09:40.963704

5ef33jd8ryu >> Image Returned >> 2020-08-16 21:09:40.970309

5ef33jd8ryu >> End >> 2020-08-16 21:09:41.113449

aiz48vv80yo >> Start >> 2020-08-16 21:13:14.421179

aiz48vv80yo >> Image Returned >> 2020-08-16 21:13:14.425302

aiz48vv80yo >> End >> 2020-08-16 21:13:14.576102

ziaqunwitx4 >> Start >> 2020-08-16 21:20:56.686011

ziaqunwitx4 >> Image Returned >> 2020-08-16 21:20:56.690198

ziaqunwitx4 >> End >> 2020-08-16 21:20:56.828279

z4bqju6krza >> Start >> 2020-08-16 21:27:09.443557

z4bqju6krza >> Image Returned >> 2020-08-16 21:27:09.448425

z4bqju6krza >> End >> 2020-08-16 21:27:09.585788

ras82uw03wa >> Start >> 2020-08-16 21:28:04.693800

ras82uw03wa >> Image Returned >> 2020-08-16 21:28:04.697976

ras82uw03wa >> End >> 2020-08-16 21:28:04.838697

qzxxkoitg5h >> Start >> 2020-08-16 21:31:36.484163

qzxxkoitg5h >> Image Returned >> 2020-08-16 21:31:36.487584

qzxxkoitg5h >> End >> 2020-08-16 21:31:36.629539

753jaekshnr >> Start >> 2020-08-16 21:43:35.843636

753jaekshnr >> Image Returned >> 2020-08-16 21:43:35.847898

753jaekshnr >> End >> 2020-08-16 21:43:35.989017

6o5wt7jtbot >> Start >> 2020-08-16 21:46:31.374702

6o5wt7jtbot >> Image Returned >> 2020-08-16 21:46:31.378113

6o5wt7jtbot >> End >> 2020-08-16 21:46:31.520790

vmd4zftnkrn >> Start >> 2020-08-16 22:05:33.453401

vmd4zftnkrn >> Image Returned >> 2020-08-16 22:05:33.459163

vmd4zftnkrn >> End >> 2020-08-16 22:05:33.608324

ng2gqfnqp0q >> Start >> 2020-08-16 22:06:28.285109

ng2gqfnqp0q >> Image Returned >> 2020-08-16 22:06:28.288369

ng2gqfnqp0q >> End >> 2020-08-16 22:06:28.436167

s8m46fkf6hn >> Start >> 2020-08-16 22:08:17.117531

s8m46fkf6hn >> Image Returned >> 2020-08-16 22:08:17.121349

s8m46fkf6hn >> End >> 2020-08-16 22:08:17.264177

tgw3t82iv6e >> Start >> 2020-08-16 22:10:33.490264

tgw3t82iv6e >> Image Returned >> 2020-08-16 22:10:33.493582

tgw3t82iv6e >> End >> 2020-08-16 22:10:33.638051

idn65ryb5on >> Start >> 2020-08-16 22:12:55.950097

idn65ryb5on >> Image Returned >> 2020-08-16 22:12:55.955210

idn65ryb5on >> End >> 2020-08-16 22:12:56.097929

fmjpcnakwka >> Start >> 2020-08-16 22:16:26.569181

fmjpcnakwka >> Image Returned >> 2020-08-16 22:16:26.572830

fmjpcnakwka >> End >> 2020-08-16 22:16:26.728494

zbw7kf4qphp >> Start >> 2020-08-16 22:18:36.563808

zbw7kf4qphp >> Image Returned >> 2020-08-16 22:18:36.570970

zbw7kf4qphp >> End >> 2020-08-16 22:18:36.719566

vhfjk4ynybm >> Start >> 2020-08-16 22:20:44.109620

vhfjk4ynybm >> Image Returned >> 2020-08-16 22:20:44.113570

vhfjk4ynybm >> End >> 2020-08-16 22:20:44.258286

2mktorhx5e6 >> Start >> 2020-08-16 22:27:45.564062

2mktorhx5e6 >> Image Returned >> 2020-08-16 22:27:45.567603

2mktorhx5e6 >> End >> 2020-08-16 22:27:45.711946

wrkn0rm4pmb >> Start >> 2020-08-16 22:51:28.582693

wrkn0rm4pmb >> Image Returned >> 2020-08-16 22:51:28.586131

wrkn0rm4pmb >> End >> 2020-08-16 22:51:28.730604

fnk2bu4hsvi >> Start >> 2020-08-16 22:57:54.946722

fnk2bu4hsvi >> Image Returned >> 2020-08-16 22:57:54.951186

fnk2bu4hsvi >> End >> 2020-08-16 22:57:55.105973

j7ht2vgvj2h >> Start >> 2020-08-16 22:58:01.602569

j7ht2vgvj2h >> Image Returned >> 2020-08-16 22:58:01.602904

j7ht2vgvj2h >> End >> 2020-08-16 22:58:01.740070

oegghe08ok0 >> Start >> 2020-08-16 23:01:25.161123

oegghe08ok0 >> Image Returned >> 2020-08-16 23:01:25.166165

oegghe08ok0 >> End >> 2020-08-16 23:01:25.315088

yjovk5mnmag >> Start >> 2020-08-16 23:01:37.604270

yjovk5mnmag >> Image Returned >> 2020-08-16 23:01:37.607666

yjovk5mnmag >> End >> 2020-08-16 23:01:37.749255

x0sw5dqx7aj >> Start >> 2020-08-16 23:02:40.400624

x0sw5dqx7aj >> Image Returned >> 2020-08-16 23:02:40.405611

x0sw5dqx7aj >> End >> 2020-08-16 23:02:40.549933

7gvewm4qs7r >> Start >> 2020-08-16 23:13:47.360502

7gvewm4qs7r >> Image Returned >> 2020-08-16 23:13:47.364355

7gvewm4qs7r >> End >> 2020-08-16 23:13:47.512136

xaakpqf7i5n >> Start >> 2020-08-16 23:42:16.343799

xaakpqf7i5n >> Image Returned >> 2020-08-16 23:42:16.347843

xaakpqf7i5n >> End >> 2020-08-16 23:42:16.495172

u265cnn4gfk >> Start >> 2020-08-16 23:58:04.683401

u265cnn4gfk >> Image Returned >> 2020-08-16 23:58:04.688457

u265cnn4gfk >> End >> 2020-08-16 23:58:04.831717

