imwsd6ts8i2 >> Start >> 2020-06-19 00:52:01.028592

imwsd6ts8i2 >> Image Returned >> 2020-06-19 00:52:01.032799

imwsd6ts8i2 >> End >> 2020-06-19 00:52:01.043450

y32aejmenuv >> Start >> 2020-06-19 01:12:16.125896

y32aejmenuv >> Image Returned >> 2020-06-19 01:12:16.129810

y32aejmenuv >> End >> 2020-06-19 01:12:16.140607

j5wy8zwvhuk >> Start >> 2020-06-19 02:07:51.235980

j5wy8zwvhuk >> Image Returned >> 2020-06-19 02:07:51.242734

j5wy8zwvhuk >> End >> 2020-06-19 02:07:51.263367

fd85xpcaup2 >> Start >> 2020-06-19 02:21:31.507589

fd85xpcaup2 >> Image Returned >> 2020-06-19 02:21:31.511307

fd85xpcaup2 >> End >> 2020-06-19 02:21:31.524851

8vr655j8r8x >> Start >> 2020-06-19 02:28:41.979274

8vr655j8r8x >> Image Returned >> 2020-06-19 02:28:41.982033

8vr655j8r8x >> End >> 2020-06-19 02:28:41.993134

bapipfk0yxs >> Start >> 2020-06-19 03:08:28.628392

bapipfk0yxs >> Image Returned >> 2020-06-19 03:08:28.631263

bapipfk0yxs >> End >> 2020-06-19 03:08:28.640176

40g4oabbayz >> Start >> 2020-06-19 05:12:09.354201

40g4oabbayz >> Image Returned >> 2020-06-19 05:12:09.357245

40g4oabbayz >> End >> 2020-06-19 05:12:09.372137

tbekzzde3nq >> Start >> 2020-06-19 08:48:29.411003

tbekzzde3nq >> Image Returned >> 2020-06-19 08:48:29.414057

tbekzzde3nq >> End >> 2020-06-19 08:48:29.433267

2vb2c7yi2ga >> Start >> 2020-06-19 08:51:50.878705

2vb2c7yi2ga >> Image Returned >> 2020-06-19 08:51:50.882374

2vb2c7yi2ga >> End >> 2020-06-19 08:51:50.894665

88gvg4g5rtz >> Start >> 2020-06-19 09:05:06.742328

88gvg4g5rtz >> Image Returned >> 2020-06-19 09:05:06.745332

88gvg4g5rtz >> End >> 2020-06-19 09:05:06.767522

5f7seks43bt >> Start >> 2020-06-19 09:25:24.871309

5f7seks43bt >> Image Returned >> 2020-06-19 09:25:24.874674

5f7seks43bt >> End >> 2020-06-19 09:25:24.885813

25y6g36h60c >> Start >> 2020-06-19 10:03:38.181183

25y6g36h60c >> Image Returned >> 2020-06-19 10:03:38.185203

25y6g36h60c >> End >> 2020-06-19 10:03:38.199611

zupqss8yu30 >> Start >> 2020-06-19 10:29:50.466063

zupqss8yu30 >> Image Returned >> 2020-06-19 10:29:50.471946

zupqss8yu30 >> End >> 2020-06-19 10:29:50.484330

fiudf3rzh26 >> Start >> 2020-06-19 11:04:46.496325

fiudf3rzh26 >> Image Returned >> 2020-06-19 11:04:46.499424

fiudf3rzh26 >> End >> 2020-06-19 11:04:46.512379

rhiu0jdexc5 >> Start >> 2020-06-19 11:59:38.074712

rhiu0jdexc5 >> Image Returned >> 2020-06-19 11:59:38.077928

rhiu0jdexc5 >> End >> 2020-06-19 11:59:38.088890

20ghurt2qew >> Start >> 2020-06-19 12:43:44.014919

20ghurt2qew >> Image Returned >> 2020-06-19 12:43:44.018171

20ghurt2qew >> End >> 2020-06-19 12:43:44.027923

5oecja0k788 >> Start >> 2020-06-19 13:21:39.644910

5oecja0k788 >> Image Returned >> 2020-06-19 13:21:39.648787

5oecja0k788 >> End >> 2020-06-19 13:21:39.663650

vrxorr4pzim >> Start >> 2020-06-19 13:35:24.727214

vrxorr4pzim >> Image Returned >> 2020-06-19 13:35:24.730526

vrxorr4pzim >> End >> 2020-06-19 13:35:24.741014

hvac2rybh7j >> Start >> 2020-06-19 14:12:54.335745

hvac2rybh7j >> Image Returned >> 2020-06-19 14:12:54.339432

hvac2rybh7j >> End >> 2020-06-19 14:12:54.351440

bthp2cbv7vk >> Start >> 2020-06-19 14:15:04.175723

bthp2cbv7vk >> Image Returned >> 2020-06-19 14:15:04.179377

bthp2cbv7vk >> End >> 2020-06-19 14:15:04.190290

e4uihh5ehmw >> Start >> 2020-06-19 15:30:21.150857

e4uihh5ehmw >> Image Returned >> 2020-06-19 15:30:21.156356

e4uihh5ehmw >> End >> 2020-06-19 15:30:21.168070

ddgp6k6xpfe >> Start >> 2020-06-19 15:51:16.156104

ddgp6k6xpfe >> Image Returned >> 2020-06-19 15:51:16.160907

ddgp6k6xpfe >> End >> 2020-06-19 15:51:16.171973

haoh4kp2ttx >> Start >> 2020-06-19 16:22:16.873013

haoh4kp2ttx >> Image Returned >> 2020-06-19 16:22:16.877840

haoh4kp2ttx >> End >> 2020-06-19 16:22:16.889786

sid8xpw4e4c >> Start >> 2020-06-19 16:24:27.096905

sid8xpw4e4c >> Image Returned >> 2020-06-19 16:24:27.100188

sid8xpw4e4c >> End >> 2020-06-19 16:24:27.118115

tp23c4u5vyk >> Start >> 2020-06-19 16:36:16.985157

tp23c4u5vyk >> Image Returned >> 2020-06-19 16:36:16.990447

tp23c4u5vyk >> End >> 2020-06-19 16:36:17.001801

e7677rs4cs4 >> Start >> 2020-06-19 16:43:06.224054

e7677rs4cs4 >> Image Returned >> 2020-06-19 16:43:06.229850

e7677rs4cs4 >> End >> 2020-06-19 16:43:06.239590

pug70ygdznd >> Start >> 2020-06-19 17:00:09.307811

pug70ygdznd >> Image Returned >> 2020-06-19 17:00:09.311230

pug70ygdznd >> End >> 2020-06-19 17:00:09.324352

qvuehpzk47c >> Start >> 2020-06-19 17:23:21.169349

qvuehpzk47c >> Image Returned >> 2020-06-19 17:23:21.173026

qvuehpzk47c >> End >> 2020-06-19 17:23:21.198718

6rfnt74fh0h >> Start >> 2020-06-19 17:31:39.069175

6rfnt74fh0h >> Image Returned >> 2020-06-19 17:31:39.072400

6rfnt74fh0h >> End >> 2020-06-19 17:31:39.082492

qxow8vz0ems >> Start >> 2020-06-19 17:41:48.969643

qxow8vz0ems >> Image Returned >> 2020-06-19 17:41:48.973572

qxow8vz0ems >> End >> 2020-06-19 17:41:48.986284

knpznr3ubju >> Start >> 2020-06-19 17:55:55.740716

knpznr3ubju >> Image Returned >> 2020-06-19 17:55:55.744540

knpznr3ubju >> End >> 2020-06-19 17:55:55.757157

enmafy7tpga >> Start >> 2020-06-19 18:09:23.985146

enmafy7tpga >> Image Returned >> 2020-06-19 18:09:23.991606

enmafy7tpga >> End >> 2020-06-19 18:09:24.008204

bswai0bcrm4 >> Start >> 2020-06-19 18:25:57.324127

bswai0bcrm4 >> Image Returned >> 2020-06-19 18:25:57.327799

bswai0bcrm4 >> End >> 2020-06-19 18:25:57.339304

08hqavmy753 >> Start >> 2020-06-19 18:28:16.732296

08hqavmy753 >> Image Returned >> 2020-06-19 18:28:16.735939

08hqavmy753 >> End >> 2020-06-19 18:28:16.749651

gnpnqqvpdhs >> Start >> 2020-06-19 18:32:57.535207

gnpnqqvpdhs >> Image Returned >> 2020-06-19 18:32:57.538922

gnpnqqvpdhs >> End >> 2020-06-19 18:32:57.549891

7p50giqw8hd >> Start >> 2020-06-19 18:47:10.664136

7p50giqw8hd >> Image Returned >> 2020-06-19 18:47:10.668355

7p50giqw8hd >> End >> 2020-06-19 18:47:10.679176

ykadtganicf >> Start >> 2020-06-19 19:06:31.121265

ykadtganicf >> Image Returned >> 2020-06-19 19:06:31.125941

ykadtganicf >> End >> 2020-06-19 19:06:31.137294

emqv43ms0op >> Start >> 2020-06-19 19:18:27.318337

emqv43ms0op >> Image Returned >> 2020-06-19 19:18:27.321733

emqv43ms0op >> End >> 2020-06-19 19:18:27.333410

s7epy2rdwsn >> Start >> 2020-06-19 19:22:13.544584

s7epy2rdwsn >> Image Returned >> 2020-06-19 19:22:13.549683

s7epy2rdwsn >> End >> 2020-06-19 19:22:13.565236

yg853t5z3x8 >> Start >> 2020-06-19 19:47:11.110306

yg853t5z3x8 >> Image Returned >> 2020-06-19 19:47:11.114371

yg853t5z3x8 >> End >> 2020-06-19 19:47:11.125988

rxci5gjp4mv >> Start >> 2020-06-19 20:04:39.940851

rxci5gjp4mv >> Image Returned >> 2020-06-19 20:04:39.944721

rxci5gjp4mv >> End >> 2020-06-19 20:04:39.957309

4x2cohzodsc >> Start >> 2020-06-19 20:09:10.340570

4x2cohzodsc >> Image Returned >> 2020-06-19 20:09:10.345583

4x2cohzodsc >> End >> 2020-06-19 20:09:10.365115

jx5ejo8agup >> Start >> 2020-06-19 20:22:05.468234

jx5ejo8agup >> Image Returned >> 2020-06-19 20:22:05.473048

jx5ejo8agup >> End >> 2020-06-19 20:22:05.485460

snp0gmetkxp >> Start >> 2020-06-19 20:54:06.699306

snp0gmetkxp >> Image Returned >> 2020-06-19 20:54:06.703318

snp0gmetkxp >> End >> 2020-06-19 20:54:06.715415

42g3uc3rnkv >> Start >> 2020-06-19 20:56:24.286638

42g3uc3rnkv >> Image Returned >> 2020-06-19 20:56:24.291085

42g3uc3rnkv >> End >> 2020-06-19 20:56:24.304856

4wrcgerbwcv >> Start >> 2020-06-19 21:24:16.198560

4wrcgerbwcv >> Image Returned >> 2020-06-19 21:24:16.202811

4wrcgerbwcv >> End >> 2020-06-19 21:24:16.214473

zqvscmgyutz >> Start >> 2020-06-19 21:54:55.206926

zqvscmgyutz >> Image Returned >> 2020-06-19 21:54:55.210983

zqvscmgyutz >> End >> 2020-06-19 21:54:55.222810

srjaf5s4qyh >> Start >> 2020-06-19 21:59:29.088222

srjaf5s4qyh >> Image Returned >> 2020-06-19 21:59:29.093734

srjaf5s4qyh >> End >> 2020-06-19 21:59:29.104762

pmpxrz6ib7g >> Start >> 2020-06-19 22:23:36.671269

pmpxrz6ib7g >> Image Returned >> 2020-06-19 22:23:36.677412

pmpxrz6ib7g >> End >> 2020-06-19 22:23:36.693268

sp0mqwownsp >> Start >> 2020-06-19 22:25:18.342338

sp0mqwownsp >> Image Returned >> 2020-06-19 22:25:18.347368

sp0mqwownsp >> End >> 2020-06-19 22:25:18.360191

784r4kboar0 >> Start >> 2020-06-19 22:58:56.960318

784r4kboar0 >> Image Returned >> 2020-06-19 22:58:56.965679

784r4kboar0 >> End >> 2020-06-19 22:58:56.977483

oyem3zv36kx >> Start >> 2020-06-19 23:35:57.330785

oyem3zv36kx >> Image Returned >> 2020-06-19 23:35:57.333983

oyem3zv36kx >> End >> 2020-06-19 23:35:57.346194

rdi4h2w0u2k >> Start >> 2020-06-19 23:41:02.340106

rdi4h2w0u2k >> Image Returned >> 2020-06-19 23:41:02.343930

rdi4h2w0u2k >> End >> 2020-06-19 23:41:02.359102

