5ofe8tp24wf >> Start >> 2020-07-28 00:00:59.083473

5ofe8tp24wf >> Image Returned >> 2020-07-28 00:00:59.096369

5ofe8tp24wf >> End >> 2020-07-28 00:00:59.233292

oy5nmb5izg4 >> Start >> 2020-07-28 00:12:49.704220

oy5nmb5izg4 >> Image Returned >> 2020-07-28 00:12:49.708478

oy5nmb5izg4 >> End >> 2020-07-28 00:12:49.847620

ht70bfmvxto >> Start >> 2020-07-28 00:58:45.501840

ht70bfmvxto >> Image Returned >> 2020-07-28 00:58:45.505999

ht70bfmvxto >> End >> 2020-07-28 00:58:45.655911

g3rucrabqw6 >> Start >> 2020-07-28 01:52:25.693032

g3rucrabqw6 >> Image Returned >> 2020-07-28 01:52:25.697035

g3rucrabqw6 >> End >> 2020-07-28 01:52:25.841768

2kx43jth2tz >> Start >> 2020-07-28 03:59:57.559067

2kx43jth2tz >> Image Returned >> 2020-07-28 03:59:57.563157

2kx43jth2tz >> End >> 2020-07-28 03:59:57.742208

iitix8hycug >> Start >> 2020-07-28 04:14:29.996767

iitix8hycug >> Image Returned >> 2020-07-28 04:14:30.001724

iitix8hycug >> End >> 2020-07-28 04:14:30.140083

vahfigzmxgf >> Start >> 2020-07-28 04:31:27.911220

vahfigzmxgf >> Image Returned >> 2020-07-28 04:31:27.915019

vahfigzmxgf >> End >> 2020-07-28 04:31:28.059597

b3oj5x086rc >> Start >> 2020-07-28 04:34:05.725076

b3oj5x086rc >> Image Returned >> 2020-07-28 04:34:05.728492

b3oj5x086rc >> End >> 2020-07-28 04:34:05.870577

xt7tbgh7zv8 >> Start >> 2020-07-28 05:33:32.008749

xt7tbgh7zv8 >> Image Returned >> 2020-07-28 05:33:32.012630

xt7tbgh7zv8 >> End >> 2020-07-28 05:33:32.151129

0m02m7izuvs >> Start >> 2020-07-28 05:36:50.768662

0m02m7izuvs >> Image Returned >> 2020-07-28 05:36:50.772511

0m02m7izuvs >> End >> 2020-07-28 05:36:50.916995

d45w7p4v7tx >> Start >> 2020-07-28 06:17:20.902807

d45w7p4v7tx >> Image Returned >> 2020-07-28 06:17:20.906373

d45w7p4v7tx >> End >> 2020-07-28 06:17:21.074418

dnmdn78mptt >> Start >> 2020-07-28 06:51:22.405137

dnmdn78mptt >> Image Returned >> 2020-07-28 06:51:22.408770

dnmdn78mptt >> End >> 2020-07-28 06:51:22.554248

5c6ngj3kcyx >> Start >> 2020-07-28 06:56:04.413341

5c6ngj3kcyx >> Image Returned >> 2020-07-28 06:56:04.417459

5c6ngj3kcyx >> End >> 2020-07-28 06:56:04.590097

c7kxcmu4r8n >> Start >> 2020-07-28 06:59:01.453785

c7kxcmu4r8n >> Image Returned >> 2020-07-28 06:59:01.457307

c7kxcmu4r8n >> End >> 2020-07-28 06:59:01.595654

obvhszqmasj >> Start >> 2020-07-28 07:25:28.420156

obvhszqmasj >> Image Returned >> 2020-07-28 07:25:28.423783

obvhszqmasj >> End >> 2020-07-28 07:25:28.571217

odraiqk5to7 >> Start >> 2020-07-28 07:31:59.999082

odraiqk5to7 >> Image Returned >> 2020-07-28 07:32:00.001894

odraiqk5to7 >> End >> 2020-07-28 07:32:00.145792

735mpdx4hmd >> Start >> 2020-07-28 07:54:23.624608

735mpdx4hmd >> Image Returned >> 2020-07-28 07:54:23.627955

735mpdx4hmd >> End >> 2020-07-28 07:54:23.774135

fc0yhw6tsts >> Start >> 2020-07-28 08:03:21.909373

fc0yhw6tsts >> Image Returned >> 2020-07-28 08:03:21.912502

fc0yhw6tsts >> End >> 2020-07-28 08:03:22.057248

zzjsr4yex4k >> Start >> 2020-07-28 08:03:33.808938

zzjsr4yex4k >> Image Returned >> 2020-07-28 08:03:33.812052

zzjsr4yex4k >> End >> 2020-07-28 08:03:33.962368

m7v7i54fqex >> Start >> 2020-07-28 08:06:38.653013

m7v7i54fqex >> Image Returned >> 2020-07-28 08:06:38.655975

m7v7i54fqex >> End >> 2020-07-28 08:06:38.835665

b8dziqp7t06 >> Start >> 2020-07-28 08:43:59.520935

b8dziqp7t06 >> Image Returned >> 2020-07-28 08:43:59.524266

b8dziqp7t06 >> End >> 2020-07-28 08:43:59.670459

zqza7a0e4am >> Start >> 2020-07-28 08:57:37.990807

zqza7a0e4am >> Image Returned >> 2020-07-28 08:57:37.993987

zqza7a0e4am >> End >> 2020-07-28 08:57:38.135765

s44bqdndugz >> Start >> 2020-07-28 09:05:41.145353

s44bqdndugz >> Image Returned >> 2020-07-28 09:05:41.148195

s44bqdndugz >> End >> 2020-07-28 09:05:41.293735

mpsgo644wfw >> Start >> 2020-07-28 09:11:48.730397

mpsgo644wfw >> Image Returned >> 2020-07-28 09:11:48.733340

mpsgo644wfw >> End >> 2020-07-28 09:11:48.881006

0ws7vzacdq7 >> Start >> 2020-07-28 09:12:56.771481

0ws7vzacdq7 >> Image Returned >> 2020-07-28 09:12:56.774636

0ws7vzacdq7 >> End >> 2020-07-28 09:12:56.921142

g0op4d0m0x6 >> Start >> 2020-07-28 09:24:55.497788

g0op4d0m0x6 >> Image Returned >> 2020-07-28 09:24:55.501157

g0op4d0m0x6 >> End >> 2020-07-28 09:24:55.636775

jtj22563cwm >> Start >> 2020-07-28 09:25:08.850260

jtj22563cwm >> Image Returned >> 2020-07-28 09:25:08.853414

jtj22563cwm >> End >> 2020-07-28 09:25:09.028084

juinwqugupc >> Start >> 2020-07-28 09:25:53.719176

juinwqugupc >> Image Returned >> 2020-07-28 09:25:53.722451

juinwqugupc >> End >> 2020-07-28 09:25:53.857321

5dx30sqjnvr >> Start >> 2020-07-28 09:26:29.756762

5dx30sqjnvr >> Image Returned >> 2020-07-28 09:26:29.759476

5dx30sqjnvr >> End >> 2020-07-28 09:26:29.898049

7aa3jng7ibv >> Start >> 2020-07-28 09:33:05.798661

7aa3jng7ibv >> Image Returned >> 2020-07-28 09:33:05.801520

7aa3jng7ibv >> End >> 2020-07-28 09:33:05.940965

3m8dg7eqksv >> Start >> 2020-07-28 09:46:27.912158

3m8dg7eqksv >> Image Returned >> 2020-07-28 09:46:27.915323

3m8dg7eqksv >> End >> 2020-07-28 09:46:28.055722

23fhv3n2qdn >> Start >> 2020-07-28 09:49:19.142510

23fhv3n2qdn >> Image Returned >> 2020-07-28 09:49:19.145569

23fhv3n2qdn >> End >> 2020-07-28 09:49:19.298820

h24uj7f7vzd >> Start >> 2020-07-28 09:54:56.668930

h24uj7f7vzd >> Image Returned >> 2020-07-28 09:54:56.672138

h24uj7f7vzd >> End >> 2020-07-28 09:54:56.820746

bxche36wadb >> Start >> 2020-07-28 10:00:47.000663

bxche36wadb >> Image Returned >> 2020-07-28 10:00:47.003423

bxche36wadb >> End >> 2020-07-28 10:00:47.157150

i3a34idv7tu >> Start >> 2020-07-28 10:06:32.587588

i3a34idv7tu >> Image Returned >> 2020-07-28 10:06:32.591281

i3a34idv7tu >> End >> 2020-07-28 10:06:32.739003

hkaxgxawbfs >> Start >> 2020-07-28 10:07:14.108438

hkaxgxawbfs >> Image Returned >> 2020-07-28 10:07:14.112014

hkaxgxawbfs >> End >> 2020-07-28 10:07:14.277817

dod6p5d85qq >> Start >> 2020-07-28 10:09:40.217689

dod6p5d85qq >> Image Returned >> 2020-07-28 10:09:40.221649

dod6p5d85qq >> End >> 2020-07-28 10:09:40.366632

k7m2joqbdh4 >> Start >> 2020-07-28 10:18:10.497381

k7m2joqbdh4 >> Image Returned >> 2020-07-28 10:18:10.500546

k7m2joqbdh4 >> End >> 2020-07-28 10:18:10.641916

m6sste5kp7n >> Start >> 2020-07-28 10:18:19.924396

m6sste5kp7n >> Image Returned >> 2020-07-28 10:18:19.924700

m6sste5kp7n >> End >> 2020-07-28 10:18:20.069257

ujnbwogsczi >> Start >> 2020-07-28 10:18:20.244519

ujnbwogsczi >> Image Returned >> 2020-07-28 10:18:20.244976

ujnbwogsczi >> End >> 2020-07-28 10:18:20.390635

wd5ve7rh8b0 >> Start >> 2020-07-28 10:19:14.970942

wd5ve7rh8b0 >> Image Returned >> 2020-07-28 10:19:14.974059

wd5ve7rh8b0 >> End >> 2020-07-28 10:19:15.119059

xugmu36frr2 >> Start >> 2020-07-28 10:21:35.524662

xugmu36frr2 >> Image Returned >> 2020-07-28 10:21:35.528904

xugmu36frr2 >> End >> 2020-07-28 10:21:35.671300

nvtq0ogrhgs >> Start >> 2020-07-28 10:23:10.301847

nvtq0ogrhgs >> Image Returned >> 2020-07-28 10:23:10.304615

nvtq0ogrhgs >> End >> 2020-07-28 10:23:10.441030

0ymc6svo48c >> Start >> 2020-07-28 10:29:57.313987

0ymc6svo48c >> Image Returned >> 2020-07-28 10:29:57.318443

0ymc6svo48c >> End >> 2020-07-28 10:29:57.461740

avyhhqhzuk7 >> Start >> 2020-07-28 10:33:03.146300

avyhhqhzuk7 >> Image Returned >> 2020-07-28 10:33:03.149069

avyhhqhzuk7 >> End >> 2020-07-28 10:33:03.293148

edwuw5cfyj2 >> Start >> 2020-07-28 10:38:25.068366

edwuw5cfyj2 >> Image Returned >> 2020-07-28 10:38:25.071249

edwuw5cfyj2 >> End >> 2020-07-28 10:38:25.239619

nj4n6zjeyo0 >> Start >> 2020-07-28 10:43:12.163367

nj4n6zjeyo0 >> Image Returned >> 2020-07-28 10:43:12.166487

nj4n6zjeyo0 >> End >> 2020-07-28 10:43:12.302268

prozmrm5t7z >> Start >> 2020-07-28 11:26:33.198759

prozmrm5t7z >> Image Returned >> 2020-07-28 11:26:33.201697

prozmrm5t7z >> End >> 2020-07-28 11:26:33.341941

be2h4vqp0g8 >> Start >> 2020-07-28 11:32:15.457415

be2h4vqp0g8 >> Image Returned >> 2020-07-28 11:32:15.460238

be2h4vqp0g8 >> End >> 2020-07-28 11:32:15.597831

minew3o3mqd >> Start >> 2020-07-28 11:43:03.585392

minew3o3mqd >> Image Returned >> 2020-07-28 11:43:03.588701

minew3o3mqd >> End >> 2020-07-28 11:43:03.725579

0ibzmu7wr2e >> Start >> 2020-07-28 11:46:30.359075

0ibzmu7wr2e >> Image Returned >> 2020-07-28 11:46:30.361922

0ibzmu7wr2e >> End >> 2020-07-28 11:46:30.498440

ifec6i0fa68 >> Start >> 2020-07-28 11:49:16.383409

ifec6i0fa68 >> Image Returned >> 2020-07-28 11:49:16.387324

ifec6i0fa68 >> End >> 2020-07-28 11:49:16.526297

axg3t4qkt2z >> Start >> 2020-07-28 11:50:14.592562

axg3t4qkt2z >> Image Returned >> 2020-07-28 11:50:14.595352

axg3t4qkt2z >> End >> 2020-07-28 11:50:14.730792

ad3pneywbjn >> Start >> 2020-07-28 12:02:57.233195

ad3pneywbjn >> Image Returned >> 2020-07-28 12:02:57.238305

ad3pneywbjn >> End >> 2020-07-28 12:02:57.377000

7u5j74hyj86 >> Start >> 2020-07-28 12:12:25.035698

7u5j74hyj86 >> Image Returned >> 2020-07-28 12:12:25.038594

7u5j74hyj86 >> End >> 2020-07-28 12:12:25.176112

m80tqrpn7ny >> Start >> 2020-07-28 12:25:13.368000

m80tqrpn7ny >> Image Returned >> 2020-07-28 12:25:13.370779

m80tqrpn7ny >> End >> 2020-07-28 12:25:13.509464

gq2zqbjwi4w >> Start >> 2020-07-28 12:26:08.624413

gq2zqbjwi4w >> Image Returned >> 2020-07-28 12:26:08.627600

gq2zqbjwi4w >> End >> 2020-07-28 12:26:08.762316

xqxt57vi2da >> Start >> 2020-07-28 12:26:36.469660

xqxt57vi2da >> Image Returned >> 2020-07-28 12:26:36.472441

xqxt57vi2da >> End >> 2020-07-28 12:26:36.608318

a576pnb8kh2 >> Start >> 2020-07-28 12:27:11.369972

a576pnb8kh2 >> Image Returned >> 2020-07-28 12:27:11.372745

a576pnb8kh2 >> End >> 2020-07-28 12:27:11.514794

n4kzns6m0y2 >> Start >> 2020-07-28 12:38:38.791120

n4kzns6m0y2 >> Image Returned >> 2020-07-28 12:38:38.795027

n4kzns6m0y2 >> End >> 2020-07-28 12:38:38.940800

gp7oeoki8bp >> Start >> 2020-07-28 12:59:41.372096

gp7oeoki8bp >> Image Returned >> 2020-07-28 12:59:41.377799

gp7oeoki8bp >> End >> 2020-07-28 12:59:41.517323

ohgvkoa2sfm >> Start >> 2020-07-28 13:08:31.069760

ohgvkoa2sfm >> Image Returned >> 2020-07-28 13:08:31.072613

ohgvkoa2sfm >> End >> 2020-07-28 13:08:31.215897

moc8kkry4hs >> Start >> 2020-07-28 13:12:16.685321

moc8kkry4hs >> Image Returned >> 2020-07-28 13:12:16.688230

moc8kkry4hs >> End >> 2020-07-28 13:12:16.830478

7ajhzzjixas >> Start >> 2020-07-28 13:16:22.880800

7ajhzzjixas >> Image Returned >> 2020-07-28 13:16:22.883655

7ajhzzjixas >> End >> 2020-07-28 13:16:23.030044

c5nksjzzfvt >> Start >> 2020-07-28 13:16:25.036350

c5nksjzzfvt >> Image Returned >> 2020-07-28 13:16:25.036776

c5nksjzzfvt >> End >> 2020-07-28 13:16:25.179429

tzn6syi5pgh >> Start >> 2020-07-28 13:17:05.979068

tzn6syi5pgh >> Image Returned >> 2020-07-28 13:17:05.982202

tzn6syi5pgh >> End >> 2020-07-28 13:17:06.124541

ahjic3yfs4k >> Start >> 2020-07-28 13:26:50.034459

ahjic3yfs4k >> Image Returned >> 2020-07-28 13:26:50.037348

ahjic3yfs4k >> End >> 2020-07-28 13:26:50.181516

dmxze0ib2cz >> Start >> 2020-07-28 13:28:36.358555

dmxze0ib2cz >> Image Returned >> 2020-07-28 13:28:36.363967

dmxze0ib2cz >> End >> 2020-07-28 13:28:36.509231

vapad40rt3n >> Start >> 2020-07-28 13:31:46.157773

vapad40rt3n >> Image Returned >> 2020-07-28 13:31:46.161997

vapad40rt3n >> End >> 2020-07-28 13:31:46.303147

5hywm0e6qmd >> Start >> 2020-07-28 13:58:48.486577

5hywm0e6qmd >> Image Returned >> 2020-07-28 13:58:48.491266

5hywm0e6qmd >> End >> 2020-07-28 13:58:48.626653

gr22m7das57 >> Start >> 2020-07-28 14:04:09.596849

gr22m7das57 >> Image Returned >> 2020-07-28 14:04:09.599776

gr22m7das57 >> End >> 2020-07-28 14:04:09.744918

0fgnhtdfok4 >> Start >> 2020-07-28 14:04:39.102766

0fgnhtdfok4 >> Image Returned >> 2020-07-28 14:04:39.106204

0fgnhtdfok4 >> End >> 2020-07-28 14:04:39.259248

ssg7mokxsee >> Start >> 2020-07-28 14:09:01.214122

ssg7mokxsee >> Image Returned >> 2020-07-28 14:09:01.218410

ssg7mokxsee >> End >> 2020-07-28 14:09:01.364284

nsckn5cyxax >> Start >> 2020-07-28 14:11:26.376384

nsckn5cyxax >> Image Returned >> 2020-07-28 14:11:26.379303

nsckn5cyxax >> End >> 2020-07-28 14:11:26.518402

vywca3p3r4a >> Start >> 2020-07-28 14:11:31.075767

vywca3p3r4a >> Image Returned >> 2020-07-28 14:11:31.076075

vywca3p3r4a >> End >> 2020-07-28 14:11:31.219763

ahzu2dmtwaa >> Start >> 2020-07-28 14:21:58.952079

ahzu2dmtwaa >> Image Returned >> 2020-07-28 14:21:58.955382

ahzu2dmtwaa >> End >> 2020-07-28 14:21:59.082065

t83rsu3766e >> Start >> 2020-07-28 14:29:36.724400

t83rsu3766e >> Image Returned >> 2020-07-28 14:29:36.728698

t83rsu3766e >> End >> 2020-07-28 14:29:36.868274

ew2t74ywaxz >> Start >> 2020-07-28 14:34:20.079107

ew2t74ywaxz >> Image Returned >> 2020-07-28 14:34:20.082145

ew2t74ywaxz >> End >> 2020-07-28 14:34:20.226645

tz6ap8q558g >> Start >> 2020-07-28 15:01:23.540998

tz6ap8q558g >> Image Returned >> 2020-07-28 15:01:23.543994

tz6ap8q558g >> End >> 2020-07-28 15:01:23.694039

goa4ri2ho0b >> Start >> 2020-07-28 15:01:47.451625

goa4ri2ho0b >> Image Returned >> 2020-07-28 15:01:47.454638

goa4ri2ho0b >> End >> 2020-07-28 15:01:47.598474

zdctjqqyxse >> Start >> 2020-07-28 15:04:02.678536

zdctjqqyxse >> Image Returned >> 2020-07-28 15:04:02.682185

zdctjqqyxse >> End >> 2020-07-28 15:04:02.824258

hxxfh7wugsj >> Start >> 2020-07-28 16:03:04.538752

hxxfh7wugsj >> Image Returned >> 2020-07-28 16:03:04.542670

hxxfh7wugsj >> End >> 2020-07-28 16:03:04.688426

o7uedrq7omu >> Start >> 2020-07-28 16:04:54.047768

o7uedrq7omu >> Image Returned >> 2020-07-28 16:04:54.050682

o7uedrq7omu >> End >> 2020-07-28 16:04:54.193063

c5piuy006ae >> Start >> 2020-07-28 16:15:01.672730

c5piuy006ae >> Image Returned >> 2020-07-28 16:15:01.676155

c5piuy006ae >> End >> 2020-07-28 16:15:01.806071

6xdphfpg3pp >> Start >> 2020-07-28 16:15:17.231484

6xdphfpg3pp >> Image Returned >> 2020-07-28 16:15:17.234288

6xdphfpg3pp >> End >> 2020-07-28 16:15:17.365433

i854iyjwkg0 >> Start >> 2020-07-28 16:15:17.884177

i854iyjwkg0 >> Image Returned >> 2020-07-28 16:15:17.884475

i854iyjwkg0 >> End >> 2020-07-28 16:15:18.015953

qj5wsz8xm26 >> Start >> 2020-07-28 16:21:54.270021

qj5wsz8xm26 >> Image Returned >> 2020-07-28 16:21:54.274292

qj5wsz8xm26 >> End >> 2020-07-28 16:21:54.419044

fdqkbbd67fh >> Start >> 2020-07-28 16:32:21.708937

fdqkbbd67fh >> Image Returned >> 2020-07-28 16:32:21.712255

fdqkbbd67fh >> End >> 2020-07-28 16:32:21.858977

5o3s2yyqpyb >> Start >> 2020-07-28 16:32:39.464160

5o3s2yyqpyb >> Image Returned >> 2020-07-28 16:32:39.467120

5o3s2yyqpyb >> End >> 2020-07-28 16:32:39.614106

wtws8rfgn2p >> Start >> 2020-07-28 16:38:45.526529

wtws8rfgn2p >> Image Returned >> 2020-07-28 16:38:45.529926

wtws8rfgn2p >> End >> 2020-07-28 16:38:45.665796

8dertpqsyvp >> Start >> 2020-07-28 16:46:52.679316

8dertpqsyvp >> Image Returned >> 2020-07-28 16:46:52.682678

8dertpqsyvp >> End >> 2020-07-28 16:46:52.829935

met4tmdd0dg >> Start >> 2020-07-28 16:49:47.035283

met4tmdd0dg >> Image Returned >> 2020-07-28 16:49:47.041131

met4tmdd0dg >> End >> 2020-07-28 16:49:47.175072

d7s4mfbadgf >> Start >> 2020-07-28 17:08:27.957061

d7s4mfbadgf >> Image Returned >> 2020-07-28 17:08:27.960431

d7s4mfbadgf >> End >> 2020-07-28 17:08:28.101238

6ukfsq4c0yo >> Start >> 2020-07-28 17:22:41.883245

6ukfsq4c0yo >> Image Returned >> 2020-07-28 17:22:41.887171

6ukfsq4c0yo >> End >> 2020-07-28 17:22:42.013745

wd2nqt67vy0 >> Start >> 2020-07-28 17:51:43.417193

wd2nqt67vy0 >> Image Returned >> 2020-07-28 17:51:43.420725

wd2nqt67vy0 >> End >> 2020-07-28 17:51:43.567075

zgwc4vso8k8 >> Start >> 2020-07-28 17:58:33.768228

zgwc4vso8k8 >> Image Returned >> 2020-07-28 17:58:33.771045

zgwc4vso8k8 >> End >> 2020-07-28 17:58:33.919048

teubarintgt >> Start >> 2020-07-28 18:06:55.075119

teubarintgt >> Image Returned >> 2020-07-28 18:06:55.078717

teubarintgt >> End >> 2020-07-28 18:06:55.219638

c2h335y7tgk >> Start >> 2020-07-28 18:18:13.874434

c2h335y7tgk >> Image Returned >> 2020-07-28 18:18:13.878626

c2h335y7tgk >> End >> 2020-07-28 18:18:14.025286

pmxf0683m8r >> Start >> 2020-07-28 18:21:02.457442

pmxf0683m8r >> Image Returned >> 2020-07-28 18:21:02.461077

pmxf0683m8r >> End >> 2020-07-28 18:21:02.600153

vk82v26brb0 >> Start >> 2020-07-28 18:25:30.564044

vk82v26brb0 >> Image Returned >> 2020-07-28 18:25:30.567023

vk82v26brb0 >> End >> 2020-07-28 18:25:30.708005

b2jttrmrfiu >> Start >> 2020-07-28 18:27:03.086592

b2jttrmrfiu >> Image Returned >> 2020-07-28 18:27:03.090002

b2jttrmrfiu >> End >> 2020-07-28 18:27:03.233608

aizqunb78aj >> Start >> 2020-07-28 18:27:27.485192

aizqunb78aj >> Image Returned >> 2020-07-28 18:27:27.488182

aizqunb78aj >> End >> 2020-07-28 18:27:27.624336

urub3b2cnii >> Start >> 2020-07-28 18:31:23.427459

urub3b2cnii >> Image Returned >> 2020-07-28 18:31:23.430716

urub3b2cnii >> End >> 2020-07-28 18:31:23.573721

vic5qa7myd8 >> Start >> 2020-07-28 18:50:41.887813

vic5qa7myd8 >> Image Returned >> 2020-07-28 18:50:41.890749

vic5qa7myd8 >> End >> 2020-07-28 18:50:42.037040

no2zscqkm5r >> Start >> 2020-07-28 18:57:18.309160

no2zscqkm5r >> Image Returned >> 2020-07-28 18:57:18.312913

no2zscqkm5r >> End >> 2020-07-28 18:57:18.450099

r5iajcdjgfc >> Start >> 2020-07-28 19:00:50.733751

r5iajcdjgfc >> Image Returned >> 2020-07-28 19:00:50.739079

r5iajcdjgfc >> End >> 2020-07-28 19:00:50.874075

8tftmoh8f3g >> Start >> 2020-07-28 19:21:30.939326

8tftmoh8f3g >> Image Returned >> 2020-07-28 19:21:30.942895

8tftmoh8f3g >> End >> 2020-07-28 19:21:31.088665

m8xzwsgsztd >> Start >> 2020-07-28 19:21:49.188754

m8xzwsgsztd >> Image Returned >> 2020-07-28 19:21:49.192467

m8xzwsgsztd >> End >> 2020-07-28 19:21:49.334551

mbyid7heg6b >> Start >> 2020-07-28 19:24:10.343825

mbyid7heg6b >> Image Returned >> 2020-07-28 19:24:10.346831

mbyid7heg6b >> End >> 2020-07-28 19:24:10.485769

mdhkbp0ytn3 >> Start >> 2020-07-28 19:36:26.263667

mdhkbp0ytn3 >> Image Returned >> 2020-07-28 19:36:26.268009

mdhkbp0ytn3 >> End >> 2020-07-28 19:36:26.414702

7supz7zawxa >> Start >> 2020-07-28 19:51:18.189155

7supz7zawxa >> Image Returned >> 2020-07-28 19:51:18.192157

7supz7zawxa >> End >> 2020-07-28 19:51:18.332155

jmjfuosir6y >> Start >> 2020-07-28 19:51:38.577009

jmjfuosir6y >> Image Returned >> 2020-07-28 19:51:38.581078

jmjfuosir6y >> End >> 2020-07-28 19:51:38.726921

yxeknx5a8pj >> Start >> 2020-07-28 19:52:26.062211

yxeknx5a8pj >> Image Returned >> 2020-07-28 19:52:26.065509

yxeknx5a8pj >> End >> 2020-07-28 19:52:26.208705

t4mvi8wac4t >> Start >> 2020-07-28 20:02:59.442734

t4mvi8wac4t >> Image Returned >> 2020-07-28 20:02:59.448762

t4mvi8wac4t >> End >> 2020-07-28 20:02:59.586500

cvqzrmtjadi >> Start >> 2020-07-28 20:24:43.082483

cvqzrmtjadi >> Image Returned >> 2020-07-28 20:24:43.085555

cvqzrmtjadi >> End >> 2020-07-28 20:24:43.228245

ebjk2eatc8c >> Start >> 2020-07-28 20:33:58.886496

ebjk2eatc8c >> Image Returned >> 2020-07-28 20:33:58.890527

ebjk2eatc8c >> End >> 2020-07-28 20:33:59.033488

afnqg0vuwbo >> Start >> 2020-07-28 20:38:45.214190

afnqg0vuwbo >> Image Returned >> 2020-07-28 20:38:45.217494

afnqg0vuwbo >> End >> 2020-07-28 20:38:45.358072

yh486kmr8u8 >> Start >> 2020-07-28 20:46:53.785478

yh486kmr8u8 >> Image Returned >> 2020-07-28 20:46:53.789304

yh486kmr8u8 >> End >> 2020-07-28 20:46:53.932605

fehrhij05oc >> Start >> 2020-07-28 21:12:09.509969

fehrhij05oc >> Image Returned >> 2020-07-28 21:12:09.513765

fehrhij05oc >> End >> 2020-07-28 21:12:09.653114

26kot3ky23m >> Start >> 2020-07-28 21:18:28.741895

26kot3ky23m >> Image Returned >> 2020-07-28 21:18:28.744863

26kot3ky23m >> End >> 2020-07-28 21:18:28.889132

u3cxyhxopzs >> Start >> 2020-07-28 21:26:26.651767

u3cxyhxopzs >> Image Returned >> 2020-07-28 21:26:26.655097

u3cxyhxopzs >> End >> 2020-07-28 21:26:26.795625

i3rpc6i47vo >> Start >> 2020-07-28 21:48:07.558959

i3rpc6i47vo >> Image Returned >> 2020-07-28 21:48:07.562859

i3rpc6i47vo >> End >> 2020-07-28 21:48:07.702332

2nmrdvpu4aq >> Start >> 2020-07-28 22:17:59.426276

2nmrdvpu4aq >> Image Returned >> 2020-07-28 22:17:59.430629

2nmrdvpu4aq >> End >> 2020-07-28 22:17:59.572801

x5hq284vpvc >> Start >> 2020-07-28 22:24:06.202589

x5hq284vpvc >> Image Returned >> 2020-07-28 22:24:06.205858

x5hq284vpvc >> End >> 2020-07-28 22:24:06.347804

me4ep3qu4rp >> Start >> 2020-07-28 22:48:14.543450

me4ep3qu4rp >> Image Returned >> 2020-07-28 22:48:14.546807

me4ep3qu4rp >> End >> 2020-07-28 22:48:14.692646

daxmihvcymu >> Start >> 2020-07-28 22:59:42.774768

daxmihvcymu >> Image Returned >> 2020-07-28 22:59:42.779088

daxmihvcymu >> End >> 2020-07-28 22:59:42.926312

zhd08virn3c >> Start >> 2020-07-28 23:24:44.951981

zhd08virn3c >> Image Returned >> 2020-07-28 23:24:44.956512

zhd08virn3c >> End >> 2020-07-28 23:24:45.099487

oxrywcjhts8 >> Start >> 2020-07-28 23:51:13.514686

oxrywcjhts8 >> Image Returned >> 2020-07-28 23:51:13.519335

oxrywcjhts8 >> End >> 2020-07-28 23:51:13.688477

