ahdcp4ohjmh >> Start >> 2020-09-30 00:04:10.014900

ahdcp4ohjmh >> Image Returned >> 2020-09-30 00:04:10.019068

ahdcp4ohjmh >> End >> 2020-09-30 00:04:10.179030

580w4z4i48p >> Start >> 2020-09-30 00:06:48.379389

580w4z4i48p >> Image Returned >> 2020-09-30 00:06:48.383493

580w4z4i48p >> End >> 2020-09-30 00:06:48.539789

c3svgnykttw >> Start >> 2020-09-30 00:07:10.668221

c3svgnykttw >> Image Returned >> 2020-09-30 00:07:10.673051

c3svgnykttw >> End >> 2020-09-30 00:07:10.827238

6wu2fempdzc >> Start >> 2020-09-30 00:16:59.735460

6wu2fempdzc >> Image Returned >> 2020-09-30 00:16:59.739432

6wu2fempdzc >> End >> 2020-09-30 00:16:59.912713

wyna4wwvser >> Start >> 2020-09-30 00:29:30.754354

wyna4wwvser >> Image Returned >> 2020-09-30 00:29:30.757972

wyna4wwvser >> End >> 2020-09-30 00:29:30.927246

pq46mettfin >> Start >> 2020-09-30 00:37:45.698107

pq46mettfin >> Image Returned >> 2020-09-30 00:37:45.702663

pq46mettfin >> End >> 2020-09-30 00:37:45.858098

dxz86epgznr >> Start >> 2020-09-30 00:39:34.897039

dxz86epgznr >> Image Returned >> 2020-09-30 00:39:34.900619

dxz86epgznr >> End >> 2020-09-30 00:39:35.068254

aakguosoc2z >> Start >> 2020-09-30 00:42:47.031233

aakguosoc2z >> Image Returned >> 2020-09-30 00:42:47.034795

aakguosoc2z >> End >> 2020-09-30 00:42:47.234000

4yxbznfszu6 >> Start >> 2020-09-30 00:45:35.212479

4yxbznfszu6 >> Image Returned >> 2020-09-30 00:45:35.216197

4yxbznfszu6 >> End >> 2020-09-30 00:45:35.378964

0pf36wed2qj >> Start >> 2020-09-30 01:06:15.036477

0pf36wed2qj >> Image Returned >> 2020-09-30 01:06:15.040174

0pf36wed2qj >> End >> 2020-09-30 01:06:15.228235

iydbqpdaizd >> Start >> 2020-09-30 01:24:29.416188

iydbqpdaizd >> Image Returned >> 2020-09-30 01:24:29.420605

iydbqpdaizd >> End >> 2020-09-30 01:24:29.591567

ydmhejmth4i >> Start >> 2020-09-30 02:05:12.889398

ydmhejmth4i >> Image Returned >> 2020-09-30 02:05:12.894467

ydmhejmth4i >> End >> 2020-09-30 02:05:13.059837

svjxjy47xtj >> Start >> 2020-09-30 02:19:30.320941

svjxjy47xtj >> Image Returned >> 2020-09-30 02:19:30.326241

svjxjy47xtj >> End >> 2020-09-30 02:19:30.492933

po5fiqe5r6s >> Start >> 2020-09-30 02:45:50.625720

po5fiqe5r6s >> Image Returned >> 2020-09-30 02:45:50.629229

po5fiqe5r6s >> End >> 2020-09-30 02:45:50.787800

y80n2hjfxfk >> Start >> 2020-09-30 02:58:17.926860

y80n2hjfxfk >> Image Returned >> 2020-09-30 02:58:17.930766

y80n2hjfxfk >> End >> 2020-09-30 02:58:18.131247

7fiusn3kfbs >> Start >> 2020-09-30 02:58:42.313374

7fiusn3kfbs >> Image Returned >> 2020-09-30 02:58:42.316864

7fiusn3kfbs >> End >> 2020-09-30 02:58:42.481093

3nybxn3dwoy >> Start >> 2020-09-30 03:01:21.587527

3nybxn3dwoy >> Image Returned >> 2020-09-30 03:01:21.591192

3nybxn3dwoy >> End >> 2020-09-30 03:01:21.761344

hffbfcctkuc >> Start >> 2020-09-30 03:13:04.992832

hffbfcctkuc >> Image Returned >> 2020-09-30 03:13:04.996445

hffbfcctkuc >> End >> 2020-09-30 03:13:05.156232

vgcjkaxfzpp >> Start >> 2020-09-30 03:39:15.815958

vgcjkaxfzpp >> Image Returned >> 2020-09-30 03:39:15.819528

vgcjkaxfzpp >> End >> 2020-09-30 03:39:15.996891

0ghmy8scpmj >> Start >> 2020-09-30 03:42:05.775044

0ghmy8scpmj >> Image Returned >> 2020-09-30 03:42:05.778855

0ghmy8scpmj >> End >> 2020-09-30 03:42:05.948091

r4sarctzjv7 >> Start >> 2020-09-30 04:08:13.922039

r4sarctzjv7 >> Image Returned >> 2020-09-30 04:08:13.925972

r4sarctzjv7 >> End >> 2020-09-30 04:08:14.093034

qedkw63k7q3 >> Start >> 2020-09-30 04:08:52.317257

qedkw63k7q3 >> Image Returned >> 2020-09-30 04:08:52.320635

qedkw63k7q3 >> End >> 2020-09-30 04:08:52.521572

uek27p57emc >> Start >> 2020-09-30 04:32:56.392429

uek27p57emc >> Image Returned >> 2020-09-30 04:32:56.397202

uek27p57emc >> End >> 2020-09-30 04:32:56.565429

wdv7thvnwhe >> Start >> 2020-09-30 04:33:57.100290

wdv7thvnwhe >> Image Returned >> 2020-09-30 04:33:57.103976

wdv7thvnwhe >> End >> 2020-09-30 04:33:57.301024

p0imbzgyokc >> Start >> 2020-09-30 04:41:45.542800

p0imbzgyokc >> Image Returned >> 2020-09-30 04:41:45.547321

p0imbzgyokc >> End >> 2020-09-30 04:41:45.708678

6ezfrfjrvhz >> Start >> 2020-09-30 04:48:16.207072

6ezfrfjrvhz >> Image Returned >> 2020-09-30 04:48:16.210781

6ezfrfjrvhz >> End >> 2020-09-30 04:48:16.372750

yywy7zwx4t8 >> Start >> 2020-09-30 04:51:23.364983

yywy7zwx4t8 >> Image Returned >> 2020-09-30 04:51:23.368818

yywy7zwx4t8 >> End >> 2020-09-30 04:51:23.592967

6qkvx77i2o3 >> Start >> 2020-09-30 04:59:55.527040

6qkvx77i2o3 >> Image Returned >> 2020-09-30 04:59:55.530760

6qkvx77i2o3 >> End >> 2020-09-30 04:59:55.710248

z883e5u5u6s >> Start >> 2020-09-30 05:11:11.561767

z883e5u5u6s >> Image Returned >> 2020-09-30 05:11:11.565541

z883e5u5u6s >> End >> 2020-09-30 05:11:11.761544

b8zq6ge08ov >> Start >> 2020-09-30 05:11:35.702718

b8zq6ge08ov >> Image Returned >> 2020-09-30 05:11:35.706216

b8zq6ge08ov >> End >> 2020-09-30 05:11:36.013962

rz070i6o50p >> Start >> 2020-09-30 05:11:36.481611

rz070i6o50p >> Image Returned >> 2020-09-30 05:11:36.481909

rz070i6o50p >> End >> 2020-09-30 05:11:36.803092

tbz5crwpm5a >> Start >> 2020-09-30 05:14:19.824572

tbz5crwpm5a >> Image Returned >> 2020-09-30 05:14:19.828048

tbz5crwpm5a >> End >> 2020-09-30 05:14:19.987579

h0bc3pda0tn >> Start >> 2020-09-30 05:17:25.762259

h0bc3pda0tn >> Image Returned >> 2020-09-30 05:17:25.765691

h0bc3pda0tn >> End >> 2020-09-30 05:17:25.922729

stnjoiikprq >> Start >> 2020-09-30 05:26:29.950768

stnjoiikprq >> Image Returned >> 2020-09-30 05:26:29.955449

stnjoiikprq >> End >> 2020-09-30 05:26:30.129333

srostvv6n0s >> Start >> 2020-09-30 05:27:05.512763

srostvv6n0s >> Image Returned >> 2020-09-30 05:27:05.516463

srostvv6n0s >> End >> 2020-09-30 05:27:05.672965

s350vif2i5f >> Start >> 2020-09-30 05:42:18.537895

s350vif2i5f >> Image Returned >> 2020-09-30 05:42:18.541768

s350vif2i5f >> End >> 2020-09-30 05:42:18.706005

33uy08mwmq2 >> Start >> 2020-09-30 05:42:31.849175

33uy08mwmq2 >> Image Returned >> 2020-09-30 05:42:31.854011

33uy08mwmq2 >> End >> 2020-09-30 05:42:32.027529

cijx00z6og6 >> Start >> 2020-09-30 05:42:32.101208

cijx00z6og6 >> Image Returned >> 2020-09-30 05:42:32.101505

cijx00z6og6 >> End >> 2020-09-30 05:42:32.280390

4cmstzdbn0j >> Start >> 2020-09-30 05:53:51.966303

4cmstzdbn0j >> Image Returned >> 2020-09-30 05:53:51.969734

4cmstzdbn0j >> End >> 2020-09-30 05:53:52.174891

2sn74qj0re7 >> Start >> 2020-09-30 05:54:05.975953

2sn74qj0re7 >> Image Returned >> 2020-09-30 05:54:05.979577

2sn74qj0re7 >> End >> 2020-09-30 05:54:06.187746

qsk27m3ft5x >> Start >> 2020-09-30 05:54:06.295594

qsk27m3ft5x >> Image Returned >> 2020-09-30 05:54:06.295892

qsk27m3ft5x >> End >> 2020-09-30 05:54:06.505445

d0hasorrprz >> Start >> 2020-09-30 06:02:05.660058

d0hasorrprz >> Image Returned >> 2020-09-30 06:02:05.663959

d0hasorrprz >> End >> 2020-09-30 06:02:05.839965

f3z7ycmqfos >> Start >> 2020-09-30 06:12:54.304281

f3z7ycmqfos >> Image Returned >> 2020-09-30 06:12:54.308192

f3z7ycmqfos >> End >> 2020-09-30 06:12:54.474847

qnm3f2ix6id >> Start >> 2020-09-30 06:15:06.585479

qnm3f2ix6id >> Image Returned >> 2020-09-30 06:15:06.589449

qnm3f2ix6id >> End >> 2020-09-30 06:15:06.753988

3wbyvcpb7ga >> Start >> 2020-09-30 06:16:04.918575

3wbyvcpb7ga >> Image Returned >> 2020-09-30 06:16:04.924279

3wbyvcpb7ga >> End >> 2020-09-30 06:16:05.097487

s2du52dux4u >> Start >> 2020-09-30 06:17:46.610452

s2du52dux4u >> Image Returned >> 2020-09-30 06:17:46.613857

s2du52dux4u >> End >> 2020-09-30 06:17:46.786129

7kn7j2jd6fr >> Start >> 2020-09-30 06:29:11.145008

7kn7j2jd6fr >> Image Returned >> 2020-09-30 06:29:11.149302

7kn7j2jd6fr >> End >> 2020-09-30 06:29:11.341634

500p5qmnkvv >> Start >> 2020-09-30 06:29:13.074244

500p5qmnkvv >> Image Returned >> 2020-09-30 06:29:13.074534

500p5qmnkvv >> End >> 2020-09-30 06:29:13.274832

end63u8t2n3 >> Start >> 2020-09-30 06:37:46.082252

end63u8t2n3 >> Image Returned >> 2020-09-30 06:37:46.086997

end63u8t2n3 >> End >> 2020-09-30 06:37:46.246829

qy5mj3akj7a >> Start >> 2020-09-30 06:38:28.767505

qy5mj3akj7a >> Image Returned >> 2020-09-30 06:38:28.772548

qy5mj3akj7a >> End >> 2020-09-30 06:38:28.938400

7jbr5vnufsj >> Start >> 2020-09-30 06:56:43.828063

7jbr5vnufsj >> Image Returned >> 2020-09-30 06:56:43.831562

7jbr5vnufsj >> End >> 2020-09-30 06:56:44.027225

68vny3tn855 >> Start >> 2020-09-30 06:57:02.378269

68vny3tn855 >> Image Returned >> 2020-09-30 06:57:02.381674

68vny3tn855 >> End >> 2020-09-30 06:57:02.574639

tww7cs73ap6 >> Start >> 2020-09-30 06:57:02.634890

tww7cs73ap6 >> Image Returned >> 2020-09-30 06:57:02.635179

tww7cs73ap6 >> End >> 2020-09-30 06:57:02.831793

8njb2smqhzp >> Start >> 2020-09-30 06:59:23.157310

8njb2smqhzp >> Image Returned >> 2020-09-30 06:59:23.160840

8njb2smqhzp >> End >> 2020-09-30 06:59:23.322343

y8copwx6uw8 >> Start >> 2020-09-30 07:01:40.977685

y8copwx6uw8 >> Image Returned >> 2020-09-30 07:01:40.981332

y8copwx6uw8 >> End >> 2020-09-30 07:01:41.147840

usjk3qtr75k >> Start >> 2020-09-30 07:03:28.738951

usjk3qtr75k >> Image Returned >> 2020-09-30 07:03:28.742352

usjk3qtr75k >> End >> 2020-09-30 07:03:28.899955

m3zk28ozqgf >> Start >> 2020-09-30 07:06:26.209341

m3zk28ozqgf >> Image Returned >> 2020-09-30 07:06:26.212917

m3zk28ozqgf >> End >> 2020-09-30 07:06:26.379180

o8zmyg3tpb8 >> Start >> 2020-09-30 07:06:37.455475

o8zmyg3tpb8 >> Image Returned >> 2020-09-30 07:06:37.458921

o8zmyg3tpb8 >> End >> 2020-09-30 07:06:37.622225

h0r2bi5zxft >> Start >> 2020-09-30 07:06:38.563183

h0r2bi5zxft >> Image Returned >> 2020-09-30 07:06:38.563469

h0r2bi5zxft >> End >> 2020-09-30 07:06:39.024125

zpf3tktho0e >> Start >> 2020-09-30 07:07:25.258088

zpf3tktho0e >> Image Returned >> 2020-09-30 07:07:25.261665

zpf3tktho0e >> End >> 2020-09-30 07:07:25.423649

o2so2808dek >> Start >> 2020-09-30 07:12:38.789036

o2so2808dek >> Image Returned >> 2020-09-30 07:12:38.793612

o2so2808dek >> End >> 2020-09-30 07:12:38.970714

fjnohexvr00 >> Start >> 2020-09-30 07:14:26.617427

fjnohexvr00 >> Image Returned >> 2020-09-30 07:14:26.621202

fjnohexvr00 >> End >> 2020-09-30 07:14:26.782680

rpc5x5tceny >> Start >> 2020-09-30 07:17:34.538419

rpc5x5tceny >> Image Returned >> 2020-09-30 07:17:34.542342

rpc5x5tceny >> End >> 2020-09-30 07:17:34.722975

zqznxovtz8e >> Start >> 2020-09-30 07:26:32.317229

zqznxovtz8e >> Image Returned >> 2020-09-30 07:26:32.321028

zqznxovtz8e >> End >> 2020-09-30 07:26:32.490933

oim3xz5qe0j >> Start >> 2020-09-30 07:27:20.427747

oim3xz5qe0j >> Image Returned >> 2020-09-30 07:27:20.431457

oim3xz5qe0j >> End >> 2020-09-30 07:27:20.590128

gjqdm6j70cp >> Start >> 2020-09-30 07:27:54.266458

gjqdm6j70cp >> Image Returned >> 2020-09-30 07:27:54.269815

gjqdm6j70cp >> End >> 2020-09-30 07:27:54.451988

yhrvrabzerc >> Start >> 2020-09-30 07:29:13.132566

yhrvrabzerc >> Image Returned >> 2020-09-30 07:29:13.136440

yhrvrabzerc >> End >> 2020-09-30 07:29:13.323586

nb0jikifmof >> Start >> 2020-09-30 07:34:55.524509

nb0jikifmof >> Image Returned >> 2020-09-30 07:34:55.528070

nb0jikifmof >> End >> 2020-09-30 07:34:55.686055

v8866hqwsgi >> Start >> 2020-09-30 07:35:07.168119

v8866hqwsgi >> Image Returned >> 2020-09-30 07:35:07.172249

v8866hqwsgi >> End >> 2020-09-30 07:35:07.330929

78mev403zzm >> Start >> 2020-09-30 07:44:53.379251

78mev403zzm >> Image Returned >> 2020-09-30 07:44:53.383372

78mev403zzm >> End >> 2020-09-30 07:44:53.552462

2uhxoazcvmn >> Start >> 2020-09-30 07:46:19.319641

2uhxoazcvmn >> Image Returned >> 2020-09-30 07:46:19.323095

2uhxoazcvmn >> End >> 2020-09-30 07:46:19.488476

fpjuudh6vag >> Start >> 2020-09-30 07:49:53.888593

fpjuudh6vag >> Image Returned >> 2020-09-30 07:49:53.892240

fpjuudh6vag >> End >> 2020-09-30 07:49:54.069103

6mpszqjg57s >> Start >> 2020-09-30 07:51:22.550060

6mpszqjg57s >> Image Returned >> 2020-09-30 07:51:22.553770

6mpszqjg57s >> End >> 2020-09-30 07:51:22.726417

xtoihjtjdvd >> Start >> 2020-09-30 07:51:27.043486

xtoihjtjdvd >> Image Returned >> 2020-09-30 07:51:27.043765

xtoihjtjdvd >> End >> 2020-09-30 07:51:27.195987

xvjybdq3pou >> Start >> 2020-09-30 07:55:23.601490

xvjybdq3pou >> Image Returned >> 2020-09-30 07:55:23.605038

xvjybdq3pou >> End >> 2020-09-30 07:55:23.769196

z2d2vzscnni >> Start >> 2020-09-30 07:55:34.514728

z2d2vzscnni >> Image Returned >> 2020-09-30 07:55:34.518258

z2d2vzscnni >> End >> 2020-09-30 07:55:34.682313

sigase6zaei >> Start >> 2020-09-30 07:55:36.936801

sigase6zaei >> Image Returned >> 2020-09-30 07:55:36.937108

sigase6zaei >> End >> 2020-09-30 07:55:37.100933

sshor8jmzxz >> Start >> 2020-09-30 07:55:59.801289

sshor8jmzxz >> Image Returned >> 2020-09-30 07:55:59.806446

sshor8jmzxz >> End >> 2020-09-30 07:56:00.001004

5xwhemcm6dx >> Start >> 2020-09-30 07:56:01.302350

5xwhemcm6dx >> Image Returned >> 2020-09-30 07:56:01.302640

5xwhemcm6dx >> End >> 2020-09-30 07:56:01.494939

knrq8aydm6u >> Start >> 2020-09-30 07:56:02.402023

knrq8aydm6u >> Image Returned >> 2020-09-30 07:56:02.402308

uuco6o2u52k >> Start >> 2020-09-30 07:56:02.438922

uuco6o2u52k >> Image Returned >> 2020-09-30 07:56:02.442447

knrq8aydm6u >> End >> 2020-09-30 07:56:02.574032

uuco6o2u52k >> End >> 2020-09-30 07:56:02.605719

7rrbd2ha2pq >> Start >> 2020-09-30 07:56:48.077625

7rrbd2ha2pq >> Image Returned >> 2020-09-30 07:56:48.081892

7rrbd2ha2pq >> End >> 2020-09-30 07:56:48.240828

cdffw0hpz05 >> Start >> 2020-09-30 07:58:11.287002

cdffw0hpz05 >> Image Returned >> 2020-09-30 07:58:11.290944

cdffw0hpz05 >> End >> 2020-09-30 07:58:11.454437

yfj0o6qqqsm >> Start >> 2020-09-30 07:59:28.675173

yfj0o6qqqsm >> Image Returned >> 2020-09-30 07:59:28.678883

yfj0o6qqqsm >> End >> 2020-09-30 07:59:28.842788

yqqf6vffvia >> Start >> 2020-09-30 07:59:46.496860

yqqf6vffvia >> Image Returned >> 2020-09-30 07:59:46.500252

yqqf6vffvia >> End >> 2020-09-30 07:59:46.661514

z0rvvk720tc >> Start >> 2020-09-30 08:01:22.529146

z0rvvk720tc >> Image Returned >> 2020-09-30 08:01:22.532676

qb85c4un0cz >> Start >> 2020-09-30 08:01:22.622302

qb85c4un0cz >> Image Returned >> 2020-09-30 08:01:22.625736

z0rvvk720tc >> End >> 2020-09-30 08:01:22.698146

qb85c4un0cz >> End >> 2020-09-30 08:01:22.803096

ufh6zv0mqh8 >> Start >> 2020-09-30 08:02:17.370656

ufh6zv0mqh8 >> Image Returned >> 2020-09-30 08:02:17.374321

ufh6zv0mqh8 >> End >> 2020-09-30 08:02:17.540293

z85n3harhgn >> Start >> 2020-09-30 08:04:12.045423

z85n3harhgn >> Image Returned >> 2020-09-30 08:04:12.049042

z85n3harhgn >> End >> 2020-09-30 08:04:12.205888

gyfb5vwnate >> Start >> 2020-09-30 08:04:39.733294

gyfb5vwnate >> Image Returned >> 2020-09-30 08:04:39.736705

gyfb5vwnate >> End >> 2020-09-30 08:04:39.905320

q4hkpzatpbd >> Start >> 2020-09-30 08:06:04.062052

q4hkpzatpbd >> Image Returned >> 2020-09-30 08:06:04.066123

q4hkpzatpbd >> End >> 2020-09-30 08:06:04.244570

ssouqmzfes0 >> Start >> 2020-09-30 08:06:22.266783

ssouqmzfes0 >> Image Returned >> 2020-09-30 08:06:22.270612

ssouqmzfes0 >> End >> 2020-09-30 08:06:22.444777

kaxieunkj6x >> Start >> 2020-09-30 08:12:29.956207

kaxieunkj6x >> Image Returned >> 2020-09-30 08:12:29.960051

kaxieunkj6x >> End >> 2020-09-30 08:12:30.137857

cxqxk48rynz >> Start >> 2020-09-30 08:17:44.380081

cxqxk48rynz >> Image Returned >> 2020-09-30 08:17:44.383968

cxqxk48rynz >> End >> 2020-09-30 08:17:44.550362

hhjsh4jhaio >> Start >> 2020-09-30 08:19:19.973159

hhjsh4jhaio >> Image Returned >> 2020-09-30 08:19:19.976788

hhjsh4jhaio >> End >> 2020-09-30 08:19:20.134573

jbrsstur0t8 >> Start >> 2020-09-30 08:22:56.801078

jbrsstur0t8 >> Image Returned >> 2020-09-30 08:22:56.804435

jbrsstur0t8 >> End >> 2020-09-30 08:22:56.967436

s4ef74mc26n >> Start >> 2020-09-30 08:26:17.186567

s4ef74mc26n >> Image Returned >> 2020-09-30 08:26:17.190995

s4ef74mc26n >> End >> 2020-09-30 08:26:17.354295

8p5ozfycmkr >> Start >> 2020-09-30 08:27:15.491462

8p5ozfycmkr >> Image Returned >> 2020-09-30 08:27:15.496948

8p5ozfycmkr >> End >> 2020-09-30 08:27:15.661607

sgchkoed7ww >> Start >> 2020-09-30 08:29:27.952296

sgchkoed7ww >> Image Returned >> 2020-09-30 08:29:27.955988

sgchkoed7ww >> End >> 2020-09-30 08:29:28.117425

00k7fv8fcnm >> Start >> 2020-09-30 08:34:43.756427

00k7fv8fcnm >> Image Returned >> 2020-09-30 08:34:43.759958

00k7fv8fcnm >> End >> 2020-09-30 08:34:43.927469

d4t03qiuufr >> Start >> 2020-09-30 08:37:44.355895

d4t03qiuufr >> Image Returned >> 2020-09-30 08:37:44.360323

d4t03qiuufr >> End >> 2020-09-30 08:37:44.514934

tnvh6yb05zn >> Start >> 2020-09-30 08:37:57.105120

tnvh6yb05zn >> Image Returned >> 2020-09-30 08:37:57.108468

tnvh6yb05zn >> End >> 2020-09-30 08:37:57.263159

q2vqq0j7tut >> Start >> 2020-09-30 08:41:29.783618

q2vqq0j7tut >> Image Returned >> 2020-09-30 08:41:29.787467

q2vqq0j7tut >> End >> 2020-09-30 08:41:30.002888

ddw6fs6mpwn >> Start >> 2020-09-30 08:41:49.779352

ddw6fs6mpwn >> Image Returned >> 2020-09-30 08:41:49.782789

ddw6fs6mpwn >> End >> 2020-09-30 08:41:49.951436

8n5ass7dvku >> Start >> 2020-09-30 08:44:46.281210

8n5ass7dvku >> Image Returned >> 2020-09-30 08:44:46.285353

8n5ass7dvku >> End >> 2020-09-30 08:44:46.451303

3m5xfdfh5mf >> Start >> 2020-09-30 08:45:21.652942

3m5xfdfh5mf >> Image Returned >> 2020-09-30 08:45:21.657324

3m5xfdfh5mf >> End >> 2020-09-30 08:45:21.824265

cc5xt6w6j7r >> Start >> 2020-09-30 08:51:19.256656

cc5xt6w6j7r >> Image Returned >> 2020-09-30 08:51:19.260160

cc5xt6w6j7r >> End >> 2020-09-30 08:51:19.429585

pkyxdv634qu >> Start >> 2020-09-30 08:51:37.083209

pkyxdv634qu >> Image Returned >> 2020-09-30 08:51:37.086574

pkyxdv634qu >> End >> 2020-09-30 08:51:37.249315

62pf2okpok8 >> Start >> 2020-09-30 08:52:05.393035

62pf2okpok8 >> Image Returned >> 2020-09-30 08:52:05.396409

62pf2okpok8 >> End >> 2020-09-30 08:52:05.563735

d2fbha2x2i6 >> Start >> 2020-09-30 08:53:22.249066

d2fbha2x2i6 >> Image Returned >> 2020-09-30 08:53:22.252971

d2fbha2x2i6 >> End >> 2020-09-30 08:53:22.457537

gqphd8eo5x7 >> Start >> 2020-09-30 08:54:24.647334

gqphd8eo5x7 >> Image Returned >> 2020-09-30 08:54:24.651298

gqphd8eo5x7 >> End >> 2020-09-30 08:54:24.813956

8daynrbjr5t >> Start >> 2020-09-30 08:59:31.743474

8daynrbjr5t >> Image Returned >> 2020-09-30 08:59:31.747560

8daynrbjr5t >> End >> 2020-09-30 08:59:31.911525

byioxf6gxca >> Start >> 2020-09-30 09:03:45.148329

byioxf6gxca >> Image Returned >> 2020-09-30 09:03:45.152287

byioxf6gxca >> End >> 2020-09-30 09:03:45.332298

62ouif6t2fu >> Start >> 2020-09-30 09:04:10.382123

62ouif6t2fu >> Image Returned >> 2020-09-30 09:04:10.388364

62ouif6t2fu >> End >> 2020-09-30 09:04:10.560137

ei2wstocgq6 >> Start >> 2020-09-30 09:05:28.042105

ei2wstocgq6 >> Image Returned >> 2020-09-30 09:05:28.045547

ei2wstocgq6 >> End >> 2020-09-30 09:05:28.203741

gcw05au3wmp >> Start >> 2020-09-30 09:05:43.595125

gcw05au3wmp >> Image Returned >> 2020-09-30 09:05:43.598501

gcw05au3wmp >> End >> 2020-09-30 09:05:43.765408

rywfwp77yig >> Start >> 2020-09-30 09:11:39.720683

rywfwp77yig >> Image Returned >> 2020-09-30 09:11:39.724884

rywfwp77yig >> End >> 2020-09-30 09:11:39.888267

kvircgsqnfe >> Start >> 2020-09-30 09:12:19.723934

kvircgsqnfe >> Image Returned >> 2020-09-30 09:12:19.727617

kvircgsqnfe >> End >> 2020-09-30 09:12:19.893412

5ko2fhgddm7 >> Start >> 2020-09-30 09:14:40.572907

5ko2fhgddm7 >> Image Returned >> 2020-09-30 09:14:40.577158

5ko2fhgddm7 >> End >> 2020-09-30 09:14:40.736829

xqr48jm0jg5 >> Start >> 2020-09-30 09:17:07.978363

xqr48jm0jg5 >> Image Returned >> 2020-09-30 09:17:07.982238

xqr48jm0jg5 >> End >> 2020-09-30 09:17:08.150701

v4fp05thnjd >> Start >> 2020-09-30 09:19:08.223696

v4fp05thnjd >> Image Returned >> 2020-09-30 09:19:08.227696

v4fp05thnjd >> End >> 2020-09-30 09:19:08.392193

pa6txyafj27 >> Start >> 2020-09-30 09:19:20.446165

pa6txyafj27 >> Image Returned >> 2020-09-30 09:19:20.449618

pa6txyafj27 >> End >> 2020-09-30 09:19:20.617487

70dojvwqgco >> Start >> 2020-09-30 09:19:26.009860

70dojvwqgco >> Image Returned >> 2020-09-30 09:19:26.010170

70dojvwqgco >> End >> 2020-09-30 09:19:26.170794

2k68eqanbv0 >> Start >> 2020-09-30 09:21:39.780628

2k68eqanbv0 >> Image Returned >> 2020-09-30 09:21:39.784380

2k68eqanbv0 >> End >> 2020-09-30 09:21:39.950953

25fe50cyhej >> Start >> 2020-09-30 09:22:39.128609

25fe50cyhej >> Image Returned >> 2020-09-30 09:22:39.132388

25fe50cyhej >> End >> 2020-09-30 09:22:39.300120

zkwjcao76hq >> Start >> 2020-09-30 09:23:13.278660

zkwjcao76hq >> Image Returned >> 2020-09-30 09:23:13.282542

zkwjcao76hq >> End >> 2020-09-30 09:23:13.451967

jrbx6xhci45 >> Start >> 2020-09-30 09:26:57.110718

jrbx6xhci45 >> Image Returned >> 2020-09-30 09:26:57.114213

jrbx6xhci45 >> End >> 2020-09-30 09:26:57.270957

jrpyp757mvx >> Start >> 2020-09-30 09:27:27.635216

jrpyp757mvx >> Image Returned >> 2020-09-30 09:27:27.639067

jrpyp757mvx >> End >> 2020-09-30 09:27:27.801079

z6fz4dbd3xz >> Start >> 2020-09-30 09:27:32.585525

z6fz4dbd3xz >> Image Returned >> 2020-09-30 09:27:32.585808

z6fz4dbd3xz >> End >> 2020-09-30 09:27:32.741342

mykt556qrfw >> Start >> 2020-09-30 09:27:59.409925

mykt556qrfw >> Image Returned >> 2020-09-30 09:27:59.413388

mykt556qrfw >> End >> 2020-09-30 09:27:59.571538

b6ovtav25at >> Start >> 2020-09-30 09:28:01.037554

b6ovtav25at >> Image Returned >> 2020-09-30 09:28:01.037834

b6ovtav25at >> End >> 2020-09-30 09:28:01.194235

qpy7eavmzac >> Start >> 2020-09-30 09:29:40.208430

qpy7eavmzac >> Image Returned >> 2020-09-30 09:29:40.212153

qpy7eavmzac >> End >> 2020-09-30 09:29:40.371681

4785i2b3mx4 >> Start >> 2020-09-30 09:33:08.787530

4785i2b3mx4 >> Image Returned >> 2020-09-30 09:33:08.791389

4785i2b3mx4 >> End >> 2020-09-30 09:33:08.988944

q2ev3erxiih >> Start >> 2020-09-30 09:34:01.571412

q2ev3erxiih >> Image Returned >> 2020-09-30 09:34:01.574846

q2ev3erxiih >> End >> 2020-09-30 09:34:01.730669

htuiffjsy7x >> Start >> 2020-09-30 09:42:13.264111

htuiffjsy7x >> Image Returned >> 2020-09-30 09:42:13.267954

htuiffjsy7x >> End >> 2020-09-30 09:42:13.449188

0in8hxm2oco >> Start >> 2020-09-30 09:45:52.843415

0in8hxm2oco >> Image Returned >> 2020-09-30 09:45:52.846957

0in8hxm2oco >> End >> 2020-09-30 09:45:53.003765

pfjwyzkx7mf >> Start >> 2020-09-30 09:46:32.101433

pfjwyzkx7mf >> Image Returned >> 2020-09-30 09:46:32.105998

pfjwyzkx7mf >> End >> 2020-09-30 09:46:32.270338

4ry527ygbd0 >> Start >> 2020-09-30 09:49:36.846160

4ry527ygbd0 >> Image Returned >> 2020-09-30 09:49:36.850043

4ry527ygbd0 >> End >> 2020-09-30 09:49:37.034306

387g4bdfi8h >> Start >> 2020-09-30 09:50:13.146832

387g4bdfi8h >> Image Returned >> 2020-09-30 09:50:13.150682

387g4bdfi8h >> End >> 2020-09-30 09:50:13.312621

katvqpzob4a >> Start >> 2020-09-30 09:50:45.408287

katvqpzob4a >> Image Returned >> 2020-09-30 09:50:45.411678

katvqpzob4a >> End >> 2020-09-30 09:50:45.549551

3t0ouff8wrs >> Start >> 2020-09-30 09:51:03.453613

3t0ouff8wrs >> Image Returned >> 2020-09-30 09:51:03.457088

3t0ouff8wrs >> End >> 2020-09-30 09:51:03.648586

yyqyeaxf75q >> Start >> 2020-09-30 09:53:16.682245

yyqyeaxf75q >> Image Returned >> 2020-09-30 09:53:16.686378

yyqyeaxf75q >> End >> 2020-09-30 09:53:16.871380

or5pnhxt83o >> Start >> 2020-09-30 09:54:20.153382

or5pnhxt83o >> Image Returned >> 2020-09-30 09:54:20.157095

or5pnhxt83o >> End >> 2020-09-30 09:54:20.334239

4qabpbt6f7b >> Start >> 2020-09-30 09:54:29.978794

4qabpbt6f7b >> Image Returned >> 2020-09-30 09:54:29.979119

4qabpbt6f7b >> End >> 2020-09-30 09:54:30.149384

iwy6s68b8fk >> Start >> 2020-09-30 09:55:07.858706

iwy6s68b8fk >> Image Returned >> 2020-09-30 09:55:07.864021

iwy6s68b8fk >> End >> 2020-09-30 09:55:08.031893

f8gwb34arvx >> Start >> 2020-09-30 09:56:38.011630

f8gwb34arvx >> Image Returned >> 2020-09-30 09:56:38.015119

f8gwb34arvx >> End >> 2020-09-30 09:56:38.169728

wsjtv6w8h6g >> Start >> 2020-09-30 09:59:41.441204

wsjtv6w8h6g >> Image Returned >> 2020-09-30 09:59:41.446283

wsjtv6w8h6g >> End >> 2020-09-30 09:59:41.608478

rh3zew6rrog >> Start >> 2020-09-30 10:02:02.887979

rh3zew6rrog >> Image Returned >> 2020-09-30 10:02:02.891741

rh3zew6rrog >> End >> 2020-09-30 10:02:03.052568

xz7um0bq6p7 >> Start >> 2020-09-30 10:02:56.536715

xz7um0bq6p7 >> Image Returned >> 2020-09-30 10:02:56.540117

xz7um0bq6p7 >> End >> 2020-09-30 10:02:56.701491

dqcu70eabs0 >> Start >> 2020-09-30 10:03:04.961955

dqcu70eabs0 >> Image Returned >> 2020-09-30 10:03:04.962251

dqcu70eabs0 >> End >> 2020-09-30 10:03:05.131678

wkwhnkko74w >> Start >> 2020-09-30 10:03:16.275672

wkwhnkko74w >> Image Returned >> 2020-09-30 10:03:16.279458

wkwhnkko74w >> End >> 2020-09-30 10:03:16.441091

c6dhiro2siv >> Start >> 2020-09-30 10:03:42.971122

c6dhiro2siv >> Image Returned >> 2020-09-30 10:03:42.974549

c6dhiro2siv >> End >> 2020-09-30 10:03:43.135905

ksjrwgqavdd >> Start >> 2020-09-30 10:05:22.659390

ksjrwgqavdd >> Image Returned >> 2020-09-30 10:05:22.663460

ksjrwgqavdd >> End >> 2020-09-30 10:05:22.836833

abp7qanai4r >> Start >> 2020-09-30 10:07:34.126060

abp7qanai4r >> Image Returned >> 2020-09-30 10:07:34.129851

abp7qanai4r >> End >> 2020-09-30 10:07:34.290596

pf8mhoa2qyf >> Start >> 2020-09-30 10:08:28.282399

pf8mhoa2qyf >> Image Returned >> 2020-09-30 10:08:28.286215

pf8mhoa2qyf >> End >> 2020-09-30 10:08:28.451419

zx05k8etgnh >> Start >> 2020-09-30 10:08:47.523233

zx05k8etgnh >> Image Returned >> 2020-09-30 10:08:47.526743

zx05k8etgnh >> End >> 2020-09-30 10:08:47.691428

hepf45wjfpu >> Start >> 2020-09-30 10:09:56.536071

hepf45wjfpu >> Image Returned >> 2020-09-30 10:09:56.539522

hepf45wjfpu >> End >> 2020-09-30 10:09:56.698710

rh4ppfqcc3b >> Start >> 2020-09-30 10:10:38.856472

rh4ppfqcc3b >> Image Returned >> 2020-09-30 10:10:38.860162

rh4ppfqcc3b >> End >> 2020-09-30 10:10:39.016937

v7tghwfi7hb >> Start >> 2020-09-30 10:11:39.003998

v7tghwfi7hb >> Image Returned >> 2020-09-30 10:11:39.007478

v7tghwfi7hb >> End >> 2020-09-30 10:11:39.164796

fxmk83qaj5o >> Start >> 2020-09-30 10:12:47.798151

fxmk83qaj5o >> Image Returned >> 2020-09-30 10:12:47.802023

fxmk83qaj5o >> End >> 2020-09-30 10:12:47.963457

d4xrui44ipn >> Start >> 2020-09-30 10:12:51.878819

d4xrui44ipn >> Image Returned >> 2020-09-30 10:12:51.879137

d4xrui44ipn >> End >> 2020-09-30 10:12:52.036936

2opznaokgzm >> Start >> 2020-09-30 10:13:51.328263

2opznaokgzm >> Image Returned >> 2020-09-30 10:13:51.331732

2opznaokgzm >> End >> 2020-09-30 10:13:51.491167

va3p0ho3t73 >> Start >> 2020-09-30 10:13:57.862273

va3p0ho3t73 >> Image Returned >> 2020-09-30 10:13:57.862561

va3p0ho3t73 >> End >> 2020-09-30 10:13:58.018984

mngik5dd5qq >> Start >> 2020-09-30 10:15:08.318646

mngik5dd5qq >> Image Returned >> 2020-09-30 10:15:08.322148

mngik5dd5qq >> End >> 2020-09-30 10:15:08.482717

3thtqr4u0ok >> Start >> 2020-09-30 10:17:15.301526

3thtqr4u0ok >> Image Returned >> 2020-09-30 10:17:15.305608

3thtqr4u0ok >> End >> 2020-09-30 10:17:15.464380

v57i2g6dtoq >> Start >> 2020-09-30 10:19:24.548778

v57i2g6dtoq >> Image Returned >> 2020-09-30 10:19:24.552484

v57i2g6dtoq >> End >> 2020-09-30 10:19:24.712340

ex53wi5zpyr >> Start >> 2020-09-30 10:22:29.766937

ex53wi5zpyr >> Image Returned >> 2020-09-30 10:22:29.770544

ex53wi5zpyr >> End >> 2020-09-30 10:22:29.943846

nuxi5sdg4ab >> Start >> 2020-09-30 10:24:49.428015

nuxi5sdg4ab >> Image Returned >> 2020-09-30 10:24:49.431920

nuxi5sdg4ab >> End >> 2020-09-30 10:24:49.592345

oyr7dck5ovn >> Start >> 2020-09-30 10:32:42.814610

oyr7dck5ovn >> Image Returned >> 2020-09-30 10:32:42.818502

oyr7dck5ovn >> End >> 2020-09-30 10:32:42.985826

drx6tncf202 >> Start >> 2020-09-30 10:32:57.137567

drx6tncf202 >> Image Returned >> 2020-09-30 10:32:57.142693

drx6tncf202 >> End >> 2020-09-30 10:32:57.273112

8icgc54y8by >> Start >> 2020-09-30 10:39:03.816087

8icgc54y8by >> Image Returned >> 2020-09-30 10:39:03.819617

8icgc54y8by >> End >> 2020-09-30 10:39:03.992067

3amxyee0u0v >> Start >> 2020-09-30 10:41:43.453126

3amxyee0u0v >> Image Returned >> 2020-09-30 10:41:43.456624

3amxyee0u0v >> End >> 2020-09-30 10:41:43.625993

t5h2oysvfzp >> Start >> 2020-09-30 10:42:17.357805

t5h2oysvfzp >> Image Returned >> 2020-09-30 10:42:17.361613

t5h2oysvfzp >> End >> 2020-09-30 10:42:17.538295

4m5y5czvecu >> Start >> 2020-09-30 10:45:29.302825

4m5y5czvecu >> Image Returned >> 2020-09-30 10:45:29.306410

4m5y5czvecu >> End >> 2020-09-30 10:45:30.102091

42oprb4h6wn >> Start >> 2020-09-30 10:50:19.318485

42oprb4h6wn >> Image Returned >> 2020-09-30 10:50:19.322400

42oprb4h6wn >> End >> 2020-09-30 10:50:19.486397

8ckih7m08zk >> Start >> 2020-09-30 10:52:43.118545

8ckih7m08zk >> Image Returned >> 2020-09-30 10:52:43.122610

8ckih7m08zk >> End >> 2020-09-30 10:52:43.285332

6tnuw0kfwtn >> Start >> 2020-09-30 10:55:12.937016

6tnuw0kfwtn >> Image Returned >> 2020-09-30 10:55:12.940520

6tnuw0kfwtn >> End >> 2020-09-30 10:55:13.120706

ika3dqnjfmf >> Start >> 2020-09-30 10:56:17.805330

ika3dqnjfmf >> Image Returned >> 2020-09-30 10:56:17.808792

ika3dqnjfmf >> End >> 2020-09-30 10:56:17.969393

28pekndceh5 >> Start >> 2020-09-30 10:57:03.791428

28pekndceh5 >> Image Returned >> 2020-09-30 10:57:03.794842

28pekndceh5 >> End >> 2020-09-30 10:57:03.963521

286wh7c7a7d >> Start >> 2020-09-30 11:00:37.754745

286wh7c7a7d >> Image Returned >> 2020-09-30 11:00:37.758507

286wh7c7a7d >> End >> 2020-09-30 11:00:37.932174

2jbp8ymbmd7 >> Start >> 2020-09-30 11:00:49.807034

2jbp8ymbmd7 >> Image Returned >> 2020-09-30 11:00:49.810528

2jbp8ymbmd7 >> End >> 2020-09-30 11:00:49.973265

zbk4hxjyhby >> Start >> 2020-09-30 11:00:52.045348

zbk4hxjyhby >> Image Returned >> 2020-09-30 11:00:52.045638

zbk4hxjyhby >> End >> 2020-09-30 11:00:52.203681

gnu47dvu3sc >> Start >> 2020-09-30 11:02:51.255496

gnu47dvu3sc >> Image Returned >> 2020-09-30 11:02:51.259548

gnu47dvu3sc >> End >> 2020-09-30 11:02:51.431154

knzz7ymkbon >> Start >> 2020-09-30 11:03:01.157994

knzz7ymkbon >> Image Returned >> 2020-09-30 11:03:01.158288

knzz7ymkbon >> End >> 2020-09-30 11:03:01.319494

joduhanuec0 >> Start >> 2020-09-30 11:05:43.461348

joduhanuec0 >> Image Returned >> 2020-09-30 11:05:43.464901

joduhanuec0 >> End >> 2020-09-30 11:05:43.626986

mey77nnseof >> Start >> 2020-09-30 11:05:59.207827

mey77nnseof >> Image Returned >> 2020-09-30 11:05:59.211365

mey77nnseof >> End >> 2020-09-30 11:05:59.369677

h7q6vxpfigf >> Start >> 2020-09-30 11:10:03.204974

h7q6vxpfigf >> Image Returned >> 2020-09-30 11:10:03.208417

h7q6vxpfigf >> End >> 2020-09-30 11:10:03.374155

is02uoa5jec >> Start >> 2020-09-30 11:12:27.351994

is02uoa5jec >> Image Returned >> 2020-09-30 11:12:27.356003

is02uoa5jec >> End >> 2020-09-30 11:12:27.540802

7s4vkyafhpc >> Start >> 2020-09-30 11:12:56.274096

7s4vkyafhpc >> Image Returned >> 2020-09-30 11:12:56.277507

7s4vkyafhpc >> End >> 2020-09-30 11:12:56.437244

3jv744pcuf0 >> Start >> 2020-09-30 11:20:54.359502

3jv744pcuf0 >> Image Returned >> 2020-09-30 11:20:54.363054

3jv744pcuf0 >> End >> 2020-09-30 11:20:54.528961

4sbs4kb5ga5 >> Start >> 2020-09-30 11:22:57.312969

4sbs4kb5ga5 >> Image Returned >> 2020-09-30 11:22:57.316519

4sbs4kb5ga5 >> End >> 2020-09-30 11:22:57.496503

x6qadkf0ihn >> Start >> 2020-09-30 11:26:06.692446

x6qadkf0ihn >> Image Returned >> 2020-09-30 11:26:06.695982

x6qadkf0ihn >> End >> 2020-09-30 11:26:06.867026

o2mcvfh0mq5 >> Start >> 2020-09-30 11:26:54.487817

o2mcvfh0mq5 >> Image Returned >> 2020-09-30 11:26:54.491353

o2mcvfh0mq5 >> End >> 2020-09-30 11:26:54.677810

it3wxsiek37 >> Start >> 2020-09-30 11:29:44.878349

it3wxsiek37 >> Image Returned >> 2020-09-30 11:29:44.882075

it3wxsiek37 >> End >> 2020-09-30 11:29:45.048690

rcyhhgvfdur >> Start >> 2020-09-30 11:30:24.401982

rcyhhgvfdur >> Image Returned >> 2020-09-30 11:30:24.405724

rcyhhgvfdur >> End >> 2020-09-30 11:30:24.566641

x34oyfgt4x7 >> Start >> 2020-09-30 11:30:40.662121

x34oyfgt4x7 >> Image Returned >> 2020-09-30 11:30:40.665601

x34oyfgt4x7 >> End >> 2020-09-30 11:30:40.850514

wxx32eew4sw >> Start >> 2020-09-30 11:30:46.002410

wxx32eew4sw >> Image Returned >> 2020-09-30 11:30:46.002701

wxx32eew4sw >> End >> 2020-09-30 11:30:46.175901

itwrisu3gbo >> Start >> 2020-09-30 11:31:11.199119

itwrisu3gbo >> Image Returned >> 2020-09-30 11:31:11.202979

itwrisu3gbo >> End >> 2020-09-30 11:31:11.369973

zhuhq7yfoa6 >> Start >> 2020-09-30 11:31:12.250813

zhuhq7yfoa6 >> Image Returned >> 2020-09-30 11:31:12.251121

zhuhq7yfoa6 >> End >> 2020-09-30 11:31:12.406270

5ctfo46xvue >> Start >> 2020-09-30 11:31:15.828711

5ctfo46xvue >> Image Returned >> 2020-09-30 11:31:15.829020

5ctfo46xvue >> End >> 2020-09-30 11:31:16.000575

n65qsfkg75y >> Start >> 2020-09-30 11:32:04.519896

n65qsfkg75y >> Image Returned >> 2020-09-30 11:32:04.523343

n65qsfkg75y >> End >> 2020-09-30 11:32:04.688133

vvifvwmqb3v >> Start >> 2020-09-30 11:33:05.764837

vvifvwmqb3v >> Image Returned >> 2020-09-30 11:33:05.768362

vvifvwmqb3v >> End >> 2020-09-30 11:33:05.954144

pb5oqbt83a4 >> Start >> 2020-09-30 11:35:13.040292

pb5oqbt83a4 >> Image Returned >> 2020-09-30 11:35:13.044051

pb5oqbt83a4 >> End >> 2020-09-30 11:35:13.201611

80igakqhnki >> Start >> 2020-09-30 11:35:36.842084

80igakqhnki >> Image Returned >> 2020-09-30 11:35:36.845495

80igakqhnki >> End >> 2020-09-30 11:35:36.975816

wtjxk0mfm3v >> Start >> 2020-09-30 11:37:32.652997

wtjxk0mfm3v >> Image Returned >> 2020-09-30 11:37:32.657208

wtjxk0mfm3v >> End >> 2020-09-30 11:37:32.824033

oodkz0jers6 >> Start >> 2020-09-30 11:38:30.654047

oodkz0jers6 >> Image Returned >> 2020-09-30 11:38:30.657968

oodkz0jers6 >> End >> 2020-09-30 11:38:30.819179

wnp8wpwm2vh >> Start >> 2020-09-30 11:39:28.841618

wnp8wpwm2vh >> Image Returned >> 2020-09-30 11:39:28.845309

wnp8wpwm2vh >> End >> 2020-09-30 11:39:29.020937

g8jqifb0emn >> Start >> 2020-09-30 11:40:00.544611

g8jqifb0emn >> Image Returned >> 2020-09-30 11:40:00.548263

g8jqifb0emn >> End >> 2020-09-30 11:40:00.720434

4hcafp0dbnc >> Start >> 2020-09-30 11:41:03.367008

4hcafp0dbnc >> Image Returned >> 2020-09-30 11:41:03.370517

4hcafp0dbnc >> End >> 2020-09-30 11:41:03.533265

3ei4eb8jh4q >> Start >> 2020-09-30 11:43:25.003122

3ei4eb8jh4q >> Image Returned >> 2020-09-30 11:43:25.008378

3ei4eb8jh4q >> End >> 2020-09-30 11:43:25.176150

guqcgiv0bvg >> Start >> 2020-09-30 11:45:45.982248

guqcgiv0bvg >> Image Returned >> 2020-09-30 11:45:45.986442

guqcgiv0bvg >> End >> 2020-09-30 11:45:46.159296

bzqeteuvmo8 >> Start >> 2020-09-30 11:47:01.448003

bzqeteuvmo8 >> Image Returned >> 2020-09-30 11:47:01.451566

bzqeteuvmo8 >> End >> 2020-09-30 11:47:01.614841

z5cxm3s4fuk >> Start >> 2020-09-30 11:47:12.148386

z5cxm3s4fuk >> Image Returned >> 2020-09-30 11:47:12.148721

z5cxm3s4fuk >> End >> 2020-09-30 11:47:12.309196

f5j058gbezv >> Start >> 2020-09-30 11:51:09.293843

f5j058gbezv >> Image Returned >> 2020-09-30 11:51:09.297353

f5j058gbezv >> End >> 2020-09-30 11:51:09.475215

umc6d3gysn4 >> Start >> 2020-09-30 11:51:28.038736

umc6d3gysn4 >> Image Returned >> 2020-09-30 11:51:28.042601

umc6d3gysn4 >> End >> 2020-09-30 11:51:28.208445

xzhyy4022v7 >> Start >> 2020-09-30 11:57:02.171672

xzhyy4022v7 >> Image Returned >> 2020-09-30 11:57:02.175193

xzhyy4022v7 >> End >> 2020-09-30 11:57:02.334716

4hxmvaaf28u >> Start >> 2020-09-30 11:57:21.675808

4hxmvaaf28u >> Image Returned >> 2020-09-30 11:57:21.680099

4hxmvaaf28u >> End >> 2020-09-30 11:57:21.834451

cnf8qfjuqba >> Start >> 2020-09-30 12:00:23.545399

cnf8qfjuqba >> Image Returned >> 2020-09-30 12:00:23.549236

cnf8qfjuqba >> End >> 2020-09-30 12:00:23.718422

x5eb2pstpkp >> Start >> 2020-09-30 12:00:30.400824

x5eb2pstpkp >> Image Returned >> 2020-09-30 12:00:30.401143

x5eb2pstpkp >> End >> 2020-09-30 12:00:30.562386

oeonqk6r0ac >> Start >> 2020-09-30 12:00:41.096832

oeonqk6r0ac >> Image Returned >> 2020-09-30 12:00:41.097134

oeonqk6r0ac >> End >> 2020-09-30 12:00:41.268511

eo34jw47emk >> Start >> 2020-09-30 12:00:41.433388

eo34jw47emk >> Image Returned >> 2020-09-30 12:00:41.433794

eo34jw47emk >> End >> 2020-09-30 12:00:41.606996

vype5k52qto >> Start >> 2020-09-30 12:05:20.573785

vype5k52qto >> Image Returned >> 2020-09-30 12:05:20.579685

vype5k52qto >> End >> 2020-09-30 12:05:20.746049

f7q2n273mpn >> Start >> 2020-09-30 12:06:08.591104

f7q2n273mpn >> Image Returned >> 2020-09-30 12:06:08.594585

f7q2n273mpn >> End >> 2020-09-30 12:06:08.756500

5o5xx3jczpx >> Start >> 2020-09-30 12:07:00.235551

5o5xx3jczpx >> Image Returned >> 2020-09-30 12:07:00.239054

5o5xx3jczpx >> End >> 2020-09-30 12:07:00.397176

yeggm5ux58g >> Start >> 2020-09-30 12:12:02.490531

yeggm5ux58g >> Image Returned >> 2020-09-30 12:12:02.494224

yeggm5ux58g >> End >> 2020-09-30 12:12:02.654774

ztt0ttuqcyt >> Start >> 2020-09-30 12:12:23.462943

ztt0ttuqcyt >> Image Returned >> 2020-09-30 12:12:23.466759

ztt0ttuqcyt >> End >> 2020-09-30 12:12:23.624577

oichkxbaxn3 >> Start >> 2020-09-30 12:16:59.381089

oichkxbaxn3 >> Image Returned >> 2020-09-30 12:16:59.384643

oichkxbaxn3 >> End >> 2020-09-30 12:16:59.550808

7seyxxa8c7i >> Start >> 2020-09-30 12:17:42.059497

7seyxxa8c7i >> Image Returned >> 2020-09-30 12:17:42.063142

7seyxxa8c7i >> End >> 2020-09-30 12:17:42.236619

3cuai68fs2m >> Start >> 2020-09-30 12:19:39.456537

3cuai68fs2m >> Image Returned >> 2020-09-30 12:19:39.460485

3cuai68fs2m >> End >> 2020-09-30 12:19:39.622572

dysw6n0iwxs >> Start >> 2020-09-30 12:22:00.435673

dysw6n0iwxs >> Image Returned >> 2020-09-30 12:22:00.439146

dysw6n0iwxs >> End >> 2020-09-30 12:22:00.600610

ukfzadhjme8 >> Start >> 2020-09-30 12:25:35.951001

ukfzadhjme8 >> Image Returned >> 2020-09-30 12:25:35.956418

ukfzadhjme8 >> End >> 2020-09-30 12:25:36.113351

bp8hsuxbw0c >> Start >> 2020-09-30 12:25:50.584036

bp8hsuxbw0c >> Image Returned >> 2020-09-30 12:25:50.587455

bp8hsuxbw0c >> End >> 2020-09-30 12:25:50.748095

7vqyih7beng >> Start >> 2020-09-30 12:27:20.399142

7vqyih7beng >> Image Returned >> 2020-09-30 12:27:20.402987

7vqyih7beng >> End >> 2020-09-30 12:27:20.569596

zchmragg2cs >> Start >> 2020-09-30 12:32:22.802764

zchmragg2cs >> Image Returned >> 2020-09-30 12:32:22.806610

zchmragg2cs >> End >> 2020-09-30 12:32:22.962754

tub0hupkstt >> Start >> 2020-09-30 12:44:08.152618

tub0hupkstt >> Image Returned >> 2020-09-30 12:44:08.156189

tub0hupkstt >> End >> 2020-09-30 12:44:08.317073

deasf65dce3 >> Start >> 2020-09-30 12:45:14.656056

deasf65dce3 >> Image Returned >> 2020-09-30 12:45:14.661009

deasf65dce3 >> End >> 2020-09-30 12:45:14.830811

o7dfkugo7cy >> Start >> 2020-09-30 12:48:42.392570

o7dfkugo7cy >> Image Returned >> 2020-09-30 12:48:42.396519

o7dfkugo7cy >> End >> 2020-09-30 12:48:42.598197

timt2reecp5 >> Start >> 2020-09-30 13:01:19.515228

timt2reecp5 >> Image Returned >> 2020-09-30 13:01:19.519455

timt2reecp5 >> End >> 2020-09-30 13:01:19.698966

j6fsjkcacw5 >> Start >> 2020-09-30 13:01:39.410183

j6fsjkcacw5 >> Image Returned >> 2020-09-30 13:01:39.413727

j6fsjkcacw5 >> End >> 2020-09-30 13:01:39.632962

3mm8tu2gdk0 >> Start >> 2020-09-30 13:02:29.214406

3mm8tu2gdk0 >> Image Returned >> 2020-09-30 13:02:29.218295

3mm8tu2gdk0 >> End >> 2020-09-30 13:02:29.432549

hz4r0pni7iy >> Start >> 2020-09-30 13:03:27.602164

hz4r0pni7iy >> Image Returned >> 2020-09-30 13:03:27.606118

hz4r0pni7iy >> End >> 2020-09-30 13:03:27.823844

0fznicks0h3 >> Start >> 2020-09-30 13:08:25.327668

0fznicks0h3 >> Image Returned >> 2020-09-30 13:08:25.332204

0fznicks0h3 >> End >> 2020-09-30 13:08:25.493098

zer8i2unyp3 >> Start >> 2020-09-30 13:08:40.362214

zer8i2unyp3 >> Image Returned >> 2020-09-30 13:08:40.365708

zer8i2unyp3 >> End >> 2020-09-30 13:08:40.521898

3mk0efmhgk5 >> Start >> 2020-09-30 13:13:46.842700

3mk0efmhgk5 >> Image Returned >> 2020-09-30 13:13:46.846318

3mk0efmhgk5 >> End >> 2020-09-30 13:13:47.003918

0gb0zddxuij >> Start >> 2020-09-30 13:13:48.768318

0gb0zddxuij >> Image Returned >> 2020-09-30 13:13:48.768619

0gb0zddxuij >> End >> 2020-09-30 13:13:48.935376

g83cjbmanc4 >> Start >> 2020-09-30 13:13:51.924391

g83cjbmanc4 >> Image Returned >> 2020-09-30 13:13:51.924679

g83cjbmanc4 >> End >> 2020-09-30 13:13:52.085935

g4qvjgf4xwr >> Start >> 2020-09-30 13:14:53.633582

g4qvjgf4xwr >> Image Returned >> 2020-09-30 13:14:53.637299

g4qvjgf4xwr >> End >> 2020-09-30 13:14:53.798934

bbuuw2mktxx >> Start >> 2020-09-30 13:17:40.103168

bbuuw2mktxx >> Image Returned >> 2020-09-30 13:17:40.108107

bbuuw2mktxx >> End >> 2020-09-30 13:17:40.268371

az3s5cbfy0q >> Start >> 2020-09-30 13:25:37.702429

az3s5cbfy0q >> Image Returned >> 2020-09-30 13:25:37.706319

az3s5cbfy0q >> End >> 2020-09-30 13:25:37.900197

4rbj25mx5rh >> Start >> 2020-09-30 13:25:45.093980

4rbj25mx5rh >> Image Returned >> 2020-09-30 13:25:45.094271

4rbj25mx5rh >> End >> 2020-09-30 13:25:45.281558

6famcowcnvm >> Start >> 2020-09-30 13:26:10.863729

6famcowcnvm >> Image Returned >> 2020-09-30 13:26:10.867413

6famcowcnvm >> End >> 2020-09-30 13:26:11.022705

pooey8zqzn7 >> Start >> 2020-09-30 13:27:34.843355

pooey8zqzn7 >> Image Returned >> 2020-09-30 13:27:34.848921

pooey8zqzn7 >> End >> 2020-09-30 13:27:35.009092

pnedm7dgvgc >> Start >> 2020-09-30 13:27:49.666826

pnedm7dgvgc >> Image Returned >> 2020-09-30 13:27:49.670516

pnedm7dgvgc >> End >> 2020-09-30 13:27:49.834434

q5efr5xt8kj >> Start >> 2020-09-30 13:27:50.840208

q5efr5xt8kj >> Image Returned >> 2020-09-30 13:27:50.840491

q5efr5xt8kj >> End >> 2020-09-30 13:27:50.994576

8acfoh75xk4 >> Start >> 2020-09-30 13:28:47.272945

8acfoh75xk4 >> Image Returned >> 2020-09-30 13:28:47.276484

8acfoh75xk4 >> End >> 2020-09-30 13:28:47.440603

wjihw3cywmw >> Start >> 2020-09-30 13:29:26.017229

wjihw3cywmw >> Image Returned >> 2020-09-30 13:29:26.020734

wjihw3cywmw >> End >> 2020-09-30 13:29:26.153862

cjie552vk3q >> Start >> 2020-09-30 13:31:43.288882

cjie552vk3q >> Image Returned >> 2020-09-30 13:31:43.292767

cjie552vk3q >> End >> 2020-09-30 13:31:43.419624

jadztr033zq >> Start >> 2020-09-30 13:33:49.743254

jadztr033zq >> Image Returned >> 2020-09-30 13:33:49.746937

jadztr033zq >> End >> 2020-09-30 13:33:49.914119

cxj7vx6n2yo >> Start >> 2020-09-30 13:37:28.066776

cxj7vx6n2yo >> Image Returned >> 2020-09-30 13:37:28.071285

cxj7vx6n2yo >> End >> 2020-09-30 13:37:28.229933

cfso0qhcbmi >> Start >> 2020-09-30 13:38:58.433657

cfso0qhcbmi >> Image Returned >> 2020-09-30 13:38:58.437664

cfso0qhcbmi >> End >> 2020-09-30 13:38:58.601176

4ngya43xiwa >> Start >> 2020-09-30 13:40:00.279800

4ngya43xiwa >> Image Returned >> 2020-09-30 13:40:00.283569

4ngya43xiwa >> End >> 2020-09-30 13:40:00.449137

k0tcqamjtfc >> Start >> 2020-09-30 13:40:18.838135

k0tcqamjtfc >> Image Returned >> 2020-09-30 13:40:18.842750

k0tcqamjtfc >> End >> 2020-09-30 13:40:19.021256

6dshoqxpa36 >> Start >> 2020-09-30 13:40:28.639322

6dshoqxpa36 >> Image Returned >> 2020-09-30 13:40:28.639604

6dshoqxpa36 >> End >> 2020-09-30 13:40:28.811530

bnbk0m4reh7 >> Start >> 2020-09-30 13:40:55.871277

bnbk0m4reh7 >> Image Returned >> 2020-09-30 13:40:55.875025

bnbk0m4reh7 >> End >> 2020-09-30 13:40:56.051080

co6stciwi0q >> Start >> 2020-09-30 13:42:03.531979

co6stciwi0q >> Image Returned >> 2020-09-30 13:42:03.536036

co6stciwi0q >> End >> 2020-09-30 13:42:03.698677

2b58ju4rhoj >> Start >> 2020-09-30 13:42:56.133446

2b58ju4rhoj >> Image Returned >> 2020-09-30 13:42:56.138326

2b58ju4rhoj >> End >> 2020-09-30 13:42:56.301399

qqzm8u8wben >> Start >> 2020-09-30 13:46:17.133219

qqzm8u8wben >> Image Returned >> 2020-09-30 13:46:17.137054

qqzm8u8wben >> End >> 2020-09-30 13:46:17.298607

3fctj33emjp >> Start >> 2020-09-30 13:48:06.489197

3fctj33emjp >> Image Returned >> 2020-09-30 13:48:06.493108

3fctj33emjp >> End >> 2020-09-30 13:48:06.665766

t402ximbsrd >> Start >> 2020-09-30 13:50:49.973489

t402ximbsrd >> Image Returned >> 2020-09-30 13:50:49.977889

t402ximbsrd >> End >> 2020-09-30 13:50:50.140393

7f7rrab5on4 >> Start >> 2020-09-30 13:51:03.182864

7f7rrab5on4 >> Image Returned >> 2020-09-30 13:51:03.186415

7f7rrab5on4 >> End >> 2020-09-30 13:51:03.345741

vr8zu3rvusf >> Start >> 2020-09-30 13:56:18.980329

vr8zu3rvusf >> Image Returned >> 2020-09-30 13:56:18.985584

vr8zu3rvusf >> End >> 2020-09-30 13:56:19.153980

mfim22qu2ie >> Start >> 2020-09-30 13:57:37.317768

mfim22qu2ie >> Image Returned >> 2020-09-30 13:57:37.323009

mfim22qu2ie >> End >> 2020-09-30 13:57:37.478652

gv06fqtcho2 >> Start >> 2020-09-30 13:57:37.747930

gv06fqtcho2 >> Image Returned >> 2020-09-30 13:57:37.748230

gv06fqtcho2 >> End >> 2020-09-30 13:57:37.906819

tbn00coxt60 >> Start >> 2020-09-30 13:58:33.635426

tbn00coxt60 >> Image Returned >> 2020-09-30 13:58:33.639442

tbn00coxt60 >> End >> 2020-09-30 13:58:33.829390

yk53rnrgdap >> Start >> 2020-09-30 14:01:53.632364

yk53rnrgdap >> Image Returned >> 2020-09-30 14:01:53.636558

yk53rnrgdap >> End >> 2020-09-30 14:01:53.813003

cv56unsbhtw >> Start >> 2020-09-30 14:02:45.552100

cv56unsbhtw >> Image Returned >> 2020-09-30 14:02:45.555866

cv56unsbhtw >> End >> 2020-09-30 14:02:45.731158

4jiv6dw5wi3 >> Start >> 2020-09-30 14:03:57.743038

4jiv6dw5wi3 >> Image Returned >> 2020-09-30 14:03:57.747170

4jiv6dw5wi3 >> End >> 2020-09-30 14:03:57.907104

kg7tmc3qjtf >> Start >> 2020-09-30 14:07:53.116204

kg7tmc3qjtf >> Image Returned >> 2020-09-30 14:07:53.120783

kg7tmc3qjtf >> End >> 2020-09-30 14:07:53.335712

47budaeamj3 >> Start >> 2020-09-30 14:08:34.746082

47budaeamj3 >> Image Returned >> 2020-09-30 14:08:34.749957

47budaeamj3 >> End >> 2020-09-30 14:08:34.974492

3tihyh2acjb >> Start >> 2020-09-30 14:11:08.470284

3tihyh2acjb >> Image Returned >> 2020-09-30 14:11:08.474244

3tihyh2acjb >> End >> 2020-09-30 14:11:08.637804

t3q6d58nb85 >> Start >> 2020-09-30 14:14:13.630865

t3q6d58nb85 >> Image Returned >> 2020-09-30 14:14:13.634479

t3q6d58nb85 >> End >> 2020-09-30 14:14:13.802109

c2wptpr5w7g >> Start >> 2020-09-30 14:18:00.180938

c2wptpr5w7g >> Image Returned >> 2020-09-30 14:18:00.184649

c2wptpr5w7g >> End >> 2020-09-30 14:18:00.354232

uxtfg42i3ih >> Start >> 2020-09-30 14:18:33.342225

uxtfg42i3ih >> Image Returned >> 2020-09-30 14:18:33.346256

uxtfg42i3ih >> End >> 2020-09-30 14:18:33.505983

7uqr70ve3qc >> Start >> 2020-09-30 14:19:09.757630

7uqr70ve3qc >> Image Returned >> 2020-09-30 14:19:09.761152

7uqr70ve3qc >> End >> 2020-09-30 14:19:09.930546

cywkxta7onu >> Start >> 2020-09-30 14:20:50.090517

cywkxta7onu >> Image Returned >> 2020-09-30 14:20:50.094738

cywkxta7onu >> End >> 2020-09-30 14:20:50.257452

06rpchosgam >> Start >> 2020-09-30 14:21:14.042759

06rpchosgam >> Image Returned >> 2020-09-30 14:21:14.046351

06rpchosgam >> End >> 2020-09-30 14:21:14.213152

mphtrggi3ks >> Start >> 2020-09-30 14:21:32.122828

mphtrggi3ks >> Image Returned >> 2020-09-30 14:21:32.126564

mphtrggi3ks >> End >> 2020-09-30 14:21:32.312146

omjwsmzgksz >> Start >> 2020-09-30 14:24:30.555265

omjwsmzgksz >> Image Returned >> 2020-09-30 14:24:30.559169

omjwsmzgksz >> End >> 2020-09-30 14:24:30.719472

v8u46vr6vq2 >> Start >> 2020-09-30 14:24:50.837704

v8u46vr6vq2 >> Image Returned >> 2020-09-30 14:24:50.841187

v8u46vr6vq2 >> End >> 2020-09-30 14:24:51.007148

d75805gob4f >> Start >> 2020-09-30 14:28:26.518651

d75805gob4f >> Image Returned >> 2020-09-30 14:28:26.522566

d75805gob4f >> End >> 2020-09-30 14:28:26.695092

z6ikonju5qr >> Start >> 2020-09-30 14:31:44.453104

z6ikonju5qr >> Image Returned >> 2020-09-30 14:31:44.456938

z6ikonju5qr >> End >> 2020-09-30 14:31:44.614989

igesm4uiqff >> Start >> 2020-09-30 14:43:48.954804

igesm4uiqff >> Image Returned >> 2020-09-30 14:43:48.958529

igesm4uiqff >> End >> 2020-09-30 14:43:49.116652

cygy27zbwpq >> Start >> 2020-09-30 14:48:54.286436

cygy27zbwpq >> Image Returned >> 2020-09-30 14:48:54.290081

cygy27zbwpq >> End >> 2020-09-30 14:48:54.457000

fj0iu458j4w >> Start >> 2020-09-30 14:52:16.764250

fj0iu458j4w >> Image Returned >> 2020-09-30 14:52:16.768238

fj0iu458j4w >> End >> 2020-09-30 14:52:16.934242

ijw43nu788x >> Start >> 2020-09-30 14:52:46.581022

ijw43nu788x >> Image Returned >> 2020-09-30 14:52:46.584497

ijw43nu788x >> End >> 2020-09-30 14:52:46.750792

3z2um7xavzp >> Start >> 2020-09-30 14:53:14.469480

3z2um7xavzp >> Image Returned >> 2020-09-30 14:53:14.472966

3z2um7xavzp >> End >> 2020-09-30 14:53:14.669652

txn6jywe8gc >> Start >> 2020-09-30 14:53:53.409491

txn6jywe8gc >> Image Returned >> 2020-09-30 14:53:53.413005

txn6jywe8gc >> End >> 2020-09-30 14:53:53.638278

sm8v28drmg5 >> Start >> 2020-09-30 15:01:32.361569

sm8v28drmg5 >> Image Returned >> 2020-09-30 15:01:32.365478

sm8v28drmg5 >> End >> 2020-09-30 15:01:32.536539

are3u4a6r52 >> Start >> 2020-09-30 15:02:25.399300

are3u4a6r52 >> Image Returned >> 2020-09-30 15:02:25.404845

are3u4a6r52 >> End >> 2020-09-30 15:02:25.590998

qarc7iwa6cu >> Start >> 2020-09-30 15:07:29.628112

qarc7iwa6cu >> Image Returned >> 2020-09-30 15:07:29.632198

qarc7iwa6cu >> End >> 2020-09-30 15:07:29.791486

3p55o3k3rzu >> Start >> 2020-09-30 15:08:03.638725

3p55o3k3rzu >> Image Returned >> 2020-09-30 15:08:03.642201

3p55o3k3rzu >> End >> 2020-09-30 15:08:03.803957

esxyd5p8s5t >> Start >> 2020-09-30 15:12:11.232544

esxyd5p8s5t >> Image Returned >> 2020-09-30 15:12:11.236119

esxyd5p8s5t >> End >> 2020-09-30 15:12:11.396617

i6gjzpkjnj2 >> Start >> 2020-09-30 15:13:31.984102

i6gjzpkjnj2 >> Image Returned >> 2020-09-30 15:13:31.987654

i6gjzpkjnj2 >> End >> 2020-09-30 15:13:32.163079

skd8noxobec >> Start >> 2020-09-30 15:14:10.362402

skd8noxobec >> Image Returned >> 2020-09-30 15:14:10.365900

skd8noxobec >> End >> 2020-09-30 15:14:10.542913

ygcgqh8cy5m >> Start >> 2020-09-30 15:14:13.085424

ygcgqh8cy5m >> Image Returned >> 2020-09-30 15:14:13.085707

ygcgqh8cy5m >> End >> 2020-09-30 15:14:13.258778

xe8qmd5qbki >> Start >> 2020-09-30 15:18:07.244081

xe8qmd5qbki >> Image Returned >> 2020-09-30 15:18:07.247648

xe8qmd5qbki >> End >> 2020-09-30 15:18:07.424140

r8q06ezioqb >> Start >> 2020-09-30 15:23:38.373955

r8q06ezioqb >> Image Returned >> 2020-09-30 15:23:38.378236

r8q06ezioqb >> End >> 2020-09-30 15:23:38.581509

z72pawfsv7b >> Start >> 2020-09-30 15:25:51.275722

z72pawfsv7b >> Image Returned >> 2020-09-30 15:25:51.280251

z72pawfsv7b >> End >> 2020-09-30 15:25:51.441858

efy3y4uu705 >> Start >> 2020-09-30 15:28:54.173254

efy3y4uu705 >> Image Returned >> 2020-09-30 15:28:54.176867

efy3y4uu705 >> End >> 2020-09-30 15:28:54.352247

zrgrnm7ofzy >> Start >> 2020-09-30 15:29:00.822227

zrgrnm7ofzy >> Image Returned >> 2020-09-30 15:29:00.822514

zrgrnm7ofzy >> End >> 2020-09-30 15:29:00.982275

rqdaz3zac7x >> Start >> 2020-09-30 15:29:01.728698

rqdaz3zac7x >> Image Returned >> 2020-09-30 15:29:01.729017

rqdaz3zac7x >> End >> 2020-09-30 15:29:01.896255

nw7x4dkt3wu >> Start >> 2020-09-30 15:30:46.312903

nw7x4dkt3wu >> Image Returned >> 2020-09-30 15:30:46.317091

nw7x4dkt3wu >> End >> 2020-09-30 15:30:46.484921

o40tckng5gm >> Start >> 2020-09-30 15:35:18.725486

o40tckng5gm >> Image Returned >> 2020-09-30 15:35:18.730012

o40tckng5gm >> End >> 2020-09-30 15:35:18.893093

e636qh7esd5 >> Start >> 2020-09-30 15:39:13.551803

e636qh7esd5 >> Image Returned >> 2020-09-30 15:39:13.555612

e636qh7esd5 >> End >> 2020-09-30 15:39:13.730894

zz62ueur5a0 >> Start >> 2020-09-30 15:40:17.923016

zz62ueur5a0 >> Image Returned >> 2020-09-30 15:40:17.928797

zz62ueur5a0 >> End >> 2020-09-30 15:40:18.116235

3sh4oh3m6x8 >> Start >> 2020-09-30 15:41:33.870578

3sh4oh3m6x8 >> Image Returned >> 2020-09-30 15:41:33.874708

3sh4oh3m6x8 >> End >> 2020-09-30 15:41:34.041419

kip4enacu37 >> Start >> 2020-09-30 15:48:00.454304

kip4enacu37 >> Image Returned >> 2020-09-30 15:48:00.457931

kip4enacu37 >> End >> 2020-09-30 15:48:00.672674

nhscj4s7rkv >> Start >> 2020-09-30 15:54:09.880536

nhscj4s7rkv >> Image Returned >> 2020-09-30 15:54:09.884744

nhscj4s7rkv >> End >> 2020-09-30 15:54:10.009145

7hdogd5ceh4 >> Start >> 2020-09-30 15:55:41.175405

7hdogd5ceh4 >> Image Returned >> 2020-09-30 15:55:41.178967

7hdogd5ceh4 >> End >> 2020-09-30 15:55:41.383526

gs7qdha8yb6 >> Start >> 2020-09-30 16:00:03.761328

gs7qdha8yb6 >> Image Returned >> 2020-09-30 16:00:03.765090

gs7qdha8yb6 >> End >> 2020-09-30 16:00:03.931078

k2gv2x20vzy >> Start >> 2020-09-30 16:01:13.410128

k2gv2x20vzy >> Image Returned >> 2020-09-30 16:01:13.413747

k2gv2x20vzy >> End >> 2020-09-30 16:01:13.577214

4efzc3jrhcp >> Start >> 2020-09-30 16:03:48.080413

4efzc3jrhcp >> Image Returned >> 2020-09-30 16:03:48.084686

4efzc3jrhcp >> End >> 2020-09-30 16:03:48.240681

knjhtryrtnq >> Start >> 2020-09-30 16:07:24.745795

knjhtryrtnq >> Image Returned >> 2020-09-30 16:07:24.750279

knjhtryrtnq >> End >> 2020-09-30 16:07:24.910845

tpg7ckda0k0 >> Start >> 2020-09-30 16:10:00.220841

tpg7ckda0k0 >> Image Returned >> 2020-09-30 16:10:00.224816

tpg7ckda0k0 >> End >> 2020-09-30 16:10:00.380558

dcjotwn5a5k >> Start >> 2020-09-30 16:12:41.788953

dcjotwn5a5k >> Image Returned >> 2020-09-30 16:12:41.792885

dcjotwn5a5k >> End >> 2020-09-30 16:12:41.970673

sc84wg3xnww >> Start >> 2020-09-30 16:17:03.357747

sc84wg3xnww >> Image Returned >> 2020-09-30 16:17:03.361704

sc84wg3xnww >> End >> 2020-09-30 16:17:03.518017

xymy2pd2vqs >> Start >> 2020-09-30 16:17:31.165123

xymy2pd2vqs >> Image Returned >> 2020-09-30 16:17:31.169076

xymy2pd2vqs >> End >> 2020-09-30 16:17:31.322417

v4v7krkjb5b >> Start >> 2020-09-30 16:19:00.908596

v4v7krkjb5b >> Image Returned >> 2020-09-30 16:19:00.912544

v4v7krkjb5b >> End >> 2020-09-30 16:19:01.041995

be3wajnveh4 >> Start >> 2020-09-30 16:19:58.261740

be3wajnveh4 >> Image Returned >> 2020-09-30 16:19:58.265404

be3wajnveh4 >> End >> 2020-09-30 16:19:58.426523

cc0iknfni8k >> Start >> 2020-09-30 16:21:22.634442

cc0iknfni8k >> Image Returned >> 2020-09-30 16:21:22.639508

cc0iknfni8k >> End >> 2020-09-30 16:21:22.797218

tv4cus73sen >> Start >> 2020-09-30 16:22:35.302906

tv4cus73sen >> Image Returned >> 2020-09-30 16:22:35.308192

tv4cus73sen >> End >> 2020-09-30 16:22:35.466144

aib5uo0tcc5 >> Start >> 2020-09-30 16:24:09.573954

aib5uo0tcc5 >> Image Returned >> 2020-09-30 16:24:09.577893

aib5uo0tcc5 >> End >> 2020-09-30 16:24:09.738460

0bi0kmkmh75 >> Start >> 2020-09-30 16:26:58.028175

0bi0kmkmh75 >> Image Returned >> 2020-09-30 16:26:58.032089

0bi0kmkmh75 >> End >> 2020-09-30 16:26:58.196708

nvxw6qjxkwq >> Start >> 2020-09-30 16:30:24.535803

nvxw6qjxkwq >> Image Returned >> 2020-09-30 16:30:24.539891

nvxw6qjxkwq >> End >> 2020-09-30 16:30:24.704349

kns25yebx8m >> Start >> 2020-09-30 16:30:37.142388

kns25yebx8m >> Image Returned >> 2020-09-30 16:30:37.146224

kns25yebx8m >> End >> 2020-09-30 16:30:37.306751

w4aewep2knq >> Start >> 2020-09-30 16:30:59.021688

w4aewep2knq >> Image Returned >> 2020-09-30 16:30:59.025449

w4aewep2knq >> End >> 2020-09-30 16:30:59.184350

yr8efnprohk >> Start >> 2020-09-30 16:33:35.668226

yr8efnprohk >> Image Returned >> 2020-09-30 16:33:35.672152

yr8efnprohk >> End >> 2020-09-30 16:33:35.838692

67bndah2d3a >> Start >> 2020-09-30 16:33:46.651925

67bndah2d3a >> Image Returned >> 2020-09-30 16:33:46.652225

67bndah2d3a >> End >> 2020-09-30 16:33:46.818150

zm2prww7oem >> Start >> 2020-09-30 16:33:47.301057

zm2prww7oem >> Image Returned >> 2020-09-30 16:33:47.301388

zm2prww7oem >> End >> 2020-09-30 16:33:47.463514

3x5ht8mjopn >> Start >> 2020-09-30 16:34:09.144282

3x5ht8mjopn >> Image Returned >> 2020-09-30 16:34:09.147794

3x5ht8mjopn >> End >> 2020-09-30 16:34:09.312591

aeed87hbb6q >> Start >> 2020-09-30 16:38:30.375822

aeed87hbb6q >> Image Returned >> 2020-09-30 16:38:30.379600

aeed87hbb6q >> End >> 2020-09-30 16:38:30.556720

kwhspqgsyzx >> Start >> 2020-09-30 16:42:34.354191

kwhspqgsyzx >> Image Returned >> 2020-09-30 16:42:34.358041

kwhspqgsyzx >> End >> 2020-09-30 16:42:34.520973

r5dwbzaw45m >> Start >> 2020-09-30 16:42:59.236104

r5dwbzaw45m >> Image Returned >> 2020-09-30 16:42:59.239722

r5dwbzaw45m >> End >> 2020-09-30 16:42:59.434094

t0y7y8nujmi >> Start >> 2020-09-30 16:46:54.048685

t0y7y8nujmi >> Image Returned >> 2020-09-30 16:46:54.054260

t0y7y8nujmi >> End >> 2020-09-30 16:46:54.222081

8snapq8hnvd >> Start >> 2020-09-30 16:48:09.155400

8snapq8hnvd >> Image Returned >> 2020-09-30 16:48:09.159435

8snapq8hnvd >> End >> 2020-09-30 16:48:09.323498

fr3fbv25527 >> Start >> 2020-09-30 16:49:18.997404

fr3fbv25527 >> Image Returned >> 2020-09-30 16:49:19.001430

fr3fbv25527 >> End >> 2020-09-30 16:49:19.184410

27c7rhbrp25 >> Start >> 2020-09-30 16:52:38.217237

27c7rhbrp25 >> Image Returned >> 2020-09-30 16:52:38.221151

27c7rhbrp25 >> End >> 2020-09-30 16:52:38.394901

ggw3ruso3c6 >> Start >> 2020-09-30 16:56:24.992896

ggw3ruso3c6 >> Image Returned >> 2020-09-30 16:56:24.997430

ggw3ruso3c6 >> End >> 2020-09-30 16:56:25.158385

piricngfz00 >> Start >> 2020-09-30 17:00:20.924770

piricngfz00 >> Image Returned >> 2020-09-30 17:00:20.928911

piricngfz00 >> End >> 2020-09-30 17:00:21.083451

tuy50go4th4 >> Start >> 2020-09-30 17:00:35.051983

tuy50go4th4 >> Image Returned >> 2020-09-30 17:00:35.055529

tuy50go4th4 >> End >> 2020-09-30 17:00:35.273431

itwxgs0cdas >> Start >> 2020-09-30 17:00:50.052187

itwxgs0cdas >> Image Returned >> 2020-09-30 17:00:50.055839

itwxgs0cdas >> End >> 2020-09-30 17:00:50.275104

whj3deq4yus >> Start >> 2020-09-30 17:00:50.388592

whj3deq4yus >> Image Returned >> 2020-09-30 17:00:50.388932

whj3deq4yus >> End >> 2020-09-30 17:00:50.604166

fyg5et2gqpe >> Start >> 2020-09-30 17:00:52.539555

fyg5et2gqpe >> Image Returned >> 2020-09-30 17:00:52.539839

fyg5et2gqpe >> End >> 2020-09-30 17:00:52.760651

2wtoi0w5dfk >> Start >> 2020-09-30 17:01:14.175287

2wtoi0w5dfk >> Image Returned >> 2020-09-30 17:01:14.180319

2wtoi0w5dfk >> End >> 2020-09-30 17:01:14.404371

ikkxkktgsfz >> Start >> 2020-09-30 17:01:28.415683

ikkxkktgsfz >> Image Returned >> 2020-09-30 17:01:28.419533

ikkxkktgsfz >> End >> 2020-09-30 17:01:28.544049

w4dn4agpkn7 >> Start >> 2020-09-30 17:01:30.080785

w4dn4agpkn7 >> Image Returned >> 2020-09-30 17:01:30.081089

w4dn4agpkn7 >> End >> 2020-09-30 17:01:30.304245

cbmwgrkgx5b >> Start >> 2020-09-30 17:01:33.103977

cbmwgrkgx5b >> Image Returned >> 2020-09-30 17:01:33.104275

cbmwgrkgx5b >> End >> 2020-09-30 17:01:33.265798

yaohcrfg04t >> Start >> 2020-09-30 17:01:35.222687

yaohcrfg04t >> Image Returned >> 2020-09-30 17:01:35.222984

yaohcrfg04t >> End >> 2020-09-30 17:01:35.451930

6yocqmeofem >> Start >> 2020-09-30 17:01:38.699312

6yocqmeofem >> Image Returned >> 2020-09-30 17:01:38.699629

6yocqmeofem >> End >> 2020-09-30 17:01:38.860774

zdjcosauteh >> Start >> 2020-09-30 17:01:53.417001

zdjcosauteh >> Image Returned >> 2020-09-30 17:01:53.420530

zdjcosauteh >> End >> 2020-09-30 17:01:53.584002

ieu0iyjtgcx >> Start >> 2020-09-30 17:01:54.151293

ieu0iyjtgcx >> Image Returned >> 2020-09-30 17:01:54.151597

ieu0iyjtgcx >> End >> 2020-09-30 17:01:54.311060

osrwdk0bnr8 >> Start >> 2020-09-30 17:03:33.137658

osrwdk0bnr8 >> Image Returned >> 2020-09-30 17:03:33.141340

osrwdk0bnr8 >> End >> 2020-09-30 17:03:33.313199

8m845vkpqky >> Start >> 2020-09-30 17:03:34.041831

8m845vkpqky >> Image Returned >> 2020-09-30 17:03:34.042144

8m845vkpqky >> End >> 2020-09-30 17:03:34.207649

a8zhfsi6ayt >> Start >> 2020-09-30 17:03:48.714127

a8zhfsi6ayt >> Image Returned >> 2020-09-30 17:03:48.719548

a8zhfsi6ayt >> End >> 2020-09-30 17:03:48.877515

ncgsbh3o75f >> Start >> 2020-09-30 17:04:25.558784

ncgsbh3o75f >> Image Returned >> 2020-09-30 17:04:25.562760

ncgsbh3o75f >> End >> 2020-09-30 17:04:25.723386

5t40dpqbqp0 >> Start >> 2020-09-30 17:06:16.312661

5t40dpqbqp0 >> Image Returned >> 2020-09-30 17:06:16.316777

5t40dpqbqp0 >> End >> 2020-09-30 17:06:16.444097

srbytimpd3n >> Start >> 2020-09-30 17:09:12.592230

srbytimpd3n >> Image Returned >> 2020-09-30 17:09:12.595904

srbytimpd3n >> End >> 2020-09-30 17:09:12.787695

h22vazb2ztj >> Start >> 2020-09-30 17:09:55.435965

h22vazb2ztj >> Image Returned >> 2020-09-30 17:09:55.439941

h22vazb2ztj >> End >> 2020-09-30 17:09:55.633738

qtv5mi3q7yt >> Start >> 2020-09-30 17:10:43.374844

qtv5mi3q7yt >> Image Returned >> 2020-09-30 17:10:43.378732

qtv5mi3q7yt >> End >> 2020-09-30 17:10:43.613306

gq782sgip7h >> Start >> 2020-09-30 17:12:49.540235

gq782sgip7h >> Image Returned >> 2020-09-30 17:12:49.543982

gq782sgip7h >> End >> 2020-09-30 17:12:49.706912

757vozf338s >> Start >> 2020-09-30 17:12:53.352694

757vozf338s >> Image Returned >> 2020-09-30 17:12:53.353046

757vozf338s >> End >> 2020-09-30 17:12:53.517949

btj34qfyk8n >> Start >> 2020-09-30 17:15:11.078596

btj34qfyk8n >> Image Returned >> 2020-09-30 17:15:11.082221

btj34qfyk8n >> End >> 2020-09-30 17:15:11.257430

j2pd4fzscrd >> Start >> 2020-09-30 17:15:26.527802

j2pd4fzscrd >> Image Returned >> 2020-09-30 17:15:26.531423

j2pd4fzscrd >> End >> 2020-09-30 17:15:26.689197

q2jaxyhuwpu >> Start >> 2020-09-30 17:16:50.886863

q2jaxyhuwpu >> Image Returned >> 2020-09-30 17:16:50.890471

q2jaxyhuwpu >> End >> 2020-09-30 17:16:51.050587

rkq50p2uaqd >> Start >> 2020-09-30 17:19:09.519362

rkq50p2uaqd >> Image Returned >> 2020-09-30 17:19:09.522911

rkq50p2uaqd >> End >> 2020-09-30 17:19:09.682117

n2x7ya78pr0 >> Start >> 2020-09-30 17:20:11.947961

n2x7ya78pr0 >> Image Returned >> 2020-09-30 17:20:11.951576

n2x7ya78pr0 >> End >> 2020-09-30 17:20:12.107408

zqpij5pcmdm >> Start >> 2020-09-30 17:20:18.258531

zqpij5pcmdm >> Image Returned >> 2020-09-30 17:20:18.258825

zqpij5pcmdm >> End >> 2020-09-30 17:20:18.422837

uuf3ytcdc6h >> Start >> 2020-09-30 17:20:32.734852

uuf3ytcdc6h >> Image Returned >> 2020-09-30 17:20:32.738810

uuf3ytcdc6h >> End >> 2020-09-30 17:20:32.907808

c262nu3r2iw >> Start >> 2020-09-30 17:21:33.847806

c262nu3r2iw >> Image Returned >> 2020-09-30 17:21:33.852092

c262nu3r2iw >> End >> 2020-09-30 17:21:34.012584

smcpx7fm8yq >> Start >> 2020-09-30 17:21:37.829333

smcpx7fm8yq >> Image Returned >> 2020-09-30 17:21:37.829655

smcpx7fm8yq >> End >> 2020-09-30 17:21:37.994632

gpxcedk7ibr >> Start >> 2020-09-30 17:24:54.152003

gpxcedk7ibr >> Image Returned >> 2020-09-30 17:24:54.155841

gpxcedk7ibr >> End >> 2020-09-30 17:24:54.313946

x5vgqwvhz8x >> Start >> 2020-09-30 17:26:58.033585

x5vgqwvhz8x >> Image Returned >> 2020-09-30 17:26:58.040020

x5vgqwvhz8x >> End >> 2020-09-30 17:26:58.223427

cm24y6f2sij >> Start >> 2020-09-30 17:26:59.320538

cm24y6f2sij >> Image Returned >> 2020-09-30 17:26:59.320836

cm24y6f2sij >> End >> 2020-09-30 17:26:59.501022

utdzhzjmqt2 >> Start >> 2020-09-30 17:30:09.441612

utdzhzjmqt2 >> Image Returned >> 2020-09-30 17:30:09.445588

utdzhzjmqt2 >> End >> 2020-09-30 17:30:09.613428

7bjgjgjy4bq >> Start >> 2020-09-30 17:31:27.381513

7bjgjgjy4bq >> Image Returned >> 2020-09-30 17:31:27.385658

7bjgjgjy4bq >> End >> 2020-09-30 17:31:27.555018

63iwxy2cty2 >> Start >> 2020-09-30 17:31:57.297632

63iwxy2cty2 >> Image Returned >> 2020-09-30 17:31:57.301172

63iwxy2cty2 >> End >> 2020-09-30 17:31:57.462711

25y6g36h60c >> Start >> 2020-09-30 17:33:24.181193

25y6g36h60c >> Image Returned >> 2020-09-30 17:33:24.187107

25y6g36h60c >> End >> 2020-09-30 17:33:24.357283

t6m7as4fhhr >> Start >> 2020-09-30 17:35:41.955754

t6m7as4fhhr >> Image Returned >> 2020-09-30 17:35:41.960139

t6m7as4fhhr >> End >> 2020-09-30 17:35:42.120343

pfqjdi4uamb >> Start >> 2020-09-30 17:37:57.447695

pfqjdi4uamb >> Image Returned >> 2020-09-30 17:37:57.451721

pfqjdi4uamb >> End >> 2020-09-30 17:37:57.625159

fmv3jkxyhmr >> Start >> 2020-09-30 17:39:09.780555

fmv3jkxyhmr >> Image Returned >> 2020-09-30 17:39:09.784250

fmv3jkxyhmr >> End >> 2020-09-30 17:39:09.948699

xkjnxds3diw >> Start >> 2020-09-30 17:39:25.560787

xkjnxds3diw >> Image Returned >> 2020-09-30 17:39:25.564820

xkjnxds3diw >> End >> 2020-09-30 17:39:25.739978

8oippp26gid >> Start >> 2020-09-30 17:43:14.164643

8oippp26gid >> Image Returned >> 2020-09-30 17:43:14.168381

8oippp26gid >> End >> 2020-09-30 17:43:14.330847

wi6v6cjf2bs >> Start >> 2020-09-30 17:46:30.345422

wi6v6cjf2bs >> Image Returned >> 2020-09-30 17:46:30.349457

wi6v6cjf2bs >> End >> 2020-09-30 17:46:30.515216

taodcdjkt6t >> Start >> 2020-09-30 17:47:23.313215

taodcdjkt6t >> Image Returned >> 2020-09-30 17:47:23.317244

taodcdjkt6t >> End >> 2020-09-30 17:47:23.479294

n6xj0kukchy >> Start >> 2020-09-30 17:51:07.324491

n6xj0kukchy >> Image Returned >> 2020-09-30 17:51:07.329169

n6xj0kukchy >> End >> 2020-09-30 17:51:07.495862

behxsvwdffw >> Start >> 2020-09-30 17:53:39.087045

behxsvwdffw >> Image Returned >> 2020-09-30 17:53:39.091376

behxsvwdffw >> End >> 2020-09-30 17:53:39.253406

rkg7yrbmtwo >> Start >> 2020-09-30 17:56:13.310316

rkg7yrbmtwo >> Image Returned >> 2020-09-30 17:56:13.314068

rkg7yrbmtwo >> End >> 2020-09-30 17:56:13.478575

arzpggefoir >> Start >> 2020-09-30 17:59:52.783323

arzpggefoir >> Image Returned >> 2020-09-30 17:59:52.787380

arzpggefoir >> End >> 2020-09-30 17:59:52.943800

xh8mcas2sju >> Start >> 2020-09-30 18:00:11.749015

xh8mcas2sju >> Image Returned >> 2020-09-30 18:00:11.752540

xh8mcas2sju >> End >> 2020-09-30 18:00:11.966387

yrwmf5obg6j >> Start >> 2020-09-30 18:01:37.452120

yrwmf5obg6j >> Image Returned >> 2020-09-30 18:01:37.457103

yrwmf5obg6j >> End >> 2020-09-30 18:01:37.617245

vdcnzmuhgai >> Start >> 2020-09-30 18:02:39.770100

vdcnzmuhgai >> Image Returned >> 2020-09-30 18:02:39.775262

vdcnzmuhgai >> End >> 2020-09-30 18:02:39.978128

4srjzyhzrv7 >> Start >> 2020-09-30 18:03:03.885186

4srjzyhzrv7 >> Image Returned >> 2020-09-30 18:03:03.889327

4srjzyhzrv7 >> End >> 2020-09-30 18:03:04.054025

5hj3m74tvff >> Start >> 2020-09-30 18:07:21.784456

5hj3m74tvff >> Image Returned >> 2020-09-30 18:07:21.788619

5hj3m74tvff >> End >> 2020-09-30 18:07:21.948821

gzoupj52kxp >> Start >> 2020-09-30 18:12:39.848975

gzoupj52kxp >> Image Returned >> 2020-09-30 18:12:39.852524

gzoupj52kxp >> End >> 2020-09-30 18:12:40.012368

d035iczbouj >> Start >> 2020-09-30 18:16:50.749672

d035iczbouj >> Image Returned >> 2020-09-30 18:16:50.753144

d035iczbouj >> End >> 2020-09-30 18:16:50.913713

jkazwkxafhe >> Start >> 2020-09-30 18:17:20.461080

jkazwkxafhe >> Image Returned >> 2020-09-30 18:17:20.466291

jkazwkxafhe >> End >> 2020-09-30 18:17:20.637140

7ewe5nkyorp >> Start >> 2020-09-30 18:18:52.929697

7ewe5nkyorp >> Image Returned >> 2020-09-30 18:18:52.933712

7ewe5nkyorp >> End >> 2020-09-30 18:18:53.103169

23gkgjiivts >> Start >> 2020-09-30 18:18:53.105786

23gkgjiivts >> Image Returned >> 2020-09-30 18:18:53.109194

23gkgjiivts >> End >> 2020-09-30 18:18:53.272269

dbsznewvkzq >> Start >> 2020-09-30 18:20:25.215471

dbsznewvkzq >> Image Returned >> 2020-09-30 18:20:25.219604

dbsznewvkzq >> End >> 2020-09-30 18:20:25.386002

waimubirt8s >> Start >> 2020-09-30 18:21:12.699362

waimubirt8s >> Image Returned >> 2020-09-30 18:21:12.702852

waimubirt8s >> End >> 2020-09-30 18:21:12.878315

vgq2nvp4shv >> Start >> 2020-09-30 18:26:44.354047

vgq2nvp4shv >> Image Returned >> 2020-09-30 18:26:44.358187

vgq2nvp4shv >> End >> 2020-09-30 18:26:44.533776

zhoynjnz2k8 >> Start >> 2020-09-30 18:26:49.494046

zhoynjnz2k8 >> Image Returned >> 2020-09-30 18:26:49.494343

zhoynjnz2k8 >> End >> 2020-09-30 18:26:49.650268

6typd0svo4c >> Start >> 2020-09-30 18:27:27.889484

6typd0svo4c >> Image Returned >> 2020-09-30 18:27:27.893486

6typd0svo4c >> End >> 2020-09-30 18:27:28.057321

kzos0s0y7di >> Start >> 2020-09-30 18:27:32.369579

kzos0s0y7di >> Image Returned >> 2020-09-30 18:27:32.369939

kzos0s0y7di >> End >> 2020-09-30 18:27:32.525389

qwmkvxmwa7z >> Start >> 2020-09-30 18:27:39.498651

qwmkvxmwa7z >> Image Returned >> 2020-09-30 18:27:39.499036

qwmkvxmwa7z >> End >> 2020-09-30 18:27:39.663096

48ty5buviov >> Start >> 2020-09-30 18:33:20.639518

48ty5buviov >> Image Returned >> 2020-09-30 18:33:20.643194

48ty5buviov >> End >> 2020-09-30 18:33:20.768418

bqi4iwzc2jq >> Start >> 2020-09-30 18:35:26.695363

bqi4iwzc2jq >> Image Returned >> 2020-09-30 18:35:26.699256

bqi4iwzc2jq >> End >> 2020-09-30 18:35:26.860534

mn2fp452w20 >> Start >> 2020-09-30 18:35:52.799681

mn2fp452w20 >> Image Returned >> 2020-09-30 18:35:52.803289

mn2fp452w20 >> End >> 2020-09-30 18:35:52.963641

snph6mprz00 >> Start >> 2020-09-30 18:39:28.310600

snph6mprz00 >> Image Returned >> 2020-09-30 18:39:28.314745

snph6mprz00 >> End >> 2020-09-30 18:39:28.494720

bvb7nfytoxx >> Start >> 2020-09-30 18:39:28.752230

bvb7nfytoxx >> Image Returned >> 2020-09-30 18:39:28.752522

bvb7nfytoxx >> End >> 2020-09-30 18:39:28.919833

shk5nt3y0g2 >> Start >> 2020-09-30 18:42:51.151154

shk5nt3y0g2 >> Image Returned >> 2020-09-30 18:42:51.155073

shk5nt3y0g2 >> End >> 2020-09-30 18:42:51.325628

8p4pfmyj20v >> Start >> 2020-09-30 18:46:36.451517

8p4pfmyj20v >> Image Returned >> 2020-09-30 18:46:36.455354

8p4pfmyj20v >> End >> 2020-09-30 18:46:36.621279

646zf0jupqd >> Start >> 2020-09-30 18:46:39.537761

646zf0jupqd >> Image Returned >> 2020-09-30 18:46:39.538072

646zf0jupqd >> End >> 2020-09-30 18:46:39.724037

prkr27yityz >> Start >> 2020-09-30 18:47:00.580720

prkr27yityz >> Image Returned >> 2020-09-30 18:47:00.584222

prkr27yityz >> End >> 2020-09-30 18:47:00.753050

pnd6oj3yrgf >> Start >> 2020-09-30 18:47:09.070023

pnd6oj3yrgf >> Image Returned >> 2020-09-30 18:47:09.070367

pnd6oj3yrgf >> End >> 2020-09-30 18:47:09.240031

x86xjd4sv8v >> Start >> 2020-09-30 18:47:31.006438

x86xjd4sv8v >> Image Returned >> 2020-09-30 18:47:31.010066

x86xjd4sv8v >> End >> 2020-09-30 18:47:31.173449

c4h6k53zvuv >> Start >> 2020-09-30 18:48:04.065038

c4h6k53zvuv >> Image Returned >> 2020-09-30 18:48:04.068547

c4h6k53zvuv >> End >> 2020-09-30 18:48:04.240575

k54jmjgntoq >> Start >> 2020-09-30 18:50:24.450990

k54jmjgntoq >> Image Returned >> 2020-09-30 18:50:24.457643

k54jmjgntoq >> End >> 2020-09-30 18:50:24.645922

75cp5uc30oh >> Start >> 2020-09-30 18:50:38.515769

75cp5uc30oh >> Image Returned >> 2020-09-30 18:50:38.519340

75cp5uc30oh >> End >> 2020-09-30 18:50:38.693597

c6w5sfptmee >> Start >> 2020-09-30 19:01:21.162272

c6w5sfptmee >> Image Returned >> 2020-09-30 19:01:21.165841

c6w5sfptmee >> End >> 2020-09-30 19:01:21.328701

vbqd25qmq0u >> Start >> 2020-09-30 19:02:52.405144

vbqd25qmq0u >> Image Returned >> 2020-09-30 19:02:52.409434

vbqd25qmq0u >> End >> 2020-09-30 19:02:52.609747

f2v08xeovyz >> Start >> 2020-09-30 19:04:53.116950

f2v08xeovyz >> Image Returned >> 2020-09-30 19:04:53.120475

f2v08xeovyz >> End >> 2020-09-30 19:04:53.284116

0c7ki248qx5 >> Start >> 2020-09-30 19:10:53.168360

0c7ki248qx5 >> Image Returned >> 2020-09-30 19:10:53.172529

0c7ki248qx5 >> End >> 2020-09-30 19:10:53.336563

sfimspyqyiq >> Start >> 2020-09-30 19:12:40.762007

sfimspyqyiq >> Image Returned >> 2020-09-30 19:12:40.766151

sfimspyqyiq >> End >> 2020-09-30 19:12:40.924808

x0t8g64vzsk >> Start >> 2020-09-30 19:13:35.096513

x0t8g64vzsk >> Image Returned >> 2020-09-30 19:13:35.100666

x0t8g64vzsk >> End >> 2020-09-30 19:13:35.263305

bx2mpod7e6h >> Start >> 2020-09-30 19:15:10.171905

bx2mpod7e6h >> Image Returned >> 2020-09-30 19:15:10.175468

bx2mpod7e6h >> End >> 2020-09-30 19:15:10.336067

oqb0rrqoivx >> Start >> 2020-09-30 19:16:31.048825

oqb0rrqoivx >> Image Returned >> 2020-09-30 19:16:31.052699

oqb0rrqoivx >> End >> 2020-09-30 19:16:31.222636

vfa7rukfxhq >> Start >> 2020-09-30 19:16:54.783761

vfa7rukfxhq >> Image Returned >> 2020-09-30 19:16:54.787276

vfa7rukfxhq >> End >> 2020-09-30 19:16:54.946804

hrk3js3ziky >> Start >> 2020-09-30 19:18:45.611778

hrk3js3ziky >> Image Returned >> 2020-09-30 19:18:45.615761

hrk3js3ziky >> End >> 2020-09-30 19:18:45.780867

qbhoj2g87su >> Start >> 2020-09-30 19:21:17.565447

qbhoj2g87su >> Image Returned >> 2020-09-30 19:21:17.569478

qbhoj2g87su >> End >> 2020-09-30 19:21:17.734369

csnpffbkdxz >> Start >> 2020-09-30 19:25:53.360620

csnpffbkdxz >> Image Returned >> 2020-09-30 19:25:53.365190

csnpffbkdxz >> End >> 2020-09-30 19:25:53.529973

du585500rqh >> Start >> 2020-09-30 19:29:42.419733

du585500rqh >> Image Returned >> 2020-09-30 19:29:42.423564

du585500rqh >> End >> 2020-09-30 19:29:42.586184

kreeuv74dtg >> Start >> 2020-09-30 19:30:13.756320

kreeuv74dtg >> Image Returned >> 2020-09-30 19:30:13.759946

kreeuv74dtg >> End >> 2020-09-30 19:30:13.930438

ugpje3oxhqj >> Start >> 2020-09-30 19:34:58.907033

ugpje3oxhqj >> Image Returned >> 2020-09-30 19:34:58.911058

ugpje3oxhqj >> End >> 2020-09-30 19:34:59.074454

fr00zvpq4wf >> Start >> 2020-09-30 19:35:11.535605

fr00zvpq4wf >> Image Returned >> 2020-09-30 19:35:11.539083

fr00zvpq4wf >> End >> 2020-09-30 19:35:11.700989

ptfyzdozf5u >> Start >> 2020-09-30 19:36:21.533195

ptfyzdozf5u >> Image Returned >> 2020-09-30 19:36:21.536947

ptfyzdozf5u >> End >> 2020-09-30 19:36:21.708337

2snw56ybcqk >> Start >> 2020-09-30 19:39:27.001203

2snw56ybcqk >> Image Returned >> 2020-09-30 19:39:27.005353

2snw56ybcqk >> End >> 2020-09-30 19:39:27.171552

3wqe0yfgkb4 >> Start >> 2020-09-30 19:44:24.518379

3wqe0yfgkb4 >> Image Returned >> 2020-09-30 19:44:24.522778

3wqe0yfgkb4 >> End >> 2020-09-30 19:44:24.692768

xgzougtbfm8 >> Start >> 2020-09-30 19:46:55.302403

xgzougtbfm8 >> Image Returned >> 2020-09-30 19:46:55.305975

xgzougtbfm8 >> End >> 2020-09-30 19:46:55.476943

q4pu032bamr >> Start >> 2020-09-30 19:49:24.672713

q4pu032bamr >> Image Returned >> 2020-09-30 19:49:24.677423

q4pu032bamr >> End >> 2020-09-30 19:49:24.849113

rrbyctjtn25 >> Start >> 2020-09-30 19:54:08.035034

rrbyctjtn25 >> Image Returned >> 2020-09-30 19:54:08.038779

rrbyctjtn25 >> End >> 2020-09-30 19:54:08.203380

o4cvexnox2z >> Start >> 2020-09-30 19:56:19.797743

o4cvexnox2z >> Image Returned >> 2020-09-30 19:56:19.802047

o4cvexnox2z >> End >> 2020-09-30 19:56:19.999602

xtz3io8qpsb >> Start >> 2020-09-30 19:56:39.879009

xtz3io8qpsb >> Image Returned >> 2020-09-30 19:56:39.883073

xtz3io8qpsb >> End >> 2020-09-30 19:56:40.042108

cv4brwuar45 >> Start >> 2020-09-30 19:57:37.833195

cv4brwuar45 >> Image Returned >> 2020-09-30 19:57:37.836788

cv4brwuar45 >> End >> 2020-09-30 19:57:38.005825

jbzumi3zyon >> Start >> 2020-09-30 19:57:46.149749

jbzumi3zyon >> Image Returned >> 2020-09-30 19:57:46.150070

jbzumi3zyon >> End >> 2020-09-30 19:57:46.312407

bbzdbadtwmm >> Start >> 2020-09-30 20:00:00.721591

bbzdbadtwmm >> Image Returned >> 2020-09-30 20:00:00.725918

bbzdbadtwmm >> End >> 2020-09-30 20:00:00.905347

fc6vq46www4 >> Start >> 2020-09-30 20:00:36.505489

fc6vq46www4 >> Image Returned >> 2020-09-30 20:00:36.509737

fc6vq46www4 >> End >> 2020-09-30 20:00:36.666382

xrcergezndz >> Start >> 2020-09-30 20:02:50.297599

xrcergezndz >> Image Returned >> 2020-09-30 20:02:50.301583

xrcergezndz >> End >> 2020-09-30 20:02:50.469624

ci6kvqquve4 >> Start >> 2020-09-30 20:05:46.348627

ci6kvqquve4 >> Image Returned >> 2020-09-30 20:05:46.352619

ci6kvqquve4 >> End >> 2020-09-30 20:05:46.508620

ov8cusg8utg >> Start >> 2020-09-30 20:07:16.060626

ov8cusg8utg >> Image Returned >> 2020-09-30 20:07:16.064630

ov8cusg8utg >> End >> 2020-09-30 20:07:16.227760

07pcquwsm3i >> Start >> 2020-09-30 20:07:16.371970

07pcquwsm3i >> Image Returned >> 2020-09-30 20:07:16.372260

07pcquwsm3i >> End >> 2020-09-30 20:07:16.531598

672w2pwqcnd >> Start >> 2020-09-30 20:07:18.751960

672w2pwqcnd >> Image Returned >> 2020-09-30 20:07:18.752243

672w2pwqcnd >> End >> 2020-09-30 20:07:18.915864

mdw0od2hvsr >> Start >> 2020-09-30 20:07:23.363652

mdw0od2hvsr >> Image Returned >> 2020-09-30 20:07:23.363960

mdw0od2hvsr >> End >> 2020-09-30 20:07:23.526758

kd2n054ae5p >> Start >> 2020-09-30 20:09:29.436682

kd2n054ae5p >> Image Returned >> 2020-09-30 20:09:29.440697

kd2n054ae5p >> End >> 2020-09-30 20:09:29.599669

7zen8qymj7t >> Start >> 2020-09-30 20:20:00.429583

7zen8qymj7t >> Image Returned >> 2020-09-30 20:20:00.433176

7zen8qymj7t >> End >> 2020-09-30 20:20:00.600198

oa0n6zx7h35 >> Start >> 2020-09-30 20:22:03.892678

oa0n6zx7h35 >> Image Returned >> 2020-09-30 20:22:03.896755

oa0n6zx7h35 >> End >> 2020-09-30 20:22:04.055156

ojzo6wd44tr >> Start >> 2020-09-30 20:22:26.498342

ojzo6wd44tr >> Image Returned >> 2020-09-30 20:22:26.502465

ojzo6wd44tr >> End >> 2020-09-30 20:22:26.660636

6grqv58zmrk >> Start >> 2020-09-30 20:27:53.397417

6grqv58zmrk >> Image Returned >> 2020-09-30 20:27:53.402102

6grqv58zmrk >> End >> 2020-09-30 20:27:53.572243

v7to3qhiwuw >> Start >> 2020-09-30 20:28:29.946602

v7to3qhiwuw >> Image Returned >> 2020-09-30 20:28:29.950978

v7to3qhiwuw >> End >> 2020-09-30 20:28:30.116600

q8ugvarf75m >> Start >> 2020-09-30 20:30:12.023346

q8ugvarf75m >> Image Returned >> 2020-09-30 20:30:12.027122

q8ugvarf75m >> End >> 2020-09-30 20:30:12.185903

3uqwktz0hgn >> Start >> 2020-09-30 20:32:19.228449

3uqwktz0hgn >> Image Returned >> 2020-09-30 20:32:19.232167

3uqwktz0hgn >> End >> 2020-09-30 20:32:19.400358

0two0pyoig0 >> Start >> 2020-09-30 20:33:11.440049

0two0pyoig0 >> Image Returned >> 2020-09-30 20:33:11.443739

0two0pyoig0 >> End >> 2020-09-30 20:33:11.609566

n7zsu3wq77y >> Start >> 2020-09-30 20:34:11.602289

n7zsu3wq77y >> Image Returned >> 2020-09-30 20:34:11.607698

n7zsu3wq77y >> End >> 2020-09-30 20:34:11.769634

4eyiaozmf7x >> Start >> 2020-09-30 20:36:40.643040

4eyiaozmf7x >> Image Returned >> 2020-09-30 20:36:40.648092

4eyiaozmf7x >> End >> 2020-09-30 20:36:40.814640

3ch0th0om3c >> Start >> 2020-09-30 20:37:22.917391

3ch0th0om3c >> Image Returned >> 2020-09-30 20:37:22.921366

3ch0th0om3c >> End >> 2020-09-30 20:37:23.076754

a2drr0bxe7k >> Start >> 2020-09-30 20:42:07.217590

a2drr0bxe7k >> Image Returned >> 2020-09-30 20:42:07.221765

a2drr0bxe7k >> End >> 2020-09-30 20:42:07.387227

sv2hda6gfuw >> Start >> 2020-09-30 20:42:23.761085

sv2hda6gfuw >> Image Returned >> 2020-09-30 20:42:23.764714

sv2hda6gfuw >> End >> 2020-09-30 20:42:23.926073

fokbxxz2uyg >> Start >> 2020-09-30 20:46:57.797816

fokbxxz2uyg >> Image Returned >> 2020-09-30 20:46:57.801563

fokbxxz2uyg >> End >> 2020-09-30 20:46:57.971581

8n2gi0eagpe >> Start >> 2020-09-30 20:48:01.333976

8n2gi0eagpe >> Image Returned >> 2020-09-30 20:48:01.338160

8n2gi0eagpe >> End >> 2020-09-30 20:48:01.495069

yv0mjyxqdas >> Start >> 2020-09-30 20:48:24.102828

yv0mjyxqdas >> Image Returned >> 2020-09-30 20:48:24.106592

yv0mjyxqdas >> End >> 2020-09-30 20:48:24.278778

4eo6mizpih2 >> Start >> 2020-09-30 20:49:04.796246

4eo6mizpih2 >> Image Returned >> 2020-09-30 20:49:04.800033

4eo6mizpih2 >> End >> 2020-09-30 20:49:04.988785

kt276wbx04j >> Start >> 2020-09-30 20:49:15.905806

kt276wbx04j >> Image Returned >> 2020-09-30 20:49:15.909375

kt276wbx04j >> End >> 2020-09-30 20:49:16.073304

hgjbrptchec >> Start >> 2020-09-30 20:49:34.787305

hgjbrptchec >> Image Returned >> 2020-09-30 20:49:34.791636

hgjbrptchec >> End >> 2020-09-30 20:49:34.919066

k72pz7c8xig >> Start >> 2020-09-30 20:49:54.974169

k72pz7c8xig >> Image Returned >> 2020-09-30 20:49:54.977822

k72pz7c8xig >> End >> 2020-09-30 20:49:55.148030

d7pzxv63ffu >> Start >> 2020-09-30 20:50:38.631716

d7pzxv63ffu >> Image Returned >> 2020-09-30 20:50:38.636056

d7pzxv63ffu >> End >> 2020-09-30 20:50:38.801321

sh6szkofojo >> Start >> 2020-09-30 20:57:13.445298

sh6szkofojo >> Image Returned >> 2020-09-30 20:57:13.451379

sh6szkofojo >> End >> 2020-09-30 20:57:13.618197

8r7hyytasfk >> Start >> 2020-09-30 20:57:58.262160

8r7hyytasfk >> Image Returned >> 2020-09-30 20:57:58.267054

8r7hyytasfk >> End >> 2020-09-30 20:57:58.429467

kizzimck4r8 >> Start >> 2020-09-30 20:57:59.041224

kizzimck4r8 >> Image Returned >> 2020-09-30 20:57:59.041506

kizzimck4r8 >> End >> 2020-09-30 20:57:59.213851

ct8ohmo4zrf >> Start >> 2020-09-30 20:59:39.894556

ct8ohmo4zrf >> Image Returned >> 2020-09-30 20:59:39.899035

ct8ohmo4zrf >> End >> 2020-09-30 20:59:40.072606

q3u86pey5ni >> Start >> 2020-09-30 21:04:59.196221

q3u86pey5ni >> Image Returned >> 2020-09-30 21:04:59.199807

q3u86pey5ni >> End >> 2020-09-30 21:04:59.364502

3oj2dxxq23c >> Start >> 2020-09-30 21:05:08.643177

3oj2dxxq23c >> Image Returned >> 2020-09-30 21:05:08.643553

3oj2dxxq23c >> End >> 2020-09-30 21:05:08.818644

zxjwbp0wn6q >> Start >> 2020-09-30 21:07:02.119278

zxjwbp0wn6q >> Image Returned >> 2020-09-30 21:07:02.123419

zxjwbp0wn6q >> End >> 2020-09-30 21:07:02.283976

h57tsap8byr >> Start >> 2020-09-30 21:08:13.183967

h57tsap8byr >> Image Returned >> 2020-09-30 21:08:13.189332

h57tsap8byr >> End >> 2020-09-30 21:08:13.379522

5gqi3ya6d35 >> Start >> 2020-09-30 21:10:03.191025

5gqi3ya6d35 >> Image Returned >> 2020-09-30 21:10:03.194787

5gqi3ya6d35 >> End >> 2020-09-30 21:10:03.360749

taagmrpxcua >> Start >> 2020-09-30 21:12:18.355351

taagmrpxcua >> Image Returned >> 2020-09-30 21:12:18.359216

taagmrpxcua >> End >> 2020-09-30 21:12:18.523452

3rczvycnxu6 >> Start >> 2020-09-30 21:14:52.628711

3rczvycnxu6 >> Image Returned >> 2020-09-30 21:14:52.635586

3rczvycnxu6 >> End >> 2020-09-30 21:14:52.802670

pcdrs2z6nxo >> Start >> 2020-09-30 21:15:16.162213

pcdrs2z6nxo >> Image Returned >> 2020-09-30 21:15:16.166325

pcdrs2z6nxo >> End >> 2020-09-30 21:15:16.332432

wr8jdmd7yqf >> Start >> 2020-09-30 21:18:12.104408

wr8jdmd7yqf >> Image Returned >> 2020-09-30 21:18:12.109472

wr8jdmd7yqf >> End >> 2020-09-30 21:18:12.271190

3ej880wk6fo >> Start >> 2020-09-30 21:19:17.807625

3ej880wk6fo >> Image Returned >> 2020-09-30 21:19:17.811568

3ej880wk6fo >> End >> 2020-09-30 21:19:17.975534

5ompsqoyu8h >> Start >> 2020-09-30 21:24:32.982566

5ompsqoyu8h >> Image Returned >> 2020-09-30 21:24:32.986649

5ompsqoyu8h >> End >> 2020-09-30 21:24:33.162411

zyh4mrfrghi >> Start >> 2020-09-30 21:24:46.792962

zyh4mrfrghi >> Image Returned >> 2020-09-30 21:24:46.796734

zyh4mrfrghi >> End >> 2020-09-30 21:24:46.955147

2c052bw7w48 >> Start >> 2020-09-30 21:30:56.691706

2c052bw7w48 >> Image Returned >> 2020-09-30 21:30:56.695525

2c052bw7w48 >> End >> 2020-09-30 21:30:56.873019

zo2pthpbgkg >> Start >> 2020-09-30 21:32:06.395247

zo2pthpbgkg >> Image Returned >> 2020-09-30 21:32:06.399404

zo2pthpbgkg >> End >> 2020-09-30 21:32:06.572582

qge2xd54fpi >> Start >> 2020-09-30 21:34:25.227025

qge2xd54fpi >> Image Returned >> 2020-09-30 21:34:25.230711

qge2xd54fpi >> End >> 2020-09-30 21:34:25.398842

y3s82i020am >> Start >> 2020-09-30 21:35:18.214286

y3s82i020am >> Image Returned >> 2020-09-30 21:35:18.217843

y3s82i020am >> End >> 2020-09-30 21:35:18.396112

3we3zrr5vvm >> Start >> 2020-09-30 21:35:28.335520

3we3zrr5vvm >> Image Returned >> 2020-09-30 21:35:28.335921

3we3zrr5vvm >> End >> 2020-09-30 21:35:28.512576

z7fwj0k8nmo >> Start >> 2020-09-30 21:35:33.746609

z7fwj0k8nmo >> Image Returned >> 2020-09-30 21:35:33.746936

z7fwj0k8nmo >> End >> 2020-09-30 21:35:33.914403

36jzay0ejue >> Start >> 2020-09-30 21:38:43.841299

36jzay0ejue >> Image Returned >> 2020-09-30 21:38:43.847079

36jzay0ejue >> End >> 2020-09-30 21:38:44.018682

wzbfxkcyjw0 >> Start >> 2020-09-30 21:38:54.544207

wzbfxkcyjw0 >> Image Returned >> 2020-09-30 21:38:54.547843

wzbfxkcyjw0 >> End >> 2020-09-30 21:38:54.727957

hia57yotd03 >> Start >> 2020-09-30 21:38:54.729062

hia57yotd03 >> Image Returned >> 2020-09-30 21:38:54.729298

hia57yotd03 >> End >> 2020-09-30 21:38:54.855952

sn5xi5fephi >> Start >> 2020-09-30 21:46:25.897988

sn5xi5fephi >> Image Returned >> 2020-09-30 21:46:25.901679

sn5xi5fephi >> End >> 2020-09-30 21:46:26.074042

3m8da3x2yrk >> Start >> 2020-09-30 21:48:42.326577

3m8da3x2yrk >> Image Returned >> 2020-09-30 21:48:42.330655

3m8da3x2yrk >> End >> 2020-09-30 21:48:42.569854

kr45insci3b >> Start >> 2020-09-30 21:52:22.541260

kr45insci3b >> Image Returned >> 2020-09-30 21:52:22.545079

kr45insci3b >> End >> 2020-09-30 21:52:23.013086

sxjfynsqsog >> Start >> 2020-09-30 21:52:29.437460

sxjfynsqsog >> Image Returned >> 2020-09-30 21:52:29.437987

sxjfynsqsog >> End >> 2020-09-30 21:52:29.596667

nnymzxzchzp >> Start >> 2020-09-30 21:56:31.092437

nnymzxzchzp >> Image Returned >> 2020-09-30 21:56:31.096240

nnymzxzchzp >> End >> 2020-09-30 21:56:31.269244

ing7bcmca68 >> Start >> 2020-09-30 22:00:46.946218

ing7bcmca68 >> Image Returned >> 2020-09-30 22:00:46.950587

ing7bcmca68 >> End >> 2020-09-30 22:00:47.111337

ykjfv67kciz >> Start >> 2020-09-30 22:00:54.481945

ykjfv67kciz >> Image Returned >> 2020-09-30 22:00:54.482234

ykjfv67kciz >> End >> 2020-09-30 22:00:54.638921

5ruytnebn4c >> Start >> 2020-09-30 22:08:03.379264

5ruytnebn4c >> Image Returned >> 2020-09-30 22:08:03.383680

5ruytnebn4c >> End >> 2020-09-30 22:08:03.554447

n63zckfh7hp >> Start >> 2020-09-30 22:19:14.877759

n63zckfh7hp >> Image Returned >> 2020-09-30 22:19:14.881505

n63zckfh7hp >> End >> 2020-09-30 22:19:15.050533

ovh77bqf6gg >> Start >> 2020-09-30 22:20:22.416969

ovh77bqf6gg >> Image Returned >> 2020-09-30 22:20:22.420597

ovh77bqf6gg >> End >> 2020-09-30 22:20:22.588892

8dvw86mpd7g >> Start >> 2020-09-30 22:32:22.819200

8dvw86mpd7g >> Image Returned >> 2020-09-30 22:32:22.822932

8dvw86mpd7g >> End >> 2020-09-30 22:32:22.988363

dk2jc8563fx >> Start >> 2020-09-30 22:45:14.552299

dk2jc8563fx >> Image Returned >> 2020-09-30 22:45:14.557281

dk2jc8563fx >> End >> 2020-09-30 22:45:14.719597

0rjmbh5g3iu >> Start >> 2020-09-30 22:45:32.631159

0rjmbh5g3iu >> Image Returned >> 2020-09-30 22:45:32.635760

0rjmbh5g3iu >> End >> 2020-09-30 22:45:32.803174

ufs83iz6mq0 >> Start >> 2020-09-30 22:46:30.450736

ufs83iz6mq0 >> Image Returned >> 2020-09-30 22:46:30.455264

ufs83iz6mq0 >> End >> 2020-09-30 22:46:30.654475

2jngckq3xd7 >> Start >> 2020-09-30 22:46:59.659997

2jngckq3xd7 >> Image Returned >> 2020-09-30 22:46:59.663585

2jngckq3xd7 >> End >> 2020-09-30 22:46:59.835016

eeeiknaveyb >> Start >> 2020-09-30 22:48:39.702940

eeeiknaveyb >> Image Returned >> 2020-09-30 22:48:39.707257

eeeiknaveyb >> End >> 2020-09-30 22:48:39.871450

spm0b0jkxgm >> Start >> 2020-09-30 22:49:53.161247

spm0b0jkxgm >> Image Returned >> 2020-09-30 22:49:53.164895

spm0b0jkxgm >> End >> 2020-09-30 22:49:53.329545

znccrg0c8pf >> Start >> 2020-09-30 22:51:41.076786

znccrg0c8pf >> Image Returned >> 2020-09-30 22:51:41.082070

znccrg0c8pf >> End >> 2020-09-30 22:51:41.256534

r2k2rvyfvvf >> Start >> 2020-09-30 22:52:01.215858

r2k2rvyfvvf >> Image Returned >> 2020-09-30 22:52:01.219530

r2k2rvyfvvf >> End >> 2020-09-30 22:52:01.381634

0hpiv5besui >> Start >> 2020-09-30 22:52:12.323184

0hpiv5besui >> Image Returned >> 2020-09-30 22:52:12.323472

0hpiv5besui >> End >> 2020-09-30 22:52:12.487757

jbx7pzpoiqv >> Start >> 2020-09-30 22:53:13.649640

jbx7pzpoiqv >> Image Returned >> 2020-09-30 22:53:13.653367

jbx7pzpoiqv >> End >> 2020-09-30 22:53:13.818752

trdbsrxvnn0 >> Start >> 2020-09-30 22:53:14.050503

trdbsrxvnn0 >> Image Returned >> 2020-09-30 22:53:14.050820

trdbsrxvnn0 >> End >> 2020-09-30 22:53:14.211988

5575xnjatjy >> Start >> 2020-09-30 22:54:57.701365

5575xnjatjy >> Image Returned >> 2020-09-30 22:54:57.705404

5575xnjatjy >> End >> 2020-09-30 22:54:57.868041

ut0majgpomb >> Start >> 2020-09-30 22:57:44.951651

ut0majgpomb >> Image Returned >> 2020-09-30 22:57:44.956053

ut0majgpomb >> End >> 2020-09-30 22:57:45.113648

djp4u8nan3m >> Start >> 2020-09-30 22:57:46.328417

djp4u8nan3m >> Image Returned >> 2020-09-30 22:57:46.328711

djp4u8nan3m >> End >> 2020-09-30 22:57:46.491736

nwc3tyrqg6x >> Start >> 2020-09-30 22:58:01.917813

nwc3tyrqg6x >> Image Returned >> 2020-09-30 22:58:01.921508

nwc3tyrqg6x >> End >> 2020-09-30 22:58:02.082048

qjqounwdjri >> Start >> 2020-09-30 23:03:10.564614

qjqounwdjri >> Image Returned >> 2020-09-30 23:03:10.568401

qjqounwdjri >> End >> 2020-09-30 23:03:10.776689

aa5u0voagbe >> Start >> 2020-09-30 23:03:18.799360

aa5u0voagbe >> Image Returned >> 2020-09-30 23:03:18.799666

aa5u0voagbe >> End >> 2020-09-30 23:03:18.984487

fzgdvqayit7 >> Start >> 2020-09-30 23:03:19.940622

fzgdvqayit7 >> Image Returned >> 2020-09-30 23:03:19.940988

fzgdvqayit7 >> End >> 2020-09-30 23:03:20.113503

jco2n6tmiej >> Start >> 2020-09-30 23:05:39.977338

jco2n6tmiej >> Image Returned >> 2020-09-30 23:05:39.981143

jco2n6tmiej >> End >> 2020-09-30 23:05:40.136647

8w3zfvqj4yz >> Start >> 2020-09-30 23:07:02.033009

8w3zfvqj4yz >> Image Returned >> 2020-09-30 23:07:02.037647

8w3zfvqj4yz >> End >> 2020-09-30 23:07:02.205229

ynryjsv44wt >> Start >> 2020-09-30 23:16:42.540405

ynryjsv44wt >> Image Returned >> 2020-09-30 23:16:42.544058

ynryjsv44wt >> End >> 2020-09-30 23:16:42.701062

5hkkhxr5qy0 >> Start >> 2020-09-30 23:17:39.719559

5hkkhxr5qy0 >> Image Returned >> 2020-09-30 23:17:39.723906

5hkkhxr5qy0 >> End >> 2020-09-30 23:17:39.878570

nomjs0efggp >> Start >> 2020-09-30 23:28:59.966054

nomjs0efggp >> Image Returned >> 2020-09-30 23:28:59.970015

nomjs0efggp >> End >> 2020-09-30 23:29:00.127230

ow7w3we0ur8 >> Start >> 2020-09-30 23:29:50.364718

ow7w3we0ur8 >> Image Returned >> 2020-09-30 23:29:50.369216

ow7w3we0ur8 >> End >> 2020-09-30 23:29:50.528532

vxiv682xt7m >> Start >> 2020-09-30 23:49:37.414530

vxiv682xt7m >> Image Returned >> 2020-09-30 23:49:37.418952

vxiv682xt7m >> End >> 2020-09-30 23:49:37.585849

vmvinqyr4j4 >> Start >> 2020-09-30 23:53:32.873713

vmvinqyr4j4 >> Image Returned >> 2020-09-30 23:53:32.878021

vmvinqyr4j4 >> End >> 2020-09-30 23:53:33.034588

