rta25bshy5k >> Start >> 2020-07-22 00:18:23.989053

rta25bshy5k >> Image Returned >> 2020-07-22 00:18:23.992418

rta25bshy5k >> End >> 2020-07-22 00:18:24.151410

qgnkwgcb4by >> Start >> 2020-07-22 02:12:09.830250

qgnkwgcb4by >> Image Returned >> 2020-07-22 02:12:09.834098

qgnkwgcb4by >> End >> 2020-07-22 02:12:09.974898

dvbk75qovgk >> Start >> 2020-07-22 03:46:02.264059

dvbk75qovgk >> Image Returned >> 2020-07-22 03:46:02.267935

dvbk75qovgk >> End >> 2020-07-22 03:46:02.415680

gzvw5e20mf4 >> Start >> 2020-07-22 03:52:21.293807

gzvw5e20mf4 >> Image Returned >> 2020-07-22 03:52:21.298525

gzvw5e20mf4 >> End >> 2020-07-22 03:52:21.442313

disqjmr7tmg >> Start >> 2020-07-22 05:40:04.922269

disqjmr7tmg >> Image Returned >> 2020-07-22 05:40:04.926337

disqjmr7tmg >> End >> 2020-07-22 05:40:05.064855

8oojzrgid6j >> Start >> 2020-07-22 05:41:01.553994

8oojzrgid6j >> Image Returned >> 2020-07-22 05:41:01.557687

8oojzrgid6j >> End >> 2020-07-22 05:41:01.696906

tdg7fogfpry >> Start >> 2020-07-22 05:58:47.276295

tdg7fogfpry >> Image Returned >> 2020-07-22 05:58:47.280703

tdg7fogfpry >> End >> 2020-07-22 05:58:47.415376

d26fxggmiju >> Start >> 2020-07-22 06:12:41.807179

d26fxggmiju >> Image Returned >> 2020-07-22 06:12:41.810544

d26fxggmiju >> End >> 2020-07-22 06:12:41.944464

g4uw0ytaxin >> Start >> 2020-07-22 06:37:34.220725

g4uw0ytaxin >> Image Returned >> 2020-07-22 06:37:34.225006

g4uw0ytaxin >> End >> 2020-07-22 06:37:34.361913

omysefiwd45 >> Start >> 2020-07-22 07:28:35.700021

omysefiwd45 >> Image Returned >> 2020-07-22 07:28:35.705202

omysefiwd45 >> End >> 2020-07-22 07:28:35.842792

aaetw4m4t02 >> Start >> 2020-07-22 07:51:27.965101

aaetw4m4t02 >> Image Returned >> 2020-07-22 07:51:27.969460

aaetw4m4t02 >> End >> 2020-07-22 07:51:28.110970

ec5i3t3fhsv >> Start >> 2020-07-22 08:22:05.679018

ec5i3t3fhsv >> Image Returned >> 2020-07-22 08:22:05.683633

ec5i3t3fhsv >> End >> 2020-07-22 08:22:05.822413

qndkixn7fmm >> Start >> 2020-07-22 08:41:22.072623

qndkixn7fmm >> Image Returned >> 2020-07-22 08:41:22.076795

qndkixn7fmm >> End >> 2020-07-22 08:41:22.213116

yi8svid45hr >> Start >> 2020-07-22 08:53:48.140193

yi8svid45hr >> Image Returned >> 2020-07-22 08:53:48.144170

yi8svid45hr >> End >> 2020-07-22 08:53:48.278114

ek4ycnbcdzc >> Start >> 2020-07-22 09:04:35.218420

ek4ycnbcdzc >> Image Returned >> 2020-07-22 09:04:35.222759

ek4ycnbcdzc >> End >> 2020-07-22 09:04:35.364039

u5bqdhtgt7a >> Start >> 2020-07-22 09:10:50.813627

u5bqdhtgt7a >> Image Returned >> 2020-07-22 09:10:50.817487

u5bqdhtgt7a >> End >> 2020-07-22 09:10:50.958935

xzythfk72sx >> Start >> 2020-07-22 09:38:56.727288

xzythfk72sx >> Image Returned >> 2020-07-22 09:38:56.731012

xzythfk72sx >> End >> 2020-07-22 09:38:56.877253

0tnzsxpb5so >> Start >> 2020-07-22 09:39:06.715604

0tnzsxpb5so >> Image Returned >> 2020-07-22 09:39:06.715936

0tnzsxpb5so >> End >> 2020-07-22 09:39:06.861715

b2od2kx4tih >> Start >> 2020-07-22 09:47:45.014677

b2od2kx4tih >> Image Returned >> 2020-07-22 09:47:45.019598

b2od2kx4tih >> End >> 2020-07-22 09:47:45.159377

r3njqrpufjd >> Start >> 2020-07-22 09:52:24.678836

r3njqrpufjd >> Image Returned >> 2020-07-22 09:52:24.683190

r3njqrpufjd >> End >> 2020-07-22 09:52:24.833069

jdvzvg4wu2d >> Start >> 2020-07-22 09:59:19.337660

jdvzvg4wu2d >> Image Returned >> 2020-07-22 09:59:19.345032

jdvzvg4wu2d >> End >> 2020-07-22 09:59:19.490250

fyfzwp4hff3 >> Start >> 2020-07-22 09:59:22.241767

fyfzwp4hff3 >> Image Returned >> 2020-07-22 09:59:22.242083

fyfzwp4hff3 >> End >> 2020-07-22 09:59:22.380306

zc7rymy3x5y >> Start >> 2020-07-22 10:00:00.205600

zc7rymy3x5y >> Image Returned >> 2020-07-22 10:00:00.209230

zc7rymy3x5y >> End >> 2020-07-22 10:00:00.353862

6z34uxpsyhy >> Start >> 2020-07-22 10:00:35.880547

6z34uxpsyhy >> Image Returned >> 2020-07-22 10:00:35.885338

6z34uxpsyhy >> End >> 2020-07-22 10:00:36.023072

jnvpin0x3ht >> Start >> 2020-07-22 10:11:04.584347

jnvpin0x3ht >> Image Returned >> 2020-07-22 10:11:04.589731

jnvpin0x3ht >> End >> 2020-07-22 10:11:04.728003

qcuimw0pdgk >> Start >> 2020-07-22 10:26:36.721694

qcuimw0pdgk >> Image Returned >> 2020-07-22 10:26:36.726958

qcuimw0pdgk >> End >> 2020-07-22 10:26:36.875030

k07fy3omcda >> Start >> 2020-07-22 11:03:57.831588

k07fy3omcda >> Image Returned >> 2020-07-22 11:03:57.835566

k07fy3omcda >> End >> 2020-07-22 11:03:57.974714

rnqx83682od >> Start >> 2020-07-22 11:14:13.753689

rnqx83682od >> Image Returned >> 2020-07-22 11:14:13.758363

rnqx83682od >> End >> 2020-07-22 11:14:13.897994

86h30dub4nv >> Start >> 2020-07-22 11:32:12.084104

86h30dub4nv >> Image Returned >> 2020-07-22 11:32:12.088520

86h30dub4nv >> End >> 2020-07-22 11:32:12.228514

6ogquaayuzz >> Start >> 2020-07-22 11:36:10.824709

6ogquaayuzz >> Image Returned >> 2020-07-22 11:36:10.830275

6ogquaayuzz >> End >> 2020-07-22 11:36:10.968355

vhiegt7coh2 >> Start >> 2020-07-22 11:48:50.125020

vhiegt7coh2 >> Image Returned >> 2020-07-22 11:48:50.129693

vhiegt7coh2 >> End >> 2020-07-22 11:48:50.279414

uzbh8abe8be >> Start >> 2020-07-22 11:49:18.154859

uzbh8abe8be >> Image Returned >> 2020-07-22 11:49:18.159097

uzbh8abe8be >> End >> 2020-07-22 11:49:18.294889

dkbrjjyhr7s >> Start >> 2020-07-22 11:49:32.298526

dkbrjjyhr7s >> Image Returned >> 2020-07-22 11:49:32.302090

dkbrjjyhr7s >> End >> 2020-07-22 11:49:32.439959

wniwh8m8fdd >> Start >> 2020-07-22 11:53:10.169363

wniwh8m8fdd >> Image Returned >> 2020-07-22 11:53:10.173964

wniwh8m8fdd >> End >> 2020-07-22 11:53:10.349765

7mzka6q2opq >> Start >> 2020-07-22 11:54:34.285296

7mzka6q2opq >> Image Returned >> 2020-07-22 11:54:34.289222

7mzka6q2opq >> End >> 2020-07-22 11:54:34.425359

iiimjt7jwb5 >> Start >> 2020-07-22 12:03:01.203587

iiimjt7jwb5 >> Image Returned >> 2020-07-22 12:03:01.209606

iiimjt7jwb5 >> End >> 2020-07-22 12:03:01.348808

inicetub0dq >> Start >> 2020-07-22 12:04:22.427776

inicetub0dq >> Image Returned >> 2020-07-22 12:04:22.432461

inicetub0dq >> End >> 2020-07-22 12:04:22.575508

7pvuv2x6npf >> Start >> 2020-07-22 12:09:39.620487

7pvuv2x6npf >> Image Returned >> 2020-07-22 12:09:39.624469

7pvuv2x6npf >> End >> 2020-07-22 12:09:39.765106

v2fqntevzf8 >> Start >> 2020-07-22 12:14:01.660155

v2fqntevzf8 >> Image Returned >> 2020-07-22 12:14:01.664258

v2fqntevzf8 >> End >> 2020-07-22 12:14:01.806798

rquhn4ma0oa >> Start >> 2020-07-22 12:17:01.342909

rquhn4ma0oa >> Image Returned >> 2020-07-22 12:17:01.347433

rquhn4ma0oa >> End >> 2020-07-22 12:17:01.492338

oddhiy8a0gg >> Start >> 2020-07-22 12:23:00.801717

oddhiy8a0gg >> Image Returned >> 2020-07-22 12:23:00.806520

oddhiy8a0gg >> End >> 2020-07-22 12:23:00.951339

yk0kyb4mq8o >> Start >> 2020-07-22 12:23:03.423296

yk0kyb4mq8o >> Image Returned >> 2020-07-22 12:23:03.423698

yk0kyb4mq8o >> End >> 2020-07-22 12:23:03.567076

ckpcrpf52o8 >> Start >> 2020-07-22 12:54:58.025929

ckpcrpf52o8 >> Image Returned >> 2020-07-22 12:54:58.029479

ckpcrpf52o8 >> End >> 2020-07-22 12:54:58.169636

ncon6se65ta >> Start >> 2020-07-22 13:17:35.927891

ncon6se65ta >> Image Returned >> 2020-07-22 13:17:35.932349

ncon6se65ta >> End >> 2020-07-22 13:17:36.077641

zp3cju3gsz7 >> Start >> 2020-07-22 13:18:15.546786

zp3cju3gsz7 >> Image Returned >> 2020-07-22 13:18:15.551351

zp3cju3gsz7 >> End >> 2020-07-22 13:18:15.687834

fvk2am802y8 >> Start >> 2020-07-22 13:21:50.943263

fvk2am802y8 >> Image Returned >> 2020-07-22 13:21:50.946902

fvk2am802y8 >> End >> 2020-07-22 13:21:51.099603

6brmrmbat36 >> Start >> 2020-07-22 13:23:33.701683

6brmrmbat36 >> Image Returned >> 2020-07-22 13:23:33.706427

6brmrmbat36 >> End >> 2020-07-22 13:23:33.850644

2s202cjqbve >> Start >> 2020-07-22 13:25:25.667619

2s202cjqbve >> Image Returned >> 2020-07-22 13:25:25.671993

2s202cjqbve >> End >> 2020-07-22 13:25:25.813838

xobqvyrwfjc >> Start >> 2020-07-22 13:28:55.295558

xobqvyrwfjc >> Image Returned >> 2020-07-22 13:28:55.299833

vkgaiwu5g3n >> Start >> 2020-07-22 13:28:55.300194

vkgaiwu5g3n >> Image Returned >> 2020-07-22 13:28:55.303037

xobqvyrwfjc >> End >> 2020-07-22 13:28:55.491168

vkgaiwu5g3n >> End >> 2020-07-22 13:28:55.513231

xsio8dk4dhx >> Start >> 2020-07-22 13:40:53.496109

xsio8dk4dhx >> Image Returned >> 2020-07-22 13:40:53.500356

xsio8dk4dhx >> End >> 2020-07-22 13:40:53.641859

puze5z3g5rz >> Start >> 2020-07-22 14:16:05.587502

puze5z3g5rz >> Image Returned >> 2020-07-22 14:16:05.591259

puze5z3g5rz >> End >> 2020-07-22 14:16:05.725264

fgw0t2us04n >> Start >> 2020-07-22 14:18:14.091013

fgw0t2us04n >> Image Returned >> 2020-07-22 14:18:14.094580

fgw0t2us04n >> End >> 2020-07-22 14:18:14.277331

i0q7i3uthj2 >> Start >> 2020-07-22 14:23:57.312139

i0q7i3uthj2 >> Image Returned >> 2020-07-22 14:23:57.316802

i0q7i3uthj2 >> End >> 2020-07-22 14:23:57.460561

ywh5hs4vmp3 >> Start >> 2020-07-22 14:38:24.748837

ywh5hs4vmp3 >> Image Returned >> 2020-07-22 14:38:24.753364

ywh5hs4vmp3 >> End >> 2020-07-22 14:38:24.898808

6y7jtbcyvwo >> Start >> 2020-07-22 15:12:55.824415

6y7jtbcyvwo >> Image Returned >> 2020-07-22 15:12:55.828064

6y7jtbcyvwo >> End >> 2020-07-22 15:12:55.969146

5j6rbry2o26 >> Start >> 2020-07-22 15:14:52.722414

5j6rbry2o26 >> Image Returned >> 2020-07-22 15:14:52.726025

5j6rbry2o26 >> End >> 2020-07-22 15:14:52.871967

v0s5nkfj2v8 >> Start >> 2020-07-22 15:22:34.768430

v0s5nkfj2v8 >> Image Returned >> 2020-07-22 15:22:34.774637

v0s5nkfj2v8 >> End >> 2020-07-22 15:22:34.913273

fdj7kvz0ixi >> Start >> 2020-07-22 15:37:59.493082

fdj7kvz0ixi >> Image Returned >> 2020-07-22 15:37:59.497009

fdj7kvz0ixi >> End >> 2020-07-22 15:37:59.635483

36rxmptdjns >> Start >> 2020-07-22 16:01:46.507628

36rxmptdjns >> Image Returned >> 2020-07-22 16:01:46.511373

36rxmptdjns >> End >> 2020-07-22 16:01:46.637360

xunahrnsrx7 >> Start >> 2020-07-22 16:01:46.881356

xunahrnsrx7 >> Image Returned >> 2020-07-22 16:01:46.881658

xunahrnsrx7 >> End >> 2020-07-22 16:01:47.020164

hou3b4kcq54 >> Start >> 2020-07-22 16:01:52.903934

hou3b4kcq54 >> Image Returned >> 2020-07-22 16:01:52.904232

hou3b4kcq54 >> End >> 2020-07-22 16:01:53.045047

0frdemxw2cj >> Start >> 2020-07-22 16:05:59.868197

0frdemxw2cj >> Image Returned >> 2020-07-22 16:05:59.871999

0frdemxw2cj >> End >> 2020-07-22 16:06:00.017801

f8wd5juc3mt >> Start >> 2020-07-22 16:08:38.078115

f8wd5juc3mt >> Image Returned >> 2020-07-22 16:08:38.081738

f8wd5juc3mt >> End >> 2020-07-22 16:08:38.221096

gneeys62w5e >> Start >> 2020-07-22 16:17:42.115128

gneeys62w5e >> Image Returned >> 2020-07-22 16:17:42.118825

gneeys62w5e >> End >> 2020-07-22 16:17:42.276174

abawncrobsu >> Start >> 2020-07-22 16:22:05.735709

abawncrobsu >> Image Returned >> 2020-07-22 16:22:05.739979

abawncrobsu >> End >> 2020-07-22 16:22:05.876944

56yt8gd8vcw >> Start >> 2020-07-22 16:23:49.651751

56yt8gd8vcw >> Image Returned >> 2020-07-22 16:23:49.655374

56yt8gd8vcw >> End >> 2020-07-22 16:23:49.797768

qxbqwt20n45 >> Start >> 2020-07-22 16:34:27.510536

qxbqwt20n45 >> Image Returned >> 2020-07-22 16:34:27.515311

qxbqwt20n45 >> End >> 2020-07-22 16:34:27.647466

hs0bn55awgq >> Start >> 2020-07-22 16:36:52.149995

hs0bn55awgq >> Image Returned >> 2020-07-22 16:36:52.153656

hs0bn55awgq >> End >> 2020-07-22 16:36:52.288230

ny45xerbu4y >> Start >> 2020-07-22 16:37:19.932630

ny45xerbu4y >> Image Returned >> 2020-07-22 16:37:19.937001

ny45xerbu4y >> End >> 2020-07-22 16:37:20.086327

6kiwzb0wede >> Start >> 2020-07-22 16:38:08.519211

6kiwzb0wede >> Image Returned >> 2020-07-22 16:38:08.522855

6kiwzb0wede >> End >> 2020-07-22 16:38:08.663331

cd3x5i0tb3v >> Start >> 2020-07-22 16:41:00.241504

cd3x5i0tb3v >> Image Returned >> 2020-07-22 16:41:00.246169

cd3x5i0tb3v >> End >> 2020-07-22 16:41:00.385606

f6xqmtawaaj >> Start >> 2020-07-22 17:03:12.694608

f6xqmtawaaj >> Image Returned >> 2020-07-22 17:03:12.699492

f6xqmtawaaj >> End >> 2020-07-22 17:03:12.849054

idi2iq5xqpt >> Start >> 2020-07-22 17:16:21.180624

idi2iq5xqpt >> Image Returned >> 2020-07-22 17:16:21.185219

idi2iq5xqpt >> End >> 2020-07-22 17:16:21.328211

zfakxghupna >> Start >> 2020-07-22 17:25:22.641859

zfakxghupna >> Image Returned >> 2020-07-22 17:25:22.647397

zfakxghupna >> End >> 2020-07-22 17:25:22.797357

h6dnh86avud >> Start >> 2020-07-22 17:40:40.414726

h6dnh86avud >> Image Returned >> 2020-07-22 17:40:40.419281

h6dnh86avud >> End >> 2020-07-22 17:40:40.557713

ckz3n7pb5c0 >> Start >> 2020-07-22 17:45:12.287329

ckz3n7pb5c0 >> Image Returned >> 2020-07-22 17:45:12.292361

ckz3n7pb5c0 >> End >> 2020-07-22 17:45:12.435173

t46jn6psn23 >> Start >> 2020-07-22 17:50:07.063549

t46jn6psn23 >> Image Returned >> 2020-07-22 17:50:07.067985

t46jn6psn23 >> End >> 2020-07-22 17:50:07.241367

e8qwrdwhpfp >> Start >> 2020-07-22 17:53:40.698304

e8qwrdwhpfp >> Image Returned >> 2020-07-22 17:53:40.704464

e8qwrdwhpfp >> End >> 2020-07-22 17:53:40.838795

62ehvpo050e >> Start >> 2020-07-22 17:54:00.313153

62ehvpo050e >> Image Returned >> 2020-07-22 17:54:00.316788

62ehvpo050e >> End >> 2020-07-22 17:54:00.453385

xiv4zrh2kqn >> Start >> 2020-07-22 18:26:44.992285

xiv4zrh2kqn >> Image Returned >> 2020-07-22 18:26:44.997602

xiv4zrh2kqn >> End >> 2020-07-22 18:26:45.141704

8ecctavv6km >> Start >> 2020-07-22 18:27:16.442513

8ecctavv6km >> Image Returned >> 2020-07-22 18:27:16.446377

8ecctavv6km >> End >> 2020-07-22 18:27:16.589411

4yv8cy4w4xc >> Start >> 2020-07-22 18:40:50.152221

4yv8cy4w4xc >> Image Returned >> 2020-07-22 18:40:50.156944

4yv8cy4w4xc >> End >> 2020-07-22 18:40:50.291975

krqmrq6uaei >> Start >> 2020-07-22 18:51:52.805459

krqmrq6uaei >> Image Returned >> 2020-07-22 18:51:52.809784

krqmrq6uaei >> End >> 2020-07-22 18:51:52.958512

0rex7xm703k >> Start >> 2020-07-22 18:54:38.010399

0rex7xm703k >> Image Returned >> 2020-07-22 18:54:38.016658

0rex7xm703k >> End >> 2020-07-22 18:54:38.161221

yorkfmptrkr >> Start >> 2020-07-22 18:54:50.712502

yorkfmptrkr >> Image Returned >> 2020-07-22 18:54:50.715677

yorkfmptrkr >> End >> 2020-07-22 18:54:50.888655

54wxj5yvb57 >> Start >> 2020-07-22 18:58:19.478286

54wxj5yvb57 >> Image Returned >> 2020-07-22 18:58:19.482785

54wxj5yvb57 >> End >> 2020-07-22 18:58:19.623502

uh6tp7nujvn >> Start >> 2020-07-22 18:58:57.027401

uh6tp7nujvn >> Image Returned >> 2020-07-22 18:58:57.031311

uh6tp7nujvn >> End >> 2020-07-22 18:58:57.173135

xn3yt6ouvbg >> Start >> 2020-07-22 19:26:45.831943

xn3yt6ouvbg >> Image Returned >> 2020-07-22 19:26:45.836719

xn3yt6ouvbg >> End >> 2020-07-22 19:26:45.978173

5s3od3upovx >> Start >> 2020-07-22 19:30:54.659461

5s3od3upovx >> Image Returned >> 2020-07-22 19:30:54.663661

5s3od3upovx >> End >> 2020-07-22 19:30:54.809341

nu7wku5uj6s >> Start >> 2020-07-22 19:43:51.118824

nu7wku5uj6s >> Image Returned >> 2020-07-22 19:43:51.125289

nu7wku5uj6s >> End >> 2020-07-22 19:43:51.282680

nqegoxq3axo >> Start >> 2020-07-22 19:58:25.985569

nqegoxq3axo >> Image Returned >> 2020-07-22 19:58:25.990253

nqegoxq3axo >> End >> 2020-07-22 19:58:26.135112

0362kmp2dty >> Start >> 2020-07-22 20:05:07.869823

0362kmp2dty >> Image Returned >> 2020-07-22 20:05:07.874310

0362kmp2dty >> End >> 2020-07-22 20:05:08.048656

uxsz0dh3rrg >> Start >> 2020-07-22 20:09:39.483314

uxsz0dh3rrg >> Image Returned >> 2020-07-22 20:09:39.487271

uxsz0dh3rrg >> End >> 2020-07-22 20:09:39.626987

hedo6baj2ur >> Start >> 2020-07-22 20:13:25.684612

hedo6baj2ur >> Image Returned >> 2020-07-22 20:13:25.688711

hedo6baj2ur >> End >> 2020-07-22 20:13:25.826210

ro4x6xj6uqd >> Start >> 2020-07-22 20:24:08.402478

ro4x6xj6uqd >> Image Returned >> 2020-07-22 20:24:08.405790

ro4x6xj6uqd >> End >> 2020-07-22 20:24:08.558727

kat4txom4dc >> Start >> 2020-07-22 20:49:50.932744

kat4txom4dc >> Image Returned >> 2020-07-22 20:49:50.937717

kat4txom4dc >> End >> 2020-07-22 20:49:51.079962

4bb0d5xpptx >> Start >> 2020-07-22 21:01:16.220257

4bb0d5xpptx >> Image Returned >> 2020-07-22 21:01:16.223748

4bb0d5xpptx >> End >> 2020-07-22 21:01:16.365706

cvz5rhdeppj >> Start >> 2020-07-22 21:26:42.585382

cvz5rhdeppj >> Image Returned >> 2020-07-22 21:26:42.588036

cvz5rhdeppj >> End >> 2020-07-22 21:26:42.723320

txojbwc40d4 >> Start >> 2020-07-22 21:33:08.968596

txojbwc40d4 >> Image Returned >> 2020-07-22 21:33:08.970963

txojbwc40d4 >> End >> 2020-07-22 21:33:09.111054

o6y44wkgssf >> Start >> 2020-07-22 21:33:57.878869

o6y44wkgssf >> Image Returned >> 2020-07-22 21:33:57.881233

o6y44wkgssf >> End >> 2020-07-22 21:33:58.020975

pebaxcend6j >> Start >> 2020-07-22 21:59:29.280172

pebaxcend6j >> Image Returned >> 2020-07-22 21:59:29.282619

pebaxcend6j >> End >> 2020-07-22 21:59:29.422842

papnuskyiom >> Start >> 2020-07-22 22:00:38.333695

papnuskyiom >> Image Returned >> 2020-07-22 22:00:38.336322

papnuskyiom >> End >> 2020-07-22 22:00:38.479352

0zgtbc3rbde >> Start >> 2020-07-22 22:00:39.572724

0zgtbc3rbde >> Image Returned >> 2020-07-22 22:00:39.573061

0zgtbc3rbde >> End >> 2020-07-22 22:00:39.708187

u05acjc7w00 >> Start >> 2020-07-22 22:01:43.295331

u05acjc7w00 >> Image Returned >> 2020-07-22 22:01:43.297709

u05acjc7w00 >> End >> 2020-07-22 22:01:43.433593

t76sftekam3 >> Start >> 2020-07-22 22:15:49.749386

t76sftekam3 >> Image Returned >> 2020-07-22 22:15:49.752105

t76sftekam3 >> End >> 2020-07-22 22:15:49.890891

rc0yeanc3m7 >> Start >> 2020-07-22 22:18:09.450885

rc0yeanc3m7 >> Image Returned >> 2020-07-22 22:18:09.453860

rc0yeanc3m7 >> End >> 2020-07-22 22:18:09.590337

uo5hdux5hpz >> Start >> 2020-07-22 22:22:10.502831

uo5hdux5hpz >> Image Returned >> 2020-07-22 22:22:10.505354

uo5hdux5hpz >> End >> 2020-07-22 22:22:10.646061

d7r8ppp3ybw >> Start >> 2020-07-22 22:24:28.730094

d7r8ppp3ybw >> Image Returned >> 2020-07-22 22:24:28.732629

d7r8ppp3ybw >> End >> 2020-07-22 22:24:28.884076

vzeofv0nwac >> Start >> 2020-07-22 22:42:31.656780

vzeofv0nwac >> Image Returned >> 2020-07-22 22:42:31.659414

vzeofv0nwac >> End >> 2020-07-22 22:42:31.797022

c6d8vxahxfg >> Start >> 2020-07-22 22:46:44.250682

c6d8vxahxfg >> Image Returned >> 2020-07-22 22:46:44.253209

c6d8vxahxfg >> End >> 2020-07-22 22:46:44.394465

