nzvgkzgfm48 >> Start >> 2020-08-10 00:46:26.403744

nzvgkzgfm48 >> Image Returned >> 2020-08-10 00:46:26.407145

nzvgkzgfm48 >> End >> 2020-08-10 00:46:26.551208

8av5nfj6jr0 >> Start >> 2020-08-10 01:07:11.226797

8av5nfj6jr0 >> Image Returned >> 2020-08-10 01:07:11.229723

8av5nfj6jr0 >> End >> 2020-08-10 01:07:11.373086

3g6heqewciq >> Start >> 2020-08-10 01:08:49.409826

3g6heqewciq >> Image Returned >> 2020-08-10 01:08:49.412839

3g6heqewciq >> End >> 2020-08-10 01:08:49.553491

5co0bsydb4b >> Start >> 2020-08-10 01:14:17.289377

5co0bsydb4b >> Image Returned >> 2020-08-10 01:14:17.292527

5co0bsydb4b >> End >> 2020-08-10 01:14:17.431493

xrn8hunp4jr >> Start >> 2020-08-10 01:14:32.105726

xrn8hunp4jr >> Image Returned >> 2020-08-10 01:14:32.108582

xrn8hunp4jr >> End >> 2020-08-10 01:14:32.250758

7wjt4io2eho >> Start >> 2020-08-10 01:14:38.536282

7wjt4io2eho >> Image Returned >> 2020-08-10 01:14:38.536602

7wjt4io2eho >> End >> 2020-08-10 01:14:38.674664

hizxve2if34 >> Start >> 2020-08-10 01:40:50.711313

hizxve2if34 >> Image Returned >> 2020-08-10 01:40:50.715162

hizxve2if34 >> End >> 2020-08-10 01:40:50.858656

5aeoq4ud648 >> Start >> 2020-08-10 01:57:24.115909

5aeoq4ud648 >> Image Returned >> 2020-08-10 01:57:24.119064

5aeoq4ud648 >> End >> 2020-08-10 01:57:24.255222

qw26tfdwkgx >> Start >> 2020-08-10 01:58:26.498799

qw26tfdwkgx >> Image Returned >> 2020-08-10 01:58:26.501658

qw26tfdwkgx >> End >> 2020-08-10 01:58:26.641657

s7iievn3fhj >> Start >> 2020-08-10 02:20:42.096887

s7iievn3fhj >> Image Returned >> 2020-08-10 02:20:42.099786

s7iievn3fhj >> End >> 2020-08-10 02:20:42.247522

zny5uiarc4a >> Start >> 2020-08-10 02:33:26.690033

zny5uiarc4a >> Image Returned >> 2020-08-10 02:33:26.692938

zny5uiarc4a >> End >> 2020-08-10 02:33:26.830614

wdo0fr4dn0h >> Start >> 2020-08-10 02:33:38.924365

wdo0fr4dn0h >> Image Returned >> 2020-08-10 02:33:38.927210

wdo0fr4dn0h >> End >> 2020-08-10 02:33:39.069845

tagxp7zvskf >> Start >> 2020-08-10 02:37:08.238996

tagxp7zvskf >> Image Returned >> 2020-08-10 02:37:08.241947

tagxp7zvskf >> End >> 2020-08-10 02:37:08.387398

czeennpzmah >> Start >> 2020-08-10 02:37:24.212426

czeennpzmah >> Image Returned >> 2020-08-10 02:37:24.215419

czeennpzmah >> End >> 2020-08-10 02:37:24.355421

a46v825r7ib >> Start >> 2020-08-10 02:39:41.454994

a46v825r7ib >> Image Returned >> 2020-08-10 02:39:41.458509

a46v825r7ib >> End >> 2020-08-10 02:39:41.594743

gdgamj50dsd >> Start >> 2020-08-10 03:55:50.507577

gdgamj50dsd >> Image Returned >> 2020-08-10 03:55:50.510704

gdgamj50dsd >> End >> 2020-08-10 03:55:50.651983

0tsema0bipo >> Start >> 2020-08-10 05:04:09.378684

0tsema0bipo >> Image Returned >> 2020-08-10 05:04:09.383054

0tsema0bipo >> End >> 2020-08-10 05:04:09.525657

papi2oy6wyz >> Start >> 2020-08-10 06:34:37.746295

papi2oy6wyz >> Image Returned >> 2020-08-10 06:34:37.749407

papi2oy6wyz >> End >> 2020-08-10 06:34:37.892622

8dchm4j3c7p >> Start >> 2020-08-10 06:49:36.488579

8dchm4j3c7p >> Image Returned >> 2020-08-10 06:49:36.493146

8dchm4j3c7p >> End >> 2020-08-10 06:49:36.638386

rihvozq3iam >> Start >> 2020-08-10 07:33:07.640806

rihvozq3iam >> Image Returned >> 2020-08-10 07:33:07.645570

rihvozq3iam >> End >> 2020-08-10 07:33:07.786669

orxrynztnyn >> Start >> 2020-08-10 07:48:27.400594

orxrynztnyn >> Image Returned >> 2020-08-10 07:48:27.404628

orxrynztnyn >> End >> 2020-08-10 07:48:27.547239

e23os02wnxw >> Start >> 2020-08-10 07:58:29.253142

e23os02wnxw >> Image Returned >> 2020-08-10 07:58:29.256741

e23os02wnxw >> End >> 2020-08-10 07:58:29.394767

xe8hn0ui486 >> Start >> 2020-08-10 07:59:48.913712

xe8hn0ui486 >> Image Returned >> 2020-08-10 07:59:48.917340

xe8hn0ui486 >> End >> 2020-08-10 07:59:49.063471

vk4op8kb4zu >> Start >> 2020-08-10 08:00:31.486845

vk4op8kb4zu >> Image Returned >> 2020-08-10 08:00:31.490015

vk4op8kb4zu >> End >> 2020-08-10 08:00:31.631042

agxdg8mgaxx >> Start >> 2020-08-10 08:10:01.994972

agxdg8mgaxx >> Image Returned >> 2020-08-10 08:10:01.998224

agxdg8mgaxx >> End >> 2020-08-10 08:10:02.143944

nii3f2bti28 >> Start >> 2020-08-10 08:50:16.614401

nii3f2bti28 >> Image Returned >> 2020-08-10 08:50:16.617579

nii3f2bti28 >> End >> 2020-08-10 08:50:16.759582

urj5mjttuoq >> Start >> 2020-08-10 09:13:43.576862

urj5mjttuoq >> Image Returned >> 2020-08-10 09:13:43.581506

urj5mjttuoq >> End >> 2020-08-10 09:13:43.735084

kjxshenr42r >> Start >> 2020-08-10 09:16:49.858686

kjxshenr42r >> Image Returned >> 2020-08-10 09:16:49.861836

kjxshenr42r >> End >> 2020-08-10 09:16:50.006541

3c4tsuozchs >> Start >> 2020-08-10 09:18:43.206996

3c4tsuozchs >> Image Returned >> 2020-08-10 09:18:43.210509

3c4tsuozchs >> End >> 2020-08-10 09:18:43.354804

vkbhnfajjr8 >> Start >> 2020-08-10 09:42:07.000232

vkbhnfajjr8 >> Image Returned >> 2020-08-10 09:42:07.003384

vkbhnfajjr8 >> End >> 2020-08-10 09:42:07.145140

azutcmff8ww >> Start >> 2020-08-10 10:28:01.163584

azutcmff8ww >> Image Returned >> 2020-08-10 10:28:01.167002

azutcmff8ww >> End >> 2020-08-10 10:28:01.307671

cku8qr36zf6 >> Start >> 2020-08-10 10:29:02.213320

cku8qr36zf6 >> Image Returned >> 2020-08-10 10:29:02.216902

cku8qr36zf6 >> End >> 2020-08-10 10:29:02.355423

2sk6qveogzp >> Start >> 2020-08-10 10:29:31.271589

2sk6qveogzp >> Image Returned >> 2020-08-10 10:29:31.275405

2sk6qveogzp >> End >> 2020-08-10 10:29:31.420217

wqww2nud34h >> Start >> 2020-08-10 10:32:04.262850

wqww2nud34h >> Image Returned >> 2020-08-10 10:32:04.266541

wqww2nud34h >> End >> 2020-08-10 10:32:04.442794

np2rjrcy4qp >> Start >> 2020-08-10 10:34:10.346489

np2rjrcy4qp >> Image Returned >> 2020-08-10 10:34:10.350090

np2rjrcy4qp >> End >> 2020-08-10 10:34:10.491734

mpghfp4shrz >> Start >> 2020-08-10 10:41:10.574811

mpghfp4shrz >> Image Returned >> 2020-08-10 10:41:10.580423

mpghfp4shrz >> End >> 2020-08-10 10:41:10.726528

82ieqi3mku7 >> Start >> 2020-08-10 10:53:08.698616

82ieqi3mku7 >> Image Returned >> 2020-08-10 10:53:08.702399

82ieqi3mku7 >> End >> 2020-08-10 10:53:08.851298

sqv0p4vx2fq >> Start >> 2020-08-10 10:58:09.157885

sqv0p4vx2fq >> Image Returned >> 2020-08-10 10:58:09.161700

sqv0p4vx2fq >> End >> 2020-08-10 10:58:09.297583

sanzm0yhced >> Start >> 2020-08-10 11:02:30.784214

sanzm0yhced >> Image Returned >> 2020-08-10 11:02:30.787790

sanzm0yhced >> End >> 2020-08-10 11:02:30.928802

r308csjrzhs >> Start >> 2020-08-10 11:10:55.961462

r308csjrzhs >> Image Returned >> 2020-08-10 11:10:55.964904

r308csjrzhs >> End >> 2020-08-10 11:10:56.152966

w3ncog0bd5q >> Start >> 2020-08-10 11:12:01.597727

w3ncog0bd5q >> Image Returned >> 2020-08-10 11:12:01.601114

w3ncog0bd5q >> End >> 2020-08-10 11:12:01.744705

bq2zvc3sjpn >> Start >> 2020-08-10 11:12:04.051831

bq2zvc3sjpn >> Image Returned >> 2020-08-10 11:12:04.052215

bq2zvc3sjpn >> End >> 2020-08-10 11:12:04.188534

r882uh0kqc0 >> Start >> 2020-08-10 11:12:35.778769

r882uh0kqc0 >> Image Returned >> 2020-08-10 11:12:35.782463

r882uh0kqc0 >> End >> 2020-08-10 11:12:35.919358

gtaoyn6hu28 >> Start >> 2020-08-10 11:17:05.133920

gtaoyn6hu28 >> Image Returned >> 2020-08-10 11:17:05.137470

gtaoyn6hu28 >> End >> 2020-08-10 11:17:05.279843

2wpsbqtuice >> Start >> 2020-08-10 11:19:28.844571

2wpsbqtuice >> Image Returned >> 2020-08-10 11:19:28.848530

2wpsbqtuice >> End >> 2020-08-10 11:19:28.991600

6t05rj70zwo >> Start >> 2020-08-10 11:22:08.391354

6t05rj70zwo >> Image Returned >> 2020-08-10 11:22:08.394845

6t05rj70zwo >> End >> 2020-08-10 11:22:08.590015

s7rxok2a56s >> Start >> 2020-08-10 11:23:04.571811

s7rxok2a56s >> Image Returned >> 2020-08-10 11:23:04.577208

s7rxok2a56s >> End >> 2020-08-10 11:23:04.729923

yff6nhpdekg >> Start >> 2020-08-10 11:25:43.802170

yff6nhpdekg >> Image Returned >> 2020-08-10 11:25:43.805497

yff6nhpdekg >> End >> 2020-08-10 11:25:43.947828

u7g44iexhyv >> Start >> 2020-08-10 11:27:48.236022

u7g44iexhyv >> Image Returned >> 2020-08-10 11:27:48.239752

u7g44iexhyv >> End >> 2020-08-10 11:27:48.377975

r8za7szo80g >> Start >> 2020-08-10 11:36:12.274401

r8za7szo80g >> Image Returned >> 2020-08-10 11:36:12.278737

r8za7szo80g >> End >> 2020-08-10 11:36:12.421407

w5h4ofkm55w >> Start >> 2020-08-10 11:42:06.213805

w5h4ofkm55w >> Image Returned >> 2020-08-10 11:42:06.217144

w5h4ofkm55w >> End >> 2020-08-10 11:42:06.360253

jh852smemii >> Start >> 2020-08-10 11:42:46.173079

jh852smemii >> Image Returned >> 2020-08-10 11:42:46.176578

jh852smemii >> End >> 2020-08-10 11:42:46.317296

xgkn5uawo5m >> Start >> 2020-08-10 11:43:23.347114

xgkn5uawo5m >> Image Returned >> 2020-08-10 11:43:23.351586

xgkn5uawo5m >> End >> 2020-08-10 11:43:23.498286

rxn482m3tfn >> Start >> 2020-08-10 11:43:32.242336

rxn482m3tfn >> Image Returned >> 2020-08-10 11:43:32.242656

rxn482m3tfn >> End >> 2020-08-10 11:43:32.389509

4htduu8yn0s >> Start >> 2020-08-10 11:44:35.261833

4htduu8yn0s >> Image Returned >> 2020-08-10 11:44:35.265937

4htduu8yn0s >> End >> 2020-08-10 11:44:35.405399

r8e3waobj0q >> Start >> 2020-08-10 11:57:07.408724

r8e3waobj0q >> Image Returned >> 2020-08-10 11:57:07.412636

r8e3waobj0q >> End >> 2020-08-10 11:57:07.559052

7mxwa0qo8yj >> Start >> 2020-08-10 12:11:07.010129

7mxwa0qo8yj >> Image Returned >> 2020-08-10 12:11:07.013448

7mxwa0qo8yj >> End >> 2020-08-10 12:11:07.157979

bwvrygi6jq8 >> Start >> 2020-08-10 12:15:15.745438

bwvrygi6jq8 >> Image Returned >> 2020-08-10 12:15:15.749274

bwvrygi6jq8 >> End >> 2020-08-10 12:15:15.891362

twgmxschmm7 >> Start >> 2020-08-10 12:15:37.495507

twgmxschmm7 >> Image Returned >> 2020-08-10 12:15:37.498718

twgmxschmm7 >> End >> 2020-08-10 12:15:37.642455

4duzczjy5nj >> Start >> 2020-08-10 12:16:31.759465

4duzczjy5nj >> Image Returned >> 2020-08-10 12:16:31.763364

4duzczjy5nj >> End >> 2020-08-10 12:16:31.918543

fb2sgmsu2cb >> Start >> 2020-08-10 12:18:23.403418

fb2sgmsu2cb >> Image Returned >> 2020-08-10 12:18:23.406954

fb2sgmsu2cb >> End >> 2020-08-10 12:18:23.557240

67rj2tasdeu >> Start >> 2020-08-10 12:19:05.304511

67rj2tasdeu >> Image Returned >> 2020-08-10 12:19:05.307677

67rj2tasdeu >> End >> 2020-08-10 12:19:05.449789

urbc5himpo8 >> Start >> 2020-08-10 12:25:20.112936

urbc5himpo8 >> Image Returned >> 2020-08-10 12:25:20.116230

urbc5himpo8 >> End >> 2020-08-10 12:25:20.254476

x8csi73okd2 >> Start >> 2020-08-10 12:38:01.039365

x8csi73okd2 >> Image Returned >> 2020-08-10 12:38:01.044229

x8csi73okd2 >> End >> 2020-08-10 12:38:01.190222

gbmbnao5bnj >> Start >> 2020-08-10 12:40:51.657912

gbmbnao5bnj >> Image Returned >> 2020-08-10 12:40:51.661272

gbmbnao5bnj >> End >> 2020-08-10 12:40:51.802721

nxqa2exm7ex >> Start >> 2020-08-10 12:51:51.194238

nxqa2exm7ex >> Image Returned >> 2020-08-10 12:51:51.198259

nxqa2exm7ex >> End >> 2020-08-10 12:51:51.340049

ho6nvr24igz >> Start >> 2020-08-10 12:54:31.219458

ho6nvr24igz >> Image Returned >> 2020-08-10 12:54:31.223092

ho6nvr24igz >> End >> 2020-08-10 12:54:31.375173

nva8ysnezze >> Start >> 2020-08-10 12:56:09.799551

nva8ysnezze >> Image Returned >> 2020-08-10 12:56:09.803589

nva8ysnezze >> End >> 2020-08-10 12:56:10.022648

cyy7mow5sik >> Start >> 2020-08-10 12:56:20.574415

cyy7mow5sik >> Image Returned >> 2020-08-10 12:56:20.574763

cyy7mow5sik >> End >> 2020-08-10 12:56:20.774909

eh4ybqr3pnm >> Start >> 2020-08-10 12:56:20.902973

eh4ybqr3pnm >> Image Returned >> 2020-08-10 12:56:20.903278

eh4ybqr3pnm >> End >> 2020-08-10 12:56:21.102025

ojm3f0m4kq2 >> Start >> 2020-08-10 12:56:38.726716

ojm3f0m4kq2 >> Image Returned >> 2020-08-10 12:56:38.729957

ojm3f0m4kq2 >> End >> 2020-08-10 12:56:38.874378

zwim2ma7z0d >> Start >> 2020-08-10 12:59:02.897712

zwim2ma7z0d >> Image Returned >> 2020-08-10 12:59:02.903661

zwim2ma7z0d >> End >> 2020-08-10 12:59:03.044109

ve04uu2oiyg >> Start >> 2020-08-10 13:03:10.121381

ve04uu2oiyg >> Image Returned >> 2020-08-10 13:03:10.125281

ve04uu2oiyg >> End >> 2020-08-10 13:03:10.250679

mhfvj5i5vqn >> Start >> 2020-08-10 13:04:13.340130

mhfvj5i5vqn >> Image Returned >> 2020-08-10 13:04:13.343841

mhfvj5i5vqn >> End >> 2020-08-10 13:04:13.492185

6zkuu7ycugw >> Start >> 2020-08-10 13:10:10.808324

6zkuu7ycugw >> Image Returned >> 2020-08-10 13:10:10.811892

6zkuu7ycugw >> End >> 2020-08-10 13:10:10.954904

azrqz78sgko >> Start >> 2020-08-10 13:10:13.547943

azrqz78sgko >> Image Returned >> 2020-08-10 13:10:13.548260

azrqz78sgko >> End >> 2020-08-10 13:10:13.698272

a3y6ycw2boc >> Start >> 2020-08-10 13:14:38.063466

a3y6ycw2boc >> Image Returned >> 2020-08-10 13:14:38.067552

a3y6ycw2boc >> End >> 2020-08-10 13:14:38.211843

5iun8h54v6h >> Start >> 2020-08-10 13:18:38.629240

5iun8h54v6h >> Image Returned >> 2020-08-10 13:18:38.633124

5iun8h54v6h >> End >> 2020-08-10 13:18:38.825424

arikgvd3bwr >> Start >> 2020-08-10 13:18:48.630311

arikgvd3bwr >> Image Returned >> 2020-08-10 13:18:48.630614

arikgvd3bwr >> End >> 2020-08-10 13:18:48.825778

sj2e4yot6e3 >> Start >> 2020-08-10 13:21:21.636092

sj2e4yot6e3 >> Image Returned >> 2020-08-10 13:21:21.639841

sj2e4yot6e3 >> End >> 2020-08-10 13:21:21.792391

dg3auqbgjfu >> Start >> 2020-08-10 13:35:44.714989

dg3auqbgjfu >> Image Returned >> 2020-08-10 13:35:44.720689

dg3auqbgjfu >> End >> 2020-08-10 13:35:44.869256

4ys6wcyb3q4 >> Start >> 2020-08-10 13:42:58.830781

4ys6wcyb3q4 >> Image Returned >> 2020-08-10 13:42:58.834382

4ys6wcyb3q4 >> End >> 2020-08-10 13:42:58.987169

m6ztsbk7hf2 >> Start >> 2020-08-10 14:24:07.741564

m6ztsbk7hf2 >> Image Returned >> 2020-08-10 14:24:07.745125

m6ztsbk7hf2 >> End >> 2020-08-10 14:24:07.875689

ni7xdx7rnsi >> Start >> 2020-08-10 14:24:29.091779

ni7xdx7rnsi >> Image Returned >> 2020-08-10 14:24:29.095653

ni7xdx7rnsi >> End >> 2020-08-10 14:24:29.226404

kqory3iumxv >> Start >> 2020-08-10 14:24:56.149055

kqory3iumxv >> Image Returned >> 2020-08-10 14:24:56.152431

kqory3iumxv >> End >> 2020-08-10 14:24:56.274274

bopyfdraicf >> Start >> 2020-08-10 14:25:04.426218

bopyfdraicf >> Image Returned >> 2020-08-10 14:25:04.426719

bopyfdraicf >> End >> 2020-08-10 14:25:04.547399

dbu8v8bty8y >> Start >> 2020-08-10 14:25:05.605587

dbu8v8bty8y >> Image Returned >> 2020-08-10 14:25:05.605916

dbu8v8bty8y >> End >> 2020-08-10 14:25:05.730597

4rz4mdktxvg >> Start >> 2020-08-10 14:25:18.635793

4rz4mdktxvg >> Image Returned >> 2020-08-10 14:25:18.639588

4rz4mdktxvg >> End >> 2020-08-10 14:25:18.764137

c5ijbr2cwh0 >> Start >> 2020-08-10 14:25:22.941004

c5ijbr2cwh0 >> Image Returned >> 2020-08-10 14:25:22.941318

0nnhej5se8c >> Start >> 2020-08-10 14:25:22.944561

0nnhej5se8c >> Image Returned >> 2020-08-10 14:25:22.947926

c5ijbr2cwh0 >> End >> 2020-08-10 14:25:23.066798

0nnhej5se8c >> End >> 2020-08-10 14:25:23.073811

y006q2mxnnc >> Start >> 2020-08-10 14:25:23.501158

y006q2mxnnc >> Image Returned >> 2020-08-10 14:25:23.501471

y006q2mxnnc >> End >> 2020-08-10 14:25:23.629910

5vc278dks66 >> Start >> 2020-08-10 14:30:27.264585

5vc278dks66 >> Image Returned >> 2020-08-10 14:30:27.268902

5vc278dks66 >> End >> 2020-08-10 14:30:27.390352

iwfhv0bri3m >> Start >> 2020-08-10 14:40:08.813357

iwfhv0bri3m >> Image Returned >> 2020-08-10 14:40:08.817922

iwfhv0bri3m >> End >> 2020-08-10 14:40:08.965034

7g8hcu2vcp4 >> Start >> 2020-08-10 14:40:55.081490

7g8hcu2vcp4 >> Image Returned >> 2020-08-10 14:40:55.085423

7g8hcu2vcp4 >> End >> 2020-08-10 14:40:55.222606

uha6e2kuvj7 >> Start >> 2020-08-10 14:41:38.842355

uha6e2kuvj7 >> Image Returned >> 2020-08-10 14:41:38.846743

uha6e2kuvj7 >> End >> 2020-08-10 14:41:38.994975

uqb8jg8h4o8 >> Start >> 2020-08-10 14:43:06.237291

uqb8jg8h4o8 >> Image Returned >> 2020-08-10 14:43:06.241218

uqb8jg8h4o8 >> End >> 2020-08-10 14:43:06.382152

tce76ru6qdr >> Start >> 2020-08-10 14:45:34.860030

tce76ru6qdr >> Image Returned >> 2020-08-10 14:45:34.865145

tce76ru6qdr >> End >> 2020-08-10 14:45:35.007507

ogq03aijerr >> Start >> 2020-08-10 14:51:18.685098

ogq03aijerr >> Image Returned >> 2020-08-10 14:51:18.690393

ogq03aijerr >> End >> 2020-08-10 14:51:18.850203

z5mwtt0r262 >> Start >> 2020-08-10 14:56:24.427026

z5mwtt0r262 >> Image Returned >> 2020-08-10 14:56:24.431662

z5mwtt0r262 >> End >> 2020-08-10 14:56:24.581825

dmc2u6pxqht >> Start >> 2020-08-10 15:04:42.984693

dmc2u6pxqht >> Image Returned >> 2020-08-10 15:04:42.988254

dmc2u6pxqht >> End >> 2020-08-10 15:04:43.134203

7vcruwkdr6r >> Start >> 2020-08-10 15:13:20.219054

7vcruwkdr6r >> Image Returned >> 2020-08-10 15:13:20.224247

7vcruwkdr6r >> End >> 2020-08-10 15:13:20.374537

c5cxne05p0d >> Start >> 2020-08-10 15:33:03.802109

c5cxne05p0d >> Image Returned >> 2020-08-10 15:33:03.805833

c5cxne05p0d >> End >> 2020-08-10 15:33:03.957145

wq7yv4zqbet >> Start >> 2020-08-10 15:35:01.334753

wq7yv4zqbet >> Image Returned >> 2020-08-10 15:35:01.339768

wq7yv4zqbet >> End >> 2020-08-10 15:35:01.486193

efoqzvay064 >> Start >> 2020-08-10 15:37:48.041378

efoqzvay064 >> Image Returned >> 2020-08-10 15:37:48.046010

efoqzvay064 >> End >> 2020-08-10 15:37:48.192784

hbf66eomz4k >> Start >> 2020-08-10 15:45:30.851968

hbf66eomz4k >> Image Returned >> 2020-08-10 15:45:30.855247

hbf66eomz4k >> End >> 2020-08-10 15:45:30.994944

ikjbc084vcx >> Start >> 2020-08-10 16:17:04.261765

ikjbc084vcx >> Image Returned >> 2020-08-10 16:17:04.264662

ikjbc084vcx >> End >> 2020-08-10 16:17:04.405673

y5mm7vfqcb8 >> Start >> 2020-08-10 17:03:15.204914

y5mm7vfqcb8 >> Image Returned >> 2020-08-10 17:03:15.208673

y5mm7vfqcb8 >> End >> 2020-08-10 17:03:15.351815

3ghetzsynbw >> Start >> 2020-08-10 17:20:12.151792

3ghetzsynbw >> Image Returned >> 2020-08-10 17:20:12.155153

3ghetzsynbw >> End >> 2020-08-10 17:20:12.295691

qdxrr4pi2k2 >> Start >> 2020-08-10 17:20:33.020845

qdxrr4pi2k2 >> Image Returned >> 2020-08-10 17:20:33.025795

qdxrr4pi2k2 >> End >> 2020-08-10 17:20:33.187912

iagj7akmrub >> Start >> 2020-08-10 17:21:59.351922

iagj7akmrub >> Image Returned >> 2020-08-10 17:21:59.355237

iagj7akmrub >> End >> 2020-08-10 17:21:59.496149

3me8c5rouek >> Start >> 2020-08-10 17:30:07.295087

3me8c5rouek >> Image Returned >> 2020-08-10 17:30:07.298032

3me8c5rouek >> End >> 2020-08-10 17:30:07.445141

o8a4y2q3r38 >> Start >> 2020-08-10 17:34:36.183618

o8a4y2q3r38 >> Image Returned >> 2020-08-10 17:34:36.187191

o8a4y2q3r38 >> End >> 2020-08-10 17:34:36.344058

6zqo676vym7 >> Start >> 2020-08-10 17:37:41.458376

6zqo676vym7 >> Image Returned >> 2020-08-10 17:37:41.462390

6zqo676vym7 >> End >> 2020-08-10 17:37:41.608361

o50whxtzb6e >> Start >> 2020-08-10 17:46:36.916552

o50whxtzb6e >> Image Returned >> 2020-08-10 17:46:36.919990

o50whxtzb6e >> End >> 2020-08-10 17:46:37.060324

4qe2mhvuzu5 >> Start >> 2020-08-10 17:48:40.469543

4qe2mhvuzu5 >> Image Returned >> 2020-08-10 17:48:40.473320

4qe2mhvuzu5 >> End >> 2020-08-10 17:48:40.619431

g6s8fysjpux >> Start >> 2020-08-10 17:51:44.683754

g6s8fysjpux >> Image Returned >> 2020-08-10 17:51:44.689677

g6s8fysjpux >> End >> 2020-08-10 17:51:44.838047

g2mdme7y2aj >> Start >> 2020-08-10 17:52:46.477562

g2mdme7y2aj >> Image Returned >> 2020-08-10 17:52:46.481029

g2mdme7y2aj >> End >> 2020-08-10 17:52:46.624644

5z0s4u5jtgo >> Start >> 2020-08-10 18:09:00.020780

5z0s4u5jtgo >> Image Returned >> 2020-08-10 18:09:00.025059

5z0s4u5jtgo >> End >> 2020-08-10 18:09:00.153911

8rv8eqr0dzz >> Start >> 2020-08-10 18:48:08.166224

8rv8eqr0dzz >> Image Returned >> 2020-08-10 18:48:08.169614

8rv8eqr0dzz >> End >> 2020-08-10 18:48:08.314372

x2zethjg8zx >> Start >> 2020-08-10 18:58:21.130016

x2zethjg8zx >> Image Returned >> 2020-08-10 18:58:21.134440

x2zethjg8zx >> End >> 2020-08-10 18:58:21.286123

aeasgig27rz >> Start >> 2020-08-10 18:59:31.777038

aeasgig27rz >> Image Returned >> 2020-08-10 18:59:31.780797

aeasgig27rz >> End >> 2020-08-10 18:59:31.923166

dr685ne5vpf >> Start >> 2020-08-10 18:59:37.870019

dr685ne5vpf >> Image Returned >> 2020-08-10 18:59:37.870387

dr685ne5vpf >> End >> 2020-08-10 18:59:38.013550

vn34cazbc8k >> Start >> 2020-08-10 19:11:42.127696

vn34cazbc8k >> Image Returned >> 2020-08-10 19:11:42.132086

vn34cazbc8k >> End >> 2020-08-10 19:11:42.318419

4x6nkmioip4 >> Start >> 2020-08-10 19:11:55.310467

4x6nkmioip4 >> Image Returned >> 2020-08-10 19:11:55.313405

4x6nkmioip4 >> End >> 2020-08-10 19:11:55.461273

52wat4ozyer >> Start >> 2020-08-10 19:11:55.537947

52wat4ozyer >> Image Returned >> 2020-08-10 19:11:55.538315

52wat4ozyer >> End >> 2020-08-10 19:11:55.689608

23srhzki4t4 >> Start >> 2020-08-10 19:15:13.633923

23srhzki4t4 >> Image Returned >> 2020-08-10 19:15:13.637639

23srhzki4t4 >> End >> 2020-08-10 19:15:13.786520

f7x66k6r2b5 >> Start >> 2020-08-10 19:16:35.234407

f7x66k6r2b5 >> Image Returned >> 2020-08-10 19:16:35.237854

f7x66k6r2b5 >> End >> 2020-08-10 19:16:35.398722

0yvopukeinf >> Start >> 2020-08-10 19:25:50.409504

0yvopukeinf >> Image Returned >> 2020-08-10 19:25:50.413404

0yvopukeinf >> End >> 2020-08-10 19:25:50.558515

omiy020xibg >> Start >> 2020-08-10 19:52:15.139111

omiy020xibg >> Image Returned >> 2020-08-10 19:52:15.142311

omiy020xibg >> End >> 2020-08-10 19:52:15.286072

kogq6gm068q >> Start >> 2020-08-10 19:53:16.835190

kogq6gm068q >> Image Returned >> 2020-08-10 19:53:16.838413

kogq6gm068q >> End >> 2020-08-10 19:53:16.977394

vw4xxa5375z >> Start >> 2020-08-10 19:59:36.359740

vw4xxa5375z >> Image Returned >> 2020-08-10 19:59:36.363993

vw4xxa5375z >> End >> 2020-08-10 19:59:36.510540

z8smbp42snb >> Start >> 2020-08-10 20:01:43.850853

z8smbp42snb >> Image Returned >> 2020-08-10 20:01:43.855058

z8smbp42snb >> End >> 2020-08-10 20:01:44.004286

frnknz64oq8 >> Start >> 2020-08-10 20:16:31.576771

frnknz64oq8 >> Image Returned >> 2020-08-10 20:16:31.580583

frnknz64oq8 >> End >> 2020-08-10 20:16:31.725390

nenjncynqig >> Start >> 2020-08-10 20:25:11.380811

nenjncynqig >> Image Returned >> 2020-08-10 20:25:11.384484

nenjncynqig >> End >> 2020-08-10 20:25:11.560355

yjuj5hjkcvv >> Start >> 2020-08-10 20:25:35.308433

yjuj5hjkcvv >> Image Returned >> 2020-08-10 20:25:35.312794

yjuj5hjkcvv >> End >> 2020-08-10 20:25:35.458019

v5sviykcphk >> Start >> 2020-08-10 20:25:41.286326

v5sviykcphk >> Image Returned >> 2020-08-10 20:25:41.286813

v5sviykcphk >> End >> 2020-08-10 20:25:41.436007

y6eks6hatec >> Start >> 2020-08-10 20:28:07.913979

y6eks6hatec >> Image Returned >> 2020-08-10 20:28:07.918066

y6eks6hatec >> End >> 2020-08-10 20:28:08.072943

xtv3sgevim0 >> Start >> 2020-08-10 20:30:07.494263

xtv3sgevim0 >> Image Returned >> 2020-08-10 20:30:07.497823

xtv3sgevim0 >> End >> 2020-08-10 20:30:07.642600

hwxipzmyvom >> Start >> 2020-08-10 20:46:54.148288

hwxipzmyvom >> Image Returned >> 2020-08-10 20:46:54.151920

hwxipzmyvom >> End >> 2020-08-10 20:46:54.305318

xsyu6r7f0qf >> Start >> 2020-08-10 21:12:09.970690

xsyu6r7f0qf >> Image Returned >> 2020-08-10 21:12:09.976491

xsyu6r7f0qf >> End >> 2020-08-10 21:12:10.120948

inndivct58v >> Start >> 2020-08-10 21:13:08.162164

inndivct58v >> Image Returned >> 2020-08-10 21:13:08.165153

inndivct58v >> End >> 2020-08-10 21:13:08.305157

4d58zunfuox >> Start >> 2020-08-10 21:17:48.441193

4d58zunfuox >> Image Returned >> 2020-08-10 21:17:48.445658

4d58zunfuox >> End >> 2020-08-10 21:17:48.598450

aot38j2fmrh >> Start >> 2020-08-10 21:41:47.074253

aot38j2fmrh >> Image Returned >> 2020-08-10 21:41:47.077776

aot38j2fmrh >> End >> 2020-08-10 21:41:47.218581

gv0twe5n4d2 >> Start >> 2020-08-10 21:42:02.223747

gv0twe5n4d2 >> Image Returned >> 2020-08-10 21:42:02.226815

gv0twe5n4d2 >> End >> 2020-08-10 21:42:02.369302

wi6qjfrofto >> Start >> 2020-08-10 21:48:27.795629

wi6qjfrofto >> Image Returned >> 2020-08-10 21:48:27.799758

wi6qjfrofto >> End >> 2020-08-10 21:48:27.942351

7du43v8wpov >> Start >> 2020-08-10 21:56:56.825977

7du43v8wpov >> Image Returned >> 2020-08-10 21:56:56.829464

7du43v8wpov >> End >> 2020-08-10 21:56:56.982134

mx8p0ubquym >> Start >> 2020-08-10 22:24:26.270915

mx8p0ubquym >> Image Returned >> 2020-08-10 22:24:26.274280

mx8p0ubquym >> End >> 2020-08-10 22:24:26.414959

vug7x75mq2m >> Start >> 2020-08-10 22:42:10.992794

vug7x75mq2m >> Image Returned >> 2020-08-10 22:42:10.995989

vug7x75mq2m >> End >> 2020-08-10 22:42:11.138678

k5g6pv0d28s >> Start >> 2020-08-10 22:48:03.533524

k5g6pv0d28s >> Image Returned >> 2020-08-10 22:48:03.537096

k5g6pv0d28s >> End >> 2020-08-10 22:48:03.677687

0bbhv07xqys >> Start >> 2020-08-10 23:06:56.008059

0bbhv07xqys >> Image Returned >> 2020-08-10 23:06:56.011708

0bbhv07xqys >> End >> 2020-08-10 23:06:56.165102

erjco4ognxv >> Start >> 2020-08-10 23:09:41.366453

erjco4ognxv >> Image Returned >> 2020-08-10 23:09:41.372061

erjco4ognxv >> End >> 2020-08-10 23:09:41.514949

ozme0icjmuy >> Start >> 2020-08-10 23:10:30.410573

ozme0icjmuy >> Image Returned >> 2020-08-10 23:10:30.413959

ozme0icjmuy >> End >> 2020-08-10 23:10:30.558995

0mhm6vwzz27 >> Start >> 2020-08-10 23:16:45.035725

0mhm6vwzz27 >> Image Returned >> 2020-08-10 23:16:45.039549

0mhm6vwzz27 >> End >> 2020-08-10 23:16:45.193443

sy32acn6z2u >> Start >> 2020-08-10 23:22:40.634702

sy32acn6z2u >> Image Returned >> 2020-08-10 23:22:40.639343

sy32acn6z2u >> End >> 2020-08-10 23:22:40.776525

8rmg7vyruzd >> Start >> 2020-08-10 23:31:28.699312

8rmg7vyruzd >> Image Returned >> 2020-08-10 23:31:28.702465

8rmg7vyruzd >> End >> 2020-08-10 23:31:28.846237

kgak2xwdcbf >> Start >> 2020-08-10 23:35:38.074146

kgak2xwdcbf >> Image Returned >> 2020-08-10 23:35:38.078599

kgak2xwdcbf >> End >> 2020-08-10 23:35:38.220951

j6xgph2re8q >> Start >> 2020-08-10 23:39:15.574598

j6xgph2re8q >> Image Returned >> 2020-08-10 23:39:15.577898

j6xgph2re8q >> End >> 2020-08-10 23:39:15.729707

0ds2mvo5thn >> Start >> 2020-08-10 23:39:47.187400

0ds2mvo5thn >> Image Returned >> 2020-08-10 23:39:47.191351

0ds2mvo5thn >> End >> 2020-08-10 23:39:47.330188

aawjvwxn6r3 >> Start >> 2020-08-10 23:44:19.587681

aawjvwxn6r3 >> Image Returned >> 2020-08-10 23:44:19.591536

aawjvwxn6r3 >> End >> 2020-08-10 23:44:19.735129

pk5nwjh5xa2 >> Start >> 2020-08-10 23:49:00.118089

pk5nwjh5xa2 >> Image Returned >> 2020-08-10 23:49:00.122601

pk5nwjh5xa2 >> End >> 2020-08-10 23:49:00.258373

r8kmcxkuhys >> Start >> 2020-08-10 23:52:02.984117

r8kmcxkuhys >> Image Returned >> 2020-08-10 23:52:02.988477

r8kmcxkuhys >> End >> 2020-08-10 23:52:03.132252

h0y60r44ai8 >> Start >> 2020-08-10 23:57:04.856249

h0y60r44ai8 >> Image Returned >> 2020-08-10 23:57:04.859935

h0y60r44ai8 >> End >> 2020-08-10 23:57:05.009592

