efvmboaws5a >> Start >> 2020-11-23 00:03:09.132720

efvmboaws5a >> Image Returned >> 2020-11-23 00:03:09.136806

efvmboaws5a >> End >> 2020-11-23 00:03:09.339991

rdh4cxq07hc >> Start >> 2020-11-23 00:09:37.117571

rdh4cxq07hc >> Image Returned >> 2020-11-23 00:09:37.121136

rdh4cxq07hc >> End >> 2020-11-23 00:09:37.309125

05hq7u7yrzk >> Start >> 2020-11-23 00:12:34.854095

05hq7u7yrzk >> Image Returned >> 2020-11-23 00:12:34.858572

05hq7u7yrzk >> End >> 2020-11-23 00:12:35.057841

hn8k74zwx8v >> Start >> 2020-11-23 00:14:37.838937

hn8k74zwx8v >> Image Returned >> 2020-11-23 00:14:37.844861

hn8k74zwx8v >> End >> 2020-11-23 00:14:38.034591

wmc83zph5mm >> Start >> 2020-11-23 00:22:04.292942

wmc83zph5mm >> Image Returned >> 2020-11-23 00:22:04.296545

wmc83zph5mm >> End >> 2020-11-23 00:22:04.483656

2vkoygfzhre >> Start >> 2020-11-23 00:37:02.119905

2vkoygfzhre >> Image Returned >> 2020-11-23 00:37:02.124177

2vkoygfzhre >> End >> 2020-11-23 00:37:02.322006

otj3g5565uu >> Start >> 2020-11-23 00:39:35.293107

otj3g5565uu >> Image Returned >> 2020-11-23 00:39:35.297136

otj3g5565uu >> End >> 2020-11-23 00:39:35.487409

oaam3d48wx2 >> Start >> 2020-11-23 01:07:12.953206

oaam3d48wx2 >> Image Returned >> 2020-11-23 01:07:12.959618

oaam3d48wx2 >> End >> 2020-11-23 01:07:13.174263

7jyu6w5gb7u >> Start >> 2020-11-23 01:09:27.600836

7jyu6w5gb7u >> Image Returned >> 2020-11-23 01:09:27.604717

7jyu6w5gb7u >> End >> 2020-11-23 01:09:27.798515

j8w2vh8puc4 >> Start >> 2020-11-23 01:19:37.943557

j8w2vh8puc4 >> Image Returned >> 2020-11-23 01:19:37.947380

j8w2vh8puc4 >> End >> 2020-11-23 01:19:38.137978

gprkpxkif7d >> Start >> 2020-11-23 01:19:46.098567

gprkpxkif7d >> Image Returned >> 2020-11-23 01:19:46.098860

gprkpxkif7d >> End >> 2020-11-23 01:19:46.461327

rozpi5h8kzx >> Start >> 2020-11-23 01:19:47.120136

rozpi5h8kzx >> Image Returned >> 2020-11-23 01:19:47.120419

rozpi5h8kzx >> End >> 2020-11-23 01:19:47.474606

t78d07cuy3e >> Start >> 2020-11-23 01:25:35.973450

t78d07cuy3e >> Image Returned >> 2020-11-23 01:25:35.978068

t78d07cuy3e >> End >> 2020-11-23 01:25:36.182642

xhro048wtyo >> Start >> 2020-11-23 01:46:45.650500

xhro048wtyo >> Image Returned >> 2020-11-23 01:46:45.654362

xhro048wtyo >> End >> 2020-11-23 01:46:45.872276

6sctsmbnvqx >> Start >> 2020-11-23 02:10:28.824618

6sctsmbnvqx >> Image Returned >> 2020-11-23 02:10:28.828521

6sctsmbnvqx >> End >> 2020-11-23 02:10:29.014549

p37cineqvid >> Start >> 2020-11-23 02:13:39.291908

p37cineqvid >> Image Returned >> 2020-11-23 02:13:39.296010

p37cineqvid >> End >> 2020-11-23 02:13:39.535712

dc7bhm30k0w >> Start >> 2020-11-23 02:13:59.324825

dc7bhm30k0w >> Image Returned >> 2020-11-23 02:13:59.328361

dc7bhm30k0w >> End >> 2020-11-23 02:13:59.567121

k77d5cjmq0i >> Start >> 2020-11-23 02:16:33.232080

k77d5cjmq0i >> Image Returned >> 2020-11-23 02:16:33.236207

k77d5cjmq0i >> End >> 2020-11-23 02:16:33.435614

ahnwzedrrw8 >> Start >> 2020-11-23 02:19:16.852494

ahnwzedrrw8 >> Image Returned >> 2020-11-23 02:19:16.855819

ahnwzedrrw8 >> End >> 2020-11-23 02:19:17.045300

rs0mdi6zdr5 >> Start >> 2020-11-23 02:22:39.685592

rs0mdi6zdr5 >> Image Returned >> 2020-11-23 02:22:39.689275

rs0mdi6zdr5 >> End >> 2020-11-23 02:22:39.880985

vbwdixeut07 >> Start >> 2020-11-23 02:28:52.797318

vbwdixeut07 >> Image Returned >> 2020-11-23 02:28:52.801197

vbwdixeut07 >> End >> 2020-11-23 02:28:53.014543

uok2vmh2zid >> Start >> 2020-11-23 02:44:19.528178

uok2vmh2zid >> Image Returned >> 2020-11-23 02:44:19.532696

uok2vmh2zid >> End >> 2020-11-23 02:44:19.731389

6tw2x22kz66 >> Start >> 2020-11-23 03:03:31.392417

6tw2x22kz66 >> Image Returned >> 2020-11-23 03:03:31.396230

6tw2x22kz66 >> End >> 2020-11-23 03:03:31.521532

jxtcbzr05zf >> Start >> 2020-11-23 03:03:51.534318

jxtcbzr05zf >> Image Returned >> 2020-11-23 03:03:51.537942

jxtcbzr05zf >> End >> 2020-11-23 03:03:51.749321

4nbbszqwjo5 >> Start >> 2020-11-23 03:05:36.574682

4nbbszqwjo5 >> Image Returned >> 2020-11-23 03:05:36.578912

4nbbszqwjo5 >> End >> 2020-11-23 03:05:36.783013

yfeopeyzqkr >> Start >> 2020-11-23 03:21:01.288681

yfeopeyzqkr >> Image Returned >> 2020-11-23 03:21:01.292915

yfeopeyzqkr >> End >> 2020-11-23 03:21:01.485160

yjcbt3dmt0c >> Start >> 2020-11-23 03:21:14.033207

yjcbt3dmt0c >> Image Returned >> 2020-11-23 03:21:14.036809

yjcbt3dmt0c >> End >> 2020-11-23 03:21:14.233728

6gq5zd05uh0 >> Start >> 2020-11-23 03:22:41.798927

6gq5zd05uh0 >> Image Returned >> 2020-11-23 03:22:41.802597

6gq5zd05uh0 >> End >> 2020-11-23 03:22:41.994730

6r6x4tsa544 >> Start >> 2020-11-23 03:27:21.690090

6r6x4tsa544 >> Image Returned >> 2020-11-23 03:27:21.695319

6r6x4tsa544 >> End >> 2020-11-23 03:27:21.892201

62iy2pbq4eq >> Start >> 2020-11-23 03:35:14.841406

62iy2pbq4eq >> Image Returned >> 2020-11-23 03:35:14.845155

62iy2pbq4eq >> End >> 2020-11-23 03:35:15.034888

74xx5v4symo >> Start >> 2020-11-23 03:51:13.395355

74xx5v4symo >> Image Returned >> 2020-11-23 03:51:13.399435

74xx5v4symo >> End >> 2020-11-23 03:51:13.643126

oa4odibev24 >> Start >> 2020-11-23 04:03:18.474693

oa4odibev24 >> Image Returned >> 2020-11-23 04:03:18.478756

oa4odibev24 >> End >> 2020-11-23 04:03:18.682039

wknmunezf7x >> Start >> 2020-11-23 04:38:27.351244

wknmunezf7x >> Image Returned >> 2020-11-23 04:38:27.354249

wknmunezf7x >> End >> 2020-11-23 04:38:27.579307

if4rds5006h >> Start >> 2020-11-23 04:41:24.695569

if4rds5006h >> Image Returned >> 2020-11-23 04:41:24.698565

if4rds5006h >> End >> 2020-11-23 04:41:24.897805

e58tye46vmv >> Start >> 2020-11-23 05:00:03.519714

e58tye46vmv >> Image Returned >> 2020-11-23 05:00:03.522680

e58tye46vmv >> End >> 2020-11-23 05:00:03.710438

j3kitnbbbq4 >> Start >> 2020-11-23 05:10:20.827642

j3kitnbbbq4 >> Image Returned >> 2020-11-23 05:10:20.830732

j3kitnbbbq4 >> End >> 2020-11-23 05:10:21.037977

e0s6vvioszp >> Start >> 2020-11-23 05:10:24.992908

e0s6vvioszp >> Image Returned >> 2020-11-23 05:10:24.993185

e0s6vvioszp >> End >> 2020-11-23 05:10:25.180068

32uz2fa3ove >> Start >> 2020-11-23 05:10:36.687812

32uz2fa3ove >> Image Returned >> 2020-11-23 05:10:36.692327

32uz2fa3ove >> End >> 2020-11-23 05:10:36.903898

0hiu6s3wjy8 >> Start >> 2020-11-23 05:18:59.329348

0hiu6s3wjy8 >> Image Returned >> 2020-11-23 05:18:59.332417

0hiu6s3wjy8 >> End >> 2020-11-23 05:18:59.534786

688crdtxunq >> Start >> 2020-11-23 05:20:05.528065

688crdtxunq >> Image Returned >> 2020-11-23 05:20:05.531198

688crdtxunq >> End >> 2020-11-23 05:20:05.726661

vrjhpuw6hia >> Start >> 2020-11-23 05:25:59.221199

vrjhpuw6hia >> Image Returned >> 2020-11-23 05:25:59.225785

vrjhpuw6hia >> End >> 2020-11-23 05:25:59.432259

jpj2e3bekfz >> Start >> 2020-11-23 05:26:13.005531

jpj2e3bekfz >> Image Returned >> 2020-11-23 05:26:13.008400

jpj2e3bekfz >> End >> 2020-11-23 05:26:13.203125

8ptzzhhpwep >> Start >> 2020-11-23 05:28:01.697559

8ptzzhhpwep >> Image Returned >> 2020-11-23 05:28:01.700666

8ptzzhhpwep >> End >> 2020-11-23 05:28:01.905502

hwd5jghoo65 >> Start >> 2020-11-23 06:08:10.252182

hwd5jghoo65 >> Image Returned >> 2020-11-23 06:08:10.255831

hwd5jghoo65 >> End >> 2020-11-23 06:08:10.452102

mbb3n4808ry >> Start >> 2020-11-23 06:08:52.125929

mbb3n4808ry >> Image Returned >> 2020-11-23 06:08:52.129093

mbb3n4808ry >> End >> 2020-11-23 06:08:52.326385

7ag444e236o >> Start >> 2020-11-23 06:31:54.002099

7ag444e236o >> Image Returned >> 2020-11-23 06:31:54.005268

7ag444e236o >> End >> 2020-11-23 06:31:54.231443

n0xd8azjdfu >> Start >> 2020-11-23 06:40:48.365735

n0xd8azjdfu >> Image Returned >> 2020-11-23 06:40:48.368972

n0xd8azjdfu >> End >> 2020-11-23 06:40:48.567406

yf8tjfmf5tx >> Start >> 2020-11-23 07:05:50.293107

yf8tjfmf5tx >> Image Returned >> 2020-11-23 07:05:50.296724

yf8tjfmf5tx >> End >> 2020-11-23 07:05:50.506664

eaod8ghue2d >> Start >> 2020-11-23 07:14:25.827887

eaod8ghue2d >> Image Returned >> 2020-11-23 07:14:25.831077

eaod8ghue2d >> End >> 2020-11-23 07:14:26.029597

csjso204jwn >> Start >> 2020-11-23 07:33:15.798527

csjso204jwn >> Image Returned >> 2020-11-23 07:33:15.803376

csjso204jwn >> End >> 2020-11-23 07:33:16.011151

qv37zrwi58f >> Start >> 2020-11-23 07:34:04.250283

qv37zrwi58f >> Image Returned >> 2020-11-23 07:34:04.253354

qv37zrwi58f >> End >> 2020-11-23 07:34:04.457004

c7i0pk044u8 >> Start >> 2020-11-23 07:36:09.460365

c7i0pk044u8 >> Image Returned >> 2020-11-23 07:36:09.463474

c7i0pk044u8 >> End >> 2020-11-23 07:36:09.705077

mfdo0c2r7mc >> Start >> 2020-11-23 07:39:46.236823

mfdo0c2r7mc >> Image Returned >> 2020-11-23 07:39:46.240207

mfdo0c2r7mc >> End >> 2020-11-23 07:39:46.364561

xdkfqa2ysce >> Start >> 2020-11-23 07:41:02.098100

xdkfqa2ysce >> Image Returned >> 2020-11-23 07:41:02.101253

xdkfqa2ysce >> End >> 2020-11-23 07:41:02.315015

vcks2c53gbz >> Start >> 2020-11-23 07:53:55.643733

vcks2c53gbz >> Image Returned >> 2020-11-23 07:53:55.646903

vcks2c53gbz >> End >> 2020-11-23 07:53:55.839008

uhov7swvx2j >> Start >> 2020-11-23 07:57:01.021739

uhov7swvx2j >> Image Returned >> 2020-11-23 07:57:01.025088

uhov7swvx2j >> End >> 2020-11-23 07:57:01.222105

jksosv05zg0 >> Start >> 2020-11-23 08:02:00.970839

jksosv05zg0 >> Image Returned >> 2020-11-23 08:02:00.974136

jksosv05zg0 >> End >> 2020-11-23 08:02:01.177484

pdxrufq37p3 >> Start >> 2020-11-23 08:05:17.444787

pdxrufq37p3 >> Image Returned >> 2020-11-23 08:05:17.448450

pdxrufq37p3 >> End >> 2020-11-23 08:05:17.691332

fdmg0bkntom >> Start >> 2020-11-23 08:05:29.884601

fdmg0bkntom >> Image Returned >> 2020-11-23 08:05:29.887706

fdmg0bkntom >> End >> 2020-11-23 08:05:30.120225

pu02j08sm50 >> Start >> 2020-11-23 08:09:16.756350

pu02j08sm50 >> Image Returned >> 2020-11-23 08:09:16.759527

pu02j08sm50 >> End >> 2020-11-23 08:09:16.891438

thfnbb73x4x >> Start >> 2020-11-23 08:18:20.666039

thfnbb73x4x >> Image Returned >> 2020-11-23 08:18:20.670119

thfnbb73x4x >> End >> 2020-11-23 08:18:20.864710

fpombofb4ep >> Start >> 2020-11-23 08:27:53.102056

fpombofb4ep >> Image Returned >> 2020-11-23 08:27:53.105665

fpombofb4ep >> End >> 2020-11-23 08:27:53.311769

vdyghquybka >> Start >> 2020-11-23 08:29:41.939022

vdyghquybka >> Image Returned >> 2020-11-23 08:29:41.942234

vdyghquybka >> End >> 2020-11-23 08:29:42.164292

8rf2yb3freu >> Start >> 2020-11-23 08:34:54.213567

8rf2yb3freu >> Image Returned >> 2020-11-23 08:34:54.216975

8rf2yb3freu >> End >> 2020-11-23 08:34:54.570159

i4w2wi8e3vh >> Start >> 2020-11-23 08:35:07.299561

i4w2wi8e3vh >> Image Returned >> 2020-11-23 08:35:07.302640

i4w2wi8e3vh >> End >> 2020-11-23 08:35:07.428742

s766ogte3oi >> Start >> 2020-11-23 08:39:56.465821

s766ogte3oi >> Image Returned >> 2020-11-23 08:39:56.469105

s766ogte3oi >> End >> 2020-11-23 08:39:56.667802

vsvdp0y0d6t >> Start >> 2020-11-23 08:41:41.925513

vsvdp0y0d6t >> Image Returned >> 2020-11-23 08:41:41.930860

vsvdp0y0d6t >> End >> 2020-11-23 08:41:42.122662

y3pyca5quxz >> Start >> 2020-11-23 08:48:28.439239

y3pyca5quxz >> Image Returned >> 2020-11-23 08:48:28.442358

y3pyca5quxz >> End >> 2020-11-23 08:48:28.646677

e04b03doe78 >> Start >> 2020-11-23 08:49:12.170628

e04b03doe78 >> Image Returned >> 2020-11-23 08:49:12.173742

e04b03doe78 >> End >> 2020-11-23 08:49:12.391515

7mhds65d7y4 >> Start >> 2020-11-23 08:53:03.498116

7mhds65d7y4 >> Image Returned >> 2020-11-23 08:53:03.501240

7mhds65d7y4 >> End >> 2020-11-23 08:53:03.689738

nkspxd6w3ve >> Start >> 2020-11-23 08:53:48.358593

nkspxd6w3ve >> Image Returned >> 2020-11-23 08:53:48.361948

nkspxd6w3ve >> End >> 2020-11-23 08:53:48.553591

qgwemvqyrm5 >> Start >> 2020-11-23 08:55:30.106625

qgwemvqyrm5 >> Image Returned >> 2020-11-23 08:55:30.110167

qgwemvqyrm5 >> End >> 2020-11-23 08:55:30.336955

k8nhn4qp50e >> Start >> 2020-11-23 08:55:58.394128

k8nhn4qp50e >> Image Returned >> 2020-11-23 08:55:58.399100

k8nhn4qp50e >> End >> 2020-11-23 08:55:58.591758

dpam3bf8utr >> Start >> 2020-11-23 08:56:21.715663

dpam3bf8utr >> Image Returned >> 2020-11-23 08:56:21.718908

dpam3bf8utr >> End >> 2020-11-23 08:56:21.919779

eo53beeudip >> Start >> 2020-11-23 09:07:16.269308

eo53beeudip >> Image Returned >> 2020-11-23 09:07:16.272908

eo53beeudip >> End >> 2020-11-23 09:07:16.399413

6ngqsajtrvv >> Start >> 2020-11-23 09:09:35.616750

6ngqsajtrvv >> Image Returned >> 2020-11-23 09:09:35.619966

6ngqsajtrvv >> End >> 2020-11-23 09:09:35.749041

5wg66kg7u8p >> Start >> 2020-11-23 09:09:43.083240

5wg66kg7u8p >> Image Returned >> 2020-11-23 09:09:43.083523

5wg66kg7u8p >> End >> 2020-11-23 09:09:43.287632

v7uojtcikx3 >> Start >> 2020-11-23 09:09:45.191658

v7uojtcikx3 >> Image Returned >> 2020-11-23 09:09:45.191978

v7uojtcikx3 >> End >> 2020-11-23 09:09:45.385740

6rrbv5dwg4w >> Start >> 2020-11-23 09:10:51.664927

6rrbv5dwg4w >> Image Returned >> 2020-11-23 09:10:51.668258

6rrbv5dwg4w >> End >> 2020-11-23 09:10:51.791380

igs72pi60pw >> Start >> 2020-11-23 09:11:05.569308

igs72pi60pw >> Image Returned >> 2020-11-23 09:11:05.572557

igs72pi60pw >> End >> 2020-11-23 09:11:05.767481

gqjzai03ssc >> Start >> 2020-11-23 09:11:25.120996

gqjzai03ssc >> Image Returned >> 2020-11-23 09:11:25.124144

gqjzai03ssc >> End >> 2020-11-23 09:11:25.318569

kshtg5tssrx >> Start >> 2020-11-23 09:20:39.276581

kshtg5tssrx >> Image Returned >> 2020-11-23 09:20:39.280055

kshtg5tssrx >> End >> 2020-11-23 09:20:39.471927

nuqsj0mjapj >> Start >> 2020-11-23 09:21:18.703325

nuqsj0mjapj >> Image Returned >> 2020-11-23 09:21:18.706484

nuqsj0mjapj >> End >> 2020-11-23 09:21:18.893475

v22ki44zma8 >> Start >> 2020-11-23 09:26:48.384634

v22ki44zma8 >> Image Returned >> 2020-11-23 09:26:48.389415

v22ki44zma8 >> End >> 2020-11-23 09:26:48.584738

4vc2afujis0 >> Start >> 2020-11-23 09:27:08.545408

4vc2afujis0 >> Image Returned >> 2020-11-23 09:27:08.548625

4vc2afujis0 >> End >> 2020-11-23 09:27:08.782356

okgoktpxxzx >> Start >> 2020-11-23 09:31:41.576493

okgoktpxxzx >> Image Returned >> 2020-11-23 09:31:41.579761

okgoktpxxzx >> End >> 2020-11-23 09:31:41.778553

afrfn60x7xi >> Start >> 2020-11-23 09:32:21.029577

afrfn60x7xi >> Image Returned >> 2020-11-23 09:32:21.032725

afrfn60x7xi >> End >> 2020-11-23 09:32:21.161767

gdbudp44f0s >> Start >> 2020-11-23 09:35:31.635257

gdbudp44f0s >> Image Returned >> 2020-11-23 09:35:31.638458

gdbudp44f0s >> End >> 2020-11-23 09:35:31.854708

58ph8hn2me6 >> Start >> 2020-11-23 09:36:23.230552

58ph8hn2me6 >> Image Returned >> 2020-11-23 09:36:23.233992

58ph8hn2me6 >> End >> 2020-11-23 09:36:23.434947

sdp3e5cfjvb >> Start >> 2020-11-23 09:38:27.777081

sdp3e5cfjvb >> Image Returned >> 2020-11-23 09:38:27.780527

sdp3e5cfjvb >> End >> 2020-11-23 09:38:28.021125

vuvwupqz6to >> Start >> 2020-11-23 09:39:27.653321

vuvwupqz6to >> Image Returned >> 2020-11-23 09:39:27.656496

vuvwupqz6to >> End >> 2020-11-23 09:39:27.853112

iuq4ougm2zc >> Start >> 2020-11-23 09:40:17.329139

iuq4ougm2zc >> Image Returned >> 2020-11-23 09:40:17.332515

iuq4ougm2zc >> End >> 2020-11-23 09:40:17.538667

35j0rbjbndn >> Start >> 2020-11-23 09:40:39.344798

35j0rbjbndn >> Image Returned >> 2020-11-23 09:40:39.347893

35j0rbjbndn >> End >> 2020-11-23 09:40:39.592547

efq2ptf7ek8 >> Start >> 2020-11-23 09:45:21.576543

efq2ptf7ek8 >> Image Returned >> 2020-11-23 09:45:21.580117

efq2ptf7ek8 >> End >> 2020-11-23 09:45:21.771528

ta4a2fimo3h >> Start >> 2020-11-23 09:47:22.201193

ta4a2fimo3h >> Image Returned >> 2020-11-23 09:47:22.204404

ta4a2fimo3h >> End >> 2020-11-23 09:47:22.402472

igtbfakf04o >> Start >> 2020-11-23 09:47:51.689166

igtbfakf04o >> Image Returned >> 2020-11-23 09:47:51.692600

igtbfakf04o >> End >> 2020-11-23 09:47:51.897094

gpqrgbenfv0 >> Start >> 2020-11-23 09:51:29.522054

gpqrgbenfv0 >> Image Returned >> 2020-11-23 09:51:29.525652

gpqrgbenfv0 >> End >> 2020-11-23 09:51:29.730983

radw6rrvswz >> Start >> 2020-11-23 09:53:00.941175

radw6rrvswz >> Image Returned >> 2020-11-23 09:53:00.944379

radw6rrvswz >> End >> 2020-11-23 09:53:01.157217

fqts237smry >> Start >> 2020-11-23 09:55:04.779266

fqts237smry >> Image Returned >> 2020-11-23 09:55:04.782958

fqts237smry >> End >> 2020-11-23 09:55:04.989644

hafaw4ebcqw >> Start >> 2020-11-23 09:57:19.333565

hafaw4ebcqw >> Image Returned >> 2020-11-23 09:57:19.336973

hafaw4ebcqw >> End >> 2020-11-23 09:57:19.698905

fmo370sw3ia >> Start >> 2020-11-23 09:58:51.459597

fmo370sw3ia >> Image Returned >> 2020-11-23 09:58:51.463206

fmo370sw3ia >> End >> 2020-11-23 09:58:51.670669

tcc8b24zx02 >> Start >> 2020-11-23 10:03:36.787621

tcc8b24zx02 >> Image Returned >> 2020-11-23 10:03:36.791008

tcc8b24zx02 >> End >> 2020-11-23 10:03:37.004581

weq346m6qoy >> Start >> 2020-11-23 10:03:53.922039

weq346m6qoy >> Image Returned >> 2020-11-23 10:03:53.925800

weq346m6qoy >> End >> 2020-11-23 10:03:54.127767

br27hx3gymn >> Start >> 2020-11-23 10:03:58.910490

br27hx3gymn >> Image Returned >> 2020-11-23 10:03:58.910975

br27hx3gymn >> End >> 2020-11-23 10:03:59.116667

poms6fuvciy >> Start >> 2020-11-23 10:12:55.373769

poms6fuvciy >> Image Returned >> 2020-11-23 10:12:55.377166

poms6fuvciy >> End >> 2020-11-23 10:12:55.572438

5ugs5f0op7j >> Start >> 2020-11-23 10:15:30.690481

5ugs5f0op7j >> Image Returned >> 2020-11-23 10:15:30.695557

5ugs5f0op7j >> End >> 2020-11-23 10:15:31.078639

nr0gd5z30r6 >> Start >> 2020-11-23 10:15:40.335210

nr0gd5z30r6 >> Image Returned >> 2020-11-23 10:15:40.335489

nr0gd5z30r6 >> End >> 2020-11-23 10:15:40.544567

g06a754w2yt >> Start >> 2020-11-23 10:15:48.574708

g06a754w2yt >> Image Returned >> 2020-11-23 10:15:48.575058

g06a754w2yt >> End >> 2020-11-23 10:15:48.768264

pmb3kexsx6d >> Start >> 2020-11-23 10:16:54.000299

pmb3kexsx6d >> Image Returned >> 2020-11-23 10:16:54.004004

pmb3kexsx6d >> End >> 2020-11-23 10:16:54.213798

4ygk7y78rj8 >> Start >> 2020-11-23 10:18:42.210715

4ygk7y78rj8 >> Image Returned >> 2020-11-23 10:18:42.214615

4ygk7y78rj8 >> End >> 2020-11-23 10:18:42.341409

3tyyuvsbcxj >> Start >> 2020-11-23 10:20:13.261246

3tyyuvsbcxj >> Image Returned >> 2020-11-23 10:20:13.264475

3tyyuvsbcxj >> End >> 2020-11-23 10:20:13.457753

6ocjubqusjw >> Start >> 2020-11-23 10:22:58.787044

6ocjubqusjw >> Image Returned >> 2020-11-23 10:22:58.790627

6ocjubqusjw >> End >> 2020-11-23 10:22:58.985492

nb7ih7a626f >> Start >> 2020-11-23 10:23:19.846188

nb7ih7a626f >> Image Returned >> 2020-11-23 10:23:19.850564

nb7ih7a626f >> End >> 2020-11-23 10:23:20.045236

nh35xexhq7d >> Start >> 2020-11-23 10:24:18.674525

nh35xexhq7d >> Image Returned >> 2020-11-23 10:24:18.677908

nh35xexhq7d >> End >> 2020-11-23 10:24:18.929583

gg8sow5jqny >> Start >> 2020-11-23 10:24:27.610340

gg8sow5jqny >> Image Returned >> 2020-11-23 10:24:27.610622

gg8sow5jqny >> End >> 2020-11-23 10:24:27.801202

0xs7yw2v8qk >> Start >> 2020-11-23 10:25:14.266041

0xs7yw2v8qk >> Image Returned >> 2020-11-23 10:25:14.269414

0xs7yw2v8qk >> End >> 2020-11-23 10:25:14.499640

wipc3sgb0cg >> Start >> 2020-11-23 10:28:17.415724

wipc3sgb0cg >> Image Returned >> 2020-11-23 10:28:17.419553

wipc3sgb0cg >> End >> 2020-11-23 10:28:17.614479

axpot48r4cz >> Start >> 2020-11-23 10:30:00.525552

axpot48r4cz >> Image Returned >> 2020-11-23 10:30:00.529376

axpot48r4cz >> End >> 2020-11-23 10:30:00.756233

f06xzvgis50 >> Start >> 2020-11-23 10:30:13.332511

f06xzvgis50 >> Image Returned >> 2020-11-23 10:30:13.335695

f06xzvgis50 >> End >> 2020-11-23 10:30:13.551126

qiasm2qx0p6 >> Start >> 2020-11-23 10:31:52.158478

qiasm2qx0p6 >> Image Returned >> 2020-11-23 10:31:52.161896

qiasm2qx0p6 >> End >> 2020-11-23 10:31:52.427460

sdojb32gjf6 >> Start >> 2020-11-23 10:32:22.215991

sdojb32gjf6 >> Image Returned >> 2020-11-23 10:32:22.219177

sdojb32gjf6 >> End >> 2020-11-23 10:32:22.416018

paquuqhpbdw >> Start >> 2020-11-23 10:34:06.791321

paquuqhpbdw >> Image Returned >> 2020-11-23 10:34:06.794606

paquuqhpbdw >> End >> 2020-11-23 10:34:07.051580

uu4qsbkxz35 >> Start >> 2020-11-23 10:41:24.983711

uu4qsbkxz35 >> Image Returned >> 2020-11-23 10:41:24.987059

uu4qsbkxz35 >> End >> 2020-11-23 10:41:25.114200

n54opd64o8f >> Start >> 2020-11-23 10:44:50.207690

n54opd64o8f >> Image Returned >> 2020-11-23 10:44:50.211560

n54opd64o8f >> End >> 2020-11-23 10:44:50.408179

oshbuk7v35m >> Start >> 2020-11-23 10:47:47.144009

oshbuk7v35m >> Image Returned >> 2020-11-23 10:47:47.148330

oshbuk7v35m >> End >> 2020-11-23 10:47:47.334965

ufhdzta0p6v >> Start >> 2020-11-23 10:50:30.872860

ufhdzta0p6v >> Image Returned >> 2020-11-23 10:50:30.876074

ufhdzta0p6v >> End >> 2020-11-23 10:50:31.075324

4dhry5i5wip >> Start >> 2020-11-23 10:53:30.432383

4dhry5i5wip >> Image Returned >> 2020-11-23 10:53:30.435604

4dhry5i5wip >> End >> 2020-11-23 10:53:30.629291

ke2tnzky4sz >> Start >> 2020-11-23 11:03:11.795402

ke2tnzky4sz >> Image Returned >> 2020-11-23 11:03:11.798922

ke2tnzky4sz >> End >> 2020-11-23 11:03:11.998573

76o63nb68d8 >> Start >> 2020-11-23 11:03:56.445487

76o63nb68d8 >> Image Returned >> 2020-11-23 11:03:56.449083

76o63nb68d8 >> End >> 2020-11-23 11:03:56.671734

c0zx0y2mb08 >> Start >> 2020-11-23 11:09:00.291068

c0zx0y2mb08 >> Image Returned >> 2020-11-23 11:09:00.294997

c0zx0y2mb08 >> End >> 2020-11-23 11:09:00.488626

qymiepekpy7 >> Start >> 2020-11-23 11:09:54.878580

qymiepekpy7 >> Image Returned >> 2020-11-23 11:09:54.883840

qymiepekpy7 >> End >> 2020-11-23 11:09:55.115827

nfm5noijoox >> Start >> 2020-11-23 11:12:05.537686

nfm5noijoox >> Image Returned >> 2020-11-23 11:12:05.541563

nfm5noijoox >> End >> 2020-11-23 11:12:05.774555

78rprnm3d0y >> Start >> 2020-11-23 11:12:34.535684

78rprnm3d0y >> Image Returned >> 2020-11-23 11:12:34.538923

78rprnm3d0y >> End >> 2020-11-23 11:12:34.740226

nk8cptf06cp >> Start >> 2020-11-23 11:12:57.409080

nk8cptf06cp >> Image Returned >> 2020-11-23 11:12:57.412480

nk8cptf06cp >> End >> 2020-11-23 11:12:57.605133

uk66isuznfo >> Start >> 2020-11-23 11:13:16.294481

uk66isuznfo >> Image Returned >> 2020-11-23 11:13:16.297683

uk66isuznfo >> End >> 2020-11-23 11:13:16.514005

ckhj5h06mnp >> Start >> 2020-11-23 11:16:20.249507

ckhj5h06mnp >> Image Returned >> 2020-11-23 11:16:20.253289

ckhj5h06mnp >> End >> 2020-11-23 11:16:20.406265

fvqrhq7ainq >> Start >> 2020-11-23 11:18:19.254666

fvqrhq7ainq >> Image Returned >> 2020-11-23 11:18:19.258181

fvqrhq7ainq >> End >> 2020-11-23 11:18:19.464617

0x3riyei3qf >> Start >> 2020-11-23 11:19:49.564243

0x3riyei3qf >> Image Returned >> 2020-11-23 11:19:49.567840

0x3riyei3qf >> End >> 2020-11-23 11:19:49.764985

agx3g84wi05 >> Start >> 2020-11-23 11:20:33.362611

agx3g84wi05 >> Image Returned >> 2020-11-23 11:20:33.367192

agx3g84wi05 >> End >> 2020-11-23 11:20:33.608697

c28zjkzjrjx >> Start >> 2020-11-23 11:21:34.512161

c28zjkzjrjx >> Image Returned >> 2020-11-23 11:21:34.515690

c28zjkzjrjx >> End >> 2020-11-23 11:21:34.712625

k64e7ifc2on >> Start >> 2020-11-23 11:29:42.326844

k64e7ifc2on >> Image Returned >> 2020-11-23 11:29:42.330163

k64e7ifc2on >> End >> 2020-11-23 11:29:42.528371

88kk2ugb6o8 >> Start >> 2020-11-23 11:32:22.474659

88kk2ugb6o8 >> Image Returned >> 2020-11-23 11:32:22.478064

88kk2ugb6o8 >> End >> 2020-11-23 11:32:22.699348

5pa2zmrya2w >> Start >> 2020-11-23 11:34:56.194762

5pa2zmrya2w >> Image Returned >> 2020-11-23 11:34:56.198573

5pa2zmrya2w >> End >> 2020-11-23 11:34:56.385379

v2gqhe85p7w >> Start >> 2020-11-23 11:35:06.194909

v2gqhe85p7w >> Image Returned >> 2020-11-23 11:35:06.195254

v2gqhe85p7w >> End >> 2020-11-23 11:35:06.393517

6offou6pqkg >> Start >> 2020-11-23 11:35:19.915446

6offou6pqkg >> Image Returned >> 2020-11-23 11:35:19.918679

6offou6pqkg >> End >> 2020-11-23 11:35:20.114921

vt06txujiko >> Start >> 2020-11-23 11:35:38.689548

vt06txujiko >> Image Returned >> 2020-11-23 11:35:38.692856

vt06txujiko >> End >> 2020-11-23 11:35:38.893444

fkyyndicuaw >> Start >> 2020-11-23 11:36:28.746191

fkyyndicuaw >> Image Returned >> 2020-11-23 11:36:28.749689

fkyyndicuaw >> End >> 2020-11-23 11:36:28.875936

8to6uvvwj4t >> Start >> 2020-11-23 11:37:27.906941

8to6uvvwj4t >> Image Returned >> 2020-11-23 11:37:27.910470

8to6uvvwj4t >> End >> 2020-11-23 11:37:28.124660

wbc4tx02tzp >> Start >> 2020-11-23 11:39:50.453321

wbc4tx02tzp >> Image Returned >> 2020-11-23 11:39:50.457568

wbc4tx02tzp >> End >> 2020-11-23 11:39:50.655057

bzmws3gj5gw >> Start >> 2020-11-23 11:39:52.453960

bzmws3gj5gw >> Image Returned >> 2020-11-23 11:39:52.454260

bzmws3gj5gw >> End >> 2020-11-23 11:39:52.673408

rr7kjc5r7d0 >> Start >> 2020-11-23 11:39:53.314572

rr7kjc5r7d0 >> Image Returned >> 2020-11-23 11:39:53.314862

rr7kjc5r7d0 >> End >> 2020-11-23 11:39:53.512844

m2rtth55asd >> Start >> 2020-11-23 11:41:40.119827

m2rtth55asd >> Image Returned >> 2020-11-23 11:41:40.123339

m2rtth55asd >> End >> 2020-11-23 11:41:40.314443

h08ac6657gw >> Start >> 2020-11-23 11:42:17.272265

h08ac6657gw >> Image Returned >> 2020-11-23 11:42:17.275729

h08ac6657gw >> End >> 2020-11-23 11:42:17.467811

rv6ti0sfz0t >> Start >> 2020-11-23 11:45:10.023235

rv6ti0sfz0t >> Image Returned >> 2020-11-23 11:45:10.026623

rv6ti0sfz0t >> End >> 2020-11-23 11:45:10.272977

j3sfyoqgsx2 >> Start >> 2020-11-23 11:52:46.012551

j3sfyoqgsx2 >> Image Returned >> 2020-11-23 11:52:46.016870

j3sfyoqgsx2 >> End >> 2020-11-23 11:52:46.223551

pbw5u87qhjr >> Start >> 2020-11-23 12:00:34.008922

pbw5u87qhjr >> Image Returned >> 2020-11-23 12:00:34.012789

pbw5u87qhjr >> End >> 2020-11-23 12:00:34.235165

b7n0oz542hd >> Start >> 2020-11-23 12:01:55.338517

b7n0oz542hd >> Image Returned >> 2020-11-23 12:01:55.342223

b7n0oz542hd >> End >> 2020-11-23 12:01:55.550050

mtwh7c0hgr0 >> Start >> 2020-11-23 12:08:20.093651

mtwh7c0hgr0 >> Image Returned >> 2020-11-23 12:08:20.097287

mtwh7c0hgr0 >> End >> 2020-11-23 12:08:20.227161

8tenzvzd7z3 >> Start >> 2020-11-23 12:10:47.448627

8tenzvzd7z3 >> Image Returned >> 2020-11-23 12:10:47.452287

8tenzvzd7z3 >> End >> 2020-11-23 12:10:47.654187

veaxqjsf6wi >> Start >> 2020-11-23 12:14:04.175803

veaxqjsf6wi >> Image Returned >> 2020-11-23 12:14:04.179266

veaxqjsf6wi >> End >> 2020-11-23 12:14:04.367198

i2vvk8p2zca >> Start >> 2020-11-23 12:15:05.734005

i2vvk8p2zca >> Image Returned >> 2020-11-23 12:15:05.734622

i2vvk8p2zca >> End >> 2020-11-23 12:15:05.927851

gpdjue4p65m >> Start >> 2020-11-23 12:16:18.634888

gpdjue4p65m >> Image Returned >> 2020-11-23 12:16:18.639885

gpdjue4p65m >> End >> 2020-11-23 12:16:18.837688

84yxusxe4ve >> Start >> 2020-11-23 12:17:03.258085

84yxusxe4ve >> Image Returned >> 2020-11-23 12:17:03.261374

84yxusxe4ve >> End >> 2020-11-23 12:17:03.390160

r2wppsrxbcd >> Start >> 2020-11-23 12:18:36.493326

r2wppsrxbcd >> Image Returned >> 2020-11-23 12:18:36.496958

r2wppsrxbcd >> End >> 2020-11-23 12:18:36.687196

fh3bww32mm7 >> Start >> 2020-11-23 12:18:44.259944

fh3bww32mm7 >> Image Returned >> 2020-11-23 12:18:44.260231

fh3bww32mm7 >> End >> 2020-11-23 12:18:44.450756

osxzfwewnrx >> Start >> 2020-11-23 12:22:47.347717

osxzfwewnrx >> Image Returned >> 2020-11-23 12:22:47.351464

osxzfwewnrx >> End >> 2020-11-23 12:22:47.553098

65zn5mvqfiy >> Start >> 2020-11-23 12:26:54.653614

65zn5mvqfiy >> Image Returned >> 2020-11-23 12:26:54.657363

65zn5mvqfiy >> End >> 2020-11-23 12:26:54.855669

ojiow58xi2m >> Start >> 2020-11-23 12:35:16.316122

ojiow58xi2m >> Image Returned >> 2020-11-23 12:35:16.319655

ojiow58xi2m >> End >> 2020-11-23 12:35:16.566061

ggbbpqjfwgu >> Start >> 2020-11-23 12:36:38.216068

ggbbpqjfwgu >> Image Returned >> 2020-11-23 12:36:38.220069

ggbbpqjfwgu >> End >> 2020-11-23 12:36:38.416847

fbcvbtxtwwk >> Start >> 2020-11-23 12:41:56.925484

fbcvbtxtwwk >> Image Returned >> 2020-11-23 12:41:56.929817

fbcvbtxtwwk >> End >> 2020-11-23 12:41:57.130047

tbomoafexht >> Start >> 2020-11-23 12:45:28.118733

tbomoafexht >> Image Returned >> 2020-11-23 12:45:28.122221

tbomoafexht >> End >> 2020-11-23 12:45:28.320046

ax843gop7ui >> Start >> 2020-11-23 12:47:16.075484

ax843gop7ui >> Image Returned >> 2020-11-23 12:47:16.079040

ax843gop7ui >> End >> 2020-11-23 12:47:16.269864

67osi6eee83 >> Start >> 2020-11-23 12:48:12.344199

67osi6eee83 >> Image Returned >> 2020-11-23 12:48:12.347927

67osi6eee83 >> End >> 2020-11-23 12:48:12.476680

xtpb5hbphba >> Start >> 2020-11-23 12:48:31.045519

xtpb5hbphba >> Image Returned >> 2020-11-23 12:48:31.049041

xtpb5hbphba >> End >> 2020-11-23 12:48:31.240397

4z5620yk43q >> Start >> 2020-11-23 12:55:03.026143

4z5620yk43q >> Image Returned >> 2020-11-23 12:55:03.029865

4z5620yk43q >> End >> 2020-11-23 12:55:03.310846

s268qqgk24n >> Start >> 2020-11-23 12:55:50.602283

s268qqgk24n >> Image Returned >> 2020-11-23 12:55:50.605688

s268qqgk24n >> End >> 2020-11-23 12:55:50.809739

7xvvsvdk2xf >> Start >> 2020-11-23 13:01:46.052045

7xvvsvdk2xf >> Image Returned >> 2020-11-23 13:01:46.055464

7xvvsvdk2xf >> End >> 2020-11-23 13:01:46.256457

vszsbg2txun >> Start >> 2020-11-23 13:03:15.518434

vszsbg2txun >> Image Returned >> 2020-11-23 13:03:15.522129

vszsbg2txun >> End >> 2020-11-23 13:03:15.720931

z7jtz75mwn6 >> Start >> 2020-11-23 13:04:26.130178

z7jtz75mwn6 >> Image Returned >> 2020-11-23 13:04:26.133822

z7jtz75mwn6 >> End >> 2020-11-23 13:04:26.341389

2kw7p3zjwyq >> Start >> 2020-11-23 13:06:04.936980

2kw7p3zjwyq >> Image Returned >> 2020-11-23 13:06:04.940943

2kw7p3zjwyq >> End >> 2020-11-23 13:06:05.137855

snf8g4yij2e >> Start >> 2020-11-23 13:11:42.899507

snf8g4yij2e >> Image Returned >> 2020-11-23 13:11:42.903178

snf8g4yij2e >> End >> 2020-11-23 13:11:43.161339

yf088x7064q >> Start >> 2020-11-23 13:12:34.656066

yf088x7064q >> Image Returned >> 2020-11-23 13:12:34.660078

yf088x7064q >> End >> 2020-11-23 13:12:34.911499

3y3nxi78ogy >> Start >> 2020-11-23 13:14:30.503150

3y3nxi78ogy >> Image Returned >> 2020-11-23 13:14:30.506575

3y3nxi78ogy >> End >> 2020-11-23 13:14:30.706146

bcogaynjyxk >> Start >> 2020-11-23 13:20:38.709057

bcogaynjyxk >> Image Returned >> 2020-11-23 13:20:38.712475

bcogaynjyxk >> End >> 2020-11-23 13:20:38.936862

d5accudhmet >> Start >> 2020-11-23 13:23:00.979288

d5accudhmet >> Image Returned >> 2020-11-23 13:23:00.982733

d5accudhmet >> End >> 2020-11-23 13:23:01.111129

dvomnby0wru >> Start >> 2020-11-23 13:29:32.301526

dvomnby0wru >> Image Returned >> 2020-11-23 13:29:32.305277

dvomnby0wru >> End >> 2020-11-23 13:29:32.509738

bbddmerdbqe >> Start >> 2020-11-23 13:32:32.881743

bbddmerdbqe >> Image Returned >> 2020-11-23 13:32:32.885329

bbddmerdbqe >> End >> 2020-11-23 13:32:33.075026

btdi2aja5is >> Start >> 2020-11-23 13:34:50.485131

btdi2aja5is >> Image Returned >> 2020-11-23 13:34:50.485672

btdi2aja5is >> End >> 2020-11-23 13:34:50.686640

m0nwtfpnzm7 >> Start >> 2020-11-23 13:35:08.847723

m0nwtfpnzm7 >> Image Returned >> 2020-11-23 13:35:08.848089

m0nwtfpnzm7 >> End >> 2020-11-23 13:35:09.091736

bfgwcv04zga >> Start >> 2020-11-23 13:42:39.542447

bfgwcv04zga >> Image Returned >> 2020-11-23 13:42:39.546482

bfgwcv04zga >> End >> 2020-11-23 13:42:39.826935

7adq26a64gi >> Start >> 2020-11-23 13:45:30.915926

7adq26a64gi >> Image Returned >> 2020-11-23 13:45:30.918838

7adq26a64gi >> End >> 2020-11-23 13:45:31.216331

fse6ynhbh6n >> Start >> 2020-11-23 13:45:49.278105

fse6ynhbh6n >> Image Returned >> 2020-11-23 13:45:49.281677

fse6ynhbh6n >> End >> 2020-11-23 13:45:49.503298

bczh85c5bnr >> Start >> 2020-11-23 13:47:57.805046

bczh85c5bnr >> Image Returned >> 2020-11-23 13:47:57.807964

bczh85c5bnr >> End >> 2020-11-23 13:47:58.008711

gjnsmjud2ap >> Start >> 2020-11-23 13:49:27.728739

gjnsmjud2ap >> Image Returned >> 2020-11-23 13:49:27.731394

gjnsmjud2ap >> End >> 2020-11-23 13:49:27.926769

00r0hwukkoe >> Start >> 2020-11-23 13:50:24.080862

00r0hwukkoe >> Image Returned >> 2020-11-23 13:50:24.083663

00r0hwukkoe >> End >> 2020-11-23 13:50:24.283643

ctdo5suwztt >> Start >> 2020-11-23 13:51:18.855659

ctdo5suwztt >> Image Returned >> 2020-11-23 13:51:18.858362

ctdo5suwztt >> End >> 2020-11-23 13:51:19.054121

o7s0n5j2qck >> Start >> 2020-11-23 13:51:35.051058

o7s0n5j2qck >> Image Returned >> 2020-11-23 13:51:35.053654

o7s0n5j2qck >> End >> 2020-11-23 13:51:35.252134

xoa84jy3ash >> Start >> 2020-11-23 13:54:05.339745

xoa84jy3ash >> Image Returned >> 2020-11-23 13:54:05.342498

xoa84jy3ash >> End >> 2020-11-23 13:54:05.538492

nn582aphfgr >> Start >> 2020-11-23 13:54:45.453795

nn582aphfgr >> Image Returned >> 2020-11-23 13:54:45.456454

nn582aphfgr >> End >> 2020-11-23 13:54:45.663147

rkn8kvfmxx6 >> Start >> 2020-11-23 13:57:21.796242

rkn8kvfmxx6 >> Image Returned >> 2020-11-23 13:57:21.799065

rkn8kvfmxx6 >> End >> 2020-11-23 13:57:21.992620

pp66nqwfyid >> Start >> 2020-11-23 13:57:26.081731

pp66nqwfyid >> Image Returned >> 2020-11-23 13:57:26.082046

pp66nqwfyid >> End >> 2020-11-23 13:57:26.278383

c0pbub64px5 >> Start >> 2020-11-23 13:59:03.353574

c0pbub64px5 >> Image Returned >> 2020-11-23 13:59:03.357522

c0pbub64px5 >> End >> 2020-11-23 13:59:03.559191

zq7cyq6kax6 >> Start >> 2020-11-23 14:00:25.959286

zq7cyq6kax6 >> Image Returned >> 2020-11-23 14:00:25.963044

zq7cyq6kax6 >> End >> 2020-11-23 14:00:26.158747

pxjvb0nim8c >> Start >> 2020-11-23 14:04:08.288100

pxjvb0nim8c >> Image Returned >> 2020-11-23 14:04:08.291268

pxjvb0nim8c >> End >> 2020-11-23 14:04:08.509598

b4oo8cedmfz >> Start >> 2020-11-23 14:04:08.912235

b4oo8cedmfz >> Image Returned >> 2020-11-23 14:04:08.912642

b4oo8cedmfz >> End >> 2020-11-23 14:04:09.154089

jyxi8c0gmjg >> Start >> 2020-11-23 14:08:01.838371

jyxi8c0gmjg >> Image Returned >> 2020-11-23 14:08:01.841594

jyxi8c0gmjg >> End >> 2020-11-23 14:08:02.080388

52qjc3m7o5q >> Start >> 2020-11-23 14:09:57.359375

52qjc3m7o5q >> Image Returned >> 2020-11-23 14:09:57.362247

52qjc3m7o5q >> End >> 2020-11-23 14:09:57.567776

3ey3a26sbpg >> Start >> 2020-11-23 14:10:11.132241

3ey3a26sbpg >> Image Returned >> 2020-11-23 14:10:11.134852

3ey3a26sbpg >> End >> 2020-11-23 14:10:11.335900

xktrm8myeig >> Start >> 2020-11-23 14:10:31.945492

xktrm8myeig >> Image Returned >> 2020-11-23 14:10:31.948106

xktrm8myeig >> End >> 2020-11-23 14:10:32.135449

gzyp474v432 >> Start >> 2020-11-23 14:10:46.860899

gzyp474v432 >> Image Returned >> 2020-11-23 14:10:46.864772

gzyp474v432 >> End >> 2020-11-23 14:10:47.077359

808fw2076yv >> Start >> 2020-11-23 14:10:58.533435

808fw2076yv >> Image Returned >> 2020-11-23 14:10:58.536288

808fw2076yv >> End >> 2020-11-23 14:10:58.729823

ks35xzcvwt6 >> Start >> 2020-11-23 14:11:50.663506

ks35xzcvwt6 >> Image Returned >> 2020-11-23 14:11:50.666503

ks35xzcvwt6 >> End >> 2020-11-23 14:11:50.867002

ko3b6px7n7n >> Start >> 2020-11-23 14:18:02.278107

ko3b6px7n7n >> Image Returned >> 2020-11-23 14:18:02.281202

ko3b6px7n7n >> End >> 2020-11-23 14:18:02.476233

aesjbdmu5ra >> Start >> 2020-11-23 14:18:08.958425

aesjbdmu5ra >> Image Returned >> 2020-11-23 14:18:08.958712

aesjbdmu5ra >> End >> 2020-11-23 14:18:09.187040

2unwei57f47 >> Start >> 2020-11-23 14:19:33.106569

2unwei57f47 >> Image Returned >> 2020-11-23 14:19:33.109253

2unwei57f47 >> End >> 2020-11-23 14:19:33.315546

uxthmimhve8 >> Start >> 2020-11-23 14:20:19.604259

uxthmimhve8 >> Image Returned >> 2020-11-23 14:20:19.607404

uxthmimhve8 >> End >> 2020-11-23 14:20:19.819284

reg4y4eqhu7 >> Start >> 2020-11-23 14:20:24.403902

reg4y4eqhu7 >> Image Returned >> 2020-11-23 14:20:24.404191

reg4y4eqhu7 >> End >> 2020-11-23 14:20:24.596074

chnadd00zkw >> Start >> 2020-11-23 14:20:56.287035

chnadd00zkw >> Image Returned >> 2020-11-23 14:20:56.290015

chnadd00zkw >> End >> 2020-11-23 14:20:56.478018

8ryvfu303vx >> Start >> 2020-11-23 14:24:01.571918

8ryvfu303vx >> Image Returned >> 2020-11-23 14:24:01.575503

8ryvfu303vx >> End >> 2020-11-23 14:24:01.768223

7y6c5io0co0 >> Start >> 2020-11-23 14:24:19.684554

7y6c5io0co0 >> Image Returned >> 2020-11-23 14:24:19.687589

7y6c5io0co0 >> End >> 2020-11-23 14:24:19.885546

osiry34dg7s >> Start >> 2020-11-23 14:24:55.564562

osiry34dg7s >> Image Returned >> 2020-11-23 14:24:55.568011

osiry34dg7s >> End >> 2020-11-23 14:24:55.759732

gyz202qvgsx >> Start >> 2020-11-23 14:26:40.168256

gyz202qvgsx >> Image Returned >> 2020-11-23 14:26:40.171225

gyz202qvgsx >> End >> 2020-11-23 14:26:40.364447

oqvdae3m7py >> Start >> 2020-11-23 14:27:33.201843

oqvdae3m7py >> Image Returned >> 2020-11-23 14:27:33.204493

oqvdae3m7py >> End >> 2020-11-23 14:27:33.417160

sjctonw2nkk >> Start >> 2020-11-23 14:28:22.529071

sjctonw2nkk >> Image Returned >> 2020-11-23 14:28:22.532267

sjctonw2nkk >> End >> 2020-11-23 14:28:22.722239

r4wgxjnqcbp >> Start >> 2020-11-23 14:32:04.174959

r4wgxjnqcbp >> Image Returned >> 2020-11-23 14:32:04.177783

r4wgxjnqcbp >> End >> 2020-11-23 14:32:04.381807

mmvcu53hyeb >> Start >> 2020-11-23 14:32:34.885046

mmvcu53hyeb >> Image Returned >> 2020-11-23 14:32:34.887646

mmvcu53hyeb >> End >> 2020-11-23 14:32:35.083563

e4iozwgiurj >> Start >> 2020-11-23 14:35:11.556965

e4iozwgiurj >> Image Returned >> 2020-11-23 14:35:11.560137

e4iozwgiurj >> End >> 2020-11-23 14:35:11.755270

0sebwsfefpy >> Start >> 2020-11-23 14:39:43.988933

0sebwsfefpy >> Image Returned >> 2020-11-23 14:39:43.991724

0sebwsfefpy >> End >> 2020-11-23 14:39:44.188990

2bowiuxi0ef >> Start >> 2020-11-23 14:40:59.343214

2bowiuxi0ef >> Image Returned >> 2020-11-23 14:40:59.346348

2bowiuxi0ef >> End >> 2020-11-23 14:40:59.539587

5ijukaj8nyk >> Start >> 2020-11-23 14:43:39.008084

5ijukaj8nyk >> Image Returned >> 2020-11-23 14:43:39.010957

5ijukaj8nyk >> End >> 2020-11-23 14:43:39.206788

y5v4yyw5sbs >> Start >> 2020-11-23 14:45:29.257927

y5v4yyw5sbs >> Image Returned >> 2020-11-23 14:45:29.261027

y5v4yyw5sbs >> End >> 2020-11-23 14:45:29.516515

xcp8vjvvg60 >> Start >> 2020-11-23 14:46:07.136378

xcp8vjvvg60 >> Image Returned >> 2020-11-23 14:46:07.139142

xcp8vjvvg60 >> End >> 2020-11-23 14:46:07.347589

2mzeuuivub3 >> Start >> 2020-11-23 14:46:58.696801

2mzeuuivub3 >> Image Returned >> 2020-11-23 14:46:58.699932

2mzeuuivub3 >> End >> 2020-11-23 14:46:58.898462

jyb6fjhdcjm >> Start >> 2020-11-23 14:47:31.532469

jyb6fjhdcjm >> Image Returned >> 2020-11-23 14:47:31.535501

jyb6fjhdcjm >> End >> 2020-11-23 14:47:31.751766

o6n75spatrg >> Start >> 2020-11-23 14:48:57.220026

o6n75spatrg >> Image Returned >> 2020-11-23 14:48:57.223340

o6n75spatrg >> End >> 2020-11-23 14:48:57.348583

xaz35ud4gdm >> Start >> 2020-11-23 14:51:32.751765

xaz35ud4gdm >> Image Returned >> 2020-11-23 14:51:32.754774

xaz35ud4gdm >> End >> 2020-11-23 14:51:32.950733

x5askt0vi8s >> Start >> 2020-11-23 14:53:24.020579

x5askt0vi8s >> Image Returned >> 2020-11-23 14:53:24.023333

x5askt0vi8s >> End >> 2020-11-23 14:53:24.236182

zff07nf8j7m >> Start >> 2020-11-23 14:53:48.280073

zff07nf8j7m >> Image Returned >> 2020-11-23 14:53:48.282892

zff07nf8j7m >> End >> 2020-11-23 14:53:48.408118

gqe36uo5j4g >> Start >> 2020-11-23 14:55:41.911989

gqe36uo5j4g >> Image Returned >> 2020-11-23 14:55:41.915106

gqe36uo5j4g >> End >> 2020-11-23 14:55:42.123303

hxnvdnn3ygf >> Start >> 2020-11-23 14:56:16.703474

hxnvdnn3ygf >> Image Returned >> 2020-11-23 14:56:16.706669

hxnvdnn3ygf >> End >> 2020-11-23 14:56:16.929075

uurrkcpr8fo >> Start >> 2020-11-23 14:57:51.598562

uurrkcpr8fo >> Image Returned >> 2020-11-23 14:57:51.601306

uurrkcpr8fo >> End >> 2020-11-23 14:57:51.793737

cf0yaeryueo >> Start >> 2020-11-23 14:59:40.571065

cf0yaeryueo >> Image Returned >> 2020-11-23 14:59:40.573868

cf0yaeryueo >> End >> 2020-11-23 14:59:40.786164

paig3i4tobb >> Start >> 2020-11-23 15:01:36.917123

paig3i4tobb >> Image Returned >> 2020-11-23 15:01:36.919958

paig3i4tobb >> End >> 2020-11-23 15:01:37.115864

2b7c4wjud7a >> Start >> 2020-11-23 15:01:37.255933

2b7c4wjud7a >> Image Returned >> 2020-11-23 15:01:37.256225

2b7c4wjud7a >> End >> 2020-11-23 15:01:37.446981

6xipyw0d8ji >> Start >> 2020-11-23 15:02:34.701402

6xipyw0d8ji >> Image Returned >> 2020-11-23 15:02:34.704485

6xipyw0d8ji >> End >> 2020-11-23 15:02:34.911828

ckajmwupun7 >> Start >> 2020-11-23 15:05:52.303134

ckajmwupun7 >> Image Returned >> 2020-11-23 15:05:52.306317

ckajmwupun7 >> End >> 2020-11-23 15:05:52.504518

h8eaz5nz3r4 >> Start >> 2020-11-23 15:08:12.748060

h8eaz5nz3r4 >> Image Returned >> 2020-11-23 15:08:12.751518

h8eaz5nz3r4 >> End >> 2020-11-23 15:08:12.961680

oxsvbp8hkvi >> Start >> 2020-11-23 15:08:32.955841

oxsvbp8hkvi >> Image Returned >> 2020-11-23 15:08:32.958575

oxsvbp8hkvi >> End >> 2020-11-23 15:08:33.158572

2gmewt7qtes >> Start >> 2020-11-23 15:08:35.592930

2gmewt7qtes >> Image Returned >> 2020-11-23 15:08:35.593214

2gmewt7qtes >> End >> 2020-11-23 15:08:35.800101

krxyz0pwjam >> Start >> 2020-11-23 15:08:35.922513

krxyz0pwjam >> Image Returned >> 2020-11-23 15:08:35.922800

krxyz0pwjam >> End >> 2020-11-23 15:08:36.164973

cetymoo8ucd >> Start >> 2020-11-23 15:11:05.397099

cetymoo8ucd >> Image Returned >> 2020-11-23 15:11:05.402010

cetymoo8ucd >> End >> 2020-11-23 15:11:05.600753

qkntzf0o4c3 >> Start >> 2020-11-23 15:13:47.797741

qkntzf0o4c3 >> Image Returned >> 2020-11-23 15:13:47.800506

qkntzf0o4c3 >> End >> 2020-11-23 15:13:48.024714

apqgv74cfz7 >> Start >> 2020-11-23 15:14:38.559474

apqgv74cfz7 >> Image Returned >> 2020-11-23 15:14:38.562731

apqgv74cfz7 >> End >> 2020-11-23 15:14:38.765455

k6yhu0axvqc >> Start >> 2020-11-23 15:14:54.351135

k6yhu0axvqc >> Image Returned >> 2020-11-23 15:14:54.354129

k6yhu0axvqc >> End >> 2020-11-23 15:14:54.625984

mosxbyi3uwj >> Start >> 2020-11-23 15:16:09.222299

mosxbyi3uwj >> Image Returned >> 2020-11-23 15:16:09.225200

mosxbyi3uwj >> End >> 2020-11-23 15:16:09.426487

shhugx2dmjt >> Start >> 2020-11-23 15:17:01.043113

shhugx2dmjt >> Image Returned >> 2020-11-23 15:17:01.046199

shhugx2dmjt >> End >> 2020-11-23 15:17:01.240091

tm6rjkbth8b >> Start >> 2020-11-23 15:17:02.367485

tm6rjkbth8b >> Image Returned >> 2020-11-23 15:17:02.367767

tm6rjkbth8b >> End >> 2020-11-23 15:17:02.564228

vounbxfhmj3 >> Start >> 2020-11-23 15:17:59.508666

vounbxfhmj3 >> Image Returned >> 2020-11-23 15:17:59.511893

vounbxfhmj3 >> End >> 2020-11-23 15:17:59.704760

2mrweijf677 >> Start >> 2020-11-23 15:18:56.758263

2mrweijf677 >> Image Returned >> 2020-11-23 15:18:56.761384

2mrweijf677 >> End >> 2020-11-23 15:18:56.956618

cvinqsp5trj >> Start >> 2020-11-23 15:23:29.615596

cvinqsp5trj >> Image Returned >> 2020-11-23 15:23:29.618354

cvinqsp5trj >> End >> 2020-11-23 15:23:29.818038

7r5kn8c3hb3 >> Start >> 2020-11-23 15:23:44.597389

7r5kn8c3hb3 >> Image Returned >> 2020-11-23 15:23:44.597683

7r5kn8c3hb3 >> End >> 2020-11-23 15:23:44.791650

zq0djct6byc >> Start >> 2020-11-23 15:24:15.294473

zq0djct6byc >> Image Returned >> 2020-11-23 15:24:15.297224

zq0djct6byc >> End >> 2020-11-23 15:24:15.495935

6upk8bg0cw7 >> Start >> 2020-11-23 15:24:26.631458

6upk8bg0cw7 >> Image Returned >> 2020-11-23 15:24:26.631767

6upk8bg0cw7 >> End >> 2020-11-23 15:24:26.842278

3o7sn6euitc >> Start >> 2020-11-23 15:24:29.976757

3o7sn6euitc >> Image Returned >> 2020-11-23 15:24:29.977238

3o7sn6euitc >> End >> 2020-11-23 15:24:30.168807

7sj6tqxht62 >> Start >> 2020-11-23 15:24:41.656807

7sj6tqxht62 >> Image Returned >> 2020-11-23 15:24:41.659548

7sj6tqxht62 >> End >> 2020-11-23 15:24:41.850760

5nx74ca36yv >> Start >> 2020-11-23 15:24:45.806222

5nx74ca36yv >> Image Returned >> 2020-11-23 15:24:45.806509

5nx74ca36yv >> End >> 2020-11-23 15:24:46.016448

eotd3bsfffo >> Start >> 2020-11-23 15:25:24.529155

eotd3bsfffo >> Image Returned >> 2020-11-23 15:25:24.532176

eotd3bsfffo >> End >> 2020-11-23 15:25:24.725735

j3npbkyar4g >> Start >> 2020-11-23 15:28:23.531096

j3npbkyar4g >> Image Returned >> 2020-11-23 15:28:23.535427

j3npbkyar4g >> End >> 2020-11-23 15:28:23.736411

wnnjve88azu >> Start >> 2020-11-23 15:29:22.438338

wnnjve88azu >> Image Returned >> 2020-11-23 15:29:22.441049

wnnjve88azu >> End >> 2020-11-23 15:29:22.640252

8kqbaht23if >> Start >> 2020-11-23 15:30:14.475580

8kqbaht23if >> Image Returned >> 2020-11-23 15:30:14.478343

8kqbaht23if >> End >> 2020-11-23 15:30:14.681982

mhvjbddanp4 >> Start >> 2020-11-23 15:31:07.955658

mhvjbddanp4 >> Image Returned >> 2020-11-23 15:31:07.958379

mhvjbddanp4 >> End >> 2020-11-23 15:31:08.148931

qzpyp27f3xn >> Start >> 2020-11-23 15:32:35.082365

qzpyp27f3xn >> Image Returned >> 2020-11-23 15:32:35.085159

qzpyp27f3xn >> End >> 2020-11-23 15:32:35.278768

xsdcpufyj2m >> Start >> 2020-11-23 15:34:06.801455

xsdcpufyj2m >> Image Returned >> 2020-11-23 15:34:06.804199

xsdcpufyj2m >> End >> 2020-11-23 15:34:07.040796

n4abxi4zfok >> Start >> 2020-11-23 15:34:30.956854

n4abxi4zfok >> Image Returned >> 2020-11-23 15:34:30.959619

n4abxi4zfok >> End >> 2020-11-23 15:34:31.083441

f2mkhhxntgn >> Start >> 2020-11-23 15:35:14.880867

f2mkhhxntgn >> Image Returned >> 2020-11-23 15:35:14.884196

f2mkhhxntgn >> End >> 2020-11-23 15:35:15.100341

qvzv6wxxpwi >> Start >> 2020-11-23 15:37:09.176525

qvzv6wxxpwi >> Image Returned >> 2020-11-23 15:37:09.179795

qvzv6wxxpwi >> End >> 2020-11-23 15:37:09.442661

478u0f6hnx5 >> Start >> 2020-11-23 15:37:43.192513

478u0f6hnx5 >> Image Returned >> 2020-11-23 15:37:43.195302

478u0f6hnx5 >> End >> 2020-11-23 15:37:43.391443

4p0c55vwhwp >> Start >> 2020-11-23 15:38:55.527513

4p0c55vwhwp >> Image Returned >> 2020-11-23 15:38:55.530780

4p0c55vwhwp >> End >> 2020-11-23 15:38:55.771461

7coicnt7fcr >> Start >> 2020-11-23 15:45:23.191330

7coicnt7fcr >> Image Returned >> 2020-11-23 15:45:23.195571

7coicnt7fcr >> End >> 2020-11-23 15:45:23.387125

ns3kidxnr2a >> Start >> 2020-11-23 15:46:29.947937

ns3kidxnr2a >> Image Returned >> 2020-11-23 15:46:29.950752

ns3kidxnr2a >> End >> 2020-11-23 15:46:30.167241

xakrgx57vks >> Start >> 2020-11-23 15:47:03.250911

xakrgx57vks >> Image Returned >> 2020-11-23 15:47:03.253823

xakrgx57vks >> End >> 2020-11-23 15:47:03.441224

ug2itr07deu >> Start >> 2020-11-23 15:47:44.699932

ug2itr07deu >> Image Returned >> 2020-11-23 15:47:44.702662

ug2itr07deu >> End >> 2020-11-23 15:47:44.925221

y3hcgehoo63 >> Start >> 2020-11-23 15:55:06.837289

y3hcgehoo63 >> Image Returned >> 2020-11-23 15:55:06.840306

y3hcgehoo63 >> End >> 2020-11-23 15:55:07.032941

eoph6tzwatx >> Start >> 2020-11-23 15:55:59.244896

eoph6tzwatx >> Image Returned >> 2020-11-23 15:55:59.247741

eoph6tzwatx >> End >> 2020-11-23 15:55:59.456176

atbug0vepuo >> Start >> 2020-11-23 15:58:30.419179

atbug0vepuo >> Image Returned >> 2020-11-23 15:58:30.422631

atbug0vepuo >> End >> 2020-11-23 15:58:30.635648

0vrtxne0fmc >> Start >> 2020-11-23 16:00:34.545201

0vrtxne0fmc >> Image Returned >> 2020-11-23 16:00:34.547983

0vrtxne0fmc >> End >> 2020-11-23 16:00:34.741626

sqg23wfgu8x >> Start >> 2020-11-23 16:02:40.935467

sqg23wfgu8x >> Image Returned >> 2020-11-23 16:02:40.938694

sqg23wfgu8x >> End >> 2020-11-23 16:02:41.139022

aejisrnzgqz >> Start >> 2020-11-23 16:03:04.381861

aejisrnzgqz >> Image Returned >> 2020-11-23 16:03:04.385128

aejisrnzgqz >> End >> 2020-11-23 16:03:04.583905

abdrreihrzn >> Start >> 2020-11-23 16:03:04.820745

abdrreihrzn >> Image Returned >> 2020-11-23 16:03:04.821047

abdrreihrzn >> End >> 2020-11-23 16:03:05.013375

a8zeuqqyj6f >> Start >> 2020-11-23 16:04:18.907264

a8zeuqqyj6f >> Image Returned >> 2020-11-23 16:04:18.910516

a8zeuqqyj6f >> End >> 2020-11-23 16:04:19.122203

veq2iozi7j2 >> Start >> 2020-11-23 16:04:55.067186

veq2iozi7j2 >> Image Returned >> 2020-11-23 16:04:55.070215

veq2iozi7j2 >> End >> 2020-11-23 16:04:55.262814

oi4gx8ffncv >> Start >> 2020-11-23 16:07:14.605665

oi4gx8ffncv >> Image Returned >> 2020-11-23 16:07:14.608486

oi4gx8ffncv >> End >> 2020-11-23 16:07:14.799290

6uc4u5ayb37 >> Start >> 2020-11-23 16:07:37.122152

6uc4u5ayb37 >> Image Returned >> 2020-11-23 16:07:37.126095

6uc4u5ayb37 >> End >> 2020-11-23 16:07:37.332223

jyv3nzq8syq >> Start >> 2020-11-23 16:09:53.766995

jyv3nzq8syq >> Image Returned >> 2020-11-23 16:09:53.769814

jyv3nzq8syq >> End >> 2020-11-23 16:09:53.976175

578ijks5ivu >> Start >> 2020-11-23 16:11:02.632482

578ijks5ivu >> Image Returned >> 2020-11-23 16:11:02.635616

578ijks5ivu >> End >> 2020-11-23 16:11:02.856034

u6r2gua8nek >> Start >> 2020-11-23 16:11:27.087217

u6r2gua8nek >> Image Returned >> 2020-11-23 16:11:27.090054

u6r2gua8nek >> End >> 2020-11-23 16:11:27.290199

rkj2knpge4m >> Start >> 2020-11-23 16:12:01.570848

rkj2knpge4m >> Image Returned >> 2020-11-23 16:12:01.574958

rkj2knpge4m >> End >> 2020-11-23 16:12:01.772198

d4c74espee8 >> Start >> 2020-11-23 16:14:22.971237

d4c74espee8 >> Image Returned >> 2020-11-23 16:14:22.973990

xwc4bjmrcwy >> Start >> 2020-11-23 16:14:22.981862

xwc4bjmrcwy >> Image Returned >> 2020-11-23 16:14:22.984256

d4c74espee8 >> End >> 2020-11-23 16:14:23.175939

xwc4bjmrcwy >> End >> 2020-11-23 16:14:23.195688

60nzpjy74k2 >> Start >> 2020-11-23 16:16:23.449973

60nzpjy74k2 >> Image Returned >> 2020-11-23 16:16:23.452737

60nzpjy74k2 >> End >> 2020-11-23 16:16:23.658698

r7j356mifnb >> Start >> 2020-11-23 16:16:40.086261

r7j356mifnb >> Image Returned >> 2020-11-23 16:16:40.089083

r7j356mifnb >> End >> 2020-11-23 16:16:40.297846

a0ehc46h66f >> Start >> 2020-11-23 16:17:19.082469

a0ehc46h66f >> Image Returned >> 2020-11-23 16:17:19.085896

a0ehc46h66f >> End >> 2020-11-23 16:17:19.302000

0mxmzb6bdzh >> Start >> 2020-11-23 16:21:28.905378

0mxmzb6bdzh >> Image Returned >> 2020-11-23 16:21:28.908318

0mxmzb6bdzh >> End >> 2020-11-23 16:21:29.098592

vtkq6ksu2j2 >> Start >> 2020-11-23 16:21:51.940778

vtkq6ksu2j2 >> Image Returned >> 2020-11-23 16:21:51.943537

vtkq6ksu2j2 >> End >> 2020-11-23 16:21:52.139345

6ukgydy6s2f >> Start >> 2020-11-23 16:22:22.043986

6ukgydy6s2f >> Image Returned >> 2020-11-23 16:22:22.047086

6ukgydy6s2f >> End >> 2020-11-23 16:22:22.241519

n7jx62mdcri >> Start >> 2020-11-23 16:23:39.107733

n7jx62mdcri >> Image Returned >> 2020-11-23 16:23:39.110965

n7jx62mdcri >> End >> 2020-11-23 16:23:39.308562

8gkj4v28t7n >> Start >> 2020-11-23 16:24:12.405513

8gkj4v28t7n >> Image Returned >> 2020-11-23 16:24:12.408266

8gkj4v28t7n >> End >> 2020-11-23 16:24:12.618247

pzax2dy0pa2 >> Start >> 2020-11-23 16:25:14.286458

pzax2dy0pa2 >> Image Returned >> 2020-11-23 16:25:14.289581

pzax2dy0pa2 >> End >> 2020-11-23 16:25:14.484183

vnt3v2uo2sr >> Start >> 2020-11-23 16:26:05.688729

vnt3v2uo2sr >> Image Returned >> 2020-11-23 16:26:05.691996

vnt3v2uo2sr >> End >> 2020-11-23 16:26:05.889995

6qzyunegfoc >> Start >> 2020-11-23 16:26:06.772974

6qzyunegfoc >> Image Returned >> 2020-11-23 16:26:06.773298

6qzyunegfoc >> End >> 2020-11-23 16:26:06.977721

m6cxx4diwu5 >> Start >> 2020-11-23 16:26:41.223289

m6cxx4diwu5 >> Image Returned >> 2020-11-23 16:26:41.226308

m6cxx4diwu5 >> End >> 2020-11-23 16:26:41.440253

jozw20avrf2 >> Start >> 2020-11-23 16:26:55.479460

jozw20avrf2 >> Image Returned >> 2020-11-23 16:26:55.482657

jozw20avrf2 >> End >> 2020-11-23 16:26:55.709929

tm4w33hg5qd >> Start >> 2020-11-23 16:27:03.573610

tm4w33hg5qd >> Image Returned >> 2020-11-23 16:27:03.573942

tm4w33hg5qd >> End >> 2020-11-23 16:27:03.773315

jrxwtpkxmrg >> Start >> 2020-11-23 16:27:41.859471

jrxwtpkxmrg >> Image Returned >> 2020-11-23 16:27:41.862221

jrxwtpkxmrg >> End >> 2020-11-23 16:27:42.084306

wmqhi6vefsk >> Start >> 2020-11-23 16:28:59.826610

wmqhi6vefsk >> Image Returned >> 2020-11-23 16:28:59.829788

wmqhi6vefsk >> End >> 2020-11-23 16:29:00.026319

2m2eqo7rxw8 >> Start >> 2020-11-23 16:29:12.359855

2m2eqo7rxw8 >> Image Returned >> 2020-11-23 16:29:12.362674

2m2eqo7rxw8 >> End >> 2020-11-23 16:29:12.555145

zeoqrz2zb57 >> Start >> 2020-11-23 16:30:12.388910

zeoqrz2zb57 >> Image Returned >> 2020-11-23 16:30:12.392066

zeoqrz2zb57 >> End >> 2020-11-23 16:30:12.588426

dq55nu4ns73 >> Start >> 2020-11-23 16:32:10.890182

dq55nu4ns73 >> Image Returned >> 2020-11-23 16:32:10.893274

dq55nu4ns73 >> End >> 2020-11-23 16:32:11.144023

arsqg3y27of >> Start >> 2020-11-23 16:33:12.594053

arsqg3y27of >> Image Returned >> 2020-11-23 16:33:12.597044

arsqg3y27of >> End >> 2020-11-23 16:33:12.817580

3hqgd47jgrg >> Start >> 2020-11-23 16:35:57.237252

3hqgd47jgrg >> Image Returned >> 2020-11-23 16:35:57.240689

3hqgd47jgrg >> End >> 2020-11-23 16:35:57.457050

gz6hpqxzbah >> Start >> 2020-11-23 16:39:53.348157

gz6hpqxzbah >> Image Returned >> 2020-11-23 16:39:53.350923

gz6hpqxzbah >> End >> 2020-11-23 16:39:53.648798

meucdzf72zh >> Start >> 2020-11-23 16:39:59.193810

meucdzf72zh >> Image Returned >> 2020-11-23 16:39:59.194186

meucdzf72zh >> End >> 2020-11-23 16:39:59.428368

vi8yu07wj7w >> Start >> 2020-11-23 16:39:59.529649

vi8yu07wj7w >> Image Returned >> 2020-11-23 16:39:59.530122

vi8yu07wj7w >> End >> 2020-11-23 16:39:59.793900

