4s50pgh38do >> Start >> 2020-09-10 00:47:49.807868

4s50pgh38do >> Image Returned >> 2020-09-10 00:47:49.813141

4s50pgh38do >> End >> 2020-09-10 00:47:49.963856

sucspngmkzn >> Start >> 2020-09-10 00:50:51.531925

sucspngmkzn >> Image Returned >> 2020-09-10 00:50:51.535371

sucspngmkzn >> End >> 2020-09-10 00:50:51.704184

isgiq2adgfo >> Start >> 2020-09-10 00:50:52.350045

isgiq2adgfo >> Image Returned >> 2020-09-10 00:50:52.350474

isgiq2adgfo >> End >> 2020-09-10 00:50:52.499017

r0kvgwn5842 >> Start >> 2020-09-10 00:55:56.316589

r0kvgwn5842 >> Image Returned >> 2020-09-10 00:55:56.322336

r0kvgwn5842 >> End >> 2020-09-10 00:55:56.499785

casvxq4ptn0 >> Start >> 2020-09-10 00:55:58.438271

casvxq4ptn0 >> Image Returned >> 2020-09-10 00:55:58.438564

casvxq4ptn0 >> End >> 2020-09-10 00:55:58.644941

5jp5qtagnv6 >> Start >> 2020-09-10 01:04:39.917835

5jp5qtagnv6 >> Image Returned >> 2020-09-10 01:04:39.922979

5jp5qtagnv6 >> End >> 2020-09-10 01:04:40.093323

brvmtmrsobt >> Start >> 2020-09-10 01:24:59.361471

brvmtmrsobt >> Image Returned >> 2020-09-10 01:24:59.365442

brvmtmrsobt >> End >> 2020-09-10 01:24:59.541763

684bhmbsnfg >> Start >> 2020-09-10 01:38:30.185082

684bhmbsnfg >> Image Returned >> 2020-09-10 01:38:30.188673

684bhmbsnfg >> End >> 2020-09-10 01:38:30.365487

q0fr5dbm03s >> Start >> 2020-09-10 01:53:20.199292

q0fr5dbm03s >> Image Returned >> 2020-09-10 01:53:20.204791

q0fr5dbm03s >> End >> 2020-09-10 01:53:20.350925

tbjq5cyhpns >> Start >> 2020-09-10 02:24:07.487066

tbjq5cyhpns >> Image Returned >> 2020-09-10 02:24:07.490559

tbjq5cyhpns >> End >> 2020-09-10 02:24:07.642976

faxunamoxbi >> Start >> 2020-09-10 02:30:38.315962

faxunamoxbi >> Image Returned >> 2020-09-10 02:30:38.319931

faxunamoxbi >> End >> 2020-09-10 02:30:38.470731

h67iww3j0tt >> Start >> 2020-09-10 02:36:44.143832

h67iww3j0tt >> Image Returned >> 2020-09-10 02:36:44.147752

h67iww3j0tt >> End >> 2020-09-10 02:36:44.300961

jobjcmzrn8z >> Start >> 2020-09-10 03:26:31.777522

jobjcmzrn8z >> Image Returned >> 2020-09-10 03:26:31.781539

jobjcmzrn8z >> End >> 2020-09-10 03:26:31.941107

kb2mzqd2fze >> Start >> 2020-09-10 03:27:29.407491

kb2mzqd2fze >> Image Returned >> 2020-09-10 03:27:29.411149

kb2mzqd2fze >> End >> 2020-09-10 03:27:29.559854

v856wwwheom >> Start >> 2020-09-10 03:34:06.348433

v856wwwheom >> Image Returned >> 2020-09-10 03:34:06.351840

v856wwwheom >> End >> 2020-09-10 03:34:06.502904

87f8dz50mi4 >> Start >> 2020-09-10 04:14:58.249046

87f8dz50mi4 >> Image Returned >> 2020-09-10 04:14:58.253283

87f8dz50mi4 >> End >> 2020-09-10 04:14:58.418900

zphsovugoxo >> Start >> 2020-09-10 04:19:57.179358

zphsovugoxo >> Image Returned >> 2020-09-10 04:19:57.182696

zphsovugoxo >> End >> 2020-09-10 04:19:57.333520

bxdto60u24q >> Start >> 2020-09-10 04:38:44.447597

bxdto60u24q >> Image Returned >> 2020-09-10 04:38:44.451349

bxdto60u24q >> End >> 2020-09-10 04:38:44.610986

g44aibmx0yw >> Start >> 2020-09-10 04:39:11.391721

g44aibmx0yw >> Image Returned >> 2020-09-10 04:39:11.394962

g44aibmx0yw >> End >> 2020-09-10 04:39:11.552369

f3afipm2ydw >> Start >> 2020-09-10 04:55:14.328582

f3afipm2ydw >> Image Returned >> 2020-09-10 04:55:14.332767

f3afipm2ydw >> End >> 2020-09-10 04:55:14.482961

qqro5v7pf44 >> Start >> 2020-09-10 04:59:16.691219

qqro5v7pf44 >> Image Returned >> 2020-09-10 04:59:16.696609

qqro5v7pf44 >> End >> 2020-09-10 04:59:16.844436

yihtn5vyw3w >> Start >> 2020-09-10 05:04:53.365466

yihtn5vyw3w >> Image Returned >> 2020-09-10 05:04:53.369218

yihtn5vyw3w >> End >> 2020-09-10 05:04:53.527064

04tp6q2grtn >> Start >> 2020-09-10 05:18:22.018445

04tp6q2grtn >> Image Returned >> 2020-09-10 05:18:22.022419

04tp6q2grtn >> End >> 2020-09-10 05:18:22.187694

z3z55rjy5r6 >> Start >> 2020-09-10 05:32:36.076807

z3z55rjy5r6 >> Image Returned >> 2020-09-10 05:32:36.080916

z3z55rjy5r6 >> End >> 2020-09-10 05:32:36.238023

74bnvbzevzq >> Start >> 2020-09-10 05:33:01.873773

74bnvbzevzq >> Image Returned >> 2020-09-10 05:33:01.877130

74bnvbzevzq >> End >> 2020-09-10 05:33:02.048335

b5r2ckkc6nf >> Start >> 2020-09-10 05:35:27.968314

b5r2ckkc6nf >> Image Returned >> 2020-09-10 05:35:27.972038

b5r2ckkc6nf >> End >> 2020-09-10 05:35:28.137548

kxydtukqhvd >> Start >> 2020-09-10 05:48:55.039408

kxydtukqhvd >> Image Returned >> 2020-09-10 05:48:55.043458

kxydtukqhvd >> End >> 2020-09-10 05:48:55.215001

uenjc8yajtk >> Start >> 2020-09-10 05:56:35.811072

uenjc8yajtk >> Image Returned >> 2020-09-10 05:56:35.814701

uenjc8yajtk >> End >> 2020-09-10 05:56:35.974112

i25n73ndszn >> Start >> 2020-09-10 06:00:41.733309

i25n73ndszn >> Image Returned >> 2020-09-10 06:00:41.736593

i25n73ndszn >> End >> 2020-09-10 06:00:41.888847

atg8xqgka8h >> Start >> 2020-09-10 06:02:31.842900

atg8xqgka8h >> Image Returned >> 2020-09-10 06:02:31.846611

atg8xqgka8h >> End >> 2020-09-10 06:02:31.999790

xftgk7m6u5s >> Start >> 2020-09-10 06:09:16.332262

xftgk7m6u5s >> Image Returned >> 2020-09-10 06:09:16.337187

xftgk7m6u5s >> End >> 2020-09-10 06:09:16.499216

ubj78aps5o7 >> Start >> 2020-09-10 06:17:15.109961

ubj78aps5o7 >> Image Returned >> 2020-09-10 06:17:15.113639

ubj78aps5o7 >> End >> 2020-09-10 06:17:15.267653

kgxbdt5bm54 >> Start >> 2020-09-10 06:25:27.188009

kgxbdt5bm54 >> Image Returned >> 2020-09-10 06:25:27.191966

kgxbdt5bm54 >> End >> 2020-09-10 06:25:27.348433

0nkc44hr3gy >> Start >> 2020-09-10 06:34:47.822211

0nkc44hr3gy >> Image Returned >> 2020-09-10 06:34:47.825898

0nkc44hr3gy >> End >> 2020-09-10 06:34:47.985100

avwk6b5g3tk >> Start >> 2020-09-10 06:34:48.339158

avwk6b5g3tk >> Image Returned >> 2020-09-10 06:34:48.339446

avwk6b5g3tk >> End >> 2020-09-10 06:34:48.506757

a48ukdhkfi8 >> Start >> 2020-09-10 06:39:40.435367

a48ukdhkfi8 >> Image Returned >> 2020-09-10 06:39:40.439168

a48ukdhkfi8 >> End >> 2020-09-10 06:39:40.602715

5atmjxqxgi3 >> Start >> 2020-09-10 06:53:28.286628

5atmjxqxgi3 >> Image Returned >> 2020-09-10 06:53:28.290585

5atmjxqxgi3 >> End >> 2020-09-10 06:53:28.443696

sbfp0qcw2gf >> Start >> 2020-09-10 06:53:29.226515

sbfp0qcw2gf >> Image Returned >> 2020-09-10 06:53:29.226819

sbfp0qcw2gf >> End >> 2020-09-10 06:53:29.379899

ynkaz33e7ff >> Start >> 2020-09-10 07:10:33.019195

ynkaz33e7ff >> Image Returned >> 2020-09-10 07:10:33.022541

ynkaz33e7ff >> End >> 2020-09-10 07:10:33.178956

j2uzvqezsxo >> Start >> 2020-09-10 07:17:01.656763

j2uzvqezsxo >> Image Returned >> 2020-09-10 07:17:01.660140

j2uzvqezsxo >> End >> 2020-09-10 07:17:01.819294

37epqh4kx0b >> Start >> 2020-09-10 07:22:34.761907

37epqh4kx0b >> Image Returned >> 2020-09-10 07:22:34.765249

37epqh4kx0b >> End >> 2020-09-10 07:22:34.918335

3sjeu7f0g6n >> Start >> 2020-09-10 07:24:33.458436

3sjeu7f0g6n >> Image Returned >> 2020-09-10 07:24:33.461983

3sjeu7f0g6n >> End >> 2020-09-10 07:24:33.643301

o0sh6r4jek5 >> Start >> 2020-09-10 07:25:00.779844

o0sh6r4jek5 >> Image Returned >> 2020-09-10 07:25:00.783173

o0sh6r4jek5 >> End >> 2020-09-10 07:25:00.953938

xsuwgmmbu7x >> Start >> 2020-09-10 07:26:26.783888

xsuwgmmbu7x >> Image Returned >> 2020-09-10 07:26:26.787492

xsuwgmmbu7x >> End >> 2020-09-10 07:26:26.994714

op4iwjic5bb >> Start >> 2020-09-10 07:29:30.446763

op4iwjic5bb >> Image Returned >> 2020-09-10 07:29:30.450520

op4iwjic5bb >> End >> 2020-09-10 07:29:30.615292

juudr3vakpk >> Start >> 2020-09-10 07:42:58.990818

juudr3vakpk >> Image Returned >> 2020-09-10 07:42:58.994925

juudr3vakpk >> End >> 2020-09-10 07:42:59.165339

j34rupaahwf >> Start >> 2020-09-10 08:01:47.301582

j34rupaahwf >> Image Returned >> 2020-09-10 08:01:47.304968

j34rupaahwf >> End >> 2020-09-10 08:01:47.461056

34irb6y5fwp >> Start >> 2020-09-10 08:12:53.089622

34irb6y5fwp >> Image Returned >> 2020-09-10 08:12:53.093481

34irb6y5fwp >> End >> 2020-09-10 08:12:53.254154

0sp38me3k70 >> Start >> 2020-09-10 08:30:36.444232

0sp38me3k70 >> Image Returned >> 2020-09-10 08:30:36.447559

0sp38me3k70 >> End >> 2020-09-10 08:30:36.602653

0m8qhyxhuzr >> Start >> 2020-09-10 08:31:00.346282

0m8qhyxhuzr >> Image Returned >> 2020-09-10 08:31:00.350189

0m8qhyxhuzr >> End >> 2020-09-10 08:31:00.507198

8pj54oevddw >> Start >> 2020-09-10 08:31:48.458904

8pj54oevddw >> Image Returned >> 2020-09-10 08:31:48.462209

8pj54oevddw >> End >> 2020-09-10 08:31:48.618243

pj6b3qtxft0 >> Start >> 2020-09-10 08:32:23.800420

pj6b3qtxft0 >> Image Returned >> 2020-09-10 08:32:23.803713

pj6b3qtxft0 >> End >> 2020-09-10 08:32:23.960292

cek50b286p7 >> Start >> 2020-09-10 08:33:51.364109

cek50b286p7 >> Image Returned >> 2020-09-10 08:33:51.367814

cek50b286p7 >> End >> 2020-09-10 08:33:51.521280

snsuwspykfb >> Start >> 2020-09-10 08:47:52.436429

snsuwspykfb >> Image Returned >> 2020-09-10 08:47:52.440099

snsuwspykfb >> End >> 2020-09-10 08:47:52.595824

mkoihksrgs7 >> Start >> 2020-09-10 08:49:41.291904

mkoihksrgs7 >> Image Returned >> 2020-09-10 08:49:41.295419

mkoihksrgs7 >> End >> 2020-09-10 08:49:41.450577

rgcs508mdq2 >> Start >> 2020-09-10 08:51:23.557894

rgcs508mdq2 >> Image Returned >> 2020-09-10 08:51:23.561569

rgcs508mdq2 >> End >> 2020-09-10 08:51:23.732120

5dyzjwdjp7x >> Start >> 2020-09-10 09:00:45.716658

5dyzjwdjp7x >> Image Returned >> 2020-09-10 09:00:45.721636

5dyzjwdjp7x >> End >> 2020-09-10 09:00:45.922099

oq0mosgufy5 >> Start >> 2020-09-10 09:02:16.039438

oq0mosgufy5 >> Image Returned >> 2020-09-10 09:02:16.042716

oq0mosgufy5 >> End >> 2020-09-10 09:02:16.193425

fdfh8nyvor7 >> Start >> 2020-09-10 09:04:46.231348

fdfh8nyvor7 >> Image Returned >> 2020-09-10 09:04:46.234791

fdfh8nyvor7 >> End >> 2020-09-10 09:04:46.399466

vp47yt7vsrp >> Start >> 2020-09-10 09:09:23.219837

vp47yt7vsrp >> Image Returned >> 2020-09-10 09:09:23.223839

vp47yt7vsrp >> End >> 2020-09-10 09:09:23.384287

rxw0cytgvif >> Start >> 2020-09-10 09:14:06.432096

rxw0cytgvif >> Image Returned >> 2020-09-10 09:14:06.435925

rxw0cytgvif >> End >> 2020-09-10 09:14:06.591820

dnq20d6prat >> Start >> 2020-09-10 09:15:22.951559

dnq20d6prat >> Image Returned >> 2020-09-10 09:15:22.955013

dnq20d6prat >> End >> 2020-09-10 09:15:23.117636

vjv5bp4krkz >> Start >> 2020-09-10 09:20:51.251264

vjv5bp4krkz >> Image Returned >> 2020-09-10 09:20:51.255089

vjv5bp4krkz >> End >> 2020-09-10 09:20:51.414432

zjmq0q05jth >> Start >> 2020-09-10 09:23:25.024491

zjmq0q05jth >> Image Returned >> 2020-09-10 09:23:25.027997

zjmq0q05jth >> End >> 2020-09-10 09:23:25.210967

8kbxjhym4we >> Start >> 2020-09-10 09:24:03.107151

8kbxjhym4we >> Image Returned >> 2020-09-10 09:24:03.110527

8kbxjhym4we >> End >> 2020-09-10 09:24:03.241658

cojchsvb5r3 >> Start >> 2020-09-10 09:24:18.463335

cojchsvb5r3 >> Image Returned >> 2020-09-10 09:24:18.466744

cojchsvb5r3 >> End >> 2020-09-10 09:24:18.620109

g3tgx5pnrz5 >> Start >> 2020-09-10 09:31:41.358098

g3tgx5pnrz5 >> Image Returned >> 2020-09-10 09:31:41.361529

g3tgx5pnrz5 >> End >> 2020-09-10 09:31:41.519984

vwdemaf22zx >> Start >> 2020-09-10 09:32:44.758635

vwdemaf22zx >> Image Returned >> 2020-09-10 09:32:44.762558

vwdemaf22zx >> End >> 2020-09-10 09:32:45.236649

txtcq4m7pxo >> Start >> 2020-09-10 09:33:47.565896

txtcq4m7pxo >> Image Returned >> 2020-09-10 09:33:47.570935

txtcq4m7pxo >> End >> 2020-09-10 09:33:47.724741

e5y5imftuth >> Start >> 2020-09-10 09:39:56.041038

e5y5imftuth >> Image Returned >> 2020-09-10 09:39:56.044939

e5y5imftuth >> End >> 2020-09-10 09:39:56.195753

o2w3qhu0gsp >> Start >> 2020-09-10 09:44:30.231689

o2w3qhu0gsp >> Image Returned >> 2020-09-10 09:44:30.236063

o2w3qhu0gsp >> End >> 2020-09-10 09:44:30.390002

cjxqp4excgv >> Start >> 2020-09-10 09:50:28.007999

cjxqp4excgv >> Image Returned >> 2020-09-10 09:50:28.011329

cjxqp4excgv >> End >> 2020-09-10 09:50:28.174595

ph7ox2n48gb >> Start >> 2020-09-10 10:00:22.457251

ph7ox2n48gb >> Image Returned >> 2020-09-10 10:00:22.460721

ph7ox2n48gb >> End >> 2020-09-10 10:00:22.617552

yzj7wkwbfj7 >> Start >> 2020-09-10 10:00:39.013647

yzj7wkwbfj7 >> Image Returned >> 2020-09-10 10:00:39.017257

yzj7wkwbfj7 >> End >> 2020-09-10 10:00:39.170300

u2rpoww67yd >> Start >> 2020-09-10 10:02:14.881849

u2rpoww67yd >> Image Returned >> 2020-09-10 10:02:14.885931

u2rpoww67yd >> End >> 2020-09-10 10:02:15.038749

kycv2eevuax >> Start >> 2020-09-10 10:04:58.419085

kycv2eevuax >> Image Returned >> 2020-09-10 10:04:58.423799

kycv2eevuax >> End >> 2020-09-10 10:04:58.578010

3riuoprh7eu >> Start >> 2020-09-10 10:09:19.919614

3riuoprh7eu >> Image Returned >> 2020-09-10 10:09:19.924151

3riuoprh7eu >> End >> 2020-09-10 10:09:20.090421

z4kc6635k77 >> Start >> 2020-09-10 10:13:06.015508

z4kc6635k77 >> Image Returned >> 2020-09-10 10:13:06.018932

z4kc6635k77 >> End >> 2020-09-10 10:13:06.175003

c37h202a82y >> Start >> 2020-09-10 10:13:13.019714

c37h202a82y >> Image Returned >> 2020-09-10 10:13:13.020065

c37h202a82y >> End >> 2020-09-10 10:13:13.173753

x5t4b0cnhkm >> Start >> 2020-09-10 10:13:19.527704

x5t4b0cnhkm >> Image Returned >> 2020-09-10 10:13:19.528026

x5t4b0cnhkm >> End >> 2020-09-10 10:13:19.679208

5awn20b357w >> Start >> 2020-09-10 10:14:17.855422

5awn20b357w >> Image Returned >> 2020-09-10 10:14:17.858711

5awn20b357w >> End >> 2020-09-10 10:14:18.006778

qjgdeqsdr4q >> Start >> 2020-09-10 10:27:26.059633

qjgdeqsdr4q >> Image Returned >> 2020-09-10 10:27:26.063133

qjgdeqsdr4q >> End >> 2020-09-10 10:27:26.232134

baoqqmov82d >> Start >> 2020-09-10 10:28:56.210056

baoqqmov82d >> Image Returned >> 2020-09-10 10:28:56.214154

baoqqmov82d >> End >> 2020-09-10 10:28:56.369438

o8nvwocbdwn >> Start >> 2020-09-10 10:28:56.425142

o8nvwocbdwn >> Image Returned >> 2020-09-10 10:28:56.425450

o8nvwocbdwn >> End >> 2020-09-10 10:28:56.578346

vd0y0phus5q >> Start >> 2020-09-10 10:30:20.550812

vd0y0phus5q >> Image Returned >> 2020-09-10 10:30:20.554182

vd0y0phus5q >> End >> 2020-09-10 10:30:20.723206

wm7dum88itj >> Start >> 2020-09-10 10:41:26.936130

wm7dum88itj >> Image Returned >> 2020-09-10 10:41:26.939850

wm7dum88itj >> End >> 2020-09-10 10:41:27.066201

ngpb8jggcbo >> Start >> 2020-09-10 10:43:24.950794

ngpb8jggcbo >> Image Returned >> 2020-09-10 10:43:24.954690

ngpb8jggcbo >> End >> 2020-09-10 10:43:25.121126

bvhum65eeqt >> Start >> 2020-09-10 10:47:03.670504

bvhum65eeqt >> Image Returned >> 2020-09-10 10:47:03.674453

bvhum65eeqt >> End >> 2020-09-10 10:47:03.890753

4k6e8o6dssc >> Start >> 2020-09-10 10:47:15.966780

4k6e8o6dssc >> Image Returned >> 2020-09-10 10:47:15.970175

4k6e8o6dssc >> End >> 2020-09-10 10:47:16.159919

4qy84ij0mc2 >> Start >> 2020-09-10 10:47:41.997050

4qy84ij0mc2 >> Image Returned >> 2020-09-10 10:47:42.000636

4qy84ij0mc2 >> End >> 2020-09-10 10:47:42.183634

sj4go7cj7kt >> Start >> 2020-09-10 11:00:29.015130

sj4go7cj7kt >> Image Returned >> 2020-09-10 11:00:29.018584

sj4go7cj7kt >> End >> 2020-09-10 11:00:29.186661

uxne8bxojxv >> Start >> 2020-09-10 11:04:52.025850

uxne8bxojxv >> Image Returned >> 2020-09-10 11:04:52.029587

uxne8bxojxv >> End >> 2020-09-10 11:04:52.189508

4fvf452esi7 >> Start >> 2020-09-10 11:07:36.023107

4fvf452esi7 >> Image Returned >> 2020-09-10 11:07:36.026518

4fvf452esi7 >> End >> 2020-09-10 11:07:36.181838

r2okwwscs0g >> Start >> 2020-09-10 11:11:13.941421

r2okwwscs0g >> Image Returned >> 2020-09-10 11:11:13.945265

r2okwwscs0g >> End >> 2020-09-10 11:11:14.104546

vvtf3gceu84 >> Start >> 2020-09-10 11:13:19.895067

vvtf3gceu84 >> Image Returned >> 2020-09-10 11:13:19.900068

vvtf3gceu84 >> End >> 2020-09-10 11:13:20.056967

5s27obm6a0j >> Start >> 2020-09-10 11:14:18.339811

5s27obm6a0j >> Image Returned >> 2020-09-10 11:14:18.343657

5s27obm6a0j >> End >> 2020-09-10 11:14:18.512342

axmobubi4qs >> Start >> 2020-09-10 11:19:28.761948

axmobubi4qs >> Image Returned >> 2020-09-10 11:19:28.766484

axmobubi4qs >> End >> 2020-09-10 11:19:28.904200

7ykf3f60cg5 >> Start >> 2020-09-10 11:19:33.640106

7ykf3f60cg5 >> Image Returned >> 2020-09-10 11:19:33.640419

7ykf3f60cg5 >> End >> 2020-09-10 11:19:33.789906

graf75ucdaw >> Start >> 2020-09-10 11:24:31.100353

graf75ucdaw >> Image Returned >> 2020-09-10 11:24:31.103941

graf75ucdaw >> End >> 2020-09-10 11:24:31.266858

zdk62gkzm76 >> Start >> 2020-09-10 11:25:28.235157

zdk62gkzm76 >> Image Returned >> 2020-09-10 11:25:28.238914

zdk62gkzm76 >> End >> 2020-09-10 11:25:28.403376

dcr73ry0xii >> Start >> 2020-09-10 11:26:19.080329

dcr73ry0xii >> Image Returned >> 2020-09-10 11:26:19.084224

dcr73ry0xii >> End >> 2020-09-10 11:26:19.241856

bx6muyqt0n3 >> Start >> 2020-09-10 11:28:36.775429

bx6muyqt0n3 >> Image Returned >> 2020-09-10 11:28:36.778945

bx6muyqt0n3 >> End >> 2020-09-10 11:28:36.926961

soktbcwg7ka >> Start >> 2020-09-10 11:42:44.186450

soktbcwg7ka >> Image Returned >> 2020-09-10 11:42:44.191322

soktbcwg7ka >> End >> 2020-09-10 11:42:44.361435

tfeae730ixu >> Start >> 2020-09-10 11:46:34.687973

tfeae730ixu >> Image Returned >> 2020-09-10 11:46:34.691423

tfeae730ixu >> End >> 2020-09-10 11:46:34.873225

5fdi8fahna8 >> Start >> 2020-09-10 11:51:06.105324

5fdi8fahna8 >> Image Returned >> 2020-09-10 11:51:06.109147

5fdi8fahna8 >> End >> 2020-09-10 11:51:06.264918

injzhn8tbuu >> Start >> 2020-09-10 11:51:08.105215

injzhn8tbuu >> Image Returned >> 2020-09-10 11:51:08.105499

injzhn8tbuu >> End >> 2020-09-10 11:51:08.263497

gmhs5j0onki >> Start >> 2020-09-10 11:52:10.892658

gmhs5j0onki >> Image Returned >> 2020-09-10 11:52:10.896079

gmhs5j0onki >> End >> 2020-09-10 11:52:11.053735

mdwmmyaxz8r >> Start >> 2020-09-10 11:52:33.672738

mdwmmyaxz8r >> Image Returned >> 2020-09-10 11:52:33.676260

mdwmmyaxz8r >> End >> 2020-09-10 11:52:33.835927

fiwu0rauiqp >> Start >> 2020-09-10 11:55:24.072098

fiwu0rauiqp >> Image Returned >> 2020-09-10 11:55:24.076452

fiwu0rauiqp >> End >> 2020-09-10 11:55:24.239088

bs54672xdbm >> Start >> 2020-09-10 11:56:19.578244

bs54672xdbm >> Image Returned >> 2020-09-10 11:56:19.582118

bs54672xdbm >> End >> 2020-09-10 11:56:19.739371

xh7i4o7dsik >> Start >> 2020-09-10 11:56:25.978980

xh7i4o7dsik >> Image Returned >> 2020-09-10 11:56:25.979274

xh7i4o7dsik >> End >> 2020-09-10 11:56:26.126358

asy3p82g0uf >> Start >> 2020-09-10 11:58:15.404797

asy3p82g0uf >> Image Returned >> 2020-09-10 11:58:15.409121

asy3p82g0uf >> End >> 2020-09-10 11:58:15.572895

5xp4mknaz7q >> Start >> 2020-09-10 11:59:45.361709

5xp4mknaz7q >> Image Returned >> 2020-09-10 11:59:45.365184

5xp4mknaz7q >> End >> 2020-09-10 11:59:45.548057

2tkieesitun >> Start >> 2020-09-10 11:59:50.819133

2tkieesitun >> Image Returned >> 2020-09-10 11:59:50.819497

2tkieesitun >> End >> 2020-09-10 11:59:50.979813

gxmgtzsb7u6 >> Start >> 2020-09-10 12:00:00.730518

gxmgtzsb7u6 >> Image Returned >> 2020-09-10 12:00:00.730834

vdo7ns83v0a >> Start >> 2020-09-10 12:00:00.734668

vdo7ns83v0a >> Image Returned >> 2020-09-10 12:00:00.739568

gxmgtzsb7u6 >> End >> 2020-09-10 12:00:00.862389

vdo7ns83v0a >> End >> 2020-09-10 12:00:00.888273

igi6jcgbvvr >> Start >> 2020-09-10 12:00:21.921658

igi6jcgbvvr >> Image Returned >> 2020-09-10 12:00:21.926736

igi6jcgbvvr >> End >> 2020-09-10 12:00:22.084178

40fdq3e8b7u >> Start >> 2020-09-10 12:01:01.372386

40fdq3e8b7u >> Image Returned >> 2020-09-10 12:01:01.376202

40fdq3e8b7u >> End >> 2020-09-10 12:01:01.536432

od52dbt6rks >> Start >> 2020-09-10 12:02:09.833626

od52dbt6rks >> Image Returned >> 2020-09-10 12:02:09.837483

od52dbt6rks >> End >> 2020-09-10 12:02:09.994401

8jsure8inyk >> Start >> 2020-09-10 12:03:57.405776

8jsure8inyk >> Image Returned >> 2020-09-10 12:03:57.409842

8jsure8inyk >> End >> 2020-09-10 12:03:57.585930

xnk0osu3nnn >> Start >> 2020-09-10 12:04:53.761653

xnk0osu3nnn >> Image Returned >> 2020-09-10 12:04:53.765089

xnk0osu3nnn >> End >> 2020-09-10 12:04:53.917642

fbym7ev6syw >> Start >> 2020-09-10 12:06:30.428663

fbym7ev6syw >> Image Returned >> 2020-09-10 12:06:30.432101

fbym7ev6syw >> End >> 2020-09-10 12:06:30.586347

4jpdbmdmfxo >> Start >> 2020-09-10 12:07:16.414963

4jpdbmdmfxo >> Image Returned >> 2020-09-10 12:07:16.418667

4jpdbmdmfxo >> End >> 2020-09-10 12:07:16.575071

ddcwh3ms7n4 >> Start >> 2020-09-10 12:07:26.933381

ddcwh3ms7n4 >> Image Returned >> 2020-09-10 12:07:26.933665

ddcwh3ms7n4 >> End >> 2020-09-10 12:07:27.090409

zygse6g62dp >> Start >> 2020-09-10 12:07:29.314487

zygse6g62dp >> Image Returned >> 2020-09-10 12:07:29.314935

zygse6g62dp >> End >> 2020-09-10 12:07:29.467072

8igr0st70yq >> Start >> 2020-09-10 12:07:39.000534

8igr0st70yq >> Image Returned >> 2020-09-10 12:07:39.000834

8igr0st70yq >> End >> 2020-09-10 12:07:39.151978

n4tdzp75wpv >> Start >> 2020-09-10 12:07:39.274914

n4tdzp75wpv >> Image Returned >> 2020-09-10 12:07:39.275203

n4tdzp75wpv >> End >> 2020-09-10 12:07:39.438009

x7dyjsfjssw >> Start >> 2020-09-10 12:07:46.065232

x7dyjsfjssw >> Image Returned >> 2020-09-10 12:07:46.065512

x7dyjsfjssw >> End >> 2020-09-10 12:07:46.220860

n3o3f8gus2o >> Start >> 2020-09-10 12:14:12.520325

n3o3f8gus2o >> Image Returned >> 2020-09-10 12:14:12.524367

n3o3f8gus2o >> End >> 2020-09-10 12:14:12.678109

84nguxrniou >> Start >> 2020-09-10 12:14:14.818609

84nguxrniou >> Image Returned >> 2020-09-10 12:14:14.818914

84nguxrniou >> End >> 2020-09-10 12:14:14.974812

rayvc3b85kh >> Start >> 2020-09-10 12:15:13.275172

rayvc3b85kh >> Image Returned >> 2020-09-10 12:15:13.279328

rayvc3b85kh >> End >> 2020-09-10 12:15:13.433897

p6raots8s6p >> Start >> 2020-09-10 12:16:22.085848

p6raots8s6p >> Image Returned >> 2020-09-10 12:16:22.090995

p6raots8s6p >> End >> 2020-09-10 12:16:22.247901

k23m5mxh3v4 >> Start >> 2020-09-10 12:17:49.171416

k23m5mxh3v4 >> Image Returned >> 2020-09-10 12:17:49.175170

k23m5mxh3v4 >> End >> 2020-09-10 12:17:49.340800

8eizfaddb7n >> Start >> 2020-09-10 12:22:04.153990

8eizfaddb7n >> Image Returned >> 2020-09-10 12:22:04.158226

8eizfaddb7n >> End >> 2020-09-10 12:22:04.316277

ywmq7knjeiy >> Start >> 2020-09-10 12:23:09.621432

ywmq7knjeiy >> Image Returned >> 2020-09-10 12:23:09.625396

ywmq7knjeiy >> End >> 2020-09-10 12:23:09.780031

8z6t6m2vjs6 >> Start >> 2020-09-10 12:25:45.125232

8z6t6m2vjs6 >> Image Returned >> 2020-09-10 12:25:45.128788

8z6t6m2vjs6 >> End >> 2020-09-10 12:25:45.291008

cuyuwt5o4ce >> Start >> 2020-09-10 12:26:03.504988

cuyuwt5o4ce >> Image Returned >> 2020-09-10 12:26:03.509789

cuyuwt5o4ce >> End >> 2020-09-10 12:26:03.664819

4ngeqxf5uhs >> Start >> 2020-09-10 12:27:12.392191

4ngeqxf5uhs >> Image Returned >> 2020-09-10 12:27:12.396409

4ngeqxf5uhs >> End >> 2020-09-10 12:27:12.551271

gxf37bi2qbk >> Start >> 2020-09-10 12:28:25.950841

gxf37bi2qbk >> Image Returned >> 2020-09-10 12:28:25.954272

gxf37bi2qbk >> End >> 2020-09-10 12:28:26.105704

vv55ietnvg4 >> Start >> 2020-09-10 12:29:50.039427

vv55ietnvg4 >> Image Returned >> 2020-09-10 12:29:50.042905

vv55ietnvg4 >> End >> 2020-09-10 12:29:50.202019

okrfnhidhkb >> Start >> 2020-09-10 12:33:24.092609

okrfnhidhkb >> Image Returned >> 2020-09-10 12:33:24.096100

okrfnhidhkb >> End >> 2020-09-10 12:33:24.259191

3ptrhbs5aa4 >> Start >> 2020-09-10 12:43:10.011110

3ptrhbs5aa4 >> Image Returned >> 2020-09-10 12:43:10.015085

3ptrhbs5aa4 >> End >> 2020-09-10 12:43:10.186861

4at4mjc4dvs >> Start >> 2020-09-10 12:46:18.372935

4at4mjc4dvs >> Image Returned >> 2020-09-10 12:46:18.376368

4at4mjc4dvs >> End >> 2020-09-10 12:46:18.533893

u7o3is8yx6n >> Start >> 2020-09-10 12:49:15.024818

u7o3is8yx6n >> Image Returned >> 2020-09-10 12:49:15.031198

u7o3is8yx6n >> End >> 2020-09-10 12:49:15.186322

ug02uquyvjv >> Start >> 2020-09-10 12:52:28.557245

ug02uquyvjv >> Image Returned >> 2020-09-10 12:52:28.560863

ug02uquyvjv >> End >> 2020-09-10 12:52:28.709502

qkad0puswks >> Start >> 2020-09-10 12:54:05.507137

qkad0puswks >> Image Returned >> 2020-09-10 12:54:05.512046

qkad0puswks >> End >> 2020-09-10 12:54:05.683373

20tw0okp27i >> Start >> 2020-09-10 12:54:49.001765

20tw0okp27i >> Image Returned >> 2020-09-10 12:54:49.005119

20tw0okp27i >> End >> 2020-09-10 12:54:49.163758

bv4jvp2bu6u >> Start >> 2020-09-10 13:01:21.984103

bv4jvp2bu6u >> Image Returned >> 2020-09-10 13:01:21.987657

bv4jvp2bu6u >> End >> 2020-09-10 13:01:22.151587

bwyc4ev835e >> Start >> 2020-09-10 13:04:03.130162

bwyc4ev835e >> Image Returned >> 2020-09-10 13:04:03.134179

bwyc4ev835e >> End >> 2020-09-10 13:04:03.309447

wozaezz2mnn >> Start >> 2020-09-10 13:11:02.142441

wozaezz2mnn >> Image Returned >> 2020-09-10 13:11:02.146184

wozaezz2mnn >> End >> 2020-09-10 13:11:02.311808

h8qj5m2nt8h >> Start >> 2020-09-10 13:19:25.700150

h8qj5m2nt8h >> Image Returned >> 2020-09-10 13:19:25.703754

h8qj5m2nt8h >> End >> 2020-09-10 13:19:25.866624

v4gfb0qvte8 >> Start >> 2020-09-10 13:22:02.683974

v4gfb0qvte8 >> Image Returned >> 2020-09-10 13:22:02.688692

v4gfb0qvte8 >> End >> 2020-09-10 13:22:02.847883

uuhcxp8wuah >> Start >> 2020-09-10 13:23:45.700742

uuhcxp8wuah >> Image Returned >> 2020-09-10 13:23:45.704514

uuhcxp8wuah >> End >> 2020-09-10 13:23:45.859956

ps8qncf528i >> Start >> 2020-09-10 13:26:08.710927

ps8qncf528i >> Image Returned >> 2020-09-10 13:26:08.716434

ps8qncf528i >> End >> 2020-09-10 13:26:08.866090

ma643qdfxyz >> Start >> 2020-09-10 13:29:57.673557

ma643qdfxyz >> Image Returned >> 2020-09-10 13:29:57.677577

ma643qdfxyz >> End >> 2020-09-10 13:29:57.830888

7hcpz7tyqyc >> Start >> 2020-09-10 13:33:59.359148

7hcpz7tyqyc >> Image Returned >> 2020-09-10 13:33:59.362654

7hcpz7tyqyc >> End >> 2020-09-10 13:33:59.515295

f37arsdcr3m >> Start >> 2020-09-10 13:37:07.852118

f37arsdcr3m >> Image Returned >> 2020-09-10 13:37:07.855514

f37arsdcr3m >> End >> 2020-09-10 13:37:08.037378

rpn4j20myr2 >> Start >> 2020-09-10 13:49:09.221832

rpn4j20myr2 >> Image Returned >> 2020-09-10 13:49:09.225387

rpn4j20myr2 >> End >> 2020-09-10 13:49:09.389355

3ohg8dhmrjp >> Start >> 2020-09-10 13:50:58.592642

3ohg8dhmrjp >> Image Returned >> 2020-09-10 13:50:58.596071

3ohg8dhmrjp >> End >> 2020-09-10 13:50:58.758033

jdbx865uqdt >> Start >> 2020-09-10 13:52:48.751157

jdbx865uqdt >> Image Returned >> 2020-09-10 13:52:48.754592

jdbx865uqdt >> End >> 2020-09-10 13:52:48.942899

qpziudbpipn >> Start >> 2020-09-10 14:03:38.852440

qpziudbpipn >> Image Returned >> 2020-09-10 14:03:38.857511

qpziudbpipn >> End >> 2020-09-10 14:03:39.019119

sjcckscoi8b >> Start >> 2020-09-10 14:03:58.020154

sjcckscoi8b >> Image Returned >> 2020-09-10 14:03:58.023607

sjcckscoi8b >> End >> 2020-09-10 14:03:58.187288

soi6iqnpfhf >> Start >> 2020-09-10 14:04:30.926614

soi6iqnpfhf >> Image Returned >> 2020-09-10 14:04:30.930572

soi6iqnpfhf >> End >> 2020-09-10 14:04:31.099787

4uxwyb3jzwr >> Start >> 2020-09-10 14:11:04.169924

4uxwyb3jzwr >> Image Returned >> 2020-09-10 14:11:04.173971

4uxwyb3jzwr >> End >> 2020-09-10 14:11:04.328773

u0uy6yx4kvd >> Start >> 2020-09-10 14:18:34.457061

u0uy6yx4kvd >> Image Returned >> 2020-09-10 14:18:34.463068

u0uy6yx4kvd >> End >> 2020-09-10 14:18:34.633989

fh80oxniiwp >> Start >> 2020-09-10 14:18:42.985670

fh80oxniiwp >> Image Returned >> 2020-09-10 14:18:42.985995

fh80oxniiwp >> End >> 2020-09-10 14:18:43.138101

55oq60gm68e >> Start >> 2020-09-10 14:19:29.125179

55oq60gm68e >> Image Returned >> 2020-09-10 14:19:29.128961

55oq60gm68e >> End >> 2020-09-10 14:19:29.289763

tudkad2shbm >> Start >> 2020-09-10 14:21:12.354860

tudkad2shbm >> Image Returned >> 2020-09-10 14:21:12.358937

tudkad2shbm >> End >> 2020-09-10 14:21:12.522860

0y4b5f5jtar >> Start >> 2020-09-10 14:21:27.535933

0y4b5f5jtar >> Image Returned >> 2020-09-10 14:21:27.539891

0y4b5f5jtar >> End >> 2020-09-10 14:21:27.693290

vvh27tv43rg >> Start >> 2020-09-10 14:22:03.639317

vvh27tv43rg >> Image Returned >> 2020-09-10 14:22:03.642973

vvh27tv43rg >> End >> 2020-09-10 14:22:03.811099

kgkpkawykw2 >> Start >> 2020-09-10 14:23:37.383893

kgkpkawykw2 >> Image Returned >> 2020-09-10 14:23:37.388278

kgkpkawykw2 >> End >> 2020-09-10 14:23:37.547151

4qws7kknbx2 >> Start >> 2020-09-10 14:43:40.181607

4qws7kknbx2 >> Image Returned >> 2020-09-10 14:43:40.185355

4qws7kknbx2 >> End >> 2020-09-10 14:43:40.336987

kgtc6f0dp7a >> Start >> 2020-09-10 14:44:02.197813

kgtc6f0dp7a >> Image Returned >> 2020-09-10 14:44:02.201303

kgtc6f0dp7a >> End >> 2020-09-10 14:44:02.361598

njcp87r0i2h >> Start >> 2020-09-10 14:45:53.277070

njcp87r0i2h >> Image Returned >> 2020-09-10 14:45:53.280673

njcp87r0i2h >> End >> 2020-09-10 14:45:53.446196

pj6i6ogqsef >> Start >> 2020-09-10 14:46:51.588841

pj6i6ogqsef >> Image Returned >> 2020-09-10 14:46:51.592278

pj6i6ogqsef >> End >> 2020-09-10 14:46:51.762738

5nrafgoozny >> Start >> 2020-09-10 14:50:56.704036

5nrafgoozny >> Image Returned >> 2020-09-10 14:50:56.708303

5nrafgoozny >> End >> 2020-09-10 14:50:56.863938

doxdw4p2xzx >> Start >> 2020-09-10 14:52:06.482645

doxdw4p2xzx >> Image Returned >> 2020-09-10 14:52:06.486161

doxdw4p2xzx >> End >> 2020-09-10 14:52:06.646152

xawqpr0paxi >> Start >> 2020-09-10 14:55:09.096683

xawqpr0paxi >> Image Returned >> 2020-09-10 14:55:09.102169

xawqpr0paxi >> End >> 2020-09-10 14:55:09.258073

7ir3gr4wei8 >> Start >> 2020-09-10 14:55:30.878448

7ir3gr4wei8 >> Image Returned >> 2020-09-10 14:55:30.881830

7ir3gr4wei8 >> End >> 2020-09-10 14:55:31.036829

bkzb24kw4fm >> Start >> 2020-09-10 14:57:07.266588

bkzb24kw4fm >> Image Returned >> 2020-09-10 14:57:07.270306

bkzb24kw4fm >> End >> 2020-09-10 14:57:07.426908

fnesm3riokx >> Start >> 2020-09-10 15:00:15.733345

fnesm3riokx >> Image Returned >> 2020-09-10 15:00:15.737169

fnesm3riokx >> End >> 2020-09-10 15:00:15.897196

5pq3m3hkeev >> Start >> 2020-09-10 15:01:44.234544

5pq3m3hkeev >> Image Returned >> 2020-09-10 15:01:44.238348

5pq3m3hkeev >> End >> 2020-09-10 15:01:44.395869

dnzu533c05v >> Start >> 2020-09-10 15:02:30.284554

dnzu533c05v >> Image Returned >> 2020-09-10 15:02:30.288079

dnzu533c05v >> End >> 2020-09-10 15:02:30.463706

bnga2ssejec >> Start >> 2020-09-10 15:03:19.948158

bnga2ssejec >> Image Returned >> 2020-09-10 15:03:19.952645

bnga2ssejec >> End >> 2020-09-10 15:03:20.114231

cgqh8sopj86 >> Start >> 2020-09-10 15:07:22.283536

cgqh8sopj86 >> Image Returned >> 2020-09-10 15:07:22.287039

cgqh8sopj86 >> End >> 2020-09-10 15:07:22.445360

j5zjkpceibe >> Start >> 2020-09-10 15:07:49.484936

j5zjkpceibe >> Image Returned >> 2020-09-10 15:07:49.488441

j5zjkpceibe >> End >> 2020-09-10 15:07:49.641983

cc2ku0b22db >> Start >> 2020-09-10 15:16:40.815823

cc2ku0b22db >> Image Returned >> 2020-09-10 15:16:40.820183

cc2ku0b22db >> End >> 2020-09-10 15:16:40.974680

44pwsb5ykky >> Start >> 2020-09-10 15:16:48.169542

44pwsb5ykky >> Image Returned >> 2020-09-10 15:16:48.169821

44pwsb5ykky >> End >> 2020-09-10 15:16:48.318758

2vvzj4d3pmn >> Start >> 2020-09-10 15:17:13.992630

2vvzj4d3pmn >> Image Returned >> 2020-09-10 15:17:13.996439

2vvzj4d3pmn >> End >> 2020-09-10 15:17:14.152173

g8vujawydh4 >> Start >> 2020-09-10 15:28:15.190310

g8vujawydh4 >> Image Returned >> 2020-09-10 15:28:15.195045

g8vujawydh4 >> End >> 2020-09-10 15:28:15.371948

zwag32t2q6t >> Start >> 2020-09-10 15:31:58.727229

zwag32t2q6t >> Image Returned >> 2020-09-10 15:31:58.730745

zwag32t2q6t >> End >> 2020-09-10 15:31:58.932230

anf5fjdnftf >> Start >> 2020-09-10 15:32:13.328696

anf5fjdnftf >> Image Returned >> 2020-09-10 15:32:13.332506

anf5fjdnftf >> End >> 2020-09-10 15:32:13.489259

hgss23o28yc >> Start >> 2020-09-10 15:33:07.043553

hgss23o28yc >> Image Returned >> 2020-09-10 15:33:07.046998

hgss23o28yc >> End >> 2020-09-10 15:33:07.204111

otwnkjv0gez >> Start >> 2020-09-10 15:33:23.790671

0a0xtw0e4sc >> Start >> 2020-09-10 15:33:23.790992

0a0xtw0e4sc >> Image Returned >> 2020-09-10 15:33:23.794507

otwnkjv0gez >> Image Returned >> 2020-09-10 15:33:23.794508

0a0xtw0e4sc >> End >> 2020-09-10 15:33:23.921227

otwnkjv0gez >> End >> 2020-09-10 15:33:23.947375

68ie5ydczz8 >> Start >> 2020-09-10 15:34:07.966996

68ie5ydczz8 >> Image Returned >> 2020-09-10 15:34:07.970839

68ie5ydczz8 >> End >> 2020-09-10 15:34:08.130789

2dk7ig7m7fu >> Start >> 2020-09-10 15:34:32.500895

2dk7ig7m7fu >> Image Returned >> 2020-09-10 15:34:32.504448

2dk7ig7m7fu >> End >> 2020-09-10 15:34:32.672660

sbo56fzg6uq >> Start >> 2020-09-10 15:34:35.666610

sbo56fzg6uq >> Image Returned >> 2020-09-10 15:34:35.666944

sbo56fzg6uq >> End >> 2020-09-10 15:34:35.831326

6efyvf0ifmy >> Start >> 2020-09-10 15:40:01.344984

6efyvf0ifmy >> Image Returned >> 2020-09-10 15:40:01.348408

6efyvf0ifmy >> End >> 2020-09-10 15:40:01.525083

e207nyaw8uu >> Start >> 2020-09-10 15:47:17.503580

e207nyaw8uu >> Image Returned >> 2020-09-10 15:47:17.507831

e207nyaw8uu >> End >> 2020-09-10 15:47:17.670516

yi7634a7ies >> Start >> 2020-09-10 15:49:27.610620

yi7634a7ies >> Image Returned >> 2020-09-10 15:49:27.616565

yi7634a7ies >> End >> 2020-09-10 15:49:27.777062

80q87okgrzo >> Start >> 2020-09-10 15:52:58.427680

80q87okgrzo >> Image Returned >> 2020-09-10 15:52:58.431579

80q87okgrzo >> End >> 2020-09-10 15:52:58.591269

x67ab4xnybh >> Start >> 2020-09-10 15:57:11.873316

x67ab4xnybh >> Image Returned >> 2020-09-10 15:57:11.877377

x67ab4xnybh >> End >> 2020-09-10 15:57:12.034271

7prj5vsrx0o >> Start >> 2020-09-10 16:01:57.794661

7prj5vsrx0o >> Image Returned >> 2020-09-10 16:01:57.798140

7prj5vsrx0o >> End >> 2020-09-10 16:01:57.962827

e8bjppxkxrw >> Start >> 2020-09-10 16:05:59.656424

e8bjppxkxrw >> Image Returned >> 2020-09-10 16:05:59.660463

e8bjppxkxrw >> End >> 2020-09-10 16:05:59.818768

q8fvec3kqdm >> Start >> 2020-09-10 16:16:05.638119

q8fvec3kqdm >> Image Returned >> 2020-09-10 16:16:05.641669

q8fvec3kqdm >> End >> 2020-09-10 16:16:05.811861

g86t6pui6ug >> Start >> 2020-09-10 16:16:34.132525

g86t6pui6ug >> Image Returned >> 2020-09-10 16:16:34.136411

g86t6pui6ug >> End >> 2020-09-10 16:16:34.290940

bp67abkhygu >> Start >> 2020-09-10 16:16:57.725601

bp67abkhygu >> Image Returned >> 2020-09-10 16:16:57.729655

bp67abkhygu >> End >> 2020-09-10 16:16:57.889456

t4y6tbqf358 >> Start >> 2020-09-10 16:26:57.975810

t4y6tbqf358 >> Image Returned >> 2020-09-10 16:26:57.980320

t4y6tbqf358 >> End >> 2020-09-10 16:26:58.137499

dbahcwm82pt >> Start >> 2020-09-10 16:27:42.303117

dbahcwm82pt >> Image Returned >> 2020-09-10 16:27:42.306575

dbahcwm82pt >> End >> 2020-09-10 16:27:42.463623

0nyyynqw8a0 >> Start >> 2020-09-10 16:29:34.057684

0nyyynqw8a0 >> Image Returned >> 2020-09-10 16:29:34.061661

0nyyynqw8a0 >> End >> 2020-09-10 16:29:34.225826

538fj668c0o >> Start >> 2020-09-10 16:30:36.971493

538fj668c0o >> Image Returned >> 2020-09-10 16:30:36.975404

538fj668c0o >> End >> 2020-09-10 16:30:37.128257

box6cydnbpu >> Start >> 2020-09-10 16:34:11.126266

box6cydnbpu >> Image Returned >> 2020-09-10 16:34:11.129740

box6cydnbpu >> End >> 2020-09-10 16:34:11.282717

ibqwz23w2of >> Start >> 2020-09-10 16:37:12.161602

ibqwz23w2of >> Image Returned >> 2020-09-10 16:37:12.165133

ibqwz23w2of >> End >> 2020-09-10 16:37:12.346124

pwohqp5o466 >> Start >> 2020-09-10 16:37:46.089854

pwohqp5o466 >> Image Returned >> 2020-09-10 16:37:46.093672

pwohqp5o466 >> End >> 2020-09-10 16:37:46.244527

88x48b753ng >> Start >> 2020-09-10 16:39:50.046643

88x48b753ng >> Image Returned >> 2020-09-10 16:39:50.050156

88x48b753ng >> End >> 2020-09-10 16:39:50.220413

he8tevh6yf5 >> Start >> 2020-09-10 16:40:48.458106

he8tevh6yf5 >> Image Returned >> 2020-09-10 16:40:48.461653

he8tevh6yf5 >> End >> 2020-09-10 16:40:48.594898

5n5gx5jvysx >> Start >> 2020-09-10 16:42:52.307612

5n5gx5jvysx >> Image Returned >> 2020-09-10 16:42:52.311224

5n5gx5jvysx >> End >> 2020-09-10 16:42:52.469233

gt2ak6yxi8v >> Start >> 2020-09-10 16:44:02.155057

gt2ak6yxi8v >> Image Returned >> 2020-09-10 16:44:02.158803

gt2ak6yxi8v >> End >> 2020-09-10 16:44:02.313015

ffjt4fvjsjq >> Start >> 2020-09-10 16:44:27.745199

ffjt4fvjsjq >> Image Returned >> 2020-09-10 16:44:27.748744

ffjt4fvjsjq >> End >> 2020-09-10 16:44:27.907457

337v50em325 >> Start >> 2020-09-10 16:48:45.802896

337v50em325 >> Image Returned >> 2020-09-10 16:48:45.807413

337v50em325 >> End >> 2020-09-10 16:48:45.965254

t0n437i7iyw >> Start >> 2020-09-10 16:49:58.302067

t0n437i7iyw >> Image Returned >> 2020-09-10 16:49:58.305546

t0n437i7iyw >> End >> 2020-09-10 16:49:58.432579

fk0v7sfeb8u >> Start >> 2020-09-10 16:56:19.133541

fk0v7sfeb8u >> Image Returned >> 2020-09-10 16:56:19.137418

fk0v7sfeb8u >> End >> 2020-09-10 16:56:19.300576

z5xs2u03xit >> Start >> 2020-09-10 17:07:24.344017

z5xs2u03xit >> Image Returned >> 2020-09-10 17:07:24.347579

z5xs2u03xit >> End >> 2020-09-10 17:07:24.514991

hdn6nm6buuv >> Start >> 2020-09-10 17:08:37.738565

hdn6nm6buuv >> Image Returned >> 2020-09-10 17:08:37.742566

hdn6nm6buuv >> End >> 2020-09-10 17:08:37.897731

eoaqfises7e >> Start >> 2020-09-10 17:09:09.973016

eoaqfises7e >> Image Returned >> 2020-09-10 17:09:09.977960

eoaqfises7e >> End >> 2020-09-10 17:09:10.132226

zr0wzdi8fu0 >> Start >> 2020-09-10 17:13:06.968476

zr0wzdi8fu0 >> Image Returned >> 2020-09-10 17:13:06.972105

zr0wzdi8fu0 >> End >> 2020-09-10 17:13:07.133317

oqnrq2bacnn >> Start >> 2020-09-10 17:22:04.843883

oqnrq2bacnn >> Image Returned >> 2020-09-10 17:22:04.847570

oqnrq2bacnn >> End >> 2020-09-10 17:22:05.012053

3r5cssfgujc >> Start >> 2020-09-10 17:29:03.012530

3r5cssfgujc >> Image Returned >> 2020-09-10 17:29:03.016225

3r5cssfgujc >> End >> 2020-09-10 17:29:03.170046

qhtowk5e54s >> Start >> 2020-09-10 17:29:17.239044

qhtowk5e54s >> Image Returned >> 2020-09-10 17:29:17.243015

qhtowk5e54s >> End >> 2020-09-10 17:29:17.405705

gxnmcxj86tm >> Start >> 2020-09-10 17:31:10.304127

gxnmcxj86tm >> Image Returned >> 2020-09-10 17:31:10.307590

gxnmcxj86tm >> End >> 2020-09-10 17:31:10.474364

0qduzfbrdf3 >> Start >> 2020-09-10 17:32:55.666424

0qduzfbrdf3 >> Image Returned >> 2020-09-10 17:32:55.670419

0qduzfbrdf3 >> End >> 2020-09-10 17:32:55.824909

wv0husxx8hm >> Start >> 2020-09-10 17:33:11.134640

wv0husxx8hm >> Image Returned >> 2020-09-10 17:33:11.138209

wv0husxx8hm >> End >> 2020-09-10 17:33:11.292845

jcdrovqcr0n >> Start >> 2020-09-10 17:40:57.093816

jcdrovqcr0n >> Image Returned >> 2020-09-10 17:40:57.097393

jcdrovqcr0n >> End >> 2020-09-10 17:40:57.253331

hdvbocyp553 >> Start >> 2020-09-10 17:42:10.476659

hdvbocyp553 >> Image Returned >> 2020-09-10 17:42:10.480233

hdvbocyp553 >> End >> 2020-09-10 17:42:10.646492

8bdabamzt8j >> Start >> 2020-09-10 17:43:51.831784

8bdabamzt8j >> Image Returned >> 2020-09-10 17:43:51.835419

8bdabamzt8j >> End >> 2020-09-10 17:43:51.992321

bpz80pm3cor >> Start >> 2020-09-10 17:44:00.928248

bpz80pm3cor >> Image Returned >> 2020-09-10 17:44:00.928546

bpz80pm3cor >> End >> 2020-09-10 17:44:01.087071

62ix8jurr00 >> Start >> 2020-09-10 17:47:09.958911

62ix8jurr00 >> Image Returned >> 2020-09-10 17:47:09.963175

62ix8jurr00 >> End >> 2020-09-10 17:47:10.129394

s4f7xpedeu3 >> Start >> 2020-09-10 17:54:41.253552

s4f7xpedeu3 >> Image Returned >> 2020-09-10 17:54:41.257494

s4f7xpedeu3 >> End >> 2020-09-10 17:54:41.408003

doshvfn0hnc >> Start >> 2020-09-10 18:15:15.454391

doshvfn0hnc >> Image Returned >> 2020-09-10 18:15:15.458498

doshvfn0hnc >> End >> 2020-09-10 18:15:15.608505

bbvbfy3omuf >> Start >> 2020-09-10 18:16:21.948445

bbvbfy3omuf >> Image Returned >> 2020-09-10 18:16:21.952526

bbvbfy3omuf >> End >> 2020-09-10 18:16:22.110476

ghcfx0wqake >> Start >> 2020-09-10 18:20:37.718028

ghcfx0wqake >> Image Returned >> 2020-09-10 18:20:37.721710

ghcfx0wqake >> End >> 2020-09-10 18:20:37.879657

x2mjqpudzpb >> Start >> 2020-09-10 18:30:11.812608

x2mjqpudzpb >> Image Returned >> 2020-09-10 18:30:11.816148

x2mjqpudzpb >> End >> 2020-09-10 18:30:11.986156

v80mfmiksr4 >> Start >> 2020-09-10 18:31:36.624072

v80mfmiksr4 >> Image Returned >> 2020-09-10 18:31:36.628781

v80mfmiksr4 >> End >> 2020-09-10 18:31:36.780512

x73insjv0vz >> Start >> 2020-09-10 18:31:50.687182

x73insjv0vz >> Image Returned >> 2020-09-10 18:31:50.691121

x73insjv0vz >> End >> 2020-09-10 18:31:50.883593

qhfofave3xp >> Start >> 2020-09-10 18:31:51.393362

qhfofave3xp >> Image Returned >> 2020-09-10 18:31:51.393667

qhfofave3xp >> End >> 2020-09-10 18:31:51.560893

282i5kqekke >> Start >> 2020-09-10 18:33:33.708009

282i5kqekke >> Image Returned >> 2020-09-10 18:33:33.712946

282i5kqekke >> End >> 2020-09-10 18:33:33.913614

68ypntaostx >> Start >> 2020-09-10 18:41:08.434271

68ypntaostx >> Image Returned >> 2020-09-10 18:41:08.437850

68ypntaostx >> End >> 2020-09-10 18:41:08.598270

o8zf3d2hgti >> Start >> 2020-09-10 18:45:11.248671

o8zf3d2hgti >> Image Returned >> 2020-09-10 18:45:11.252332

o8zf3d2hgti >> End >> 2020-09-10 18:45:11.412174

b446xhmcm5k >> Start >> 2020-09-10 18:46:01.036262

b446xhmcm5k >> Image Returned >> 2020-09-10 18:46:01.039990

b446xhmcm5k >> End >> 2020-09-10 18:46:01.193593

33a8tajpoos >> Start >> 2020-09-10 18:46:05.685559

33a8tajpoos >> Image Returned >> 2020-09-10 18:46:05.685863

33a8tajpoos >> End >> 2020-09-10 18:46:05.855107

baxaun3s6i0 >> Start >> 2020-09-10 18:46:10.590564

baxaun3s6i0 >> Image Returned >> 2020-09-10 18:46:10.590862

baxaun3s6i0 >> End >> 2020-09-10 18:46:10.754795

j5iazb8boub >> Start >> 2020-09-10 18:46:25.602453

j5iazb8boub >> Image Returned >> 2020-09-10 18:46:25.606339

j5iazb8boub >> End >> 2020-09-10 18:46:25.783714

ifz84ap5j0b >> Start >> 2020-09-10 18:48:38.446691

ifz84ap5j0b >> Image Returned >> 2020-09-10 18:48:38.451318

ifz84ap5j0b >> End >> 2020-09-10 18:48:38.611681

k6itfidnov8 >> Start >> 2020-09-10 18:51:55.318834

k6itfidnov8 >> Image Returned >> 2020-09-10 18:51:55.323853

k6itfidnov8 >> End >> 2020-09-10 18:51:55.488456

3ueyo04604y >> Start >> 2020-09-10 18:55:21.489665

3ueyo04604y >> Image Returned >> 2020-09-10 18:55:21.493943

3ueyo04604y >> End >> 2020-09-10 18:55:21.659540

fe7qsgspkyd >> Start >> 2020-09-10 18:55:31.947087

fe7qsgspkyd >> Image Returned >> 2020-09-10 18:55:31.947375

fe7qsgspkyd >> End >> 2020-09-10 18:55:32.114032

kx6fhpr77vt >> Start >> 2020-09-10 18:56:00.672661

kx6fhpr77vt >> Image Returned >> 2020-09-10 18:56:00.677815

kx6fhpr77vt >> End >> 2020-09-10 18:56:00.831953

hati4hw73mk >> Start >> 2020-09-10 18:56:05.141130

hati4hw73mk >> Image Returned >> 2020-09-10 18:56:05.141426

hati4hw73mk >> End >> 2020-09-10 18:56:05.306988

0qkq0b8mmub >> Start >> 2020-09-10 18:56:05.545273

0qkq0b8mmub >> Image Returned >> 2020-09-10 18:56:05.545567

0qkq0b8mmub >> End >> 2020-09-10 18:56:05.700598

0zxyi25rgfb >> Start >> 2020-09-10 18:57:24.313472

0zxyi25rgfb >> Image Returned >> 2020-09-10 18:57:24.317018

0zxyi25rgfb >> End >> 2020-09-10 18:57:24.515095

2aukq45f8a5 >> Start >> 2020-09-10 18:57:43.501521

2aukq45f8a5 >> Image Returned >> 2020-09-10 18:57:43.505131

2aukq45f8a5 >> End >> 2020-09-10 18:57:43.670646

7h746o2af5c >> Start >> 2020-09-10 18:57:44.401582

7h746o2af5c >> Image Returned >> 2020-09-10 18:57:44.401937

7h746o2af5c >> End >> 2020-09-10 18:57:44.594194

8eumkwmc8ts >> Start >> 2020-09-10 18:59:57.372049

8eumkwmc8ts >> Image Returned >> 2020-09-10 18:59:57.376238

8eumkwmc8ts >> End >> 2020-09-10 18:59:57.536936

kyq8b858gh4 >> Start >> 2020-09-10 19:00:05.993451

kyq8b858gh4 >> Image Returned >> 2020-09-10 19:00:05.993746

kyq8b858gh4 >> End >> 2020-09-10 19:00:06.151690

e37d3q3yetx >> Start >> 2020-09-10 19:08:26.037623

e37d3q3yetx >> Image Returned >> 2020-09-10 19:08:26.041995

e37d3q3yetx >> End >> 2020-09-10 19:08:26.204263

knphddogzhj >> Start >> 2020-09-10 19:10:33.051573

knphddogzhj >> Image Returned >> 2020-09-10 19:10:33.055780

knphddogzhj >> End >> 2020-09-10 19:10:33.258249

tbuh3h4c250 >> Start >> 2020-09-10 19:11:41.200747

tbuh3h4c250 >> Image Returned >> 2020-09-10 19:11:41.204770

tbuh3h4c250 >> End >> 2020-09-10 19:11:41.374820

6ca8nv25dik >> Start >> 2020-09-10 19:11:56.854351

6ca8nv25dik >> Image Returned >> 2020-09-10 19:11:56.858001

6ca8nv25dik >> End >> 2020-09-10 19:11:57.022056

scrbwtumby6 >> Start >> 2020-09-10 19:19:55.087146

scrbwtumby6 >> Image Returned >> 2020-09-10 19:19:55.090684

scrbwtumby6 >> End >> 2020-09-10 19:19:55.245516

u3bh66hw2w4 >> Start >> 2020-09-10 19:20:49.332706

u3bh66hw2w4 >> Image Returned >> 2020-09-10 19:20:49.336893

u3bh66hw2w4 >> End >> 2020-09-10 19:20:49.493840

pbvha40rvdm >> Start >> 2020-09-10 19:23:40.362956

pbvha40rvdm >> Image Returned >> 2020-09-10 19:23:40.367033

pbvha40rvdm >> End >> 2020-09-10 19:23:40.533660

pwxfa35zusw >> Start >> 2020-09-10 19:25:59.253283

pwxfa35zusw >> Image Returned >> 2020-09-10 19:25:59.257565

pwxfa35zusw >> End >> 2020-09-10 19:25:59.418867

x0wuuz7ds8b >> Start >> 2020-09-10 19:26:55.698167

x0wuuz7ds8b >> Image Returned >> 2020-09-10 19:26:55.701991

x0wuuz7ds8b >> End >> 2020-09-10 19:26:55.971352

y608zcqcnvj >> Start >> 2020-09-10 19:33:04.250686

y608zcqcnvj >> Image Returned >> 2020-09-10 19:33:04.254209

y608zcqcnvj >> End >> 2020-09-10 19:33:04.410331

gnswx6vvop3 >> Start >> 2020-09-10 19:35:58.456028

gnswx6vvop3 >> Image Returned >> 2020-09-10 19:35:58.461163

gnswx6vvop3 >> End >> 2020-09-10 19:35:58.615292

r22umymv0wc >> Start >> 2020-09-10 19:41:52.832420

r22umymv0wc >> Image Returned >> 2020-09-10 19:41:52.836848

r22umymv0wc >> End >> 2020-09-10 19:41:53.021136

v77ciuyvw5s >> Start >> 2020-09-10 19:42:18.093621

v77ciuyvw5s >> Image Returned >> 2020-09-10 19:42:18.097127

v77ciuyvw5s >> End >> 2020-09-10 19:42:18.249850

b73z8ytbk4y >> Start >> 2020-09-10 19:43:45.648199

b73z8ytbk4y >> Image Returned >> 2020-09-10 19:43:45.652448

b73z8ytbk4y >> End >> 2020-09-10 19:43:45.804186

0gundd3my3u >> Start >> 2020-09-10 19:44:13.693244

0gundd3my3u >> Image Returned >> 2020-09-10 19:44:13.697164

0gundd3my3u >> End >> 2020-09-10 19:44:13.859390

whqwwtf672a >> Start >> 2020-09-10 19:49:05.644715

whqwwtf672a >> Image Returned >> 2020-09-10 19:49:05.648643

whqwwtf672a >> End >> 2020-09-10 19:49:05.841099

dtmr6nftv47 >> Start >> 2020-09-10 19:49:11.454061

dtmr6nftv47 >> Image Returned >> 2020-09-10 19:49:11.454360

dtmr6nftv47 >> End >> 2020-09-10 19:49:11.669385

up7m2oiiygs >> Start >> 2020-09-10 19:55:04.808644

up7m2oiiygs >> Image Returned >> 2020-09-10 19:55:04.812252

up7m2oiiygs >> End >> 2020-09-10 19:55:04.986749

5wfjjk5ynjs >> Start >> 2020-09-10 20:09:48.109940

5wfjjk5ynjs >> Image Returned >> 2020-09-10 20:09:48.113616

5wfjjk5ynjs >> End >> 2020-09-10 20:09:48.273515

do43t5bc3zy >> Start >> 2020-09-10 20:10:31.958054

do43t5bc3zy >> Image Returned >> 2020-09-10 20:10:31.962289

do43t5bc3zy >> End >> 2020-09-10 20:10:32.136374

5aqip2q34ay >> Start >> 2020-09-10 20:12:51.598362

5aqip2q34ay >> Image Returned >> 2020-09-10 20:12:51.602176

5aqip2q34ay >> End >> 2020-09-10 20:12:51.753530

5mac50iyxh5 >> Start >> 2020-09-10 20:18:02.508975

5mac50iyxh5 >> Image Returned >> 2020-09-10 20:18:02.513355

5mac50iyxh5 >> End >> 2020-09-10 20:18:02.663969

fkk7n6ueori >> Start >> 2020-09-10 20:19:36.669277

fkk7n6ueori >> Image Returned >> 2020-09-10 20:19:36.674412

fkk7n6ueori >> End >> 2020-09-10 20:19:36.844762

3u3mkb38a6u >> Start >> 2020-09-10 20:21:20.456026

3u3mkb38a6u >> Image Returned >> 2020-09-10 20:21:20.459644

3u3mkb38a6u >> End >> 2020-09-10 20:21:20.634229

uxxp4cwdayz >> Start >> 2020-09-10 20:21:46.581854

uxxp4cwdayz >> Image Returned >> 2020-09-10 20:21:46.585737

uxxp4cwdayz >> End >> 2020-09-10 20:21:46.756222

c5f7a6rtok7 >> Start >> 2020-09-10 20:28:10.460365

c5f7a6rtok7 >> Image Returned >> 2020-09-10 20:28:10.465401

c5f7a6rtok7 >> End >> 2020-09-10 20:28:10.624061

7x82q2dpw8x >> Start >> 2020-09-10 20:30:37.477273

7x82q2dpw8x >> Image Returned >> 2020-09-10 20:30:37.481435

7x82q2dpw8x >> End >> 2020-09-10 20:30:37.647818

u6vu786wyem >> Start >> 2020-09-10 20:34:10.757369

u6vu786wyem >> Image Returned >> 2020-09-10 20:34:10.760926

u6vu786wyem >> End >> 2020-09-10 20:34:10.936567

6fcrfc6mwv8 >> Start >> 2020-09-10 20:35:15.379152

6fcrfc6mwv8 >> Image Returned >> 2020-09-10 20:35:15.383487

6fcrfc6mwv8 >> End >> 2020-09-10 20:35:15.571341

hmjsy2m53wh >> Start >> 2020-09-10 20:39:27.143388

hmjsy2m53wh >> Image Returned >> 2020-09-10 20:39:27.148775

hmjsy2m53wh >> End >> 2020-09-10 20:39:27.304312

vz0ctc58uce >> Start >> 2020-09-10 20:39:30.943336

vz0ctc58uce >> Image Returned >> 2020-09-10 20:39:30.943645

vz0ctc58uce >> End >> 2020-09-10 20:39:31.104904

paz0ef4oq7a >> Start >> 2020-09-10 20:40:46.659586

paz0ef4oq7a >> Image Returned >> 2020-09-10 20:40:46.664114

paz0ef4oq7a >> End >> 2020-09-10 20:40:46.829704

gvjucgocjf7 >> Start >> 2020-09-10 20:46:42.325464

gvjucgocjf7 >> Image Returned >> 2020-09-10 20:46:42.329610

gvjucgocjf7 >> End >> 2020-09-10 20:46:42.485944

rdkq35zswg0 >> Start >> 2020-09-10 20:59:59.114430

rdkq35zswg0 >> Image Returned >> 2020-09-10 20:59:59.118474

rdkq35zswg0 >> End >> 2020-09-10 20:59:59.279561

ypf4p3ozngu >> Start >> 2020-09-10 21:03:24.595377

ypf4p3ozngu >> Image Returned >> 2020-09-10 21:03:24.599850

ypf4p3ozngu >> End >> 2020-09-10 21:03:24.758107

xtuk8tdz2wz >> Start >> 2020-09-10 21:17:48.734944

xtuk8tdz2wz >> Image Returned >> 2020-09-10 21:17:48.738642

xtuk8tdz2wz >> End >> 2020-09-10 21:17:48.910193

grzhx5bo05n >> Start >> 2020-09-10 21:17:53.960993

grzhx5bo05n >> Image Returned >> 2020-09-10 21:17:53.961285

grzhx5bo05n >> End >> 2020-09-10 21:17:54.116786

eiwn5jncvda >> Start >> 2020-09-10 21:20:58.724862

eiwn5jncvda >> Image Returned >> 2020-09-10 21:20:58.728610

eiwn5jncvda >> End >> 2020-09-10 21:20:58.888609

sv3tqg850z6 >> Start >> 2020-09-10 21:21:53.479892

sv3tqg850z6 >> Image Returned >> 2020-09-10 21:21:53.483942

sv3tqg850z6 >> End >> 2020-09-10 21:21:53.656480

i653qdpaziz >> Start >> 2020-09-10 21:25:31.247106

i653qdpaziz >> Image Returned >> 2020-09-10 21:25:31.251688

i653qdpaziz >> End >> 2020-09-10 21:25:31.412108

4s8vmnp6zmg >> Start >> 2020-09-10 21:25:53.032589

4s8vmnp6zmg >> Image Returned >> 2020-09-10 21:25:53.036155

4s8vmnp6zmg >> End >> 2020-09-10 21:25:53.190948

yxvbc53yaby >> Start >> 2020-09-10 21:27:47.900038

yxvbc53yaby >> Image Returned >> 2020-09-10 21:27:47.905047

yxvbc53yaby >> End >> 2020-09-10 21:27:48.062803

rdi4x6ou532 >> Start >> 2020-09-10 21:41:17.562185

rdi4x6ou532 >> Image Returned >> 2020-09-10 21:41:17.566538

rdi4x6ou532 >> End >> 2020-09-10 21:41:17.720941

j5ashuwtayr >> Start >> 2020-09-10 21:41:55.527302

j5ashuwtayr >> Image Returned >> 2020-09-10 21:41:55.530885

j5ashuwtayr >> End >> 2020-09-10 21:41:55.690560

ty4gug6swtg >> Start >> 2020-09-10 21:46:57.652143

ty4gug6swtg >> Image Returned >> 2020-09-10 21:46:57.656488

ty4gug6swtg >> End >> 2020-09-10 21:46:57.812355

tg64r7po2xo >> Start >> 2020-09-10 21:47:06.835726

tg64r7po2xo >> Image Returned >> 2020-09-10 21:47:06.836042

tg64r7po2xo >> End >> 2020-09-10 21:47:06.983438

64z4ca76srg >> Start >> 2020-09-10 21:47:26.179792

64z4ca76srg >> Image Returned >> 2020-09-10 21:47:26.185739

64z4ca76srg >> End >> 2020-09-10 21:47:26.346515

squc2kuwg3n >> Start >> 2020-09-10 22:02:10.980999

squc2kuwg3n >> Image Returned >> 2020-09-10 22:02:10.984824

squc2kuwg3n >> End >> 2020-09-10 22:02:11.135092

mmxppkb6azc >> Start >> 2020-09-10 22:05:10.359473

mmxppkb6azc >> Image Returned >> 2020-09-10 22:05:10.363967

mmxppkb6azc >> End >> 2020-09-10 22:05:10.514759

o3br8eat2or >> Start >> 2020-09-10 22:13:29.687364

o3br8eat2or >> Image Returned >> 2020-09-10 22:13:29.691966

o3br8eat2or >> End >> 2020-09-10 22:13:29.848439

wwjmctdmsew >> Start >> 2020-09-10 22:21:48.919523

wwjmctdmsew >> Image Returned >> 2020-09-10 22:21:48.924442

wwjmctdmsew >> End >> 2020-09-10 22:21:49.112724

xedf7cbxq78 >> Start >> 2020-09-10 22:24:06.905358

xedf7cbxq78 >> Image Returned >> 2020-09-10 22:24:06.909132

xedf7cbxq78 >> End >> 2020-09-10 22:24:07.073283

28sttd2cjmy >> Start >> 2020-09-10 22:30:17.766406

28sttd2cjmy >> Image Returned >> 2020-09-10 22:30:17.770087

28sttd2cjmy >> End >> 2020-09-10 22:30:17.969259

iro8j7egu3z >> Start >> 2020-09-10 22:31:52.252315

iro8j7egu3z >> Image Returned >> 2020-09-10 22:31:52.256575

iro8j7egu3z >> End >> 2020-09-10 22:31:52.431961

ji3vsk4d2od >> Start >> 2020-09-10 22:33:38.275794

ji3vsk4d2od >> Image Returned >> 2020-09-10 22:33:38.279484

ji3vsk4d2od >> End >> 2020-09-10 22:33:38.441632

5uakfu7hk7x >> Start >> 2020-09-10 22:35:07.624716

5uakfu7hk7x >> Image Returned >> 2020-09-10 22:35:07.629971

5uakfu7hk7x >> End >> 2020-09-10 22:35:07.755718

7v4qpe6z7o6 >> Start >> 2020-09-10 22:36:43.188420

7v4qpe6z7o6 >> Image Returned >> 2020-09-10 22:36:43.193202

7v4qpe6z7o6 >> End >> 2020-09-10 22:36:43.351943

veo0fm804ei >> Start >> 2020-09-10 22:37:56.614190

veo0fm804ei >> Image Returned >> 2020-09-10 22:37:56.617923

veo0fm804ei >> End >> 2020-09-10 22:37:56.778207

wgjnv78q4c3 >> Start >> 2020-09-10 22:38:12.771940

wgjnv78q4c3 >> Image Returned >> 2020-09-10 22:38:12.775563

wgjnv78q4c3 >> End >> 2020-09-10 22:38:12.931476

a8g5jez40xc >> Start >> 2020-09-10 22:44:29.386101

a8g5jez40xc >> Image Returned >> 2020-09-10 22:44:29.390908

a8g5jez40xc >> End >> 2020-09-10 22:44:29.549107

ku3pp3cidh8 >> Start >> 2020-09-10 23:20:24.736479

ku3pp3cidh8 >> Image Returned >> 2020-09-10 23:20:24.740250

ku3pp3cidh8 >> End >> 2020-09-10 23:20:24.911283

qr73fcgpid3 >> Start >> 2020-09-10 23:30:36.894362

qr73fcgpid3 >> Image Returned >> 2020-09-10 23:30:36.898869

qr73fcgpid3 >> End >> 2020-09-10 23:30:37.062446

y5dbpbvbu3j >> Start >> 2020-09-10 23:31:12.846554

y5dbpbvbu3j >> Image Returned >> 2020-09-10 23:31:12.850164

y5dbpbvbu3j >> End >> 2020-09-10 23:31:13.013992

rp0wrqtbzu0 >> Start >> 2020-09-10 23:31:58.445210

rp0wrqtbzu0 >> Image Returned >> 2020-09-10 23:31:58.449009

rp0wrqtbzu0 >> End >> 2020-09-10 23:31:58.612243

6v7q8vuwnqk >> Start >> 2020-09-10 23:47:37.499727

6v7q8vuwnqk >> Image Returned >> 2020-09-10 23:47:37.505609

6v7q8vuwnqk >> End >> 2020-09-10 23:47:37.735192

d4qwvae3kuv >> Start >> 2020-09-10 23:49:57.271440

d4qwvae3kuv >> Image Returned >> 2020-09-10 23:49:57.275760

d4qwvae3kuv >> End >> 2020-09-10 23:49:57.430957

4otwocxpigh >> Start >> 2020-09-10 23:50:40.892373

4otwocxpigh >> Image Returned >> 2020-09-10 23:50:40.896943

4otwocxpigh >> End >> 2020-09-10 23:50:41.057364

4ii538za3ch >> Start >> 2020-09-10 23:50:46.935756

4ii538za3ch >> Image Returned >> 2020-09-10 23:50:46.936111

4ii538za3ch >> End >> 2020-09-10 23:50:47.093758

