kq3wq334mbs >> Start >> 2020-06-29 01:28:57.145484

kq3wq334mbs >> Image Returned >> 2020-06-29 01:28:57.150362

kq3wq334mbs >> End >> 2020-06-29 01:28:57.166280

cb7mrzok7p8 >> Start >> 2020-06-29 01:29:29.293730

cb7mrzok7p8 >> Image Returned >> 2020-06-29 01:29:29.297539

cb7mrzok7p8 >> End >> 2020-06-29 01:29:29.308414

i7j8pggwv4r >> Start >> 2020-06-29 02:35:07.289124

i7j8pggwv4r >> Image Returned >> 2020-06-29 02:35:07.294543

i7j8pggwv4r >> End >> 2020-06-29 02:35:07.307735

atnmrfo2tdb >> Start >> 2020-06-29 04:20:07.409944

atnmrfo2tdb >> Image Returned >> 2020-06-29 04:20:07.415899

atnmrfo2tdb >> End >> 2020-06-29 04:20:07.427690

ozuhrnogzvp >> Start >> 2020-06-29 05:18:45.105489

ozuhrnogzvp >> Image Returned >> 2020-06-29 05:18:45.109786

ozuhrnogzvp >> End >> 2020-06-29 05:18:45.122266

phvsec0etoy >> Start >> 2020-06-29 06:26:46.954317

phvsec0etoy >> Image Returned >> 2020-06-29 06:26:46.958715

phvsec0etoy >> End >> 2020-06-29 06:26:46.971389

8sce308mdf6 >> Start >> 2020-06-29 07:11:17.817017

8sce308mdf6 >> Image Returned >> 2020-06-29 07:11:17.821441

8sce308mdf6 >> End >> 2020-06-29 07:11:17.838907

cnxzwjrx7j4 >> Start >> 2020-06-29 07:16:29.941441

cnxzwjrx7j4 >> Image Returned >> 2020-06-29 07:16:29.945440

cnxzwjrx7j4 >> End >> 2020-06-29 07:16:29.958014

0buoeva23qn >> Start >> 2020-06-29 07:27:06.483730

0buoeva23qn >> Image Returned >> 2020-06-29 07:27:06.487508

0buoeva23qn >> End >> 2020-06-29 07:27:06.499015

v5yitefxoyj >> Start >> 2020-06-29 07:35:04.627752

v5yitefxoyj >> Image Returned >> 2020-06-29 07:35:04.634002

v5yitefxoyj >> End >> 2020-06-29 07:35:04.648142

agskqw4huym >> Start >> 2020-06-29 07:49:33.503716

agskqw4huym >> Image Returned >> 2020-06-29 07:49:33.508141

agskqw4huym >> End >> 2020-06-29 07:49:33.520829

4pqgrpepm4f >> Start >> 2020-06-29 08:24:19.239578

4pqgrpepm4f >> Image Returned >> 2020-06-29 08:24:19.243473

4pqgrpepm4f >> End >> 2020-06-29 08:24:19.257075

koufaqjv3ei >> Start >> 2020-06-29 08:24:32.264147

koufaqjv3ei >> Image Returned >> 2020-06-29 08:24:32.267683

koufaqjv3ei >> End >> 2020-06-29 08:24:32.280517

r6uwd8f457p >> Start >> 2020-06-29 08:31:12.024893

r6uwd8f457p >> Image Returned >> 2020-06-29 08:31:12.028923

r6uwd8f457p >> End >> 2020-06-29 08:31:12.043005

jynpbk37og6 >> Start >> 2020-06-29 08:31:47.437026

jynpbk37og6 >> Image Returned >> 2020-06-29 08:31:47.440753

jynpbk37og6 >> End >> 2020-06-29 08:31:47.452630

xy605trfm37 >> Start >> 2020-06-29 08:33:40.544519

xy605trfm37 >> Image Returned >> 2020-06-29 08:33:40.548695

xy605trfm37 >> End >> 2020-06-29 08:33:40.560334

e2pq44uymmq >> Start >> 2020-06-29 08:33:52.120467

e2pq44uymmq >> Image Returned >> 2020-06-29 08:33:52.124077

e2pq44uymmq >> End >> 2020-06-29 08:33:52.135396

5eztxnwqfuc >> Start >> 2020-06-29 08:36:06.579811

5eztxnwqfuc >> Image Returned >> 2020-06-29 08:36:06.584017

5eztxnwqfuc >> End >> 2020-06-29 08:36:06.595690

po4uwxbm73j >> Start >> 2020-06-29 08:37:49.604773

po4uwxbm73j >> Image Returned >> 2020-06-29 08:37:49.608391

po4uwxbm73j >> End >> 2020-06-29 08:37:49.618829

8xfgzqfk7ji >> Start >> 2020-06-29 08:39:04.503093

8xfgzqfk7ji >> Image Returned >> 2020-06-29 08:39:04.506705

8xfgzqfk7ji >> End >> 2020-06-29 08:39:04.519762

q844wqu5c3t >> Start >> 2020-06-29 08:39:57.237678

q844wqu5c3t >> Image Returned >> 2020-06-29 08:39:57.241902

q844wqu5c3t >> End >> 2020-06-29 08:39:57.246691

qicfz44awy8 >> Start >> 2020-06-29 08:43:08.025563

qicfz44awy8 >> Image Returned >> 2020-06-29 08:43:08.029190

qicfz44awy8 >> End >> 2020-06-29 08:43:08.044481

qdn0wozoort >> Start >> 2020-06-29 08:45:50.447084

qdn0wozoort >> Image Returned >> 2020-06-29 08:45:50.451448

qdn0wozoort >> End >> 2020-06-29 08:45:50.464838

se80b8umir4 >> Start >> 2020-06-29 08:45:58.942425

se80b8umir4 >> Image Returned >> 2020-06-29 08:45:58.942712

se80b8umir4 >> End >> 2020-06-29 08:45:58.953108

ag3krttvpgw >> Start >> 2020-06-29 08:50:13.758308

ag3krttvpgw >> Image Returned >> 2020-06-29 08:50:13.762747

ag3krttvpgw >> End >> 2020-06-29 08:50:13.773627

4njzqdm8cnh >> Start >> 2020-06-29 08:52:42.640794

4njzqdm8cnh >> Image Returned >> 2020-06-29 08:52:42.644478

4njzqdm8cnh >> End >> 2020-06-29 08:52:42.656565

zsuhdwzz86o >> Start >> 2020-06-29 09:02:07.504100

zsuhdwzz86o >> Image Returned >> 2020-06-29 09:02:07.507750

zsuhdwzz86o >> End >> 2020-06-29 09:02:07.520546

jg2ur30h6fz >> Start >> 2020-06-29 09:31:03.429157

jg2ur30h6fz >> Image Returned >> 2020-06-29 09:31:03.432765

jg2ur30h6fz >> End >> 2020-06-29 09:31:03.445734

570eo5a653v >> Start >> 2020-06-29 09:55:21.593049

570eo5a653v >> Image Returned >> 2020-06-29 09:55:21.598654

570eo5a653v >> End >> 2020-06-29 09:55:21.611287

cnz8o3ebfq0 >> Start >> 2020-06-29 10:32:10.869390

cnz8o3ebfq0 >> Image Returned >> 2020-06-29 10:32:10.874665

cnz8o3ebfq0 >> End >> 2020-06-29 10:32:10.887094

8ivucst76mq >> Start >> 2020-06-29 10:35:32.462552

8ivucst76mq >> Image Returned >> 2020-06-29 10:35:32.466967

8ivucst76mq >> End >> 2020-06-29 10:35:32.483752

t5e50she4de >> Start >> 2020-06-29 10:45:55.353387

t5e50she4de >> Image Returned >> 2020-06-29 10:45:55.358160

t5e50she4de >> End >> 2020-06-29 10:45:55.370389

z3258gadr3w >> Start >> 2020-06-29 10:48:18.953063

z3258gadr3w >> Image Returned >> 2020-06-29 10:48:18.957561

z3258gadr3w >> End >> 2020-06-29 10:48:18.970577

zj2mzvptz7b >> Start >> 2020-06-29 11:04:29.852184

zj2mzvptz7b >> Image Returned >> 2020-06-29 11:04:29.856298

zj2mzvptz7b >> End >> 2020-06-29 11:04:29.868458

2d3qbb0f4js >> Start >> 2020-06-29 11:08:01.713234

2d3qbb0f4js >> Image Returned >> 2020-06-29 11:08:01.716669

2d3qbb0f4js >> End >> 2020-06-29 11:08:01.722318

q663o54msmm >> Start >> 2020-06-29 11:09:48.577017

q663o54msmm >> Image Returned >> 2020-06-29 11:09:48.580666

q663o54msmm >> End >> 2020-06-29 11:09:48.594855

hybw7aopzyy >> Start >> 2020-06-29 11:21:14.854083

hybw7aopzyy >> Image Returned >> 2020-06-29 11:21:14.859848

hybw7aopzyy >> End >> 2020-06-29 11:21:14.864188

az452vwtnui >> Start >> 2020-06-29 11:24:56.603770

az452vwtnui >> Image Returned >> 2020-06-29 11:24:56.607932

az452vwtnui >> End >> 2020-06-29 11:24:56.620687

fpbwswi43ai >> Start >> 2020-06-29 11:32:39.955229

fpbwswi43ai >> Image Returned >> 2020-06-29 11:32:39.959171

fpbwswi43ai >> End >> 2020-06-29 11:32:39.971051

pn4h7jn4xbk >> Start >> 2020-06-29 11:39:27.784718

pn4h7jn4xbk >> Image Returned >> 2020-06-29 11:39:27.788765

pn4h7jn4xbk >> End >> 2020-06-29 11:39:27.801755

w6zkv0mt2uu >> Start >> 2020-06-29 11:46:10.832318

w6zkv0mt2uu >> Image Returned >> 2020-06-29 11:46:10.836008

w6zkv0mt2uu >> End >> 2020-06-29 11:46:10.848845

xarhvmfq7yv >> Start >> 2020-06-29 11:46:53.180972

xarhvmfq7yv >> Image Returned >> 2020-06-29 11:46:53.184998

xarhvmfq7yv >> End >> 2020-06-29 11:46:53.203306

gxgxpp8qu87 >> Start >> 2020-06-29 11:53:37.620296

gxgxpp8qu87 >> Image Returned >> 2020-06-29 11:53:37.624422

gxgxpp8qu87 >> End >> 2020-06-29 11:53:37.639705

hr0ttxmrn8e >> Start >> 2020-06-29 11:54:18.544092

hr0ttxmrn8e >> Image Returned >> 2020-06-29 11:54:18.548363

hr0ttxmrn8e >> End >> 2020-06-29 11:54:18.559851

j4on6qhvs57 >> Start >> 2020-06-29 12:03:30.337253

j4on6qhvs57 >> Image Returned >> 2020-06-29 12:03:30.341773

j4on6qhvs57 >> End >> 2020-06-29 12:03:30.356723

jgmw0fbvpgx >> Start >> 2020-06-29 12:04:05.629950

jgmw0fbvpgx >> Image Returned >> 2020-06-29 12:04:05.633712

jgmw0fbvpgx >> End >> 2020-06-29 12:04:05.646080

pxaqd4c5mai >> Start >> 2020-06-29 12:09:43.294356

pxaqd4c5mai >> Image Returned >> 2020-06-29 12:09:43.299853

pxaqd4c5mai >> End >> 2020-06-29 12:09:43.305730

4qc0fe8n2n8 >> Start >> 2020-06-29 12:20:56.801522

4qc0fe8n2n8 >> Image Returned >> 2020-06-29 12:20:56.805763

4qc0fe8n2n8 >> End >> 2020-06-29 12:20:56.817239

6u3o3h8u56s >> Start >> 2020-06-29 12:22:48.131732

6u3o3h8u56s >> Image Returned >> 2020-06-29 12:22:48.135294

6u3o3h8u56s >> End >> 2020-06-29 12:22:48.147326

tefko60isha >> Start >> 2020-06-29 12:29:06.446616

tefko60isha >> Image Returned >> 2020-06-29 12:29:06.450659

tefko60isha >> End >> 2020-06-29 12:29:06.462562

fsgn500qa2g >> Start >> 2020-06-29 12:34:53.070565

fsgn500qa2g >> Image Returned >> 2020-06-29 12:34:53.075274

fsgn500qa2g >> End >> 2020-06-29 12:34:53.086698

2nmvfx3jf5n >> Start >> 2020-06-29 12:35:33.984110

2nmvfx3jf5n >> Image Returned >> 2020-06-29 12:35:33.987592

2nmvfx3jf5n >> End >> 2020-06-29 12:35:33.998596

0e34we85fpb >> Start >> 2020-06-29 12:41:23.538333

0e34we85fpb >> Image Returned >> 2020-06-29 12:41:23.542279

0e34we85fpb >> End >> 2020-06-29 12:41:23.555306

eoug5ziaz7v >> Start >> 2020-06-29 12:45:05.534671

eoug5ziaz7v >> Image Returned >> 2020-06-29 12:45:05.538922

eoug5ziaz7v >> End >> 2020-06-29 12:45:05.551676

mmes73o6coj >> Start >> 2020-06-29 12:49:59.319451

mmes73o6coj >> Image Returned >> 2020-06-29 12:49:59.325207

mmes73o6coj >> End >> 2020-06-29 12:49:59.344784

zhuuxhggwbj >> Start >> 2020-06-29 12:49:59.470685

zhuuxhggwbj >> Image Returned >> 2020-06-29 12:49:59.471084

zhuuxhggwbj >> End >> 2020-06-29 12:49:59.480756

zz457ghnu5r >> Start >> 2020-06-29 12:55:22.007611

zz457ghnu5r >> Image Returned >> 2020-06-29 12:55:22.011717

zz457ghnu5r >> End >> 2020-06-29 12:55:22.021868

u227dda8xpj >> Start >> 2020-06-29 13:49:46.939542

u227dda8xpj >> Image Returned >> 2020-06-29 13:49:46.943531

u227dda8xpj >> End >> 2020-06-29 13:49:46.954592

udk4pukorb8 >> Start >> 2020-06-29 14:01:42.639157

udk4pukorb8 >> Image Returned >> 2020-06-29 14:01:42.643039

udk4pukorb8 >> End >> 2020-06-29 14:01:42.654238

dfq58cig8wx >> Start >> 2020-06-29 14:05:17.936321

dfq58cig8wx >> Image Returned >> 2020-06-29 14:05:17.940370

dfq58cig8wx >> End >> 2020-06-29 14:05:17.953027

oack8skmmw2 >> Start >> 2020-06-29 14:18:45.051700

oack8skmmw2 >> Image Returned >> 2020-06-29 14:18:45.055459

oack8skmmw2 >> End >> 2020-06-29 14:18:45.067730

gxh6erjtf32 >> Start >> 2020-06-29 14:44:02.882258

gxh6erjtf32 >> Image Returned >> 2020-06-29 14:44:02.887147

gxh6erjtf32 >> End >> 2020-06-29 14:44:02.899168

whyh4kwncgw >> Start >> 2020-06-29 15:05:57.893090

whyh4kwncgw >> Image Returned >> 2020-06-29 15:05:57.897732

whyh4kwncgw >> End >> 2020-06-29 15:05:57.912043

datxrmie5zw >> Start >> 2020-06-29 15:15:57.649346

datxrmie5zw >> Image Returned >> 2020-06-29 15:15:57.653975

datxrmie5zw >> End >> 2020-06-29 15:15:57.664463

an5fgzvk8hn >> Start >> 2020-06-29 15:16:01.980799

an5fgzvk8hn >> Image Returned >> 2020-06-29 15:16:01.981113

an5fgzvk8hn >> End >> 2020-06-29 15:16:01.997400

7zik7g3bwzm >> Start >> 2020-06-29 15:16:19.607685

7zik7g3bwzm >> Image Returned >> 2020-06-29 15:16:19.611282

7zik7g3bwzm >> End >> 2020-06-29 15:16:19.624737

eg0osux75ia >> Start >> 2020-06-29 15:27:02.618979

eg0osux75ia >> Image Returned >> 2020-06-29 15:27:02.624033

eg0osux75ia >> End >> 2020-06-29 15:27:02.646800

uf2yfpdzx0a >> Start >> 2020-06-29 15:29:01.338406

uf2yfpdzx0a >> Image Returned >> 2020-06-29 15:29:01.342956

uf2yfpdzx0a >> End >> 2020-06-29 15:29:01.353790

h0anhbfg5a8 >> Start >> 2020-06-29 15:39:58.517354

h0anhbfg5a8 >> Image Returned >> 2020-06-29 15:39:58.521507

h0anhbfg5a8 >> End >> 2020-06-29 15:39:58.525571

n7zeqi4jt52 >> Start >> 2020-06-29 15:40:46.557049

n7zeqi4jt52 >> Image Returned >> 2020-06-29 15:40:46.561292

n7zeqi4jt52 >> End >> 2020-06-29 15:40:46.574160

sxcxvzm5jg7 >> Start >> 2020-06-29 15:43:20.779172

sxcxvzm5jg7 >> Image Returned >> 2020-06-29 15:43:20.782850

sxcxvzm5jg7 >> End >> 2020-06-29 15:43:20.793859

mfpjaupcmjn >> Start >> 2020-06-29 15:45:27.508826

mfpjaupcmjn >> Image Returned >> 2020-06-29 15:45:27.512840

mfpjaupcmjn >> End >> 2020-06-29 15:45:27.523571

cgw2hs00z45 >> Start >> 2020-06-29 15:59:54.125045

cgw2hs00z45 >> Image Returned >> 2020-06-29 15:59:54.130999

cgw2hs00z45 >> End >> 2020-06-29 15:59:54.143946

fhm7qafzumz >> Start >> 2020-06-29 16:16:11.263297

fhm7qafzumz >> Image Returned >> 2020-06-29 16:16:11.267031

fhm7qafzumz >> End >> 2020-06-29 16:16:11.280119

me3dtttc6hm >> Start >> 2020-06-29 16:17:28.544508

me3dtttc6hm >> Image Returned >> 2020-06-29 16:17:28.548641

me3dtttc6hm >> End >> 2020-06-29 16:17:28.561547

ajk2t86v8vf >> Start >> 2020-06-29 16:30:11.878273

ajk2t86v8vf >> Image Returned >> 2020-06-29 16:30:11.882230

ajk2t86v8vf >> End >> 2020-06-29 16:30:11.895530

mxafybkeyp6 >> Start >> 2020-06-29 16:32:18.617121

mxafybkeyp6 >> Image Returned >> 2020-06-29 16:32:18.621197

mxafybkeyp6 >> End >> 2020-06-29 16:32:18.632540

ne3mq7r4dhg >> Start >> 2020-06-29 16:35:42.126019

ne3mq7r4dhg >> Image Returned >> 2020-06-29 16:35:42.130491

ne3mq7r4dhg >> End >> 2020-06-29 16:35:42.141724

anghbu7v6eu >> Start >> 2020-06-29 16:36:47.554712

anghbu7v6eu >> Image Returned >> 2020-06-29 16:36:47.559582

anghbu7v6eu >> End >> 2020-06-29 16:36:47.574234

8peeajwu748 >> Start >> 2020-06-29 16:37:31.437306

8peeajwu748 >> Image Returned >> 2020-06-29 16:37:31.441785

8peeajwu748 >> End >> 2020-06-29 16:37:31.445544

cjg35himf5n >> Start >> 2020-06-29 16:37:59.992980

cjg35himf5n >> Image Returned >> 2020-06-29 16:37:59.996545

cjg35himf5n >> End >> 2020-06-29 16:38:00.007834

dxxjkix0u3w >> Start >> 2020-06-29 16:45:43.414628

dxxjkix0u3w >> Image Returned >> 2020-06-29 16:45:43.418319

dxxjkix0u3w >> End >> 2020-06-29 16:45:43.431129

n2d78rendc8 >> Start >> 2020-06-29 17:07:31.524436

n2d78rendc8 >> Image Returned >> 2020-06-29 17:07:31.529155

n2d78rendc8 >> End >> 2020-06-29 17:07:31.543165

n0tt28bmvqe >> Start >> 2020-06-29 17:36:09.907571

n0tt28bmvqe >> Image Returned >> 2020-06-29 17:36:09.911660

n0tt28bmvqe >> End >> 2020-06-29 17:36:09.922393

ht57opv3808 >> Start >> 2020-06-29 18:01:25.794480

ht57opv3808 >> Image Returned >> 2020-06-29 18:01:25.794967

ht57opv3808 >> End >> 2020-06-29 18:01:25.817635

ehkirq5kehh >> Start >> 2020-06-29 18:03:42.612765

ehkirq5kehh >> Image Returned >> 2020-06-29 18:03:42.618299

ehkirq5kehh >> End >> 2020-06-29 18:03:42.635507

ynuitj8r6zb >> Start >> 2020-06-29 18:11:33.820166

ynuitj8r6zb >> Image Returned >> 2020-06-29 18:11:33.824295

ynuitj8r6zb >> End >> 2020-06-29 18:11:33.837013

swdobo2jnmx >> Start >> 2020-06-29 18:17:54.355900

swdobo2jnmx >> Image Returned >> 2020-06-29 18:17:54.360702

swdobo2jnmx >> End >> 2020-06-29 18:17:54.372203

sjoe8rbhhty >> Start >> 2020-06-29 18:50:06.118067

sjoe8rbhhty >> Image Returned >> 2020-06-29 18:50:06.121938

sjoe8rbhhty >> End >> 2020-06-29 18:50:06.138389

84k5o4hieuk >> Start >> 2020-06-29 18:52:05.491720

84k5o4hieuk >> Image Returned >> 2020-06-29 18:52:05.495306

84k5o4hieuk >> End >> 2020-06-29 18:52:05.510802

t2eqysk6btq >> Start >> 2020-06-29 18:52:34.231715

t2eqysk6btq >> Image Returned >> 2020-06-29 18:52:34.234545

t2eqysk6btq >> End >> 2020-06-29 18:52:34.244355

5iez2rtbut2 >> Start >> 2020-06-29 19:03:09.962704

5iez2rtbut2 >> Image Returned >> 2020-06-29 19:03:09.966381

5iez2rtbut2 >> End >> 2020-06-29 19:03:09.978830

q00xowukmpc >> Start >> 2020-06-29 19:10:02.666280

q00xowukmpc >> Image Returned >> 2020-06-29 19:10:02.669733

q00xowukmpc >> End >> 2020-06-29 19:10:02.785509

cbucu0oof46 >> Start >> 2020-06-29 19:12:22.527077

cbucu0oof46 >> Image Returned >> 2020-06-29 19:12:22.529894

cbucu0oof46 >> End >> 2020-06-29 19:12:22.547451

t8q2gfmb0vy >> Start >> 2020-06-29 19:44:38.894309

t8q2gfmb0vy >> Image Returned >> 2020-06-29 19:44:38.898057

t8q2gfmb0vy >> End >> 2020-06-29 19:44:38.961338

hrw0dfiq8fi >> Start >> 2020-06-29 20:03:41.170618

hrw0dfiq8fi >> Image Returned >> 2020-06-29 20:03:41.173598

hrw0dfiq8fi >> End >> 2020-06-29 20:03:41.187360

x30k8oxut5n >> Start >> 2020-06-29 20:12:01.364609

x30k8oxut5n >> Image Returned >> 2020-06-29 20:12:01.368078

x30k8oxut5n >> End >> 2020-06-29 20:12:01.381413

gwqmd5fpd3m >> Start >> 2020-06-29 20:39:02.853522

gwqmd5fpd3m >> Image Returned >> 2020-06-29 20:39:02.856507

gwqmd5fpd3m >> End >> 2020-06-29 20:39:02.867549

53sw855kcan >> Start >> 2020-06-29 20:55:50.762447

53sw855kcan >> Image Returned >> 2020-06-29 20:55:50.765424

53sw855kcan >> End >> 2020-06-29 20:55:50.780621

ptzvrc3na53 >> Start >> 2020-06-29 21:33:06.258243

ptzvrc3na53 >> Image Returned >> 2020-06-29 21:33:06.261334

ptzvrc3na53 >> End >> 2020-06-29 21:33:06.275608

zpp3hhjsmg8 >> Start >> 2020-06-29 21:34:05.823827

zpp3hhjsmg8 >> Image Returned >> 2020-06-29 21:34:05.826756

zpp3hhjsmg8 >> End >> 2020-06-29 21:34:05.840163

3bk88rgnvtk >> Start >> 2020-06-29 21:34:07.620381

3bk88rgnvtk >> Image Returned >> 2020-06-29 21:34:07.620723

3bk88rgnvtk >> End >> 2020-06-29 21:34:07.634172

win4k3oc7hh >> Start >> 2020-06-29 21:35:03.321717

win4k3oc7hh >> Image Returned >> 2020-06-29 21:35:03.325011

win4k3oc7hh >> End >> 2020-06-29 21:35:03.336075

88cx5i74dt5 >> Start >> 2020-06-29 21:39:51.779328

88cx5i74dt5 >> Image Returned >> 2020-06-29 21:39:51.782239

88cx5i74dt5 >> End >> 2020-06-29 21:39:51.794245

2axaus40pzw >> Start >> 2020-06-29 21:49:57.276813

2axaus40pzw >> Image Returned >> 2020-06-29 21:49:57.279726

2axaus40pzw >> End >> 2020-06-29 21:49:57.292083

pa82pj6sv3a >> Start >> 2020-06-29 22:29:35.406922

pa82pj6sv3a >> Image Returned >> 2020-06-29 22:29:35.411401

pa82pj6sv3a >> End >> 2020-06-29 22:29:35.427809

chwnb6fzag0 >> Start >> 2020-06-29 23:40:03.816513

chwnb6fzag0 >> Image Returned >> 2020-06-29 23:40:03.822237

chwnb6fzag0 >> End >> 2020-06-29 23:40:03.836231

