og6bxuvh3y3 >> Start >> 2020-10-05 00:09:24.251804

og6bxuvh3y3 >> Image Returned >> 2020-10-05 00:09:24.256575

og6bxuvh3y3 >> End >> 2020-10-05 00:09:24.423609

whiqcibkb82 >> Start >> 2020-10-05 00:36:41.674323

whiqcibkb82 >> Image Returned >> 2020-10-05 00:36:41.678683

whiqcibkb82 >> End >> 2020-10-05 00:36:41.837755

8pha6qu7j4g >> Start >> 2020-10-05 00:37:51.413491

8pha6qu7j4g >> Image Returned >> 2020-10-05 00:37:51.416866

8pha6qu7j4g >> End >> 2020-10-05 00:37:51.584244

jtipcogm2cv >> Start >> 2020-10-05 00:47:04.634490

jtipcogm2cv >> Image Returned >> 2020-10-05 00:47:04.638503

jtipcogm2cv >> End >> 2020-10-05 00:47:04.803481

iwjnh43cinw >> Start >> 2020-10-05 00:59:54.562721

iwjnh43cinw >> Image Returned >> 2020-10-05 00:59:54.566284

iwjnh43cinw >> End >> 2020-10-05 00:59:54.727504

tx3p420fgna >> Start >> 2020-10-05 01:04:13.016139

tx3p420fgna >> Image Returned >> 2020-10-05 01:04:13.019839

tx3p420fgna >> End >> 2020-10-05 01:04:13.193433

hfcw7qg2sjs >> Start >> 2020-10-05 01:05:16.175424

hfcw7qg2sjs >> Image Returned >> 2020-10-05 01:05:16.179923

hfcw7qg2sjs >> End >> 2020-10-05 01:05:16.350169

wxh6v4i78ie >> Start >> 2020-10-05 01:17:19.310492

wxh6v4i78ie >> Image Returned >> 2020-10-05 01:17:19.314218

wxh6v4i78ie >> End >> 2020-10-05 01:17:19.508363

qwmkm3rujdw >> Start >> 2020-10-05 01:36:58.418905

qwmkm3rujdw >> Image Returned >> 2020-10-05 01:36:58.422287

qwmkm3rujdw >> End >> 2020-10-05 01:36:58.586816

weyf0332a8o >> Start >> 2020-10-05 01:38:33.710180

weyf0332a8o >> Image Returned >> 2020-10-05 01:38:33.713557

weyf0332a8o >> End >> 2020-10-05 01:38:33.879806

05s7w0cndnb >> Start >> 2020-10-05 02:28:47.524935

05s7w0cndnb >> Image Returned >> 2020-10-05 02:28:47.528387

05s7w0cndnb >> End >> 2020-10-05 02:28:47.699095

ongvzpsayz7 >> Start >> 2020-10-05 02:29:19.938661

ongvzpsayz7 >> Image Returned >> 2020-10-05 02:29:19.941718

ongvzpsayz7 >> End >> 2020-10-05 02:29:20.109833

z3u2w4vagbz >> Start >> 2020-10-05 03:04:42.387638

z3u2w4vagbz >> Image Returned >> 2020-10-05 03:04:42.390774

z3u2w4vagbz >> End >> 2020-10-05 03:04:42.569901

yff2xbhau37 >> Start >> 2020-10-05 03:08:13.898694

yff2xbhau37 >> Image Returned >> 2020-10-05 03:08:13.903913

yff2xbhau37 >> End >> 2020-10-05 03:08:14.080826

76yppp5bda7 >> Start >> 2020-10-05 03:08:58.664978

76yppp5bda7 >> Image Returned >> 2020-10-05 03:08:58.669657

76yppp5bda7 >> End >> 2020-10-05 03:08:58.838942

wwok25fyp0u >> Start >> 2020-10-05 03:09:14.368144

wwok25fyp0u >> Image Returned >> 2020-10-05 03:09:14.372493

wwok25fyp0u >> End >> 2020-10-05 03:09:14.548429

yksbc3k23nz >> Start >> 2020-10-05 03:43:52.519423

yksbc3k23nz >> Image Returned >> 2020-10-05 03:43:52.523760

yksbc3k23nz >> End >> 2020-10-05 03:43:52.686948

t2po06fjygu >> Start >> 2020-10-05 03:47:55.399349

t2po06fjygu >> Image Returned >> 2020-10-05 03:47:55.402585

t2po06fjygu >> End >> 2020-10-05 03:47:55.593755

qtai4w7am5m >> Start >> 2020-10-05 05:02:31.612034

qtai4w7am5m >> Image Returned >> 2020-10-05 05:02:31.615562

qtai4w7am5m >> End >> 2020-10-05 05:02:31.783032

phwcwvu54gu >> Start >> 2020-10-05 05:12:57.951028

phwcwvu54gu >> Image Returned >> 2020-10-05 05:12:57.954623

phwcwvu54gu >> End >> 2020-10-05 05:12:58.117510

zk3vvvoeoqp >> Start >> 2020-10-05 05:23:16.517851

zk3vvvoeoqp >> Image Returned >> 2020-10-05 05:23:16.520941

zk3vvvoeoqp >> End >> 2020-10-05 05:23:16.684376

ezghapeydad >> Start >> 2020-10-05 05:46:27.955986

ezghapeydad >> Image Returned >> 2020-10-05 05:46:27.959136

ezghapeydad >> End >> 2020-10-05 05:46:28.136508

tqz8etvmf6v >> Start >> 2020-10-05 05:47:34.777643

tqz8etvmf6v >> Image Returned >> 2020-10-05 05:47:34.781275

tqz8etvmf6v >> End >> 2020-10-05 05:47:34.942147

eesrwb2i6v5 >> Start >> 2020-10-05 05:47:56.206413

eesrwb2i6v5 >> Image Returned >> 2020-10-05 05:47:56.209997

eesrwb2i6v5 >> End >> 2020-10-05 05:47:56.368516

ihk35udeqrm >> Start >> 2020-10-05 05:57:30.528609

ihk35udeqrm >> Image Returned >> 2020-10-05 05:57:30.531831

ihk35udeqrm >> End >> 2020-10-05 05:57:30.694139

fitmyp35cwb >> Start >> 2020-10-05 05:58:00.513077

fitmyp35cwb >> Image Returned >> 2020-10-05 05:58:00.516177

fitmyp35cwb >> End >> 2020-10-05 05:58:00.676107

864ke6e30he >> Start >> 2020-10-05 05:58:30.862844

864ke6e30he >> Image Returned >> 2020-10-05 05:58:30.866029

864ke6e30he >> End >> 2020-10-05 05:58:31.028646

2t5gtknr4vq >> Start >> 2020-10-05 05:59:28.276856

2t5gtknr4vq >> Image Returned >> 2020-10-05 05:59:28.280051

2t5gtknr4vq >> End >> 2020-10-05 05:59:28.448071

fa7mqaeuvfx >> Start >> 2020-10-05 06:02:31.892555

fa7mqaeuvfx >> Image Returned >> 2020-10-05 06:02:31.895983

fa7mqaeuvfx >> End >> 2020-10-05 06:02:32.060961

jcrueqjb5bj >> Start >> 2020-10-05 06:03:54.002238

jcrueqjb5bj >> Image Returned >> 2020-10-05 06:03:54.007527

jcrueqjb5bj >> End >> 2020-10-05 06:03:54.169455

4xzd20dzhnm >> Start >> 2020-10-05 06:04:15.328967

4xzd20dzhnm >> Image Returned >> 2020-10-05 06:04:15.332310

4xzd20dzhnm >> End >> 2020-10-05 06:04:15.527245

nyvb8cogw5k >> Start >> 2020-10-05 06:49:14.659846

nyvb8cogw5k >> Image Returned >> 2020-10-05 06:49:14.663331

nyvb8cogw5k >> End >> 2020-10-05 06:49:14.850851

on0tasg75q3 >> Start >> 2020-10-05 06:54:26.942147

on0tasg75q3 >> Image Returned >> 2020-10-05 06:54:26.945524

on0tasg75q3 >> End >> 2020-10-05 06:54:27.109592

7pnw86pq3o6 >> Start >> 2020-10-05 06:56:47.393980

7pnw86pq3o6 >> Image Returned >> 2020-10-05 06:56:47.397425

7pnw86pq3o6 >> End >> 2020-10-05 06:56:47.596916

mbg5t6c0qvh >> Start >> 2020-10-05 07:03:07.853987

mbg5t6c0qvh >> Image Returned >> 2020-10-05 07:03:07.858962

mbg5t6c0qvh >> End >> 2020-10-05 07:03:08.028233

j0ykfvfod7v >> Start >> 2020-10-05 07:03:18.472503

j0ykfvfod7v >> Image Returned >> 2020-10-05 07:03:18.472795

j0ykfvfod7v >> End >> 2020-10-05 07:03:18.635787

egika5bcbam >> Start >> 2020-10-05 07:06:30.902065

egika5bcbam >> Image Returned >> 2020-10-05 07:06:30.905494

egika5bcbam >> End >> 2020-10-05 07:06:31.073676

cnvgv83mchn >> Start >> 2020-10-05 07:10:27.454188

cnvgv83mchn >> Image Returned >> 2020-10-05 07:10:27.457607

cnvgv83mchn >> End >> 2020-10-05 07:10:27.629762

vimmqb5dr4u >> Start >> 2020-10-05 07:15:47.804949

vimmqb5dr4u >> Image Returned >> 2020-10-05 07:15:47.808751

vimmqb5dr4u >> End >> 2020-10-05 07:15:47.969522

hrxjuxqe3us >> Start >> 2020-10-05 07:16:04.668251

hrxjuxqe3us >> Image Returned >> 2020-10-05 07:16:04.671521

hrxjuxqe3us >> End >> 2020-10-05 07:16:04.874766

8p8gki5eqfv >> Start >> 2020-10-05 07:17:53.236449

8p8gki5eqfv >> Image Returned >> 2020-10-05 07:17:53.240006

8p8gki5eqfv >> End >> 2020-10-05 07:17:53.408478

ys7zcdbez2r >> Start >> 2020-10-05 07:18:44.703618

ys7zcdbez2r >> Image Returned >> 2020-10-05 07:18:44.708035

ys7zcdbez2r >> End >> 2020-10-05 07:18:44.868778

p7g4e7a0hkv >> Start >> 2020-10-05 07:32:34.366527

p7g4e7a0hkv >> Image Returned >> 2020-10-05 07:32:34.369852

p7g4e7a0hkv >> End >> 2020-10-05 07:32:34.529794

zkn8effksco >> Start >> 2020-10-05 07:33:11.679075

zkn8effksco >> Image Returned >> 2020-10-05 07:33:11.684184

zkn8effksco >> End >> 2020-10-05 07:33:11.846376

3qv44wk3x2g >> Start >> 2020-10-05 07:37:53.639621

3qv44wk3x2g >> Image Returned >> 2020-10-05 07:37:53.643019

3qv44wk3x2g >> End >> 2020-10-05 07:37:53.801482

j2w4c4kqqae >> Start >> 2020-10-05 07:39:13.381989

j2w4c4kqqae >> Image Returned >> 2020-10-05 07:39:13.385380

j2w4c4kqqae >> End >> 2020-10-05 07:39:13.551760

6onmdwi7m0i >> Start >> 2020-10-05 07:43:41.130109

6onmdwi7m0i >> Image Returned >> 2020-10-05 07:43:41.134111

6onmdwi7m0i >> End >> 2020-10-05 07:43:41.316390

ntikc8u7vi4 >> Start >> 2020-10-05 07:47:06.238632

ntikc8u7vi4 >> Image Returned >> 2020-10-05 07:47:06.242105

ntikc8u7vi4 >> End >> 2020-10-05 07:47:06.403244

myk6fcyfaf6 >> Start >> 2020-10-05 07:51:03.101414

myk6fcyfaf6 >> Image Returned >> 2020-10-05 07:51:03.105962

myk6fcyfaf6 >> End >> 2020-10-05 07:51:03.274139

zxb5t4qxzbc >> Start >> 2020-10-05 07:51:05.975492

zxb5t4qxzbc >> Image Returned >> 2020-10-05 07:51:05.975790

zxb5t4qxzbc >> End >> 2020-10-05 07:51:06.203690

4vac7v48pcr >> Start >> 2020-10-05 07:51:14.942028

4vac7v48pcr >> Image Returned >> 2020-10-05 07:51:14.942333

4vac7v48pcr >> End >> 2020-10-05 07:51:15.131347

pkddroe3bas >> Start >> 2020-10-05 07:51:38.805485

pkddroe3bas >> Image Returned >> 2020-10-05 07:51:38.808835

pkddroe3bas >> End >> 2020-10-05 07:51:39.003566

3hyuzdcy6su >> Start >> 2020-10-05 07:52:23.836239

3hyuzdcy6su >> Image Returned >> 2020-10-05 07:52:23.839545

3hyuzdcy6su >> End >> 2020-10-05 07:52:24.018888

045tgfw8o46 >> Start >> 2020-10-05 07:52:58.893816

045tgfw8o46 >> Image Returned >> 2020-10-05 07:52:58.897839

045tgfw8o46 >> End >> 2020-10-05 07:52:59.090527

s2wcnns4thh >> Start >> 2020-10-05 07:54:07.265206

s2wcnns4thh >> Image Returned >> 2020-10-05 07:54:07.270273

s2wcnns4thh >> End >> 2020-10-05 07:54:07.466423

jqtqjwjebuo >> Start >> 2020-10-05 08:00:22.386508

jqtqjwjebuo >> Image Returned >> 2020-10-05 08:00:22.390060

jqtqjwjebuo >> End >> 2020-10-05 08:00:22.552243

ktg4zyqansj >> Start >> 2020-10-05 08:05:47.749191

ktg4zyqansj >> Image Returned >> 2020-10-05 08:05:47.752700

ktg4zyqansj >> End >> 2020-10-05 08:05:47.926234

vjxemw2nzah >> Start >> 2020-10-05 08:08:12.947299

vjxemw2nzah >> Image Returned >> 2020-10-05 08:08:12.951271

vjxemw2nzah >> End >> 2020-10-05 08:08:13.139481

gwvsxhbdjyr >> Start >> 2020-10-05 08:15:24.828902

gwvsxhbdjyr >> Image Returned >> 2020-10-05 08:15:24.833277

gwvsxhbdjyr >> End >> 2020-10-05 08:15:25.014909

8c35j7qx2fw >> Start >> 2020-10-05 08:17:38.039124

8c35j7qx2fw >> Image Returned >> 2020-10-05 08:17:38.042464

8c35j7qx2fw >> End >> 2020-10-05 08:17:38.210771

7mxnexi3eeo >> Start >> 2020-10-05 08:20:09.053124

7mxnexi3eeo >> Image Returned >> 2020-10-05 08:20:09.057496

7mxnexi3eeo >> End >> 2020-10-05 08:20:09.227371

3eqc0edzh30 >> Start >> 2020-10-05 08:20:54.683156

3eqc0edzh30 >> Image Returned >> 2020-10-05 08:20:54.686485

3eqc0edzh30 >> End >> 2020-10-05 08:20:54.853017

c0ebvzaaf56 >> Start >> 2020-10-05 08:24:10.905890

c0ebvzaaf56 >> Image Returned >> 2020-10-05 08:24:10.909193

c0ebvzaaf56 >> End >> 2020-10-05 08:24:11.081712

6qifxwv0xqr >> Start >> 2020-10-05 08:24:24.825531

6qifxwv0xqr >> Image Returned >> 2020-10-05 08:24:24.828915

6qifxwv0xqr >> End >> 2020-10-05 08:24:24.997045

87057xof722 >> Start >> 2020-10-05 08:28:39.202276

87057xof722 >> Image Returned >> 2020-10-05 08:28:39.205614

87057xof722 >> End >> 2020-10-05 08:28:39.365350

pys74fvqpd2 >> Start >> 2020-10-05 08:28:58.425535

pys74fvqpd2 >> Image Returned >> 2020-10-05 08:28:58.429974

pys74fvqpd2 >> End >> 2020-10-05 08:28:58.598359

c7hzpjhrc6j >> Start >> 2020-10-05 08:30:55.419059

c7hzpjhrc6j >> Image Returned >> 2020-10-05 08:30:55.422297

c7hzpjhrc6j >> End >> 2020-10-05 08:30:55.605629

mhfo0wyy4ve >> Start >> 2020-10-05 08:31:05.035490

mhfo0wyy4ve >> Image Returned >> 2020-10-05 08:31:05.035811

mhfo0wyy4ve >> End >> 2020-10-05 08:31:05.192388

bnocnf33jrq >> Start >> 2020-10-05 08:50:50.252116

bnocnf33jrq >> Image Returned >> 2020-10-05 08:50:50.256062

bnocnf33jrq >> End >> 2020-10-05 08:50:50.434983

50qced4dq8g >> Start >> 2020-10-05 08:51:13.180092

50qced4dq8g >> Image Returned >> 2020-10-05 08:51:13.185601

50qced4dq8g >> End >> 2020-10-05 08:51:13.364983

ec24e50rir5 >> Start >> 2020-10-05 08:55:16.045505

ec24e50rir5 >> Image Returned >> 2020-10-05 08:55:16.049932

ec24e50rir5 >> End >> 2020-10-05 08:55:16.214502

buo06z0tcdx >> Start >> 2020-10-05 08:56:46.129968

buo06z0tcdx >> Image Returned >> 2020-10-05 08:56:46.134067

buo06z0tcdx >> End >> 2020-10-05 08:56:46.305584

3z7o203x3ai >> Start >> 2020-10-05 08:57:37.875457

3z7o203x3ai >> Image Returned >> 2020-10-05 08:57:37.879748

3z7o203x3ai >> End >> 2020-10-05 08:57:38.068722

b7obte2bh6q >> Start >> 2020-10-05 08:59:12.365751

b7obte2bh6q >> Image Returned >> 2020-10-05 08:59:12.369132

b7obte2bh6q >> End >> 2020-10-05 08:59:12.532458

6f55bijm4f5 >> Start >> 2020-10-05 09:03:28.955615

6f55bijm4f5 >> Image Returned >> 2020-10-05 09:03:28.959148

6f55bijm4f5 >> End >> 2020-10-05 09:03:29.140253

0vnpkyz5r5s >> Start >> 2020-10-05 09:05:36.764282

0vnpkyz5r5s >> Image Returned >> 2020-10-05 09:05:36.769182

0vnpkyz5r5s >> End >> 2020-10-05 09:05:36.966909

nxxbdhqud4c >> Start >> 2020-10-05 09:05:49.884201

nxxbdhqud4c >> Image Returned >> 2020-10-05 09:05:49.887684

nxxbdhqud4c >> End >> 2020-10-05 09:05:50.062330

mti5vqkv8kp >> Start >> 2020-10-05 09:06:54.244466

mti5vqkv8kp >> Image Returned >> 2020-10-05 09:06:54.248040

mti5vqkv8kp >> End >> 2020-10-05 09:06:54.420820

bf8woznb355 >> Start >> 2020-10-05 09:08:37.605739

bf8woznb355 >> Image Returned >> 2020-10-05 09:08:37.609101

bf8woznb355 >> End >> 2020-10-05 09:08:37.774719

pg56ssecf60 >> Start >> 2020-10-05 09:09:24.111372

pg56ssecf60 >> Image Returned >> 2020-10-05 09:09:24.115392

pg56ssecf60 >> End >> 2020-10-05 09:09:24.292747

2pskcio6mk8 >> Start >> 2020-10-05 09:11:29.035252

2pskcio6mk8 >> Image Returned >> 2020-10-05 09:11:29.038846

2pskcio6mk8 >> End >> 2020-10-05 09:11:29.206150

6xkjud7nihn >> Start >> 2020-10-05 09:11:39.569901

6xkjud7nihn >> Image Returned >> 2020-10-05 09:11:39.570194

6xkjud7nihn >> End >> 2020-10-05 09:11:39.738095

8dpo2sfgryd >> Start >> 2020-10-05 09:13:15.956465

8dpo2sfgryd >> Image Returned >> 2020-10-05 09:13:15.959944

8dpo2sfgryd >> End >> 2020-10-05 09:13:16.129496

45aphqqssoc >> Start >> 2020-10-05 09:13:26.456739

45aphqqssoc >> Image Returned >> 2020-10-05 09:13:26.457077

45aphqqssoc >> End >> 2020-10-05 09:13:26.668168

wsvr7rwdk5v >> Start >> 2020-10-05 09:13:36.923819

wsvr7rwdk5v >> Image Returned >> 2020-10-05 09:13:36.924154

wsvr7rwdk5v >> End >> 2020-10-05 09:13:37.083751

6t3s8m6dp26 >> Start >> 2020-10-05 09:13:49.092108

6t3s8m6dp26 >> Image Returned >> 2020-10-05 09:13:49.095412

6t3s8m6dp26 >> End >> 2020-10-05 09:13:49.275013

0uevi45c7rh >> Start >> 2020-10-05 09:17:50.090689

0uevi45c7rh >> Image Returned >> 2020-10-05 09:17:50.094640

0uevi45c7rh >> End >> 2020-10-05 09:17:50.265233

y2urcd6fpxt >> Start >> 2020-10-05 09:20:24.265906

y2urcd6fpxt >> Image Returned >> 2020-10-05 09:20:24.269637

y2urcd6fpxt >> End >> 2020-10-05 09:20:24.433563

3k6j04k3odz >> Start >> 2020-10-05 09:20:26.083219

3k6j04k3odz >> Image Returned >> 2020-10-05 09:20:26.083514

3k6j04k3odz >> End >> 2020-10-05 09:20:26.271260

76ift4i467t >> Start >> 2020-10-05 09:25:15.255393

76ift4i467t >> Image Returned >> 2020-10-05 09:25:15.258820

76ift4i467t >> End >> 2020-10-05 09:25:15.450315

xf5bdic7z2e >> Start >> 2020-10-05 09:26:26.544312

xf5bdic7z2e >> Image Returned >> 2020-10-05 09:26:26.547542

xf5bdic7z2e >> End >> 2020-10-05 09:26:26.731798

row7oabrcpq >> Start >> 2020-10-05 09:27:13.524735

row7oabrcpq >> Image Returned >> 2020-10-05 09:27:13.528295

row7oabrcpq >> End >> 2020-10-05 09:27:13.694534

ocopi24suta >> Start >> 2020-10-05 09:27:22.443316

ocopi24suta >> Image Returned >> 2020-10-05 09:27:22.443623

ocopi24suta >> End >> 2020-10-05 09:27:22.606959

5jbht8yp67w >> Start >> 2020-10-05 09:30:03.693974

5jbht8yp67w >> Image Returned >> 2020-10-05 09:30:03.697911

5jbht8yp67w >> End >> 2020-10-05 09:30:03.857064

3ab5y2w8emd >> Start >> 2020-10-05 09:35:09.490353

3ab5y2w8emd >> Image Returned >> 2020-10-05 09:35:09.494302

3ab5y2w8emd >> End >> 2020-10-05 09:35:09.682667

r632thhnqn0 >> Start >> 2020-10-05 09:35:44.883482

r632thhnqn0 >> Image Returned >> 2020-10-05 09:35:44.886791

r632thhnqn0 >> End >> 2020-10-05 09:35:45.061748

iu3atoha7h4 >> Start >> 2020-10-05 09:36:28.613729

iu3atoha7h4 >> Image Returned >> 2020-10-05 09:36:28.617764

iu3atoha7h4 >> End >> 2020-10-05 09:36:28.781162

z0hi2iaxy3p >> Start >> 2020-10-05 09:36:32.193712

z0hi2iaxy3p >> Image Returned >> 2020-10-05 09:36:32.194025

z0hi2iaxy3p >> End >> 2020-10-05 09:36:32.356295

bopqdkhp5oh >> Start >> 2020-10-05 09:36:56.692372

bopqdkhp5oh >> Image Returned >> 2020-10-05 09:36:56.695637

bopqdkhp5oh >> End >> 2020-10-05 09:36:56.865967

gzvb7xz4obz >> Start >> 2020-10-05 09:36:57.922163

gzvb7xz4obz >> Image Returned >> 2020-10-05 09:36:57.922610

gzvb7xz4obz >> End >> 2020-10-05 09:36:58.090653

b2jg5wgbmvo >> Start >> 2020-10-05 09:37:09.805615

b2jg5wgbmvo >> Image Returned >> 2020-10-05 09:37:09.809283

b2jg5wgbmvo >> End >> 2020-10-05 09:37:10.011981

bhob0ijqb4y >> Start >> 2020-10-05 09:41:25.945214

bhob0ijqb4y >> Image Returned >> 2020-10-05 09:41:25.949737

bhob0ijqb4y >> End >> 2020-10-05 09:41:26.114819

5hyxywwifb7 >> Start >> 2020-10-05 09:41:29.931308

5hyxywwifb7 >> Image Returned >> 2020-10-05 09:41:29.931605

5hyxywwifb7 >> End >> 2020-10-05 09:41:30.102612

5yrutzu5tc0 >> Start >> 2020-10-05 09:41:59.057584

5yrutzu5tc0 >> Image Returned >> 2020-10-05 09:41:59.061362

5yrutzu5tc0 >> End >> 2020-10-05 09:41:59.230596

eky67qdiiwt >> Start >> 2020-10-05 09:43:45.353957

eky67qdiiwt >> Image Returned >> 2020-10-05 09:43:45.357583

eky67qdiiwt >> End >> 2020-10-05 09:43:45.520123

yebks56agqy >> Start >> 2020-10-05 09:48:17.011076

yebks56agqy >> Image Returned >> 2020-10-05 09:48:17.014467

yebks56agqy >> End >> 2020-10-05 09:48:17.180358

txo5ecqqq07 >> Start >> 2020-10-05 09:52:30.835110

txo5ecqqq07 >> Image Returned >> 2020-10-05 09:52:30.839179

txo5ecqqq07 >> End >> 2020-10-05 09:52:31.003406

convgjaggua >> Start >> 2020-10-05 09:53:42.124592

convgjaggua >> Image Returned >> 2020-10-05 09:53:42.128496

convgjaggua >> End >> 2020-10-05 09:53:42.293200

ic3we2kcdxq >> Start >> 2020-10-05 09:54:24.932281

ic3we2kcdxq >> Image Returned >> 2020-10-05 09:54:24.936989

ic3we2kcdxq >> End >> 2020-10-05 09:54:25.104229

jbgbss55rhw >> Start >> 2020-10-05 09:54:43.265496

jbgbss55rhw >> Image Returned >> 2020-10-05 09:54:43.269288

jbgbss55rhw >> End >> 2020-10-05 09:54:43.437500

yyazs7osxtc >> Start >> 2020-10-05 09:56:48.393960

yyazs7osxtc >> Image Returned >> 2020-10-05 09:56:48.397284

yyazs7osxtc >> End >> 2020-10-05 09:56:48.565234

qhtw0yohwiy >> Start >> 2020-10-05 09:58:13.298612

qhtw0yohwiy >> Image Returned >> 2020-10-05 09:58:13.304045

qhtw0yohwiy >> End >> 2020-10-05 09:58:13.480562

wj5dab0a2ru >> Start >> 2020-10-05 09:58:30.646615

wj5dab0a2ru >> Image Returned >> 2020-10-05 09:58:30.650067

wj5dab0a2ru >> End >> 2020-10-05 09:58:30.820949

5srkbjwha7h >> Start >> 2020-10-05 09:59:32.283174

5srkbjwha7h >> Image Returned >> 2020-10-05 09:59:32.286520

5srkbjwha7h >> End >> 2020-10-05 09:59:32.539736

wo4pdvrnkuq >> Start >> 2020-10-05 10:04:37.707165

wo4pdvrnkuq >> Image Returned >> 2020-10-05 10:04:37.710479

wo4pdvrnkuq >> End >> 2020-10-05 10:04:37.889151

n2vb5ws7hr0 >> Start >> 2020-10-05 10:05:48.446465

n2vb5ws7hr0 >> Image Returned >> 2020-10-05 10:05:48.449938

n2vb5ws7hr0 >> End >> 2020-10-05 10:05:48.614330

g48en0z3uyx >> Start >> 2020-10-05 10:06:14.457815

g48en0z3uyx >> Image Returned >> 2020-10-05 10:06:14.461158

g48en0z3uyx >> End >> 2020-10-05 10:06:14.624627

vwakuuy0r0r >> Start >> 2020-10-05 10:09:21.196022

vwakuuy0r0r >> Image Returned >> 2020-10-05 10:09:21.200176

vwakuuy0r0r >> End >> 2020-10-05 10:09:21.363341

02ochzc8evw >> Start >> 2020-10-05 10:09:43.599117

02ochzc8evw >> Image Returned >> 2020-10-05 10:09:43.602749

02ochzc8evw >> End >> 2020-10-05 10:09:43.732968

c6bqnadtpei >> Start >> 2020-10-05 10:11:15.999207

c6bqnadtpei >> Image Returned >> 2020-10-05 10:11:16.002700

c6bqnadtpei >> End >> 2020-10-05 10:11:16.170861

f2vwur6suz8 >> Start >> 2020-10-05 10:12:47.015958

f2vwur6suz8 >> Image Returned >> 2020-10-05 10:12:47.019589

f2vwur6suz8 >> End >> 2020-10-05 10:12:47.200329

tw5jaq5h55c >> Start >> 2020-10-05 10:13:07.251364

tw5jaq5h55c >> Image Returned >> 2020-10-05 10:13:07.255142

tw5jaq5h55c >> End >> 2020-10-05 10:13:07.440587

3tweamrmkxw >> Start >> 2020-10-05 10:14:21.221038

3tweamrmkxw >> Image Returned >> 2020-10-05 10:14:21.224435

3tweamrmkxw >> End >> 2020-10-05 10:14:21.392441

pmpw6o2f2sy >> Start >> 2020-10-05 10:14:41.640409

pmpw6o2f2sy >> Image Returned >> 2020-10-05 10:14:41.643675

pmpw6o2f2sy >> End >> 2020-10-05 10:14:41.816780

h3mjj3m8ftq >> Start >> 2020-10-05 10:15:38.141905

h3mjj3m8ftq >> Image Returned >> 2020-10-05 10:15:38.145490

h3mjj3m8ftq >> End >> 2020-10-05 10:15:38.306947

h6aabcftpcu >> Start >> 2020-10-05 10:15:55.871680

h6aabcftpcu >> Image Returned >> 2020-10-05 10:15:55.875427

h6aabcftpcu >> End >> 2020-10-05 10:15:56.041254

mmyr88mf2vi >> Start >> 2020-10-05 10:16:39.516423

mmyr88mf2vi >> Image Returned >> 2020-10-05 10:16:39.521307

mmyr88mf2vi >> End >> 2020-10-05 10:16:39.701173

m64go0pw3ho >> Start >> 2020-10-05 10:21:25.316718

m64go0pw3ho >> Image Returned >> 2020-10-05 10:21:25.320187

m64go0pw3ho >> End >> 2020-10-05 10:21:25.492125

4ce7xzqei7t >> Start >> 2020-10-05 10:21:32.793911

4ce7xzqei7t >> Image Returned >> 2020-10-05 10:21:32.794207

4ce7xzqei7t >> End >> 2020-10-05 10:21:32.954972

ct432psbp4x >> Start >> 2020-10-05 10:22:34.047492

ct432psbp4x >> Image Returned >> 2020-10-05 10:22:34.050961

ct432psbp4x >> End >> 2020-10-05 10:22:34.221431

afsb03ma76i >> Start >> 2020-10-05 10:23:59.164722

afsb03ma76i >> Image Returned >> 2020-10-05 10:23:59.168292

afsb03ma76i >> End >> 2020-10-05 10:23:59.349000

ykzrvrmr2an >> Start >> 2020-10-05 10:30:50.627775

ykzrvrmr2an >> Image Returned >> 2020-10-05 10:30:50.631340

ykzrvrmr2an >> End >> 2020-10-05 10:30:50.795245

drsdmpd2f04 >> Start >> 2020-10-05 10:33:13.292067

drsdmpd2f04 >> Image Returned >> 2020-10-05 10:33:13.296098

drsdmpd2f04 >> End >> 2020-10-05 10:33:13.476104

fxjvk6s6q0w >> Start >> 2020-10-05 10:33:27.989620

fxjvk6s6q0w >> Image Returned >> 2020-10-05 10:33:27.993720

fxjvk6s6q0w >> End >> 2020-10-05 10:33:28.173643

2sukx0hudaq >> Start >> 2020-10-05 10:33:28.331777

2sukx0hudaq >> Image Returned >> 2020-10-05 10:33:28.332098

2sukx0hudaq >> End >> 2020-10-05 10:33:28.495656

o3ma3a6xds6 >> Start >> 2020-10-05 10:34:24.426145

o3ma3a6xds6 >> Image Returned >> 2020-10-05 10:34:24.429692

o3ma3a6xds6 >> End >> 2020-10-05 10:34:24.605675

ydiyswxmcao >> Start >> 2020-10-05 10:35:59.380259

ydiyswxmcao >> Image Returned >> 2020-10-05 10:35:59.383883

ydiyswxmcao >> End >> 2020-10-05 10:35:59.553575

uxkej4svcnf >> Start >> 2020-10-05 10:37:19.164500

uxkej4svcnf >> Image Returned >> 2020-10-05 10:37:19.168549

uxkej4svcnf >> End >> 2020-10-05 10:37:19.332492

0dsmpv7tg03 >> Start >> 2020-10-05 10:37:21.311546

0dsmpv7tg03 >> Image Returned >> 2020-10-05 10:37:21.311851

0dsmpv7tg03 >> End >> 2020-10-05 10:37:21.494003

zuocprcsbhe >> Start >> 2020-10-05 10:42:08.312313

zuocprcsbhe >> Image Returned >> 2020-10-05 10:42:08.316627

zuocprcsbhe >> End >> 2020-10-05 10:42:08.476599

t3mtkrdu8kh >> Start >> 2020-10-05 10:42:27.351661

t3mtkrdu8kh >> Image Returned >> 2020-10-05 10:42:27.355422

t3mtkrdu8kh >> End >> 2020-10-05 10:42:27.532063

u725fy7rd3u >> Start >> 2020-10-05 10:42:41.035806

u725fy7rd3u >> Image Returned >> 2020-10-05 10:42:41.039345

u725fy7rd3u >> End >> 2020-10-05 10:42:41.205930

oczyyfhuiqp >> Start >> 2020-10-05 10:42:54.500219

oczyyfhuiqp >> Image Returned >> 2020-10-05 10:42:54.505631

oczyyfhuiqp >> End >> 2020-10-05 10:42:54.669725

zc33vdz5rck >> Start >> 2020-10-05 10:46:21.082035

zc33vdz5rck >> Image Returned >> 2020-10-05 10:46:21.086354

zc33vdz5rck >> End >> 2020-10-05 10:46:21.257901

kri3wjij33g >> Start >> 2020-10-05 10:46:27.982467

kri3wjij33g >> Image Returned >> 2020-10-05 10:46:27.982770

kri3wjij33g >> End >> 2020-10-05 10:46:28.174082

azdu6f8corq >> Start >> 2020-10-05 10:46:31.890960

azdu6f8corq >> Image Returned >> 2020-10-05 10:46:31.891267

azdu6f8corq >> End >> 2020-10-05 10:46:32.050245

qc6vx2noz44 >> Start >> 2020-10-05 10:51:12.063668

qc6vx2noz44 >> Image Returned >> 2020-10-05 10:51:12.067476

qc6vx2noz44 >> End >> 2020-10-05 10:51:12.236283

aswc5yx5tu3 >> Start >> 2020-10-05 10:57:39.998641

aswc5yx5tu3 >> Image Returned >> 2020-10-05 10:57:40.002628

aswc5yx5tu3 >> End >> 2020-10-05 10:57:40.220582

egq3yx8qssh >> Start >> 2020-10-05 10:58:35.413117

egq3yx8qssh >> Image Returned >> 2020-10-05 10:58:35.416698

egq3yx8qssh >> End >> 2020-10-05 10:58:35.581855

djhttq4xj2p >> Start >> 2020-10-05 10:58:35.706156

djhttq4xj2p >> Image Returned >> 2020-10-05 10:58:35.706480

djhttq4xj2p >> End >> 2020-10-05 10:58:35.874726

5cauw2gahpn >> Start >> 2020-10-05 10:58:47.637051

5cauw2gahpn >> Image Returned >> 2020-10-05 10:58:47.640644

5cauw2gahpn >> End >> 2020-10-05 10:58:47.812839

e63nt2j8ak7 >> Start >> 2020-10-05 11:00:31.899432

e63nt2j8ak7 >> Image Returned >> 2020-10-05 11:00:31.904334

e63nt2j8ak7 >> End >> 2020-10-05 11:00:32.066114

e4wuhj04txh >> Start >> 2020-10-05 11:02:21.235498

e4wuhj04txh >> Image Returned >> 2020-10-05 11:02:21.240616

e4wuhj04txh >> End >> 2020-10-05 11:02:21.416989

ucxutiqseeu >> Start >> 2020-10-05 11:03:30.613604

ucxutiqseeu >> Image Returned >> 2020-10-05 11:03:30.617358

ucxutiqseeu >> End >> 2020-10-05 11:03:30.785490

dkx0vbzvf4h >> Start >> 2020-10-05 11:04:14.017889

dkx0vbzvf4h >> Image Returned >> 2020-10-05 11:04:14.022007

dkx0vbzvf4h >> End >> 2020-10-05 11:04:14.195965

psuhth8aizz >> Start >> 2020-10-05 11:09:23.759762

psuhth8aizz >> Image Returned >> 2020-10-05 11:09:23.763972

psuhth8aizz >> End >> 2020-10-05 11:09:23.936559

qr0ai2ya4p4 >> Start >> 2020-10-05 11:12:13.969588

qr0ai2ya4p4 >> Image Returned >> 2020-10-05 11:12:13.973793

qr0ai2ya4p4 >> End >> 2020-10-05 11:12:14.136859

5xf8q04mmtf >> Start >> 2020-10-05 11:13:02.574385

5xf8q04mmtf >> Image Returned >> 2020-10-05 11:13:02.577861

5xf8q04mmtf >> End >> 2020-10-05 11:13:02.751252

254de6bop7p >> Start >> 2020-10-05 11:14:24.122416

254de6bop7p >> Image Returned >> 2020-10-05 11:14:24.126313

254de6bop7p >> End >> 2020-10-05 11:14:24.325406

dejpzshucoq >> Start >> 2020-10-05 11:16:07.344274

dejpzshucoq >> Image Returned >> 2020-10-05 11:16:07.348623

dejpzshucoq >> End >> 2020-10-05 11:16:07.511754

nv2dazanmrr >> Start >> 2020-10-05 11:17:13.707777

nv2dazanmrr >> Image Returned >> 2020-10-05 11:17:13.711860

nv2dazanmrr >> End >> 2020-10-05 11:17:13.881604

hba4yqky76t >> Start >> 2020-10-05 11:17:50.335974

hba4yqky76t >> Image Returned >> 2020-10-05 11:17:50.341284

hba4yqky76t >> End >> 2020-10-05 11:17:50.537000

6pjen7c5v6k >> Start >> 2020-10-05 11:23:08.384763

6pjen7c5v6k >> Image Returned >> 2020-10-05 11:23:08.389940

6pjen7c5v6k >> End >> 2020-10-05 11:23:08.575241

i3b7i4468md >> Start >> 2020-10-05 11:23:39.313093

i3b7i4468md >> Image Returned >> 2020-10-05 11:23:39.316831

i3b7i4468md >> End >> 2020-10-05 11:23:39.479245

4zp3v50fmty >> Start >> 2020-10-05 11:24:03.005920

4zp3v50fmty >> Image Returned >> 2020-10-05 11:24:03.009392

4zp3v50fmty >> End >> 2020-10-05 11:24:03.186678

sogw0eemyfk >> Start >> 2020-10-05 11:24:24.293508

sogw0eemyfk >> Image Returned >> 2020-10-05 11:24:24.297162

sogw0eemyfk >> End >> 2020-10-05 11:24:24.462930

wv6uaxz7s5z >> Start >> 2020-10-05 11:25:04.594355

wv6uaxz7s5z >> Image Returned >> 2020-10-05 11:25:04.598515

wv6uaxz7s5z >> End >> 2020-10-05 11:25:04.768894

yyzdr8xdsh0 >> Start >> 2020-10-05 11:25:43.657665

yyzdr8xdsh0 >> Image Returned >> 2020-10-05 11:25:43.661271

yyzdr8xdsh0 >> End >> 2020-10-05 11:25:43.831948

35v8dz00va5 >> Start >> 2020-10-05 11:30:30.316423

35v8dz00va5 >> Image Returned >> 2020-10-05 11:30:30.320013

35v8dz00va5 >> End >> 2020-10-05 11:30:30.490677

4oo05q58out >> Start >> 2020-10-05 11:31:41.537143

4oo05q58out >> Image Returned >> 2020-10-05 11:31:41.540652

4oo05q58out >> End >> 2020-10-05 11:31:41.762449

e5wrjixa33y >> Start >> 2020-10-05 11:32:12.256006

e5wrjixa33y >> Image Returned >> 2020-10-05 11:32:12.260777

e5wrjixa33y >> End >> 2020-10-05 11:32:12.437735

dm4fjy8zhyi >> Start >> 2020-10-05 11:39:33.152164

dm4fjy8zhyi >> Image Returned >> 2020-10-05 11:39:33.156289

dm4fjy8zhyi >> End >> 2020-10-05 11:39:33.331435

88r3qk0mzd3 >> Start >> 2020-10-05 11:40:39.151700

88r3qk0mzd3 >> Image Returned >> 2020-10-05 11:40:39.156080

88r3qk0mzd3 >> End >> 2020-10-05 11:40:39.317853

bqg5c0ngpa7 >> Start >> 2020-10-05 11:41:00.052251

bqg5c0ngpa7 >> Image Returned >> 2020-10-05 11:41:00.056293

bqg5c0ngpa7 >> End >> 2020-10-05 11:41:00.241559

id2t22amgj4 >> Start >> 2020-10-05 11:42:33.340569

id2t22amgj4 >> Image Returned >> 2020-10-05 11:42:33.344890

id2t22amgj4 >> End >> 2020-10-05 11:42:33.520862

6hbbkup0g73 >> Start >> 2020-10-05 11:42:58.162028

6hbbkup0g73 >> Image Returned >> 2020-10-05 11:42:58.165678

6hbbkup0g73 >> End >> 2020-10-05 11:42:58.347620

r0hcayfvgpt >> Start >> 2020-10-05 11:43:13.728513

r0hcayfvgpt >> Image Returned >> 2020-10-05 11:43:13.733103

r0hcayfvgpt >> End >> 2020-10-05 11:43:13.905755

ridvcu4aiho >> Start >> 2020-10-05 11:44:23.126461

ridvcu4aiho >> Image Returned >> 2020-10-05 11:44:23.130701

ridvcu4aiho >> End >> 2020-10-05 11:44:23.300836

5cgqh4mida5 >> Start >> 2020-10-05 11:50:43.163130

5cgqh4mida5 >> Image Returned >> 2020-10-05 11:50:43.166788

5cgqh4mida5 >> End >> 2020-10-05 11:50:43.327157

eo3ct60sgi5 >> Start >> 2020-10-05 11:51:10.045047

eo3ct60sgi5 >> Image Returned >> 2020-10-05 11:51:10.048976

eo3ct60sgi5 >> End >> 2020-10-05 11:51:10.220906

zkk6eshoznp >> Start >> 2020-10-05 11:52:09.787611

zkk6eshoznp >> Image Returned >> 2020-10-05 11:52:09.791812

zkk6eshoznp >> End >> 2020-10-05 11:52:09.954782

t3zsygxfid4 >> Start >> 2020-10-05 11:55:37.547702

t3zsygxfid4 >> Image Returned >> 2020-10-05 11:55:37.551546

t3zsygxfid4 >> End >> 2020-10-05 11:55:37.715781

zghtvn7osro >> Start >> 2020-10-05 11:57:38.799985

zghtvn7osro >> Image Returned >> 2020-10-05 11:57:38.803858

zghtvn7osro >> End >> 2020-10-05 11:57:38.986068

cjr4eh5b7z7 >> Start >> 2020-10-05 11:58:03.306689

cjr4eh5b7z7 >> Image Returned >> 2020-10-05 11:58:03.310256

cjr4eh5b7z7 >> End >> 2020-10-05 11:58:03.481978

eehqnseknxm >> Start >> 2020-10-05 12:00:40.589708

eehqnseknxm >> Image Returned >> 2020-10-05 12:00:40.593837

eehqnseknxm >> End >> 2020-10-05 12:00:40.768364

phqyxnf5jdb >> Start >> 2020-10-05 12:02:03.077188

phqyxnf5jdb >> Image Returned >> 2020-10-05 12:02:03.082398

phqyxnf5jdb >> End >> 2020-10-05 12:02:03.271476

5wum6hatmtg >> Start >> 2020-10-05 12:02:22.168514

5wum6hatmtg >> Image Returned >> 2020-10-05 12:02:22.172997

5wum6hatmtg >> End >> 2020-10-05 12:02:22.336189

agusw0gc6js >> Start >> 2020-10-05 12:05:10.011606

agusw0gc6js >> Image Returned >> 2020-10-05 12:05:10.016311

agusw0gc6js >> End >> 2020-10-05 12:05:10.192399

kqtrniuyp4b >> Start >> 2020-10-05 12:05:33.950731

kqtrniuyp4b >> Image Returned >> 2020-10-05 12:05:33.954246

kqtrniuyp4b >> End >> 2020-10-05 12:05:34.115736

6q6bca3io52 >> Start >> 2020-10-05 12:11:46.070568

6q6bca3io52 >> Image Returned >> 2020-10-05 12:11:46.074317

6q6bca3io52 >> End >> 2020-10-05 12:11:46.256402

t3nefh3tcto >> Start >> 2020-10-05 12:15:48.793663

t3nefh3tcto >> Image Returned >> 2020-10-05 12:15:48.798297

t3nefh3tcto >> End >> 2020-10-05 12:15:48.982004

zxdh0onjdbp >> Start >> 2020-10-05 12:16:22.176064

zxdh0onjdbp >> Image Returned >> 2020-10-05 12:16:22.180167

zxdh0onjdbp >> End >> 2020-10-05 12:16:22.345196

esd3a4e8sy4 >> Start >> 2020-10-05 12:16:43.037028

esd3a4e8sy4 >> Image Returned >> 2020-10-05 12:16:43.040587

esd3a4e8sy4 >> End >> 2020-10-05 12:16:43.209557

30awxvjbeaq >> Start >> 2020-10-05 12:16:54.608505

30awxvjbeaq >> Image Returned >> 2020-10-05 12:16:54.612021

30awxvjbeaq >> End >> 2020-10-05 12:16:54.793643

7r3sfw00e8t >> Start >> 2020-10-05 12:18:20.021847

7r3sfw00e8t >> Image Returned >> 2020-10-05 12:18:20.025414

7r3sfw00e8t >> End >> 2020-10-05 12:18:20.191320

stqqu32umu5 >> Start >> 2020-10-05 12:18:26.522416

stqqu32umu5 >> Image Returned >> 2020-10-05 12:18:26.522718

stqqu32umu5 >> End >> 2020-10-05 12:18:26.685903

0yhk5sfr5w5 >> Start >> 2020-10-05 12:19:01.022587

0yhk5sfr5w5 >> Image Returned >> 2020-10-05 12:19:01.026370

0yhk5sfr5w5 >> End >> 2020-10-05 12:19:01.200087

0ouqmpz4nrh >> Start >> 2020-10-05 12:20:34.486670

0ouqmpz4nrh >> Image Returned >> 2020-10-05 12:20:34.490220

0ouqmpz4nrh >> End >> 2020-10-05 12:20:34.660691

m52pbp7z04o >> Start >> 2020-10-05 12:21:41.273449

m52pbp7z04o >> Image Returned >> 2020-10-05 12:21:41.277127

m52pbp7z04o >> End >> 2020-10-05 12:21:41.440120

q3j2hkebook >> Start >> 2020-10-05 12:22:43.991347

q3j2hkebook >> Image Returned >> 2020-10-05 12:22:43.995109

q3j2hkebook >> End >> 2020-10-05 12:22:44.166538

w0pwpt6fgux >> Start >> 2020-10-05 12:23:25.234931

w0pwpt6fgux >> Image Returned >> 2020-10-05 12:23:25.238573

w0pwpt6fgux >> End >> 2020-10-05 12:23:25.413363

0v386v0r7pc >> Start >> 2020-10-05 12:25:53.397995

0v386v0r7pc >> Image Returned >> 2020-10-05 12:25:53.401663

0v386v0r7pc >> End >> 2020-10-05 12:25:53.568821

03f0owgu6re >> Start >> 2020-10-05 12:26:22.641834

03f0owgu6re >> Image Returned >> 2020-10-05 12:26:22.646167

03f0owgu6re >> End >> 2020-10-05 12:26:22.806032

uq2rxyc6jfx >> Start >> 2020-10-05 12:27:45.346792

uq2rxyc6jfx >> Image Returned >> 2020-10-05 12:27:45.351793

uq2rxyc6jfx >> End >> 2020-10-05 12:27:45.513788

yboydvmhhhz >> Start >> 2020-10-05 12:28:15.123867

yboydvmhhhz >> Image Returned >> 2020-10-05 12:28:15.127995

yboydvmhhhz >> End >> 2020-10-05 12:28:15.294259

iuxrdtjopb3 >> Start >> 2020-10-05 12:28:24.430639

iuxrdtjopb3 >> Image Returned >> 2020-10-05 12:28:24.430985

iuxrdtjopb3 >> End >> 2020-10-05 12:28:24.673708

4tx7t8btfap >> Start >> 2020-10-05 12:28:29.397798

4tx7t8btfap >> Image Returned >> 2020-10-05 12:28:29.398128

4tx7t8btfap >> End >> 2020-10-05 12:28:29.573342

zzfq4wgsgqd >> Start >> 2020-10-05 12:28:37.600070

zzfq4wgsgqd >> Image Returned >> 2020-10-05 12:28:37.600373

zzfq4wgsgqd >> End >> 2020-10-05 12:28:37.761955

aochbom5c66 >> Start >> 2020-10-05 12:28:44.746028

aochbom5c66 >> Image Returned >> 2020-10-05 12:28:44.746355

aochbom5c66 >> End >> 2020-10-05 12:28:44.912975

bjqjb3ej7kf >> Start >> 2020-10-05 12:29:01.206691

bjqjb3ej7kf >> Image Returned >> 2020-10-05 12:29:01.210395

bjqjb3ej7kf >> End >> 2020-10-05 12:29:01.375734

78jhtyx8f3e >> Start >> 2020-10-05 12:29:37.471476

78jhtyx8f3e >> Image Returned >> 2020-10-05 12:29:37.475204

78jhtyx8f3e >> End >> 2020-10-05 12:29:37.641000

i6tn6iw4fwa >> Start >> 2020-10-05 12:29:39.556406

i6tn6iw4fwa >> Image Returned >> 2020-10-05 12:29:39.556721

i6tn6iw4fwa >> End >> 2020-10-05 12:29:39.732688

7iedrfxeehz >> Start >> 2020-10-05 12:35:11.328672

7iedrfxeehz >> Image Returned >> 2020-10-05 12:35:11.333384

7iedrfxeehz >> End >> 2020-10-05 12:35:11.497512

zcr7mruvztc >> Start >> 2020-10-05 12:35:38.056539

zcr7mruvztc >> Image Returned >> 2020-10-05 12:35:38.060560

zcr7mruvztc >> End >> 2020-10-05 12:35:38.231993

5aw58d0ad5q >> Start >> 2020-10-05 12:37:24.697103

5aw58d0ad5q >> Image Returned >> 2020-10-05 12:37:24.701694

5aw58d0ad5q >> End >> 2020-10-05 12:37:24.869014

kfk06ufwv5z >> Start >> 2020-10-05 12:37:27.859777

kfk06ufwv5z >> Image Returned >> 2020-10-05 12:37:27.860109

kfk06ufwv5z >> End >> 2020-10-05 12:37:28.018220

exwgos27yr7 >> Start >> 2020-10-05 12:39:20.442137

exwgos27yr7 >> Image Returned >> 2020-10-05 12:39:20.446278

exwgos27yr7 >> End >> 2020-10-05 12:39:20.609117

aw8nd54hhyr >> Start >> 2020-10-05 12:39:54.625546

aw8nd54hhyr >> Image Returned >> 2020-10-05 12:39:54.630330

aw8nd54hhyr >> End >> 2020-10-05 12:39:54.805634

k3vogn55rmn >> Start >> 2020-10-05 12:44:39.523006

k3vogn55rmn >> Image Returned >> 2020-10-05 12:44:39.527741

k3vogn55rmn >> End >> 2020-10-05 12:44:39.693942

j48m0ut25kf >> Start >> 2020-10-05 12:44:54.750592

j48m0ut25kf >> Image Returned >> 2020-10-05 12:44:54.754192

j48m0ut25kf >> End >> 2020-10-05 12:44:54.916579

4ovaum4vtd7 >> Start >> 2020-10-05 12:47:13.145833

4ovaum4vtd7 >> Image Returned >> 2020-10-05 12:47:13.150741

4ovaum4vtd7 >> End >> 2020-10-05 12:47:13.314323

4tvu7knypvz >> Start >> 2020-10-05 12:48:13.409894

4tvu7knypvz >> Image Returned >> 2020-10-05 12:48:13.414062

4tvu7knypvz >> End >> 2020-10-05 12:48:13.584554

z83fyj35nwp >> Start >> 2020-10-05 12:48:23.562047

z83fyj35nwp >> Image Returned >> 2020-10-05 12:48:23.562520

z83fyj35nwp >> End >> 2020-10-05 12:48:23.725735

hwww0fgxgjp >> Start >> 2020-10-05 12:51:28.316231

hwww0fgxgjp >> Image Returned >> 2020-10-05 12:51:28.321005

hwww0fgxgjp >> End >> 2020-10-05 12:51:28.490799

mstdhg048oz >> Start >> 2020-10-05 12:52:12.584330

mstdhg048oz >> Image Returned >> 2020-10-05 12:52:12.588628

mstdhg048oz >> End >> 2020-10-05 12:52:12.781523

my8mzcxecws >> Start >> 2020-10-05 12:53:05.128412

my8mzcxecws >> Image Returned >> 2020-10-05 12:53:05.132061

my8mzcxecws >> End >> 2020-10-05 12:53:05.337037

bthsbe5o4t2 >> Start >> 2020-10-05 12:59:55.401133

bthsbe5o4t2 >> Image Returned >> 2020-10-05 12:59:55.406251

bthsbe5o4t2 >> End >> 2020-10-05 12:59:55.578246

mmtdwj770t3 >> Start >> 2020-10-05 13:00:31.357274

mmtdwj770t3 >> Image Returned >> 2020-10-05 13:00:31.361717

mmtdwj770t3 >> End >> 2020-10-05 13:00:31.523277

0f4pi6rkwmt >> Start >> 2020-10-05 13:02:40.790885

0f4pi6rkwmt >> Image Returned >> 2020-10-05 13:02:40.795315

0f4pi6rkwmt >> End >> 2020-10-05 13:02:40.916830

vireun7ziyy >> Start >> 2020-10-05 13:04:32.896956

vireun7ziyy >> Image Returned >> 2020-10-05 13:04:32.901360

vireun7ziyy >> End >> 2020-10-05 13:04:33.066200

7vmv23tc62r >> Start >> 2020-10-05 13:08:05.261892

7vmv23tc62r >> Image Returned >> 2020-10-05 13:08:05.265512

7vmv23tc62r >> End >> 2020-10-05 13:08:05.433283

ij3xqew436w >> Start >> 2020-10-05 13:09:46.836313

ij3xqew436w >> Image Returned >> 2020-10-05 13:09:46.842441

ij3xqew436w >> End >> 2020-10-05 13:09:47.010056

t8eudno6gez >> Start >> 2020-10-05 13:10:10.997555

t8eudno6gez >> Image Returned >> 2020-10-05 13:10:11.001529

t8eudno6gez >> End >> 2020-10-05 13:10:11.166246

mtjwgj4agni >> Start >> 2020-10-05 13:13:38.301810

mtjwgj4agni >> Image Returned >> 2020-10-05 13:13:38.305471

mtjwgj4agni >> End >> 2020-10-05 13:13:38.476694

nrfjuu0fr8a >> Start >> 2020-10-05 13:14:28.595509

nrfjuu0fr8a >> Image Returned >> 2020-10-05 13:14:28.599550

nrfjuu0fr8a >> End >> 2020-10-05 13:14:28.761308

v75x0ta07ue >> Start >> 2020-10-05 13:14:52.069911

v75x0ta07ue >> Image Returned >> 2020-10-05 13:14:52.073932

v75x0ta07ue >> End >> 2020-10-05 13:14:52.240190

asrgtafjmn7 >> Start >> 2020-10-05 13:15:08.687612

asrgtafjmn7 >> Image Returned >> 2020-10-05 13:15:08.692220

asrgtafjmn7 >> End >> 2020-10-05 13:15:08.864476

e0apt0dg8de >> Start >> 2020-10-05 13:22:04.670802

e0apt0dg8de >> Image Returned >> 2020-10-05 13:22:04.674746

e0apt0dg8de >> End >> 2020-10-05 13:22:04.849000

ja0hhinij3x >> Start >> 2020-10-05 13:27:15.689563

ja0hhinij3x >> Image Returned >> 2020-10-05 13:27:15.693929

ja0hhinij3x >> End >> 2020-10-05 13:27:15.854062

rgvn27pgb54 >> Start >> 2020-10-05 13:28:13.213965

rgvn27pgb54 >> Image Returned >> 2020-10-05 13:28:13.217643

rgvn27pgb54 >> End >> 2020-10-05 13:28:13.388281

6d28ar40p6w >> Start >> 2020-10-05 13:28:24.754631

6d28ar40p6w >> Image Returned >> 2020-10-05 13:28:24.755112

6d28ar40p6w >> End >> 2020-10-05 13:28:25.089241

fvcakpuat58 >> Start >> 2020-10-05 13:28:59.764137

fvcakpuat58 >> Image Returned >> 2020-10-05 13:28:59.768404

fvcakpuat58 >> End >> 2020-10-05 13:28:59.937216

fo76vn5md5w >> Start >> 2020-10-05 13:29:42.441512

fo76vn5md5w >> Image Returned >> 2020-10-05 13:29:42.445247

fo76vn5md5w >> End >> 2020-10-05 13:29:42.611803

uypz8v6jobm >> Start >> 2020-10-05 13:32:16.890976

uypz8v6jobm >> Image Returned >> 2020-10-05 13:32:16.896473

uypz8v6jobm >> End >> 2020-10-05 13:32:17.073677

xuwija0b7ji >> Start >> 2020-10-05 13:35:16.536000

xuwija0b7ji >> Image Returned >> 2020-10-05 13:35:16.540817

xuwija0b7ji >> End >> 2020-10-05 13:35:16.716330

2nccds2oavj >> Start >> 2020-10-05 13:36:38.154709

2nccds2oavj >> Image Returned >> 2020-10-05 13:36:38.158977

2nccds2oavj >> End >> 2020-10-05 13:36:38.319838

5sp76po0pwf >> Start >> 2020-10-05 13:36:38.603132

5sp76po0pwf >> Image Returned >> 2020-10-05 13:36:38.603441

5sp76po0pwf >> End >> 2020-10-05 13:36:38.760592

440v0v64cts >> Start >> 2020-10-05 13:40:47.509850

440v0v64cts >> Image Returned >> 2020-10-05 13:40:47.514295

440v0v64cts >> End >> 2020-10-05 13:40:47.690164

gi22te56u3q >> Start >> 2020-10-05 13:42:52.135792

gi22te56u3q >> Image Returned >> 2020-10-05 13:42:52.140733

gi22te56u3q >> End >> 2020-10-05 13:42:52.318062

b2bea6nf844 >> Start >> 2020-10-05 13:43:57.878494

b2bea6nf844 >> Image Returned >> 2020-10-05 13:43:57.882673

b2bea6nf844 >> End >> 2020-10-05 13:43:58.070398

6f3sjom7o44 >> Start >> 2020-10-05 13:45:29.450750

6f3sjom7o44 >> Image Returned >> 2020-10-05 13:45:29.455511

6f3sjom7o44 >> End >> 2020-10-05 13:45:29.627245

oozkiataq8d >> Start >> 2020-10-05 13:46:52.813745

oozkiataq8d >> Image Returned >> 2020-10-05 13:46:52.818257

oozkiataq8d >> End >> 2020-10-05 13:46:52.982208

fey7ajh0zao >> Start >> 2020-10-05 13:48:24.813445

fey7ajh0zao >> Image Returned >> 2020-10-05 13:48:24.817339

fey7ajh0zao >> End >> 2020-10-05 13:48:25.000013

c4uds7nboh5 >> Start >> 2020-10-05 13:52:19.545566

c4uds7nboh5 >> Image Returned >> 2020-10-05 13:52:19.550384

c4uds7nboh5 >> End >> 2020-10-05 13:52:19.714467

xr3bn33wwmw >> Start >> 2020-10-05 13:52:35.540909

xr3bn33wwmw >> Image Returned >> 2020-10-05 13:52:35.544971

xr3bn33wwmw >> End >> 2020-10-05 13:52:35.710020

3pdhqhfh2uw >> Start >> 2020-10-05 13:52:56.820811

3pdhqhfh2uw >> Image Returned >> 2020-10-05 13:52:56.824551

3pdhqhfh2uw >> End >> 2020-10-05 13:52:56.987189

mtempidycqc >> Start >> 2020-10-05 13:53:22.783296

mtempidycqc >> Image Returned >> 2020-10-05 13:53:22.787184

mtempidycqc >> End >> 2020-10-05 13:53:22.955797

krofgmobwgq >> Start >> 2020-10-05 13:53:55.401900

krofgmobwgq >> Image Returned >> 2020-10-05 13:53:55.405889

krofgmobwgq >> End >> 2020-10-05 13:53:55.574227

iif6dsyte3c >> Start >> 2020-10-05 13:54:30.211452

iif6dsyte3c >> Image Returned >> 2020-10-05 13:54:30.217466

iif6dsyte3c >> End >> 2020-10-05 13:54:30.387046

ivvaqbn3i73 >> Start >> 2020-10-05 13:57:39.048048

ivvaqbn3i73 >> Image Returned >> 2020-10-05 13:57:39.052236

ivvaqbn3i73 >> End >> 2020-10-05 13:57:39.237935

yye3yu3ify5 >> Start >> 2020-10-05 13:57:51.215176

yye3yu3ify5 >> Image Returned >> 2020-10-05 13:57:51.219353

yye3yu3ify5 >> End >> 2020-10-05 13:57:51.393974

zbg2cnzjmxo >> Start >> 2020-10-05 13:58:17.771897

zbg2cnzjmxo >> Image Returned >> 2020-10-05 13:58:17.775435

zbg2cnzjmxo >> End >> 2020-10-05 13:58:17.943994

7qepiqfice2 >> Start >> 2020-10-05 13:58:18.608777

7qepiqfice2 >> Image Returned >> 2020-10-05 13:58:18.609127

7qepiqfice2 >> End >> 2020-10-05 13:58:18.814076

oj3cf7jcqp6 >> Start >> 2020-10-05 14:03:08.510898

oj3cf7jcqp6 >> Image Returned >> 2020-10-05 14:03:08.515527

oj3cf7jcqp6 >> End >> 2020-10-05 14:03:08.684504

uuixe8g0i7w >> Start >> 2020-10-05 14:04:01.078085

uuixe8g0i7w >> Image Returned >> 2020-10-05 14:04:01.082060

uuixe8g0i7w >> End >> 2020-10-05 14:04:01.253388

qhxbv3kg4or >> Start >> 2020-10-05 14:04:20.049365

qhxbv3kg4or >> Image Returned >> 2020-10-05 14:04:20.054152

qhxbv3kg4or >> End >> 2020-10-05 14:04:20.227205

fb80cyjjotm >> Start >> 2020-10-05 14:10:30.297434

fb80cyjjotm >> Image Returned >> 2020-10-05 14:10:30.301615

fb80cyjjotm >> End >> 2020-10-05 14:10:30.478317

dae4jy3qqu3 >> Start >> 2020-10-05 14:11:11.896059

dae4jy3qqu3 >> Image Returned >> 2020-10-05 14:11:11.900513

dae4jy3qqu3 >> End >> 2020-10-05 14:11:12.029175

e2m5fba2st2 >> Start >> 2020-10-05 14:12:21.766113

e2m5fba2st2 >> Image Returned >> 2020-10-05 14:12:21.770540

e2m5fba2st2 >> End >> 2020-10-05 14:12:21.964478

fwh04kfhzfs >> Start >> 2020-10-05 14:13:08.092514

fwh04kfhzfs >> Image Returned >> 2020-10-05 14:13:08.096487

fwh04kfhzfs >> End >> 2020-10-05 14:13:08.257205

sx8taojdjpz >> Start >> 2020-10-05 14:16:01.118468

sx8taojdjpz >> Image Returned >> 2020-10-05 14:16:01.122520

saatr2zkf8y >> Start >> 2020-10-05 14:16:01.173557

saatr2zkf8y >> Image Returned >> 2020-10-05 14:16:01.177697

sx8taojdjpz >> End >> 2020-10-05 14:16:01.295350

saatr2zkf8y >> End >> 2020-10-05 14:16:01.347625

grkb6nkw6ho >> Start >> 2020-10-05 14:17:26.968312

grkb6nkw6ho >> Image Returned >> 2020-10-05 14:17:26.972723

grkb6nkw6ho >> End >> 2020-10-05 14:17:27.147228

th5a7s0jt0t >> Start >> 2020-10-05 14:25:46.612220

th5a7s0jt0t >> Image Returned >> 2020-10-05 14:25:46.616802

th5a7s0jt0t >> End >> 2020-10-05 14:25:46.789163

gejgwoedvtf >> Start >> 2020-10-05 14:30:06.350778

gejgwoedvtf >> Image Returned >> 2020-10-05 14:30:06.354888

gejgwoedvtf >> End >> 2020-10-05 14:30:06.523629

5aofccr86qr >> Start >> 2020-10-05 14:33:47.703425

5aofccr86qr >> Image Returned >> 2020-10-05 14:33:47.708530

5aofccr86qr >> End >> 2020-10-05 14:33:47.872502

5mvzsfq56f2 >> Start >> 2020-10-05 14:37:38.587025

5mvzsfq56f2 >> Image Returned >> 2020-10-05 14:37:38.590861

5mvzsfq56f2 >> End >> 2020-10-05 14:37:38.750586

g3hf7fb86su >> Start >> 2020-10-05 14:37:53.474385

g3hf7fb86su >> Image Returned >> 2020-10-05 14:37:53.477866

g3hf7fb86su >> End >> 2020-10-05 14:37:53.639130

q8qqtu0zj3u >> Start >> 2020-10-05 14:40:14.865025

q8qqtu0zj3u >> Image Returned >> 2020-10-05 14:40:14.870074

q8qqtu0zj3u >> End >> 2020-10-05 14:40:15.058650

ks4h6bk0jk8 >> Start >> 2020-10-05 14:48:25.595485

ks4h6bk0jk8 >> Image Returned >> 2020-10-05 14:48:25.600383

ks4h6bk0jk8 >> End >> 2020-10-05 14:48:25.769534

eyay5byr2in >> Start >> 2020-10-05 14:50:20.670713

eyay5byr2in >> Image Returned >> 2020-10-05 14:50:20.675499

eyay5byr2in >> End >> 2020-10-05 14:50:20.840717

7j6r5m7hy5e >> Start >> 2020-10-05 14:52:46.854266

7j6r5m7hy5e >> Image Returned >> 2020-10-05 14:52:46.860533

7j6r5m7hy5e >> End >> 2020-10-05 14:52:47.033004

ju5zzccyev2 >> Start >> 2020-10-05 14:53:24.712784

ju5zzccyev2 >> Image Returned >> 2020-10-05 14:53:24.716896

ju5zzccyev2 >> End >> 2020-10-05 14:53:24.883377

brvte8apksj >> Start >> 2020-10-05 14:55:44.006993

brvte8apksj >> Image Returned >> 2020-10-05 14:55:44.010668

brvte8apksj >> End >> 2020-10-05 14:55:44.142995

2amhhcpmjhk >> Start >> 2020-10-05 14:56:53.740535

2amhhcpmjhk >> Image Returned >> 2020-10-05 14:56:53.744649

2amhhcpmjhk >> End >> 2020-10-05 14:56:53.915427

f43prft3fix >> Start >> 2020-10-05 14:58:01.366714

f43prft3fix >> Image Returned >> 2020-10-05 14:58:01.371411

f43prft3fix >> End >> 2020-10-05 14:58:01.539139

vwnjn362fqm >> Start >> 2020-10-05 15:01:00.024959

vwnjn362fqm >> Image Returned >> 2020-10-05 15:01:00.028784

vwnjn362fqm >> End >> 2020-10-05 15:01:00.195270

843hnydwp87 >> Start >> 2020-10-05 15:01:23.912650

843hnydwp87 >> Image Returned >> 2020-10-05 15:01:23.917901

843hnydwp87 >> End >> 2020-10-05 15:01:24.095335

v5bz48k7tx3 >> Start >> 2020-10-05 15:01:45.629549

v5bz48k7tx3 >> Image Returned >> 2020-10-05 15:01:45.634731

v5bz48k7tx3 >> End >> 2020-10-05 15:01:45.800987

bmu47w5i6vb >> Start >> 2020-10-05 15:02:55.046119

bmu47w5i6vb >> Image Returned >> 2020-10-05 15:02:55.050616

bmu47w5i6vb >> End >> 2020-10-05 15:02:55.232944

mjzyrg204gc >> Start >> 2020-10-05 15:06:53.717183

mjzyrg204gc >> Image Returned >> 2020-10-05 15:06:53.721740

mjzyrg204gc >> End >> 2020-10-05 15:06:53.888756

dxb2rzdzodn >> Start >> 2020-10-05 15:07:36.112607

dxb2rzdzodn >> Image Returned >> 2020-10-05 15:07:36.116769

dxb2rzdzodn >> End >> 2020-10-05 15:07:36.303822

xodv7eyzzou >> Start >> 2020-10-05 15:14:14.898343

xodv7eyzzou >> Image Returned >> 2020-10-05 15:14:14.904021

xodv7eyzzou >> End >> 2020-10-05 15:14:15.104644

yeyrca3fk3e >> Start >> 2020-10-05 15:20:28.992130

yeyrca3fk3e >> Image Returned >> 2020-10-05 15:20:28.996411

yeyrca3fk3e >> End >> 2020-10-05 15:20:29.165801

ubws35pfy5m >> Start >> 2020-10-05 15:20:34.282610

ubws35pfy5m >> Image Returned >> 2020-10-05 15:20:34.282952

ubws35pfy5m >> End >> 2020-10-05 15:20:34.456136

zkiqhw48mua >> Start >> 2020-10-05 15:20:51.746445

zkiqhw48mua >> Image Returned >> 2020-10-05 15:20:51.750298

zkiqhw48mua >> End >> 2020-10-05 15:20:51.916167

m6a7rt4d6hm >> Start >> 2020-10-05 15:21:08.300477

m6a7rt4d6hm >> Image Returned >> 2020-10-05 15:21:08.304244

m6a7rt4d6hm >> End >> 2020-10-05 15:21:08.467968

2jxquktvtpt >> Start >> 2020-10-05 15:21:31.040071

2jxquktvtpt >> Image Returned >> 2020-10-05 15:21:31.043648

2jxquktvtpt >> End >> 2020-10-05 15:21:31.224227

0bwec0ud3id >> Start >> 2020-10-05 15:22:06.713948

0bwec0ud3id >> Image Returned >> 2020-10-05 15:22:06.717567

0bwec0ud3id >> End >> 2020-10-05 15:22:06.890045

0qgpnkbwyiq >> Start >> 2020-10-05 15:22:51.953089

0qgpnkbwyiq >> Image Returned >> 2020-10-05 15:22:51.956669

0qgpnkbwyiq >> End >> 2020-10-05 15:22:52.124649

qax8jdmb8os >> Start >> 2020-10-05 15:28:38.366142

qax8jdmb8os >> Image Returned >> 2020-10-05 15:28:38.370337

qax8jdmb8os >> End >> 2020-10-05 15:28:38.533157

wzykdrp773e >> Start >> 2020-10-05 15:29:18.971977

wzykdrp773e >> Image Returned >> 2020-10-05 15:29:18.976155

wzykdrp773e >> End >> 2020-10-05 15:29:19.138117

njp5zfimwej >> Start >> 2020-10-05 15:31:44.448158

njp5zfimwej >> Image Returned >> 2020-10-05 15:31:44.452428

njp5zfimwej >> End >> 2020-10-05 15:31:44.640691

3f46u5u4r3w >> Start >> 2020-10-05 15:33:21.915798

3f46u5u4r3w >> Image Returned >> 2020-10-05 15:33:21.919981

3f46u5u4r3w >> End >> 2020-10-05 15:33:22.106035

tkgoakh6mm0 >> Start >> 2020-10-05 15:36:03.468609

tkgoakh6mm0 >> Image Returned >> 2020-10-05 15:36:03.472541

tkgoakh6mm0 >> End >> 2020-10-05 15:36:03.669672

qcp8hqob5j0 >> Start >> 2020-10-05 15:38:03.019774

qcp8hqob5j0 >> Image Returned >> 2020-10-05 15:38:03.023382

qcp8hqob5j0 >> End >> 2020-10-05 15:38:03.193948

dwur5bchbbg >> Start >> 2020-10-05 15:39:35.511166

dwur5bchbbg >> Image Returned >> 2020-10-05 15:39:35.515582

dwur5bchbbg >> End >> 2020-10-05 15:39:35.702651

pdqcy0bde40 >> Start >> 2020-10-05 15:44:56.107146

pdqcy0bde40 >> Image Returned >> 2020-10-05 15:44:56.110918

pdqcy0bde40 >> End >> 2020-10-05 15:44:56.291508

4uowvvig8cu >> Start >> 2020-10-05 15:45:34.961443

4uowvvig8cu >> Image Returned >> 2020-10-05 15:45:34.965049

4uowvvig8cu >> End >> 2020-10-05 15:45:35.133703

vqzkmvv03wr >> Start >> 2020-10-05 15:47:31.949767

vqzkmvv03wr >> Image Returned >> 2020-10-05 15:47:31.954339

vqzkmvv03wr >> End >> 2020-10-05 15:47:32.131005

u06b0r4xxr8 >> Start >> 2020-10-05 15:48:31.154345

u06b0r4xxr8 >> Image Returned >> 2020-10-05 15:48:31.159195

u06b0r4xxr8 >> End >> 2020-10-05 15:48:31.324477

5fcqyxe2yrq >> Start >> 2020-10-05 15:52:40.500051

5fcqyxe2yrq >> Image Returned >> 2020-10-05 15:52:40.504893

5fcqyxe2yrq >> End >> 2020-10-05 15:52:40.666789

hd67g86dxxm >> Start >> 2020-10-05 15:53:02.042988

hd67g86dxxm >> Image Returned >> 2020-10-05 15:53:02.046670

hd67g86dxxm >> End >> 2020-10-05 15:53:02.244846

m3cfvcukecn >> Start >> 2020-10-05 15:55:16.869784

m3cfvcukecn >> Image Returned >> 2020-10-05 15:55:16.874104

m3cfvcukecn >> End >> 2020-10-05 15:55:17.073892

0ktstmt3xqt >> Start >> 2020-10-05 15:59:28.560838

0ktstmt3xqt >> Image Returned >> 2020-10-05 15:59:28.567547

0ktstmt3xqt >> End >> 2020-10-05 15:59:28.736314

ejngaxfvfse >> Start >> 2020-10-05 15:59:57.134484

ejngaxfvfse >> Image Returned >> 2020-10-05 15:59:57.138031

ejngaxfvfse >> End >> 2020-10-05 15:59:57.303498

3dmrgygap20 >> Start >> 2020-10-05 16:01:21.879260

3dmrgygap20 >> Image Returned >> 2020-10-05 16:01:21.883483

3dmrgygap20 >> End >> 2020-10-05 16:01:22.048624

wecbevbazr6 >> Start >> 2020-10-05 16:10:17.840981

wecbevbazr6 >> Image Returned >> 2020-10-05 16:10:17.845379

wecbevbazr6 >> End >> 2020-10-05 16:10:18.021496

ay0xpemuuux >> Start >> 2020-10-05 16:14:55.480370

ay0xpemuuux >> Image Returned >> 2020-10-05 16:14:55.484893

ay0xpemuuux >> End >> 2020-10-05 16:14:55.658963

q6zztdowy4d >> Start >> 2020-10-05 16:21:40.040792

q6zztdowy4d >> Image Returned >> 2020-10-05 16:21:40.045631

q6zztdowy4d >> End >> 2020-10-05 16:21:40.205419

2ejk3bc6vrn >> Start >> 2020-10-05 16:21:40.883960

2ejk3bc6vrn >> Image Returned >> 2020-10-05 16:21:40.884339

2ejk3bc6vrn >> End >> 2020-10-05 16:21:41.005866

gp5bcwbbeqe >> Start >> 2020-10-05 16:21:49.754381

gp5bcwbbeqe >> Image Returned >> 2020-10-05 16:21:49.754762

gp5bcwbbeqe >> End >> 2020-10-05 16:21:49.925919

28fwphuva7j >> Start >> 2020-10-05 16:23:24.966501

28fwphuva7j >> Image Returned >> 2020-10-05 16:23:24.970999

28fwphuva7j >> End >> 2020-10-05 16:23:25.139955

da4md2zdzqr >> Start >> 2020-10-05 16:26:14.947839

da4md2zdzqr >> Image Returned >> 2020-10-05 16:26:14.952413

da4md2zdzqr >> End >> 2020-10-05 16:26:15.115415

d2qvrgn4eo4 >> Start >> 2020-10-05 16:26:44.494010

d2qvrgn4eo4 >> Image Returned >> 2020-10-05 16:26:44.499011

d2qvrgn4eo4 >> End >> 2020-10-05 16:26:44.671082

woi8ojkzwpt >> Start >> 2020-10-05 16:27:46.877902

woi8ojkzwpt >> Image Returned >> 2020-10-05 16:27:46.881910

woi8ojkzwpt >> End >> 2020-10-05 16:27:47.063774

d6tbuy060dv >> Start >> 2020-10-05 16:28:48.347285

d6tbuy060dv >> Image Returned >> 2020-10-05 16:28:48.350850

d6tbuy060dv >> End >> 2020-10-05 16:28:48.526511

yoidi2x6rdq >> Start >> 2020-10-05 16:34:03.884968

yoidi2x6rdq >> Image Returned >> 2020-10-05 16:34:03.888942

yoidi2x6rdq >> End >> 2020-10-05 16:34:04.081835

s25vkkn0o72 >> Start >> 2020-10-05 16:34:59.212692

s25vkkn0o72 >> Image Returned >> 2020-10-05 16:34:59.217050

s25vkkn0o72 >> End >> 2020-10-05 16:34:59.384927

ptxvtuchrcq >> Start >> 2020-10-05 16:37:22.338228

ptxvtuchrcq >> Image Returned >> 2020-10-05 16:37:22.342160

ptxvtuchrcq >> End >> 2020-10-05 16:37:22.536465

cmcw4y36i4t >> Start >> 2020-10-05 16:45:24.257972

cmcw4y36i4t >> Image Returned >> 2020-10-05 16:45:24.262255

cmcw4y36i4t >> End >> 2020-10-05 16:45:24.432719

wk80a8nhdse >> Start >> 2020-10-05 16:48:33.205233

wk80a8nhdse >> Image Returned >> 2020-10-05 16:48:33.210448

wk80a8nhdse >> End >> 2020-10-05 16:48:33.386634

zyhwwi3cgko >> Start >> 2020-10-05 16:51:45.498398

zyhwwi3cgko >> Image Returned >> 2020-10-05 16:51:45.502017

zyhwwi3cgko >> End >> 2020-10-05 16:51:45.709532

gg27zv88o4c >> Start >> 2020-10-05 16:53:00.087719

gg27zv88o4c >> Image Returned >> 2020-10-05 16:53:00.091708

gg27zv88o4c >> End >> 2020-10-05 16:53:00.250459

84z4ibvdb5z >> Start >> 2020-10-05 16:54:35.513863

84z4ibvdb5z >> Image Returned >> 2020-10-05 16:54:35.518943

84z4ibvdb5z >> End >> 2020-10-05 16:54:35.693166

cozfamac7ce >> Start >> 2020-10-05 16:58:13.441627

cozfamac7ce >> Image Returned >> 2020-10-05 16:58:13.445359

cozfamac7ce >> End >> 2020-10-05 16:58:13.605285

a5a8wzpheep >> Start >> 2020-10-05 17:04:15.242566

a5a8wzpheep >> Image Returned >> 2020-10-05 17:04:15.246128

a5a8wzpheep >> End >> 2020-10-05 17:04:15.412859

3mqce677tqw >> Start >> 2020-10-05 17:05:21.659126

3mqce677tqw >> Image Returned >> 2020-10-05 17:05:21.663809

3mqce677tqw >> End >> 2020-10-05 17:05:21.828861

d5gcfaj0rwq >> Start >> 2020-10-05 17:13:22.879292

d5gcfaj0rwq >> Image Returned >> 2020-10-05 17:13:22.883569

d5gcfaj0rwq >> End >> 2020-10-05 17:13:23.044229

4mis4ttnw5g >> Start >> 2020-10-05 17:13:49.033067

4mis4ttnw5g >> Image Returned >> 2020-10-05 17:13:49.036623

4mis4ttnw5g >> End >> 2020-10-05 17:13:49.201293

nq4iuxxscxw >> Start >> 2020-10-05 17:14:58.267385

nq4iuxxscxw >> Image Returned >> 2020-10-05 17:14:58.272322

nq4iuxxscxw >> End >> 2020-10-05 17:14:58.444380

dk55kdo2euo >> Start >> 2020-10-05 17:15:34.557691

dk55kdo2euo >> Image Returned >> 2020-10-05 17:15:34.561580

dk55kdo2euo >> End >> 2020-10-05 17:15:34.731756

kaibkk5xqyt >> Start >> 2020-10-05 17:28:36.944104

kaibkk5xqyt >> Image Returned >> 2020-10-05 17:28:36.948055

kaibkk5xqyt >> End >> 2020-10-05 17:28:37.120853

ah2d3zftz68 >> Start >> 2020-10-05 17:31:03.687901

ah2d3zftz68 >> Image Returned >> 2020-10-05 17:31:03.691415

ah2d3zftz68 >> End >> 2020-10-05 17:31:03.856503

dqu7ju3a6n4 >> Start >> 2020-10-05 17:31:28.466726

dqu7ju3a6n4 >> Image Returned >> 2020-10-05 17:31:28.470751

dqu7ju3a6n4 >> End >> 2020-10-05 17:31:28.982548

4ukpjpqzi4e >> Start >> 2020-10-05 17:35:59.535900

4ukpjpqzi4e >> Image Returned >> 2020-10-05 17:35:59.542057

4ukpjpqzi4e >> End >> 2020-10-05 17:35:59.674762

akj37gdi0ny >> Start >> 2020-10-05 17:36:32.485908

akj37gdi0ny >> Image Returned >> 2020-10-05 17:36:32.489859

akj37gdi0ny >> End >> 2020-10-05 17:36:32.669483

fb807muewwn >> Start >> 2020-10-05 17:36:50.828375

fb807muewwn >> Image Returned >> 2020-10-05 17:36:50.832099

fb807muewwn >> End >> 2020-10-05 17:36:51.005129

8qorwjscir6 >> Start >> 2020-10-05 17:37:08.566459

8qorwjscir6 >> Image Returned >> 2020-10-05 17:37:08.570319

8qorwjscir6 >> End >> 2020-10-05 17:37:08.737462

chthx0qov3c >> Start >> 2020-10-05 17:38:00.310798

chthx0qov3c >> Image Returned >> 2020-10-05 17:38:00.315151

chthx0qov3c >> End >> 2020-10-05 17:38:00.483982

yi7oz0qfcsf >> Start >> 2020-10-05 17:39:26.667934

yi7oz0qfcsf >> Image Returned >> 2020-10-05 17:39:26.671993

yi7oz0qfcsf >> End >> 2020-10-05 17:39:26.839155

2drcd00onjb >> Start >> 2020-10-05 17:40:46.352433

2drcd00onjb >> Image Returned >> 2020-10-05 17:40:46.356383

2drcd00onjb >> End >> 2020-10-05 17:40:46.532623

727j00z4qu5 >> Start >> 2020-10-05 17:49:36.368444

727j00z4qu5 >> Image Returned >> 2020-10-05 17:49:36.372458

727j00z4qu5 >> End >> 2020-10-05 17:49:36.545175

rgbts70ag57 >> Start >> 2020-10-05 17:50:13.584907

rgbts70ag57 >> Image Returned >> 2020-10-05 17:50:13.588520

rgbts70ag57 >> End >> 2020-10-05 17:50:13.753149

fvhtxspntt5 >> Start >> 2020-10-05 18:06:34.202635

fvhtxspntt5 >> Image Returned >> 2020-10-05 18:06:34.207242

fvhtxspntt5 >> End >> 2020-10-05 18:06:34.379668

vmyc8jktrqz >> Start >> 2020-10-05 18:06:39.700004

vmyc8jktrqz >> Image Returned >> 2020-10-05 18:06:39.700305

vmyc8jktrqz >> End >> 2020-10-05 18:06:39.878081

nevkesewpwz >> Start >> 2020-10-05 18:07:07.408931

nevkesewpwz >> Image Returned >> 2020-10-05 18:07:07.412631

nevkesewpwz >> End >> 2020-10-05 18:07:07.612591

tn8xvsxmb2r >> Start >> 2020-10-05 18:09:32.878252

tn8xvsxmb2r >> Image Returned >> 2020-10-05 18:09:32.882261

tn8xvsxmb2r >> End >> 2020-10-05 18:09:33.053433

piqjae8dwp0 >> Start >> 2020-10-05 18:09:45.845598

piqjae8dwp0 >> Image Returned >> 2020-10-05 18:09:45.849206

piqjae8dwp0 >> End >> 2020-10-05 18:09:46.016956

vudjpf66wwc >> Start >> 2020-10-05 18:17:08.087349

vudjpf66wwc >> Image Returned >> 2020-10-05 18:17:08.091371

vudjpf66wwc >> End >> 2020-10-05 18:17:08.263185

j4ibd6682ha >> Start >> 2020-10-05 18:21:18.430160

j4ibd6682ha >> Image Returned >> 2020-10-05 18:21:18.435036

j4ibd6682ha >> End >> 2020-10-05 18:21:18.603423

wi4ohkcyimr >> Start >> 2020-10-05 18:24:00.467298

wi4ohkcyimr >> Image Returned >> 2020-10-05 18:24:00.470933

wi4ohkcyimr >> End >> 2020-10-05 18:24:00.647947

y66hmwr0p3h >> Start >> 2020-10-05 18:29:17.515356

y66hmwr0p3h >> Image Returned >> 2020-10-05 18:29:17.519013

y66hmwr0p3h >> End >> 2020-10-05 18:29:17.695489

dpoanmkrpeg >> Start >> 2020-10-05 18:30:34.356569

dpoanmkrpeg >> Image Returned >> 2020-10-05 18:30:34.360949

dpoanmkrpeg >> End >> 2020-10-05 18:30:34.490356

8h5qsk433zg >> Start >> 2020-10-05 18:32:20.297826

8h5qsk433zg >> Image Returned >> 2020-10-05 18:32:20.302642

8h5qsk433zg >> End >> 2020-10-05 18:32:20.466964

vwg5eqap27z >> Start >> 2020-10-05 18:33:23.625447

vwg5eqap27z >> Image Returned >> 2020-10-05 18:33:23.629985

vwg5eqap27z >> End >> 2020-10-05 18:33:23.796653

exb7t3tfamc >> Start >> 2020-10-05 18:36:36.813683

exb7t3tfamc >> Image Returned >> 2020-10-05 18:36:36.818209

exb7t3tfamc >> End >> 2020-10-05 18:36:37.008833

df72867xqme >> Start >> 2020-10-05 18:37:03.129933

df72867xqme >> Image Returned >> 2020-10-05 18:37:03.133502

df72867xqme >> End >> 2020-10-05 18:37:03.323940

exrzqsvtbtc >> Start >> 2020-10-05 18:37:30.939589

exrzqsvtbtc >> Image Returned >> 2020-10-05 18:37:30.943486

exrzqsvtbtc >> End >> 2020-10-05 18:37:31.136432

kjzgmypfivv >> Start >> 2020-10-05 18:37:32.499299

kjzgmypfivv >> Image Returned >> 2020-10-05 18:37:32.499599

kjzgmypfivv >> End >> 2020-10-05 18:37:32.670473

fpu7jhb42x5 >> Start >> 2020-10-05 18:38:18.289035

fpu7jhb42x5 >> Image Returned >> 2020-10-05 18:38:18.292534

fpu7jhb42x5 >> End >> 2020-10-05 18:38:18.513405

a2oyt3ou48w >> Start >> 2020-10-05 18:39:05.629925

a2oyt3ou48w >> Image Returned >> 2020-10-05 18:39:05.633559

a2oyt3ou48w >> End >> 2020-10-05 18:39:05.818309

g0nnu4fj44p >> Start >> 2020-10-05 18:40:54.482095

g0nnu4fj44p >> Image Returned >> 2020-10-05 18:40:54.486375

g0nnu4fj44p >> End >> 2020-10-05 18:40:54.609751

558mxafncmr >> Start >> 2020-10-05 18:42:33.416706

558mxafncmr >> Image Returned >> 2020-10-05 18:42:33.421243

558mxafncmr >> End >> 2020-10-05 18:42:33.609148

0mrop8f4cxo >> Start >> 2020-10-05 18:49:01.515043

0mrop8f4cxo >> Image Returned >> 2020-10-05 18:49:01.520549

0mrop8f4cxo >> End >> 2020-10-05 18:49:01.680850

4gyu67c7per >> Start >> 2020-10-05 18:50:49.519310

4gyu67c7per >> Image Returned >> 2020-10-05 18:50:49.523665

4gyu67c7per >> End >> 2020-10-05 18:50:49.701320

t5rrjytpqcq >> Start >> 2020-10-05 18:52:43.151686

t5rrjytpqcq >> Image Returned >> 2020-10-05 18:52:43.155354

t5rrjytpqcq >> End >> 2020-10-05 18:52:43.336414

ekyaasomkdx >> Start >> 2020-10-05 18:53:04.171734

ekyaasomkdx >> Image Returned >> 2020-10-05 18:53:04.175436

ekyaasomkdx >> End >> 2020-10-05 18:53:04.352647

fkyxwirt8qb >> Start >> 2020-10-05 18:53:51.189295

fkyxwirt8qb >> Image Returned >> 2020-10-05 18:53:51.194247

fkyxwirt8qb >> End >> 2020-10-05 18:53:51.360160

vthum2wy05m >> Start >> 2020-10-05 18:54:07.297511

vthum2wy05m >> Image Returned >> 2020-10-05 18:54:07.301171

vthum2wy05m >> End >> 2020-10-05 18:54:07.465082

ynox5g5peny >> Start >> 2020-10-05 18:55:40.648473

ynox5g5peny >> Image Returned >> 2020-10-05 18:55:40.652407

ynox5g5peny >> End >> 2020-10-05 18:55:40.824553

dzu4vvjr572 >> Start >> 2020-10-05 18:56:47.948599

dzu4vvjr572 >> Image Returned >> 2020-10-05 18:56:47.952466

dzu4vvjr572 >> End >> 2020-10-05 18:56:48.116290

mn2uqjcb6kz >> Start >> 2020-10-05 18:56:49.711040

mn2uqjcb6kz >> Image Returned >> 2020-10-05 18:56:49.711344

mn2uqjcb6kz >> End >> 2020-10-05 18:56:49.879859

5wvrrhbquyk >> Start >> 2020-10-05 18:59:04.310863

5wvrrhbquyk >> Image Returned >> 2020-10-05 18:59:04.314460

5wvrrhbquyk >> End >> 2020-10-05 18:59:04.473659

arw7skuf8ka >> Start >> 2020-10-05 18:59:40.799511

arw7skuf8ka >> Image Returned >> 2020-10-05 18:59:40.803653

arw7skuf8ka >> End >> 2020-10-05 18:59:40.983350

qnd3m7kuw4c >> Start >> 2020-10-05 19:01:12.914469

qnd3m7kuw4c >> Image Returned >> 2020-10-05 19:01:12.918557

qnd3m7kuw4c >> End >> 2020-10-05 19:01:13.085262

tgkq3dokd6c >> Start >> 2020-10-05 19:02:01.604855

tgkq3dokd6c >> Image Returned >> 2020-10-05 19:02:01.609050

tgkq3dokd6c >> End >> 2020-10-05 19:02:01.776746

486nu753bzr >> Start >> 2020-10-05 19:04:57.245623

486nu753bzr >> Image Returned >> 2020-10-05 19:04:57.249788

486nu753bzr >> End >> 2020-10-05 19:04:57.414859

ipbwjutjzmj >> Start >> 2020-10-05 19:05:17.915600

ipbwjutjzmj >> Image Returned >> 2020-10-05 19:05:17.919450

ipbwjutjzmj >> End >> 2020-10-05 19:05:18.097162

0sdnbunpt0f >> Start >> 2020-10-05 19:05:46.525110

0sdnbunpt0f >> Image Returned >> 2020-10-05 19:05:46.529402

0sdnbunpt0f >> End >> 2020-10-05 19:05:46.706576

fieu5f6cw58 >> Start >> 2020-10-05 19:07:19.403182

fieu5f6cw58 >> Image Returned >> 2020-10-05 19:07:19.407262

fieu5f6cw58 >> End >> 2020-10-05 19:07:19.579767

46ib7envvcx >> Start >> 2020-10-05 19:09:27.112597

46ib7envvcx >> Image Returned >> 2020-10-05 19:09:27.117480

46ib7envvcx >> End >> 2020-10-05 19:09:27.314557

g66ccqa02hn >> Start >> 2020-10-05 19:09:30.393692

g66ccqa02hn >> Image Returned >> 2020-10-05 19:09:30.394017

g66ccqa02hn >> End >> 2020-10-05 19:09:30.566173

dqo4be5eikv >> Start >> 2020-10-05 19:11:59.404292

dqo4be5eikv >> Image Returned >> 2020-10-05 19:11:59.408972

dqo4be5eikv >> End >> 2020-10-05 19:11:59.580848

go8z3isz38o >> Start >> 2020-10-05 19:13:04.949508

go8z3isz38o >> Image Returned >> 2020-10-05 19:13:04.953257

go8z3isz38o >> End >> 2020-10-05 19:13:05.127583

eedc0q6jxn7 >> Start >> 2020-10-05 19:14:58.973696

eedc0q6jxn7 >> Image Returned >> 2020-10-05 19:14:58.977406

eedc0q6jxn7 >> End >> 2020-10-05 19:14:59.144439

q6ghjnkpbqu >> Start >> 2020-10-05 19:21:09.325329

q6ghjnkpbqu >> Image Returned >> 2020-10-05 19:21:09.330491

q6ghjnkpbqu >> End >> 2020-10-05 19:21:09.493756

dw35i42dyjs >> Start >> 2020-10-05 19:22:02.227767

dw35i42dyjs >> Image Returned >> 2020-10-05 19:22:02.231914

dw35i42dyjs >> End >> 2020-10-05 19:22:02.436960

wx4o6afyacq >> Start >> 2020-10-05 19:25:57.349067

wx4o6afyacq >> Image Returned >> 2020-10-05 19:25:57.353343

wx4o6afyacq >> End >> 2020-10-05 19:25:57.550286

tdih7d6xvhw >> Start >> 2020-10-05 19:26:10.629823

tdih7d6xvhw >> Image Returned >> 2020-10-05 19:26:10.633433

tdih7d6xvhw >> End >> 2020-10-05 19:26:10.798793

fnvgvasg32d >> Start >> 2020-10-05 19:26:20.545831

fnvgvasg32d >> Image Returned >> 2020-10-05 19:26:20.546150

fnvgvasg32d >> End >> 2020-10-05 19:26:20.711153

ctyvttkgi0u >> Start >> 2020-10-05 19:29:14.744946

ctyvttkgi0u >> Image Returned >> 2020-10-05 19:29:14.748581

ctyvttkgi0u >> End >> 2020-10-05 19:29:14.911087

tsbrtd84bjj >> Start >> 2020-10-05 19:29:27.527266

tsbrtd84bjj >> Image Returned >> 2020-10-05 19:29:27.532114

tsbrtd84bjj >> End >> 2020-10-05 19:29:27.728682

eriu0di2avb >> Start >> 2020-10-05 19:29:49.233412

eriu0di2avb >> Image Returned >> 2020-10-05 19:29:49.237132

eriu0di2avb >> End >> 2020-10-05 19:29:49.399837

ky0du0h2iss >> Start >> 2020-10-05 19:33:22.787113

ky0du0h2iss >> Image Returned >> 2020-10-05 19:33:22.791260

ky0du0h2iss >> End >> 2020-10-05 19:33:22.961636

3guoyv8egyo >> Start >> 2020-10-05 19:34:51.115113

3guoyv8egyo >> Image Returned >> 2020-10-05 19:34:51.120052

3guoyv8egyo >> End >> 2020-10-05 19:34:51.292562

nmi4f3cub2p >> Start >> 2020-10-05 19:35:14.200648

nmi4f3cub2p >> Image Returned >> 2020-10-05 19:35:14.204255

nmi4f3cub2p >> End >> 2020-10-05 19:35:14.368688

42b7we7vxmb >> Start >> 2020-10-05 19:40:28.064141

42b7we7vxmb >> Image Returned >> 2020-10-05 19:40:28.069585

42b7we7vxmb >> End >> 2020-10-05 19:40:28.232515

5pr6ebhzp3j >> Start >> 2020-10-05 19:40:55.898813

5pr6ebhzp3j >> Image Returned >> 2020-10-05 19:40:55.902443

5pr6ebhzp3j >> End >> 2020-10-05 19:40:56.092139

i2rrwko8mvf >> Start >> 2020-10-05 19:44:25.242202

i2rrwko8mvf >> Image Returned >> 2020-10-05 19:44:25.247018

i2rrwko8mvf >> End >> 2020-10-05 19:44:25.428483

hjib03eanzz >> Start >> 2020-10-05 19:46:26.719634

hjib03eanzz >> Image Returned >> 2020-10-05 19:46:26.723598

hjib03eanzz >> End >> 2020-10-05 19:46:26.899059

wt5p3cpz34n >> Start >> 2020-10-05 19:48:52.141022

wt5p3cpz34n >> Image Returned >> 2020-10-05 19:48:52.145087

wt5p3cpz34n >> End >> 2020-10-05 19:48:52.321995

z32nugs6qhg >> Start >> 2020-10-05 19:52:56.404285

z32nugs6qhg >> Image Returned >> 2020-10-05 19:52:56.408490

z32nugs6qhg >> End >> 2020-10-05 19:52:56.573724

jw05rrk42py >> Start >> 2020-10-05 19:53:52.107810

jw05rrk42py >> Image Returned >> 2020-10-05 19:53:52.111916

jw05rrk42py >> End >> 2020-10-05 19:53:52.283752

2xkioqnhnwb >> Start >> 2020-10-05 19:55:43.723808

2xkioqnhnwb >> Image Returned >> 2020-10-05 19:55:43.728251

2xkioqnhnwb >> End >> 2020-10-05 19:55:43.894846

3vsghchdexk >> Start >> 2020-10-05 19:57:03.024014

3vsghchdexk >> Image Returned >> 2020-10-05 19:57:03.028090

3vsghchdexk >> End >> 2020-10-05 19:57:03.190481

r7v2yqiy24w >> Start >> 2020-10-05 19:58:22.947138

r7v2yqiy24w >> Image Returned >> 2020-10-05 19:58:22.951493

r7v2yqiy24w >> End >> 2020-10-05 19:58:23.133460

64dm2gosd7k >> Start >> 2020-10-05 19:59:39.936254

64dm2gosd7k >> Image Returned >> 2020-10-05 19:59:39.940289

64dm2gosd7k >> End >> 2020-10-05 19:59:40.102415

8k3vcudof8j >> Start >> 2020-10-05 19:59:40.601592

8k3vcudof8j >> Image Returned >> 2020-10-05 19:59:40.601908

8k3vcudof8j >> End >> 2020-10-05 19:59:40.761157

ebo36bppxjv >> Start >> 2020-10-05 20:03:08.568306

ebo36bppxjv >> Image Returned >> 2020-10-05 20:03:08.573107

ebo36bppxjv >> End >> 2020-10-05 20:03:13.738699

x0wrzm3ekch >> Start >> 2020-10-05 20:03:36.552643

x0wrzm3ekch >> Image Returned >> 2020-10-05 20:03:36.557109

x0wrzm3ekch >> End >> 2020-10-05 20:03:36.726728

a8oi0ajjbcq >> Start >> 2020-10-05 20:03:49.247844

a8oi0ajjbcq >> Image Returned >> 2020-10-05 20:03:49.251450

a8oi0ajjbcq >> End >> 2020-10-05 20:03:49.422836

ggj54qr6gpq >> Start >> 2020-10-05 20:04:09.480422

ggj54qr6gpq >> Image Returned >> 2020-10-05 20:04:09.484028

ggj54qr6gpq >> End >> 2020-10-05 20:04:09.652503

y6hhj5ue4g8 >> Start >> 2020-10-05 20:06:56.517304

y6hhj5ue4g8 >> Image Returned >> 2020-10-05 20:06:56.521976

y6hhj5ue4g8 >> End >> 2020-10-05 20:06:56.696173

c0miaiaad7i >> Start >> 2020-10-05 20:15:52.705096

c0miaiaad7i >> Image Returned >> 2020-10-05 20:15:52.709072

c0miaiaad7i >> End >> 2020-10-05 20:15:52.893057

6y5yjo0ona2 >> Start >> 2020-10-05 20:17:05.943169

6y5yjo0ona2 >> Image Returned >> 2020-10-05 20:17:05.949246

6y5yjo0ona2 >> End >> 2020-10-05 20:17:06.127999

b3vdwqo6tdg >> Start >> 2020-10-05 20:22:36.918210

b3vdwqo6tdg >> Image Returned >> 2020-10-05 20:22:36.924453

b3vdwqo6tdg >> End >> 2020-10-05 20:22:37.110244

s4racgpd8nk >> Start >> 2020-10-05 20:24:33.908729

s4racgpd8nk >> Image Returned >> 2020-10-05 20:24:33.913805

s4racgpd8nk >> End >> 2020-10-05 20:24:34.113782

stbys7aj6wq >> Start >> 2020-10-05 20:26:55.222368

stbys7aj6wq >> Image Returned >> 2020-10-05 20:26:55.226058

stbys7aj6wq >> End >> 2020-10-05 20:26:55.393913

7pqokfts76h >> Start >> 2020-10-05 20:27:32.277177

7pqokfts76h >> Image Returned >> 2020-10-05 20:27:32.281351

7pqokfts76h >> End >> 2020-10-05 20:27:32.445771

hkfze4rcyk2 >> Start >> 2020-10-05 20:27:38.309350

hkfze4rcyk2 >> Image Returned >> 2020-10-05 20:27:38.309647

hkfze4rcyk2 >> End >> 2020-10-05 20:27:38.475301

86yndh87s5d >> Start >> 2020-10-05 20:31:20.129007

86yndh87s5d >> Image Returned >> 2020-10-05 20:31:20.132783

86yndh87s5d >> End >> 2020-10-05 20:31:20.332031

bhuoe7trdvh >> Start >> 2020-10-05 20:31:38.886053

bhuoe7trdvh >> Image Returned >> 2020-10-05 20:31:38.890013

bhuoe7trdvh >> End >> 2020-10-05 20:31:39.060137

dr240q3shkn >> Start >> 2020-10-05 20:39:31.193523

dr240q3shkn >> Image Returned >> 2020-10-05 20:39:31.197743

dr240q3shkn >> End >> 2020-10-05 20:39:31.360519

6fijjrw8oi2 >> Start >> 2020-10-05 20:43:05.214329

6fijjrw8oi2 >> Image Returned >> 2020-10-05 20:43:05.218992

6fijjrw8oi2 >> End >> 2020-10-05 20:43:05.396822

mo5pq687vyw >> Start >> 2020-10-05 20:43:37.812115

mo5pq687vyw >> Image Returned >> 2020-10-05 20:43:37.816488

mo5pq687vyw >> End >> 2020-10-05 20:43:37.991918

68je77cwz23 >> Start >> 2020-10-05 20:43:53.233294

68je77cwz23 >> Image Returned >> 2020-10-05 20:43:53.236840

68je77cwz23 >> End >> 2020-10-05 20:43:54.435065

gn4fobgjfvf >> Start >> 2020-10-05 20:45:00.890372

gn4fobgjfvf >> Image Returned >> 2020-10-05 20:45:00.894530

gn4fobgjfvf >> End >> 2020-10-05 20:45:01.059169

zny6gnja0pw >> Start >> 2020-10-05 20:46:02.535809

zny6gnja0pw >> Image Returned >> 2020-10-05 20:46:02.539383

zny6gnja0pw >> End >> 2020-10-05 20:46:02.704700

at60uqrjtn5 >> Start >> 2020-10-05 20:47:25.076071

at60uqrjtn5 >> Image Returned >> 2020-10-05 20:47:25.081109

at60uqrjtn5 >> End >> 2020-10-05 20:47:25.266813

rvg4mrbvtfd >> Start >> 2020-10-05 20:48:27.144181

rvg4mrbvtfd >> Image Returned >> 2020-10-05 20:48:27.148595

rvg4mrbvtfd >> End >> 2020-10-05 20:48:27.347902

tba0xn30dk8 >> Start >> 2020-10-05 20:48:47.992852

tba0xn30dk8 >> Image Returned >> 2020-10-05 20:48:47.996524

tba0xn30dk8 >> End >> 2020-10-05 20:48:48.154647

kz7o8cipok0 >> Start >> 2020-10-05 20:52:30.585334

kz7o8cipok0 >> Image Returned >> 2020-10-05 20:52:30.589920

kz7o8cipok0 >> End >> 2020-10-05 20:52:30.842303

8qziu2xvoyx >> Start >> 2020-10-05 20:56:47.996586

8qziu2xvoyx >> Image Returned >> 2020-10-05 20:56:48.000422

8qziu2xvoyx >> End >> 2020-10-05 20:56:48.173662

m3yeyxxvx54 >> Start >> 2020-10-05 20:59:29.335633

m3yeyxxvx54 >> Image Returned >> 2020-10-05 20:59:29.340069

m3yeyxxvx54 >> End >> 2020-10-05 20:59:29.513516

360w0kdgk35 >> Start >> 2020-10-05 20:59:47.200314

360w0kdgk35 >> Image Returned >> 2020-10-05 20:59:47.204020

360w0kdgk35 >> End >> 2020-10-05 20:59:47.371710

nk5z0hw854u >> Start >> 2020-10-05 21:01:42.658852

nk5z0hw854u >> Image Returned >> 2020-10-05 21:01:42.663717

nk5z0hw854u >> End >> 2020-10-05 21:01:42.831990

fwgr5vxz3yf >> Start >> 2020-10-05 21:08:11.126199

fwgr5vxz3yf >> Image Returned >> 2020-10-05 21:08:11.131742

fwgr5vxz3yf >> End >> 2020-10-05 21:08:11.293190

gcvyjiynv2j >> Start >> 2020-10-05 21:09:16.379070

gcvyjiynv2j >> Image Returned >> 2020-10-05 21:09:16.383547

gcvyjiynv2j >> End >> 2020-10-05 21:09:16.545952

wr5c80n3efm >> Start >> 2020-10-05 21:11:24.643493

wr5c80n3efm >> Image Returned >> 2020-10-05 21:11:24.647399

wr5c80n3efm >> End >> 2020-10-05 21:11:24.813638

6h8tdobh2fm >> Start >> 2020-10-05 21:11:38.922126

6h8tdobh2fm >> Image Returned >> 2020-10-05 21:11:38.926060

6h8tdobh2fm >> End >> 2020-10-05 21:11:39.094094

8wv7xsin7x8 >> Start >> 2020-10-05 21:17:09.885713

8wv7xsin7x8 >> Image Returned >> 2020-10-05 21:17:09.889698

8wv7xsin7x8 >> End >> 2020-10-05 21:17:10.058077

75aq8g58hgj >> Start >> 2020-10-05 21:19:02.571283

75aq8g58hgj >> Image Returned >> 2020-10-05 21:19:02.574803

75aq8g58hgj >> End >> 2020-10-05 21:19:02.738176

nyix8prthq2 >> Start >> 2020-10-05 21:19:10.345200

nyix8prthq2 >> Image Returned >> 2020-10-05 21:19:10.345608

nyix8prthq2 >> End >> 2020-10-05 21:19:10.506231

fs2sywxg5g0 >> Start >> 2020-10-05 21:23:16.401818

fs2sywxg5g0 >> Image Returned >> 2020-10-05 21:23:16.408046

fs2sywxg5g0 >> End >> 2020-10-05 21:23:16.573463

en2mytux47c >> Start >> 2020-10-05 21:23:40.119431

en2mytux47c >> Image Returned >> 2020-10-05 21:23:40.125941

en2mytux47c >> End >> 2020-10-05 21:23:40.288434

xzk5ogg2r7t >> Start >> 2020-10-05 21:24:57.147465

xzk5ogg2r7t >> Image Returned >> 2020-10-05 21:24:57.152905

xzk5ogg2r7t >> End >> 2020-10-05 21:24:57.319360

q284t4zxeia >> Start >> 2020-10-05 21:29:40.631834

q284t4zxeia >> Image Returned >> 2020-10-05 21:29:40.636097

q284t4zxeia >> End >> 2020-10-05 21:29:40.797890

ugijfgxojyo >> Start >> 2020-10-05 21:30:38.309722

ugijfgxojyo >> Image Returned >> 2020-10-05 21:30:38.313755

ugijfgxojyo >> End >> 2020-10-05 21:30:38.477663

rjaevsomp4x >> Start >> 2020-10-05 21:38:53.184185

rjaevsomp4x >> Image Returned >> 2020-10-05 21:38:53.188169

rjaevsomp4x >> End >> 2020-10-05 21:38:53.353107

yntphhhuqs4 >> Start >> 2020-10-05 21:39:24.249404

yntphhhuqs4 >> Image Returned >> 2020-10-05 21:39:24.253325

yntphhhuqs4 >> End >> 2020-10-05 21:39:24.438568

nmr0r5e02iu >> Start >> 2020-10-05 21:40:58.518479

nmr0r5e02iu >> Image Returned >> 2020-10-05 21:40:58.522898

nmr0r5e02iu >> End >> 2020-10-05 21:40:58.692482

nbwke0i07ce >> Start >> 2020-10-05 21:42:51.577291

nbwke0i07ce >> Image Returned >> 2020-10-05 21:42:51.581513

nbwke0i07ce >> End >> 2020-10-05 21:42:51.750458

zdnwriwzas4 >> Start >> 2020-10-05 21:48:34.290294

zdnwriwzas4 >> Image Returned >> 2020-10-05 21:48:34.295625

zdnwriwzas4 >> End >> 2020-10-05 21:48:34.460017

8cwaminphq3 >> Start >> 2020-10-05 22:14:09.805253

8cwaminphq3 >> Image Returned >> 2020-10-05 22:14:09.809516

8cwaminphq3 >> End >> 2020-10-05 22:14:09.972275

dv6fuepcp8p >> Start >> 2020-10-05 22:16:44.373255

dv6fuepcp8p >> Image Returned >> 2020-10-05 22:16:44.377281

dv6fuepcp8p >> End >> 2020-10-05 22:16:44.551049

2q8o4prtwhb >> Start >> 2020-10-05 22:26:53.654026

2q8o4prtwhb >> Image Returned >> 2020-10-05 22:26:53.658035

2q8o4prtwhb >> End >> 2020-10-05 22:26:53.833981

cofnoeuksug >> Start >> 2020-10-05 22:33:15.474000

cofnoeuksug >> Image Returned >> 2020-10-05 22:33:15.477654

cofnoeuksug >> End >> 2020-10-05 22:33:15.645699

adr6cdu20cq >> Start >> 2020-10-05 22:34:04.747543

adr6cdu20cq >> Image Returned >> 2020-10-05 22:34:04.751157

adr6cdu20cq >> End >> 2020-10-05 22:34:04.921123

o3xrm3etcvs >> Start >> 2020-10-05 22:36:00.680799

o3xrm3etcvs >> Image Returned >> 2020-10-05 22:36:00.686268

o3xrm3etcvs >> End >> 2020-10-05 22:36:00.887288

hztijhw55bz >> Start >> 2020-10-05 22:36:18.895421

hztijhw55bz >> Image Returned >> 2020-10-05 22:36:18.900794

hztijhw55bz >> End >> 2020-10-05 22:36:19.060266

v2d6wuipzg8 >> Start >> 2020-10-05 22:47:37.833241

v2d6wuipzg8 >> Image Returned >> 2020-10-05 22:47:37.838012

v2d6wuipzg8 >> End >> 2020-10-05 22:47:38.015079

iy62tzhr6ge >> Start >> 2020-10-05 22:50:52.713975

iy62tzhr6ge >> Image Returned >> 2020-10-05 22:50:52.719862

iy62tzhr6ge >> End >> 2020-10-05 22:50:52.879678

rfbr2ezmc03 >> Start >> 2020-10-05 23:06:32.869967

rfbr2ezmc03 >> Image Returned >> 2020-10-05 23:06:32.875597

rfbr2ezmc03 >> End >> 2020-10-05 23:06:33.065853

koqnvw86o4k >> Start >> 2020-10-05 23:09:16.432626

koqnvw86o4k >> Image Returned >> 2020-10-05 23:09:16.436259

koqnvw86o4k >> End >> 2020-10-05 23:09:16.598790

jr7w6aewhf0 >> Start >> 2020-10-05 23:15:16.412132

jr7w6aewhf0 >> Image Returned >> 2020-10-05 23:15:16.417074

jr7w6aewhf0 >> End >> 2020-10-05 23:15:16.603677

u5r4wc7btsh >> Start >> 2020-10-05 23:33:41.754496

u5r4wc7btsh >> Image Returned >> 2020-10-05 23:33:41.758748

u5r4wc7btsh >> End >> 2020-10-05 23:33:41.925743

hqzipokyc5k >> Start >> 2020-10-05 23:33:56.672804

hqzipokyc5k >> Image Returned >> 2020-10-05 23:33:56.676366

hqzipokyc5k >> End >> 2020-10-05 23:33:56.840328

dmpouqc33ae >> Start >> 2020-10-05 23:35:33.605577

dmpouqc33ae >> Image Returned >> 2020-10-05 23:35:33.610467

dmpouqc33ae >> End >> 2020-10-05 23:35:33.773622

30adgai3exr >> Start >> 2020-10-05 23:36:26.115432

30adgai3exr >> Image Returned >> 2020-10-05 23:36:26.119158

30adgai3exr >> End >> 2020-10-05 23:36:26.278976

z3nhkpkxk7a >> Start >> 2020-10-05 23:37:17.101598

z3nhkpkxk7a >> Image Returned >> 2020-10-05 23:37:17.105598

z3nhkpkxk7a >> End >> 2020-10-05 23:37:17.268277

zp6dzzcvwaa >> Start >> 2020-10-05 23:41:34.813504

zp6dzzcvwaa >> Image Returned >> 2020-10-05 23:41:34.817749

zp6dzzcvwaa >> End >> 2020-10-05 23:41:34.967541

f4qpfgqm8tn >> Start >> 2020-10-05 23:44:58.920334

f4qpfgqm8tn >> Image Returned >> 2020-10-05 23:44:58.925443

f4qpfgqm8tn >> End >> 2020-10-05 23:44:59.091922

tjof4sf6822 >> Start >> 2020-10-05 23:45:16.059837

tjof4sf6822 >> Image Returned >> 2020-10-05 23:45:16.063554

tjof4sf6822 >> End >> 2020-10-05 23:45:16.231045

fn6eyioekzi >> Start >> 2020-10-05 23:48:02.543741

fn6eyioekzi >> Image Returned >> 2020-10-05 23:48:02.548142

fn6eyioekzi >> End >> 2020-10-05 23:48:02.722074

