p2yte0ztc4w >> Start >> 2020-09-18 00:42:14.775343

p2yte0ztc4w >> Image Returned >> 2020-09-18 00:42:14.780345

p2yte0ztc4w >> End >> 2020-09-18 00:42:14.904954

fc0ehandxrf >> Start >> 2020-09-18 01:03:34.682437

fc0ehandxrf >> Image Returned >> 2020-09-18 01:03:34.685668

fc0ehandxrf >> End >> 2020-09-18 01:03:34.858786

gkgqm3dtx6v >> Start >> 2020-09-18 01:04:00.703030

gkgqm3dtx6v >> Image Returned >> 2020-09-18 01:04:00.706079

gkgqm3dtx6v >> End >> 2020-09-18 01:04:00.867973

d4fy7rt4nqh >> Start >> 2020-09-18 01:08:58.403618

d4fy7rt4nqh >> Image Returned >> 2020-09-18 01:08:58.407308

d4fy7rt4nqh >> End >> 2020-09-18 01:08:58.563808

qgdutjmn6cn >> Start >> 2020-09-18 01:21:48.367264

qgdutjmn6cn >> Image Returned >> 2020-09-18 01:21:48.370522

qgdutjmn6cn >> End >> 2020-09-18 01:21:48.526859

kn7j3bz0ts2 >> Start >> 2020-09-18 01:29:51.994095

kn7j3bz0ts2 >> Image Returned >> 2020-09-18 01:29:51.997461

kn7j3bz0ts2 >> End >> 2020-09-18 01:29:52.158262

vy8vn2b83nu >> Start >> 2020-09-18 01:30:58.190799

vy8vn2b83nu >> Image Returned >> 2020-09-18 01:30:58.194220

vy8vn2b83nu >> End >> 2020-09-18 01:30:58.347716

8nuea88twaq >> Start >> 2020-09-18 01:40:51.390428

8nuea88twaq >> Image Returned >> 2020-09-18 01:40:51.393553

8nuea88twaq >> End >> 2020-09-18 01:40:51.557766

fpfy0bru4or >> Start >> 2020-09-18 01:51:08.830192

fpfy0bru4or >> Image Returned >> 2020-09-18 01:51:08.833400

fpfy0bru4or >> End >> 2020-09-18 01:51:08.984313

euustprscx6 >> Start >> 2020-09-18 01:54:48.686840

euustprscx6 >> Image Returned >> 2020-09-18 01:54:48.690207

euustprscx6 >> End >> 2020-09-18 01:54:48.841969

5y4kp0zxrig >> Start >> 2020-09-18 02:08:34.298240

5y4kp0zxrig >> Image Returned >> 2020-09-18 02:08:34.302982

5y4kp0zxrig >> End >> 2020-09-18 02:08:34.464524

f4zgknh2edm >> Start >> 2020-09-18 02:09:16.679239

f4zgknh2edm >> Image Returned >> 2020-09-18 02:09:16.683563

f4zgknh2edm >> End >> 2020-09-18 02:09:16.852617

s5n4efqji7j >> Start >> 2020-09-18 02:12:12.207221

s5n4efqji7j >> Image Returned >> 2020-09-18 02:12:12.211124

s5n4efqji7j >> End >> 2020-09-18 02:12:12.363374

2t3o6yqt2ig >> Start >> 2020-09-18 02:18:12.404076

2t3o6yqt2ig >> Image Returned >> 2020-09-18 02:18:12.408397

2t3o6yqt2ig >> End >> 2020-09-18 02:18:12.566252

ccqphde208p >> Start >> 2020-09-18 02:21:22.099190

ccqphde208p >> Image Returned >> 2020-09-18 02:21:22.104111

ccqphde208p >> End >> 2020-09-18 02:21:22.261502

f3bizfrxv68 >> Start >> 2020-09-18 02:46:48.176811

f3bizfrxv68 >> Image Returned >> 2020-09-18 02:46:48.184005

f3bizfrxv68 >> End >> 2020-09-18 02:46:48.352056

b28ejbkjwmy >> Start >> 2020-09-18 02:48:30.971935

b28ejbkjwmy >> Image Returned >> 2020-09-18 02:48:30.975306

b28ejbkjwmy >> End >> 2020-09-18 02:48:31.141918

smr4bpq8utt >> Start >> 2020-09-18 02:48:54.677839

smr4bpq8utt >> Image Returned >> 2020-09-18 02:48:54.681142

smr4bpq8utt >> End >> 2020-09-18 02:48:54.847729

es0brk23bsa >> Start >> 2020-09-18 02:49:49.611164

es0brk23bsa >> Image Returned >> 2020-09-18 02:49:49.614821

es0brk23bsa >> End >> 2020-09-18 02:49:49.778794

dcmwvyeefn5 >> Start >> 2020-09-18 02:50:00.286201

dcmwvyeefn5 >> Image Returned >> 2020-09-18 02:50:00.289369

dcmwvyeefn5 >> End >> 2020-09-18 02:50:00.456734

fw5c02iomiw >> Start >> 2020-09-18 02:52:11.429771

fw5c02iomiw >> Image Returned >> 2020-09-18 02:52:11.434107

fw5c02iomiw >> End >> 2020-09-18 02:52:11.595324

ufqigodwasi >> Start >> 2020-09-18 02:52:40.240492

ufqigodwasi >> Image Returned >> 2020-09-18 02:52:40.243547

ufqigodwasi >> End >> 2020-09-18 02:52:40.412055

76t20x4jxgr >> Start >> 2020-09-18 02:52:53.289638

76t20x4jxgr >> Image Returned >> 2020-09-18 02:52:53.292673

76t20x4jxgr >> End >> 2020-09-18 02:52:53.463016

xprtazo04j8 >> Start >> 2020-09-18 03:10:31.626496

xprtazo04j8 >> Image Returned >> 2020-09-18 03:10:31.630258

xprtazo04j8 >> End >> 2020-09-18 03:10:31.788749

undvb30agpp >> Start >> 2020-09-18 03:10:57.806241

undvb30agpp >> Image Returned >> 2020-09-18 03:10:57.809348

undvb30agpp >> End >> 2020-09-18 03:10:57.976166

ek3hzcwf486 >> Start >> 2020-09-18 03:36:33.905339

ek3hzcwf486 >> Image Returned >> 2020-09-18 03:36:33.909173

ek3hzcwf486 >> End >> 2020-09-18 03:36:34.077069

m03tzpf855b >> Start >> 2020-09-18 03:54:03.525697

m03tzpf855b >> Image Returned >> 2020-09-18 03:54:03.529016

m03tzpf855b >> End >> 2020-09-18 03:54:03.695924

7d0o7cauyoq >> Start >> 2020-09-18 04:12:30.773808

7d0o7cauyoq >> Image Returned >> 2020-09-18 04:12:30.777849

7d0o7cauyoq >> End >> 2020-09-18 04:12:30.942423

sy5fk7z2tgc >> Start >> 2020-09-18 04:19:12.855887

sy5fk7z2tgc >> Image Returned >> 2020-09-18 04:19:12.859733

sy5fk7z2tgc >> End >> 2020-09-18 04:19:13.024115

eszax2kkcno >> Start >> 2020-09-18 04:30:08.092185

eszax2kkcno >> Image Returned >> 2020-09-18 04:30:08.097609

eszax2kkcno >> End >> 2020-09-18 04:30:08.253568

c60qmqgo4qz >> Start >> 2020-09-18 04:35:01.383858

c60qmqgo4qz >> Image Returned >> 2020-09-18 04:35:01.386919

c60qmqgo4qz >> End >> 2020-09-18 04:35:01.556615

rhphwy4k32o >> Start >> 2020-09-18 05:22:34.597940

rhphwy4k32o >> Image Returned >> 2020-09-18 05:22:34.601058

rhphwy4k32o >> End >> 2020-09-18 05:22:34.777615

koqvmojdbnc >> Start >> 2020-09-18 05:38:13.661091

koqvmojdbnc >> Image Returned >> 2020-09-18 05:38:13.664544

koqvmojdbnc >> End >> 2020-09-18 05:38:13.822530

etfhx3n0t0c >> Start >> 2020-09-18 05:55:39.882937

etfhx3n0t0c >> Image Returned >> 2020-09-18 05:55:39.886049

etfhx3n0t0c >> End >> 2020-09-18 05:55:40.038721

m5hyo7or3h2 >> Start >> 2020-09-18 06:00:28.014934

m5hyo7or3h2 >> Image Returned >> 2020-09-18 06:00:28.018419

m5hyo7or3h2 >> End >> 2020-09-18 06:00:28.174637

uo6xpg5or8q >> Start >> 2020-09-18 06:11:03.129657

uo6xpg5or8q >> Image Returned >> 2020-09-18 06:11:03.133193

uo6xpg5or8q >> End >> 2020-09-18 06:11:03.287890

d558ar4jirv >> Start >> 2020-09-18 06:39:15.052979

d558ar4jirv >> Image Returned >> 2020-09-18 06:39:15.056525

d558ar4jirv >> End >> 2020-09-18 06:39:15.219928

oupmbwayw7v >> Start >> 2020-09-18 06:42:56.483777

oupmbwayw7v >> Image Returned >> 2020-09-18 06:42:56.488833

oupmbwayw7v >> End >> 2020-09-18 06:42:56.653080

x5xegxsvsix >> Start >> 2020-09-18 06:57:13.625771

x5xegxsvsix >> Image Returned >> 2020-09-18 06:57:13.629955

x5xegxsvsix >> End >> 2020-09-18 06:57:13.791445

uy7svttcjwi >> Start >> 2020-09-18 07:11:41.676671

uy7svttcjwi >> Image Returned >> 2020-09-18 07:11:41.679892

uy7svttcjwi >> End >> 2020-09-18 07:11:41.836004

7e8p6sre78r >> Start >> 2020-09-18 07:19:03.393832

7e8p6sre78r >> Image Returned >> 2020-09-18 07:19:03.398044

7e8p6sre78r >> End >> 2020-09-18 07:19:03.550190

7ggehaprqod >> Start >> 2020-09-18 07:20:04.884273

7ggehaprqod >> Image Returned >> 2020-09-18 07:20:04.887859

7ggehaprqod >> End >> 2020-09-18 07:20:05.057223

8sp5dwjcizw >> Start >> 2020-09-18 07:30:14.992573

8sp5dwjcizw >> Image Returned >> 2020-09-18 07:30:14.995909

8sp5dwjcizw >> End >> 2020-09-18 07:30:15.222634

afndb53f8fq >> Start >> 2020-09-18 08:02:01.065928

afndb53f8fq >> Image Returned >> 2020-09-18 08:02:01.070585

afndb53f8fq >> End >> 2020-09-18 08:02:01.221668

s8gzqbdiqq7 >> Start >> 2020-09-18 08:05:19.030345

s8gzqbdiqq7 >> Image Returned >> 2020-09-18 08:05:19.034151

s8gzqbdiqq7 >> End >> 2020-09-18 08:05:19.206439

8o4qqavintk >> Start >> 2020-09-18 08:09:40.225378

8o4qqavintk >> Image Returned >> 2020-09-18 08:09:40.229136

8o4qqavintk >> End >> 2020-09-18 08:09:40.388199

tw62egmotfb >> Start >> 2020-09-18 08:11:05.236247

tw62egmotfb >> Image Returned >> 2020-09-18 08:11:05.239598

tw62egmotfb >> End >> 2020-09-18 08:11:05.396228

ipev0wr04wg >> Start >> 2020-09-18 08:13:18.068377

ipev0wr04wg >> Image Returned >> 2020-09-18 08:13:18.071841

ipev0wr04wg >> End >> 2020-09-18 08:13:18.230792

f20mdf460fg >> Start >> 2020-09-18 08:26:47.219093

f20mdf460fg >> Image Returned >> 2020-09-18 08:26:47.222763

f20mdf460fg >> End >> 2020-09-18 08:26:47.433531

ftmkbaebaq5 >> Start >> 2020-09-18 08:26:56.735784

ftmkbaebaq5 >> Image Returned >> 2020-09-18 08:26:56.736085

ftmkbaebaq5 >> End >> 2020-09-18 08:26:56.902187

abqfnqjxdic >> Start >> 2020-09-18 08:30:46.575496

abqfnqjxdic >> Image Returned >> 2020-09-18 08:30:46.578665

abqfnqjxdic >> End >> 2020-09-18 08:30:46.743036

u6psxdgpxzy >> Start >> 2020-09-18 08:38:50.631716

u6psxdgpxzy >> Image Returned >> 2020-09-18 08:38:50.636553

u6psxdgpxzy >> End >> 2020-09-18 08:38:50.802402

3ox8ubxegoy >> Start >> 2020-09-18 08:40:33.750093

3ox8ubxegoy >> Image Returned >> 2020-09-18 08:40:33.753650

3ox8ubxegoy >> End >> 2020-09-18 08:40:33.919538

xwbkui6rhn7 >> Start >> 2020-09-18 08:41:53.989185

xwbkui6rhn7 >> Image Returned >> 2020-09-18 08:41:53.992810

xwbkui6rhn7 >> End >> 2020-09-18 08:41:54.159949

m7nw45s2qag >> Start >> 2020-09-18 08:45:47.831778

m7nw45s2qag >> Image Returned >> 2020-09-18 08:45:47.835809

m7nw45s2qag >> End >> 2020-09-18 08:45:47.994777

dr0f0qhwvrs >> Start >> 2020-09-18 08:56:29.649046

dr0f0qhwvrs >> Image Returned >> 2020-09-18 08:56:29.652503

dr0f0qhwvrs >> End >> 2020-09-18 08:56:29.814563

xukux2bb5ky >> Start >> 2020-09-18 09:00:36.787933

xukux2bb5ky >> Image Returned >> 2020-09-18 09:00:36.791408

xukux2bb5ky >> End >> 2020-09-18 09:00:36.957354

jv8ckr4z7fg >> Start >> 2020-09-18 09:18:47.967644

jv8ckr4z7fg >> Image Returned >> 2020-09-18 09:18:47.971486

jv8ckr4z7fg >> End >> 2020-09-18 09:18:48.122235

qn8ink04owy >> Start >> 2020-09-18 09:20:08.752660

qn8ink04owy >> Image Returned >> 2020-09-18 09:20:08.756814

qn8ink04owy >> End >> 2020-09-18 09:20:08.917747

xd4j84kv7w4 >> Start >> 2020-09-18 09:28:17.097076

xd4j84kv7w4 >> Image Returned >> 2020-09-18 09:28:17.100863

xd4j84kv7w4 >> End >> 2020-09-18 09:28:17.255703

kcnn6wc6sdu >> Start >> 2020-09-18 09:30:51.012394

kcnn6wc6sdu >> Image Returned >> 2020-09-18 09:30:51.016143

kcnn6wc6sdu >> End >> 2020-09-18 09:30:51.178234

erht2552h8j >> Start >> 2020-09-18 09:33:40.938535

erht2552h8j >> Image Returned >> 2020-09-18 09:33:40.942123

erht2552h8j >> End >> 2020-09-18 09:33:41.093719

tfamf3enzyi >> Start >> 2020-09-18 09:37:49.166037

tfamf3enzyi >> Image Returned >> 2020-09-18 09:37:49.170592

tfamf3enzyi >> End >> 2020-09-18 09:37:49.330848

uxredz5maqv >> Start >> 2020-09-18 09:49:58.459981

uxredz5maqv >> Image Returned >> 2020-09-18 09:49:58.464035

uxredz5maqv >> End >> 2020-09-18 09:49:58.625790

3cimd6dhcdj >> Start >> 2020-09-18 09:54:43.549078

3cimd6dhcdj >> Image Returned >> 2020-09-18 09:54:43.552916

3cimd6dhcdj >> End >> 2020-09-18 09:54:43.713663

7qdfwvxvgv2 >> Start >> 2020-09-18 09:55:08.695508

7qdfwvxvgv2 >> Image Returned >> 2020-09-18 09:55:08.698664

7qdfwvxvgv2 >> End >> 2020-09-18 09:55:08.863506

5wrnxqngnws >> Start >> 2020-09-18 09:55:14.100616

5wrnxqngnws >> Image Returned >> 2020-09-18 09:55:14.101020

5wrnxqngnws >> End >> 2020-09-18 09:55:14.253106

2hf6qnerrur >> Start >> 2020-09-18 09:59:47.675364

2hf6qnerrur >> Image Returned >> 2020-09-18 09:59:47.679435

2hf6qnerrur >> End >> 2020-09-18 09:59:47.834415

wykkeqjnsoy >> Start >> 2020-09-18 10:14:03.182049

wykkeqjnsoy >> Image Returned >> 2020-09-18 10:14:03.185934

wykkeqjnsoy >> End >> 2020-09-18 10:14:03.348548

u50djp5o4yz >> Start >> 2020-09-18 10:14:24.814340

u50djp5o4yz >> Image Returned >> 2020-09-18 10:14:24.817822

u50djp5o4yz >> End >> 2020-09-18 10:14:24.983755

8s0h6mjf7vc >> Start >> 2020-09-18 10:25:57.331901

8s0h6mjf7vc >> Image Returned >> 2020-09-18 10:25:57.335530

8s0h6mjf7vc >> End >> 2020-09-18 10:25:57.498323

dmtttobwokf >> Start >> 2020-09-18 10:43:43.107970

dmtttobwokf >> Image Returned >> 2020-09-18 10:43:43.111161

dmtttobwokf >> End >> 2020-09-18 10:43:43.265331

xpyfyamp7r2 >> Start >> 2020-09-18 10:51:53.038980

xpyfyamp7r2 >> Image Returned >> 2020-09-18 10:51:53.042150

xpyfyamp7r2 >> End >> 2020-09-18 10:51:53.198575

sk7qvkg3sjz >> Start >> 2020-09-18 10:59:33.162833

sk7qvkg3sjz >> Image Returned >> 2020-09-18 10:59:33.167222

sk7qvkg3sjz >> End >> 2020-09-18 10:59:33.325400

puce8bgfajt >> Start >> 2020-09-18 11:06:58.201740

puce8bgfajt >> Image Returned >> 2020-09-18 11:06:58.205936

puce8bgfajt >> End >> 2020-09-18 11:06:58.356940

idqvgzvpubj >> Start >> 2020-09-18 11:08:35.528672

idqvgzvpubj >> Image Returned >> 2020-09-18 11:08:35.532725

idqvgzvpubj >> End >> 2020-09-18 11:08:35.701529

snpph8wsn0e >> Start >> 2020-09-18 11:09:56.877981

snpph8wsn0e >> Image Returned >> 2020-09-18 11:09:56.881553

snpph8wsn0e >> End >> 2020-09-18 11:09:57.041784

5urc8druxr2 >> Start >> 2020-09-18 11:12:25.684293

5urc8druxr2 >> Image Returned >> 2020-09-18 11:12:25.688119

5urc8druxr2 >> End >> 2020-09-18 11:12:25.863344

svmovsxg3b4 >> Start >> 2020-09-18 11:13:00.810453

svmovsxg3b4 >> Image Returned >> 2020-09-18 11:13:00.814002

svmovsxg3b4 >> End >> 2020-09-18 11:13:00.972224

ajndwcbfnpz >> Start >> 2020-09-18 11:17:28.512134

ajndwcbfnpz >> Image Returned >> 2020-09-18 11:17:28.516263

ajndwcbfnpz >> End >> 2020-09-18 11:17:28.689544

ptr3fjofcpk >> Start >> 2020-09-18 11:17:55.242265

ptr3fjofcpk >> Image Returned >> 2020-09-18 11:17:55.245579

ptr3fjofcpk >> End >> 2020-09-18 11:17:55.400979

d5b480apt5e >> Start >> 2020-09-18 11:18:32.573148

d5b480apt5e >> Image Returned >> 2020-09-18 11:18:32.577402

d5b480apt5e >> End >> 2020-09-18 11:18:32.734219

cbramtqxbd5 >> Start >> 2020-09-18 11:20:29.373843

cbramtqxbd5 >> Image Returned >> 2020-09-18 11:20:29.377954

cbramtqxbd5 >> End >> 2020-09-18 11:20:29.542418

d2wmia7is2u >> Start >> 2020-09-18 11:27:38.529213

d2wmia7is2u >> Image Returned >> 2020-09-18 11:27:38.533555

d2wmia7is2u >> End >> 2020-09-18 11:27:38.715903

ai2dewo7c35 >> Start >> 2020-09-18 11:33:41.164042

ai2dewo7c35 >> Image Returned >> 2020-09-18 11:33:41.167706

ai2dewo7c35 >> End >> 2020-09-18 11:33:41.336329

7dm8ve3k8kj >> Start >> 2020-09-18 11:33:41.550345

7dm8ve3k8kj >> Image Returned >> 2020-09-18 11:33:41.550637

7dm8ve3k8kj >> End >> 2020-09-18 11:33:41.716280

ce7rdcif0ub >> Start >> 2020-09-18 11:46:15.340903

ce7rdcif0ub >> Image Returned >> 2020-09-18 11:46:15.344161

ce7rdcif0ub >> End >> 2020-09-18 11:46:15.505466

36mtpujpxsb >> Start >> 2020-09-18 11:48:26.373928

36mtpujpxsb >> Image Returned >> 2020-09-18 11:48:26.377665

36mtpujpxsb >> End >> 2020-09-18 11:48:26.533865

oeqgmoukit5 >> Start >> 2020-09-18 11:53:30.599550

oeqgmoukit5 >> Image Returned >> 2020-09-18 11:53:30.602773

oeqgmoukit5 >> End >> 2020-09-18 11:53:30.760276

sp36ubbdmpj >> Start >> 2020-09-18 11:55:22.146181

sp36ubbdmpj >> Image Returned >> 2020-09-18 11:55:22.149672

sp36ubbdmpj >> End >> 2020-09-18 11:55:22.311791

6op5o0td83o >> Start >> 2020-09-18 11:57:26.890824

6op5o0td83o >> Image Returned >> 2020-09-18 11:57:26.895004

6op5o0td83o >> End >> 2020-09-18 11:57:27.050817

zxrm7v5urz5 >> Start >> 2020-09-18 12:20:12.834830

zxrm7v5urz5 >> Image Returned >> 2020-09-18 12:20:12.840751

zxrm7v5urz5 >> End >> 2020-09-18 12:20:13.007267

p6y8hea7d2o >> Start >> 2020-09-18 12:22:48.514719

p6y8hea7d2o >> Image Returned >> 2020-09-18 12:22:48.517991

p6y8hea7d2o >> End >> 2020-09-18 12:22:48.672008

52e5pgguhm2 >> Start >> 2020-09-18 12:26:00.653625

52e5pgguhm2 >> Image Returned >> 2020-09-18 12:26:00.657267

52e5pgguhm2 >> End >> 2020-09-18 12:26:00.817279

vuge7mjzdwe >> Start >> 2020-09-18 12:30:38.408845

vuge7mjzdwe >> Image Returned >> 2020-09-18 12:30:38.412548

vuge7mjzdwe >> End >> 2020-09-18 12:30:38.573654

d2yg50rscxy >> Start >> 2020-09-18 12:39:33.860538

d2yg50rscxy >> Image Returned >> 2020-09-18 12:39:33.863854

d2yg50rscxy >> End >> 2020-09-18 12:39:34.032419

oyxyy0vif3m >> Start >> 2020-09-18 12:42:53.892368

oyxyy0vif3m >> Image Returned >> 2020-09-18 12:42:53.895828

oyxyy0vif3m >> End >> 2020-09-18 12:42:54.054841

pjxsm83iov5 >> Start >> 2020-09-18 12:43:27.659224

pjxsm83iov5 >> Image Returned >> 2020-09-18 12:43:27.662938

pjxsm83iov5 >> End >> 2020-09-18 12:43:27.851454

wghmn20qwg7 >> Start >> 2020-09-18 12:52:29.292591

wghmn20qwg7 >> Image Returned >> 2020-09-18 12:52:29.296166

wghmn20qwg7 >> End >> 2020-09-18 12:52:29.454715

6kmu800g2cu >> Start >> 2020-09-18 12:53:01.824155

6kmu800g2cu >> Image Returned >> 2020-09-18 12:53:01.827409

6kmu800g2cu >> End >> 2020-09-18 12:53:01.985331

i3ctio06y4w >> Start >> 2020-09-18 12:53:27.024040

i3ctio06y4w >> Image Returned >> 2020-09-18 12:53:27.027599

i3ctio06y4w >> End >> 2020-09-18 12:53:27.185493

i2nyp2dk3dq >> Start >> 2020-09-18 12:59:28.008734

i2nyp2dk3dq >> Image Returned >> 2020-09-18 12:59:28.013334

i2nyp2dk3dq >> End >> 2020-09-18 12:59:28.168427

rztxoqyv6kh >> Start >> 2020-09-18 13:23:25.679773

rztxoqyv6kh >> Image Returned >> 2020-09-18 13:23:25.680218

rztxoqyv6kh >> End >> 2020-09-18 13:23:25.832822

u04akyfqwwq >> Start >> 2020-09-18 13:38:44.011745

u04akyfqwwq >> Image Returned >> 2020-09-18 13:38:44.016319

u04akyfqwwq >> End >> 2020-09-18 13:38:44.182146

vynpna63jdy >> Start >> 2020-09-18 13:40:03.473788

vynpna63jdy >> Image Returned >> 2020-09-18 13:40:03.477128

vynpna63jdy >> End >> 2020-09-18 13:40:03.638040

epxpzaf23bb >> Start >> 2020-09-18 13:41:21.931173

epxpzaf23bb >> Image Returned >> 2020-09-18 13:41:21.935667

epxpzaf23bb >> End >> 2020-09-18 13:41:22.089860

swh6zs4jx8c >> Start >> 2020-09-18 13:43:06.195174

swh6zs4jx8c >> Image Returned >> 2020-09-18 13:43:06.198931

swh6zs4jx8c >> End >> 2020-09-18 13:43:06.368381

5bpamx0c0qd >> Start >> 2020-09-18 13:51:28.336720

5bpamx0c0qd >> Image Returned >> 2020-09-18 13:51:28.340162

5bpamx0c0qd >> End >> 2020-09-18 13:51:28.469851

d6srbw23nmf >> Start >> 2020-09-18 14:03:32.051239

d6srbw23nmf >> Image Returned >> 2020-09-18 14:03:32.055094

d6srbw23nmf >> End >> 2020-09-18 14:03:32.275028

zrgq7y536g7 >> Start >> 2020-09-18 14:05:03.931636

zrgq7y536g7 >> Image Returned >> 2020-09-18 14:05:03.935168

zrgq7y536g7 >> End >> 2020-09-18 14:05:04.097672

s2omp2emmfi >> Start >> 2020-09-18 14:11:50.582995

s2omp2emmfi >> Image Returned >> 2020-09-18 14:11:50.586811

s2omp2emmfi >> End >> 2020-09-18 14:11:50.761019

b6s4ew7khbc >> Start >> 2020-09-18 14:18:03.428811

b6s4ew7khbc >> Image Returned >> 2020-09-18 14:18:03.432069

b6s4ew7khbc >> End >> 2020-09-18 14:18:03.598786

5xx64zsfctp >> Start >> 2020-09-18 14:22:18.661036

5xx64zsfctp >> Image Returned >> 2020-09-18 14:22:18.664299

5xx64zsfctp >> End >> 2020-09-18 14:22:18.819772

faurxf0tg7g >> Start >> 2020-09-18 14:23:51.543338

faurxf0tg7g >> Image Returned >> 2020-09-18 14:23:51.547230

faurxf0tg7g >> End >> 2020-09-18 14:23:51.697603

a5oduw7koj8 >> Start >> 2020-09-18 14:30:32.539462

a5oduw7koj8 >> Image Returned >> 2020-09-18 14:30:32.543735

a5oduw7koj8 >> End >> 2020-09-18 14:30:32.706796

c0dfkmt5af5 >> Start >> 2020-09-18 14:31:11.792006

c0dfkmt5af5 >> Image Returned >> 2020-09-18 14:31:11.795277

c0dfkmt5af5 >> End >> 2020-09-18 14:31:11.953398

6zou6aeocd8 >> Start >> 2020-09-18 14:37:27.443372

6zou6aeocd8 >> Image Returned >> 2020-09-18 14:37:27.447782

6zou6aeocd8 >> End >> 2020-09-18 14:37:27.604727

whbi6itvhtt >> Start >> 2020-09-18 14:46:41.337404

whbi6itvhtt >> Image Returned >> 2020-09-18 14:46:41.341139

whbi6itvhtt >> End >> 2020-09-18 14:46:41.525770

7mtaf2cpiw6 >> Start >> 2020-09-18 14:46:48.269941

7mtaf2cpiw6 >> Image Returned >> 2020-09-18 14:46:48.270374

7mtaf2cpiw6 >> End >> 2020-09-18 14:46:48.457329

akxp566yep2 >> Start >> 2020-09-18 14:46:48.518615

akxp566yep2 >> Image Returned >> 2020-09-18 14:46:48.519007

akxp566yep2 >> End >> 2020-09-18 14:46:48.707417

tieogzv8giu >> Start >> 2020-09-18 14:50:17.319382

tieogzv8giu >> Image Returned >> 2020-09-18 14:50:17.323684

tieogzv8giu >> End >> 2020-09-18 14:50:17.482239

dezjswpnum0 >> Start >> 2020-09-18 15:00:21.943806

dezjswpnum0 >> Image Returned >> 2020-09-18 15:00:21.948038

dezjswpnum0 >> End >> 2020-09-18 15:00:22.112334

hp8enkmhvy6 >> Start >> 2020-09-18 15:02:02.860129

hp8enkmhvy6 >> Image Returned >> 2020-09-18 15:02:02.863445

hp8enkmhvy6 >> End >> 2020-09-18 15:02:03.028553

rixyoavynwk >> Start >> 2020-09-18 15:06:21.705498

rixyoavynwk >> Image Returned >> 2020-09-18 15:06:21.710563

rixyoavynwk >> End >> 2020-09-18 15:06:21.860337

xboxz7j7f2f >> Start >> 2020-09-18 15:10:24.415132

xboxz7j7f2f >> Image Returned >> 2020-09-18 15:10:24.418730

xboxz7j7f2f >> End >> 2020-09-18 15:10:24.572149

vu6t5ccg5ga >> Start >> 2020-09-18 15:17:03.764130

vu6t5ccg5ga >> Image Returned >> 2020-09-18 15:17:03.767313

vu6t5ccg5ga >> End >> 2020-09-18 15:17:03.937138

ahdcp4ohjmh >> Start >> 2020-09-18 15:17:13.014836

ahdcp4ohjmh >> Image Returned >> 2020-09-18 15:17:13.015146

ahdcp4ohjmh >> End >> 2020-09-18 15:17:13.171854

6f22ko28uqv >> Start >> 2020-09-18 15:20:59.491776

6f22ko28uqv >> Image Returned >> 2020-09-18 15:20:59.495162

6f22ko28uqv >> End >> 2020-09-18 15:20:59.662827

30p7yjn3ooq >> Start >> 2020-09-18 15:28:32.494607

30p7yjn3ooq >> Image Returned >> 2020-09-18 15:28:32.498995

30p7yjn3ooq >> End >> 2020-09-18 15:28:32.655926

2zm6j6jzc0k >> Start >> 2020-09-18 15:33:48.461776

2zm6j6jzc0k >> Image Returned >> 2020-09-18 15:33:48.465563

2zm6j6jzc0k >> End >> 2020-09-18 15:33:48.626490

cefjseft46y >> Start >> 2020-09-18 15:37:40.681843

cefjseft46y >> Image Returned >> 2020-09-18 15:37:40.686033

cefjseft46y >> End >> 2020-09-18 15:37:40.842041

04zg8qo6cnh >> Start >> 2020-09-18 15:47:02.079699

04zg8qo6cnh >> Image Returned >> 2020-09-18 15:47:02.084028

04zg8qo6cnh >> End >> 2020-09-18 15:47:02.241997

0xho3446y38 >> Start >> 2020-09-18 16:36:24.331161

0xho3446y38 >> Image Returned >> 2020-09-18 16:36:24.335469

0xho3446y38 >> End >> 2020-09-18 16:36:24.497097

ybdqwxuairh >> Start >> 2020-09-18 16:39:25.942651

ybdqwxuairh >> Image Returned >> 2020-09-18 16:39:25.947000

ybdqwxuairh >> End >> 2020-09-18 16:39:26.117034

j5sk8f582sh >> Start >> 2020-09-18 16:40:29.420751

j5sk8f582sh >> Image Returned >> 2020-09-18 16:40:29.424484

j5sk8f582sh >> End >> 2020-09-18 16:40:29.589344

054fwemf6gu >> Start >> 2020-09-18 16:46:22.548084

054fwemf6gu >> Image Returned >> 2020-09-18 16:46:22.551954

054fwemf6gu >> End >> 2020-09-18 16:46:22.707793

ppwq65je0xb >> Start >> 2020-09-18 16:46:36.232412

ppwq65je0xb >> Image Returned >> 2020-09-18 16:46:36.237409

ppwq65je0xb >> End >> 2020-09-18 16:46:36.397026

4khmzs8bh2c >> Start >> 2020-09-18 16:47:05.455195

4khmzs8bh2c >> Image Returned >> 2020-09-18 16:47:05.458544

4khmzs8bh2c >> End >> 2020-09-18 16:47:05.619038

n8x5rwzjvnj >> Start >> 2020-09-18 16:54:31.282105

n8x5rwzjvnj >> Image Returned >> 2020-09-18 16:54:31.286313

n8x5rwzjvnj >> End >> 2020-09-18 16:54:31.453496

hp6e0osy8bd >> Start >> 2020-09-18 16:54:41.153453

hp6e0osy8bd >> Image Returned >> 2020-09-18 16:54:41.153743

hp6e0osy8bd >> End >> 2020-09-18 16:54:41.322037

axejy0md6or >> Start >> 2020-09-18 17:03:31.564810

axejy0md6or >> Image Returned >> 2020-09-18 17:03:31.568831

axejy0md6or >> End >> 2020-09-18 17:03:31.733994

z2q0ifv025q >> Start >> 2020-09-18 17:03:47.589252

z2q0ifv025q >> Image Returned >> 2020-09-18 17:03:47.592617

z2q0ifv025q >> End >> 2020-09-18 17:03:47.756377

i3rnfppeqx8 >> Start >> 2020-09-18 17:06:51.698733

i3rnfppeqx8 >> Image Returned >> 2020-09-18 17:06:51.702176

i3rnfppeqx8 >> End >> 2020-09-18 17:06:51.862732

uq5uptbofft >> Start >> 2020-09-18 17:06:55.759175

uq5uptbofft >> Image Returned >> 2020-09-18 17:06:55.759489

uq5uptbofft >> End >> 2020-09-18 17:06:55.927346

36wtqz33ckm >> Start >> 2020-09-18 17:07:07.707734

36wtqz33ckm >> Image Returned >> 2020-09-18 17:07:07.711546

36wtqz33ckm >> End >> 2020-09-18 17:07:07.872819

khyk4qg80n4 >> Start >> 2020-09-18 17:07:07.990003

khyk4qg80n4 >> Image Returned >> 2020-09-18 17:07:07.990295

khyk4qg80n4 >> End >> 2020-09-18 17:07:08.154349

bfxue6wg87i >> Start >> 2020-09-18 17:10:30.870307

bfxue6wg87i >> Image Returned >> 2020-09-18 17:10:30.874696

bfxue6wg87i >> End >> 2020-09-18 17:10:31.038449

r4utnovexof >> Start >> 2020-09-18 17:11:51.248819

r4utnovexof >> Image Returned >> 2020-09-18 17:11:51.253573

r4utnovexof >> End >> 2020-09-18 17:11:51.426677

8q3e6qxz2j8 >> Start >> 2020-09-18 17:17:13.906409

8q3e6qxz2j8 >> Image Returned >> 2020-09-18 17:17:13.909759

8q3e6qxz2j8 >> End >> 2020-09-18 17:17:14.066004

a6y4f5e2f4p >> Start >> 2020-09-18 17:23:14.945235

a6y4f5e2f4p >> Image Returned >> 2020-09-18 17:23:14.948565

a6y4f5e2f4p >> End >> 2020-09-18 17:23:15.103041

q2nsemegoa0 >> Start >> 2020-09-18 17:32:03.058734

q2nsemegoa0 >> Image Returned >> 2020-09-18 17:32:03.062515

q2nsemegoa0 >> End >> 2020-09-18 17:32:03.216825

5m8oqmghxbz >> Start >> 2020-09-18 17:32:03.523408

5m8oqmghxbz >> Image Returned >> 2020-09-18 17:32:03.523730

5m8oqmghxbz >> End >> 2020-09-18 17:32:03.678447

a80jaro4tmg >> Start >> 2020-09-18 17:38:26.678397

a80jaro4tmg >> Image Returned >> 2020-09-18 17:38:26.683533

a80jaro4tmg >> End >> 2020-09-18 17:38:26.838201

p4tcxx6jbrs >> Start >> 2020-09-18 17:41:25.780224

p4tcxx6jbrs >> Image Returned >> 2020-09-18 17:41:25.784178

p4tcxx6jbrs >> End >> 2020-09-18 17:41:25.955552

ssw68dipvfh >> Start >> 2020-09-18 17:53:53.045008

ssw68dipvfh >> Image Returned >> 2020-09-18 17:53:53.049129

ssw68dipvfh >> End >> 2020-09-18 17:53:53.208466

gcc2j0skwz0 >> Start >> 2020-09-18 17:57:03.175035

gcc2j0skwz0 >> Image Returned >> 2020-09-18 17:57:03.178361

gcc2j0skwz0 >> End >> 2020-09-18 17:57:03.338525

3veiwxp4k3i >> Start >> 2020-09-18 17:57:27.724622

3veiwxp4k3i >> Image Returned >> 2020-09-18 17:57:27.728513

3veiwxp4k3i >> End >> 2020-09-18 17:57:27.895267

cgrzazzfvak >> Start >> 2020-09-18 17:58:07.161909

cgrzazzfvak >> Image Returned >> 2020-09-18 17:58:07.165517

cgrzazzfvak >> End >> 2020-09-18 17:58:07.333520

0nwyse7azbd >> Start >> 2020-09-18 18:01:13.635396

0nwyse7azbd >> Image Returned >> 2020-09-18 18:01:13.638818

0nwyse7azbd >> End >> 2020-09-18 18:01:13.802099

ept0gmykdfc >> Start >> 2020-09-18 18:03:48.049068

ept0gmykdfc >> Image Returned >> 2020-09-18 18:03:48.054533

ept0gmykdfc >> End >> 2020-09-18 18:03:48.217256

ga2bnoo3mpi >> Start >> 2020-09-18 18:08:31.228427

ga2bnoo3mpi >> Image Returned >> 2020-09-18 18:08:31.232745

ga2bnoo3mpi >> End >> 2020-09-18 18:08:31.396265

o2x7bgxp7jc >> Start >> 2020-09-18 18:33:57.205986

o2x7bgxp7jc >> Image Returned >> 2020-09-18 18:33:57.209439

o2x7bgxp7jc >> End >> 2020-09-18 18:33:57.362397

4nruf643w7i >> Start >> 2020-09-18 18:36:45.110183

4nruf643w7i >> Image Returned >> 2020-09-18 18:36:45.114197

4nruf643w7i >> End >> 2020-09-18 18:36:45.269723

u5c72c57bhr >> Start >> 2020-09-18 18:51:11.050671

u5c72c57bhr >> Image Returned >> 2020-09-18 18:51:11.054167

u5c72c57bhr >> End >> 2020-09-18 18:51:11.222943

d6huqwoeco8 >> Start >> 2020-09-18 19:05:12.276041

d6huqwoeco8 >> Image Returned >> 2020-09-18 19:05:12.281400

d6huqwoeco8 >> End >> 2020-09-18 19:05:12.434650

7nc3witehk3 >> Start >> 2020-09-18 19:07:32.196543

7nc3witehk3 >> Image Returned >> 2020-09-18 19:07:32.201673

7nc3witehk3 >> End >> 2020-09-18 19:07:32.329775

xj4in5nbsvg >> Start >> 2020-09-18 19:11:15.432300

xj4in5nbsvg >> Image Returned >> 2020-09-18 19:11:15.436470

xj4in5nbsvg >> End >> 2020-09-18 19:11:15.596276

tibig7xveis >> Start >> 2020-09-18 19:23:20.158860

tibig7xveis >> Image Returned >> 2020-09-18 19:23:20.162324

tibig7xveis >> End >> 2020-09-18 19:23:20.320384

8ra3o2rg7jj >> Start >> 2020-09-18 19:23:34.839842

8ra3o2rg7jj >> Image Returned >> 2020-09-18 19:23:34.844197

8ra3o2rg7jj >> End >> 2020-09-18 19:23:34.999250

two4tpdo7f0 >> Start >> 2020-09-18 19:24:03.197616

two4tpdo7f0 >> Image Returned >> 2020-09-18 19:24:03.201277

two4tpdo7f0 >> End >> 2020-09-18 19:24:03.364396

wht27m8mgtt >> Start >> 2020-09-18 19:26:43.257092

wht27m8mgtt >> Image Returned >> 2020-09-18 19:26:43.261826

wht27m8mgtt >> End >> 2020-09-18 19:26:43.417802

x40qhwbocw6 >> Start >> 2020-09-18 19:28:11.739932

x40qhwbocw6 >> Image Returned >> 2020-09-18 19:28:11.743982

x40qhwbocw6 >> End >> 2020-09-18 19:28:11.908198

w54x2ckistk >> Start >> 2020-09-18 19:29:00.932065

w54x2ckistk >> Image Returned >> 2020-09-18 19:29:00.936177

w54x2ckistk >> End >> 2020-09-18 19:29:01.096389

x4ngozrxfxw >> Start >> 2020-09-18 19:33:49.452565

x4ngozrxfxw >> Image Returned >> 2020-09-18 19:33:49.456634

x4ngozrxfxw >> End >> 2020-09-18 19:33:49.609585

m73b48awg4u >> Start >> 2020-09-18 19:39:23.103981

m73b48awg4u >> Image Returned >> 2020-09-18 19:39:23.107491

m73b48awg4u >> End >> 2020-09-18 19:39:23.286756

fpacjdcbuzo >> Start >> 2020-09-18 19:41:12.341856

fpacjdcbuzo >> Image Returned >> 2020-09-18 19:41:12.345942

fpacjdcbuzo >> End >> 2020-09-18 19:41:12.509111

irqg4q20i4a >> Start >> 2020-09-18 19:43:39.175479

irqg4q20i4a >> Image Returned >> 2020-09-18 19:43:39.180747

irqg4q20i4a >> End >> 2020-09-18 19:43:39.359318

j5gtwv4656h >> Start >> 2020-09-18 19:44:55.453958

j5gtwv4656h >> Image Returned >> 2020-09-18 19:44:55.457987

j5gtwv4656h >> End >> 2020-09-18 19:44:55.602132

6nsfeor52jr >> Start >> 2020-09-18 19:51:59.652087

6nsfeor52jr >> Image Returned >> 2020-09-18 19:51:59.656943

6nsfeor52jr >> End >> 2020-09-18 19:51:59.811017

kp6ofpd6gns >> Start >> 2020-09-18 19:54:17.650892

kp6ofpd6gns >> Image Returned >> 2020-09-18 19:54:17.655249

kp6ofpd6gns >> End >> 2020-09-18 19:54:17.825066

koxxcta0b5u >> Start >> 2020-09-18 20:03:28.391252

koxxcta0b5u >> Image Returned >> 2020-09-18 20:03:28.394856

koxxcta0b5u >> End >> 2020-09-18 20:03:28.551402

jh0iekfcjks >> Start >> 2020-09-18 20:03:35.817257

jh0iekfcjks >> Image Returned >> 2020-09-18 20:03:35.817567

jh0iekfcjks >> End >> 2020-09-18 20:03:35.977066

uzms3ur7ncu >> Start >> 2020-09-18 20:04:50.354150

uzms3ur7ncu >> Image Returned >> 2020-09-18 20:04:50.358227

uzms3ur7ncu >> End >> 2020-09-18 20:04:50.514260

kq73aqcw7yx >> Start >> 2020-09-18 20:05:36.487202

kq73aqcw7yx >> Image Returned >> 2020-09-18 20:05:36.491180

kq73aqcw7yx >> End >> 2020-09-18 20:05:36.649988

jyfobrg3se2 >> Start >> 2020-09-18 20:07:38.416764

jyfobrg3se2 >> Image Returned >> 2020-09-18 20:07:38.420862

jyfobrg3se2 >> End >> 2020-09-18 20:07:38.546832

usmgr82fpta >> Start >> 2020-09-18 20:08:07.962115

usmgr82fpta >> Image Returned >> 2020-09-18 20:08:07.967001

usmgr82fpta >> End >> 2020-09-18 20:08:08.148935

eui6a2qsai3 >> Start >> 2020-09-18 20:08:10.173041

eui6a2qsai3 >> Image Returned >> 2020-09-18 20:08:10.173336

eui6a2qsai3 >> End >> 2020-09-18 20:08:10.328419

fwp53238wpo >> Start >> 2020-09-18 20:13:09.789036

fwp53238wpo >> Image Returned >> 2020-09-18 20:13:09.792573

fwp53238wpo >> End >> 2020-09-18 20:13:09.946959

k62vduftzpq >> Start >> 2020-09-18 20:47:07.897466

k62vduftzpq >> Image Returned >> 2020-09-18 20:47:07.902004

k62vduftzpq >> End >> 2020-09-18 20:47:08.032736

m4ynetic528 >> Start >> 2020-09-18 20:56:00.573739

m4ynetic528 >> Image Returned >> 2020-09-18 20:56:00.578938

m4ynetic528 >> End >> 2020-09-18 20:56:00.735539

8vzfnvxy084 >> Start >> 2020-09-18 21:11:41.975306

8vzfnvxy084 >> Image Returned >> 2020-09-18 21:11:41.979866

8vzfnvxy084 >> End >> 2020-09-18 21:11:42.138139

qruufpaaap8 >> Start >> 2020-09-18 21:12:00.523526

qruufpaaap8 >> Image Returned >> 2020-09-18 21:12:00.527029

qruufpaaap8 >> End >> 2020-09-18 21:12:00.683712

xdrg3dcv7o4 >> Start >> 2020-09-18 21:23:18.461662

xdrg3dcv7o4 >> Image Returned >> 2020-09-18 21:23:18.465832

xdrg3dcv7o4 >> End >> 2020-09-18 21:23:18.626043

8skei8usicq >> Start >> 2020-09-18 21:26:24.168364

8skei8usicq >> Image Returned >> 2020-09-18 21:26:24.172641

8skei8usicq >> End >> 2020-09-18 21:26:24.336102

uu72pkbghy3 >> Start >> 2020-09-18 21:31:52.111294

uu72pkbghy3 >> Image Returned >> 2020-09-18 21:31:52.115341

uu72pkbghy3 >> End >> 2020-09-18 21:31:52.275665

gejyfntrqr0 >> Start >> 2020-09-18 21:35:09.550221

gejyfntrqr0 >> Image Returned >> 2020-09-18 21:35:09.554279

gejyfntrqr0 >> End >> 2020-09-18 21:35:09.712501

vtd4isvtp82 >> Start >> 2020-09-18 21:37:01.794198

vtd4isvtp82 >> Image Returned >> 2020-09-18 21:37:01.798557

vtd4isvtp82 >> End >> 2020-09-18 21:37:01.958527

u0runrdv7jm >> Start >> 2020-09-18 21:42:23.950570

u0runrdv7jm >> Image Returned >> 2020-09-18 21:42:23.955286

u0runrdv7jm >> End >> 2020-09-18 21:42:24.106205

4fk3hdpxb5w >> Start >> 2020-09-18 21:48:34.396893

4fk3hdpxb5w >> Image Returned >> 2020-09-18 21:48:34.402631

4fk3hdpxb5w >> End >> 2020-09-18 21:48:34.576184

t27mdezuqrt >> Start >> 2020-09-18 21:48:37.875370

t27mdezuqrt >> Image Returned >> 2020-09-18 21:48:37.875665

t27mdezuqrt >> End >> 2020-09-18 21:48:38.034080

3cmi2f76v04 >> Start >> 2020-09-18 21:48:45.346232

3cmi2f76v04 >> Image Returned >> 2020-09-18 21:48:45.346581

3cmi2f76v04 >> End >> 2020-09-18 21:48:45.502384

8chjhnrma3b >> Start >> 2020-09-18 21:54:59.459508

8chjhnrma3b >> Image Returned >> 2020-09-18 21:54:59.464586

8chjhnrma3b >> End >> 2020-09-18 21:54:59.624962

32kdmp5ehmj >> Start >> 2020-09-18 21:57:56.145498

32kdmp5ehmj >> Image Returned >> 2020-09-18 21:57:56.151141

32kdmp5ehmj >> End >> 2020-09-18 21:57:56.308478

5u4vepe6n36 >> Start >> 2020-09-18 22:03:06.877089

5u4vepe6n36 >> Image Returned >> 2020-09-18 22:03:06.881159

5u4vepe6n36 >> End >> 2020-09-18 22:03:07.048439

riyamhefhda >> Start >> 2020-09-18 22:22:42.035717

riyamhefhda >> Image Returned >> 2020-09-18 22:22:42.040219

riyamhefhda >> End >> 2020-09-18 22:22:42.227552

i45xphbwki5 >> Start >> 2020-09-18 22:34:30.240216

i45xphbwki5 >> Image Returned >> 2020-09-18 22:34:30.243941

i45xphbwki5 >> End >> 2020-09-18 22:34:30.402103

4oxdab886yi >> Start >> 2020-09-18 22:37:40.655056

4oxdab886yi >> Image Returned >> 2020-09-18 22:37:40.661048

4oxdab886yi >> End >> 2020-09-18 22:37:40.824826

iwjmdf7pfxu >> Start >> 2020-09-18 22:38:08.862216

iwjmdf7pfxu >> Image Returned >> 2020-09-18 22:38:08.865931

iwjmdf7pfxu >> End >> 2020-09-18 22:38:09.020606

0dyngzba3ot >> Start >> 2020-09-18 22:38:21.517822

0dyngzba3ot >> Image Returned >> 2020-09-18 22:38:21.522962

0dyngzba3ot >> End >> 2020-09-18 22:38:21.715915

cigi2hjwm2n >> Start >> 2020-09-18 22:38:35.773582

cigi2hjwm2n >> Image Returned >> 2020-09-18 22:38:35.777611

cigi2hjwm2n >> End >> 2020-09-18 22:38:35.935924

cc34kcq3585 >> Start >> 2020-09-18 22:40:18.491307

cc34kcq3585 >> Image Returned >> 2020-09-18 22:40:18.495558

cc34kcq3585 >> End >> 2020-09-18 22:40:18.655582

zbznwezxu7h >> Start >> 2020-09-18 22:45:50.156708

zbznwezxu7h >> Image Returned >> 2020-09-18 22:45:50.162448

zbznwezxu7h >> End >> 2020-09-18 22:45:50.321135

qur77oz2hif >> Start >> 2020-09-18 22:50:35.059432

qur77oz2hif >> Image Returned >> 2020-09-18 22:50:35.065013

qur77oz2hif >> End >> 2020-09-18 22:50:35.219232

66icv2b6grh >> Start >> 2020-09-18 22:52:13.476592

66icv2b6grh >> Image Returned >> 2020-09-18 22:52:13.482297

66icv2b6grh >> End >> 2020-09-18 22:52:13.641302

o8qn0u4s76j >> Start >> 2020-09-18 22:58:35.020375

o8qn0u4s76j >> Image Returned >> 2020-09-18 22:58:35.025269

o8qn0u4s76j >> End >> 2020-09-18 22:58:35.187479

8qg6x4b8ttn >> Start >> 2020-09-18 22:59:12.174256

8qg6x4b8ttn >> Image Returned >> 2020-09-18 22:59:12.177774

8qg6x4b8ttn >> End >> 2020-09-18 22:59:12.357938

wtas082z7ik >> Start >> 2020-09-18 23:03:12.139244

wtas082z7ik >> Image Returned >> 2020-09-18 23:03:12.143596

wtas082z7ik >> End >> 2020-09-18 23:03:12.270775

x6d4p6xwpha >> Start >> 2020-09-18 23:06:46.740226

x6d4p6xwpha >> Image Returned >> 2020-09-18 23:06:46.743813

x6d4p6xwpha >> End >> 2020-09-18 23:06:46.898034

ytxbq6nk48k >> Start >> 2020-09-18 23:16:18.156631

ytxbq6nk48k >> Image Returned >> 2020-09-18 23:16:18.160322

ytxbq6nk48k >> End >> 2020-09-18 23:16:18.316153

042mqg2dq4d >> Start >> 2020-09-18 23:30:29.344398

042mqg2dq4d >> Image Returned >> 2020-09-18 23:30:29.349061

042mqg2dq4d >> End >> 2020-09-18 23:30:29.528490

5towokvbfa8 >> Start >> 2020-09-18 23:42:26.004281

5towokvbfa8 >> Image Returned >> 2020-09-18 23:42:26.008702

5towokvbfa8 >> End >> 2020-09-18 23:42:26.184212

pqh3y5mhfqs >> Start >> 2020-09-18 23:43:53.371095

pqh3y5mhfqs >> Image Returned >> 2020-09-18 23:43:53.375868

pqh3y5mhfqs >> End >> 2020-09-18 23:43:53.538739

vxhgkocf3cp >> Start >> 2020-09-18 23:45:00.729399

vxhgkocf3cp >> Image Returned >> 2020-09-18 23:45:00.734203

vxhgkocf3cp >> End >> 2020-09-18 23:45:00.888159

vzbwwqnc3u2 >> Start >> 2020-09-18 23:45:07.139334

vzbwwqnc3u2 >> Image Returned >> 2020-09-18 23:45:07.139621

vzbwwqnc3u2 >> End >> 2020-09-18 23:45:07.315282

hfnyij6j0kr >> Start >> 2020-09-18 23:45:21.026766

hfnyij6j0kr >> Image Returned >> 2020-09-18 23:45:21.030365

hfnyij6j0kr >> End >> 2020-09-18 23:45:21.206783

f30yh6xydf8 >> Start >> 2020-09-18 23:49:59.422840

f30yh6xydf8 >> Image Returned >> 2020-09-18 23:49:59.428488

f30yh6xydf8 >> End >> 2020-09-18 23:49:59.590528

hra5gqcdydg >> Start >> 2020-09-18 23:51:59.121203

hra5gqcdydg >> Image Returned >> 2020-09-18 23:51:59.125222

hra5gqcdydg >> End >> 2020-09-18 23:51:59.293664

