naf6fderfkb >> Start >> 2020-06-10 00:06:12.183792

naf6fderfkb >> Image Returned >> 2020-06-10 00:06:12.186855

naf6fderfkb >> End >> 2020-06-10 00:06:12.197470

ra3pj4u55w4 >> Start >> 2020-06-10 01:31:25.345117

ra3pj4u55w4 >> Image Returned >> 2020-06-10 01:31:25.349158

ra3pj4u55w4 >> End >> 2020-06-10 01:31:25.359982

0v8tfujbkqg >> Start >> 2020-06-10 02:58:45.044776

0v8tfujbkqg >> Image Returned >> 2020-06-10 02:58:45.048388

0v8tfujbkqg >> End >> 2020-06-10 02:58:45.063405

i6w3yfm65v2 >> Start >> 2020-06-10 07:29:50.479731

i6w3yfm65v2 >> Image Returned >> 2020-06-10 07:29:50.482734

i6w3yfm65v2 >> End >> 2020-06-10 07:29:50.494046

jagy4w4z8jr >> Start >> 2020-06-10 08:20:07.541656

jagy4w4z8jr >> Image Returned >> 2020-06-10 08:20:07.544780

jagy4w4z8jr >> End >> 2020-06-10 08:20:07.556835

sdq8tzwrb7d >> Start >> 2020-06-10 09:01:52.712591

sdq8tzwrb7d >> Image Returned >> 2020-06-10 09:01:52.715337

sdq8tzwrb7d >> End >> 2020-06-10 09:01:52.725953

jcrofs03xvz >> Start >> 2020-06-10 10:47:39.490219

jcrofs03xvz >> Image Returned >> 2020-06-10 10:47:39.493278

jcrofs03xvz >> End >> 2020-06-10 10:47:39.509962

7867i8gnrj5 >> Start >> 2020-06-10 10:55:08.001312

7867i8gnrj5 >> Image Returned >> 2020-06-10 10:55:08.004015

7867i8gnrj5 >> End >> 2020-06-10 10:55:08.014492

0ecygf35ue6 >> Start >> 2020-06-10 11:05:12.365839

0ecygf35ue6 >> Image Returned >> 2020-06-10 11:05:12.370237

0ecygf35ue6 >> End >> 2020-06-10 11:05:12.414642

2r0b7g3kf8u >> Start >> 2020-06-10 12:56:51.424946

2r0b7g3kf8u >> Image Returned >> 2020-06-10 12:56:51.429318

2r0b7g3kf8u >> End >> 2020-06-10 12:56:51.440237

qi36yg5zo76 >> Start >> 2020-06-10 13:08:31.369751

qi36yg5zo76 >> Image Returned >> 2020-06-10 13:08:31.373048

qi36yg5zo76 >> End >> 2020-06-10 13:08:31.384846

8ch4tn2gp4j >> Start >> 2020-06-10 13:32:41.950294

8ch4tn2gp4j >> Image Returned >> 2020-06-10 13:32:41.953357

8ch4tn2gp4j >> End >> 2020-06-10 13:32:41.964313

253fgnhjidn >> Start >> 2020-06-10 13:36:14.305005

253fgnhjidn >> Image Returned >> 2020-06-10 13:36:14.308168

253fgnhjidn >> End >> 2020-06-10 13:36:14.320336

kd05ar5zijv >> Start >> 2020-06-10 14:53:33.522557

kd05ar5zijv >> Image Returned >> 2020-06-10 14:53:33.528366

kd05ar5zijv >> End >> 2020-06-10 14:53:33.542577

akhhrmsdhav >> Start >> 2020-06-10 16:34:45.384450

akhhrmsdhav >> Image Returned >> 2020-06-10 16:34:45.387453

akhhrmsdhav >> End >> 2020-06-10 16:34:45.399280

5yg3ag3rdmr >> Start >> 2020-06-10 16:36:05.479202

5yg3ag3rdmr >> Image Returned >> 2020-06-10 16:36:05.482079

5yg3ag3rdmr >> End >> 2020-06-10 16:36:05.493119

kwe45vvumkp >> Start >> 2020-06-10 17:00:11.235726

kwe45vvumkp >> Image Returned >> 2020-06-10 17:00:11.238660

kwe45vvumkp >> End >> 2020-06-10 17:00:11.249785

2eam6jomx5s >> Start >> 2020-06-10 17:46:00.234813

2eam6jomx5s >> Image Returned >> 2020-06-10 17:46:00.238548

2eam6jomx5s >> End >> 2020-06-10 17:46:00.250123

6bmsngunhcm >> Start >> 2020-06-10 18:34:29.191785

6bmsngunhcm >> Image Returned >> 2020-06-10 18:34:29.195724

6bmsngunhcm >> End >> 2020-06-10 18:34:29.207308

woqcb5z6e2n >> Start >> 2020-06-10 19:37:16.011509

woqcb5z6e2n >> Image Returned >> 2020-06-10 19:37:16.015261

woqcb5z6e2n >> End >> 2020-06-10 19:37:16.026527

0ddsz7twvtm >> Start >> 2020-06-10 19:49:46.132952

0ddsz7twvtm >> Image Returned >> 2020-06-10 19:49:46.136069

0ddsz7twvtm >> End >> 2020-06-10 19:49:46.147541

tq7aixcxsso >> Start >> 2020-06-10 19:55:31.511540

tq7aixcxsso >> Image Returned >> 2020-06-10 19:55:31.516185

tq7aixcxsso >> End >> 2020-06-10 19:55:31.527153

8s58v22u46r >> Start >> 2020-06-10 21:15:50.600218

8s58v22u46r >> Image Returned >> 2020-06-10 21:15:50.604298

8s58v22u46r >> End >> 2020-06-10 21:15:50.619010

tajs8u6oggw >> Start >> 2020-06-10 21:44:02.301678

tajs8u6oggw >> Image Returned >> 2020-06-10 21:44:02.305335

tajs8u6oggw >> End >> 2020-06-10 21:44:02.318140

ebbtou8jzu3 >> Start >> 2020-06-10 22:28:19.755614

ebbtou8jzu3 >> Image Returned >> 2020-06-10 22:28:19.759413

ebbtou8jzu3 >> End >> 2020-06-10 22:28:19.771642

k0o77o35duc >> Start >> 2020-06-10 23:41:09.666984

k0o77o35duc >> Image Returned >> 2020-06-10 23:41:09.671529

k0o77o35duc >> End >> 2020-06-10 23:41:09.682195

