72tcjxabq3i >> Start >> 2020-11-07 00:01:57.664088

72tcjxabq3i >> Image Returned >> 2020-11-07 00:01:57.668303

72tcjxabq3i >> End >> 2020-11-07 00:01:57.901107

s4m6picnety >> Start >> 2020-11-07 00:16:30.254390

s4m6picnety >> Image Returned >> 2020-11-07 00:16:30.259041

s4m6picnety >> End >> 2020-11-07 00:16:30.460845

3khi0tnyi0a >> Start >> 2020-11-07 00:17:50.426938

3khi0tnyi0a >> Image Returned >> 2020-11-07 00:17:50.430162

3khi0tnyi0a >> End >> 2020-11-07 00:17:50.614433

c2dpz7kds3o >> Start >> 2020-11-07 00:26:52.070705

c2dpz7kds3o >> Image Returned >> 2020-11-07 00:26:52.073954

c2dpz7kds3o >> End >> 2020-11-07 00:26:52.305377

3jd5a3shcw6 >> Start >> 2020-11-07 00:52:37.320804

3jd5a3shcw6 >> Image Returned >> 2020-11-07 00:52:37.325346

3jd5a3shcw6 >> End >> 2020-11-07 00:52:37.511594

giawevxg4nf >> Start >> 2020-11-07 00:58:53.271075

giawevxg4nf >> Image Returned >> 2020-11-07 00:58:53.276041

giawevxg4nf >> End >> 2020-11-07 00:58:53.466202

8oo8y5akngc >> Start >> 2020-11-07 01:12:43.176903

8oo8y5akngc >> Image Returned >> 2020-11-07 01:12:43.181030

8oo8y5akngc >> End >> 2020-11-07 01:12:43.366085

ezappvm0nnc >> Start >> 2020-11-07 01:15:00.132565

ezappvm0nnc >> Image Returned >> 2020-11-07 01:15:00.135685

ezappvm0nnc >> End >> 2020-11-07 01:15:00.317405

bs8eazb2pov >> Start >> 2020-11-07 01:31:46.068413

bs8eazb2pov >> Image Returned >> 2020-11-07 01:31:46.072375

bs8eazb2pov >> End >> 2020-11-07 01:31:46.257715

jvcz27myda6 >> Start >> 2020-11-07 01:34:46.254812

jvcz27myda6 >> Image Returned >> 2020-11-07 01:34:46.258120

jvcz27myda6 >> End >> 2020-11-07 01:34:46.437616

av4ux5dsax6 >> Start >> 2020-11-07 02:17:49.062959

av4ux5dsax6 >> Image Returned >> 2020-11-07 02:17:49.066817

av4ux5dsax6 >> End >> 2020-11-07 02:17:49.263979

4n3ttuemjev >> Start >> 2020-11-07 02:17:59.639130

4n3ttuemjev >> Image Returned >> 2020-11-07 02:17:59.639416

4n3ttuemjev >> End >> 2020-11-07 02:17:59.831192

vic5qa7myd8 >> Start >> 2020-11-07 02:17:59.887777

vic5qa7myd8 >> Image Returned >> 2020-11-07 02:17:59.888140

vic5qa7myd8 >> End >> 2020-11-07 02:18:00.090507

smjsfjb00f4 >> Start >> 2020-11-07 02:35:29.645226

smjsfjb00f4 >> Image Returned >> 2020-11-07 02:35:29.648943

smjsfjb00f4 >> End >> 2020-11-07 02:35:29.829757

dvrb5r8ovmp >> Start >> 2020-11-07 02:55:03.387346

dvrb5r8ovmp >> Image Returned >> 2020-11-07 02:55:03.390621

dvrb5r8ovmp >> End >> 2020-11-07 02:55:03.571229

0trrpbtdhns >> Start >> 2020-11-07 03:39:54.781678

0trrpbtdhns >> Image Returned >> 2020-11-07 03:39:54.785490

0trrpbtdhns >> End >> 2020-11-07 03:39:54.971949

2fmid54gtaz >> Start >> 2020-11-07 04:28:04.798827

2fmid54gtaz >> Image Returned >> 2020-11-07 04:28:04.816230

2fmid54gtaz >> End >> 2020-11-07 04:28:05.105323

jcwp8m7ynha >> Start >> 2020-11-07 04:56:48.116383

jcwp8m7ynha >> Image Returned >> 2020-11-07 04:56:48.120280

jcwp8m7ynha >> End >> 2020-11-07 04:56:48.307281

hfcjxd4jgfx >> Start >> 2020-11-07 05:29:48.910140

hfcjxd4jgfx >> Image Returned >> 2020-11-07 05:29:48.913701

hfcjxd4jgfx >> End >> 2020-11-07 05:29:49.182954

7cgoa0z2ftp >> Start >> 2020-11-07 05:33:18.420027

7cgoa0z2ftp >> Image Returned >> 2020-11-07 05:33:18.423296

7cgoa0z2ftp >> End >> 2020-11-07 05:33:18.603907

k583en5kg06 >> Start >> 2020-11-07 05:36:44.486115

k583en5kg06 >> Image Returned >> 2020-11-07 05:36:44.490524

k583en5kg06 >> End >> 2020-11-07 05:36:44.669729

f0hmxzhzh47 >> Start >> 2020-11-07 05:40:58.869945

f0hmxzhzh47 >> Image Returned >> 2020-11-07 05:40:58.875719

f0hmxzhzh47 >> End >> 2020-11-07 05:40:59.005244

y0fma8nnrrm >> Start >> 2020-11-07 05:46:17.687268

y0fma8nnrrm >> Image Returned >> 2020-11-07 05:46:17.690331

y0fma8nnrrm >> End >> 2020-11-07 05:46:17.912022

3xbzk32vutm >> Start >> 2020-11-07 05:55:31.194461

3xbzk32vutm >> Image Returned >> 2020-11-07 05:55:31.198960

3xbzk32vutm >> End >> 2020-11-07 05:55:31.383101

3pmsrnjfmtv >> Start >> 2020-11-07 06:04:20.746799

3pmsrnjfmtv >> Image Returned >> 2020-11-07 06:04:20.750190

3pmsrnjfmtv >> End >> 2020-11-07 06:04:20.928420

o0npxbzjody >> Start >> 2020-11-07 06:08:04.555515

o0npxbzjody >> Image Returned >> 2020-11-07 06:08:04.559062

o0npxbzjody >> End >> 2020-11-07 06:08:04.742355

ccn8nc4a6d0 >> Start >> 2020-11-07 06:17:58.018274

ccn8nc4a6d0 >> Image Returned >> 2020-11-07 06:17:58.021862

ccn8nc4a6d0 >> End >> 2020-11-07 06:17:58.255738

auz8v74atkn >> Start >> 2020-11-07 06:59:48.160392

auz8v74atkn >> Image Returned >> 2020-11-07 06:59:48.164181

auz8v74atkn >> End >> 2020-11-07 06:59:48.355257

c7cupcnjuvz >> Start >> 2020-11-07 07:14:13.343537

c7cupcnjuvz >> Image Returned >> 2020-11-07 07:14:13.346640

c7cupcnjuvz >> End >> 2020-11-07 07:14:13.533133

hhpn7v03gqe >> Start >> 2020-11-07 07:15:43.207832

hhpn7v03gqe >> Image Returned >> 2020-11-07 07:15:43.211579

hhpn7v03gqe >> End >> 2020-11-07 07:15:43.391781

qrq7uihvpwj >> Start >> 2020-11-07 07:26:38.621107

qrq7uihvpwj >> Image Returned >> 2020-11-07 07:26:38.624620

qrq7uihvpwj >> End >> 2020-11-07 07:26:38.805188

mduvrhrstbt >> Start >> 2020-11-07 07:36:23.633187

mduvrhrstbt >> Image Returned >> 2020-11-07 07:36:23.637056

mduvrhrstbt >> End >> 2020-11-07 07:36:23.821510

bhw60btcosi >> Start >> 2020-11-07 07:48:24.677022

bhw60btcosi >> Image Returned >> 2020-11-07 07:48:24.682620

bhw60btcosi >> End >> 2020-11-07 07:48:24.861772

8p5mp20sidd >> Start >> 2020-11-07 07:53:31.159934

8p5mp20sidd >> Image Returned >> 2020-11-07 07:53:31.164597

8p5mp20sidd >> End >> 2020-11-07 07:53:31.537336

veqphjinxs2 >> Start >> 2020-11-07 07:53:45.268805

veqphjinxs2 >> Image Returned >> 2020-11-07 07:53:45.271892

veqphjinxs2 >> End >> 2020-11-07 07:53:45.644612

vijx4pismn2 >> Start >> 2020-11-07 07:53:46.029597

vijx4pismn2 >> Image Returned >> 2020-11-07 07:53:46.029930

vijx4pismn2 >> End >> 2020-11-07 07:53:46.401889

w7dxx8w5scm >> Start >> 2020-11-07 07:55:01.435306

w7dxx8w5scm >> Image Returned >> 2020-11-07 07:55:01.438687

w7dxx8w5scm >> End >> 2020-11-07 07:55:01.627796

ck8mjhm5ev3 >> Start >> 2020-11-07 08:02:18.217797

ck8mjhm5ev3 >> Image Returned >> 2020-11-07 08:02:18.222001

ck8mjhm5ev3 >> End >> 2020-11-07 08:02:18.454555

adw50zvx38j >> Start >> 2020-11-07 08:22:05.550852

adw50zvx38j >> Image Returned >> 2020-11-07 08:22:05.554703

adw50zvx38j >> End >> 2020-11-07 08:22:05.735163

sq0zzy882za >> Start >> 2020-11-07 08:26:38.528819

sq0zzy882za >> Image Returned >> 2020-11-07 08:26:38.532196

sq0zzy882za >> End >> 2020-11-07 08:26:38.712568

vozxzgevwr0 >> Start >> 2020-11-07 08:29:34.424247

vozxzgevwr0 >> Image Returned >> 2020-11-07 08:29:34.427681

vozxzgevwr0 >> End >> 2020-11-07 08:29:34.623910

zgxyp5px3sp >> Start >> 2020-11-07 08:29:49.560976

zgxyp5px3sp >> Image Returned >> 2020-11-07 08:29:49.564084

zgxyp5px3sp >> End >> 2020-11-07 08:29:49.772224

5ayvhd5fjzx >> Start >> 2020-11-07 08:29:49.865019

5ayvhd5fjzx >> Image Returned >> 2020-11-07 08:29:49.865303

5ayvhd5fjzx >> End >> 2020-11-07 08:29:50.089441

moffaq4aoru >> Start >> 2020-11-07 08:32:28.515235

moffaq4aoru >> Image Returned >> 2020-11-07 08:32:28.518651

moffaq4aoru >> End >> 2020-11-07 08:32:28.696211

8iszzxbuv3z >> Start >> 2020-11-07 08:33:23.482075

8iszzxbuv3z >> Image Returned >> 2020-11-07 08:33:23.487272

8iszzxbuv3z >> End >> 2020-11-07 08:33:23.675606

j5hoodax4an >> Start >> 2020-11-07 08:41:08.583884

j5hoodax4an >> Image Returned >> 2020-11-07 08:41:08.587014

j5hoodax4an >> End >> 2020-11-07 08:41:08.768268

3vssucwwxj5 >> Start >> 2020-11-07 08:42:55.860135

3vssucwwxj5 >> Image Returned >> 2020-11-07 08:42:55.863827

3vssucwwxj5 >> End >> 2020-11-07 08:42:56.050962

jxfzo23k52b >> Start >> 2020-11-07 08:43:16.169222

jxfzo23k52b >> Image Returned >> 2020-11-07 08:43:16.172271

jxfzo23k52b >> End >> 2020-11-07 08:43:16.404558

hihqcmitw2j >> Start >> 2020-11-07 08:46:03.682420

hihqcmitw2j >> Image Returned >> 2020-11-07 08:46:03.685415

hihqcmitw2j >> End >> 2020-11-07 08:46:03.868949

n5r6cavj7wi >> Start >> 2020-11-07 08:55:03.739609

n5r6cavj7wi >> Image Returned >> 2020-11-07 08:55:03.743653

n5r6cavj7wi >> End >> 2020-11-07 08:55:03.929956

km507a0yhcq >> Start >> 2020-11-07 08:56:45.142400

km507a0yhcq >> Image Returned >> 2020-11-07 08:56:45.146074

km507a0yhcq >> End >> 2020-11-07 08:56:45.336690

ov4vja4w420 >> Start >> 2020-11-07 09:00:48.706691

ov4vja4w420 >> Image Returned >> 2020-11-07 09:00:48.710302

ov4vja4w420 >> End >> 2020-11-07 09:00:48.960670

jrjvbs5ei3g >> Start >> 2020-11-07 09:02:53.458355

jrjvbs5ei3g >> Image Returned >> 2020-11-07 09:02:53.462796

jrjvbs5ei3g >> End >> 2020-11-07 09:02:53.683645

mqg6ygcezx4 >> Start >> 2020-11-07 09:04:37.898927

mqg6ygcezx4 >> Image Returned >> 2020-11-07 09:04:37.902542

mqg6ygcezx4 >> End >> 2020-11-07 09:04:38.084312

gz34gxu5kmg >> Start >> 2020-11-07 09:04:51.254280

gz34gxu5kmg >> Image Returned >> 2020-11-07 09:04:51.257338

gz34gxu5kmg >> End >> 2020-11-07 09:04:51.513654

7n2jur5vxtg >> Start >> 2020-11-07 09:10:10.940519

7n2jur5vxtg >> Image Returned >> 2020-11-07 09:10:10.943903

7n2jur5vxtg >> End >> 2020-11-07 09:10:11.131824

0ox8gu4gsy3 >> Start >> 2020-11-07 09:10:40.022614

0ox8gu4gsy3 >> Image Returned >> 2020-11-07 09:10:40.025821

0ox8gu4gsy3 >> End >> 2020-11-07 09:10:40.152281

403u664z7tf >> Start >> 2020-11-07 09:14:10.693521

403u664z7tf >> Image Returned >> 2020-11-07 09:14:10.697304

403u664z7tf >> End >> 2020-11-07 09:14:10.896769

pxfxh3nusv7 >> Start >> 2020-11-07 09:15:27.428339

pxfxh3nusv7 >> Image Returned >> 2020-11-07 09:15:27.432198

pxfxh3nusv7 >> End >> 2020-11-07 09:15:27.564066

27fcq480f3b >> Start >> 2020-11-07 09:17:54.275525

27fcq480f3b >> Image Returned >> 2020-11-07 09:17:54.279099

27fcq480f3b >> End >> 2020-11-07 09:17:54.459685

itwyac8ayxy >> Start >> 2020-11-07 09:28:23.820260

itwyac8ayxy >> Image Returned >> 2020-11-07 09:28:23.823292

itwyac8ayxy >> End >> 2020-11-07 09:28:24.011024

0sa4dwkgbfi >> Start >> 2020-11-07 09:29:40.585594

0sa4dwkgbfi >> Image Returned >> 2020-11-07 09:29:40.589107

0sa4dwkgbfi >> End >> 2020-11-07 09:29:40.786341

yq4qk38cppg >> Start >> 2020-11-07 09:33:26.873086

yq4qk38cppg >> Image Returned >> 2020-11-07 09:33:26.876859

yq4qk38cppg >> End >> 2020-11-07 09:33:27.062300

yfgxud5tfrj >> Start >> 2020-11-07 09:34:50.379844

yfgxud5tfrj >> Image Returned >> 2020-11-07 09:34:50.383430

yfgxud5tfrj >> End >> 2020-11-07 09:34:50.567604

if5b4ydahxv >> Start >> 2020-11-07 09:37:45.968476

if5b4ydahxv >> Image Returned >> 2020-11-07 09:37:45.972294

if5b4ydahxv >> End >> 2020-11-07 09:37:46.163928

etknogjimse >> Start >> 2020-11-07 09:38:37.091825

etknogjimse >> Image Returned >> 2020-11-07 09:38:37.095531

etknogjimse >> End >> 2020-11-07 09:38:37.305672

mip3s4gtdrn >> Start >> 2020-11-07 09:38:52.423166

mip3s4gtdrn >> Image Returned >> 2020-11-07 09:38:52.426280

mip3s4gtdrn >> End >> 2020-11-07 09:38:52.609198

ydohp8iftkt >> Start >> 2020-11-07 09:44:22.109694

ydohp8iftkt >> Image Returned >> 2020-11-07 09:44:22.113066

ydohp8iftkt >> End >> 2020-11-07 09:44:22.312858

e3obid3pzmu >> Start >> 2020-11-07 09:45:08.406572

e3obid3pzmu >> Image Returned >> 2020-11-07 09:45:08.409707

e3obid3pzmu >> End >> 2020-11-07 09:45:08.593141

srbbxjjmu5f >> Start >> 2020-11-07 09:47:12.196419

srbbxjjmu5f >> Image Returned >> 2020-11-07 09:47:12.199738

srbbxjjmu5f >> End >> 2020-11-07 09:47:12.386464

f5g83e4d5jb >> Start >> 2020-11-07 09:50:49.486546

f5g83e4d5jb >> Image Returned >> 2020-11-07 09:50:49.491787

f5g83e4d5jb >> End >> 2020-11-07 09:50:49.673811

dawv88wpb4r >> Start >> 2020-11-07 09:55:06.924107

dawv88wpb4r >> Image Returned >> 2020-11-07 09:55:06.927727

dawv88wpb4r >> End >> 2020-11-07 09:55:07.113334

c23etiuxy7b >> Start >> 2020-11-07 09:55:32.102983

c23etiuxy7b >> Image Returned >> 2020-11-07 09:55:32.106642

c23etiuxy7b >> End >> 2020-11-07 09:55:32.286160

er8q4v3wasf >> Start >> 2020-11-07 09:59:03.264211

er8q4v3wasf >> Image Returned >> 2020-11-07 09:59:03.267373

er8q4v3wasf >> End >> 2020-11-07 09:59:03.497215

8gidpbtdcmy >> Start >> 2020-11-07 09:59:56.663443

8gidpbtdcmy >> Image Returned >> 2020-11-07 09:59:56.666512

8gidpbtdcmy >> End >> 2020-11-07 09:59:56.856810

yb6m4fspmzo >> Start >> 2020-11-07 10:02:58.625886

yb6m4fspmzo >> Image Returned >> 2020-11-07 10:02:58.629571

yb6m4fspmzo >> End >> 2020-11-07 10:02:58.809119

gedz38ku68q >> Start >> 2020-11-07 10:03:00.963725

gedz38ku68q >> Image Returned >> 2020-11-07 10:03:00.964056

gedz38ku68q >> End >> 2020-11-07 10:03:01.142925

de7hbxv0duh >> Start >> 2020-11-07 10:03:11.105120

de7hbxv0duh >> Image Returned >> 2020-11-07 10:03:11.105417

de7hbxv0duh >> End >> 2020-11-07 10:03:11.287384

ywg3i0on3gz >> Start >> 2020-11-07 10:12:04.610248

ywg3i0on3gz >> Image Returned >> 2020-11-07 10:12:04.613729

ywg3i0on3gz >> End >> 2020-11-07 10:12:04.794781

fpjp6geufvo >> Start >> 2020-11-07 10:12:23.879424

fpjp6geufvo >> Image Returned >> 2020-11-07 10:12:23.882531

fpjp6geufvo >> End >> 2020-11-07 10:12:24.072344

2qauuredbmf >> Start >> 2020-11-07 10:18:08.808399

2qauuredbmf >> Image Returned >> 2020-11-07 10:18:08.812165

2qauuredbmf >> End >> 2020-11-07 10:18:09.018539

kuav0ut2o6m >> Start >> 2020-11-07 10:22:54.346215

kuav0ut2o6m >> Image Returned >> 2020-11-07 10:22:54.350095

kuav0ut2o6m >> End >> 2020-11-07 10:22:54.533323

3t57pemngt6 >> Start >> 2020-11-07 10:26:21.874110

3t57pemngt6 >> Image Returned >> 2020-11-07 10:26:21.877266

3t57pemngt6 >> End >> 2020-11-07 10:26:22.072808

efi7wotr72g >> Start >> 2020-11-07 10:26:32.958626

efi7wotr72g >> Image Returned >> 2020-11-07 10:26:32.962412

efi7wotr72g >> End >> 2020-11-07 10:26:33.150530

o37v5pn7fry >> Start >> 2020-11-07 10:27:10.289061

o37v5pn7fry >> Image Returned >> 2020-11-07 10:27:10.292253

o37v5pn7fry >> End >> 2020-11-07 10:27:10.475795

dnusduwq38y >> Start >> 2020-11-07 10:30:35.482683

dnusduwq38y >> Image Returned >> 2020-11-07 10:30:35.486787

dnusduwq38y >> End >> 2020-11-07 10:30:35.666986

qsfurcubq3j >> Start >> 2020-11-07 10:31:26.969228

qsfurcubq3j >> Image Returned >> 2020-11-07 10:31:26.972573

qsfurcubq3j >> End >> 2020-11-07 10:31:27.157413

y6e5ieu7gbb >> Start >> 2020-11-07 10:35:43.002979

y6e5ieu7gbb >> Image Returned >> 2020-11-07 10:35:43.006968

y6e5ieu7gbb >> End >> 2020-11-07 10:35:43.193356

7ehei0hd8fu >> Start >> 2020-11-07 10:40:31.678729

7ehei0hd8fu >> Image Returned >> 2020-11-07 10:40:31.682832

7ehei0hd8fu >> End >> 2020-11-07 10:40:31.864944

ktkjrzkhoqy >> Start >> 2020-11-07 10:41:15.637285

ktkjrzkhoqy >> Image Returned >> 2020-11-07 10:41:15.640321

ktkjrzkhoqy >> End >> 2020-11-07 10:41:15.823175

sqrtbor8rpz >> Start >> 2020-11-07 10:42:28.714497

sqrtbor8rpz >> Image Returned >> 2020-11-07 10:42:28.717973

sqrtbor8rpz >> End >> 2020-11-07 10:42:28.896795

vkjn8jt2hds >> Start >> 2020-11-07 10:46:46.615633

vkjn8jt2hds >> Image Returned >> 2020-11-07 10:46:46.619076

vkjn8jt2hds >> End >> 2020-11-07 10:46:46.819453

3jkn6h0hpfz >> Start >> 2020-11-07 10:47:17.967945

3jkn6h0hpfz >> Image Returned >> 2020-11-07 10:47:17.971101

3jkn6h0hpfz >> End >> 2020-11-07 10:47:18.167970

5hxdkztqxi5 >> Start >> 2020-11-07 10:48:39.248189

5hxdkztqxi5 >> Image Returned >> 2020-11-07 10:48:39.252104

5hxdkztqxi5 >> End >> 2020-11-07 10:48:39.437701

c7jzjt5aqsg >> Start >> 2020-11-07 10:48:52.957174

c7jzjt5aqsg >> Image Returned >> 2020-11-07 10:48:52.960333

c7jzjt5aqsg >> End >> 2020-11-07 10:48:53.138940

xjdpwwm3f8h >> Start >> 2020-11-07 10:49:10.350285

xjdpwwm3f8h >> Image Returned >> 2020-11-07 10:49:10.353445

xjdpwwm3f8h >> End >> 2020-11-07 10:49:10.543179

v0zn8ykei8g >> Start >> 2020-11-07 10:55:07.582513

v0zn8ykei8g >> Image Returned >> 2020-11-07 10:55:07.587131

v0zn8ykei8g >> End >> 2020-11-07 10:55:07.769813

rddbms66vqs >> Start >> 2020-11-07 10:57:26.405953

rddbms66vqs >> Image Returned >> 2020-11-07 10:57:26.410413

rddbms66vqs >> End >> 2020-11-07 10:57:26.592643

6vwv3tq7zdz >> Start >> 2020-11-07 10:57:55.515450

6vwv3tq7zdz >> Image Returned >> 2020-11-07 10:57:55.519157

6vwv3tq7zdz >> End >> 2020-11-07 10:57:55.708102

po8b78rb0op >> Start >> 2020-11-07 11:00:28.930577

po8b78rb0op >> Image Returned >> 2020-11-07 11:00:28.934415

po8b78rb0op >> End >> 2020-11-07 11:00:29.121391

0tnkdhik4t3 >> Start >> 2020-11-07 11:00:37.137674

0tnkdhik4t3 >> Image Returned >> 2020-11-07 11:00:37.137990

0tnkdhik4t3 >> End >> 2020-11-07 11:00:37.786439

sw4ziuskpgx >> Start >> 2020-11-07 11:00:59.072120

sw4ziuskpgx >> Image Returned >> 2020-11-07 11:00:59.075272

sw4ziuskpgx >> End >> 2020-11-07 11:00:59.260184

z20mwg0ygmz >> Start >> 2020-11-07 11:02:24.888544

z20mwg0ygmz >> Image Returned >> 2020-11-07 11:02:24.892000

z20mwg0ygmz >> End >> 2020-11-07 11:02:25.078331

ce4earpa8cg >> Start >> 2020-11-07 11:02:50.836956

ce4earpa8cg >> Image Returned >> 2020-11-07 11:02:50.840605

ru0emtzttn6 >> Start >> 2020-11-07 11:02:50.884893

ru0emtzttn6 >> Image Returned >> 2020-11-07 11:02:50.888036

ce4earpa8cg >> End >> 2020-11-07 11:02:51.029997

ru0emtzttn6 >> End >> 2020-11-07 11:02:51.090020

77v3jrbt65n >> Start >> 2020-11-07 11:08:45.628638

77v3jrbt65n >> Image Returned >> 2020-11-07 11:08:45.633572

77v3jrbt65n >> End >> 2020-11-07 11:08:45.816205

rv63ekgr6ob >> Start >> 2020-11-07 11:09:42.687211

rv63ekgr6ob >> Image Returned >> 2020-11-07 11:09:42.691133

rv63ekgr6ob >> End >> 2020-11-07 11:09:42.946867

3uc5x5frjw0 >> Start >> 2020-11-07 11:09:55.233813

3uc5x5frjw0 >> Image Returned >> 2020-11-07 11:09:55.238502

3uc5x5frjw0 >> End >> 2020-11-07 11:09:55.454794

qri7cgdjk3k >> Start >> 2020-11-07 11:09:55.538683

qri7cgdjk3k >> Image Returned >> 2020-11-07 11:09:55.539000

qri7cgdjk3k >> End >> 2020-11-07 11:09:55.769597

fdnor6xrdpx >> Start >> 2020-11-07 11:11:22.367729

fdnor6xrdpx >> Image Returned >> 2020-11-07 11:11:22.371463

fdnor6xrdpx >> End >> 2020-11-07 11:11:22.578777

qnnz5wvzyfb >> Start >> 2020-11-07 11:14:48.918629

qnnz5wvzyfb >> Image Returned >> 2020-11-07 11:14:48.922656

qnnz5wvzyfb >> End >> 2020-11-07 11:14:49.111490

osx2wt7274d >> Start >> 2020-11-07 11:14:57.119277

osx2wt7274d >> Image Returned >> 2020-11-07 11:14:57.119587

osx2wt7274d >> End >> 2020-11-07 11:14:57.303031

ho4yemgtfa6 >> Start >> 2020-11-07 11:21:08.622461

ho4yemgtfa6 >> Image Returned >> 2020-11-07 11:21:08.626563

ho4yemgtfa6 >> End >> 2020-11-07 11:21:08.875160

konfspebt8p >> Start >> 2020-11-07 11:21:52.643840

konfspebt8p >> Image Returned >> 2020-11-07 11:21:52.647344

konfspebt8p >> End >> 2020-11-07 11:21:52.829996

8qqu4n8imfo >> Start >> 2020-11-07 11:22:18.119581

8qqu4n8imfo >> Image Returned >> 2020-11-07 11:22:18.122668

8qqu4n8imfo >> End >> 2020-11-07 11:22:18.314001

tqjkfw4utwf >> Start >> 2020-11-07 11:25:56.100979

tqjkfw4utwf >> Image Returned >> 2020-11-07 11:25:56.104806

tqjkfw4utwf >> End >> 2020-11-07 11:25:56.321805

abuojqhj2yj >> Start >> 2020-11-07 11:27:49.306514

abuojqhj2yj >> Image Returned >> 2020-11-07 11:27:49.310439

abuojqhj2yj >> End >> 2020-11-07 11:27:49.496413

3ptbw6xj8rv >> Start >> 2020-11-07 11:28:31.970498

3ptbw6xj8rv >> Image Returned >> 2020-11-07 11:28:31.974102

3ptbw6xj8rv >> End >> 2020-11-07 11:28:32.158538

5y87v7iire8 >> Start >> 2020-11-07 11:32:07.988387

5y87v7iire8 >> Image Returned >> 2020-11-07 11:32:07.991758

5y87v7iire8 >> End >> 2020-11-07 11:32:08.172110

sn7pq2h60qa >> Start >> 2020-11-07 11:38:32.629686

sn7pq2h60qa >> Image Returned >> 2020-11-07 11:38:32.635071

sn7pq2h60qa >> End >> 2020-11-07 11:38:32.861934

kd7eg3jbao8 >> Start >> 2020-11-07 11:40:10.046607

kd7eg3jbao8 >> Image Returned >> 2020-11-07 11:40:10.049747

kd7eg3jbao8 >> End >> 2020-11-07 11:40:10.228817

b3smhiy02cr >> Start >> 2020-11-07 11:42:43.281758

b3smhiy02cr >> Image Returned >> 2020-11-07 11:42:43.284976

b3smhiy02cr >> End >> 2020-11-07 11:42:43.477993

8ivpvp4qy58 >> Start >> 2020-11-07 11:44:05.924536

8ivpvp4qy58 >> Image Returned >> 2020-11-07 11:44:05.928493

8ivpvp4qy58 >> End >> 2020-11-07 11:44:06.128211

ngeis6cug5x >> Start >> 2020-11-07 11:44:50.953056

ngeis6cug5x >> Image Returned >> 2020-11-07 11:44:50.956167

ngeis6cug5x >> End >> 2020-11-07 11:44:51.149533

bgt0jvytd3f >> Start >> 2020-11-07 11:45:25.485956

bgt0jvytd3f >> Image Returned >> 2020-11-07 11:45:25.489026

bgt0jvytd3f >> End >> 2020-11-07 11:45:25.697293

oscdp4xtsv5 >> Start >> 2020-11-07 11:52:39.875467

oscdp4xtsv5 >> Image Returned >> 2020-11-07 11:52:39.880044

oscdp4xtsv5 >> End >> 2020-11-07 11:52:40.069533

ome2j3bwvo6 >> Start >> 2020-11-07 11:54:31.701992

ome2j3bwvo6 >> Image Returned >> 2020-11-07 11:54:31.706429

ome2j3bwvo6 >> End >> 2020-11-07 11:54:31.919552

fgmytxg822d >> Start >> 2020-11-07 11:55:53.160301

fgmytxg822d >> Image Returned >> 2020-11-07 11:55:53.163523

fgmytxg822d >> End >> 2020-11-07 11:55:53.366795

ddydp6zgy2t >> Start >> 2020-11-07 12:01:51.353410

ddydp6zgy2t >> Image Returned >> 2020-11-07 12:01:51.357264

ddydp6zgy2t >> End >> 2020-11-07 12:01:51.543342

0oeybc4rfou >> Start >> 2020-11-07 12:03:18.873944

0oeybc4rfou >> Image Returned >> 2020-11-07 12:03:18.877996

0oeybc4rfou >> End >> 2020-11-07 12:03:19.064539

0xbkb5k2gwk >> Start >> 2020-11-07 12:04:19.866241

0xbkb5k2gwk >> Image Returned >> 2020-11-07 12:04:19.869997

0xbkb5k2gwk >> End >> 2020-11-07 12:04:20.068522

tkfsnpu02mm >> Start >> 2020-11-07 12:04:27.493088

tkfsnpu02mm >> Image Returned >> 2020-11-07 12:04:27.493402

tkfsnpu02mm >> End >> 2020-11-07 12:04:27.671065

gdqpedthd8c >> Start >> 2020-11-07 12:04:32.266558

gdqpedthd8c >> Image Returned >> 2020-11-07 12:04:32.266915

gdqpedthd8c >> End >> 2020-11-07 12:04:32.464296

ez04arcmv84 >> Start >> 2020-11-07 12:04:32.528115

ez04arcmv84 >> Image Returned >> 2020-11-07 12:04:32.528400

ez04arcmv84 >> End >> 2020-11-07 12:04:32.750216

cymcyy75wn5 >> Start >> 2020-11-07 12:06:36.374525

cymcyy75wn5 >> Image Returned >> 2020-11-07 12:06:36.378573

cymcyy75wn5 >> End >> 2020-11-07 12:06:36.574601

dk7ihyvomw7 >> Start >> 2020-11-07 12:08:09.714308

dk7ihyvomw7 >> Image Returned >> 2020-11-07 12:08:09.717467

dk7ihyvomw7 >> End >> 2020-11-07 12:08:09.899538

2ztjqa885as >> Start >> 2020-11-07 12:13:20.762706

2ztjqa885as >> Image Returned >> 2020-11-07 12:13:20.766117

2ztjqa885as >> End >> 2020-11-07 12:13:20.949615

5huu88td6kc >> Start >> 2020-11-07 12:16:30.851542

5huu88td6kc >> Image Returned >> 2020-11-07 12:16:30.855249

5huu88td6kc >> End >> 2020-11-07 12:16:31.044205

os6cn4odqea >> Start >> 2020-11-07 12:17:35.746329

os6cn4odqea >> Image Returned >> 2020-11-07 12:17:35.750010

os6cn4odqea >> End >> 2020-11-07 12:17:35.930182

x5ryuit6mrz >> Start >> 2020-11-07 12:19:57.207284

x5ryuit6mrz >> Image Returned >> 2020-11-07 12:19:57.210798

x5ryuit6mrz >> End >> 2020-11-07 12:19:57.430068

vwpvqdhvdwu >> Start >> 2020-11-07 12:24:53.260691

vwpvqdhvdwu >> Image Returned >> 2020-11-07 12:24:53.264609

vwpvqdhvdwu >> End >> 2020-11-07 12:24:53.445219

bv7vsozkfni >> Start >> 2020-11-07 12:26:58.362540

bv7vsozkfni >> Image Returned >> 2020-11-07 12:26:58.367782

bv7vsozkfni >> End >> 2020-11-07 12:26:58.545798

te8tgnt7q55 >> Start >> 2020-11-07 12:28:10.862940

te8tgnt7q55 >> Image Returned >> 2020-11-07 12:28:10.866050

te8tgnt7q55 >> End >> 2020-11-07 12:28:11.058767

enm03h2imbr >> Start >> 2020-11-07 12:29:33.309808

enm03h2imbr >> Image Returned >> 2020-11-07 12:29:33.313275

enm03h2imbr >> End >> 2020-11-07 12:29:33.497363

d62urz5jheo >> Start >> 2020-11-07 12:29:35.520392

d62urz5jheo >> Image Returned >> 2020-11-07 12:29:35.520689

d62urz5jheo >> End >> 2020-11-07 12:29:35.647416

wzprv6k4vi6 >> Start >> 2020-11-07 12:29:42.595086

wzprv6k4vi6 >> Image Returned >> 2020-11-07 12:29:42.595380

wzprv6k4vi6 >> End >> 2020-11-07 12:29:42.793936

xhc5vmk5sg5 >> Start >> 2020-11-07 12:29:58.714024

xhc5vmk5sg5 >> Image Returned >> 2020-11-07 12:29:58.717228

xhc5vmk5sg5 >> End >> 2020-11-07 12:29:58.900775

eyb7ekktvyv >> Start >> 2020-11-07 12:30:02.038575

eyb7ekktvyv >> Image Returned >> 2020-11-07 12:30:02.038868

eyb7ekktvyv >> End >> 2020-11-07 12:30:02.234236

vbuoi4joymg >> Start >> 2020-11-07 12:30:35.638637

vbuoi4joymg >> Image Returned >> 2020-11-07 12:30:35.641731

vbuoi4joymg >> End >> 2020-11-07 12:30:35.825068

gsnc5z4jdri >> Start >> 2020-11-07 12:34:49.273818

gsnc5z4jdri >> Image Returned >> 2020-11-07 12:34:49.277059

gsnc5z4jdri >> End >> 2020-11-07 12:34:49.458007

bo76oq02ryu >> Start >> 2020-11-07 12:35:05.371669

bo76oq02ryu >> Image Returned >> 2020-11-07 12:35:05.374856

bo76oq02ryu >> End >> 2020-11-07 12:35:05.558672

inpwu7e8xaq >> Start >> 2020-11-07 12:37:14.020087

inpwu7e8xaq >> Image Returned >> 2020-11-07 12:37:14.023267

inpwu7e8xaq >> End >> 2020-11-07 12:37:14.238548

na5x8uxamhj >> Start >> 2020-11-07 12:40:29.797286

na5x8uxamhj >> Image Returned >> 2020-11-07 12:40:29.801553

na5x8uxamhj >> End >> 2020-11-07 12:40:29.980551

g3nxwkmcqsa >> Start >> 2020-11-07 12:53:58.249195

g3nxwkmcqsa >> Image Returned >> 2020-11-07 12:53:58.253005

g3nxwkmcqsa >> End >> 2020-11-07 12:53:58.446202

af40j2ox5xo >> Start >> 2020-11-07 12:55:18.049989

af40j2ox5xo >> Image Returned >> 2020-11-07 12:55:18.053770

af40j2ox5xo >> End >> 2020-11-07 12:55:18.258146

rk6sz3r3dz8 >> Start >> 2020-11-07 12:56:21.220200

rk6sz3r3dz8 >> Image Returned >> 2020-11-07 12:56:21.223361

rk6sz3r3dz8 >> End >> 2020-11-07 12:56:21.404393

qsf23q4guvz >> Start >> 2020-11-07 12:56:33.038077

qsf23q4guvz >> Image Returned >> 2020-11-07 12:56:33.041346

qsf23q4guvz >> End >> 2020-11-07 12:56:33.234194

yodh384dym4 >> Start >> 2020-11-07 12:56:56.143049

yodh384dym4 >> Image Returned >> 2020-11-07 12:56:56.146290

yodh384dym4 >> End >> 2020-11-07 12:56:56.352838

f4e3cujsmtz >> Start >> 2020-11-07 13:06:51.102520

f4e3cujsmtz >> Image Returned >> 2020-11-07 13:06:51.106182

f4e3cujsmtz >> End >> 2020-11-07 13:06:51.287959

06kfsg6gf8i >> Start >> 2020-11-07 13:14:11.475074

06kfsg6gf8i >> Image Returned >> 2020-11-07 13:14:11.478701

06kfsg6gf8i >> End >> 2020-11-07 13:14:11.657222

fkmo5hdkoed >> Start >> 2020-11-07 13:22:15.054564

fkmo5hdkoed >> Image Returned >> 2020-11-07 13:22:15.058075

fkmo5hdkoed >> End >> 2020-11-07 13:22:15.242435

by6dcwpfmwf >> Start >> 2020-11-07 13:26:55.576148

by6dcwpfmwf >> Image Returned >> 2020-11-07 13:26:55.579688

by6dcwpfmwf >> End >> 2020-11-07 13:26:55.768713

5gkemtyxhgb >> Start >> 2020-11-07 13:30:50.672775

5gkemtyxhgb >> Image Returned >> 2020-11-07 13:30:50.676043

5gkemtyxhgb >> End >> 2020-11-07 13:30:50.926301

7k54282srpu >> Start >> 2020-11-07 13:31:04.301726

7k54282srpu >> Image Returned >> 2020-11-07 13:31:04.305140

7k54282srpu >> End >> 2020-11-07 13:31:04.554264

s6jvhdx057m >> Start >> 2020-11-07 13:31:17.612740

s6jvhdx057m >> Image Returned >> 2020-11-07 13:31:17.615905

s6jvhdx057m >> End >> 2020-11-07 13:31:17.796888

cn0qhew4rd7 >> Start >> 2020-11-07 13:31:24.559667

cn0qhew4rd7 >> Image Returned >> 2020-11-07 13:31:24.560002

cn0qhew4rd7 >> End >> 2020-11-07 13:31:24.808401

p8zvodp0wk8 >> Start >> 2020-11-07 13:31:33.833041

p8zvodp0wk8 >> Image Returned >> 2020-11-07 13:31:33.833400

p8zvodp0wk8 >> End >> 2020-11-07 13:31:34.085210

h87hjuhkhn6 >> Start >> 2020-11-07 13:32:32.370429

h87hjuhkhn6 >> Image Returned >> 2020-11-07 13:32:32.374329

h87hjuhkhn6 >> End >> 2020-11-07 13:32:32.630620

cvafbk0xqrk >> Start >> 2020-11-07 13:33:21.451358

cvafbk0xqrk >> Image Returned >> 2020-11-07 13:33:21.454442

cvafbk0xqrk >> End >> 2020-11-07 13:33:21.634015

8mgmvaz34vr >> Start >> 2020-11-07 13:34:05.264899

8mgmvaz34vr >> Image Returned >> 2020-11-07 13:34:05.268122

8mgmvaz34vr >> End >> 2020-11-07 13:34:05.553488

jotmznygcvs >> Start >> 2020-11-07 13:35:11.124479

jotmznygcvs >> Image Returned >> 2020-11-07 13:35:11.128139

jotmznygcvs >> End >> 2020-11-07 13:35:11.310501

bjgu46hsniz >> Start >> 2020-11-07 13:35:41.147655

bjgu46hsniz >> Image Returned >> 2020-11-07 13:35:41.151165

bjgu46hsniz >> End >> 2020-11-07 13:35:42.110533

mwe3p2tah0p >> Start >> 2020-11-07 13:35:58.499097

mwe3p2tah0p >> Image Returned >> 2020-11-07 13:35:58.503632

mwe3p2tah0p >> End >> 2020-11-07 13:35:58.687807

p62cy23dxzt >> Start >> 2020-11-07 13:39:43.534121

p62cy23dxzt >> Image Returned >> 2020-11-07 13:39:43.537704

p62cy23dxzt >> End >> 2020-11-07 13:39:43.719050

quqqragg4o0 >> Start >> 2020-11-07 13:40:24.267616

quqqragg4o0 >> Image Returned >> 2020-11-07 13:40:24.270740

quqqragg4o0 >> End >> 2020-11-07 13:40:24.457241

dmoaau25xof >> Start >> 2020-11-07 13:45:05.306514

dmoaau25xof >> Image Returned >> 2020-11-07 13:45:05.311187

dmoaau25xof >> End >> 2020-11-07 13:45:05.489584

ag6df4rif3y >> Start >> 2020-11-07 13:45:29.724231

ag6df4rif3y >> Image Returned >> 2020-11-07 13:45:29.727750

ag6df4rif3y >> End >> 2020-11-07 13:45:29.913049

ev2a5p4bddn >> Start >> 2020-11-07 13:45:46.175095

ev2a5p4bddn >> Image Returned >> 2020-11-07 13:45:46.179954

ev2a5p4bddn >> End >> 2020-11-07 13:45:46.360918

3kjt43bubaw >> Start >> 2020-11-07 13:46:13.521764

3kjt43bubaw >> Image Returned >> 2020-11-07 13:46:13.524965

3kjt43bubaw >> End >> 2020-11-07 13:46:13.719266

i6sbheechig >> Start >> 2020-11-07 13:46:47.638226

i6sbheechig >> Image Returned >> 2020-11-07 13:46:47.641818

i6sbheechig >> End >> 2020-11-07 13:46:47.822427

b7fmrcfr4hi >> Start >> 2020-11-07 13:47:32.872998

b7fmrcfr4hi >> Image Returned >> 2020-11-07 13:47:32.877124

b7fmrcfr4hi >> End >> 2020-11-07 13:47:33.077014

gmgp5uinfy6 >> Start >> 2020-11-07 13:47:47.743686

gmgp5uinfy6 >> Image Returned >> 2020-11-07 13:47:47.746836

gmgp5uinfy6 >> End >> 2020-11-07 13:47:47.923991

ixzw58ujtbm >> Start >> 2020-11-07 13:51:15.465086

ixzw58ujtbm >> Image Returned >> 2020-11-07 13:51:15.468539

q2znsrmiy4m >> Start >> 2020-11-07 13:51:15.475260

q2znsrmiy4m >> Image Returned >> 2020-11-07 13:51:15.478255

ixzw58ujtbm >> End >> 2020-11-07 13:51:15.686979

q2znsrmiy4m >> End >> 2020-11-07 13:51:15.687541

r7cb2ygi35t >> Start >> 2020-11-07 13:51:55.699183

r7cb2ygi35t >> Image Returned >> 2020-11-07 13:51:55.702735

r7cb2ygi35t >> End >> 2020-11-07 13:51:55.828547

f2dyewznzrq >> Start >> 2020-11-07 13:52:09.208071

f2dyewznzrq >> Image Returned >> 2020-11-07 13:52:09.211177

f2dyewznzrq >> End >> 2020-11-07 13:52:09.397985

bd22b70hcqw >> Start >> 2020-11-07 13:52:26.911351

bd22b70hcqw >> Image Returned >> 2020-11-07 13:52:26.914488

bd22b70hcqw >> End >> 2020-11-07 13:52:27.101794

xiwrpa47qxj >> Start >> 2020-11-07 13:52:27.165642

xiwrpa47qxj >> Image Returned >> 2020-11-07 13:52:27.165947

xiwrpa47qxj >> End >> 2020-11-07 13:52:27.390314

3xg0munyizb >> Start >> 2020-11-07 13:52:47.199717

3xg0munyizb >> Image Returned >> 2020-11-07 13:52:47.203334

3xg0munyizb >> End >> 2020-11-07 13:52:47.379462

akjn0n4jche >> Start >> 2020-11-07 13:55:29.556087

akjn0n4jche >> Image Returned >> 2020-11-07 13:55:29.559210

akjn0n4jche >> End >> 2020-11-07 13:55:29.783328

og64fk565un >> Start >> 2020-11-07 14:01:23.171900

og64fk565un >> Image Returned >> 2020-11-07 14:01:23.175261

og64fk565un >> End >> 2020-11-07 14:01:23.366823

ut2iyh8nkch >> Start >> 2020-11-07 14:03:08.748437

ut2iyh8nkch >> Image Returned >> 2020-11-07 14:03:08.751702

ut2iyh8nkch >> End >> 2020-11-07 14:03:08.950236

dcfk3tw3isf >> Start >> 2020-11-07 14:10:09.760843

dcfk3tw3isf >> Image Returned >> 2020-11-07 14:10:09.765512

dcfk3tw3isf >> End >> 2020-11-07 14:10:10.072124

hvbbfubh2s0 >> Start >> 2020-11-07 14:13:02.202291

hvbbfubh2s0 >> Image Returned >> 2020-11-07 14:13:02.205440

hvbbfubh2s0 >> End >> 2020-11-07 14:13:02.585021

urexfsi8dfe >> Start >> 2020-11-07 14:16:00.232361

urexfsi8dfe >> Image Returned >> 2020-11-07 14:16:00.235573

urexfsi8dfe >> End >> 2020-11-07 14:16:00.430176

to8pdqtax6g >> Start >> 2020-11-07 14:16:21.955244

to8pdqtax6g >> Image Returned >> 2020-11-07 14:16:21.958327

to8pdqtax6g >> End >> 2020-11-07 14:16:22.140089

0swbgvmjmrn >> Start >> 2020-11-07 14:17:34.127643

0swbgvmjmrn >> Image Returned >> 2020-11-07 14:17:34.131180

0swbgvmjmrn >> End >> 2020-11-07 14:17:34.347985

hsd4oh6egu5 >> Start >> 2020-11-07 14:25:32.148585

hsd4oh6egu5 >> Image Returned >> 2020-11-07 14:25:32.151772

hsd4oh6egu5 >> End >> 2020-11-07 14:25:32.334172

3crgjq56zkn >> Start >> 2020-11-07 14:27:14.131436

3crgjq56zkn >> Image Returned >> 2020-11-07 14:27:14.136312

3crgjq56zkn >> End >> 2020-11-07 14:27:14.319325

6eamkd5fg8d >> Start >> 2020-11-07 14:28:33.648041

6eamkd5fg8d >> Image Returned >> 2020-11-07 14:28:33.652173

6eamkd5fg8d >> End >> 2020-11-07 14:28:33.834887

aukqsb2veef >> Start >> 2020-11-07 14:31:21.822498

aukqsb2veef >> Image Returned >> 2020-11-07 14:31:21.826028

aukqsb2veef >> End >> 2020-11-07 14:31:22.019119

eccucaxrzx5 >> Start >> 2020-11-07 14:31:30.998999

eccucaxrzx5 >> Image Returned >> 2020-11-07 14:31:30.999308

eccucaxrzx5 >> End >> 2020-11-07 14:31:31.197724

5usy6p0oijz >> Start >> 2020-11-07 14:31:40.411032

5usy6p0oijz >> Image Returned >> 2020-11-07 14:31:40.411331

5usy6p0oijz >> End >> 2020-11-07 14:31:40.644344

c7cvwei00ek >> Start >> 2020-11-07 14:32:36.625083

c7cvwei00ek >> Image Returned >> 2020-11-07 14:32:36.629112

c7cvwei00ek >> End >> 2020-11-07 14:32:36.816593

yc4sf8w3y6y >> Start >> 2020-11-07 14:35:16.457590

yc4sf8w3y6y >> Image Returned >> 2020-11-07 14:35:16.461093

yc4sf8w3y6y >> End >> 2020-11-07 14:35:16.649255

m3rch0etazo >> Start >> 2020-11-07 14:37:03.424220

m3rch0etazo >> Image Returned >> 2020-11-07 14:37:03.428292

m3rch0etazo >> End >> 2020-11-07 14:37:03.631794

xyw0pooahea >> Start >> 2020-11-07 14:37:03.778431

xyw0pooahea >> Image Returned >> 2020-11-07 14:37:03.778718

xyw0pooahea >> End >> 2020-11-07 14:37:03.975445

ky0t6370fb5 >> Start >> 2020-11-07 14:46:42.007253

ky0t6370fb5 >> Image Returned >> 2020-11-07 14:46:42.011224

ky0t6370fb5 >> End >> 2020-11-07 14:46:42.201776

yjfs0oe0v7j >> Start >> 2020-11-07 14:53:40.141166

yjfs0oe0v7j >> Image Returned >> 2020-11-07 14:53:40.144921

yjfs0oe0v7j >> End >> 2020-11-07 14:53:40.338743

0ys4fdurccf >> Start >> 2020-11-07 14:53:49.859867

0ys4fdurccf >> Image Returned >> 2020-11-07 14:53:49.860328

0ys4fdurccf >> End >> 2020-11-07 14:53:50.062727

0bwdiv0fjje >> Start >> 2020-11-07 14:54:08.523629

0bwdiv0fjje >> Image Returned >> 2020-11-07 14:54:08.526773

0bwdiv0fjje >> End >> 2020-11-07 14:54:08.759246

i3vxy4ckjz0 >> Start >> 2020-11-07 14:54:53.886514

i3vxy4ckjz0 >> Image Returned >> 2020-11-07 14:54:53.890108

i3vxy4ckjz0 >> End >> 2020-11-07 14:54:54.077967

dc547mdv2bi >> Start >> 2020-11-07 15:04:58.451853

dc547mdv2bi >> Image Returned >> 2020-11-07 15:04:58.455956

dc547mdv2bi >> End >> 2020-11-07 15:04:58.640630

3rrynpz2xp5 >> Start >> 2020-11-07 15:05:46.430063

3rrynpz2xp5 >> Image Returned >> 2020-11-07 15:05:46.433273

3rrynpz2xp5 >> End >> 2020-11-07 15:05:46.628063

nnjuor55p7w >> Start >> 2020-11-07 15:09:15.868541

nnjuor55p7w >> Image Returned >> 2020-11-07 15:09:15.871788

nnjuor55p7w >> End >> 2020-11-07 15:09:16.052105

qnvn0dxb750 >> Start >> 2020-11-07 15:10:48.582458

qnvn0dxb750 >> Image Returned >> 2020-11-07 15:10:48.585661

qnvn0dxb750 >> End >> 2020-11-07 15:10:48.766396

muqfrax7c0u >> Start >> 2020-11-07 15:17:00.190612

muqfrax7c0u >> Image Returned >> 2020-11-07 15:17:00.196121

muqfrax7c0u >> End >> 2020-11-07 15:17:00.376380

zimrxhf2axn >> Start >> 2020-11-07 15:22:40.457436

zimrxhf2axn >> Image Returned >> 2020-11-07 15:22:40.461328

zimrxhf2axn >> End >> 2020-11-07 15:22:40.639939

qi87niknuog >> Start >> 2020-11-07 15:27:21.910517

qi87niknuog >> Image Returned >> 2020-11-07 15:27:21.915503

qi87niknuog >> End >> 2020-11-07 15:27:22.091233

wif8pyvj2co >> Start >> 2020-11-07 15:28:27.127417

wif8pyvj2co >> Image Returned >> 2020-11-07 15:28:27.130534

wif8pyvj2co >> End >> 2020-11-07 15:28:27.307775

j7xgujwx0do >> Start >> 2020-11-07 15:31:36.340025

j7xgujwx0do >> Image Returned >> 2020-11-07 15:31:36.343724

j7xgujwx0do >> End >> 2020-11-07 15:31:36.546931

7u2iskjg83r >> Start >> 2020-11-07 15:39:45.152096

7u2iskjg83r >> Image Returned >> 2020-11-07 15:39:45.155715

7u2iskjg83r >> End >> 2020-11-07 15:39:45.334943

e0cyr548szp >> Start >> 2020-11-07 15:40:02.899452

e0cyr548szp >> Image Returned >> 2020-11-07 15:40:02.904249

e0cyr548szp >> End >> 2020-11-07 15:40:03.091932

3w2ppaj736c >> Start >> 2020-11-07 15:43:52.604912

3w2ppaj736c >> Image Returned >> 2020-11-07 15:43:52.608026

3w2ppaj736c >> End >> 2020-11-07 15:43:52.790980

v20j302ksie >> Start >> 2020-11-07 15:49:30.188354

v20j302ksie >> Image Returned >> 2020-11-07 15:49:30.191524

v20j302ksie >> End >> 2020-11-07 15:49:30.378894

hyecehxyzka >> Start >> 2020-11-07 15:54:43.893337

hyecehxyzka >> Image Returned >> 2020-11-07 15:54:43.897011

hyecehxyzka >> End >> 2020-11-07 15:54:44.079910

6z223e3qnqs >> Start >> 2020-11-07 15:55:02.648420

6z223e3qnqs >> Image Returned >> 2020-11-07 15:55:02.651531

6z223e3qnqs >> End >> 2020-11-07 15:55:02.834939

gnku5qhmsxn >> Start >> 2020-11-07 15:55:21.043157

gnku5qhmsxn >> Image Returned >> 2020-11-07 15:55:21.046336

gnku5qhmsxn >> End >> 2020-11-07 15:55:21.224121

4g0uwb4au45 >> Start >> 2020-11-07 15:56:44.881258

4g0uwb4au45 >> Image Returned >> 2020-11-07 15:56:44.885278

4g0uwb4au45 >> End >> 2020-11-07 15:56:45.064554

yie6naitrg6 >> Start >> 2020-11-07 15:57:32.950912

yie6naitrg6 >> Image Returned >> 2020-11-07 15:57:32.954092

yie6naitrg6 >> End >> 2020-11-07 15:57:33.154597

gynkmkpfgh4 >> Start >> 2020-11-07 15:57:36.532078

gynkmkpfgh4 >> Image Returned >> 2020-11-07 15:57:36.532383

gynkmkpfgh4 >> End >> 2020-11-07 15:57:36.711023

h7qwhh8ein8 >> Start >> 2020-11-07 15:57:43.872057

h7qwhh8ein8 >> Image Returned >> 2020-11-07 15:57:43.872349

h7qwhh8ein8 >> End >> 2020-11-07 15:57:44.068840

qeo74jtrzor >> Start >> 2020-11-07 15:57:45.691381

qeo74jtrzor >> Image Returned >> 2020-11-07 15:57:45.691706

qeo74jtrzor >> End >> 2020-11-07 15:57:45.896034

k52t2swvdgh >> Start >> 2020-11-07 16:02:55.902546

k52t2swvdgh >> Image Returned >> 2020-11-07 16:02:55.906932

k52t2swvdgh >> End >> 2020-11-07 16:02:56.124788

y0cb7r88nad >> Start >> 2020-11-07 16:03:01.952485

y0cb7r88nad >> Image Returned >> 2020-11-07 16:03:01.952972

y0cb7r88nad >> End >> 2020-11-07 16:03:02.172631

m2xdtk80cvn >> Start >> 2020-11-07 16:06:25.777791

m2xdtk80cvn >> Image Returned >> 2020-11-07 16:06:25.781548

m2xdtk80cvn >> End >> 2020-11-07 16:06:25.965820

odkzhz6frge >> Start >> 2020-11-07 16:07:10.281275

odkzhz6frge >> Image Returned >> 2020-11-07 16:07:10.284842

odkzhz6frge >> End >> 2020-11-07 16:07:10.504117

eo68hc483ag >> Start >> 2020-11-07 16:07:58.828686

eo68hc483ag >> Image Returned >> 2020-11-07 16:07:58.832405

eo68hc483ag >> End >> 2020-11-07 16:07:59.011218

turjd2hpxa4 >> Start >> 2020-11-07 16:12:40.781017

turjd2hpxa4 >> Image Returned >> 2020-11-07 16:12:40.785181

turjd2hpxa4 >> End >> 2020-11-07 16:12:40.965591

v3zfwnuhbsm >> Start >> 2020-11-07 16:12:44.827979

v3zfwnuhbsm >> Image Returned >> 2020-11-07 16:12:44.828366

v3zfwnuhbsm >> End >> 2020-11-07 16:12:45.028230

mguv0q3qhri >> Start >> 2020-11-07 16:13:13.878220

mguv0q3qhri >> Image Returned >> 2020-11-07 16:13:13.881401

mguv0q3qhri >> End >> 2020-11-07 16:13:14.063083

6ccq6hfifey >> Start >> 2020-11-07 16:18:11.621365

6ccq6hfifey >> Image Returned >> 2020-11-07 16:18:11.626539

6ccq6hfifey >> End >> 2020-11-07 16:18:11.807954

mgouhzhgdkm >> Start >> 2020-11-07 16:26:30.930227

mgouhzhgdkm >> Image Returned >> 2020-11-07 16:26:30.934329

mgouhzhgdkm >> End >> 2020-11-07 16:26:31.110821

hv524iavmuz >> Start >> 2020-11-07 16:30:42.553451

hv524iavmuz >> Image Returned >> 2020-11-07 16:30:42.558032

hv524iavmuz >> End >> 2020-11-07 16:30:42.744481

fzpkqxkx57k >> Start >> 2020-11-07 16:31:07.012536

fzpkqxkx57k >> Image Returned >> 2020-11-07 16:31:07.015741

fzpkqxkx57k >> End >> 2020-11-07 16:31:07.230585

q58beoaqif5 >> Start >> 2020-11-07 16:35:04.105340

q58beoaqif5 >> Image Returned >> 2020-11-07 16:35:04.108855

q58beoaqif5 >> End >> 2020-11-07 16:35:04.298369

h6qgthhf7ei >> Start >> 2020-11-07 16:50:02.125586

h6qgthhf7ei >> Image Returned >> 2020-11-07 16:50:02.129163

h6qgthhf7ei >> End >> 2020-11-07 16:50:02.312305

wpgmahpbz5r >> Start >> 2020-11-07 16:54:31.505544

wpgmahpbz5r >> Image Returned >> 2020-11-07 16:54:31.508754

wpgmahpbz5r >> End >> 2020-11-07 16:54:31.688571

0xcogx3xd0b >> Start >> 2020-11-07 16:55:01.909677

0xcogx3xd0b >> Image Returned >> 2020-11-07 16:55:01.913268

0xcogx3xd0b >> End >> 2020-11-07 16:55:02.091459

cpcdehjndor >> Start >> 2020-11-07 16:55:32.109559

cpcdehjndor >> Image Returned >> 2020-11-07 16:55:32.112730

cpcdehjndor >> End >> 2020-11-07 16:55:32.293936

d85hvtc3va0 >> Start >> 2020-11-07 16:56:01.154911

d85hvtc3va0 >> Image Returned >> 2020-11-07 16:56:01.158472

d85hvtc3va0 >> End >> 2020-11-07 16:56:01.339934

ne8ji78nrei >> Start >> 2020-11-07 16:56:26.440407

ne8ji78nrei >> Image Returned >> 2020-11-07 16:56:26.443636

ne8ji78nrei >> End >> 2020-11-07 16:56:26.626117

r5iivubgdek >> Start >> 2020-11-07 17:03:45.773535

r5iivubgdek >> Image Returned >> 2020-11-07 17:03:45.777678

r5iivubgdek >> End >> 2020-11-07 17:03:45.962109

jw2qsemvxan >> Start >> 2020-11-07 17:06:43.989090

jw2qsemvxan >> Image Returned >> 2020-11-07 17:06:43.993774

jw2qsemvxan >> End >> 2020-11-07 17:06:44.180764

tmqjo7o4qsf >> Start >> 2020-11-07 17:07:51.505743

tmqjo7o4qsf >> Image Returned >> 2020-11-07 17:07:51.509582

tmqjo7o4qsf >> End >> 2020-11-07 17:07:51.691092

8vmniaudyjt >> Start >> 2020-11-07 17:08:22.529469

8vmniaudyjt >> Image Returned >> 2020-11-07 17:08:22.532918

8vmniaudyjt >> End >> 2020-11-07 17:08:22.660418

3spqhsyp2fc >> Start >> 2020-11-07 17:08:25.205121

3spqhsyp2fc >> Image Returned >> 2020-11-07 17:08:25.205413

3spqhsyp2fc >> End >> 2020-11-07 17:08:25.432116

6t5dxpx0adv >> Start >> 2020-11-07 17:10:30.561147

6t5dxpx0adv >> Image Returned >> 2020-11-07 17:10:30.564188

6t5dxpx0adv >> End >> 2020-11-07 17:10:30.750618

rnrt7zsp6db >> Start >> 2020-11-07 17:12:01.027925

rnrt7zsp6db >> Image Returned >> 2020-11-07 17:12:01.032006

rnrt7zsp6db >> End >> 2020-11-07 17:12:01.209414

n4io62de54n >> Start >> 2020-11-07 17:12:17.145909

n4io62de54n >> Image Returned >> 2020-11-07 17:12:17.149228

n4io62de54n >> End >> 2020-11-07 17:12:17.358030

mc8w86sj0ga >> Start >> 2020-11-07 17:12:19.069922

mc8w86sj0ga >> Image Returned >> 2020-11-07 17:12:19.070214

mc8w86sj0ga >> End >> 2020-11-07 17:12:19.252109

e7zi5kw5sc5 >> Start >> 2020-11-07 17:12:36.590111

e7zi5kw5sc5 >> Image Returned >> 2020-11-07 17:12:36.593219

e7zi5kw5sc5 >> End >> 2020-11-07 17:12:36.781666

4tvejtrv8gc >> Start >> 2020-11-07 17:13:10.618381

4tvejtrv8gc >> Image Returned >> 2020-11-07 17:13:10.621548

4tvejtrv8gc >> End >> 2020-11-07 17:13:10.808043

sjxv2pfa2d0 >> Start >> 2020-11-07 17:14:05.899033

sjxv2pfa2d0 >> Image Returned >> 2020-11-07 17:14:05.902437

sjxv2pfa2d0 >> End >> 2020-11-07 17:14:06.130830

kct3q6azi7a >> Start >> 2020-11-07 17:16:45.501986

kct3q6azi7a >> Image Returned >> 2020-11-07 17:16:45.507301

kct3q6azi7a >> End >> 2020-11-07 17:16:45.713931

bbdu7grs42p >> Start >> 2020-11-07 17:22:47.955476

bbdu7grs42p >> Image Returned >> 2020-11-07 17:22:47.959058

bbdu7grs42p >> End >> 2020-11-07 17:22:48.144737

6m4ipmceooz >> Start >> 2020-11-07 17:23:26.809448

6m4ipmceooz >> Image Returned >> 2020-11-07 17:23:26.812599

6m4ipmceooz >> End >> 2020-11-07 17:23:27.022008

hhus2ncuast >> Start >> 2020-11-07 17:25:40.549160

hhus2ncuast >> Image Returned >> 2020-11-07 17:25:40.552304

hhus2ncuast >> End >> 2020-11-07 17:25:40.732805

hfcjxd4jgfx >> Start >> 2020-11-07 17:28:52.910139

hfcjxd4jgfx >> Image Returned >> 2020-11-07 17:28:52.913711

hfcjxd4jgfx >> End >> 2020-11-07 17:28:53.114197

nibbqdkzgk2 >> Start >> 2020-11-07 17:30:19.486283

nibbqdkzgk2 >> Image Returned >> 2020-11-07 17:30:19.489702

nibbqdkzgk2 >> End >> 2020-11-07 17:30:19.675422

n7jeim766tf >> Start >> 2020-11-07 17:31:25.514628

n7jeim766tf >> Image Returned >> 2020-11-07 17:31:25.517708

n7jeim766tf >> End >> 2020-11-07 17:31:25.716304

xzg7mn4wx4e >> Start >> 2020-11-07 17:34:00.296665

xzg7mn4wx4e >> Image Returned >> 2020-11-07 17:34:00.300973

xzg7mn4wx4e >> End >> 2020-11-07 17:34:00.481422

md8476vtcif >> Start >> 2020-11-07 17:35:18.536268

md8476vtcif >> Image Returned >> 2020-11-07 17:35:18.539359

md8476vtcif >> End >> 2020-11-07 17:35:18.719741

ddi2riknxkk >> Start >> 2020-11-07 17:37:22.877305

ddi2riknxkk >> Image Returned >> 2020-11-07 17:37:22.880431

ddi2riknxkk >> End >> 2020-11-07 17:37:23.061996

xs23nqrbmnd >> Start >> 2020-11-07 17:39:12.592818

xs23nqrbmnd >> Image Returned >> 2020-11-07 17:39:12.595979

xs23nqrbmnd >> End >> 2020-11-07 17:39:12.784699

zdoi3nfak07 >> Start >> 2020-11-07 17:43:07.775305

zdoi3nfak07 >> Image Returned >> 2020-11-07 17:43:07.779310

zdoi3nfak07 >> End >> 2020-11-07 17:43:07.960089

8kqdwsw2jp5 >> Start >> 2020-11-07 17:44:28.070842

8kqdwsw2jp5 >> Image Returned >> 2020-11-07 17:44:28.073996

8kqdwsw2jp5 >> End >> 2020-11-07 17:44:28.258090

m3vc8h3mgur >> Start >> 2020-11-07 17:45:36.992883

m3vc8h3mgur >> Image Returned >> 2020-11-07 17:45:36.996598

m3vc8h3mgur >> End >> 2020-11-07 17:45:37.179523

f4aq4pyjjdw >> Start >> 2020-11-07 17:50:15.614108

f4aq4pyjjdw >> Image Returned >> 2020-11-07 17:50:15.618207

f4aq4pyjjdw >> End >> 2020-11-07 17:50:15.801429

w580rmgm8a8 >> Start >> 2020-11-07 17:54:04.580360

w580rmgm8a8 >> Image Returned >> 2020-11-07 17:54:04.584739

w580rmgm8a8 >> End >> 2020-11-07 17:54:04.763926

wvocj608iie >> Start >> 2020-11-07 17:54:37.735356

wvocj608iie >> Image Returned >> 2020-11-07 17:54:37.738445

wvocj608iie >> End >> 2020-11-07 17:54:37.918829

xt42ywa4a68 >> Start >> 2020-11-07 17:56:14.013989

xt42ywa4a68 >> Image Returned >> 2020-11-07 17:56:14.017364

xt42ywa4a68 >> End >> 2020-11-07 17:56:14.194657

6ydh32wt7ju >> Start >> 2020-11-07 17:59:52.872437

6ydh32wt7ju >> Image Returned >> 2020-11-07 17:59:52.876137

6ydh32wt7ju >> End >> 2020-11-07 17:59:53.099014

w4gq756vkhf >> Start >> 2020-11-07 18:01:39.927238

w4gq756vkhf >> Image Returned >> 2020-11-07 18:01:39.930775

w4gq756vkhf >> End >> 2020-11-07 18:01:40.110172

ynz4afjfmmb >> Start >> 2020-11-07 18:01:52.528954

ynz4afjfmmb >> Image Returned >> 2020-11-07 18:01:52.532402

ynz4afjfmmb >> End >> 2020-11-07 18:01:52.719849

yqrjxby8pd8 >> Start >> 2020-11-07 18:05:32.023144

yqrjxby8pd8 >> Image Returned >> 2020-11-07 18:05:32.026702

yqrjxby8pd8 >> End >> 2020-11-07 18:05:32.204663

i6os58jtf5r >> Start >> 2020-11-07 18:16:53.183573

i6os58jtf5r >> Image Returned >> 2020-11-07 18:16:53.187133

i6os58jtf5r >> End >> 2020-11-07 18:16:53.368856

z4n0gfvooz7 >> Start >> 2020-11-07 18:17:50.719111

z4n0gfvooz7 >> Image Returned >> 2020-11-07 18:17:50.724600

z4n0gfvooz7 >> End >> 2020-11-07 18:17:51.031127

k3gi3mojo5m >> Start >> 2020-11-07 18:18:19.363152

k3gi3mojo5m >> Image Returned >> 2020-11-07 18:18:19.366332

k3gi3mojo5m >> End >> 2020-11-07 18:18:19.545994

me7wt56b8fv >> Start >> 2020-11-07 18:18:26.924280

me7wt56b8fv >> Image Returned >> 2020-11-07 18:18:26.924573

me7wt56b8fv >> End >> 2020-11-07 18:18:27.112037

vrkk7wpf38o >> Start >> 2020-11-07 18:19:18.813210

vrkk7wpf38o >> Image Returned >> 2020-11-07 18:19:18.816358

vrkk7wpf38o >> End >> 2020-11-07 18:19:18.998955

6utjcgnnquc >> Start >> 2020-11-07 18:22:09.801166

6utjcgnnquc >> Image Returned >> 2020-11-07 18:22:09.805865

6utjcgnnquc >> End >> 2020-11-07 18:22:10.001257

02xb5kg2rzk >> Start >> 2020-11-07 18:24:26.199345

02xb5kg2rzk >> Image Returned >> 2020-11-07 18:24:26.202622

02xb5kg2rzk >> End >> 2020-11-07 18:24:26.401356

5s54yyj5ngm >> Start >> 2020-11-07 18:24:32.135473

5s54yyj5ngm >> Image Returned >> 2020-11-07 18:24:32.135760

5s54yyj5ngm >> End >> 2020-11-07 18:24:32.316934

xkre2dw0igr >> Start >> 2020-11-07 18:27:30.399765

xkre2dw0igr >> Image Returned >> 2020-11-07 18:27:30.402935

xkre2dw0igr >> End >> 2020-11-07 18:27:30.595422

667wszgaush >> Start >> 2020-11-07 18:29:20.569370

667wszgaush >> Image Returned >> 2020-11-07 18:29:20.573967

667wszgaush >> End >> 2020-11-07 18:29:20.758058

o5grwkaigia >> Start >> 2020-11-07 18:30:29.283921

o5grwkaigia >> Image Returned >> 2020-11-07 18:30:29.287159

o5grwkaigia >> End >> 2020-11-07 18:30:29.468611

emzjce7b8hd >> Start >> 2020-11-07 18:32:08.992268

emzjce7b8hd >> Image Returned >> 2020-11-07 18:32:08.996815

emzjce7b8hd >> End >> 2020-11-07 18:32:09.178365

uei2wp8gwoq >> Start >> 2020-11-07 18:33:33.635032

uei2wp8gwoq >> Image Returned >> 2020-11-07 18:33:33.638135

uei2wp8gwoq >> End >> 2020-11-07 18:33:33.826786

p2o37xt7hvw >> Start >> 2020-11-07 18:34:29.036314

p2o37xt7hvw >> Image Returned >> 2020-11-07 18:34:29.039561

p2o37xt7hvw >> End >> 2020-11-07 18:34:29.222652

2qdijqxqcbb >> Start >> 2020-11-07 18:35:23.648601

2qdijqxqcbb >> Image Returned >> 2020-11-07 18:35:23.652282

2qdijqxqcbb >> End >> 2020-11-07 18:35:23.843693

6hyk4hdc4hf >> Start >> 2020-11-07 18:52:01.225723

6hyk4hdc4hf >> Image Returned >> 2020-11-07 18:52:01.230498

6hyk4hdc4hf >> End >> 2020-11-07 18:52:01.412868

heib57y6b0a >> Start >> 2020-11-07 18:58:44.730098

heib57y6b0a >> Image Returned >> 2020-11-07 18:58:44.735109

heib57y6b0a >> End >> 2020-11-07 18:58:44.919967

fs7wsv8bzki >> Start >> 2020-11-07 18:59:42.203999

fs7wsv8bzki >> Image Returned >> 2020-11-07 18:59:42.207844

fs7wsv8bzki >> End >> 2020-11-07 18:59:42.386394

84b0aks6x2n >> Start >> 2020-11-07 18:59:57.479428

84b0aks6x2n >> Image Returned >> 2020-11-07 18:59:57.482608

84b0aks6x2n >> End >> 2020-11-07 18:59:57.663821

rquz6oc0apm >> Start >> 2020-11-07 18:59:58.941930

rquz6oc0apm >> Image Returned >> 2020-11-07 18:59:58.942228

rquz6oc0apm >> End >> 2020-11-07 18:59:59.123970

bshbnkuwbve >> Start >> 2020-11-07 19:00:40.913971

bshbnkuwbve >> Image Returned >> 2020-11-07 19:00:40.917360

bshbnkuwbve >> End >> 2020-11-07 19:00:41.098006

z378yidxa70 >> Start >> 2020-11-07 19:02:24.457539

z378yidxa70 >> Image Returned >> 2020-11-07 19:02:24.461292

z378yidxa70 >> End >> 2020-11-07 19:02:24.648540

j2uixwz38to >> Start >> 2020-11-07 19:03:36.327574

j2uixwz38to >> Image Returned >> 2020-11-07 19:03:36.331231

j2uixwz38to >> End >> 2020-11-07 19:03:36.570367

4qi2hnpypvc >> Start >> 2020-11-07 19:04:08.524405

4qi2hnpypvc >> Image Returned >> 2020-11-07 19:04:08.528017

4qi2hnpypvc >> End >> 2020-11-07 19:04:08.715282

4r3bjyukhvc >> Start >> 2020-11-07 19:04:09.416781

4r3bjyukhvc >> Image Returned >> 2020-11-07 19:04:09.417094

4r3bjyukhvc >> End >> 2020-11-07 19:04:09.539830

rp34h5u6wya >> Start >> 2020-11-07 19:06:20.753783

rp34h5u6wya >> Image Returned >> 2020-11-07 19:06:20.756934

rp34h5u6wya >> End >> 2020-11-07 19:06:20.938280

ktrhsmo4b6b >> Start >> 2020-11-07 19:09:53.027051

ktrhsmo4b6b >> Image Returned >> 2020-11-07 19:09:53.030618

ktrhsmo4b6b >> End >> 2020-11-07 19:09:53.218633

yt0uks5fb0x >> Start >> 2020-11-07 19:13:56.569406

yt0uks5fb0x >> Image Returned >> 2020-11-07 19:13:56.572639

yt0uks5fb0x >> End >> 2020-11-07 19:13:56.773423

fp7m4egke5u >> Start >> 2020-11-07 19:17:05.809628

fp7m4egke5u >> Image Returned >> 2020-11-07 19:17:05.813383

fp7m4egke5u >> End >> 2020-11-07 19:17:06.045753

cv2m24kiiyf >> Start >> 2020-11-07 19:19:11.362901

cv2m24kiiyf >> Image Returned >> 2020-11-07 19:19:11.367552

cv2m24kiiyf >> End >> 2020-11-07 19:19:11.551197

v7kdtwz4psz >> Start >> 2020-11-07 19:24:42.404230

v7kdtwz4psz >> Image Returned >> 2020-11-07 19:24:42.408057

v7kdtwz4psz >> End >> 2020-11-07 19:24:42.595788

fgz3pnxx0i5 >> Start >> 2020-11-07 19:31:47.527196

fgz3pnxx0i5 >> Image Returned >> 2020-11-07 19:31:47.530706

fgz3pnxx0i5 >> End >> 2020-11-07 19:31:47.715712

8jadjvsqkw4 >> Start >> 2020-11-07 19:33:22.785610

8jadjvsqkw4 >> Image Returned >> 2020-11-07 19:33:22.789633

8jadjvsqkw4 >> End >> 2020-11-07 19:33:22.969496

cuag2oobecr >> Start >> 2020-11-07 19:34:30.344400

cuag2oobecr >> Image Returned >> 2020-11-07 19:34:30.347615

cuag2oobecr >> End >> 2020-11-07 19:34:30.536012

7sgcd8wkmxb >> Start >> 2020-11-07 19:34:42.518492

7sgcd8wkmxb >> Image Returned >> 2020-11-07 19:34:42.521698

7sgcd8wkmxb >> End >> 2020-11-07 19:34:42.723858

m5wzp456b8u >> Start >> 2020-11-07 19:34:58.743979

m5wzp456b8u >> Image Returned >> 2020-11-07 19:34:58.747858

m5wzp456b8u >> End >> 2020-11-07 19:34:58.930254

r28iwkmqmsi >> Start >> 2020-11-07 19:36:49.622061

r28iwkmqmsi >> Image Returned >> 2020-11-07 19:36:49.625296

r28iwkmqmsi >> End >> 2020-11-07 19:36:49.805303

dngfvn8vdag >> Start >> 2020-11-07 19:38:24.593703

dngfvn8vdag >> Image Returned >> 2020-11-07 19:38:24.596910

dngfvn8vdag >> End >> 2020-11-07 19:38:24.775625

4mo4dkufoyk >> Start >> 2020-11-07 19:44:37.928752

4mo4dkufoyk >> Image Returned >> 2020-11-07 19:44:37.933249

4mo4dkufoyk >> End >> 2020-11-07 19:44:38.114336

mdhtbd4a8e5 >> Start >> 2020-11-07 19:47:00.768744

mdhtbd4a8e5 >> Image Returned >> 2020-11-07 19:47:00.772978

mdhtbd4a8e5 >> End >> 2020-11-07 19:47:00.954600

izw05thg3ke >> Start >> 2020-11-07 19:47:41.135441

izw05thg3ke >> Image Returned >> 2020-11-07 19:47:41.138669

izw05thg3ke >> End >> 2020-11-07 19:47:41.322123

8ujcgccr68s >> Start >> 2020-11-07 19:49:47.943588

8ujcgccr68s >> Image Returned >> 2020-11-07 19:49:47.947472

8ujcgccr68s >> End >> 2020-11-07 19:49:48.142914

nxi7d7p88vd >> Start >> 2020-11-07 19:50:56.287657

nxi7d7p88vd >> Image Returned >> 2020-11-07 19:50:56.291404

nxi7d7p88vd >> End >> 2020-11-07 19:50:56.709075

tzew2aq7gb2 >> Start >> 2020-11-07 19:54:50.651418

tzew2aq7gb2 >> Image Returned >> 2020-11-07 19:54:50.655445

tzew2aq7gb2 >> End >> 2020-11-07 19:54:50.781233

d3fguv3huht >> Start >> 2020-11-07 19:59:33.514674

d3fguv3huht >> Image Returned >> 2020-11-07 19:59:33.517921

d3fguv3huht >> End >> 2020-11-07 19:59:33.706295

tmritfboxjx >> Start >> 2020-11-07 20:08:34.675395

tmritfboxjx >> Image Returned >> 2020-11-07 20:08:34.679357

tmritfboxjx >> End >> 2020-11-07 20:08:34.876358

w57mw4kmbr0 >> Start >> 2020-11-07 20:09:27.135004

w57mw4kmbr0 >> Image Returned >> 2020-11-07 20:09:27.138197

w57mw4kmbr0 >> End >> 2020-11-07 20:09:27.319526

77puy4spu27 >> Start >> 2020-11-07 20:12:22.291162

77puy4spu27 >> Image Returned >> 2020-11-07 20:12:22.294384

77puy4spu27 >> End >> 2020-11-07 20:12:22.494400

wqhm3rwnm0g >> Start >> 2020-11-07 20:12:30.671113

wqhm3rwnm0g >> Image Returned >> 2020-11-07 20:12:30.671756

wqhm3rwnm0g >> End >> 2020-11-07 20:12:31.123318

33rf27up87d >> Start >> 2020-11-07 20:12:31.212692

33rf27up87d >> Image Returned >> 2020-11-07 20:12:31.212997

33rf27up87d >> End >> 2020-11-07 20:12:31.592854

emz827oeour >> Start >> 2020-11-07 20:19:46.509238

emz827oeour >> Image Returned >> 2020-11-07 20:19:46.513699

emz827oeour >> End >> 2020-11-07 20:19:46.711323

0ftrm7qajon >> Start >> 2020-11-07 20:19:56.352003

0ftrm7qajon >> Image Returned >> 2020-11-07 20:19:56.352366

0ftrm7qajon >> End >> 2020-11-07 20:19:56.541946

cmrf4qtsw5n >> Start >> 2020-11-07 20:23:41.620790

cmrf4qtsw5n >> Image Returned >> 2020-11-07 20:23:41.624193

cmrf4qtsw5n >> End >> 2020-11-07 20:23:41.817473

743rxso3xdy >> Start >> 2020-11-07 20:28:02.423396

743rxso3xdy >> Image Returned >> 2020-11-07 20:28:02.426737

743rxso3xdy >> End >> 2020-11-07 20:28:02.607563

in35iv2b7oc >> Start >> 2020-11-07 20:30:11.790410

in35iv2b7oc >> Image Returned >> 2020-11-07 20:30:11.794121

in35iv2b7oc >> End >> 2020-11-07 20:30:11.990300

naf3k4u7v7i >> Start >> 2020-11-07 20:32:44.086218

naf3k4u7v7i >> Image Returned >> 2020-11-07 20:32:44.090070

naf3k4u7v7i >> End >> 2020-11-07 20:32:44.278459

4uqmvk47sqe >> Start >> 2020-11-07 20:36:43.989728

4uqmvk47sqe >> Image Returned >> 2020-11-07 20:36:43.994077

4uqmvk47sqe >> End >> 2020-11-07 20:36:44.180340

bjai50hvx6i >> Start >> 2020-11-07 20:41:15.792332

bjai50hvx6i >> Image Returned >> 2020-11-07 20:41:15.795694

bjai50hvx6i >> End >> 2020-11-07 20:41:15.977058

8xncx74sxc0 >> Start >> 2020-11-07 20:42:30.323921

8xncx74sxc0 >> Image Returned >> 2020-11-07 20:42:30.327728

8xncx74sxc0 >> End >> 2020-11-07 20:42:30.531806

jy7xx4hd6vn >> Start >> 2020-11-07 20:49:14.530299

jy7xx4hd6vn >> Image Returned >> 2020-11-07 20:49:14.533653

jy7xx4hd6vn >> End >> 2020-11-07 20:49:14.718434

frqih7hxzuy >> Start >> 2020-11-07 20:49:55.567433

frqih7hxzuy >> Image Returned >> 2020-11-07 20:49:55.571177

frqih7hxzuy >> End >> 2020-11-07 20:49:55.768412

a8hkpksmmcj >> Start >> 2020-11-07 20:51:59.042996

a8hkpksmmcj >> Image Returned >> 2020-11-07 20:51:59.046782

a8hkpksmmcj >> End >> 2020-11-07 20:51:59.227781

24kzimywfvs >> Start >> 2020-11-07 20:52:22.018434

24kzimywfvs >> Image Returned >> 2020-11-07 20:52:22.021645

24kzimywfvs >> End >> 2020-11-07 20:52:22.202694

s0j4wfe6cgb >> Start >> 2020-11-07 20:56:39.563711

s0j4wfe6cgb >> Image Returned >> 2020-11-07 20:56:39.566982

s0j4wfe6cgb >> End >> 2020-11-07 20:56:39.799940

8vd4ipwxkjx >> Start >> 2020-11-07 20:57:39.144282

8vd4ipwxkjx >> Image Returned >> 2020-11-07 20:57:39.147954

8vd4ipwxkjx >> End >> 2020-11-07 20:57:39.329325

knvqfcu707o >> Start >> 2020-11-07 20:57:55.674794

knvqfcu707o >> Image Returned >> 2020-11-07 20:57:55.678812

knvqfcu707o >> End >> 2020-11-07 20:57:55.859731

4aeozpzyd78 >> Start >> 2020-11-07 20:59:24.036303

4aeozpzyd78 >> Image Returned >> 2020-11-07 20:59:24.039659

4aeozpzyd78 >> End >> 2020-11-07 20:59:24.218408

wtyxrkkwzie >> Start >> 2020-11-07 21:07:03.302464

wtyxrkkwzie >> Image Returned >> 2020-11-07 21:07:03.308492

wtyxrkkwzie >> End >> 2020-11-07 21:07:03.494610

dajn0xwxf44 >> Start >> 2020-11-07 21:11:37.893201

dajn0xwxf44 >> Image Returned >> 2020-11-07 21:11:37.897289

dajn0xwxf44 >> End >> 2020-11-07 21:11:38.087693

382t5o5mory >> Start >> 2020-11-07 21:17:44.553848

382t5o5mory >> Image Returned >> 2020-11-07 21:17:44.557905

382t5o5mory >> End >> 2020-11-07 21:17:44.738609

5cn38f7niqo >> Start >> 2020-11-07 21:18:55.209671

5cn38f7niqo >> Image Returned >> 2020-11-07 21:18:55.213918

5cn38f7niqo >> End >> 2020-11-07 21:18:55.397520

05zig7pi2k2 >> Start >> 2020-11-07 21:24:33.351735

05zig7pi2k2 >> Image Returned >> 2020-11-07 21:24:33.355148

05zig7pi2k2 >> End >> 2020-11-07 21:24:33.542506

t8qdsgevyjx >> Start >> 2020-11-07 21:27:42.716239

t8qdsgevyjx >> Image Returned >> 2020-11-07 21:27:42.720138

t8qdsgevyjx >> End >> 2020-11-07 21:27:42.910665

ej5q53nv05g >> Start >> 2020-11-07 21:29:03.519093

ej5q53nv05g >> Image Returned >> 2020-11-07 21:29:03.522453

ej5q53nv05g >> End >> 2020-11-07 21:29:03.709897

tqz5x68axx0 >> Start >> 2020-11-07 21:34:23.080122

tqz5x68axx0 >> Image Returned >> 2020-11-07 21:34:23.084719

tqz5x68axx0 >> End >> 2020-11-07 21:34:23.283051

7a6amffd0dg >> Start >> 2020-11-07 21:42:50.495573

7a6amffd0dg >> Image Returned >> 2020-11-07 21:42:50.499672

7a6amffd0dg >> End >> 2020-11-07 21:42:50.722749

6aaw7pecxrw >> Start >> 2020-11-07 21:43:04.607223

6aaw7pecxrw >> Image Returned >> 2020-11-07 21:43:04.610630

6aaw7pecxrw >> End >> 2020-11-07 21:43:04.822799

mm24iew6m45 >> Start >> 2020-11-07 21:43:04.887294

mm24iew6m45 >> Image Returned >> 2020-11-07 21:43:04.887598

mm24iew6m45 >> End >> 2020-11-07 21:43:05.118205

vtnbdbepiw3 >> Start >> 2020-11-07 21:46:08.543421

vtnbdbepiw3 >> Image Returned >> 2020-11-07 21:46:08.546787

vtnbdbepiw3 >> End >> 2020-11-07 21:46:08.730808

67jewxhscmq >> Start >> 2020-11-07 21:51:23.583764

67jewxhscmq >> Image Returned >> 2020-11-07 21:51:23.588053

67jewxhscmq >> End >> 2020-11-07 21:51:23.781323

gvub33s4sg5 >> Start >> 2020-11-07 21:53:26.449821

gvub33s4sg5 >> Image Returned >> 2020-11-07 21:53:26.453849

gvub33s4sg5 >> End >> 2020-11-07 21:53:26.683818

2eqhhbg8hbr >> Start >> 2020-11-07 21:55:13.217080

2eqhhbg8hbr >> Image Returned >> 2020-11-07 21:55:13.221368

2eqhhbg8hbr >> End >> 2020-11-07 21:55:13.407603

57mh6zg7j2y >> Start >> 2020-11-07 21:58:10.405810

57mh6zg7j2y >> Image Returned >> 2020-11-07 21:58:10.409663

57mh6zg7j2y >> End >> 2020-11-07 21:58:10.605119

5hrdp4iqm4z >> Start >> 2020-11-07 21:59:09.977732

5hrdp4iqm4z >> Image Returned >> 2020-11-07 21:59:09.981285

5hrdp4iqm4z >> End >> 2020-11-07 21:59:10.164225

4f8wzjuyg3e >> Start >> 2020-11-07 21:59:13.552350

4f8wzjuyg3e >> Image Returned >> 2020-11-07 21:59:13.552644

w7j4hzipzgd >> Start >> 2020-11-07 21:59:13.638748

w7j4hzipzgd >> Image Returned >> 2020-11-07 21:59:13.642056

4f8wzjuyg3e >> End >> 2020-11-07 21:59:13.750272

w7j4hzipzgd >> End >> 2020-11-07 21:59:13.831293

pfd0mi76y4v >> Start >> 2020-11-07 22:13:04.754615

pfd0mi76y4v >> Image Returned >> 2020-11-07 22:13:04.758169

pfd0mi76y4v >> End >> 2020-11-07 22:13:04.944679

up6h6yj5wh8 >> Start >> 2020-11-07 22:16:57.421077

up6h6yj5wh8 >> Image Returned >> 2020-11-07 22:16:57.424899

up6h6yj5wh8 >> End >> 2020-11-07 22:16:57.613096

h6im7oodfrx >> Start >> 2020-11-07 22:17:57.333314

h6im7oodfrx >> Image Returned >> 2020-11-07 22:17:57.337091

h6im7oodfrx >> End >> 2020-11-07 22:17:57.517355

t6h4jab5h45 >> Start >> 2020-11-07 22:20:32.416480

t6h4jab5h45 >> Image Returned >> 2020-11-07 22:20:32.420469

t6h4jab5h45 >> End >> 2020-11-07 22:20:32.609227

45n4dgk3inf >> Start >> 2020-11-07 22:22:28.584264

45n4dgk3inf >> Image Returned >> 2020-11-07 22:22:28.588655

45n4dgk3inf >> End >> 2020-11-07 22:22:28.768903

gqmz33ut7wy >> Start >> 2020-11-07 22:27:47.695768

gqmz33ut7wy >> Image Returned >> 2020-11-07 22:27:47.700651

gqmz33ut7wy >> End >> 2020-11-07 22:27:47.885060

8rok43pfugn >> Start >> 2020-11-07 22:28:23.231731

8rok43pfugn >> Image Returned >> 2020-11-07 22:28:23.235306

8rok43pfugn >> End >> 2020-11-07 22:28:23.444900

4yqrkpnfeb5 >> Start >> 2020-11-07 22:28:33.081048

4yqrkpnfeb5 >> Image Returned >> 2020-11-07 22:28:33.081336

4yqrkpnfeb5 >> End >> 2020-11-07 22:28:33.288197

oerdwoxe8xt >> Start >> 2020-11-07 22:28:45.617845

oerdwoxe8xt >> Image Returned >> 2020-11-07 22:28:45.621195

oerdwoxe8xt >> End >> 2020-11-07 22:28:45.832338

scbqa8u8w2k >> Start >> 2020-11-07 22:30:16.965977

scbqa8u8w2k >> Image Returned >> 2020-11-07 22:30:16.969788

scbqa8u8w2k >> End >> 2020-11-07 22:30:17.148699

8p2z08cum8n >> Start >> 2020-11-07 22:31:42.131803

8p2z08cum8n >> Image Returned >> 2020-11-07 22:31:42.136807

8p2z08cum8n >> End >> 2020-11-07 22:31:42.323765

xn23ffouy4e >> Start >> 2020-11-07 22:43:01.155167

xn23ffouy4e >> Image Returned >> 2020-11-07 22:43:01.159145

xn23ffouy4e >> End >> 2020-11-07 22:43:01.341850

jkem3a78t4u >> Start >> 2020-11-07 22:50:24.635922

jkem3a78t4u >> Image Returned >> 2020-11-07 22:50:24.639379

jkem3a78t4u >> End >> 2020-11-07 22:50:24.817745

ftfnn50nckk >> Start >> 2020-11-07 22:51:16.975294

ftfnn50nckk >> Image Returned >> 2020-11-07 22:51:16.978669

ftfnn50nckk >> End >> 2020-11-07 22:51:17.176350

mdv0fqecqzs >> Start >> 2020-11-07 23:00:03.155911

mdv0fqecqzs >> Image Returned >> 2020-11-07 23:00:03.159385

mdv0fqecqzs >> End >> 2020-11-07 23:00:03.350725

otoqi0m3t30 >> Start >> 2020-11-07 23:10:12.641191

otoqi0m3t30 >> Image Returned >> 2020-11-07 23:10:12.644793

otoqi0m3t30 >> End >> 2020-11-07 23:10:12.825418

jkoqixc08kz >> Start >> 2020-11-07 23:17:32.750715

jkoqixc08kz >> Image Returned >> 2020-11-07 23:17:32.754441

jkoqixc08kz >> End >> 2020-11-07 23:17:32.930340

4gqchs8cipr >> Start >> 2020-11-07 23:17:44.786149

4gqchs8cipr >> Image Returned >> 2020-11-07 23:17:44.789552

4gqchs8cipr >> End >> 2020-11-07 23:17:44.997900

0dnrcotk33j >> Start >> 2020-11-07 23:18:23.398957

0dnrcotk33j >> Image Returned >> 2020-11-07 23:18:23.402834

0dnrcotk33j >> End >> 2020-11-07 23:18:23.605093

f503w36mdkh >> Start >> 2020-11-07 23:19:13.053313

f503w36mdkh >> Image Returned >> 2020-11-07 23:19:13.058403

f503w36mdkh >> End >> 2020-11-07 23:19:13.251779

ram28zdx4cg >> Start >> 2020-11-07 23:24:33.087565

ram28zdx4cg >> Image Returned >> 2020-11-07 23:24:33.090889

ram28zdx4cg >> End >> 2020-11-07 23:24:33.316543

8qevqy6v5kg >> Start >> 2020-11-07 23:26:39.658565

8qevqy6v5kg >> Image Returned >> 2020-11-07 23:26:39.662364

8qevqy6v5kg >> End >> 2020-11-07 23:26:39.849670

kb7ryk8ckwc >> Start >> 2020-11-07 23:27:07.980745

kb7ryk8ckwc >> Image Returned >> 2020-11-07 23:27:07.984492

kb7ryk8ckwc >> End >> 2020-11-07 23:27:08.198724

dmx20s4rsqp >> Start >> 2020-11-07 23:41:20.440068

dmx20s4rsqp >> Image Returned >> 2020-11-07 23:41:20.445177

dmx20s4rsqp >> End >> 2020-11-07 23:41:20.627692

